Namespace(ag_file=['/home/wangph1/plant/data/mcl/human-rabbit-k4-n13352-no1+1656218423.ag'], ort_file=['/home/wangph1/plant/data/mcl/fake_ort/human-rabbit-k4-n13352-no1.ort'], ppi1_file=['/home/wangph1/plant/networks/mcl/human_marked.nif'], ppi2_file=['/home/wangph1/plant/networks/mcl/rabbit_marked.nif'])
Loading input data
/home/wangph1/plant/networks/mcl/human_marked.nif
/home/wangph1/plant/networks/mcl/rabbit_marked.nif
/home/wangph1/plant/data/mcl/fake_ort/human-rabbit-k4-n13352-no1.ort
Building the union graph
Building rev maps
Building maps
Processing net 0 - simple nodes
Processing net 1 - simple nodes
Processing composite nodes
Building igraph.Graph
Entering build_union_graph_edges
Building graph1 edges...3% completed @ 2022-06-25 21:53:47.649974
Building graph1 edges...6% completed @ 2022-06-25 22:06:59.890365
Building graph1 edges...9% completed @ 2022-06-25 22:20:14.300410
Building graph1 edges...12% completed @ 2022-06-25 22:33:33.358748
Building graph1 edges...15% completed @ 2022-06-25 22:46:51.817376
Building graph1 edges...18% completed @ 2022-06-25 23:00:10.026705
Building graph1 edges...21% completed @ 2022-06-25 23:13:28.791150
Building graph1 edges...24% completed @ 2022-06-25 23:26:48.793955
Building graph1 edges...27% completed @ 2022-06-25 23:40:06.994552
Building graph1 edges...30% completed @ 2022-06-25 23:53:21.629762
Building graph1 edges...33% completed @ 2022-06-26 00:06:33.917834
Building graph1 edges...36% completed @ 2022-06-26 00:19:52.182212
Building graph1 edges...39% completed @ 2022-06-26 00:33:12.360489
Building graph1 edges...42% completed @ 2022-06-26 00:46:30.766819
Building graph1 edges...45% completed @ 2022-06-26 00:59:49.580927
Building graph1 edges...48% completed @ 2022-06-26 01:13:05.086592
Building graph1 edges...51% completed @ 2022-06-26 01:26:21.947928
Building graph1 edges...54% completed @ 2022-06-26 01:39:42.598518
Building graph1 edges...57% completed @ 2022-06-26 01:53:00.480361
Building graph1 edges...60% completed @ 2022-06-26 02:06:18.973405
Building graph1 edges...63% completed @ 2022-06-26 02:19:37.695371
Building graph1 edges...66% completed @ 2022-06-26 02:32:52.341226
Building graph1 edges...69% completed @ 2022-06-26 02:46:11.374916
Building graph1 edges...72% completed @ 2022-06-26 02:59:29.877347
Building graph1 edges...75% completed @ 2022-06-26 03:12:44.890093
Building graph1 edges...78% completed @ 2022-06-26 03:25:57.095619
Building graph1 edges...81% completed @ 2022-06-26 03:39:16.610924
Building graph1 edges...84% completed @ 2022-06-26 03:52:35.250910
Building graph1 edges...87% completed @ 2022-06-26 04:05:49.112154
Building graph1 edges...90% completed @ 2022-06-26 04:19:01.410052
Building graph1 edges...93% completed @ 2022-06-26 04:32:13.835820
Building graph1 edges...96% completed @ 2022-06-26 04:45:30.888439
Building graph1 edges...99% completed @ 2022-06-26 04:58:49.568616
Merging conserved edges
Pruning the union graph
Building the extended union graph
Extending the union graph...10% completed @ 2022-06-26 05:03:25.953095
Extending the union graph...20% completed @ 2022-06-26 05:03:26.004199
Extending the union graph...30% completed @ 2022-06-26 05:03:26.051082
Extending the union graph...40% completed @ 2022-06-26 05:03:26.117547
Extending the union graph...50% completed @ 2022-06-26 05:03:26.239872
Extending the union graph...60% completed @ 2022-06-26 05:03:26.351544
Extending the union graph...70% completed @ 2022-06-26 05:03:27.082454
Extending the union graph...80% completed @ 2022-06-26 05:03:28.279176
Extending the union graph...90% completed @ 2022-06-26 05:03:29.315569
Edge Jaccard on extended union graph dist 1
Building the extended union graph
Extending the union graph...3% completed @ 2022-06-26 05:03:42.232710
Extending the union graph...6% completed @ 2022-06-26 05:04:00.526651
Extending the union graph...9% completed @ 2022-06-26 05:04:12.348483
Extending the union graph...12% completed @ 2022-06-26 05:04:30.616411
Extending the union graph...15% completed @ 2022-06-26 05:04:41.438954
Extending the union graph...18% completed @ 2022-06-26 05:05:00.370920
Extending the union graph...21% completed @ 2022-06-26 05:05:21.165076
Extending the union graph...24% completed @ 2022-06-26 05:05:45.105174
Extending the union graph...27% completed @ 2022-06-26 05:06:10.532054
Extending the union graph...30% completed @ 2022-06-26 05:06:33.340517
Extending the union graph...33% completed @ 2022-06-26 05:06:52.716906
Extending the union graph...36% completed @ 2022-06-26 05:07:04.126964
Extending the union graph...39% completed @ 2022-06-26 05:07:18.284021
Extending the union graph...42% completed @ 2022-06-26 05:07:45.517440
Extending the union graph...45% completed @ 2022-06-26 05:08:08.620247
Extending the union graph...48% completed @ 2022-06-26 05:08:29.001367
Extending the union graph...51% completed @ 2022-06-26 05:08:38.971768
Extending the union graph...54% completed @ 2022-06-26 05:09:03.453468
Extending the union graph...57% completed @ 2022-06-26 05:09:18.058345
Extending the union graph...60% completed @ 2022-06-26 05:09:33.958124
Extending the union graph...63% completed @ 2022-06-26 05:09:46.653643
Extending the union graph...66% completed @ 2022-06-26 05:10:06.214386
Extending the union graph...69% completed @ 2022-06-26 05:10:18.854578
Extending the union graph...72% completed @ 2022-06-26 05:10:35.844055
Extending the union graph...75% completed @ 2022-06-26 05:10:56.889895
Extending the union graph...78% completed @ 2022-06-26 05:11:07.359069
Extending the union graph...81% completed @ 2022-06-26 05:11:31.694665
Extending the union graph...84% completed @ 2022-06-26 05:11:52.966778
Extending the union graph...87% completed @ 2022-06-26 05:12:20.281263
Extending the union graph...90% completed @ 2022-06-26 05:12:35.158218
Extending the union graph...93% completed @ 2022-06-26 05:12:47.515253
Extending the union graph...96% completed @ 2022-06-26 05:13:11.655533
Extending the union graph...99% completed @ 2022-06-26 05:13:27.963036
Evaluating vertex sums
Extending the union graph...3% completed @ 2022-06-26 05:13:31.683779
Extending the union graph...6% completed @ 2022-06-26 05:13:32.863860
Extending the union graph...9% completed @ 2022-06-26 05:13:34.024394
Extending the union graph...12% completed @ 2022-06-26 05:13:35.192430
Extending the union graph...15% completed @ 2022-06-26 05:13:36.343897
Extending the union graph...18% completed @ 2022-06-26 05:13:37.489482
Extending the union graph...21% completed @ 2022-06-26 05:13:38.631628
Extending the union graph...24% completed @ 2022-06-26 05:13:39.781796
Extending the union graph...27% completed @ 2022-06-26 05:13:40.940390
Extending the union graph...30% completed @ 2022-06-26 05:13:42.104448
Extending the union graph...33% completed @ 2022-06-26 05:13:43.264934
Extending the union graph...36% completed @ 2022-06-26 05:13:44.406919
Extending the union graph...39% completed @ 2022-06-26 05:13:45.582932
Extending the union graph...42% completed @ 2022-06-26 05:13:46.760919
Extending the union graph...45% completed @ 2022-06-26 05:13:47.925338
Extending the union graph...48% completed @ 2022-06-26 05:13:49.084019
Extending the union graph...51% completed @ 2022-06-26 05:13:50.220160
Extending the union graph...54% completed @ 2022-06-26 05:13:51.366296
Extending the union graph...57% completed @ 2022-06-26 05:13:52.505186
Extending the union graph...60% completed @ 2022-06-26 05:13:53.656283
Extending the union graph...63% completed @ 2022-06-26 05:13:54.833038
Extending the union graph...66% completed @ 2022-06-26 05:13:55.980578
Extending the union graph...69% completed @ 2022-06-26 05:13:57.144683
Extending the union graph...72% completed @ 2022-06-26 05:13:58.292959
Extending the union graph...75% completed @ 2022-06-26 05:13:59.436510
Extending the union graph...78% completed @ 2022-06-26 05:14:00.567193
Extending the union graph...81% completed @ 2022-06-26 05:14:01.707422
Extending the union graph...84% completed @ 2022-06-26 05:14:02.878999
Extending the union graph...87% completed @ 2022-06-26 05:14:04.040002
Extending the union graph...90% completed @ 2022-06-26 05:14:05.175667
Extending the union graph...93% completed @ 2022-06-26 05:14:06.321454
Extending the union graph...96% completed @ 2022-06-26 05:14:07.467484
Extending the union graph...99% completed @ 2022-06-26 05:14:08.583036
Calculating Jaccard scores sums
Calculating Jaccard scores sums...3% completed @ 2022-06-26 05:14:08.996910
Calculating Jaccard scores sums...6% completed @ 2022-06-26 05:14:09.117932
Calculating Jaccard scores sums...9% completed @ 2022-06-26 05:14:09.318642
Calculating Jaccard scores sums...12% completed @ 2022-06-26 05:14:09.610679
Calculating Jaccard scores sums...15% completed @ 2022-06-26 05:14:09.983029
Calculating Jaccard scores sums...18% completed @ 2022-06-26 05:14:10.434556
Calculating Jaccard scores sums...21% completed @ 2022-06-26 05:14:10.968194
Calculating Jaccard scores sums...24% completed @ 2022-06-26 05:14:11.588027
Calculating Jaccard scores sums...27% completed @ 2022-06-26 05:14:12.324805
Calculating Jaccard scores sums...30% completed @ 2022-06-26 05:14:13.181944
Calculating Jaccard scores sums...33% completed @ 2022-06-26 05:14:14.108908
Calculating Jaccard scores sums...36% completed @ 2022-06-26 05:14:15.083357
Calculating Jaccard scores sums...39% completed @ 2022-06-26 05:14:16.126089
Calculating Jaccard scores sums...42% completed @ 2022-06-26 05:14:17.264947
Calculating Jaccard scores sums...45% completed @ 2022-06-26 05:14:18.486253
Calculating Jaccard scores sums...48% completed @ 2022-06-26 05:14:19.777277
Calculating Jaccard scores sums...51% completed @ 2022-06-26 05:14:21.155452
Calculating Jaccard scores sums...54% completed @ 2022-06-26 05:14:22.614148
Calculating Jaccard scores sums...57% completed @ 2022-06-26 05:14:24.166075
Calculating Jaccard scores sums...60% completed @ 2022-06-26 05:14:25.806130
Calculating Jaccard scores sums...63% completed @ 2022-06-26 05:14:27.534392
Calculating Jaccard scores sums...66% completed @ 2022-06-26 05:14:29.365298
Calculating Jaccard scores sums...69% completed @ 2022-06-26 05:14:31.289041
Calculating Jaccard scores sums...72% completed @ 2022-06-26 05:14:33.296972
Calculating Jaccard scores sums...75% completed @ 2022-06-26 05:14:35.368272
Calculating Jaccard scores sums...78% completed @ 2022-06-26 05:14:37.508421
Calculating Jaccard scores sums...81% completed @ 2022-06-26 05:14:39.742276
Calculating Jaccard scores sums...84% completed @ 2022-06-26 05:14:42.050144
Calculating Jaccard scores sums...87% completed @ 2022-06-26 05:14:44.474368
Calculating Jaccard scores sums...90% completed @ 2022-06-26 05:14:46.966999
Calculating Jaccard scores sums...93% completed @ 2022-06-26 05:14:49.559750
Calculating Jaccard scores sums...96% completed @ 2022-06-26 05:14:52.232334
Calculating Jaccard scores sums...99% completed @ 2022-06-26 05:14:55.004077
Injecting direct edges contribution
Obtaining max scores per vertex
Obtaining max scores per vertex...3% completed @ 2022-06-26 05:15:02.170974
Obtaining max scores per vertex...6% completed @ 2022-06-26 05:15:03.969739
Obtaining max scores per vertex...9% completed @ 2022-06-26 05:15:05.766765
Obtaining max scores per vertex...12% completed @ 2022-06-26 05:15:07.557197
Obtaining max scores per vertex...15% completed @ 2022-06-26 05:15:09.355384
Obtaining max scores per vertex...18% completed @ 2022-06-26 05:15:11.160344
Obtaining max scores per vertex...21% completed @ 2022-06-26 05:15:12.992238
Obtaining max scores per vertex...24% completed @ 2022-06-26 05:15:14.785004
Obtaining max scores per vertex...27% completed @ 2022-06-26 05:15:16.594200
Obtaining max scores per vertex...30% completed @ 2022-06-26 05:15:18.397104
Obtaining max scores per vertex...33% completed @ 2022-06-26 05:15:20.187026
Obtaining max scores per vertex...36% completed @ 2022-06-26 05:15:21.972975
Obtaining max scores per vertex...39% completed @ 2022-06-26 05:15:23.771039
Obtaining max scores per vertex...42% completed @ 2022-06-26 05:15:25.570206
Obtaining max scores per vertex...45% completed @ 2022-06-26 05:15:27.362214
Obtaining max scores per vertex...48% completed @ 2022-06-26 05:15:29.149227
Obtaining max scores per vertex...51% completed @ 2022-06-26 05:15:30.943850
Obtaining max scores per vertex...54% completed @ 2022-06-26 05:15:32.732580
Obtaining max scores per vertex...57% completed @ 2022-06-26 05:15:34.515749
Obtaining max scores per vertex...60% completed @ 2022-06-26 05:15:36.283437
Obtaining max scores per vertex...63% completed @ 2022-06-26 05:15:38.031208
Obtaining max scores per vertex...66% completed @ 2022-06-26 05:15:39.800077
Obtaining max scores per vertex...69% completed @ 2022-06-26 05:15:41.556232
Obtaining max scores per vertex...72% completed @ 2022-06-26 05:15:43.309908
Obtaining max scores per vertex...75% completed @ 2022-06-26 05:15:45.068309
Obtaining max scores per vertex...78% completed @ 2022-06-26 05:15:46.804285
Obtaining max scores per vertex...81% completed @ 2022-06-26 05:15:48.542013
Obtaining max scores per vertex...84% completed @ 2022-06-26 05:15:50.262155
Obtaining max scores per vertex...87% completed @ 2022-06-26 05:15:52.007286
Obtaining max scores per vertex...90% completed @ 2022-06-26 05:15:53.733486
Obtaining max scores per vertex...93% completed @ 2022-06-26 05:15:55.461477
Obtaining max scores per vertex...96% completed @ 2022-06-26 05:15:57.187917
Obtaining max scores per vertex...99% completed @ 2022-06-26 05:15:58.898642
Removing low scoring edges
Removing low scoring edges...3% completed @ 2022-06-26 05:15:59.506381
Removing low scoring edges...6% completed @ 2022-06-26 05:15:59.622799
Removing low scoring edges...9% completed @ 2022-06-26 05:15:59.816497
Removing low scoring edges...12% completed @ 2022-06-26 05:16:00.092963
Removing low scoring edges...15% completed @ 2022-06-26 05:16:00.437295
Removing low scoring edges...18% completed @ 2022-06-26 05:16:00.859873
Removing low scoring edges...21% completed @ 2022-06-26 05:16:01.364633
Removing low scoring edges...24% completed @ 2022-06-26 05:16:01.945330
Removing low scoring edges...27% completed @ 2022-06-26 05:16:02.609591
Removing low scoring edges...30% completed @ 2022-06-26 05:16:03.371859
Removing low scoring edges...33% completed @ 2022-06-26 05:16:04.194102
Removing low scoring edges...36% completed @ 2022-06-26 05:16:05.077129
Removing low scoring edges...39% completed @ 2022-06-26 05:16:06.056256
Removing low scoring edges...42% completed @ 2022-06-26 05:16:07.123850
Removing low scoring edges...45% completed @ 2022-06-26 05:16:08.258154
Removing low scoring edges...48% completed @ 2022-06-26 05:16:09.479016
Removing low scoring edges...51% completed @ 2022-06-26 05:16:10.763622
Removing low scoring edges...54% completed @ 2022-06-26 05:16:12.132524
Removing low scoring edges...57% completed @ 2022-06-26 05:16:13.583691
Removing low scoring edges...60% completed @ 2022-06-26 05:16:15.123200
Removing low scoring edges...63% completed @ 2022-06-26 05:16:16.766199
Removing low scoring edges...66% completed @ 2022-06-26 05:16:18.466475
Removing low scoring edges...69% completed @ 2022-06-26 05:16:20.288529
Removing low scoring edges...72% completed @ 2022-06-26 05:16:22.126258
Removing low scoring edges...75% completed @ 2022-06-26 05:16:24.043665
Removing low scoring edges...78% completed @ 2022-06-26 05:16:26.033055
Removing low scoring edges...81% completed @ 2022-06-26 05:16:28.120115
Removing low scoring edges...84% completed @ 2022-06-26 05:16:30.281550
Removing low scoring edges...87% completed @ 2022-06-26 05:16:32.597179
Removing low scoring edges...90% completed @ 2022-06-26 05:16:34.992962
Removing low scoring edges...93% completed @ 2022-06-26 05:16:37.407938
Removing low scoring edges...96% completed @ 2022-06-26 05:16:39.903599
Removing low scoring edges...99% completed @ 2022-06-26 05:16:42.440133
Finalizing extended graph
681982
..................................[mcl] new tab created
[mcl] pid 480183
 ite -------------------  chaos  time hom(avg,lo,hi) expa expb expc fmv
  1  ................... 233.97  3.50 0.96/0.01/12.57 26.91 8.03 8.03  79
  2  ................... 280.69 31.54 0.61/0.04/1.67 9.62 0.38 3.08  99
  3  ...................  68.29  6.12 0.85/0.13/3.43 13.71 0.04 0.13  89
  4  ...................  15.02  0.06 0.92/0.14/10.12 2.78 0.32 0.04   7
  5  ...................   4.41  0.01 0.96/0.22/5.83 1.07 0.70 0.03   0
  6  ...................   1.87  0.01 0.97/0.19/2.10 1.01 0.86 0.03   0
  7  ...................   1.90  0.01 0.95/0.37/1.16 1.00 0.93 0.02   0
  8  ...................   2.24  0.01 0.94/0.37/1.16 1.00 0.97 0.02   0
  9  ...................   2.16  0.01 0.95/0.37/1.00 1.00 0.92 0.02   0
 10  ...................   1.94  0.01 0.95/0.36/1.00 1.00 0.83 0.02   0
 11  ...................   2.10  0.01 0.95/0.48/1.00 1.00 0.89 0.02   0
 12  ...................   1.99  0.01 0.96/0.39/1.00 1.00 0.87 0.01   0
 13  ...................   1.36  0.00 0.97/0.53/1.00 1.00 0.86 0.01   0
 14  ...................   1.32  0.00 0.99/0.59/1.00 1.00 0.88 0.01   0
 15  ...................   0.88  0.00 0.99/0.69/1.00 1.00 0.90 0.01   0
 16  ...................   0.58  0.00 1.00/0.70/1.00 1.00 0.94 0.01   0
 17  ...................   0.23  0.00 1.00/0.77/1.00 1.00 0.98 0.01   0
 18  ...................   0.18  0.00 1.00/0.88/1.00 1.00 0.99 0.01   0
 19  ...................   0.24  0.00 1.00/0.76/1.00 1.00 0.99 0.01   0
 20  ...................   0.04  0.00 1.00/0.96/1.00 1.00 1.00 0.01   0
 21  ...................   0.00  0.00 1.00/1.00/1.00 1.00 1.00 0.01   0
[mcl] jury pruning marks: <54,90,99>, out of 100
[mcl] jury pruning synopsis: <68.6 or fair> (cf -scheme, -do log)
[mcl] output is in /home/wangph1/plant/data/mcl/human-rabbit-k4-n13352-no1+1656218423.txt
[mcl] 1849 clusters found
[mcl] output is in /home/wangph1/plant/data/mcl/human-rabbit-k4-n13352-no1+1656218423.txt

Please cite:
    Stijn van Dongen, Graph Clustering by Flow Simulation.  PhD thesis,
    University of Utrecht, May 2000.
       (  http://www.library.uu.nl/digiarchief/dip/diss/1895620/full.pdf
       or  http://micans.org/mcl/lit/svdthesis.pdf.gz)
OR
    Stijn van Dongen, A cluster algorithm for graphs. Technical
    Report INS-R0010, National Research Institute for Mathematics
    and Computer Science in the Netherlands, Amsterdam, May 2000.
       (  http://www.cwi.nl/ftp/CWIreports/INS/INS-R0010.ps.Z
       or  http://micans.org/mcl/lit/INS-R0010.ps.Z)

/home/wangph1/plant/scripts
using old nif file for human
using old nif file for rabbit
using old odv file for human
using old odv file for rabbit
using old odv ort file for human-rabbit
/home/wangph1/plant/data/mcl/human-rabbit-k4-n13352-no1+1656218423.txt
/home/wangph1/plant/networks/mcl/human_marked.nif
/home/wangph1/plant/networks/mcl/rabbit_marked.nif
/home/wangph1/plant/data/mcl/fake_ort/human-rabbit-k4-n13352-no1.ort
/home/wangph1/plant/data/mcl/human-rabbit-k4-n13352-no1.txt
Traceback (most recent call last):
  File "/home/wangph1/plant/scripts/mcl_helpers.py", line 139, in <module>
    full_local_run_mcl(gtag1, gtag2, notes=notes)
  File "/home/wangph1/plant/scripts/mcl_helpers.py", line 124, in full_local_run_mcl
    process_mcl(gtag1, gtag2, notes=notes)
  File "/home/wangph1/plant/scripts/mcl_helpers.py", line 112, in process_mcl
    num_ort, num_pairs = evaluate_alignment(gtag1, gtag2, notes=notes)
  File "/home/wangph1/plant/scripts/mcl_helpers.py", line 95, in evaluate_alignment
    m2m_pairs = read_in_slashes_m2m(out_path)
  File "/home/wangph1/plant/scripts/file_helpers.py", line 47, in read_in_slashes_m2m
    with open(m2m_path, 'r') as f:
FileNotFoundError: [Errno 2] No such file or directory: '/home/wangph1/plant/data/mcl/human-rabbit-k4-n13352-no1.txt'
JOBSFINISHED
