Namespace(ag_file=['/home/wangph1/plant/data/mcl/dog-pig-k4-n14512-no1+1656218423.ag'], ort_file=['/home/wangph1/plant/data/mcl/fake_ort/dog-pig-k4-n14512-no1.ort'], ppi1_file=['/home/wangph1/plant/networks/mcl/dog_marked.nif'], ppi2_file=['/home/wangph1/plant/networks/mcl/pig_marked.nif'])
Loading input data
/home/wangph1/plant/networks/mcl/dog_marked.nif
/home/wangph1/plant/networks/mcl/pig_marked.nif
/home/wangph1/plant/data/mcl/fake_ort/dog-pig-k4-n14512-no1.ort
Building the union graph
Building rev maps
Building maps
Processing net 0 - simple nodes
Processing net 1 - simple nodes
Processing composite nodes
Building igraph.Graph
Entering build_union_graph_edges
Building graph1 edges...3% completed @ 2022-06-25 21:50:23.963351
Building graph1 edges...6% completed @ 2022-06-25 22:00:07.367673
Building graph1 edges...9% completed @ 2022-06-25 22:09:44.602149
Building graph1 edges...12% completed @ 2022-06-25 22:19:22.439833
Building graph1 edges...15% completed @ 2022-06-25 22:29:00.052949
Building graph1 edges...18% completed @ 2022-06-25 22:38:38.913762
Building graph1 edges...21% completed @ 2022-06-25 22:48:16.831939
Building graph1 edges...24% completed @ 2022-06-25 22:57:54.761681
Building graph1 edges...27% completed @ 2022-06-25 23:07:32.544851
Building graph1 edges...30% completed @ 2022-06-25 23:17:10.121455
Building graph1 edges...33% completed @ 2022-06-25 23:26:47.846889
Building graph1 edges...36% completed @ 2022-06-25 23:36:25.866194
Building graph1 edges...39% completed @ 2022-06-25 23:46:04.885988
Building graph1 edges...42% completed @ 2022-06-25 23:55:43.494293
Building graph1 edges...45% completed @ 2022-06-26 00:05:21.387285
Building graph1 edges...48% completed @ 2022-06-26 00:14:59.287670
Building graph1 edges...51% completed @ 2022-06-26 00:24:37.244839
Building graph1 edges...54% completed @ 2022-06-26 00:34:15.027014
Building graph1 edges...57% completed @ 2022-06-26 00:43:53.940586
Building graph1 edges...60% completed @ 2022-06-26 00:53:32.968900
Building graph1 edges...63% completed @ 2022-06-26 01:03:10.939704
Building graph1 edges...66% completed @ 2022-06-26 01:12:48.687281
Building graph1 edges...69% completed @ 2022-06-26 01:22:26.687164
Building graph1 edges...72% completed @ 2022-06-26 01:32:04.467940
Building graph1 edges...75% completed @ 2022-06-26 01:41:42.374352
Building graph1 edges...78% completed @ 2022-06-26 01:51:22.187414
Building graph1 edges...81% completed @ 2022-06-26 02:01:00.047321
Building graph1 edges...84% completed @ 2022-06-26 02:10:37.875167
Building graph1 edges...87% completed @ 2022-06-26 02:20:15.832840
Building graph1 edges...90% completed @ 2022-06-26 02:29:53.696080
Building graph1 edges...93% completed @ 2022-06-26 02:39:31.809831
Building graph1 edges...96% completed @ 2022-06-26 02:49:09.690374
Building graph1 edges...99% completed @ 2022-06-26 02:58:48.961741
Merging conserved edges
Pruning the union graph
Building the extended union graph
Extending the union graph...10% completed @ 2022-06-26 03:02:13.058078
Extending the union graph...20% completed @ 2022-06-26 03:02:13.110129
Extending the union graph...30% completed @ 2022-06-26 03:02:13.181515
Extending the union graph...40% completed @ 2022-06-26 03:02:13.278313
Extending the union graph...50% completed @ 2022-06-26 03:02:13.369052
Extending the union graph...60% completed @ 2022-06-26 03:02:14.269902
Extending the union graph...70% completed @ 2022-06-26 03:02:15.380615
Extending the union graph...80% completed @ 2022-06-26 03:02:16.369432
Extending the union graph...90% completed @ 2022-06-26 03:02:17.288797
Edge Jaccard on extended union graph dist 1
Building the extended union graph
Extending the union graph...3% completed @ 2022-06-26 03:02:45.597346
Extending the union graph...6% completed @ 2022-06-26 03:03:05.030830
Extending the union graph...9% completed @ 2022-06-26 03:03:19.662854
Extending the union graph...12% completed @ 2022-06-26 03:04:05.590800
Extending the union graph...15% completed @ 2022-06-26 03:04:24.907408
Extending the union graph...18% completed @ 2022-06-26 03:04:58.731198
Extending the union graph...21% completed @ 2022-06-26 03:05:25.697559
Extending the union graph...24% completed @ 2022-06-26 03:05:52.078663
Extending the union graph...27% completed @ 2022-06-26 03:06:18.253144
Extending the union graph...30% completed @ 2022-06-26 03:06:44.013398
Extending the union graph...33% completed @ 2022-06-26 03:07:10.230058
Extending the union graph...36% completed @ 2022-06-26 03:07:35.513197
Extending the union graph...39% completed @ 2022-06-26 03:08:16.413096
Extending the union graph...42% completed @ 2022-06-26 03:08:32.426535
Extending the union graph...45% completed @ 2022-06-26 03:09:02.650949
Extending the union graph...48% completed @ 2022-06-26 03:09:34.664905
Extending the union graph...51% completed @ 2022-06-26 03:10:01.486575
Extending the union graph...54% completed @ 2022-06-26 03:10:25.850297
Extending the union graph...57% completed @ 2022-06-26 03:10:53.660037
Extending the union graph...60% completed @ 2022-06-26 03:11:15.957656
Extending the union graph...63% completed @ 2022-06-26 03:11:35.181888
Extending the union graph...66% completed @ 2022-06-26 03:11:50.365384
Extending the union graph...69% completed @ 2022-06-26 03:12:14.341766
Extending the union graph...72% completed @ 2022-06-26 03:12:33.154513
Extending the union graph...75% completed @ 2022-06-26 03:12:57.558642
Extending the union graph...78% completed @ 2022-06-26 03:13:24.235148
Extending the union graph...81% completed @ 2022-06-26 03:13:50.037758
Extending the union graph...84% completed @ 2022-06-26 03:14:05.590260
Extending the union graph...87% completed @ 2022-06-26 03:14:15.211189
Extending the union graph...90% completed @ 2022-06-26 03:14:38.490312
Extending the union graph...93% completed @ 2022-06-26 03:14:54.895671
Extending the union graph...96% completed @ 2022-06-26 03:15:11.752772
Extending the union graph...99% completed @ 2022-06-26 03:15:47.901740
Evaluating vertex sums
Extending the union graph...3% completed @ 2022-06-26 03:16:02.092639
Extending the union graph...6% completed @ 2022-06-26 03:16:03.572245
Extending the union graph...9% completed @ 2022-06-26 03:16:05.051830
Extending the union graph...12% completed @ 2022-06-26 03:16:06.532930
Extending the union graph...15% completed @ 2022-06-26 03:16:08.020804
Extending the union graph...18% completed @ 2022-06-26 03:16:09.518359
Extending the union graph...21% completed @ 2022-06-26 03:16:11.022549
Extending the union graph...24% completed @ 2022-06-26 03:16:12.489650
Extending the union graph...27% completed @ 2022-06-26 03:16:13.966000
Extending the union graph...30% completed @ 2022-06-26 03:16:15.448528
Extending the union graph...33% completed @ 2022-06-26 03:16:16.941240
Extending the union graph...36% completed @ 2022-06-26 03:16:18.440021
Extending the union graph...39% completed @ 2022-06-26 03:16:19.928086
Extending the union graph...42% completed @ 2022-06-26 03:16:21.424875
Extending the union graph...45% completed @ 2022-06-26 03:16:22.929736
Extending the union graph...48% completed @ 2022-06-26 03:16:24.447161
Extending the union graph...51% completed @ 2022-06-26 03:16:25.965127
Extending the union graph...54% completed @ 2022-06-26 03:16:27.477615
Extending the union graph...57% completed @ 2022-06-26 03:16:28.990752
Extending the union graph...60% completed @ 2022-06-26 03:16:30.508946
Extending the union graph...63% completed @ 2022-06-26 03:16:32.016897
Extending the union graph...66% completed @ 2022-06-26 03:16:33.512949
Extending the union graph...69% completed @ 2022-06-26 03:16:35.033603
Extending the union graph...72% completed @ 2022-06-26 03:16:36.565702
Extending the union graph...75% completed @ 2022-06-26 03:16:38.085761
Extending the union graph...78% completed @ 2022-06-26 03:16:39.615212
Extending the union graph...81% completed @ 2022-06-26 03:16:41.142970
Extending the union graph...84% completed @ 2022-06-26 03:16:42.643849
Extending the union graph...87% completed @ 2022-06-26 03:16:44.136388
Extending the union graph...90% completed @ 2022-06-26 03:16:45.633391
Extending the union graph...93% completed @ 2022-06-26 03:16:47.120756
Extending the union graph...96% completed @ 2022-06-26 03:16:48.614498
Extending the union graph...99% completed @ 2022-06-26 03:16:50.094005
Calculating Jaccard scores sums
Calculating Jaccard scores sums...3% completed @ 2022-06-26 03:16:50.641674
Calculating Jaccard scores sums...6% completed @ 2022-06-26 03:16:50.788837
Calculating Jaccard scores sums...9% completed @ 2022-06-26 03:16:51.036565
Calculating Jaccard scores sums...12% completed @ 2022-06-26 03:16:51.386805
Calculating Jaccard scores sums...15% completed @ 2022-06-26 03:16:51.856866
Calculating Jaccard scores sums...18% completed @ 2022-06-26 03:16:52.430999
Calculating Jaccard scores sums...21% completed @ 2022-06-26 03:16:53.108804
Calculating Jaccard scores sums...24% completed @ 2022-06-26 03:16:53.903526
Calculating Jaccard scores sums...27% completed @ 2022-06-26 03:16:54.777698
Calculating Jaccard scores sums...30% completed @ 2022-06-26 03:16:55.763961
Calculating Jaccard scores sums...33% completed @ 2022-06-26 03:16:56.848487
Calculating Jaccard scores sums...36% completed @ 2022-06-26 03:16:58.039166
Calculating Jaccard scores sums...39% completed @ 2022-06-26 03:16:59.347573
Calculating Jaccard scores sums...42% completed @ 2022-06-26 03:17:00.738334
Calculating Jaccard scores sums...45% completed @ 2022-06-26 03:17:02.235603
Calculating Jaccard scores sums...48% completed @ 2022-06-26 03:17:03.836270
Calculating Jaccard scores sums...51% completed @ 2022-06-26 03:17:05.557510
Calculating Jaccard scores sums...54% completed @ 2022-06-26 03:17:07.385511
Calculating Jaccard scores sums...57% completed @ 2022-06-26 03:17:09.358219
Calculating Jaccard scores sums...60% completed @ 2022-06-26 03:17:11.449072
Calculating Jaccard scores sums...63% completed @ 2022-06-26 03:17:13.600113
Calculating Jaccard scores sums...66% completed @ 2022-06-26 03:17:15.831997
Calculating Jaccard scores sums...69% completed @ 2022-06-26 03:17:18.187237
Calculating Jaccard scores sums...72% completed @ 2022-06-26 03:17:20.643801
Calculating Jaccard scores sums...75% completed @ 2022-06-26 03:17:23.226160
Calculating Jaccard scores sums...78% completed @ 2022-06-26 03:17:25.928048
Calculating Jaccard scores sums...81% completed @ 2022-06-26 03:17:28.703040
Calculating Jaccard scores sums...84% completed @ 2022-06-26 03:17:31.576302
Calculating Jaccard scores sums...87% completed @ 2022-06-26 03:17:34.538307
Calculating Jaccard scores sums...90% completed @ 2022-06-26 03:17:37.631118
Calculating Jaccard scores sums...93% completed @ 2022-06-26 03:17:40.853402
Calculating Jaccard scores sums...96% completed @ 2022-06-26 03:17:44.131147
Calculating Jaccard scores sums...99% completed @ 2022-06-26 03:17:47.497711
Injecting direct edges contribution
Obtaining max scores per vertex
Obtaining max scores per vertex...3% completed @ 2022-06-26 03:17:57.683823
Obtaining max scores per vertex...6% completed @ 2022-06-26 03:17:59.831432
Obtaining max scores per vertex...9% completed @ 2022-06-26 03:18:01.982956
Obtaining max scores per vertex...12% completed @ 2022-06-26 03:18:04.132929
Obtaining max scores per vertex...15% completed @ 2022-06-26 03:18:06.284854
Obtaining max scores per vertex...18% completed @ 2022-06-26 03:18:08.483390
Obtaining max scores per vertex...21% completed @ 2022-06-26 03:18:10.667346
Obtaining max scores per vertex...24% completed @ 2022-06-26 03:18:12.811214
Obtaining max scores per vertex...27% completed @ 2022-06-26 03:18:14.974158
Obtaining max scores per vertex...30% completed @ 2022-06-26 03:18:17.140997
Obtaining max scores per vertex...33% completed @ 2022-06-26 03:18:19.298844
Obtaining max scores per vertex...36% completed @ 2022-06-26 03:18:21.476439
Obtaining max scores per vertex...39% completed @ 2022-06-26 03:18:23.681738
Obtaining max scores per vertex...42% completed @ 2022-06-26 03:18:25.880548
Obtaining max scores per vertex...45% completed @ 2022-06-26 03:18:28.061683
Obtaining max scores per vertex...48% completed @ 2022-06-26 03:18:30.218950
Obtaining max scores per vertex...51% completed @ 2022-06-26 03:18:32.382380
Obtaining max scores per vertex...54% completed @ 2022-06-26 03:18:34.539447
Obtaining max scores per vertex...57% completed @ 2022-06-26 03:18:36.710130
Obtaining max scores per vertex...60% completed @ 2022-06-26 03:18:38.925551
Obtaining max scores per vertex...63% completed @ 2022-06-26 03:18:41.120677
Obtaining max scores per vertex...66% completed @ 2022-06-26 03:18:43.272805
Obtaining max scores per vertex...69% completed @ 2022-06-26 03:18:45.452898
Obtaining max scores per vertex...72% completed @ 2022-06-26 03:18:47.607139
Obtaining max scores per vertex...75% completed @ 2022-06-26 03:18:49.729225
Obtaining max scores per vertex...78% completed @ 2022-06-26 03:18:51.863696
Obtaining max scores per vertex...81% completed @ 2022-06-26 03:18:54.016402
Obtaining max scores per vertex...84% completed @ 2022-06-26 03:18:56.162482
Obtaining max scores per vertex...87% completed @ 2022-06-26 03:18:58.289657
Obtaining max scores per vertex...90% completed @ 2022-06-26 03:19:00.407226
Obtaining max scores per vertex...93% completed @ 2022-06-26 03:19:02.502347
Obtaining max scores per vertex...96% completed @ 2022-06-26 03:19:04.588762
Obtaining max scores per vertex...99% completed @ 2022-06-26 03:19:06.667455
Removing low scoring edges
Removing low scoring edges...3% completed @ 2022-06-26 03:19:07.420036
Removing low scoring edges...6% completed @ 2022-06-26 03:19:07.565352
Removing low scoring edges...9% completed @ 2022-06-26 03:19:07.818330
Removing low scoring edges...12% completed @ 2022-06-26 03:19:08.174220
Removing low scoring edges...15% completed @ 2022-06-26 03:19:08.640607
Removing low scoring edges...18% completed @ 2022-06-26 03:19:09.192412
Removing low scoring edges...21% completed @ 2022-06-26 03:19:09.848460
Removing low scoring edges...24% completed @ 2022-06-26 03:19:10.608344
Removing low scoring edges...27% completed @ 2022-06-26 03:19:11.462606
Removing low scoring edges...30% completed @ 2022-06-26 03:19:12.425841
Removing low scoring edges...33% completed @ 2022-06-26 03:19:13.499080
Removing low scoring edges...36% completed @ 2022-06-26 03:19:14.669493
Removing low scoring edges...39% completed @ 2022-06-26 03:19:15.933866
Removing low scoring edges...42% completed @ 2022-06-26 03:19:17.324826
Removing low scoring edges...45% completed @ 2022-06-26 03:19:18.793743
Removing low scoring edges...48% completed @ 2022-06-26 03:19:20.382202
Removing low scoring edges...51% completed @ 2022-06-26 03:19:22.065492
Removing low scoring edges...54% completed @ 2022-06-26 03:19:23.903814
Removing low scoring edges...57% completed @ 2022-06-26 03:19:25.812770
Removing low scoring edges...60% completed @ 2022-06-26 03:19:27.829646
Removing low scoring edges...63% completed @ 2022-06-26 03:19:29.914535
Removing low scoring edges...66% completed @ 2022-06-26 03:19:32.092262
Removing low scoring edges...69% completed @ 2022-06-26 03:19:34.408552
Removing low scoring edges...72% completed @ 2022-06-26 03:19:36.827463
Removing low scoring edges...75% completed @ 2022-06-26 03:19:39.380357
Removing low scoring edges...78% completed @ 2022-06-26 03:19:42.040315
Removing low scoring edges...81% completed @ 2022-06-26 03:19:44.762295
Removing low scoring edges...84% completed @ 2022-06-26 03:19:47.576063
Removing low scoring edges...87% completed @ 2022-06-26 03:19:50.490689
Removing low scoring edges...90% completed @ 2022-06-26 03:19:53.550530
Removing low scoring edges...93% completed @ 2022-06-26 03:19:56.697701
Removing low scoring edges...96% completed @ 2022-06-26 03:19:59.941953
Removing low scoring edges...99% completed @ 2022-06-26 03:20:03.270131
Finalizing extended graph
906613
.............................................[mcl] new tab created
[mcl] pid 474918
 ite -------------------  chaos  time hom(avg,lo,hi) expa expb expc fmv
  1  ................... 206.93  4.70 0.67/0.00/12.40 30.31 7.82 7.82  82
  2  ................... 327.17 42.91 0.60/0.00/1.56 12.41 0.32 2.53  99
  3  ................... 104.60  6.43 0.84/0.04/2.54 18.39 0.05 0.13  89
  4  ...................  31.19  0.08 0.94/0.17/7.23 3.36 0.30 0.04   6
  5  ...................   5.89  0.02 0.97/0.29/3.11 1.21 0.55 0.02   0
  6  ...................   1.74  0.01 0.98/0.17/1.63 1.04 0.82 0.02   0
  7  ...................   2.29  0.01 0.96/0.30/1.57 1.00 0.94 0.02   0
  8  ...................   2.16  0.01 0.95/0.36/1.11 1.00 0.96 0.02   0
  9  ...................   2.29  0.01 0.96/0.33/1.06 1.00 0.92 0.01   0
 10  ...................   2.17  0.01 0.97/0.44/1.01 1.00 0.85 0.01   0
 11  ...................   2.15  0.01 0.98/0.39/1.00 1.00 0.86 0.01   0
 12  ...................   0.94  0.00 0.99/0.56/1.00 1.00 0.88 0.01   0
 13  ...................   0.63  0.00 0.99/0.65/1.00 1.00 0.92 0.01   0
 14  ...................   0.38  0.00 1.00/0.74/1.00 1.00 0.94 0.01   0
 15  ...................   0.25  0.00 1.00/0.76/1.00 1.00 0.98 0.01   0
 16  ...................   0.25  0.00 1.00/0.76/1.00 1.00 0.99 0.01   0
 17  ...................   0.22  0.00 1.00/0.78/1.00 1.00 1.00 0.01   0
 18  ...................   0.24  0.00 1.00/0.92/1.00 1.00 1.00 0.01   0
 19  ...................   0.60  0.00 1.00/0.62/1.00 1.00 1.00 0.01   0
 20  ...................   0.56  0.00 1.00/0.70/1.00 1.00 1.00 0.01   0
 21  ...................   0.01  0.00 1.00/1.00/1.00 1.00 1.00 0.01   0
 22  ...................   0.00  0.00 1.00/1.00/1.00 1.00 1.00 0.01   0
[mcl] jury pruning marks: <50,90,99>, out of 100
[mcl] jury pruning synopsis: <66.1 or fair> (cf -scheme, -do log)
[mcl] output is in /home/wangph1/plant/data/mcl/dog-pig-k4-n14512-no1+1656218423.txt
[mcl] 2990 clusters found
[mcl] output is in /home/wangph1/plant/data/mcl/dog-pig-k4-n14512-no1+1656218423.txt

Please cite:
    Stijn van Dongen, Graph Clustering by Flow Simulation.  PhD thesis,
    University of Utrecht, May 2000.
       (  http://www.library.uu.nl/digiarchief/dip/diss/1895620/full.pdf
       or  http://micans.org/mcl/lit/svdthesis.pdf.gz)
OR
    Stijn van Dongen, A cluster algorithm for graphs. Technical
    Report INS-R0010, National Research Institute for Mathematics
    and Computer Science in the Netherlands, Amsterdam, May 2000.
       (  http://www.cwi.nl/ftp/CWIreports/INS/INS-R0010.ps.Z
       or  http://micans.org/mcl/lit/INS-R0010.ps.Z)

/home/wangph1/plant/scripts
using old nif file for dog
using old nif file for pig
using old odv file for dog
using old odv file for pig
using old odv ort file for dog-pig
/home/wangph1/plant/data/mcl/dog-pig-k4-n14512-no1+1656218423.txt
/home/wangph1/plant/networks/mcl/dog_marked.nif
/home/wangph1/plant/networks/mcl/pig_marked.nif
/home/wangph1/plant/data/mcl/fake_ort/dog-pig-k4-n14512-no1.ort
/home/wangph1/plant/data/mcl/dog-pig-k4-n14512-no1.txt
Traceback (most recent call last):
  File "/home/wangph1/plant/scripts/mcl_helpers.py", line 139, in <module>
    full_local_run_mcl(gtag1, gtag2, notes=notes)
  File "/home/wangph1/plant/scripts/mcl_helpers.py", line 124, in full_local_run_mcl
    process_mcl(gtag1, gtag2, notes=notes)
  File "/home/wangph1/plant/scripts/mcl_helpers.py", line 112, in process_mcl
    num_ort, num_pairs = evaluate_alignment(gtag1, gtag2, notes=notes)
  File "/home/wangph1/plant/scripts/mcl_helpers.py", line 95, in evaluate_alignment
    m2m_pairs = read_in_slashes_m2m(out_path)
  File "/home/wangph1/plant/scripts/file_helpers.py", line 47, in read_in_slashes_m2m
    with open(m2m_path, 'r') as f:
FileNotFoundError: [Errno 2] No such file or directory: '/home/wangph1/plant/data/mcl/dog-pig-k4-n14512-no1.txt'
JOBSFINISHED
