Namespace(ag_file=['/home/wangph1/plant/data/mcl/wiki_s0-wiki_s1-k4-n20000-no1+1656218419.ag'], ort_file=['/home/wangph1/plant/data/mcl/fake_ort/wiki_s0-wiki_s1-k4-n20000-no1.ort'], ppi1_file=['/home/wangph1/plant/networks/mcl/wiki_s0_marked.nif'], ppi2_file=['/home/wangph1/plant/networks/mcl/wiki_s1_marked.nif'])
Loading input data
/home/wangph1/plant/networks/mcl/wiki_s0_marked.nif
/home/wangph1/plant/networks/mcl/wiki_s1_marked.nif
/home/wangph1/plant/data/mcl/fake_ort/wiki_s0-wiki_s1-k4-n20000-no1.ort
Building the union graph
Building rev maps
Building maps
Processing net 0 - simple nodes
Processing net 1 - simple nodes
Processing composite nodes
Building igraph.Graph
Entering build_union_graph_edges
Building graph1 edges...3% completed @ 2022-06-25 21:40:57.147873
Building graph1 edges...6% completed @ 2022-06-25 21:41:26.959340
Building graph1 edges...9% completed @ 2022-06-25 21:41:56.739369
Building graph1 edges...12% completed @ 2022-06-25 21:42:26.567223
Building graph1 edges...15% completed @ 2022-06-25 21:42:56.428778
Building graph1 edges...18% completed @ 2022-06-25 21:43:26.297906
Building graph1 edges...21% completed @ 2022-06-25 21:43:56.099515
Building graph1 edges...24% completed @ 2022-06-25 21:44:25.916579
Building graph1 edges...27% completed @ 2022-06-25 21:44:55.790507
Building graph1 edges...30% completed @ 2022-06-25 21:45:25.563512
Building graph1 edges...33% completed @ 2022-06-25 21:45:55.335407
Building graph1 edges...36% completed @ 2022-06-25 21:46:25.137891
Building graph1 edges...39% completed @ 2022-06-25 21:46:54.964321
Building graph1 edges...42% completed @ 2022-06-25 21:47:24.741093
Building graph1 edges...45% completed @ 2022-06-25 21:47:54.529984
Building graph1 edges...48% completed @ 2022-06-25 21:48:24.385541
Building graph1 edges...51% completed @ 2022-06-25 21:48:54.285850
Building graph1 edges...54% completed @ 2022-06-25 21:49:24.209113
Building graph1 edges...57% completed @ 2022-06-25 21:49:54.090136
Building graph1 edges...60% completed @ 2022-06-25 21:50:23.901392
Building graph1 edges...63% completed @ 2022-06-25 21:50:53.757053
Building graph1 edges...66% completed @ 2022-06-25 21:51:23.679506
Building graph1 edges...69% completed @ 2022-06-25 21:51:53.521170
Building graph1 edges...72% completed @ 2022-06-25 21:52:23.347226
Building graph1 edges...75% completed @ 2022-06-25 21:52:53.192534
Building graph1 edges...78% completed @ 2022-06-25 21:53:22.981662
Building graph1 edges...81% completed @ 2022-06-25 21:53:52.797626
Building graph1 edges...84% completed @ 2022-06-25 21:54:22.622838
Building graph1 edges...87% completed @ 2022-06-25 21:54:52.488180
Building graph1 edges...90% completed @ 2022-06-25 21:55:22.319333
Building graph1 edges...93% completed @ 2022-06-25 21:55:52.144156
Building graph1 edges...96% completed @ 2022-06-25 21:56:21.974123
Building graph1 edges...99% completed @ 2022-06-25 21:56:51.801876
Merging conserved edges
Pruning the union graph
Building the extended union graph
Extending the union graph...10% completed @ 2022-06-25 21:57:02.645537
Extending the union graph...20% completed @ 2022-06-25 21:57:02.674636
Extending the union graph...30% completed @ 2022-06-25 21:57:02.703330
Extending the union graph...40% completed @ 2022-06-25 21:57:02.745329
Extending the union graph...50% completed @ 2022-06-25 21:57:02.784381
Extending the union graph...60% completed @ 2022-06-25 21:57:02.817495
Extending the union graph...70% completed @ 2022-06-25 21:57:02.865266
Extending the union graph...80% completed @ 2022-06-25 21:57:02.912582
Extending the union graph...90% completed @ 2022-06-25 21:57:02.956658
Edge Jaccard on extended union graph dist 1
Building the extended union graph
Extending the union graph...3% completed @ 2022-06-25 21:57:04.102166
Extending the union graph...6% completed @ 2022-06-25 21:57:04.113536
Extending the union graph...9% completed @ 2022-06-25 21:57:04.135089
Extending the union graph...12% completed @ 2022-06-25 21:57:04.150851
Extending the union graph...15% completed @ 2022-06-25 21:57:04.165399
Extending the union graph...18% completed @ 2022-06-25 21:57:04.171890
Extending the union graph...21% completed @ 2022-06-25 21:57:04.238482
Extending the union graph...24% completed @ 2022-06-25 21:57:04.245784
Extending the union graph...27% completed @ 2022-06-25 21:57:04.264987
Extending the union graph...30% completed @ 2022-06-25 21:57:04.315908
Extending the union graph...33% completed @ 2022-06-25 21:57:04.332977
Extending the union graph...36% completed @ 2022-06-25 21:57:04.341860
Extending the union graph...39% completed @ 2022-06-25 21:57:04.382752
Extending the union graph...42% completed @ 2022-06-25 21:57:04.447700
Extending the union graph...45% completed @ 2022-06-25 21:57:04.455319
Extending the union graph...48% completed @ 2022-06-25 21:57:04.471501
Extending the union graph...51% completed @ 2022-06-25 21:57:04.481784
Extending the union graph...54% completed @ 2022-06-25 21:57:04.490660
Extending the union graph...57% completed @ 2022-06-25 21:57:04.515970
Extending the union graph...60% completed @ 2022-06-25 21:57:04.527762
Extending the union graph...63% completed @ 2022-06-25 21:57:04.538133
Extending the union graph...66% completed @ 2022-06-25 21:57:04.544089
Extending the union graph...69% completed @ 2022-06-25 21:57:04.554955
Extending the union graph...72% completed @ 2022-06-25 21:57:04.573702
Extending the union graph...75% completed @ 2022-06-25 21:57:04.579436
Extending the union graph...78% completed @ 2022-06-25 21:57:04.598725
Extending the union graph...81% completed @ 2022-06-25 21:57:04.605158
Extending the union graph...84% completed @ 2022-06-25 21:57:04.616268
Extending the union graph...87% completed @ 2022-06-25 21:57:04.634892
Extending the union graph...90% completed @ 2022-06-25 21:57:04.658421
Extending the union graph...93% completed @ 2022-06-25 21:57:04.667737
Extending the union graph...96% completed @ 2022-06-25 21:57:04.673298
Extending the union graph...99% completed @ 2022-06-25 21:57:04.698830
Evaluating vertex sums
Extending the union graph...3% completed @ 2022-06-25 21:57:07.003785
Extending the union graph...6% completed @ 2022-06-25 21:57:09.237486
Extending the union graph...9% completed @ 2022-06-25 21:57:11.469102
Extending the union graph...12% completed @ 2022-06-25 21:57:13.720787
Extending the union graph...15% completed @ 2022-06-25 21:57:15.964618
Extending the union graph...18% completed @ 2022-06-25 21:57:18.210567
Extending the union graph...21% completed @ 2022-06-25 21:57:20.432084
Extending the union graph...24% completed @ 2022-06-25 21:57:22.605008
Extending the union graph...27% completed @ 2022-06-25 21:57:24.778240
Extending the union graph...30% completed @ 2022-06-25 21:57:26.990234
Extending the union graph...33% completed @ 2022-06-25 21:57:29.180319
Extending the union graph...36% completed @ 2022-06-25 21:57:31.352876
Extending the union graph...39% completed @ 2022-06-25 21:57:33.517558
Extending the union graph...42% completed @ 2022-06-25 21:57:35.676527
Extending the union graph...45% completed @ 2022-06-25 21:57:37.808311
Extending the union graph...48% completed @ 2022-06-25 21:57:39.944167
Extending the union graph...51% completed @ 2022-06-25 21:57:42.090616
Extending the union graph...54% completed @ 2022-06-25 21:57:44.218755
Extending the union graph...57% completed @ 2022-06-25 21:57:46.330985
Extending the union graph...60% completed @ 2022-06-25 21:57:48.431911
Extending the union graph...63% completed @ 2022-06-25 21:57:50.524589
Extending the union graph...66% completed @ 2022-06-25 21:57:52.576827
Extending the union graph...69% completed @ 2022-06-25 21:57:54.631438
Extending the union graph...72% completed @ 2022-06-25 21:57:56.692523
Extending the union graph...75% completed @ 2022-06-25 21:57:58.712437
Extending the union graph...78% completed @ 2022-06-25 21:58:00.758337
Extending the union graph...81% completed @ 2022-06-25 21:58:02.754937
Extending the union graph...84% completed @ 2022-06-25 21:58:04.781078
Extending the union graph...87% completed @ 2022-06-25 21:58:06.753827
Extending the union graph...90% completed @ 2022-06-25 21:58:08.721577
Extending the union graph...93% completed @ 2022-06-25 21:58:10.685296
Extending the union graph...96% completed @ 2022-06-25 21:58:12.612416
Extending the union graph...99% completed @ 2022-06-25 21:58:14.568394
Calculating Jaccard scores sums
Calculating Jaccard scores sums...3% completed @ 2022-06-25 21:58:15.267902
Calculating Jaccard scores sums...6% completed @ 2022-06-25 21:58:15.389838
Calculating Jaccard scores sums...9% completed @ 2022-06-25 21:58:15.587273
Calculating Jaccard scores sums...12% completed @ 2022-06-25 21:58:15.888887
Calculating Jaccard scores sums...15% completed @ 2022-06-25 21:58:16.279098
Calculating Jaccard scores sums...18% completed @ 2022-06-25 21:58:16.685238
Calculating Jaccard scores sums...21% completed @ 2022-06-25 21:58:17.201581
Calculating Jaccard scores sums...24% completed @ 2022-06-25 21:58:17.742900
Calculating Jaccard scores sums...27% completed @ 2022-06-25 21:58:18.383941
Calculating Jaccard scores sums...30% completed @ 2022-06-25 21:58:19.195679
Calculating Jaccard scores sums...33% completed @ 2022-06-25 21:58:20.025508
Calculating Jaccard scores sums...36% completed @ 2022-06-25 21:58:20.850655
Calculating Jaccard scores sums...39% completed @ 2022-06-25 21:58:21.768210
Calculating Jaccard scores sums...42% completed @ 2022-06-25 21:58:22.767413
Calculating Jaccard scores sums...45% completed @ 2022-06-25 21:58:23.803729
Calculating Jaccard scores sums...48% completed @ 2022-06-25 21:58:25.000737
Calculating Jaccard scores sums...51% completed @ 2022-06-25 21:58:26.290641
Calculating Jaccard scores sums...54% completed @ 2022-06-25 21:58:27.587496
Calculating Jaccard scores sums...57% completed @ 2022-06-25 21:58:28.956178
Calculating Jaccard scores sums...60% completed @ 2022-06-25 21:58:30.505758
Calculating Jaccard scores sums...63% completed @ 2022-06-25 21:58:32.228903
Calculating Jaccard scores sums...66% completed @ 2022-06-25 21:58:33.735701
Calculating Jaccard scores sums...69% completed @ 2022-06-25 21:58:35.404712
Calculating Jaccard scores sums...72% completed @ 2022-06-25 21:58:37.237248
Calculating Jaccard scores sums...75% completed @ 2022-06-25 21:58:38.765821
Calculating Jaccard scores sums...78% completed @ 2022-06-25 21:58:40.827589
Calculating Jaccard scores sums...81% completed @ 2022-06-25 21:58:42.655858
Calculating Jaccard scores sums...84% completed @ 2022-06-25 21:58:44.892520
Calculating Jaccard scores sums...87% completed @ 2022-06-25 21:58:47.026822
Calculating Jaccard scores sums...90% completed @ 2022-06-25 21:58:49.304695
Calculating Jaccard scores sums...93% completed @ 2022-06-25 21:58:51.757240
Calculating Jaccard scores sums...96% completed @ 2022-06-25 21:58:53.625667
Calculating Jaccard scores sums...99% completed @ 2022-06-25 21:58:56.083989
Injecting direct edges contribution
Obtaining max scores per vertex
Obtaining max scores per vertex...3% completed @ 2022-06-25 21:59:02.759918
Obtaining max scores per vertex...6% completed @ 2022-06-25 21:59:06.866244
Obtaining max scores per vertex...9% completed @ 2022-06-25 21:59:10.910765
Obtaining max scores per vertex...12% completed @ 2022-06-25 21:59:15.057434
Obtaining max scores per vertex...15% completed @ 2022-06-25 21:59:19.167628
Obtaining max scores per vertex...18% completed @ 2022-06-25 21:59:23.048558
Obtaining max scores per vertex...21% completed @ 2022-06-25 21:59:27.018653
Obtaining max scores per vertex...24% completed @ 2022-06-25 21:59:30.897876
Obtaining max scores per vertex...27% completed @ 2022-06-25 21:59:34.811194
Obtaining max scores per vertex...30% completed @ 2022-06-25 21:59:38.736528
Obtaining max scores per vertex...33% completed @ 2022-06-25 21:59:42.626818
Obtaining max scores per vertex...36% completed @ 2022-06-25 21:59:46.485347
Obtaining max scores per vertex...39% completed @ 2022-06-25 21:59:50.286895
Obtaining max scores per vertex...42% completed @ 2022-06-25 21:59:54.031557
Obtaining max scores per vertex...45% completed @ 2022-06-25 21:59:57.750058
Obtaining max scores per vertex...48% completed @ 2022-06-25 22:00:01.498794
Obtaining max scores per vertex...51% completed @ 2022-06-25 22:00:05.204184
Obtaining max scores per vertex...54% completed @ 2022-06-25 22:00:08.835293
Obtaining max scores per vertex...57% completed @ 2022-06-25 22:00:12.460302
Obtaining max scores per vertex...60% completed @ 2022-06-25 22:00:16.102742
Obtaining max scores per vertex...63% completed @ 2022-06-25 22:00:19.714906
Obtaining max scores per vertex...66% completed @ 2022-06-25 22:00:23.233155
Obtaining max scores per vertex...69% completed @ 2022-06-25 22:00:26.735759
Obtaining max scores per vertex...72% completed @ 2022-06-25 22:00:30.253476
Obtaining max scores per vertex...75% completed @ 2022-06-25 22:00:33.719229
Obtaining max scores per vertex...78% completed @ 2022-06-25 22:00:37.201293
Obtaining max scores per vertex...81% completed @ 2022-06-25 22:00:40.605946
Obtaining max scores per vertex...84% completed @ 2022-06-25 22:00:44.052564
Obtaining max scores per vertex...87% completed @ 2022-06-25 22:00:47.464067
Obtaining max scores per vertex...90% completed @ 2022-06-25 22:00:50.858095
Obtaining max scores per vertex...93% completed @ 2022-06-25 22:00:54.207710
Obtaining max scores per vertex...96% completed @ 2022-06-25 22:00:57.545567
Obtaining max scores per vertex...99% completed @ 2022-06-25 22:01:00.892163
Removing low scoring edges
Removing low scoring edges...3% completed @ 2022-06-25 22:01:02.077610
Removing low scoring edges...6% completed @ 2022-06-25 22:01:02.272380
Removing low scoring edges...9% completed @ 2022-06-25 22:01:02.600897
Removing low scoring edges...12% completed @ 2022-06-25 22:01:03.078328
Removing low scoring edges...15% completed @ 2022-06-25 22:01:03.687289
Removing low scoring edges...18% completed @ 2022-06-25 22:01:04.433114
Removing low scoring edges...21% completed @ 2022-06-25 22:01:05.308114
Removing low scoring edges...24% completed @ 2022-06-25 22:01:06.311481
Removing low scoring edges...27% completed @ 2022-06-25 22:01:07.447438
Removing low scoring edges...30% completed @ 2022-06-25 22:01:08.727751
Removing low scoring edges...33% completed @ 2022-06-25 22:01:10.138360
Removing low scoring edges...36% completed @ 2022-06-25 22:01:11.682531
Removing low scoring edges...39% completed @ 2022-06-25 22:01:13.373893
Removing low scoring edges...42% completed @ 2022-06-25 22:01:15.192625
Removing low scoring edges...45% completed @ 2022-06-25 22:01:17.148200
Removing low scoring edges...48% completed @ 2022-06-25 22:01:19.254745
Removing low scoring edges...51% completed @ 2022-06-25 22:01:21.479800
Removing low scoring edges...54% completed @ 2022-06-25 22:01:23.836551
Removing low scoring edges...57% completed @ 2022-06-25 22:01:26.361034
Removing low scoring edges...60% completed @ 2022-06-25 22:01:29.018330
Removing low scoring edges...63% completed @ 2022-06-25 22:01:31.814855
Removing low scoring edges...66% completed @ 2022-06-25 22:01:34.735305
Removing low scoring edges...69% completed @ 2022-06-25 22:01:37.792833
Removing low scoring edges...72% completed @ 2022-06-25 22:01:41.003118
Removing low scoring edges...75% completed @ 2022-06-25 22:01:44.386663
Removing low scoring edges...78% completed @ 2022-06-25 22:01:47.910611
Removing low scoring edges...81% completed @ 2022-06-25 22:01:51.568998
Removing low scoring edges...84% completed @ 2022-06-25 22:01:55.347441
Removing low scoring edges...87% completed @ 2022-06-25 22:01:59.289812
Removing low scoring edges...90% completed @ 2022-06-25 22:02:03.346197
Removing low scoring edges...93% completed @ 2022-06-25 22:02:07.512706
Removing low scoring edges...96% completed @ 2022-06-25 22:02:11.773222
Removing low scoring edges...99% completed @ 2022-06-25 22:02:16.241328
Finalizing extended graph
66307
...[mcl] new tab created
[mcl] pid 475887
 ite -------------------  chaos  time hom(avg,lo,hi) expa expb expc fmv
  1  ...................  47.54  0.07 1.03/0.10/4.27 2.60 2.11 2.11  65
  2  ...................  55.98  0.16 0.30/0.04/1.05 11.87 0.85 1.78  90
  3  ...................  35.97  0.10 0.87/0.41/2.61 6.20 0.48 0.85  82
  4  ...................   0.83  0.03 0.99/0.55/1.76 1.58 0.05 0.04  45
  5  ...................   0.49  0.00 0.98/0.50/1.46 1.04 0.70 0.03   0
  6  ...................   0.50  0.00 0.99/0.58/1.00 1.02 0.87 0.03   0
  7  ...................   0.25  0.00 1.00/0.76/1.00 1.00 0.94 0.03   0
  8  ...................   0.24  0.00 1.00/0.76/1.00 1.00 0.99 0.03   0
  9  ...................   0.04  0.00 1.00/0.96/1.00 1.00 0.98 0.02   0
 10  ...................   0.10  0.00 1.00/0.96/1.00 1.00 1.00 0.02   0
 11  ...................   0.22  0.00 1.00/0.83/1.00 1.00 1.00 0.02   0
 12  ...................   0.22  0.00 0.99/0.80/1.00 1.00 1.00 0.02   0
 13  ...................   0.20  0.00 0.99/0.80/1.00 1.00 1.00 0.02   0
 14  ...................   0.01  0.00 1.00/0.99/1.00 1.00 1.00 0.02   0
 15  ...................   0.00  0.00 1.00/1.00/1.00 1.00 0.95 0.02   0
[mcl] jury pruning marks: <99,99,99>, out of 100
[mcl] jury pruning synopsis: <99.0 or perfect> (cf -scheme, -do log)
[mcl] output is in /home/wangph1/plant/data/mcl/wiki_s0-wiki_s1-k4-n20000-no1+1656218419.txt
[mcl] 249 clusters found
[mcl] output is in /home/wangph1/plant/data/mcl/wiki_s0-wiki_s1-k4-n20000-no1+1656218419.txt

Please cite:
    Stijn van Dongen, Graph Clustering by Flow Simulation.  PhD thesis,
    University of Utrecht, May 2000.
       (  http://www.library.uu.nl/digiarchief/dip/diss/1895620/full.pdf
       or  http://micans.org/mcl/lit/svdthesis.pdf.gz)
OR
    Stijn van Dongen, A cluster algorithm for graphs. Technical
    Report INS-R0010, National Research Institute for Mathematics
    and Computer Science in the Netherlands, Amsterdam, May 2000.
       (  http://www.cwi.nl/ftp/CWIreports/INS/INS-R0010.ps.Z
       or  http://micans.org/mcl/lit/INS-R0010.ps.Z)

/home/wangph1/plant/scripts
using old nif file for wiki_s0
using old nif file for wiki_s1
using old odv file for wiki_s0
using old odv file for wiki_s1
using old odv ort file for wiki_s0-wiki_s1
/home/wangph1/plant/data/mcl/wiki_s0-wiki_s1-k4-n20000-no1+1656218419.txt
/home/wangph1/plant/networks/mcl/wiki_s0_marked.nif
/home/wangph1/plant/networks/mcl/wiki_s1_marked.nif
/home/wangph1/plant/data/mcl/fake_ort/wiki_s0-wiki_s1-k4-n20000-no1.ort
/home/wangph1/plant/data/mcl/wiki_s0-wiki_s1-k4-n20000-no1.txt
Traceback (most recent call last):
  File "/home/wangph1/plant/scripts/mcl_helpers.py", line 139, in <module>
    full_local_run_mcl(gtag1, gtag2, notes=notes)
  File "/home/wangph1/plant/scripts/mcl_helpers.py", line 124, in full_local_run_mcl
    process_mcl(gtag1, gtag2, notes=notes)
  File "/home/wangph1/plant/scripts/mcl_helpers.py", line 112, in process_mcl
    num_ort, num_pairs = evaluate_alignment(gtag1, gtag2, notes=notes)
  File "/home/wangph1/plant/scripts/mcl_helpers.py", line 95, in evaluate_alignment
    m2m_pairs = read_in_slashes_m2m(out_path)
  File "/home/wangph1/plant/scripts/file_helpers.py", line 47, in read_in_slashes_m2m
    with open(m2m_path, 'r') as f:
FileNotFoundError: [Errno 2] No such file or directory: '/home/wangph1/plant/data/mcl/wiki_s0-wiki_s1-k4-n20000-no1.txt'
JOBSFINISHED
