Namespace(ag_file=['/home/wangph1/plant/data/mcl/super_s0-super_s10-k4-n20000-no1+1656218419.ag'], ort_file=['/home/wangph1/plant/data/mcl/fake_ort/super_s0-super_s10-k4-n20000-no1.ort'], ppi1_file=['/home/wangph1/plant/networks/mcl/super_s0_marked.nif'], ppi2_file=['/home/wangph1/plant/networks/mcl/super_s10_marked.nif'])
Loading input data
/home/wangph1/plant/networks/mcl/super_s0_marked.nif
/home/wangph1/plant/networks/mcl/super_s10_marked.nif
/home/wangph1/plant/data/mcl/fake_ort/super_s0-super_s10-k4-n20000-no1.ort
Building the union graph
Building rev maps
Building maps
Processing net 0 - simple nodes
Processing net 1 - simple nodes
Processing composite nodes
Building igraph.Graph
Entering build_union_graph_edges
Building graph1 edges...3% completed @ 2022-06-25 21:41:12.242293
Building graph1 edges...6% completed @ 2022-06-25 21:41:57.334198
Building graph1 edges...9% completed @ 2022-06-25 21:42:42.448680
Building graph1 edges...12% completed @ 2022-06-25 21:43:27.546588
Building graph1 edges...15% completed @ 2022-06-25 21:44:12.641474
Building graph1 edges...18% completed @ 2022-06-25 21:44:57.684620
Building graph1 edges...21% completed @ 2022-06-25 21:45:42.755505
Building graph1 edges...24% completed @ 2022-06-25 21:46:27.844260
Building graph1 edges...27% completed @ 2022-06-25 21:47:12.956665
Building graph1 edges...30% completed @ 2022-06-25 21:47:58.043411
Building graph1 edges...33% completed @ 2022-06-25 21:48:43.138074
Building graph1 edges...36% completed @ 2022-06-25 21:49:28.215476
Building graph1 edges...39% completed @ 2022-06-25 21:50:13.309185
Building graph1 edges...42% completed @ 2022-06-25 21:50:58.452586
Building graph1 edges...45% completed @ 2022-06-25 21:51:43.527227
Building graph1 edges...48% completed @ 2022-06-25 21:52:28.625811
Building graph1 edges...51% completed @ 2022-06-25 21:53:13.702468
Building graph1 edges...54% completed @ 2022-06-25 21:53:58.841181
Building graph1 edges...57% completed @ 2022-06-25 21:54:43.979546
Building graph1 edges...60% completed @ 2022-06-25 21:55:29.143157
Building graph1 edges...63% completed @ 2022-06-25 21:56:14.217256
Building graph1 edges...66% completed @ 2022-06-25 21:56:59.321393
Building graph1 edges...69% completed @ 2022-06-25 21:57:44.459512
Building graph1 edges...72% completed @ 2022-06-25 21:58:29.546851
Building graph1 edges...75% completed @ 2022-06-25 21:59:14.655602
Building graph1 edges...78% completed @ 2022-06-25 21:59:59.815816
Building graph1 edges...81% completed @ 2022-06-25 22:00:44.962181
Building graph1 edges...84% completed @ 2022-06-25 22:01:30.169997
Building graph1 edges...87% completed @ 2022-06-25 22:02:15.352480
Building graph1 edges...90% completed @ 2022-06-25 22:03:00.557783
Building graph1 edges...93% completed @ 2022-06-25 22:03:45.740035
Building graph1 edges...96% completed @ 2022-06-25 22:04:31.034940
Building graph1 edges...99% completed @ 2022-06-25 22:05:16.332365
Merging conserved edges
Pruning the union graph
Building the extended union graph
Extending the union graph...10% completed @ 2022-06-25 22:05:32.247600
Extending the union graph...20% completed @ 2022-06-25 22:05:32.276431
Extending the union graph...30% completed @ 2022-06-25 22:05:32.304727
Extending the union graph...40% completed @ 2022-06-25 22:05:32.342367
Extending the union graph...50% completed @ 2022-06-25 22:05:32.379099
Extending the union graph...60% completed @ 2022-06-25 22:05:32.414854
Extending the union graph...70% completed @ 2022-06-25 22:05:32.462924
Extending the union graph...80% completed @ 2022-06-25 22:05:32.510982
Extending the union graph...90% completed @ 2022-06-25 22:05:32.558748
Edge Jaccard on extended union graph dist 1
Building the extended union graph
Extending the union graph...3% completed @ 2022-06-25 22:05:33.696395
Extending the union graph...6% completed @ 2022-06-25 22:05:33.703939
Extending the union graph...9% completed @ 2022-06-25 22:05:33.711142
Extending the union graph...12% completed @ 2022-06-25 22:05:33.718995
Extending the union graph...15% completed @ 2022-06-25 22:05:33.727230
Extending the union graph...18% completed @ 2022-06-25 22:05:33.735249
Extending the union graph...21% completed @ 2022-06-25 22:05:33.742205
Extending the union graph...24% completed @ 2022-06-25 22:05:33.750590
Extending the union graph...27% completed @ 2022-06-25 22:05:33.757233
Extending the union graph...30% completed @ 2022-06-25 22:05:33.765058
Extending the union graph...33% completed @ 2022-06-25 22:05:33.772227
Extending the union graph...36% completed @ 2022-06-25 22:05:33.778579
Extending the union graph...39% completed @ 2022-06-25 22:05:33.785892
Extending the union graph...42% completed @ 2022-06-25 22:05:33.792955
Extending the union graph...45% completed @ 2022-06-25 22:05:33.802745
Extending the union graph...48% completed @ 2022-06-25 22:05:33.810068
Extending the union graph...51% completed @ 2022-06-25 22:05:33.816241
Extending the union graph...54% completed @ 2022-06-25 22:05:33.824548
Extending the union graph...57% completed @ 2022-06-25 22:05:33.831716
Extending the union graph...60% completed @ 2022-06-25 22:05:33.840900
Extending the union graph...63% completed @ 2022-06-25 22:05:33.847953
Extending the union graph...66% completed @ 2022-06-25 22:05:33.855507
Extending the union graph...69% completed @ 2022-06-25 22:05:33.863540
Extending the union graph...72% completed @ 2022-06-25 22:05:33.870528
Extending the union graph...75% completed @ 2022-06-25 22:05:33.878573
Extending the union graph...78% completed @ 2022-06-25 22:05:33.885812
Extending the union graph...81% completed @ 2022-06-25 22:05:33.894586
Extending the union graph...84% completed @ 2022-06-25 22:05:33.903365
Extending the union graph...87% completed @ 2022-06-25 22:05:33.910998
Extending the union graph...90% completed @ 2022-06-25 22:05:33.919671
Extending the union graph...93% completed @ 2022-06-25 22:05:33.928085
Extending the union graph...96% completed @ 2022-06-25 22:05:33.935824
Extending the union graph...99% completed @ 2022-06-25 22:05:33.943749
Evaluating vertex sums
Extending the union graph...3% completed @ 2022-06-25 22:05:36.373598
Extending the union graph...6% completed @ 2022-06-25 22:05:38.795997
Extending the union graph...9% completed @ 2022-06-25 22:05:41.169869
Extending the union graph...12% completed @ 2022-06-25 22:05:43.503441
Extending the union graph...15% completed @ 2022-06-25 22:05:45.847831
Extending the union graph...18% completed @ 2022-06-25 22:05:48.188268
Extending the union graph...21% completed @ 2022-06-25 22:05:50.505795
Extending the union graph...24% completed @ 2022-06-25 22:05:52.844966
Extending the union graph...27% completed @ 2022-06-25 22:05:55.170987
Extending the union graph...30% completed @ 2022-06-25 22:05:57.445286
Extending the union graph...33% completed @ 2022-06-25 22:05:59.704463
Extending the union graph...36% completed @ 2022-06-25 22:06:01.958270
Extending the union graph...39% completed @ 2022-06-25 22:06:04.184477
Extending the union graph...42% completed @ 2022-06-25 22:06:06.388999
Extending the union graph...45% completed @ 2022-06-25 22:06:08.653744
Extending the union graph...48% completed @ 2022-06-25 22:06:10.851315
Extending the union graph...51% completed @ 2022-06-25 22:06:13.035957
Extending the union graph...54% completed @ 2022-06-25 22:06:15.216687
Extending the union graph...57% completed @ 2022-06-25 22:06:17.394939
Extending the union graph...60% completed @ 2022-06-25 22:06:19.542518
Extending the union graph...63% completed @ 2022-06-25 22:06:21.695765
Extending the union graph...66% completed @ 2022-06-25 22:06:23.857626
Extending the union graph...69% completed @ 2022-06-25 22:06:26.000451
Extending the union graph...72% completed @ 2022-06-25 22:06:28.114770
Extending the union graph...75% completed @ 2022-06-25 22:06:30.206457
Extending the union graph...78% completed @ 2022-06-25 22:06:32.332454
Extending the union graph...81% completed @ 2022-06-25 22:06:34.420913
Extending the union graph...84% completed @ 2022-06-25 22:06:36.521206
Extending the union graph...87% completed @ 2022-06-25 22:06:38.632625
Extending the union graph...90% completed @ 2022-06-25 22:06:40.717642
Extending the union graph...93% completed @ 2022-06-25 22:06:42.781452
Extending the union graph...96% completed @ 2022-06-25 22:06:44.841100
Extending the union graph...99% completed @ 2022-06-25 22:06:46.935788
Calculating Jaccard scores sums
Calculating Jaccard scores sums...3% completed @ 2022-06-25 22:06:47.669058
Calculating Jaccard scores sums...6% completed @ 2022-06-25 22:06:47.768125
Calculating Jaccard scores sums...9% completed @ 2022-06-25 22:06:47.926466
Calculating Jaccard scores sums...12% completed @ 2022-06-25 22:06:48.156623
Calculating Jaccard scores sums...15% completed @ 2022-06-25 22:06:48.462179
Calculating Jaccard scores sums...18% completed @ 2022-06-25 22:06:48.836548
Calculating Jaccard scores sums...21% completed @ 2022-06-25 22:06:49.260704
Calculating Jaccard scores sums...24% completed @ 2022-06-25 22:06:49.759627
Calculating Jaccard scores sums...27% completed @ 2022-06-25 22:06:50.309373
Calculating Jaccard scores sums...30% completed @ 2022-06-25 22:06:50.929396
Calculating Jaccard scores sums...33% completed @ 2022-06-25 22:06:51.615244
Calculating Jaccard scores sums...36% completed @ 2022-06-25 22:06:52.370656
Calculating Jaccard scores sums...39% completed @ 2022-06-25 22:06:53.115622
Calculating Jaccard scores sums...42% completed @ 2022-06-25 22:06:53.951970
Calculating Jaccard scores sums...45% completed @ 2022-06-25 22:06:54.839228
Calculating Jaccard scores sums...48% completed @ 2022-06-25 22:06:55.805534
Calculating Jaccard scores sums...51% completed @ 2022-06-25 22:06:56.767151
Calculating Jaccard scores sums...54% completed @ 2022-06-25 22:06:57.895334
Calculating Jaccard scores sums...57% completed @ 2022-06-25 22:06:59.048272
Calculating Jaccard scores sums...60% completed @ 2022-06-25 22:07:00.262671
Calculating Jaccard scores sums...63% completed @ 2022-06-25 22:07:01.533013
Calculating Jaccard scores sums...66% completed @ 2022-06-25 22:07:02.898006
Calculating Jaccard scores sums...69% completed @ 2022-06-25 22:07:04.419581
Calculating Jaccard scores sums...72% completed @ 2022-06-25 22:07:05.926445
Calculating Jaccard scores sums...75% completed @ 2022-06-25 22:07:07.420188
Calculating Jaccard scores sums...78% completed @ 2022-06-25 22:07:09.041549
Calculating Jaccard scores sums...81% completed @ 2022-06-25 22:07:10.732556
Calculating Jaccard scores sums...84% completed @ 2022-06-25 22:07:12.534751
Calculating Jaccard scores sums...87% completed @ 2022-06-25 22:07:14.326597
Calculating Jaccard scores sums...90% completed @ 2022-06-25 22:07:16.366107
Calculating Jaccard scores sums...93% completed @ 2022-06-25 22:07:18.457311
Calculating Jaccard scores sums...96% completed @ 2022-06-25 22:07:20.657011
Calculating Jaccard scores sums...99% completed @ 2022-06-25 22:07:22.901761
Injecting direct edges contribution
Obtaining max scores per vertex
Obtaining max scores per vertex...3% completed @ 2022-06-25 22:07:30.429184
Obtaining max scores per vertex...6% completed @ 2022-06-25 22:07:34.506641
Obtaining max scores per vertex...9% completed @ 2022-06-25 22:07:38.489161
Obtaining max scores per vertex...12% completed @ 2022-06-25 22:07:42.429805
Obtaining max scores per vertex...15% completed @ 2022-06-25 22:07:46.340865
Obtaining max scores per vertex...18% completed @ 2022-06-25 22:07:50.231536
Obtaining max scores per vertex...21% completed @ 2022-06-25 22:07:54.123758
Obtaining max scores per vertex...24% completed @ 2022-06-25 22:07:57.956998
Obtaining max scores per vertex...27% completed @ 2022-06-25 22:08:01.749432
Obtaining max scores per vertex...30% completed @ 2022-06-25 22:08:05.515375
Obtaining max scores per vertex...33% completed @ 2022-06-25 22:08:09.303192
Obtaining max scores per vertex...36% completed @ 2022-06-25 22:08:13.010060
Obtaining max scores per vertex...39% completed @ 2022-06-25 22:08:16.693645
Obtaining max scores per vertex...42% completed @ 2022-06-25 22:08:20.365369
Obtaining max scores per vertex...45% completed @ 2022-06-25 22:08:24.066042
Obtaining max scores per vertex...48% completed @ 2022-06-25 22:08:27.726160
Obtaining max scores per vertex...51% completed @ 2022-06-25 22:08:31.323541
Obtaining max scores per vertex...54% completed @ 2022-06-25 22:08:34.967123
Obtaining max scores per vertex...57% completed @ 2022-06-25 22:08:38.612776
Obtaining max scores per vertex...60% completed @ 2022-06-25 22:08:42.179503
Obtaining max scores per vertex...63% completed @ 2022-06-25 22:08:45.731816
Obtaining max scores per vertex...66% completed @ 2022-06-25 22:08:49.296067
Obtaining max scores per vertex...69% completed @ 2022-06-25 22:08:52.846197
Obtaining max scores per vertex...72% completed @ 2022-06-25 22:08:56.357385
Obtaining max scores per vertex...75% completed @ 2022-06-25 22:08:59.787260
Obtaining max scores per vertex...78% completed @ 2022-06-25 22:09:03.251177
Obtaining max scores per vertex...81% completed @ 2022-06-25 22:09:06.688779
Obtaining max scores per vertex...84% completed @ 2022-06-25 22:09:10.148476
Obtaining max scores per vertex...87% completed @ 2022-06-25 22:09:13.563097
Obtaining max scores per vertex...90% completed @ 2022-06-25 22:09:16.990340
Obtaining max scores per vertex...93% completed @ 2022-06-25 22:09:20.402691
Obtaining max scores per vertex...96% completed @ 2022-06-25 22:09:23.849032
Obtaining max scores per vertex...99% completed @ 2022-06-25 22:09:27.228670
Removing low scoring edges
Removing low scoring edges...3% completed @ 2022-06-25 22:09:28.412116
Removing low scoring edges...6% completed @ 2022-06-25 22:09:28.613556
Removing low scoring edges...9% completed @ 2022-06-25 22:09:28.953032
Removing low scoring edges...12% completed @ 2022-06-25 22:09:29.434282
Removing low scoring edges...15% completed @ 2022-06-25 22:09:30.059625
Removing low scoring edges...18% completed @ 2022-06-25 22:09:30.844985
Removing low scoring edges...21% completed @ 2022-06-25 22:09:31.751364
Removing low scoring edges...24% completed @ 2022-06-25 22:09:32.802527
Removing low scoring edges...27% completed @ 2022-06-25 22:09:33.989916
Removing low scoring edges...30% completed @ 2022-06-25 22:09:35.315494
Removing low scoring edges...33% completed @ 2022-06-25 22:09:36.791975
Removing low scoring edges...36% completed @ 2022-06-25 22:09:38.416545
Removing low scoring edges...39% completed @ 2022-06-25 22:09:40.151905
Removing low scoring edges...42% completed @ 2022-06-25 22:09:42.020923
Removing low scoring edges...45% completed @ 2022-06-25 22:09:44.023977
Removing low scoring edges...48% completed @ 2022-06-25 22:09:46.199263
Removing low scoring edges...51% completed @ 2022-06-25 22:09:48.487407
Removing low scoring edges...54% completed @ 2022-06-25 22:09:50.895754
Removing low scoring edges...57% completed @ 2022-06-25 22:09:53.480243
Removing low scoring edges...60% completed @ 2022-06-25 22:09:56.179883
Removing low scoring edges...63% completed @ 2022-06-25 22:09:59.012388
Removing low scoring edges...66% completed @ 2022-06-25 22:10:02.021156
Removing low scoring edges...69% completed @ 2022-06-25 22:10:05.149956
Removing low scoring edges...72% completed @ 2022-06-25 22:10:08.449277
Removing low scoring edges...75% completed @ 2022-06-25 22:10:11.861513
Removing low scoring edges...78% completed @ 2022-06-25 22:10:15.407277
Removing low scoring edges...81% completed @ 2022-06-25 22:10:19.147371
Removing low scoring edges...84% completed @ 2022-06-25 22:10:23.007411
Removing low scoring edges...87% completed @ 2022-06-25 22:10:27.030652
Removing low scoring edges...90% completed @ 2022-06-25 22:10:31.181269
Removing low scoring edges...93% completed @ 2022-06-25 22:10:35.455111
Removing low scoring edges...96% completed @ 2022-06-25 22:10:39.935547
Removing low scoring edges...99% completed @ 2022-06-25 22:10:44.519429
Finalizing extended graph
10519
[mcl] new tab created
[mcl] pid 469488
 ite -------------------  chaos  time hom(avg,lo,hi) expa expb expc fmv
  1  ...................   9.73  0.01 1.39/0.03/4.36 2.53 2.53 2.53   1
  2  ...................  11.19  0.02 0.76/0.11/1.36 1.30 1.05 2.65  24
  3  ...................   6.53  0.02 0.83/0.16/1.57 1.31 0.51 1.35  25
  4  ...................   3.14  0.01 0.93/0.25/1.86 1.18 0.57 0.77   6
  5  ...................   0.91  0.00 0.98/0.41/1.54 1.03 0.65 0.50   3
  6  ...................   0.68  0.00 0.99/0.63/1.35 1.00 0.83 0.41   1
  7  ...................   0.25  0.00 1.00/0.58/1.64 1.00 0.97 0.40   0
  8  ...................   0.13  0.00 1.00/0.52/1.06 1.00 0.98 0.39   0
  9  ...................   0.07  0.00 1.00/1.00/1.05 1.00 0.99 0.39   0
 10  ...................   0.04  0.00 1.00/1.00/1.04 1.00 1.00 0.39   0
 11  ...................   0.01  0.00 1.00/1.00/1.01 1.00 1.00 0.39   0
 12  ...................   0.00  0.00 1.00/1.00/1.00 1.00 1.00 0.39   0
 13  ...................   0.00  0.00 1.00/1.00/1.00 1.00 1.00 0.39   0
[mcl] cut <21> instances of overlap
[mcl] jury pruning marks: <100,99,99>, out of 100
[mcl] jury pruning synopsis: <99.6 or perfect> (cf -scheme, -do log)
[mcl] output is in /home/wangph1/plant/data/mcl/super_s0-super_s10-k4-n20000-no1+1656218419.txt
[mcl] 691 clusters found
[mcl] output is in /home/wangph1/plant/data/mcl/super_s0-super_s10-k4-n20000-no1+1656218419.txt

Please cite:
    Stijn van Dongen, Graph Clustering by Flow Simulation.  PhD thesis,
    University of Utrecht, May 2000.
       (  http://www.library.uu.nl/digiarchief/dip/diss/1895620/full.pdf
       or  http://micans.org/mcl/lit/svdthesis.pdf.gz)
OR
    Stijn van Dongen, A cluster algorithm for graphs. Technical
    Report INS-R0010, National Research Institute for Mathematics
    and Computer Science in the Netherlands, Amsterdam, May 2000.
       (  http://www.cwi.nl/ftp/CWIreports/INS/INS-R0010.ps.Z
       or  http://micans.org/mcl/lit/INS-R0010.ps.Z)

/home/wangph1/plant/scripts
using old nif file for super_s0
using old nif file for super_s10
using old odv file for super_s0
using old odv file for super_s10
using old odv ort file for super_s0-super_s10
/home/wangph1/plant/data/mcl/super_s0-super_s10-k4-n20000-no1+1656218419.txt
/home/wangph1/plant/networks/mcl/super_s0_marked.nif
/home/wangph1/plant/networks/mcl/super_s10_marked.nif
/home/wangph1/plant/data/mcl/fake_ort/super_s0-super_s10-k4-n20000-no1.ort
/home/wangph1/plant/data/mcl/super_s0-super_s10-k4-n20000-no1.txt
Traceback (most recent call last):
  File "/home/wangph1/plant/scripts/mcl_helpers.py", line 139, in <module>
    full_local_run_mcl(gtag1, gtag2, notes=notes)
  File "/home/wangph1/plant/scripts/mcl_helpers.py", line 124, in full_local_run_mcl
    process_mcl(gtag1, gtag2, notes=notes)
  File "/home/wangph1/plant/scripts/mcl_helpers.py", line 112, in process_mcl
    num_ort, num_pairs = evaluate_alignment(gtag1, gtag2, notes=notes)
  File "/home/wangph1/plant/scripts/mcl_helpers.py", line 95, in evaluate_alignment
    m2m_pairs = read_in_slashes_m2m(out_path)
  File "/home/wangph1/plant/scripts/file_helpers.py", line 47, in read_in_slashes_m2m
    with open(m2m_path, 'r') as f:
FileNotFoundError: [Errno 2] No such file or directory: '/home/wangph1/plant/data/mcl/super_s0-super_s10-k4-n20000-no1.txt'
JOBSFINISHED
