Namespace(ag_file=['/home/wangph1/plant/data/mcl/dog-human-k4-n14512-no1+1656218423.ag'], ort_file=['/home/wangph1/plant/data/mcl/fake_ort/dog-human-k4-n14512-no1.ort'], ppi1_file=['/home/wangph1/plant/networks/mcl/dog_marked.nif'], ppi2_file=['/home/wangph1/plant/networks/mcl/human_marked.nif'])
Loading input data
/home/wangph1/plant/networks/mcl/dog_marked.nif
/home/wangph1/plant/networks/mcl/human_marked.nif
/home/wangph1/plant/data/mcl/fake_ort/dog-human-k4-n14512-no1.ort
Building the union graph
Building rev maps
Building maps
Processing net 0 - simple nodes
Processing net 1 - simple nodes
Processing composite nodes
Building igraph.Graph
Entering build_union_graph_edges
Building graph1 edges...3% completed @ 2022-06-25 21:50:46.589893
Building graph1 edges...6% completed @ 2022-06-25 22:00:53.255918
Building graph1 edges...9% completed @ 2022-06-25 22:10:56.654118
Building graph1 edges...12% completed @ 2022-06-25 22:20:46.726604
Building graph1 edges...15% completed @ 2022-06-25 22:30:36.122458
Building graph1 edges...18% completed @ 2022-06-25 22:40:27.255571
Building graph1 edges...21% completed @ 2022-06-25 22:50:16.808644
Building graph1 edges...24% completed @ 2022-06-25 23:00:06.290525
Building graph1 edges...27% completed @ 2022-06-25 23:09:55.844316
Building graph1 edges...30% completed @ 2022-06-25 23:19:45.348454
Building graph1 edges...33% completed @ 2022-06-25 23:29:34.870887
Building graph1 edges...36% completed @ 2022-06-25 23:39:26.202163
Building graph1 edges...39% completed @ 2022-06-25 23:49:15.268195
Building graph1 edges...42% completed @ 2022-06-25 23:59:04.711674
Building graph1 edges...45% completed @ 2022-06-26 00:08:54.077403
Building graph1 edges...48% completed @ 2022-06-26 00:18:43.511563
Building graph1 edges...51% completed @ 2022-06-26 00:28:32.926109
Building graph1 edges...54% completed @ 2022-06-26 00:38:22.438085
Building graph1 edges...57% completed @ 2022-06-26 00:48:13.808176
Building graph1 edges...60% completed @ 2022-06-26 00:58:03.001440
Building graph1 edges...63% completed @ 2022-06-26 01:07:52.590534
Building graph1 edges...66% completed @ 2022-06-26 01:17:41.998306
Building graph1 edges...69% completed @ 2022-06-26 01:27:31.358253
Building graph1 edges...72% completed @ 2022-06-26 01:37:20.861274
Building graph1 edges...75% completed @ 2022-06-26 01:47:10.371640
Building graph1 edges...78% completed @ 2022-06-26 01:57:01.281630
Building graph1 edges...81% completed @ 2022-06-26 02:06:50.779811
Building graph1 edges...84% completed @ 2022-06-26 02:16:40.261876
Building graph1 edges...87% completed @ 2022-06-26 02:26:29.836435
Building graph1 edges...90% completed @ 2022-06-26 02:36:19.332068
Building graph1 edges...93% completed @ 2022-06-26 02:46:08.977309
Building graph1 edges...96% completed @ 2022-06-26 02:56:01.259171
Building graph1 edges...99% completed @ 2022-06-26 03:05:50.901218
Merging conserved edges
Pruning the union graph
Building the extended union graph
Extending the union graph...10% completed @ 2022-06-26 03:09:18.848135
Extending the union graph...20% completed @ 2022-06-26 03:09:18.905114
Extending the union graph...30% completed @ 2022-06-26 03:09:18.982887
Extending the union graph...40% completed @ 2022-06-26 03:09:19.098907
Extending the union graph...50% completed @ 2022-06-26 03:09:19.206655
Extending the union graph...60% completed @ 2022-06-26 03:09:19.308445
Extending the union graph...70% completed @ 2022-06-26 03:09:20.485342
Extending the union graph...80% completed @ 2022-06-26 03:09:21.739408
Extending the union graph...90% completed @ 2022-06-26 03:09:22.866523
Edge Jaccard on extended union graph dist 1
Building the extended union graph
Extending the union graph...3% completed @ 2022-06-26 03:09:51.084455
Extending the union graph...6% completed @ 2022-06-26 03:10:08.614025
Extending the union graph...9% completed @ 2022-06-26 03:10:23.300524
Extending the union graph...12% completed @ 2022-06-26 03:10:42.917819
Extending the union graph...15% completed @ 2022-06-26 03:11:11.670391
Extending the union graph...18% completed @ 2022-06-26 03:11:40.874265
Extending the union graph...21% completed @ 2022-06-26 03:11:54.782071
Extending the union graph...24% completed @ 2022-06-26 03:12:15.523745
Extending the union graph...27% completed @ 2022-06-26 03:12:36.510964
Extending the union graph...30% completed @ 2022-06-26 03:13:10.046727
Extending the union graph...33% completed @ 2022-06-26 03:13:27.033571
Extending the union graph...36% completed @ 2022-06-26 03:13:53.401837
Extending the union graph...39% completed @ 2022-06-26 03:14:15.337483
Extending the union graph...42% completed @ 2022-06-26 03:14:50.887542
Extending the union graph...45% completed @ 2022-06-26 03:15:25.024305
Extending the union graph...48% completed @ 2022-06-26 03:15:43.831807
Extending the union graph...51% completed @ 2022-06-26 03:16:01.428506
Extending the union graph...54% completed @ 2022-06-26 03:16:29.448611
Extending the union graph...57% completed @ 2022-06-26 03:16:58.131136
Extending the union graph...60% completed @ 2022-06-26 03:17:22.363763
Extending the union graph...63% completed @ 2022-06-26 03:17:46.786278
Extending the union graph...66% completed @ 2022-06-26 03:18:00.358351
Extending the union graph...69% completed @ 2022-06-26 03:18:25.540733
Extending the union graph...72% completed @ 2022-06-26 03:18:44.004384
Extending the union graph...75% completed @ 2022-06-26 03:19:06.575790
Extending the union graph...78% completed @ 2022-06-26 03:19:29.178102
Extending the union graph...81% completed @ 2022-06-26 03:19:40.843107
Extending the union graph...84% completed @ 2022-06-26 03:20:03.117097
Extending the union graph...87% completed @ 2022-06-26 03:20:15.287932
Extending the union graph...90% completed @ 2022-06-26 03:20:34.518022
Extending the union graph...93% completed @ 2022-06-26 03:20:51.574299
Extending the union graph...96% completed @ 2022-06-26 03:21:08.742147
Extending the union graph...99% completed @ 2022-06-26 03:21:32.759408
Evaluating vertex sums
Extending the union graph...3% completed @ 2022-06-26 03:21:37.406676
Extending the union graph...6% completed @ 2022-06-26 03:21:38.810597
Extending the union graph...9% completed @ 2022-06-26 03:21:40.230977
Extending the union graph...12% completed @ 2022-06-26 03:21:41.640105
Extending the union graph...15% completed @ 2022-06-26 03:21:43.033941
Extending the union graph...18% completed @ 2022-06-26 03:21:44.451910
Extending the union graph...21% completed @ 2022-06-26 03:21:45.835336
Extending the union graph...24% completed @ 2022-06-26 03:21:47.224892
Extending the union graph...27% completed @ 2022-06-26 03:21:48.615168
Extending the union graph...30% completed @ 2022-06-26 03:21:50.031907
Extending the union graph...33% completed @ 2022-06-26 03:21:51.416077
Extending the union graph...36% completed @ 2022-06-26 03:21:52.814629
Extending the union graph...39% completed @ 2022-06-26 03:21:54.210335
Extending the union graph...42% completed @ 2022-06-26 03:21:55.615704
Extending the union graph...45% completed @ 2022-06-26 03:21:57.030517
Extending the union graph...48% completed @ 2022-06-26 03:21:58.435641
Extending the union graph...51% completed @ 2022-06-26 03:21:59.821809
Extending the union graph...54% completed @ 2022-06-26 03:22:01.180896
Extending the union graph...57% completed @ 2022-06-26 03:22:02.573313
Extending the union graph...60% completed @ 2022-06-26 03:22:03.998876
Extending the union graph...63% completed @ 2022-06-26 03:22:05.435941
Extending the union graph...66% completed @ 2022-06-26 03:22:06.802096
Extending the union graph...69% completed @ 2022-06-26 03:22:08.211685
Extending the union graph...72% completed @ 2022-06-26 03:22:09.608566
Extending the union graph...75% completed @ 2022-06-26 03:22:10.986334
Extending the union graph...78% completed @ 2022-06-26 03:22:12.356253
Extending the union graph...81% completed @ 2022-06-26 03:22:13.724166
Extending the union graph...84% completed @ 2022-06-26 03:22:15.102747
Extending the union graph...87% completed @ 2022-06-26 03:22:16.477290
Extending the union graph...90% completed @ 2022-06-26 03:22:17.835712
Extending the union graph...93% completed @ 2022-06-26 03:22:19.194786
Extending the union graph...96% completed @ 2022-06-26 03:22:20.554334
Extending the union graph...99% completed @ 2022-06-26 03:22:21.892716
Calculating Jaccard scores sums
Calculating Jaccard scores sums...3% completed @ 2022-06-26 03:22:22.395154
Calculating Jaccard scores sums...6% completed @ 2022-06-26 03:22:22.538941
Calculating Jaccard scores sums...9% completed @ 2022-06-26 03:22:22.779975
Calculating Jaccard scores sums...12% completed @ 2022-06-26 03:22:23.118929
Calculating Jaccard scores sums...15% completed @ 2022-06-26 03:22:23.558930
Calculating Jaccard scores sums...18% completed @ 2022-06-26 03:22:24.099009
Calculating Jaccard scores sums...21% completed @ 2022-06-26 03:22:24.743261
Calculating Jaccard scores sums...24% completed @ 2022-06-26 03:22:25.487988
Calculating Jaccard scores sums...27% completed @ 2022-06-26 03:22:26.332340
Calculating Jaccard scores sums...30% completed @ 2022-06-26 03:22:27.290393
Calculating Jaccard scores sums...33% completed @ 2022-06-26 03:22:28.328089
Calculating Jaccard scores sums...36% completed @ 2022-06-26 03:22:29.483241
Calculating Jaccard scores sums...39% completed @ 2022-06-26 03:22:30.729674
Calculating Jaccard scores sums...42% completed @ 2022-06-26 03:22:32.078232
Calculating Jaccard scores sums...45% completed @ 2022-06-26 03:22:33.587366
Calculating Jaccard scores sums...48% completed @ 2022-06-26 03:22:35.149778
Calculating Jaccard scores sums...51% completed @ 2022-06-26 03:22:36.814890
Calculating Jaccard scores sums...54% completed @ 2022-06-26 03:22:38.559803
Calculating Jaccard scores sums...57% completed @ 2022-06-26 03:22:40.451136
Calculating Jaccard scores sums...60% completed @ 2022-06-26 03:22:42.422735
Calculating Jaccard scores sums...63% completed @ 2022-06-26 03:22:44.513141
Calculating Jaccard scores sums...66% completed @ 2022-06-26 03:22:46.671865
Calculating Jaccard scores sums...69% completed @ 2022-06-26 03:22:48.960500
Calculating Jaccard scores sums...72% completed @ 2022-06-26 03:22:51.356597
Calculating Jaccard scores sums...75% completed @ 2022-06-26 03:22:53.803935
Calculating Jaccard scores sums...78% completed @ 2022-06-26 03:22:56.382589
Calculating Jaccard scores sums...81% completed @ 2022-06-26 03:22:59.048109
Calculating Jaccard scores sums...84% completed @ 2022-06-26 03:23:01.823267
Calculating Jaccard scores sums...87% completed @ 2022-06-26 03:23:04.693865
Calculating Jaccard scores sums...90% completed @ 2022-06-26 03:23:07.659562
Calculating Jaccard scores sums...93% completed @ 2022-06-26 03:23:10.736704
Calculating Jaccard scores sums...96% completed @ 2022-06-26 03:23:13.888538
Calculating Jaccard scores sums...99% completed @ 2022-06-26 03:23:17.137928
Injecting direct edges contribution
Obtaining max scores per vertex
Obtaining max scores per vertex...3% completed @ 2022-06-26 03:23:26.019827
Obtaining max scores per vertex...6% completed @ 2022-06-26 03:23:28.159802
Obtaining max scores per vertex...9% completed @ 2022-06-26 03:23:30.309473
Obtaining max scores per vertex...12% completed @ 2022-06-26 03:23:32.472981
Obtaining max scores per vertex...15% completed @ 2022-06-26 03:23:34.621935
Obtaining max scores per vertex...18% completed @ 2022-06-26 03:23:36.775035
Obtaining max scores per vertex...21% completed @ 2022-06-26 03:23:38.918290
Obtaining max scores per vertex...24% completed @ 2022-06-26 03:23:41.068864
Obtaining max scores per vertex...27% completed @ 2022-06-26 03:23:43.189548
Obtaining max scores per vertex...30% completed @ 2022-06-26 03:23:45.342531
Obtaining max scores per vertex...33% completed @ 2022-06-26 03:23:47.455710
Obtaining max scores per vertex...36% completed @ 2022-06-26 03:23:49.577763
Obtaining max scores per vertex...39% completed @ 2022-06-26 03:23:51.702980
Obtaining max scores per vertex...42% completed @ 2022-06-26 03:23:53.804728
Obtaining max scores per vertex...45% completed @ 2022-06-26 03:23:55.924521
Obtaining max scores per vertex...48% completed @ 2022-06-26 03:23:58.011567
Obtaining max scores per vertex...51% completed @ 2022-06-26 03:24:00.111458
Obtaining max scores per vertex...54% completed @ 2022-06-26 03:24:02.173678
Obtaining max scores per vertex...57% completed @ 2022-06-26 03:24:04.232743
Obtaining max scores per vertex...60% completed @ 2022-06-26 03:24:06.355559
Obtaining max scores per vertex...63% completed @ 2022-06-26 03:24:08.448529
Obtaining max scores per vertex...66% completed @ 2022-06-26 03:24:10.518413
Obtaining max scores per vertex...69% completed @ 2022-06-26 03:24:12.630576
Obtaining max scores per vertex...72% completed @ 2022-06-26 03:24:14.705029
Obtaining max scores per vertex...75% completed @ 2022-06-26 03:24:16.734210
Obtaining max scores per vertex...78% completed @ 2022-06-26 03:24:18.751434
Obtaining max scores per vertex...81% completed @ 2022-06-26 03:24:20.785038
Obtaining max scores per vertex...84% completed @ 2022-06-26 03:24:22.797752
Obtaining max scores per vertex...87% completed @ 2022-06-26 03:24:24.793593
Obtaining max scores per vertex...90% completed @ 2022-06-26 03:24:26.776975
Obtaining max scores per vertex...93% completed @ 2022-06-26 03:24:28.750509
Obtaining max scores per vertex...96% completed @ 2022-06-26 03:24:30.689363
Obtaining max scores per vertex...99% completed @ 2022-06-26 03:24:32.620201
Removing low scoring edges
Removing low scoring edges...3% completed @ 2022-06-26 03:24:33.310002
Removing low scoring edges...6% completed @ 2022-06-26 03:24:33.441921
Removing low scoring edges...9% completed @ 2022-06-26 03:24:33.675686
Removing low scoring edges...12% completed @ 2022-06-26 03:24:34.012504
Removing low scoring edges...15% completed @ 2022-06-26 03:24:34.433913
Removing low scoring edges...18% completed @ 2022-06-26 03:24:34.954226
Removing low scoring edges...21% completed @ 2022-06-26 03:24:35.569920
Removing low scoring edges...24% completed @ 2022-06-26 03:24:36.278107
Removing low scoring edges...27% completed @ 2022-06-26 03:24:37.104764
Removing low scoring edges...30% completed @ 2022-06-26 03:24:38.015590
Removing low scoring edges...33% completed @ 2022-06-26 03:24:38.990870
Removing low scoring edges...36% completed @ 2022-06-26 03:24:40.087380
Removing low scoring edges...39% completed @ 2022-06-26 03:24:41.259694
Removing low scoring edges...42% completed @ 2022-06-26 03:24:42.529260
Removing low scoring edges...45% completed @ 2022-06-26 03:24:43.930057
Removing low scoring edges...48% completed @ 2022-06-26 03:24:45.405693
Removing low scoring edges...51% completed @ 2022-06-26 03:24:46.958293
Removing low scoring edges...54% completed @ 2022-06-26 03:24:48.577974
Removing low scoring edges...57% completed @ 2022-06-26 03:24:50.325765
Removing low scoring edges...60% completed @ 2022-06-26 03:24:52.189602
Removing low scoring edges...63% completed @ 2022-06-26 03:24:54.141492
Removing low scoring edges...66% completed @ 2022-06-26 03:24:56.188148
Removing low scoring edges...69% completed @ 2022-06-26 03:24:58.359228
Removing low scoring edges...72% completed @ 2022-06-26 03:25:00.640665
Removing low scoring edges...75% completed @ 2022-06-26 03:25:02.995498
Removing low scoring edges...78% completed @ 2022-06-26 03:25:05.485030
Removing low scoring edges...81% completed @ 2022-06-26 03:25:08.018293
Removing low scoring edges...84% completed @ 2022-06-26 03:25:10.661243
Removing low scoring edges...87% completed @ 2022-06-26 03:25:13.384584
Removing low scoring edges...90% completed @ 2022-06-26 03:25:16.187688
Removing low scoring edges...93% completed @ 2022-06-26 03:25:19.072720
Removing low scoring edges...96% completed @ 2022-06-26 03:25:22.054063
Removing low scoring edges...99% completed @ 2022-06-26 03:25:25.127987
Finalizing extended graph
778444
......................................[mcl] new tab created
[mcl] pid 482103
 ite -------------------  chaos  time hom(avg,lo,hi) expa expb expc fmv
  1  ................... 260.49  4.05 0.82/0.00/13.11 27.97 7.62 7.62  77
  2  ................... 282.83 35.17 0.59/0.03/1.48 10.27 0.37 2.84  99
  3  ................... 100.19  6.63 0.85/0.09/3.24 14.96 0.05 0.13  88
  4  ...................  20.46  0.07 0.94/0.18/7.95 3.00 0.29 0.04   8
  5  ...................   4.24  0.01 0.97/0.15/3.82 1.10 0.67 0.03   0
  6  ...................   2.43  0.01 0.97/0.29/1.63 1.01 0.87 0.02   0
  7  ...................   2.45  0.01 0.95/0.30/1.26 1.00 0.95 0.02   0
  8  ...................   2.50  0.01 0.94/0.26/1.42 1.00 0.98 0.02   0
  9  ...................   2.35  0.01 0.95/0.36/1.00 1.00 0.91 0.02   0
 10  ...................   1.97  0.01 0.95/0.38/1.00 1.00 0.82 0.02   0
 11  ...................   1.52  0.01 0.96/0.45/1.00 1.00 0.88 0.01   0
 12  ...................   1.51  0.01 0.97/0.47/1.00 1.00 0.88 0.01   0
 13  ...................   1.29  0.00 0.98/0.59/1.00 1.00 0.86 0.01   0
 14  ...................   0.87  0.00 0.99/0.59/1.00 1.00 0.90 0.01   0
 15  ...................   0.83  0.00 1.00/0.71/1.00 1.00 0.95 0.01   0
 16  ...................   0.28  0.00 1.00/0.76/1.00 1.00 0.96 0.01   0
 17  ...................   0.22  0.00 1.00/0.81/1.00 1.00 0.99 0.01   0
 18  ...................   0.24  0.00 1.00/0.78/1.00 1.00 0.99 0.01   0
 19  ...................   0.12  0.00 1.00/0.88/1.00 1.00 1.00 0.01   0
 20  ...................   0.00  0.00 1.00/1.00/1.00 1.00 1.00 0.01   0
 21  ...................   0.00  0.00 1.00/1.00/1.00 1.00 1.00 0.01   0
[mcl] cut <6> instances of overlap
[mcl] jury pruning marks: <52,91,99>, out of 100
[mcl] jury pruning synopsis: <67.6 or fair> (cf -scheme, -do log)
[mcl] output is in /home/wangph1/plant/data/mcl/dog-human-k4-n14512-no1+1656218423.txt
[mcl] 2111 clusters found
[mcl] output is in /home/wangph1/plant/data/mcl/dog-human-k4-n14512-no1+1656218423.txt

Please cite:
    Stijn van Dongen, Graph Clustering by Flow Simulation.  PhD thesis,
    University of Utrecht, May 2000.
       (  http://www.library.uu.nl/digiarchief/dip/diss/1895620/full.pdf
       or  http://micans.org/mcl/lit/svdthesis.pdf.gz)
OR
    Stijn van Dongen, A cluster algorithm for graphs. Technical
    Report INS-R0010, National Research Institute for Mathematics
    and Computer Science in the Netherlands, Amsterdam, May 2000.
       (  http://www.cwi.nl/ftp/CWIreports/INS/INS-R0010.ps.Z
       or  http://micans.org/mcl/lit/INS-R0010.ps.Z)

/home/wangph1/plant/scripts
using old nif file for dog
using old nif file for human
using old odv file for dog
using old odv file for human
using old odv ort file for dog-human
/home/wangph1/plant/data/mcl/dog-human-k4-n14512-no1+1656218423.txt
/home/wangph1/plant/networks/mcl/dog_marked.nif
/home/wangph1/plant/networks/mcl/human_marked.nif
/home/wangph1/plant/data/mcl/fake_ort/dog-human-k4-n14512-no1.ort
/home/wangph1/plant/data/mcl/dog-human-k4-n14512-no1.txt
Traceback (most recent call last):
  File "/home/wangph1/plant/scripts/mcl_helpers.py", line 139, in <module>
    full_local_run_mcl(gtag1, gtag2, notes=notes)
  File "/home/wangph1/plant/scripts/mcl_helpers.py", line 124, in full_local_run_mcl
    process_mcl(gtag1, gtag2, notes=notes)
  File "/home/wangph1/plant/scripts/mcl_helpers.py", line 112, in process_mcl
    num_ort, num_pairs = evaluate_alignment(gtag1, gtag2, notes=notes)
  File "/home/wangph1/plant/scripts/mcl_helpers.py", line 95, in evaluate_alignment
    m2m_pairs = read_in_slashes_m2m(out_path)
  File "/home/wangph1/plant/scripts/file_helpers.py", line 47, in read_in_slashes_m2m
    with open(m2m_path, 'r') as f:
FileNotFoundError: [Errno 2] No such file or directory: '/home/wangph1/plant/data/mcl/dog-human-k4-n14512-no1.txt'
JOBSFINISHED
