Namespace(ag_file=['/home/wangph1/plant/data/mcl/alpha_s0-alpha_s5-k4-n3447-no1+1656218418.ag'], ort_file=['/home/wangph1/plant/data/mcl/fake_ort/alpha_s0-alpha_s5-k4-n3447-no1.ort'], ppi1_file=['/home/wangph1/plant/networks/mcl/alpha_s0_marked.nif'], ppi2_file=['/home/wangph1/plant/networks/mcl/alpha_s5_marked.nif'])
Loading input data
/home/wangph1/plant/networks/mcl/alpha_s0_marked.nif
/home/wangph1/plant/networks/mcl/alpha_s5_marked.nif
/home/wangph1/plant/data/mcl/fake_ort/alpha_s0-alpha_s5-k4-n3447-no1.ort
Building the union graph
Building rev maps
Building maps
Processing net 0 - simple nodes
Processing net 1 - simple nodes
Processing composite nodes
Building igraph.Graph
Entering build_union_graph_edges
Building graph1 edges...3% completed @ 2022-06-25 21:40:20.150170
Building graph1 edges...6% completed @ 2022-06-25 21:40:21.185835
Building graph1 edges...9% completed @ 2022-06-25 21:40:22.222602
Building graph1 edges...12% completed @ 2022-06-25 21:40:23.259848
Building graph1 edges...15% completed @ 2022-06-25 21:40:24.294046
Building graph1 edges...18% completed @ 2022-06-25 21:40:25.332718
Building graph1 edges...21% completed @ 2022-06-25 21:40:26.378820
Building graph1 edges...24% completed @ 2022-06-25 21:40:27.413271
Building graph1 edges...27% completed @ 2022-06-25 21:40:28.456213
Building graph1 edges...30% completed @ 2022-06-25 21:40:29.490695
Building graph1 edges...33% completed @ 2022-06-25 21:40:30.528374
Building graph1 edges...36% completed @ 2022-06-25 21:40:31.567095
Building graph1 edges...39% completed @ 2022-06-25 21:40:32.608065
Building graph1 edges...42% completed @ 2022-06-25 21:40:33.648521
Building graph1 edges...45% completed @ 2022-06-25 21:40:34.681292
Building graph1 edges...48% completed @ 2022-06-25 21:40:35.717999
Building graph1 edges...51% completed @ 2022-06-25 21:40:36.753251
Building graph1 edges...54% completed @ 2022-06-25 21:40:37.786325
Building graph1 edges...57% completed @ 2022-06-25 21:40:38.819360
Building graph1 edges...60% completed @ 2022-06-25 21:40:39.851096
Building graph1 edges...63% completed @ 2022-06-25 21:40:40.888804
Building graph1 edges...66% completed @ 2022-06-25 21:40:41.924160
Building graph1 edges...69% completed @ 2022-06-25 21:40:42.957712
Building graph1 edges...72% completed @ 2022-06-25 21:40:43.989475
Building graph1 edges...75% completed @ 2022-06-25 21:40:45.022031
Building graph1 edges...78% completed @ 2022-06-25 21:40:46.061397
Building graph1 edges...81% completed @ 2022-06-25 21:40:47.097776
Building graph1 edges...84% completed @ 2022-06-25 21:40:48.131993
Building graph1 edges...87% completed @ 2022-06-25 21:40:49.167436
Building graph1 edges...90% completed @ 2022-06-25 21:40:50.190513
Building graph1 edges...93% completed @ 2022-06-25 21:40:51.197899
Building graph1 edges...96% completed @ 2022-06-25 21:40:52.213020
Building graph1 edges...99% completed @ 2022-06-25 21:40:53.227146
Merging conserved edges
Pruning the union graph
Building the extended union graph
Extending the union graph...10% completed @ 2022-06-25 21:40:53.724465
Extending the union graph...20% completed @ 2022-06-25 21:40:53.729979
Extending the union graph...30% completed @ 2022-06-25 21:40:53.735543
Extending the union graph...40% completed @ 2022-06-25 21:40:53.742086
Extending the union graph...50% completed @ 2022-06-25 21:40:53.747888
Extending the union graph...60% completed @ 2022-06-25 21:40:53.764067
Extending the union graph...70% completed @ 2022-06-25 21:40:53.776142
Extending the union graph...80% completed @ 2022-06-25 21:40:53.787541
Extending the union graph...90% completed @ 2022-06-25 21:40:53.800929
Edge Jaccard on extended union graph dist 1
Building the extended union graph
Extending the union graph...3% completed @ 2022-06-25 21:40:54.515531
Extending the union graph...6% completed @ 2022-06-25 21:40:54.584543
Extending the union graph...9% completed @ 2022-06-25 21:40:54.595438
Extending the union graph...12% completed @ 2022-06-25 21:40:54.597725
Extending the union graph...15% completed @ 2022-06-25 21:40:54.609477
Extending the union graph...18% completed @ 2022-06-25 21:40:54.611683
Extending the union graph...21% completed @ 2022-06-25 21:40:54.631040
Extending the union graph...24% completed @ 2022-06-25 21:40:54.632374
Extending the union graph...27% completed @ 2022-06-25 21:40:54.635809
Extending the union graph...30% completed @ 2022-06-25 21:40:54.651656
Extending the union graph...33% completed @ 2022-06-25 21:40:54.652777
Extending the union graph...36% completed @ 2022-06-25 21:40:54.661551
Extending the union graph...39% completed @ 2022-06-25 21:40:54.665590
Extending the union graph...42% completed @ 2022-06-25 21:40:54.669703
Extending the union graph...45% completed @ 2022-06-25 21:40:54.670967
Extending the union graph...48% completed @ 2022-06-25 21:40:54.686434
Extending the union graph...51% completed @ 2022-06-25 21:40:54.687757
Extending the union graph...54% completed @ 2022-06-25 21:40:54.698085
Extending the union graph...57% completed @ 2022-06-25 21:40:54.699414
Extending the union graph...60% completed @ 2022-06-25 21:40:54.702945
Extending the union graph...63% completed @ 2022-06-25 21:40:54.725528
Extending the union graph...66% completed @ 2022-06-25 21:40:54.728059
Extending the union graph...69% completed @ 2022-06-25 21:40:54.890429
Extending the union graph...72% completed @ 2022-06-25 21:40:54.894637
Extending the union graph...75% completed @ 2022-06-25 21:40:54.909846
Extending the union graph...78% completed @ 2022-06-25 21:40:54.913721
Extending the union graph...81% completed @ 2022-06-25 21:40:54.992350
Extending the union graph...84% completed @ 2022-06-25 21:40:55.011012
Extending the union graph...87% completed @ 2022-06-25 21:40:55.153756
Extending the union graph...90% completed @ 2022-06-25 21:40:55.158816
Extending the union graph...93% completed @ 2022-06-25 21:40:55.234319
Extending the union graph...96% completed @ 2022-06-25 21:40:55.342353
Extending the union graph...99% completed @ 2022-06-25 21:40:55.347502
Evaluating vertex sums
Extending the union graph...3% completed @ 2022-06-25 21:40:55.419617
Extending the union graph...6% completed @ 2022-06-25 21:40:55.489113
Extending the union graph...9% completed @ 2022-06-25 21:40:55.559824
Extending the union graph...12% completed @ 2022-06-25 21:40:55.628919
Extending the union graph...15% completed @ 2022-06-25 21:40:55.698459
Extending the union graph...18% completed @ 2022-06-25 21:40:55.766082
Extending the union graph...21% completed @ 2022-06-25 21:40:55.839188
Extending the union graph...24% completed @ 2022-06-25 21:40:55.913531
Extending the union graph...27% completed @ 2022-06-25 21:40:55.982792
Extending the union graph...30% completed @ 2022-06-25 21:40:56.051988
Extending the union graph...33% completed @ 2022-06-25 21:40:56.120489
Extending the union graph...36% completed @ 2022-06-25 21:40:56.189913
Extending the union graph...39% completed @ 2022-06-25 21:40:56.258193
Extending the union graph...42% completed @ 2022-06-25 21:40:56.325840
Extending the union graph...45% completed @ 2022-06-25 21:40:56.394331
Extending the union graph...48% completed @ 2022-06-25 21:40:56.462697
Extending the union graph...51% completed @ 2022-06-25 21:40:56.530712
Extending the union graph...54% completed @ 2022-06-25 21:40:56.598803
Extending the union graph...57% completed @ 2022-06-25 21:40:56.664538
Extending the union graph...60% completed @ 2022-06-25 21:40:56.732464
Extending the union graph...63% completed @ 2022-06-25 21:40:56.799005
Extending the union graph...66% completed @ 2022-06-25 21:40:56.864480
Extending the union graph...69% completed @ 2022-06-25 21:40:56.930410
Extending the union graph...72% completed @ 2022-06-25 21:40:56.996112
Extending the union graph...75% completed @ 2022-06-25 21:40:57.062462
Extending the union graph...78% completed @ 2022-06-25 21:40:57.127961
Extending the union graph...81% completed @ 2022-06-25 21:40:57.194333
Extending the union graph...84% completed @ 2022-06-25 21:40:57.259693
Extending the union graph...87% completed @ 2022-06-25 21:40:57.324437
Extending the union graph...90% completed @ 2022-06-25 21:40:57.390703
Extending the union graph...93% completed @ 2022-06-25 21:40:57.455815
Extending the union graph...96% completed @ 2022-06-25 21:40:57.521082
Extending the union graph...99% completed @ 2022-06-25 21:40:57.586485
Calculating Jaccard scores sums
Calculating Jaccard scores sums...3% completed @ 2022-06-25 21:40:57.610621
Calculating Jaccard scores sums...6% completed @ 2022-06-25 21:40:57.618650
Calculating Jaccard scores sums...9% completed @ 2022-06-25 21:40:57.632114
Calculating Jaccard scores sums...12% completed @ 2022-06-25 21:40:57.653394
Calculating Jaccard scores sums...15% completed @ 2022-06-25 21:40:57.678699
Calculating Jaccard scores sums...18% completed @ 2022-06-25 21:40:57.708311
Calculating Jaccard scores sums...21% completed @ 2022-06-25 21:40:57.743497
Calculating Jaccard scores sums...24% completed @ 2022-06-25 21:40:57.784152
Calculating Jaccard scores sums...27% completed @ 2022-06-25 21:40:57.829380
Calculating Jaccard scores sums...30% completed @ 2022-06-25 21:40:57.880184
Calculating Jaccard scores sums...33% completed @ 2022-06-25 21:40:57.935624
Calculating Jaccard scores sums...36% completed @ 2022-06-25 21:40:57.996751
Calculating Jaccard scores sums...39% completed @ 2022-06-25 21:40:58.062898
Calculating Jaccard scores sums...42% completed @ 2022-06-25 21:40:58.133423
Calculating Jaccard scores sums...45% completed @ 2022-06-25 21:40:58.210708
Calculating Jaccard scores sums...48% completed @ 2022-06-25 21:40:58.293070
Calculating Jaccard scores sums...51% completed @ 2022-06-25 21:40:58.380614
Calculating Jaccard scores sums...54% completed @ 2022-06-25 21:40:58.474813
Calculating Jaccard scores sums...57% completed @ 2022-06-25 21:40:58.573539
Calculating Jaccard scores sums...60% completed @ 2022-06-25 21:40:58.680173
Calculating Jaccard scores sums...63% completed @ 2022-06-25 21:40:58.790470
Calculating Jaccard scores sums...66% completed @ 2022-06-25 21:40:58.905939
Calculating Jaccard scores sums...69% completed @ 2022-06-25 21:40:59.027038
Calculating Jaccard scores sums...72% completed @ 2022-06-25 21:40:59.152959
Calculating Jaccard scores sums...75% completed @ 2022-06-25 21:40:59.286078
Calculating Jaccard scores sums...78% completed @ 2022-06-25 21:40:59.422882
Calculating Jaccard scores sums...81% completed @ 2022-06-25 21:40:59.567890
Calculating Jaccard scores sums...84% completed @ 2022-06-25 21:40:59.716760
Calculating Jaccard scores sums...87% completed @ 2022-06-25 21:40:59.870693
Calculating Jaccard scores sums...90% completed @ 2022-06-25 21:41:00.033271
Calculating Jaccard scores sums...93% completed @ 2022-06-25 21:41:00.198513
Calculating Jaccard scores sums...96% completed @ 2022-06-25 21:41:00.370341
Calculating Jaccard scores sums...99% completed @ 2022-06-25 21:41:00.545729
Injecting direct edges contribution
Obtaining max scores per vertex
Obtaining max scores per vertex...3% completed @ 2022-06-25 21:41:00.873611
Obtaining max scores per vertex...6% completed @ 2022-06-25 21:41:00.996055
Obtaining max scores per vertex...9% completed @ 2022-06-25 21:41:01.115948
Obtaining max scores per vertex...12% completed @ 2022-06-25 21:41:01.233133
Obtaining max scores per vertex...15% completed @ 2022-06-25 21:41:01.351411
Obtaining max scores per vertex...18% completed @ 2022-06-25 21:41:01.467957
Obtaining max scores per vertex...21% completed @ 2022-06-25 21:41:01.585420
Obtaining max scores per vertex...24% completed @ 2022-06-25 21:41:01.700760
Obtaining max scores per vertex...27% completed @ 2022-06-25 21:41:01.814925
Obtaining max scores per vertex...30% completed @ 2022-06-25 21:41:01.930058
Obtaining max scores per vertex...33% completed @ 2022-06-25 21:41:02.046199
Obtaining max scores per vertex...36% completed @ 2022-06-25 21:41:02.160670
Obtaining max scores per vertex...39% completed @ 2022-06-25 21:41:02.275843
Obtaining max scores per vertex...42% completed @ 2022-06-25 21:41:02.389322
Obtaining max scores per vertex...45% completed @ 2022-06-25 21:41:02.504892
Obtaining max scores per vertex...48% completed @ 2022-06-25 21:41:02.615538
Obtaining max scores per vertex...51% completed @ 2022-06-25 21:41:02.725142
Obtaining max scores per vertex...54% completed @ 2022-06-25 21:41:02.834914
Obtaining max scores per vertex...57% completed @ 2022-06-25 21:41:02.942937
Obtaining max scores per vertex...60% completed @ 2022-06-25 21:41:03.051897
Obtaining max scores per vertex...63% completed @ 2022-06-25 21:41:03.158840
Obtaining max scores per vertex...66% completed @ 2022-06-25 21:41:03.265563
Obtaining max scores per vertex...69% completed @ 2022-06-25 21:41:03.372108
Obtaining max scores per vertex...72% completed @ 2022-06-25 21:41:03.477264
Obtaining max scores per vertex...75% completed @ 2022-06-25 21:41:03.583172
Obtaining max scores per vertex...78% completed @ 2022-06-25 21:41:03.687186
Obtaining max scores per vertex...81% completed @ 2022-06-25 21:41:03.791902
Obtaining max scores per vertex...84% completed @ 2022-06-25 21:41:03.894938
Obtaining max scores per vertex...87% completed @ 2022-06-25 21:41:03.997266
Obtaining max scores per vertex...90% completed @ 2022-06-25 21:41:04.099642
Obtaining max scores per vertex...93% completed @ 2022-06-25 21:41:04.200776
Obtaining max scores per vertex...96% completed @ 2022-06-25 21:41:04.302022
Obtaining max scores per vertex...99% completed @ 2022-06-25 21:41:04.401494
Removing low scoring edges
Removing low scoring edges...3% completed @ 2022-06-25 21:41:04.437215
Removing low scoring edges...6% completed @ 2022-06-25 21:41:04.444536
Removing low scoring edges...9% completed @ 2022-06-25 21:41:04.456654
Removing low scoring edges...12% completed @ 2022-06-25 21:41:04.473438
Removing low scoring edges...15% completed @ 2022-06-25 21:41:04.495237
Removing low scoring edges...18% completed @ 2022-06-25 21:41:04.520906
Removing low scoring edges...21% completed @ 2022-06-25 21:41:04.552257
Removing low scoring edges...24% completed @ 2022-06-25 21:41:04.589033
Removing low scoring edges...27% completed @ 2022-06-25 21:41:04.628612
Removing low scoring edges...30% completed @ 2022-06-25 21:41:04.673207
Removing low scoring edges...33% completed @ 2022-06-25 21:41:04.723399
Removing low scoring edges...36% completed @ 2022-06-25 21:41:04.779774
Removing low scoring edges...39% completed @ 2022-06-25 21:41:04.839250
Removing low scoring edges...42% completed @ 2022-06-25 21:41:04.906706
Removing low scoring edges...45% completed @ 2022-06-25 21:41:04.978960
Removing low scoring edges...48% completed @ 2022-06-25 21:41:05.056318
Removing low scoring edges...51% completed @ 2022-06-25 21:41:05.138719
Removing low scoring edges...54% completed @ 2022-06-25 21:41:05.226900
Removing low scoring edges...57% completed @ 2022-06-25 21:41:05.316261
Removing low scoring edges...60% completed @ 2022-06-25 21:41:05.415338
Removing low scoring edges...63% completed @ 2022-06-25 21:41:05.516112
Removing low scoring edges...66% completed @ 2022-06-25 21:41:05.621230
Removing low scoring edges...69% completed @ 2022-06-25 21:41:05.730932
Removing low scoring edges...72% completed @ 2022-06-25 21:41:05.846447
Removing low scoring edges...75% completed @ 2022-06-25 21:41:05.968248
Removing low scoring edges...78% completed @ 2022-06-25 21:41:06.093805
Removing low scoring edges...81% completed @ 2022-06-25 21:41:06.226305
Removing low scoring edges...84% completed @ 2022-06-25 21:41:06.362176
Removing low scoring edges...87% completed @ 2022-06-25 21:41:06.507451
Removing low scoring edges...90% completed @ 2022-06-25 21:41:06.660094
Removing low scoring edges...93% completed @ 2022-06-25 21:41:06.812326
Removing low scoring edges...96% completed @ 2022-06-25 21:41:06.970128
Removing low scoring edges...99% completed @ 2022-06-25 21:41:07.135035
Finalizing extended graph
37281
.[mcl] new tab created
[mcl] pid 511872
 ite -------------------  chaos  time hom(avg,lo,hi) expa expb expc fmv
  1  ................... 107.87  0.09 1.01/0.01/4.05 9.18 7.81 7.81  61
  2  ...................  83.17  0.41 0.47/0.02/1.16 12.17 0.44 3.42  99
  3  ...................  14.42  0.10 0.85/0.29/1.91 9.55 0.10 0.33  97
  4  ...................   1.74  0.00 0.95/0.41/1.45 1.88 0.22 0.07   4
  5  ...................   0.96  0.00 0.98/0.50/1.38 1.07 0.67 0.05   0
  6  ...................   0.37  0.00 0.99/0.68/1.00 1.00 0.86 0.04   0
  7  ...................   0.25  0.00 1.00/0.76/1.00 1.00 0.95 0.04   0
  8  ...................   0.25  0.00 1.00/0.76/1.00 1.00 0.94 0.04   0
  9  ...................   0.25  0.00 1.00/0.76/1.00 1.00 0.99 0.04   0
 10  ...................   0.05  0.00 1.00/0.95/1.00 1.00 1.00 0.04   0
 11  ...................   0.00  0.00 1.00/1.00/1.00 1.00 1.00 0.04   0
[mcl] jury pruning marks: <99,99,99>, out of 100
[mcl] jury pruning synopsis: <99.0 or perfect> (cf -scheme, -do log)
[mcl] output is in /home/wangph1/plant/data/mcl/alpha_s0-alpha_s5-k4-n3447-no1+1656218418.txt
[mcl] 294 clusters found
[mcl] output is in /home/wangph1/plant/data/mcl/alpha_s0-alpha_s5-k4-n3447-no1+1656218418.txt

Please cite:
    Stijn van Dongen, Graph Clustering by Flow Simulation.  PhD thesis,
    University of Utrecht, May 2000.
       (  http://www.library.uu.nl/digiarchief/dip/diss/1895620/full.pdf
       or  http://micans.org/mcl/lit/svdthesis.pdf.gz)
OR
    Stijn van Dongen, A cluster algorithm for graphs. Technical
    Report INS-R0010, National Research Institute for Mathematics
    and Computer Science in the Netherlands, Amsterdam, May 2000.
       (  http://www.cwi.nl/ftp/CWIreports/INS/INS-R0010.ps.Z
       or  http://micans.org/mcl/lit/INS-R0010.ps.Z)

/home/wangph1/plant/scripts
using old nif file for alpha_s0
using old nif file for alpha_s5
using old odv file for alpha_s0
using old odv file for alpha_s5
using old odv ort file for alpha_s0-alpha_s5
/home/wangph1/plant/data/mcl/alpha_s0-alpha_s5-k4-n3447-no1+1656218418.txt
/home/wangph1/plant/networks/mcl/alpha_s0_marked.nif
/home/wangph1/plant/networks/mcl/alpha_s5_marked.nif
/home/wangph1/plant/data/mcl/fake_ort/alpha_s0-alpha_s5-k4-n3447-no1.ort
/home/wangph1/plant/data/mcl/alpha_s0-alpha_s5-k4-n3447-no1.txt
Traceback (most recent call last):
  File "/home/wangph1/plant/scripts/mcl_helpers.py", line 139, in <module>
    full_local_run_mcl(gtag1, gtag2, notes=notes)
  File "/home/wangph1/plant/scripts/mcl_helpers.py", line 124, in full_local_run_mcl
    process_mcl(gtag1, gtag2, notes=notes)
  File "/home/wangph1/plant/scripts/mcl_helpers.py", line 112, in process_mcl
    num_ort, num_pairs = evaluate_alignment(gtag1, gtag2, notes=notes)
  File "/home/wangph1/plant/scripts/mcl_helpers.py", line 95, in evaluate_alignment
    m2m_pairs = read_in_slashes_m2m(out_path)
  File "/home/wangph1/plant/scripts/file_helpers.py", line 47, in read_in_slashes_m2m
    with open(m2m_path, 'r') as f:
FileNotFoundError: [Errno 2] No such file or directory: '/home/wangph1/plant/data/mcl/alpha_s0-alpha_s5-k4-n3447-no1.txt'
JOBSFINISHED
