Namespace(ag_file=['/home/wangph1/plant/data/mcl/guineapig-pig-k4-n14189-no1+1656218423.ag'], ort_file=['/home/wangph1/plant/data/mcl/fake_ort/guineapig-pig-k4-n14189-no1.ort'], ppi1_file=['/home/wangph1/plant/networks/mcl/guineapig_marked.nif'], ppi2_file=['/home/wangph1/plant/networks/mcl/pig_marked.nif'])
Loading input data
/home/wangph1/plant/networks/mcl/guineapig_marked.nif
/home/wangph1/plant/networks/mcl/pig_marked.nif
/home/wangph1/plant/data/mcl/fake_ort/guineapig-pig-k4-n14189-no1.ort
Building the union graph
Building rev maps
Building maps
Processing net 0 - simple nodes
Processing net 1 - simple nodes
Processing composite nodes
Building igraph.Graph
Entering build_union_graph_edges
Building graph1 edges...3% completed @ 2022-06-25 21:50:21.240200
Building graph1 edges...6% completed @ 2022-06-25 22:00:07.188470
Building graph1 edges...9% completed @ 2022-06-25 22:09:53.691184
Building graph1 edges...12% completed @ 2022-06-25 22:19:39.806212
Building graph1 edges...15% completed @ 2022-06-25 22:29:26.118882
Building graph1 edges...18% completed @ 2022-06-25 22:39:13.163239
Building graph1 edges...21% completed @ 2022-06-25 22:48:59.513725
Building graph1 edges...24% completed @ 2022-06-25 22:58:46.168957
Building graph1 edges...27% completed @ 2022-06-25 23:08:32.746782
Building graph1 edges...30% completed @ 2022-06-25 23:18:18.849702
Building graph1 edges...33% completed @ 2022-06-25 23:28:05.148225
Building graph1 edges...36% completed @ 2022-06-25 23:37:51.379636
Building graph1 edges...39% completed @ 2022-06-25 23:47:39.302958
Building graph1 edges...42% completed @ 2022-06-25 23:57:25.617170
Building graph1 edges...45% completed @ 2022-06-26 00:07:12.091279
Building graph1 edges...48% completed @ 2022-06-26 00:16:58.309367
Building graph1 edges...51% completed @ 2022-06-26 00:26:44.498658
Building graph1 edges...54% completed @ 2022-06-26 00:36:30.897180
Building graph1 edges...57% completed @ 2022-06-26 00:46:17.644654
Building graph1 edges...60% completed @ 2022-06-26 00:56:04.493728
Building graph1 edges...63% completed @ 2022-06-26 01:05:50.509756
Building graph1 edges...66% completed @ 2022-06-26 01:15:36.838057
Building graph1 edges...69% completed @ 2022-06-26 01:25:22.867863
Building graph1 edges...72% completed @ 2022-06-26 01:35:08.969012
Building graph1 edges...75% completed @ 2022-06-26 01:44:55.286198
Building graph1 edges...78% completed @ 2022-06-26 01:54:44.065594
Building graph1 edges...81% completed @ 2022-06-26 02:04:30.114393
Building graph1 edges...84% completed @ 2022-06-26 02:14:16.843426
Building graph1 edges...87% completed @ 2022-06-26 02:24:03.054328
Building graph1 edges...90% completed @ 2022-06-26 02:33:49.414630
Building graph1 edges...93% completed @ 2022-06-26 02:43:36.295729
Building graph1 edges...96% completed @ 2022-06-26 02:53:22.421288
Building graph1 edges...99% completed @ 2022-06-26 03:03:09.879406
Merging conserved edges
Pruning the union graph
Building the extended union graph
Extending the union graph...10% completed @ 2022-06-26 03:06:36.553999
Extending the union graph...20% completed @ 2022-06-26 03:06:36.605284
Extending the union graph...30% completed @ 2022-06-26 03:06:36.676312
Extending the union graph...40% completed @ 2022-06-26 03:06:36.766686
Extending the union graph...50% completed @ 2022-06-26 03:06:36.852480
Extending the union graph...60% completed @ 2022-06-26 03:06:37.761650
Extending the union graph...70% completed @ 2022-06-26 03:06:38.800301
Extending the union graph...80% completed @ 2022-06-26 03:06:39.694183
Extending the union graph...90% completed @ 2022-06-26 03:06:40.662544
Edge Jaccard on extended union graph dist 1
Building the extended union graph
Extending the union graph...3% completed @ 2022-06-26 03:07:06.757385
Extending the union graph...6% completed @ 2022-06-26 03:07:27.589125
Extending the union graph...9% completed @ 2022-06-26 03:08:01.159517
Extending the union graph...12% completed @ 2022-06-26 03:08:30.716824
Extending the union graph...15% completed @ 2022-06-26 03:08:45.158198
Extending the union graph...18% completed @ 2022-06-26 03:09:01.346752
Extending the union graph...21% completed @ 2022-06-26 03:09:17.359157
Extending the union graph...24% completed @ 2022-06-26 03:10:04.615358
Extending the union graph...27% completed @ 2022-06-26 03:10:32.064819
Extending the union graph...30% completed @ 2022-06-26 03:11:02.393490
Extending the union graph...33% completed @ 2022-06-26 03:11:27.362960
Extending the union graph...36% completed @ 2022-06-26 03:11:49.777211
Extending the union graph...39% completed @ 2022-06-26 03:12:14.741792
Extending the union graph...42% completed @ 2022-06-26 03:12:26.143500
Extending the union graph...45% completed @ 2022-06-26 03:12:50.014996
Extending the union graph...48% completed @ 2022-06-26 03:13:18.886502
Extending the union graph...51% completed @ 2022-06-26 03:13:31.519833
Extending the union graph...54% completed @ 2022-06-26 03:13:52.702671
Extending the union graph...57% completed @ 2022-06-26 03:14:10.109795
Extending the union graph...60% completed @ 2022-06-26 03:14:46.290011
Extending the union graph...63% completed @ 2022-06-26 03:15:17.949960
Extending the union graph...66% completed @ 2022-06-26 03:15:31.868477
Extending the union graph...69% completed @ 2022-06-26 03:16:04.484292
Extending the union graph...72% completed @ 2022-06-26 03:16:31.720133
Extending the union graph...75% completed @ 2022-06-26 03:16:48.577640
Extending the union graph...78% completed @ 2022-06-26 03:17:08.824127
Extending the union graph...81% completed @ 2022-06-26 03:17:35.074794
Extending the union graph...84% completed @ 2022-06-26 03:17:59.081042
Extending the union graph...87% completed @ 2022-06-26 03:18:22.857331
Extending the union graph...90% completed @ 2022-06-26 03:18:42.621144
Extending the union graph...93% completed @ 2022-06-26 03:19:07.166569
Extending the union graph...96% completed @ 2022-06-26 03:19:23.256560
Extending the union graph...99% completed @ 2022-06-26 03:19:51.207806
Evaluating vertex sums
Extending the union graph...3% completed @ 2022-06-26 03:19:58.659234
Extending the union graph...6% completed @ 2022-06-26 03:20:00.074429
Extending the union graph...9% completed @ 2022-06-26 03:20:01.483002
Extending the union graph...12% completed @ 2022-06-26 03:20:02.893604
Extending the union graph...15% completed @ 2022-06-26 03:20:04.315317
Extending the union graph...18% completed @ 2022-06-26 03:20:05.733720
Extending the union graph...21% completed @ 2022-06-26 03:20:07.123054
Extending the union graph...24% completed @ 2022-06-26 03:20:08.547631
Extending the union graph...27% completed @ 2022-06-26 03:20:09.949768
Extending the union graph...30% completed @ 2022-06-26 03:20:11.361393
Extending the union graph...33% completed @ 2022-06-26 03:20:12.821308
Extending the union graph...36% completed @ 2022-06-26 03:20:14.246334
Extending the union graph...39% completed @ 2022-06-26 03:20:15.686126
Extending the union graph...42% completed @ 2022-06-26 03:20:17.081972
Extending the union graph...45% completed @ 2022-06-26 03:20:18.509116
Extending the union graph...48% completed @ 2022-06-26 03:20:19.951697
Extending the union graph...51% completed @ 2022-06-26 03:20:21.370113
Extending the union graph...54% completed @ 2022-06-26 03:20:22.785679
Extending the union graph...57% completed @ 2022-06-26 03:20:24.197471
Extending the union graph...60% completed @ 2022-06-26 03:20:25.635104
Extending the union graph...63% completed @ 2022-06-26 03:20:27.101710
Extending the union graph...66% completed @ 2022-06-26 03:20:28.552379
Extending the union graph...69% completed @ 2022-06-26 03:20:29.994290
Extending the union graph...72% completed @ 2022-06-26 03:20:31.433416
Extending the union graph...75% completed @ 2022-06-26 03:20:32.869486
Extending the union graph...78% completed @ 2022-06-26 03:20:34.320395
Extending the union graph...81% completed @ 2022-06-26 03:20:35.747063
Extending the union graph...84% completed @ 2022-06-26 03:20:37.178196
Extending the union graph...87% completed @ 2022-06-26 03:20:38.584975
Extending the union graph...90% completed @ 2022-06-26 03:20:40.011692
Extending the union graph...93% completed @ 2022-06-26 03:20:41.463015
Extending the union graph...96% completed @ 2022-06-26 03:20:42.927793
Extending the union graph...99% completed @ 2022-06-26 03:20:44.356544
Calculating Jaccard scores sums
Calculating Jaccard scores sums...3% completed @ 2022-06-26 03:20:44.874671
Calculating Jaccard scores sums...6% completed @ 2022-06-26 03:20:45.019922
Calculating Jaccard scores sums...9% completed @ 2022-06-26 03:20:45.263628
Calculating Jaccard scores sums...12% completed @ 2022-06-26 03:20:45.598869
Calculating Jaccard scores sums...15% completed @ 2022-06-26 03:20:46.025728
Calculating Jaccard scores sums...18% completed @ 2022-06-26 03:20:46.550745
Calculating Jaccard scores sums...21% completed @ 2022-06-26 03:20:47.176225
Calculating Jaccard scores sums...24% completed @ 2022-06-26 03:20:47.915337
Calculating Jaccard scores sums...27% completed @ 2022-06-26 03:20:48.771928
Calculating Jaccard scores sums...30% completed @ 2022-06-26 03:20:49.699508
Calculating Jaccard scores sums...33% completed @ 2022-06-26 03:20:50.732983
Calculating Jaccard scores sums...36% completed @ 2022-06-26 03:20:51.844740
Calculating Jaccard scores sums...39% completed @ 2022-06-26 03:20:53.074143
Calculating Jaccard scores sums...42% completed @ 2022-06-26 03:20:54.388684
Calculating Jaccard scores sums...45% completed @ 2022-06-26 03:20:55.803867
Calculating Jaccard scores sums...48% completed @ 2022-06-26 03:20:57.362444
Calculating Jaccard scores sums...51% completed @ 2022-06-26 03:20:58.984749
Calculating Jaccard scores sums...54% completed @ 2022-06-26 03:21:00.703823
Calculating Jaccard scores sums...57% completed @ 2022-06-26 03:21:02.514786
Calculating Jaccard scores sums...60% completed @ 2022-06-26 03:21:04.505811
Calculating Jaccard scores sums...63% completed @ 2022-06-26 03:21:06.532017
Calculating Jaccard scores sums...66% completed @ 2022-06-26 03:21:08.672738
Calculating Jaccard scores sums...69% completed @ 2022-06-26 03:21:10.927613
Calculating Jaccard scores sums...72% completed @ 2022-06-26 03:21:13.298348
Calculating Jaccard scores sums...75% completed @ 2022-06-26 03:21:15.749453
Calculating Jaccard scores sums...78% completed @ 2022-06-26 03:21:18.278300
Calculating Jaccard scores sums...81% completed @ 2022-06-26 03:21:20.944971
Calculating Jaccard scores sums...84% completed @ 2022-06-26 03:21:23.656675
Calculating Jaccard scores sums...87% completed @ 2022-06-26 03:21:26.476199
Calculating Jaccard scores sums...90% completed @ 2022-06-26 03:21:29.435801
Calculating Jaccard scores sums...93% completed @ 2022-06-26 03:21:32.426586
Calculating Jaccard scores sums...96% completed @ 2022-06-26 03:21:35.572476
Calculating Jaccard scores sums...99% completed @ 2022-06-26 03:21:38.777602
Injecting direct edges contribution
Obtaining max scores per vertex
Obtaining max scores per vertex...3% completed @ 2022-06-26 03:21:48.495966
Obtaining max scores per vertex...6% completed @ 2022-06-26 03:21:50.562620
Obtaining max scores per vertex...9% completed @ 2022-06-26 03:21:52.608754
Obtaining max scores per vertex...12% completed @ 2022-06-26 03:21:54.651210
Obtaining max scores per vertex...15% completed @ 2022-06-26 03:21:56.713264
Obtaining max scores per vertex...18% completed @ 2022-06-26 03:21:58.823761
Obtaining max scores per vertex...21% completed @ 2022-06-26 03:22:00.875492
Obtaining max scores per vertex...24% completed @ 2022-06-26 03:22:02.947809
Obtaining max scores per vertex...27% completed @ 2022-06-26 03:22:05.044529
Obtaining max scores per vertex...30% completed @ 2022-06-26 03:22:07.087019
Obtaining max scores per vertex...33% completed @ 2022-06-26 03:22:09.144107
Obtaining max scores per vertex...36% completed @ 2022-06-26 03:22:11.200605
Obtaining max scores per vertex...39% completed @ 2022-06-26 03:22:13.300800
Obtaining max scores per vertex...42% completed @ 2022-06-26 03:22:15.353531
Obtaining max scores per vertex...45% completed @ 2022-06-26 03:22:17.392365
Obtaining max scores per vertex...48% completed @ 2022-06-26 03:22:19.455400
Obtaining max scores per vertex...51% completed @ 2022-06-26 03:22:21.529864
Obtaining max scores per vertex...54% completed @ 2022-06-26 03:22:23.561814
Obtaining max scores per vertex...57% completed @ 2022-06-26 03:22:25.599200
Obtaining max scores per vertex...60% completed @ 2022-06-26 03:22:27.713438
Obtaining max scores per vertex...63% completed @ 2022-06-26 03:22:29.786447
Obtaining max scores per vertex...66% completed @ 2022-06-26 03:22:31.829757
Obtaining max scores per vertex...69% completed @ 2022-06-26 03:22:33.949813
Obtaining max scores per vertex...72% completed @ 2022-06-26 03:22:35.994220
Obtaining max scores per vertex...75% completed @ 2022-06-26 03:22:38.028485
Obtaining max scores per vertex...78% completed @ 2022-06-26 03:22:40.039066
Obtaining max scores per vertex...81% completed @ 2022-06-26 03:22:42.102588
Obtaining max scores per vertex...84% completed @ 2022-06-26 03:22:44.148443
Obtaining max scores per vertex...87% completed @ 2022-06-26 03:22:46.147282
Obtaining max scores per vertex...90% completed @ 2022-06-26 03:22:48.162666
Obtaining max scores per vertex...93% completed @ 2022-06-26 03:22:50.152190
Obtaining max scores per vertex...96% completed @ 2022-06-26 03:22:52.129634
Obtaining max scores per vertex...99% completed @ 2022-06-26 03:22:54.103270
Removing low scoring edges
Removing low scoring edges...3% completed @ 2022-06-26 03:22:54.800146
Removing low scoring edges...6% completed @ 2022-06-26 03:22:54.936968
Removing low scoring edges...9% completed @ 2022-06-26 03:22:55.171213
Removing low scoring edges...12% completed @ 2022-06-26 03:22:55.497509
Removing low scoring edges...15% completed @ 2022-06-26 03:22:55.947615
Removing low scoring edges...18% completed @ 2022-06-26 03:22:56.475847
Removing low scoring edges...21% completed @ 2022-06-26 03:22:57.097720
Removing low scoring edges...24% completed @ 2022-06-26 03:22:57.832318
Removing low scoring edges...27% completed @ 2022-06-26 03:22:58.645514
Removing low scoring edges...30% completed @ 2022-06-26 03:22:59.546666
Removing low scoring edges...33% completed @ 2022-06-26 03:23:00.564564
Removing low scoring edges...36% completed @ 2022-06-26 03:23:01.655105
Removing low scoring edges...39% completed @ 2022-06-26 03:23:02.868669
Removing low scoring edges...42% completed @ 2022-06-26 03:23:04.169364
Removing low scoring edges...45% completed @ 2022-06-26 03:23:05.551375
Removing low scoring edges...48% completed @ 2022-06-26 03:23:07.024301
Removing low scoring edges...51% completed @ 2022-06-26 03:23:08.597755
Removing low scoring edges...54% completed @ 2022-06-26 03:23:10.269193
Removing low scoring edges...57% completed @ 2022-06-26 03:23:12.074388
Removing low scoring edges...60% completed @ 2022-06-26 03:23:13.989234
Removing low scoring edges...63% completed @ 2022-06-26 03:23:15.993928
Removing low scoring edges...66% completed @ 2022-06-26 03:23:18.095958
Removing low scoring edges...69% completed @ 2022-06-26 03:23:20.285878
Removing low scoring edges...72% completed @ 2022-06-26 03:23:22.553365
Removing low scoring edges...75% completed @ 2022-06-26 03:23:24.899928
Removing low scoring edges...78% completed @ 2022-06-26 03:23:27.431985
Removing low scoring edges...81% completed @ 2022-06-26 03:23:30.039705
Removing low scoring edges...84% completed @ 2022-06-26 03:23:32.722120
Removing low scoring edges...87% completed @ 2022-06-26 03:23:35.541091
Removing low scoring edges...90% completed @ 2022-06-26 03:23:38.434586
Removing low scoring edges...93% completed @ 2022-06-26 03:23:41.402199
Removing low scoring edges...96% completed @ 2022-06-26 03:23:44.496313
Removing low scoring edges...99% completed @ 2022-06-26 03:23:47.672572
Finalizing extended graph
809763
........................................[mcl] new tab created
[mcl] pid 483557
 ite -------------------  chaos  time hom(avg,lo,hi) expa expb expc fmv
  1  ................... 199.18  4.52 0.62/0.00/12.25 33.37 8.58 8.58  83
  2  ................... 303.91 40.94 0.62/0.02/1.67 12.24 0.30 2.60  99
  3  ................... 109.02  5.86 0.83/0.04/2.23 19.60 0.06 0.15  91
  4  ...................  33.97  0.09 0.94/0.11/4.12 3.32 0.32 0.05   6
  5  ...................   5.94  0.02 0.97/0.24/2.12 1.21 0.52 0.02   1
  6  ...................   1.63  0.01 0.98/0.26/2.03 1.03 0.78 0.02   0
  7  ...................   2.35  0.01 0.96/0.20/1.47 1.01 0.94 0.02   0
  8  ...................   1.62  0.01 0.95/0.44/1.58 1.00 0.95 0.02   0
  9  ...................   1.60  0.01 0.96/0.43/1.14 1.00 0.93 0.02   0
 10  ...................   2.12  0.01 0.96/0.39/1.18 1.00 0.86 0.01   0
 11  ...................   1.91  0.01 0.98/0.53/1.35 1.00 0.87 0.01   0
 12  ...................   1.79  0.00 0.99/0.48/1.22 1.00 0.86 0.01   0
 13  ...................   0.58  0.00 1.00/0.65/1.00 1.00 0.92 0.01   0
 14  ...................   0.25  0.00 1.00/0.76/1.00 1.00 0.96 0.01   0
 15  ...................   0.25  0.00 1.00/0.77/1.00 1.00 0.98 0.01   0
 16  ...................   0.65  0.00 1.00/0.70/1.00 1.00 0.99 0.01   0
 17  ...................   1.41  0.00 1.00/0.49/1.00 1.00 1.00 0.01   0
 18  ...................   0.51  0.00 1.00/0.79/1.00 1.00 1.00 0.01   0
 19  ...................   0.00  0.00 1.00/1.00/1.00 1.00 1.00 0.01   0
 20  ...................   0.00  0.00 1.00/1.00/1.00 1.00 1.00 0.01   0
[mcl] jury pruning marks: <51,90,99>, out of 100
[mcl] jury pruning synopsis: <66.8 or fair> (cf -scheme, -do log)
[mcl] output is in /home/wangph1/plant/data/mcl/guineapig-pig-k4-n14189-no1+1656218423.txt
[mcl] 3079 clusters found
[mcl] output is in /home/wangph1/plant/data/mcl/guineapig-pig-k4-n14189-no1+1656218423.txt

Please cite:
    Stijn van Dongen, Graph Clustering by Flow Simulation.  PhD thesis,
    University of Utrecht, May 2000.
       (  http://www.library.uu.nl/digiarchief/dip/diss/1895620/full.pdf
       or  http://micans.org/mcl/lit/svdthesis.pdf.gz)
OR
    Stijn van Dongen, A cluster algorithm for graphs. Technical
    Report INS-R0010, National Research Institute for Mathematics
    and Computer Science in the Netherlands, Amsterdam, May 2000.
       (  http://www.cwi.nl/ftp/CWIreports/INS/INS-R0010.ps.Z
       or  http://micans.org/mcl/lit/INS-R0010.ps.Z)

/home/wangph1/plant/scripts
using old nif file for guineapig
using old nif file for pig
using old odv file for guineapig
using old odv file for pig
using old odv ort file for guineapig-pig
/home/wangph1/plant/data/mcl/guineapig-pig-k4-n14189-no1+1656218423.txt
/home/wangph1/plant/networks/mcl/guineapig_marked.nif
/home/wangph1/plant/networks/mcl/pig_marked.nif
/home/wangph1/plant/data/mcl/fake_ort/guineapig-pig-k4-n14189-no1.ort
/home/wangph1/plant/data/mcl/guineapig-pig-k4-n14189-no1.txt
Traceback (most recent call last):
  File "/home/wangph1/plant/scripts/mcl_helpers.py", line 139, in <module>
    full_local_run_mcl(gtag1, gtag2, notes=notes)
  File "/home/wangph1/plant/scripts/mcl_helpers.py", line 124, in full_local_run_mcl
    process_mcl(gtag1, gtag2, notes=notes)
  File "/home/wangph1/plant/scripts/mcl_helpers.py", line 112, in process_mcl
    num_ort, num_pairs = evaluate_alignment(gtag1, gtag2, notes=notes)
  File "/home/wangph1/plant/scripts/mcl_helpers.py", line 95, in evaluate_alignment
    m2m_pairs = read_in_slashes_m2m(out_path)
  File "/home/wangph1/plant/scripts/file_helpers.py", line 47, in read_in_slashes_m2m
    with open(m2m_path, 'r') as f:
FileNotFoundError: [Errno 2] No such file or directory: '/home/wangph1/plant/data/mcl/guineapig-pig-k4-n14189-no1.txt'
JOBSFINISHED
