Namespace(ag_file=['/home/wangph1/plant/data/mcl/mouse-rabbit-k4-n13352-no1+1656218423.ag'], ort_file=['/home/wangph1/plant/data/mcl/fake_ort/mouse-rabbit-k4-n13352-no1.ort'], ppi1_file=['/home/wangph1/plant/networks/mcl/mouse_marked.nif'], ppi2_file=['/home/wangph1/plant/networks/mcl/rabbit_marked.nif'])
Loading input data
/home/wangph1/plant/networks/mcl/mouse_marked.nif
/home/wangph1/plant/networks/mcl/rabbit_marked.nif
/home/wangph1/plant/data/mcl/fake_ort/mouse-rabbit-k4-n13352-no1.ort
Building the union graph
Building rev maps
Building maps
Processing net 0 - simple nodes
Processing net 1 - simple nodes
Processing composite nodes
Building igraph.Graph
Entering build_union_graph_edges
Building graph1 edges...3% completed @ 2022-06-25 21:53:32.016705
Building graph1 edges...6% completed @ 2022-06-25 22:06:32.878342
Building graph1 edges...9% completed @ 2022-06-25 22:19:32.133974
Building graph1 edges...12% completed @ 2022-06-25 22:32:33.966736
Building graph1 edges...15% completed @ 2022-06-25 22:45:33.627606
Building graph1 edges...18% completed @ 2022-06-25 22:58:39.345220
Building graph1 edges...21% completed @ 2022-06-25 23:11:50.152518
Building graph1 edges...24% completed @ 2022-06-25 23:24:58.491042
Building graph1 edges...27% completed @ 2022-06-25 23:38:11.236217
Building graph1 edges...30% completed @ 2022-06-25 23:51:19.881556
Building graph1 edges...33% completed @ 2022-06-26 00:04:28.146421
Building graph1 edges...36% completed @ 2022-06-26 00:17:36.216086
Building graph1 edges...39% completed @ 2022-06-26 00:30:45.202356
Building graph1 edges...42% completed @ 2022-06-26 00:43:53.983396
Building graph1 edges...45% completed @ 2022-06-26 00:57:02.177499
Building graph1 edges...48% completed @ 2022-06-26 01:10:03.735953
Building graph1 edges...51% completed @ 2022-06-26 01:23:03.901286
Building graph1 edges...54% completed @ 2022-06-26 01:35:57.636851
Building graph1 edges...57% completed @ 2022-06-26 01:48:44.043009
Building graph1 edges...60% completed @ 2022-06-26 02:01:30.427884
Building graph1 edges...63% completed @ 2022-06-26 02:14:16.775978
Building graph1 edges...66% completed @ 2022-06-26 02:27:03.053245
Building graph1 edges...69% completed @ 2022-06-26 02:39:51.505873
Building graph1 edges...72% completed @ 2022-06-26 02:52:37.788780
Building graph1 edges...75% completed @ 2022-06-26 03:05:24.223257
Building graph1 edges...78% completed @ 2022-06-26 03:18:10.681511
Building graph1 edges...81% completed @ 2022-06-26 03:30:57.292778
Building graph1 edges...84% completed @ 2022-06-26 03:43:45.001564
Building graph1 edges...87% completed @ 2022-06-26 03:56:31.832146
Building graph1 edges...90% completed @ 2022-06-26 04:09:18.451241
Building graph1 edges...93% completed @ 2022-06-26 04:22:04.893635
Building graph1 edges...96% completed @ 2022-06-26 04:34:51.296677
Building graph1 edges...99% completed @ 2022-06-26 04:47:40.298133
Merging conserved edges
Pruning the union graph
Building the extended union graph
Extending the union graph...10% completed @ 2022-06-26 04:52:04.199833
Extending the union graph...20% completed @ 2022-06-26 04:52:04.248045
Extending the union graph...30% completed @ 2022-06-26 04:52:04.296400
Extending the union graph...40% completed @ 2022-06-26 04:52:04.367811
Extending the union graph...50% completed @ 2022-06-26 04:52:04.490376
Extending the union graph...60% completed @ 2022-06-26 04:52:04.594305
Extending the union graph...70% completed @ 2022-06-26 04:52:05.343148
Extending the union graph...80% completed @ 2022-06-26 04:52:06.172957
Extending the union graph...90% completed @ 2022-06-26 04:52:06.936842
Edge Jaccard on extended union graph dist 1
Building the extended union graph
Extending the union graph...3% completed @ 2022-06-26 04:52:20.539172
Extending the union graph...6% completed @ 2022-06-26 04:52:28.038946
Extending the union graph...9% completed @ 2022-06-26 04:52:47.183218
Extending the union graph...12% completed @ 2022-06-26 04:53:01.393890
Extending the union graph...15% completed @ 2022-06-26 04:53:17.096718
Extending the union graph...18% completed @ 2022-06-26 04:53:29.158585
Extending the union graph...21% completed @ 2022-06-26 04:53:40.007403
Extending the union graph...24% completed @ 2022-06-26 04:53:48.737767
Extending the union graph...27% completed @ 2022-06-26 04:53:55.707112
Extending the union graph...30% completed @ 2022-06-26 04:54:04.037545
Extending the union graph...33% completed @ 2022-06-26 04:54:16.181154
Extending the union graph...36% completed @ 2022-06-26 04:54:28.891552
Extending the union graph...39% completed @ 2022-06-26 04:54:42.516194
Extending the union graph...42% completed @ 2022-06-26 04:54:50.906233
Extending the union graph...45% completed @ 2022-06-26 04:55:00.578367
Extending the union graph...48% completed @ 2022-06-26 04:55:10.699952
Extending the union graph...51% completed @ 2022-06-26 04:55:22.302279
Extending the union graph...54% completed @ 2022-06-26 04:55:30.977960
Extending the union graph...57% completed @ 2022-06-26 04:55:37.064964
Extending the union graph...60% completed @ 2022-06-26 04:55:45.196138
Extending the union graph...63% completed @ 2022-06-26 04:55:52.955857
Extending the union graph...66% completed @ 2022-06-26 04:56:01.218700
Extending the union graph...69% completed @ 2022-06-26 04:56:13.797870
Extending the union graph...72% completed @ 2022-06-26 04:56:31.320686
Extending the union graph...75% completed @ 2022-06-26 04:56:37.309617
Extending the union graph...78% completed @ 2022-06-26 04:56:52.469164
Extending the union graph...81% completed @ 2022-06-26 04:57:01.981047
Extending the union graph...84% completed @ 2022-06-26 04:57:09.711313
Extending the union graph...87% completed @ 2022-06-26 04:57:20.192924
Extending the union graph...90% completed @ 2022-06-26 04:57:33.258059
Extending the union graph...93% completed @ 2022-06-26 04:57:44.479393
Extending the union graph...96% completed @ 2022-06-26 04:57:55.337247
Extending the union graph...99% completed @ 2022-06-26 04:58:05.952854
Evaluating vertex sums
Extending the union graph...3% completed @ 2022-06-26 04:58:13.130188
Extending the union graph...6% completed @ 2022-06-26 04:58:14.269224
Extending the union graph...9% completed @ 2022-06-26 04:58:15.407281
Extending the union graph...12% completed @ 2022-06-26 04:58:16.539901
Extending the union graph...15% completed @ 2022-06-26 04:58:17.682639
Extending the union graph...18% completed @ 2022-06-26 04:58:18.807601
Extending the union graph...21% completed @ 2022-06-26 04:58:19.930299
Extending the union graph...24% completed @ 2022-06-26 04:58:21.051126
Extending the union graph...27% completed @ 2022-06-26 04:58:22.171302
Extending the union graph...30% completed @ 2022-06-26 04:58:23.288590
Extending the union graph...33% completed @ 2022-06-26 04:58:24.410772
Extending the union graph...36% completed @ 2022-06-26 04:58:25.534897
Extending the union graph...39% completed @ 2022-06-26 04:58:26.666009
Extending the union graph...42% completed @ 2022-06-26 04:58:27.770953
Extending the union graph...45% completed @ 2022-06-26 04:58:28.929504
Extending the union graph...48% completed @ 2022-06-26 04:58:30.060834
Extending the union graph...51% completed @ 2022-06-26 04:58:31.185368
Extending the union graph...54% completed @ 2022-06-26 04:58:32.323077
Extending the union graph...57% completed @ 2022-06-26 04:58:33.433164
Extending the union graph...60% completed @ 2022-06-26 04:58:34.564457
Extending the union graph...63% completed @ 2022-06-26 04:58:35.678376
Extending the union graph...66% completed @ 2022-06-26 04:58:36.801142
Extending the union graph...69% completed @ 2022-06-26 04:58:37.903360
Extending the union graph...72% completed @ 2022-06-26 04:58:39.029466
Extending the union graph...75% completed @ 2022-06-26 04:58:40.097603
Extending the union graph...78% completed @ 2022-06-26 04:58:41.210968
Extending the union graph...81% completed @ 2022-06-26 04:58:42.299907
Extending the union graph...84% completed @ 2022-06-26 04:58:43.399880
Extending the union graph...87% completed @ 2022-06-26 04:58:44.521727
Extending the union graph...90% completed @ 2022-06-26 04:58:45.629778
Extending the union graph...93% completed @ 2022-06-26 04:58:46.709652
Extending the union graph...96% completed @ 2022-06-26 04:58:47.814731
Extending the union graph...99% completed @ 2022-06-26 04:58:48.930131
Calculating Jaccard scores sums
Calculating Jaccard scores sums...3% completed @ 2022-06-26 04:58:49.345249
Calculating Jaccard scores sums...6% completed @ 2022-06-26 04:58:49.465025
Calculating Jaccard scores sums...9% completed @ 2022-06-26 04:58:49.665106
Calculating Jaccard scores sums...12% completed @ 2022-06-26 04:58:49.949458
Calculating Jaccard scores sums...15% completed @ 2022-06-26 04:58:50.317085
Calculating Jaccard scores sums...18% completed @ 2022-06-26 04:58:50.781682
Calculating Jaccard scores sums...21% completed @ 2022-06-26 04:58:51.321192
Calculating Jaccard scores sums...24% completed @ 2022-06-26 04:58:51.941248
Calculating Jaccard scores sums...27% completed @ 2022-06-26 04:58:52.645383
Calculating Jaccard scores sums...30% completed @ 2022-06-26 04:58:53.431896
Calculating Jaccard scores sums...33% completed @ 2022-06-26 04:58:54.295520
Calculating Jaccard scores sums...36% completed @ 2022-06-26 04:58:55.252318
Calculating Jaccard scores sums...39% completed @ 2022-06-26 04:58:56.296637
Calculating Jaccard scores sums...42% completed @ 2022-06-26 04:58:57.403407
Calculating Jaccard scores sums...45% completed @ 2022-06-26 04:58:58.623605
Calculating Jaccard scores sums...48% completed @ 2022-06-26 04:58:59.924435
Calculating Jaccard scores sums...51% completed @ 2022-06-26 04:59:01.290408
Calculating Jaccard scores sums...54% completed @ 2022-06-26 04:59:02.759959
Calculating Jaccard scores sums...57% completed @ 2022-06-26 04:59:04.304968
Calculating Jaccard scores sums...60% completed @ 2022-06-26 04:59:05.957629
Calculating Jaccard scores sums...63% completed @ 2022-06-26 04:59:07.662836
Calculating Jaccard scores sums...66% completed @ 2022-06-26 04:59:09.451162
Calculating Jaccard scores sums...69% completed @ 2022-06-26 04:59:11.338201
Calculating Jaccard scores sums...72% completed @ 2022-06-26 04:59:13.316289
Calculating Jaccard scores sums...75% completed @ 2022-06-26 04:59:15.347180
Calculating Jaccard scores sums...78% completed @ 2022-06-26 04:59:17.490414
Calculating Jaccard scores sums...81% completed @ 2022-06-26 04:59:19.684635
Calculating Jaccard scores sums...84% completed @ 2022-06-26 04:59:21.990965
Calculating Jaccard scores sums...87% completed @ 2022-06-26 04:59:24.380497
Calculating Jaccard scores sums...90% completed @ 2022-06-26 04:59:26.830005
Calculating Jaccard scores sums...93% completed @ 2022-06-26 04:59:29.375175
Calculating Jaccard scores sums...96% completed @ 2022-06-26 04:59:32.013783
Calculating Jaccard scores sums...99% completed @ 2022-06-26 04:59:34.736414
Injecting direct edges contribution
Obtaining max scores per vertex
Obtaining max scores per vertex...3% completed @ 2022-06-26 04:59:41.555620
Obtaining max scores per vertex...6% completed @ 2022-06-26 04:59:43.345911
Obtaining max scores per vertex...9% completed @ 2022-06-26 04:59:45.141890
Obtaining max scores per vertex...12% completed @ 2022-06-26 04:59:46.914231
Obtaining max scores per vertex...15% completed @ 2022-06-26 04:59:48.692547
Obtaining max scores per vertex...18% completed @ 2022-06-26 04:59:50.461943
Obtaining max scores per vertex...21% completed @ 2022-06-26 04:59:52.251013
Obtaining max scores per vertex...24% completed @ 2022-06-26 04:59:54.029536
Obtaining max scores per vertex...27% completed @ 2022-06-26 04:59:55.790951
Obtaining max scores per vertex...30% completed @ 2022-06-26 04:59:57.549033
Obtaining max scores per vertex...33% completed @ 2022-06-26 04:59:59.324222
Obtaining max scores per vertex...36% completed @ 2022-06-26 05:00:01.118359
Obtaining max scores per vertex...39% completed @ 2022-06-26 05:00:02.881504
Obtaining max scores per vertex...42% completed @ 2022-06-26 05:00:04.730409
Obtaining max scores per vertex...45% completed @ 2022-06-26 05:00:06.506627
Obtaining max scores per vertex...48% completed @ 2022-06-26 05:00:08.255233
Obtaining max scores per vertex...51% completed @ 2022-06-26 05:00:10.001275
Obtaining max scores per vertex...54% completed @ 2022-06-26 05:00:11.742639
Obtaining max scores per vertex...57% completed @ 2022-06-26 05:00:13.465403
Obtaining max scores per vertex...60% completed @ 2022-06-26 05:00:15.216380
Obtaining max scores per vertex...63% completed @ 2022-06-26 05:00:16.918430
Obtaining max scores per vertex...66% completed @ 2022-06-26 05:00:18.619827
Obtaining max scores per vertex...69% completed @ 2022-06-26 05:00:20.315286
Obtaining max scores per vertex...72% completed @ 2022-06-26 05:00:22.021467
Obtaining max scores per vertex...75% completed @ 2022-06-26 05:00:23.689011
Obtaining max scores per vertex...78% completed @ 2022-06-26 05:00:25.380815
Obtaining max scores per vertex...81% completed @ 2022-06-26 05:00:27.052549
Obtaining max scores per vertex...84% completed @ 2022-06-26 05:00:28.719922
Obtaining max scores per vertex...87% completed @ 2022-06-26 05:00:30.401972
Obtaining max scores per vertex...90% completed @ 2022-06-26 05:00:32.073914
Obtaining max scores per vertex...93% completed @ 2022-06-26 05:00:33.704843
Obtaining max scores per vertex...96% completed @ 2022-06-26 05:00:35.337339
Obtaining max scores per vertex...99% completed @ 2022-06-26 05:00:36.997391
Removing low scoring edges
Removing low scoring edges...3% completed @ 2022-06-26 05:00:37.589297
Removing low scoring edges...6% completed @ 2022-06-26 05:00:37.699594
Removing low scoring edges...9% completed @ 2022-06-26 05:00:37.887640
Removing low scoring edges...12% completed @ 2022-06-26 05:00:38.157343
Removing low scoring edges...15% completed @ 2022-06-26 05:00:38.510996
Removing low scoring edges...18% completed @ 2022-06-26 05:00:38.937968
Removing low scoring edges...21% completed @ 2022-06-26 05:00:39.440298
Removing low scoring edges...24% completed @ 2022-06-26 05:00:40.015458
Removing low scoring edges...27% completed @ 2022-06-26 05:00:40.670690
Removing low scoring edges...30% completed @ 2022-06-26 05:00:41.398731
Removing low scoring edges...33% completed @ 2022-06-26 05:00:42.205532
Removing low scoring edges...36% completed @ 2022-06-26 05:00:43.112780
Removing low scoring edges...39% completed @ 2022-06-26 05:00:44.114246
Removing low scoring edges...42% completed @ 2022-06-26 05:00:45.150010
Removing low scoring edges...45% completed @ 2022-06-26 05:00:46.265303
Removing low scoring edges...48% completed @ 2022-06-26 05:00:47.456828
Removing low scoring edges...51% completed @ 2022-06-26 05:00:48.741847
Removing low scoring edges...54% completed @ 2022-06-26 05:00:50.084824
Removing low scoring edges...57% completed @ 2022-06-26 05:00:51.498502
Removing low scoring edges...60% completed @ 2022-06-26 05:00:53.036124
Removing low scoring edges...63% completed @ 2022-06-26 05:00:54.609487
Removing low scoring edges...66% completed @ 2022-06-26 05:00:56.246344
Removing low scoring edges...69% completed @ 2022-06-26 05:00:57.952833
Removing low scoring edges...72% completed @ 2022-06-26 05:00:59.808354
Removing low scoring edges...75% completed @ 2022-06-26 05:01:01.649873
Removing low scoring edges...78% completed @ 2022-06-26 05:01:03.634998
Removing low scoring edges...81% completed @ 2022-06-26 05:01:05.685074
Removing low scoring edges...84% completed @ 2022-06-26 05:01:07.833209
Removing low scoring edges...87% completed @ 2022-06-26 05:01:10.053112
Removing low scoring edges...90% completed @ 2022-06-26 05:01:12.348108
Removing low scoring edges...93% completed @ 2022-06-26 05:01:14.731734
Removing low scoring edges...96% completed @ 2022-06-26 05:01:17.197748
Removing low scoring edges...99% completed @ 2022-06-26 05:01:19.739120
Finalizing extended graph
557790
...........................[mcl] new tab created
[mcl] pid 487004
 ite -------------------  chaos  time hom(avg,lo,hi) expa expb expc fmv
  1  ................... 233.60  2.85 0.90/0.00/14.07 27.69 8.97 8.97  75
  2  ................... 286.92 28.20 0.61/0.03/1.62 9.63 0.34 3.04  99
  3  ...................  64.41  4.30 0.84/0.14/3.67 15.24 0.06 0.17  88
  4  ...................  13.57  0.06 0.93/0.17/10.76 2.76 0.27 0.05   8
  5  ...................   4.62  0.01 0.96/0.10/4.61 1.09 0.68 0.03   0
  6  ...................   2.45  0.01 0.97/0.28/1.18 1.01 0.84 0.03   0
  7  ...................   2.96  0.01 0.96/0.35/1.06 1.00 0.94 0.03   0
  8  ...................   2.41  0.01 0.96/0.35/1.06 1.00 0.97 0.02   0
  9  ...................   1.95  0.01 0.97/0.35/1.06 1.00 0.93 0.02   0
 10  ...................   1.46  0.01 0.95/0.46/1.05 1.00 0.89 0.02   0
 11  ...................   1.78  0.01 0.94/0.45/1.03 1.00 0.93 0.02   0
 12  ...................   1.70  0.01 0.95/0.44/1.01 1.00 0.89 0.02   0
 13  ...................   1.32  0.00 0.97/0.50/1.00 1.00 0.83 0.01   0
 14  ...................   1.09  0.00 0.99/0.55/1.00 1.00 0.86 0.01   0
 15  ...................   0.32  0.00 1.00/0.76/1.00 1.00 0.90 0.01   0
 16  ...................   0.38  0.00 1.00/0.76/1.00 1.00 0.95 0.01   0
 17  ...................   0.35  0.00 1.00/0.76/1.00 1.00 0.99 0.01   0
 18  ...................   0.18  0.00 1.00/0.82/1.00 1.00 0.99 0.01   0
 19  ...................   0.01  0.00 1.00/0.99/1.00 1.00 1.00 0.01   0
 20  ...................   0.00  0.00 1.00/1.00/1.00 1.00 1.00 0.01   0
[mcl] cut <9> instances of overlap
[mcl] jury pruning marks: <59,91,99>, out of 100
[mcl] jury pruning synopsis: <72.0 or decent> (cf -scheme, -do log)
[mcl] output is in /home/wangph1/plant/data/mcl/mouse-rabbit-k4-n13352-no1+1656218423.txt
[mcl] 1865 clusters found
[mcl] output is in /home/wangph1/plant/data/mcl/mouse-rabbit-k4-n13352-no1+1656218423.txt

Please cite:
    Stijn van Dongen, Graph Clustering by Flow Simulation.  PhD thesis,
    University of Utrecht, May 2000.
       (  http://www.library.uu.nl/digiarchief/dip/diss/1895620/full.pdf
       or  http://micans.org/mcl/lit/svdthesis.pdf.gz)
OR
    Stijn van Dongen, A cluster algorithm for graphs. Technical
    Report INS-R0010, National Research Institute for Mathematics
    and Computer Science in the Netherlands, Amsterdam, May 2000.
       (  http://www.cwi.nl/ftp/CWIreports/INS/INS-R0010.ps.Z
       or  http://micans.org/mcl/lit/INS-R0010.ps.Z)

/home/wangph1/plant/scripts
using old nif file for mouse
using old nif file for rabbit
using old odv file for mouse
using old odv file for rabbit
using old odv ort file for mouse-rabbit
/home/wangph1/plant/data/mcl/mouse-rabbit-k4-n13352-no1+1656218423.txt
/home/wangph1/plant/networks/mcl/mouse_marked.nif
/home/wangph1/plant/networks/mcl/rabbit_marked.nif
/home/wangph1/plant/data/mcl/fake_ort/mouse-rabbit-k4-n13352-no1.ort
/home/wangph1/plant/data/mcl/mouse-rabbit-k4-n13352-no1.txt
Traceback (most recent call last):
  File "/home/wangph1/plant/scripts/mcl_helpers.py", line 139, in <module>
    full_local_run_mcl(gtag1, gtag2, notes=notes)
  File "/home/wangph1/plant/scripts/mcl_helpers.py", line 124, in full_local_run_mcl
    process_mcl(gtag1, gtag2, notes=notes)
  File "/home/wangph1/plant/scripts/mcl_helpers.py", line 112, in process_mcl
    num_ort, num_pairs = evaluate_alignment(gtag1, gtag2, notes=notes)
  File "/home/wangph1/plant/scripts/mcl_helpers.py", line 95, in evaluate_alignment
    m2m_pairs = read_in_slashes_m2m(out_path)
  File "/home/wangph1/plant/scripts/file_helpers.py", line 47, in read_in_slashes_m2m
    with open(m2m_path, 'r') as f:
FileNotFoundError: [Errno 2] No such file or directory: '/home/wangph1/plant/data/mcl/mouse-rabbit-k4-n13352-no1.txt'
JOBSFINISHED
