Namespace(ag_file=['/home/wangph1/plant/data/mcl/alpha_s0-alpha_s10-k4-n3470-no1+1656218418.ag'], ort_file=['/home/wangph1/plant/data/mcl/fake_ort/alpha_s0-alpha_s10-k4-n3470-no1.ort'], ppi1_file=['/home/wangph1/plant/networks/mcl/alpha_s0_marked.nif'], ppi2_file=['/home/wangph1/plant/networks/mcl/alpha_s10_marked.nif'])
Loading input data
/home/wangph1/plant/networks/mcl/alpha_s0_marked.nif
/home/wangph1/plant/networks/mcl/alpha_s10_marked.nif
/home/wangph1/plant/data/mcl/fake_ort/alpha_s0-alpha_s10-k4-n3470-no1.ort
Building the union graph
Building rev maps
Building maps
Processing net 0 - simple nodes
Processing net 1 - simple nodes
Processing composite nodes
Building igraph.Graph
Entering build_union_graph_edges
Building graph1 edges...3% completed @ 2022-06-25 21:40:20.153579
Building graph1 edges...6% completed @ 2022-06-25 21:40:21.198084
Building graph1 edges...9% completed @ 2022-06-25 21:40:22.250215
Building graph1 edges...12% completed @ 2022-06-25 21:40:23.301484
Building graph1 edges...15% completed @ 2022-06-25 21:40:24.344424
Building graph1 edges...18% completed @ 2022-06-25 21:40:25.399728
Building graph1 edges...21% completed @ 2022-06-25 21:40:26.456127
Building graph1 edges...24% completed @ 2022-06-25 21:40:27.513094
Building graph1 edges...27% completed @ 2022-06-25 21:40:28.557278
Building graph1 edges...30% completed @ 2022-06-25 21:40:29.597191
Building graph1 edges...33% completed @ 2022-06-25 21:40:30.644999
Building graph1 edges...36% completed @ 2022-06-25 21:40:31.688039
Building graph1 edges...39% completed @ 2022-06-25 21:40:32.727982
Building graph1 edges...42% completed @ 2022-06-25 21:40:33.783959
Building graph1 edges...45% completed @ 2022-06-25 21:40:34.839906
Building graph1 edges...48% completed @ 2022-06-25 21:40:35.881672
Building graph1 edges...51% completed @ 2022-06-25 21:40:36.929696
Building graph1 edges...54% completed @ 2022-06-25 21:40:37.971921
Building graph1 edges...57% completed @ 2022-06-25 21:40:39.011053
Building graph1 edges...60% completed @ 2022-06-25 21:40:40.052255
Building graph1 edges...63% completed @ 2022-06-25 21:40:41.095497
Building graph1 edges...66% completed @ 2022-06-25 21:40:42.137002
Building graph1 edges...69% completed @ 2022-06-25 21:40:43.175223
Building graph1 edges...72% completed @ 2022-06-25 21:40:44.213212
Building graph1 edges...75% completed @ 2022-06-25 21:40:45.251677
Building graph1 edges...78% completed @ 2022-06-25 21:40:46.297021
Building graph1 edges...81% completed @ 2022-06-25 21:40:47.335861
Building graph1 edges...84% completed @ 2022-06-25 21:40:48.374416
Building graph1 edges...87% completed @ 2022-06-25 21:40:49.421670
Building graph1 edges...90% completed @ 2022-06-25 21:40:50.459448
Building graph1 edges...93% completed @ 2022-06-25 21:40:51.502114
Building graph1 edges...96% completed @ 2022-06-25 21:40:52.550238
Building graph1 edges...99% completed @ 2022-06-25 21:40:53.594227
Merging conserved edges
Pruning the union graph
Building the extended union graph
Extending the union graph...10% completed @ 2022-06-25 21:40:54.089318
Extending the union graph...20% completed @ 2022-06-25 21:40:54.095080
Extending the union graph...30% completed @ 2022-06-25 21:40:54.100613
Extending the union graph...40% completed @ 2022-06-25 21:40:54.108254
Extending the union graph...50% completed @ 2022-06-25 21:40:54.114791
Extending the union graph...60% completed @ 2022-06-25 21:40:54.124440
Extending the union graph...70% completed @ 2022-06-25 21:40:54.134610
Extending the union graph...80% completed @ 2022-06-25 21:40:54.144658
Extending the union graph...90% completed @ 2022-06-25 21:40:54.155107
Edge Jaccard on extended union graph dist 1
Building the extended union graph
Extending the union graph...3% completed @ 2022-06-25 21:40:54.439763
Extending the union graph...6% completed @ 2022-06-25 21:40:54.443757
Extending the union graph...9% completed @ 2022-06-25 21:40:54.448978
Extending the union graph...12% completed @ 2022-06-25 21:40:54.457122
Extending the union graph...15% completed @ 2022-06-25 21:40:54.458245
Extending the union graph...18% completed @ 2022-06-25 21:40:54.459757
Extending the union graph...21% completed @ 2022-06-25 21:40:54.471292
Extending the union graph...24% completed @ 2022-06-25 21:40:54.472680
Extending the union graph...27% completed @ 2022-06-25 21:40:54.474639
Extending the union graph...30% completed @ 2022-06-25 21:40:54.492487
Extending the union graph...33% completed @ 2022-06-25 21:40:54.493416
Extending the union graph...36% completed @ 2022-06-25 21:40:54.497103
Extending the union graph...39% completed @ 2022-06-25 21:40:54.498671
Extending the union graph...42% completed @ 2022-06-25 21:40:54.499563
Extending the union graph...45% completed @ 2022-06-25 21:40:54.501001
Extending the union graph...48% completed @ 2022-06-25 21:40:54.503526
Extending the union graph...51% completed @ 2022-06-25 21:40:54.520050
Extending the union graph...54% completed @ 2022-06-25 21:40:54.523211
Extending the union graph...57% completed @ 2022-06-25 21:40:54.524167
Extending the union graph...60% completed @ 2022-06-25 21:40:54.530976
Extending the union graph...63% completed @ 2022-06-25 21:40:54.550995
Extending the union graph...66% completed @ 2022-06-25 21:40:54.552520
Extending the union graph...69% completed @ 2022-06-25 21:40:54.590831
Extending the union graph...72% completed @ 2022-06-25 21:40:54.595035
Extending the union graph...75% completed @ 2022-06-25 21:40:54.597248
Extending the union graph...78% completed @ 2022-06-25 21:40:54.600176
Extending the union graph...81% completed @ 2022-06-25 21:40:54.602016
Extending the union graph...84% completed @ 2022-06-25 21:40:54.640498
Extending the union graph...87% completed @ 2022-06-25 21:40:54.642288
Extending the union graph...90% completed @ 2022-06-25 21:40:54.652213
Extending the union graph...93% completed @ 2022-06-25 21:40:54.726918
Extending the union graph...96% completed @ 2022-06-25 21:40:54.731704
Extending the union graph...99% completed @ 2022-06-25 21:40:54.733486
Evaluating vertex sums
Extending the union graph...3% completed @ 2022-06-25 21:40:54.805986
Extending the union graph...6% completed @ 2022-06-25 21:40:54.877075
Extending the union graph...9% completed @ 2022-06-25 21:40:54.950699
Extending the union graph...12% completed @ 2022-06-25 21:40:55.021545
Extending the union graph...15% completed @ 2022-06-25 21:40:55.091324
Extending the union graph...18% completed @ 2022-06-25 21:40:55.161658
Extending the union graph...21% completed @ 2022-06-25 21:40:55.231256
Extending the union graph...24% completed @ 2022-06-25 21:40:55.300803
Extending the union graph...27% completed @ 2022-06-25 21:40:55.368745
Extending the union graph...30% completed @ 2022-06-25 21:40:55.437016
Extending the union graph...33% completed @ 2022-06-25 21:40:55.505724
Extending the union graph...36% completed @ 2022-06-25 21:40:55.575645
Extending the union graph...39% completed @ 2022-06-25 21:40:55.644182
Extending the union graph...42% completed @ 2022-06-25 21:40:55.711050
Extending the union graph...45% completed @ 2022-06-25 21:40:55.779562
Extending the union graph...48% completed @ 2022-06-25 21:40:55.851595
Extending the union graph...51% completed @ 2022-06-25 21:40:55.920447
Extending the union graph...54% completed @ 2022-06-25 21:40:55.988346
Extending the union graph...57% completed @ 2022-06-25 21:40:56.055290
Extending the union graph...60% completed @ 2022-06-25 21:40:56.122574
Extending the union graph...63% completed @ 2022-06-25 21:40:56.190865
Extending the union graph...66% completed @ 2022-06-25 21:40:56.258137
Extending the union graph...69% completed @ 2022-06-25 21:40:56.325173
Extending the union graph...72% completed @ 2022-06-25 21:40:56.391944
Extending the union graph...75% completed @ 2022-06-25 21:40:56.459472
Extending the union graph...78% completed @ 2022-06-25 21:40:56.526123
Extending the union graph...81% completed @ 2022-06-25 21:40:56.593971
Extending the union graph...84% completed @ 2022-06-25 21:40:56.659510
Extending the union graph...87% completed @ 2022-06-25 21:40:56.726350
Extending the union graph...90% completed @ 2022-06-25 21:40:56.792569
Extending the union graph...93% completed @ 2022-06-25 21:40:56.860006
Extending the union graph...96% completed @ 2022-06-25 21:40:56.926154
Extending the union graph...99% completed @ 2022-06-25 21:40:56.993851
Calculating Jaccard scores sums
Calculating Jaccard scores sums...3% completed @ 2022-06-25 21:40:57.018181
Calculating Jaccard scores sums...6% completed @ 2022-06-25 21:40:57.025521
Calculating Jaccard scores sums...9% completed @ 2022-06-25 21:40:57.037765
Calculating Jaccard scores sums...12% completed @ 2022-06-25 21:40:57.054684
Calculating Jaccard scores sums...15% completed @ 2022-06-25 21:40:57.075452
Calculating Jaccard scores sums...18% completed @ 2022-06-25 21:40:57.101963
Calculating Jaccard scores sums...21% completed @ 2022-06-25 21:40:57.132758
Calculating Jaccard scores sums...24% completed @ 2022-06-25 21:40:57.168032
Calculating Jaccard scores sums...27% completed @ 2022-06-25 21:40:57.205941
Calculating Jaccard scores sums...30% completed @ 2022-06-25 21:40:57.249431
Calculating Jaccard scores sums...33% completed @ 2022-06-25 21:40:57.298497
Calculating Jaccard scores sums...36% completed @ 2022-06-25 21:40:57.354682
Calculating Jaccard scores sums...39% completed @ 2022-06-25 21:40:57.415331
Calculating Jaccard scores sums...42% completed @ 2022-06-25 21:40:57.475863
Calculating Jaccard scores sums...45% completed @ 2022-06-25 21:40:57.548109
Calculating Jaccard scores sums...48% completed @ 2022-06-25 21:40:57.623876
Calculating Jaccard scores sums...51% completed @ 2022-06-25 21:40:57.705584
Calculating Jaccard scores sums...54% completed @ 2022-06-25 21:40:57.789754
Calculating Jaccard scores sums...57% completed @ 2022-06-25 21:40:57.876282
Calculating Jaccard scores sums...60% completed @ 2022-06-25 21:40:57.969251
Calculating Jaccard scores sums...63% completed @ 2022-06-25 21:40:58.070492
Calculating Jaccard scores sums...66% completed @ 2022-06-25 21:40:58.176075
Calculating Jaccard scores sums...69% completed @ 2022-06-25 21:40:58.284573
Calculating Jaccard scores sums...72% completed @ 2022-06-25 21:40:58.396034
Calculating Jaccard scores sums...75% completed @ 2022-06-25 21:40:58.518987
Calculating Jaccard scores sums...78% completed @ 2022-06-25 21:40:58.642455
Calculating Jaccard scores sums...81% completed @ 2022-06-25 21:40:58.777019
Calculating Jaccard scores sums...84% completed @ 2022-06-25 21:40:58.904369
Calculating Jaccard scores sums...87% completed @ 2022-06-25 21:40:59.045253
Calculating Jaccard scores sums...90% completed @ 2022-06-25 21:40:59.189249
Calculating Jaccard scores sums...93% completed @ 2022-06-25 21:40:59.342782
Calculating Jaccard scores sums...96% completed @ 2022-06-25 21:40:59.499985
Calculating Jaccard scores sums...99% completed @ 2022-06-25 21:40:59.659377
Injecting direct edges contribution
Obtaining max scores per vertex
Obtaining max scores per vertex...3% completed @ 2022-06-25 21:40:59.899061
Obtaining max scores per vertex...6% completed @ 2022-06-25 21:41:00.018560
Obtaining max scores per vertex...9% completed @ 2022-06-25 21:41:00.137757
Obtaining max scores per vertex...12% completed @ 2022-06-25 21:41:00.256632
Obtaining max scores per vertex...15% completed @ 2022-06-25 21:41:00.374745
Obtaining max scores per vertex...18% completed @ 2022-06-25 21:41:00.492798
Obtaining max scores per vertex...21% completed @ 2022-06-25 21:41:00.610678
Obtaining max scores per vertex...24% completed @ 2022-06-25 21:41:00.727581
Obtaining max scores per vertex...27% completed @ 2022-06-25 21:41:00.844359
Obtaining max scores per vertex...30% completed @ 2022-06-25 21:41:00.963255
Obtaining max scores per vertex...33% completed @ 2022-06-25 21:41:01.082301
Obtaining max scores per vertex...36% completed @ 2022-06-25 21:41:01.198773
Obtaining max scores per vertex...39% completed @ 2022-06-25 21:41:01.314348
Obtaining max scores per vertex...42% completed @ 2022-06-25 21:41:01.428585
Obtaining max scores per vertex...45% completed @ 2022-06-25 21:41:01.542597
Obtaining max scores per vertex...48% completed @ 2022-06-25 21:41:01.655703
Obtaining max scores per vertex...51% completed @ 2022-06-25 21:41:01.768394
Obtaining max scores per vertex...54% completed @ 2022-06-25 21:41:01.880475
Obtaining max scores per vertex...57% completed @ 2022-06-25 21:41:01.991705
Obtaining max scores per vertex...60% completed @ 2022-06-25 21:41:02.102491
Obtaining max scores per vertex...63% completed @ 2022-06-25 21:41:02.213776
Obtaining max scores per vertex...66% completed @ 2022-06-25 21:41:02.323169
Obtaining max scores per vertex...69% completed @ 2022-06-25 21:41:02.432196
Obtaining max scores per vertex...72% completed @ 2022-06-25 21:41:02.541113
Obtaining max scores per vertex...75% completed @ 2022-06-25 21:41:02.649335
Obtaining max scores per vertex...78% completed @ 2022-06-25 21:41:02.756593
Obtaining max scores per vertex...81% completed @ 2022-06-25 21:41:02.863272
Obtaining max scores per vertex...84% completed @ 2022-06-25 21:41:02.969420
Obtaining max scores per vertex...87% completed @ 2022-06-25 21:41:03.075222
Obtaining max scores per vertex...90% completed @ 2022-06-25 21:41:03.180322
Obtaining max scores per vertex...93% completed @ 2022-06-25 21:41:03.286339
Obtaining max scores per vertex...96% completed @ 2022-06-25 21:41:03.390161
Obtaining max scores per vertex...99% completed @ 2022-06-25 21:41:03.493102
Removing low scoring edges
Removing low scoring edges...3% completed @ 2022-06-25 21:41:03.529043
Removing low scoring edges...6% completed @ 2022-06-25 21:41:03.535791
Removing low scoring edges...9% completed @ 2022-06-25 21:41:03.546907
Removing low scoring edges...12% completed @ 2022-06-25 21:41:03.562419
Removing low scoring edges...15% completed @ 2022-06-25 21:41:03.582126
Removing low scoring edges...18% completed @ 2022-06-25 21:41:03.606670
Removing low scoring edges...21% completed @ 2022-06-25 21:41:03.635674
Removing low scoring edges...24% completed @ 2022-06-25 21:41:03.668930
Removing low scoring edges...27% completed @ 2022-06-25 21:41:03.706077
Removing low scoring edges...30% completed @ 2022-06-25 21:41:03.751294
Removing low scoring edges...33% completed @ 2022-06-25 21:41:03.798555
Removing low scoring edges...36% completed @ 2022-06-25 21:41:03.851185
Removing low scoring edges...39% completed @ 2022-06-25 21:41:03.908163
Removing low scoring edges...42% completed @ 2022-06-25 21:41:03.968311
Removing low scoring edges...45% completed @ 2022-06-25 21:41:04.035376
Removing low scoring edges...48% completed @ 2022-06-25 21:41:04.106622
Removing low scoring edges...51% completed @ 2022-06-25 21:41:04.183278
Removing low scoring edges...54% completed @ 2022-06-25 21:41:04.263582
Removing low scoring edges...57% completed @ 2022-06-25 21:41:04.347551
Removing low scoring edges...60% completed @ 2022-06-25 21:41:04.437002
Removing low scoring edges...63% completed @ 2022-06-25 21:41:04.532860
Removing low scoring edges...66% completed @ 2022-06-25 21:41:04.632715
Removing low scoring edges...69% completed @ 2022-06-25 21:41:04.736756
Removing low scoring edges...72% completed @ 2022-06-25 21:41:04.844980
Removing low scoring edges...75% completed @ 2022-06-25 21:41:04.959833
Removing low scoring edges...78% completed @ 2022-06-25 21:41:05.077800
Removing low scoring edges...81% completed @ 2022-06-25 21:41:05.202402
Removing low scoring edges...84% completed @ 2022-06-25 21:41:05.327994
Removing low scoring edges...87% completed @ 2022-06-25 21:41:05.461235
Removing low scoring edges...90% completed @ 2022-06-25 21:41:05.598358
Removing low scoring edges...93% completed @ 2022-06-25 21:41:05.742651
Removing low scoring edges...96% completed @ 2022-06-25 21:41:05.890936
Removing low scoring edges...99% completed @ 2022-06-25 21:41:06.041917
Finalizing extended graph
42372
..[mcl] new tab created
[mcl] pid 487938
 ite -------------------  chaos  time hom(avg,lo,hi) expa expb expc fmv
  1  ...................  77.10  0.05 1.05/0.02/4.24 2.66 2.61 2.61  60
  2  ...................  70.60  0.13 0.38/0.04/1.28 11.12 0.77 2.01  97
  3  ...................  56.58  0.07 0.77/0.08/1.66 5.80 0.46 0.93  95
  4  ...................   1.93  0.02 0.95/0.44/1.93 1.46 0.06 0.05  28
  5  ...................   0.53  0.00 0.98/0.50/1.82 1.24 0.55 0.03   0
  6  ...................   0.33  0.00 0.99/0.50/1.14 1.01 0.87 0.03   0
  7  ...................   0.25  0.00 1.00/0.57/1.05 1.00 0.94 0.02   0
  8  ...................   0.25  0.00 1.00/0.76/1.04 1.00 0.98 0.02   0
  9  ...................   0.23  0.00 0.99/0.79/1.01 1.00 0.99 0.02   0
 10  ...................   0.23  0.00 0.99/0.77/1.00 1.00 0.99 0.02   0
 11  ...................   0.25  0.00 1.00/0.76/1.00 1.00 1.00 0.02   0
 12  ...................   0.06  0.00 1.00/0.94/1.00 1.00 0.95 0.02   0
 13  ...................   0.00  0.00 1.00/1.00/1.00 1.00 1.00 0.02   0
[mcl] jury pruning marks: <99,99,99>, out of 100
[mcl] jury pruning synopsis: <99.0 or perfect> (cf -scheme, -do log)
[mcl] output is in /home/wangph1/plant/data/mcl/alpha_s0-alpha_s10-k4-n3470-no1+1656218418.txt
[mcl] 177 clusters found
[mcl] output is in /home/wangph1/plant/data/mcl/alpha_s0-alpha_s10-k4-n3470-no1+1656218418.txt

Please cite:
    Stijn van Dongen, Graph Clustering by Flow Simulation.  PhD thesis,
    University of Utrecht, May 2000.
       (  http://www.library.uu.nl/digiarchief/dip/diss/1895620/full.pdf
       or  http://micans.org/mcl/lit/svdthesis.pdf.gz)
OR
    Stijn van Dongen, A cluster algorithm for graphs. Technical
    Report INS-R0010, National Research Institute for Mathematics
    and Computer Science in the Netherlands, Amsterdam, May 2000.
       (  http://www.cwi.nl/ftp/CWIreports/INS/INS-R0010.ps.Z
       or  http://micans.org/mcl/lit/INS-R0010.ps.Z)

/home/wangph1/plant/scripts
using old nif file for alpha_s0
using old nif file for alpha_s10
using old odv file for alpha_s0
using old odv file for alpha_s10
using old odv ort file for alpha_s0-alpha_s10
/home/wangph1/plant/data/mcl/alpha_s0-alpha_s10-k4-n3470-no1+1656218418.txt
/home/wangph1/plant/networks/mcl/alpha_s0_marked.nif
/home/wangph1/plant/networks/mcl/alpha_s10_marked.nif
/home/wangph1/plant/data/mcl/fake_ort/alpha_s0-alpha_s10-k4-n3470-no1.ort
/home/wangph1/plant/data/mcl/alpha_s0-alpha_s10-k4-n3470-no1.txt
Traceback (most recent call last):
  File "/home/wangph1/plant/scripts/mcl_helpers.py", line 139, in <module>
    full_local_run_mcl(gtag1, gtag2, notes=notes)
  File "/home/wangph1/plant/scripts/mcl_helpers.py", line 124, in full_local_run_mcl
    process_mcl(gtag1, gtag2, notes=notes)
  File "/home/wangph1/plant/scripts/mcl_helpers.py", line 112, in process_mcl
    num_ort, num_pairs = evaluate_alignment(gtag1, gtag2, notes=notes)
  File "/home/wangph1/plant/scripts/mcl_helpers.py", line 95, in evaluate_alignment
    m2m_pairs = read_in_slashes_m2m(out_path)
  File "/home/wangph1/plant/scripts/file_helpers.py", line 47, in read_in_slashes_m2m
    with open(m2m_path, 'r') as f:
FileNotFoundError: [Errno 2] No such file or directory: '/home/wangph1/plant/data/mcl/alpha_s0-alpha_s10-k4-n3470-no1.txt'
JOBSFINISHED
