Namespace(ag_file=['/home/wangph1/plant/data/mcl/syeast0-syeast20-k5-n1004-no1+1656218418.ag'], ort_file=['/home/wangph1/plant/data/mcl/fake_ort/syeast0-syeast20-k5-n1004-no1.ort'], ppi1_file=['/home/wangph1/plant/networks/mcl/syeast0_marked.nif'], ppi2_file=['/home/wangph1/plant/networks/mcl/syeast20_marked.nif'])
Loading input data
/home/wangph1/plant/networks/mcl/syeast0_marked.nif
/home/wangph1/plant/networks/mcl/syeast20_marked.nif
/home/wangph1/plant/data/mcl/fake_ort/syeast0-syeast20-k5-n1004-no1.ort
Building the union graph
Building rev maps
Building maps
Processing net 0 - simple nodes
Processing net 1 - simple nodes
Processing composite nodes
Building igraph.Graph
Entering build_union_graph_edges
Building graph1 edges...3% completed @ 2022-06-25 21:40:19.210357
Building graph1 edges...6% completed @ 2022-06-25 21:40:19.656026
Building graph1 edges...9% completed @ 2022-06-25 21:40:20.096087
Building graph1 edges...12% completed @ 2022-06-25 21:40:20.516338
Building graph1 edges...15% completed @ 2022-06-25 21:40:20.932180
Building graph1 edges...18% completed @ 2022-06-25 21:40:21.344716
Building graph1 edges...21% completed @ 2022-06-25 21:40:21.755885
Building graph1 edges...24% completed @ 2022-06-25 21:40:22.172543
Building graph1 edges...27% completed @ 2022-06-25 21:40:22.586628
Building graph1 edges...30% completed @ 2022-06-25 21:40:22.998016
Building graph1 edges...33% completed @ 2022-06-25 21:40:23.416167
Building graph1 edges...36% completed @ 2022-06-25 21:40:23.837959
Building graph1 edges...39% completed @ 2022-06-25 21:40:24.255257
Building graph1 edges...42% completed @ 2022-06-25 21:40:24.674884
Building graph1 edges...45% completed @ 2022-06-25 21:40:25.096762
Building graph1 edges...48% completed @ 2022-06-25 21:40:25.509906
Building graph1 edges...51% completed @ 2022-06-25 21:40:25.938096
Building graph1 edges...54% completed @ 2022-06-25 21:40:26.356293
Building graph1 edges...57% completed @ 2022-06-25 21:40:26.773384
Building graph1 edges...60% completed @ 2022-06-25 21:40:27.195540
Building graph1 edges...63% completed @ 2022-06-25 21:40:27.615543
Building graph1 edges...66% completed @ 2022-06-25 21:40:28.035953
Building graph1 edges...69% completed @ 2022-06-25 21:40:28.455857
Building graph1 edges...72% completed @ 2022-06-25 21:40:28.873554
Building graph1 edges...75% completed @ 2022-06-25 21:40:29.294047
Building graph1 edges...78% completed @ 2022-06-25 21:40:29.713830
Building graph1 edges...81% completed @ 2022-06-25 21:40:30.131875
Building graph1 edges...84% completed @ 2022-06-25 21:40:30.547916
Building graph1 edges...87% completed @ 2022-06-25 21:40:30.964262
Building graph1 edges...90% completed @ 2022-06-25 21:40:31.382059
Building graph1 edges...93% completed @ 2022-06-25 21:40:31.800210
Building graph1 edges...96% completed @ 2022-06-25 21:40:32.216475
Building graph1 edges...99% completed @ 2022-06-25 21:40:32.633920
Merging conserved edges
Pruning the union graph
Building the extended union graph
Extending the union graph...10% completed @ 2022-06-25 21:40:33.729603
Extending the union graph...20% completed @ 2022-06-25 21:40:33.731358
Extending the union graph...30% completed @ 2022-06-25 21:40:33.733178
Extending the union graph...40% completed @ 2022-06-25 21:40:33.737339
Extending the union graph...50% completed @ 2022-06-25 21:40:33.740839
Extending the union graph...60% completed @ 2022-06-25 21:40:33.744562
Extending the union graph...70% completed @ 2022-06-25 21:40:33.917740
Extending the union graph...80% completed @ 2022-06-25 21:40:34.136010
Extending the union graph...90% completed @ 2022-06-25 21:40:34.324601
Edge Jaccard on extended union graph dist 1
Building the extended union graph
Extending the union graph...3% completed @ 2022-06-25 21:40:36.828462
Extending the union graph...6% completed @ 2022-06-25 21:40:42.826429
Extending the union graph...9% completed @ 2022-06-25 21:40:46.268030
Extending the union graph...12% completed @ 2022-06-25 21:40:46.534577
Extending the union graph...15% completed @ 2022-06-25 21:40:50.668596
Extending the union graph...18% completed @ 2022-06-25 21:40:51.197909
Extending the union graph...21% completed @ 2022-06-25 21:40:56.210556
Extending the union graph...24% completed @ 2022-06-25 21:41:00.213960
Extending the union graph...27% completed @ 2022-06-25 21:41:02.856965
Extending the union graph...30% completed @ 2022-06-25 21:41:08.184158
Extending the union graph...33% completed @ 2022-06-25 21:41:12.160291
Extending the union graph...36% completed @ 2022-06-25 21:41:15.394252
Extending the union graph...39% completed @ 2022-06-25 21:41:18.306611
Extending the union graph...42% completed @ 2022-06-25 21:41:24.029654
Extending the union graph...45% completed @ 2022-06-25 21:41:30.072004
Extending the union graph...48% completed @ 2022-06-25 21:41:35.697539
Extending the union graph...51% completed @ 2022-06-25 21:41:40.762045
Extending the union graph...54% completed @ 2022-06-25 21:41:42.719543
Extending the union graph...57% completed @ 2022-06-25 21:41:47.516759
Extending the union graph...60% completed @ 2022-06-25 21:41:50.911879
Extending the union graph...63% completed @ 2022-06-25 21:41:54.452110
Extending the union graph...66% completed @ 2022-06-25 21:41:58.285142
Extending the union graph...69% completed @ 2022-06-25 21:42:01.394710
Extending the union graph...72% completed @ 2022-06-25 21:42:05.271563
Extending the union graph...75% completed @ 2022-06-25 21:42:10.857442
Extending the union graph...78% completed @ 2022-06-25 21:42:12.736037
Extending the union graph...81% completed @ 2022-06-25 21:42:16.084063
Extending the union graph...84% completed @ 2022-06-25 21:42:23.086584
Extending the union graph...87% completed @ 2022-06-25 21:42:29.173003
Extending the union graph...90% completed @ 2022-06-25 21:42:30.159045
Extending the union graph...93% completed @ 2022-06-25 21:42:36.267265
Extending the union graph...96% completed @ 2022-06-25 21:42:42.559469
Extending the union graph...99% completed @ 2022-06-25 21:42:45.343229
Evaluating vertex sums
Extending the union graph...3% completed @ 2022-06-25 21:42:45.426885
Extending the union graph...6% completed @ 2022-06-25 21:42:45.432788
Extending the union graph...9% completed @ 2022-06-25 21:42:45.438757
Extending the union graph...12% completed @ 2022-06-25 21:42:45.444446
Extending the union graph...15% completed @ 2022-06-25 21:42:45.450451
Extending the union graph...18% completed @ 2022-06-25 21:42:45.456198
Extending the union graph...21% completed @ 2022-06-25 21:42:45.462154
Extending the union graph...24% completed @ 2022-06-25 21:42:45.468029
Extending the union graph...27% completed @ 2022-06-25 21:42:45.474118
Extending the union graph...30% completed @ 2022-06-25 21:42:45.480107
Extending the union graph...33% completed @ 2022-06-25 21:42:45.485966
Extending the union graph...36% completed @ 2022-06-25 21:42:45.491759
Extending the union graph...39% completed @ 2022-06-25 21:42:45.497447
Extending the union graph...42% completed @ 2022-06-25 21:42:45.503544
Extending the union graph...45% completed @ 2022-06-25 21:42:45.509655
Extending the union graph...48% completed @ 2022-06-25 21:42:45.515645
Extending the union graph...51% completed @ 2022-06-25 21:42:45.521988
Extending the union graph...54% completed @ 2022-06-25 21:42:45.527950
Extending the union graph...57% completed @ 2022-06-25 21:42:45.534135
Extending the union graph...60% completed @ 2022-06-25 21:42:45.540130
Extending the union graph...63% completed @ 2022-06-25 21:42:45.546253
Extending the union graph...66% completed @ 2022-06-25 21:42:45.552210
Extending the union graph...69% completed @ 2022-06-25 21:42:45.558219
Extending the union graph...72% completed @ 2022-06-25 21:42:45.564208
Extending the union graph...75% completed @ 2022-06-25 21:42:45.570561
Extending the union graph...78% completed @ 2022-06-25 21:42:45.576871
Extending the union graph...81% completed @ 2022-06-25 21:42:45.582994
Extending the union graph...84% completed @ 2022-06-25 21:42:45.589221
Extending the union graph...87% completed @ 2022-06-25 21:42:45.595467
Extending the union graph...90% completed @ 2022-06-25 21:42:45.600950
Extending the union graph...93% completed @ 2022-06-25 21:42:45.607366
Extending the union graph...96% completed @ 2022-06-25 21:42:45.613751
Extending the union graph...99% completed @ 2022-06-25 21:42:45.619836
Calculating Jaccard scores sums
Calculating Jaccard scores sums...3% completed @ 2022-06-25 21:42:45.622195
Calculating Jaccard scores sums...6% completed @ 2022-06-25 21:42:45.622914
Calculating Jaccard scores sums...9% completed @ 2022-06-25 21:42:45.624053
Calculating Jaccard scores sums...12% completed @ 2022-06-25 21:42:45.625681
Calculating Jaccard scores sums...15% completed @ 2022-06-25 21:42:45.627738
Calculating Jaccard scores sums...18% completed @ 2022-06-25 21:42:45.630267
Calculating Jaccard scores sums...21% completed @ 2022-06-25 21:42:45.633289
Calculating Jaccard scores sums...24% completed @ 2022-06-25 21:42:45.636625
Calculating Jaccard scores sums...27% completed @ 2022-06-25 21:42:45.640680
Calculating Jaccard scores sums...30% completed @ 2022-06-25 21:42:45.645069
Calculating Jaccard scores sums...33% completed @ 2022-06-25 21:42:45.650043
Calculating Jaccard scores sums...36% completed @ 2022-06-25 21:42:45.655415
Calculating Jaccard scores sums...39% completed @ 2022-06-25 21:42:45.661101
Calculating Jaccard scores sums...42% completed @ 2022-06-25 21:42:45.667477
Calculating Jaccard scores sums...45% completed @ 2022-06-25 21:42:45.674116
Calculating Jaccard scores sums...48% completed @ 2022-06-25 21:42:45.681306
Calculating Jaccard scores sums...51% completed @ 2022-06-25 21:42:45.689278
Calculating Jaccard scores sums...54% completed @ 2022-06-25 21:42:45.697405
Calculating Jaccard scores sums...57% completed @ 2022-06-25 21:42:45.706037
Calculating Jaccard scores sums...60% completed @ 2022-06-25 21:42:45.715114
Calculating Jaccard scores sums...63% completed @ 2022-06-25 21:42:45.724639
Calculating Jaccard scores sums...66% completed @ 2022-06-25 21:42:45.734829
Calculating Jaccard scores sums...69% completed @ 2022-06-25 21:42:45.745570
Calculating Jaccard scores sums...72% completed @ 2022-06-25 21:42:45.756527
Calculating Jaccard scores sums...75% completed @ 2022-06-25 21:42:45.768077
Calculating Jaccard scores sums...78% completed @ 2022-06-25 21:42:45.780589
Calculating Jaccard scores sums...81% completed @ 2022-06-25 21:42:45.792887
Calculating Jaccard scores sums...84% completed @ 2022-06-25 21:42:45.806034
Calculating Jaccard scores sums...87% completed @ 2022-06-25 21:42:45.819453
Calculating Jaccard scores sums...90% completed @ 2022-06-25 21:42:45.833310
Calculating Jaccard scores sums...93% completed @ 2022-06-25 21:42:45.847824
Calculating Jaccard scores sums...96% completed @ 2022-06-25 21:42:45.862749
Calculating Jaccard scores sums...99% completed @ 2022-06-25 21:42:45.877910
Injecting direct edges contribution
Obtaining max scores per vertex
Obtaining max scores per vertex...3% completed @ 2022-06-25 21:42:46.100583
Obtaining max scores per vertex...6% completed @ 2022-06-25 21:42:46.109779
Obtaining max scores per vertex...9% completed @ 2022-06-25 21:42:46.118934
Obtaining max scores per vertex...12% completed @ 2022-06-25 21:42:46.128311
Obtaining max scores per vertex...15% completed @ 2022-06-25 21:42:46.137631
Obtaining max scores per vertex...18% completed @ 2022-06-25 21:42:46.146987
Obtaining max scores per vertex...21% completed @ 2022-06-25 21:42:46.156280
Obtaining max scores per vertex...24% completed @ 2022-06-25 21:42:46.165594
Obtaining max scores per vertex...27% completed @ 2022-06-25 21:42:46.175281
Obtaining max scores per vertex...30% completed @ 2022-06-25 21:42:46.184582
Obtaining max scores per vertex...33% completed @ 2022-06-25 21:42:46.195674
Obtaining max scores per vertex...36% completed @ 2022-06-25 21:42:46.205459
Obtaining max scores per vertex...39% completed @ 2022-06-25 21:42:46.215672
Obtaining max scores per vertex...42% completed @ 2022-06-25 21:42:46.225394
Obtaining max scores per vertex...45% completed @ 2022-06-25 21:42:46.234967
Obtaining max scores per vertex...48% completed @ 2022-06-25 21:42:46.244586
Obtaining max scores per vertex...51% completed @ 2022-06-25 21:42:46.254622
Obtaining max scores per vertex...54% completed @ 2022-06-25 21:42:46.264230
Obtaining max scores per vertex...57% completed @ 2022-06-25 21:42:46.273985
Obtaining max scores per vertex...60% completed @ 2022-06-25 21:42:46.283704
Obtaining max scores per vertex...63% completed @ 2022-06-25 21:42:46.293614
Obtaining max scores per vertex...66% completed @ 2022-06-25 21:42:46.303331
Obtaining max scores per vertex...69% completed @ 2022-06-25 21:42:46.313275
Obtaining max scores per vertex...72% completed @ 2022-06-25 21:42:46.322855
Obtaining max scores per vertex...75% completed @ 2022-06-25 21:42:46.332695
Obtaining max scores per vertex...78% completed @ 2022-06-25 21:42:46.342894
Obtaining max scores per vertex...81% completed @ 2022-06-25 21:42:46.352758
Obtaining max scores per vertex...84% completed @ 2022-06-25 21:42:46.362887
Obtaining max scores per vertex...87% completed @ 2022-06-25 21:42:46.372830
Obtaining max scores per vertex...90% completed @ 2022-06-25 21:42:46.382204
Obtaining max scores per vertex...93% completed @ 2022-06-25 21:42:46.392142
Obtaining max scores per vertex...96% completed @ 2022-06-25 21:42:46.402253
Obtaining max scores per vertex...99% completed @ 2022-06-25 21:42:46.411883
Removing low scoring edges
Removing low scoring edges...3% completed @ 2022-06-25 21:42:46.415435
Removing low scoring edges...6% completed @ 2022-06-25 21:42:46.416096
Removing low scoring edges...9% completed @ 2022-06-25 21:42:46.417300
Removing low scoring edges...12% completed @ 2022-06-25 21:42:46.418780
Removing low scoring edges...15% completed @ 2022-06-25 21:42:46.420604
Removing low scoring edges...18% completed @ 2022-06-25 21:42:46.422982
Removing low scoring edges...21% completed @ 2022-06-25 21:42:46.425735
Removing low scoring edges...24% completed @ 2022-06-25 21:42:46.428741
Removing low scoring edges...27% completed @ 2022-06-25 21:42:46.432461
Removing low scoring edges...30% completed @ 2022-06-25 21:42:46.436337
Removing low scoring edges...33% completed @ 2022-06-25 21:42:46.440554
Removing low scoring edges...36% completed @ 2022-06-25 21:42:46.445239
Removing low scoring edges...39% completed @ 2022-06-25 21:42:46.450268
Removing low scoring edges...42% completed @ 2022-06-25 21:42:46.455916
Removing low scoring edges...45% completed @ 2022-06-25 21:42:46.462031
Removing low scoring edges...48% completed @ 2022-06-25 21:42:46.468442
Removing low scoring edges...51% completed @ 2022-06-25 21:42:46.475725
Removing low scoring edges...54% completed @ 2022-06-25 21:42:46.483305
Removing low scoring edges...57% completed @ 2022-06-25 21:42:46.491163
Removing low scoring edges...60% completed @ 2022-06-25 21:42:46.499441
Removing low scoring edges...63% completed @ 2022-06-25 21:42:46.508291
Removing low scoring edges...66% completed @ 2022-06-25 21:42:46.517386
Removing low scoring edges...69% completed @ 2022-06-25 21:42:46.526842
Removing low scoring edges...72% completed @ 2022-06-25 21:42:46.536748
Removing low scoring edges...75% completed @ 2022-06-25 21:42:46.547180
Removing low scoring edges...78% completed @ 2022-06-25 21:42:46.558951
Removing low scoring edges...81% completed @ 2022-06-25 21:42:46.570272
Removing low scoring edges...84% completed @ 2022-06-25 21:42:46.581927
Removing low scoring edges...87% completed @ 2022-06-25 21:42:46.594077
Removing low scoring edges...90% completed @ 2022-06-25 21:42:46.606290
Removing low scoring edges...93% completed @ 2022-06-25 21:42:46.619183
Removing low scoring edges...96% completed @ 2022-06-25 21:42:46.632208
Removing low scoring edges...99% completed @ 2022-06-25 21:42:46.646223
Finalizing extended graph
180516
.........[mcl] new tab created
[mcl] pid 465969
 ite -------------------  chaos  time hom(avg,lo,hi) expa expb expc fmv
  1  ...................  25.76  0.33 1.21/0.63/14.85 1.89 1.75 1.75  96
  2  ...................  43.80  0.69 0.87/0.24/5.38 1.13 0.75 1.32  96
  3  ...................  48.04  0.44 0.63/0.04/2.88 1.47 0.79 1.04  96
  4  ...................  69.37  0.31 0.37/0.04/1.09 1.36 0.85 0.89  96
  5  ...................  47.18  0.24 0.39/0.16/2.03 1.25 0.63 0.56  94
  6  ...................   6.43  0.10 0.66/0.31/1.15 1.01 0.10 0.05  79
  7  ...................   3.55  0.00 0.90/0.45/1.19 1.03 0.19 0.01  65
  8  ...................   0.59  0.00 1.00/0.71/1.00 1.16 0.44 0.00   2
  9  ...................   0.04  0.00 1.00/0.75/1.00 1.00 0.58 0.00   0
 10  ...................   0.00  0.00 1.00/1.00/1.00 1.00 0.98 0.00   0
[mcl] jury pruning marks: <99,98,99>, out of 100
[mcl] jury pruning synopsis: <98.8 or marvelous> (cf -scheme, -do log)
[mcl] output is in /home/wangph1/plant/data/mcl/syeast0-syeast20-k5-n1004-no1+1656218418.txt
[mcl] 26 clusters found
[mcl] output is in /home/wangph1/plant/data/mcl/syeast0-syeast20-k5-n1004-no1+1656218418.txt

Please cite:
    Stijn van Dongen, Graph Clustering by Flow Simulation.  PhD thesis,
    University of Utrecht, May 2000.
       (  http://www.library.uu.nl/digiarchief/dip/diss/1895620/full.pdf
       or  http://micans.org/mcl/lit/svdthesis.pdf.gz)
OR
    Stijn van Dongen, A cluster algorithm for graphs. Technical
    Report INS-R0010, National Research Institute for Mathematics
    and Computer Science in the Netherlands, Amsterdam, May 2000.
       (  http://www.cwi.nl/ftp/CWIreports/INS/INS-R0010.ps.Z
       or  http://micans.org/mcl/lit/INS-R0010.ps.Z)

/home/wangph1/plant/scripts
using old nif file for syeast0
using old nif file for syeast20
using old odv file for syeast0
using old odv file for syeast20
using old odv ort file for syeast0-syeast20
/home/wangph1/plant/data/mcl/syeast0-syeast20-k5-n1004-no1+1656218418.txt
/home/wangph1/plant/networks/mcl/syeast0_marked.nif
/home/wangph1/plant/networks/mcl/syeast20_marked.nif
/home/wangph1/plant/data/mcl/fake_ort/syeast0-syeast20-k5-n1004-no1.ort
/home/wangph1/plant/data/mcl/syeast0-syeast20-k5-n1004-no1.txt
Traceback (most recent call last):
  File "/home/wangph1/plant/scripts/mcl_helpers.py", line 139, in <module>
    full_local_run_mcl(gtag1, gtag2, notes=notes)
  File "/home/wangph1/plant/scripts/mcl_helpers.py", line 124, in full_local_run_mcl
    process_mcl(gtag1, gtag2, notes=notes)
  File "/home/wangph1/plant/scripts/mcl_helpers.py", line 112, in process_mcl
    num_ort, num_pairs = evaluate_alignment(gtag1, gtag2, notes=notes)
  File "/home/wangph1/plant/scripts/mcl_helpers.py", line 95, in evaluate_alignment
    m2m_pairs = read_in_slashes_m2m(out_path)
  File "/home/wangph1/plant/scripts/file_helpers.py", line 47, in read_in_slashes_m2m
    with open(m2m_path, 'r') as f:
FileNotFoundError: [Errno 2] No such file or directory: '/home/wangph1/plant/data/mcl/syeast0-syeast20-k5-n1004-no1.txt'
JOBSFINISHED
