Namespace(ag_file=['/home/wangph1/plant/data/mcl/cat-horse-k4-n14427-no1+1656218423.ag'], ort_file=['/home/wangph1/plant/data/mcl/fake_ort/cat-horse-k4-n14427-no1.ort'], ppi1_file=['/home/wangph1/plant/networks/mcl/cat_marked.nif'], ppi2_file=['/home/wangph1/plant/networks/mcl/horse_marked.nif'])
Loading input data
/home/wangph1/plant/networks/mcl/cat_marked.nif
/home/wangph1/plant/networks/mcl/horse_marked.nif
/home/wangph1/plant/data/mcl/fake_ort/cat-horse-k4-n14427-no1.ort
Building the union graph
Building rev maps
Building maps
Processing net 0 - simple nodes
Processing net 1 - simple nodes
Processing composite nodes
Building igraph.Graph
Entering build_union_graph_edges
Building graph1 edges...3% completed @ 2022-06-25 21:46:30.952486
Building graph1 edges...6% completed @ 2022-06-25 21:52:30.325677
Building graph1 edges...9% completed @ 2022-06-25 21:58:29.164480
Building graph1 edges...12% completed @ 2022-06-25 22:04:27.411181
Building graph1 edges...15% completed @ 2022-06-25 22:10:24.540152
Building graph1 edges...18% completed @ 2022-06-25 22:16:22.594977
Building graph1 edges...21% completed @ 2022-06-25 22:22:20.427919
Building graph1 edges...24% completed @ 2022-06-25 22:28:19.369691
Building graph1 edges...27% completed @ 2022-06-25 22:34:17.352327
Building graph1 edges...30% completed @ 2022-06-25 22:40:15.999927
Building graph1 edges...33% completed @ 2022-06-25 22:46:13.909513
Building graph1 edges...36% completed @ 2022-06-25 22:52:12.103943
Building graph1 edges...39% completed @ 2022-06-25 22:58:09.374015
Building graph1 edges...42% completed @ 2022-06-25 23:04:06.194773
Building graph1 edges...45% completed @ 2022-06-25 23:10:04.852005
Building graph1 edges...48% completed @ 2022-06-25 23:16:02.915062
Building graph1 edges...51% completed @ 2022-06-25 23:22:00.883118
Building graph1 edges...54% completed @ 2022-06-25 23:27:59.328505
Building graph1 edges...57% completed @ 2022-06-25 23:33:58.620519
Building graph1 edges...60% completed @ 2022-06-25 23:39:56.882271
Building graph1 edges...63% completed @ 2022-06-25 23:45:54.102046
Building graph1 edges...66% completed @ 2022-06-25 23:51:51.257758
Building graph1 edges...69% completed @ 2022-06-25 23:57:48.340503
Building graph1 edges...72% completed @ 2022-06-26 00:03:45.802657
Building graph1 edges...75% completed @ 2022-06-26 00:09:43.266616
Building graph1 edges...78% completed @ 2022-06-26 00:15:41.203119
Building graph1 edges...81% completed @ 2022-06-26 00:21:39.772189
Building graph1 edges...84% completed @ 2022-06-26 00:27:38.869911
Building graph1 edges...87% completed @ 2022-06-26 00:33:38.999065
Building graph1 edges...90% completed @ 2022-06-26 00:39:36.103204
Building graph1 edges...93% completed @ 2022-06-26 00:45:34.665982
Building graph1 edges...96% completed @ 2022-06-26 00:51:32.725744
Building graph1 edges...99% completed @ 2022-06-26 00:57:30.235762
Merging conserved edges
Pruning the union graph
Building the extended union graph
Extending the union graph...10% completed @ 2022-06-26 00:59:40.969709
Extending the union graph...20% completed @ 2022-06-26 00:59:41.015088
Extending the union graph...30% completed @ 2022-06-26 00:59:41.090802
Extending the union graph...40% completed @ 2022-06-26 00:59:41.188241
Extending the union graph...50% completed @ 2022-06-26 00:59:41.273586
Extending the union graph...60% completed @ 2022-06-26 00:59:42.331568
Extending the union graph...70% completed @ 2022-06-26 00:59:43.399133
Extending the union graph...80% completed @ 2022-06-26 00:59:44.341350
Extending the union graph...90% completed @ 2022-06-26 00:59:45.376117
Edge Jaccard on extended union graph dist 1
Building the extended union graph
Extending the union graph...3% completed @ 2022-06-26 01:00:04.400581
Extending the union graph...6% completed @ 2022-06-26 01:00:33.099712
Extending the union graph...9% completed @ 2022-06-26 01:00:45.654129
Extending the union graph...12% completed @ 2022-06-26 01:01:16.473758
Extending the union graph...15% completed @ 2022-06-26 01:01:42.400160
Extending the union graph...18% completed @ 2022-06-26 01:01:53.759760
Extending the union graph...21% completed @ 2022-06-26 01:02:20.808734
Extending the union graph...24% completed @ 2022-06-26 01:03:04.817471
Extending the union graph...27% completed @ 2022-06-26 01:03:23.924366
Extending the union graph...30% completed @ 2022-06-26 01:03:50.350443
Extending the union graph...33% completed @ 2022-06-26 01:04:10.673291
Extending the union graph...36% completed @ 2022-06-26 01:04:42.956483
Extending the union graph...39% completed @ 2022-06-26 01:05:17.143561
Extending the union graph...42% completed @ 2022-06-26 01:05:33.381913
Extending the union graph...45% completed @ 2022-06-26 01:05:46.087077
Extending the union graph...48% completed @ 2022-06-26 01:06:03.656794
Extending the union graph...51% completed @ 2022-06-26 01:06:24.076473
Extending the union graph...54% completed @ 2022-06-26 01:06:52.933604
Extending the union graph...57% completed @ 2022-06-26 01:07:12.946847
Extending the union graph...60% completed @ 2022-06-26 01:07:35.791963
Extending the union graph...63% completed @ 2022-06-26 01:07:56.144160
Extending the union graph...66% completed @ 2022-06-26 01:08:16.010249
Extending the union graph...69% completed @ 2022-06-26 01:08:35.767292
Extending the union graph...72% completed @ 2022-06-26 01:09:15.393391
Extending the union graph...75% completed @ 2022-06-26 01:09:47.204810
Extending the union graph...78% completed @ 2022-06-26 01:10:13.878478
Extending the union graph...81% completed @ 2022-06-26 01:10:50.528005
Extending the union graph...84% completed @ 2022-06-26 01:11:04.283719
Extending the union graph...87% completed @ 2022-06-26 01:11:29.210117
Extending the union graph...90% completed @ 2022-06-26 01:11:59.739390
Extending the union graph...93% completed @ 2022-06-26 01:12:23.503589
Extending the union graph...96% completed @ 2022-06-26 01:13:22.893706
Extending the union graph...99% completed @ 2022-06-26 01:13:45.157474
Evaluating vertex sums
Extending the union graph...3% completed @ 2022-06-26 01:13:54.384497
Extending the union graph...6% completed @ 2022-06-26 01:13:55.909530
Extending the union graph...9% completed @ 2022-06-26 01:13:57.402087
Extending the union graph...12% completed @ 2022-06-26 01:13:58.894391
Extending the union graph...15% completed @ 2022-06-26 01:14:00.397820
Extending the union graph...18% completed @ 2022-06-26 01:14:01.903171
Extending the union graph...21% completed @ 2022-06-26 01:14:03.408898
Extending the union graph...24% completed @ 2022-06-26 01:14:04.926488
Extending the union graph...27% completed @ 2022-06-26 01:14:06.413246
Extending the union graph...30% completed @ 2022-06-26 01:14:07.900539
Extending the union graph...33% completed @ 2022-06-26 01:14:09.402540
Extending the union graph...36% completed @ 2022-06-26 01:14:10.927765
Extending the union graph...39% completed @ 2022-06-26 01:14:12.431300
Extending the union graph...42% completed @ 2022-06-26 01:14:13.968651
Extending the union graph...45% completed @ 2022-06-26 01:14:15.473310
Extending the union graph...48% completed @ 2022-06-26 01:14:16.976860
Extending the union graph...51% completed @ 2022-06-26 01:14:18.541021
Extending the union graph...54% completed @ 2022-06-26 01:14:20.060243
Extending the union graph...57% completed @ 2022-06-26 01:14:21.589302
Extending the union graph...60% completed @ 2022-06-26 01:14:23.114023
Extending the union graph...63% completed @ 2022-06-26 01:14:24.698102
Extending the union graph...66% completed @ 2022-06-26 01:14:26.258470
Extending the union graph...69% completed @ 2022-06-26 01:14:27.768666
Extending the union graph...72% completed @ 2022-06-26 01:14:29.298567
Extending the union graph...75% completed @ 2022-06-26 01:14:30.876561
Extending the union graph...78% completed @ 2022-06-26 01:14:32.455674
Extending the union graph...81% completed @ 2022-06-26 01:14:34.012027
Extending the union graph...84% completed @ 2022-06-26 01:14:35.551957
Extending the union graph...87% completed @ 2022-06-26 01:14:37.094703
Extending the union graph...90% completed @ 2022-06-26 01:14:38.647911
Extending the union graph...93% completed @ 2022-06-26 01:14:40.202890
Extending the union graph...96% completed @ 2022-06-26 01:14:41.797825
Extending the union graph...99% completed @ 2022-06-26 01:14:43.350872
Calculating Jaccard scores sums
Calculating Jaccard scores sums...3% completed @ 2022-06-26 01:14:43.909500
Calculating Jaccard scores sums...6% completed @ 2022-06-26 01:14:44.061031
Calculating Jaccard scores sums...9% completed @ 2022-06-26 01:14:44.315358
Calculating Jaccard scores sums...12% completed @ 2022-06-26 01:14:44.683923
Calculating Jaccard scores sums...15% completed @ 2022-06-26 01:14:45.151925
Calculating Jaccard scores sums...18% completed @ 2022-06-26 01:14:45.729290
Calculating Jaccard scores sums...21% completed @ 2022-06-26 01:14:46.414048
Calculating Jaccard scores sums...24% completed @ 2022-06-26 01:14:47.212753
Calculating Jaccard scores sums...27% completed @ 2022-06-26 01:14:48.118071
Calculating Jaccard scores sums...30% completed @ 2022-06-26 01:14:49.118200
Calculating Jaccard scores sums...33% completed @ 2022-06-26 01:14:50.225510
Calculating Jaccard scores sums...36% completed @ 2022-06-26 01:14:51.448207
Calculating Jaccard scores sums...39% completed @ 2022-06-26 01:14:52.784962
Calculating Jaccard scores sums...42% completed @ 2022-06-26 01:14:54.228426
Calculating Jaccard scores sums...45% completed @ 2022-06-26 01:14:55.789232
Calculating Jaccard scores sums...48% completed @ 2022-06-26 01:14:57.447906
Calculating Jaccard scores sums...51% completed @ 2022-06-26 01:14:59.202423
Calculating Jaccard scores sums...54% completed @ 2022-06-26 01:15:01.100738
Calculating Jaccard scores sums...57% completed @ 2022-06-26 01:15:03.091171
Calculating Jaccard scores sums...60% completed @ 2022-06-26 01:15:05.158582
Calculating Jaccard scores sums...63% completed @ 2022-06-26 01:15:07.361425
Calculating Jaccard scores sums...66% completed @ 2022-06-26 01:15:09.679489
Calculating Jaccard scores sums...69% completed @ 2022-06-26 01:15:12.096670
Calculating Jaccard scores sums...72% completed @ 2022-06-26 01:15:14.656812
Calculating Jaccard scores sums...75% completed @ 2022-06-26 01:15:17.317502
Calculating Jaccard scores sums...78% completed @ 2022-06-26 01:15:20.119817
Calculating Jaccard scores sums...81% completed @ 2022-06-26 01:15:22.967627
Calculating Jaccard scores sums...84% completed @ 2022-06-26 01:15:25.983303
Calculating Jaccard scores sums...87% completed @ 2022-06-26 01:15:29.059281
Calculating Jaccard scores sums...90% completed @ 2022-06-26 01:15:32.267179
Calculating Jaccard scores sums...93% completed @ 2022-06-26 01:15:35.550870
Calculating Jaccard scores sums...96% completed @ 2022-06-26 01:15:38.979138
Calculating Jaccard scores sums...99% completed @ 2022-06-26 01:15:42.527920
Injecting direct edges contribution
Obtaining max scores per vertex
Obtaining max scores per vertex...3% completed @ 2022-06-26 01:15:53.018657
Obtaining max scores per vertex...6% completed @ 2022-06-26 01:15:55.327546
Obtaining max scores per vertex...9% completed @ 2022-06-26 01:15:57.665756
Obtaining max scores per vertex...12% completed @ 2022-06-26 01:15:59.953491
Obtaining max scores per vertex...15% completed @ 2022-06-26 01:16:02.282595
Obtaining max scores per vertex...18% completed @ 2022-06-26 01:16:04.574269
Obtaining max scores per vertex...21% completed @ 2022-06-26 01:16:06.845062
Obtaining max scores per vertex...24% completed @ 2022-06-26 01:16:09.155123
Obtaining max scores per vertex...27% completed @ 2022-06-26 01:16:11.438216
Obtaining max scores per vertex...30% completed @ 2022-06-26 01:16:13.710666
Obtaining max scores per vertex...33% completed @ 2022-06-26 01:16:15.990685
Obtaining max scores per vertex...36% completed @ 2022-06-26 01:16:18.285114
Obtaining max scores per vertex...39% completed @ 2022-06-26 01:16:20.538798
Obtaining max scores per vertex...42% completed @ 2022-06-26 01:16:22.793819
Obtaining max scores per vertex...45% completed @ 2022-06-26 01:16:25.049984
Obtaining max scores per vertex...48% completed @ 2022-06-26 01:16:27.297910
Obtaining max scores per vertex...51% completed @ 2022-06-26 01:16:29.538819
Obtaining max scores per vertex...54% completed @ 2022-06-26 01:16:31.788892
Obtaining max scores per vertex...57% completed @ 2022-06-26 01:16:34.012911
Obtaining max scores per vertex...60% completed @ 2022-06-26 01:16:36.210672
Obtaining max scores per vertex...63% completed @ 2022-06-26 01:16:38.459970
Obtaining max scores per vertex...66% completed @ 2022-06-26 01:16:40.690689
Obtaining max scores per vertex...69% completed @ 2022-06-26 01:16:42.911649
Obtaining max scores per vertex...72% completed @ 2022-06-26 01:16:45.121936
Obtaining max scores per vertex...75% completed @ 2022-06-26 01:16:47.356980
Obtaining max scores per vertex...78% completed @ 2022-06-26 01:16:49.586400
Obtaining max scores per vertex...81% completed @ 2022-06-26 01:16:51.732562
Obtaining max scores per vertex...84% completed @ 2022-06-26 01:16:53.889053
Obtaining max scores per vertex...87% completed @ 2022-06-26 01:16:56.055935
Obtaining max scores per vertex...90% completed @ 2022-06-26 01:16:58.211592
Obtaining max scores per vertex...93% completed @ 2022-06-26 01:17:00.349041
Obtaining max scores per vertex...96% completed @ 2022-06-26 01:17:02.500798
Obtaining max scores per vertex...99% completed @ 2022-06-26 01:17:04.601260
Removing low scoring edges
Removing low scoring edges...3% completed @ 2022-06-26 01:17:05.341516
Removing low scoring edges...6% completed @ 2022-06-26 01:17:05.486271
Removing low scoring edges...9% completed @ 2022-06-26 01:17:05.732207
Removing low scoring edges...12% completed @ 2022-06-26 01:17:06.082484
Removing low scoring edges...15% completed @ 2022-06-26 01:17:06.535046
Removing low scoring edges...18% completed @ 2022-06-26 01:17:07.082702
Removing low scoring edges...21% completed @ 2022-06-26 01:17:07.738061
Removing low scoring edges...24% completed @ 2022-06-26 01:17:08.492807
Removing low scoring edges...27% completed @ 2022-06-26 01:17:09.356985
Removing low scoring edges...30% completed @ 2022-06-26 01:17:10.319929
Removing low scoring edges...33% completed @ 2022-06-26 01:17:11.395759
Removing low scoring edges...36% completed @ 2022-06-26 01:17:12.572003
Removing low scoring edges...39% completed @ 2022-06-26 01:17:13.842335
Removing low scoring edges...42% completed @ 2022-06-26 01:17:15.230875
Removing low scoring edges...45% completed @ 2022-06-26 01:17:16.727076
Removing low scoring edges...48% completed @ 2022-06-26 01:17:18.301604
Removing low scoring edges...51% completed @ 2022-06-26 01:17:19.981912
Removing low scoring edges...54% completed @ 2022-06-26 01:17:21.754309
Removing low scoring edges...57% completed @ 2022-06-26 01:17:23.652340
Removing low scoring edges...60% completed @ 2022-06-26 01:17:25.664888
Removing low scoring edges...63% completed @ 2022-06-26 01:17:27.787621
Removing low scoring edges...66% completed @ 2022-06-26 01:17:29.998896
Removing low scoring edges...69% completed @ 2022-06-26 01:17:32.308694
Removing low scoring edges...72% completed @ 2022-06-26 01:17:34.744913
Removing low scoring edges...75% completed @ 2022-06-26 01:17:37.289643
Removing low scoring edges...78% completed @ 2022-06-26 01:17:40.020767
Removing low scoring edges...81% completed @ 2022-06-26 01:17:42.833992
Removing low scoring edges...84% completed @ 2022-06-26 01:17:45.753181
Removing low scoring edges...87% completed @ 2022-06-26 01:17:48.789773
Removing low scoring edges...90% completed @ 2022-06-26 01:17:51.913175
Removing low scoring edges...93% completed @ 2022-06-26 01:17:55.180319
Removing low scoring edges...96% completed @ 2022-06-26 01:17:58.572777
Removing low scoring edges...99% completed @ 2022-06-26 01:18:02.063542
Finalizing extended graph
831524
.........................................[mcl] new tab created
[mcl] pid 32534
 ite -------------------  chaos  time hom(avg,lo,hi) expa expb expc fmv
  1  ................... 206.84  4.75 0.63/0.00/13.14 32.46 8.41 8.41  80
  2  ................... 275.67 42.36 0.63/0.02/1.86 12.62 0.30 2.52  99
  3  ................... 102.63  6.05 0.84/0.04/2.33 19.88 0.06 0.15  89
  4  ...................  31.44  0.09 0.93/0.09/2.66 3.25 0.33 0.05   6
  5  ...................   5.91  0.02 0.97/0.18/4.64 1.16 0.51 0.02   1
  6  ...................   3.35  0.01 0.97/0.31/2.09 1.03 0.78 0.02   0
  7  ...................   1.27  0.01 0.97/0.27/1.63 1.00 0.94 0.02   0
  8  ...................   1.89  0.01 0.96/0.43/1.19 1.00 0.93 0.02   0
  9  ...................   1.94  0.01 0.96/0.41/1.00 1.00 0.92 0.02   0
 10  ...................   1.80  0.01 0.97/0.43/1.00 1.00 0.88 0.01   0
 11  ...................   1.66  0.01 0.98/0.42/1.00 1.00 0.86 0.01   0
 12  ...................   1.06  0.00 0.99/0.56/1.00 1.00 0.89 0.01   0
 13  ...................   0.60  0.00 0.99/0.64/1.00 1.00 0.92 0.01   0
 14  ...................   0.35  0.00 1.00/0.76/1.00 1.00 0.96 0.01   0
 15  ...................   0.25  0.01 1.00/0.76/1.00 1.00 0.97 0.01   0
 16  ...................   0.25  0.00 1.00/0.77/1.00 1.00 0.98 0.01   0
 17  ...................   0.19  0.00 1.00/0.81/1.00 1.00 1.00 0.01   0
 18  ...................   0.01  0.00 1.00/0.99/1.00 1.00 1.00 0.01   0
 19  ...................   0.00  0.00 1.00/1.00/1.00 1.00 1.00 0.01   0
[mcl] jury pruning marks: <50,90,99>, out of 100
[mcl] jury pruning synopsis: <66.1 or fair> (cf -scheme, -do log)
[mcl] output is in /home/wangph1/plant/data/mcl/cat-horse-k4-n14427-no1+1656218423.txt
[mcl] 3177 clusters found
[mcl] output is in /home/wangph1/plant/data/mcl/cat-horse-k4-n14427-no1+1656218423.txt

Please cite:
    Stijn van Dongen, Graph Clustering by Flow Simulation.  PhD thesis,
    University of Utrecht, May 2000.
       (  http://www.library.uu.nl/digiarchief/dip/diss/1895620/full.pdf
       or  http://micans.org/mcl/lit/svdthesis.pdf.gz)
OR
    Stijn van Dongen, A cluster algorithm for graphs. Technical
    Report INS-R0010, National Research Institute for Mathematics
    and Computer Science in the Netherlands, Amsterdam, May 2000.
       (  http://www.cwi.nl/ftp/CWIreports/INS/INS-R0010.ps.Z
       or  http://micans.org/mcl/lit/INS-R0010.ps.Z)

/home/wangph1/plant/scripts
using old nif file for cat
using old nif file for horse
using old odv file for cat
using old odv file for horse
using old odv ort file for cat-horse
/home/wangph1/plant/data/mcl/cat-horse-k4-n14427-no1+1656218423.txt
/home/wangph1/plant/networks/mcl/cat_marked.nif
/home/wangph1/plant/networks/mcl/horse_marked.nif
/home/wangph1/plant/data/mcl/fake_ort/cat-horse-k4-n14427-no1.ort
/home/wangph1/plant/data/mcl/cat-horse-k4-n14427-no1.txt
Traceback (most recent call last):
  File "/home/wangph1/plant/scripts/mcl_helpers.py", line 139, in <module>
    full_local_run_mcl(gtag1, gtag2, notes=notes)
  File "/home/wangph1/plant/scripts/mcl_helpers.py", line 124, in full_local_run_mcl
    process_mcl(gtag1, gtag2, notes=notes)
  File "/home/wangph1/plant/scripts/mcl_helpers.py", line 112, in process_mcl
    num_ort, num_pairs = evaluate_alignment(gtag1, gtag2, notes=notes)
  File "/home/wangph1/plant/scripts/mcl_helpers.py", line 95, in evaluate_alignment
    m2m_pairs = read_in_slashes_m2m(out_path)
  File "/home/wangph1/plant/scripts/file_helpers.py", line 47, in read_in_slashes_m2m
    with open(m2m_path, 'r') as f:
FileNotFoundError: [Errno 2] No such file or directory: '/home/wangph1/plant/data/mcl/cat-horse-k4-n14427-no1.txt'
JOBSFINISHED
