Namespace(ag_file=['/home/wangph1/plant/data/mcl/math_s0-math_s5-k4-n20000-no1+1656218419.ag'], ort_file=['/home/wangph1/plant/data/mcl/fake_ort/math_s0-math_s5-k4-n20000-no1.ort'], ppi1_file=['/home/wangph1/plant/networks/mcl/math_s0_marked.nif'], ppi2_file=['/home/wangph1/plant/networks/mcl/math_s5_marked.nif'])
Loading input data
/home/wangph1/plant/networks/mcl/math_s0_marked.nif
/home/wangph1/plant/networks/mcl/math_s5_marked.nif
/home/wangph1/plant/data/mcl/fake_ort/math_s0-math_s5-k4-n20000-no1.ort
Building the union graph
Building rev maps
Building maps
Processing net 0 - simple nodes
Processing net 1 - simple nodes
Processing composite nodes
Building igraph.Graph
Entering build_union_graph_edges
Building graph1 edges...3% completed @ 2022-06-25 21:41:14.622610
Building graph1 edges...6% completed @ 2022-06-25 21:42:00.778863
Building graph1 edges...9% completed @ 2022-06-25 21:42:46.871559
Building graph1 edges...12% completed @ 2022-06-25 21:43:33.018036
Building graph1 edges...15% completed @ 2022-06-25 21:44:19.163368
Building graph1 edges...18% completed @ 2022-06-25 21:45:05.337649
Building graph1 edges...21% completed @ 2022-06-25 21:45:51.497360
Building graph1 edges...24% completed @ 2022-06-25 21:46:37.670439
Building graph1 edges...27% completed @ 2022-06-25 21:47:23.895509
Building graph1 edges...30% completed @ 2022-06-25 21:48:10.020171
Building graph1 edges...33% completed @ 2022-06-25 21:48:56.152425
Building graph1 edges...36% completed @ 2022-06-25 21:49:42.629504
Building graph1 edges...39% completed @ 2022-06-25 21:50:29.167717
Building graph1 edges...42% completed @ 2022-06-25 21:51:15.704919
Building graph1 edges...45% completed @ 2022-06-25 21:52:02.268726
Building graph1 edges...48% completed @ 2022-06-25 21:52:48.825131
Building graph1 edges...51% completed @ 2022-06-25 21:53:35.380770
Building graph1 edges...54% completed @ 2022-06-25 21:54:21.987718
Building graph1 edges...57% completed @ 2022-06-25 21:55:08.598470
Building graph1 edges...60% completed @ 2022-06-25 21:55:55.062943
Building graph1 edges...63% completed @ 2022-06-25 21:56:41.201301
Building graph1 edges...66% completed @ 2022-06-25 21:57:27.309033
Building graph1 edges...69% completed @ 2022-06-25 21:58:13.411943
Building graph1 edges...72% completed @ 2022-06-25 21:58:59.529795
Building graph1 edges...75% completed @ 2022-06-25 21:59:45.638750
Building graph1 edges...78% completed @ 2022-06-25 22:00:31.718171
Building graph1 edges...81% completed @ 2022-06-25 22:01:17.871486
Building graph1 edges...84% completed @ 2022-06-25 22:02:04.024918
Building graph1 edges...87% completed @ 2022-06-25 22:02:50.180719
Building graph1 edges...90% completed @ 2022-06-25 22:03:36.336617
Building graph1 edges...93% completed @ 2022-06-25 22:04:22.482469
Building graph1 edges...96% completed @ 2022-06-25 22:05:08.628794
Building graph1 edges...99% completed @ 2022-06-25 22:05:54.766547
Merging conserved edges
Pruning the union graph
Building the extended union graph
Extending the union graph...10% completed @ 2022-06-25 22:06:11.132018
Extending the union graph...20% completed @ 2022-06-25 22:06:11.160957
Extending the union graph...30% completed @ 2022-06-25 22:06:11.188529
Extending the union graph...40% completed @ 2022-06-25 22:06:11.226960
Extending the union graph...50% completed @ 2022-06-25 22:06:11.262349
Extending the union graph...60% completed @ 2022-06-25 22:06:11.297112
Extending the union graph...70% completed @ 2022-06-25 22:06:11.349845
Extending the union graph...80% completed @ 2022-06-25 22:06:11.401811
Extending the union graph...90% completed @ 2022-06-25 22:06:11.451302
Edge Jaccard on extended union graph dist 1
Building the extended union graph
Extending the union graph...3% completed @ 2022-06-25 22:06:12.575451
Extending the union graph...6% completed @ 2022-06-25 22:06:12.588181
Extending the union graph...9% completed @ 2022-06-25 22:06:12.597573
Extending the union graph...12% completed @ 2022-06-25 22:06:12.607149
Extending the union graph...15% completed @ 2022-06-25 22:06:12.615544
Extending the union graph...18% completed @ 2022-06-25 22:06:12.624823
Extending the union graph...21% completed @ 2022-06-25 22:06:12.635129
Extending the union graph...24% completed @ 2022-06-25 22:06:12.643912
Extending the union graph...27% completed @ 2022-06-25 22:06:12.653854
Extending the union graph...30% completed @ 2022-06-25 22:06:12.668005
Extending the union graph...33% completed @ 2022-06-25 22:06:12.677156
Extending the union graph...36% completed @ 2022-06-25 22:06:12.686325
Extending the union graph...39% completed @ 2022-06-25 22:06:12.706423
Extending the union graph...42% completed @ 2022-06-25 22:06:12.715832
Extending the union graph...45% completed @ 2022-06-25 22:06:12.725462
Extending the union graph...48% completed @ 2022-06-25 22:06:12.736787
Extending the union graph...51% completed @ 2022-06-25 22:06:12.751456
Extending the union graph...54% completed @ 2022-06-25 22:06:12.761070
Extending the union graph...57% completed @ 2022-06-25 22:06:12.771222
Extending the union graph...60% completed @ 2022-06-25 22:06:12.780566
Extending the union graph...63% completed @ 2022-06-25 22:06:12.789869
Extending the union graph...66% completed @ 2022-06-25 22:06:12.806303
Extending the union graph...69% completed @ 2022-06-25 22:06:12.820144
Extending the union graph...72% completed @ 2022-06-25 22:06:12.830108
Extending the union graph...75% completed @ 2022-06-25 22:06:12.840110
Extending the union graph...78% completed @ 2022-06-25 22:06:12.852989
Extending the union graph...81% completed @ 2022-06-25 22:06:12.866196
Extending the union graph...84% completed @ 2022-06-25 22:06:12.875013
Extending the union graph...87% completed @ 2022-06-25 22:06:12.885014
Extending the union graph...90% completed @ 2022-06-25 22:06:12.919488
Extending the union graph...93% completed @ 2022-06-25 22:06:12.933656
Extending the union graph...96% completed @ 2022-06-25 22:06:12.944677
Extending the union graph...99% completed @ 2022-06-25 22:06:12.955685
Evaluating vertex sums
Extending the union graph...3% completed @ 2022-06-25 22:06:15.411830
Extending the union graph...6% completed @ 2022-06-25 22:06:17.870325
Extending the union graph...9% completed @ 2022-06-25 22:06:20.310958
Extending the union graph...12% completed @ 2022-06-25 22:06:22.764907
Extending the union graph...15% completed @ 2022-06-25 22:06:25.187415
Extending the union graph...18% completed @ 2022-06-25 22:06:27.601619
Extending the union graph...21% completed @ 2022-06-25 22:06:29.985756
Extending the union graph...24% completed @ 2022-06-25 22:06:32.378611
Extending the union graph...27% completed @ 2022-06-25 22:06:34.773504
Extending the union graph...30% completed @ 2022-06-25 22:06:37.177394
Extending the union graph...33% completed @ 2022-06-25 22:06:39.549949
Extending the union graph...36% completed @ 2022-06-25 22:06:41.941319
Extending the union graph...39% completed @ 2022-06-25 22:06:44.269747
Extending the union graph...42% completed @ 2022-06-25 22:06:46.619703
Extending the union graph...45% completed @ 2022-06-25 22:06:48.950080
Extending the union graph...48% completed @ 2022-06-25 22:06:51.291541
Extending the union graph...51% completed @ 2022-06-25 22:06:53.633077
Extending the union graph...54% completed @ 2022-06-25 22:06:55.960771
Extending the union graph...57% completed @ 2022-06-25 22:06:58.278153
Extending the union graph...60% completed @ 2022-06-25 22:07:00.556782
Extending the union graph...63% completed @ 2022-06-25 22:07:02.845026
Extending the union graph...66% completed @ 2022-06-25 22:07:05.132130
Extending the union graph...69% completed @ 2022-06-25 22:07:07.418464
Extending the union graph...72% completed @ 2022-06-25 22:07:09.693849
Extending the union graph...75% completed @ 2022-06-25 22:07:11.970982
Extending the union graph...78% completed @ 2022-06-25 22:07:14.209934
Extending the union graph...81% completed @ 2022-06-25 22:07:16.460253
Extending the union graph...84% completed @ 2022-06-25 22:07:18.691772
Extending the union graph...87% completed @ 2022-06-25 22:07:20.954068
Extending the union graph...90% completed @ 2022-06-25 22:07:23.215625
Extending the union graph...93% completed @ 2022-06-25 22:07:25.462647
Extending the union graph...96% completed @ 2022-06-25 22:07:27.711918
Extending the union graph...99% completed @ 2022-06-25 22:07:29.943363
Calculating Jaccard scores sums
Calculating Jaccard scores sums...3% completed @ 2022-06-25 22:07:30.732611
Calculating Jaccard scores sums...6% completed @ 2022-06-25 22:07:30.864739
Calculating Jaccard scores sums...9% completed @ 2022-06-25 22:07:31.088369
Calculating Jaccard scores sums...12% completed @ 2022-06-25 22:07:31.395409
Calculating Jaccard scores sums...15% completed @ 2022-06-25 22:07:31.793779
Calculating Jaccard scores sums...18% completed @ 2022-06-25 22:07:32.276962
Calculating Jaccard scores sums...21% completed @ 2022-06-25 22:07:32.835670
Calculating Jaccard scores sums...24% completed @ 2022-06-25 22:07:33.507425
Calculating Jaccard scores sums...27% completed @ 2022-06-25 22:07:34.302069
Calculating Jaccard scores sums...30% completed @ 2022-06-25 22:07:35.125241
Calculating Jaccard scores sums...33% completed @ 2022-06-25 22:07:36.080735
Calculating Jaccard scores sums...36% completed @ 2022-06-25 22:07:37.139501
Calculating Jaccard scores sums...39% completed @ 2022-06-25 22:07:38.287835
Calculating Jaccard scores sums...42% completed @ 2022-06-25 22:07:39.531358
Calculating Jaccard scores sums...45% completed @ 2022-06-25 22:07:40.900455
Calculating Jaccard scores sums...48% completed @ 2022-06-25 22:07:42.306477
Calculating Jaccard scores sums...51% completed @ 2022-06-25 22:07:43.791935
Calculating Jaccard scores sums...54% completed @ 2022-06-25 22:07:45.317674
Calculating Jaccard scores sums...57% completed @ 2022-06-25 22:07:46.951702
Calculating Jaccard scores sums...60% completed @ 2022-06-25 22:07:48.702075
Calculating Jaccard scores sums...63% completed @ 2022-06-25 22:07:50.550754
Calculating Jaccard scores sums...66% completed @ 2022-06-25 22:07:52.478758
Calculating Jaccard scores sums...69% completed @ 2022-06-25 22:07:54.508483
Calculating Jaccard scores sums...72% completed @ 2022-06-25 22:07:56.797365
Calculating Jaccard scores sums...75% completed @ 2022-06-25 22:07:58.946264
Calculating Jaccard scores sums...78% completed @ 2022-06-25 22:08:01.344245
Calculating Jaccard scores sums...81% completed @ 2022-06-25 22:08:03.750451
Calculating Jaccard scores sums...84% completed @ 2022-06-25 22:08:06.128517
Calculating Jaccard scores sums...87% completed @ 2022-06-25 22:08:08.665059
Calculating Jaccard scores sums...90% completed @ 2022-06-25 22:08:11.359758
Calculating Jaccard scores sums...93% completed @ 2022-06-25 22:08:13.996108
Calculating Jaccard scores sums...96% completed @ 2022-06-25 22:08:16.780575
Calculating Jaccard scores sums...99% completed @ 2022-06-25 22:08:19.712641
Injecting direct edges contribution
Obtaining max scores per vertex
Obtaining max scores per vertex...3% completed @ 2022-06-25 22:08:27.991390
Obtaining max scores per vertex...6% completed @ 2022-06-25 22:08:32.185787
Obtaining max scores per vertex...9% completed @ 2022-06-25 22:08:36.373263
Obtaining max scores per vertex...12% completed @ 2022-06-25 22:08:40.546996
Obtaining max scores per vertex...15% completed @ 2022-06-25 22:08:44.624390
Obtaining max scores per vertex...18% completed @ 2022-06-25 22:08:48.621090
Obtaining max scores per vertex...21% completed @ 2022-06-25 22:08:52.637679
Obtaining max scores per vertex...24% completed @ 2022-06-25 22:08:56.648260
Obtaining max scores per vertex...27% completed @ 2022-06-25 22:09:00.620305
Obtaining max scores per vertex...30% completed @ 2022-06-25 22:09:04.518222
Obtaining max scores per vertex...33% completed @ 2022-06-25 22:09:08.451146
Obtaining max scores per vertex...36% completed @ 2022-06-25 22:09:12.378286
Obtaining max scores per vertex...39% completed @ 2022-06-25 22:09:16.228141
Obtaining max scores per vertex...42% completed @ 2022-06-25 22:09:20.054534
Obtaining max scores per vertex...45% completed @ 2022-06-25 22:09:23.873675
Obtaining max scores per vertex...48% completed @ 2022-06-25 22:09:27.652239
Obtaining max scores per vertex...51% completed @ 2022-06-25 22:09:31.367150
Obtaining max scores per vertex...54% completed @ 2022-06-25 22:09:35.054490
Obtaining max scores per vertex...57% completed @ 2022-06-25 22:09:38.754200
Obtaining max scores per vertex...60% completed @ 2022-06-25 22:09:42.421138
Obtaining max scores per vertex...63% completed @ 2022-06-25 22:09:46.020089
Obtaining max scores per vertex...66% completed @ 2022-06-25 22:09:49.588176
Obtaining max scores per vertex...69% completed @ 2022-06-25 22:09:53.173179
Obtaining max scores per vertex...72% completed @ 2022-06-25 22:09:56.757020
Obtaining max scores per vertex...75% completed @ 2022-06-25 22:10:00.239201
Obtaining max scores per vertex...78% completed @ 2022-06-25 22:10:03.734185
Obtaining max scores per vertex...81% completed @ 2022-06-25 22:10:07.202399
Obtaining max scores per vertex...84% completed @ 2022-06-25 22:10:10.640247
Obtaining max scores per vertex...87% completed @ 2022-06-25 22:10:14.032442
Obtaining max scores per vertex...90% completed @ 2022-06-25 22:10:17.406581
Obtaining max scores per vertex...93% completed @ 2022-06-25 22:10:20.777537
Obtaining max scores per vertex...96% completed @ 2022-06-25 22:10:24.177042
Obtaining max scores per vertex...99% completed @ 2022-06-25 22:10:27.581304
Removing low scoring edges
Removing low scoring edges...3% completed @ 2022-06-25 22:10:28.759070
Removing low scoring edges...6% completed @ 2022-06-25 22:10:28.959989
Removing low scoring edges...9% completed @ 2022-06-25 22:10:29.303634
Removing low scoring edges...12% completed @ 2022-06-25 22:10:29.790033
Removing low scoring edges...15% completed @ 2022-06-25 22:10:30.421106
Removing low scoring edges...18% completed @ 2022-06-25 22:10:31.200593
Removing low scoring edges...21% completed @ 2022-06-25 22:10:32.108213
Removing low scoring edges...24% completed @ 2022-06-25 22:10:33.159937
Removing low scoring edges...27% completed @ 2022-06-25 22:10:34.369413
Removing low scoring edges...30% completed @ 2022-06-25 22:10:35.710219
Removing low scoring edges...33% completed @ 2022-06-25 22:10:37.213302
Removing low scoring edges...36% completed @ 2022-06-25 22:10:38.845153
Removing low scoring edges...39% completed @ 2022-06-25 22:10:40.633935
Removing low scoring edges...42% completed @ 2022-06-25 22:10:42.562515
Removing low scoring edges...45% completed @ 2022-06-25 22:10:44.603956
Removing low scoring edges...48% completed @ 2022-06-25 22:10:46.788740
Removing low scoring edges...51% completed @ 2022-06-25 22:10:49.124836
Removing low scoring edges...54% completed @ 2022-06-25 22:10:51.616151
Removing low scoring edges...57% completed @ 2022-06-25 22:10:54.246382
Removing low scoring edges...60% completed @ 2022-06-25 22:10:57.046615
Removing low scoring edges...63% completed @ 2022-06-25 22:10:59.944089
Removing low scoring edges...66% completed @ 2022-06-25 22:11:02.980641
Removing low scoring edges...69% completed @ 2022-06-25 22:11:06.184646
Removing low scoring edges...72% completed @ 2022-06-25 22:11:09.561165
Removing low scoring edges...75% completed @ 2022-06-25 22:11:13.053859
Removing low scoring edges...78% completed @ 2022-06-25 22:11:16.683415
Removing low scoring edges...81% completed @ 2022-06-25 22:11:20.458965
Removing low scoring edges...84% completed @ 2022-06-25 22:11:24.393389
Removing low scoring edges...87% completed @ 2022-06-25 22:11:28.480834
Removing low scoring edges...90% completed @ 2022-06-25 22:11:32.680250
Removing low scoring edges...93% completed @ 2022-06-25 22:11:37.045420
Removing low scoring edges...96% completed @ 2022-06-25 22:11:41.613334
Removing low scoring edges...99% completed @ 2022-06-25 22:11:46.270055
Finalizing extended graph
25661
.[mcl] new tab created
[mcl] pid 27754
 ite -------------------  chaos  time hom(avg,lo,hi) expa expb expc fmv
  1  ...................  18.11  0.03 1.20/0.05/3.69 2.40 2.40 2.40   8
  2  ...................  28.12  0.05 0.65/0.07/1.55 3.16 1.02 2.44  43
  3  ...................  16.45  0.04 0.84/0.16/2.00 2.49 0.44 1.07  44
  4  ...................   2.80  0.01 0.92/0.27/1.57 1.37 0.36 0.39  10
  5  ...................   0.95  0.00 0.97/0.53/3.04 1.07 0.70 0.27   0
  6  ...................   0.68  0.00 0.98/0.46/1.09 1.01 0.84 0.23   0
  7  ...................   0.63  0.00 0.99/0.65/1.00 1.00 0.96 0.22   0
  8  ...................   0.25  0.00 1.00/0.77/1.00 1.00 0.95 0.21   0
  9  ...................   0.18  0.00 1.00/0.82/1.00 1.00 0.98 0.21   0
 10  ...................   0.01  0.00 1.00/0.99/1.00 1.00 1.00 0.21   0
 11  ...................   0.00  0.00 1.00/1.00/1.00 1.00 1.00 0.20   0
[mcl] cut <12> instances of overlap
[mcl] jury pruning marks: <99,99,99>, out of 100
[mcl] jury pruning synopsis: <99.0 or perfect> (cf -scheme, -do log)
[mcl] output is in /home/wangph1/plant/data/mcl/math_s0-math_s5-k4-n20000-no1+1656218419.txt
[mcl] 721 clusters found
[mcl] output is in /home/wangph1/plant/data/mcl/math_s0-math_s5-k4-n20000-no1+1656218419.txt

Please cite:
    Stijn van Dongen, Graph Clustering by Flow Simulation.  PhD thesis,
    University of Utrecht, May 2000.
       (  http://www.library.uu.nl/digiarchief/dip/diss/1895620/full.pdf
       or  http://micans.org/mcl/lit/svdthesis.pdf.gz)
OR
    Stijn van Dongen, A cluster algorithm for graphs. Technical
    Report INS-R0010, National Research Institute for Mathematics
    and Computer Science in the Netherlands, Amsterdam, May 2000.
       (  http://www.cwi.nl/ftp/CWIreports/INS/INS-R0010.ps.Z
       or  http://micans.org/mcl/lit/INS-R0010.ps.Z)

/home/wangph1/plant/scripts
using old nif file for math_s0
using old nif file for math_s5
using old odv file for math_s0
using old odv file for math_s5
using old odv ort file for math_s0-math_s5
/home/wangph1/plant/data/mcl/math_s0-math_s5-k4-n20000-no1+1656218419.txt
/home/wangph1/plant/networks/mcl/math_s0_marked.nif
/home/wangph1/plant/networks/mcl/math_s5_marked.nif
/home/wangph1/plant/data/mcl/fake_ort/math_s0-math_s5-k4-n20000-no1.ort
/home/wangph1/plant/data/mcl/math_s0-math_s5-k4-n20000-no1.txt
Traceback (most recent call last):
  File "/home/wangph1/plant/scripts/mcl_helpers.py", line 139, in <module>
    full_local_run_mcl(gtag1, gtag2, notes=notes)
  File "/home/wangph1/plant/scripts/mcl_helpers.py", line 124, in full_local_run_mcl
    process_mcl(gtag1, gtag2, notes=notes)
  File "/home/wangph1/plant/scripts/mcl_helpers.py", line 112, in process_mcl
    num_ort, num_pairs = evaluate_alignment(gtag1, gtag2, notes=notes)
  File "/home/wangph1/plant/scripts/mcl_helpers.py", line 95, in evaluate_alignment
    m2m_pairs = read_in_slashes_m2m(out_path)
  File "/home/wangph1/plant/scripts/file_helpers.py", line 47, in read_in_slashes_m2m
    with open(m2m_path, 'r') as f:
FileNotFoundError: [Errno 2] No such file or directory: '/home/wangph1/plant/data/mcl/math_s0-math_s5-k4-n20000-no1.txt'
JOBSFINISHED
