Namespace(ag_file=['/home/wangph1/plant/data/mcl/cat-cow-k4-n14427-no1+1656218423.ag'], ort_file=['/home/wangph1/plant/data/mcl/fake_ort/cat-cow-k4-n14427-no1.ort'], ppi1_file=['/home/wangph1/plant/networks/mcl/cat_marked.nif'], ppi2_file=['/home/wangph1/plant/networks/mcl/cow_marked.nif'])
Loading input data
/home/wangph1/plant/networks/mcl/cat_marked.nif
/home/wangph1/plant/networks/mcl/cow_marked.nif
/home/wangph1/plant/data/mcl/fake_ort/cat-cow-k4-n14427-no1.ort
Building the union graph
Building rev maps
Building maps
Processing net 0 - simple nodes
Processing net 1 - simple nodes
Processing composite nodes
Building igraph.Graph
Entering build_union_graph_edges
Building graph1 edges...3% completed @ 2022-06-25 21:46:25.685086
Building graph1 edges...6% completed @ 2022-06-25 21:52:18.876801
Building graph1 edges...9% completed @ 2022-06-25 21:58:11.404812
Building graph1 edges...12% completed @ 2022-06-25 22:04:04.559023
Building graph1 edges...15% completed @ 2022-06-25 22:09:56.864811
Building graph1 edges...18% completed @ 2022-06-25 22:15:50.004512
Building graph1 edges...21% completed @ 2022-06-25 22:21:43.898857
Building graph1 edges...24% completed @ 2022-06-25 22:27:37.709088
Building graph1 edges...27% completed @ 2022-06-25 22:33:31.543186
Building graph1 edges...30% completed @ 2022-06-25 22:39:25.747472
Building graph1 edges...33% completed @ 2022-06-25 22:45:20.492713
Building graph1 edges...36% completed @ 2022-06-25 22:51:15.256871
Building graph1 edges...39% completed @ 2022-06-25 22:57:10.069745
Building graph1 edges...42% completed @ 2022-06-25 23:03:04.834822
Building graph1 edges...45% completed @ 2022-06-25 23:08:59.463384
Building graph1 edges...48% completed @ 2022-06-25 23:14:53.970915
Building graph1 edges...51% completed @ 2022-06-25 23:20:48.624925
Building graph1 edges...54% completed @ 2022-06-25 23:26:42.788242
Building graph1 edges...57% completed @ 2022-06-25 23:32:36.166148
Building graph1 edges...60% completed @ 2022-06-25 23:38:29.791383
Building graph1 edges...63% completed @ 2022-06-25 23:44:22.877675
Building graph1 edges...66% completed @ 2022-06-25 23:50:17.541361
Building graph1 edges...69% completed @ 2022-06-25 23:56:10.477848
Building graph1 edges...72% completed @ 2022-06-26 00:02:03.859333
Building graph1 edges...75% completed @ 2022-06-26 00:07:56.233896
Building graph1 edges...78% completed @ 2022-06-26 00:13:49.177774
Building graph1 edges...81% completed @ 2022-06-26 00:19:42.231482
Building graph1 edges...84% completed @ 2022-06-26 00:25:34.326691
Building graph1 edges...87% completed @ 2022-06-26 00:31:28.853672
Building graph1 edges...90% completed @ 2022-06-26 00:37:21.476914
Building graph1 edges...93% completed @ 2022-06-26 00:43:14.063148
Building graph1 edges...96% completed @ 2022-06-26 00:49:06.774284
Building graph1 edges...99% completed @ 2022-06-26 00:54:59.816450
Merging conserved edges
Pruning the union graph
Building the extended union graph
Extending the union graph...10% completed @ 2022-06-26 00:57:05.643155
Extending the union graph...20% completed @ 2022-06-26 00:57:05.688353
Extending the union graph...30% completed @ 2022-06-26 00:57:05.749853
Extending the union graph...40% completed @ 2022-06-26 00:57:05.824777
Extending the union graph...50% completed @ 2022-06-26 00:57:05.894144
Extending the union graph...60% completed @ 2022-06-26 00:57:06.728189
Extending the union graph...70% completed @ 2022-06-26 00:57:07.496220
Extending the union graph...80% completed @ 2022-06-26 00:57:08.208694
Extending the union graph...90% completed @ 2022-06-26 00:57:08.914329
Edge Jaccard on extended union graph dist 1
Building the extended union graph
Extending the union graph...3% completed @ 2022-06-26 00:57:21.647822
Extending the union graph...6% completed @ 2022-06-26 00:57:35.192530
Extending the union graph...9% completed @ 2022-06-26 00:57:43.451422
Extending the union graph...12% completed @ 2022-06-26 00:57:56.703896
Extending the union graph...15% completed @ 2022-06-26 00:58:13.831780
Extending the union graph...18% completed @ 2022-06-26 00:58:22.384493
Extending the union graph...21% completed @ 2022-06-26 00:58:33.985804
Extending the union graph...24% completed @ 2022-06-26 00:58:58.255239
Extending the union graph...27% completed @ 2022-06-26 00:59:10.608336
Extending the union graph...30% completed @ 2022-06-26 00:59:22.767685
Extending the union graph...33% completed @ 2022-06-26 00:59:41.440124
Extending the union graph...36% completed @ 2022-06-26 00:59:56.332821
Extending the union graph...39% completed @ 2022-06-26 01:00:05.853108
Extending the union graph...42% completed @ 2022-06-26 01:00:23.036539
Extending the union graph...45% completed @ 2022-06-26 01:00:30.246124
Extending the union graph...48% completed @ 2022-06-26 01:00:39.559151
Extending the union graph...51% completed @ 2022-06-26 01:01:10.284314
Extending the union graph...54% completed @ 2022-06-26 01:01:23.921888
Extending the union graph...57% completed @ 2022-06-26 01:01:34.882047
Extending the union graph...60% completed @ 2022-06-26 01:01:49.862658
Extending the union graph...63% completed @ 2022-06-26 01:02:01.225626
Extending the union graph...66% completed @ 2022-06-26 01:02:10.083064
Extending the union graph...69% completed @ 2022-06-26 01:02:23.950172
Extending the union graph...72% completed @ 2022-06-26 01:02:49.461594
Extending the union graph...75% completed @ 2022-06-26 01:03:02.317575
Extending the union graph...78% completed @ 2022-06-26 01:03:17.320171
Extending the union graph...81% completed @ 2022-06-26 01:03:36.937431
Extending the union graph...84% completed @ 2022-06-26 01:03:48.105806
Extending the union graph...87% completed @ 2022-06-26 01:04:04.411530
Extending the union graph...90% completed @ 2022-06-26 01:04:18.251124
Extending the union graph...93% completed @ 2022-06-26 01:04:32.959394
Extending the union graph...96% completed @ 2022-06-26 01:04:48.903829
Extending the union graph...99% completed @ 2022-06-26 01:05:03.321377
Evaluating vertex sums
Extending the union graph...3% completed @ 2022-06-26 01:05:10.071245
Extending the union graph...6% completed @ 2022-06-26 01:05:11.536555
Extending the union graph...9% completed @ 2022-06-26 01:05:13.003882
Extending the union graph...12% completed @ 2022-06-26 01:05:14.452699
Extending the union graph...15% completed @ 2022-06-26 01:05:15.914096
Extending the union graph...18% completed @ 2022-06-26 01:05:17.356629
Extending the union graph...21% completed @ 2022-06-26 01:05:18.786182
Extending the union graph...24% completed @ 2022-06-26 01:05:20.230658
Extending the union graph...27% completed @ 2022-06-26 01:05:21.678356
Extending the union graph...30% completed @ 2022-06-26 01:05:23.126360
Extending the union graph...33% completed @ 2022-06-26 01:05:24.562034
Extending the union graph...36% completed @ 2022-06-26 01:05:26.030984
Extending the union graph...39% completed @ 2022-06-26 01:05:27.511021
Extending the union graph...42% completed @ 2022-06-26 01:05:28.978312
Extending the union graph...45% completed @ 2022-06-26 01:05:30.418034
Extending the union graph...48% completed @ 2022-06-26 01:05:31.863347
Extending the union graph...51% completed @ 2022-06-26 01:05:33.337336
Extending the union graph...54% completed @ 2022-06-26 01:05:34.798468
Extending the union graph...57% completed @ 2022-06-26 01:05:36.272965
Extending the union graph...60% completed @ 2022-06-26 01:05:37.748634
Extending the union graph...63% completed @ 2022-06-26 01:05:39.212100
Extending the union graph...66% completed @ 2022-06-26 01:05:40.672819
Extending the union graph...69% completed @ 2022-06-26 01:05:42.157359
Extending the union graph...72% completed @ 2022-06-26 01:05:43.644473
Extending the union graph...75% completed @ 2022-06-26 01:05:45.102231
Extending the union graph...78% completed @ 2022-06-26 01:05:46.586460
Extending the union graph...81% completed @ 2022-06-26 01:05:48.058292
Extending the union graph...84% completed @ 2022-06-26 01:05:49.509691
Extending the union graph...87% completed @ 2022-06-26 01:05:50.992554
Extending the union graph...90% completed @ 2022-06-26 01:05:52.457367
Extending the union graph...93% completed @ 2022-06-26 01:05:53.920936
Extending the union graph...96% completed @ 2022-06-26 01:05:55.410538
Extending the union graph...99% completed @ 2022-06-26 01:05:56.911892
Calculating Jaccard scores sums
Calculating Jaccard scores sums...3% completed @ 2022-06-26 01:05:57.447775
Calculating Jaccard scores sums...6% completed @ 2022-06-26 01:05:57.593376
Calculating Jaccard scores sums...9% completed @ 2022-06-26 01:05:57.836682
Calculating Jaccard scores sums...12% completed @ 2022-06-26 01:05:58.185420
Calculating Jaccard scores sums...15% completed @ 2022-06-26 01:05:58.634201
Calculating Jaccard scores sums...18% completed @ 2022-06-26 01:05:59.182070
Calculating Jaccard scores sums...21% completed @ 2022-06-26 01:05:59.829235
Calculating Jaccard scores sums...24% completed @ 2022-06-26 01:06:00.583429
Calculating Jaccard scores sums...27% completed @ 2022-06-26 01:06:01.452009
Calculating Jaccard scores sums...30% completed @ 2022-06-26 01:06:02.408546
Calculating Jaccard scores sums...33% completed @ 2022-06-26 01:06:03.464661
Calculating Jaccard scores sums...36% completed @ 2022-06-26 01:06:04.640232
Calculating Jaccard scores sums...39% completed @ 2022-06-26 01:06:05.905835
Calculating Jaccard scores sums...42% completed @ 2022-06-26 01:06:07.287327
Calculating Jaccard scores sums...45% completed @ 2022-06-26 01:06:08.745675
Calculating Jaccard scores sums...48% completed @ 2022-06-26 01:06:10.313036
Calculating Jaccard scores sums...51% completed @ 2022-06-26 01:06:12.012061
Calculating Jaccard scores sums...54% completed @ 2022-06-26 01:06:13.797326
Calculating Jaccard scores sums...57% completed @ 2022-06-26 01:06:15.702362
Calculating Jaccard scores sums...60% completed @ 2022-06-26 01:06:17.690816
Calculating Jaccard scores sums...63% completed @ 2022-06-26 01:06:19.806470
Calculating Jaccard scores sums...66% completed @ 2022-06-26 01:06:22.002937
Calculating Jaccard scores sums...69% completed @ 2022-06-26 01:06:24.300872
Calculating Jaccard scores sums...72% completed @ 2022-06-26 01:06:26.729913
Calculating Jaccard scores sums...75% completed @ 2022-06-26 01:06:29.260307
Calculating Jaccard scores sums...78% completed @ 2022-06-26 01:06:31.907881
Calculating Jaccard scores sums...81% completed @ 2022-06-26 01:06:34.670196
Calculating Jaccard scores sums...84% completed @ 2022-06-26 01:06:37.501848
Calculating Jaccard scores sums...87% completed @ 2022-06-26 01:06:40.460796
Calculating Jaccard scores sums...90% completed @ 2022-06-26 01:06:43.533051
Calculating Jaccard scores sums...93% completed @ 2022-06-26 01:06:46.709564
Calculating Jaccard scores sums...96% completed @ 2022-06-26 01:06:49.992878
Calculating Jaccard scores sums...99% completed @ 2022-06-26 01:06:53.373780
Injecting direct edges contribution
Obtaining max scores per vertex
Obtaining max scores per vertex...3% completed @ 2022-06-26 01:07:02.923677
Obtaining max scores per vertex...6% completed @ 2022-06-26 01:07:05.239561
Obtaining max scores per vertex...9% completed @ 2022-06-26 01:07:07.546415
Obtaining max scores per vertex...12% completed @ 2022-06-26 01:07:09.834804
Obtaining max scores per vertex...15% completed @ 2022-06-26 01:07:12.164035
Obtaining max scores per vertex...18% completed @ 2022-06-26 01:07:14.472229
Obtaining max scores per vertex...21% completed @ 2022-06-26 01:07:16.791308
Obtaining max scores per vertex...24% completed @ 2022-06-26 01:07:19.061209
Obtaining max scores per vertex...27% completed @ 2022-06-26 01:07:21.347182
Obtaining max scores per vertex...30% completed @ 2022-06-26 01:07:23.614071
Obtaining max scores per vertex...33% completed @ 2022-06-26 01:07:25.874425
Obtaining max scores per vertex...36% completed @ 2022-06-26 01:07:28.164664
Obtaining max scores per vertex...39% completed @ 2022-06-26 01:07:30.410013
Obtaining max scores per vertex...42% completed @ 2022-06-26 01:07:32.655210
Obtaining max scores per vertex...45% completed @ 2022-06-26 01:07:34.880897
Obtaining max scores per vertex...48% completed @ 2022-06-26 01:07:37.092514
Obtaining max scores per vertex...51% completed @ 2022-06-26 01:07:39.305038
Obtaining max scores per vertex...54% completed @ 2022-06-26 01:07:41.518890
Obtaining max scores per vertex...57% completed @ 2022-06-26 01:07:43.752786
Obtaining max scores per vertex...60% completed @ 2022-06-26 01:07:45.924850
Obtaining max scores per vertex...63% completed @ 2022-06-26 01:07:48.108168
Obtaining max scores per vertex...66% completed @ 2022-06-26 01:07:50.268478
Obtaining max scores per vertex...69% completed @ 2022-06-26 01:07:52.430095
Obtaining max scores per vertex...72% completed @ 2022-06-26 01:07:54.573513
Obtaining max scores per vertex...75% completed @ 2022-06-26 01:07:56.717888
Obtaining max scores per vertex...78% completed @ 2022-06-26 01:07:58.876222
Obtaining max scores per vertex...81% completed @ 2022-06-26 01:08:01.014355
Obtaining max scores per vertex...84% completed @ 2022-06-26 01:08:03.108188
Obtaining max scores per vertex...87% completed @ 2022-06-26 01:08:05.236984
Obtaining max scores per vertex...90% completed @ 2022-06-26 01:08:07.329994
Obtaining max scores per vertex...93% completed @ 2022-06-26 01:08:09.411497
Obtaining max scores per vertex...96% completed @ 2022-06-26 01:08:11.519787
Obtaining max scores per vertex...99% completed @ 2022-06-26 01:08:13.629356
Removing low scoring edges
Removing low scoring edges...3% completed @ 2022-06-26 01:08:14.357360
Removing low scoring edges...6% completed @ 2022-06-26 01:08:14.498998
Removing low scoring edges...9% completed @ 2022-06-26 01:08:14.740092
Removing low scoring edges...12% completed @ 2022-06-26 01:08:15.082715
Removing low scoring edges...15% completed @ 2022-06-26 01:08:15.532497
Removing low scoring edges...18% completed @ 2022-06-26 01:08:16.080269
Removing low scoring edges...21% completed @ 2022-06-26 01:08:16.725328
Removing low scoring edges...24% completed @ 2022-06-26 01:08:17.457991
Removing low scoring edges...27% completed @ 2022-06-26 01:08:18.297569
Removing low scoring edges...30% completed @ 2022-06-26 01:08:19.236048
Removing low scoring edges...33% completed @ 2022-06-26 01:08:20.286608
Removing low scoring edges...36% completed @ 2022-06-26 01:08:21.433583
Removing low scoring edges...39% completed @ 2022-06-26 01:08:22.674197
Removing low scoring edges...42% completed @ 2022-06-26 01:08:24.011395
Removing low scoring edges...45% completed @ 2022-06-26 01:08:25.438244
Removing low scoring edges...48% completed @ 2022-06-26 01:08:26.968449
Removing low scoring edges...51% completed @ 2022-06-26 01:08:28.647245
Removing low scoring edges...54% completed @ 2022-06-26 01:08:30.372865
Removing low scoring edges...57% completed @ 2022-06-26 01:08:32.268149
Removing low scoring edges...60% completed @ 2022-06-26 01:08:34.208634
Removing low scoring edges...63% completed @ 2022-06-26 01:08:36.293672
Removing low scoring edges...66% completed @ 2022-06-26 01:08:38.451506
Removing low scoring edges...69% completed @ 2022-06-26 01:08:40.731092
Removing low scoring edges...72% completed @ 2022-06-26 01:08:43.147489
Removing low scoring edges...75% completed @ 2022-06-26 01:08:45.619704
Removing low scoring edges...78% completed @ 2022-06-26 01:08:48.209619
Removing low scoring edges...81% completed @ 2022-06-26 01:08:50.920404
Removing low scoring edges...84% completed @ 2022-06-26 01:08:53.695189
Removing low scoring edges...87% completed @ 2022-06-26 01:08:56.614752
Removing low scoring edges...90% completed @ 2022-06-26 01:08:59.624277
Removing low scoring edges...93% completed @ 2022-06-26 01:09:02.755342
Removing low scoring edges...96% completed @ 2022-06-26 01:09:06.025478
Removing low scoring edges...99% completed @ 2022-06-26 01:09:09.404924
Finalizing extended graph
658058
................................[mcl] new tab created
[mcl] pid 477714
 ite -------------------  chaos  time hom(avg,lo,hi) expa expb expc fmv
  1  ................... 198.91  3.78 0.62/0.00/10.71 33.78 9.68 9.68  75
  2  ................... 280.76 37.58 0.62/0.01/1.43 13.25 0.29 2.77  99
  3  ...................  58.04  5.05 0.86/0.10/2.65 21.86 0.04 0.11  88
  4  ...................   8.87  0.05 0.94/0.22/5.16 2.91 0.31 0.04   1
  5  ...................   2.60  0.01 0.98/0.25/3.21 1.10 0.70 0.02   0
  6  ...................   1.53  0.01 0.98/0.29/2.47 1.01 0.87 0.02   0
  7  ...................   2.25  0.01 0.97/0.35/1.33 1.00 0.96 0.02   0
  8  ...................   2.10  0.01 0.97/0.41/1.36 1.00 0.97 0.02   0
  9  ...................   2.09  0.01 0.96/0.36/1.00 1.00 0.93 0.02   0
 10  ...................   2.32  0.01 0.96/0.47/1.00 1.00 0.90 0.02   0
 11  ...................   1.79  0.01 0.97/0.41/1.00 1.00 0.89 0.02   0
 12  ...................   1.73  0.00 0.98/0.47/1.00 1.00 0.87 0.01   0
 13  ...................   0.81  0.00 0.99/0.63/1.00 1.00 0.90 0.01   0
 14  ...................   0.37  0.00 1.00/0.76/1.00 1.00 0.94 0.01   0
 15  ...................   0.25  0.00 1.00/0.81/1.00 1.00 0.97 0.01   0
 16  ...................   0.34  0.00 1.00/0.77/1.00 1.00 0.99 0.01   0
 17  ...................   0.25  0.00 1.00/0.76/1.00 1.00 1.00 0.01   0
 18  ...................   0.06  0.00 1.00/0.94/1.00 1.00 1.00 0.01   0
 19  ...................   0.00  0.00 1.00/1.00/1.00 1.00 1.00 0.01   0
[mcl] jury pruning marks: <54,91,99>, out of 100
[mcl] jury pruning synopsis: <68.9 or fair> (cf -scheme, -do log)
[mcl] output is in /home/wangph1/plant/data/mcl/cat-cow-k4-n14427-no1+1656218423.txt
[mcl] 3440 clusters found
[mcl] output is in /home/wangph1/plant/data/mcl/cat-cow-k4-n14427-no1+1656218423.txt

Please cite:
    Stijn van Dongen, Graph Clustering by Flow Simulation.  PhD thesis,
    University of Utrecht, May 2000.
       (  http://www.library.uu.nl/digiarchief/dip/diss/1895620/full.pdf
       or  http://micans.org/mcl/lit/svdthesis.pdf.gz)
OR
    Stijn van Dongen, A cluster algorithm for graphs. Technical
    Report INS-R0010, National Research Institute for Mathematics
    and Computer Science in the Netherlands, Amsterdam, May 2000.
       (  http://www.cwi.nl/ftp/CWIreports/INS/INS-R0010.ps.Z
       or  http://micans.org/mcl/lit/INS-R0010.ps.Z)

/home/wangph1/plant/scripts
using old nif file for cat
using old nif file for cow
using old odv file for cat
using old odv file for cow
using old odv ort file for cat-cow
/home/wangph1/plant/data/mcl/cat-cow-k4-n14427-no1+1656218423.txt
/home/wangph1/plant/networks/mcl/cat_marked.nif
/home/wangph1/plant/networks/mcl/cow_marked.nif
/home/wangph1/plant/data/mcl/fake_ort/cat-cow-k4-n14427-no1.ort
/home/wangph1/plant/data/mcl/cat-cow-k4-n14427-no1.txt
Traceback (most recent call last):
  File "/home/wangph1/plant/scripts/mcl_helpers.py", line 139, in <module>
    full_local_run_mcl(gtag1, gtag2, notes=notes)
  File "/home/wangph1/plant/scripts/mcl_helpers.py", line 124, in full_local_run_mcl
    process_mcl(gtag1, gtag2, notes=notes)
  File "/home/wangph1/plant/scripts/mcl_helpers.py", line 112, in process_mcl
    num_ort, num_pairs = evaluate_alignment(gtag1, gtag2, notes=notes)
  File "/home/wangph1/plant/scripts/mcl_helpers.py", line 95, in evaluate_alignment
    m2m_pairs = read_in_slashes_m2m(out_path)
  File "/home/wangph1/plant/scripts/file_helpers.py", line 47, in read_in_slashes_m2m
    with open(m2m_path, 'r') as f:
FileNotFoundError: [Errno 2] No such file or directory: '/home/wangph1/plant/data/mcl/cat-cow-k4-n14427-no1.txt'
JOBSFINISHED
