Namespace(ag_file=['/home/wangph1/plant/data/mcl/email_s0-email_s5-k4-n964-no1+1656218418.ag'], ort_file=['/home/wangph1/plant/data/mcl/fake_ort/email_s0-email_s5-k4-n964-no1.ort'], ppi1_file=['/home/wangph1/plant/networks/mcl/email_s0_marked.nif'], ppi2_file=['/home/wangph1/plant/networks/mcl/email_s5_marked.nif'])
Loading input data
/home/wangph1/plant/networks/mcl/email_s0_marked.nif
/home/wangph1/plant/networks/mcl/email_s5_marked.nif
/home/wangph1/plant/data/mcl/fake_ort/email_s0-email_s5-k4-n964-no1.ort
Building the union graph
Building rev maps
Building maps
Processing net 0 - simple nodes
Processing net 1 - simple nodes
Processing composite nodes
Building igraph.Graph
Entering build_union_graph_edges
Building graph1 edges...3% completed @ 2022-06-25 21:40:20.337608
Building graph1 edges...6% completed @ 2022-06-25 21:40:21.628821
Building graph1 edges...9% completed @ 2022-06-25 21:40:22.912196
Building graph1 edges...12% completed @ 2022-06-25 21:40:24.196234
Building graph1 edges...15% completed @ 2022-06-25 21:40:25.479736
Building graph1 edges...18% completed @ 2022-06-25 21:40:26.762448
Building graph1 edges...21% completed @ 2022-06-25 21:40:28.058826
Building graph1 edges...24% completed @ 2022-06-25 21:40:29.331848
Building graph1 edges...27% completed @ 2022-06-25 21:40:30.608706
Building graph1 edges...30% completed @ 2022-06-25 21:40:31.876162
Building graph1 edges...33% completed @ 2022-06-25 21:40:33.155184
Building graph1 edges...36% completed @ 2022-06-25 21:40:34.426498
Building graph1 edges...39% completed @ 2022-06-25 21:40:35.699909
Building graph1 edges...42% completed @ 2022-06-25 21:40:36.965919
Building graph1 edges...45% completed @ 2022-06-25 21:40:38.231585
Building graph1 edges...48% completed @ 2022-06-25 21:40:39.498312
Building graph1 edges...51% completed @ 2022-06-25 21:40:40.767084
Building graph1 edges...54% completed @ 2022-06-25 21:40:42.048384
Building graph1 edges...57% completed @ 2022-06-25 21:40:43.334789
Building graph1 edges...60% completed @ 2022-06-25 21:40:44.600662
Building graph1 edges...63% completed @ 2022-06-25 21:40:45.875565
Building graph1 edges...66% completed @ 2022-06-25 21:40:47.142642
Building graph1 edges...69% completed @ 2022-06-25 21:40:48.433176
Building graph1 edges...72% completed @ 2022-06-25 21:40:49.701284
Building graph1 edges...75% completed @ 2022-06-25 21:40:50.975617
Building graph1 edges...78% completed @ 2022-06-25 21:40:52.244648
Building graph1 edges...81% completed @ 2022-06-25 21:40:53.510552
Building graph1 edges...84% completed @ 2022-06-25 21:40:54.776805
Building graph1 edges...87% completed @ 2022-06-25 21:40:56.047520
Building graph1 edges...90% completed @ 2022-06-25 21:40:57.326196
Building graph1 edges...93% completed @ 2022-06-25 21:40:58.607004
Building graph1 edges...96% completed @ 2022-06-25 21:40:59.873221
Building graph1 edges...99% completed @ 2022-06-25 21:41:01.147731
Merging conserved edges
Pruning the union graph
Building the extended union graph
Extending the union graph...10% completed @ 2022-06-25 21:41:02.080279
Extending the union graph...20% completed @ 2022-06-25 21:41:02.082918
Extending the union graph...30% completed @ 2022-06-25 21:41:02.086640
Extending the union graph...40% completed @ 2022-06-25 21:41:02.092955
Extending the union graph...50% completed @ 2022-06-25 21:41:02.098131
Extending the union graph...60% completed @ 2022-06-25 21:41:02.157601
Extending the union graph...70% completed @ 2022-06-25 21:41:02.246893
Extending the union graph...80% completed @ 2022-06-25 21:41:02.322485
Extending the union graph...90% completed @ 2022-06-25 21:41:02.392214
Edge Jaccard on extended union graph dist 1
Building the extended union graph
Extending the union graph...3% completed @ 2022-06-25 21:41:04.029842
Extending the union graph...6% completed @ 2022-06-25 21:41:05.191664
Extending the union graph...9% completed @ 2022-06-25 21:41:06.585976
Extending the union graph...12% completed @ 2022-06-25 21:41:07.242211
Extending the union graph...15% completed @ 2022-06-25 21:41:08.332371
Extending the union graph...18% completed @ 2022-06-25 21:41:09.081472
Extending the union graph...21% completed @ 2022-06-25 21:41:09.876417
Extending the union graph...24% completed @ 2022-06-25 21:41:10.963975
Extending the union graph...27% completed @ 2022-06-25 21:41:11.933252
Extending the union graph...30% completed @ 2022-06-25 21:41:12.227369
Extending the union graph...33% completed @ 2022-06-25 21:41:13.489302
Extending the union graph...36% completed @ 2022-06-25 21:41:14.551787
Extending the union graph...39% completed @ 2022-06-25 21:41:15.478152
Extending the union graph...42% completed @ 2022-06-25 21:41:16.868869
Extending the union graph...45% completed @ 2022-06-25 21:41:18.351176
Extending the union graph...48% completed @ 2022-06-25 21:41:19.213402
Extending the union graph...51% completed @ 2022-06-25 21:41:19.708716
Extending the union graph...54% completed @ 2022-06-25 21:41:20.911960
Extending the union graph...57% completed @ 2022-06-25 21:41:21.403246
Extending the union graph...60% completed @ 2022-06-25 21:41:23.186491
Extending the union graph...63% completed @ 2022-06-25 21:41:23.833087
Extending the union graph...66% completed @ 2022-06-25 21:41:24.910228
Extending the union graph...69% completed @ 2022-06-25 21:41:25.438888
Extending the union graph...72% completed @ 2022-06-25 21:41:26.689830
Extending the union graph...75% completed @ 2022-06-25 21:41:27.016141
Extending the union graph...78% completed @ 2022-06-25 21:41:27.694217
Extending the union graph...81% completed @ 2022-06-25 21:41:28.809382
Extending the union graph...84% completed @ 2022-06-25 21:41:29.406792
Extending the union graph...87% completed @ 2022-06-25 21:41:29.865382
Extending the union graph...90% completed @ 2022-06-25 21:41:30.747338
Extending the union graph...93% completed @ 2022-06-25 21:41:31.639231
Extending the union graph...96% completed @ 2022-06-25 21:41:33.332212
Extending the union graph...99% completed @ 2022-06-25 21:41:34.959628
Evaluating vertex sums
Extending the union graph...3% completed @ 2022-06-25 21:41:35.348861
Extending the union graph...6% completed @ 2022-06-25 21:41:35.354497
Extending the union graph...9% completed @ 2022-06-25 21:41:35.360020
Extending the union graph...12% completed @ 2022-06-25 21:41:35.365550
Extending the union graph...15% completed @ 2022-06-25 21:41:35.371097
Extending the union graph...18% completed @ 2022-06-25 21:41:35.376668
Extending the union graph...21% completed @ 2022-06-25 21:41:35.382355
Extending the union graph...24% completed @ 2022-06-25 21:41:35.387978
Extending the union graph...27% completed @ 2022-06-25 21:41:35.393641
Extending the union graph...30% completed @ 2022-06-25 21:41:35.399288
Extending the union graph...33% completed @ 2022-06-25 21:41:35.405010
Extending the union graph...36% completed @ 2022-06-25 21:41:35.410708
Extending the union graph...39% completed @ 2022-06-25 21:41:35.416229
Extending the union graph...42% completed @ 2022-06-25 21:41:35.422016
Extending the union graph...45% completed @ 2022-06-25 21:41:35.427698
Extending the union graph...48% completed @ 2022-06-25 21:41:35.433437
Extending the union graph...51% completed @ 2022-06-25 21:41:35.439123
Extending the union graph...54% completed @ 2022-06-25 21:41:35.444819
Extending the union graph...57% completed @ 2022-06-25 21:41:35.450576
Extending the union graph...60% completed @ 2022-06-25 21:41:35.456282
Extending the union graph...63% completed @ 2022-06-25 21:41:35.462009
Extending the union graph...66% completed @ 2022-06-25 21:41:35.467745
Extending the union graph...69% completed @ 2022-06-25 21:41:35.473554
Extending the union graph...72% completed @ 2022-06-25 21:41:35.479324
Extending the union graph...75% completed @ 2022-06-25 21:41:35.484874
Extending the union graph...78% completed @ 2022-06-25 21:41:35.490716
Extending the union graph...81% completed @ 2022-06-25 21:41:35.496465
Extending the union graph...84% completed @ 2022-06-25 21:41:35.502341
Extending the union graph...87% completed @ 2022-06-25 21:41:35.508103
Extending the union graph...90% completed @ 2022-06-25 21:41:35.513915
Extending the union graph...93% completed @ 2022-06-25 21:41:35.519998
Extending the union graph...96% completed @ 2022-06-25 21:41:35.525826
Extending the union graph...99% completed @ 2022-06-25 21:41:35.531591
Calculating Jaccard scores sums
Calculating Jaccard scores sums...3% completed @ 2022-06-25 21:41:35.533686
Calculating Jaccard scores sums...6% completed @ 2022-06-25 21:41:35.534341
Calculating Jaccard scores sums...9% completed @ 2022-06-25 21:41:35.535407
Calculating Jaccard scores sums...12% completed @ 2022-06-25 21:41:35.536876
Calculating Jaccard scores sums...15% completed @ 2022-06-25 21:41:35.538806
Calculating Jaccard scores sums...18% completed @ 2022-06-25 21:41:35.541172
Calculating Jaccard scores sums...21% completed @ 2022-06-25 21:41:35.543892
Calculating Jaccard scores sums...24% completed @ 2022-06-25 21:41:35.547049
Calculating Jaccard scores sums...27% completed @ 2022-06-25 21:41:35.550564
Calculating Jaccard scores sums...30% completed @ 2022-06-25 21:41:35.554578
Calculating Jaccard scores sums...33% completed @ 2022-06-25 21:41:35.558954
Calculating Jaccard scores sums...36% completed @ 2022-06-25 21:41:35.563821
Calculating Jaccard scores sums...39% completed @ 2022-06-25 21:41:35.568997
Calculating Jaccard scores sums...42% completed @ 2022-06-25 21:41:35.574660
Calculating Jaccard scores sums...45% completed @ 2022-06-25 21:41:35.580751
Calculating Jaccard scores sums...48% completed @ 2022-06-25 21:41:35.587389
Calculating Jaccard scores sums...51% completed @ 2022-06-25 21:41:35.594432
Calculating Jaccard scores sums...54% completed @ 2022-06-25 21:41:35.601967
Calculating Jaccard scores sums...57% completed @ 2022-06-25 21:41:35.609868
Calculating Jaccard scores sums...60% completed @ 2022-06-25 21:41:35.618251
Calculating Jaccard scores sums...63% completed @ 2022-06-25 21:41:35.627050
Calculating Jaccard scores sums...66% completed @ 2022-06-25 21:41:35.636302
Calculating Jaccard scores sums...69% completed @ 2022-06-25 21:41:35.646126
Calculating Jaccard scores sums...72% completed @ 2022-06-25 21:41:35.656224
Calculating Jaccard scores sums...75% completed @ 2022-06-25 21:41:35.666486
Calculating Jaccard scores sums...78% completed @ 2022-06-25 21:41:35.677575
Calculating Jaccard scores sums...81% completed @ 2022-06-25 21:41:35.689098
Calculating Jaccard scores sums...84% completed @ 2022-06-25 21:41:35.701090
Calculating Jaccard scores sums...87% completed @ 2022-06-25 21:41:35.713442
Calculating Jaccard scores sums...90% completed @ 2022-06-25 21:41:35.726243
Calculating Jaccard scores sums...93% completed @ 2022-06-25 21:41:35.739353
Calculating Jaccard scores sums...96% completed @ 2022-06-25 21:41:35.752912
Calculating Jaccard scores sums...99% completed @ 2022-06-25 21:41:35.767168
Injecting direct edges contribution
Obtaining max scores per vertex
Obtaining max scores per vertex...3% completed @ 2022-06-25 21:41:35.886665
Obtaining max scores per vertex...6% completed @ 2022-06-25 21:41:35.895062
Obtaining max scores per vertex...9% completed @ 2022-06-25 21:41:35.903440
Obtaining max scores per vertex...12% completed @ 2022-06-25 21:41:35.911810
Obtaining max scores per vertex...15% completed @ 2022-06-25 21:41:35.920193
Obtaining max scores per vertex...18% completed @ 2022-06-25 21:41:35.928577
Obtaining max scores per vertex...21% completed @ 2022-06-25 21:41:35.937077
Obtaining max scores per vertex...24% completed @ 2022-06-25 21:41:35.945570
Obtaining max scores per vertex...27% completed @ 2022-06-25 21:41:35.954040
Obtaining max scores per vertex...30% completed @ 2022-06-25 21:41:35.962580
Obtaining max scores per vertex...33% completed @ 2022-06-25 21:41:35.971115
Obtaining max scores per vertex...36% completed @ 2022-06-25 21:41:35.979728
Obtaining max scores per vertex...39% completed @ 2022-06-25 21:41:35.988069
Obtaining max scores per vertex...42% completed @ 2022-06-25 21:41:35.996694
Obtaining max scores per vertex...45% completed @ 2022-06-25 21:41:36.005468
Obtaining max scores per vertex...48% completed @ 2022-06-25 21:41:36.014140
Obtaining max scores per vertex...51% completed @ 2022-06-25 21:41:36.022780
Obtaining max scores per vertex...54% completed @ 2022-06-25 21:41:36.031497
Obtaining max scores per vertex...57% completed @ 2022-06-25 21:41:36.040298
Obtaining max scores per vertex...60% completed @ 2022-06-25 21:41:36.049110
Obtaining max scores per vertex...63% completed @ 2022-06-25 21:41:36.057813
Obtaining max scores per vertex...66% completed @ 2022-06-25 21:41:36.066584
Obtaining max scores per vertex...69% completed @ 2022-06-25 21:41:36.075349
Obtaining max scores per vertex...72% completed @ 2022-06-25 21:41:36.084146
Obtaining max scores per vertex...75% completed @ 2022-06-25 21:41:36.092610
Obtaining max scores per vertex...78% completed @ 2022-06-25 21:41:36.101517
Obtaining max scores per vertex...81% completed @ 2022-06-25 21:41:36.110310
Obtaining max scores per vertex...84% completed @ 2022-06-25 21:41:36.119225
Obtaining max scores per vertex...87% completed @ 2022-06-25 21:41:36.128043
Obtaining max scores per vertex...90% completed @ 2022-06-25 21:41:36.136845
Obtaining max scores per vertex...93% completed @ 2022-06-25 21:41:36.145817
Obtaining max scores per vertex...96% completed @ 2022-06-25 21:41:36.154628
Obtaining max scores per vertex...99% completed @ 2022-06-25 21:41:36.163465
Removing low scoring edges
Removing low scoring edges...3% completed @ 2022-06-25 21:41:36.166483
Removing low scoring edges...6% completed @ 2022-06-25 21:41:36.167120
Removing low scoring edges...9% completed @ 2022-06-25 21:41:36.168127
Removing low scoring edges...12% completed @ 2022-06-25 21:41:36.169549
Removing low scoring edges...15% completed @ 2022-06-25 21:41:36.171323
Removing low scoring edges...18% completed @ 2022-06-25 21:41:36.173542
Removing low scoring edges...21% completed @ 2022-06-25 21:41:36.176114
Removing low scoring edges...24% completed @ 2022-06-25 21:41:36.179074
Removing low scoring edges...27% completed @ 2022-06-25 21:41:36.182461
Removing low scoring edges...30% completed @ 2022-06-25 21:41:36.186361
Removing low scoring edges...33% completed @ 2022-06-25 21:41:36.190570
Removing low scoring edges...36% completed @ 2022-06-25 21:41:36.195214
Removing low scoring edges...39% completed @ 2022-06-25 21:41:36.200082
Removing low scoring edges...42% completed @ 2022-06-25 21:41:36.205485
Removing low scoring edges...45% completed @ 2022-06-25 21:41:36.211212
Removing low scoring edges...48% completed @ 2022-06-25 21:41:36.217569
Removing low scoring edges...51% completed @ 2022-06-25 21:41:36.224276
Removing low scoring edges...54% completed @ 2022-06-25 21:41:36.231378
Removing low scoring edges...57% completed @ 2022-06-25 21:41:36.238969
Removing low scoring edges...60% completed @ 2022-06-25 21:41:36.246805
Removing low scoring edges...63% completed @ 2022-06-25 21:41:36.255310
Removing low scoring edges...66% completed @ 2022-06-25 21:41:36.264300
Removing low scoring edges...69% completed @ 2022-06-25 21:41:36.273668
Removing low scoring edges...72% completed @ 2022-06-25 21:41:36.283304
Removing low scoring edges...75% completed @ 2022-06-25 21:41:36.293199
Removing low scoring edges...78% completed @ 2022-06-25 21:41:36.303713
Removing low scoring edges...81% completed @ 2022-06-25 21:41:36.314606
Removing low scoring edges...84% completed @ 2022-06-25 21:41:36.326111
Removing low scoring edges...87% completed @ 2022-06-25 21:41:36.337971
Removing low scoring edges...90% completed @ 2022-06-25 21:41:36.350203
Removing low scoring edges...93% completed @ 2022-06-25 21:41:36.362922
Removing low scoring edges...96% completed @ 2022-06-25 21:41:36.375772
Removing low scoring edges...99% completed @ 2022-06-25 21:41:36.389060
Finalizing extended graph
80732
....[mcl] new tab created
[mcl] pid 472886
 ite --------------------  chaos  time hom(avg,lo,hi) expa expb expc fmv
  1  ....................  87.91  0.14 1.22/0.04/5.79 4.91 4.51 4.51  99
  2  .................... 146.12  0.86 0.69/0.05/1.57 1.26 0.83 3.77 100
  3  ....................  87.08  0.60 0.46/0.03/1.61 1.48 0.39 1.45  99
  4  ....................  35.35  0.13 0.69/0.06/2.22 2.28 0.25 0.36  91
  5  ....................   7.97  0.02 0.89/0.18/1.16 1.76 0.11 0.04  55
  6  ....................   0.86  0.00 0.94/0.59/1.16 1.06 0.48 0.02  36
  7  ....................   1.17  0.00 0.91/0.55/1.00 1.01 0.76 0.01   0
  8  ....................   1.62  0.00 0.87/0.57/1.00 1.00 0.85 0.01   0
  9  ....................   0.67  0.00 0.96/0.62/1.00 1.00 0.82 0.01   0
 10  ....................   0.84  0.00 0.99/0.63/1.00 1.00 0.62 0.01   0
 11  ....................   0.20  0.00 0.99/0.80/1.00 1.00 0.98 0.01   0
 12  ....................   0.01  0.00 1.00/0.99/1.00 1.00 0.96 0.01   0
 13  ....................   0.00  0.00 1.00/1.00/1.00 1.00 0.97 0.01   0
[mcl] jury pruning marks: <99,99,99>, out of 100
[mcl] jury pruning synopsis: <99.0 or perfect> (cf -scheme, -do log)
[mcl] output is in /home/wangph1/plant/data/mcl/email_s0-email_s5-k4-n964-no1+1656218418.txt
[mcl] 83 clusters found
[mcl] output is in /home/wangph1/plant/data/mcl/email_s0-email_s5-k4-n964-no1+1656218418.txt

Please cite:
    Stijn van Dongen, Graph Clustering by Flow Simulation.  PhD thesis,
    University of Utrecht, May 2000.
       (  http://www.library.uu.nl/digiarchief/dip/diss/1895620/full.pdf
       or  http://micans.org/mcl/lit/svdthesis.pdf.gz)
OR
    Stijn van Dongen, A cluster algorithm for graphs. Technical
    Report INS-R0010, National Research Institute for Mathematics
    and Computer Science in the Netherlands, Amsterdam, May 2000.
       (  http://www.cwi.nl/ftp/CWIreports/INS/INS-R0010.ps.Z
       or  http://micans.org/mcl/lit/INS-R0010.ps.Z)

/home/wangph1/plant/scripts
using old nif file for email_s0
using old nif file for email_s5
using old odv file for email_s0
using old odv file for email_s5
using old odv ort file for email_s0-email_s5
/home/wangph1/plant/data/mcl/email_s0-email_s5-k4-n964-no1+1656218418.txt
/home/wangph1/plant/networks/mcl/email_s0_marked.nif
/home/wangph1/plant/networks/mcl/email_s5_marked.nif
/home/wangph1/plant/data/mcl/fake_ort/email_s0-email_s5-k4-n964-no1.ort
/home/wangph1/plant/data/mcl/email_s0-email_s5-k4-n964-no1.txt
Traceback (most recent call last):
  File "/home/wangph1/plant/scripts/mcl_helpers.py", line 139, in <module>
    full_local_run_mcl(gtag1, gtag2, notes=notes)
  File "/home/wangph1/plant/scripts/mcl_helpers.py", line 124, in full_local_run_mcl
    process_mcl(gtag1, gtag2, notes=notes)
  File "/home/wangph1/plant/scripts/mcl_helpers.py", line 112, in process_mcl
    num_ort, num_pairs = evaluate_alignment(gtag1, gtag2, notes=notes)
  File "/home/wangph1/plant/scripts/mcl_helpers.py", line 95, in evaluate_alignment
    m2m_pairs = read_in_slashes_m2m(out_path)
  File "/home/wangph1/plant/scripts/file_helpers.py", line 47, in read_in_slashes_m2m
    with open(m2m_path, 'r') as f:
FileNotFoundError: [Errno 2] No such file or directory: '/home/wangph1/plant/data/mcl/email_s0-email_s5-k4-n964-no1.txt'
JOBSFINISHED
