/home/wangph1/plant/data/slurm_logs/mcl/june25_at_night/mcl-june25_at_night-syeast0-syeast05.log
/home/wangph1/plant/data/slurm_logs/mcl/june25_at_night/mcl-june25_at_night-college_s0-college_s5.log
/home/wangph1/plant/data/slurm_logs/mcl/june25_at_night/mcl-june25_at_night-college_s0-college_s10.log
/home/wangph1/plant/data/slurm_logs/mcl/june25_at_night/mcl-june25_at_night-college_s0-college_s1.log
/home/wangph1/plant/data/slurm_logs/mcl/june25_at_night/mcl-june25_at_night-alpha_s0-alpha_s10.log
/home/wangph1/plant/data/slurm_logs/mcl/june25_at_night/mcl-june25_at_night-alpha_s0-alpha_s5.log
/home/wangph1/plant/data/slurm_logs/mcl/june25_at_night/mcl-june25_at_night-alpha_s0-alpha_s1.log
/home/wangph1/plant/data/slurm_logs/mcl/june25_at_night/mcl-june25_at_night-email_s0-email_s1.log
/home/wangph1/plant/data/slurm_logs/mcl/june25_at_night/mcl-june25_at_night-email_s0-email_s10.log
/home/wangph1/plant/data/slurm_logs/mcl/june25_at_night/mcl-june25_at_night-email_s0-email_s5.log
/home/wangph1/plant/data/slurm_logs/mcl/june25_at_night/mcl-june25_at_night-syeast0-syeast25.log
/home/wangph1/plant/data/slurm_logs/mcl/june25_at_night/mcl-june25_at_night-syeast0-syeast10.log
/home/wangph1/plant/data/slurm_logs/mcl/june25_at_night/mcl-june25_at_night-otc_s0-otc_s10.log
/home/wangph1/plant/data/slurm_logs/mcl/june25_at_night/mcl-june25_at_night-otc_s0-otc_s1.log
/home/wangph1/plant/data/slurm_logs/mcl/june25_at_night/mcl-june25_at_night-otc_s0-otc_s5.log
/home/wangph1/plant/data/slurm_logs/mcl/june25_at_night/mcl-june25_at_night-syeast0-syeast20.log
/home/wangph1/plant/data/slurm_logs/mcl/june25_at_night/mcl-june25_at_night-syeast0-syeast05.log
/home/wangph1/plant/data/slurm_logs/mcl/june25_at_night/mcl-june25_at_night-college_s0-college_s1.log
/home/wangph1/plant/data/slurm_logs/mcl/june25_at_night/mcl-june25_at_night-college_s0-college_s5.log
/home/wangph1/plant/data/slurm_logs/mcl/june25_at_night/mcl-june25_at_night-college_s0-college_s10.log
/home/wangph1/plant/data/slurm_logs/mcl/june25_at_night/mcl-june25_at_night-alpha_s0-alpha_s10.log
/home/wangph1/plant/data/slurm_logs/mcl/june25_at_night/mcl-june25_at_night-alpha_s0-alpha_s5.log
/home/wangph1/plant/data/slurm_logs/mcl/june25_at_night/mcl-june25_at_night-alpha_s0-alpha_s1.log
/home/wangph1/plant/data/slurm_logs/mcl/june25_at_night/mcl-june25_at_night-email_s0-email_s1.log
/home/wangph1/plant/data/slurm_logs/mcl/june25_at_night/mcl-june25_at_night-email_s0-email_s10.log
/home/wangph1/plant/data/slurm_logs/mcl/june25_at_night/mcl-june25_at_night-email_s0-email_s5.log
/home/wangph1/plant/data/slurm_logs/mcl/june25_at_night/mcl-june25_at_night-syeast0-syeast25.log
/home/wangph1/plant/data/slurm_logs/mcl/june25_at_night/mcl-june25_at_night-syeast0-syeast10.log
/home/wangph1/plant/data/slurm_logs/mcl/june25_at_night/mcl-june25_at_night-otc_s0-otc_s10.log
/home/wangph1/plant/data/slurm_logs/mcl/june25_at_night/mcl-june25_at_night-otc_s0-otc_s1.log
/home/wangph1/plant/data/slurm_logs/mcl/june25_at_night/mcl-june25_at_night-otc_s0-otc_s5.log
/home/wangph1/plant/data/slurm_logs/mcl/june25_at_night/mcl-june25_at_night-syeast0-syeast20.log
/home/wangph1/plant/data/slurm_logs/mcl/june25_at_night/mcl-june25_at_night-syeast0-syeast15.log
/home/wangph1/plant/data/slurm_logs/mcl/june25_at_night/mcl-june25_at_night-ubuntu_s0-ubuntu_s5.log
/home/wangph1/plant/data/slurm_logs/mcl/june25_at_night/mcl-june25_at_night-ubuntu_s0-ubuntu_s10.log
/home/wangph1/plant/data/slurm_logs/mcl/june25_at_night/mcl-june25_at_night-ubuntu_s0-ubuntu_s1.log
/home/wangph1/plant/data/slurm_logs/mcl/june25_at_night/mcl-june25_at_night-reddit_s0-reddit_s10.log
/home/wangph1/plant/data/slurm_logs/mcl/june25_at_night/mcl-june25_at_night-reddit_s0-reddit_s5.log
/home/wangph1/plant/data/slurm_logs/mcl/june25_at_night/mcl-june25_at_night-reddit_s0-reddit_s1.log
/home/wangph1/plant/data/slurm_logs/mcl/june25_at_night/mcl-june25_at_night-wiki_s0-wiki_s5.log
/home/wangph1/plant/data/slurm_logs/mcl/june25_at_night/mcl-june25_at_night-wiki_s0-wiki_s1.log
/home/wangph1/plant/data/slurm_logs/mcl/june25_at_night/mcl-june25_at_night-wiki_s0-wiki_s10.log
/home/wangph1/plant/data/slurm_logs/mcl/june25_at_night/mcl-june25_at_night-super_s0-super_s10.log
/home/wangph1/plant/data/slurm_logs/mcl/june25_at_night/mcl-june25_at_night-super_s0-super_s5.log
/home/wangph1/plant/data/slurm_logs/mcl/june25_at_night/mcl-june25_at_night-math_s0-math_s10.log
/home/wangph1/plant/data/slurm_logs/mcl/june25_at_night/mcl-june25_at_night-math_s0-math_s5.log
/home/wangph1/plant/data/slurm_logs/mcl/june25_at_night/mcl-june25_at_night-super_s0-super_s1.log
/home/wangph1/plant/data/slurm_logs/mcl/june25_at_night/mcl-june25_at_night-math_s0-math_s1.log
/home/wangph1/plant/data/slurm_logs/mcl/june25_at_night/mcl-june25_at_night-sxso_s0-sxso_s5.log
/home/wangph1/plant/data/slurm_logs/mcl/june25_at_night/mcl-june25_at_night-sxso_s0-sxso_s10.log
/home/wangph1/plant/data/slurm_logs/mcl/june25_at_night/mcl-june25_at_night-sxso_s0-sxso_s1.log
/home/wangph1/plant/data/slurm_logs/mcl/june25_at_night/mcl-june25_at_night-cat-cow.log
/home/wangph1/plant/data/slurm_logs/mcl/june25_at_night/mcl-june25_at_night-cat-rabbit.log
/home/wangph1/plant/data/slurm_logs/mcl/june25_at_night/mcl-june25_at_night-cat-mouse.log
/home/wangph1/plant/data/slurm_logs/mcl/june25_at_night/mcl-june25_at_night-cat-sheep.log
/home/wangph1/plant/data/slurm_logs/mcl/june25_at_night/mcl-june25_at_night-cat-human.log
/home/wangph1/plant/data/slurm_logs/mcl/june25_at_night/mcl-june25_at_night-cat-rat.log
/home/wangph1/plant/data/slurm_logs/mcl/june25_at_night/mcl-june25_at_night-cat-dog.log
/home/wangph1/plant/data/slurm_logs/mcl/june25_at_night/mcl-june25_at_night-cat-pig.log
/home/wangph1/plant/data/slurm_logs/mcl/june25_at_night/mcl-june25_at_night-cat-guineapig.log
/home/wangph1/plant/data/slurm_logs/mcl/june25_at_night/mcl-june25_at_night-cow-sheep.log
/home/wangph1/plant/data/slurm_logs/mcl/june25_at_night/mcl-june25_at_night-cat-horse.log
/home/wangph1/plant/data/slurm_logs/mcl/june25_at_night/mcl-june25_at_night-cow-mouse.log
/home/wangph1/plant/data/slurm_logs/mcl/june25_at_night/mcl-june25_at_night-cow-human.log
/home/wangph1/plant/data/slurm_logs/mcl/june25_at_night/mcl-june25_at_night-cow-guineapig.log
/home/wangph1/plant/data/slurm_logs/mcl/june25_at_night/mcl-june25_at_night-cow-rabbit.log
/home/wangph1/plant/data/slurm_logs/mcl/june25_at_night/mcl-june25_at_night-cow-horse.log
/home/wangph1/plant/data/slurm_logs/mcl/june25_at_night/mcl-june25_at_night-cow-pig.log
/home/wangph1/plant/data/slurm_logs/mcl/june25_at_night/mcl-june25_at_night-cow-dog.log
/home/wangph1/plant/data/slurm_logs/mcl/june25_at_night/mcl-june25_at_night-cow-rat.log
/home/wangph1/plant/data/slurm_logs/mcl/june25_at_night/mcl-june25_at_night-rabbit-sheep.log
/home/wangph1/plant/data/slurm_logs/mcl/june25_at_night/mcl-june25_at_night-rabbit-rat.log
/home/wangph1/plant/data/slurm_logs/mcl/june25_at_night/mcl-june25_at_night-guineapig-mouse.log
/home/wangph1/plant/data/slurm_logs/mcl/june25_at_night/mcl-june25_at_night-dog-mouse.log
/home/wangph1/plant/data/slurm_logs/mcl/june25_at_night/mcl-june25_at_night-rat-sheep.log
/home/wangph1/plant/data/slurm_logs/mcl/june25_at_night/mcl-june25_at_night-dog-sheep.log
/home/wangph1/plant/data/slurm_logs/mcl/june25_at_night/mcl-june25_at_night-guineapig-sheep.log
/home/wangph1/plant/data/slurm_logs/mcl/june25_at_night/mcl-june25_at_night-dog-pig.log
/home/wangph1/plant/data/slurm_logs/mcl/june25_at_night/mcl-june25_at_night-dog-rabbit.log
/home/wangph1/plant/data/slurm_logs/mcl/june25_at_night/mcl-june25_at_night-dog-guineapig.log
/home/wangph1/plant/data/slurm_logs/mcl/june25_at_night/mcl-june25_at_night-dog-rat.log
/home/wangph1/plant/data/slurm_logs/mcl/june25_at_night/mcl-june25_at_night-guineapig-horse.log
/home/wangph1/plant/data/slurm_logs/mcl/june25_at_night/mcl-june25_at_night-guineapig-human.log
/home/wangph1/plant/data/slurm_logs/mcl/june25_at_night/mcl-june25_at_night-guineapig-rabbit.log
/home/wangph1/plant/data/slurm_logs/mcl/june25_at_night/mcl-june25_at_night-dog-horse.log
/home/wangph1/plant/data/slurm_logs/mcl/june25_at_night/mcl-june25_at_night-guineapig-pig.log
/home/wangph1/plant/data/slurm_logs/mcl/june25_at_night/mcl-june25_at_night-guineapig-rat.log
/home/wangph1/plant/data/slurm_logs/mcl/june25_at_night/mcl-june25_at_night-dog-human.log
/home/wangph1/plant/data/slurm_logs/mcl/june25_at_night/mcl-june25_at_night-horse-mouse.log
/home/wangph1/plant/data/slurm_logs/mcl/june25_at_night/mcl-june25_at_night-horse-rabbit.log
/home/wangph1/plant/data/slurm_logs/mcl/june25_at_night/mcl-june25_at_night-pig-rabbit.log
/home/wangph1/plant/data/slurm_logs/mcl/june25_at_night/mcl-june25_at_night-horse-rat.log
/home/wangph1/plant/data/slurm_logs/mcl/june25_at_night/mcl-june25_at_night-horse-sheep.log
/home/wangph1/plant/data/slurm_logs/mcl/june25_at_night/mcl-june25_at_night-horse-pig.log
/home/wangph1/plant/data/slurm_logs/mcl/june25_at_night/mcl-june25_at_night-horse-human.log
/home/wangph1/plant/data/slurm_logs/mcl/june25_at_night/mcl-june25_at_night-pig-sheep.log
/home/wangph1/plant/data/slurm_logs/mcl/june25_at_night/mcl-june25_at_night-pig-rat.log
/home/wangph1/plant/data/slurm_logs/mcl/june25_at_night/mcl-june25_at_night-mouse-rabbit.log
/home/wangph1/plant/data/slurm_logs/mcl/june25_at_night/mcl-june25_at_night-mouse-sheep.log
/home/wangph1/plant/data/slurm_logs/mcl/june25_at_night/mcl-june25_at_night-mouse-rat.log
/home/wangph1/plant/data/slurm_logs/mcl/june25_at_night/mcl-june25_at_night-human-rabbit.log
/home/wangph1/plant/data/slurm_logs/mcl/june25_at_night/mcl-june25_at_night-mouse-pig.log
/home/wangph1/plant/data/slurm_logs/mcl/june25_at_night/mcl-june25_at_night-human-sheep.log
/home/wangph1/plant/data/slurm_logs/mcl/june25_at_night/mcl-june25_at_night-human-rat.log
/home/wangph1/plant/data/slurm_logs/mcl/june25_at_night/mcl-june25_at_night-human-pig.log
/home/wangph1/plant/data/slurm_logs/mcl/june25_at_night/mcl-june25_at_night-human-mouse.log
