Namespace(ag_file=['/home/wangph1/plant/data/mcl/wiki_s0-wiki_s10-k4-n20000-no1+1656218419.ag'], ort_file=['/home/wangph1/plant/data/mcl/fake_ort/wiki_s0-wiki_s10-k4-n20000-no1.ort'], ppi1_file=['/home/wangph1/plant/networks/mcl/wiki_s0_marked.nif'], ppi2_file=['/home/wangph1/plant/networks/mcl/wiki_s10_marked.nif'])
Loading input data
/home/wangph1/plant/networks/mcl/wiki_s0_marked.nif
/home/wangph1/plant/networks/mcl/wiki_s10_marked.nif
/home/wangph1/plant/data/mcl/fake_ort/wiki_s0-wiki_s10-k4-n20000-no1.ort
Building the union graph
Building rev maps
Building maps
Processing net 0 - simple nodes
Processing net 1 - simple nodes
Processing composite nodes
Building igraph.Graph
Entering build_union_graph_edges
Building graph1 edges...3% completed @ 2022-06-25 21:40:57.116624
Building graph1 edges...6% completed @ 2022-06-25 21:41:28.397642
Building graph1 edges...9% completed @ 2022-06-25 21:41:59.733796
Building graph1 edges...12% completed @ 2022-06-25 21:42:31.000263
Building graph1 edges...15% completed @ 2022-06-25 21:43:02.322595
Building graph1 edges...18% completed @ 2022-06-25 21:43:33.597956
Building graph1 edges...21% completed @ 2022-06-25 21:44:04.913391
Building graph1 edges...24% completed @ 2022-06-25 21:44:36.210032
Building graph1 edges...27% completed @ 2022-06-25 21:45:07.554795
Building graph1 edges...30% completed @ 2022-06-25 21:45:38.860274
Building graph1 edges...33% completed @ 2022-06-25 21:46:10.205292
Building graph1 edges...36% completed @ 2022-06-25 21:46:41.534821
Building graph1 edges...39% completed @ 2022-06-25 21:47:12.944892
Building graph1 edges...42% completed @ 2022-06-25 21:47:44.324173
Building graph1 edges...45% completed @ 2022-06-25 21:48:15.674670
Building graph1 edges...48% completed @ 2022-06-25 21:48:47.052915
Building graph1 edges...51% completed @ 2022-06-25 21:49:18.432380
Building graph1 edges...54% completed @ 2022-06-25 21:49:49.791617
Building graph1 edges...57% completed @ 2022-06-25 21:50:21.130375
Building graph1 edges...60% completed @ 2022-06-25 21:50:52.496169
Building graph1 edges...63% completed @ 2022-06-25 21:51:23.846986
Building graph1 edges...66% completed @ 2022-06-25 21:51:55.252503
Building graph1 edges...69% completed @ 2022-06-25 21:52:26.602951
Building graph1 edges...72% completed @ 2022-06-25 21:52:57.984245
Building graph1 edges...75% completed @ 2022-06-25 21:53:29.407572
Building graph1 edges...78% completed @ 2022-06-25 21:54:00.829942
Building graph1 edges...81% completed @ 2022-06-25 21:54:32.183148
Building graph1 edges...84% completed @ 2022-06-25 21:55:03.537954
Building graph1 edges...87% completed @ 2022-06-25 21:55:34.911281
Building graph1 edges...90% completed @ 2022-06-25 21:56:06.335844
Building graph1 edges...93% completed @ 2022-06-25 21:56:37.703705
Building graph1 edges...96% completed @ 2022-06-25 21:57:09.040691
Building graph1 edges...99% completed @ 2022-06-25 21:57:40.419321
Merging conserved edges
Pruning the union graph
Building the extended union graph
Extending the union graph...10% completed @ 2022-06-25 21:57:51.687610
Extending the union graph...20% completed @ 2022-06-25 21:57:51.715877
Extending the union graph...30% completed @ 2022-06-25 21:57:51.743544
Extending the union graph...40% completed @ 2022-06-25 21:57:51.779421
Extending the union graph...50% completed @ 2022-06-25 21:57:51.818052
Extending the union graph...60% completed @ 2022-06-25 21:57:51.853948
Extending the union graph...70% completed @ 2022-06-25 21:57:51.891173
Extending the union graph...80% completed @ 2022-06-25 21:57:51.931413
Extending the union graph...90% completed @ 2022-06-25 21:57:51.971929
Edge Jaccard on extended union graph dist 1
Building the extended union graph
Extending the union graph...3% completed @ 2022-06-25 21:57:53.102992
Extending the union graph...6% completed @ 2022-06-25 21:57:53.108029
Extending the union graph...9% completed @ 2022-06-25 21:57:53.112950
Extending the union graph...12% completed @ 2022-06-25 21:57:53.118012
Extending the union graph...15% completed @ 2022-06-25 21:57:53.122928
Extending the union graph...18% completed @ 2022-06-25 21:57:53.128267
Extending the union graph...21% completed @ 2022-06-25 21:57:53.133515
Extending the union graph...24% completed @ 2022-06-25 21:57:53.138826
Extending the union graph...27% completed @ 2022-06-25 21:57:53.144050
Extending the union graph...30% completed @ 2022-06-25 21:57:53.149169
Extending the union graph...33% completed @ 2022-06-25 21:57:53.154380
Extending the union graph...36% completed @ 2022-06-25 21:57:53.159476
Extending the union graph...39% completed @ 2022-06-25 21:57:53.164519
Extending the union graph...42% completed @ 2022-06-25 21:57:53.169627
Extending the union graph...45% completed @ 2022-06-25 21:57:53.174879
Extending the union graph...48% completed @ 2022-06-25 21:57:53.180083
Extending the union graph...51% completed @ 2022-06-25 21:57:53.185406
Extending the union graph...54% completed @ 2022-06-25 21:57:53.190642
Extending the union graph...57% completed @ 2022-06-25 21:57:53.195788
Extending the union graph...60% completed @ 2022-06-25 21:57:53.201237
Extending the union graph...63% completed @ 2022-06-25 21:57:53.206417
Extending the union graph...66% completed @ 2022-06-25 21:57:53.211553
Extending the union graph...69% completed @ 2022-06-25 21:57:53.216862
Extending the union graph...72% completed @ 2022-06-25 21:57:53.222361
Extending the union graph...75% completed @ 2022-06-25 21:57:53.227626
Extending the union graph...78% completed @ 2022-06-25 21:57:53.232711
Extending the union graph...81% completed @ 2022-06-25 21:57:53.237839
Extending the union graph...84% completed @ 2022-06-25 21:57:53.243068
Extending the union graph...87% completed @ 2022-06-25 21:57:53.248204
Extending the union graph...90% completed @ 2022-06-25 21:57:53.253200
Extending the union graph...93% completed @ 2022-06-25 21:57:53.258260
Extending the union graph...96% completed @ 2022-06-25 21:57:53.263617
Extending the union graph...99% completed @ 2022-06-25 21:57:53.268843
Evaluating vertex sums
Extending the union graph...3% completed @ 2022-06-25 21:57:55.539406
Extending the union graph...6% completed @ 2022-06-25 21:57:57.816971
Extending the union graph...9% completed @ 2022-06-25 21:58:00.084316
Extending the union graph...12% completed @ 2022-06-25 21:58:02.302041
Extending the union graph...15% completed @ 2022-06-25 21:58:04.531721
Extending the union graph...18% completed @ 2022-06-25 21:58:06.748778
Extending the union graph...21% completed @ 2022-06-25 21:58:08.967172
Extending the union graph...24% completed @ 2022-06-25 21:58:11.212534
Extending the union graph...27% completed @ 2022-06-25 21:58:13.433971
Extending the union graph...30% completed @ 2022-06-25 21:58:15.645193
Extending the union graph...33% completed @ 2022-06-25 21:58:17.822038
Extending the union graph...36% completed @ 2022-06-25 21:58:19.999721
Extending the union graph...39% completed @ 2022-06-25 21:58:22.167080
Extending the union graph...42% completed @ 2022-06-25 21:58:24.341999
Extending the union graph...45% completed @ 2022-06-25 21:58:26.500629
Extending the union graph...48% completed @ 2022-06-25 21:58:28.665871
Extending the union graph...51% completed @ 2022-06-25 21:58:30.811208
Extending the union graph...54% completed @ 2022-06-25 21:58:32.919473
Extending the union graph...57% completed @ 2022-06-25 21:58:35.031691
Extending the union graph...60% completed @ 2022-06-25 21:58:37.124552
Extending the union graph...63% completed @ 2022-06-25 21:58:39.222929
Extending the union graph...66% completed @ 2022-06-25 21:58:41.288974
Extending the union graph...69% completed @ 2022-06-25 21:58:43.358771
Extending the union graph...72% completed @ 2022-06-25 21:58:45.429518
Extending the union graph...75% completed @ 2022-06-25 21:58:47.457781
Extending the union graph...78% completed @ 2022-06-25 21:58:49.476633
Extending the union graph...81% completed @ 2022-06-25 21:58:51.475777
Extending the union graph...84% completed @ 2022-06-25 21:58:53.470829
Extending the union graph...87% completed @ 2022-06-25 21:58:55.449980
Extending the union graph...90% completed @ 2022-06-25 21:58:57.433473
Extending the union graph...93% completed @ 2022-06-25 21:58:59.393412
Extending the union graph...96% completed @ 2022-06-25 21:59:01.326691
Extending the union graph...99% completed @ 2022-06-25 21:59:03.248657
Calculating Jaccard scores sums
Calculating Jaccard scores sums...3% completed @ 2022-06-25 21:59:03.910810
Calculating Jaccard scores sums...6% completed @ 2022-06-25 21:59:03.955810
Calculating Jaccard scores sums...9% completed @ 2022-06-25 21:59:04.031118
Calculating Jaccard scores sums...12% completed @ 2022-06-25 21:59:04.137628
Calculating Jaccard scores sums...15% completed @ 2022-06-25 21:59:04.275416
Calculating Jaccard scores sums...18% completed @ 2022-06-25 21:59:04.445460
Calculating Jaccard scores sums...21% completed @ 2022-06-25 21:59:04.652199
Calculating Jaccard scores sums...24% completed @ 2022-06-25 21:59:04.892149
Calculating Jaccard scores sums...27% completed @ 2022-06-25 21:59:05.164762
Calculating Jaccard scores sums...30% completed @ 2022-06-25 21:59:05.473546
Calculating Jaccard scores sums...33% completed @ 2022-06-25 21:59:05.816732
Calculating Jaccard scores sums...36% completed @ 2022-06-25 21:59:06.194618
Calculating Jaccard scores sums...39% completed @ 2022-06-25 21:59:06.602247
Calculating Jaccard scores sums...42% completed @ 2022-06-25 21:59:07.035781
Calculating Jaccard scores sums...45% completed @ 2022-06-25 21:59:07.510095
Calculating Jaccard scores sums...48% completed @ 2022-06-25 21:59:08.016701
Calculating Jaccard scores sums...51% completed @ 2022-06-25 21:59:08.545505
Calculating Jaccard scores sums...54% completed @ 2022-06-25 21:59:09.116487
Calculating Jaccard scores sums...57% completed @ 2022-06-25 21:59:09.711011
Calculating Jaccard scores sums...60% completed @ 2022-06-25 21:59:10.338681
Calculating Jaccard scores sums...63% completed @ 2022-06-25 21:59:11.005198
Calculating Jaccard scores sums...66% completed @ 2022-06-25 21:59:11.703831
Calculating Jaccard scores sums...69% completed @ 2022-06-25 21:59:12.438536
Calculating Jaccard scores sums...72% completed @ 2022-06-25 21:59:13.199067
Calculating Jaccard scores sums...75% completed @ 2022-06-25 21:59:13.999200
Calculating Jaccard scores sums...78% completed @ 2022-06-25 21:59:14.831961
Calculating Jaccard scores sums...81% completed @ 2022-06-25 21:59:15.689559
Calculating Jaccard scores sums...84% completed @ 2022-06-25 21:59:16.571893
Calculating Jaccard scores sums...87% completed @ 2022-06-25 21:59:17.486506
Calculating Jaccard scores sums...90% completed @ 2022-06-25 21:59:18.433435
Calculating Jaccard scores sums...93% completed @ 2022-06-25 21:59:19.418945
Calculating Jaccard scores sums...96% completed @ 2022-06-25 21:59:20.436887
Calculating Jaccard scores sums...99% completed @ 2022-06-25 21:59:21.491110
Injecting direct edges contribution
Obtaining max scores per vertex
Obtaining max scores per vertex...3% completed @ 2022-06-25 21:59:25.588968
Obtaining max scores per vertex...6% completed @ 2022-06-25 21:59:29.340047
Obtaining max scores per vertex...9% completed @ 2022-06-25 21:59:33.022642
Obtaining max scores per vertex...12% completed @ 2022-06-25 21:59:36.700676
Obtaining max scores per vertex...15% completed @ 2022-06-25 21:59:40.388756
Obtaining max scores per vertex...18% completed @ 2022-06-25 21:59:44.093241
Obtaining max scores per vertex...21% completed @ 2022-06-25 21:59:47.733641
Obtaining max scores per vertex...24% completed @ 2022-06-25 21:59:51.366944
Obtaining max scores per vertex...27% completed @ 2022-06-25 21:59:55.024199
Obtaining max scores per vertex...30% completed @ 2022-06-25 21:59:58.660090
Obtaining max scores per vertex...33% completed @ 2022-06-25 22:00:02.255717
Obtaining max scores per vertex...36% completed @ 2022-06-25 22:00:05.818582
Obtaining max scores per vertex...39% completed @ 2022-06-25 22:00:09.400635
Obtaining max scores per vertex...42% completed @ 2022-06-25 22:00:12.953493
Obtaining max scores per vertex...45% completed @ 2022-06-25 22:00:16.480451
Obtaining max scores per vertex...48% completed @ 2022-06-25 22:00:19.965924
Obtaining max scores per vertex...51% completed @ 2022-06-25 22:00:23.443842
Obtaining max scores per vertex...54% completed @ 2022-06-25 22:00:26.923829
Obtaining max scores per vertex...57% completed @ 2022-06-25 22:00:30.368164
Obtaining max scores per vertex...60% completed @ 2022-06-25 22:00:33.793577
Obtaining max scores per vertex...63% completed @ 2022-06-25 22:00:37.175032
Obtaining max scores per vertex...66% completed @ 2022-06-25 22:00:40.598962
Obtaining max scores per vertex...69% completed @ 2022-06-25 22:00:43.999880
Obtaining max scores per vertex...72% completed @ 2022-06-25 22:00:47.366111
Obtaining max scores per vertex...75% completed @ 2022-06-25 22:00:50.706697
Obtaining max scores per vertex...78% completed @ 2022-06-25 22:00:54.066433
Obtaining max scores per vertex...81% completed @ 2022-06-25 22:00:57.402382
Obtaining max scores per vertex...84% completed @ 2022-06-25 22:01:00.735449
Obtaining max scores per vertex...87% completed @ 2022-06-25 22:01:04.030875
Obtaining max scores per vertex...90% completed @ 2022-06-25 22:01:07.320176
Obtaining max scores per vertex...93% completed @ 2022-06-25 22:01:10.616263
Obtaining max scores per vertex...96% completed @ 2022-06-25 22:01:13.899386
Obtaining max scores per vertex...99% completed @ 2022-06-25 22:01:17.137140
Removing low scoring edges
Removing low scoring edges...3% completed @ 2022-06-25 22:01:18.274852
Removing low scoring edges...6% completed @ 2022-06-25 22:01:18.466013
Removing low scoring edges...9% completed @ 2022-06-25 22:01:18.788155
Removing low scoring edges...12% completed @ 2022-06-25 22:01:19.242734
Removing low scoring edges...15% completed @ 2022-06-25 22:01:19.820846
Removing low scoring edges...18% completed @ 2022-06-25 22:01:20.529043
Removing low scoring edges...21% completed @ 2022-06-25 22:01:21.366676
Removing low scoring edges...24% completed @ 2022-06-25 22:01:22.341163
Removing low scoring edges...27% completed @ 2022-06-25 22:01:23.445393
Removing low scoring edges...30% completed @ 2022-06-25 22:01:24.679596
Removing low scoring edges...33% completed @ 2022-06-25 22:01:26.046076
Removing low scoring edges...36% completed @ 2022-06-25 22:01:27.548389
Removing low scoring edges...39% completed @ 2022-06-25 22:01:29.190947
Removing low scoring edges...42% completed @ 2022-06-25 22:01:30.945025
Removing low scoring edges...45% completed @ 2022-06-25 22:01:32.826623
Removing low scoring edges...48% completed @ 2022-06-25 22:01:34.834003
Removing low scoring edges...51% completed @ 2022-06-25 22:01:36.970448
Removing low scoring edges...54% completed @ 2022-06-25 22:01:39.254648
Removing low scoring edges...57% completed @ 2022-06-25 22:01:41.685486
Removing low scoring edges...60% completed @ 2022-06-25 22:01:44.261230
Removing low scoring edges...63% completed @ 2022-06-25 22:01:46.957617
Removing low scoring edges...66% completed @ 2022-06-25 22:01:49.754065
Removing low scoring edges...69% completed @ 2022-06-25 22:01:52.681852
Removing low scoring edges...72% completed @ 2022-06-25 22:01:55.771533
Removing low scoring edges...75% completed @ 2022-06-25 22:01:59.012090
Removing low scoring edges...78% completed @ 2022-06-25 22:02:02.359583
Removing low scoring edges...81% completed @ 2022-06-25 22:02:05.802351
Removing low scoring edges...84% completed @ 2022-06-25 22:02:09.391485
Removing low scoring edges...87% completed @ 2022-06-25 22:02:13.096508
Removing low scoring edges...90% completed @ 2022-06-25 22:02:16.943897
Removing low scoring edges...93% completed @ 2022-06-25 22:02:20.927491
Removing low scoring edges...96% completed @ 2022-06-25 22:02:25.016336
Removing low scoring edges...99% completed @ 2022-06-25 22:02:29.250205
Finalizing extended graph
131
[mcl] new tab created
[mcl] pid 468177
 ite ------------------  chaos  time hom(avg,lo,hi) expa expb expc fmv
  1  ..................   0.81  0.00 1.31/0.34/2.40 1.71 1.71 1.71  48
  2  ..................   1.47  0.00 0.89/0.42/1.31 1.00 1.00 1.71  63
  3  ..................   1.06  0.00 0.94/0.54/1.26 1.00 0.86 1.47  63
  4  ..................   0.61  0.00 0.95/0.61/1.14 1.00 0.56 0.83  56
  5  ..................   0.64  0.00 0.95/0.71/1.00 1.00 0.83 0.69  30
  6  ..................   0.68  0.00 0.99/0.80/1.00 1.00 1.00 0.69  23
  7  ..................   0.06  0.00 1.00/0.99/1.00 1.00 0.83 0.57  23
  8  ..................   0.00  0.00 1.00/1.00/1.00 1.00 0.88 0.51   8
[mcl] jury pruning marks: <100,100,99>, out of 100
[mcl] jury pruning synopsis: <99.9 or perfect> (cf -scheme, -do log)
[mcl] output is in /home/wangph1/plant/data/mcl/wiki_s0-wiki_s10-k4-n20000-no1+1656218419.txt
[mcl] 28 clusters found
[mcl] output is in /home/wangph1/plant/data/mcl/wiki_s0-wiki_s10-k4-n20000-no1+1656218419.txt

Please cite:
    Stijn van Dongen, Graph Clustering by Flow Simulation.  PhD thesis,
    University of Utrecht, May 2000.
       (  http://www.library.uu.nl/digiarchief/dip/diss/1895620/full.pdf
       or  http://micans.org/mcl/lit/svdthesis.pdf.gz)
OR
    Stijn van Dongen, A cluster algorithm for graphs. Technical
    Report INS-R0010, National Research Institute for Mathematics
    and Computer Science in the Netherlands, Amsterdam, May 2000.
       (  http://www.cwi.nl/ftp/CWIreports/INS/INS-R0010.ps.Z
       or  http://micans.org/mcl/lit/INS-R0010.ps.Z)

/home/wangph1/plant/scripts
using old nif file for wiki_s0
using old nif file for wiki_s10
using old odv file for wiki_s0
using old odv file for wiki_s10
using old odv ort file for wiki_s0-wiki_s10
/home/wangph1/plant/data/mcl/wiki_s0-wiki_s10-k4-n20000-no1+1656218419.txt
/home/wangph1/plant/networks/mcl/wiki_s0_marked.nif
/home/wangph1/plant/networks/mcl/wiki_s10_marked.nif
/home/wangph1/plant/data/mcl/fake_ort/wiki_s0-wiki_s10-k4-n20000-no1.ort
/home/wangph1/plant/data/mcl/wiki_s0-wiki_s10-k4-n20000-no1.txt
Traceback (most recent call last):
  File "/home/wangph1/plant/scripts/mcl_helpers.py", line 139, in <module>
    full_local_run_mcl(gtag1, gtag2, notes=notes)
  File "/home/wangph1/plant/scripts/mcl_helpers.py", line 124, in full_local_run_mcl
    process_mcl(gtag1, gtag2, notes=notes)
  File "/home/wangph1/plant/scripts/mcl_helpers.py", line 112, in process_mcl
    num_ort, num_pairs = evaluate_alignment(gtag1, gtag2, notes=notes)
  File "/home/wangph1/plant/scripts/mcl_helpers.py", line 95, in evaluate_alignment
    m2m_pairs = read_in_slashes_m2m(out_path)
  File "/home/wangph1/plant/scripts/file_helpers.py", line 47, in read_in_slashes_m2m
    with open(m2m_path, 'r') as f:
FileNotFoundError: [Errno 2] No such file or directory: '/home/wangph1/plant/data/mcl/wiki_s0-wiki_s10-k4-n20000-no1.txt'
JOBSFINISHED
