Namespace(ag_file=['/home/wangph1/plant/data/mcl/cat-sheep-k4-n14413-no1+1656218423.ag'], ort_file=['/home/wangph1/plant/data/mcl/fake_ort/cat-sheep-k4-n14413-no1.ort'], ppi1_file=['/home/wangph1/plant/networks/mcl/cat_marked.nif'], ppi2_file=['/home/wangph1/plant/networks/mcl/sheep_marked.nif'])
Loading input data
/home/wangph1/plant/networks/mcl/cat_marked.nif
/home/wangph1/plant/networks/mcl/sheep_marked.nif
/home/wangph1/plant/data/mcl/fake_ort/cat-sheep-k4-n14413-no1.ort
Building the union graph
Building rev maps
Building maps
Processing net 0 - simple nodes
Processing net 1 - simple nodes
Processing composite nodes
Building igraph.Graph
Entering build_union_graph_edges
Building graph1 edges...3% completed @ 2022-06-25 21:46:26.449242
Building graph1 edges...6% completed @ 2022-06-25 21:52:20.062495
Building graph1 edges...9% completed @ 2022-06-25 21:58:13.023543
Building graph1 edges...12% completed @ 2022-06-25 22:04:06.655752
Building graph1 edges...15% completed @ 2022-06-25 22:10:00.013213
Building graph1 edges...18% completed @ 2022-06-25 22:15:53.090187
Building graph1 edges...21% completed @ 2022-06-25 22:21:45.892130
Building graph1 edges...24% completed @ 2022-06-25 22:27:39.719465
Building graph1 edges...27% completed @ 2022-06-25 22:33:33.003122
Building graph1 edges...30% completed @ 2022-06-25 22:39:25.931290
Building graph1 edges...33% completed @ 2022-06-25 22:45:20.204717
Building graph1 edges...36% completed @ 2022-06-25 22:51:14.237563
Building graph1 edges...39% completed @ 2022-06-25 22:57:07.192654
Building graph1 edges...42% completed @ 2022-06-25 23:03:00.135183
Building graph1 edges...45% completed @ 2022-06-25 23:08:53.745042
Building graph1 edges...48% completed @ 2022-06-25 23:14:46.124923
Building graph1 edges...51% completed @ 2022-06-25 23:20:38.243994
Building graph1 edges...54% completed @ 2022-06-25 23:26:31.266413
Building graph1 edges...57% completed @ 2022-06-25 23:32:24.636888
Building graph1 edges...60% completed @ 2022-06-25 23:38:17.038818
Building graph1 edges...63% completed @ 2022-06-25 23:44:10.609299
Building graph1 edges...66% completed @ 2022-06-25 23:50:04.499997
Building graph1 edges...69% completed @ 2022-06-25 23:55:56.545812
Building graph1 edges...72% completed @ 2022-06-26 00:01:47.924566
Building graph1 edges...75% completed @ 2022-06-26 00:07:40.556226
Building graph1 edges...78% completed @ 2022-06-26 00:13:33.884224
Building graph1 edges...81% completed @ 2022-06-26 00:19:27.501154
Building graph1 edges...84% completed @ 2022-06-26 00:25:21.065000
Building graph1 edges...87% completed @ 2022-06-26 00:31:14.381238
Building graph1 edges...90% completed @ 2022-06-26 00:37:07.587239
Building graph1 edges...93% completed @ 2022-06-26 00:43:01.028536
Building graph1 edges...96% completed @ 2022-06-26 00:48:54.950286
Building graph1 edges...99% completed @ 2022-06-26 00:54:49.519283
Merging conserved edges
Pruning the union graph
Building the extended union graph
Extending the union graph...10% completed @ 2022-06-26 00:56:57.670653
Extending the union graph...20% completed @ 2022-06-26 00:56:57.717967
Extending the union graph...30% completed @ 2022-06-26 00:56:57.782432
Extending the union graph...40% completed @ 2022-06-26 00:56:57.890464
Extending the union graph...50% completed @ 2022-06-26 00:56:57.985427
Extending the union graph...60% completed @ 2022-06-26 00:56:58.781282
Extending the union graph...70% completed @ 2022-06-26 00:56:59.668522
Extending the union graph...80% completed @ 2022-06-26 00:57:00.622672
Extending the union graph...90% completed @ 2022-06-26 00:57:01.521103
Edge Jaccard on extended union graph dist 1
Building the extended union graph
Extending the union graph...3% completed @ 2022-06-26 00:57:21.339037
Extending the union graph...6% completed @ 2022-06-26 00:57:43.908564
Extending the union graph...9% completed @ 2022-06-26 00:57:59.455196
Extending the union graph...12% completed @ 2022-06-26 00:58:22.049862
Extending the union graph...15% completed @ 2022-06-26 00:58:41.723444
Extending the union graph...18% completed @ 2022-06-26 00:58:53.620068
Extending the union graph...21% completed @ 2022-06-26 00:59:16.913646
Extending the union graph...24% completed @ 2022-06-26 00:59:50.375672
Extending the union graph...27% completed @ 2022-06-26 01:00:04.886562
Extending the union graph...30% completed @ 2022-06-26 01:00:26.740202
Extending the union graph...33% completed @ 2022-06-26 01:00:44.678200
Extending the union graph...36% completed @ 2022-06-26 01:01:03.492559
Extending the union graph...39% completed @ 2022-06-26 01:01:19.759862
Extending the union graph...42% completed @ 2022-06-26 01:01:35.500422
Extending the union graph...45% completed @ 2022-06-26 01:01:57.199130
Extending the union graph...48% completed @ 2022-06-26 01:02:16.698925
Extending the union graph...51% completed @ 2022-06-26 01:02:29.520601
Extending the union graph...54% completed @ 2022-06-26 01:02:59.406092
Extending the union graph...57% completed @ 2022-06-26 01:03:19.076851
Extending the union graph...60% completed @ 2022-06-26 01:03:37.761375
Extending the union graph...63% completed @ 2022-06-26 01:03:51.387524
Extending the union graph...66% completed @ 2022-06-26 01:04:09.589499
Extending the union graph...69% completed @ 2022-06-26 01:04:27.922120
Extending the union graph...72% completed @ 2022-06-26 01:04:59.536504
Extending the union graph...75% completed @ 2022-06-26 01:05:28.837697
Extending the union graph...78% completed @ 2022-06-26 01:05:51.545726
Extending the union graph...81% completed @ 2022-06-26 01:06:11.274406
Extending the union graph...84% completed @ 2022-06-26 01:06:22.681798
Extending the union graph...87% completed @ 2022-06-26 01:06:44.265740
Extending the union graph...90% completed @ 2022-06-26 01:07:12.896534
Extending the union graph...93% completed @ 2022-06-26 01:07:49.529772
Extending the union graph...96% completed @ 2022-06-26 01:08:16.033227
Extending the union graph...99% completed @ 2022-06-26 01:08:33.763192
Evaluating vertex sums
Extending the union graph...3% completed @ 2022-06-26 01:08:39.330486
Extending the union graph...6% completed @ 2022-06-26 01:08:40.804946
Extending the union graph...9% completed @ 2022-06-26 01:08:42.267778
Extending the union graph...12% completed @ 2022-06-26 01:08:43.727862
Extending the union graph...15% completed @ 2022-06-26 01:08:45.193287
Extending the union graph...18% completed @ 2022-06-26 01:08:46.632137
Extending the union graph...21% completed @ 2022-06-26 01:08:48.089576
Extending the union graph...24% completed @ 2022-06-26 01:08:49.548655
Extending the union graph...27% completed @ 2022-06-26 01:08:51.009165
Extending the union graph...30% completed @ 2022-06-26 01:08:52.445855
Extending the union graph...33% completed @ 2022-06-26 01:08:53.938101
Extending the union graph...36% completed @ 2022-06-26 01:08:55.398971
Extending the union graph...39% completed @ 2022-06-26 01:08:56.878164
Extending the union graph...42% completed @ 2022-06-26 01:08:58.333719
Extending the union graph...45% completed @ 2022-06-26 01:08:59.769893
Extending the union graph...48% completed @ 2022-06-26 01:09:01.254268
Extending the union graph...51% completed @ 2022-06-26 01:09:02.696543
Extending the union graph...54% completed @ 2022-06-26 01:09:04.188261
Extending the union graph...57% completed @ 2022-06-26 01:09:05.691285
Extending the union graph...60% completed @ 2022-06-26 01:09:07.159240
Extending the union graph...63% completed @ 2022-06-26 01:09:08.655387
Extending the union graph...66% completed @ 2022-06-26 01:09:10.153523
Extending the union graph...69% completed @ 2022-06-26 01:09:11.637716
Extending the union graph...72% completed @ 2022-06-26 01:09:13.097115
Extending the union graph...75% completed @ 2022-06-26 01:09:14.553208
Extending the union graph...78% completed @ 2022-06-26 01:09:16.078564
Extending the union graph...81% completed @ 2022-06-26 01:09:17.557806
Extending the union graph...84% completed @ 2022-06-26 01:09:19.021981
Extending the union graph...87% completed @ 2022-06-26 01:09:20.492470
Extending the union graph...90% completed @ 2022-06-26 01:09:21.965867
Extending the union graph...93% completed @ 2022-06-26 01:09:23.445609
Extending the union graph...96% completed @ 2022-06-26 01:09:24.904238
Extending the union graph...99% completed @ 2022-06-26 01:09:26.369143
Calculating Jaccard scores sums
Calculating Jaccard scores sums...3% completed @ 2022-06-26 01:09:26.899641
Calculating Jaccard scores sums...6% completed @ 2022-06-26 01:09:27.051083
Calculating Jaccard scores sums...9% completed @ 2022-06-26 01:09:27.304624
Calculating Jaccard scores sums...12% completed @ 2022-06-26 01:09:27.659966
Calculating Jaccard scores sums...15% completed @ 2022-06-26 01:09:28.117049
Calculating Jaccard scores sums...18% completed @ 2022-06-26 01:09:28.676715
Calculating Jaccard scores sums...21% completed @ 2022-06-26 01:09:29.339269
Calculating Jaccard scores sums...24% completed @ 2022-06-26 01:09:30.118219
Calculating Jaccard scores sums...27% completed @ 2022-06-26 01:09:30.993640
Calculating Jaccard scores sums...30% completed @ 2022-06-26 01:09:31.963702
Calculating Jaccard scores sums...33% completed @ 2022-06-26 01:09:33.060325
Calculating Jaccard scores sums...36% completed @ 2022-06-26 01:09:34.248223
Calculating Jaccard scores sums...39% completed @ 2022-06-26 01:09:35.552937
Calculating Jaccard scores sums...42% completed @ 2022-06-26 01:09:36.940129
Calculating Jaccard scores sums...45% completed @ 2022-06-26 01:09:38.432602
Calculating Jaccard scores sums...48% completed @ 2022-06-26 01:09:40.061754
Calculating Jaccard scores sums...51% completed @ 2022-06-26 01:09:41.770178
Calculating Jaccard scores sums...54% completed @ 2022-06-26 01:09:43.597560
Calculating Jaccard scores sums...57% completed @ 2022-06-26 01:09:45.532674
Calculating Jaccard scores sums...60% completed @ 2022-06-26 01:09:47.575989
Calculating Jaccard scores sums...63% completed @ 2022-06-26 01:09:49.722770
Calculating Jaccard scores sums...66% completed @ 2022-06-26 01:09:51.976321
Calculating Jaccard scores sums...69% completed @ 2022-06-26 01:09:54.345851
Calculating Jaccard scores sums...72% completed @ 2022-06-26 01:09:56.790026
Calculating Jaccard scores sums...75% completed @ 2022-06-26 01:09:59.367813
Calculating Jaccard scores sums...78% completed @ 2022-06-26 01:10:02.084957
Calculating Jaccard scores sums...81% completed @ 2022-06-26 01:10:04.864358
Calculating Jaccard scores sums...84% completed @ 2022-06-26 01:10:07.799767
Calculating Jaccard scores sums...87% completed @ 2022-06-26 01:10:10.823348
Calculating Jaccard scores sums...90% completed @ 2022-06-26 01:10:13.973709
Calculating Jaccard scores sums...93% completed @ 2022-06-26 01:10:17.187073
Calculating Jaccard scores sums...96% completed @ 2022-06-26 01:10:20.508703
Calculating Jaccard scores sums...99% completed @ 2022-06-26 01:10:23.961796
Injecting direct edges contribution
Obtaining max scores per vertex
Obtaining max scores per vertex...3% completed @ 2022-06-26 01:10:33.435819
Obtaining max scores per vertex...6% completed @ 2022-06-26 01:10:35.750709
Obtaining max scores per vertex...9% completed @ 2022-06-26 01:10:38.056897
Obtaining max scores per vertex...12% completed @ 2022-06-26 01:10:40.347214
Obtaining max scores per vertex...15% completed @ 2022-06-26 01:10:42.650806
Obtaining max scores per vertex...18% completed @ 2022-06-26 01:10:44.919130
Obtaining max scores per vertex...21% completed @ 2022-06-26 01:10:47.193846
Obtaining max scores per vertex...24% completed @ 2022-06-26 01:10:49.461251
Obtaining max scores per vertex...27% completed @ 2022-06-26 01:10:51.737348
Obtaining max scores per vertex...30% completed @ 2022-06-26 01:10:53.999873
Obtaining max scores per vertex...33% completed @ 2022-06-26 01:10:56.243065
Obtaining max scores per vertex...36% completed @ 2022-06-26 01:10:58.483413
Obtaining max scores per vertex...39% completed @ 2022-06-26 01:11:00.729465
Obtaining max scores per vertex...42% completed @ 2022-06-26 01:11:02.949383
Obtaining max scores per vertex...45% completed @ 2022-06-26 01:11:05.142636
Obtaining max scores per vertex...48% completed @ 2022-06-26 01:11:07.367391
Obtaining max scores per vertex...51% completed @ 2022-06-26 01:11:09.587068
Obtaining max scores per vertex...54% completed @ 2022-06-26 01:11:11.804263
Obtaining max scores per vertex...57% completed @ 2022-06-26 01:11:13.998207
Obtaining max scores per vertex...60% completed @ 2022-06-26 01:11:16.168810
Obtaining max scores per vertex...63% completed @ 2022-06-26 01:11:18.340604
Obtaining max scores per vertex...66% completed @ 2022-06-26 01:11:20.508884
Obtaining max scores per vertex...69% completed @ 2022-06-26 01:11:22.643250
Obtaining max scores per vertex...72% completed @ 2022-06-26 01:11:24.785009
Obtaining max scores per vertex...75% completed @ 2022-06-26 01:11:26.930925
Obtaining max scores per vertex...78% completed @ 2022-06-26 01:11:29.080857
Obtaining max scores per vertex...81% completed @ 2022-06-26 01:11:31.229581
Obtaining max scores per vertex...84% completed @ 2022-06-26 01:11:33.332825
Obtaining max scores per vertex...87% completed @ 2022-06-26 01:11:35.463381
Obtaining max scores per vertex...90% completed @ 2022-06-26 01:11:37.547701
Obtaining max scores per vertex...93% completed @ 2022-06-26 01:11:39.636908
Obtaining max scores per vertex...96% completed @ 2022-06-26 01:11:41.709292
Obtaining max scores per vertex...99% completed @ 2022-06-26 01:11:43.763367
Removing low scoring edges
Removing low scoring edges...3% completed @ 2022-06-26 01:11:44.478242
Removing low scoring edges...6% completed @ 2022-06-26 01:11:44.619552
Removing low scoring edges...9% completed @ 2022-06-26 01:11:44.860046
Removing low scoring edges...12% completed @ 2022-06-26 01:11:45.205393
Removing low scoring edges...15% completed @ 2022-06-26 01:11:45.649681
Removing low scoring edges...18% completed @ 2022-06-26 01:11:46.185988
Removing low scoring edges...21% completed @ 2022-06-26 01:11:46.827197
Removing low scoring edges...24% completed @ 2022-06-26 01:11:47.584986
Removing low scoring edges...27% completed @ 2022-06-26 01:11:48.431163
Removing low scoring edges...30% completed @ 2022-06-26 01:11:49.367281
Removing low scoring edges...33% completed @ 2022-06-26 01:11:50.426802
Removing low scoring edges...36% completed @ 2022-06-26 01:11:51.574760
Removing low scoring edges...39% completed @ 2022-06-26 01:11:52.821232
Removing low scoring edges...42% completed @ 2022-06-26 01:11:54.169056
Removing low scoring edges...45% completed @ 2022-06-26 01:11:55.588955
Removing low scoring edges...48% completed @ 2022-06-26 01:11:57.155810
Removing low scoring edges...51% completed @ 2022-06-26 01:11:58.773735
Removing low scoring edges...54% completed @ 2022-06-26 01:12:00.518038
Removing low scoring edges...57% completed @ 2022-06-26 01:12:02.366936
Removing low scoring edges...60% completed @ 2022-06-26 01:12:04.314980
Removing low scoring edges...63% completed @ 2022-06-26 01:12:06.386690
Removing low scoring edges...66% completed @ 2022-06-26 01:12:08.526320
Removing low scoring edges...69% completed @ 2022-06-26 01:12:10.796692
Removing low scoring edges...72% completed @ 2022-06-26 01:12:13.168920
Removing low scoring edges...75% completed @ 2022-06-26 01:12:15.627181
Removing low scoring edges...78% completed @ 2022-06-26 01:12:18.240924
Removing low scoring edges...81% completed @ 2022-06-26 01:12:20.957723
Removing low scoring edges...84% completed @ 2022-06-26 01:12:23.812089
Removing low scoring edges...87% completed @ 2022-06-26 01:12:26.724542
Removing low scoring edges...90% completed @ 2022-06-26 01:12:29.766752
Removing low scoring edges...93% completed @ 2022-06-26 01:12:32.907805
Removing low scoring edges...96% completed @ 2022-06-26 01:12:36.153213
Removing low scoring edges...99% completed @ 2022-06-26 01:12:39.488926
Finalizing extended graph
748887
.....................................[mcl] new tab created
[mcl] pid 41741
 ite -------------------  chaos  time hom(avg,lo,hi) expa expb expc fmv
  1  ................... 235.76  4.12 0.71/0.00/12.56 30.55 8.34 8.34  75
  2  ................... 268.86 37.48 0.61/0.03/1.46 12.65 0.32 2.63  99
  3  ...................  80.56  5.93 0.84/0.06/3.28 17.89 0.05 0.12  84
  4  ...................  13.52  0.06 0.94/0.16/3.24 3.24 0.28 0.03   4
  5  ...................   3.65  0.01 0.97/0.25/2.73 1.13 0.65 0.02   0
  6  ...................   1.67  0.01 0.98/0.31/1.85 1.01 0.84 0.02   0
  7  ...................   1.30  0.01 0.97/0.40/1.18 1.00 0.95 0.02   0
  8  ...................   2.19  0.01 0.96/0.33/1.16 1.00 0.97 0.02   0
  9  ...................   2.52  0.01 0.96/0.45/1.18 1.00 0.94 0.02   0
 10  ...................   1.80  0.01 0.97/0.39/1.00 1.00 0.87 0.01   0
 11  ...................   1.37  0.01 0.98/0.55/1.00 1.00 0.89 0.01   0
 12  ...................   1.24  0.00 0.99/0.55/1.00 1.00 0.88 0.01   0
 13  ...................   0.74  0.00 0.99/0.56/1.00 1.00 0.92 0.01   0
 14  ...................   0.40  0.00 1.00/0.73/1.00 1.00 0.95 0.01   0
 15  ...................   0.25  0.00 1.00/0.76/1.00 1.00 0.97 0.01   0
 16  ...................   0.23  0.00 1.00/0.80/1.00 1.00 0.99 0.01   0
 17  ...................   0.26  0.00 1.00/0.77/1.00 1.00 0.99 0.01   0
 18  ...................   0.67  0.00 1.00/0.62/1.00 1.00 1.00 0.01   0
 19  ...................   0.87  0.00 1.00/0.60/1.00 1.00 1.00 0.01   0
 20  ...................   0.03  0.00 1.00/0.99/1.00 1.00 1.00 0.01   0
 21  ...................   0.00  0.00 1.00/1.00/1.00 1.00 1.00 0.01   0
[mcl] jury pruning marks: <52,90,99>, out of 100
[mcl] jury pruning synopsis: <67.4 or fair> (cf -scheme, -do log)
[mcl] output is in /home/wangph1/plant/data/mcl/cat-sheep-k4-n14413-no1+1656218423.txt
[mcl] 2613 clusters found
[mcl] output is in /home/wangph1/plant/data/mcl/cat-sheep-k4-n14413-no1+1656218423.txt

Please cite:
    Stijn van Dongen, Graph Clustering by Flow Simulation.  PhD thesis,
    University of Utrecht, May 2000.
       (  http://www.library.uu.nl/digiarchief/dip/diss/1895620/full.pdf
       or  http://micans.org/mcl/lit/svdthesis.pdf.gz)
OR
    Stijn van Dongen, A cluster algorithm for graphs. Technical
    Report INS-R0010, National Research Institute for Mathematics
    and Computer Science in the Netherlands, Amsterdam, May 2000.
       (  http://www.cwi.nl/ftp/CWIreports/INS/INS-R0010.ps.Z
       or  http://micans.org/mcl/lit/INS-R0010.ps.Z)

/home/wangph1/plant/scripts
using old nif file for cat
using old nif file for sheep
using old odv file for cat
using old odv file for sheep
using old odv ort file for cat-sheep
/home/wangph1/plant/data/mcl/cat-sheep-k4-n14413-no1+1656218423.txt
/home/wangph1/plant/networks/mcl/cat_marked.nif
/home/wangph1/plant/networks/mcl/sheep_marked.nif
/home/wangph1/plant/data/mcl/fake_ort/cat-sheep-k4-n14413-no1.ort
/home/wangph1/plant/data/mcl/cat-sheep-k4-n14413-no1.txt
Traceback (most recent call last):
  File "/home/wangph1/plant/scripts/mcl_helpers.py", line 139, in <module>
    full_local_run_mcl(gtag1, gtag2, notes=notes)
  File "/home/wangph1/plant/scripts/mcl_helpers.py", line 124, in full_local_run_mcl
    process_mcl(gtag1, gtag2, notes=notes)
  File "/home/wangph1/plant/scripts/mcl_helpers.py", line 112, in process_mcl
    num_ort, num_pairs = evaluate_alignment(gtag1, gtag2, notes=notes)
  File "/home/wangph1/plant/scripts/mcl_helpers.py", line 95, in evaluate_alignment
    m2m_pairs = read_in_slashes_m2m(out_path)
  File "/home/wangph1/plant/scripts/file_helpers.py", line 47, in read_in_slashes_m2m
    with open(m2m_path, 'r') as f:
FileNotFoundError: [Errno 2] No such file or directory: '/home/wangph1/plant/data/mcl/cat-sheep-k4-n14413-no1.txt'
JOBSFINISHED
