Namespace(ag_file=['/home/wangph1/plant/data/mcl/dog-rat-k4-n14512-no1+1656218423.ag'], ort_file=['/home/wangph1/plant/data/mcl/fake_ort/dog-rat-k4-n14512-no1.ort'], ppi1_file=['/home/wangph1/plant/networks/mcl/dog_marked.nif'], ppi2_file=['/home/wangph1/plant/networks/mcl/rat_marked.nif'])
Loading input data
/home/wangph1/plant/networks/mcl/dog_marked.nif
/home/wangph1/plant/networks/mcl/rat_marked.nif
/home/wangph1/plant/data/mcl/fake_ort/dog-rat-k4-n14512-no1.ort
Building the union graph
Building rev maps
Building maps
Processing net 0 - simple nodes
Processing net 1 - simple nodes
Processing composite nodes
Building igraph.Graph
Entering build_union_graph_edges
Building graph1 edges...3% completed @ 2022-06-25 21:50:31.657554
Building graph1 edges...6% completed @ 2022-06-25 22:00:16.052646
Building graph1 edges...9% completed @ 2022-06-25 22:09:53.355567
Building graph1 edges...12% completed @ 2022-06-25 22:19:31.006941
Building graph1 edges...15% completed @ 2022-06-25 22:29:08.292884
Building graph1 edges...18% completed @ 2022-06-25 22:38:47.170154
Building graph1 edges...21% completed @ 2022-06-25 22:48:24.252627
Building graph1 edges...24% completed @ 2022-06-25 22:58:01.847168
Building graph1 edges...27% completed @ 2022-06-25 23:07:38.893692
Building graph1 edges...30% completed @ 2022-06-25 23:17:16.204345
Building graph1 edges...33% completed @ 2022-06-25 23:26:53.215860
Building graph1 edges...36% completed @ 2022-06-25 23:36:30.351261
Building graph1 edges...39% completed @ 2022-06-25 23:46:10.211862
Building graph1 edges...42% completed @ 2022-06-25 23:55:47.368301
Building graph1 edges...45% completed @ 2022-06-26 00:05:24.773899
Building graph1 edges...48% completed @ 2022-06-26 00:15:02.169768
Building graph1 edges...51% completed @ 2022-06-26 00:24:39.278819
Building graph1 edges...54% completed @ 2022-06-26 00:34:16.686341
Building graph1 edges...57% completed @ 2022-06-26 00:43:53.894935
Building graph1 edges...60% completed @ 2022-06-26 00:53:32.088809
Building graph1 edges...63% completed @ 2022-06-26 01:03:08.497804
Building graph1 edges...66% completed @ 2022-06-26 01:12:44.693033
Building graph1 edges...69% completed @ 2022-06-26 01:22:20.885591
Building graph1 edges...72% completed @ 2022-06-26 01:31:57.038118
Building graph1 edges...75% completed @ 2022-06-26 01:41:33.196045
Building graph1 edges...78% completed @ 2022-06-26 01:51:11.739014
Building graph1 edges...81% completed @ 2022-06-26 02:00:48.113835
Building graph1 edges...84% completed @ 2022-06-26 02:10:24.836844
Building graph1 edges...87% completed @ 2022-06-26 02:20:01.028788
Building graph1 edges...90% completed @ 2022-06-26 02:29:37.106632
Building graph1 edges...93% completed @ 2022-06-26 02:39:13.122851
Building graph1 edges...96% completed @ 2022-06-26 02:48:49.201668
Building graph1 edges...99% completed @ 2022-06-26 02:58:27.427426
Merging conserved edges
Pruning the union graph
Building the extended union graph
Extending the union graph...10% completed @ 2022-06-26 03:01:52.483496
Extending the union graph...20% completed @ 2022-06-26 03:01:52.537824
Extending the union graph...30% completed @ 2022-06-26 03:01:52.606667
Extending the union graph...40% completed @ 2022-06-26 03:01:52.705777
Extending the union graph...50% completed @ 2022-06-26 03:01:52.797299
Extending the union graph...60% completed @ 2022-06-26 03:01:53.355195
Extending the union graph...70% completed @ 2022-06-26 03:01:54.644764
Extending the union graph...80% completed @ 2022-06-26 03:01:55.842903
Extending the union graph...90% completed @ 2022-06-26 03:01:56.913102
Edge Jaccard on extended union graph dist 1
Building the extended union graph
Extending the union graph...3% completed @ 2022-06-26 03:02:25.542678
Extending the union graph...6% completed @ 2022-06-26 03:02:53.825340
Extending the union graph...9% completed @ 2022-06-26 03:03:07.693631
Extending the union graph...12% completed @ 2022-06-26 03:04:10.318799
Extending the union graph...15% completed @ 2022-06-26 03:04:35.530647
Extending the union graph...18% completed @ 2022-06-26 03:05:08.475831
Extending the union graph...21% completed @ 2022-06-26 03:05:30.526149
Extending the union graph...24% completed @ 2022-06-26 03:06:03.960876
Extending the union graph...27% completed @ 2022-06-26 03:06:37.856336
Extending the union graph...30% completed @ 2022-06-26 03:07:06.776878
Extending the union graph...33% completed @ 2022-06-26 03:07:28.714485
Extending the union graph...36% completed @ 2022-06-26 03:08:01.866817
Extending the union graph...39% completed @ 2022-06-26 03:08:51.208377
Extending the union graph...42% completed @ 2022-06-26 03:09:16.096572
Extending the union graph...45% completed @ 2022-06-26 03:09:40.615233
Extending the union graph...48% completed @ 2022-06-26 03:10:18.272261
Extending the union graph...51% completed @ 2022-06-26 03:10:39.773733
Extending the union graph...54% completed @ 2022-06-26 03:11:08.758699
Extending the union graph...57% completed @ 2022-06-26 03:11:44.132472
Extending the union graph...60% completed @ 2022-06-26 03:12:08.419342
Extending the union graph...63% completed @ 2022-06-26 03:12:40.407411
Extending the union graph...66% completed @ 2022-06-26 03:12:57.761602
Extending the union graph...69% completed @ 2022-06-26 03:13:23.986102
Extending the union graph...72% completed @ 2022-06-26 03:13:42.879823
Extending the union graph...75% completed @ 2022-06-26 03:14:03.414290
Extending the union graph...78% completed @ 2022-06-26 03:14:32.942814
Extending the union graph...81% completed @ 2022-06-26 03:14:53.461864
Extending the union graph...84% completed @ 2022-06-26 03:15:21.121793
Extending the union graph...87% completed @ 2022-06-26 03:15:39.429194
Extending the union graph...90% completed @ 2022-06-26 03:15:58.829800
Extending the union graph...93% completed @ 2022-06-26 03:16:17.023532
Extending the union graph...96% completed @ 2022-06-26 03:16:46.065126
Extending the union graph...99% completed @ 2022-06-26 03:17:14.130638
Evaluating vertex sums
Extending the union graph...3% completed @ 2022-06-26 03:17:43.129320
Extending the union graph...6% completed @ 2022-06-26 03:17:44.597797
Extending the union graph...9% completed @ 2022-06-26 03:17:46.061554
Extending the union graph...12% completed @ 2022-06-26 03:17:47.541142
Extending the union graph...15% completed @ 2022-06-26 03:17:49.005918
Extending the union graph...18% completed @ 2022-06-26 03:17:50.467154
Extending the union graph...21% completed @ 2022-06-26 03:17:51.948023
Extending the union graph...24% completed @ 2022-06-26 03:17:53.415339
Extending the union graph...27% completed @ 2022-06-26 03:17:54.885804
Extending the union graph...30% completed @ 2022-06-26 03:17:56.372687
Extending the union graph...33% completed @ 2022-06-26 03:17:57.859806
Extending the union graph...36% completed @ 2022-06-26 03:17:59.338228
Extending the union graph...39% completed @ 2022-06-26 03:18:00.811183
Extending the union graph...42% completed @ 2022-06-26 03:18:02.325000
Extending the union graph...45% completed @ 2022-06-26 03:18:03.809608
Extending the union graph...48% completed @ 2022-06-26 03:18:05.304455
Extending the union graph...51% completed @ 2022-06-26 03:18:06.798382
Extending the union graph...54% completed @ 2022-06-26 03:18:08.288663
Extending the union graph...57% completed @ 2022-06-26 03:18:09.763036
Extending the union graph...60% completed @ 2022-06-26 03:18:11.257876
Extending the union graph...63% completed @ 2022-06-26 03:18:12.754625
Extending the union graph...66% completed @ 2022-06-26 03:18:14.231504
Extending the union graph...69% completed @ 2022-06-26 03:18:15.742636
Extending the union graph...72% completed @ 2022-06-26 03:18:17.262875
Extending the union graph...75% completed @ 2022-06-26 03:18:18.733008
Extending the union graph...78% completed @ 2022-06-26 03:18:20.218405
Extending the union graph...81% completed @ 2022-06-26 03:18:21.710599
Extending the union graph...84% completed @ 2022-06-26 03:18:23.230309
Extending the union graph...87% completed @ 2022-06-26 03:18:24.721705
Extending the union graph...90% completed @ 2022-06-26 03:18:26.222908
Extending the union graph...93% completed @ 2022-06-26 03:18:27.728973
Extending the union graph...96% completed @ 2022-06-26 03:18:29.268494
Extending the union graph...99% completed @ 2022-06-26 03:18:30.721325
Calculating Jaccard scores sums
Calculating Jaccard scores sums...3% completed @ 2022-06-26 03:18:31.277186
Calculating Jaccard scores sums...6% completed @ 2022-06-26 03:18:31.429734
Calculating Jaccard scores sums...9% completed @ 2022-06-26 03:18:31.681124
Calculating Jaccard scores sums...12% completed @ 2022-06-26 03:18:32.029079
Calculating Jaccard scores sums...15% completed @ 2022-06-26 03:18:32.486945
Calculating Jaccard scores sums...18% completed @ 2022-06-26 03:18:33.039970
Calculating Jaccard scores sums...21% completed @ 2022-06-26 03:18:33.695844
Calculating Jaccard scores sums...24% completed @ 2022-06-26 03:18:34.454998
Calculating Jaccard scores sums...27% completed @ 2022-06-26 03:18:35.314814
Calculating Jaccard scores sums...30% completed @ 2022-06-26 03:18:36.290188
Calculating Jaccard scores sums...33% completed @ 2022-06-26 03:18:37.365278
Calculating Jaccard scores sums...36% completed @ 2022-06-26 03:18:38.544979
Calculating Jaccard scores sums...39% completed @ 2022-06-26 03:18:39.830902
Calculating Jaccard scores sums...42% completed @ 2022-06-26 03:18:41.223720
Calculating Jaccard scores sums...45% completed @ 2022-06-26 03:18:42.712562
Calculating Jaccard scores sums...48% completed @ 2022-06-26 03:18:44.301422
Calculating Jaccard scores sums...51% completed @ 2022-06-26 03:18:46.006044
Calculating Jaccard scores sums...54% completed @ 2022-06-26 03:18:47.855982
Calculating Jaccard scores sums...57% completed @ 2022-06-26 03:18:49.759914
Calculating Jaccard scores sums...60% completed @ 2022-06-26 03:18:51.798705
Calculating Jaccard scores sums...63% completed @ 2022-06-26 03:18:53.904874
Calculating Jaccard scores sums...66% completed @ 2022-06-26 03:18:56.109914
Calculating Jaccard scores sums...69% completed @ 2022-06-26 03:18:58.436135
Calculating Jaccard scores sums...72% completed @ 2022-06-26 03:19:00.867676
Calculating Jaccard scores sums...75% completed @ 2022-06-26 03:19:03.415742
Calculating Jaccard scores sums...78% completed @ 2022-06-26 03:19:06.053640
Calculating Jaccard scores sums...81% completed @ 2022-06-26 03:19:08.806480
Calculating Jaccard scores sums...84% completed @ 2022-06-26 03:19:11.655184
Calculating Jaccard scores sums...87% completed @ 2022-06-26 03:19:14.635104
Calculating Jaccard scores sums...90% completed @ 2022-06-26 03:19:17.715045
Calculating Jaccard scores sums...93% completed @ 2022-06-26 03:19:20.890684
Calculating Jaccard scores sums...96% completed @ 2022-06-26 03:19:24.181260
Calculating Jaccard scores sums...99% completed @ 2022-06-26 03:19:27.548476
Injecting direct edges contribution
Obtaining max scores per vertex
Obtaining max scores per vertex...3% completed @ 2022-06-26 03:19:37.814197
Obtaining max scores per vertex...6% completed @ 2022-06-26 03:19:39.932574
Obtaining max scores per vertex...9% completed @ 2022-06-26 03:19:42.097281
Obtaining max scores per vertex...12% completed @ 2022-06-26 03:19:44.239068
Obtaining max scores per vertex...15% completed @ 2022-06-26 03:19:46.389604
Obtaining max scores per vertex...18% completed @ 2022-06-26 03:19:48.544929
Obtaining max scores per vertex...21% completed @ 2022-06-26 03:19:50.688789
Obtaining max scores per vertex...24% completed @ 2022-06-26 03:19:52.864365
Obtaining max scores per vertex...27% completed @ 2022-06-26 03:19:55.010290
Obtaining max scores per vertex...30% completed @ 2022-06-26 03:19:57.186739
Obtaining max scores per vertex...33% completed @ 2022-06-26 03:19:59.335800
Obtaining max scores per vertex...36% completed @ 2022-06-26 03:20:01.493799
Obtaining max scores per vertex...39% completed @ 2022-06-26 03:20:03.646170
Obtaining max scores per vertex...42% completed @ 2022-06-26 03:20:05.804649
Obtaining max scores per vertex...45% completed @ 2022-06-26 03:20:07.975564
Obtaining max scores per vertex...48% completed @ 2022-06-26 03:20:10.134207
Obtaining max scores per vertex...51% completed @ 2022-06-26 03:20:12.288689
Obtaining max scores per vertex...54% completed @ 2022-06-26 03:20:14.436708
Obtaining max scores per vertex...57% completed @ 2022-06-26 03:20:16.590242
Obtaining max scores per vertex...60% completed @ 2022-06-26 03:20:18.751764
Obtaining max scores per vertex...63% completed @ 2022-06-26 03:20:20.890026
Obtaining max scores per vertex...66% completed @ 2022-06-26 03:20:23.034621
Obtaining max scores per vertex...69% completed @ 2022-06-26 03:20:25.186659
Obtaining max scores per vertex...72% completed @ 2022-06-26 03:20:27.333769
Obtaining max scores per vertex...75% completed @ 2022-06-26 03:20:29.431793
Obtaining max scores per vertex...78% completed @ 2022-06-26 03:20:31.558852
Obtaining max scores per vertex...81% completed @ 2022-06-26 03:20:33.698381
Obtaining max scores per vertex...84% completed @ 2022-06-26 03:20:35.799058
Obtaining max scores per vertex...87% completed @ 2022-06-26 03:20:37.928944
Obtaining max scores per vertex...90% completed @ 2022-06-26 03:20:40.024157
Obtaining max scores per vertex...93% completed @ 2022-06-26 03:20:42.127902
Obtaining max scores per vertex...96% completed @ 2022-06-26 03:20:44.248013
Obtaining max scores per vertex...99% completed @ 2022-06-26 03:20:46.300523
Removing low scoring edges
Removing low scoring edges...3% completed @ 2022-06-26 03:20:47.055000
Removing low scoring edges...6% completed @ 2022-06-26 03:20:47.203086
Removing low scoring edges...9% completed @ 2022-06-26 03:20:47.449856
Removing low scoring edges...12% completed @ 2022-06-26 03:20:47.795036
Removing low scoring edges...15% completed @ 2022-06-26 03:20:48.239832
Removing low scoring edges...18% completed @ 2022-06-26 03:20:48.782808
Removing low scoring edges...21% completed @ 2022-06-26 03:20:49.423739
Removing low scoring edges...24% completed @ 2022-06-26 03:20:50.175747
Removing low scoring edges...27% completed @ 2022-06-26 03:20:51.029041
Removing low scoring edges...30% completed @ 2022-06-26 03:20:52.016681
Removing low scoring edges...33% completed @ 2022-06-26 03:20:53.138955
Removing low scoring edges...36% completed @ 2022-06-26 03:20:54.316926
Removing low scoring edges...39% completed @ 2022-06-26 03:20:55.571338
Removing low scoring edges...42% completed @ 2022-06-26 03:20:56.940094
Removing low scoring edges...45% completed @ 2022-06-26 03:20:58.403625
Removing low scoring edges...48% completed @ 2022-06-26 03:20:59.975257
Removing low scoring edges...51% completed @ 2022-06-26 03:21:01.651673
Removing low scoring edges...54% completed @ 2022-06-26 03:21:03.424295
Removing low scoring edges...57% completed @ 2022-06-26 03:21:05.267690
Removing low scoring edges...60% completed @ 2022-06-26 03:21:07.255975
Removing low scoring edges...63% completed @ 2022-06-26 03:21:09.323438
Removing low scoring edges...66% completed @ 2022-06-26 03:21:11.498087
Removing low scoring edges...69% completed @ 2022-06-26 03:21:13.790417
Removing low scoring edges...72% completed @ 2022-06-26 03:21:16.185564
Removing low scoring edges...75% completed @ 2022-06-26 03:21:18.663713
Removing low scoring edges...78% completed @ 2022-06-26 03:21:21.250088
Removing low scoring edges...81% completed @ 2022-06-26 03:21:23.937808
Removing low scoring edges...84% completed @ 2022-06-26 03:21:26.726665
Removing low scoring edges...87% completed @ 2022-06-26 03:21:29.627269
Removing low scoring edges...90% completed @ 2022-06-26 03:21:32.633071
Removing low scoring edges...93% completed @ 2022-06-26 03:21:35.752651
Removing low scoring edges...96% completed @ 2022-06-26 03:21:38.993867
Removing low scoring edges...99% completed @ 2022-06-26 03:21:42.323540
Finalizing extended graph
930612
..............................................[mcl] new tab created
[mcl] pid 483925
 ite -------------------  chaos  time hom(avg,lo,hi) expa expb expc fmv
  1  ................... 239.64  4.96 0.67/0.00/14.55 30.30 7.64 7.64  82
  2  ................... 306.01 41.45 0.60/0.01/1.63 11.85 0.34 2.62  99
  3  ...................  91.35  7.10 0.84/0.04/6.69 17.87 0.05 0.12  90
  4  ...................  18.59  0.08 0.94/0.14/3.01 3.34 0.28 0.04   7
  5  ...................   3.68  0.01 0.97/0.09/1.67 1.15 0.65 0.02   0
  6  ...................   2.32  0.01 0.97/0.32/2.00 1.01 0.85 0.02   0
  7  ...................   2.25  0.01 0.96/0.23/1.62 1.00 0.95 0.02   0
  8  ...................   2.11  0.01 0.94/0.34/1.08 1.00 0.96 0.02   0
  9  ...................   2.30  0.01 0.95/0.41/1.02 1.00 0.91 0.02   0
 10  ...................   2.23  0.01 0.96/0.37/1.00 1.00 0.84 0.01   0
 11  ...................   1.70  0.01 0.97/0.48/1.00 1.00 0.85 0.01   0
 12  ...................   1.55  0.01 0.98/0.57/1.00 1.00 0.86 0.01   0
 13  ...................   1.09  0.00 0.99/0.55/1.00 1.00 0.88 0.01   0
 14  ...................   0.53  0.00 1.00/0.69/1.00 1.00 0.92 0.01   0
 15  ...................   0.58  0.00 1.00/0.69/1.00 1.00 0.97 0.01   0
 16  ...................   0.25  0.00 1.00/0.76/1.00 1.00 0.99 0.01   0
 17  ...................   0.25  0.00 1.00/0.82/1.00 1.00 0.99 0.01   0
 18  ...................   0.25  0.00 1.00/0.76/1.00 1.00 1.00 0.01   0
 19  ...................   0.07  0.00 1.00/0.93/1.00 1.00 1.00 0.01   0
 20  ...................   0.00  0.00 1.00/1.00/1.00 1.00 1.00 0.01   0
[mcl] cut <2> instances of overlap
[mcl] jury pruning marks: <49,90,99>, out of 100
[mcl] jury pruning synopsis: <65.5 or fairish> (cf -scheme, -do log)
[mcl] output is in /home/wangph1/plant/data/mcl/dog-rat-k4-n14512-no1+1656218423.txt
[mcl] 2714 clusters found
[mcl] output is in /home/wangph1/plant/data/mcl/dog-rat-k4-n14512-no1+1656218423.txt

Please cite:
    Stijn van Dongen, Graph Clustering by Flow Simulation.  PhD thesis,
    University of Utrecht, May 2000.
       (  http://www.library.uu.nl/digiarchief/dip/diss/1895620/full.pdf
       or  http://micans.org/mcl/lit/svdthesis.pdf.gz)
OR
    Stijn van Dongen, A cluster algorithm for graphs. Technical
    Report INS-R0010, National Research Institute for Mathematics
    and Computer Science in the Netherlands, Amsterdam, May 2000.
       (  http://www.cwi.nl/ftp/CWIreports/INS/INS-R0010.ps.Z
       or  http://micans.org/mcl/lit/INS-R0010.ps.Z)

/home/wangph1/plant/scripts
using old nif file for dog
using old nif file for rat
using old odv file for dog
using old odv file for rat
using old odv ort file for dog-rat
/home/wangph1/plant/data/mcl/dog-rat-k4-n14512-no1+1656218423.txt
/home/wangph1/plant/networks/mcl/dog_marked.nif
/home/wangph1/plant/networks/mcl/rat_marked.nif
/home/wangph1/plant/data/mcl/fake_ort/dog-rat-k4-n14512-no1.ort
/home/wangph1/plant/data/mcl/dog-rat-k4-n14512-no1.txt
Traceback (most recent call last):
  File "/home/wangph1/plant/scripts/mcl_helpers.py", line 139, in <module>
    full_local_run_mcl(gtag1, gtag2, notes=notes)
  File "/home/wangph1/plant/scripts/mcl_helpers.py", line 124, in full_local_run_mcl
    process_mcl(gtag1, gtag2, notes=notes)
  File "/home/wangph1/plant/scripts/mcl_helpers.py", line 112, in process_mcl
    num_ort, num_pairs = evaluate_alignment(gtag1, gtag2, notes=notes)
  File "/home/wangph1/plant/scripts/mcl_helpers.py", line 95, in evaluate_alignment
    m2m_pairs = read_in_slashes_m2m(out_path)
  File "/home/wangph1/plant/scripts/file_helpers.py", line 47, in read_in_slashes_m2m
    with open(m2m_path, 'r') as f:
FileNotFoundError: [Errno 2] No such file or directory: '/home/wangph1/plant/data/mcl/dog-rat-k4-n14512-no1.txt'
JOBSFINISHED
