Namespace(ag_file=['/home/wangph1/plant/data/mcl/horse-sheep-k4-n14413-no1+1656218423.ag'], ort_file=['/home/wangph1/plant/data/mcl/fake_ort/horse-sheep-k4-n14413-no1.ort'], ppi1_file=['/home/wangph1/plant/networks/mcl/horse_marked.nif'], ppi2_file=['/home/wangph1/plant/networks/mcl/sheep_marked.nif'])
Loading input data
/home/wangph1/plant/networks/mcl/horse_marked.nif
/home/wangph1/plant/networks/mcl/sheep_marked.nif
/home/wangph1/plant/data/mcl/fake_ort/horse-sheep-k4-n14413-no1.ort
Building the union graph
Building rev maps
Building maps
Processing net 0 - simple nodes
Processing net 1 - simple nodes
Processing composite nodes
Building igraph.Graph
Entering build_union_graph_edges
Building graph1 edges...3% completed @ 2022-06-25 21:50:55.123809
Building graph1 edges...6% completed @ 2022-06-25 22:01:12.329772
Building graph1 edges...9% completed @ 2022-06-25 22:11:29.250264
Building graph1 edges...12% completed @ 2022-06-25 22:21:47.695428
Building graph1 edges...15% completed @ 2022-06-25 22:32:04.972378
Building graph1 edges...18% completed @ 2022-06-25 22:42:23.737662
Building graph1 edges...21% completed @ 2022-06-25 22:52:42.438326
Building graph1 edges...24% completed @ 2022-06-25 23:03:01.315270
Building graph1 edges...27% completed @ 2022-06-25 23:13:20.082040
Building graph1 edges...30% completed @ 2022-06-25 23:23:40.037126
Building graph1 edges...33% completed @ 2022-06-25 23:34:00.862282
Building graph1 edges...36% completed @ 2022-06-25 23:44:24.229430
Building graph1 edges...39% completed @ 2022-06-25 23:54:47.588221
Building graph1 edges...42% completed @ 2022-06-26 00:05:10.636691
Building graph1 edges...45% completed @ 2022-06-26 00:15:33.939410
Building graph1 edges...48% completed @ 2022-06-26 00:25:57.837743
Building graph1 edges...51% completed @ 2022-06-26 00:36:21.927756
Building graph1 edges...54% completed @ 2022-06-26 00:46:45.009963
Building graph1 edges...57% completed @ 2022-06-26 00:57:08.287293
Building graph1 edges...60% completed @ 2022-06-26 01:07:31.668830
Building graph1 edges...63% completed @ 2022-06-26 01:17:54.785919
Building graph1 edges...66% completed @ 2022-06-26 01:28:17.926626
Building graph1 edges...69% completed @ 2022-06-26 01:38:40.428727
Building graph1 edges...72% completed @ 2022-06-26 01:49:03.198510
Building graph1 edges...75% completed @ 2022-06-26 01:59:26.428849
Building graph1 edges...78% completed @ 2022-06-26 02:09:49.476721
Building graph1 edges...81% completed @ 2022-06-26 02:20:12.612741
Building graph1 edges...84% completed @ 2022-06-26 02:30:35.705087
Building graph1 edges...87% completed @ 2022-06-26 02:41:01.305325
Building graph1 edges...90% completed @ 2022-06-26 02:51:26.380915
Building graph1 edges...93% completed @ 2022-06-26 03:01:49.678388
Building graph1 edges...96% completed @ 2022-06-26 03:12:12.791524
Building graph1 edges...99% completed @ 2022-06-26 03:22:35.890645
Merging conserved edges
Pruning the union graph
Building the extended union graph
Extending the union graph...10% completed @ 2022-06-26 03:26:15.045137
Extending the union graph...20% completed @ 2022-06-26 03:26:15.100664
Extending the union graph...30% completed @ 2022-06-26 03:26:15.171758
Extending the union graph...40% completed @ 2022-06-26 03:26:15.279705
Extending the union graph...50% completed @ 2022-06-26 03:26:15.386242
Extending the union graph...60% completed @ 2022-06-26 03:26:16.184699
Extending the union graph...70% completed @ 2022-06-26 03:26:17.144004
Extending the union graph...80% completed @ 2022-06-26 03:26:18.121684
Extending the union graph...90% completed @ 2022-06-26 03:26:19.107964
Edge Jaccard on extended union graph dist 1
Building the extended union graph
Extending the union graph...3% completed @ 2022-06-26 03:26:55.022284
Extending the union graph...6% completed @ 2022-06-26 03:27:20.679649
Extending the union graph...9% completed @ 2022-06-26 03:27:36.956346
Extending the union graph...12% completed @ 2022-06-26 03:28:00.380313
Extending the union graph...15% completed @ 2022-06-26 03:28:20.786340
Extending the union graph...18% completed @ 2022-06-26 03:28:40.337807
Extending the union graph...21% completed @ 2022-06-26 03:28:57.621479
Extending the union graph...24% completed @ 2022-06-26 03:29:13.592016
Extending the union graph...27% completed @ 2022-06-26 03:29:37.550603
Extending the union graph...30% completed @ 2022-06-26 03:29:53.499854
Extending the union graph...33% completed @ 2022-06-26 03:30:11.057985
Extending the union graph...36% completed @ 2022-06-26 03:30:29.887275
Extending the union graph...39% completed @ 2022-06-26 03:30:53.021245
Extending the union graph...42% completed @ 2022-06-26 03:31:11.275936
Extending the union graph...45% completed @ 2022-06-26 03:31:39.786574
Extending the union graph...48% completed @ 2022-06-26 03:31:57.766104
Extending the union graph...51% completed @ 2022-06-26 03:32:20.744203
Extending the union graph...54% completed @ 2022-06-26 03:32:57.248854
Extending the union graph...57% completed @ 2022-06-26 03:33:19.495233
Extending the union graph...60% completed @ 2022-06-26 03:33:52.959121
Extending the union graph...63% completed @ 2022-06-26 03:34:08.251357
Extending the union graph...66% completed @ 2022-06-26 03:34:28.408754
Extending the union graph...69% completed @ 2022-06-26 03:35:05.679486
Extending the union graph...72% completed @ 2022-06-26 03:35:34.514105
Extending the union graph...75% completed @ 2022-06-26 03:35:58.814829
Extending the union graph...78% completed @ 2022-06-26 03:36:21.251895
Extending the union graph...81% completed @ 2022-06-26 03:37:03.683460
Extending the union graph...84% completed @ 2022-06-26 03:37:21.626270
Extending the union graph...87% completed @ 2022-06-26 03:37:59.606230
Extending the union graph...90% completed @ 2022-06-26 03:38:22.914895
Extending the union graph...93% completed @ 2022-06-26 03:38:44.700730
Extending the union graph...96% completed @ 2022-06-26 03:39:12.527921
Extending the union graph...99% completed @ 2022-06-26 03:39:27.040687
Evaluating vertex sums
Extending the union graph...3% completed @ 2022-06-26 03:39:35.981503
Extending the union graph...6% completed @ 2022-06-26 03:39:37.396305
Extending the union graph...9% completed @ 2022-06-26 03:39:38.789449
Extending the union graph...12% completed @ 2022-06-26 03:39:40.187250
Extending the union graph...15% completed @ 2022-06-26 03:39:41.595162
Extending the union graph...18% completed @ 2022-06-26 03:39:42.993420
Extending the union graph...21% completed @ 2022-06-26 03:39:44.381175
Extending the union graph...24% completed @ 2022-06-26 03:39:45.803280
Extending the union graph...27% completed @ 2022-06-26 03:39:47.202155
Extending the union graph...30% completed @ 2022-06-26 03:39:48.603914
Extending the union graph...33% completed @ 2022-06-26 03:39:50.007683
Extending the union graph...36% completed @ 2022-06-26 03:39:51.430988
Extending the union graph...39% completed @ 2022-06-26 03:39:52.851489
Extending the union graph...42% completed @ 2022-06-26 03:39:54.235717
Extending the union graph...45% completed @ 2022-06-26 03:39:55.623340
Extending the union graph...48% completed @ 2022-06-26 03:39:57.038840
Extending the union graph...51% completed @ 2022-06-26 03:39:58.449082
Extending the union graph...54% completed @ 2022-06-26 03:39:59.843031
Extending the union graph...57% completed @ 2022-06-26 03:40:01.272074
Extending the union graph...60% completed @ 2022-06-26 03:40:02.690303
Extending the union graph...63% completed @ 2022-06-26 03:40:04.101826
Extending the union graph...66% completed @ 2022-06-26 03:40:05.500905
Extending the union graph...69% completed @ 2022-06-26 03:40:06.935623
Extending the union graph...72% completed @ 2022-06-26 03:40:08.347167
Extending the union graph...75% completed @ 2022-06-26 03:40:09.763374
Extending the union graph...78% completed @ 2022-06-26 03:40:11.177212
Extending the union graph...81% completed @ 2022-06-26 03:40:12.568964
Extending the union graph...84% completed @ 2022-06-26 03:40:13.971951
Extending the union graph...87% completed @ 2022-06-26 03:40:15.384649
Extending the union graph...90% completed @ 2022-06-26 03:40:16.778407
Extending the union graph...93% completed @ 2022-06-26 03:40:18.223641
Extending the union graph...96% completed @ 2022-06-26 03:40:19.635324
Extending the union graph...99% completed @ 2022-06-26 03:40:21.022587
Calculating Jaccard scores sums
Calculating Jaccard scores sums...3% completed @ 2022-06-26 03:40:21.542782
Calculating Jaccard scores sums...6% completed @ 2022-06-26 03:40:21.689907
Calculating Jaccard scores sums...9% completed @ 2022-06-26 03:40:21.931935
Calculating Jaccard scores sums...12% completed @ 2022-06-26 03:40:22.267004
Calculating Jaccard scores sums...15% completed @ 2022-06-26 03:40:22.719912
Calculating Jaccard scores sums...18% completed @ 2022-06-26 03:40:23.260547
Calculating Jaccard scores sums...21% completed @ 2022-06-26 03:40:23.900534
Calculating Jaccard scores sums...24% completed @ 2022-06-26 03:40:24.690080
Calculating Jaccard scores sums...27% completed @ 2022-06-26 03:40:25.586678
Calculating Jaccard scores sums...30% completed @ 2022-06-26 03:40:26.554200
Calculating Jaccard scores sums...33% completed @ 2022-06-26 03:40:27.600116
Calculating Jaccard scores sums...36% completed @ 2022-06-26 03:40:28.748537
Calculating Jaccard scores sums...39% completed @ 2022-06-26 03:40:29.997283
Calculating Jaccard scores sums...42% completed @ 2022-06-26 03:40:31.348739
Calculating Jaccard scores sums...45% completed @ 2022-06-26 03:40:32.818787
Calculating Jaccard scores sums...48% completed @ 2022-06-26 03:40:34.375144
Calculating Jaccard scores sums...51% completed @ 2022-06-26 03:40:36.013971
Calculating Jaccard scores sums...54% completed @ 2022-06-26 03:40:37.781677
Calculating Jaccard scores sums...57% completed @ 2022-06-26 03:40:39.634429
Calculating Jaccard scores sums...60% completed @ 2022-06-26 03:40:41.586629
Calculating Jaccard scores sums...63% completed @ 2022-06-26 03:40:43.651125
Calculating Jaccard scores sums...66% completed @ 2022-06-26 03:40:45.835913
Calculating Jaccard scores sums...69% completed @ 2022-06-26 03:40:48.116031
Calculating Jaccard scores sums...72% completed @ 2022-06-26 03:40:50.483832
Calculating Jaccard scores sums...75% completed @ 2022-06-26 03:40:53.024948
Calculating Jaccard scores sums...78% completed @ 2022-06-26 03:40:55.587442
Calculating Jaccard scores sums...81% completed @ 2022-06-26 03:40:58.288830
Calculating Jaccard scores sums...84% completed @ 2022-06-26 03:41:01.077421
Calculating Jaccard scores sums...87% completed @ 2022-06-26 03:41:03.959664
Calculating Jaccard scores sums...90% completed @ 2022-06-26 03:41:06.919817
Calculating Jaccard scores sums...93% completed @ 2022-06-26 03:41:10.011056
Calculating Jaccard scores sums...96% completed @ 2022-06-26 03:41:13.208077
Calculating Jaccard scores sums...99% completed @ 2022-06-26 03:41:16.463544
Injecting direct edges contribution
Obtaining max scores per vertex
Obtaining max scores per vertex...3% completed @ 2022-06-26 03:41:25.718949
Obtaining max scores per vertex...6% completed @ 2022-06-26 03:41:27.837780
Obtaining max scores per vertex...9% completed @ 2022-06-26 03:41:29.935428
Obtaining max scores per vertex...12% completed @ 2022-06-26 03:41:32.070541
Obtaining max scores per vertex...15% completed @ 2022-06-26 03:41:34.193978
Obtaining max scores per vertex...18% completed @ 2022-06-26 03:41:36.293937
Obtaining max scores per vertex...21% completed @ 2022-06-26 03:41:38.409255
Obtaining max scores per vertex...24% completed @ 2022-06-26 03:41:40.511948
Obtaining max scores per vertex...27% completed @ 2022-06-26 03:41:42.616871
Obtaining max scores per vertex...30% completed @ 2022-06-26 03:41:44.703976
Obtaining max scores per vertex...33% completed @ 2022-06-26 03:41:46.829430
Obtaining max scores per vertex...36% completed @ 2022-06-26 03:41:48.948013
Obtaining max scores per vertex...39% completed @ 2022-06-26 03:41:51.049946
Obtaining max scores per vertex...42% completed @ 2022-06-26 03:41:53.151584
Obtaining max scores per vertex...45% completed @ 2022-06-26 03:41:55.224631
Obtaining max scores per vertex...48% completed @ 2022-06-26 03:41:57.317528
Obtaining max scores per vertex...51% completed @ 2022-06-26 03:41:59.400765
Obtaining max scores per vertex...54% completed @ 2022-06-26 03:42:01.501762
Obtaining max scores per vertex...57% completed @ 2022-06-26 03:42:03.584167
Obtaining max scores per vertex...60% completed @ 2022-06-26 03:42:05.650962
Obtaining max scores per vertex...63% completed @ 2022-06-26 03:42:07.732745
Obtaining max scores per vertex...66% completed @ 2022-06-26 03:42:09.778647
Obtaining max scores per vertex...69% completed @ 2022-06-26 03:42:11.867406
Obtaining max scores per vertex...72% completed @ 2022-06-26 03:42:13.916854
Obtaining max scores per vertex...75% completed @ 2022-06-26 03:42:15.980326
Obtaining max scores per vertex...78% completed @ 2022-06-26 03:42:18.070790
Obtaining max scores per vertex...81% completed @ 2022-06-26 03:42:20.088392
Obtaining max scores per vertex...84% completed @ 2022-06-26 03:42:22.147803
Obtaining max scores per vertex...87% completed @ 2022-06-26 03:42:24.170915
Obtaining max scores per vertex...90% completed @ 2022-06-26 03:42:26.196980
Obtaining max scores per vertex...93% completed @ 2022-06-26 03:42:28.247211
Obtaining max scores per vertex...96% completed @ 2022-06-26 03:42:30.268099
Obtaining max scores per vertex...99% completed @ 2022-06-26 03:42:32.261728
Removing low scoring edges
Removing low scoring edges...3% completed @ 2022-06-26 03:42:32.981910
Removing low scoring edges...6% completed @ 2022-06-26 03:42:33.119005
Removing low scoring edges...9% completed @ 2022-06-26 03:42:33.352913
Removing low scoring edges...12% completed @ 2022-06-26 03:42:33.685313
Removing low scoring edges...15% completed @ 2022-06-26 03:42:34.116170
Removing low scoring edges...18% completed @ 2022-06-26 03:42:34.643013
Removing low scoring edges...21% completed @ 2022-06-26 03:42:35.279281
Removing low scoring edges...24% completed @ 2022-06-26 03:42:36.003593
Removing low scoring edges...27% completed @ 2022-06-26 03:42:36.831265
Removing low scoring edges...30% completed @ 2022-06-26 03:42:37.749578
Removing low scoring edges...33% completed @ 2022-06-26 03:42:38.766685
Removing low scoring edges...36% completed @ 2022-06-26 03:42:39.876216
Removing low scoring edges...39% completed @ 2022-06-26 03:42:41.087493
Removing low scoring edges...42% completed @ 2022-06-26 03:42:42.380181
Removing low scoring edges...45% completed @ 2022-06-26 03:42:43.785490
Removing low scoring edges...48% completed @ 2022-06-26 03:42:45.286406
Removing low scoring edges...51% completed @ 2022-06-26 03:42:46.903120
Removing low scoring edges...54% completed @ 2022-06-26 03:42:48.623840
Removing low scoring edges...57% completed @ 2022-06-26 03:42:50.424020
Removing low scoring edges...60% completed @ 2022-06-26 03:42:52.317471
Removing low scoring edges...63% completed @ 2022-06-26 03:42:54.318934
Removing low scoring edges...66% completed @ 2022-06-26 03:42:56.409074
Removing low scoring edges...69% completed @ 2022-06-26 03:42:58.621273
Removing low scoring edges...72% completed @ 2022-06-26 03:43:00.934151
Removing low scoring edges...75% completed @ 2022-06-26 03:43:03.419509
Removing low scoring edges...78% completed @ 2022-06-26 03:43:05.922684
Removing low scoring edges...81% completed @ 2022-06-26 03:43:08.546258
Removing low scoring edges...84% completed @ 2022-06-26 03:43:11.249878
Removing low scoring edges...87% completed @ 2022-06-26 03:43:14.077581
Removing low scoring edges...90% completed @ 2022-06-26 03:43:16.989471
Removing low scoring edges...93% completed @ 2022-06-26 03:43:20.063986
Removing low scoring edges...96% completed @ 2022-06-26 03:43:23.214790
Removing low scoring edges...99% completed @ 2022-06-26 03:43:26.426990
Finalizing extended graph
819927
........................................[mcl] new tab created
[mcl] pid 528567
 ite -------------------  chaos  time hom(avg,lo,hi) expa expb expc fmv
  1  ................... 212.02  4.38 0.70/0.00/16.81 31.05 8.05 8.05  78
  2  ................... 323.03 38.11 0.61/0.03/1.38 12.52 0.32 2.59  99
  3  ...................  83.12  6.02 0.84/0.06/2.85 17.67 0.05 0.12  86
  4  ...................  16.62  0.07 0.93/0.10/2.45 3.30 0.28 0.03   4
  5  ...................   6.34  0.01 0.97/0.17/1.91 1.16 0.61 0.02   0
  6  ...................   2.18  0.01 0.98/0.21/1.66 1.01 0.85 0.02   0
  7  ...................   2.06  0.01 0.96/0.24/1.66 1.00 0.94 0.02   0
  8  ...................   2.27  0.01 0.96/0.38/1.62 1.00 0.98 0.02   0
  9  ...................   1.77  0.01 0.96/0.45/1.00 1.00 0.93 0.02   0
 10  ...................   2.24  0.01 0.97/0.50/1.00 1.00 0.85 0.01   0
 11  ...................   1.05  0.01 0.98/0.49/1.00 1.00 0.88 0.01   0
 12  ...................   1.09  0.00 0.98/0.63/1.00 1.00 0.89 0.01   0
 13  ...................   0.77  0.00 0.99/0.67/1.00 1.00 0.93 0.01   0
 14  ...................   0.36  0.00 1.00/0.75/1.00 1.00 0.95 0.01   0
 15  ...................   0.20  0.00 1.00/0.81/1.00 1.00 0.97 0.01   0
 16  ...................   0.23  0.00 1.00/0.77/1.00 1.00 0.99 0.01   0
 17  ...................   0.03  0.00 1.00/0.97/1.00 1.00 1.00 0.01   0
 18  ...................   0.00  0.00 1.00/1.00/1.00 1.00 1.00 0.01   0
[mcl] jury pruning marks: <50,90,99>, out of 100
[mcl] jury pruning synopsis: <66.1 or fair> (cf -scheme, -do log)
[mcl] output is in /home/wangph1/plant/data/mcl/horse-sheep-k4-n14413-no1+1656218423.txt
[mcl] 2658 clusters found
[mcl] output is in /home/wangph1/plant/data/mcl/horse-sheep-k4-n14413-no1+1656218423.txt

Please cite:
    Stijn van Dongen, Graph Clustering by Flow Simulation.  PhD thesis,
    University of Utrecht, May 2000.
       (  http://www.library.uu.nl/digiarchief/dip/diss/1895620/full.pdf
       or  http://micans.org/mcl/lit/svdthesis.pdf.gz)
OR
    Stijn van Dongen, A cluster algorithm for graphs. Technical
    Report INS-R0010, National Research Institute for Mathematics
    and Computer Science in the Netherlands, Amsterdam, May 2000.
       (  http://www.cwi.nl/ftp/CWIreports/INS/INS-R0010.ps.Z
       or  http://micans.org/mcl/lit/INS-R0010.ps.Z)

/home/wangph1/plant/scripts
using old nif file for horse
using old nif file for sheep
using old odv file for horse
using old odv file for sheep
using old odv ort file for horse-sheep
/home/wangph1/plant/data/mcl/horse-sheep-k4-n14413-no1+1656218423.txt
/home/wangph1/plant/networks/mcl/horse_marked.nif
/home/wangph1/plant/networks/mcl/sheep_marked.nif
/home/wangph1/plant/data/mcl/fake_ort/horse-sheep-k4-n14413-no1.ort
/home/wangph1/plant/data/mcl/horse-sheep-k4-n14413-no1.txt
Traceback (most recent call last):
  File "/home/wangph1/plant/scripts/mcl_helpers.py", line 139, in <module>
    full_local_run_mcl(gtag1, gtag2, notes=notes)
  File "/home/wangph1/plant/scripts/mcl_helpers.py", line 124, in full_local_run_mcl
    process_mcl(gtag1, gtag2, notes=notes)
  File "/home/wangph1/plant/scripts/mcl_helpers.py", line 112, in process_mcl
    num_ort, num_pairs = evaluate_alignment(gtag1, gtag2, notes=notes)
  File "/home/wangph1/plant/scripts/mcl_helpers.py", line 95, in evaluate_alignment
    m2m_pairs = read_in_slashes_m2m(out_path)
  File "/home/wangph1/plant/scripts/file_helpers.py", line 47, in read_in_slashes_m2m
    with open(m2m_path, 'r') as f:
FileNotFoundError: [Errno 2] No such file or directory: '/home/wangph1/plant/data/mcl/horse-sheep-k4-n14413-no1.txt'
JOBSFINISHED
