Namespace(ag_file=['/home/wangph1/plant/data/mcl/syeast0-syeast10-k5-n1004-no1+1656218418.ag'], ort_file=['/home/wangph1/plant/data/mcl/fake_ort/syeast0-syeast10-k5-n1004-no1.ort'], ppi1_file=['/home/wangph1/plant/networks/mcl/syeast0_marked.nif'], ppi2_file=['/home/wangph1/plant/networks/mcl/syeast10_marked.nif'])
Loading input data
/home/wangph1/plant/networks/mcl/syeast0_marked.nif
/home/wangph1/plant/networks/mcl/syeast10_marked.nif
/home/wangph1/plant/data/mcl/fake_ort/syeast0-syeast10-k5-n1004-no1.ort
Building the union graph
Building rev maps
Building maps
Processing net 0 - simple nodes
Processing net 1 - simple nodes
Processing composite nodes
Building igraph.Graph
Entering build_union_graph_edges
Building graph1 edges...3% completed @ 2022-06-25 21:40:19.170044
Building graph1 edges...6% completed @ 2022-06-25 21:40:19.616624
Building graph1 edges...9% completed @ 2022-06-25 21:40:20.060379
Building graph1 edges...12% completed @ 2022-06-25 21:40:20.489482
Building graph1 edges...15% completed @ 2022-06-25 21:40:20.917883
Building graph1 edges...18% completed @ 2022-06-25 21:40:21.349002
Building graph1 edges...21% completed @ 2022-06-25 21:40:21.777280
Building graph1 edges...24% completed @ 2022-06-25 21:40:22.209998
Building graph1 edges...27% completed @ 2022-06-25 21:40:22.646409
Building graph1 edges...30% completed @ 2022-06-25 21:40:23.075016
Building graph1 edges...33% completed @ 2022-06-25 21:40:23.504412
Building graph1 edges...36% completed @ 2022-06-25 21:40:23.933853
Building graph1 edges...39% completed @ 2022-06-25 21:40:24.359840
Building graph1 edges...42% completed @ 2022-06-25 21:40:24.787755
Building graph1 edges...45% completed @ 2022-06-25 21:40:25.218771
Building graph1 edges...48% completed @ 2022-06-25 21:40:25.649946
Building graph1 edges...51% completed @ 2022-06-25 21:40:26.075532
Building graph1 edges...54% completed @ 2022-06-25 21:40:26.523298
Building graph1 edges...57% completed @ 2022-06-25 21:40:26.963911
Building graph1 edges...60% completed @ 2022-06-25 21:40:27.390767
Building graph1 edges...63% completed @ 2022-06-25 21:40:27.818957
Building graph1 edges...66% completed @ 2022-06-25 21:40:28.247135
Building graph1 edges...69% completed @ 2022-06-25 21:40:28.675361
Building graph1 edges...72% completed @ 2022-06-25 21:40:29.102817
Building graph1 edges...75% completed @ 2022-06-25 21:40:29.530361
Building graph1 edges...78% completed @ 2022-06-25 21:40:29.958341
Building graph1 edges...81% completed @ 2022-06-25 21:40:30.386131
Building graph1 edges...84% completed @ 2022-06-25 21:40:30.813406
Building graph1 edges...87% completed @ 2022-06-25 21:40:31.242722
Building graph1 edges...90% completed @ 2022-06-25 21:40:31.668445
Building graph1 edges...93% completed @ 2022-06-25 21:40:32.095759
Building graph1 edges...96% completed @ 2022-06-25 21:40:32.523128
Building graph1 edges...99% completed @ 2022-06-25 21:40:32.949586
Merging conserved edges
Pruning the union graph
Building the extended union graph
Extending the union graph...10% completed @ 2022-06-25 21:40:33.823792
Extending the union graph...20% completed @ 2022-06-25 21:40:33.825511
Extending the union graph...30% completed @ 2022-06-25 21:40:33.827398
Extending the union graph...40% completed @ 2022-06-25 21:40:33.831641
Extending the union graph...50% completed @ 2022-06-25 21:40:33.835165
Extending the union graph...60% completed @ 2022-06-25 21:40:33.858402
Extending the union graph...70% completed @ 2022-06-25 21:40:34.017779
Extending the union graph...80% completed @ 2022-06-25 21:40:34.171684
Extending the union graph...90% completed @ 2022-06-25 21:40:34.313828
Edge Jaccard on extended union graph dist 1
Building the extended union graph
Extending the union graph...3% completed @ 2022-06-25 21:40:36.410937
Extending the union graph...6% completed @ 2022-06-25 21:40:41.222153
Extending the union graph...9% completed @ 2022-06-25 21:40:43.846973
Extending the union graph...12% completed @ 2022-06-25 21:40:44.569147
Extending the union graph...15% completed @ 2022-06-25 21:40:47.888502
Extending the union graph...18% completed @ 2022-06-25 21:40:50.113820
Extending the union graph...21% completed @ 2022-06-25 21:40:53.315431
Extending the union graph...24% completed @ 2022-06-25 21:40:54.282561
Extending the union graph...27% completed @ 2022-06-25 21:40:56.426870
Extending the union graph...30% completed @ 2022-06-25 21:40:58.282916
Extending the union graph...33% completed @ 2022-06-25 21:41:01.136701
Extending the union graph...36% completed @ 2022-06-25 21:41:02.536501
Extending the union graph...39% completed @ 2022-06-25 21:41:05.021062
Extending the union graph...42% completed @ 2022-06-25 21:41:09.644494
Extending the union graph...45% completed @ 2022-06-25 21:41:14.055963
Extending the union graph...48% completed @ 2022-06-25 21:41:17.622859
Extending the union graph...51% completed @ 2022-06-25 21:41:18.939727
Extending the union graph...54% completed @ 2022-06-25 21:41:22.178782
Extending the union graph...57% completed @ 2022-06-25 21:41:24.833112
Extending the union graph...60% completed @ 2022-06-25 21:41:26.737891
Extending the union graph...63% completed @ 2022-06-25 21:41:29.255895
Extending the union graph...66% completed @ 2022-06-25 21:41:34.080295
Extending the union graph...69% completed @ 2022-06-25 21:41:35.569533
Extending the union graph...72% completed @ 2022-06-25 21:41:38.274019
Extending the union graph...75% completed @ 2022-06-25 21:41:41.629610
Extending the union graph...78% completed @ 2022-06-25 21:41:42.851277
Extending the union graph...81% completed @ 2022-06-25 21:41:45.640812
Extending the union graph...84% completed @ 2022-06-25 21:41:50.704783
Extending the union graph...87% completed @ 2022-06-25 21:41:52.281866
Extending the union graph...90% completed @ 2022-06-25 21:41:52.978228
Extending the union graph...93% completed @ 2022-06-25 21:41:55.814606
Extending the union graph...96% completed @ 2022-06-25 21:41:59.247899
Extending the union graph...99% completed @ 2022-06-25 21:42:01.499216
Evaluating vertex sums
Extending the union graph...3% completed @ 2022-06-25 21:42:01.520205
Extending the union graph...6% completed @ 2022-06-25 21:42:01.526026
Extending the union graph...9% completed @ 2022-06-25 21:42:01.531772
Extending the union graph...12% completed @ 2022-06-25 21:42:01.537289
Extending the union graph...15% completed @ 2022-06-25 21:42:01.543037
Extending the union graph...18% completed @ 2022-06-25 21:42:01.548730
Extending the union graph...21% completed @ 2022-06-25 21:42:01.554421
Extending the union graph...24% completed @ 2022-06-25 21:42:01.560026
Extending the union graph...27% completed @ 2022-06-25 21:42:01.565930
Extending the union graph...30% completed @ 2022-06-25 21:42:01.571528
Extending the union graph...33% completed @ 2022-06-25 21:42:01.577280
Extending the union graph...36% completed @ 2022-06-25 21:42:01.582910
Extending the union graph...39% completed @ 2022-06-25 21:42:01.588643
Extending the union graph...42% completed @ 2022-06-25 21:42:01.594544
Extending the union graph...45% completed @ 2022-06-25 21:42:01.600408
Extending the union graph...48% completed @ 2022-06-25 21:42:01.606261
Extending the union graph...51% completed @ 2022-06-25 21:42:01.612173
Extending the union graph...54% completed @ 2022-06-25 21:42:01.617914
Extending the union graph...57% completed @ 2022-06-25 21:42:01.623647
Extending the union graph...60% completed @ 2022-06-25 21:42:01.629186
Extending the union graph...63% completed @ 2022-06-25 21:42:01.634952
Extending the union graph...66% completed @ 2022-06-25 21:42:01.640850
Extending the union graph...69% completed @ 2022-06-25 21:42:01.646410
Extending the union graph...72% completed @ 2022-06-25 21:42:01.652183
Extending the union graph...75% completed @ 2022-06-25 21:42:01.658153
Extending the union graph...78% completed @ 2022-06-25 21:42:01.663820
Extending the union graph...81% completed @ 2022-06-25 21:42:01.669591
Extending the union graph...84% completed @ 2022-06-25 21:42:01.675579
Extending the union graph...87% completed @ 2022-06-25 21:42:01.681279
Extending the union graph...90% completed @ 2022-06-25 21:42:01.686750
Extending the union graph...93% completed @ 2022-06-25 21:42:01.692591
Extending the union graph...96% completed @ 2022-06-25 21:42:01.698485
Extending the union graph...99% completed @ 2022-06-25 21:42:01.704371
Calculating Jaccard scores sums
Calculating Jaccard scores sums...3% completed @ 2022-06-25 21:42:01.706425
Calculating Jaccard scores sums...6% completed @ 2022-06-25 21:42:01.707144
Calculating Jaccard scores sums...9% completed @ 2022-06-25 21:42:01.708291
Calculating Jaccard scores sums...12% completed @ 2022-06-25 21:42:01.709908
Calculating Jaccard scores sums...15% completed @ 2022-06-25 21:42:01.711937
Calculating Jaccard scores sums...18% completed @ 2022-06-25 21:42:01.714429
Calculating Jaccard scores sums...21% completed @ 2022-06-25 21:42:01.717342
Calculating Jaccard scores sums...24% completed @ 2022-06-25 21:42:01.720716
Calculating Jaccard scores sums...27% completed @ 2022-06-25 21:42:01.724678
Calculating Jaccard scores sums...30% completed @ 2022-06-25 21:42:01.729004
Calculating Jaccard scores sums...33% completed @ 2022-06-25 21:42:01.733851
Calculating Jaccard scores sums...36% completed @ 2022-06-25 21:42:01.739073
Calculating Jaccard scores sums...39% completed @ 2022-06-25 21:42:01.744757
Calculating Jaccard scores sums...42% completed @ 2022-06-25 21:42:01.750985
Calculating Jaccard scores sums...45% completed @ 2022-06-25 21:42:01.757672
Calculating Jaccard scores sums...48% completed @ 2022-06-25 21:42:01.764795
Calculating Jaccard scores sums...51% completed @ 2022-06-25 21:42:01.772628
Calculating Jaccard scores sums...54% completed @ 2022-06-25 21:42:01.780660
Calculating Jaccard scores sums...57% completed @ 2022-06-25 21:42:01.789218
Calculating Jaccard scores sums...60% completed @ 2022-06-25 21:42:01.798162
Calculating Jaccard scores sums...63% completed @ 2022-06-25 21:42:01.807744
Calculating Jaccard scores sums...66% completed @ 2022-06-25 21:42:01.817726
Calculating Jaccard scores sums...69% completed @ 2022-06-25 21:42:01.827985
Calculating Jaccard scores sums...72% completed @ 2022-06-25 21:42:01.838762
Calculating Jaccard scores sums...75% completed @ 2022-06-25 21:42:01.850159
Calculating Jaccard scores sums...78% completed @ 2022-06-25 21:42:01.862432
Calculating Jaccard scores sums...81% completed @ 2022-06-25 21:42:01.874854
Calculating Jaccard scores sums...84% completed @ 2022-06-25 21:42:01.887695
Calculating Jaccard scores sums...87% completed @ 2022-06-25 21:42:01.900912
Calculating Jaccard scores sums...90% completed @ 2022-06-25 21:42:01.914675
Calculating Jaccard scores sums...93% completed @ 2022-06-25 21:42:01.929096
Calculating Jaccard scores sums...96% completed @ 2022-06-25 21:42:01.943846
Calculating Jaccard scores sums...99% completed @ 2022-06-25 21:42:01.959125
Injecting direct edges contribution
Obtaining max scores per vertex
Obtaining max scores per vertex...3% completed @ 2022-06-25 21:42:02.130235
Obtaining max scores per vertex...6% completed @ 2022-06-25 21:42:02.139377
Obtaining max scores per vertex...9% completed @ 2022-06-25 21:42:02.148578
Obtaining max scores per vertex...12% completed @ 2022-06-25 21:42:02.157919
Obtaining max scores per vertex...15% completed @ 2022-06-25 21:42:02.167127
Obtaining max scores per vertex...18% completed @ 2022-06-25 21:42:02.176361
Obtaining max scores per vertex...21% completed @ 2022-06-25 21:42:02.185632
Obtaining max scores per vertex...24% completed @ 2022-06-25 21:42:02.194864
Obtaining max scores per vertex...27% completed @ 2022-06-25 21:42:02.204382
Obtaining max scores per vertex...30% completed @ 2022-06-25 21:42:02.213558
Obtaining max scores per vertex...33% completed @ 2022-06-25 21:42:02.222807
Obtaining max scores per vertex...36% completed @ 2022-06-25 21:42:02.231928
Obtaining max scores per vertex...39% completed @ 2022-06-25 21:42:02.241086
Obtaining max scores per vertex...42% completed @ 2022-06-25 21:42:02.250291
Obtaining max scores per vertex...45% completed @ 2022-06-25 21:42:02.259486
Obtaining max scores per vertex...48% completed @ 2022-06-25 21:42:02.268682
Obtaining max scores per vertex...51% completed @ 2022-06-25 21:42:02.278200
Obtaining max scores per vertex...54% completed @ 2022-06-25 21:42:02.287383
Obtaining max scores per vertex...57% completed @ 2022-06-25 21:42:02.296618
Obtaining max scores per vertex...60% completed @ 2022-06-25 21:42:02.305621
Obtaining max scores per vertex...63% completed @ 2022-06-25 21:42:02.314877
Obtaining max scores per vertex...66% completed @ 2022-06-25 21:42:02.324133
Obtaining max scores per vertex...69% completed @ 2022-06-25 21:42:02.333098
Obtaining max scores per vertex...72% completed @ 2022-06-25 21:42:02.342267
Obtaining max scores per vertex...75% completed @ 2022-06-25 21:42:02.351594
Obtaining max scores per vertex...78% completed @ 2022-06-25 21:42:02.360808
Obtaining max scores per vertex...81% completed @ 2022-06-25 21:42:02.370072
Obtaining max scores per vertex...84% completed @ 2022-06-25 21:42:02.379415
Obtaining max scores per vertex...87% completed @ 2022-06-25 21:42:02.388463
Obtaining max scores per vertex...90% completed @ 2022-06-25 21:42:02.397154
Obtaining max scores per vertex...93% completed @ 2022-06-25 21:42:02.406308
Obtaining max scores per vertex...96% completed @ 2022-06-25 21:42:02.415521
Obtaining max scores per vertex...99% completed @ 2022-06-25 21:42:02.424776
Removing low scoring edges
Removing low scoring edges...3% completed @ 2022-06-25 21:42:02.427967
Removing low scoring edges...6% completed @ 2022-06-25 21:42:02.428617
Removing low scoring edges...9% completed @ 2022-06-25 21:42:02.429705
Removing low scoring edges...12% completed @ 2022-06-25 21:42:02.431133
Removing low scoring edges...15% completed @ 2022-06-25 21:42:02.432920
Removing low scoring edges...18% completed @ 2022-06-25 21:42:02.435153
Removing low scoring edges...21% completed @ 2022-06-25 21:42:02.437747
Removing low scoring edges...24% completed @ 2022-06-25 21:42:02.440817
Removing low scoring edges...27% completed @ 2022-06-25 21:42:02.444361
Removing low scoring edges...30% completed @ 2022-06-25 21:42:02.448119
Removing low scoring edges...33% completed @ 2022-06-25 21:42:02.452321
Removing low scoring edges...36% completed @ 2022-06-25 21:42:02.456983
Removing low scoring edges...39% completed @ 2022-06-25 21:42:02.462120
Removing low scoring edges...42% completed @ 2022-06-25 21:42:02.467572
Removing low scoring edges...45% completed @ 2022-06-25 21:42:02.473404
Removing low scoring edges...48% completed @ 2022-06-25 21:42:02.479670
Removing low scoring edges...51% completed @ 2022-06-25 21:42:02.486831
Removing low scoring edges...54% completed @ 2022-06-25 21:42:02.493893
Removing low scoring edges...57% completed @ 2022-06-25 21:42:02.501498
Removing low scoring edges...60% completed @ 2022-06-25 21:42:02.509482
Removing low scoring edges...63% completed @ 2022-06-25 21:42:02.517773
Removing low scoring edges...66% completed @ 2022-06-25 21:42:02.526452
Removing low scoring edges...69% completed @ 2022-06-25 21:42:02.535646
Removing low scoring edges...72% completed @ 2022-06-25 21:42:02.545334
Removing low scoring edges...75% completed @ 2022-06-25 21:42:02.555550
Removing low scoring edges...78% completed @ 2022-06-25 21:42:02.566259
Removing low scoring edges...81% completed @ 2022-06-25 21:42:02.577232
Removing low scoring edges...84% completed @ 2022-06-25 21:42:02.588416
Removing low scoring edges...87% completed @ 2022-06-25 21:42:02.600405
Removing low scoring edges...90% completed @ 2022-06-25 21:42:02.612506
Removing low scoring edges...93% completed @ 2022-06-25 21:42:02.625271
Removing low scoring edges...96% completed @ 2022-06-25 21:42:02.638319
Removing low scoring edges...99% completed @ 2022-06-25 21:42:02.652058
Finalizing extended graph
135609
......[mcl] new tab created
[mcl] pid 488008
 ite -------------------  chaos  time hom(avg,lo,hi) expa expb expc fmv
  1  ...................  39.96  0.22 1.18/0.09/17.09 1.69 1.61 1.61  86
  2  ...................  32.37  0.41 0.82/0.12/3.15 1.12 0.83 1.34  93
  3  ...................  64.24  0.31 0.62/0.03/1.42 1.30 0.81 1.08  92
  4  ...................  91.55  0.23 0.45/0.03/1.17 1.29 0.84 0.91  89
  5  ...................  41.90  0.17 0.58/0.28/1.10 1.08 0.48 0.43  83
  6  ...................   2.76  0.04 0.66/0.35/1.15 1.01 0.07 0.03  54
  7  ...................   1.18  0.00 0.96/0.82/1.19 1.00 0.30 0.01  53
  8  ...................   0.23  0.00 1.00/0.71/1.00 1.00 0.43 0.00   0
  9  ...................   0.21  0.00 1.00/0.75/1.00 1.00 1.00 0.00   0
 10  ...................   0.21  0.00 1.00/0.79/1.00 1.00 1.00 0.00   0
 11  ...................   0.02  0.00 1.00/0.98/1.00 1.00 1.00 0.00   0
 12  ...................   0.00  0.00 1.00/1.00/1.00 1.00 1.00 0.00   0
[mcl] jury pruning marks: <99,99,99>, out of 100
[mcl] jury pruning synopsis: <99.0 or perfect> (cf -scheme, -do log)
[mcl] output is in /home/wangph1/plant/data/mcl/syeast0-syeast10-k5-n1004-no1+1656218418.txt
[mcl] 58 clusters found
[mcl] output is in /home/wangph1/plant/data/mcl/syeast0-syeast10-k5-n1004-no1+1656218418.txt

Please cite:
    Stijn van Dongen, Graph Clustering by Flow Simulation.  PhD thesis,
    University of Utrecht, May 2000.
       (  http://www.library.uu.nl/digiarchief/dip/diss/1895620/full.pdf
       or  http://micans.org/mcl/lit/svdthesis.pdf.gz)
OR
    Stijn van Dongen, A cluster algorithm for graphs. Technical
    Report INS-R0010, National Research Institute for Mathematics
    and Computer Science in the Netherlands, Amsterdam, May 2000.
       (  http://www.cwi.nl/ftp/CWIreports/INS/INS-R0010.ps.Z
       or  http://micans.org/mcl/lit/INS-R0010.ps.Z)

/home/wangph1/plant/scripts
using old nif file for syeast0
using old nif file for syeast10
using old odv file for syeast0
using old odv file for syeast10
using old odv ort file for syeast0-syeast10
/home/wangph1/plant/data/mcl/syeast0-syeast10-k5-n1004-no1+1656218418.txt
/home/wangph1/plant/networks/mcl/syeast0_marked.nif
/home/wangph1/plant/networks/mcl/syeast10_marked.nif
/home/wangph1/plant/data/mcl/fake_ort/syeast0-syeast10-k5-n1004-no1.ort
/home/wangph1/plant/data/mcl/syeast0-syeast10-k5-n1004-no1.txt
Traceback (most recent call last):
  File "/home/wangph1/plant/scripts/mcl_helpers.py", line 139, in <module>
    full_local_run_mcl(gtag1, gtag2, notes=notes)
  File "/home/wangph1/plant/scripts/mcl_helpers.py", line 124, in full_local_run_mcl
    process_mcl(gtag1, gtag2, notes=notes)
  File "/home/wangph1/plant/scripts/mcl_helpers.py", line 112, in process_mcl
    num_ort, num_pairs = evaluate_alignment(gtag1, gtag2, notes=notes)
  File "/home/wangph1/plant/scripts/mcl_helpers.py", line 95, in evaluate_alignment
    m2m_pairs = read_in_slashes_m2m(out_path)
  File "/home/wangph1/plant/scripts/file_helpers.py", line 47, in read_in_slashes_m2m
    with open(m2m_path, 'r') as f:
FileNotFoundError: [Errno 2] No such file or directory: '/home/wangph1/plant/data/mcl/syeast0-syeast10-k5-n1004-no1.txt'
JOBSFINISHED
