Namespace(ag_file=['/home/wangph1/plant/data/mcl/cat-mouse-k4-n14427-no1+1656218423.ag'], ort_file=['/home/wangph1/plant/data/mcl/fake_ort/cat-mouse-k4-n14427-no1.ort'], ppi1_file=['/home/wangph1/plant/networks/mcl/cat_marked.nif'], ppi2_file=['/home/wangph1/plant/networks/mcl/mouse_marked.nif'])
Loading input data
/home/wangph1/plant/networks/mcl/cat_marked.nif
/home/wangph1/plant/networks/mcl/mouse_marked.nif
/home/wangph1/plant/data/mcl/fake_ort/cat-mouse-k4-n14427-no1.ort
Building the union graph
Building rev maps
Building maps
Processing net 0 - simple nodes
Processing net 1 - simple nodes
Processing composite nodes
Building igraph.Graph
Entering build_union_graph_edges
Building graph1 edges...3% completed @ 2022-06-25 21:46:29.073277
Building graph1 edges...6% completed @ 2022-06-25 21:52:23.752361
Building graph1 edges...9% completed @ 2022-06-25 21:58:19.181793
Building graph1 edges...12% completed @ 2022-06-25 22:04:12.720313
Building graph1 edges...15% completed @ 2022-06-25 22:10:06.433646
Building graph1 edges...18% completed @ 2022-06-25 22:16:01.223254
Building graph1 edges...21% completed @ 2022-06-25 22:21:55.963274
Building graph1 edges...24% completed @ 2022-06-25 22:27:51.367700
Building graph1 edges...27% completed @ 2022-06-25 22:33:47.263168
Building graph1 edges...30% completed @ 2022-06-25 22:39:42.757523
Building graph1 edges...33% completed @ 2022-06-25 22:45:38.562605
Building graph1 edges...36% completed @ 2022-06-25 22:51:33.619083
Building graph1 edges...39% completed @ 2022-06-25 22:57:27.771385
Building graph1 edges...42% completed @ 2022-06-25 23:03:23.934438
Building graph1 edges...45% completed @ 2022-06-25 23:09:20.443696
Building graph1 edges...48% completed @ 2022-06-25 23:15:15.942724
Building graph1 edges...51% completed @ 2022-06-25 23:21:12.792632
Building graph1 edges...54% completed @ 2022-06-25 23:27:08.694232
Building graph1 edges...57% completed @ 2022-06-25 23:33:08.110830
Building graph1 edges...60% completed @ 2022-06-25 23:39:07.745491
Building graph1 edges...63% completed @ 2022-06-25 23:45:07.573734
Building graph1 edges...66% completed @ 2022-06-25 23:51:07.340976
Building graph1 edges...69% completed @ 2022-06-25 23:57:05.265156
Building graph1 edges...72% completed @ 2022-06-26 00:03:01.224775
Building graph1 edges...75% completed @ 2022-06-26 00:08:57.690266
Building graph1 edges...78% completed @ 2022-06-26 00:14:53.360466
Building graph1 edges...81% completed @ 2022-06-26 00:20:49.124685
Building graph1 edges...84% completed @ 2022-06-26 00:26:44.700924
Building graph1 edges...87% completed @ 2022-06-26 00:32:39.788400
Building graph1 edges...90% completed @ 2022-06-26 00:38:35.741566
Building graph1 edges...93% completed @ 2022-06-26 00:44:31.018821
Building graph1 edges...96% completed @ 2022-06-26 00:50:30.581117
Building graph1 edges...99% completed @ 2022-06-26 00:56:30.254438
Merging conserved edges
Pruning the union graph
Building the extended union graph
Extending the union graph...10% completed @ 2022-06-26 00:58:39.600671
Extending the union graph...20% completed @ 2022-06-26 00:58:39.652074
Extending the union graph...30% completed @ 2022-06-26 00:58:39.736171
Extending the union graph...40% completed @ 2022-06-26 00:58:39.848883
Extending the union graph...50% completed @ 2022-06-26 00:58:39.941436
Extending the union graph...60% completed @ 2022-06-26 00:58:40.115097
Extending the union graph...70% completed @ 2022-06-26 00:58:41.163272
Extending the union graph...80% completed @ 2022-06-26 00:58:41.999940
Extending the union graph...90% completed @ 2022-06-26 00:58:42.857501
Edge Jaccard on extended union graph dist 1
Building the extended union graph
Extending the union graph...3% completed @ 2022-06-26 00:58:54.583128
Extending the union graph...6% completed @ 2022-06-26 00:59:13.420099
Extending the union graph...9% completed @ 2022-06-26 00:59:28.244321
Extending the union graph...12% completed @ 2022-06-26 00:59:44.656891
Extending the union graph...15% completed @ 2022-06-26 01:00:06.405887
Extending the union graph...18% completed @ 2022-06-26 01:00:18.504415
Extending the union graph...21% completed @ 2022-06-26 01:00:31.784035
Extending the union graph...24% completed @ 2022-06-26 01:00:49.996672
Extending the union graph...27% completed @ 2022-06-26 01:00:57.342345
Extending the union graph...30% completed @ 2022-06-26 01:01:09.381029
Extending the union graph...33% completed @ 2022-06-26 01:01:25.504179
Extending the union graph...36% completed @ 2022-06-26 01:01:39.168953
Extending the union graph...39% completed @ 2022-06-26 01:01:47.049966
Extending the union graph...42% completed @ 2022-06-26 01:02:03.156716
Extending the union graph...45% completed @ 2022-06-26 01:02:12.162841
Extending the union graph...48% completed @ 2022-06-26 01:02:19.759243
Extending the union graph...51% completed @ 2022-06-26 01:02:35.632278
Extending the union graph...54% completed @ 2022-06-26 01:02:48.051474
Extending the union graph...57% completed @ 2022-06-26 01:03:01.955645
Extending the union graph...60% completed @ 2022-06-26 01:03:12.570729
Extending the union graph...63% completed @ 2022-06-26 01:03:24.520476
Extending the union graph...66% completed @ 2022-06-26 01:03:37.140228
Extending the union graph...69% completed @ 2022-06-26 01:03:49.604513
Extending the union graph...72% completed @ 2022-06-26 01:04:14.204368
Extending the union graph...75% completed @ 2022-06-26 01:04:28.279051
Extending the union graph...78% completed @ 2022-06-26 01:04:47.601870
Extending the union graph...81% completed @ 2022-06-26 01:05:02.857099
Extending the union graph...84% completed @ 2022-06-26 01:05:11.073715
Extending the union graph...87% completed @ 2022-06-26 01:05:34.180413
Extending the union graph...90% completed @ 2022-06-26 01:05:57.521038
Extending the union graph...93% completed @ 2022-06-26 01:06:12.775747
Extending the union graph...96% completed @ 2022-06-26 01:06:29.035668
Extending the union graph...99% completed @ 2022-06-26 01:06:44.425983
Evaluating vertex sums
Extending the union graph...3% completed @ 2022-06-26 01:06:49.299682
Extending the union graph...6% completed @ 2022-06-26 01:06:50.733274
Extending the union graph...9% completed @ 2022-06-26 01:06:52.156629
Extending the union graph...12% completed @ 2022-06-26 01:06:53.582213
Extending the union graph...15% completed @ 2022-06-26 01:06:55.048062
Extending the union graph...18% completed @ 2022-06-26 01:06:56.459671
Extending the union graph...21% completed @ 2022-06-26 01:06:57.875210
Extending the union graph...24% completed @ 2022-06-26 01:06:59.308846
Extending the union graph...27% completed @ 2022-06-26 01:07:00.708124
Extending the union graph...30% completed @ 2022-06-26 01:07:02.136572
Extending the union graph...33% completed @ 2022-06-26 01:07:03.544729
Extending the union graph...36% completed @ 2022-06-26 01:07:04.970542
Extending the union graph...39% completed @ 2022-06-26 01:07:06.385445
Extending the union graph...42% completed @ 2022-06-26 01:07:07.869154
Extending the union graph...45% completed @ 2022-06-26 01:07:09.260678
Extending the union graph...48% completed @ 2022-06-26 01:07:10.690059
Extending the union graph...51% completed @ 2022-06-26 01:07:12.137538
Extending the union graph...54% completed @ 2022-06-26 01:07:13.526057
Extending the union graph...57% completed @ 2022-06-26 01:07:14.939530
Extending the union graph...60% completed @ 2022-06-26 01:07:16.357818
Extending the union graph...63% completed @ 2022-06-26 01:07:17.783240
Extending the union graph...66% completed @ 2022-06-26 01:07:19.229048
Extending the union graph...69% completed @ 2022-06-26 01:07:20.668053
Extending the union graph...72% completed @ 2022-06-26 01:07:22.062496
Extending the union graph...75% completed @ 2022-06-26 01:07:23.441974
Extending the union graph...78% completed @ 2022-06-26 01:07:24.897386
Extending the union graph...81% completed @ 2022-06-26 01:07:26.289691
Extending the union graph...84% completed @ 2022-06-26 01:07:27.718637
Extending the union graph...87% completed @ 2022-06-26 01:07:29.165496
Extending the union graph...90% completed @ 2022-06-26 01:07:30.583817
Extending the union graph...93% completed @ 2022-06-26 01:07:31.986810
Extending the union graph...96% completed @ 2022-06-26 01:07:33.371101
Extending the union graph...99% completed @ 2022-06-26 01:07:34.767537
Calculating Jaccard scores sums
Calculating Jaccard scores sums...3% completed @ 2022-06-26 01:07:35.292485
Calculating Jaccard scores sums...6% completed @ 2022-06-26 01:07:35.437727
Calculating Jaccard scores sums...9% completed @ 2022-06-26 01:07:35.684406
Calculating Jaccard scores sums...12% completed @ 2022-06-26 01:07:36.030809
Calculating Jaccard scores sums...15% completed @ 2022-06-26 01:07:36.492788
Calculating Jaccard scores sums...18% completed @ 2022-06-26 01:07:37.049679
Calculating Jaccard scores sums...21% completed @ 2022-06-26 01:07:37.711889
Calculating Jaccard scores sums...24% completed @ 2022-06-26 01:07:38.487774
Calculating Jaccard scores sums...27% completed @ 2022-06-26 01:07:39.340755
Calculating Jaccard scores sums...30% completed @ 2022-06-26 01:07:40.312495
Calculating Jaccard scores sums...33% completed @ 2022-06-26 01:07:41.362726
Calculating Jaccard scores sums...36% completed @ 2022-06-26 01:07:42.537688
Calculating Jaccard scores sums...39% completed @ 2022-06-26 01:07:43.796636
Calculating Jaccard scores sums...42% completed @ 2022-06-26 01:07:45.204349
Calculating Jaccard scores sums...45% completed @ 2022-06-26 01:07:46.677461
Calculating Jaccard scores sums...48% completed @ 2022-06-26 01:07:48.276317
Calculating Jaccard scores sums...51% completed @ 2022-06-26 01:07:50.002443
Calculating Jaccard scores sums...54% completed @ 2022-06-26 01:07:51.762847
Calculating Jaccard scores sums...57% completed @ 2022-06-26 01:07:53.664518
Calculating Jaccard scores sums...60% completed @ 2022-06-26 01:07:55.665791
Calculating Jaccard scores sums...63% completed @ 2022-06-26 01:07:57.782568
Calculating Jaccard scores sums...66% completed @ 2022-06-26 01:08:00.027598
Calculating Jaccard scores sums...69% completed @ 2022-06-26 01:08:02.359772
Calculating Jaccard scores sums...72% completed @ 2022-06-26 01:08:04.753624
Calculating Jaccard scores sums...75% completed @ 2022-06-26 01:08:07.260431
Calculating Jaccard scores sums...78% completed @ 2022-06-26 01:08:09.940255
Calculating Jaccard scores sums...81% completed @ 2022-06-26 01:08:12.655810
Calculating Jaccard scores sums...84% completed @ 2022-06-26 01:08:15.505155
Calculating Jaccard scores sums...87% completed @ 2022-06-26 01:08:18.475100
Calculating Jaccard scores sums...90% completed @ 2022-06-26 01:08:21.521390
Calculating Jaccard scores sums...93% completed @ 2022-06-26 01:08:24.650409
Calculating Jaccard scores sums...96% completed @ 2022-06-26 01:08:27.871125
Calculating Jaccard scores sums...99% completed @ 2022-06-26 01:08:31.177891
Injecting direct edges contribution
Obtaining max scores per vertex
Obtaining max scores per vertex...3% completed @ 2022-06-26 01:08:35.679790
Obtaining max scores per vertex...6% completed @ 2022-06-26 01:08:38.102553
Obtaining max scores per vertex...9% completed @ 2022-06-26 01:08:40.516062
Obtaining max scores per vertex...12% completed @ 2022-06-26 01:08:42.903870
Obtaining max scores per vertex...15% completed @ 2022-06-26 01:08:45.277696
Obtaining max scores per vertex...18% completed @ 2022-06-26 01:08:47.669272
Obtaining max scores per vertex...21% completed @ 2022-06-26 01:08:50.059311
Obtaining max scores per vertex...24% completed @ 2022-06-26 01:08:52.388134
Obtaining max scores per vertex...27% completed @ 2022-06-26 01:08:54.719379
Obtaining max scores per vertex...30% completed @ 2022-06-26 01:08:57.012207
Obtaining max scores per vertex...33% completed @ 2022-06-26 01:08:59.280922
Obtaining max scores per vertex...36% completed @ 2022-06-26 01:09:01.577098
Obtaining max scores per vertex...39% completed @ 2022-06-26 01:09:03.866041
Obtaining max scores per vertex...42% completed @ 2022-06-26 01:09:06.169753
Obtaining max scores per vertex...45% completed @ 2022-06-26 01:09:08.414307
Obtaining max scores per vertex...48% completed @ 2022-06-26 01:09:10.644154
Obtaining max scores per vertex...51% completed @ 2022-06-26 01:09:12.895607
Obtaining max scores per vertex...54% completed @ 2022-06-26 01:09:15.086861
Obtaining max scores per vertex...57% completed @ 2022-06-26 01:09:17.309267
Obtaining max scores per vertex...60% completed @ 2022-06-26 01:09:19.519624
Obtaining max scores per vertex...63% completed @ 2022-06-26 01:09:21.722982
Obtaining max scores per vertex...66% completed @ 2022-06-26 01:09:23.900822
Obtaining max scores per vertex...69% completed @ 2022-06-26 01:09:26.061768
Obtaining max scores per vertex...72% completed @ 2022-06-26 01:09:28.194483
Obtaining max scores per vertex...75% completed @ 2022-06-26 01:09:30.306905
Obtaining max scores per vertex...78% completed @ 2022-06-26 01:09:32.474678
Obtaining max scores per vertex...81% completed @ 2022-06-26 01:09:34.566762
Obtaining max scores per vertex...84% completed @ 2022-06-26 01:09:36.671965
Obtaining max scores per vertex...87% completed @ 2022-06-26 01:09:38.796828
Obtaining max scores per vertex...90% completed @ 2022-06-26 01:09:40.869388
Obtaining max scores per vertex...93% completed @ 2022-06-26 01:09:42.970371
Obtaining max scores per vertex...96% completed @ 2022-06-26 01:09:44.974363
Obtaining max scores per vertex...99% completed @ 2022-06-26 01:09:47.062218
Removing low scoring edges
Removing low scoring edges...3% completed @ 2022-06-26 01:09:47.787474
Removing low scoring edges...6% completed @ 2022-06-26 01:09:47.926320
Removing low scoring edges...9% completed @ 2022-06-26 01:09:48.161068
Removing low scoring edges...12% completed @ 2022-06-26 01:09:48.488949
Removing low scoring edges...15% completed @ 2022-06-26 01:09:48.934739
Removing low scoring edges...18% completed @ 2022-06-26 01:09:49.465800
Removing low scoring edges...21% completed @ 2022-06-26 01:09:50.098243
Removing low scoring edges...24% completed @ 2022-06-26 01:09:50.831493
Removing low scoring edges...27% completed @ 2022-06-26 01:09:51.613714
Removing low scoring edges...30% completed @ 2022-06-26 01:09:52.527212
Removing low scoring edges...33% completed @ 2022-06-26 01:09:53.512743
Removing low scoring edges...36% completed @ 2022-06-26 01:09:54.615238
Removing low scoring edges...39% completed @ 2022-06-26 01:09:55.778538
Removing low scoring edges...42% completed @ 2022-06-26 01:09:57.107615
Removing low scoring edges...45% completed @ 2022-06-26 01:09:58.455919
Removing low scoring edges...48% completed @ 2022-06-26 01:09:59.940384
Removing low scoring edges...51% completed @ 2022-06-26 01:10:01.563404
Removing low scoring edges...54% completed @ 2022-06-26 01:10:03.197946
Removing low scoring edges...57% completed @ 2022-06-26 01:10:04.977757
Removing low scoring edges...60% completed @ 2022-06-26 01:10:06.829231
Removing low scoring edges...63% completed @ 2022-06-26 01:10:08.817328
Removing low scoring edges...66% completed @ 2022-06-26 01:10:10.922304
Removing low scoring edges...69% completed @ 2022-06-26 01:10:13.089891
Removing low scoring edges...72% completed @ 2022-06-26 01:10:15.314887
Removing low scoring edges...75% completed @ 2022-06-26 01:10:17.608152
Removing low scoring edges...78% completed @ 2022-06-26 01:10:20.157697
Removing low scoring edges...81% completed @ 2022-06-26 01:10:22.711392
Removing low scoring edges...84% completed @ 2022-06-26 01:10:25.435483
Removing low scoring edges...87% completed @ 2022-06-26 01:10:28.271682
Removing low scoring edges...90% completed @ 2022-06-26 01:10:31.164025
Removing low scoring edges...93% completed @ 2022-06-26 01:10:34.153067
Removing low scoring edges...96% completed @ 2022-06-26 01:10:37.224763
Removing low scoring edges...99% completed @ 2022-06-26 01:10:40.438919
Finalizing extended graph
717688
...................................[mcl] new tab created
[mcl] pid 34388
 ite -------------------  chaos  time hom(avg,lo,hi) expa expb expc fmv
  1  ................... 221.76  3.53 0.74/0.00/13.71 25.56 7.86 7.86  74
  2  ................... 290.85 32.59 0.61/0.02/1.51 10.74 0.34 2.69  99
  3  ...................  99.76  5.19 0.84/0.06/2.30 16.66 0.06 0.16  88
  4  ...................  29.38  0.08 0.92/0.14/8.05 3.29 0.25 0.04   8
  5  ...................   3.89  0.01 0.96/0.11/2.26 1.18 0.61 0.02   1
  6  ...................   2.23  0.01 0.97/0.35/1.46 1.02 0.83 0.02   0
  7  ...................   2.22  0.01 0.96/0.39/1.09 1.00 0.91 0.02   0
  8  ...................   2.62  0.01 0.96/0.33/1.02 1.00 0.97 0.02   0
  9  ...................   1.53  0.01 0.96/0.45/1.00 1.00 0.92 0.02   0
 10  ...................   1.65  0.01 0.96/0.42/1.00 1.00 0.87 0.01   0
 11  ...................   1.70  0.00 0.96/0.43/1.00 1.00 0.91 0.01   0
 12  ...................   1.08  0.00 0.98/0.47/1.00 1.00 0.88 0.01   0
 13  ...................   1.43  0.00 0.99/0.50/1.00 1.00 0.88 0.01   0
 14  ...................   0.53  0.00 1.00/0.68/1.00 1.00 0.91 0.01   0
 15  ...................   0.44  0.00 1.00/0.69/1.00 1.00 0.96 0.01   0
 16  ...................   0.25  0.00 1.00/0.79/1.00 1.00 0.98 0.01   0
 17  ...................   0.25  0.00 1.00/0.77/1.00 1.00 0.99 0.01   0
 18  ...................   0.21  0.00 1.00/0.79/1.00 1.00 1.00 0.01   0
 19  ...................   0.02  0.00 1.00/0.98/1.00 1.00 1.00 0.01   0
 20  ...................   0.00  0.00 1.00/1.00/1.00 1.00 1.00 0.01   0
[mcl] cut <11> instances of overlap
[mcl] jury pruning marks: <57,91,99>, out of 100
[mcl] jury pruning synopsis: <70.8 or adequate> (cf -scheme, -do log)
[mcl] output is in /home/wangph1/plant/data/mcl/cat-mouse-k4-n14427-no1+1656218423.txt
[mcl] 2412 clusters found
[mcl] output is in /home/wangph1/plant/data/mcl/cat-mouse-k4-n14427-no1+1656218423.txt

Please cite:
    Stijn van Dongen, Graph Clustering by Flow Simulation.  PhD thesis,
    University of Utrecht, May 2000.
       (  http://www.library.uu.nl/digiarchief/dip/diss/1895620/full.pdf
       or  http://micans.org/mcl/lit/svdthesis.pdf.gz)
OR
    Stijn van Dongen, A cluster algorithm for graphs. Technical
    Report INS-R0010, National Research Institute for Mathematics
    and Computer Science in the Netherlands, Amsterdam, May 2000.
       (  http://www.cwi.nl/ftp/CWIreports/INS/INS-R0010.ps.Z
       or  http://micans.org/mcl/lit/INS-R0010.ps.Z)

/home/wangph1/plant/scripts
using old nif file for cat
using old nif file for mouse
using old odv file for cat
using old odv file for mouse
using old odv ort file for cat-mouse
/home/wangph1/plant/data/mcl/cat-mouse-k4-n14427-no1+1656218423.txt
/home/wangph1/plant/networks/mcl/cat_marked.nif
/home/wangph1/plant/networks/mcl/mouse_marked.nif
/home/wangph1/plant/data/mcl/fake_ort/cat-mouse-k4-n14427-no1.ort
/home/wangph1/plant/data/mcl/cat-mouse-k4-n14427-no1.txt
Traceback (most recent call last):
  File "/home/wangph1/plant/scripts/mcl_helpers.py", line 139, in <module>
    full_local_run_mcl(gtag1, gtag2, notes=notes)
  File "/home/wangph1/plant/scripts/mcl_helpers.py", line 124, in full_local_run_mcl
    process_mcl(gtag1, gtag2, notes=notes)
  File "/home/wangph1/plant/scripts/mcl_helpers.py", line 112, in process_mcl
    num_ort, num_pairs = evaluate_alignment(gtag1, gtag2, notes=notes)
  File "/home/wangph1/plant/scripts/mcl_helpers.py", line 95, in evaluate_alignment
    m2m_pairs = read_in_slashes_m2m(out_path)
  File "/home/wangph1/plant/scripts/file_helpers.py", line 47, in read_in_slashes_m2m
    with open(m2m_path, 'r') as f:
FileNotFoundError: [Errno 2] No such file or directory: '/home/wangph1/plant/data/mcl/cat-mouse-k4-n14427-no1.txt'
JOBSFINISHED
