Namespace(ag_file=['/home/wangph1/plant/data/mcl/human-pig-k4-n14692-no1+1656218423.ag'], ort_file=['/home/wangph1/plant/data/mcl/fake_ort/human-pig-k4-n14692-no1.ort'], ppi1_file=['/home/wangph1/plant/networks/mcl/human_marked.nif'], ppi2_file=['/home/wangph1/plant/networks/mcl/pig_marked.nif'])
Loading input data
/home/wangph1/plant/networks/mcl/human_marked.nif
/home/wangph1/plant/networks/mcl/pig_marked.nif
/home/wangph1/plant/data/mcl/fake_ort/human-pig-k4-n14692-no1.ort
Building the union graph
Building rev maps
Building maps
Processing net 0 - simple nodes
Processing net 1 - simple nodes
Processing composite nodes
Building igraph.Graph
Entering build_union_graph_edges
Building graph1 edges...3% completed @ 2022-06-25 21:53:55.030241
Building graph1 edges...6% completed @ 2022-06-25 22:07:15.592063
Building graph1 edges...9% completed @ 2022-06-25 22:20:36.556701
Building graph1 edges...12% completed @ 2022-06-25 22:33:57.392719
Building graph1 edges...15% completed @ 2022-06-25 22:47:17.624961
Building graph1 edges...18% completed @ 2022-06-25 23:00:38.148867
Building graph1 edges...21% completed @ 2022-06-25 23:13:58.364338
Building graph1 edges...24% completed @ 2022-06-25 23:27:20.252981
Building graph1 edges...27% completed @ 2022-06-25 23:40:40.684426
Building graph1 edges...30% completed @ 2022-06-25 23:53:56.159663
Building graph1 edges...33% completed @ 2022-06-26 00:07:10.364609
Building graph1 edges...36% completed @ 2022-06-26 00:20:24.470987
Building graph1 edges...39% completed @ 2022-06-26 00:33:40.501879
Building graph1 edges...42% completed @ 2022-06-26 00:46:54.713792
Building graph1 edges...45% completed @ 2022-06-26 01:00:14.511122
Building graph1 edges...48% completed @ 2022-06-26 01:13:34.773356
Building graph1 edges...51% completed @ 2022-06-26 01:26:55.135753
Building graph1 edges...54% completed @ 2022-06-26 01:40:17.291455
Building graph1 edges...57% completed @ 2022-06-26 01:53:37.482716
Building graph1 edges...60% completed @ 2022-06-26 02:06:57.948382
Building graph1 edges...63% completed @ 2022-06-26 02:20:18.139752
Building graph1 edges...66% completed @ 2022-06-26 02:33:38.489640
Building graph1 edges...69% completed @ 2022-06-26 02:47:00.159090
Building graph1 edges...72% completed @ 2022-06-26 03:00:14.318084
Building graph1 edges...75% completed @ 2022-06-26 03:13:30.950006
Building graph1 edges...78% completed @ 2022-06-26 03:26:51.425644
Building graph1 edges...81% completed @ 2022-06-26 03:40:13.968097
Building graph1 edges...84% completed @ 2022-06-26 03:53:34.556709
Building graph1 edges...87% completed @ 2022-06-26 04:06:55.073374
Building graph1 edges...90% completed @ 2022-06-26 04:20:15.555662
Building graph1 edges...93% completed @ 2022-06-26 04:33:36.388061
Building graph1 edges...96% completed @ 2022-06-26 04:46:59.285235
Building graph1 edges...99% completed @ 2022-06-26 05:00:19.829174
Merging conserved edges
Pruning the union graph
Building the extended union graph
Extending the union graph...10% completed @ 2022-06-26 05:04:59.685787
Extending the union graph...20% completed @ 2022-06-26 05:04:59.741476
Extending the union graph...30% completed @ 2022-06-26 05:04:59.792314
Extending the union graph...40% completed @ 2022-06-26 05:04:59.891531
Extending the union graph...50% completed @ 2022-06-26 05:05:00.019084
Extending the union graph...60% completed @ 2022-06-26 05:05:00.146032
Extending the union graph...70% completed @ 2022-06-26 05:05:01.454707
Extending the union graph...80% completed @ 2022-06-26 05:05:02.797199
Extending the union graph...90% completed @ 2022-06-26 05:05:04.029613
Edge Jaccard on extended union graph dist 1
Building the extended union graph
Extending the union graph...3% completed @ 2022-06-26 05:05:21.933196
Extending the union graph...6% completed @ 2022-06-26 05:05:52.082749
Extending the union graph...9% completed @ 2022-06-26 05:06:13.265309
Extending the union graph...12% completed @ 2022-06-26 05:06:36.716915
Extending the union graph...15% completed @ 2022-06-26 05:06:56.904222
Extending the union graph...18% completed @ 2022-06-26 05:07:49.739367
Extending the union graph...21% completed @ 2022-06-26 05:08:14.056645
Extending the union graph...24% completed @ 2022-06-26 05:08:53.567551
Extending the union graph...27% completed @ 2022-06-26 05:09:25.758076
Extending the union graph...30% completed @ 2022-06-26 05:09:46.932712
Extending the union graph...33% completed @ 2022-06-26 05:10:15.583206
Extending the union graph...36% completed @ 2022-06-26 05:10:33.405674
Extending the union graph...39% completed @ 2022-06-26 05:10:56.242523
Extending the union graph...42% completed @ 2022-06-26 05:11:42.515664
Extending the union graph...45% completed @ 2022-06-26 05:12:05.564087
Extending the union graph...48% completed @ 2022-06-26 05:12:24.467782
Extending the union graph...51% completed @ 2022-06-26 05:12:37.604106
Extending the union graph...54% completed @ 2022-06-26 05:13:00.214255
Extending the union graph...57% completed @ 2022-06-26 05:13:29.629002
Extending the union graph...60% completed @ 2022-06-26 05:14:10.963788
Extending the union graph...63% completed @ 2022-06-26 05:14:33.652559
Extending the union graph...66% completed @ 2022-06-26 05:15:07.859502
Extending the union graph...69% completed @ 2022-06-26 05:15:33.429371
Extending the union graph...72% completed @ 2022-06-26 05:15:53.199447
Extending the union graph...75% completed @ 2022-06-26 05:16:23.826432
Extending the union graph...78% completed @ 2022-06-26 05:17:02.783456
Extending the union graph...81% completed @ 2022-06-26 05:17:41.118307
Extending the union graph...84% completed @ 2022-06-26 05:18:31.348666
Extending the union graph...87% completed @ 2022-06-26 05:18:59.938896
Extending the union graph...90% completed @ 2022-06-26 05:19:36.929443
Extending the union graph...93% completed @ 2022-06-26 05:20:14.751590
Extending the union graph...96% completed @ 2022-06-26 05:20:34.101780
Extending the union graph...99% completed @ 2022-06-26 05:21:04.963569
Evaluating vertex sums
Extending the union graph...3% completed @ 2022-06-26 05:21:09.517359
Extending the union graph...6% completed @ 2022-06-26 05:21:10.968106
Extending the union graph...9% completed @ 2022-06-26 05:21:12.407629
Extending the union graph...12% completed @ 2022-06-26 05:21:13.846969
Extending the union graph...15% completed @ 2022-06-26 05:21:15.278082
Extending the union graph...18% completed @ 2022-06-26 05:21:16.706082
Extending the union graph...21% completed @ 2022-06-26 05:21:18.116572
Extending the union graph...24% completed @ 2022-06-26 05:21:19.538052
Extending the union graph...27% completed @ 2022-06-26 05:21:20.957399
Extending the union graph...30% completed @ 2022-06-26 05:21:22.383292
Extending the union graph...33% completed @ 2022-06-26 05:21:23.810925
Extending the union graph...36% completed @ 2022-06-26 05:21:25.238680
Extending the union graph...39% completed @ 2022-06-26 05:21:26.682350
Extending the union graph...42% completed @ 2022-06-26 05:21:28.170882
Extending the union graph...45% completed @ 2022-06-26 05:21:29.594601
Extending the union graph...48% completed @ 2022-06-26 05:21:31.025554
Extending the union graph...51% completed @ 2022-06-26 05:21:32.428736
Extending the union graph...54% completed @ 2022-06-26 05:21:33.829395
Extending the union graph...57% completed @ 2022-06-26 05:21:35.261065
Extending the union graph...60% completed @ 2022-06-26 05:21:36.699675
Extending the union graph...63% completed @ 2022-06-26 05:21:38.114098
Extending the union graph...66% completed @ 2022-06-26 05:21:39.530979
Extending the union graph...69% completed @ 2022-06-26 05:21:40.962742
Extending the union graph...72% completed @ 2022-06-26 05:21:42.371080
Extending the union graph...75% completed @ 2022-06-26 05:21:43.799156
Extending the union graph...78% completed @ 2022-06-26 05:21:45.235131
Extending the union graph...81% completed @ 2022-06-26 05:21:46.655106
Extending the union graph...84% completed @ 2022-06-26 05:21:48.058499
Extending the union graph...87% completed @ 2022-06-26 05:21:49.470550
Extending the union graph...90% completed @ 2022-06-26 05:21:50.875058
Extending the union graph...93% completed @ 2022-06-26 05:21:52.291903
Extending the union graph...96% completed @ 2022-06-26 05:21:53.709571
Extending the union graph...99% completed @ 2022-06-26 05:21:55.118243
Calculating Jaccard scores sums
Calculating Jaccard scores sums...3% completed @ 2022-06-26 05:21:55.646366
Calculating Jaccard scores sums...6% completed @ 2022-06-26 05:21:55.793550
Calculating Jaccard scores sums...9% completed @ 2022-06-26 05:21:56.039322
Calculating Jaccard scores sums...12% completed @ 2022-06-26 05:21:56.392460
Calculating Jaccard scores sums...15% completed @ 2022-06-26 05:21:56.846223
Calculating Jaccard scores sums...18% completed @ 2022-06-26 05:21:57.406865
Calculating Jaccard scores sums...21% completed @ 2022-06-26 05:21:58.069800
Calculating Jaccard scores sums...24% completed @ 2022-06-26 05:21:58.827297
Calculating Jaccard scores sums...27% completed @ 2022-06-26 05:21:59.699792
Calculating Jaccard scores sums...30% completed @ 2022-06-26 05:22:00.670022
Calculating Jaccard scores sums...33% completed @ 2022-06-26 05:22:01.769130
Calculating Jaccard scores sums...36% completed @ 2022-06-26 05:22:02.938028
Calculating Jaccard scores sums...39% completed @ 2022-06-26 05:22:04.210070
Calculating Jaccard scores sums...42% completed @ 2022-06-26 05:22:05.593897
Calculating Jaccard scores sums...45% completed @ 2022-06-26 05:22:07.076481
Calculating Jaccard scores sums...48% completed @ 2022-06-26 05:22:08.669390
Calculating Jaccard scores sums...51% completed @ 2022-06-26 05:22:10.361748
Calculating Jaccard scores sums...54% completed @ 2022-06-26 05:22:12.154070
Calculating Jaccard scores sums...57% completed @ 2022-06-26 05:22:14.066987
Calculating Jaccard scores sums...60% completed @ 2022-06-26 05:22:16.087782
Calculating Jaccard scores sums...63% completed @ 2022-06-26 05:22:18.185480
Calculating Jaccard scores sums...66% completed @ 2022-06-26 05:22:20.387935
Calculating Jaccard scores sums...69% completed @ 2022-06-26 05:22:22.694407
Calculating Jaccard scores sums...72% completed @ 2022-06-26 05:22:25.118457
Calculating Jaccard scores sums...75% completed @ 2022-06-26 05:22:27.653740
Calculating Jaccard scores sums...78% completed @ 2022-06-26 05:22:30.291793
Calculating Jaccard scores sums...81% completed @ 2022-06-26 05:22:33.024825
Calculating Jaccard scores sums...84% completed @ 2022-06-26 05:22:35.835248
Calculating Jaccard scores sums...87% completed @ 2022-06-26 05:22:38.761542
Calculating Jaccard scores sums...90% completed @ 2022-06-26 05:22:41.822017
Calculating Jaccard scores sums...93% completed @ 2022-06-26 05:22:44.993975
Calculating Jaccard scores sums...96% completed @ 2022-06-26 05:22:48.240637
Calculating Jaccard scores sums...99% completed @ 2022-06-26 05:22:51.564661
Injecting direct edges contribution
Obtaining max scores per vertex
Obtaining max scores per vertex...3% completed @ 2022-06-26 05:23:00.948351
Obtaining max scores per vertex...6% completed @ 2022-06-26 05:23:03.118614
Obtaining max scores per vertex...9% completed @ 2022-06-26 05:23:05.275191
Obtaining max scores per vertex...12% completed @ 2022-06-26 05:23:07.434580
Obtaining max scores per vertex...15% completed @ 2022-06-26 05:23:09.613122
Obtaining max scores per vertex...18% completed @ 2022-06-26 05:23:11.808134
Obtaining max scores per vertex...21% completed @ 2022-06-26 05:23:13.993838
Obtaining max scores per vertex...24% completed @ 2022-06-26 05:23:16.194336
Obtaining max scores per vertex...27% completed @ 2022-06-26 05:23:18.357652
Obtaining max scores per vertex...30% completed @ 2022-06-26 05:23:20.540433
Obtaining max scores per vertex...33% completed @ 2022-06-26 05:23:22.717746
Obtaining max scores per vertex...36% completed @ 2022-06-26 05:23:24.909834
Obtaining max scores per vertex...39% completed @ 2022-06-26 05:23:27.114224
Obtaining max scores per vertex...42% completed @ 2022-06-26 05:23:29.343183
Obtaining max scores per vertex...45% completed @ 2022-06-26 05:23:31.529325
Obtaining max scores per vertex...48% completed @ 2022-06-26 05:23:33.705077
Obtaining max scores per vertex...51% completed @ 2022-06-26 05:23:35.860972
Obtaining max scores per vertex...54% completed @ 2022-06-26 05:23:38.013034
Obtaining max scores per vertex...57% completed @ 2022-06-26 05:23:40.205164
Obtaining max scores per vertex...60% completed @ 2022-06-26 05:23:42.399355
Obtaining max scores per vertex...63% completed @ 2022-06-26 05:23:44.562142
Obtaining max scores per vertex...66% completed @ 2022-06-26 05:23:46.724482
Obtaining max scores per vertex...69% completed @ 2022-06-26 05:23:48.881735
Obtaining max scores per vertex...72% completed @ 2022-06-26 05:23:51.016440
Obtaining max scores per vertex...75% completed @ 2022-06-26 05:23:53.167667
Obtaining max scores per vertex...78% completed @ 2022-06-26 05:23:55.326667
Obtaining max scores per vertex...81% completed @ 2022-06-26 05:23:57.465706
Obtaining max scores per vertex...84% completed @ 2022-06-26 05:23:59.601356
Obtaining max scores per vertex...87% completed @ 2022-06-26 05:24:01.724666
Obtaining max scores per vertex...90% completed @ 2022-06-26 05:24:03.843421
Obtaining max scores per vertex...93% completed @ 2022-06-26 05:24:05.969273
Obtaining max scores per vertex...96% completed @ 2022-06-26 05:24:08.075682
Obtaining max scores per vertex...99% completed @ 2022-06-26 05:24:10.195942
Removing low scoring edges
Removing low scoring edges...3% completed @ 2022-06-26 05:24:10.943223
Removing low scoring edges...6% completed @ 2022-06-26 05:24:11.083771
Removing low scoring edges...9% completed @ 2022-06-26 05:24:11.324259
Removing low scoring edges...12% completed @ 2022-06-26 05:24:11.662163
Removing low scoring edges...15% completed @ 2022-06-26 05:24:12.107630
Removing low scoring edges...18% completed @ 2022-06-26 05:24:12.648806
Removing low scoring edges...21% completed @ 2022-06-26 05:24:13.275370
Removing low scoring edges...24% completed @ 2022-06-26 05:24:13.998406
Removing low scoring edges...27% completed @ 2022-06-26 05:24:14.836045
Removing low scoring edges...30% completed @ 2022-06-26 05:24:15.781120
Removing low scoring edges...33% completed @ 2022-06-26 05:24:16.805619
Removing low scoring edges...36% completed @ 2022-06-26 05:24:17.905843
Removing low scoring edges...39% completed @ 2022-06-26 05:24:19.124029
Removing low scoring edges...42% completed @ 2022-06-26 05:24:20.447222
Removing low scoring edges...45% completed @ 2022-06-26 05:24:21.839243
Removing low scoring edges...48% completed @ 2022-06-26 05:24:23.345908
Removing low scoring edges...51% completed @ 2022-06-26 05:24:24.924990
Removing low scoring edges...54% completed @ 2022-06-26 05:24:26.606192
Removing low scoring edges...57% completed @ 2022-06-26 05:24:28.439007
Removing low scoring edges...60% completed @ 2022-06-26 05:24:30.386511
Removing low scoring edges...63% completed @ 2022-06-26 05:24:32.383178
Removing low scoring edges...66% completed @ 2022-06-26 05:24:34.460488
Removing low scoring edges...69% completed @ 2022-06-26 05:24:36.659659
Removing low scoring edges...72% completed @ 2022-06-26 05:24:38.947517
Removing low scoring edges...75% completed @ 2022-06-26 05:24:41.370544
Removing low scoring edges...78% completed @ 2022-06-26 05:24:43.868291
Removing low scoring edges...81% completed @ 2022-06-26 05:24:46.465517
Removing low scoring edges...84% completed @ 2022-06-26 05:24:49.147192
Removing low scoring edges...87% completed @ 2022-06-26 05:24:51.938042
Removing low scoring edges...90% completed @ 2022-06-26 05:24:54.846099
Removing low scoring edges...93% completed @ 2022-06-26 05:24:57.875412
Removing low scoring edges...96% completed @ 2022-06-26 05:25:00.994629
Removing low scoring edges...99% completed @ 2022-06-26 05:25:04.160521
Finalizing extended graph
950240
...............................................[mcl] new tab created
[mcl] pid 493118
 ite -------------------  chaos  time hom(avg,lo,hi) expa expb expc fmv
  1  ................... 258.76  4.76 0.91/0.01/17.29 25.95 6.82 6.82  82
  2  ................... 321.45 37.29 0.58/0.02/1.77 10.33 0.40 2.69  99
  3  ...................  90.91  8.20 0.85/0.04/3.16 13.79 0.04 0.12  88
  4  ...................  11.47  0.07 0.94/0.10/5.94 3.18 0.28 0.03   5
  5  ...................   2.94  0.01 0.97/0.20/1.62 1.09 0.70 0.02   0
  6  ...................   2.50  0.01 0.97/0.23/1.43 1.01 0.88 0.02   0
  7  ...................   1.68  0.01 0.95/0.35/1.19 1.00 0.94 0.02   0
  8  ...................   2.45  0.01 0.94/0.32/1.05 1.00 0.96 0.02   0
  9  ...................   1.68  0.01 0.95/0.40/1.00 1.00 0.91 0.02   0
 10  ...................   1.70  0.01 0.95/0.44/1.37 1.00 0.81 0.01   0
 11  ...................   1.62  0.01 0.96/0.49/1.00 1.00 0.87 0.01   0
 12  ...................   1.83  0.01 0.97/0.48/1.00 1.00 0.88 0.01   0
 13  ...................   0.92  0.00 0.99/0.63/1.00 1.00 0.87 0.01   0
 14  ...................   1.74  0.00 0.99/0.44/1.00 1.00 0.90 0.01   0
 15  ...................   0.60  0.00 1.00/0.67/1.00 1.00 0.96 0.01   0
 16  ...................   0.46  0.00 1.00/0.66/1.00 1.00 0.97 0.01   0
 17  ...................   0.25  0.00 1.00/0.76/1.00 1.00 0.99 0.01   0
 18  ...................   0.06  0.00 1.00/0.94/1.00 1.00 1.00 0.01   0
 19  ...................   0.00  0.00 1.00/1.00/1.00 1.00 1.00 0.01   0
[mcl] cut <9> instances of overlap
[mcl] jury pruning marks: <49,90,99>, out of 100
[mcl] jury pruning synopsis: <65.5 or fairish> (cf -scheme, -do log)
[mcl] output is in /home/wangph1/plant/data/mcl/human-pig-k4-n14692-no1+1656218423.txt
[mcl] 2138 clusters found
[mcl] output is in /home/wangph1/plant/data/mcl/human-pig-k4-n14692-no1+1656218423.txt

Please cite:
    Stijn van Dongen, Graph Clustering by Flow Simulation.  PhD thesis,
    University of Utrecht, May 2000.
       (  http://www.library.uu.nl/digiarchief/dip/diss/1895620/full.pdf
       or  http://micans.org/mcl/lit/svdthesis.pdf.gz)
OR
    Stijn van Dongen, A cluster algorithm for graphs. Technical
    Report INS-R0010, National Research Institute for Mathematics
    and Computer Science in the Netherlands, Amsterdam, May 2000.
       (  http://www.cwi.nl/ftp/CWIreports/INS/INS-R0010.ps.Z
       or  http://micans.org/mcl/lit/INS-R0010.ps.Z)

/home/wangph1/plant/scripts
using old nif file for human
using old nif file for pig
using old odv file for human
using old odv file for pig
using old odv ort file for human-pig
/home/wangph1/plant/data/mcl/human-pig-k4-n14692-no1+1656218423.txt
/home/wangph1/plant/networks/mcl/human_marked.nif
/home/wangph1/plant/networks/mcl/pig_marked.nif
/home/wangph1/plant/data/mcl/fake_ort/human-pig-k4-n14692-no1.ort
/home/wangph1/plant/data/mcl/human-pig-k4-n14692-no1.txt
Traceback (most recent call last):
  File "/home/wangph1/plant/scripts/mcl_helpers.py", line 139, in <module>
    full_local_run_mcl(gtag1, gtag2, notes=notes)
  File "/home/wangph1/plant/scripts/mcl_helpers.py", line 124, in full_local_run_mcl
    process_mcl(gtag1, gtag2, notes=notes)
  File "/home/wangph1/plant/scripts/mcl_helpers.py", line 112, in process_mcl
    num_ort, num_pairs = evaluate_alignment(gtag1, gtag2, notes=notes)
  File "/home/wangph1/plant/scripts/mcl_helpers.py", line 95, in evaluate_alignment
    m2m_pairs = read_in_slashes_m2m(out_path)
  File "/home/wangph1/plant/scripts/file_helpers.py", line 47, in read_in_slashes_m2m
    with open(m2m_path, 'r') as f:
FileNotFoundError: [Errno 2] No such file or directory: '/home/wangph1/plant/data/mcl/human-pig-k4-n14692-no1.txt'
JOBSFINISHED
