Namespace(ag_file=['/home/wangph1/plant/data/mcl/pig-rabbit-k4-n13352-no1+1656218422.ag'], ort_file=['/home/wangph1/plant/data/mcl/fake_ort/pig-rabbit-k4-n13352-no1.ort'], ppi1_file=['/home/wangph1/plant/networks/mcl/pig_marked.nif'], ppi2_file=['/home/wangph1/plant/networks/mcl/rabbit_marked.nif'])
Loading input data
/home/wangph1/plant/networks/mcl/pig_marked.nif
/home/wangph1/plant/networks/mcl/rabbit_marked.nif
/home/wangph1/plant/data/mcl/fake_ort/pig-rabbit-k4-n13352-no1.ort
Building the union graph
Building rev maps
Building maps
Processing net 0 - simple nodes
Processing net 1 - simple nodes
Processing composite nodes
Building igraph.Graph
Entering build_union_graph_edges
Building graph1 edges...3% completed @ 2022-06-25 21:50:54.803771
Building graph1 edges...6% completed @ 2022-06-25 22:01:20.435859
Building graph1 edges...9% completed @ 2022-06-25 22:11:47.137332
Building graph1 edges...12% completed @ 2022-06-25 22:22:10.741155
Building graph1 edges...15% completed @ 2022-06-25 22:32:35.232236
Building graph1 edges...18% completed @ 2022-06-25 22:42:59.564165
Building graph1 edges...21% completed @ 2022-06-25 22:53:23.038987
Building graph1 edges...24% completed @ 2022-06-25 23:03:47.093253
Building graph1 edges...27% completed @ 2022-06-25 23:14:11.561145
Building graph1 edges...30% completed @ 2022-06-25 23:24:42.222225
Building graph1 edges...33% completed @ 2022-06-25 23:35:15.290330
Building graph1 edges...36% completed @ 2022-06-25 23:45:45.527312
Building graph1 edges...39% completed @ 2022-06-25 23:56:17.281576
Building graph1 edges...42% completed @ 2022-06-26 00:06:54.485361
Building graph1 edges...45% completed @ 2022-06-26 00:17:20.877141
Building graph1 edges...48% completed @ 2022-06-26 00:27:44.937344
Building graph1 edges...51% completed @ 2022-06-26 00:38:09.612518
Building graph1 edges...54% completed @ 2022-06-26 00:48:36.266498
Building graph1 edges...57% completed @ 2022-06-26 00:59:06.961992
Building graph1 edges...60% completed @ 2022-06-26 01:09:32.136044
Building graph1 edges...63% completed @ 2022-06-26 01:19:51.091660
Building graph1 edges...66% completed @ 2022-06-26 01:30:05.864359
Building graph1 edges...69% completed @ 2022-06-26 01:40:22.016380
Building graph1 edges...72% completed @ 2022-06-26 01:50:36.888922
Building graph1 edges...75% completed @ 2022-06-26 02:00:49.656375
Building graph1 edges...78% completed @ 2022-06-26 02:11:01.926318
Building graph1 edges...81% completed @ 2022-06-26 02:21:17.945157
Building graph1 edges...84% completed @ 2022-06-26 02:31:37.432630
Building graph1 edges...87% completed @ 2022-06-26 02:41:58.355832
Building graph1 edges...90% completed @ 2022-06-26 02:52:17.792335
Building graph1 edges...93% completed @ 2022-06-26 03:02:36.988044
Building graph1 edges...96% completed @ 2022-06-26 03:12:56.369375
Building graph1 edges...99% completed @ 2022-06-26 03:23:15.734720
Merging conserved edges
Pruning the union graph
Building the extended union graph
Extending the union graph...10% completed @ 2022-06-26 03:26:52.412435
Extending the union graph...20% completed @ 2022-06-26 03:26:52.462086
Extending the union graph...30% completed @ 2022-06-26 03:26:52.511706
Extending the union graph...40% completed @ 2022-06-26 03:26:52.622865
Extending the union graph...50% completed @ 2022-06-26 03:26:52.736435
Extending the union graph...60% completed @ 2022-06-26 03:26:53.033153
Extending the union graph...70% completed @ 2022-06-26 03:26:54.130558
Extending the union graph...80% completed @ 2022-06-26 03:26:55.187461
Extending the union graph...90% completed @ 2022-06-26 03:26:56.108720
Edge Jaccard on extended union graph dist 1
Building the extended union graph
Extending the union graph...3% completed @ 2022-06-26 03:27:14.828531
Extending the union graph...6% completed @ 2022-06-26 03:27:37.557541
Extending the union graph...9% completed @ 2022-06-26 03:27:59.064919
Extending the union graph...12% completed @ 2022-06-26 03:28:19.672580
Extending the union graph...15% completed @ 2022-06-26 03:28:29.442734
Extending the union graph...18% completed @ 2022-06-26 03:28:42.659113
Extending the union graph...21% completed @ 2022-06-26 03:29:03.195106
Extending the union graph...24% completed @ 2022-06-26 03:29:43.170682
Extending the union graph...27% completed @ 2022-06-26 03:29:58.195188
Extending the union graph...30% completed @ 2022-06-26 03:30:14.497574
Extending the union graph...33% completed @ 2022-06-26 03:30:30.573810
Extending the union graph...36% completed @ 2022-06-26 03:30:55.945218
Extending the union graph...39% completed @ 2022-06-26 03:31:07.583445
Extending the union graph...42% completed @ 2022-06-26 03:31:21.696741
Extending the union graph...45% completed @ 2022-06-26 03:31:50.915079
Extending the union graph...48% completed @ 2022-06-26 03:32:05.080667
Extending the union graph...51% completed @ 2022-06-26 03:32:26.146974
Extending the union graph...54% completed @ 2022-06-26 03:32:47.366500
Extending the union graph...57% completed @ 2022-06-26 03:32:59.838363
Extending the union graph...60% completed @ 2022-06-26 03:33:16.824490
Extending the union graph...63% completed @ 2022-06-26 03:33:40.928379
Extending the union graph...66% completed @ 2022-06-26 03:34:00.072212
Extending the union graph...69% completed @ 2022-06-26 03:34:16.245830
Extending the union graph...72% completed @ 2022-06-26 03:34:27.351733
Extending the union graph...75% completed @ 2022-06-26 03:34:58.004133
Extending the union graph...78% completed @ 2022-06-26 03:35:21.149325
Extending the union graph...81% completed @ 2022-06-26 03:35:36.746613
Extending the union graph...84% completed @ 2022-06-26 03:35:52.833485
Extending the union graph...87% completed @ 2022-06-26 03:36:06.893180
Extending the union graph...90% completed @ 2022-06-26 03:36:28.130160
Extending the union graph...93% completed @ 2022-06-26 03:36:46.297377
Extending the union graph...96% completed @ 2022-06-26 03:37:02.610814
Extending the union graph...99% completed @ 2022-06-26 03:37:27.018270
Evaluating vertex sums
Extending the union graph...3% completed @ 2022-06-26 03:37:30.220181
Extending the union graph...6% completed @ 2022-06-26 03:37:31.492325
Extending the union graph...9% completed @ 2022-06-26 03:37:32.754753
Extending the union graph...12% completed @ 2022-06-26 03:37:34.020420
Extending the union graph...15% completed @ 2022-06-26 03:37:35.250283
Extending the union graph...18% completed @ 2022-06-26 03:37:36.481595
Extending the union graph...21% completed @ 2022-06-26 03:37:37.699983
Extending the union graph...24% completed @ 2022-06-26 03:37:38.939363
Extending the union graph...27% completed @ 2022-06-26 03:37:40.187816
Extending the union graph...30% completed @ 2022-06-26 03:37:41.412179
Extending the union graph...33% completed @ 2022-06-26 03:37:42.662673
Extending the union graph...36% completed @ 2022-06-26 03:37:43.881301
Extending the union graph...39% completed @ 2022-06-26 03:37:45.123051
Extending the union graph...42% completed @ 2022-06-26 03:37:46.373898
Extending the union graph...45% completed @ 2022-06-26 03:37:47.647690
Extending the union graph...48% completed @ 2022-06-26 03:37:48.908624
Extending the union graph...51% completed @ 2022-06-26 03:37:50.160910
Extending the union graph...54% completed @ 2022-06-26 03:37:51.445035
Extending the union graph...57% completed @ 2022-06-26 03:37:52.688234
Extending the union graph...60% completed @ 2022-06-26 03:37:53.926314
Extending the union graph...63% completed @ 2022-06-26 03:37:55.161368
Extending the union graph...66% completed @ 2022-06-26 03:37:56.393631
Extending the union graph...69% completed @ 2022-06-26 03:37:57.601948
Extending the union graph...72% completed @ 2022-06-26 03:37:58.815622
Extending the union graph...75% completed @ 2022-06-26 03:38:00.043137
Extending the union graph...78% completed @ 2022-06-26 03:38:01.318308
Extending the union graph...81% completed @ 2022-06-26 03:38:02.568693
Extending the union graph...84% completed @ 2022-06-26 03:38:03.814147
Extending the union graph...87% completed @ 2022-06-26 03:38:05.044588
Extending the union graph...90% completed @ 2022-06-26 03:38:06.334508
Extending the union graph...93% completed @ 2022-06-26 03:38:07.579223
Extending the union graph...96% completed @ 2022-06-26 03:38:08.810998
Extending the union graph...99% completed @ 2022-06-26 03:38:10.033647
Calculating Jaccard scores sums
Calculating Jaccard scores sums...3% completed @ 2022-06-26 03:38:10.463911
Calculating Jaccard scores sums...6% completed @ 2022-06-26 03:38:10.588147
Calculating Jaccard scores sums...9% completed @ 2022-06-26 03:38:10.797343
Calculating Jaccard scores sums...12% completed @ 2022-06-26 03:38:11.092060
Calculating Jaccard scores sums...15% completed @ 2022-06-26 03:38:11.469682
Calculating Jaccard scores sums...18% completed @ 2022-06-26 03:38:11.936705
Calculating Jaccard scores sums...21% completed @ 2022-06-26 03:38:12.502465
Calculating Jaccard scores sums...24% completed @ 2022-06-26 03:38:13.166354
Calculating Jaccard scores sums...27% completed @ 2022-06-26 03:38:13.898955
Calculating Jaccard scores sums...30% completed @ 2022-06-26 03:38:14.713695
Calculating Jaccard scores sums...33% completed @ 2022-06-26 03:38:15.636515
Calculating Jaccard scores sums...36% completed @ 2022-06-26 03:38:16.622554
Calculating Jaccard scores sums...39% completed @ 2022-06-26 03:38:17.723504
Calculating Jaccard scores sums...42% completed @ 2022-06-26 03:38:18.922719
Calculating Jaccard scores sums...45% completed @ 2022-06-26 03:38:20.223007
Calculating Jaccard scores sums...48% completed @ 2022-06-26 03:38:21.569278
Calculating Jaccard scores sums...51% completed @ 2022-06-26 03:38:23.016069
Calculating Jaccard scores sums...54% completed @ 2022-06-26 03:38:24.555430
Calculating Jaccard scores sums...57% completed @ 2022-06-26 03:38:26.172120
Calculating Jaccard scores sums...60% completed @ 2022-06-26 03:38:27.874089
Calculating Jaccard scores sums...63% completed @ 2022-06-26 03:38:29.647050
Calculating Jaccard scores sums...66% completed @ 2022-06-26 03:38:31.533379
Calculating Jaccard scores sums...69% completed @ 2022-06-26 03:38:33.500058
Calculating Jaccard scores sums...72% completed @ 2022-06-26 03:38:35.575881
Calculating Jaccard scores sums...75% completed @ 2022-06-26 03:38:37.696901
Calculating Jaccard scores sums...78% completed @ 2022-06-26 03:38:39.956705
Calculating Jaccard scores sums...81% completed @ 2022-06-26 03:38:42.277150
Calculating Jaccard scores sums...84% completed @ 2022-06-26 03:38:44.660080
Calculating Jaccard scores sums...87% completed @ 2022-06-26 03:38:47.181854
Calculating Jaccard scores sums...90% completed @ 2022-06-26 03:38:49.802256
Calculating Jaccard scores sums...93% completed @ 2022-06-26 03:38:52.473128
Calculating Jaccard scores sums...96% completed @ 2022-06-26 03:38:55.255387
Calculating Jaccard scores sums...99% completed @ 2022-06-26 03:38:58.084739
Injecting direct edges contribution
Obtaining max scores per vertex
Obtaining max scores per vertex...3% completed @ 2022-06-26 03:39:06.034277
Obtaining max scores per vertex...6% completed @ 2022-06-26 03:39:07.834902
Obtaining max scores per vertex...9% completed @ 2022-06-26 03:39:09.641992
Obtaining max scores per vertex...12% completed @ 2022-06-26 03:39:11.445432
Obtaining max scores per vertex...15% completed @ 2022-06-26 03:39:13.253138
Obtaining max scores per vertex...18% completed @ 2022-06-26 03:39:15.043328
Obtaining max scores per vertex...21% completed @ 2022-06-26 03:39:16.856048
Obtaining max scores per vertex...24% completed @ 2022-06-26 03:39:18.681585
Obtaining max scores per vertex...27% completed @ 2022-06-26 03:39:20.490601
Obtaining max scores per vertex...30% completed @ 2022-06-26 03:39:22.266512
Obtaining max scores per vertex...33% completed @ 2022-06-26 03:39:24.062288
Obtaining max scores per vertex...36% completed @ 2022-06-26 03:39:25.854239
Obtaining max scores per vertex...39% completed @ 2022-06-26 03:39:27.635455
Obtaining max scores per vertex...42% completed @ 2022-06-26 03:39:29.413246
Obtaining max scores per vertex...45% completed @ 2022-06-26 03:39:31.231224
Obtaining max scores per vertex...48% completed @ 2022-06-26 03:39:33.047492
Obtaining max scores per vertex...51% completed @ 2022-06-26 03:39:34.854332
Obtaining max scores per vertex...54% completed @ 2022-06-26 03:39:36.657088
Obtaining max scores per vertex...57% completed @ 2022-06-26 03:39:38.465439
Obtaining max scores per vertex...60% completed @ 2022-06-26 03:39:40.252497
Obtaining max scores per vertex...63% completed @ 2022-06-26 03:39:42.001316
Obtaining max scores per vertex...66% completed @ 2022-06-26 03:39:43.758649
Obtaining max scores per vertex...69% completed @ 2022-06-26 03:39:45.484223
Obtaining max scores per vertex...72% completed @ 2022-06-26 03:39:47.213902
Obtaining max scores per vertex...75% completed @ 2022-06-26 03:39:48.981740
Obtaining max scores per vertex...78% completed @ 2022-06-26 03:39:50.741363
Obtaining max scores per vertex...81% completed @ 2022-06-26 03:39:52.453291
Obtaining max scores per vertex...84% completed @ 2022-06-26 03:39:54.176764
Obtaining max scores per vertex...87% completed @ 2022-06-26 03:39:55.908882
Obtaining max scores per vertex...90% completed @ 2022-06-26 03:39:57.661765
Obtaining max scores per vertex...93% completed @ 2022-06-26 03:39:59.372785
Obtaining max scores per vertex...96% completed @ 2022-06-26 03:40:01.088226
Obtaining max scores per vertex...99% completed @ 2022-06-26 03:40:02.780455
Removing low scoring edges
Removing low scoring edges...3% completed @ 2022-06-26 03:40:03.380051
Removing low scoring edges...6% completed @ 2022-06-26 03:40:03.502288
Removing low scoring edges...9% completed @ 2022-06-26 03:40:03.708760
Removing low scoring edges...12% completed @ 2022-06-26 03:40:03.987973
Removing low scoring edges...15% completed @ 2022-06-26 03:40:04.340702
Removing low scoring edges...18% completed @ 2022-06-26 03:40:04.782423
Removing low scoring edges...21% completed @ 2022-06-26 03:40:05.324381
Removing low scoring edges...24% completed @ 2022-06-26 03:40:05.926340
Removing low scoring edges...27% completed @ 2022-06-26 03:40:06.611454
Removing low scoring edges...30% completed @ 2022-06-26 03:40:07.373537
Removing low scoring edges...33% completed @ 2022-06-26 03:40:08.240467
Removing low scoring edges...36% completed @ 2022-06-26 03:40:09.156959
Removing low scoring edges...39% completed @ 2022-06-26 03:40:10.184830
Removing low scoring edges...42% completed @ 2022-06-26 03:40:11.261442
Removing low scoring edges...45% completed @ 2022-06-26 03:40:12.460223
Removing low scoring edges...48% completed @ 2022-06-26 03:40:13.705283
Removing low scoring edges...51% completed @ 2022-06-26 03:40:15.028229
Removing low scoring edges...54% completed @ 2022-06-26 03:40:16.495830
Removing low scoring edges...57% completed @ 2022-06-26 03:40:18.021991
Removing low scoring edges...60% completed @ 2022-06-26 03:40:19.598443
Removing low scoring edges...63% completed @ 2022-06-26 03:40:21.274823
Removing low scoring edges...66% completed @ 2022-06-26 03:40:23.034403
Removing low scoring edges...69% completed @ 2022-06-26 03:40:24.839057
Removing low scoring edges...72% completed @ 2022-06-26 03:40:26.749622
Removing low scoring edges...75% completed @ 2022-06-26 03:40:28.742414
Removing low scoring edges...78% completed @ 2022-06-26 03:40:30.893963
Removing low scoring edges...81% completed @ 2022-06-26 03:40:33.102553
Removing low scoring edges...84% completed @ 2022-06-26 03:40:35.379173
Removing low scoring edges...87% completed @ 2022-06-26 03:40:37.674026
Removing low scoring edges...90% completed @ 2022-06-26 03:40:40.134490
Removing low scoring edges...93% completed @ 2022-06-26 03:40:42.643983
Removing low scoring edges...96% completed @ 2022-06-26 03:40:45.183277
Removing low scoring edges...99% completed @ 2022-06-26 03:40:47.819205
Finalizing extended graph
709409
...................................[mcl] new tab created
[mcl] pid 37467
 ite -------------------  chaos  time hom(avg,lo,hi) expa expb expc fmv
  1  ................... 231.57  3.72 0.77/0.00/15.21 29.78 8.21 8.21  78
  2  ................... 314.08 34.02 0.62/0.04/1.59 10.01 0.35 2.91  99
  3  ...................  82.55  5.96 0.85/0.04/2.67 16.15 0.05 0.14  88
  4  ...................  20.81  0.06 0.92/0.10/6.19 2.89 0.33 0.05   8
  5  ...................   7.60  0.01 0.97/0.20/1.68 1.12 0.62 0.03   0
  6  ...................   2.15  0.01 0.97/0.31/1.68 1.01 0.86 0.02   0
  7  ...................   2.00  0.01 0.96/0.30/1.00 1.00 0.94 0.02   0
  8  ...................   2.78  0.01 0.95/0.36/1.06 1.00 0.97 0.02   0
  9  ...................   2.11  0.01 0.95/0.30/1.05 1.00 0.93 0.02   0
 10  ...................   2.84  0.01 0.94/0.30/1.00 1.00 0.86 0.02   0
 11  ...................   2.16  0.01 0.95/0.34/1.00 1.00 0.86 0.02   0
 12  ...................   1.65  0.01 0.96/0.48/1.00 1.00 0.85 0.01   0
 13  ...................   1.72  0.00 0.98/0.40/1.00 1.00 0.83 0.01   0
 14  ...................   1.03  0.00 0.99/0.54/1.00 1.00 0.88 0.01   0
 15  ...................   0.26  0.00 1.00/0.76/1.00 1.00 0.93 0.01   0
 16  ...................   0.25  0.00 1.00/0.76/1.00 1.00 0.96 0.01   0
 17  ...................   0.25  0.00 1.00/0.76/1.00 1.00 0.99 0.01   0
 18  ...................   0.25  0.00 1.00/0.76/1.00 1.00 0.99 0.01   0
 19  ...................   0.05  0.00 1.00/0.95/1.00 1.00 1.00 0.01   0
 20  ...................   0.00  0.00 1.00/1.00/1.00 1.00 1.00 0.01   0
[mcl] jury pruning marks: <53,90,99>, out of 100
[mcl] jury pruning synopsis: <68.0 or fair> (cf -scheme, -do log)
[mcl] output is in /home/wangph1/plant/data/mcl/pig-rabbit-k4-n13352-no1+1656218422.txt
[mcl] 2066 clusters found
[mcl] output is in /home/wangph1/plant/data/mcl/pig-rabbit-k4-n13352-no1+1656218422.txt

Please cite:
    Stijn van Dongen, Graph Clustering by Flow Simulation.  PhD thesis,
    University of Utrecht, May 2000.
       (  http://www.library.uu.nl/digiarchief/dip/diss/1895620/full.pdf
       or  http://micans.org/mcl/lit/svdthesis.pdf.gz)
OR
    Stijn van Dongen, A cluster algorithm for graphs. Technical
    Report INS-R0010, National Research Institute for Mathematics
    and Computer Science in the Netherlands, Amsterdam, May 2000.
       (  http://www.cwi.nl/ftp/CWIreports/INS/INS-R0010.ps.Z
       or  http://micans.org/mcl/lit/INS-R0010.ps.Z)

/home/wangph1/plant/scripts
using old nif file for pig
using old nif file for rabbit
using old odv file for pig
using old odv file for rabbit
using old odv ort file for pig-rabbit
/home/wangph1/plant/data/mcl/pig-rabbit-k4-n13352-no1+1656218422.txt
/home/wangph1/plant/networks/mcl/pig_marked.nif
/home/wangph1/plant/networks/mcl/rabbit_marked.nif
/home/wangph1/plant/data/mcl/fake_ort/pig-rabbit-k4-n13352-no1.ort
/home/wangph1/plant/data/mcl/pig-rabbit-k4-n13352-no1.txt
Traceback (most recent call last):
  File "/home/wangph1/plant/scripts/mcl_helpers.py", line 139, in <module>
    full_local_run_mcl(gtag1, gtag2, notes=notes)
  File "/home/wangph1/plant/scripts/mcl_helpers.py", line 124, in full_local_run_mcl
    process_mcl(gtag1, gtag2, notes=notes)
  File "/home/wangph1/plant/scripts/mcl_helpers.py", line 112, in process_mcl
    num_ort, num_pairs = evaluate_alignment(gtag1, gtag2, notes=notes)
  File "/home/wangph1/plant/scripts/mcl_helpers.py", line 95, in evaluate_alignment
    m2m_pairs = read_in_slashes_m2m(out_path)
  File "/home/wangph1/plant/scripts/file_helpers.py", line 47, in read_in_slashes_m2m
    with open(m2m_path, 'r') as f:
FileNotFoundError: [Errno 2] No such file or directory: '/home/wangph1/plant/data/mcl/pig-rabbit-k4-n13352-no1.txt'
JOBSFINISHED
