Namespace(ag_file=['/home/wangph1/plant/data/mcl/reddit_s0-reddit_s10-k4-n20000-no1+1656218419.ag'], ort_file=['/home/wangph1/plant/data/mcl/fake_ort/reddit_s0-reddit_s10-k4-n20000-no1.ort'], ppi1_file=['/home/wangph1/plant/networks/mcl/reddit_s0_marked.nif'], ppi2_file=['/home/wangph1/plant/networks/mcl/reddit_s10_marked.nif'])
Loading input data
/home/wangph1/plant/networks/mcl/reddit_s0_marked.nif
/home/wangph1/plant/networks/mcl/reddit_s10_marked.nif
/home/wangph1/plant/data/mcl/fake_ort/reddit_s0-reddit_s10-k4-n20000-no1.ort
Building the union graph
Building rev maps
Building maps
Processing net 0 - simple nodes
Processing net 1 - simple nodes
Processing composite nodes
Building igraph.Graph
Entering build_union_graph_edges
Building graph1 edges...3% completed @ 2022-06-25 21:40:52.036301
Building graph1 edges...6% completed @ 2022-06-25 21:41:16.791516
Building graph1 edges...9% completed @ 2022-06-25 21:41:41.524143
Building graph1 edges...12% completed @ 2022-06-25 21:42:06.316638
Building graph1 edges...15% completed @ 2022-06-25 21:42:31.095379
Building graph1 edges...18% completed @ 2022-06-25 21:42:55.853257
Building graph1 edges...21% completed @ 2022-06-25 21:43:20.639429
Building graph1 edges...24% completed @ 2022-06-25 21:43:45.425461
Building graph1 edges...27% completed @ 2022-06-25 21:44:10.185781
Building graph1 edges...30% completed @ 2022-06-25 21:44:34.942967
Building graph1 edges...33% completed @ 2022-06-25 21:44:59.772171
Building graph1 edges...36% completed @ 2022-06-25 21:45:24.575519
Building graph1 edges...39% completed @ 2022-06-25 21:45:49.353634
Building graph1 edges...42% completed @ 2022-06-25 21:46:14.136302
Building graph1 edges...45% completed @ 2022-06-25 21:46:38.886309
Building graph1 edges...48% completed @ 2022-06-25 21:47:03.648524
Building graph1 edges...51% completed @ 2022-06-25 21:47:28.393560
Building graph1 edges...54% completed @ 2022-06-25 21:47:53.155785
Building graph1 edges...57% completed @ 2022-06-25 21:48:17.943960
Building graph1 edges...60% completed @ 2022-06-25 21:48:42.704656
Building graph1 edges...63% completed @ 2022-06-25 21:49:07.474329
Building graph1 edges...66% completed @ 2022-06-25 21:49:32.287171
Building graph1 edges...69% completed @ 2022-06-25 21:49:57.033616
Building graph1 edges...72% completed @ 2022-06-25 21:50:21.817637
Building graph1 edges...75% completed @ 2022-06-25 21:50:46.573847
Building graph1 edges...78% completed @ 2022-06-25 21:51:11.331014
Building graph1 edges...81% completed @ 2022-06-25 21:51:36.105368
Building graph1 edges...84% completed @ 2022-06-25 21:52:00.892528
Building graph1 edges...87% completed @ 2022-06-25 21:52:25.634807
Building graph1 edges...90% completed @ 2022-06-25 21:52:50.447320
Building graph1 edges...93% completed @ 2022-06-25 21:53:15.218313
Building graph1 edges...96% completed @ 2022-06-25 21:53:39.955569
Building graph1 edges...99% completed @ 2022-06-25 21:54:04.741283
Merging conserved edges
Pruning the union graph
Building the extended union graph
Extending the union graph...10% completed @ 2022-06-25 21:54:13.775386
Extending the union graph...20% completed @ 2022-06-25 21:54:13.803062
Extending the union graph...30% completed @ 2022-06-25 21:54:13.830161
Extending the union graph...40% completed @ 2022-06-25 21:54:13.866844
Extending the union graph...50% completed @ 2022-06-25 21:54:13.900524
Extending the union graph...60% completed @ 2022-06-25 21:54:13.934949
Extending the union graph...70% completed @ 2022-06-25 21:54:13.985520
Extending the union graph...80% completed @ 2022-06-25 21:54:14.039242
Extending the union graph...90% completed @ 2022-06-25 21:54:14.089597
Edge Jaccard on extended union graph dist 1
Building the extended union graph
Extending the union graph...3% completed @ 2022-06-25 21:54:15.229355
Extending the union graph...6% completed @ 2022-06-25 21:54:15.238417
Extending the union graph...9% completed @ 2022-06-25 21:54:15.247539
Extending the union graph...12% completed @ 2022-06-25 21:54:15.257866
Extending the union graph...15% completed @ 2022-06-25 21:54:15.265681
Extending the union graph...18% completed @ 2022-06-25 21:54:15.275156
Extending the union graph...21% completed @ 2022-06-25 21:54:15.284247
Extending the union graph...24% completed @ 2022-06-25 21:54:15.293896
Extending the union graph...27% completed @ 2022-06-25 21:54:15.304262
Extending the union graph...30% completed @ 2022-06-25 21:54:15.314786
Extending the union graph...33% completed @ 2022-06-25 21:54:15.324976
Extending the union graph...36% completed @ 2022-06-25 21:54:15.334077
Extending the union graph...39% completed @ 2022-06-25 21:54:15.344978
Extending the union graph...42% completed @ 2022-06-25 21:54:15.354687
Extending the union graph...45% completed @ 2022-06-25 21:54:15.365695
Extending the union graph...48% completed @ 2022-06-25 21:54:15.375140
Extending the union graph...51% completed @ 2022-06-25 21:54:15.385420
Extending the union graph...54% completed @ 2022-06-25 21:54:15.392920
Extending the union graph...57% completed @ 2022-06-25 21:54:15.403421
Extending the union graph...60% completed @ 2022-06-25 21:54:15.412803
Extending the union graph...63% completed @ 2022-06-25 21:54:15.420603
Extending the union graph...66% completed @ 2022-06-25 21:54:15.427904
Extending the union graph...69% completed @ 2022-06-25 21:54:15.435848
Extending the union graph...72% completed @ 2022-06-25 21:54:15.444502
Extending the union graph...75% completed @ 2022-06-25 21:54:15.453125
Extending the union graph...78% completed @ 2022-06-25 21:54:15.460623
Extending the union graph...81% completed @ 2022-06-25 21:54:15.468520
Extending the union graph...84% completed @ 2022-06-25 21:54:15.475078
Extending the union graph...87% completed @ 2022-06-25 21:54:15.483981
Extending the union graph...90% completed @ 2022-06-25 21:54:15.492517
Extending the union graph...93% completed @ 2022-06-25 21:54:15.501705
Extending the union graph...96% completed @ 2022-06-25 21:54:15.511897
Extending the union graph...99% completed @ 2022-06-25 21:54:15.520418
Evaluating vertex sums
Extending the union graph...3% completed @ 2022-06-25 21:54:17.952061
Extending the union graph...6% completed @ 2022-06-25 21:54:20.329060
Extending the union graph...9% completed @ 2022-06-25 21:54:22.710974
Extending the union graph...12% completed @ 2022-06-25 21:54:25.080565
Extending the union graph...15% completed @ 2022-06-25 21:54:27.422996
Extending the union graph...18% completed @ 2022-06-25 21:54:29.759218
Extending the union graph...21% completed @ 2022-06-25 21:54:32.107112
Extending the union graph...24% completed @ 2022-06-25 21:54:34.416884
Extending the union graph...27% completed @ 2022-06-25 21:54:36.732370
Extending the union graph...30% completed @ 2022-06-25 21:54:39.032250
Extending the union graph...33% completed @ 2022-06-25 21:54:41.302967
Extending the union graph...36% completed @ 2022-06-25 21:54:43.560692
Extending the union graph...39% completed @ 2022-06-25 21:54:45.814207
Extending the union graph...42% completed @ 2022-06-25 21:54:48.049913
Extending the union graph...45% completed @ 2022-06-25 21:54:50.250336
Extending the union graph...48% completed @ 2022-06-25 21:54:52.452265
Extending the union graph...51% completed @ 2022-06-25 21:54:54.646423
Extending the union graph...54% completed @ 2022-06-25 21:54:56.817051
Extending the union graph...57% completed @ 2022-06-25 21:54:58.992362
Extending the union graph...60% completed @ 2022-06-25 21:55:01.141892
Extending the union graph...63% completed @ 2022-06-25 21:55:03.292079
Extending the union graph...66% completed @ 2022-06-25 21:55:05.415589
Extending the union graph...69% completed @ 2022-06-25 21:55:07.558030
Extending the union graph...72% completed @ 2022-06-25 21:55:09.691839
Extending the union graph...75% completed @ 2022-06-25 21:55:11.799692
Extending the union graph...78% completed @ 2022-06-25 21:55:13.902554
Extending the union graph...81% completed @ 2022-06-25 21:55:16.011157
Extending the union graph...84% completed @ 2022-06-25 21:55:18.115820
Extending the union graph...87% completed @ 2022-06-25 21:55:20.200080
Extending the union graph...90% completed @ 2022-06-25 21:55:22.290758
Extending the union graph...93% completed @ 2022-06-25 21:55:24.377267
Extending the union graph...96% completed @ 2022-06-25 21:55:26.456357
Extending the union graph...99% completed @ 2022-06-25 21:55:28.543570
Calculating Jaccard scores sums
Calculating Jaccard scores sums...3% completed @ 2022-06-25 21:55:29.271213
Calculating Jaccard scores sums...6% completed @ 2022-06-25 21:55:29.349194
Calculating Jaccard scores sums...9% completed @ 2022-06-25 21:55:29.492738
Calculating Jaccard scores sums...12% completed @ 2022-06-25 21:55:29.700359
Calculating Jaccard scores sums...15% completed @ 2022-06-25 21:55:29.942352
Calculating Jaccard scores sums...18% completed @ 2022-06-25 21:55:30.272326
Calculating Jaccard scores sums...21% completed @ 2022-06-25 21:55:30.654503
Calculating Jaccard scores sums...24% completed @ 2022-06-25 21:55:31.070127
Calculating Jaccard scores sums...27% completed @ 2022-06-25 21:55:31.578920
Calculating Jaccard scores sums...30% completed @ 2022-06-25 21:55:32.108823
Calculating Jaccard scores sums...33% completed @ 2022-06-25 21:55:32.711368
Calculating Jaccard scores sums...36% completed @ 2022-06-25 21:55:33.417504
Calculating Jaccard scores sums...39% completed @ 2022-06-25 21:55:34.114036
Calculating Jaccard scores sums...42% completed @ 2022-06-25 21:55:34.877954
Calculating Jaccard scores sums...45% completed @ 2022-06-25 21:55:35.708415
Calculating Jaccard scores sums...48% completed @ 2022-06-25 21:55:36.664244
Calculating Jaccard scores sums...51% completed @ 2022-06-25 21:55:37.624318
Calculating Jaccard scores sums...54% completed @ 2022-06-25 21:55:38.631048
Calculating Jaccard scores sums...57% completed @ 2022-06-25 21:55:39.669778
Calculating Jaccard scores sums...60% completed @ 2022-06-25 21:55:40.754147
Calculating Jaccard scores sums...63% completed @ 2022-06-25 21:55:41.898691
Calculating Jaccard scores sums...66% completed @ 2022-06-25 21:55:43.133651
Calculating Jaccard scores sums...69% completed @ 2022-06-25 21:55:44.460361
Calculating Jaccard scores sums...72% completed @ 2022-06-25 21:55:45.815544
Calculating Jaccard scores sums...75% completed @ 2022-06-25 21:55:47.257121
Calculating Jaccard scores sums...78% completed @ 2022-06-25 21:55:48.781590
Calculating Jaccard scores sums...81% completed @ 2022-06-25 21:55:50.294941
Calculating Jaccard scores sums...84% completed @ 2022-06-25 21:55:51.864172
Calculating Jaccard scores sums...87% completed @ 2022-06-25 21:55:53.561607
Calculating Jaccard scores sums...90% completed @ 2022-06-25 21:55:55.215322
Calculating Jaccard scores sums...93% completed @ 2022-06-25 21:55:57.018460
Calculating Jaccard scores sums...96% completed @ 2022-06-25 21:55:58.843977
Calculating Jaccard scores sums...99% completed @ 2022-06-25 21:56:00.760710
Injecting direct edges contribution
Obtaining max scores per vertex
Obtaining max scores per vertex...3% completed @ 2022-06-25 21:56:07.846212
Obtaining max scores per vertex...6% completed @ 2022-06-25 21:56:11.576842
Obtaining max scores per vertex...9% completed @ 2022-06-25 21:56:15.358545
Obtaining max scores per vertex...12% completed @ 2022-06-25 21:56:19.102543
Obtaining max scores per vertex...15% completed @ 2022-06-25 21:56:22.754459
Obtaining max scores per vertex...18% completed @ 2022-06-25 21:56:26.446894
Obtaining max scores per vertex...21% completed @ 2022-06-25 21:56:30.153188
Obtaining max scores per vertex...24% completed @ 2022-06-25 21:56:33.811536
Obtaining max scores per vertex...27% completed @ 2022-06-25 21:56:37.457087
Obtaining max scores per vertex...30% completed @ 2022-06-25 21:56:41.079297
Obtaining max scores per vertex...33% completed @ 2022-06-25 21:56:44.711252
Obtaining max scores per vertex...36% completed @ 2022-06-25 21:56:48.332519
Obtaining max scores per vertex...39% completed @ 2022-06-25 21:56:51.907337
Obtaining max scores per vertex...42% completed @ 2022-06-25 21:56:55.459342
Obtaining max scores per vertex...45% completed @ 2022-06-25 21:56:59.023813
Obtaining max scores per vertex...48% completed @ 2022-06-25 21:57:02.589802
Obtaining max scores per vertex...51% completed @ 2022-06-25 21:57:06.086817
Obtaining max scores per vertex...54% completed @ 2022-06-25 21:57:09.585170
Obtaining max scores per vertex...57% completed @ 2022-06-25 21:57:13.069059
Obtaining max scores per vertex...60% completed @ 2022-06-25 21:57:16.527757
Obtaining max scores per vertex...63% completed @ 2022-06-25 21:57:19.962066
Obtaining max scores per vertex...66% completed @ 2022-06-25 21:57:23.398321
Obtaining max scores per vertex...69% completed @ 2022-06-25 21:57:26.803916
Obtaining max scores per vertex...72% completed @ 2022-06-25 21:57:30.200227
Obtaining max scores per vertex...75% completed @ 2022-06-25 21:57:33.557333
Obtaining max scores per vertex...78% completed @ 2022-06-25 21:57:36.886573
Obtaining max scores per vertex...81% completed @ 2022-06-25 21:57:40.224647
Obtaining max scores per vertex...84% completed @ 2022-06-25 21:57:43.515489
Obtaining max scores per vertex...87% completed @ 2022-06-25 21:57:46.821263
Obtaining max scores per vertex...90% completed @ 2022-06-25 21:57:50.078145
Obtaining max scores per vertex...93% completed @ 2022-06-25 21:57:53.350688
Obtaining max scores per vertex...96% completed @ 2022-06-25 21:57:56.598343
Obtaining max scores per vertex...99% completed @ 2022-06-25 21:57:59.844402
Removing low scoring edges
Removing low scoring edges...3% completed @ 2022-06-25 21:58:00.994725
Removing low scoring edges...6% completed @ 2022-06-25 21:58:01.189644
Removing low scoring edges...9% completed @ 2022-06-25 21:58:01.521758
Removing low scoring edges...12% completed @ 2022-06-25 21:58:01.996842
Removing low scoring edges...15% completed @ 2022-06-25 21:58:02.597097
Removing low scoring edges...18% completed @ 2022-06-25 21:58:03.329613
Removing low scoring edges...21% completed @ 2022-06-25 21:58:04.195377
Removing low scoring edges...24% completed @ 2022-06-25 21:58:05.196755
Removing low scoring edges...27% completed @ 2022-06-25 21:58:06.340331
Removing low scoring edges...30% completed @ 2022-06-25 21:58:07.610509
Removing low scoring edges...33% completed @ 2022-06-25 21:58:09.026208
Removing low scoring edges...36% completed @ 2022-06-25 21:58:10.577233
Removing low scoring edges...39% completed @ 2022-06-25 21:58:12.265277
Removing low scoring edges...42% completed @ 2022-06-25 21:58:14.071896
Removing low scoring edges...45% completed @ 2022-06-25 21:58:16.019595
Removing low scoring edges...48% completed @ 2022-06-25 21:58:18.107788
Removing low scoring edges...51% completed @ 2022-06-25 21:58:20.326662
Removing low scoring edges...54% completed @ 2022-06-25 21:58:22.676238
Removing low scoring edges...57% completed @ 2022-06-25 21:58:25.181541
Removing low scoring edges...60% completed @ 2022-06-25 21:58:27.809785
Removing low scoring edges...63% completed @ 2022-06-25 21:58:30.571794
Removing low scoring edges...66% completed @ 2022-06-25 21:58:33.464818
Removing low scoring edges...69% completed @ 2022-06-25 21:58:36.502653
Removing low scoring edges...72% completed @ 2022-06-25 21:58:39.685112
Removing low scoring edges...75% completed @ 2022-06-25 21:58:43.012975
Removing low scoring edges...78% completed @ 2022-06-25 21:58:46.492866
Removing low scoring edges...81% completed @ 2022-06-25 21:58:50.075308
Removing low scoring edges...84% completed @ 2022-06-25 21:58:53.792583
Removing low scoring edges...87% completed @ 2022-06-25 21:58:57.650847
Removing low scoring edges...90% completed @ 2022-06-25 21:59:01.638502
Removing low scoring edges...93% completed @ 2022-06-25 21:59:05.760294
Removing low scoring edges...96% completed @ 2022-06-25 21:59:10.024027
Removing low scoring edges...99% completed @ 2022-06-25 21:59:14.425124
Finalizing extended graph
12062
[mcl] new tab created
[mcl] pid 28247
 ite -------------------  chaos  time hom(avg,lo,hi) expa expb expc fmv
  1  ...................   7.97  0.01 1.43/0.03/4.62 2.74 2.74 2.74   7
  2  ...................   9.77  0.02 0.77/0.13/1.36 1.15 0.96 2.64  56
  3  ...................   4.79  0.02 0.88/0.18/1.42 1.15 0.46 1.23  55
  4  ...................   2.14  0.01 0.95/0.37/1.68 1.09 0.64 0.78  13
  5  ...................   1.13  0.01 0.97/0.46/1.13 1.05 0.88 0.69   8
  6  ...................   2.40  0.00 0.98/0.29/1.11 1.01 0.91 0.63   7
  7  ...................   0.52  0.00 1.00/0.77/1.06 1.00 0.91 0.57   6
  8  ...................   0.16  0.00 1.00/0.88/1.03 1.00 0.97 0.55   4
  9  ...................   0.25  0.00 1.00/0.76/1.01 1.00 1.00 0.55   4
 10  ...................   0.08  0.00 1.00/0.92/1.00 1.00 1.00 0.55   4
 11  ...................   0.00  0.00 1.00/1.00/1.00 1.00 0.99 0.55   4
 12  ...................   0.00  0.00 1.00/1.00/1.00 1.00 1.00 0.55   4
[mcl] cut <49> instances of overlap
[mcl] jury pruning marks: <100,99,99>, out of 100
[mcl] jury pruning synopsis: <99.6 or perfect> (cf -scheme, -do log)
[mcl] output is in /home/wangph1/plant/data/mcl/reddit_s0-reddit_s10-k4-n20000-no1+1656218419.txt
[mcl] 543 clusters found
[mcl] output is in /home/wangph1/plant/data/mcl/reddit_s0-reddit_s10-k4-n20000-no1+1656218419.txt

Please cite:
    Stijn van Dongen, Graph Clustering by Flow Simulation.  PhD thesis,
    University of Utrecht, May 2000.
       (  http://www.library.uu.nl/digiarchief/dip/diss/1895620/full.pdf
       or  http://micans.org/mcl/lit/svdthesis.pdf.gz)
OR
    Stijn van Dongen, A cluster algorithm for graphs. Technical
    Report INS-R0010, National Research Institute for Mathematics
    and Computer Science in the Netherlands, Amsterdam, May 2000.
       (  http://www.cwi.nl/ftp/CWIreports/INS/INS-R0010.ps.Z
       or  http://micans.org/mcl/lit/INS-R0010.ps.Z)

/home/wangph1/plant/scripts
using old nif file for reddit_s0
using old nif file for reddit_s10
using old odv file for reddit_s0
using old odv file for reddit_s10
using old odv ort file for reddit_s0-reddit_s10
/home/wangph1/plant/data/mcl/reddit_s0-reddit_s10-k4-n20000-no1+1656218419.txt
/home/wangph1/plant/networks/mcl/reddit_s0_marked.nif
/home/wangph1/plant/networks/mcl/reddit_s10_marked.nif
/home/wangph1/plant/data/mcl/fake_ort/reddit_s0-reddit_s10-k4-n20000-no1.ort
/home/wangph1/plant/data/mcl/reddit_s0-reddit_s10-k4-n20000-no1.txt
Traceback (most recent call last):
  File "/home/wangph1/plant/scripts/mcl_helpers.py", line 139, in <module>
    full_local_run_mcl(gtag1, gtag2, notes=notes)
  File "/home/wangph1/plant/scripts/mcl_helpers.py", line 124, in full_local_run_mcl
    process_mcl(gtag1, gtag2, notes=notes)
  File "/home/wangph1/plant/scripts/mcl_helpers.py", line 112, in process_mcl
    num_ort, num_pairs = evaluate_alignment(gtag1, gtag2, notes=notes)
  File "/home/wangph1/plant/scripts/mcl_helpers.py", line 95, in evaluate_alignment
    m2m_pairs = read_in_slashes_m2m(out_path)
  File "/home/wangph1/plant/scripts/file_helpers.py", line 47, in read_in_slashes_m2m
    with open(m2m_path, 'r') as f:
FileNotFoundError: [Errno 2] No such file or directory: '/home/wangph1/plant/data/mcl/reddit_s0-reddit_s10-k4-n20000-no1.txt'
JOBSFINISHED
