Namespace(ag_file=['/home/wangph1/plant/data/mcl/dog-rabbit-k4-n13352-no1+1656218422.ag'], ort_file=['/home/wangph1/plant/data/mcl/fake_ort/dog-rabbit-k4-n13352-no1.ort'], ppi1_file=['/home/wangph1/plant/networks/mcl/dog_marked.nif'], ppi2_file=['/home/wangph1/plant/networks/mcl/rabbit_marked.nif'])
Loading input data
/home/wangph1/plant/networks/mcl/dog_marked.nif
/home/wangph1/plant/networks/mcl/rabbit_marked.nif
/home/wangph1/plant/data/mcl/fake_ort/dog-rabbit-k4-n13352-no1.ort
Building the union graph
Building rev maps
Building maps
Processing net 0 - simple nodes
Processing net 1 - simple nodes
Processing composite nodes
Building igraph.Graph
Entering build_union_graph_edges
Building graph1 edges...3% completed @ 2022-06-25 21:50:22.489721
Building graph1 edges...6% completed @ 2022-06-25 22:00:05.665346
Building graph1 edges...9% completed @ 2022-06-25 22:09:44.519727
Building graph1 edges...12% completed @ 2022-06-25 22:19:23.125116
Building graph1 edges...15% completed @ 2022-06-25 22:29:01.744575
Building graph1 edges...18% completed @ 2022-06-25 22:38:42.999198
Building graph1 edges...21% completed @ 2022-06-25 22:48:23.782367
Building graph1 edges...24% completed @ 2022-06-25 22:58:04.205785
Building graph1 edges...27% completed @ 2022-06-25 23:07:45.088718
Building graph1 edges...30% completed @ 2022-06-25 23:17:25.637232
Building graph1 edges...33% completed @ 2022-06-25 23:27:06.099333
Building graph1 edges...36% completed @ 2022-06-25 23:36:46.857758
Building graph1 edges...39% completed @ 2022-06-25 23:46:27.908740
Building graph1 edges...42% completed @ 2022-06-25 23:56:08.577282
Building graph1 edges...45% completed @ 2022-06-26 00:05:49.259607
Building graph1 edges...48% completed @ 2022-06-26 00:15:30.138380
Building graph1 edges...51% completed @ 2022-06-26 00:25:11.080617
Building graph1 edges...54% completed @ 2022-06-26 00:34:52.021777
Building graph1 edges...57% completed @ 2022-06-26 00:44:33.900107
Building graph1 edges...60% completed @ 2022-06-26 00:54:15.145271
Building graph1 edges...63% completed @ 2022-06-26 01:03:56.714470
Building graph1 edges...66% completed @ 2022-06-26 01:13:37.933117
Building graph1 edges...69% completed @ 2022-06-26 01:23:18.692395
Building graph1 edges...72% completed @ 2022-06-26 01:32:59.483104
Building graph1 edges...75% completed @ 2022-06-26 01:42:40.537161
Building graph1 edges...78% completed @ 2022-06-26 01:52:22.222696
Building graph1 edges...81% completed @ 2022-06-26 02:02:02.935186
Building graph1 edges...84% completed @ 2022-06-26 02:11:43.678290
Building graph1 edges...87% completed @ 2022-06-26 02:21:24.574926
Building graph1 edges...90% completed @ 2022-06-26 02:31:05.325507
Building graph1 edges...93% completed @ 2022-06-26 02:40:45.934750
Building graph1 edges...96% completed @ 2022-06-26 02:50:26.744163
Building graph1 edges...99% completed @ 2022-06-26 03:00:07.456946
Merging conserved edges
Pruning the union graph
Building the extended union graph
Extending the union graph...10% completed @ 2022-06-26 03:03:32.292613
Extending the union graph...20% completed @ 2022-06-26 03:03:32.342053
Extending the union graph...30% completed @ 2022-06-26 03:03:32.388821
Extending the union graph...40% completed @ 2022-06-26 03:03:32.499109
Extending the union graph...50% completed @ 2022-06-26 03:03:32.599026
Extending the union graph...60% completed @ 2022-06-26 03:03:32.909769
Extending the union graph...70% completed @ 2022-06-26 03:03:34.131158
Extending the union graph...80% completed @ 2022-06-26 03:03:35.305489
Extending the union graph...90% completed @ 2022-06-26 03:03:36.419422
Edge Jaccard on extended union graph dist 1
Building the extended union graph
Extending the union graph...3% completed @ 2022-06-26 03:03:58.516070
Extending the union graph...6% completed @ 2022-06-26 03:04:22.735030
Extending the union graph...9% completed @ 2022-06-26 03:04:38.764521
Extending the union graph...12% completed @ 2022-06-26 03:04:58.225742
Extending the union graph...15% completed @ 2022-06-26 03:05:19.686772
Extending the union graph...18% completed @ 2022-06-26 03:05:47.029042
Extending the union graph...21% completed @ 2022-06-26 03:06:06.626859
Extending the union graph...24% completed @ 2022-06-26 03:06:29.619011
Extending the union graph...27% completed @ 2022-06-26 03:07:03.279769
Extending the union graph...30% completed @ 2022-06-26 03:07:22.442181
Extending the union graph...33% completed @ 2022-06-26 03:07:39.095632
Extending the union graph...36% completed @ 2022-06-26 03:08:07.455401
Extending the union graph...39% completed @ 2022-06-26 03:08:41.470036
Extending the union graph...42% completed @ 2022-06-26 03:09:08.721847
Extending the union graph...45% completed @ 2022-06-26 03:09:38.374876
Extending the union graph...48% completed @ 2022-06-26 03:10:05.910384
Extending the union graph...51% completed @ 2022-06-26 03:10:35.019544
Extending the union graph...54% completed @ 2022-06-26 03:10:57.657280
Extending the union graph...57% completed @ 2022-06-26 03:11:36.770714
Extending the union graph...60% completed @ 2022-06-26 03:12:03.196755
Extending the union graph...63% completed @ 2022-06-26 03:12:37.227152
Extending the union graph...66% completed @ 2022-06-26 03:12:57.344308
Extending the union graph...69% completed @ 2022-06-26 03:13:29.351592
Extending the union graph...72% completed @ 2022-06-26 03:13:49.346639
Extending the union graph...75% completed @ 2022-06-26 03:14:15.662832
Extending the union graph...78% completed @ 2022-06-26 03:14:49.923624
Extending the union graph...81% completed @ 2022-06-26 03:14:59.042112
Extending the union graph...84% completed @ 2022-06-26 03:15:23.354176
Extending the union graph...87% completed @ 2022-06-26 03:15:40.378847
Extending the union graph...90% completed @ 2022-06-26 03:16:02.370975
Extending the union graph...93% completed @ 2022-06-26 03:16:22.998251
Extending the union graph...96% completed @ 2022-06-26 03:16:42.816833
Extending the union graph...99% completed @ 2022-06-26 03:17:15.248163
Evaluating vertex sums
Extending the union graph...3% completed @ 2022-06-26 03:17:23.099217
Extending the union graph...6% completed @ 2022-06-26 03:17:24.305594
Extending the union graph...9% completed @ 2022-06-26 03:17:25.512216
Extending the union graph...12% completed @ 2022-06-26 03:17:26.721100
Extending the union graph...15% completed @ 2022-06-26 03:17:27.930687
Extending the union graph...18% completed @ 2022-06-26 03:17:29.161125
Extending the union graph...21% completed @ 2022-06-26 03:17:30.388462
Extending the union graph...24% completed @ 2022-06-26 03:17:31.573785
Extending the union graph...27% completed @ 2022-06-26 03:17:32.779831
Extending the union graph...30% completed @ 2022-06-26 03:17:33.999145
Extending the union graph...33% completed @ 2022-06-26 03:17:35.204554
Extending the union graph...36% completed @ 2022-06-26 03:17:36.447232
Extending the union graph...39% completed @ 2022-06-26 03:17:37.660839
Extending the union graph...42% completed @ 2022-06-26 03:17:38.858418
Extending the union graph...45% completed @ 2022-06-26 03:17:40.074568
Extending the union graph...48% completed @ 2022-06-26 03:17:41.302476
Extending the union graph...51% completed @ 2022-06-26 03:17:42.542188
Extending the union graph...54% completed @ 2022-06-26 03:17:43.743152
Extending the union graph...57% completed @ 2022-06-26 03:17:44.967301
Extending the union graph...60% completed @ 2022-06-26 03:17:46.183470
Extending the union graph...63% completed @ 2022-06-26 03:17:47.412009
Extending the union graph...66% completed @ 2022-06-26 03:17:48.610648
Extending the union graph...69% completed @ 2022-06-26 03:17:49.875413
Extending the union graph...72% completed @ 2022-06-26 03:17:51.136614
Extending the union graph...75% completed @ 2022-06-26 03:17:52.345535
Extending the union graph...78% completed @ 2022-06-26 03:17:53.551330
Extending the union graph...81% completed @ 2022-06-26 03:17:54.744266
Extending the union graph...84% completed @ 2022-06-26 03:17:55.938335
Extending the union graph...87% completed @ 2022-06-26 03:17:57.162429
Extending the union graph...90% completed @ 2022-06-26 03:17:58.387874
Extending the union graph...93% completed @ 2022-06-26 03:17:59.620738
Extending the union graph...96% completed @ 2022-06-26 03:18:00.856854
Extending the union graph...99% completed @ 2022-06-26 03:18:02.037977
Calculating Jaccard scores sums
Calculating Jaccard scores sums...3% completed @ 2022-06-26 03:18:02.487945
Calculating Jaccard scores sums...6% completed @ 2022-06-26 03:18:02.610158
Calculating Jaccard scores sums...9% completed @ 2022-06-26 03:18:02.823413
Calculating Jaccard scores sums...12% completed @ 2022-06-26 03:18:03.121037
Calculating Jaccard scores sums...15% completed @ 2022-06-26 03:18:03.505113
Calculating Jaccard scores sums...18% completed @ 2022-06-26 03:18:03.967752
Calculating Jaccard scores sums...21% completed @ 2022-06-26 03:18:04.512129
Calculating Jaccard scores sums...24% completed @ 2022-06-26 03:18:05.157012
Calculating Jaccard scores sums...27% completed @ 2022-06-26 03:18:05.901279
Calculating Jaccard scores sums...30% completed @ 2022-06-26 03:18:06.731578
Calculating Jaccard scores sums...33% completed @ 2022-06-26 03:18:07.649571
Calculating Jaccard scores sums...36% completed @ 2022-06-26 03:18:08.636532
Calculating Jaccard scores sums...39% completed @ 2022-06-26 03:18:09.713762
Calculating Jaccard scores sums...42% completed @ 2022-06-26 03:18:10.868313
Calculating Jaccard scores sums...45% completed @ 2022-06-26 03:18:12.123760
Calculating Jaccard scores sums...48% completed @ 2022-06-26 03:18:13.477005
Calculating Jaccard scores sums...51% completed @ 2022-06-26 03:18:14.973643
Calculating Jaccard scores sums...54% completed @ 2022-06-26 03:18:16.481102
Calculating Jaccard scores sums...57% completed @ 2022-06-26 03:18:18.084807
Calculating Jaccard scores sums...60% completed @ 2022-06-26 03:18:19.774055
Calculating Jaccard scores sums...63% completed @ 2022-06-26 03:18:21.596456
Calculating Jaccard scores sums...66% completed @ 2022-06-26 03:18:23.457603
Calculating Jaccard scores sums...69% completed @ 2022-06-26 03:18:25.401534
Calculating Jaccard scores sums...72% completed @ 2022-06-26 03:18:27.460444
Calculating Jaccard scores sums...75% completed @ 2022-06-26 03:18:29.617836
Calculating Jaccard scores sums...78% completed @ 2022-06-26 03:18:31.826099
Calculating Jaccard scores sums...81% completed @ 2022-06-26 03:18:34.125570
Calculating Jaccard scores sums...84% completed @ 2022-06-26 03:18:36.545082
Calculating Jaccard scores sums...87% completed @ 2022-06-26 03:18:39.024629
Calculating Jaccard scores sums...90% completed @ 2022-06-26 03:18:41.576229
Calculating Jaccard scores sums...93% completed @ 2022-06-26 03:18:44.240866
Calculating Jaccard scores sums...96% completed @ 2022-06-26 03:18:46.980875
Calculating Jaccard scores sums...99% completed @ 2022-06-26 03:18:49.794328
Injecting direct edges contribution
Obtaining max scores per vertex
Obtaining max scores per vertex...3% completed @ 2022-06-26 03:18:58.040983
Obtaining max scores per vertex...6% completed @ 2022-06-26 03:18:59.881936
Obtaining max scores per vertex...9% completed @ 2022-06-26 03:19:01.671864
Obtaining max scores per vertex...12% completed @ 2022-06-26 03:19:03.480345
Obtaining max scores per vertex...15% completed @ 2022-06-26 03:19:05.276071
Obtaining max scores per vertex...18% completed @ 2022-06-26 03:19:07.107416
Obtaining max scores per vertex...21% completed @ 2022-06-26 03:19:08.898895
Obtaining max scores per vertex...24% completed @ 2022-06-26 03:19:10.687032
Obtaining max scores per vertex...27% completed @ 2022-06-26 03:19:12.497113
Obtaining max scores per vertex...30% completed @ 2022-06-26 03:19:14.312282
Obtaining max scores per vertex...33% completed @ 2022-06-26 03:19:16.120203
Obtaining max scores per vertex...36% completed @ 2022-06-26 03:19:17.909582
Obtaining max scores per vertex...39% completed @ 2022-06-26 03:19:19.701229
Obtaining max scores per vertex...42% completed @ 2022-06-26 03:19:21.530889
Obtaining max scores per vertex...45% completed @ 2022-06-26 03:19:23.325622
Obtaining max scores per vertex...48% completed @ 2022-06-26 03:19:25.114461
Obtaining max scores per vertex...51% completed @ 2022-06-26 03:19:26.897393
Obtaining max scores per vertex...54% completed @ 2022-06-26 03:19:28.687183
Obtaining max scores per vertex...57% completed @ 2022-06-26 03:19:30.473553
Obtaining max scores per vertex...60% completed @ 2022-06-26 03:19:32.238695
Obtaining max scores per vertex...63% completed @ 2022-06-26 03:19:34.026492
Obtaining max scores per vertex...66% completed @ 2022-06-26 03:19:35.795906
Obtaining max scores per vertex...69% completed @ 2022-06-26 03:19:37.591933
Obtaining max scores per vertex...72% completed @ 2022-06-26 03:19:39.352799
Obtaining max scores per vertex...75% completed @ 2022-06-26 03:19:41.111856
Obtaining max scores per vertex...78% completed @ 2022-06-26 03:19:42.862515
Obtaining max scores per vertex...81% completed @ 2022-06-26 03:19:44.629570
Obtaining max scores per vertex...84% completed @ 2022-06-26 03:19:46.364861
Obtaining max scores per vertex...87% completed @ 2022-06-26 03:19:48.117049
Obtaining max scores per vertex...90% completed @ 2022-06-26 03:19:49.836194
Obtaining max scores per vertex...93% completed @ 2022-06-26 03:19:51.566341
Obtaining max scores per vertex...96% completed @ 2022-06-26 03:19:53.272505
Obtaining max scores per vertex...99% completed @ 2022-06-26 03:19:54.942555
Removing low scoring edges
Removing low scoring edges...3% completed @ 2022-06-26 03:19:55.551351
Removing low scoring edges...6% completed @ 2022-06-26 03:19:55.666141
Removing low scoring edges...9% completed @ 2022-06-26 03:19:55.860745
Removing low scoring edges...12% completed @ 2022-06-26 03:19:56.139112
Removing low scoring edges...15% completed @ 2022-06-26 03:19:56.496469
Removing low scoring edges...18% completed @ 2022-06-26 03:19:56.938113
Removing low scoring edges...21% completed @ 2022-06-26 03:19:57.481159
Removing low scoring edges...24% completed @ 2022-06-26 03:19:58.103912
Removing low scoring edges...27% completed @ 2022-06-26 03:19:58.805005
Removing low scoring edges...30% completed @ 2022-06-26 03:19:59.597108
Removing low scoring edges...33% completed @ 2022-06-26 03:20:00.443630
Removing low scoring edges...36% completed @ 2022-06-26 03:20:01.377851
Removing low scoring edges...39% completed @ 2022-06-26 03:20:02.381885
Removing low scoring edges...42% completed @ 2022-06-26 03:20:03.475653
Removing low scoring edges...45% completed @ 2022-06-26 03:20:04.660747
Removing low scoring edges...48% completed @ 2022-06-26 03:20:05.959411
Removing low scoring edges...51% completed @ 2022-06-26 03:20:07.320121
Removing low scoring edges...54% completed @ 2022-06-26 03:20:08.725724
Removing low scoring edges...57% completed @ 2022-06-26 03:20:10.214448
Removing low scoring edges...60% completed @ 2022-06-26 03:20:11.808717
Removing low scoring edges...63% completed @ 2022-06-26 03:20:13.518373
Removing low scoring edges...66% completed @ 2022-06-26 03:20:15.276484
Removing low scoring edges...69% completed @ 2022-06-26 03:20:17.138140
Removing low scoring edges...72% completed @ 2022-06-26 03:20:19.094593
Removing low scoring edges...75% completed @ 2022-06-26 03:20:21.106797
Removing low scoring edges...78% completed @ 2022-06-26 03:20:23.225449
Removing low scoring edges...81% completed @ 2022-06-26 03:20:25.391971
Removing low scoring edges...84% completed @ 2022-06-26 03:20:27.657493
Removing low scoring edges...87% completed @ 2022-06-26 03:20:30.070958
Removing low scoring edges...90% completed @ 2022-06-26 03:20:32.496508
Removing low scoring edges...93% completed @ 2022-06-26 03:20:35.023201
Removing low scoring edges...96% completed @ 2022-06-26 03:20:37.714792
Removing low scoring edges...99% completed @ 2022-06-26 03:20:40.361076
Finalizing extended graph
788949
.......................................[mcl] new tab created
[mcl] pid 476990
 ite -------------------  chaos  time hom(avg,lo,hi) expa expb expc fmv
  1  ................... 254.76  4.10 0.76/0.00/14.44 29.19 7.59 7.59  78
  2  ................... 300.87 35.34 0.61/0.03/1.58 10.10 0.37 2.82  99
  3  ................... 124.97  6.69 0.85/0.04/2.62 15.78 0.05 0.14  89
  4  ...................  25.92  0.07 0.93/0.10/6.88 3.02 0.31 0.04   9
  5  ...................   4.60  0.02 0.97/0.17/3.84 1.16 0.60 0.03   0
  6  ...................   1.73  0.01 0.97/0.28/1.39 1.01 0.85 0.02   0
  7  ...................   1.48  0.01 0.96/0.39/1.19 1.00 0.95 0.02   0
  8  ...................   2.02  0.01 0.94/0.34/1.00 1.00 0.97 0.02   0
  9  ...................   2.69  0.01 0.94/0.31/1.00 1.00 0.93 0.02   0
 10  ...................   1.91  0.01 0.95/0.42/1.00 1.00 0.83 0.02   0
 11  ...................   1.64  0.01 0.95/0.47/1.00 1.00 0.84 0.01   0
 12  ...................   1.72  0.01 0.96/0.44/1.00 1.00 0.85 0.01   0
 13  ...................   1.20  0.00 0.98/0.58/1.00 1.00 0.86 0.01   0
 14  ...................   0.76  0.00 0.99/0.67/1.00 1.00 0.88 0.01   0
 15  ...................   0.40  0.00 1.00/0.72/1.00 1.00 0.93 0.01   0
 16  ...................   0.25  0.00 1.00/0.76/1.00 1.00 0.97 0.01   0
 17  ...................   0.12  0.00 1.00/0.88/1.00 1.00 0.98 0.01   0
 18  ...................   0.00  0.00 1.00/1.00/1.00 1.00 1.00 0.01   0
 19  ...................   0.00  0.00 1.00/1.00/1.00 1.00 1.00 0.01   0
[mcl] cut <1> instances of overlap
[mcl] jury pruning marks: <51,90,99>, out of 100
[mcl] jury pruning synopsis: <66.8 or fair> (cf -scheme, -do log)
[mcl] output is in /home/wangph1/plant/data/mcl/dog-rabbit-k4-n13352-no1+1656218422.txt
[mcl] 2207 clusters found
[mcl] output is in /home/wangph1/plant/data/mcl/dog-rabbit-k4-n13352-no1+1656218422.txt

Please cite:
    Stijn van Dongen, Graph Clustering by Flow Simulation.  PhD thesis,
    University of Utrecht, May 2000.
       (  http://www.library.uu.nl/digiarchief/dip/diss/1895620/full.pdf
       or  http://micans.org/mcl/lit/svdthesis.pdf.gz)
OR
    Stijn van Dongen, A cluster algorithm for graphs. Technical
    Report INS-R0010, National Research Institute for Mathematics
    and Computer Science in the Netherlands, Amsterdam, May 2000.
       (  http://www.cwi.nl/ftp/CWIreports/INS/INS-R0010.ps.Z
       or  http://micans.org/mcl/lit/INS-R0010.ps.Z)

/home/wangph1/plant/scripts
using old nif file for dog
using old nif file for rabbit
using old odv file for dog
using old odv file for rabbit
using old odv ort file for dog-rabbit
/home/wangph1/plant/data/mcl/dog-rabbit-k4-n13352-no1+1656218422.txt
/home/wangph1/plant/networks/mcl/dog_marked.nif
/home/wangph1/plant/networks/mcl/rabbit_marked.nif
/home/wangph1/plant/data/mcl/fake_ort/dog-rabbit-k4-n13352-no1.ort
/home/wangph1/plant/data/mcl/dog-rabbit-k4-n13352-no1.txt
Traceback (most recent call last):
  File "/home/wangph1/plant/scripts/mcl_helpers.py", line 139, in <module>
    full_local_run_mcl(gtag1, gtag2, notes=notes)
  File "/home/wangph1/plant/scripts/mcl_helpers.py", line 124, in full_local_run_mcl
    process_mcl(gtag1, gtag2, notes=notes)
  File "/home/wangph1/plant/scripts/mcl_helpers.py", line 112, in process_mcl
    num_ort, num_pairs = evaluate_alignment(gtag1, gtag2, notes=notes)
  File "/home/wangph1/plant/scripts/mcl_helpers.py", line 95, in evaluate_alignment
    m2m_pairs = read_in_slashes_m2m(out_path)
  File "/home/wangph1/plant/scripts/file_helpers.py", line 47, in read_in_slashes_m2m
    with open(m2m_path, 'r') as f:
FileNotFoundError: [Errno 2] No such file or directory: '/home/wangph1/plant/data/mcl/dog-rabbit-k4-n13352-no1.txt'
JOBSFINISHED
