Namespace(ag_file=['/home/wangph1/plant/data/mcl/email_s0-email_s10-k4-n964-no1+1656218418.ag'], ort_file=['/home/wangph1/plant/data/mcl/fake_ort/email_s0-email_s10-k4-n964-no1.ort'], ppi1_file=['/home/wangph1/plant/networks/mcl/email_s0_marked.nif'], ppi2_file=['/home/wangph1/plant/networks/mcl/email_s10_marked.nif'])
Loading input data
/home/wangph1/plant/networks/mcl/email_s0_marked.nif
/home/wangph1/plant/networks/mcl/email_s10_marked.nif
/home/wangph1/plant/data/mcl/fake_ort/email_s0-email_s10-k4-n964-no1.ort
Building the union graph
Building rev maps
Building maps
Processing net 0 - simple nodes
Processing net 1 - simple nodes
Processing composite nodes
Building igraph.Graph
Entering build_union_graph_edges
Building graph1 edges...3% completed @ 2022-06-25 21:40:20.328710
Building graph1 edges...6% completed @ 2022-06-25 21:40:21.600706
Building graph1 edges...9% completed @ 2022-06-25 21:40:22.874498
Building graph1 edges...12% completed @ 2022-06-25 21:40:24.144761
Building graph1 edges...15% completed @ 2022-06-25 21:40:25.418585
Building graph1 edges...18% completed @ 2022-06-25 21:40:26.701869
Building graph1 edges...21% completed @ 2022-06-25 21:40:27.980164
Building graph1 edges...24% completed @ 2022-06-25 21:40:29.258609
Building graph1 edges...27% completed @ 2022-06-25 21:40:30.531538
Building graph1 edges...30% completed @ 2022-06-25 21:40:31.803446
Building graph1 edges...33% completed @ 2022-06-25 21:40:33.081437
Building graph1 edges...36% completed @ 2022-06-25 21:40:34.351464
Building graph1 edges...39% completed @ 2022-06-25 21:40:35.623758
Building graph1 edges...42% completed @ 2022-06-25 21:40:36.896079
Building graph1 edges...45% completed @ 2022-06-25 21:40:38.180408
Building graph1 edges...48% completed @ 2022-06-25 21:40:39.456105
Building graph1 edges...51% completed @ 2022-06-25 21:40:40.728984
Building graph1 edges...54% completed @ 2022-06-25 21:40:42.013050
Building graph1 edges...57% completed @ 2022-06-25 21:40:43.295619
Building graph1 edges...60% completed @ 2022-06-25 21:40:44.569569
Building graph1 edges...63% completed @ 2022-06-25 21:40:45.839338
Building graph1 edges...66% completed @ 2022-06-25 21:40:47.119523
Building graph1 edges...69% completed @ 2022-06-25 21:40:48.402081
Building graph1 edges...72% completed @ 2022-06-25 21:40:49.672167
Building graph1 edges...75% completed @ 2022-06-25 21:40:50.950116
Building graph1 edges...78% completed @ 2022-06-25 21:40:52.230399
Building graph1 edges...81% completed @ 2022-06-25 21:40:53.512934
Building graph1 edges...84% completed @ 2022-06-25 21:40:54.793667
Building graph1 edges...87% completed @ 2022-06-25 21:40:56.064921
Building graph1 edges...90% completed @ 2022-06-25 21:40:57.349582
Building graph1 edges...93% completed @ 2022-06-25 21:40:58.634229
Building graph1 edges...96% completed @ 2022-06-25 21:40:59.905483
Building graph1 edges...99% completed @ 2022-06-25 21:41:01.179274
Merging conserved edges
Pruning the union graph
Building the extended union graph
Extending the union graph...10% completed @ 2022-06-25 21:41:02.113270
Extending the union graph...20% completed @ 2022-06-25 21:41:02.115940
Extending the union graph...30% completed @ 2022-06-25 21:41:02.120012
Extending the union graph...40% completed @ 2022-06-25 21:41:02.125716
Extending the union graph...50% completed @ 2022-06-25 21:41:02.131470
Extending the union graph...60% completed @ 2022-06-25 21:41:02.167919
Extending the union graph...70% completed @ 2022-06-25 21:41:02.260274
Extending the union graph...80% completed @ 2022-06-25 21:41:02.347436
Extending the union graph...90% completed @ 2022-06-25 21:41:02.422680
Edge Jaccard on extended union graph dist 1
Building the extended union graph
Extending the union graph...3% completed @ 2022-06-25 21:41:03.800901
Extending the union graph...6% completed @ 2022-06-25 21:41:05.090104
Extending the union graph...9% completed @ 2022-06-25 21:41:05.787809
Extending the union graph...12% completed @ 2022-06-25 21:41:06.993310
Extending the union graph...15% completed @ 2022-06-25 21:41:07.804215
Extending the union graph...18% completed @ 2022-06-25 21:41:08.362105
Extending the union graph...21% completed @ 2022-06-25 21:41:09.772107
Extending the union graph...24% completed @ 2022-06-25 21:41:10.909841
Extending the union graph...27% completed @ 2022-06-25 21:41:11.310453
Extending the union graph...30% completed @ 2022-06-25 21:41:12.148394
Extending the union graph...33% completed @ 2022-06-25 21:41:12.692720
Extending the union graph...36% completed @ 2022-06-25 21:41:13.232156
Extending the union graph...39% completed @ 2022-06-25 21:41:14.433848
Extending the union graph...42% completed @ 2022-06-25 21:41:15.371317
Extending the union graph...45% completed @ 2022-06-25 21:41:16.538982
Extending the union graph...48% completed @ 2022-06-25 21:41:17.803698
Extending the union graph...51% completed @ 2022-06-25 21:41:18.800656
Extending the union graph...54% completed @ 2022-06-25 21:41:19.534098
Extending the union graph...57% completed @ 2022-06-25 21:41:20.527517
Extending the union graph...60% completed @ 2022-06-25 21:41:21.049932
Extending the union graph...63% completed @ 2022-06-25 21:41:22.102874
Extending the union graph...66% completed @ 2022-06-25 21:41:23.531332
Extending the union graph...69% completed @ 2022-06-25 21:41:24.157509
Extending the union graph...72% completed @ 2022-06-25 21:41:24.734186
Extending the union graph...75% completed @ 2022-06-25 21:41:25.211796
Extending the union graph...78% completed @ 2022-06-25 21:41:26.080899
Extending the union graph...81% completed @ 2022-06-25 21:41:26.445222
Extending the union graph...84% completed @ 2022-06-25 21:41:27.158635
Extending the union graph...87% completed @ 2022-06-25 21:41:28.722603
Extending the union graph...90% completed @ 2022-06-25 21:41:28.979214
Extending the union graph...93% completed @ 2022-06-25 21:41:29.934106
Extending the union graph...96% completed @ 2022-06-25 21:41:31.740511
Extending the union graph...99% completed @ 2022-06-25 21:41:33.476501
Evaluating vertex sums
Extending the union graph...3% completed @ 2022-06-25 21:41:33.620580
Extending the union graph...6% completed @ 2022-06-25 21:41:33.626155
Extending the union graph...9% completed @ 2022-06-25 21:41:33.631720
Extending the union graph...12% completed @ 2022-06-25 21:41:33.637337
Extending the union graph...15% completed @ 2022-06-25 21:41:33.642923
Extending the union graph...18% completed @ 2022-06-25 21:41:33.648593
Extending the union graph...21% completed @ 2022-06-25 21:41:33.654230
Extending the union graph...24% completed @ 2022-06-25 21:41:33.659906
Extending the union graph...27% completed @ 2022-06-25 21:41:33.665542
Extending the union graph...30% completed @ 2022-06-25 21:41:33.671220
Extending the union graph...33% completed @ 2022-06-25 21:41:33.676907
Extending the union graph...36% completed @ 2022-06-25 21:41:33.682577
Extending the union graph...39% completed @ 2022-06-25 21:41:33.688141
Extending the union graph...42% completed @ 2022-06-25 21:41:33.693835
Extending the union graph...45% completed @ 2022-06-25 21:41:33.699552
Extending the union graph...48% completed @ 2022-06-25 21:41:33.705345
Extending the union graph...51% completed @ 2022-06-25 21:41:33.711048
Extending the union graph...54% completed @ 2022-06-25 21:41:33.716841
Extending the union graph...57% completed @ 2022-06-25 21:41:33.722517
Extending the union graph...60% completed @ 2022-06-25 21:41:33.728350
Extending the union graph...63% completed @ 2022-06-25 21:41:33.734047
Extending the union graph...66% completed @ 2022-06-25 21:41:33.739848
Extending the union graph...69% completed @ 2022-06-25 21:41:33.745608
Extending the union graph...72% completed @ 2022-06-25 21:41:33.751337
Extending the union graph...75% completed @ 2022-06-25 21:41:33.756972
Extending the union graph...78% completed @ 2022-06-25 21:41:33.762768
Extending the union graph...81% completed @ 2022-06-25 21:41:33.768566
Extending the union graph...84% completed @ 2022-06-25 21:41:33.774366
Extending the union graph...87% completed @ 2022-06-25 21:41:33.780206
Extending the union graph...90% completed @ 2022-06-25 21:41:33.786004
Extending the union graph...93% completed @ 2022-06-25 21:41:33.791812
Extending the union graph...96% completed @ 2022-06-25 21:41:33.797535
Extending the union graph...99% completed @ 2022-06-25 21:41:33.803276
Calculating Jaccard scores sums
Calculating Jaccard scores sums...3% completed @ 2022-06-25 21:41:33.805371
Calculating Jaccard scores sums...6% completed @ 2022-06-25 21:41:33.806045
Calculating Jaccard scores sums...9% completed @ 2022-06-25 21:41:33.807170
Calculating Jaccard scores sums...12% completed @ 2022-06-25 21:41:33.808780
Calculating Jaccard scores sums...15% completed @ 2022-06-25 21:41:33.810782
Calculating Jaccard scores sums...18% completed @ 2022-06-25 21:41:33.813261
Calculating Jaccard scores sums...21% completed @ 2022-06-25 21:41:33.816148
Calculating Jaccard scores sums...24% completed @ 2022-06-25 21:41:33.819343
Calculating Jaccard scores sums...27% completed @ 2022-06-25 21:41:33.822966
Calculating Jaccard scores sums...30% completed @ 2022-06-25 21:41:33.826988
Calculating Jaccard scores sums...33% completed @ 2022-06-25 21:41:33.831470
Calculating Jaccard scores sums...36% completed @ 2022-06-25 21:41:33.836436
Calculating Jaccard scores sums...39% completed @ 2022-06-25 21:41:33.841719
Calculating Jaccard scores sums...42% completed @ 2022-06-25 21:41:33.847552
Calculating Jaccard scores sums...45% completed @ 2022-06-25 21:41:33.853819
Calculating Jaccard scores sums...48% completed @ 2022-06-25 21:41:33.860487
Calculating Jaccard scores sums...51% completed @ 2022-06-25 21:41:33.867556
Calculating Jaccard scores sums...54% completed @ 2022-06-25 21:41:33.875120
Calculating Jaccard scores sums...57% completed @ 2022-06-25 21:41:33.883081
Calculating Jaccard scores sums...60% completed @ 2022-06-25 21:41:33.891583
Calculating Jaccard scores sums...63% completed @ 2022-06-25 21:41:33.900556
Calculating Jaccard scores sums...66% completed @ 2022-06-25 21:41:33.909907
Calculating Jaccard scores sums...69% completed @ 2022-06-25 21:41:33.919660
Calculating Jaccard scores sums...72% completed @ 2022-06-25 21:41:33.929971
Calculating Jaccard scores sums...75% completed @ 2022-06-25 21:41:33.940674
Calculating Jaccard scores sums...78% completed @ 2022-06-25 21:41:33.952374
Calculating Jaccard scores sums...81% completed @ 2022-06-25 21:41:33.964468
Calculating Jaccard scores sums...84% completed @ 2022-06-25 21:41:33.976559
Calculating Jaccard scores sums...87% completed @ 2022-06-25 21:41:33.989140
Calculating Jaccard scores sums...90% completed @ 2022-06-25 21:41:34.002179
Calculating Jaccard scores sums...93% completed @ 2022-06-25 21:41:34.015662
Calculating Jaccard scores sums...96% completed @ 2022-06-25 21:41:34.029544
Calculating Jaccard scores sums...99% completed @ 2022-06-25 21:41:34.043758
Injecting direct edges contribution
Obtaining max scores per vertex
Obtaining max scores per vertex...3% completed @ 2022-06-25 21:41:34.162122
Obtaining max scores per vertex...6% completed @ 2022-06-25 21:41:34.170499
Obtaining max scores per vertex...9% completed @ 2022-06-25 21:41:34.178877
Obtaining max scores per vertex...12% completed @ 2022-06-25 21:41:34.187310
Obtaining max scores per vertex...15% completed @ 2022-06-25 21:41:34.195706
Obtaining max scores per vertex...18% completed @ 2022-06-25 21:41:34.204160
Obtaining max scores per vertex...21% completed @ 2022-06-25 21:41:34.212651
Obtaining max scores per vertex...24% completed @ 2022-06-25 21:41:34.221117
Obtaining max scores per vertex...27% completed @ 2022-06-25 21:41:34.229590
Obtaining max scores per vertex...30% completed @ 2022-06-25 21:41:34.238108
Obtaining max scores per vertex...33% completed @ 2022-06-25 21:41:34.246690
Obtaining max scores per vertex...36% completed @ 2022-06-25 21:41:34.255295
Obtaining max scores per vertex...39% completed @ 2022-06-25 21:41:34.263608
Obtaining max scores per vertex...42% completed @ 2022-06-25 21:41:34.272275
Obtaining max scores per vertex...45% completed @ 2022-06-25 21:41:34.280948
Obtaining max scores per vertex...48% completed @ 2022-06-25 21:41:34.289623
Obtaining max scores per vertex...51% completed @ 2022-06-25 21:41:34.298300
Obtaining max scores per vertex...54% completed @ 2022-06-25 21:41:34.306956
Obtaining max scores per vertex...57% completed @ 2022-06-25 21:41:34.315651
Obtaining max scores per vertex...60% completed @ 2022-06-25 21:41:34.324489
Obtaining max scores per vertex...63% completed @ 2022-06-25 21:41:34.333208
Obtaining max scores per vertex...66% completed @ 2022-06-25 21:41:34.342050
Obtaining max scores per vertex...69% completed @ 2022-06-25 21:41:34.350815
Obtaining max scores per vertex...72% completed @ 2022-06-25 21:41:34.359593
Obtaining max scores per vertex...75% completed @ 2022-06-25 21:41:34.368235
Obtaining max scores per vertex...78% completed @ 2022-06-25 21:41:34.377071
Obtaining max scores per vertex...81% completed @ 2022-06-25 21:41:34.385859
Obtaining max scores per vertex...84% completed @ 2022-06-25 21:41:34.394711
Obtaining max scores per vertex...87% completed @ 2022-06-25 21:41:34.403533
Obtaining max scores per vertex...90% completed @ 2022-06-25 21:41:34.412418
Obtaining max scores per vertex...93% completed @ 2022-06-25 21:41:34.421204
Obtaining max scores per vertex...96% completed @ 2022-06-25 21:41:34.429998
Obtaining max scores per vertex...99% completed @ 2022-06-25 21:41:34.438862
Removing low scoring edges
Removing low scoring edges...3% completed @ 2022-06-25 21:41:34.441873
Removing low scoring edges...6% completed @ 2022-06-25 21:41:34.442511
Removing low scoring edges...9% completed @ 2022-06-25 21:41:34.443530
Removing low scoring edges...12% completed @ 2022-06-25 21:41:34.444982
Removing low scoring edges...15% completed @ 2022-06-25 21:41:34.446781
Removing low scoring edges...18% completed @ 2022-06-25 21:41:34.449029
Removing low scoring edges...21% completed @ 2022-06-25 21:41:34.451552
Removing low scoring edges...24% completed @ 2022-06-25 21:41:34.454533
Removing low scoring edges...27% completed @ 2022-06-25 21:41:34.457962
Removing low scoring edges...30% completed @ 2022-06-25 21:41:34.461815
Removing low scoring edges...33% completed @ 2022-06-25 21:41:34.466118
Removing low scoring edges...36% completed @ 2022-06-25 21:41:34.470831
Removing low scoring edges...39% completed @ 2022-06-25 21:41:34.475682
Removing low scoring edges...42% completed @ 2022-06-25 21:41:34.481190
Removing low scoring edges...45% completed @ 2022-06-25 21:41:34.487056
Removing low scoring edges...48% completed @ 2022-06-25 21:41:34.493365
Removing low scoring edges...51% completed @ 2022-06-25 21:41:34.500160
Removing low scoring edges...54% completed @ 2022-06-25 21:41:34.507400
Removing low scoring edges...57% completed @ 2022-06-25 21:41:34.514993
Removing low scoring edges...60% completed @ 2022-06-25 21:41:34.523169
Removing low scoring edges...63% completed @ 2022-06-25 21:41:34.531534
Removing low scoring edges...66% completed @ 2022-06-25 21:41:34.540453
Removing low scoring edges...69% completed @ 2022-06-25 21:41:34.549809
Removing low scoring edges...72% completed @ 2022-06-25 21:41:34.559555
Removing low scoring edges...75% completed @ 2022-06-25 21:41:34.569510
Removing low scoring edges...78% completed @ 2022-06-25 21:41:34.580270
Removing low scoring edges...81% completed @ 2022-06-25 21:41:34.591311
Removing low scoring edges...84% completed @ 2022-06-25 21:41:34.602849
Removing low scoring edges...87% completed @ 2022-06-25 21:41:34.614503
Removing low scoring edges...90% completed @ 2022-06-25 21:41:34.627000
Removing low scoring edges...93% completed @ 2022-06-25 21:41:34.639655
Removing low scoring edges...96% completed @ 2022-06-25 21:41:34.652512
Removing low scoring edges...99% completed @ 2022-06-25 21:41:34.665815
Finalizing extended graph
79208
...[mcl] new tab created
[mcl] pid 470157
 ite --------------------  chaos  time hom(avg,lo,hi) expa expb expc fmv
  1  ....................  57.87  0.14 1.29/0.05/10.80 5.07 4.69 4.69  99
  2  .................... 132.20  0.89 0.74/0.06/1.89 1.23 0.85 3.98 100
  3  ....................  78.92  0.63 0.55/0.03/1.28 1.43 0.36 1.44 100
  4  ....................  38.10  0.12 0.61/0.07/3.48 2.47 0.24 0.34  96
  5  ....................   8.40  0.01 0.88/0.40/3.61 1.51 0.29 0.10  65
  6  ....................   1.71  0.00 0.93/0.46/1.00 1.13 0.23 0.02  41
  7  ....................   1.17  0.00 0.92/0.29/1.00 1.02 0.79 0.02   3
  8  ....................   1.52  0.00 0.91/0.37/1.00 1.00 0.80 0.01   3
  9  ....................   1.32  0.00 0.91/0.56/1.00 1.00 0.82 0.01   2
 10  ....................   0.49  0.00 0.93/0.65/1.00 1.00 0.75 0.01   0
 11  ....................   0.23  0.00 0.99/0.79/1.00 1.00 0.96 0.01   0
 12  ....................   0.02  0.00 1.00/0.98/1.00 1.00 0.75 0.01   0
 13  ....................   0.00  0.00 1.00/1.00/1.00 1.00 0.95 0.01   0
[mcl] jury pruning marks: <99,98,99>, out of 100
[mcl] jury pruning synopsis: <98.8 or marvelous> (cf -scheme, -do log)
[mcl] output is in /home/wangph1/plant/data/mcl/email_s0-email_s10-k4-n964-no1+1656218418.txt
[mcl] 89 clusters found
[mcl] output is in /home/wangph1/plant/data/mcl/email_s0-email_s10-k4-n964-no1+1656218418.txt

Please cite:
    Stijn van Dongen, Graph Clustering by Flow Simulation.  PhD thesis,
    University of Utrecht, May 2000.
       (  http://www.library.uu.nl/digiarchief/dip/diss/1895620/full.pdf
       or  http://micans.org/mcl/lit/svdthesis.pdf.gz)
OR
    Stijn van Dongen, A cluster algorithm for graphs. Technical
    Report INS-R0010, National Research Institute for Mathematics
    and Computer Science in the Netherlands, Amsterdam, May 2000.
       (  http://www.cwi.nl/ftp/CWIreports/INS/INS-R0010.ps.Z
       or  http://micans.org/mcl/lit/INS-R0010.ps.Z)

/home/wangph1/plant/scripts
using old nif file for email_s0
using old nif file for email_s10
using old odv file for email_s0
using old odv file for email_s10
using old odv ort file for email_s0-email_s10
/home/wangph1/plant/data/mcl/email_s0-email_s10-k4-n964-no1+1656218418.txt
/home/wangph1/plant/networks/mcl/email_s0_marked.nif
/home/wangph1/plant/networks/mcl/email_s10_marked.nif
/home/wangph1/plant/data/mcl/fake_ort/email_s0-email_s10-k4-n964-no1.ort
/home/wangph1/plant/data/mcl/email_s0-email_s10-k4-n964-no1.txt
Traceback (most recent call last):
  File "/home/wangph1/plant/scripts/mcl_helpers.py", line 139, in <module>
    full_local_run_mcl(gtag1, gtag2, notes=notes)
  File "/home/wangph1/plant/scripts/mcl_helpers.py", line 124, in full_local_run_mcl
    process_mcl(gtag1, gtag2, notes=notes)
  File "/home/wangph1/plant/scripts/mcl_helpers.py", line 112, in process_mcl
    num_ort, num_pairs = evaluate_alignment(gtag1, gtag2, notes=notes)
  File "/home/wangph1/plant/scripts/mcl_helpers.py", line 95, in evaluate_alignment
    m2m_pairs = read_in_slashes_m2m(out_path)
  File "/home/wangph1/plant/scripts/file_helpers.py", line 47, in read_in_slashes_m2m
    with open(m2m_path, 'r') as f:
FileNotFoundError: [Errno 2] No such file or directory: '/home/wangph1/plant/data/mcl/email_s0-email_s10-k4-n964-no1.txt'
JOBSFINISHED
