/home/wangph1/plant/data/slurm_logs/blantindex/june26_afternoon/blantindex-june26_afternoon-cow.log
g.log
/home/wangph1/plant/data/slurm_logs/blantindex/june26_afternoon/blantindex-june26_afternoon-pig.log
/home/wangph1/plant/data/slurm_logs/blantindex/june26_afternoon/blantindex-june26_afternoon-horse.log
/home/wangph1/plant/data/slurm_logs/blantindex/june26_afternoon/blantindex-june26_afternoon-mouse.log
/home/wangph1/plant/data/slurm_logs/blantindex/june26_afternoon/blantindex-june26_afternoon-syeast0.log
/home/wangph1/plant/data/slurm_logs/blantindex/june26_afternoon/blantindex-june26_afternoon-syeast10.log
/home/wangph1/plant/data/slurm_logs/blantindex/june26_afternoon/blantindex-june26_afternoon-human.lo/h/home/wangph1/plant/data/slurm_logs/blantindex/june26_afternoon/blantindex-june26_afternoon-dog.log

/home/wangph1/plant/data/slurm_logs/blantindex/june26_afternoon/blantindex-june26_afternoon-syeast05.log
/home/wangph1/plant/data/slurm_logs/blantindex/june26_afternoon/blantindex-june26_afternoon-syeast20.log
/home/wangph1/plant/data/slurm_logs/blantindex/june26_afternoon/blantindex-june26_afternoon-syeast25.log
/home/wangph1/plant/data/slurm_logs/blantindex/june26_afternoon/blantindex-june26_afternoon-sheep.log
/home/wangph1/plant/data/slurm_logs/blantindex/june26_afternoon/blantindex-june26_afternoon-syeast15.log
/home/wangph1/plant/data/slurm_logs/blantindex/june26_afternoon/blantindex-june26_afternoon-email_s10.log
/home/wangph1/plant/data/slurm_logs/blantindex/june26_afternoon/blantindex-june26_afternoon-email_s5.log
/home/wangph1/plant/data/slurm_logs/blantindex/june26_afternoon/blantindex-june26_afternoon-email_s1.log
/home/wangph1/plant/data/slurm_logs/blantindex/june26_afternoon/blantindex-june26_afternoon-email_s0.log
/home/wangph1/plant/data/slurm_logs/blantindex/june26_afternoon/blantindex-june26_afternoon-college_s1.log
/home/wangph1/plant/data/slurm_logs/blantindex/june26_afternoon/blantindex-june26_afternoon-college_s0.log
/home/wangph1/plant/data/slurm_logs/blantindex/june26_afternoon/blantindex-june26_afternoon-college_s5.log
/home/wangph1/plant/data/slurm_logs/blantindex/june26_afternoon/blantindex-june26_afternoon-college_s10.log
/home/wangph1/plant/data/slurm_logs/blantindex/june26_afternoon/blantindex-june26_afternoon-alpha_s5.log
/home/wangph1/plant/data/slurm_logs/blantindex/june26_afternoon/blantindex-june26_afternoon-alpha_s10.log
/home/wangph1/plant/data/slurm_logs/blantindex/june26_afternoon/blantindex-june26_afternoon-alpha_s1.log
/home/wangph1/plant/data/slurm_logs/blantindex/june26_afternoon/blantindex-june26_afternoon-alpha_s0.log
/home/wangph1/plant/data/slurm_logs/blantindex/june26_afternoon/blantindex-june26_afternoon-otc_s1.log
/home/wangph1/plant/data/slurm_logs/blantindex/june26_afternoon/blantindex-june26_afternoon-otc_s0.log
/home/wangph1/plant/data/slurm_logs/blantindex/june26_afternoon/blantindex-june26_afternoon-otc_s5.log
/home/wangph1/plant/data/slurm_logs/blantindex/june26_afternoon/blantindex-june26_afternoon-otc_s10.log
/home/wangph1/plant/data/slurm_logs/blantindex/june26_afternoon/blantindex-june26_afternoon-ubuntu_s10.log
/home/wangph1/plant/data/slurm_logs/blantindex/june26_afternoon/blantindex-june26_afternoon-ubuntu_s1.log
/home/wangph1/plant/data/slurm_logs/blantindex/june26_afternoon/blantindex-june26_afternoon-ubuntu_s5.log
/home/wangph1/plant/data/slurm_logs/blantindex/june26_afternoon/blantindex-june26_afternoon-ubuntu_s0.log
/home/wangph1/plant/data/slurm_logs/blantindex/june26_afternoon/blantindex-june26_afternoon-math_s5.log
/home/wangph1/plant/data/slurm_logs/blantindex/june26_afternoon/blantindex-june26_afternoon-math_s0.log
/home/wangph1/plant/data/slurm_logs/blantindex/june26_afternoon/blantindex-june26_afternoon-super_s10.log
/home/wangph1/plant/data/slurm_logs/blantindex/june26_afternoon/blantindex-june26_afternoon-math_s1.log
/home/wangph1/plant/data/slurm_logs/blantindex/june26_afternoon/blantindex-june26_afternoon-reddit_s5.log
/home/wangph1/plant/data/slurm_logs/blantindex/june26_afternoon/blantindex-june26_afternoon-reddit_s1.log
/home/wangph1/plant/data/slurm_logs/blantindex/june26_afternoon/blantindex-june26_afternoon-reddit_s0.log
/home/wangph1/plant/data/slurm_logs/blantindex/june26_afternoon/blantindex-june26_afternoon-super_s5.log
/home/wangph1/plant/data/slurm_logs/blantindex/june26_afternoon/blantindex-june26_afternoon-math_s10.log
/home/wangph1/plant/data/slurm_logs/blantindex/june26_afternoon/blantindex-june26_afternoon-sxso_s5.log
/home/wangph1/plant/data/slurm_logs/blantindex/june26_afternoon/blantindex-june26_afternoon-super_s0.log
/home/wangph1/plant/data/slurm_logs/blantindex/june26_afternoon/blantindex-june26_afternoon-super_s1.log
/home/wangph1/plant/data/slurm_logs/blantindex/june26_afternoon/blantindex-june26_afternoon-wiki_s10.log
/home/wangph1/plant/data/slurm_logs/blantindex/june26_afternoon/blantindex-june26_afternoon-sxso_s1.log
/home/wangph1/plant/data/slurm_logs/blantindex/june26_afternoon/blantindex-june26_afternoon-sxso_s0.log
/home/wangph1/plant/data/slurm_logs/blantindex/june26_afternoon/blantindex-june26_afternoon-sxso_s10.log
/home/wangph1/plant/data/slurm_logs/blantindex/june26_afternoon/blantindex-june26_afternoon-wiki_s5.log
/home/wangph1/plant/data/slurm_logs/blantindex/june26_afternoon/blantindex-june26_afternoon-wiki_s0.log
/home/wangph1/plant/data/slurm_logs/blantindex/june26_afternoon/blantindex-june26_afternoon-wiki_s1.log
/home/wangph1/plant/data/slurm_logs/blantindex/june26_afternoon/blantindex-june26_afternoon-reddit_s10.log
