using old nif file for alpha_s0
using old nif file for alpha_s5
using old odv file for alpha_s0
using old odv file for alpha_s5
1 / 3460
2 / 3460
3 / 3460
4 / 3460
5 / 3460
6 / 3460
7 / 3460
8 / 3460
9 / 3460
10 / 3460
11 / 3460
12 / 3460
13 / 3460
14 / 3460
15 / 3460
16 / 3460
17 / 3460
18 / 3460
19 / 3460
20 / 3460
21 / 3460
22 / 3460
23 / 3460
24 / 3460
25 / 3460
26 / 3460
27 / 3460
28 / 3460
29 / 3460
30 / 3460
31 / 3460
32 / 3460
33 / 3460
34 / 3460
35 / 3460
36 / 3460
37 / 3460
38 / 3460
39 / 3460
40 / 3460
41 / 3460
42 / 3460
43 / 3460
44 / 3460
45 / 3460
46 / 3460
47 / 3460
48 / 3460
49 / 3460
50 / 3460
51 / 3460
52 / 3460
53 / 3460
54 / 3460
55 / 3460
56 / 3460
57 / 3460
58 / 3460
59 / 3460
60 / 3460
61 / 3460
62 / 3460
63 / 3460
64 / 3460
65 / 3460
66 / 3460
67 / 3460
68 / 3460
69 / 3460
70 / 3460
71 / 3460
72 / 3460
73 / 3460
74 / 3460
75 / 3460
76 / 3460
77 / 3460
78 / 3460
79 / 3460
80 / 3460
81 / 3460
82 / 3460
83 / 3460
84 / 3460
85 / 3460
86 / 3460
87 / 3460
88 / 3460
89 / 3460
90 / 3460
91 / 3460
92 / 3460
93 / 3460
94 / 3460
95 / 3460
96 / 3460
97 / 3460
98 / 3460
99 / 3460
100 / 3460
101 / 3460
102 / 3460
103 / 3460
104 / 3460
105 / 3460
106 / 3460
107 / 3460
108 / 3460
109 / 3460
110 / 3460
111 / 3460
112 / 3460
113 / 3460
114 / 3460
115 / 3460
116 / 3460
117 / 3460
118 / 3460
119 / 3460
120 / 3460
121 / 3460
122 / 3460
123 / 3460
124 / 3460
125 / 3460
126 / 3460
127 / 3460
128 / 3460
129 / 3460
130 / 3460
131 / 3460
132 / 3460
133 / 3460
134 / 3460
135 / 3460
136 / 3460
137 / 3460
138 / 3460
139 / 3460
140 / 3460
141 / 3460
142 / 3460
143 / 3460
144 / 3460
145 / 3460
146 / 3460
147 / 3460
148 / 3460
149 / 3460
150 / 3460
151 / 3460
152 / 3460
153 / 3460
154 / 3460
155 / 3460
156 / 3460
157 / 3460
158 / 3460
159 / 3460
160 / 3460
161 / 3460
162 / 3460
163 / 3460
164 / 3460
165 / 3460
166 / 3460
167 / 3460
168 / 3460
169 / 3460
170 / 3460
171 / 3460
172 / 3460
173 / 3460
174 / 3460
175 / 3460
176 / 3460
177 / 3460
178 / 3460
179 / 3460
180 / 3460
181 / 3460
182 / 3460
183 / 3460
184 / 3460
185 / 3460
186 / 3460
187 / 3460
188 / 3460
189 / 3460
190 / 3460
191 / 3460
192 / 3460
193 / 3460
194 / 3460
195 / 3460
196 / 3460
197 / 3460
198 / 3460
199 / 3460
200 / 3460
201 / 3460
202 / 3460
203 / 3460
204 / 3460
205 / 3460
206 / 3460
207 / 3460
208 / 3460
209 / 3460
210 / 3460
211 / 3460
212 / 3460
213 / 3460
214 / 3460
215 / 3460
216 / 3460
217 / 3460
218 / 3460
219 / 3460
220 / 3460
221 / 3460
222 / 3460
223 / 3460
224 / 3460
225 / 3460
226 / 3460
227 / 3460
228 / 3460
229 / 3460
230 / 3460
231 / 3460
232 / 3460
233 / 3460
234 / 3460
235 / 3460
236 / 3460
237 / 3460
238 / 3460
239 / 3460
240 / 3460
241 / 3460
242 / 3460
243 / 3460
244 / 3460
245 / 3460
246 / 3460
247 / 3460
248 / 3460
249 / 3460
250 / 3460
251 / 3460
252 / 3460
253 / 3460
254 / 3460
255 / 3460
256 / 3460
257 / 3460
258 / 3460
259 / 3460
260 / 3460
261 / 3460
262 / 3460
263 / 3460
264 / 3460
265 / 3460
266 / 3460
267 / 3460
268 / 3460
269 / 3460
270 / 3460
271 / 3460
272 / 3460
273 / 3460
274 / 3460
275 / 3460
276 / 3460
277 / 3460
278 / 3460
279 / 3460
280 / 3460
281 / 3460
282 / 3460
283 / 3460
284 / 3460
285 / 3460
286 / 3460
287 / 3460
288 / 3460
289 / 3460
290 / 3460
291 / 3460
292 / 3460
293 / 3460
294 / 3460
295 / 3460
296 / 3460
297 / 3460
298 / 3460
299 / 3460
300 / 3460
301 / 3460
302 / 3460
303 / 3460
304 / 3460
305 / 3460
306 / 3460
307 / 3460
308 / 3460
309 / 3460
310 / 3460
311 / 3460
312 / 3460
313 / 3460
314 / 3460
315 / 3460
316 / 3460
317 / 3460
318 / 3460
319 / 3460
320 / 3460
321 / 3460
322 / 3460
323 / 3460
324 / 3460
325 / 3460
326 / 3460
327 / 3460
328 / 3460
329 / 3460
330 / 3460
331 / 3460
332 / 3460
333 / 3460
334 / 3460
335 / 3460
336 / 3460
337 / 3460
338 / 3460
339 / 3460
340 / 3460
341 / 3460
342 / 3460
343 / 3460
344 / 3460
345 / 3460
346 / 3460
347 / 3460
348 / 3460
349 / 3460
350 / 3460
351 / 3460
352 / 3460
353 / 3460
354 / 3460
355 / 3460
356 / 3460
357 / 3460
358 / 3460
359 / 3460
360 / 3460
361 / 3460
362 / 3460
363 / 3460
364 / 3460
365 / 3460
366 / 3460
367 / 3460
368 / 3460
369 / 3460
370 / 3460
371 / 3460
372 / 3460
373 / 3460
374 / 3460
375 / 3460
376 / 3460
377 / 3460
378 / 3460
379 / 3460
380 / 3460
381 / 3460
382 / 3460
383 / 3460
384 / 3460
385 / 3460
386 / 3460
387 / 3460
388 / 3460
389 / 3460
390 / 3460
391 / 3460
392 / 3460
393 / 3460
394 / 3460
395 / 3460
396 / 3460
397 / 3460
398 / 3460
399 / 3460
400 / 3460
401 / 3460
402 / 3460
403 / 3460
404 / 3460
405 / 3460
406 / 3460
407 / 3460
408 / 3460
409 / 3460
410 / 3460
411 / 3460
412 / 3460
413 / 3460
414 / 3460
415 / 3460
416 / 3460
417 / 3460
418 / 3460
419 / 3460
420 / 3460
421 / 3460
422 / 3460
423 / 3460
424 / 3460
425 / 3460
426 / 3460
427 / 3460
428 / 3460
429 / 3460
430 / 3460
431 / 3460
432 / 3460
433 / 3460
434 / 3460
435 / 3460
436 / 3460
437 / 3460
438 / 3460
439 / 3460
440 / 3460
441 / 3460
442 / 3460
443 / 3460
444 / 3460
445 / 3460
446 / 3460
447 / 3460
448 / 3460
449 / 3460
450 / 3460
451 / 3460
452 / 3460
453 / 3460
454 / 3460
455 / 3460
456 / 3460
457 / 3460
458 / 3460
459 / 3460
460 / 3460
461 / 3460
462 / 3460
463 / 3460
464 / 3460
465 / 3460
466 / 3460
467 / 3460
468 / 3460
469 / 3460
470 / 3460
471 / 3460
472 / 3460
473 / 3460
474 / 3460
475 / 3460
476 / 3460
477 / 3460
478 / 3460
479 / 3460
480 / 3460
481 / 3460
482 / 3460
483 / 3460
484 / 3460
485 / 3460
486 / 3460
487 / 3460
488 / 3460
489 / 3460
490 / 3460
491 / 3460
492 / 3460
493 / 3460
494 / 3460
495 / 3460
496 / 3460
497 / 3460
498 / 3460
499 / 3460
500 / 3460
501 / 3460
502 / 3460
503 / 3460
504 / 3460
505 / 3460
506 / 3460
507 / 3460
508 / 3460
509 / 3460
510 / 3460
511 / 3460
512 / 3460
513 / 3460
514 / 3460
515 / 3460
516 / 3460
517 / 3460
518 / 3460
519 / 3460
520 / 3460
521 / 3460
522 / 3460
523 / 3460
524 / 3460
525 / 3460
526 / 3460
527 / 3460
528 / 3460
529 / 3460
530 / 3460
531 / 3460
532 / 3460
533 / 3460
534 / 3460
535 / 3460
536 / 3460
537 / 3460
538 / 3460
539 / 3460
540 / 3460
541 / 3460
542 / 3460
543 / 3460
544 / 3460
545 / 3460
546 / 3460
547 / 3460
548 / 3460
549 / 3460
550 / 3460
551 / 3460
552 / 3460
553 / 3460
554 / 3460
555 / 3460
556 / 3460
557 / 3460
558 / 3460
559 / 3460
560 / 3460
561 / 3460
562 / 3460
563 / 3460
564 / 3460
565 / 3460
566 / 3460
567 / 3460
568 / 3460
569 / 3460
570 / 3460
571 / 3460
572 / 3460
573 / 3460
574 / 3460
575 / 3460
576 / 3460
577 / 3460
578 / 3460
579 / 3460
580 / 3460
581 / 3460
582 / 3460
583 / 3460
584 / 3460
585 / 3460
586 / 3460
587 / 3460
588 / 3460
589 / 3460
590 / 3460
591 / 3460
592 / 3460
593 / 3460
594 / 3460
595 / 3460
596 / 3460
597 / 3460
598 / 3460
599 / 3460
600 / 3460
601 / 3460
602 / 3460
603 / 3460
604 / 3460
605 / 3460
606 / 3460
607 / 3460
608 / 3460
609 / 3460
610 / 3460
611 / 3460
612 / 3460
613 / 3460
614 / 3460
615 / 3460
616 / 3460
617 / 3460
618 / 3460
619 / 3460
620 / 3460
621 / 3460
622 / 3460
623 / 3460
624 / 3460
625 / 3460
626 / 3460
627 / 3460
628 / 3460
629 / 3460
630 / 3460
631 / 3460
632 / 3460
633 / 3460
634 / 3460
635 / 3460
636 / 3460
637 / 3460
638 / 3460
639 / 3460
640 / 3460
641 / 3460
642 / 3460
643 / 3460
644 / 3460
645 / 3460
646 / 3460
647 / 3460
648 / 3460
649 / 3460
650 / 3460
651 / 3460
652 / 3460
653 / 3460
654 / 3460
655 / 3460
656 / 3460
657 / 3460
658 / 3460
659 / 3460
660 / 3460
661 / 3460
662 / 3460
663 / 3460
664 / 3460
665 / 3460
666 / 3460
667 / 3460
668 / 3460
669 / 3460
670 / 3460
671 / 3460
672 / 3460
673 / 3460
674 / 3460
675 / 3460
676 / 3460
677 / 3460
678 / 3460
679 / 3460
680 / 3460
681 / 3460
682 / 3460
683 / 3460
684 / 3460
685 / 3460
686 / 3460
687 / 3460
688 / 3460
689 / 3460
690 / 3460
691 / 3460
692 / 3460
693 / 3460
694 / 3460
695 / 3460
696 / 3460
697 / 3460
698 / 3460
699 / 3460
700 / 3460
701 / 3460
702 / 3460
703 / 3460
704 / 3460
705 / 3460
706 / 3460
707 / 3460
708 / 3460
709 / 3460
710 / 3460
711 / 3460
712 / 3460
713 / 3460
714 / 3460
715 / 3460
716 / 3460
717 / 3460
718 / 3460
719 / 3460
720 / 3460
721 / 3460
722 / 3460
723 / 3460
724 / 3460
725 / 3460
726 / 3460
727 / 3460
728 / 3460
729 / 3460
730 / 3460
731 / 3460
732 / 3460
733 / 3460
734 / 3460
735 / 3460
736 / 3460
737 / 3460
738 / 3460
739 / 3460
740 / 3460
741 / 3460
742 / 3460
743 / 3460
744 / 3460
745 / 3460
746 / 3460
747 / 3460
748 / 3460
749 / 3460
750 / 3460
751 / 3460
752 / 3460
753 / 3460
754 / 3460
755 / 3460
756 / 3460
757 / 3460
758 / 3460
759 / 3460
760 / 3460
761 / 3460
762 / 3460
763 / 3460
764 / 3460
765 / 3460
766 / 3460
767 / 3460
768 / 3460
769 / 3460
770 / 3460
771 / 3460
772 / 3460
773 / 3460
774 / 3460
775 / 3460
776 / 3460
777 / 3460
778 / 3460
779 / 3460
780 / 3460
781 / 3460
782 / 3460
783 / 3460
784 / 3460
785 / 3460
786 / 3460
787 / 3460
788 / 3460
789 / 3460
790 / 3460
791 / 3460
792 / 3460
793 / 3460
794 / 3460
795 / 3460
796 / 3460
797 / 3460
798 / 3460
799 / 3460
800 / 3460
801 / 3460
802 / 3460
803 / 3460
804 / 3460
805 / 3460
806 / 3460
807 / 3460
808 / 3460
809 / 3460
810 / 3460
811 / 3460
812 / 3460
813 / 3460
814 / 3460
815 / 3460
816 / 3460
817 / 3460
818 / 3460
819 / 3460
820 / 3460
821 / 3460
822 / 3460
823 / 3460
824 / 3460
825 / 3460
826 / 3460
827 / 3460
828 / 3460
829 / 3460
830 / 3460
831 / 3460
832 / 3460
833 / 3460
834 / 3460
835 / 3460
836 / 3460
837 / 3460
838 / 3460
839 / 3460
840 / 3460
841 / 3460
842 / 3460
843 / 3460
844 / 3460
845 / 3460
846 / 3460
847 / 3460
848 / 3460
849 / 3460
850 / 3460
851 / 3460
852 / 3460
853 / 3460
854 / 3460
855 / 3460
856 / 3460
857 / 3460
858 / 3460
859 / 3460
860 / 3460
861 / 3460
862 / 3460
863 / 3460
864 / 3460
865 / 3460
866 / 3460
867 / 3460
868 / 3460
869 / 3460
870 / 3460
871 / 3460
872 / 3460
873 / 3460
874 / 3460
875 / 3460
876 / 3460
877 / 3460
878 / 3460
879 / 3460
880 / 3460
881 / 3460
882 / 3460
883 / 3460
884 / 3460
885 / 3460
886 / 3460
887 / 3460
888 / 3460
889 / 3460
890 / 3460
891 / 3460
892 / 3460
893 / 3460
894 / 3460
895 / 3460
896 / 3460
897 / 3460
898 / 3460
899 / 3460
900 / 3460
901 / 3460
902 / 3460
903 / 3460
904 / 3460
905 / 3460
906 / 3460
907 / 3460
908 / 3460
909 / 3460
910 / 3460
911 / 3460
912 / 3460
913 / 3460
914 / 3460
915 / 3460
916 / 3460
917 / 3460
918 / 3460
919 / 3460
920 / 3460
921 / 3460
922 / 3460
923 / 3460
924 / 3460
925 / 3460
926 / 3460
927 / 3460
928 / 3460
929 / 3460
930 / 3460
931 / 3460
932 / 3460
933 / 3460
934 / 3460
935 / 3460
936 / 3460
937 / 3460
938 / 3460
939 / 3460
940 / 3460
941 / 3460
942 / 3460
943 / 3460
944 / 3460
945 / 3460
946 / 3460
947 / 3460
948 / 3460
949 / 3460
950 / 3460
951 / 3460
952 / 3460
953 / 3460
954 / 3460
955 / 3460
956 / 3460
957 / 3460
958 / 3460
959 / 3460
960 / 3460
961 / 3460
962 / 3460
963 / 3460
964 / 3460
965 / 3460
966 / 3460
967 / 3460
968 / 3460
969 / 3460
970 / 3460
971 / 3460
972 / 3460
973 / 3460
974 / 3460
975 / 3460
976 / 3460
977 / 3460
978 / 3460
979 / 3460
980 / 3460
981 / 3460
982 / 3460
983 / 3460
984 / 3460
985 / 3460
986 / 3460
987 / 3460
988 / 3460
989 / 3460
990 / 3460
991 / 3460
992 / 3460
993 / 3460
994 / 3460
995 / 3460
996 / 3460
997 / 3460
998 / 3460
999 / 3460
1000 / 3460
1001 / 3460
1002 / 3460
1003 / 3460
1004 / 3460
1005 / 3460
1006 / 3460
1007 / 3460
1008 / 3460
1009 / 3460
1010 / 3460
1011 / 3460
1012 / 3460
1013 / 3460
1014 / 3460
1015 / 3460
1016 / 3460
1017 / 3460
1018 / 3460
1019 / 3460
1020 / 3460
1021 / 3460
1022 / 3460
1023 / 3460
1024 / 3460
1025 / 3460
1026 / 3460
1027 / 3460
1028 / 3460
1029 / 3460
1030 / 3460
1031 / 3460
1032 / 3460
1033 / 3460
1034 / 3460
1035 / 3460
1036 / 3460
1037 / 3460
1038 / 3460
1039 / 3460
1040 / 3460
1041 / 3460
1042 / 3460
1043 / 3460
1044 / 3460
1045 / 3460
1046 / 3460
1047 / 3460
1048 / 3460
1049 / 3460
1050 / 3460
1051 / 3460
1052 / 3460
1053 / 3460
1054 / 3460
1055 / 3460
1056 / 3460
1057 / 3460
1058 / 3460
1059 / 3460
1060 / 3460
1061 / 3460
1062 / 3460
1063 / 3460
1064 / 3460
1065 / 3460
1066 / 3460
1067 / 3460
1068 / 3460
1069 / 3460
1070 / 3460
1071 / 3460
1072 / 3460
1073 / 3460
1074 / 3460
1075 / 3460
1076 / 3460
1077 / 3460
1078 / 3460
1079 / 3460
1080 / 3460
1081 / 3460
1082 / 3460
1083 / 3460
1084 / 3460
1085 / 3460
1086 / 3460
1087 / 3460
1088 / 3460
1089 / 3460
1090 / 3460
1091 / 3460
1092 / 3460
1093 / 3460
1094 / 3460
1095 / 3460
1096 / 3460
1097 / 3460
1098 / 3460
1099 / 3460
1100 / 3460
1101 / 3460
1102 / 3460
1103 / 3460
1104 / 3460
1105 / 3460
1106 / 3460
1107 / 3460
1108 / 3460
1109 / 3460
1110 / 3460
1111 / 3460
1112 / 3460
1113 / 3460
1114 / 3460
1115 / 3460
1116 / 3460
1117 / 3460
1118 / 3460
1119 / 3460
1120 / 3460
1121 / 3460
1122 / 3460
1123 / 3460
1124 / 3460
1125 / 3460
1126 / 3460
1127 / 3460
1128 / 3460
1129 / 3460
1130 / 3460
1131 / 3460
1132 / 3460
1133 / 3460
1134 / 3460
1135 / 3460
1136 / 3460
1137 / 3460
1138 / 3460
1139 / 3460
1140 / 3460
1141 / 3460
1142 / 3460
1143 / 3460
1144 / 3460
1145 / 3460
1146 / 3460
1147 / 3460
1148 / 3460
1149 / 3460
1150 / 3460
1151 / 3460
1152 / 3460
1153 / 3460
1154 / 3460
1155 / 3460
1156 / 3460
1157 / 3460
1158 / 3460
1159 / 3460
1160 / 3460
1161 / 3460
1162 / 3460
1163 / 3460
1164 / 3460
1165 / 3460
1166 / 3460
1167 / 3460
1168 / 3460
1169 / 3460
1170 / 3460
1171 / 3460
1172 / 3460
1173 / 3460
1174 / 3460
1175 / 3460
1176 / 3460
1177 / 3460
1178 / 3460
1179 / 3460
1180 / 3460
1181 / 3460
1182 / 3460
1183 / 3460
1184 / 3460
1185 / 3460
1186 / 3460
1187 / 3460
1188 / 3460
1189 / 3460
1190 / 3460
1191 / 3460
1192 / 3460
1193 / 3460
1194 / 3460
1195 / 3460
1196 / 3460
1197 / 3460
1198 / 3460
1199 / 3460
1200 / 3460
1201 / 3460
1202 / 3460
1203 / 3460
1204 / 3460
1205 / 3460
1206 / 3460
1207 / 3460
1208 / 3460
1209 / 3460
1210 / 3460
1211 / 3460
1212 / 3460
1213 / 3460
1214 / 3460
1215 / 3460
1216 / 3460
1217 / 3460
1218 / 3460
1219 / 3460
1220 / 3460
1221 / 3460
1222 / 3460
1223 / 3460
1224 / 3460
1225 / 3460
1226 / 3460
1227 / 3460
1228 / 3460
1229 / 3460
1230 / 3460
1231 / 3460
1232 / 3460
1233 / 3460
1234 / 3460
1235 / 3460
1236 / 3460
1237 / 3460
1238 / 3460
1239 / 3460
1240 / 3460
1241 / 3460
1242 / 3460
1243 / 3460
1244 / 3460
1245 / 3460
1246 / 3460
1247 / 3460
1248 / 3460
1249 / 3460
1250 / 3460
1251 / 3460
1252 / 3460
1253 / 3460
1254 / 3460
1255 / 3460
1256 / 3460
1257 / 3460
1258 / 3460
1259 / 3460
1260 / 3460
1261 / 3460
1262 / 3460
1263 / 3460
1264 / 3460
1265 / 3460
1266 / 3460
1267 / 3460
1268 / 3460
1269 / 3460
1270 / 3460
1271 / 3460
1272 / 3460
1273 / 3460
1274 / 3460
1275 / 3460
1276 / 3460
1277 / 3460
1278 / 3460
1279 / 3460
1280 / 3460
1281 / 3460
1282 / 3460
1283 / 3460
1284 / 3460
1285 / 3460
1286 / 3460
1287 / 3460
1288 / 3460
1289 / 3460
1290 / 3460
1291 / 3460
1292 / 3460
1293 / 3460
1294 / 3460
1295 / 3460
1296 / 3460
1297 / 3460
1298 / 3460
1299 / 3460
1300 / 3460
1301 / 3460
1302 / 3460
1303 / 3460
1304 / 3460
1305 / 3460
1306 / 3460
1307 / 3460
1308 / 3460
1309 / 3460
1310 / 3460
1311 / 3460
1312 / 3460
1313 / 3460
1314 / 3460
1315 / 3460
1316 / 3460
1317 / 3460
1318 / 3460
1319 / 3460
1320 / 3460
1321 / 3460
1322 / 3460
1323 / 3460
1324 / 3460
1325 / 3460
1326 / 3460
1327 / 3460
1328 / 3460
1329 / 3460
1330 / 3460
1331 / 3460
1332 / 3460
1333 / 3460
1334 / 3460
1335 / 3460
1336 / 3460
1337 / 3460
1338 / 3460
1339 / 3460
1340 / 3460
1341 / 3460
1342 / 3460
1343 / 3460
1344 / 3460
1345 / 3460
1346 / 3460
1347 / 3460
1348 / 3460
1349 / 3460
1350 / 3460
1351 / 3460
1352 / 3460
1353 / 3460
1354 / 3460
1355 / 3460
1356 / 3460
1357 / 3460
1358 / 3460
1359 / 3460
1360 / 3460
1361 / 3460
1362 / 3460
1363 / 3460
1364 / 3460
1365 / 3460
1366 / 3460
1367 / 3460
1368 / 3460
1369 / 3460
1370 / 3460
1371 / 3460
1372 / 3460
1373 / 3460
1374 / 3460
1375 / 3460
1376 / 3460
1377 / 3460
1378 / 3460
1379 / 3460
1380 / 3460
1381 / 3460
1382 / 3460
1383 / 3460
1384 / 3460
1385 / 3460
1386 / 3460
1387 / 3460
1388 / 3460
1389 / 3460
1390 / 3460
1391 / 3460
1392 / 3460
1393 / 3460
1394 / 3460
1395 / 3460
1396 / 3460
1397 / 3460
1398 / 3460
1399 / 3460
1400 / 3460
1401 / 3460
1402 / 3460
1403 / 3460
1404 / 3460
1405 / 3460
1406 / 3460
1407 / 3460
1408 / 3460
1409 / 3460
1410 / 3460
1411 / 3460
1412 / 3460
1413 / 3460
1414 / 3460
1415 / 3460
1416 / 3460
1417 / 3460
1418 / 3460
1419 / 3460
1420 / 3460
1421 / 3460
1422 / 3460
1423 / 3460
1424 / 3460
1425 / 3460
1426 / 3460
1427 / 3460
1428 / 3460
1429 / 3460
1430 / 3460
1431 / 3460
1432 / 3460
1433 / 3460
1434 / 3460
1435 / 3460
1436 / 3460
1437 / 3460
1438 / 3460
1439 / 3460
1440 / 3460
1441 / 3460
1442 / 3460
1443 / 3460
1444 / 3460
1445 / 3460
1446 / 3460
1447 / 3460
1448 / 3460
1449 / 3460
1450 / 3460
1451 / 3460
1452 / 3460
1453 / 3460
1454 / 3460
1455 / 3460
1456 / 3460
1457 / 3460
1458 / 3460
1459 / 3460
1460 / 3460
1461 / 3460
1462 / 3460
1463 / 3460
1464 / 3460
1465 / 3460
1466 / 3460
1467 / 3460
1468 / 3460
1469 / 3460
1470 / 3460
1471 / 3460
1472 / 3460
1473 / 3460
1474 / 3460
1475 / 3460
1476 / 3460
1477 / 3460
1478 / 3460
1479 / 3460
1480 / 3460
1481 / 3460
1482 / 3460
1483 / 3460
1484 / 3460
1485 / 3460
1486 / 3460
1487 / 3460
1488 / 3460
1489 / 3460
1490 / 3460
1491 / 3460
1492 / 3460
1493 / 3460
1494 / 3460
1495 / 3460
1496 / 3460
1497 / 3460
1498 / 3460
1499 / 3460
1500 / 3460
1501 / 3460
1502 / 3460
1503 / 3460
1504 / 3460
1505 / 3460
1506 / 3460
1507 / 3460
1508 / 3460
1509 / 3460
1510 / 3460
1511 / 3460
1512 / 3460
1513 / 3460
1514 / 3460
1515 / 3460
1516 / 3460
1517 / 3460
1518 / 3460
1519 / 3460
1520 / 3460
1521 / 3460
1522 / 3460
1523 / 3460
1524 / 3460
1525 / 3460
1526 / 3460
1527 / 3460
1528 / 3460
1529 / 3460
1530 / 3460
1531 / 3460
1532 / 3460
1533 / 3460
1534 / 3460
1535 / 3460
1536 / 3460
1537 / 3460
1538 / 3460
1539 / 3460
1540 / 3460
1541 / 3460
1542 / 3460
1543 / 3460
1544 / 3460
1545 / 3460
1546 / 3460
1547 / 3460
1548 / 3460
1549 / 3460
1550 / 3460
1551 / 3460
1552 / 3460
1553 / 3460
1554 / 3460
1555 / 3460
1556 / 3460
1557 / 3460
1558 / 3460
1559 / 3460
1560 / 3460
1561 / 3460
1562 / 3460
1563 / 3460
1564 / 3460
1565 / 3460
1566 / 3460
1567 / 3460
1568 / 3460
1569 / 3460
1570 / 3460
1571 / 3460
1572 / 3460
1573 / 3460
1574 / 3460
1575 / 3460
1576 / 3460
1577 / 3460
1578 / 3460
1579 / 3460
1580 / 3460
1581 / 3460
1582 / 3460
1583 / 3460
1584 / 3460
1585 / 3460
1586 / 3460
1587 / 3460
1588 / 3460
1589 / 3460
1590 / 3460
1591 / 3460
1592 / 3460
1593 / 3460
1594 / 3460
1595 / 3460
1596 / 3460
1597 / 3460
1598 / 3460
1599 / 3460
1600 / 3460
1601 / 3460
1602 / 3460
1603 / 3460
1604 / 3460
1605 / 3460
1606 / 3460
1607 / 3460
1608 / 3460
1609 / 3460
1610 / 3460
1611 / 3460
1612 / 3460
1613 / 3460
1614 / 3460
1615 / 3460
1616 / 3460
1617 / 3460
1618 / 3460
1619 / 3460
1620 / 3460
1621 / 3460
1622 / 3460
1623 / 3460
1624 / 3460
1625 / 3460
1626 / 3460
1627 / 3460
1628 / 3460
1629 / 3460
1630 / 3460
1631 / 3460
1632 / 3460
1633 / 3460
1634 / 3460
1635 / 3460
1636 / 3460
1637 / 3460
1638 / 3460
1639 / 3460
1640 / 3460
1641 / 3460
1642 / 3460
1643 / 3460
1644 / 3460
1645 / 3460
1646 / 3460
1647 / 3460
1648 / 3460
1649 / 3460
1650 / 3460
1651 / 3460
1652 / 3460
1653 / 3460
1654 / 3460
1655 / 3460
1656 / 3460
1657 / 3460
1658 / 3460
1659 / 3460
1660 / 3460
1661 / 3460
1662 / 3460
1663 / 3460
1664 / 3460
1665 / 3460
1666 / 3460
1667 / 3460
1668 / 3460
1669 / 3460
1670 / 3460
1671 / 3460
1672 / 3460
1673 / 3460
1674 / 3460
1675 / 3460
1676 / 3460
1677 / 3460
1678 / 3460
1679 / 3460
1680 / 3460
1681 / 3460
1682 / 3460
1683 / 3460
1684 / 3460
1685 / 3460
1686 / 3460
1687 / 3460
1688 / 3460
1689 / 3460
1690 / 3460
1691 / 3460
1692 / 3460
1693 / 3460
1694 / 3460
1695 / 3460
1696 / 3460
1697 / 3460
1698 / 3460
1699 / 3460
1700 / 3460
1701 / 3460
1702 / 3460
1703 / 3460
1704 / 3460
1705 / 3460
1706 / 3460
1707 / 3460
1708 / 3460
1709 / 3460
1710 / 3460
1711 / 3460
1712 / 3460
1713 / 3460
1714 / 3460
1715 / 3460
1716 / 3460
1717 / 3460
1718 / 3460
1719 / 3460
1720 / 3460
1721 / 3460
1722 / 3460
1723 / 3460
1724 / 3460
1725 / 3460
1726 / 3460
1727 / 3460
1728 / 3460
1729 / 3460
1730 / 3460
1731 / 3460
1732 / 3460
1733 / 3460
1734 / 3460
1735 / 3460
1736 / 3460
1737 / 3460
1738 / 3460
1739 / 3460
1740 / 3460
1741 / 3460
1742 / 3460
1743 / 3460
1744 / 3460
1745 / 3460
1746 / 3460
1747 / 3460
1748 / 3460
1749 / 3460
1750 / 3460
1751 / 3460
1752 / 3460
1753 / 3460
1754 / 3460
1755 / 3460
1756 / 3460
1757 / 3460
1758 / 3460
1759 / 3460
1760 / 3460
1761 / 3460
1762 / 3460
1763 / 3460
1764 / 3460
1765 / 3460
1766 / 3460
1767 / 3460
1768 / 3460
1769 / 3460
1770 / 3460
1771 / 3460
1772 / 3460
1773 / 3460
1774 / 3460
1775 / 3460
1776 / 3460
1777 / 3460
1778 / 3460
1779 / 3460
1780 / 3460
1781 / 3460
1782 / 3460
1783 / 3460
1784 / 3460
1785 / 3460
1786 / 3460
1787 / 3460
1788 / 3460
1789 / 3460
1790 / 3460
1791 / 3460
1792 / 3460
1793 / 3460
1794 / 3460
1795 / 3460
1796 / 3460
1797 / 3460
1798 / 3460
1799 / 3460
1800 / 3460
1801 / 3460
1802 / 3460
1803 / 3460
1804 / 3460
1805 / 3460
1806 / 3460
1807 / 3460
1808 / 3460
1809 / 3460
1810 / 3460
1811 / 3460
1812 / 3460
1813 / 3460
1814 / 3460
1815 / 3460
1816 / 3460
1817 / 3460
1818 / 3460
1819 / 3460
1820 / 3460
1821 / 3460
1822 / 3460
1823 / 3460
1824 / 3460
1825 / 3460
1826 / 3460
1827 / 3460
1828 / 3460
1829 / 3460
1830 / 3460
1831 / 3460
1832 / 3460
1833 / 3460
1834 / 3460
1835 / 3460
1836 / 3460
1837 / 3460
1838 / 3460
1839 / 3460
1840 / 3460
1841 / 3460
1842 / 3460
1843 / 3460
1844 / 3460
1845 / 3460
1846 / 3460
1847 / 3460
1848 / 3460
1849 / 3460
1850 / 3460
1851 / 3460
1852 / 3460
1853 / 3460
1854 / 3460
1855 / 3460
1856 / 3460
1857 / 3460
1858 / 3460
1859 / 3460
1860 / 3460
1861 / 3460
1862 / 3460
1863 / 3460
1864 / 3460
1865 / 3460
1866 / 3460
1867 / 3460
1868 / 3460
1869 / 3460
1870 / 3460
1871 / 3460
1872 / 3460
1873 / 3460
1874 / 3460
1875 / 3460
1876 / 3460
1877 / 3460
1878 / 3460
1879 / 3460
1880 / 3460
1881 / 3460
1882 / 3460
1883 / 3460
1884 / 3460
1885 / 3460
1886 / 3460
1887 / 3460
1888 / 3460
1889 / 3460
1890 / 3460
1891 / 3460
1892 / 3460
1893 / 3460
1894 / 3460
1895 / 3460
1896 / 3460
1897 / 3460
1898 / 3460
1899 / 3460
1900 / 3460
1901 / 3460
1902 / 3460
1903 / 3460
1904 / 3460
1905 / 3460
1906 / 3460
1907 / 3460
1908 / 3460
1909 / 3460
1910 / 3460
1911 / 3460
1912 / 3460
1913 / 3460
1914 / 3460
1915 / 3460
1916 / 3460
1917 / 3460
1918 / 3460
1919 / 3460
1920 / 3460
1921 / 3460
1922 / 3460
1923 / 3460
1924 / 3460
1925 / 3460
1926 / 3460
1927 / 3460
1928 / 3460
1929 / 3460
1930 / 3460
1931 / 3460
1932 / 3460
1933 / 3460
1934 / 3460
1935 / 3460
1936 / 3460
1937 / 3460
1938 / 3460
1939 / 3460
1940 / 3460
1941 / 3460
1942 / 3460
1943 / 3460
1944 / 3460
1945 / 3460
1946 / 3460
1947 / 3460
1948 / 3460
1949 / 3460
1950 / 3460
1951 / 3460
1952 / 3460
1953 / 3460
1954 / 3460
1955 / 3460
1956 / 3460
1957 / 3460
1958 / 3460
1959 / 3460
1960 / 3460
1961 / 3460
1962 / 3460
1963 / 3460
1964 / 3460
1965 / 3460
1966 / 3460
1967 / 3460
1968 / 3460
1969 / 3460
1970 / 3460
1971 / 3460
1972 / 3460
1973 / 3460
1974 / 3460
1975 / 3460
1976 / 3460
1977 / 3460
1978 / 3460
1979 / 3460
1980 / 3460
1981 / 3460
1982 / 3460
1983 / 3460
1984 / 3460
1985 / 3460
1986 / 3460
1987 / 3460
1988 / 3460
1989 / 3460
1990 / 3460
1991 / 3460
1992 / 3460
1993 / 3460
1994 / 3460
1995 / 3460
1996 / 3460
1997 / 3460
1998 / 3460
1999 / 3460
2000 / 3460
2001 / 3460
2002 / 3460
2003 / 3460
2004 / 3460
2005 / 3460
2006 / 3460
2007 / 3460
2008 / 3460
2009 / 3460
2010 / 3460
2011 / 3460
2012 / 3460
2013 / 3460
2014 / 3460
2015 / 3460
2016 / 3460
2017 / 3460
2018 / 3460
2019 / 3460
2020 / 3460
2021 / 3460
2022 / 3460
2023 / 3460
2024 / 3460
2025 / 3460
2026 / 3460
2027 / 3460
2028 / 3460
2029 / 3460
2030 / 3460
2031 / 3460
2032 / 3460
2033 / 3460
2034 / 3460
2035 / 3460
2036 / 3460
2037 / 3460
2038 / 3460
2039 / 3460
2040 / 3460
2041 / 3460
2042 / 3460
2043 / 3460
2044 / 3460
2045 / 3460
2046 / 3460
2047 / 3460
2048 / 3460
2049 / 3460
2050 / 3460
2051 / 3460
2052 / 3460
2053 / 3460
2054 / 3460
2055 / 3460
2056 / 3460
2057 / 3460
2058 / 3460
2059 / 3460
2060 / 3460
2061 / 3460
2062 / 3460
2063 / 3460
2064 / 3460
2065 / 3460
2066 / 3460
2067 / 3460
2068 / 3460
2069 / 3460
2070 / 3460
2071 / 3460
2072 / 3460
2073 / 3460
2074 / 3460
2075 / 3460
2076 / 3460
2077 / 3460
2078 / 3460
2079 / 3460
2080 / 3460
2081 / 3460
2082 / 3460
2083 / 3460
2084 / 3460
2085 / 3460
2086 / 3460
2087 / 3460
2088 / 3460
2089 / 3460
2090 / 3460
2091 / 3460
2092 / 3460
2093 / 3460
2094 / 3460
2095 / 3460
2096 / 3460
2097 / 3460
2098 / 3460
2099 / 3460
2100 / 3460
2101 / 3460
2102 / 3460
2103 / 3460
2104 / 3460
2105 / 3460
2106 / 3460
2107 / 3460
2108 / 3460
2109 / 3460
2110 / 3460
2111 / 3460
2112 / 3460
2113 / 3460
2114 / 3460
2115 / 3460
2116 / 3460
2117 / 3460
2118 / 3460
2119 / 3460
2120 / 3460
2121 / 3460
2122 / 3460
2123 / 3460
2124 / 3460
2125 / 3460
2126 / 3460
2127 / 3460
2128 / 3460
2129 / 3460
2130 / 3460
2131 / 3460
2132 / 3460
2133 / 3460
2134 / 3460
2135 / 3460
2136 / 3460
2137 / 3460
2138 / 3460
2139 / 3460
2140 / 3460
2141 / 3460
2142 / 3460
2143 / 3460
2144 / 3460
2145 / 3460
2146 / 3460
2147 / 3460
2148 / 3460
2149 / 3460
2150 / 3460
2151 / 3460
2152 / 3460
2153 / 3460
2154 / 3460
2155 / 3460
2156 / 3460
2157 / 3460
2158 / 3460
2159 / 3460
2160 / 3460
2161 / 3460
2162 / 3460
2163 / 3460
2164 / 3460
2165 / 3460
2166 / 3460
2167 / 3460
2168 / 3460
2169 / 3460
2170 / 3460
2171 / 3460
2172 / 3460
2173 / 3460
2174 / 3460
2175 / 3460
2176 / 3460
2177 / 3460
2178 / 3460
2179 / 3460
2180 / 3460
2181 / 3460
2182 / 3460
2183 / 3460
2184 / 3460
2185 / 3460
2186 / 3460
2187 / 3460
2188 / 3460
2189 / 3460
2190 / 3460
2191 / 3460
2192 / 3460
2193 / 3460
2194 / 3460
2195 / 3460
2196 / 3460
2197 / 3460
2198 / 3460
2199 / 3460
2200 / 3460
2201 / 3460
2202 / 3460
2203 / 3460
2204 / 3460
2205 / 3460
2206 / 3460
2207 / 3460
2208 / 3460
2209 / 3460
2210 / 3460
2211 / 3460
2212 / 3460
2213 / 3460
2214 / 3460
2215 / 3460
2216 / 3460
2217 / 3460
2218 / 3460
2219 / 3460
2220 / 3460
2221 / 3460
2222 / 3460
2223 / 3460
2224 / 3460
2225 / 3460
2226 / 3460
2227 / 3460
2228 / 3460
2229 / 3460
2230 / 3460
2231 / 3460
2232 / 3460
2233 / 3460
2234 / 3460
2235 / 3460
2236 / 3460
2237 / 3460
2238 / 3460
2239 / 3460
2240 / 3460
2241 / 3460
2242 / 3460
2243 / 3460
2244 / 3460
2245 / 3460
2246 / 3460
2247 / 3460
2248 / 3460
2249 / 3460
2250 / 3460
2251 / 3460
2252 / 3460
2253 / 3460
2254 / 3460
2255 / 3460
2256 / 3460
2257 / 3460
2258 / 3460
2259 / 3460
2260 / 3460
2261 / 3460
2262 / 3460
2263 / 3460
2264 / 3460
2265 / 3460
2266 / 3460
2267 / 3460
2268 / 3460
2269 / 3460
2270 / 3460
2271 / 3460
2272 / 3460
2273 / 3460
2274 / 3460
2275 / 3460
2276 / 3460
2277 / 3460
2278 / 3460
2279 / 3460
2280 / 3460
2281 / 3460
2282 / 3460
2283 / 3460
2284 / 3460
2285 / 3460
2286 / 3460
2287 / 3460
2288 / 3460
2289 / 3460
2290 / 3460
2291 / 3460
2292 / 3460
2293 / 3460
2294 / 3460
2295 / 3460
2296 / 3460
2297 / 3460
2298 / 3460
2299 / 3460
2300 / 3460
2301 / 3460
2302 / 3460
2303 / 3460
2304 / 3460
2305 / 3460
2306 / 3460
2307 / 3460
2308 / 3460
2309 / 3460
2310 / 3460
2311 / 3460
2312 / 3460
2313 / 3460
2314 / 3460
2315 / 3460
2316 / 3460
2317 / 3460
2318 / 3460
2319 / 3460
2320 / 3460
2321 / 3460
2322 / 3460
2323 / 3460
2324 / 3460
2325 / 3460
2326 / 3460
2327 / 3460
2328 / 3460
2329 / 3460
2330 / 3460
2331 / 3460
2332 / 3460
2333 / 3460
2334 / 3460
2335 / 3460
2336 / 3460
2337 / 3460
2338 / 3460
2339 / 3460
2340 / 3460
2341 / 3460
2342 / 3460
2343 / 3460
2344 / 3460
2345 / 3460
2346 / 3460
2347 / 3460
2348 / 3460
2349 / 3460
2350 / 3460
2351 / 3460
2352 / 3460
2353 / 3460
2354 / 3460
2355 / 3460
2356 / 3460
2357 / 3460
2358 / 3460
2359 / 3460
2360 / 3460
2361 / 3460
2362 / 3460
2363 / 3460
2364 / 3460
2365 / 3460
2366 / 3460
2367 / 3460
2368 / 3460
2369 / 3460
2370 / 3460
2371 / 3460
2372 / 3460
2373 / 3460
2374 / 3460
2375 / 3460
2376 / 3460
2377 / 3460
2378 / 3460
2379 / 3460
2380 / 3460
2381 / 3460
2382 / 3460
2383 / 3460
2384 / 3460
2385 / 3460
2386 / 3460
2387 / 3460
2388 / 3460
2389 / 3460
2390 / 3460
2391 / 3460
2392 / 3460
2393 / 3460
2394 / 3460
2395 / 3460
2396 / 3460
2397 / 3460
2398 / 3460
2399 / 3460
2400 / 3460
2401 / 3460
2402 / 3460
2403 / 3460
2404 / 3460
2405 / 3460
2406 / 3460
2407 / 3460
2408 / 3460
2409 / 3460
2410 / 3460
2411 / 3460
2412 / 3460
2413 / 3460
2414 / 3460
2415 / 3460
2416 / 3460
2417 / 3460
2418 / 3460
2419 / 3460
2420 / 3460
2421 / 3460
2422 / 3460
2423 / 3460
2424 / 3460
2425 / 3460
2426 / 3460
2427 / 3460
2428 / 3460
2429 / 3460
2430 / 3460
2431 / 3460
2432 / 3460
2433 / 3460
2434 / 3460
2435 / 3460
2436 / 3460
2437 / 3460
2438 / 3460
2439 / 3460
2440 / 3460
2441 / 3460
2442 / 3460
2443 / 3460
2444 / 3460
2445 / 3460
2446 / 3460
2447 / 3460
2448 / 3460
2449 / 3460
2450 / 3460
2451 / 3460
2452 / 3460
2453 / 3460
2454 / 3460
2455 / 3460
2456 / 3460
2457 / 3460
2458 / 3460
2459 / 3460
2460 / 3460
2461 / 3460
2462 / 3460
2463 / 3460
2464 / 3460
2465 / 3460
2466 / 3460
2467 / 3460
2468 / 3460
2469 / 3460
2470 / 3460
2471 / 3460
2472 / 3460
2473 / 3460
2474 / 3460
2475 / 3460
2476 / 3460
2477 / 3460
2478 / 3460
2479 / 3460
2480 / 3460
2481 / 3460
2482 / 3460
2483 / 3460
2484 / 3460
2485 / 3460
2486 / 3460
2487 / 3460
2488 / 3460
2489 / 3460
2490 / 3460
2491 / 3460
2492 / 3460
2493 / 3460
2494 / 3460
2495 / 3460
2496 / 3460
2497 / 3460
2498 / 3460
2499 / 3460
2500 / 3460
2501 / 3460
2502 / 3460
2503 / 3460
2504 / 3460
2505 / 3460
2506 / 3460
2507 / 3460
2508 / 3460
2509 / 3460
2510 / 3460
2511 / 3460
2512 / 3460
2513 / 3460
2514 / 3460
2515 / 3460
2516 / 3460
2517 / 3460
2518 / 3460
2519 / 3460
2520 / 3460
2521 / 3460
2522 / 3460
2523 / 3460
2524 / 3460
2525 / 3460
2526 / 3460
2527 / 3460
2528 / 3460
2529 / 3460
2530 / 3460
2531 / 3460
2532 / 3460
2533 / 3460
2534 / 3460
2535 / 3460
2536 / 3460
2537 / 3460
2538 / 3460
2539 / 3460
2540 / 3460
2541 / 3460
2542 / 3460
2543 / 3460
2544 / 3460
2545 / 3460
2546 / 3460
2547 / 3460
2548 / 3460
2549 / 3460
2550 / 3460
2551 / 3460
2552 / 3460
2553 / 3460
2554 / 3460
2555 / 3460
2556 / 3460
2557 / 3460
2558 / 3460
2559 / 3460
2560 / 3460
2561 / 3460
2562 / 3460
2563 / 3460
2564 / 3460
2565 / 3460
2566 / 3460
2567 / 3460
2568 / 3460
2569 / 3460
2570 / 3460
2571 / 3460
2572 / 3460
2573 / 3460
2574 / 3460
2575 / 3460
2576 / 3460
2577 / 3460
2578 / 3460
2579 / 3460
2580 / 3460
2581 / 3460
2582 / 3460
2583 / 3460
2584 / 3460
2585 / 3460
2586 / 3460
2587 / 3460
2588 / 3460
2589 / 3460
2590 / 3460
2591 / 3460
2592 / 3460
2593 / 3460
2594 / 3460
2595 / 3460
2596 / 3460
2597 / 3460
2598 / 3460
2599 / 3460
2600 / 3460
2601 / 3460
2602 / 3460
2603 / 3460
2604 / 3460
2605 / 3460
2606 / 3460
2607 / 3460
2608 / 3460
2609 / 3460
2610 / 3460
2611 / 3460
2612 / 3460
2613 / 3460
2614 / 3460
2615 / 3460
2616 / 3460
2617 / 3460
2618 / 3460
2619 / 3460
2620 / 3460
2621 / 3460
2622 / 3460
2623 / 3460
2624 / 3460
2625 / 3460
2626 / 3460
2627 / 3460
2628 / 3460
2629 / 3460
2630 / 3460
2631 / 3460
2632 / 3460
2633 / 3460
2634 / 3460
2635 / 3460
2636 / 3460
2637 / 3460
2638 / 3460
2639 / 3460
2640 / 3460
2641 / 3460
2642 / 3460
2643 / 3460
2644 / 3460
2645 / 3460
2646 / 3460
2647 / 3460
2648 / 3460
2649 / 3460
2650 / 3460
2651 / 3460
2652 / 3460
2653 / 3460
2654 / 3460
2655 / 3460
2656 / 3460
2657 / 3460
2658 / 3460
2659 / 3460
2660 / 3460
2661 / 3460
2662 / 3460
2663 / 3460
2664 / 3460
2665 / 3460
2666 / 3460
2667 / 3460
2668 / 3460
2669 / 3460
2670 / 3460
2671 / 3460
2672 / 3460
2673 / 3460
2674 / 3460
2675 / 3460
2676 / 3460
2677 / 3460
2678 / 3460
2679 / 3460
2680 / 3460
2681 / 3460
2682 / 3460
2683 / 3460
2684 / 3460
2685 / 3460
2686 / 3460
2687 / 3460
2688 / 3460
2689 / 3460
2690 / 3460
2691 / 3460
2692 / 3460
2693 / 3460
2694 / 3460
2695 / 3460
2696 / 3460
2697 / 3460
2698 / 3460
2699 / 3460
2700 / 3460
2701 / 3460
2702 / 3460
2703 / 3460
2704 / 3460
2705 / 3460
2706 / 3460
2707 / 3460
2708 / 3460
2709 / 3460
2710 / 3460
2711 / 3460
2712 / 3460
2713 / 3460
2714 / 3460
2715 / 3460
2716 / 3460
2717 / 3460
2718 / 3460
2719 / 3460
2720 / 3460
2721 / 3460
2722 / 3460
2723 / 3460
2724 / 3460
2725 / 3460
2726 / 3460
2727 / 3460
2728 / 3460
2729 / 3460
2730 / 3460
2731 / 3460
2732 / 3460
2733 / 3460
2734 / 3460
2735 / 3460
2736 / 3460
2737 / 3460
2738 / 3460
2739 / 3460
2740 / 3460
2741 / 3460
2742 / 3460
2743 / 3460
2744 / 3460
2745 / 3460
2746 / 3460
2747 / 3460
2748 / 3460
2749 / 3460
2750 / 3460
2751 / 3460
2752 / 3460
2753 / 3460
2754 / 3460
2755 / 3460
2756 / 3460
2757 / 3460
2758 / 3460
2759 / 3460
2760 / 3460
2761 / 3460
2762 / 3460
2763 / 3460
2764 / 3460
2765 / 3460
2766 / 3460
2767 / 3460
2768 / 3460
2769 / 3460
2770 / 3460
2771 / 3460
2772 / 3460
2773 / 3460
2774 / 3460
2775 / 3460
2776 / 3460
2777 / 3460
2778 / 3460
2779 / 3460
2780 / 3460
2781 / 3460
2782 / 3460
2783 / 3460
2784 / 3460
2785 / 3460
2786 / 3460
2787 / 3460
2788 / 3460
2789 / 3460
2790 / 3460
2791 / 3460
2792 / 3460
2793 / 3460
2794 / 3460
2795 / 3460
2796 / 3460
2797 / 3460
2798 / 3460
2799 / 3460
2800 / 3460
2801 / 3460
2802 / 3460
2803 / 3460
2804 / 3460
2805 / 3460
2806 / 3460
2807 / 3460
2808 / 3460
2809 / 3460
2810 / 3460
2811 / 3460
2812 / 3460
2813 / 3460
2814 / 3460
2815 / 3460
2816 / 3460
2817 / 3460
2818 / 3460
2819 / 3460
2820 / 3460
2821 / 3460
2822 / 3460
2823 / 3460
2824 / 3460
2825 / 3460
2826 / 3460
2827 / 3460
2828 / 3460
2829 / 3460
2830 / 3460
2831 / 3460
2832 / 3460
2833 / 3460
2834 / 3460
2835 / 3460
2836 / 3460
2837 / 3460
2838 / 3460
2839 / 3460
2840 / 3460
2841 / 3460
2842 / 3460
2843 / 3460
2844 / 3460
2845 / 3460
2846 / 3460
2847 / 3460
2848 / 3460
2849 / 3460
2850 / 3460
2851 / 3460
2852 / 3460
2853 / 3460
2854 / 3460
2855 / 3460
2856 / 3460
2857 / 3460
2858 / 3460
2859 / 3460
2860 / 3460
2861 / 3460
2862 / 3460
2863 / 3460
2864 / 3460
2865 / 3460
2866 / 3460
2867 / 3460
2868 / 3460
2869 / 3460
2870 / 3460
2871 / 3460
2872 / 3460
2873 / 3460
2874 / 3460
2875 / 3460
2876 / 3460
2877 / 3460
2878 / 3460
2879 / 3460
2880 / 3460
2881 / 3460
2882 / 3460
2883 / 3460
2884 / 3460
2885 / 3460
2886 / 3460
2887 / 3460
2888 / 3460
2889 / 3460
2890 / 3460
2891 / 3460
2892 / 3460
2893 / 3460
2894 / 3460
2895 / 3460
2896 / 3460
2897 / 3460
2898 / 3460
2899 / 3460
2900 / 3460
2901 / 3460
2902 / 3460
2903 / 3460
2904 / 3460
2905 / 3460
2906 / 3460
2907 / 3460
2908 / 3460
2909 / 3460
2910 / 3460
2911 / 3460
2912 / 3460
2913 / 3460
2914 / 3460
2915 / 3460
2916 / 3460
2917 / 3460
2918 / 3460
2919 / 3460
2920 / 3460
2921 / 3460
2922 / 3460
2923 / 3460
2924 / 3460
2925 / 3460
2926 / 3460
2927 / 3460
2928 / 3460
2929 / 3460
2930 / 3460
2931 / 3460
2932 / 3460
2933 / 3460
2934 / 3460
2935 / 3460
2936 / 3460
2937 / 3460
2938 / 3460
2939 / 3460
2940 / 3460
2941 / 3460
2942 / 3460
2943 / 3460
2944 / 3460
2945 / 3460
2946 / 3460
2947 / 3460
2948 / 3460
2949 / 3460
2950 / 3460
2951 / 3460
2952 / 3460
2953 / 3460
2954 / 3460
2955 / 3460
2956 / 3460
2957 / 3460
2958 / 3460
2959 / 3460
2960 / 3460
2961 / 3460
2962 / 3460
2963 / 3460
2964 / 3460
2965 / 3460
2966 / 3460
2967 / 3460
2968 / 3460
2969 / 3460
2970 / 3460
2971 / 3460
2972 / 3460
2973 / 3460
2974 / 3460
2975 / 3460
2976 / 3460
2977 / 3460
2978 / 3460
2979 / 3460
2980 / 3460
2981 / 3460
2982 / 3460
2983 / 3460
2984 / 3460
2985 / 3460
2986 / 3460
2987 / 3460
2988 / 3460
2989 / 3460
2990 / 3460
2991 / 3460
2992 / 3460
2993 / 3460
2994 / 3460
2995 / 3460
2996 / 3460
2997 / 3460
2998 / 3460
2999 / 3460
3000 / 3460
3001 / 3460
3002 / 3460
3003 / 3460
3004 / 3460
3005 / 3460
3006 / 3460
3007 / 3460
3008 / 3460
3009 / 3460
3010 / 3460
3011 / 3460
3012 / 3460
3013 / 3460
3014 / 3460
3015 / 3460
3016 / 3460
3017 / 3460
3018 / 3460
3019 / 3460
3020 / 3460
3021 / 3460
3022 / 3460
3023 / 3460
3024 / 3460
3025 / 3460
3026 / 3460
3027 / 3460
3028 / 3460
3029 / 3460
3030 / 3460
3031 / 3460
3032 / 3460
3033 / 3460
3034 / 3460
3035 / 3460
3036 / 3460
3037 / 3460
3038 / 3460
3039 / 3460
3040 / 3460
3041 / 3460
3042 / 3460
3043 / 3460
3044 / 3460
3045 / 3460
3046 / 3460
3047 / 3460
3048 / 3460
3049 / 3460
3050 / 3460
3051 / 3460
3052 / 3460
3053 / 3460
3054 / 3460
3055 / 3460
3056 / 3460
3057 / 3460
3058 / 3460
3059 / 3460
3060 / 3460
3061 / 3460
3062 / 3460
3063 / 3460
3064 / 3460
3065 / 3460
3066 / 3460
3067 / 3460
3068 / 3460
3069 / 3460
3070 / 3460
3071 / 3460
3072 / 3460
3073 / 3460
3074 / 3460
3075 / 3460
3076 / 3460
3077 / 3460
3078 / 3460
3079 / 3460
3080 / 3460
3081 / 3460
3082 / 3460
3083 / 3460
3084 / 3460
3085 / 3460
3086 / 3460
3087 / 3460
3088 / 3460
3089 / 3460
3090 / 3460
3091 / 3460
3092 / 3460
3093 / 3460
3094 / 3460
3095 / 3460
3096 / 3460
3097 / 3460
3098 / 3460
3099 / 3460
3100 / 3460
3101 / 3460
3102 / 3460
3103 / 3460
3104 / 3460
3105 / 3460
3106 / 3460
3107 / 3460
3108 / 3460
3109 / 3460
3110 / 3460
3111 / 3460
3112 / 3460
3113 / 3460
3114 / 3460
3115 / 3460
3116 / 3460
3117 / 3460
3118 / 3460
3119 / 3460
3120 / 3460
3121 / 3460
3122 / 3460
3123 / 3460
3124 / 3460
3125 / 3460
3126 / 3460
3127 / 3460
3128 / 3460
3129 / 3460
3130 / 3460
3131 / 3460
3132 / 3460
3133 / 3460
3134 / 3460
3135 / 3460
3136 / 3460
3137 / 3460
3138 / 3460
3139 / 3460
3140 / 3460
3141 / 3460
3142 / 3460
3143 / 3460
3144 / 3460
3145 / 3460
3146 / 3460
3147 / 3460
3148 / 3460
3149 / 3460
3150 / 3460
3151 / 3460
3152 / 3460
3153 / 3460
3154 / 3460
3155 / 3460
3156 / 3460
3157 / 3460
3158 / 3460
3159 / 3460
3160 / 3460
3161 / 3460
3162 / 3460
3163 / 3460
3164 / 3460
3165 / 3460
3166 / 3460
3167 / 3460
3168 / 3460
3169 / 3460
3170 / 3460
3171 / 3460
3172 / 3460
3173 / 3460
3174 / 3460
3175 / 3460
3176 / 3460
3177 / 3460
3178 / 3460
3179 / 3460
3180 / 3460
3181 / 3460
3182 / 3460
3183 / 3460
3184 / 3460
3185 / 3460
3186 / 3460
3187 / 3460
3188 / 3460
3189 / 3460
3190 / 3460
3191 / 3460
3192 / 3460
3193 / 3460
3194 / 3460
3195 / 3460
3196 / 3460
3197 / 3460
3198 / 3460
3199 / 3460
3200 / 3460
3201 / 3460
3202 / 3460
3203 / 3460
3204 / 3460
3205 / 3460
3206 / 3460
3207 / 3460
3208 / 3460
3209 / 3460
3210 / 3460
3211 / 3460
3212 / 3460
3213 / 3460
3214 / 3460
3215 / 3460
3216 / 3460
3217 / 3460
3218 / 3460
3219 / 3460
3220 / 3460
3221 / 3460
3222 / 3460
3223 / 3460
3224 / 3460
3225 / 3460
3226 / 3460
3227 / 3460
3228 / 3460
3229 / 3460
3230 / 3460
3231 / 3460
3232 / 3460
3233 / 3460
3234 / 3460
3235 / 3460
3236 / 3460
3237 / 3460
3238 / 3460
3239 / 3460
3240 / 3460
3241 / 3460
3242 / 3460
3243 / 3460
3244 / 3460
3245 / 3460
3246 / 3460
3247 / 3460
3248 / 3460
3249 / 3460
3250 / 3460
3251 / 3460
3252 / 3460
3253 / 3460
3254 / 3460
3255 / 3460
3256 / 3460
3257 / 3460
3258 / 3460
3259 / 3460
3260 / 3460
3261 / 3460
3262 / 3460
3263 / 3460
3264 / 3460
3265 / 3460
3266 / 3460
3267 / 3460
3268 / 3460
3269 / 3460
3270 / 3460
3271 / 3460
3272 / 3460
3273 / 3460
3274 / 3460
3275 / 3460
3276 / 3460
3277 / 3460
3278 / 3460
3279 / 3460
3280 / 3460
3281 / 3460
3282 / 3460
3283 / 3460
3284 / 3460
3285 / 3460
3286 / 3460
3287 / 3460
3288 / 3460
3289 / 3460
3290 / 3460
3291 / 3460
3292 / 3460
3293 / 3460
3294 / 3460
3295 / 3460
3296 / 3460
3297 / 3460
3298 / 3460
3299 / 3460
3300 / 3460
3301 / 3460
3302 / 3460
3303 / 3460
3304 / 3460
3305 / 3460
3306 / 3460
3307 / 3460
3308 / 3460
3309 / 3460
3310 / 3460
3311 / 3460
3312 / 3460
3313 / 3460
3314 / 3460
3315 / 3460
3316 / 3460
3317 / 3460
3318 / 3460
3319 / 3460
3320 / 3460
3321 / 3460
3322 / 3460
3323 / 3460
3324 / 3460
3325 / 3460
3326 / 3460
3327 / 3460
3328 / 3460
3329 / 3460
3330 / 3460
3331 / 3460
3332 / 3460
3333 / 3460
3334 / 3460
3335 / 3460
3336 / 3460
3337 / 3460
3338 / 3460
3339 / 3460
3340 / 3460
3341 / 3460
3342 / 3460
3343 / 3460
3344 / 3460
3345 / 3460
3346 / 3460
3347 / 3460
3348 / 3460
3349 / 3460
3350 / 3460
3351 / 3460
3352 / 3460
3353 / 3460
3354 / 3460
3355 / 3460
3356 / 3460
3357 / 3460
3358 / 3460
3359 / 3460
3360 / 3460
3361 / 3460
3362 / 3460
3363 / 3460
3364 / 3460
3365 / 3460
3366 / 3460
3367 / 3460
3368 / 3460
3369 / 3460
3370 / 3460
3371 / 3460
3372 / 3460
3373 / 3460
3374 / 3460
3375 / 3460
3376 / 3460
3377 / 3460
3378 / 3460
3379 / 3460
3380 / 3460
3381 / 3460
3382 / 3460
3383 / 3460
3384 / 3460
3385 / 3460
3386 / 3460
3387 / 3460
3388 / 3460
3389 / 3460
3390 / 3460
3391 / 3460
3392 / 3460
3393 / 3460
3394 / 3460
3395 / 3460
3396 / 3460
3397 / 3460
3398 / 3460
3399 / 3460
3400 / 3460
3401 / 3460
3402 / 3460
3403 / 3460
3404 / 3460
3405 / 3460
3406 / 3460
3407 / 3460
3408 / 3460
3409 / 3460
3410 / 3460
3411 / 3460
3412 / 3460
3413 / 3460
3414 / 3460
3415 / 3460
3416 / 3460
3417 / 3460
3418 / 3460
3419 / 3460
3420 / 3460
3421 / 3460
3422 / 3460
3423 / 3460
3424 / 3460
3425 / 3460
3426 / 3460
3427 / 3460
3428 / 3460
3429 / 3460
3430 / 3460
3431 / 3460
3432 / 3460
3433 / 3460
3434 / 3460
3435 / 3460
3436 / 3460
3437 / 3460
3438 / 3460
3439 / 3460
3440 / 3460
3441 / 3460
3442 / 3460
3443 / 3460
3444 / 3460
3445 / 3460
3446 / 3460
3447 / 3460
3448 / 3460
3449 / 3460
3450 / 3460
3451 / 3460
3452 / 3460
3453 / 3460
3454 / 3460
3455 / 3460
3456 / 3460
3457 / 3460
3458 / 3460
3459 / 3460
3460 / 3460
JOBSFINISHED
