using old nif file for otc_s0
using old nif file for otc_s5
using old odv file for otc_s0
using old odv file for otc_s5
1 / 5475
2 / 5475
3 / 5475
4 / 5475
5 / 5475
6 / 5475
7 / 5475
8 / 5475
9 / 5475
10 / 5475
11 / 5475
12 / 5475
13 / 5475
14 / 5475
15 / 5475
16 / 5475
17 / 5475
18 / 5475
19 / 5475
20 / 5475
21 / 5475
22 / 5475
23 / 5475
24 / 5475
25 / 5475
26 / 5475
27 / 5475
28 / 5475
29 / 5475
30 / 5475
31 / 5475
32 / 5475
33 / 5475
34 / 5475
35 / 5475
36 / 5475
37 / 5475
38 / 5475
39 / 5475
40 / 5475
41 / 5475
42 / 5475
43 / 5475
44 / 5475
45 / 5475
46 / 5475
47 / 5475
48 / 5475
49 / 5475
50 / 5475
51 / 5475
52 / 5475
53 / 5475
54 / 5475
55 / 5475
56 / 5475
57 / 5475
58 / 5475
59 / 5475
60 / 5475
61 / 5475
62 / 5475
63 / 5475
64 / 5475
65 / 5475
66 / 5475
67 / 5475
68 / 5475
69 / 5475
70 / 5475
71 / 5475
72 / 5475
73 / 5475
74 / 5475
75 / 5475
76 / 5475
77 / 5475
78 / 5475
79 / 5475
80 / 5475
81 / 5475
82 / 5475
83 / 5475
84 / 5475
85 / 5475
86 / 5475
87 / 5475
88 / 5475
89 / 5475
90 / 5475
91 / 5475
92 / 5475
93 / 5475
94 / 5475
95 / 5475
96 / 5475
97 / 5475
98 / 5475
99 / 5475
100 / 5475
101 / 5475
102 / 5475
103 / 5475
104 / 5475
105 / 5475
106 / 5475
107 / 5475
108 / 5475
109 / 5475
110 / 5475
111 / 5475
112 / 5475
113 / 5475
114 / 5475
115 / 5475
116 / 5475
117 / 5475
118 / 5475
119 / 5475
120 / 5475
121 / 5475
122 / 5475
123 / 5475
124 / 5475
125 / 5475
126 / 5475
127 / 5475
128 / 5475
129 / 5475
130 / 5475
131 / 5475
132 / 5475
133 / 5475
134 / 5475
135 / 5475
136 / 5475
137 / 5475
138 / 5475
139 / 5475
140 / 5475
141 / 5475
142 / 5475
143 / 5475
144 / 5475
145 / 5475
146 / 5475
147 / 5475
148 / 5475
149 / 5475
150 / 5475
151 / 5475
152 / 5475
153 / 5475
154 / 5475
155 / 5475
156 / 5475
157 / 5475
158 / 5475
159 / 5475
160 / 5475
161 / 5475
162 / 5475
163 / 5475
164 / 5475
165 / 5475
166 / 5475
167 / 5475
168 / 5475
169 / 5475
170 / 5475
171 / 5475
172 / 5475
173 / 5475
174 / 5475
175 / 5475
176 / 5475
177 / 5475
178 / 5475
179 / 5475
180 / 5475
181 / 5475
182 / 5475
183 / 5475
184 / 5475
185 / 5475
186 / 5475
187 / 5475
188 / 5475
189 / 5475
190 / 5475
191 / 5475
192 / 5475
193 / 5475
194 / 5475
195 / 5475
196 / 5475
197 / 5475
198 / 5475
199 / 5475
200 / 5475
201 / 5475
202 / 5475
203 / 5475
204 / 5475
205 / 5475
206 / 5475
207 / 5475
208 / 5475
209 / 5475
210 / 5475
211 / 5475
212 / 5475
213 / 5475
214 / 5475
215 / 5475
216 / 5475
217 / 5475
218 / 5475
219 / 5475
220 / 5475
221 / 5475
222 / 5475
223 / 5475
224 / 5475
225 / 5475
226 / 5475
227 / 5475
228 / 5475
229 / 5475
230 / 5475
231 / 5475
232 / 5475
233 / 5475
234 / 5475
235 / 5475
236 / 5475
237 / 5475
238 / 5475
239 / 5475
240 / 5475
241 / 5475
242 / 5475
243 / 5475
244 / 5475
245 / 5475
246 / 5475
247 / 5475
248 / 5475
249 / 5475
250 / 5475
251 / 5475
252 / 5475
253 / 5475
254 / 5475
255 / 5475
256 / 5475
257 / 5475
258 / 5475
259 / 5475
260 / 5475
261 / 5475
262 / 5475
263 / 5475
264 / 5475
265 / 5475
266 / 5475
267 / 5475
268 / 5475
269 / 5475
270 / 5475
271 / 5475
272 / 5475
273 / 5475
274 / 5475
275 / 5475
276 / 5475
277 / 5475
278 / 5475
279 / 5475
280 / 5475
281 / 5475
282 / 5475
283 / 5475
284 / 5475
285 / 5475
286 / 5475
287 / 5475
288 / 5475
289 / 5475
290 / 5475
291 / 5475
292 / 5475
293 / 5475
294 / 5475
295 / 5475
296 / 5475
297 / 5475
298 / 5475
299 / 5475
300 / 5475
301 / 5475
302 / 5475
303 / 5475
304 / 5475
305 / 5475
306 / 5475
307 / 5475
308 / 5475
309 / 5475
310 / 5475
311 / 5475
312 / 5475
313 / 5475
314 / 5475
315 / 5475
316 / 5475
317 / 5475
318 / 5475
319 / 5475
320 / 5475
321 / 5475
322 / 5475
323 / 5475
324 / 5475
325 / 5475
326 / 5475
327 / 5475
328 / 5475
329 / 5475
330 / 5475
331 / 5475
332 / 5475
333 / 5475
334 / 5475
335 / 5475
336 / 5475
337 / 5475
338 / 5475
339 / 5475
340 / 5475
341 / 5475
342 / 5475
343 / 5475
344 / 5475
345 / 5475
346 / 5475
347 / 5475
348 / 5475
349 / 5475
350 / 5475
351 / 5475
352 / 5475
353 / 5475
354 / 5475
355 / 5475
356 / 5475
357 / 5475
358 / 5475
359 / 5475
360 / 5475
361 / 5475
362 / 5475
363 / 5475
364 / 5475
365 / 5475
366 / 5475
367 / 5475
368 / 5475
369 / 5475
370 / 5475
371 / 5475
372 / 5475
373 / 5475
374 / 5475
375 / 5475
376 / 5475
377 / 5475
378 / 5475
379 / 5475
380 / 5475
381 / 5475
382 / 5475
383 / 5475
384 / 5475
385 / 5475
386 / 5475
387 / 5475
388 / 5475
389 / 5475
390 / 5475
391 / 5475
392 / 5475
393 / 5475
394 / 5475
395 / 5475
396 / 5475
397 / 5475
398 / 5475
399 / 5475
400 / 5475
401 / 5475
402 / 5475
403 / 5475
404 / 5475
405 / 5475
406 / 5475
407 / 5475
408 / 5475
409 / 5475
410 / 5475
411 / 5475
412 / 5475
413 / 5475
414 / 5475
415 / 5475
416 / 5475
417 / 5475
418 / 5475
419 / 5475
420 / 5475
421 / 5475
422 / 5475
423 / 5475
424 / 5475
425 / 5475
426 / 5475
427 / 5475
428 / 5475
429 / 5475
430 / 5475
431 / 5475
432 / 5475
433 / 5475
434 / 5475
435 / 5475
436 / 5475
437 / 5475
438 / 5475
439 / 5475
440 / 5475
441 / 5475
442 / 5475
443 / 5475
444 / 5475
445 / 5475
446 / 5475
447 / 5475
448 / 5475
449 / 5475
450 / 5475
451 / 5475
452 / 5475
453 / 5475
454 / 5475
455 / 5475
456 / 5475
457 / 5475
458 / 5475
459 / 5475
460 / 5475
461 / 5475
462 / 5475
463 / 5475
464 / 5475
465 / 5475
466 / 5475
467 / 5475
468 / 5475
469 / 5475
470 / 5475
471 / 5475
472 / 5475
473 / 5475
474 / 5475
475 / 5475
476 / 5475
477 / 5475
478 / 5475
479 / 5475
480 / 5475
481 / 5475
482 / 5475
483 / 5475
484 / 5475
485 / 5475
486 / 5475
487 / 5475
488 / 5475
489 / 5475
490 / 5475
491 / 5475
492 / 5475
493 / 5475
494 / 5475
495 / 5475
496 / 5475
497 / 5475
498 / 5475
499 / 5475
500 / 5475
501 / 5475
502 / 5475
503 / 5475
504 / 5475
505 / 5475
506 / 5475
507 / 5475
508 / 5475
509 / 5475
510 / 5475
511 / 5475
512 / 5475
513 / 5475
514 / 5475
515 / 5475
516 / 5475
517 / 5475
518 / 5475
519 / 5475
520 / 5475
521 / 5475
522 / 5475
523 / 5475
524 / 5475
525 / 5475
526 / 5475
527 / 5475
528 / 5475
529 / 5475
530 / 5475
531 / 5475
532 / 5475
533 / 5475
534 / 5475
535 / 5475
536 / 5475
537 / 5475
538 / 5475
539 / 5475
540 / 5475
541 / 5475
542 / 5475
543 / 5475
544 / 5475
545 / 5475
546 / 5475
547 / 5475
548 / 5475
549 / 5475
550 / 5475
551 / 5475
552 / 5475
553 / 5475
554 / 5475
555 / 5475
556 / 5475
557 / 5475
558 / 5475
559 / 5475
560 / 5475
561 / 5475
562 / 5475
563 / 5475
564 / 5475
565 / 5475
566 / 5475
567 / 5475
568 / 5475
569 / 5475
570 / 5475
571 / 5475
572 / 5475
573 / 5475
574 / 5475
575 / 5475
576 / 5475
577 / 5475
578 / 5475
579 / 5475
580 / 5475
581 / 5475
582 / 5475
583 / 5475
584 / 5475
585 / 5475
586 / 5475
587 / 5475
588 / 5475
589 / 5475
590 / 5475
591 / 5475
592 / 5475
593 / 5475
594 / 5475
595 / 5475
596 / 5475
597 / 5475
598 / 5475
599 / 5475
600 / 5475
601 / 5475
602 / 5475
603 / 5475
604 / 5475
605 / 5475
606 / 5475
607 / 5475
608 / 5475
609 / 5475
610 / 5475
611 / 5475
612 / 5475
613 / 5475
614 / 5475
615 / 5475
616 / 5475
617 / 5475
618 / 5475
619 / 5475
620 / 5475
621 / 5475
622 / 5475
623 / 5475
624 / 5475
625 / 5475
626 / 5475
627 / 5475
628 / 5475
629 / 5475
630 / 5475
631 / 5475
632 / 5475
633 / 5475
634 / 5475
635 / 5475
636 / 5475
637 / 5475
638 / 5475
639 / 5475
640 / 5475
641 / 5475
642 / 5475
643 / 5475
644 / 5475
645 / 5475
646 / 5475
647 / 5475
648 / 5475
649 / 5475
650 / 5475
651 / 5475
652 / 5475
653 / 5475
654 / 5475
655 / 5475
656 / 5475
657 / 5475
658 / 5475
659 / 5475
660 / 5475
661 / 5475
662 / 5475
663 / 5475
664 / 5475
665 / 5475
666 / 5475
667 / 5475
668 / 5475
669 / 5475
670 / 5475
671 / 5475
672 / 5475
673 / 5475
674 / 5475
675 / 5475
676 / 5475
677 / 5475
678 / 5475
679 / 5475
680 / 5475
681 / 5475
682 / 5475
683 / 5475
684 / 5475
685 / 5475
686 / 5475
687 / 5475
688 / 5475
689 / 5475
690 / 5475
691 / 5475
692 / 5475
693 / 5475
694 / 5475
695 / 5475
696 / 5475
697 / 5475
698 / 5475
699 / 5475
700 / 5475
701 / 5475
702 / 5475
703 / 5475
704 / 5475
705 / 5475
706 / 5475
707 / 5475
708 / 5475
709 / 5475
710 / 5475
711 / 5475
712 / 5475
713 / 5475
714 / 5475
715 / 5475
716 / 5475
717 / 5475
718 / 5475
719 / 5475
720 / 5475
721 / 5475
722 / 5475
723 / 5475
724 / 5475
725 / 5475
726 / 5475
727 / 5475
728 / 5475
729 / 5475
730 / 5475
731 / 5475
732 / 5475
733 / 5475
734 / 5475
735 / 5475
736 / 5475
737 / 5475
738 / 5475
739 / 5475
740 / 5475
741 / 5475
742 / 5475
743 / 5475
744 / 5475
745 / 5475
746 / 5475
747 / 5475
748 / 5475
749 / 5475
750 / 5475
751 / 5475
752 / 5475
753 / 5475
754 / 5475
755 / 5475
756 / 5475
757 / 5475
758 / 5475
759 / 5475
760 / 5475
761 / 5475
762 / 5475
763 / 5475
764 / 5475
765 / 5475
766 / 5475
767 / 5475
768 / 5475
769 / 5475
770 / 5475
771 / 5475
772 / 5475
773 / 5475
774 / 5475
775 / 5475
776 / 5475
777 / 5475
778 / 5475
779 / 5475
780 / 5475
781 / 5475
782 / 5475
783 / 5475
784 / 5475
785 / 5475
786 / 5475
787 / 5475
788 / 5475
789 / 5475
790 / 5475
791 / 5475
792 / 5475
793 / 5475
794 / 5475
795 / 5475
796 / 5475
797 / 5475
798 / 5475
799 / 5475
800 / 5475
801 / 5475
802 / 5475
803 / 5475
804 / 5475
805 / 5475
806 / 5475
807 / 5475
808 / 5475
809 / 5475
810 / 5475
811 / 5475
812 / 5475
813 / 5475
814 / 5475
815 / 5475
816 / 5475
817 / 5475
818 / 5475
819 / 5475
820 / 5475
821 / 5475
822 / 5475
823 / 5475
824 / 5475
825 / 5475
826 / 5475
827 / 5475
828 / 5475
829 / 5475
830 / 5475
831 / 5475
832 / 5475
833 / 5475
834 / 5475
835 / 5475
836 / 5475
837 / 5475
838 / 5475
839 / 5475
840 / 5475
841 / 5475
842 / 5475
843 / 5475
844 / 5475
845 / 5475
846 / 5475
847 / 5475
848 / 5475
849 / 5475
850 / 5475
851 / 5475
852 / 5475
853 / 5475
854 / 5475
855 / 5475
856 / 5475
857 / 5475
858 / 5475
859 / 5475
860 / 5475
861 / 5475
862 / 5475
863 / 5475
864 / 5475
865 / 5475
866 / 5475
867 / 5475
868 / 5475
869 / 5475
870 / 5475
871 / 5475
872 / 5475
873 / 5475
874 / 5475
875 / 5475
876 / 5475
877 / 5475
878 / 5475
879 / 5475
880 / 5475
881 / 5475
882 / 5475
883 / 5475
884 / 5475
885 / 5475
886 / 5475
887 / 5475
888 / 5475
889 / 5475
890 / 5475
891 / 5475
892 / 5475
893 / 5475
894 / 5475
895 / 5475
896 / 5475
897 / 5475
898 / 5475
899 / 5475
900 / 5475
901 / 5475
902 / 5475
903 / 5475
904 / 5475
905 / 5475
906 / 5475
907 / 5475
908 / 5475
909 / 5475
910 / 5475
911 / 5475
912 / 5475
913 / 5475
914 / 5475
915 / 5475
916 / 5475
917 / 5475
918 / 5475
919 / 5475
920 / 5475
921 / 5475
922 / 5475
923 / 5475
924 / 5475
925 / 5475
926 / 5475
927 / 5475
928 / 5475
929 / 5475
930 / 5475
931 / 5475
932 / 5475
933 / 5475
934 / 5475
935 / 5475
936 / 5475
937 / 5475
938 / 5475
939 / 5475
940 / 5475
941 / 5475
942 / 5475
943 / 5475
944 / 5475
945 / 5475
946 / 5475
947 / 5475
948 / 5475
949 / 5475
950 / 5475
951 / 5475
952 / 5475
953 / 5475
954 / 5475
955 / 5475
956 / 5475
957 / 5475
958 / 5475
959 / 5475
960 / 5475
961 / 5475
962 / 5475
963 / 5475
964 / 5475
965 / 5475
966 / 5475
967 / 5475
968 / 5475
969 / 5475
970 / 5475
971 / 5475
972 / 5475
973 / 5475
974 / 5475
975 / 5475
976 / 5475
977 / 5475
978 / 5475
979 / 5475
980 / 5475
981 / 5475
982 / 5475
983 / 5475
984 / 5475
985 / 5475
986 / 5475
987 / 5475
988 / 5475
989 / 5475
990 / 5475
991 / 5475
992 / 5475
993 / 5475
994 / 5475
995 / 5475
996 / 5475
997 / 5475
998 / 5475
999 / 5475
1000 / 5475
1001 / 5475
1002 / 5475
1003 / 5475
1004 / 5475
1005 / 5475
1006 / 5475
1007 / 5475
1008 / 5475
1009 / 5475
1010 / 5475
1011 / 5475
1012 / 5475
1013 / 5475
1014 / 5475
1015 / 5475
1016 / 5475
1017 / 5475
1018 / 5475
1019 / 5475
1020 / 5475
1021 / 5475
1022 / 5475
1023 / 5475
1024 / 5475
1025 / 5475
1026 / 5475
1027 / 5475
1028 / 5475
1029 / 5475
1030 / 5475
1031 / 5475
1032 / 5475
1033 / 5475
1034 / 5475
1035 / 5475
1036 / 5475
1037 / 5475
1038 / 5475
1039 / 5475
1040 / 5475
1041 / 5475
1042 / 5475
1043 / 5475
1044 / 5475
1045 / 5475
1046 / 5475
1047 / 5475
1048 / 5475
1049 / 5475
1050 / 5475
1051 / 5475
1052 / 5475
1053 / 5475
1054 / 5475
1055 / 5475
1056 / 5475
1057 / 5475
1058 / 5475
1059 / 5475
1060 / 5475
1061 / 5475
1062 / 5475
1063 / 5475
1064 / 5475
1065 / 5475
1066 / 5475
1067 / 5475
1068 / 5475
1069 / 5475
1070 / 5475
1071 / 5475
1072 / 5475
1073 / 5475
1074 / 5475
1075 / 5475
1076 / 5475
1077 / 5475
1078 / 5475
1079 / 5475
1080 / 5475
1081 / 5475
1082 / 5475
1083 / 5475
1084 / 5475
1085 / 5475
1086 / 5475
1087 / 5475
1088 / 5475
1089 / 5475
1090 / 5475
1091 / 5475
1092 / 5475
1093 / 5475
1094 / 5475
1095 / 5475
1096 / 5475
1097 / 5475
1098 / 5475
1099 / 5475
1100 / 5475
1101 / 5475
1102 / 5475
1103 / 5475
1104 / 5475
1105 / 5475
1106 / 5475
1107 / 5475
1108 / 5475
1109 / 5475
1110 / 5475
1111 / 5475
1112 / 5475
1113 / 5475
1114 / 5475
1115 / 5475
1116 / 5475
1117 / 5475
1118 / 5475
1119 / 5475
1120 / 5475
1121 / 5475
1122 / 5475
1123 / 5475
1124 / 5475
1125 / 5475
1126 / 5475
1127 / 5475
1128 / 5475
1129 / 5475
1130 / 5475
1131 / 5475
1132 / 5475
1133 / 5475
1134 / 5475
1135 / 5475
1136 / 5475
1137 / 5475
1138 / 5475
1139 / 5475
1140 / 5475
1141 / 5475
1142 / 5475
1143 / 5475
1144 / 5475
1145 / 5475
1146 / 5475
1147 / 5475
1148 / 5475
1149 / 5475
1150 / 5475
1151 / 5475
1152 / 5475
1153 / 5475
1154 / 5475
1155 / 5475
1156 / 5475
1157 / 5475
1158 / 5475
1159 / 5475
1160 / 5475
1161 / 5475
1162 / 5475
1163 / 5475
1164 / 5475
1165 / 5475
1166 / 5475
1167 / 5475
1168 / 5475
1169 / 5475
1170 / 5475
1171 / 5475
1172 / 5475
1173 / 5475
1174 / 5475
1175 / 5475
1176 / 5475
1177 / 5475
1178 / 5475
1179 / 5475
1180 / 5475
1181 / 5475
1182 / 5475
1183 / 5475
1184 / 5475
1185 / 5475
1186 / 5475
1187 / 5475
1188 / 5475
1189 / 5475
1190 / 5475
1191 / 5475
1192 / 5475
1193 / 5475
1194 / 5475
1195 / 5475
1196 / 5475
1197 / 5475
1198 / 5475
1199 / 5475
1200 / 5475
1201 / 5475
1202 / 5475
1203 / 5475
1204 / 5475
1205 / 5475
1206 / 5475
1207 / 5475
1208 / 5475
1209 / 5475
1210 / 5475
1211 / 5475
1212 / 5475
1213 / 5475
1214 / 5475
1215 / 5475
1216 / 5475
1217 / 5475
1218 / 5475
1219 / 5475
1220 / 5475
1221 / 5475
1222 / 5475
1223 / 5475
1224 / 5475
1225 / 5475
1226 / 5475
1227 / 5475
1228 / 5475
1229 / 5475
1230 / 5475
1231 / 5475
1232 / 5475
1233 / 5475
1234 / 5475
1235 / 5475
1236 / 5475
1237 / 5475
1238 / 5475
1239 / 5475
1240 / 5475
1241 / 5475
1242 / 5475
1243 / 5475
1244 / 5475
1245 / 5475
1246 / 5475
1247 / 5475
1248 / 5475
1249 / 5475
1250 / 5475
1251 / 5475
1252 / 5475
1253 / 5475
1254 / 5475
1255 / 5475
1256 / 5475
1257 / 5475
1258 / 5475
1259 / 5475
1260 / 5475
1261 / 5475
1262 / 5475
1263 / 5475
1264 / 5475
1265 / 5475
1266 / 5475
1267 / 5475
1268 / 5475
1269 / 5475
1270 / 5475
1271 / 5475
1272 / 5475
1273 / 5475
1274 / 5475
1275 / 5475
1276 / 5475
1277 / 5475
1278 / 5475
1279 / 5475
1280 / 5475
1281 / 5475
1282 / 5475
1283 / 5475
1284 / 5475
1285 / 5475
1286 / 5475
1287 / 5475
1288 / 5475
1289 / 5475
1290 / 5475
1291 / 5475
1292 / 5475
1293 / 5475
1294 / 5475
1295 / 5475
1296 / 5475
1297 / 5475
1298 / 5475
1299 / 5475
1300 / 5475
1301 / 5475
1302 / 5475
1303 / 5475
1304 / 5475
1305 / 5475
1306 / 5475
1307 / 5475
1308 / 5475
1309 / 5475
1310 / 5475
1311 / 5475
1312 / 5475
1313 / 5475
1314 / 5475
1315 / 5475
1316 / 5475
1317 / 5475
1318 / 5475
1319 / 5475
1320 / 5475
1321 / 5475
1322 / 5475
1323 / 5475
1324 / 5475
1325 / 5475
1326 / 5475
1327 / 5475
1328 / 5475
1329 / 5475
1330 / 5475
1331 / 5475
1332 / 5475
1333 / 5475
1334 / 5475
1335 / 5475
1336 / 5475
1337 / 5475
1338 / 5475
1339 / 5475
1340 / 5475
1341 / 5475
1342 / 5475
1343 / 5475
1344 / 5475
1345 / 5475
1346 / 5475
1347 / 5475
1348 / 5475
1349 / 5475
1350 / 5475
1351 / 5475
1352 / 5475
1353 / 5475
1354 / 5475
1355 / 5475
1356 / 5475
1357 / 5475
1358 / 5475
1359 / 5475
1360 / 5475
1361 / 5475
1362 / 5475
1363 / 5475
1364 / 5475
1365 / 5475
1366 / 5475
1367 / 5475
1368 / 5475
1369 / 5475
1370 / 5475
1371 / 5475
1372 / 5475
1373 / 5475
1374 / 5475
1375 / 5475
1376 / 5475
1377 / 5475
1378 / 5475
1379 / 5475
1380 / 5475
1381 / 5475
1382 / 5475
1383 / 5475
1384 / 5475
1385 / 5475
1386 / 5475
1387 / 5475
1388 / 5475
1389 / 5475
1390 / 5475
1391 / 5475
1392 / 5475
1393 / 5475
1394 / 5475
1395 / 5475
1396 / 5475
1397 / 5475
1398 / 5475
1399 / 5475
1400 / 5475
1401 / 5475
1402 / 5475
1403 / 5475
1404 / 5475
1405 / 5475
1406 / 5475
1407 / 5475
1408 / 5475
1409 / 5475
1410 / 5475
1411 / 5475
1412 / 5475
1413 / 5475
1414 / 5475
1415 / 5475
1416 / 5475
1417 / 5475
1418 / 5475
1419 / 5475
1420 / 5475
1421 / 5475
1422 / 5475
1423 / 5475
1424 / 5475
1425 / 5475
1426 / 5475
1427 / 5475
1428 / 5475
1429 / 5475
1430 / 5475
1431 / 5475
1432 / 5475
1433 / 5475
1434 / 5475
1435 / 5475
1436 / 5475
1437 / 5475
1438 / 5475
1439 / 5475
1440 / 5475
1441 / 5475
1442 / 5475
1443 / 5475
1444 / 5475
1445 / 5475
1446 / 5475
1447 / 5475
1448 / 5475
1449 / 5475
1450 / 5475
1451 / 5475
1452 / 5475
1453 / 5475
1454 / 5475
1455 / 5475
1456 / 5475
1457 / 5475
1458 / 5475
1459 / 5475
1460 / 5475
1461 / 5475
1462 / 5475
1463 / 5475
1464 / 5475
1465 / 5475
1466 / 5475
1467 / 5475
1468 / 5475
1469 / 5475
1470 / 5475
1471 / 5475
1472 / 5475
1473 / 5475
1474 / 5475
1475 / 5475
1476 / 5475
1477 / 5475
1478 / 5475
1479 / 5475
1480 / 5475
1481 / 5475
1482 / 5475
1483 / 5475
1484 / 5475
1485 / 5475
1486 / 5475
1487 / 5475
1488 / 5475
1489 / 5475
1490 / 5475
1491 / 5475
1492 / 5475
1493 / 5475
1494 / 5475
1495 / 5475
1496 / 5475
1497 / 5475
1498 / 5475
1499 / 5475
1500 / 5475
1501 / 5475
1502 / 5475
1503 / 5475
1504 / 5475
1505 / 5475
1506 / 5475
1507 / 5475
1508 / 5475
1509 / 5475
1510 / 5475
1511 / 5475
1512 / 5475
1513 / 5475
1514 / 5475
1515 / 5475
1516 / 5475
1517 / 5475
1518 / 5475
1519 / 5475
1520 / 5475
1521 / 5475
1522 / 5475
1523 / 5475
1524 / 5475
1525 / 5475
1526 / 5475
1527 / 5475
1528 / 5475
1529 / 5475
1530 / 5475
1531 / 5475
1532 / 5475
1533 / 5475
1534 / 5475
1535 / 5475
1536 / 5475
1537 / 5475
1538 / 5475
1539 / 5475
1540 / 5475
1541 / 5475
1542 / 5475
1543 / 5475
1544 / 5475
1545 / 5475
1546 / 5475
1547 / 5475
1548 / 5475
1549 / 5475
1550 / 5475
1551 / 5475
1552 / 5475
1553 / 5475
1554 / 5475
1555 / 5475
1556 / 5475
1557 / 5475
1558 / 5475
1559 / 5475
1560 / 5475
1561 / 5475
1562 / 5475
1563 / 5475
1564 / 5475
1565 / 5475
1566 / 5475
1567 / 5475
1568 / 5475
1569 / 5475
1570 / 5475
1571 / 5475
1572 / 5475
1573 / 5475
1574 / 5475
1575 / 5475
1576 / 5475
1577 / 5475
1578 / 5475
1579 / 5475
1580 / 5475
1581 / 5475
1582 / 5475
1583 / 5475
1584 / 5475
1585 / 5475
1586 / 5475
1587 / 5475
1588 / 5475
1589 / 5475
1590 / 5475
1591 / 5475
1592 / 5475
1593 / 5475
1594 / 5475
1595 / 5475
1596 / 5475
1597 / 5475
1598 / 5475
1599 / 5475
1600 / 5475
1601 / 5475
1602 / 5475
1603 / 5475
1604 / 5475
1605 / 5475
1606 / 5475
1607 / 5475
1608 / 5475
1609 / 5475
1610 / 5475
1611 / 5475
1612 / 5475
1613 / 5475
1614 / 5475
1615 / 5475
1616 / 5475
1617 / 5475
1618 / 5475
1619 / 5475
1620 / 5475
1621 / 5475
1622 / 5475
1623 / 5475
1624 / 5475
1625 / 5475
1626 / 5475
1627 / 5475
1628 / 5475
1629 / 5475
1630 / 5475
1631 / 5475
1632 / 5475
1633 / 5475
1634 / 5475
1635 / 5475
1636 / 5475
1637 / 5475
1638 / 5475
1639 / 5475
1640 / 5475
1641 / 5475
1642 / 5475
1643 / 5475
1644 / 5475
1645 / 5475
1646 / 5475
1647 / 5475
1648 / 5475
1649 / 5475
1650 / 5475
1651 / 5475
1652 / 5475
1653 / 5475
1654 / 5475
1655 / 5475
1656 / 5475
1657 / 5475
1658 / 5475
1659 / 5475
1660 / 5475
1661 / 5475
1662 / 5475
1663 / 5475
1664 / 5475
1665 / 5475
1666 / 5475
1667 / 5475
1668 / 5475
1669 / 5475
1670 / 5475
1671 / 5475
1672 / 5475
1673 / 5475
1674 / 5475
1675 / 5475
1676 / 5475
1677 / 5475
1678 / 5475
1679 / 5475
1680 / 5475
1681 / 5475
1682 / 5475
1683 / 5475
1684 / 5475
1685 / 5475
1686 / 5475
1687 / 5475
1688 / 5475
1689 / 5475
1690 / 5475
1691 / 5475
1692 / 5475
1693 / 5475
1694 / 5475
1695 / 5475
1696 / 5475
1697 / 5475
1698 / 5475
1699 / 5475
1700 / 5475
1701 / 5475
1702 / 5475
1703 / 5475
1704 / 5475
1705 / 5475
1706 / 5475
1707 / 5475
1708 / 5475
1709 / 5475
1710 / 5475
1711 / 5475
1712 / 5475
1713 / 5475
1714 / 5475
1715 / 5475
1716 / 5475
1717 / 5475
1718 / 5475
1719 / 5475
1720 / 5475
1721 / 5475
1722 / 5475
1723 / 5475
1724 / 5475
1725 / 5475
1726 / 5475
1727 / 5475
1728 / 5475
1729 / 5475
1730 / 5475
1731 / 5475
1732 / 5475
1733 / 5475
1734 / 5475
1735 / 5475
1736 / 5475
1737 / 5475
1738 / 5475
1739 / 5475
1740 / 5475
1741 / 5475
1742 / 5475
1743 / 5475
1744 / 5475
1745 / 5475
1746 / 5475
1747 / 5475
1748 / 5475
1749 / 5475
1750 / 5475
1751 / 5475
1752 / 5475
1753 / 5475
1754 / 5475
1755 / 5475
1756 / 5475
1757 / 5475
1758 / 5475
1759 / 5475
1760 / 5475
1761 / 5475
1762 / 5475
1763 / 5475
1764 / 5475
1765 / 5475
1766 / 5475
1767 / 5475
1768 / 5475
1769 / 5475
1770 / 5475
1771 / 5475
1772 / 5475
1773 / 5475
1774 / 5475
1775 / 5475
1776 / 5475
1777 / 5475
1778 / 5475
1779 / 5475
1780 / 5475
1781 / 5475
1782 / 5475
1783 / 5475
1784 / 5475
1785 / 5475
1786 / 5475
1787 / 5475
1788 / 5475
1789 / 5475
1790 / 5475
1791 / 5475
1792 / 5475
1793 / 5475
1794 / 5475
1795 / 5475
1796 / 5475
1797 / 5475
1798 / 5475
1799 / 5475
1800 / 5475
1801 / 5475
1802 / 5475
1803 / 5475
1804 / 5475
1805 / 5475
1806 / 5475
1807 / 5475
1808 / 5475
1809 / 5475
1810 / 5475
1811 / 5475
1812 / 5475
1813 / 5475
1814 / 5475
1815 / 5475
1816 / 5475
1817 / 5475
1818 / 5475
1819 / 5475
1820 / 5475
1821 / 5475
1822 / 5475
1823 / 5475
1824 / 5475
1825 / 5475
1826 / 5475
1827 / 5475
1828 / 5475
1829 / 5475
1830 / 5475
1831 / 5475
1832 / 5475
1833 / 5475
1834 / 5475
1835 / 5475
1836 / 5475
1837 / 5475
1838 / 5475
1839 / 5475
1840 / 5475
1841 / 5475
1842 / 5475
1843 / 5475
1844 / 5475
1845 / 5475
1846 / 5475
1847 / 5475
1848 / 5475
1849 / 5475
1850 / 5475
1851 / 5475
1852 / 5475
1853 / 5475
1854 / 5475
1855 / 5475
1856 / 5475
1857 / 5475
1858 / 5475
1859 / 5475
1860 / 5475
1861 / 5475
1862 / 5475
1863 / 5475
1864 / 5475
1865 / 5475
1866 / 5475
1867 / 5475
1868 / 5475
1869 / 5475
1870 / 5475
1871 / 5475
1872 / 5475
1873 / 5475
1874 / 5475
1875 / 5475
1876 / 5475
1877 / 5475
1878 / 5475
1879 / 5475
1880 / 5475
1881 / 5475
1882 / 5475
1883 / 5475
1884 / 5475
1885 / 5475
1886 / 5475
1887 / 5475
1888 / 5475
1889 / 5475
1890 / 5475
1891 / 5475
1892 / 5475
1893 / 5475
1894 / 5475
1895 / 5475
1896 / 5475
1897 / 5475
1898 / 5475
1899 / 5475
1900 / 5475
1901 / 5475
1902 / 5475
1903 / 5475
1904 / 5475
1905 / 5475
1906 / 5475
1907 / 5475
1908 / 5475
1909 / 5475
1910 / 5475
1911 / 5475
1912 / 5475
1913 / 5475
1914 / 5475
1915 / 5475
1916 / 5475
1917 / 5475
1918 / 5475
1919 / 5475
1920 / 5475
1921 / 5475
1922 / 5475
1923 / 5475
1924 / 5475
1925 / 5475
1926 / 5475
1927 / 5475
1928 / 5475
1929 / 5475
1930 / 5475
1931 / 5475
1932 / 5475
1933 / 5475
1934 / 5475
1935 / 5475
1936 / 5475
1937 / 5475
1938 / 5475
1939 / 5475
1940 / 5475
1941 / 5475
1942 / 5475
1943 / 5475
1944 / 5475
1945 / 5475
1946 / 5475
1947 / 5475
1948 / 5475
1949 / 5475
1950 / 5475
1951 / 5475
1952 / 5475
1953 / 5475
1954 / 5475
1955 / 5475
1956 / 5475
1957 / 5475
1958 / 5475
1959 / 5475
1960 / 5475
1961 / 5475
1962 / 5475
1963 / 5475
1964 / 5475
1965 / 5475
1966 / 5475
1967 / 5475
1968 / 5475
1969 / 5475
1970 / 5475
1971 / 5475
1972 / 5475
1973 / 5475
1974 / 5475
1975 / 5475
1976 / 5475
1977 / 5475
1978 / 5475
1979 / 5475
1980 / 5475
1981 / 5475
1982 / 5475
1983 / 5475
1984 / 5475
1985 / 5475
1986 / 5475
1987 / 5475
1988 / 5475
1989 / 5475
1990 / 5475
1991 / 5475
1992 / 5475
1993 / 5475
1994 / 5475
1995 / 5475
1996 / 5475
1997 / 5475
1998 / 5475
1999 / 5475
2000 / 5475
2001 / 5475
2002 / 5475
2003 / 5475
2004 / 5475
2005 / 5475
2006 / 5475
2007 / 5475
2008 / 5475
2009 / 5475
2010 / 5475
2011 / 5475
2012 / 5475
2013 / 5475
2014 / 5475
2015 / 5475
2016 / 5475
2017 / 5475
2018 / 5475
2019 / 5475
2020 / 5475
2021 / 5475
2022 / 5475
2023 / 5475
2024 / 5475
2025 / 5475
2026 / 5475
2027 / 5475
2028 / 5475
2029 / 5475
2030 / 5475
2031 / 5475
2032 / 5475
2033 / 5475
2034 / 5475
2035 / 5475
2036 / 5475
2037 / 5475
2038 / 5475
2039 / 5475
2040 / 5475
2041 / 5475
2042 / 5475
2043 / 5475
2044 / 5475
2045 / 5475
2046 / 5475
2047 / 5475
2048 / 5475
2049 / 5475
2050 / 5475
2051 / 5475
2052 / 5475
2053 / 5475
2054 / 5475
2055 / 5475
2056 / 5475
2057 / 5475
2058 / 5475
2059 / 5475
2060 / 5475
2061 / 5475
2062 / 5475
2063 / 5475
2064 / 5475
2065 / 5475
2066 / 5475
2067 / 5475
2068 / 5475
2069 / 5475
2070 / 5475
2071 / 5475
2072 / 5475
2073 / 5475
2074 / 5475
2075 / 5475
2076 / 5475
2077 / 5475
2078 / 5475
2079 / 5475
2080 / 5475
2081 / 5475
2082 / 5475
2083 / 5475
2084 / 5475
2085 / 5475
2086 / 5475
2087 / 5475
2088 / 5475
2089 / 5475
2090 / 5475
2091 / 5475
2092 / 5475
2093 / 5475
2094 / 5475
2095 / 5475
2096 / 5475
2097 / 5475
2098 / 5475
2099 / 5475
2100 / 5475
2101 / 5475
2102 / 5475
2103 / 5475
2104 / 5475
2105 / 5475
2106 / 5475
2107 / 5475
2108 / 5475
2109 / 5475
2110 / 5475
2111 / 5475
2112 / 5475
2113 / 5475
2114 / 5475
2115 / 5475
2116 / 5475
2117 / 5475
2118 / 5475
2119 / 5475
2120 / 5475
2121 / 5475
2122 / 5475
2123 / 5475
2124 / 5475
2125 / 5475
2126 / 5475
2127 / 5475
2128 / 5475
2129 / 5475
2130 / 5475
2131 / 5475
2132 / 5475
2133 / 5475
2134 / 5475
2135 / 5475
2136 / 5475
2137 / 5475
2138 / 5475
2139 / 5475
2140 / 5475
2141 / 5475
2142 / 5475
2143 / 5475
2144 / 5475
2145 / 5475
2146 / 5475
2147 / 5475
2148 / 5475
2149 / 5475
2150 / 5475
2151 / 5475
2152 / 5475
2153 / 5475
2154 / 5475
2155 / 5475
2156 / 5475
2157 / 5475
2158 / 5475
2159 / 5475
2160 / 5475
2161 / 5475
2162 / 5475
2163 / 5475
2164 / 5475
2165 / 5475
2166 / 5475
2167 / 5475
2168 / 5475
2169 / 5475
2170 / 5475
2171 / 5475
2172 / 5475
2173 / 5475
2174 / 5475
2175 / 5475
2176 / 5475
2177 / 5475
2178 / 5475
2179 / 5475
2180 / 5475
2181 / 5475
2182 / 5475
2183 / 5475
2184 / 5475
2185 / 5475
2186 / 5475
2187 / 5475
2188 / 5475
2189 / 5475
2190 / 5475
2191 / 5475
2192 / 5475
2193 / 5475
2194 / 5475
2195 / 5475
2196 / 5475
2197 / 5475
2198 / 5475
2199 / 5475
2200 / 5475
2201 / 5475
2202 / 5475
2203 / 5475
2204 / 5475
2205 / 5475
2206 / 5475
2207 / 5475
2208 / 5475
2209 / 5475
2210 / 5475
2211 / 5475
2212 / 5475
2213 / 5475
2214 / 5475
2215 / 5475
2216 / 5475
2217 / 5475
2218 / 5475
2219 / 5475
2220 / 5475
2221 / 5475
2222 / 5475
2223 / 5475
2224 / 5475
2225 / 5475
2226 / 5475
2227 / 5475
2228 / 5475
2229 / 5475
2230 / 5475
2231 / 5475
2232 / 5475
2233 / 5475
2234 / 5475
2235 / 5475
2236 / 5475
2237 / 5475
2238 / 5475
2239 / 5475
2240 / 5475
2241 / 5475
2242 / 5475
2243 / 5475
2244 / 5475
2245 / 5475
2246 / 5475
2247 / 5475
2248 / 5475
2249 / 5475
2250 / 5475
2251 / 5475
2252 / 5475
2253 / 5475
2254 / 5475
2255 / 5475
2256 / 5475
2257 / 5475
2258 / 5475
2259 / 5475
2260 / 5475
2261 / 5475
2262 / 5475
2263 / 5475
2264 / 5475
2265 / 5475
2266 / 5475
2267 / 5475
2268 / 5475
2269 / 5475
2270 / 5475
2271 / 5475
2272 / 5475
2273 / 5475
2274 / 5475
2275 / 5475
2276 / 5475
2277 / 5475
2278 / 5475
2279 / 5475
2280 / 5475
2281 / 5475
2282 / 5475
2283 / 5475
2284 / 5475
2285 / 5475
2286 / 5475
2287 / 5475
2288 / 5475
2289 / 5475
2290 / 5475
2291 / 5475
2292 / 5475
2293 / 5475
2294 / 5475
2295 / 5475
2296 / 5475
2297 / 5475
2298 / 5475
2299 / 5475
2300 / 5475
2301 / 5475
2302 / 5475
2303 / 5475
2304 / 5475
2305 / 5475
2306 / 5475
2307 / 5475
2308 / 5475
2309 / 5475
2310 / 5475
2311 / 5475
2312 / 5475
2313 / 5475
2314 / 5475
2315 / 5475
2316 / 5475
2317 / 5475
2318 / 5475
2319 / 5475
2320 / 5475
2321 / 5475
2322 / 5475
2323 / 5475
2324 / 5475
2325 / 5475
2326 / 5475
2327 / 5475
2328 / 5475
2329 / 5475
2330 / 5475
2331 / 5475
2332 / 5475
2333 / 5475
2334 / 5475
2335 / 5475
2336 / 5475
2337 / 5475
2338 / 5475
2339 / 5475
2340 / 5475
2341 / 5475
2342 / 5475
2343 / 5475
2344 / 5475
2345 / 5475
2346 / 5475
2347 / 5475
2348 / 5475
2349 / 5475
2350 / 5475
2351 / 5475
2352 / 5475
2353 / 5475
2354 / 5475
2355 / 5475
2356 / 5475
2357 / 5475
2358 / 5475
2359 / 5475
2360 / 5475
2361 / 5475
2362 / 5475
2363 / 5475
2364 / 5475
2365 / 5475
2366 / 5475
2367 / 5475
2368 / 5475
2369 / 5475
2370 / 5475
2371 / 5475
2372 / 5475
2373 / 5475
2374 / 5475
2375 / 5475
2376 / 5475
2377 / 5475
2378 / 5475
2379 / 5475
2380 / 5475
2381 / 5475
2382 / 5475
2383 / 5475
2384 / 5475
2385 / 5475
2386 / 5475
2387 / 5475
2388 / 5475
2389 / 5475
2390 / 5475
2391 / 5475
2392 / 5475
2393 / 5475
2394 / 5475
2395 / 5475
2396 / 5475
2397 / 5475
2398 / 5475
2399 / 5475
2400 / 5475
2401 / 5475
2402 / 5475
2403 / 5475
2404 / 5475
2405 / 5475
2406 / 5475
2407 / 5475
2408 / 5475
2409 / 5475
2410 / 5475
2411 / 5475
2412 / 5475
2413 / 5475
2414 / 5475
2415 / 5475
2416 / 5475
2417 / 5475
2418 / 5475
2419 / 5475
2420 / 5475
2421 / 5475
2422 / 5475
2423 / 5475
2424 / 5475
2425 / 5475
2426 / 5475
2427 / 5475
2428 / 5475
2429 / 5475
2430 / 5475
2431 / 5475
2432 / 5475
2433 / 5475
2434 / 5475
2435 / 5475
2436 / 5475
2437 / 5475
2438 / 5475
2439 / 5475
2440 / 5475
2441 / 5475
2442 / 5475
2443 / 5475
2444 / 5475
2445 / 5475
2446 / 5475
2447 / 5475
2448 / 5475
2449 / 5475
2450 / 5475
2451 / 5475
2452 / 5475
2453 / 5475
2454 / 5475
2455 / 5475
2456 / 5475
2457 / 5475
2458 / 5475
2459 / 5475
2460 / 5475
2461 / 5475
2462 / 5475
2463 / 5475
2464 / 5475
2465 / 5475
2466 / 5475
2467 / 5475
2468 / 5475
2469 / 5475
2470 / 5475
2471 / 5475
2472 / 5475
2473 / 5475
2474 / 5475
2475 / 5475
2476 / 5475
2477 / 5475
2478 / 5475
2479 / 5475
2480 / 5475
2481 / 5475
2482 / 5475
2483 / 5475
2484 / 5475
2485 / 5475
2486 / 5475
2487 / 5475
2488 / 5475
2489 / 5475
2490 / 5475
2491 / 5475
2492 / 5475
2493 / 5475
2494 / 5475
2495 / 5475
2496 / 5475
2497 / 5475
2498 / 5475
2499 / 5475
2500 / 5475
2501 / 5475
2502 / 5475
2503 / 5475
2504 / 5475
2505 / 5475
2506 / 5475
2507 / 5475
2508 / 5475
2509 / 5475
2510 / 5475
2511 / 5475
2512 / 5475
2513 / 5475
2514 / 5475
2515 / 5475
2516 / 5475
2517 / 5475
2518 / 5475
2519 / 5475
2520 / 5475
2521 / 5475
2522 / 5475
2523 / 5475
2524 / 5475
2525 / 5475
2526 / 5475
2527 / 5475
2528 / 5475
2529 / 5475
2530 / 5475
2531 / 5475
2532 / 5475
2533 / 5475
2534 / 5475
2535 / 5475
2536 / 5475
2537 / 5475
2538 / 5475
2539 / 5475
2540 / 5475
2541 / 5475
2542 / 5475
2543 / 5475
2544 / 5475
2545 / 5475
2546 / 5475
2547 / 5475
2548 / 5475
2549 / 5475
2550 / 5475
2551 / 5475
2552 / 5475
2553 / 5475
2554 / 5475
2555 / 5475
2556 / 5475
2557 / 5475
2558 / 5475
2559 / 5475
2560 / 5475
2561 / 5475
2562 / 5475
2563 / 5475
2564 / 5475
2565 / 5475
2566 / 5475
2567 / 5475
2568 / 5475
2569 / 5475
2570 / 5475
2571 / 5475
2572 / 5475
2573 / 5475
2574 / 5475
2575 / 5475
2576 / 5475
2577 / 5475
2578 / 5475
2579 / 5475
2580 / 5475
2581 / 5475
2582 / 5475
2583 / 5475
2584 / 5475
2585 / 5475
2586 / 5475
2587 / 5475
2588 / 5475
2589 / 5475
2590 / 5475
2591 / 5475
2592 / 5475
2593 / 5475
2594 / 5475
2595 / 5475
2596 / 5475
2597 / 5475
2598 / 5475
2599 / 5475
2600 / 5475
2601 / 5475
2602 / 5475
2603 / 5475
2604 / 5475
2605 / 5475
2606 / 5475
2607 / 5475
2608 / 5475
2609 / 5475
2610 / 5475
2611 / 5475
2612 / 5475
2613 / 5475
2614 / 5475
2615 / 5475
2616 / 5475
2617 / 5475
2618 / 5475
2619 / 5475
2620 / 5475
2621 / 5475
2622 / 5475
2623 / 5475
2624 / 5475
2625 / 5475
2626 / 5475
2627 / 5475
2628 / 5475
2629 / 5475
2630 / 5475
2631 / 5475
2632 / 5475
2633 / 5475
2634 / 5475
2635 / 5475
2636 / 5475
2637 / 5475
2638 / 5475
2639 / 5475
2640 / 5475
2641 / 5475
2642 / 5475
2643 / 5475
2644 / 5475
2645 / 5475
2646 / 5475
2647 / 5475
2648 / 5475
2649 / 5475
2650 / 5475
2651 / 5475
2652 / 5475
2653 / 5475
2654 / 5475
2655 / 5475
2656 / 5475
2657 / 5475
2658 / 5475
2659 / 5475
2660 / 5475
2661 / 5475
2662 / 5475
2663 / 5475
2664 / 5475
2665 / 5475
2666 / 5475
2667 / 5475
2668 / 5475
2669 / 5475
2670 / 5475
2671 / 5475
2672 / 5475
2673 / 5475
2674 / 5475
2675 / 5475
2676 / 5475
2677 / 5475
2678 / 5475
2679 / 5475
2680 / 5475
2681 / 5475
2682 / 5475
2683 / 5475
2684 / 5475
2685 / 5475
2686 / 5475
2687 / 5475
2688 / 5475
2689 / 5475
2690 / 5475
2691 / 5475
2692 / 5475
2693 / 5475
2694 / 5475
2695 / 5475
2696 / 5475
2697 / 5475
2698 / 5475
2699 / 5475
2700 / 5475
2701 / 5475
2702 / 5475
2703 / 5475
2704 / 5475
2705 / 5475
2706 / 5475
2707 / 5475
2708 / 5475
2709 / 5475
2710 / 5475
2711 / 5475
2712 / 5475
2713 / 5475
2714 / 5475
2715 / 5475
2716 / 5475
2717 / 5475
2718 / 5475
2719 / 5475
2720 / 5475
2721 / 5475
2722 / 5475
2723 / 5475
2724 / 5475
2725 / 5475
2726 / 5475
2727 / 5475
2728 / 5475
2729 / 5475
2730 / 5475
2731 / 5475
2732 / 5475
2733 / 5475
2734 / 5475
2735 / 5475
2736 / 5475
2737 / 5475
2738 / 5475
2739 / 5475
2740 / 5475
2741 / 5475
2742 / 5475
2743 / 5475
2744 / 5475
2745 / 5475
2746 / 5475
2747 / 5475
2748 / 5475
2749 / 5475
2750 / 5475
2751 / 5475
2752 / 5475
2753 / 5475
2754 / 5475
2755 / 5475
2756 / 5475
2757 / 5475
2758 / 5475
2759 / 5475
2760 / 5475
2761 / 5475
2762 / 5475
2763 / 5475
2764 / 5475
2765 / 5475
2766 / 5475
2767 / 5475
2768 / 5475
2769 / 5475
2770 / 5475
2771 / 5475
2772 / 5475
2773 / 5475
2774 / 5475
2775 / 5475
2776 / 5475
2777 / 5475
2778 / 5475
2779 / 5475
2780 / 5475
2781 / 5475
2782 / 5475
2783 / 5475
2784 / 5475
2785 / 5475
2786 / 5475
2787 / 5475
2788 / 5475
2789 / 5475
2790 / 5475
2791 / 5475
2792 / 5475
2793 / 5475
2794 / 5475
2795 / 5475
2796 / 5475
2797 / 5475
2798 / 5475
2799 / 5475
2800 / 5475
2801 / 5475
2802 / 5475
2803 / 5475
2804 / 5475
2805 / 5475
2806 / 5475
2807 / 5475
2808 / 5475
2809 / 5475
2810 / 5475
2811 / 5475
2812 / 5475
2813 / 5475
2814 / 5475
2815 / 5475
2816 / 5475
2817 / 5475
2818 / 5475
2819 / 5475
2820 / 5475
2821 / 5475
2822 / 5475
2823 / 5475
2824 / 5475
2825 / 5475
2826 / 5475
2827 / 5475
2828 / 5475
2829 / 5475
2830 / 5475
2831 / 5475
2832 / 5475
2833 / 5475
2834 / 5475
2835 / 5475
2836 / 5475
2837 / 5475
2838 / 5475
2839 / 5475
2840 / 5475
2841 / 5475
2842 / 5475
2843 / 5475
2844 / 5475
2845 / 5475
2846 / 5475
2847 / 5475
2848 / 5475
2849 / 5475
2850 / 5475
2851 / 5475
2852 / 5475
2853 / 5475
2854 / 5475
2855 / 5475
2856 / 5475
2857 / 5475
2858 / 5475
2859 / 5475
2860 / 5475
2861 / 5475
2862 / 5475
2863 / 5475
2864 / 5475
2865 / 5475
2866 / 5475
2867 / 5475
2868 / 5475
2869 / 5475
2870 / 5475
2871 / 5475
2872 / 5475
2873 / 5475
2874 / 5475
2875 / 5475
2876 / 5475
2877 / 5475
2878 / 5475
2879 / 5475
2880 / 5475
2881 / 5475
2882 / 5475
2883 / 5475
2884 / 5475
2885 / 5475
2886 / 5475
2887 / 5475
2888 / 5475
2889 / 5475
2890 / 5475
2891 / 5475
2892 / 5475
2893 / 5475
2894 / 5475
2895 / 5475
2896 / 5475
2897 / 5475
2898 / 5475
2899 / 5475
2900 / 5475
2901 / 5475
2902 / 5475
2903 / 5475
2904 / 5475
2905 / 5475
2906 / 5475
2907 / 5475
2908 / 5475
2909 / 5475
2910 / 5475
2911 / 5475
2912 / 5475
2913 / 5475
2914 / 5475
2915 / 5475
2916 / 5475
2917 / 5475
2918 / 5475
2919 / 5475
2920 / 5475
2921 / 5475
2922 / 5475
2923 / 5475
2924 / 5475
2925 / 5475
2926 / 5475
2927 / 5475
2928 / 5475
2929 / 5475
2930 / 5475
2931 / 5475
2932 / 5475
2933 / 5475
2934 / 5475
2935 / 5475
2936 / 5475
2937 / 5475
2938 / 5475
2939 / 5475
2940 / 5475
2941 / 5475
2942 / 5475
2943 / 5475
2944 / 5475
2945 / 5475
2946 / 5475
2947 / 5475
2948 / 5475
2949 / 5475
2950 / 5475
2951 / 5475
2952 / 5475
2953 / 5475
2954 / 5475
2955 / 5475
2956 / 5475
2957 / 5475
2958 / 5475
2959 / 5475
2960 / 5475
2961 / 5475
2962 / 5475
2963 / 5475
2964 / 5475
2965 / 5475
2966 / 5475
2967 / 5475
2968 / 5475
2969 / 5475
2970 / 5475
2971 / 5475
2972 / 5475
2973 / 5475
2974 / 5475
2975 / 5475
2976 / 5475
2977 / 5475
2978 / 5475
2979 / 5475
2980 / 5475
2981 / 5475
2982 / 5475
2983 / 5475
2984 / 5475
2985 / 5475
2986 / 5475
2987 / 5475
2988 / 5475
2989 / 5475
2990 / 5475
2991 / 5475
2992 / 5475
2993 / 5475
2994 / 5475
2995 / 5475
2996 / 5475
2997 / 5475
2998 / 5475
2999 / 5475
3000 / 5475
3001 / 5475
3002 / 5475
3003 / 5475
3004 / 5475
3005 / 5475
3006 / 5475
3007 / 5475
3008 / 5475
3009 / 5475
3010 / 5475
3011 / 5475
3012 / 5475
3013 / 5475
3014 / 5475
3015 / 5475
3016 / 5475
3017 / 5475
3018 / 5475
3019 / 5475
3020 / 5475
3021 / 5475
3022 / 5475
3023 / 5475
3024 / 5475
3025 / 5475
3026 / 5475
3027 / 5475
3028 / 5475
3029 / 5475
3030 / 5475
3031 / 5475
3032 / 5475
3033 / 5475
3034 / 5475
3035 / 5475
3036 / 5475
3037 / 5475
3038 / 5475
3039 / 5475
3040 / 5475
3041 / 5475
3042 / 5475
3043 / 5475
3044 / 5475
3045 / 5475
3046 / 5475
3047 / 5475
3048 / 5475
3049 / 5475
3050 / 5475
3051 / 5475
3052 / 5475
3053 / 5475
3054 / 5475
3055 / 5475
3056 / 5475
3057 / 5475
3058 / 5475
3059 / 5475
3060 / 5475
3061 / 5475
3062 / 5475
3063 / 5475
3064 / 5475
3065 / 5475
3066 / 5475
3067 / 5475
3068 / 5475
3069 / 5475
3070 / 5475
3071 / 5475
3072 / 5475
3073 / 5475
3074 / 5475
3075 / 5475
3076 / 5475
3077 / 5475
3078 / 5475
3079 / 5475
3080 / 5475
3081 / 5475
3082 / 5475
3083 / 5475
3084 / 5475
3085 / 5475
3086 / 5475
3087 / 5475
3088 / 5475
3089 / 5475
3090 / 5475
3091 / 5475
3092 / 5475
3093 / 5475
3094 / 5475
3095 / 5475
3096 / 5475
3097 / 5475
3098 / 5475
3099 / 5475
3100 / 5475
3101 / 5475
3102 / 5475
3103 / 5475
3104 / 5475
3105 / 5475
3106 / 5475
3107 / 5475
3108 / 5475
3109 / 5475
3110 / 5475
3111 / 5475
3112 / 5475
3113 / 5475
3114 / 5475
3115 / 5475
3116 / 5475
3117 / 5475
3118 / 5475
3119 / 5475
3120 / 5475
3121 / 5475
3122 / 5475
3123 / 5475
3124 / 5475
3125 / 5475
3126 / 5475
3127 / 5475
3128 / 5475
3129 / 5475
3130 / 5475
3131 / 5475
3132 / 5475
3133 / 5475
3134 / 5475
3135 / 5475
3136 / 5475
3137 / 5475
3138 / 5475
3139 / 5475
3140 / 5475
3141 / 5475
3142 / 5475
3143 / 5475
3144 / 5475
3145 / 5475
3146 / 5475
3147 / 5475
3148 / 5475
3149 / 5475
3150 / 5475
3151 / 5475
3152 / 5475
3153 / 5475
3154 / 5475
3155 / 5475
3156 / 5475
3157 / 5475
3158 / 5475
3159 / 5475
3160 / 5475
3161 / 5475
3162 / 5475
3163 / 5475
3164 / 5475
3165 / 5475
3166 / 5475
3167 / 5475
3168 / 5475
3169 / 5475
3170 / 5475
3171 / 5475
3172 / 5475
3173 / 5475
3174 / 5475
3175 / 5475
3176 / 5475
3177 / 5475
3178 / 5475
3179 / 5475
3180 / 5475
3181 / 5475
3182 / 5475
3183 / 5475
3184 / 5475
3185 / 5475
3186 / 5475
3187 / 5475
3188 / 5475
3189 / 5475
3190 / 5475
3191 / 5475
3192 / 5475
3193 / 5475
3194 / 5475
3195 / 5475
3196 / 5475
3197 / 5475
3198 / 5475
3199 / 5475
3200 / 5475
3201 / 5475
3202 / 5475
3203 / 5475
3204 / 5475
3205 / 5475
3206 / 5475
3207 / 5475
3208 / 5475
3209 / 5475
3210 / 5475
3211 / 5475
3212 / 5475
3213 / 5475
3214 / 5475
3215 / 5475
3216 / 5475
3217 / 5475
3218 / 5475
3219 / 5475
3220 / 5475
3221 / 5475
3222 / 5475
3223 / 5475
3224 / 5475
3225 / 5475
3226 / 5475
3227 / 5475
3228 / 5475
3229 / 5475
3230 / 5475
3231 / 5475
3232 / 5475
3233 / 5475
3234 / 5475
3235 / 5475
3236 / 5475
3237 / 5475
3238 / 5475
3239 / 5475
3240 / 5475
3241 / 5475
3242 / 5475
3243 / 5475
3244 / 5475
3245 / 5475
3246 / 5475
3247 / 5475
3248 / 5475
3249 / 5475
3250 / 5475
3251 / 5475
3252 / 5475
3253 / 5475
3254 / 5475
3255 / 5475
3256 / 5475
3257 / 5475
3258 / 5475
3259 / 5475
3260 / 5475
3261 / 5475
3262 / 5475
3263 / 5475
3264 / 5475
3265 / 5475
3266 / 5475
3267 / 5475
3268 / 5475
3269 / 5475
3270 / 5475
3271 / 5475
3272 / 5475
3273 / 5475
3274 / 5475
3275 / 5475
3276 / 5475
3277 / 5475
3278 / 5475
3279 / 5475
3280 / 5475
3281 / 5475
3282 / 5475
3283 / 5475
3284 / 5475
3285 / 5475
3286 / 5475
3287 / 5475
3288 / 5475
3289 / 5475
3290 / 5475
3291 / 5475
3292 / 5475
3293 / 5475
3294 / 5475
3295 / 5475
3296 / 5475
3297 / 5475
3298 / 5475
3299 / 5475
3300 / 5475
3301 / 5475
3302 / 5475
3303 / 5475
3304 / 5475
3305 / 5475
3306 / 5475
3307 / 5475
3308 / 5475
3309 / 5475
3310 / 5475
3311 / 5475
3312 / 5475
3313 / 5475
3314 / 5475
3315 / 5475
3316 / 5475
3317 / 5475
3318 / 5475
3319 / 5475
3320 / 5475
3321 / 5475
3322 / 5475
3323 / 5475
3324 / 5475
3325 / 5475
3326 / 5475
3327 / 5475
3328 / 5475
3329 / 5475
3330 / 5475
3331 / 5475
3332 / 5475
3333 / 5475
3334 / 5475
3335 / 5475
3336 / 5475
3337 / 5475
3338 / 5475
3339 / 5475
3340 / 5475
3341 / 5475
3342 / 5475
3343 / 5475
3344 / 5475
3345 / 5475
3346 / 5475
3347 / 5475
3348 / 5475
3349 / 5475
3350 / 5475
3351 / 5475
3352 / 5475
3353 / 5475
3354 / 5475
3355 / 5475
3356 / 5475
3357 / 5475
3358 / 5475
3359 / 5475
3360 / 5475
3361 / 5475
3362 / 5475
3363 / 5475
3364 / 5475
3365 / 5475
3366 / 5475
3367 / 5475
3368 / 5475
3369 / 5475
3370 / 5475
3371 / 5475
3372 / 5475
3373 / 5475
3374 / 5475
3375 / 5475
3376 / 5475
3377 / 5475
3378 / 5475
3379 / 5475
3380 / 5475
3381 / 5475
3382 / 5475
3383 / 5475
3384 / 5475
3385 / 5475
3386 / 5475
3387 / 5475
3388 / 5475
3389 / 5475
3390 / 5475
3391 / 5475
3392 / 5475
3393 / 5475
3394 / 5475
3395 / 5475
3396 / 5475
3397 / 5475
3398 / 5475
3399 / 5475
3400 / 5475
3401 / 5475
3402 / 5475
3403 / 5475
3404 / 5475
3405 / 5475
3406 / 5475
3407 / 5475
3408 / 5475
3409 / 5475
3410 / 5475
3411 / 5475
3412 / 5475
3413 / 5475
3414 / 5475
3415 / 5475
3416 / 5475
3417 / 5475
3418 / 5475
3419 / 5475
3420 / 5475
3421 / 5475
3422 / 5475
3423 / 5475
3424 / 5475
3425 / 5475
3426 / 5475
3427 / 5475
3428 / 5475
3429 / 5475
3430 / 5475
3431 / 5475
3432 / 5475
3433 / 5475
3434 / 5475
3435 / 5475
3436 / 5475
3437 / 5475
3438 / 5475
3439 / 5475
3440 / 5475
3441 / 5475
3442 / 5475
3443 / 5475
3444 / 5475
3445 / 5475
3446 / 5475
3447 / 5475
3448 / 5475
3449 / 5475
3450 / 5475
3451 / 5475
3452 / 5475
3453 / 5475
3454 / 5475
3455 / 5475
3456 / 5475
3457 / 5475
3458 / 5475
3459 / 5475
3460 / 5475
3461 / 5475
3462 / 5475
3463 / 5475
3464 / 5475
3465 / 5475
3466 / 5475
3467 / 5475
3468 / 5475
3469 / 5475
3470 / 5475
3471 / 5475
3472 / 5475
3473 / 5475
3474 / 5475
3475 / 5475
3476 / 5475
3477 / 5475
3478 / 5475
3479 / 5475
3480 / 5475
3481 / 5475
3482 / 5475
3483 / 5475
3484 / 5475
3485 / 5475
3486 / 5475
3487 / 5475
3488 / 5475
3489 / 5475
3490 / 5475
3491 / 5475
3492 / 5475
3493 / 5475
3494 / 5475
3495 / 5475
3496 / 5475
3497 / 5475
3498 / 5475
3499 / 5475
3500 / 5475
3501 / 5475
3502 / 5475
3503 / 5475
3504 / 5475
3505 / 5475
3506 / 5475
3507 / 5475
3508 / 5475
3509 / 5475
3510 / 5475
3511 / 5475
3512 / 5475
3513 / 5475
3514 / 5475
3515 / 5475
3516 / 5475
3517 / 5475
3518 / 5475
3519 / 5475
3520 / 5475
3521 / 5475
3522 / 5475
3523 / 5475
3524 / 5475
3525 / 5475
3526 / 5475
3527 / 5475
3528 / 5475
3529 / 5475
3530 / 5475
3531 / 5475
3532 / 5475
3533 / 5475
3534 / 5475
3535 / 5475
3536 / 5475
3537 / 5475
3538 / 5475
3539 / 5475
3540 / 5475
3541 / 5475
3542 / 5475
3543 / 5475
3544 / 5475
3545 / 5475
3546 / 5475
3547 / 5475
3548 / 5475
3549 / 5475
3550 / 5475
3551 / 5475
3552 / 5475
3553 / 5475
3554 / 5475
3555 / 5475
3556 / 5475
3557 / 5475
3558 / 5475
3559 / 5475
3560 / 5475
3561 / 5475
3562 / 5475
3563 / 5475
3564 / 5475
3565 / 5475
3566 / 5475
3567 / 5475
3568 / 5475
3569 / 5475
3570 / 5475
3571 / 5475
3572 / 5475
3573 / 5475
3574 / 5475
3575 / 5475
3576 / 5475
3577 / 5475
3578 / 5475
3579 / 5475
3580 / 5475
3581 / 5475
3582 / 5475
3583 / 5475
3584 / 5475
3585 / 5475
3586 / 5475
3587 / 5475
3588 / 5475
3589 / 5475
3590 / 5475
3591 / 5475
3592 / 5475
3593 / 5475
3594 / 5475
3595 / 5475
3596 / 5475
3597 / 5475
3598 / 5475
3599 / 5475
3600 / 5475
3601 / 5475
3602 / 5475
3603 / 5475
3604 / 5475
3605 / 5475
3606 / 5475
3607 / 5475
3608 / 5475
3609 / 5475
3610 / 5475
3611 / 5475
3612 / 5475
3613 / 5475
3614 / 5475
3615 / 5475
3616 / 5475
3617 / 5475
3618 / 5475
3619 / 5475
3620 / 5475
3621 / 5475
3622 / 5475
3623 / 5475
3624 / 5475
3625 / 5475
3626 / 5475
3627 / 5475
3628 / 5475
3629 / 5475
3630 / 5475
3631 / 5475
3632 / 5475
3633 / 5475
3634 / 5475
3635 / 5475
3636 / 5475
3637 / 5475
3638 / 5475
3639 / 5475
3640 / 5475
3641 / 5475
3642 / 5475
3643 / 5475
3644 / 5475
3645 / 5475
3646 / 5475
3647 / 5475
3648 / 5475
3649 / 5475
3650 / 5475
3651 / 5475
3652 / 5475
3653 / 5475
3654 / 5475
3655 / 5475
3656 / 5475
3657 / 5475
3658 / 5475
3659 / 5475
3660 / 5475
3661 / 5475
3662 / 5475
3663 / 5475
3664 / 5475
3665 / 5475
3666 / 5475
3667 / 5475
3668 / 5475
3669 / 5475
3670 / 5475
3671 / 5475
3672 / 5475
3673 / 5475
3674 / 5475
3675 / 5475
3676 / 5475
3677 / 5475
3678 / 5475
3679 / 5475
3680 / 5475
3681 / 5475
3682 / 5475
3683 / 5475
3684 / 5475
3685 / 5475
3686 / 5475
3687 / 5475
3688 / 5475
3689 / 5475
3690 / 5475
3691 / 5475
3692 / 5475
3693 / 5475
3694 / 5475
3695 / 5475
3696 / 5475
3697 / 5475
3698 / 5475
3699 / 5475
3700 / 5475
3701 / 5475
3702 / 5475
3703 / 5475
3704 / 5475
3705 / 5475
3706 / 5475
3707 / 5475
3708 / 5475
3709 / 5475
3710 / 5475
3711 / 5475
3712 / 5475
3713 / 5475
3714 / 5475
3715 / 5475
3716 / 5475
3717 / 5475
3718 / 5475
3719 / 5475
3720 / 5475
3721 / 5475
3722 / 5475
3723 / 5475
3724 / 5475
3725 / 5475
3726 / 5475
3727 / 5475
3728 / 5475
3729 / 5475
3730 / 5475
3731 / 5475
3732 / 5475
3733 / 5475
3734 / 5475
3735 / 5475
3736 / 5475
3737 / 5475
3738 / 5475
3739 / 5475
3740 / 5475
3741 / 5475
3742 / 5475
3743 / 5475
3744 / 5475
3745 / 5475
3746 / 5475
3747 / 5475
3748 / 5475
3749 / 5475
3750 / 5475
3751 / 5475
3752 / 5475
3753 / 5475
3754 / 5475
3755 / 5475
3756 / 5475
3757 / 5475
3758 / 5475
3759 / 5475
3760 / 5475
3761 / 5475
3762 / 5475
3763 / 5475
3764 / 5475
3765 / 5475
3766 / 5475
3767 / 5475
3768 / 5475
3769 / 5475
3770 / 5475
3771 / 5475
3772 / 5475
3773 / 5475
3774 / 5475
3775 / 5475
3776 / 5475
3777 / 5475
3778 / 5475
3779 / 5475
3780 / 5475
3781 / 5475
3782 / 5475
3783 / 5475
3784 / 5475
3785 / 5475
3786 / 5475
3787 / 5475
3788 / 5475
3789 / 5475
3790 / 5475
3791 / 5475
3792 / 5475
3793 / 5475
3794 / 5475
3795 / 5475
3796 / 5475
3797 / 5475
3798 / 5475
3799 / 5475
3800 / 5475
3801 / 5475
3802 / 5475
3803 / 5475
3804 / 5475
3805 / 5475
3806 / 5475
3807 / 5475
3808 / 5475
3809 / 5475
3810 / 5475
3811 / 5475
3812 / 5475
3813 / 5475
3814 / 5475
3815 / 5475
3816 / 5475
3817 / 5475
3818 / 5475
3819 / 5475
3820 / 5475
3821 / 5475
3822 / 5475
3823 / 5475
3824 / 5475
3825 / 5475
3826 / 5475
3827 / 5475
3828 / 5475
3829 / 5475
3830 / 5475
3831 / 5475
3832 / 5475
3833 / 5475
3834 / 5475
3835 / 5475
3836 / 5475
3837 / 5475
3838 / 5475
3839 / 5475
3840 / 5475
3841 / 5475
3842 / 5475
3843 / 5475
3844 / 5475
3845 / 5475
3846 / 5475
3847 / 5475
3848 / 5475
3849 / 5475
3850 / 5475
3851 / 5475
3852 / 5475
3853 / 5475
3854 / 5475
3855 / 5475
3856 / 5475
3857 / 5475
3858 / 5475
3859 / 5475
3860 / 5475
3861 / 5475
3862 / 5475
3863 / 5475
3864 / 5475
3865 / 5475
3866 / 5475
3867 / 5475
3868 / 5475
3869 / 5475
3870 / 5475
3871 / 5475
3872 / 5475
3873 / 5475
3874 / 5475
3875 / 5475
3876 / 5475
3877 / 5475
3878 / 5475
3879 / 5475
3880 / 5475
3881 / 5475
3882 / 5475
3883 / 5475
3884 / 5475
3885 / 5475
3886 / 5475
3887 / 5475
3888 / 5475
3889 / 5475
3890 / 5475
3891 / 5475
3892 / 5475
3893 / 5475
3894 / 5475
3895 / 5475
3896 / 5475
3897 / 5475
3898 / 5475
3899 / 5475
3900 / 5475
3901 / 5475
3902 / 5475
3903 / 5475
3904 / 5475
3905 / 5475
3906 / 5475
3907 / 5475
3908 / 5475
3909 / 5475
3910 / 5475
3911 / 5475
3912 / 5475
3913 / 5475
3914 / 5475
3915 / 5475
3916 / 5475
3917 / 5475
3918 / 5475
3919 / 5475
3920 / 5475
3921 / 5475
3922 / 5475
3923 / 5475
3924 / 5475
3925 / 5475
3926 / 5475
3927 / 5475
3928 / 5475
3929 / 5475
3930 / 5475
3931 / 5475
3932 / 5475
3933 / 5475
3934 / 5475
3935 / 5475
3936 / 5475
3937 / 5475
3938 / 5475
3939 / 5475
3940 / 5475
3941 / 5475
3942 / 5475
3943 / 5475
3944 / 5475
3945 / 5475
3946 / 5475
3947 / 5475
3948 / 5475
3949 / 5475
3950 / 5475
3951 / 5475
3952 / 5475
3953 / 5475
3954 / 5475
3955 / 5475
3956 / 5475
3957 / 5475
3958 / 5475
3959 / 5475
3960 / 5475
3961 / 5475
3962 / 5475
3963 / 5475
3964 / 5475
3965 / 5475
3966 / 5475
3967 / 5475
3968 / 5475
3969 / 5475
3970 / 5475
3971 / 5475
3972 / 5475
3973 / 5475
3974 / 5475
3975 / 5475
3976 / 5475
3977 / 5475
3978 / 5475
3979 / 5475
3980 / 5475
3981 / 5475
3982 / 5475
3983 / 5475
3984 / 5475
3985 / 5475
3986 / 5475
3987 / 5475
3988 / 5475
3989 / 5475
3990 / 5475
3991 / 5475
3992 / 5475
3993 / 5475
3994 / 5475
3995 / 5475
3996 / 5475
3997 / 5475
3998 / 5475
3999 / 5475
4000 / 5475
4001 / 5475
4002 / 5475
4003 / 5475
4004 / 5475
4005 / 5475
4006 / 5475
4007 / 5475
4008 / 5475
4009 / 5475
4010 / 5475
4011 / 5475
4012 / 5475
4013 / 5475
4014 / 5475
4015 / 5475
4016 / 5475
4017 / 5475
4018 / 5475
4019 / 5475
4020 / 5475
4021 / 5475
4022 / 5475
4023 / 5475
4024 / 5475
4025 / 5475
4026 / 5475
4027 / 5475
4028 / 5475
4029 / 5475
4030 / 5475
4031 / 5475
4032 / 5475
4033 / 5475
4034 / 5475
4035 / 5475
4036 / 5475
4037 / 5475
4038 / 5475
4039 / 5475
4040 / 5475
4041 / 5475
4042 / 5475
4043 / 5475
4044 / 5475
4045 / 5475
4046 / 5475
4047 / 5475
4048 / 5475
4049 / 5475
4050 / 5475
4051 / 5475
4052 / 5475
4053 / 5475
4054 / 5475
4055 / 5475
4056 / 5475
4057 / 5475
4058 / 5475
4059 / 5475
4060 / 5475
4061 / 5475
4062 / 5475
4063 / 5475
4064 / 5475
4065 / 5475
4066 / 5475
4067 / 5475
4068 / 5475
4069 / 5475
4070 / 5475
4071 / 5475
4072 / 5475
4073 / 5475
4074 / 5475
4075 / 5475
4076 / 5475
4077 / 5475
4078 / 5475
4079 / 5475
4080 / 5475
4081 / 5475
4082 / 5475
4083 / 5475
4084 / 5475
4085 / 5475
4086 / 5475
4087 / 5475
4088 / 5475
4089 / 5475
4090 / 5475
4091 / 5475
4092 / 5475
4093 / 5475
4094 / 5475
4095 / 5475
4096 / 5475
4097 / 5475
4098 / 5475
4099 / 5475
4100 / 5475
4101 / 5475
4102 / 5475
4103 / 5475
4104 / 5475
4105 / 5475
4106 / 5475
4107 / 5475
4108 / 5475
4109 / 5475
4110 / 5475
4111 / 5475
4112 / 5475
4113 / 5475
4114 / 5475
4115 / 5475
4116 / 5475
4117 / 5475
4118 / 5475
4119 / 5475
4120 / 5475
4121 / 5475
4122 / 5475
4123 / 5475
4124 / 5475
4125 / 5475
4126 / 5475
4127 / 5475
4128 / 5475
4129 / 5475
4130 / 5475
4131 / 5475
4132 / 5475
4133 / 5475
4134 / 5475
4135 / 5475
4136 / 5475
4137 / 5475
4138 / 5475
4139 / 5475
4140 / 5475
4141 / 5475
4142 / 5475
4143 / 5475
4144 / 5475
4145 / 5475
4146 / 5475
4147 / 5475
4148 / 5475
4149 / 5475
4150 / 5475
4151 / 5475
4152 / 5475
4153 / 5475
4154 / 5475
4155 / 5475
4156 / 5475
4157 / 5475
4158 / 5475
4159 / 5475
4160 / 5475
4161 / 5475
4162 / 5475
4163 / 5475
4164 / 5475
4165 / 5475
4166 / 5475
4167 / 5475
4168 / 5475
4169 / 5475
4170 / 5475
4171 / 5475
4172 / 5475
4173 / 5475
4174 / 5475
4175 / 5475
4176 / 5475
4177 / 5475
4178 / 5475
4179 / 5475
4180 / 5475
4181 / 5475
4182 / 5475
4183 / 5475
4184 / 5475
4185 / 5475
4186 / 5475
4187 / 5475
4188 / 5475
4189 / 5475
4190 / 5475
4191 / 5475
4192 / 5475
4193 / 5475
4194 / 5475
4195 / 5475
4196 / 5475
4197 / 5475
4198 / 5475
4199 / 5475
4200 / 5475
4201 / 5475
4202 / 5475
4203 / 5475
4204 / 5475
4205 / 5475
4206 / 5475
4207 / 5475
4208 / 5475
4209 / 5475
4210 / 5475
4211 / 5475
4212 / 5475
4213 / 5475
4214 / 5475
4215 / 5475
4216 / 5475
4217 / 5475
4218 / 5475
4219 / 5475
4220 / 5475
4221 / 5475
4222 / 5475
4223 / 5475
4224 / 5475
4225 / 5475
4226 / 5475
4227 / 5475
4228 / 5475
4229 / 5475
4230 / 5475
4231 / 5475
4232 / 5475
4233 / 5475
4234 / 5475
4235 / 5475
4236 / 5475
4237 / 5475
4238 / 5475
4239 / 5475
4240 / 5475
4241 / 5475
4242 / 5475
4243 / 5475
4244 / 5475
4245 / 5475
4246 / 5475
4247 / 5475
4248 / 5475
4249 / 5475
4250 / 5475
4251 / 5475
4252 / 5475
4253 / 5475
4254 / 5475
4255 / 5475
4256 / 5475
4257 / 5475
4258 / 5475
4259 / 5475
4260 / 5475
4261 / 5475
4262 / 5475
4263 / 5475
4264 / 5475
4265 / 5475
4266 / 5475
4267 / 5475
4268 / 5475
4269 / 5475
4270 / 5475
4271 / 5475
4272 / 5475
4273 / 5475
4274 / 5475
4275 / 5475
4276 / 5475
4277 / 5475
4278 / 5475
4279 / 5475
4280 / 5475
4281 / 5475
4282 / 5475
4283 / 5475
4284 / 5475
4285 / 5475
4286 / 5475
4287 / 5475
4288 / 5475
4289 / 5475
4290 / 5475
4291 / 5475
4292 / 5475
4293 / 5475
4294 / 5475
4295 / 5475
4296 / 5475
4297 / 5475
4298 / 5475
4299 / 5475
4300 / 5475
4301 / 5475
4302 / 5475
4303 / 5475
4304 / 5475
4305 / 5475
4306 / 5475
4307 / 5475
4308 / 5475
4309 / 5475
4310 / 5475
4311 / 5475
4312 / 5475
4313 / 5475
4314 / 5475
4315 / 5475
4316 / 5475
4317 / 5475
4318 / 5475
4319 / 5475
4320 / 5475
4321 / 5475
4322 / 5475
4323 / 5475
4324 / 5475
4325 / 5475
4326 / 5475
4327 / 5475
4328 / 5475
4329 / 5475
4330 / 5475
4331 / 5475
4332 / 5475
4333 / 5475
4334 / 5475
4335 / 5475
4336 / 5475
4337 / 5475
4338 / 5475
4339 / 5475
4340 / 5475
4341 / 5475
4342 / 5475
4343 / 5475
4344 / 5475
4345 / 5475
4346 / 5475
4347 / 5475
4348 / 5475
4349 / 5475
4350 / 5475
4351 / 5475
4352 / 5475
4353 / 5475
4354 / 5475
4355 / 5475
4356 / 5475
4357 / 5475
4358 / 5475
4359 / 5475
4360 / 5475
4361 / 5475
4362 / 5475
4363 / 5475
4364 / 5475
4365 / 5475
4366 / 5475
4367 / 5475
4368 / 5475
4369 / 5475
4370 / 5475
4371 / 5475
4372 / 5475
4373 / 5475
4374 / 5475
4375 / 5475
4376 / 5475
4377 / 5475
4378 / 5475
4379 / 5475
4380 / 5475
4381 / 5475
4382 / 5475
4383 / 5475
4384 / 5475
4385 / 5475
4386 / 5475
4387 / 5475
4388 / 5475
4389 / 5475
4390 / 5475
4391 / 5475
4392 / 5475
4393 / 5475
4394 / 5475
4395 / 5475
4396 / 5475
4397 / 5475
4398 / 5475
4399 / 5475
4400 / 5475
4401 / 5475
4402 / 5475
4403 / 5475
4404 / 5475
4405 / 5475
4406 / 5475
4407 / 5475
4408 / 5475
4409 / 5475
4410 / 5475
4411 / 5475
4412 / 5475
4413 / 5475
4414 / 5475
4415 / 5475
4416 / 5475
4417 / 5475
4418 / 5475
4419 / 5475
4420 / 5475
4421 / 5475
4422 / 5475
4423 / 5475
4424 / 5475
4425 / 5475
4426 / 5475
4427 / 5475
4428 / 5475
4429 / 5475
4430 / 5475
4431 / 5475
4432 / 5475
4433 / 5475
4434 / 5475
4435 / 5475
4436 / 5475
4437 / 5475
4438 / 5475
4439 / 5475
4440 / 5475
4441 / 5475
4442 / 5475
4443 / 5475
4444 / 5475
4445 / 5475
4446 / 5475
4447 / 5475
4448 / 5475
4449 / 5475
4450 / 5475
4451 / 5475
4452 / 5475
4453 / 5475
4454 / 5475
4455 / 5475
4456 / 5475
4457 / 5475
4458 / 5475
4459 / 5475
4460 / 5475
4461 / 5475
4462 / 5475
4463 / 5475
4464 / 5475
4465 / 5475
4466 / 5475
4467 / 5475
4468 / 5475
4469 / 5475
4470 / 5475
4471 / 5475
4472 / 5475
4473 / 5475
4474 / 5475
4475 / 5475
4476 / 5475
4477 / 5475
4478 / 5475
4479 / 5475
4480 / 5475
4481 / 5475
4482 / 5475
4483 / 5475
4484 / 5475
4485 / 5475
4486 / 5475
4487 / 5475
4488 / 5475
4489 / 5475
4490 / 5475
4491 / 5475
4492 / 5475
4493 / 5475
4494 / 5475
4495 / 5475
4496 / 5475
4497 / 5475
4498 / 5475
4499 / 5475
4500 / 5475
4501 / 5475
4502 / 5475
4503 / 5475
4504 / 5475
4505 / 5475
4506 / 5475
4507 / 5475
4508 / 5475
4509 / 5475
4510 / 5475
4511 / 5475
4512 / 5475
4513 / 5475
4514 / 5475
4515 / 5475
4516 / 5475
4517 / 5475
4518 / 5475
4519 / 5475
4520 / 5475
4521 / 5475
4522 / 5475
4523 / 5475
4524 / 5475
4525 / 5475
4526 / 5475
4527 / 5475
4528 / 5475
4529 / 5475
4530 / 5475
4531 / 5475
4532 / 5475
4533 / 5475
4534 / 5475
4535 / 5475
4536 / 5475
4537 / 5475
4538 / 5475
4539 / 5475
4540 / 5475
4541 / 5475
4542 / 5475
4543 / 5475
4544 / 5475
4545 / 5475
4546 / 5475
4547 / 5475
4548 / 5475
4549 / 5475
4550 / 5475
4551 / 5475
4552 / 5475
4553 / 5475
4554 / 5475
4555 / 5475
4556 / 5475
4557 / 5475
4558 / 5475
4559 / 5475
4560 / 5475
4561 / 5475
4562 / 5475
4563 / 5475
4564 / 5475
4565 / 5475
4566 / 5475
4567 / 5475
4568 / 5475
4569 / 5475
4570 / 5475
4571 / 5475
4572 / 5475
4573 / 5475
4574 / 5475
4575 / 5475
4576 / 5475
4577 / 5475
4578 / 5475
4579 / 5475
4580 / 5475
4581 / 5475
4582 / 5475
4583 / 5475
4584 / 5475
4585 / 5475
4586 / 5475
4587 / 5475
4588 / 5475
4589 / 5475
4590 / 5475
4591 / 5475
4592 / 5475
4593 / 5475
4594 / 5475
4595 / 5475
4596 / 5475
4597 / 5475
4598 / 5475
4599 / 5475
4600 / 5475
4601 / 5475
4602 / 5475
4603 / 5475
4604 / 5475
4605 / 5475
4606 / 5475
4607 / 5475
4608 / 5475
4609 / 5475
4610 / 5475
4611 / 5475
4612 / 5475
4613 / 5475
4614 / 5475
4615 / 5475
4616 / 5475
4617 / 5475
4618 / 5475
4619 / 5475
4620 / 5475
4621 / 5475
4622 / 5475
4623 / 5475
4624 / 5475
4625 / 5475
4626 / 5475
4627 / 5475
4628 / 5475
4629 / 5475
4630 / 5475
4631 / 5475
4632 / 5475
4633 / 5475
4634 / 5475
4635 / 5475
4636 / 5475
4637 / 5475
4638 / 5475
4639 / 5475
4640 / 5475
4641 / 5475
4642 / 5475
4643 / 5475
4644 / 5475
4645 / 5475
4646 / 5475
4647 / 5475
4648 / 5475
4649 / 5475
4650 / 5475
4651 / 5475
4652 / 5475
4653 / 5475
4654 / 5475
4655 / 5475
4656 / 5475
4657 / 5475
4658 / 5475
4659 / 5475
4660 / 5475
4661 / 5475
4662 / 5475
4663 / 5475
4664 / 5475
4665 / 5475
4666 / 5475
4667 / 5475
4668 / 5475
4669 / 5475
4670 / 5475
4671 / 5475
4672 / 5475
4673 / 5475
4674 / 5475
4675 / 5475
4676 / 5475
4677 / 5475
4678 / 5475
4679 / 5475
4680 / 5475
4681 / 5475
4682 / 5475
4683 / 5475
4684 / 5475
4685 / 5475
4686 / 5475
4687 / 5475
4688 / 5475
4689 / 5475
4690 / 5475
4691 / 5475
4692 / 5475
4693 / 5475
4694 / 5475
4695 / 5475
4696 / 5475
4697 / 5475
4698 / 5475
4699 / 5475
4700 / 5475
4701 / 5475
4702 / 5475
4703 / 5475
4704 / 5475
4705 / 5475
4706 / 5475
4707 / 5475
4708 / 5475
4709 / 5475
4710 / 5475
4711 / 5475
4712 / 5475
4713 / 5475
4714 / 5475
4715 / 5475
4716 / 5475
4717 / 5475
4718 / 5475
4719 / 5475
4720 / 5475
4721 / 5475
4722 / 5475
4723 / 5475
4724 / 5475
4725 / 5475
4726 / 5475
4727 / 5475
4728 / 5475
4729 / 5475
4730 / 5475
4731 / 5475
4732 / 5475
4733 / 5475
4734 / 5475
4735 / 5475
4736 / 5475
4737 / 5475
4738 / 5475
4739 / 5475
4740 / 5475
4741 / 5475
4742 / 5475
4743 / 5475
4744 / 5475
4745 / 5475
4746 / 5475
4747 / 5475
4748 / 5475
4749 / 5475
4750 / 5475
4751 / 5475
4752 / 5475
4753 / 5475
4754 / 5475
4755 / 5475
4756 / 5475
4757 / 5475
4758 / 5475
4759 / 5475
4760 / 5475
4761 / 5475
4762 / 5475
4763 / 5475
4764 / 5475
4765 / 5475
4766 / 5475
4767 / 5475
4768 / 5475
4769 / 5475
4770 / 5475
4771 / 5475
4772 / 5475
4773 / 5475
4774 / 5475
4775 / 5475
4776 / 5475
4777 / 5475
4778 / 5475
4779 / 5475
4780 / 5475
4781 / 5475
4782 / 5475
4783 / 5475
4784 / 5475
4785 / 5475
4786 / 5475
4787 / 5475
4788 / 5475
4789 / 5475
4790 / 5475
4791 / 5475
4792 / 5475
4793 / 5475
4794 / 5475
4795 / 5475
4796 / 5475
4797 / 5475
4798 / 5475
4799 / 5475
4800 / 5475
4801 / 5475
4802 / 5475
4803 / 5475
4804 / 5475
4805 / 5475
4806 / 5475
4807 / 5475
4808 / 5475
4809 / 5475
4810 / 5475
4811 / 5475
4812 / 5475
4813 / 5475
4814 / 5475
4815 / 5475
4816 / 5475
4817 / 5475
4818 / 5475
4819 / 5475
4820 / 5475
4821 / 5475
4822 / 5475
4823 / 5475
4824 / 5475
4825 / 5475
4826 / 5475
4827 / 5475
4828 / 5475
4829 / 5475
4830 / 5475
4831 / 5475
4832 / 5475
4833 / 5475
4834 / 5475
4835 / 5475
4836 / 5475
4837 / 5475
4838 / 5475
4839 / 5475
4840 / 5475
4841 / 5475
4842 / 5475
4843 / 5475
4844 / 5475
4845 / 5475
4846 / 5475
4847 / 5475
4848 / 5475
4849 / 5475
4850 / 5475
4851 / 5475
4852 / 5475
4853 / 5475
4854 / 5475
4855 / 5475
4856 / 5475
4857 / 5475
4858 / 5475
4859 / 5475
4860 / 5475
4861 / 5475
4862 / 5475
4863 / 5475
4864 / 5475
4865 / 5475
4866 / 5475
4867 / 5475
4868 / 5475
4869 / 5475
4870 / 5475
4871 / 5475
4872 / 5475
4873 / 5475
4874 / 5475
4875 / 5475
4876 / 5475
4877 / 5475
4878 / 5475
4879 / 5475
4880 / 5475
4881 / 5475
4882 / 5475
4883 / 5475
4884 / 5475
4885 / 5475
4886 / 5475
4887 / 5475
4888 / 5475
4889 / 5475
4890 / 5475
4891 / 5475
4892 / 5475
4893 / 5475
4894 / 5475
4895 / 5475
4896 / 5475
4897 / 5475
4898 / 5475
4899 / 5475
4900 / 5475
4901 / 5475
4902 / 5475
4903 / 5475
4904 / 5475
4905 / 5475
4906 / 5475
4907 / 5475
4908 / 5475
4909 / 5475
4910 / 5475
4911 / 5475
4912 / 5475
4913 / 5475
4914 / 5475
4915 / 5475
4916 / 5475
4917 / 5475
4918 / 5475
4919 / 5475
4920 / 5475
4921 / 5475
4922 / 5475
4923 / 5475
4924 / 5475
4925 / 5475
4926 / 5475
4927 / 5475
4928 / 5475
4929 / 5475
4930 / 5475
4931 / 5475
4932 / 5475
4933 / 5475
4934 / 5475
4935 / 5475
4936 / 5475
4937 / 5475
4938 / 5475
4939 / 5475
4940 / 5475
4941 / 5475
4942 / 5475
4943 / 5475
4944 / 5475
4945 / 5475
4946 / 5475
4947 / 5475
4948 / 5475
4949 / 5475
4950 / 5475
4951 / 5475
4952 / 5475
4953 / 5475
4954 / 5475
4955 / 5475
4956 / 5475
4957 / 5475
4958 / 5475
4959 / 5475
4960 / 5475
4961 / 5475
4962 / 5475
4963 / 5475
4964 / 5475
4965 / 5475
4966 / 5475
4967 / 5475
4968 / 5475
4969 / 5475
4970 / 5475
4971 / 5475
4972 / 5475
4973 / 5475
4974 / 5475
4975 / 5475
4976 / 5475
4977 / 5475
4978 / 5475
4979 / 5475
4980 / 5475
4981 / 5475
4982 / 5475
4983 / 5475
4984 / 5475
4985 / 5475
4986 / 5475
4987 / 5475
4988 / 5475
4989 / 5475
4990 / 5475
4991 / 5475
4992 / 5475
4993 / 5475
4994 / 5475
4995 / 5475
4996 / 5475
4997 / 5475
4998 / 5475
4999 / 5475
5000 / 5475
5001 / 5475
5002 / 5475
5003 / 5475
5004 / 5475
5005 / 5475
5006 / 5475
5007 / 5475
5008 / 5475
5009 / 5475
5010 / 5475
5011 / 5475
5012 / 5475
5013 / 5475
5014 / 5475
5015 / 5475
5016 / 5475
5017 / 5475
5018 / 5475
5019 / 5475
5020 / 5475
5021 / 5475
5022 / 5475
5023 / 5475
5024 / 5475
5025 / 5475
5026 / 5475
5027 / 5475
5028 / 5475
5029 / 5475
5030 / 5475
5031 / 5475
5032 / 5475
5033 / 5475
5034 / 5475
5035 / 5475
5036 / 5475
5037 / 5475
5038 / 5475
5039 / 5475
5040 / 5475
5041 / 5475
5042 / 5475
5043 / 5475
5044 / 5475
5045 / 5475
5046 / 5475
5047 / 5475
5048 / 5475
5049 / 5475
5050 / 5475
5051 / 5475
5052 / 5475
5053 / 5475
5054 / 5475
5055 / 5475
5056 / 5475
5057 / 5475
5058 / 5475
5059 / 5475
5060 / 5475
5061 / 5475
5062 / 5475
5063 / 5475
5064 / 5475
5065 / 5475
5066 / 5475
5067 / 5475
5068 / 5475
5069 / 5475
5070 / 5475
5071 / 5475
5072 / 5475
5073 / 5475
5074 / 5475
5075 / 5475
5076 / 5475
5077 / 5475
5078 / 5475
5079 / 5475
5080 / 5475
5081 / 5475
5082 / 5475
5083 / 5475
5084 / 5475
5085 / 5475
5086 / 5475
5087 / 5475
5088 / 5475
5089 / 5475
5090 / 5475
5091 / 5475
5092 / 5475
5093 / 5475
5094 / 5475
5095 / 5475
5096 / 5475
5097 / 5475
5098 / 5475
5099 / 5475
5100 / 5475
5101 / 5475
5102 / 5475
5103 / 5475
5104 / 5475
5105 / 5475
5106 / 5475
5107 / 5475
5108 / 5475
5109 / 5475
5110 / 5475
5111 / 5475
5112 / 5475
5113 / 5475
5114 / 5475
5115 / 5475
5116 / 5475
5117 / 5475
5118 / 5475
5119 / 5475
5120 / 5475
5121 / 5475
5122 / 5475
5123 / 5475
5124 / 5475
5125 / 5475
5126 / 5475
5127 / 5475
5128 / 5475
5129 / 5475
5130 / 5475
5131 / 5475
5132 / 5475
5133 / 5475
5134 / 5475
5135 / 5475
5136 / 5475
5137 / 5475
5138 / 5475
5139 / 5475
5140 / 5475
5141 / 5475
5142 / 5475
5143 / 5475
5144 / 5475
5145 / 5475
5146 / 5475
5147 / 5475
5148 / 5475
5149 / 5475
5150 / 5475
5151 / 5475
5152 / 5475
5153 / 5475
5154 / 5475
5155 / 5475
5156 / 5475
5157 / 5475
5158 / 5475
5159 / 5475
5160 / 5475
5161 / 5475
5162 / 5475
5163 / 5475
5164 / 5475
5165 / 5475
5166 / 5475
5167 / 5475
5168 / 5475
5169 / 5475
5170 / 5475
5171 / 5475
5172 / 5475
5173 / 5475
5174 / 5475
5175 / 5475
5176 / 5475
5177 / 5475
5178 / 5475
5179 / 5475
5180 / 5475
5181 / 5475
5182 / 5475
5183 / 5475
5184 / 5475
5185 / 5475
5186 / 5475
5187 / 5475
5188 / 5475
5189 / 5475
5190 / 5475
5191 / 5475
5192 / 5475
5193 / 5475
5194 / 5475
5195 / 5475
5196 / 5475
5197 / 5475
5198 / 5475
5199 / 5475
5200 / 5475
5201 / 5475
5202 / 5475
5203 / 5475
5204 / 5475
5205 / 5475
5206 / 5475
5207 / 5475
5208 / 5475
5209 / 5475
5210 / 5475
5211 / 5475
5212 / 5475
5213 / 5475
5214 / 5475
5215 / 5475
5216 / 5475
5217 / 5475
5218 / 5475
5219 / 5475
5220 / 5475
5221 / 5475
5222 / 5475
5223 / 5475
5224 / 5475
5225 / 5475
5226 / 5475
5227 / 5475
5228 / 5475
5229 / 5475
5230 / 5475
5231 / 5475
5232 / 5475
5233 / 5475
5234 / 5475
5235 / 5475
5236 / 5475
5237 / 5475
5238 / 5475
5239 / 5475
5240 / 5475
5241 / 5475
5242 / 5475
5243 / 5475
5244 / 5475
5245 / 5475
5246 / 5475
5247 / 5475
5248 / 5475
5249 / 5475
5250 / 5475
5251 / 5475
5252 / 5475
5253 / 5475
5254 / 5475
5255 / 5475
5256 / 5475
5257 / 5475
5258 / 5475
5259 / 5475
5260 / 5475
5261 / 5475
5262 / 5475
5263 / 5475
5264 / 5475
5265 / 5475
5266 / 5475
5267 / 5475
5268 / 5475
5269 / 5475
5270 / 5475
5271 / 5475
5272 / 5475
5273 / 5475
5274 / 5475
5275 / 5475
5276 / 5475
5277 / 5475
5278 / 5475
5279 / 5475
5280 / 5475
5281 / 5475
5282 / 5475
5283 / 5475
5284 / 5475
5285 / 5475
5286 / 5475
5287 / 5475
5288 / 5475
5289 / 5475
5290 / 5475
5291 / 5475
5292 / 5475
5293 / 5475
5294 / 5475
5295 / 5475
5296 / 5475
5297 / 5475
5298 / 5475
5299 / 5475
5300 / 5475
5301 / 5475
5302 / 5475
5303 / 5475
5304 / 5475
5305 / 5475
5306 / 5475
5307 / 5475
5308 / 5475
5309 / 5475
5310 / 5475
5311 / 5475
5312 / 5475
5313 / 5475
5314 / 5475
5315 / 5475
5316 / 5475
5317 / 5475
5318 / 5475
5319 / 5475
5320 / 5475
5321 / 5475
5322 / 5475
5323 / 5475
5324 / 5475
5325 / 5475
5326 / 5475
5327 / 5475
5328 / 5475
5329 / 5475
5330 / 5475
5331 / 5475
5332 / 5475
5333 / 5475
5334 / 5475
5335 / 5475
5336 / 5475
5337 / 5475
5338 / 5475
5339 / 5475
5340 / 5475
5341 / 5475
5342 / 5475
5343 / 5475
5344 / 5475
5345 / 5475
5346 / 5475
5347 / 5475
5348 / 5475
5349 / 5475
5350 / 5475
5351 / 5475
5352 / 5475
5353 / 5475
5354 / 5475
5355 / 5475
5356 / 5475
5357 / 5475
5358 / 5475
5359 / 5475
5360 / 5475
5361 / 5475
5362 / 5475
5363 / 5475
5364 / 5475
5365 / 5475
5366 / 5475
5367 / 5475
5368 / 5475
5369 / 5475
5370 / 5475
5371 / 5475
5372 / 5475
5373 / 5475
5374 / 5475
5375 / 5475
5376 / 5475
5377 / 5475
5378 / 5475
5379 / 5475
5380 / 5475
5381 / 5475
5382 / 5475
5383 / 5475
5384 / 5475
5385 / 5475
5386 / 5475
5387 / 5475
5388 / 5475
5389 / 5475
5390 / 5475
5391 / 5475
5392 / 5475
5393 / 5475
5394 / 5475
5395 / 5475
5396 / 5475
5397 / 5475
5398 / 5475
5399 / 5475
5400 / 5475
5401 / 5475
5402 / 5475
5403 / 5475
5404 / 5475
5405 / 5475
5406 / 5475
5407 / 5475
5408 / 5475
5409 / 5475
5410 / 5475
5411 / 5475
5412 / 5475
5413 / 5475
5414 / 5475
5415 / 5475
5416 / 5475
5417 / 5475
5418 / 5475
5419 / 5475
5420 / 5475
5421 / 5475
5422 / 5475
5423 / 5475
5424 / 5475
5425 / 5475
5426 / 5475
5427 / 5475
5428 / 5475
5429 / 5475
5430 / 5475
5431 / 5475
5432 / 5475
5433 / 5475
5434 / 5475
5435 / 5475
5436 / 5475
5437 / 5475
5438 / 5475
5439 / 5475
5440 / 5475
5441 / 5475
5442 / 5475
5443 / 5475
5444 / 5475
5445 / 5475
5446 / 5475
5447 / 5475
5448 / 5475
5449 / 5475
5450 / 5475
5451 / 5475
5452 / 5475
5453 / 5475
5454 / 5475
5455 / 5475
5456 / 5475
5457 / 5475
5458 / 5475
5459 / 5475
5460 / 5475
5461 / 5475
5462 / 5475
5463 / 5475
5464 / 5475
5465 / 5475
5466 / 5475
5467 / 5475
5468 / 5475
5469 / 5475
5470 / 5475
5471 / 5475
5472 / 5475
5473 / 5475
5474 / 5475
5475 / 5475
JOBSFINISHED
