3896	30238
522	38383
25240	4797
5949	43910
10267	21184
384585	7143
20498	6390
54123	9916
1683839	23771
14113	9484
322538	54415
42867	12218
231627	19468
20074	8722
42088	35894
1119	18300
15657	54210
30513	36141
43458	17846
17530	9780
10035	31590
28789	25888
39996	5963
46102	21574
16296	11782
20789	24506
36330	14619
5814	47460
9396	1712
15288	216896
22457	20473
48616	4196
26805	39589
39116	69299
14396	42404
22706	46973
21357	50604
1113	16924
33523	45280
11191	27344
810	19731
17967	5116
18673	34375
9358	2998
33819	25631
4462	4315
55574	32004
2650	51771
30838	53363
40948	47810
47556	33111
56461	16545
11441	3270
2037	87645
11018	21930
45084	38656
56087	20417
35334	42749
56234	47937
24813	35329
31159	23701
9636	14928
29473	43162
8438	28032
2375	38039
19500	149
40373	1713
51630	29962
7046	9843
2253	20444
50928	24229
51295	58
1282	25968
16458	82121
52872	1622
20540	378
2474	19501
4044	1797
42037	11851
437	3863
24755	19650
25216	26943
41138	4418
373	16076
26353	1438479
53529	38706
22158	18642
6230	1511
11964	313884
3820	9474
50214	13320
14921	12471
2712	293
1419	2019426
7105	9887
32484	9510
52963	3420
26508	19610
6068	4694
18643	5175
2554901	4101
46495	15896
20489	36794
21223	26475
13380	4880
457918	2590
986	8673
16327	40593
9055	2000
7506	15649
30036	37109
12823	12765
7290	3594
9222	50255
48142	52590
23636	50049
46	8360
7979	8224
26964	45728
8192	12260
5620	45581
25128	1199623
57335	19929
36399	4115
35917	31012
37184	23309
12129	57158
35207	3496
30921	380
4907	15770
4811	40657
7061	12534
12997	863
27333	28327
26861	3442
38511	4120
7824	844
2035722	19393
48814	3012
48918	32093
10389	47366
21945	23968
25195	372
21831	10906
31445	12243
16417	25031
6997	727
5065	3098
6361	1737
9640	5103
1786	3522
7388	20155
54157	11972
41619	194
17160	38967
32854	9864
14799	16784
16152	53517
22392	17408
8873	40396
19357	49663
56280	15281
7685	30594
8720	20862
8661	13231
27449	6478
26079	11662
6478	42491
40070	26575
18445	27866
428366	1219
23572	50207
15420	4555
27221	40945
1271	43089
17337	4394
23715	36331
6120	21001
21645	7505
10378	46522
38593	40214
75093	12251
7861	8174
20749	5295
51463	50019
10947	19193
35737	1681
3277	51086
42170	42171
18780	10861
49439	24856
14409	45568
54316	37638
22590	42145
35566	9573
340748	56979
7589	24979
22964	28956
32539	9034
31510	3006
2645935	23815
6165	31015
2048091	14114
11287	6528
30917	14645
57325	54883
5817	872
4275	8428
49032	4023
2785	16175
18749	3435
17579	2472
48725	4742
14680	18333
16295	55342
26901	1726
14673	493
54337	1458
8247	37751
41837	3886
5908	51305
5278	16980
30348	19709
11044	47838
23929	16485
38461	3054
41976	7469
25507	33404
22489	1945
36093	18593
43718	32584
10458	9337
32322	11505
49320	781
50191	36053
35977	10221
577	13326
6227	43498
21897	4600
30000	49197
47580	17978
46085	10636
7016	1900
30584	4494
4968	53191
16715	134597
18631	25782
5433	31760
14579	48684
55935	21050
47741	371593
2001	1228
366182	3759
53971	37271
31586	2300
19708	9530
940	4711
3719	37449
15809	47291
21033	14160
24315	2605
53319	4440
20786	5628
14794	45202
42546	17661
50727	5728
10778	46036
2342930	44214
40749	8615
33015	17867
3125	289
10834	22451
17556	7045
20483	200521
18275	52080
2759	3473
21132	26494
11492	56631
23313	2052165
45859	7705
46100	10289
16891	14148
39301	4965
24773	1343
107	48789
39455	6726
11193	14444
32899	16313
19617	7824
18269	4799
3912	51472
2437	40256
38368	1648
13747	36929
21957	53262
13935	14841
40293	30052
7121	9591
14569	7140
7355	9628
14811	39584
13455	49057
34411	91911
34183	16390
21623	35221
2515	35129
19264	31169
993	20993
281	50214
35616	8691
10410	11142
3260	18102
26056	5849
16139	51025
21004	44196
2314	44537
54289	3295
2907	9660
36784	47632
3305	10023
56505	1814
2999	32775
3935	42587
20938	44721
13467	30140
2106	30366
9016	23137
11289	31269
19791	32491
37311	10427
29906	32935
5627	21709
32470	21138
54076	17862
5793	21435
3123	1370
11605	475
357	17749
33518	20288
45438	48957
10496	28019
47225	23153
14555	369
50541	4013
35922	7274
30330	270
9665	415
20551	11317
26552	12002
14337	40310
31575	1902010
21932	34519
19125	507
25253	27703
2594	2576
37126	13803
40919	9236
36107	6491
35438	1412
12210	40141
22573	41740
50190	18818
981	21981
45246	32027
1302	913941
30598	4249
28645	39905
4849	9787
18396	40865
51627	14470
19747	1311500
305008	13263
6130	48321
27943	25732
5338	18924
34683	8831
26151	21317
10876	27768
47240	42441
1673548	11835
24798	1860358
11519	3862
27570	24634
49767	10378
8915	51827
18468	41652
12704	7820
45508	13149
19115	1650
3429	15962
53552	13646
9367	34989
14338	802
41226	32809
36679	25837
1389	10784
26843	39355
23167	25788
44511	3497
8163	13055
27340	24197
51928	7024
42506	50262
6561	44853
54591	12037
24303	39317
8884	15168
49065	5261
12999	13266
6822	2994
8965	1470
35773	16813
235914	35935
25004	30377
4957	5798
9711	14648
1224	31698
26415	5506
46462	2850
44101	55385
15393	6164
38696	17861
36660	33252
56806	38087
50029	21294
3675	30407
38662	11125
51178	219862
34783	18753
27529	31624
12540	35308
8441	21767
13282	4969
13121	45046
52912	14621
30726	17860
2313206	51630
11767	17744
39444	41315
39691	42278
40015	23324
49226	452521
40666	15073
6310	14360
5642	6200
14302	2312
27460	48729
8168	13087
56395	52669
44542	35043
27616	26489
21559	31617
2279	43304
57160	12562
48993	13188
11567	1825034
4685	19825
11959	36791
44191	3081
49345	22912
8913	13636
43563	2328
6043	55007
27734	2056
19130	1226
45880	2490
1307	34766
51828	9979
37766	22009
50151	46227
4320	48478
1952	5573
11052	19799
51583	3598
19872	393334
20024	8959
13850	34924
38350	14401
3648	6574
1983	10093
35501	52128
35588	37959
37917	25303
24233	37380
14924	3827
8843	30002
4994	1409
21344	146637
31233	49386
14859	48776
31319	7147
56375	22303
431	25098
25457	13501
11819	22224
52321	32050
14554	28260
19141	29691
27037	25870
30552	274
53849	3263
11175	44894
14704	7272
30960	131788
53964	8090
8600	17182
42979	9377
405555	28643
3460	9648
18494	7798
30076	13956
54364	66686
15152	45624
21926	21875
47211	29211
13070	46443
13678	33352
26854	47329
1144	19261
20322	13277
28659	6805
22162	6061
56	32390
51827	1811
20434	2823
13064	35334
6145	15992
33864	381
19959	51792
1915	36984
4936	14986
19476	22509
13359	3834
9871	50129
52965	44160
9117	40438
47222	1541
8354	22247
9585	16651
2140	20092
9647	20298
14153	36316
1083	51451
40106	32372
37204	10593
411075	15345
7909	29511
5800	9774
46588	45943
1810	26938
10943	11952
352728	18790
8855	19505
41039	446497
17707	15687
7374	1348
34514	56145
94895	1830329
54311	5958
14441	57475
16513	6807
18245	9922
46698	17185
21001	33725
54804	23414
254	15004
21964	15915
37834	20958
17250	698
12451	47351
31472	155796
43498	27483
14054	28002
1893	11568
33130	37315
31505	30357
44919	6155
28828	5861
1956	18445
32825	26902
44507	9353
44086	50782
56660	35902
7034	94958
1142	23667
33897	4194
2432668	45881
5185	1373
40443	542226
20177	7952
5728	15480
11544	47222
6438	5884
4873	43077
33792	18967
51958	5145
27346	1658
8806	8256
4365	32763
39827	33727
47593	3560
28515	46810
3977	9416
15816	22076
22299	15329
16440	19507
2309	32021
27112	17136
3407	37917
4499	45891
26197	9898
55862	1152057
31304	22154
41994	44615
3882	96
49136	885
6358	1461
713	41940
391678	56761
46716	19977
32305	459
47984	51259
36215	3347
3506	22376
3587	3404
11583	39307
24573	26462
43839	30039
48499	21925
56008	21204
27846	3474
5193	4979
6264	5625
58798	401510
6950	40353
12302	43233
887	38260
943807	30604
53032	4080
10793	11018
29466	3215
989	18076
8950	18440
42809	10366
21302	311
1436792	19970
28991	12881
22116	35913
11505	33499
1583	21632
11301	7072
18856	303
52721	25171
53457	1993
8453	25967
50902	39242
5619	25636
33503	25705
52478	27825
7093	8643
10340	7172
47301	444
29752	18497
1663	43734
29840	42911
38678	55732
8994	961
5651	1969
54822	54519
13678	54609
31515	29990
47937	31777
24819	13220
4521	47605
693	37723
23249	43965
18909	924
39167	5189
46971	48200
28896	17138
34863	298
3219	13046
10117	44104
25519	29414
6715	39992
44005	27738
54359	12126
41323	9267
48659	11170
20740	5976
13441	8492
2447	29411
1360	426756
5146	16091
5165	33764
1858834	29163
18471	1142754
8782	21838
2696	46848
35307	30408
3280	13132
6244	19707
32198	43582
29009	2130
43453	47532
40655	30456
17542	32012
22701	32232
15467	42184
13258	21807
10319	29812
44769	50543
2862	4589
4764	55774
321238	38953
27718	9401
42543	56035
572	24938
3378	13513
33314	4040
6389	12791
997	2284
6022	29084
552	15158
39360	27802
34109	20846
20673	1958045
8689	19830
20715	11356
16676	10538
47612	34850
33110	37814
45687	22178
10833	5302
43922	42848
27826	4839
5715	48829
16381	2298
9292	974
1727	31344
18175	29503
47883	23385
6144	28170
24010	19655
6409	12711
26320	8151
1714	21915
2941	15124
9448	448
53020	10012
10557	49945
453046	44048
22018	26259
27987	3114
16258	47576
11528	22421
192337	42646
3024	2509
44780	11907
30787	40867
17018	1208
40348	88
9083	24204
21200	2638
22848	34904
1820	254455
24912	2347826
26977	49902
1921	8446
21297	12230
35338	47623
24766	18396
898	18344
52347	7473
9803	4017
6577	40745
14530	5977
44497	30176
21204	9938
53605	27328
13157	19708
2273	7883
52879	2065014
16309	17232
3686	32113
28859	47078
33160	1670
13687	16591
21699	28832
1288	10204
26002	6133
9484	48193
30140	1935
17176	29092
51517	44082
52216	29269
269	52542
48933	44375
33731	1084
12744	53838
15250	13793
17777	17621
50511	53800
34418	9625
879	3499
33311	21913
27754	14143
16340	900
14134	8167
23458	22169
47129	28527
2700	428190
6284	8020
12448	53501
30419	19274
29909	893
872	4443
23028	11042
52069	44972
37685	21944
44041	44217
1493	8939
40552	1574
49978	1685
42486	18590
20349	14850
35682	50216
18829	14284
2230	11711
25422	48923
39781	1967
3198	36712
3135	21343
17136	12299
20545	19533
1618	34340
35223	45624
6651	47663
17211	14790
18449	28293
54825	11481
7674	12545
7668	55890
21240	11191
942	4985
8521	40856
32584	5640
34957	13502
11828	30384
2906	17713
34919	42882
54184	4888
14073	1725
26424	21733
14101	40017
14164	20075
31028	18658
18623	9396
2048	11834
35696	43988
10080	21833
45219	26516
525	40161
4228	23435
7242	49968
43162	34968
14528	59075
3385	5050
12679	20579
33647	43058
29281	24054
648	11114
22894	40780
51336	43615
9373	3449
10728	17323
28209	14045
2224	1946
30715	41524
54373	37870
56137	3569
28113	10391
12513	21480
46502	23415
13463	3163
541	16082
27065	1987
38686	22837
6210	12696
2741	56800
3446	23190
6186	52415
22710	42581
1290	54775
42460	615
49658	13688
1766670	33969
7652	25428
20479	161922
5086	18926
24478	1372
11961	6763
1130097	1523
13104	11410
56647	4056
12987	7870
4460	23153
455772	10472
21030	46429
50525	28946
636	24233
37207	11963
4939	36925
46436	41338
26682	48417
53458	27641
26207	37014
45974	49478
57349	39339
18061	51325
43649	15703
241536	4133
8607	18005
53727	66475
1287	46692
47393	38432
37155	24246
10747	19745
7862	29707
53531	45344
2859	30660
19521	49955
3444	15599
20385	46484
11594	1117
26066	455213
32353	23893
6698	45789
23465	40498
18201	3623
20507	19478
35708	30506
49047	31168
1676	45648
16771	5447
26817	8468
42223	9937
9464	82298
21435	26227
1569	9833
3748	77
1529	6819
6629	12170
31025	16828
36607	3740
51325	2901
7475	43406
29402	3315
42466	10519
7486	4221
18393	20353
11577	14437
34571	22970
55817	2338
10419	13379
49018	40744
40759	33130
34539	39174
45563	3877
8250	46297
27456	23788
30443	8209
2368	35062
744	9123
16399	41679
1550	20860
437435	30787
41221	2606
47437	56065
36754	11694
2703	2373
54717	24874
43410	2583
55236	39068
37104	18655
18107	5717
26869	21029
805	38966
900	1782
33398	12704
49209	21499
176897	374643
46400	3419
15329	7225
140995	48421
1390354	28106
20487	5688
2592	198
50185	17500
44000	19417
11708	27388
25429	1609611
43889	20177
6483	16032
24310	22935
54042	29703
13427	440867
9670	37664
9645	4137
12035	108
156767	21379
13661	16948
46619	13243
56715	32649
29676	24333
15768	2090
49805	4854
15891	46187
6509	45603
1372	9263
18703	43778
21005	37309
55421	25152
14355	8701
47246	11839
6678	10006
17027	5562
1016	40228
20048	8147
29487	37881
51197	13282
6160	45452
535	40650
23828	24079
41665	52555
32240	28919
19883	15815
36427	35448
29690	15144
3420	55845
42826	44707
47114	1738
25148	19090
3732	12632
48431	31641
9861	39062
31447	3830
43244	32285
21310	24975
5308	2674
16034	55563
2527	17965
25007	18904
30098	47373
17601	10508
7705	17278
33822	31385
86	5324
56722	36223
8615	22310
54396	4419
14619	52898
45934	25664
51048	36263
162605	18524
14871	7565
21804	26394
26651	1916
14834	26198
20795	18091
52175	22399
25012	25210
11799	43263
26683	40676
40529	24175
24694	40939
7972	32030
695	69224
6332	1980
21716	45016
18757	25124
17822	243
16672	15541
47623	15626
35554	2361982
1973	18797
32887	42366
48494	849
718	34826
41475	11921
41324	31476
43585	33277
26898	9251
31246	8040
37863	36834
1334	909
2051	51029
56783	42746
15566	19355
42586	31253
4227	20838
28442	30933
37089	28023
54701	26401
38146	4223
49856	27121
5541	2033811
8478	7988
4549	55315
27391	9268
3834	22111
43209	56620
25224	22107
19490	13661
46443	11339
4795	4723
38602	53487
10779	16542
49671	41898
30072	20489
48256	38325
13899	4964
49419	813
11182	11485
32354	25768
13267	14777
8458	29091
43485	53252
52277	13060
10513	305
9161	42304
1223	5416
2711383	41543
54905	50506
22092	2486915
15617	9354
57091	16685
18800	45043
26932	17308
42152	50808
34623	47642
49057	33608
14468	31233
206	33721
49586	32379
4642	30038
40875	32640
14720	31791
18390	20133
18338	26257
2744	1688440
46337	22789
36620	6144
55655	2077
8054	30170
30933	33829
27512	1416
19097	43282
19050	235
42987	51560
47249	17709
55648	24187
2191	54075
11790	22185
10756	49720
632	23354
4867	50220
67445	35086
23034	36076
24173	13480
22978	21367
4140	296
6304	32963
16080	22364
28072	842
38774	510
11526	50158
31662	38070
40322	83
36064	7586
29623	1848
13143	21074
55619	26463
11300	7162
3551	25511
19830	30726
17034	7419
29277	49858
19745	52160
35441	26972
53450	6394
4796	18922
2623	17871
45471	747
46210	648
22215	2146
48736	7086
36670	5975
55435	4737
51775	21141
33336	7709
10608	39033
56880	3624
13018	17337
21896	38231
10042	30535
11830	14250
22360	5982
34720	19607
4017	13732
6615	6992
10221	2089
42801	43294
10098	4086
53619	5061
5164	50896
44276	45327
35311	22693
5958	23609
6939	22738
27567	20954
3214	13693
22748	18196
7185	25121
54582	9411
21987	2598
2991	17121
40474	26796
4020	18390
48266	441
12215	57148
11098	13618
53069	32462
53997	47303
12986	17489
1440933	2041
50744	21596
4417	16873
36516	28641
48096	32899
18735	1384652
47856	335648
8804	3799
25664	37207
7182	33663
3181	25645
26401	22798
13667	47581
29788	42667
19471	288
45476	305008
1531	12597
32741	12310
51789	24804
31574	10282
25164	32834
35580	53139
27895	28896
16138	13135
8981	41689
14966	4774
2697	23947
723	702
310574	24064
3269	5346
55807	22656
384	905
44700	55305
2330	25545
4185	28380
11988	4384
39532	42998
47002	91
4773	43541
40750	9433
3917	22590
15355	5578
20392	178
20403	49171
54997	6083
2555	7445
16825	31325
7837	2459
23220	40568
3340	4281
21707	82
18515	19033
14514	775
57457	1915
6159	40882
53564	42791
13211	38941
43636	44309
54155	53246
23012	39979
52962	35490
1790	25952
43833	43563
23576	5353
6219	51872
8063	391806
10264	51503
34463	55750
23019	27751
10574	3575
25279	32540
38660	3509
380	26670
12862	11898
53729	40440
23726	7094
7945	7602
1534	50191
13461	7261
44950	23092
1623	8676
29505	419
30105	34502
18159	4984
8847	25326
30151	19110
30901	35744
23497	16138
28952	10703
8560	35416
32462	37186
29908	42152
35656	28209
1300	6694
7188	6751
20824	3700
10577	19588
35100	49985
12250	23935
17695	52543
21706	21379
9505	6645
37572	1236
56527	363385
16683	3125
38615	19982
36614	20749
19143	40248
17864	34
46921	32477
6441	21464
56875	3394
3458	433589
24522	13653
4052	45365
33732	24215
41489	37440
28627	21572
23107	113670
29885	21095
14299	14663
6559	611
44444	18055
170733	33288
10902	21145
26895	16127
77	36107
37267	39077
31567	26244
42224	45176
12233	2399475
17046	25762
1416	16445
10567	3764
1405	33810
21456	20894
31406	120
9035	27293
57068	2680
22013	12193
23098	17134
39402	6634
48234	5411
49145	533
26833	22539
6301	1164871
47008	31939
55267	26036
4319	2009
2266	43672
5806	3736
35139	16744
40513	4840
55439	20272
13279	12050
37845	9550
10582	28321
11645	6943
4749	2257
20667	32526
16471	9940
983	7487
32279	56020
25757	19308
8632	49730
13843	44683
20173	16258
23532	51174
2742	573
34386	15910
20110	1060
17854	17209
40236	5592
50539	28197
1417	18981
24231	8080
47694	6343
5021	3397
49301	18043
19777	4314
28802	63985
31379	10934
10245	400277
41432	21761
25406	1710
51881	392
28421	653
55718	47581
6969	22964
20353	728
9919	13455
16686	13778
28914	13860
21070	15614
42685	2206
14166	29030
39514	41363
47424	16727
11845	49300
41177	2385
18497	52862
10997	20074
5564	23019
62575	19256
51650	2961
23826	16912
42512	16266
49464	18180
10135	44521
1636	38748
33686	38997
34795	50272
25281	20330
28411	28232
5720	45695
11041	426
517	39758
42749	36215
18937	16673
13709	23410
36668	19331
21664	6203
27884	15031
13842	19500
15066	18275
4182	11672
15987	18456
55564	36680
43219	16610
28071	8565
14429	28840
25171	40996
31027	16154
2768	11377
52194	6702
83819	1393
22761	17494
10841	23921
19281	19314
1103	15393
22100	6118
6278	16089
52568	33173
3807	18505
30732	52287
24081	5556
3186	2441
438405	933
2192	45963
5891	9627
11437	40322
16316	488
31608	32174
40073	16711
1276	33630
30433	27408
49970	31668
46792	41096
29964	2569
2471	1729005
55187	14337
14454	5381
41987	27214
14057	36602
9769	30294
43603	12371
30943	22835
16104	36430
17245	39057
39368	46769
13704	41116
1535	52626
9884	1807
179	13831
40401	1899
54268	11436
14193	9861
22498	27213
23864	42323
21465	27923
3400	345402
6657	24393
2528	17832
20089	3694
18493	22914
26496	5776
2207	45607
10312	1798387
954	23285
7529	3306
36683	31241
956	53538
2174	30339
25866	25093
16642	7516
45161	38813
5044	17221
37843	4018
33167	11287
35076	25222
23119	6521
33322	2849
751	26478
21155	1361
6684	9815
23202	46190
16020	9602
6805	49604
82515	6084
22108	9266
1855	18752
27824	1088
2098	2977
723	50525
47796	49034
54410	43841
29675	5080
53294	1507554
8432	29270
10166	5004
7878	30019
37205	62
912	25960
678	1538
3742716	7194
19088	14433
1214705	363902
29056	37591
20107	14302
36384	5106
4591	2386
22888	4280
3894	1127460
20186	414107
19814	57364
20700	2566
4361	914
8468	8290
33583	9450
23684	30700
476	40810
22421	8363
6199	15464
57238	34556
51488	3005
1566663	46270
17602	3978
19857	36464
6247	34220
45003	11289
21305	4264
2459	9823
31161	48869
56495	21683
25205	24757
50156	38714
26908	8206
41000	29059
40972	48541
12529	37439
16149	11361
3636	4318
25958	180142
373524	50142
54612	5487
27497	10961
28385	53064
12719	24666
27294	46695
35500	2709
41931	20628
25779	15955
486	33392
44724	4858
39223	12828
17028	8715
32052	53102
57222	37815
2620	49416
11125	9706
16927	1297
1913	31658
1127	10261
55	30790
932	52642
33033	35339
45779	2232
5123	6309
6491	50964
3467	6166
34452	1383003
33904	43363
52669	1810
28121	572
36236	17152
26141	459737
25254	21724
1449	1010
49609	77489
56817	3106
17670	25842
1142754	9045
362	22564
169	23553
34577	36525
37482	4206
1633	48216
2205331	29407
12232	5243
33687	24459
29312	16652
13317	53429
15948	18529
26530	16143
46470	31197
58245	3590
38283	31395
26049	14783
2611	55055
109736	25727
6738	29539
26853	4597
41687	44313
41407	15476
31518	29125
35555	3543
52255	18179
889	36670
49557	25560
3769	1042
2915	43670
23146	16216
31000	28023
35872	24707
32941	26859
42359	19127
452521	26527
3817	23460
55053	2204759
28198	38207
1557	51414
52463	44944
4141	12851
18403	28789
29813	46184
2282296	22776
28462	8391
55009	8047
15682	55637
23740	40272
43333	2755
39366	6436
10076	2797
23609	28001
16797	15805
49401	35958
13442	15000
49540	51200
15392	52691
13085	9595
27800	4841
47029	27899
36703	2684
33161	37379
19163	1036
29059	988
12243	32892
192280	44041
35854	25119
2731698	25416
17375	1968
37151	18096
5742	49117
28974	6624
51816	42574
36966	24612
44710	23795
22247	16794
22699	54148
149341	27959
45311	43244
14833	18722
43973	6186
35129	473
4019	2038
8529	8351
3643	16296
13753	884
21153	20398
24224	51584
34435	24279
5816	34532
18274	48159
22076	53466
8035	6782
1659	14732
22470	41837
15261	12417
1879	24096
13846	20048
11798	56449
113	12725
53530	45023
50804	19687
25695	3535
43672	31009
54957	26114
44355	15657
25502	54814
22425	13549
34478	8014
19212	14664
19704	15932
1973777	26300
4816	26160
48082	5755
16398	39155
51493	1068060
18420	5383
6951	12195
7756	9518
37510	8406
1242	39796
13405	8912
242756	44732
1688440	822
15790	31141
21580	7756
3479	3751
44639	30141
2983	1741868
39263	26931
56774	33952
41431	15038
11989	413049
277	36973
8586	40342
21826	1808
3868	1583
40849	28882
697	11239
3496	7292
40295	15234
374643	4690
7276	366182
16591	750
44815	9275
35287	52934
1277510	685
12703	14946
39356	41545
21124	22514
9882	45571
9787	31767
25924	44153
2911	12124
16391	19276
32008	29885
10422	33411
52201	14443
50780	1190
8269	49241
43350	5988
34437	48064
32010	6742
17940	22187
13030	19521
191808	38065
17791	8454
11063	39223
3121	805
227	45581
2286	805
14979	40992
4789	26550
11995	16949
2619	19024
8625	25315
11058	43954
21459	20760
17121	2757
10862	432
77830	20409
50114	39160
28158	10841
229	8506
43651	25646
18936	10098
38083	47133
44992	38057
18180	22147
11334	22545
49630	51446
56963	7028
23760	1467
53933	6508
13549	14032
25077	46972
9550	29715
5517	19712
56356	48898
44217	13157
54783	7104
16009	15474
20134	14607
19025	15081
14333	20738
43397	17375
396747	19369
13050	30812
16219	44565
1002	368855
51242	555
36610	1356
12402	10352
53659	40744
54627	8450
27877	12689
30154	20570
47299	49860
18950	9631
53428	47393
34532	1599
53053	6799
38383	18089
30542	30825
45761	26787
48955	2898
45066	13843
8819	14065
18953	30773
1431	14535
2520	13992
1719	2567
48488	29568
15967	48048
37313	17398
1216	41968
3632	40849
22327	21234
1112	15487
27685	16240
6225	52283
51847	11483
57388	2718
22631	33583
35292	32824
13532	46283
2622856	4356
1388162	7938
34996	989
573	2462
20448	47636
36902	5027
10669	7341
15945	51841
19166	17937
9457	26528
28727	34819
11542	36896
44350	33911
31155	30674
2374	39034
1481717	4358
22832	5168
2551	12911
37225	27400
2836	6973
41192	25138
4133	12161
423836	13466
7621	16147
35989	4668
46304	4200
7476	37946
120	2885
13816	6559
74552	1359466
49027	12702
1444	6143
29394	44259
37638	15410
11527	18103
16003	24946
555	46821
26465	9220
9611	16974
23907	13505
1365	8458
25731	16777
48597	7529
15154	4014
48773	55449
23610	51700
11043	16371
7407	14484
52752	21664
1542	6509
12975	41108
51170	1889
18961	16448
3531	2506
47923	2443
2287	2354
28300	34210
19272	24177
4241	424554
5648	1693
44658	19624
45715	43355
35439	38265
376254	48254
48943	9967
13128	52717
22361	5742
47522	1116
42937	2539
52210	21315
20941	35420
13769	323
356	39810
41277	23823
859	1
47161	26074
43451	17174
45843	51306
40872	49301
16605	46455
17773	6198
37643	2098
21056	209
50005	22844
42532	8770
11783	2367
12569	23369
4479	14094
29306	34715
33939	53850
8508	645
3916	1150244
32747	1310
28797	39167
87645	18213
32196	8543
9084	6967
2649	56541
7040	50780
24985	1542
877	18415
24333	6236
14079	288629
8960	28213
21201	5323
34304	9316
553923	18735
24456	28565
47329	2046
3236	4052
32855	17776
20026	4241
39106	27239
3440	54811
16916	27405
27337	3244
7658	2986
44873	17658
4443	7442
24770	16605
2588	2942
7914	894
22502	20682
41673	53602
16679	27921
53686	1147
21796	51801
51503	45405
21283	39408
456684	30606
420	19548
26133	1405499
26679	810
3342	14749
9679	52236
197	25275
1431618	12689
16226	3658
33724	11897
47806	36902
24424	1453
11948	19159
18573	5800
354645	18216
8351	35682
30505	8524
9365	21482
1156	45978
23355	1388
2164	29615
12471	5271
16240	4112
126280	23572
12933	453
44996	32
26486	31505
20259	4322
35443	38045
1917	15627
26702	49226
17456	57036
3792	1228206
20838	466
3257	6524
30122	37343
27011	44984
1385388	25565
21979	2906
22637	45429
51820	4406
36780	7122
38408	20189
35090	33342
1894	32124
44574	23300
37412	12083
6844	18831
44394	3305
39784	7045
42847	10002
19013	22556
43043	1743
25501	19912
44963	18145
52743	3556
48994	20261
29662	40347
21553	23862
28602	3475
20352	39635
19865	15717
3201	24224
25858	7625
33114	14698
22395	5981
23661	10882
47716	3333
2928	25240
30085	19639
35142	30479
16501	50369
31302	14089
49781	2313
28541	33006
38438	4365
8506	3446
30363	18132
22883	13678
11950	745
16559	36400
2764	37381
3119	34879
9610	21105
40723	5946
18038	4160
40260	36774
2246271	46768
27439	27862
30303	12787
23973	686
6151	29152
37367	14528
15588	3194
24387	7121
29951	1646
12592	13089
34752	11807
20101	2622
47207	18110
47825	43311
45077	13582
14481	18834
10661	44430
51593	35634
3685	52161
4316	22395
21814	47496
35203	39443
33827	18909
41129	21826
15534	438405
28416	22769
10697	16981
8581	670
2442689	41895
6542	45843
43685	7223
16524	44068
23113	21406
22459	42518
31344	13449
35678	5202
252822	35290
51034	10504
12683	15059
13111	11420
22364	42083
37918	28309
10016	5814
47267	46301
15531	37574
40078	15041
38237	2178
55201	3377
5790	8264
46182	21768
17188	23513
3080	44992
14079	6174
12463	1965628
14446	265448
19258	659
6845	7434
6616	38799
6954	2822
43526	740
51016	4960
4198	15537
7031	45698
18203	1231
55549	9731
29477	40414
46204	10273
1339	19317
44973	39430
22048	27449
1377325	5478
21837	441661
459	17695
41830	8621
2486915	7106
5341	2027
21038	2725
33775	13968
31003	11190
38065	14690
39686	45804
14130	7610
46377	15071
2158	39709
37856	14803
2925	2730
14026	8123
3005	51383
7440	45799
47190	26837
2945	4702
45557	2494
9941	10661
1836	34984
21714	39933
44507	44916
3508	396
8743	9190
2104	5164
19217	26069
3312	39975
1541	14752
8078	6621
35910	53691
22422	4161
14091	18968
22016	15578
393302	14642
285399	19479
46064	1591
4639	4218
49879	46616
48915	1882
6759	14946
33159	9714
51001	16312
22656	34101
163947	18893
6231	13729
1776	33426
11112	10987
33590	459417
83	2972
4613	30885
53007	528
17434	2047
78437	23056
2038	46981
36613	7237
49300	8562
35281	32090
42065	21499
15653	21005
23598	34317
337	29173
35082	35580
34315	17250
21347	44330
30052	49505
30600	10559
33857	24158
12582	18636
9276	33887
47971	42933
2680	23915
13828	3588
9401	2794
23105	16989
18676	50147
13488	55512
4161	17815
439	15154
44286	29324
11867	13238
33898	4906
5019	42538
2437	10333
11834	18666
338360	35
35063	37020
7267	13834
52891	384853
21691	5495
19846	3937
1513	5129
15498	52418
33074	36253
230	5147
48503	50727
6095	26685
57068	34395
37378	10223
46473	7370
676	1389
32528	24954
48478	1612
34820	3014
25951	9338
1097	31649
22727	38871
22935	8816
14654	31028
45804	46804
43024	1981
20169	46128
10950	32806
9303	13635
10278	14178
23305	5287
28557	10264
5869	87783
2059	24927
12762	13032
54170	2133351
15935	12322
18198	3989
19254	89884
12091	1157248
468	4877
48821	47630
32892	14629
20789	42595
49861	3415
37055	48545
16414	45592
26090	14334
37918	1514822
55132	33810
33429	1314
19513	9128
2005	48988
42371	15130
52045	548
11440	288936
4277	1794940
41044	39514
40987	52908
18822	54949
1831	5777
27653	7029
49758	1785
29867	501
1868	23971
34088	9475
38666	12336
42707	17664
3821	98605
25812	5919
27876	46928
20394	16050
367099	18651
46431	15161
34469	56061
29965	10433
12923	36678
3588	36556
14907	45531
811	54499
4799	7365
13508	2169
19296	34367
18782	1191
46110	21258
10935	36559
162	23199
19759	5308
46028	42143
21245	7675
30827	7585
22505	18309
53293	6980
7068	10446
17447	137
38439	13435
1950	16635
3962	31037
8735	32728
44447	24545
31521	2648
20294	887
9780	16177
20297	15236
30850	2562
3677	257
5534	33686
15363	26351
30415	13710
49381	23813
38836	322887
44499	17640
4357	12908
1556	7111
47010	4857
32314	39864
34644	10357
6246	10387
16742	22471
1984928	31122
41754	23368
22452	22569
6152	34895
13852	28372
48776	14345
8424	291137
36902	53721
16124	6069
3961	26624
2258236	3180
901	23790
16725	14637
40256	14468
6702	4914
14946	30158
33466	1841
30004	49582
52296	122
43500	7241
22406	15936
373112	28205
3755	25206
2855	17230
54504	551
982	35407
11284	54238
32817	571
12942	12987
9111	730
3047	17881
16458	338198
50120	17252
769	24756
18128	4298
2011	53866
4450	46893
181	2019606
12259	6597
16418	45508
23388	21699
82121	153
537	1793417
41582	23087
28108	5056
19398	39203
4718	53531
9476	17248
42215	2422
18547	23558
392301	2974
41777	45219
29227	5788
17258	26090
10442	1225
16542	77004
47573	1175
14860	43182
18000	7280
27232	6146
32565	2230
39153	1223
25573	15098
25601	53366
46893	33061
4496	163
26408	45419
36397	35733
17781	12601
26387	38254
17649	15069
15619	6848
1580	56995
371	14057
5919	13684
6260	39261
41591	44808
11933	3912
7262	41903
11026	19144
30741	22392
18590	25228
641985	13813
6523	8946
27819	3279
12171	5420
50680	13158
5247	35142
8686	1346
2599	132931
1920	46182
36527	12426
42937	77830
44133	1835
39552	13999
1233512	17466
57169	17205
18542	18785
5601	952
43677	47086
23824	4814
26409	56302
56286	269171
56464	35014
31341	2343
16618	45956
4007	11193
107366	18853
28207	27912
21550	40011
39155	52390
9977	33805
55992	34418
42214	51517
48784	3743
19582	29742
28172	13372
7736	31284
54806	486
56488	54805
23060	3510
6803	11587
8131	43816
28681	115
32993	2463
50493	23066
41780	34296
8797	55750
19632	16124
56788	27865
1791	21435
7988	12944
5631	2678
42986	7167
4212	3702
691	30711
21867	27928
5721	2759376
22426	34058
3230	6412
20162	36587
8231	19046
3613	61
45405	3896
5815	51635
36215	15054
414376	13473
78561	538
14769	1122
1581	49200
156	971
19090	4028
486	31515
16892	49808
3101	21388
527	30273
6910	1043
23581	29268
52137	49764
50447	36988
17599	41613
8130	46914
48988	19399
51760	45771
12034	41789
24582	32854
32144	45144
11087	6400
43277	3208
12803	35485
23658	18233
28962	55577
863	480
20426	35136
13676	949
8679	4482
293	55004
42786	56456
1423922	39040
13402	29906
192637	30544
16447	61868
2875	27535
26949	170733
46571	26905
48139	11354
10659	56546
10396	14833
28413	51819
9668	7381
1382162	6684
29742	5618
29838	2268
53958	1249
22403	19582
1606	2064
4875	23477
31241	1821
37	7363
10322	22478
31109	15002
36273	33449
11877	20471
16268	39980
403	3909
573	17803
20158	15921
43976	21849
38307	8697
1781	10393
14520	4952
15081	23275
20871	278
13347	543
54379	22346
3877	422
51747	53293
36545	32958
49194	3869
11860	16322
32487	19658
27815	29786
11228	19036
10363	5010
2231145	41803
575	31671
56353	42431
18564	20257
8086	2072
22468	11705
14030	861
33344	3197
3338	36668
20278	25330
28591	38204
9437	10710
10588	116
24965	6136
38871	1793
13633	2711
23393	39722
3294	41110
27732	19216
7148	11939
30887	32579
36331	31529
21362	5852
21995	35139
11449	24425
460927	5649
45126	46635
37708	9951
42803	12149
94895	321427
4801	8429
1369629	35616
5240	33910
17560	25949
51634	46313
54446	6153
1538	36267
32382	57175
48532	43743
40029	1076
18195	390636
49644	1665
13925	26479
1076	14680
33411	945
5449	10668
13958	52255
4298	171236
11554	16618
55844	7355
235	23044
42234	3742
619	8127
19324	49792
5156	729
24082	12804
26983	46102
28656	5790
8792	4193
21317	6547
19246	4639
18503	70
42127	2680373
30934	18933
73	32043
39	9857
26888	4883
17867	2099426
11072	29798
35513	7754
28869	10345
20330	24582
46821	37845
20552	36157
6725	37786
15896	51357
5812	22306
38151	43485
55611	17473
12707	42214
7576	36007
5239	42642
2385	4096
15002	24010
16575	1206
10184	5506
27741	241536
30976	2548
40079	28278
1996	22982
25466	5285
4004	11574
43452	7700
26136	6266
25661	17436
50890	39603
30455	8995
12791	20804
46164	341642
13281	192337
5296	2996
8643	45874
46779	2276
1537	27507
15958	7742
1729005	29590
45045	27512
53123	10687
21098	22092
27491	37791
45525	4786
4712	44467
31962	33221
20153	3431280
14114	30025
30404	6681
49396	5731
4186	46071
4827	15154
48834	38703
49248	19017
24998	35018
21530	1103549
20874	361
25521	13279
44104	1820
32424	50358
11461	13051
406	10505
14788	417292
25866	1447
47681	1072
34632	20762
24867	51569
28968	47579
3691	503
7190	276
6456	4474
26727	6733
20524	31822
49217	5854
52554	47064
27978	20774
30724	48907
24411	38924
14878	3582
28293	29075
36131	37592
20508	31195
49715	6088
32285	2783
47761	1909
4633	38918
27097	40459
32030	54710
20748	6920
35193	18467
14894	39312
10397	18471
1954	7666
382480	41021
22962	55266
21785	15502
47503	1942
50593	35054
31423	15241
40644	38623
4263	28686
45390	54680
17009	47755
16216	19242
7223	3109
430	22215
2257	49544
25758	50111
20388	42303
20738	44702
33854	8709
9100	46866
21062	18770
4315	22670
34871	54927
1973027	14395
43791	5058
47418	7748
6109	31280
1304	42471
10829	3240
42589	33431
44100	28835
11886	32826
11765	2774
16861	2277
33238	6845
37952	19141
56327	4591
8543	8997
4984	7321
9631	2702
3453	854
13832	37080
32326	38702
4451	9872
1345527	33125
49993	9402
1582760	43043
7236	56015
9520	13233
364245	1233512
34929	50846
16882	16829
415491	30122
19072	19038
43014	10991
30761	20345
34819	44226
27613	12916
7839	17335
13960	29690
33431	5342
55478	31689
44702	1256
438025	15288
11438	24717
1096640	17034
37358	13018
13739	43281
37037	1554
44542	34214
25882	15040
30572	10363
3614	46372
6311	57135
33111	56835
36904	17624
28287	47346
48695	39187
30868	437435
9251	36543
34588	17964
5269	6364
24863	53305
22451	46927
19832	3999
17519	31892
25138	2292
2606	26540
37870	39816
38743	17822
56874	37122
43620	23167
26902	338
4979	3111
1120	449902
42153	26107
31549	4926
5699	41423
35363	26311
4279	3713
18768	42005
8434	12752
6335	41392
15236	11621
4761	29662
18078	53390
38740	1661459
1860358	37984
7154	15416
6093	11933
49376	5349
42198	23094
11039	19635
43661	20118
4127	1274957
2593	15727
3207	26261
5542	17328
8501	5408
5197	21093
12706	12405
14971	31207
4064	5699
32471	45533
26950	22419
41348	26347
52680	43715
8418	56527
30231	9931
42562	7898
1943957	30084
1735	24755
42136	6610
48214	9052
19851	20840
42033	5923
5633	4195
12872	6244
54564	23080
41352	655
25825	2339
5224	29644
37062	4292
47481	30488
42964	8597
18255	38351
2231	47984
1109	46249
50241	46795
37795	8855
40353	1854
12083	42215
960	7965
25855	29623
5217	45814
49643	26003
36848	994
9734	332
46260	26414
18561	1192
4531	27304
18826	7288
1782	4271
35243	8203
20428	4615
4411	26079
6475	235914
44991	49548
21277	172
34020	6525
12275	45664
47978	41363
41718	19065
39923	9307
398	1464654
34413	22582
79	1400
1431618	21336
31516	6462
9597	373442
23839	17981
42473	26144
4096	40933
24545	53777
28625	1085
10523	9489
12470	12815
12492	20498
49807	1715673
28360	1368
18460	6619
30214	17786
23692	14759
4510	11944
17222	15816
55689	1334
20684	28661
17768	986
50189	16639
49114	43293
33013	9344
582	3506
5802	2213
8272	37419
113670	48402
73	54380
37210	27305
30018	4879
10452	2250
26981	14204
50913	10826
32806	461880
27622	1220
5965	19307
406313	25065
1977	7994
22312	48839
20131	53166
28871	636
57159	8297
20229	2039
46635	10874
5624	9362
35305	3837
2772	430
6027	9794
29017	9649
30683	6486
24245	36071
30507	48307
23102	13249
45718	25050
5956	38791
20911	2019
31253	27097
922	36786
5076	5935
6733	29293
49300	8815
8664	55896
32438	22672
6580	20703
5798	4632
7210	18665
1467	14955
148909	16488
20467	26721
13116	29053
36249	50568
30816	37213
659	22827
356170	4234
2486915	2274
5387	46090
53854	24727
4174	20730
4840	18966
33908	11249
8590	44534
5236	27437
44317	35630
29376	55120
38255	1409636
48383	34984
6918	22763
387361	1030
4556	11523
48684	24028
39984	12803
11429	21586
18096	13253
51310	6899
17343	12386
7345	13099
33754	16524
40414	16026
18145	13842
9786	456669
48760	20033
4628	2976
39312	1233
53905	19068
43475	19072
18796	16725
41345	3803
17405	33844
49066	7972
12713	10578
14845	21360
37754	52130
16094	27741
54440	7283
11032	24072
4555	27358
15526	4916
1349865	17469
48495	22920
23106	4735
41757	36699
10720	3086
7255	14979
38473	11908
11427	2041708
31223	30292
30912	10941
5112	65465
34051	15591
8524	14966
11374	33194
45708	4168
7672	17759
17232	16399
28408	20756
4949	24696
19964	23003
6276	3201
51831	27898
1195872	3406
17362	41646
6786	13414
22239	3119
15984	48427
4120	23902
25276	888
1942	27186
2356	2937
34220	30576
40673	25719
10519	85
3121	1491425
6128	5449
31395	3916
6827	18751
3279	13790
26534	23548
17772	49997
12821	51233
25083	38807
9660	44761
2989	18061
41381	30461
25320	27414
29734	20208
19331	18553
3855	21386
6572	3961
16081	27637
2959	446104
40916	15454
51567	27009
12276	51216
16284	19990
711	28567
19587	48272
24700	5232
23667	13724
9377	22712
51345	10478
51151	49820
52070	1221378
3473	50099
10105	39408
8967	32701
24276	32522
1038	2580
14738	50773
31339	23766
53182	3586
16123	1344
9743	28358
35664	25462
964	18272
1653	16039
37558	5066
53816	18779
8493	45506
9330	964
13181	15490
40527	3850
4154	3331
29564	4893
8608	770
37380	3133
15868	8312
56454	35295
13913	6302
11805	6846
32765	11236
2580	876
43919	7903
42441	16003
33093	10292
21067	33074
19861	22325
39787	407003
3695	30921
15623	24820
446497	44869
42981	163947
245	18643
16351	18907
35400	51598
22654	15187
35514	22978
22070	26143
66475	363
17824	24937
47601	34838
22673	50447
4568	8091
7284	13616
13749	44532
7003	784
38283	27565
34	52001
32033	12950
35220	3063
35069	10224
36218	31152
22809	24839
1447980	44481
43560	31604
21903	24222
46036	53971
22712	3291
11572	31175
53925	36922
620435	18356
44683	20616
50853	7511
3893	736
23287	38825
16448	31622
3172	74652
41114	12030
39603	39473
26674	54908
14322	32348
22303	28154
55854	21082
36086	28169
9490	13990
45148	14963
14093	22501
20655	325613
34170	52277
15690	30763
421808	11545
50356	18866
39182	15644
12513	34508
148	26552
700	21905
44973	34571
27587	50370
1497	448858
11937	8345
2953	1358
20986	626
7470	4491
12982	2488
7820	33412
7650	31525
5788	27804
30957	8509
28316	11525
5967	10776
193	19875
29721	1816
373916	2353001
34855	5613
15485	25139
45	19403
15383	112
17584	4766
31985	17091
8361	1009
12417	37966
17156	31765
33707	25855
38140	4220
30541	35366
17025	35948
29839	52530
12926	48424
5445	3565
14627	5794
31600	10756
1892	8934
403515	53192
2112692	1245
7288	34990
52589	462204
1675	6255
34014	285399
14642	36133
1697	24744
34741	10847
1124	27090
13541	20951
3764	14606
102447	3018
11308	16206
46654	56647
7965	11112
372	43427
50782	12658
5645	25141
18001	14537
6040	26673
34824	3344
25658	36758
28465	14570
39413	15653
28294	40136
6592	22216
6801	5234
3241	1349865
54092	3467
3885	24451
24193	144
56329	33051
19805	25913
39428	33754
47135	767
37446	46303
624	943
3972	641985
46666	2766176
8229	43465
38949	49194
45484	2758
5352	40390
41860	28290
35821	23020
10096	4670
37377	26349
34861	18297
29027	2326
11472	28888
22569	4853
36141	1948
32352	20618
8326	8794
9433	6801
48127	2847
1650	1120
5696608	41384
6547	8507
10085	3913
21687	30289
416	23341
362821	30887
4441	14487
3524	4993
52555	21329
4356	21559
26235	53991
22893	45375
13187	45064
39321	20793
13943	55321
19520	47096
45509	23669
5126	24509
1117	29849
47093	54197
7891	27613
37163	53182
12645	4607
4114	6161
10393	2621
10429	2834
11238	9853
16426	41291
49622	241536
13630	12382
42769	8119
30546	34088
15296	38047
18027	11164
2832	13041
15691	26051
37268	1200558
35405	42685
46450	38740
12597	23773
16979	43144
10968	2742
29356	44729
9317	9784
25142	672
51022	15497
15352	637
10415	4026
48180	2796
39296	32247
1697185	9516
25316	18506
53797	8114
45931	35150
45382	18245
12096	36297
43178	1709
15603	29895
7234	22674
27782	35951
2799	4918
6848	3335
1740	22100
9469	47110
47645	42314
1351	12958
10887	11429
23915	19212
5906	19856
16876	7173
109032	48728
6048	9823
57033	22135
17095	25996
34831	19797
46806	19252
1720	10366
38211	21165
11827	11830
54427	19939
20198	20394
29656	49209
10165	239663
23773	15486
1507554	28586
9328	1508
39215	48146
10215	38344
25930	31298
39277	31490
18469	14131
54060	11937
4505	42722
2819	4226
1173	4870
8206	36269
26302	8424
884	3002
14768	2174
44004	13744
8338	1078
18216	12178
4138	17986
28955	11701
6892	6267
5095	7093
36258	13960
43836	10769
18526	16162
38945	28701
7818	4180
43981	24980
20907	1767
45757	147
3514	2644
14248	2376109
18116	4282
6125	50923
5100	11492
25771	34039
21950	2083
54727	30632
37838	4356
318	4172
2049208	22276
631	32136
3510	8087
26086	52554
5413	12790
4066	29287
7838	3379
6850	3979
6238	19404
17871	12677
13035	13663
16002	11563
38581	4977
19464	714
26527	50718
4826	16113
519	12540
287	50335
45432	11084
16346	1996
6155	53119
21386	33531
1729	2133
14024	33827
42598	24802
6884	19379
44411	41762
93430	15250
2326	15931
11135	42559
53001	8676
50820	1196
49746	21786
40495	15840
13169	42428
51370	4313
56800	35092
34607	10086
1464	11461
895	56309
2710	30383
11635	32037
28261	25720
30480	29445
16567	940
21002	9331
3582	3186
6201	13978
35286	38463
33470	27760
28166	6340
24218	22162
356145	6035
2627	9867
31640	51334
17583	2928
15606	1858834
23368	11529
45241	32303
5077	23829
27461	13718
399	476
2270	15934
9858	48665
5295	43427
28070	3381
363385	2361
29385	11827
17184	17768
18790	31130
6716	5630
15346	8739
22042	44916
6193	43814
23358	11612
47820	35223
12628	5071
39932	568
32824	19377
11442	23230
2455	26108
21702	52735
34187	51923
6400	20761
25398	25544
9236	24390
949	50911
16147	7806
23528	1838
25783	50737
12874	24506
72126	5948
785	12984
923	15749
6399	1442
4308	1610
1506	26346
1764	1007
3539	12631
53195	12081
349	2868
13819	993
27016	1615
1107	24396
12880	32795
5304	1830
3379	38132
35186	17122
9956	362
13229	50558
50544	31520
9910	3515
13956	3
7814	6421
41194	40032
4056	52622
30080	1999
40022	30777
5758	16408
6466	1143
9492	16318
23294	2661
5289	20851
43051	12624
7382	9585
47185	18431
16099	1088682
22410	3810
5446	5085
20668	42541
14842	15409
1701	21197
15274	8683
111	21755
9137	13123
34585	50468
1215	22227
38204	30512
9454	46440
262775	1618
51108	49237
21963	49472
15954	7672
38867	17071
48465	21286
46975	26228
31802	24108
1274957	7129
352116	13258
35182	23929
19258	6482
8718	15592
43168	38226
2343	852
2583	43140
56640	1293123
4846	38306
26035	34438
1968	3997
8041	50866
1601	20524
4101	52132
38210	796
47092	52766
40047	33722
27507	22528
17221	402081
18511	50477
38963	24311
54238	15477
18658	137
16827	9284
35426	12115
8588	54259
12868	27314
1185	13
7872	489
31086	12448
22176	3259
49854	25912
3132	16724
1841	36850
1001650	1620279
13387	16219
83418	20481
25312	3351
774	113
15385	32924
17581	25625
50706	29061
30697	20110
1540	33708
5769	18803
3778	4771
33891	8359
287893	2483628
21175	52169
11012	17194
41891	43850
12830	7209
32790	37231
23141	21239
7607	14027
25372	26564
388466	7598
35308	49887
4440	20
42429	69157
18552	26679
55124	11052
1672	1695
20848	31770
3534	54701
2798	21583
3256	1455
27009	7216
27457	17998
32640	54021
30955	29086
38557	56228
24616	460927
50317	50304
51967	235442
2926	25122
24979	6050
3947	23427
6126	29
23238	10410
45732	7607
35363	41420
48541	39643
34258	20654
37266	14425
48898	35306
9127	9748
20189	49248
53915	34113
6204	12148
15040	17008
21711	18769
16942	32142
9959	44914
3290	21052
19868	648
25380	38072
39256	17465
15891	12034
11017	12838
19863	4946
667	345113
2453	26481
29269	11206
3432	11387
47492	18192
21258	13913
1521	2859
17426	4752
5284	13954
168864	52136
15452	45615
8428	22211
26512	29505
9754	15562
14253	17037
13178	30050
11651	36828
440177	41489
33016	14419
35738	42272
25602	6803
40657	24912
25477	3898
14742	4913
5478	27577
15114	30827
7453	7232
37424	22201
23805	9812
30594	32424
68788	54574
212	22892
424	3812
46364	8131
2476	12550
21197	24022
1412	34020
31484	2876
30411	46362
32714	21242
31012	1790
12503	253
42642	20754
54148	30840
1605	17516
21199	2700
15409	1632
35363	56541
4558	8954
46239	43583
33080	1157
28132	4760
50568	47064
27098	26251
47466	6504
1148	55700
24727	15963
48312	53409
30377	11388
2843	11495
20916	1450
51545	4601
36974	9476
50543	61669
29553	49701
50476	8735
20772	2926
6824	7406
27214	8862
10240	49879
44467	27134
17145	2242
3433	34409
4916	29746
26411	16268
6462	1786
3832	27908
7689	18697
23501	8761
20234	52966
29503	13791
19101	23164
14749	17870
18877	48729
6314	12641
43293	3637
26849	22407
30649	536
38973	29182
2351	4019
19443	8747
31491	9549
52063	32887
22437	11198
23436	11220
15353	1870
44	34690
20151	7403
16787	46967
12060	21764
687	46780
3288	12599
734	44637
48494	8049
23468	357
40714	2788
18344	168864
8969	27753
19235	4184
4854	27106
24654	22786
23118	10739
4080	201406
5829	42448
11296	8030
1817	3512
32522	15625
5260	506
18666	2128
1463	18937
26640	22802
10665	53300
12385	25771
21082	5024
21275	13687
15050	4066
6272	477612
13036	7685
22528	47817
10977	17212
44974	19435
55305	14260
27795	7039
8919	14920
3351	7618
16143	27805
13189	22483
52972	14563
38019	8675
5685	46430
50145	41596
30026	5369
9418	18595
48810	36283
27658	29820
5281	342
2017	6037
48108	741
15519	1195
17216	2238
19600	20572
36896	14403
21384	23271
51584	92
21540	7007
29952	25453
48510	37472
6996	53107
4318	5488
51357	16925
15031	36613
4797	42905
3162	22517
36267	2342930
13136	46919
19608	5049
5233	230
19063	51238
20195	456
26003	29107
33743	35229
35155	47149
5198	4724
50510	697
31668	17774
130278	348430
27179	41541
13158	2909
15323	43923
17436	920
333436	12967
9450	1500
995	19357
10755	20178
3637	457918
29544	40876
300	40970
3465	6912
5827	45622
19493	3225
586	16265
19387	21508
46283	47437
3226	2666
29059	49742
4897	46703
19170	56395
33765	5933
48383	33165
18153	987
21925	2382102
418	24181
41226	18702
5210	24358
547	14396
32720	51568
5378	20376
32055	15852
25066	383464
35609	14091
5661	25450
35794	25737
734	53884
45461	2044759
33420	34778
22145	44356
6740	19305
4244	19676
31891	17145
53897	556
49445	4405
11705	21779
15618	26063
3821	41829
21203	19392
1200605	51048
11042	28351
1530	55119
5229	1659
52727	48120
4589	19794
3609	7743
1127433	31521
52786	44735
2246	13205
1715673	3015
17	25083
53984	41844
4725	1260685
44984	17833
31684	15534
366094	49746
45114	15623
12564	33635
19104	404
31425	52551
16345	18660
52236	25477
45068	8207
17324	43396
716	3029
441	52568
45434	40756
42848	24804
56134	7559
19471	24696
6544	1975282
38308	11292
5425	13104
47429	49824
27211	10293
21106	19881
52486	3847
400464	36147
22424	22634
625	4931
19129	21293
1582	46085
1014	36164
11116	27630
1429	1638
48599	21098
21677	30473
29649	23095
6522	683
57133	17176
44462	49302
36745	99062
8003	51709
52227	36453
10059	40868
23558	30840
12716	27631
27948	1481717
53859	54446
21176	23786
13338	3525
57266	31395
47860	2468
55362	51681
406429	5199
41981	2282
6712	28109
39584	54236
53702	668
2898	37494
18388	14429
7852	31288
46555	13338
7280	39532
4733	40274
22329	1606
12711	10569
2451	21155
4925	63
15639	17028
33805	710
22404	13136
25675	6941
2085392	32043
54696	49201
8090	26507
3570	49363
14739	35489
19995	3410
46702	7046
17180	5696608
23359	7314
21952	6159
49971	37436
2108310	1471
1315804	15452
1026	6000
288936	19268
22252	45131
15754	3457
14451	377
1713	3796
2806	22620
28037	2183
2079	4021
40394	16035
11711	13143
25745	66475
21973	28025
34509	20984
6206	2527
27989	10104
1310	15415
37006	23512
19302	33213
3711	16861
12782	14891
6885	14275
17937	6722
27922	15485
27121	18046
1336	3832
1656532	29253
3081	7861
21743	14893
2000	15837
17001	17023
333860	2894
30987	8236
13140	33974
16624	20055
23876	53162
9076	9368
4602	56787
36694	1458933
8731	12291
25724	24071
35630	27616
19347	54783
24765	1714
479	12560
1496	9816
10136	15695
56697	15109
25432	2903
20685	26843
34656	20689
30412	18340
13750	4521
2429	12943
14167	233
269171	8976
48015	35514
3244	53997
52522	27474
27635	5466
1929	14092
31274	26180
23599	19032
25732	1293
2300	2266
28954	1965
32265	24461
3442	1799
29197	3204
409	26364
22012	34336
1152057	14209
27109	109
13996	20946
8251	56679
13433	4050
38739	25005
47514	27846
18665	1679
1172	48026
14508	16944
24762	8324
44856	16139
8243	4163
3056	30532
14955	18826
39539	30587
7510	27010
18154	12098
24559	4875
1755	340241
3619	10431
2767300	14173
28294	32558
1282409	33402
31474	14090
29442	11678
13979	21996
20774	30080
2628	29538
3659	23393
18450	22083
20891	27083
952	1233
37760	46478
16534	3656
12828	17147
45383	17245
10238	47846
37804	17440
7889	47164
40615	407
15186	4246
12752	12458
8797	32400
1163802	19232
2497	1185
22475	9482
28666	6770
3676	40914
12533	3228
56648	2017
52416	11051
22860	10758
30098	46775
14416	1937
2603	5218
47261	31869
30234	7277
25233	4873
18500	4228
30763	14521
3413	52397
21052	1109
18880	41594
35762	7708
26036	32487
9727	36945
7464	5338
1493157	1444511
27867	41576
6166	30772
7264	1795
38281	6254
49722	20713
37797	5878
44680	40666
17215	211
12591	38099
7172	15880
18382	1869
50697	33650
45849	4778
25719	2512607
51258	14030
1386292	8521
13550	3613
21195	14704
11606	10970
12266	16073
52406	1667
29824	1892
24875	33468
6799	3609
1794	27036
39408	19680
23120	5441
22869	39086
6957	43034
18174	6927
2450	73794
63985	343
11614	17695
42456	12234
29288	25677
15038	18782
2665	50931
71	8557
21371	38242
47045	44938
41576	30966
16995	6034
3232	17928
41037	15152
42496	27886
9938	667
56965	33944
49942	45924
19182	31025
9353	12355
6382	54929
30418	152
13780	41253
27284	10755
34367	55619
17991	11354
47036	47796
45344	10675
14897	708
10372	41688
24557	41118
14142	8041
21508	32908
40951	5054
55899	17074
8256	4540
57334	12250
14572	677
9976	464
4280	11643
46635	4264
15032	23568
7415	30693
2292	1828
33975	9884
15724	24872
14139	24770
19607	40007
3353	33281
44641	3354
20057	11780
14893	13208
4540	22329
3149	10492
43427	2440
33150	3636
4481	946
19881	25714
31347	11799
25213	18266
55747	51425
11252	20684
11114	9403
2774	45624
5129	1199387
11575	28454
29491	14555
36324	42188
13716	3936
28165	1295
6083	3137
7292	26123
39529	917
22440	16391
3448	1195872
56777	25066
5050	29254
10288	28004
27910	41744
6508	48077
41094	4279
2766176	314729
38339	763
28926	2729
20675	15354
48187	11461
19491	40254
15178	8192
37602	29689
45194	7230
26551	10989
26240	6828
31167	42219
25996	41142
13564	51847
46972	20459
9842	5343
3074	11792
360	15475
27913	56308
19977	47005
21734	1463
31100	5599
32938	35441
15683	18393
42	11293
14540	24172
25286	16476
30493	24618
18995	34881
6686	34537
28454	36532
27090	996
4353	29906
20856	27422
7296	12833
11673	19193
15045	42434
23227	40381
2007	3317
9310	49318
26157	17201
9506	30155
2753	41718
40438	12327
53484	9449
32	7126
28004	44743
44523	22277
6300	45481
42562	3825
20409	38803
11568	29693
290835	46609
28327	30190
5177	23755
47895	28607
13301	24863
19889	49284
4104	12591
14629	49953
5133	26411
15907	41323
56990	20038
15527	5817
22895	7793
52439	25815
1167	13491
29157	1151280
22827	11274
48552	21706
7337	37760
52381	44963
11604	33160
54927	54295
22135	17172
20082	6842
32073	41158
35612	966
514	45789
9249	1048
42056	6616
27233	16567
14186	48067
15858	30513
25068	31307
36034	6536
6514	1013
25662	34450
54318	463
30881	35440
4459	797
50435	12171
28469	2800
34097	7198
9683	49294
37486	8
11939	36384
52543	1755
11137	34509
8638	21817
9664	2938
22263	23714
15069	11814
20267	2741
37007	23616
4098	10778
5033	4058
13714	39084
8992	30884
21108	13394
51501	9547
16499	287
4162	1054
21707	27870
1762	10688
56260	5442
25443	15646
23553	42375
31159	20786
50635	6479
44597	18573
47342	34218
23252	9501
27462	4368
48378	29734
1348	23202
48778	16027
17674	6779
27614	1735
896	4111
43289	73025
4683	23113
17312	39268
43853	41709
22148	4782
55074	12332
27604	9
2298122	41420
1867	131
23306	7851
7780	33264
32126	5968
45042	7714
27768	53003
19010	1741
1536	3855
30506	23866
7618	9418
12389	382974
38877	23704
12842	4481
580	1256645
41957	15928
46172	23048
8290	2964
28567	7446
1035	5313
16943	11758
849	5970
42019	33042
322938	50299
23428	22623
6094	57421
55119	19633
3435	31425
10002	20915
18234	10687
51746	44991
36797	26270
16047	29178
37574	15228
49881	29649
42140	1875
1347	35197
7314	10868
3474	99021
26810	44808
38792	14785
29230	25267
8397	46358
91385	6577
12449	483
21116	1287
6946	2012356
51747	48557
5899	12481
15623	32518
18096	38903
1600	23252
43510	9916
31794	26496
16722	8731
23276	22618
8840	2189521
4332	56234
390	706
45692	35526
34013	8902
8373	29903
28930	1912
45046	43332
9094	6268
219	24173
32816	17890
40975	32484
7190	50419
7209	21459
36852	1098074
28524	18941
46827	16759
40882	9626
39998	18071
54829	23303
1930838	55132
28528	2469
10470	31750
3360	26625
17997	24587
25860	23897
33361	54501
57220	12582
53078	8231
1987	31274
13776	40899
4771	2504
87781	18495
15472	34013
21930	16646
9621	54850
50737	633
9275	53114
2134	4897
30	52888
2093	4903
38058	9419
22602	9950
19717	52478
23357	49128
19081	33690
399738	8322
46102	479
4322	6906
23280	234
38657	54064
26620	748
15461	400
40390	2105284
1738	34991
21816	53885
1210	23294
44576	7643
12605	32998
7963	37532
1327	10893
1522	27727
3426	1557682
4495	22291
7424	40323
26379	49293
27415	3769
24177	32306
8613	10428
30321	1505846
30936	32561
40745	43874
19875	13366
41111	56179
13028	3831
17513	26004
5662	2184
40111	28804
3359	24806
12834	57222
35396	35898
2156	7780
38940	51295
3660	24821
11194	55141
9784	20891
40396	1812999
29650	20087
31056	5961
23909	4642
22180	9861
14790	26130
16484	2273
37865	3738
10839	17131
6336	44817
39698	46439
11515	42974
49710	56061
51670	9767
28045	53615
5889	2875
8670	20603
130795	11344
12534	18010
15203	54969
42722	1565
18037	20467
46313	6399
21872	4162
30425	825
49955	25438
4329	33822
13340	375
19802	27632
46603	11732
36712	6537
19100	2582
31313	41508
23562	9535
24506	9539
11270	19753
31622	16510
47341	1518
25571	9193
12016	14015
76	12016
40773	6651
6879	13284
1602746	2049
38498	18804
18132	31936
23843	13600
29820	39106
10286	21691
19409	52690
45758	26876
10326	6500
30622	21209
1259	52416
19215	21749
57068	31347
15288	44085
132931	51402
50057	5738
17997	18426
27840	37749
11325	1549
27483	13760
3653	1242
19208	11172
29687	56719
12037	47440
21255	56697
52	1874
30064	673
49964	27020
37559	1624
1447	32601
53059	26301
25258	37575
6331	14731
10955	25675
2684	9876
6345	35765
27847	28581
50855	11594
9047	55844
31090	1962
20979	23691
36268	24757
50850	14104
18893	654
17076	3710
26511	4945
47142	17025
17862	29482
14604	49888
4694	400464
5984	6461
14401	3578
45202	26961
2748	38561
16782	46848
6065	31582
44702	23972
1595	7839
2504	11677
34504	7872
50622	44355
53850	5685
18814	21900
16175	384585
32312	31030
40076	1694
14692	25885
37371	47226
261917	42969
33082	16633
30660	6308
24872	1766771
6647	6146
10923	39615
11125	4012
1841427	51311
15267	33518
5507	33358
20946	10184
44354	3988
22393	26603
14903	41292
7360	49737
45571	23283
21832	41612
27401	39
16480	7566
4043	10913
27541	6855
11215	5822
57106	13187
20011	9410
18246	14101
614	45455
51799	23780
23812	73
40725	23578
39092	38172
1854	21106
37315	30748
40383	9574
39455	31766
15861	5413
15669	30458
26876	46971
14660	19629
6364	53017
22070	39634
27860	27081
27554	45056
36825	39277
11099	12591
49000	3784
17465	30901
3985	4999
52704	38038
51390	27708
24824	51518
49720	598
51579	896
22466	17604
31236	50394
20628	20400
27566	327
44318	24457
5309	15690
14551	41766
23976	34092
4720	12765
33423	11093
52924	43636
14611	8478
45129	17273
22371	1082
6368	811
11702	45429
34594	34240
50526	4724
20761	54123
41709	21537
21684	6586
8	1674
35112	22979
15297	2670
53722	48870
14055	51241
3594	20625
41646	22457
47602	35978
13327	13819
20957	18364
55036	39461
3494	127878
2929	28647
41261	17018
28097	4872
4906	42489
18606	36590
25730	34155
8902	53747
1455	43889
35323	16590
17846	56234
54215	12223
948	7644
34530	32129
2257098	51967
26449	19124
25492	7920
30019	40620
10475	27863
36533	11023
56692	25078
35064	51484
20228	36939
24793	41719
21144	32339
26173	7838
51363	37952
52374	34211
54957	39301
49915	18343
4891	16342
40017	35690
17266	22641
45020	10232
33427	35163
15982	31610
42897	14132
2387	10194
45637	19734
28577	319803
40228	17385
11101	34133
6531	9293
34196	51705
1559	11795
44722	19641
43875	1282
22	10927
9363	440
11508	2370764
7161	23582
31100	5017
54790	4309
8768	11979
299	13222
31925	1366
39312	18995
38834	45759
1902010	4225
26628	11755
4982	41200
18208	51264
36378	16280
5063	37482
32378	12215
29182	352116
16051	1100
13099	27011
48214	1408129
37731	24989
51130	29964
4272	30119
38415	1491
1069	290835
56409	5964
44736	12480
51749	2773
726	31726
27893	44595
9169	7038
4408	3320
14265	18936
41435	45942
19570	23234
26029	12328
21768	18225
49922	19299
31136	13593
13600	12892
10511	33121
7524	27545
28994	9209
25468	29519
41142	1356709
5208	45247
2723	44641
16399	8970
36939	25149
28388	19066
36699	16830
650	23574
25350	16822
36845	23934
40067	204
3046	751
13673	9435
22116	28577
32324	8032
44689	9191
737	54420
2376109	29900
4507	53702
22044	4662
16723	24550
383	41891
46706	28555
1196	456476
40857	5190
1572436	46815
3449	41403
41292	3008
19964	14514
1314	386102
10717	47414
23574	11084
32883	39035
12382	9317
15264	383
36331	2908
8360	50933
2653	52875
16195	53200
28454	756276
34606	41891
9551	42124
24065	1001650
44698	4924
41809	1322
15955	31531
984	2603
46657	9664
1260685	4970
55291	24028
3262	32045
5274	4367
27488	3857
14013	21380
36429	3234
11761	1384
9269	7862
29268	8085
7813	11333
49505	7450
12565	190
6161	35658
21402	11657
12599	12971
37667	3465
50758	35806
28569	16985
22963	29442
1797	14006
32490	3508
8484	12413
18901	13943
1071	157
41689	22078
3233	20007
10311	21729
23134	8979
31394	35738
27219	48208
19087	145
10631	34644
46224	8965
55724	12033
16476	38206
52503	14836
13469	5754
53098	721
4120	16371
51540	46993
9252	43997
39242	52321
53924	20382
53158	2954
43991	14979
53677	10397
5830	7613
12958	6728
14954	6440
26051	19513
25991	9025
37437	25749
1302167	410
15255	7831
15894	7461
6637	55747
49549	67
18202	16480
54770	15020
7272	13210
42287	425
18741	11995
46865	1530166
6525	1951
5551	10583
35527	7488
4659	38290
4328	31567
27738	2323
28674	24571
38912	47296
49181	52959
379	27920
18381	5643
21246	47939
1572	2189521
12293	42847
37196	32881
52653	8051
11190	1736623
22205	34855
20138	245
45191	48046
29639	28416
1376	2105
7428	41378
4065	24563
25453	8427
40012	16398
37749	814
21434	34067
53943	35009
55453	21371
5287	21292
42905	12398
55678	4300
30218	11645
7894	5100
11621	1666
397314	30330
41089	35109
15626	29157
28558	10830
53532	20164
5169	14794
29939	22371
2701560	35911
1354	11989
2172	28952
16475	54873
23649	15290
2988	20322
5597	44084
38945	31866
11043	6201
39369	2505
40053	4683
15460	681
828	30153
438	10954
9365	326
55428	19502
30874	10592
31617	18800
38123	43496
12398	48082
10040	832
5536	15055
3423	28038
31352	40293
8705	1950
10688	45908
31015	12825
21461	14048
27302	49153
41654	10680
25623	11334
4643	877
48042	23208
17286	45012
36263	23508
56038	39138
29930	44541
57301	47354
9157	35101
2577	40118
50933	54700
25463	12923
38809	6180
11800	28128
51998	13472
42348	32082
22421	676066
6991	22426
56241	16511
10366	1199234
48125	18745
15627	40807
20408	20319
21348	6551
19193	10514
39735	14788
8605	55959
27106	15346
45157	52239
28785	29260
27693	50011
15785	55435
32113	43220
46043	15385
373442	31940
24908	9944
2292	25660
3750	36474
3404	14971
51861	30734
3298	2044155
1679	24146
41783	3893
38173	39893
39992	34329
21593	42845
12570	54311
32118	9679
18528	3153
3537	2642
24777	9021
46063	22221
40614	5816
24579	18038
35084	9382
12178	3571
38132	14514
2161072	53491
45365	1765
8918	5
15281	14577
11256	623
2916	26465
38851	24226
31793	43354
27687	16881
12753	106
3528	16973
33263	6206
6656	16868
19406	356170
18858	22722
45419	53804
42375	7693
15007	3101
9792	29721
26053	50623
43662	41153
7903	2188892
19403	14808
2078	15045
17983	51692
25397	55137
225022	2309
21105	51
36602	6545
5848	5350
17152	33612
54420	1759
2718	17777
14944	29297
12649	37437
30512	85185
45892	26152
3234	32242
14047	56356
36565	52028
16175	14193
5291	29760
7233	27284
37706	53997
28358	2420
55315	16327
21152	32845
369	23840
27899	35762
37575	51831
28169	56241
34596	6044
23393	26221
447824	10420
40841	2679
44083	4376
1464654	592
41389	45410
1200	9324
23185	44376
46460	7813
7961	773
25411	9683
16444	10089
21818	22073
1838	1559
35738	21908
25110	11543
23199	254
26121	1944
4829	29799
3777	50241
9812	40175
52644	43229
39634	23071
8844	51717
1771	50761
28943	16473
36546	41661
17944	1545
2490	1560
37955	39234
44375	42
9569	44658
14803	3412
56349	50186
56623	17366
27765	16005
18539	30505
21613	20315
42322	24007
43866	9628
8426	23965
23400	20437
53471	29376
568	23154
4792	17371
41053	16039
4325	11107
12677	3957
8205	30089
11089	13714
4105	13911
45652	3047
30458	41321
29549	19490
24092	44785
30953	5661
20625	15795
45963	1351
54024	42931
15046	1747
24602	13154
29159	2625
82	55817
455	7193
21980	8913
27909	5726
5088	25381
33372	48195
42969	1494
15459	29347
9841	48486
13465	47341
42609	43005
36071	44918
46483	37607
22478	658
42145	18771
26149	1199
52287	30006
947	1163802
37881	171
32496	14105
30225	14153
27619	10468
39729	22702
16989	4435
12845	52055
28176	12537
54322	4685
19401	42106
5383	13673
9774	56162
39430	24748
32713	12870
9613	15272
16684	42461
75350	12382
33231	43838
3445	11070
16029	4320
3347	7734
12479	46108
5926	40257
9422	1827
11768	8766
9436	54193
9648	6443
56710	32134
41465	2660
17131	20581
18265	11948
450527	56138
41796	2267
43864	54344
34857	32490
5266	5255
46914	22063
54321	16536
37796	8805
394	1638
47373	32177
18882	45754
40097	54957
32168	16940
38913	7604
45425	2591
47947	48465
51100	269
20714	15733
1818	49553
30132	6060
74652	28258
50522	36830
28491	24595
1110	24908
32478	5469
6770	13628
198	8804
5573	3385
16271	1263
15905	20580
7094	31962
26262	35407
1575281	42136
47354	1065163
38976	16631
6096	28198
11612	31934
50947	12463
1835074	6369
13534	41261
31933	3289
1323	2623
55552	41475
10784	17934
25484	22013
1943957	30874
26000	57388
2206	50453
9455	1512
26221	24558
21845	28645
18770	21199
37390	27528
28919	51659
25157	4165
37280	11522
20889	47342
1270	48950
5872	12419
16741	36182
19038	8217
9656	30932
35700	5023
3644960	12905
2572	5289
28216	30419
48	11811
1654	28772
34590	45708
21682	48310
23671	44673
8827	12274
57464	3146
46795	15371
340	4125
41162	27580
29294	661
26357	1246613
55841	1727
40257	43808
48445	2905
25853	3218
8970	41360
2710	52025
28196	38666
22904	512
18179	34935
39701	12006
2936	12138
31480	51734
50255	15522
208062	14930
33463	5897
40956	38136
19276	51650
45956	580
43896	3162
16127	54330
27602	42475
24187	18517
45175	32160
78828	26875
27969	5055
6143	20708
4530	3584
40986	219658
52913	11961
17651	11000
54540	50776
6434	28144
31026	31512
9458	6435
15512	43867
11627	31099
17356	4391
48277	1464
38850	38108
55377	36531
12338	43901
10932	37758
25571	27461
31306	2068211
3095	37947
3397	10624
39826	34861
14750	27460
40413	18603
9634	13825
34975	57206
39991	56696
1539	23589
401774	40516
5674	46523
17424	52152
33791	1200
5495	6195
30879	11912
16726	7297
24856	24841
23114	40814
22668	3313
353971	3829
17049	24356
31183	27037
31837	42608
19124	5646
3004	6048
44434	23072
26516	31460
1440	40976
5412	24462
21911	34187
22628	8913
10524	19273
41624	28076
30460	16769
33944	1316
10973	17675
19405	19113
33054	50018
41871	31489
893	9852
1951	23566
37126	30997
1496728	8002
2591	26334
2430	5380
19678	50564
45618	20714
11609	13436
51598	16247
6266	47961
25287	4141
15726	19626
40912	30018
31387	13897
52932	7837
47110	16309
17981	356
20769	12579
21496	11135
27609	9149
22816	8418
1380020	27274
11062	3911
16260	17415
53505	20392
29635	1737192
15088	7154
28298	52381
6382	3388
41839	3751
20376	42388
30507	2890
31851	2504504
1225	37179
26820	25915
24213	38781
35307	45720
17592	2603665
4221	13085
27825	50974
40470	33219
22491	4653
54201	32567
9825	23843
24201	38674
26023	9640
30682	30826
18333	22716
15640	11273
16783	13750
26943	26283
5591	3031
35910	41210
13148	26841
48934	10335
5846	41490
29588	51570
3798	42377
29326	52955
49221	1546
41898	18255
44760	44004
11065	50570
2690646	577
25111	56307
51	21829
39684	8517
31128	29759
11440	35954
35526	17898
50122	33157
23970	13850
42304	32790
803	8690
41586	10394
10253	29445
34565	49027
50291	49709
2505	56793
7525	15459
30862	33823
5957	7961
7075	2286
23670	2717
28623	49048
1319	54904
1390	1407
7237	2577
3663	11506
51801	51683
33514	19063
21207	33795
18454	24970
10680	11664
21512	7914
8087	37382
41820	9199
35948	2533
39599	24097
35505	13979
4058	18437
8092	22061
11016	4263
23491	16439
13355	17360
2811	27657
15965	191
2709	21152
44522	1071
39058	14239
38309	49772
6103	277
449170	30546
17648	39578
26414	11798
35228	3045
18187	16241
12646	309834
36805	10238
28506	13810
36503	47401
18564	64
30252	38644
15441	31506
8754	3272
28042	37570
46297	52146
11211	18167
32565	5552
13360	33821
47605	30529
14263	20267
37161	2572740
39227	35453
15891	148909
5981	15204
22725	2966
12480	7890
46703	38149
19422	718
32801	17211
13117	49275
26595	1315804
1282409	44532
20354	7782
14266	9987
4486	21166
54330	3897
25174	24129
24565	25125
6535	6852
7887	4659
1161710	19577
52035	9581
18149	23684
14089	2237619
44669	23034
29818	20394
2833	17712
11409	1144
10593	936
2237619	89335
52619	7278
10140	16846
13287	15556
9661	12744
37018	5072
33346	2194
1736	7452
24980	2454753
35407	10738
21476	1024
9641	12001
183	324306
25285	35152
5931	322
40593	37843
29347	13128
372664	17436
23657	34183
363	51759
2512583	3230
3646	5096
21339	29687
2639	49139
2294	24395
5987	6944
1703	35364
28482	56682
8883	1505600
53017	37559
48210	20623
47162	43671
41200	16623
22895	20711
38165	15352
492	2083160
13635	32267
384853	1490
87	15007
28805	27623
48770	24209
11855	10047
29120	15567
35490	36848
38966	39626
459417	396527
920	19174
31517	18995
30099	7357
5042	25573
7106	6886
42286	3408
38057	3403
3583	14351
4048	1856916
52011	28469
28406	34783
21529	20363
36860	53740
7037	1116922
447694	37643
4191	3175
31548	32096
47462	7040
16732	14451
37946	9976
924607	407256
13466	13163
3293	631
56166	1611
7018	29515
6258	38473
3847	32044
16592	3444
8691	54938
12367	22114
33764	27472
23561	35348
37334	53179
9948	20670
18821	5651
4103	11802
4260	15150
1407	20899
47296	4761
26108	34281
51659	41424
8482	28388
3443	27541
454	10792
661	2635
28200	17864
45862	53723
5592	20938
28376	4816
553	41590
5683	27395
32173	48047
13288	446733
20168	11210
32416	38912
10636	22260
45016	6078
17582	14102
6927	23918
29300	36399
13562	41967
22776	21958
279590	22474
40511	25368
53747	21550
18871	1193
51101	13967
25714	9859
45531	1360
44330	21969
56091	48782
88122	54507
2985	24995
54680	7491
21733	38620
4857	8071
52960	16587
3106	35128
22146	41548
20626	19679
10192	38266
52129	722
63	40383
7021	14167
15570	26449
29715	2362
8315	33828
30322	27667
17685	48180
51428	10651
67719	48015
46054	35123
2729	20029
44390	35903
29783	46201
11419	399
70742	36591
12253	15087
46869	44197
4163	10585
28347	35720
18146	48759
2279	40381
21293	172211
2885	26002
57	8802
20875	29083
11344	12685
11559	47249
30364	5445
15482	16703
14440	55309
14050	5201
8226	49956
2711	24310
3429	36429
23982	31891
45750	22850
11254	46588
31206	38836
34134	4203
35018	20389
6955	22890
33052	11286
45232	3631
20164	8522
16111	1394296
142712	51710
8925	5957
20989	799
23663	86
7888	35685
45186	25920
40077	13876
10344	8763
24848	2975
17884	31011
19734	26858
11220	12257
51927	11633
22611	31116
19974	418637
6727	20310
55788	9673
33335	56454
56761	31345
12280	46411
10407	2170
22264	48556
17647	14157
720	37114
146637	23023
47351	19840
375	769
39655	20653
16820	52325
44196	24039
23893	26759
13010	30807
46495	41524
35586	4489
13492	19112
21788	56699
4917	6345
47164	54667
40058	17847
11229	2766
56976	6834
42926	3880
22407	16779
8421	19324
16368	53599
30684	2288585
35913	29694
10405	18811
27816	46852
29827	2141
39174	1733
21697	13009
30039	317346
35675	282
35256	4688
28841	26056
41703	19863
43583	19762
37723	14278
37974	16742
7398	10853
15018	17940
4097	27840
7732	18901
5777	6277
8406	16592
16482	7538
3392	6231
1178	7603
147	11649
8752	6560
51362	26810
1381	37568
9024	9611
3749	7222
34605	18518
19956	25515
124	49246
26396	431
25870	23705
9654	8897
44941	3129
21315	23810
9443	14388
18521	45955
17688	11394
13341	24876
2118	19179
18144	11569
20564	70142
2238	22650
11921	42147
19392	38124
2950	51567
348430	1103052
8286	51089
54323	27731
7194	27826
13668	15754
54534	25463
50016	26309
24179	3434
23200	31925
4880	18265
39686	47129
20022	43178
21568	37882
7045	28747
37757	1629
31151	2645
12161	21579
43061	17919
371953	9024
3555	43595
26842	292
4418	26222
5436	51101
42635	5836
29590	42359
27778	24179
12366	13202
2472	22595
6722	56898
35567	1312208
8832	31205
16047	9077
16068	742
34022	1852
16415	35425
5346	891
5948	23217
32027	38301
5473	24998
31760	54435
12531	54247
16254	123
24031	5922
16839	13281
49463	1862
5080	13924
3133	47109
41236	33991
40141	46646
2062	1418
5385	47093
646	14106
3829	29493
23746	4257
6163	37007
10468	6788
29254	22523
46301	18321
34768	2749
52393	21303
38903	13103
31460	41983
4301	28006
25946	25258
18429	6452
11164	31475
30039	973
39912	2701
57364	48120
9898	14182
3811	27635
53252	48044
20788	26149
27315	51812
51386	40766
37896	28293
20579	41877
19912	32140
54015	47378
39132	5694
11013	43886
18910	8844
40333	3314
23309	12085
26829	6945
20472	11687
55284	15203
21771	1881
11650	1375
52273	25
2030	25163
11833	41169
3313	41626
46201	4002
2657951	788
18194	21456
24352	15877
512	9040
6021	57004
9665	26823
29693	103373
28804	51534
1862	4072
24334	14576
34986	9143
25781	31250
46329	46400
12002	11760
42791	33254
14079	80075
14796	11397
16435	22367
8815	4780
20616	8981
29414	26058
53246	21879
41857	3043
1383003	56837
21320	2535
41685	37571
52515	192
55082	20707
2978	11212
23459	5987
2323	11845
4403	30911
23072	38629
20305	7878
2382102	22468
20497	8078
12551	55924
23154	25412
23794	2046272
13370	2577336
51295	1794
46521	1853
15932	18511
22113	24017
32972	41728
20977	3966
44437	20520
27377	28892
3214	29900
6945	47193
1219	49864
19808	5993
14312	36687
18009	47514
19407	26816
779	11579
12267	6942
24702	18703
3746	46975
16622	5200
49953	22422
129506	36494
19093	24628
28684	1613178
26160	33036
34080	8327
16091	16602
7056	54179
2362	35324
56517	2665
1491425	38317
2370764	3099
30050	5636
51021	30364
12550	49485
50442	29007
44579	11484
24566	9111
33417	19010
30606	13557
7365	22256
49202	27179
26474	27860
4234	21811
4612	51338
3566	32322
21981	15148
3111	18152
4035	6950
34142	9883
12833	56717
112415	15906
25972	46489
390636	4422
9476	1796
21243	11577
11890	5746
2728	56135
25807	4814
14548	10792
38670	47429
11721	9900
18992	4239
1747	30280
8155	25406
6839	755
8207	2848
47145	46483
35043	44861
3936	31884
18440	36860
31900	32238
25550	53001
31990	38663
31389	23652
44574	29821
32538	4197
21962	31667
55948	43215
41640	20530
38900	5102
692	46806
23650	30300
4828	43350
3815	6777
1353085	27412
7851	16248
5959	46782
6511	53557
43841	4725
43626	16404
47378	16538
29876	45
21944	5830
25324	5504
8979	43006
18775	11580
43188	2871
48492	71994
623	14635
7047	39365
15792	26327
11388	5581
1058	2990
50542	7732
18859	4285
7099	8945
1931	44003
23896	41860
3694	36324
24666	38819
11963	1898
50404	19456
2109	52495
44952	14281
221933	44656
1618	34929
42891	17063
21709	619
4697	32115
53839	2166
22237	36529
29482	68336
32307	23436
28912	2199
18966	37602
5423	1911
52950	4966
65465	4749
38908	53970
743	18721
8825	42345
28553	446456
3394	4286
13700	13022
20762	20207
36175	7856
27425	3155
21979	75
45651	1053
38180	21668
82262	1063
10370	16534
6610	828
1193	37081
52256	21201
18846	7264
37179	15296
8797	18744
53777	36285
15173	52561
8509	24101
35264	11940
20494	823
33090	1432
23175	1114
55255	47036
14521	18664
3102	4869
31801	18049
31936	51621
23366	2750
30587	45123
40867	885027
7486	25327
13797	24489
5323	32571
24529	20875
37959	31003
53861	27975
28154	2836
23163	5264
9930	16723
31963	29008
1725	24482
26809	13337
33533	7866
6189	462
50312	33675
3565	9731
19693	12252
327	15477
2484	9703
13565	9903
3012	3645
36084	845
47344	23175
34067	16631
11826	24654
8709	34942
38702	37119
19838	4228
9619	3561
6035	36727
18191	275
55484	7215
12123	39543
6023	716
6930	25274
50011	47358
23583	364
1681	52494
20047	2959
36147	39648
2128	7557
3031	32632
48771	7311
2152	1627
35954	1748529
28858	37776
22618	366094
26579	188
9817	6932
12344	29574
5219	17949
9362	2798
10830	2640
42340	6897
21398	42226
37992	5101
4594	43688
47707	49461
22294	11946
8013	26051
21828	25191
9632	3374
49890	33090
18786	6068
12887	30725
36557	49549
1245	241536
6112	352728
30390	27705
616	5802
25267	11374
9942	9623
30461	7545
50873	1359937
39709	146
19884	40644
5004	8815
23714	54947
6958	50312
6320	29047
11433	30368
3045	19302
7224	11781
6682	4038
1389021	18591
2835	30525
43861	23316
21745	45336
53571	49077
18318	52986
16616	3055
48286	1572436
375262	48864
18779	53659
3248	25468
9290	202
44862	354
5103	2833
33977	13270
9425	16663
273	968
47360	42456
132162	3241
4500	48908
52161	23648
40330	21154
19343	189
5416	9188
17384	25319
55486	41690
39114	49360
4903	2915
422	757
7647	46565
8557	1943957
46739	2424
343291	34796
15273	12000
30025	4082
20555	41283
55162	20906
6280	29410
18565	78561
16685	17
2638	23969
21336	9470
7926	14529
44634	24520
33905	11981
45091	26155
985	376
47405	2066290
29407	25280
7383	14640
1670022	47960
33918	35600
42588	33272
2554	11355
2122	7875
22061	13469
49034	100
50715	13303
51616	50742
1280810	7787
32348	17847
21081	25442
389	23651
3406	450527
3540161	12981
1227	14530
17858	14009
46093	1834
21359	30492
27852	52513
19970	11449
40272	15401
12838	8054
16759	2592
57427	879
34063	32756
25449	26457
968	27029
33230	16359
2571124	24985
45481	28544
10116	33525
4193	20801
17854	4444
52057	53532
12094	19747
43380	20770
5658	12679
32671	16440
41974	19464
30729	45002
2796	12880
22913	5984
52443	7211
29860	2114
14032	7047
25833	37337
44449	680
2519	5419
18501	3632
10873	4827
11981	13675
13559	20927
31682	31722
5145	27615
12406	36745
47337	15181
21966	4020
28163	23118
55959	19165
32137	21027
10359	2768
51099	27219
29511	36281
15369	15453
17294	5757
48665	12318
19917	8792
6922	6349
22682	45732
15685	7671
5130	31444
16084	25188
55460	31063
26994	11181
2641	5379
202	55650
51181	4055
2143	4074
24681	1438
24895	19719
278	22700
54760	11661
6952	17123
26218	10104
22174	26718
37706	1740
45410	37019
2041708	18033
4478	54804
13185	826
25121	5895
1296	27925
54225	45433
26387	31750
41766	52092
49207	3161
41420	20819
34690	20326
4445	3973
449483	6406
4855	40040
38733	16417
40172	3531
25442	29250
8005	38721
28136	21229
14382	41085
15465	23008
14785	2541
43534	78
9617	50391
3457	2508
2199	21186
34440	42389
5039	32938
34281	5072
46145	10862
23408	35678
10552	26724
4915	140
55759	7778
32044	11256
10194	54470
7434	1456
45592	43370
24364	11702
50259	6415
39979	2148
1667	10708
10645	16292
37472	13226
50878	18146
7441	27688
24740	71
19165	39392
50018	13792
16239	36620
15000	3935
10461	10577
56751	22035
2625	1683
7545	16501
43490	3407
52138	24773
22445	13322
39951	24243
5606	1217
4943	11911
24068	20621
18424	9952
39110	44950
15366	23191
5692	21527
41809	384
18905	19871
15244	323748
16846	10972
41944	52682
51109	44645
38883	20789
47632	40875
5171	22807
31469	21433
30203	52201
18192	12182
26265	14275
11372	6946
30861	6335
54731	42659
48003	20028
32122	1931
26259	27198
16868	38104
9815	19717
38270	30996
24284	33110
1116922	4458
22277	53042
16877	23724
12981	18187
13060	11515
1835	29759
53229	22467
23275	5378
1281	35247
53471	525
4958	21368
21651	23220
4222	20067
47868	51061
10759	21353
40899	27913
3267	11471
47838	10676
19935	356145
35463	40907
52898	2275
25471	26331
39665	13140
29163	2945
16032	45614
18065	41871
49462	4110
6000	11208
730	3965
175	12784
19367	40125
40637	54184
4290	45233
23085	32478
14455	34539
40130	51363
35986	1103
26095	12635
27751	3034
51162	4666
32771	3203
4358	38482
50049	15225
47936	34224
3218	1965047
23584	481
2145	304
649	15425
18243	50476
20072	51019
54501	5076
12242	19082
49353	9345
22535	5042
22369	446328
50957	830
14830	28120
27803	4835
9361	17507
53042	19521
17621	48214
2399475	22039
51277	18077
45664	1281
20088	49390
53043	3821
18967	55800
42761	34227
31767	48492
8838	6449
32129	21974
40628	29880
37750	45230
16408	165305
30970	19583
39075	657
19036	25650
1408	19217
34487	14569
32183	25538
52954	45261
4388	1601
23597	2470
34009	55483
17020	47773
6833	4606
33630	45862
10493	2967
15703	17823
31699	25255
428486	1288
49294	2584
4444	12349
27516	53692
48230	40013
2719	9167
1344	32337
3543	25519
40508	14692
45381	18200
27096	3985
28875	21238
29642	35405
3656	4727
43379	7206
739	1596171
39396	42588
25556	11437
33675	4106
28771	1010
353790	28921
19871	42223
9535	48821
47545	15572
5304	9360
52202	26932
19501	395
54757	17491
47152	14744
27204	6591
669	2589
2277	11707
30883	46495
27493	26677
18722	19087
315	17083
17783	33604
2587612	2599
22419	19784
27703	27204
2822	50542
55871	36979
12969	6783
23208	30725
39469	23350
56832	51998
31791	30317
1611	2108
5978	52558
48402	449483
7519	33841
1053	3811
46637	4466
46106	3123
33991	7391
53587	7524
13930	46157
32958	3533
28585	43756
42024	4828
18745	24700
8080	26483
42820	27439
33188	470
18820	36455
49887	3300
3718	48970
17691	47733
33042	16562
18031	20816
7686	32188
39138	261
25079	3839
24693	45381
1584012	1941213
31770	17715
52738	39677
19713	2514
7742	31828
21888	2176
18331	30987
19470	34619
32115	15689
27857	28070
11198	46354
24097	2831
22213	26115
7423	30144
8169	48450
22186	15788
4547	17255
288	30333
16044	17258
11436	44497
41880	4997
11339	23532
9950	5113
5048	33837
8352	6902
41395	41827
47649	1575281
88252	10166
46250	18747
12218	10170
9572	2933
30568	48472
1236	54540
12231	302
47630	16034
15522	13664
34537	26980
12823	13257
13203	27294
35136	16149
314729	4510
1108	40963
32017	13633
27010	4734
162325	4222
24227	26240
24561	38249
3690	27376
47466	841
3609	9418
3099	13013
45838	44840
41060	37198
6819	14796
7160	40631
38595	5677
1553	2185
417292	29618
27907	1877
1103549	23903
35520	11234
3989	16509
53759	438025
35462	1876
6277	42024
36269	1352
10913	24500
40007	23896
27804	53547
12641	6358
15067	2025
5301	983
10241	5682
29975	27658
6232	43380
5717	51886
32197	28536
9382	48068
26111	7178
6744	46669
10785	4186
4389	50390
8722	48892
51233	999
9050	40785
27739	15415
24923	44639
235442	2173
40537	2820
21579	4337
3334	2471
48307	41976
1975282	19409
7332	7034
17368	37863
22029	28768
18655	13183
43665	1600
25299	36944
624	11439
20068	7376
17709	37507
14934	55082
28278	371
7147	4867
20504	30610
8085	24126
3911	28298
53517	11619
27521	1150
25021	2889
28757	53587
149341	45509
24199	11529
400730	2111811
12854	24835
24632	16258
2090742	28248
20003	13100
6371	55675
4123	1414
36228	35917
3702	42111
3175	38106
18091	12041
35978	26825
51162	13531
56022	5186
4870	40707
23998	41749
15447	1506
1616	5473
36706	3226
2027	34568
18017	28162
13493	40284
43463	4140
13817	15809
1477	13676
25275	13359
26472	56976
30759	36710
36320	500
1418	34208
36695	52109
361	22680
43513	9825
26010	54426
45207	12091
24445	35309
1228206	29600
483	2654
8505	582
32514	939
2166	28717
43997	49852
55234	16668
19219	18051
24892	19513
48417	42140
140	21746
16562	255
2427	10170
55700	56050
23235	12066
33434	1532
319	14860
49786	6276
305	13930
25768	2596
2351099	46233
13787	1216
29493	8655
24610	700
14068	1516
4834	1284
24283	17556
43671	8513
1737192	14768
25749	13138
12652	2260
6897	7437
31197	54410
1967	21760
13932	46520
48536	51890
39461	648
18837	2187
195	26746
46449	37630
15689	1302167
16419	5351
42690	47971
200	2138
29895	2892
21879	40220
6536	13841
9414	1605
3089	32161
32641	13552
29854	8571
35344	1244
2548	22628
2285	4950
9794	9886
2767	22904
42632	53797
9589	41642
25270	46715
804	3848
50843	3747
8897	3535708
12860	47121
24835	17824
20007	28843
15152	57006
47957	4687
45139	34065
41662	32015
13480	79
2612	7507
53444	37555
3590	324
8479	42754
39968	17234
959	1865
15274	27171
27349	44636
24257	16431
335036	28722
44260	895
11354	9629
12560	19898
20218	38255
21655	9217
23300	21352
16718	10875
22719	184
11484	132162
48759	14416
33152	17958
41749	2134
12470	16172
12449	231
42484	8741
49299	39174
25637	6583
8026	23012
13430	27754
42911	635
18233	33185
32032	9572
11915	44243
9102	3332
3250	18475
42667	46425
36388	620435
42580	11148
42690	13899
22465	26037
11019	14064
27835	10369
53402	48181
8215	12564
16822	41619
35339	437435
47440	37940
12040	9450
47212	8155
47831	54042
25487	4839
22326	38391
23952	20446
15710	30913
10558	4230
24269	17510
8862	21059
6783	18179
12277	15613
4646	36228
22916	1524
12297	55362
30610	21387
43066	32153
13	22437
26233	55717
30532	55661
2596	53529
31140	6916
4107	24036
441556	13748
49836	7012
49240	41795
17637	6760
6386	28841
28722	8027
9833	23585
15177	45518
40372	25007
29445	21832
461880	41497
6795	26396
44726	34799
4570	50156
1547	21325
1385388	20825
164	19948
35935	51540
13658	19290
906	5185
43102	54101
56995	23003
13002	13399
39589	5405
35268	21623
47214	42769
28717	982
8715	53771
23902	33093
6288	15974
2942	24220
46866	21677
35355	56166
54762	51972
459159	36784
20820	5274
27948	42010
15992	863
2797	349836
42135	38212
17276	1428
24200	2147
48916	34838
21244	9328
53107	16526
4068	2827
47535	25216
43649	55794
2338	41389
11457	26066
37568	2191
1155998	11372
5102	2048091
14640	19621
10077	16977
47755	2663
53685	30581
47093	26071
2937	39511
25463	20754
22064	30586
47866	6304
1368	142
19472	3135
2347826	10700
4433	24184
16960	11575
345402	8457
417	22164
55163	35116
32337	5789
28281	1396
18359	24694
31157	33791
446303	29814
54090	2168
40810	23822
40631	15985
56083	20247
3447	10307
6851	31145
40514	5030
1578	27555
18475	3196
55990	14257
3751	12346
6106	2658202
34360	2460
36026	3776
18482	52148
52843	5795
1976	2140
43712	26218
53960	8482
43164	4244
10431	16971
4653	4525
30119	9498
6078	26121
48167	3777
36585	1115
17064	1459442
451969	27520
1165587	13431
35254	18372
45402	7021
46607	9466
17617	8220
556	1296
46815	53552
1691	15100
41347	34142
32254	34462
45659	15429
22902	1837197
39033	2510
16191	11540
5070	2536
30469	3396
1299	16632
20716	2887
54108	15498
26074	48495
296	5284
24083	1830329
4786	6773
22012	23899
17860	43506
16777	16622
1154	3458
49608	2197
2057	1003
4166	9594
47274	5291
3110	33554
39353	3074
988	54591
39339	10808
39663	17372
10102	41089
53712	16220
27906	8435
23356	40225
303	695
36753	16882
493	42793
2533	4790
5548	50442
3037	53564
20993	14742
35560	267
2169	1801
8427	5262
9176	35559
23795	23106
26948	48484
1825034	13208
45648	10589
829	6007
21380	30664
20651	31065
6101	25305
27202	22946
6846	18950
33811	27024
12875	36406
2760	28917
10956	1248
8880	20244
47908	1348
24108	7050
49135	19074
12049	24232
13905	7818
15071	30618
7671	229
16193	25163
24129	19832
37759	337
5415	36804
709	1319
27563	54648
4203	2454
40254	359
25981	42439
9608	3915
7919	48036
16359	25731
24811	20211
25961	47645
46565	3877
7426	182590
15241	17053
31345	11770
32908	18774
10427	55104
49730	49363
8368	9652
50463	21254
2646	14177
3709	44123
27818	19419
10989	24898
1046	238
57137	28914
15318	4900
21539	36305
18068	11542
4804	33417
15572	2512
3059	12551
42933	34589
30491	52587
6254	40508
45855	1551
42754	36316
12462	26500
29343	30626
8014	43277
39123	3366
8061	28294
40780	11890
29003	58961
17518	48595
3603	43076
20962	3945
54567	24875
53732	54170
18307	45447
54182	154560
6506	1096640
1303	6414
28888	7156
26444	24092
13760	34587
17992	2034
23818	35508
28871	23855
3253	18627
39281	14981
5547	14130
45260	17305
43802	5991
33833	39447
350	25491
905	47203
18860	453046
26534	2363
48044	22459
38001	2249
36816	11167
46947	11917
8900	22436
23999	17060
12603	29487
20311	4547
19031	32805
1150244	6592
41	207
32133	6833
242	35121
20745	25466
49566	43927
28053	37064
4668	31038
1200558	1781
1858	1907
28333	28582
5189	34161
19916	1436792
17732	16954
1826	44715
48011	3171
18603	25465
24757	2907
49742	14732
422277	16045
11801	2819
1800	39614
26759	19184
24731	33836
38623	38792
50383	5115
20476	46343
20364	29093
50019	43620
44606	18411
7828	22055
445049	4265
37977	24364
262613	23235
42226	35598
8123	2421
33752	23911
15065	2786
6309	4541
47527	23117
27787	17980
1084	28309
21463	3798
14787	2236
15453	3122
335648	14183
50129	30203
4511	50031
26819	10740
16186	46473
33172	13832
49801	3745
20620	36112
4998	18744
13790	49280
4930	451867
49908	55547
28565	9436
