2212	Q3UN58,P97477,Q61510,Q3UFB7,Q80V62,P70372,P12023,Q61080	D4AAA5,Q3MHU2,D4A9N5,P35739,A0A0G2K5U0,B5DF91,P08592,M0R8R8
7334	Q9DB43,Q3UFB7,P12023,Q61510,P05627,P70372,Q80V62,Q9WV55	M0RCA3,P35739,P08592,D4A9N5,P17325,B5DF91,A0A0G2K5U0,Q9Z270
7922	P12023,P97770,Q80V62,P70372,Q6P5B5,Q3UFB7,P05627,P62259	P08592,D3ZSV7,A0A0G2K5U0,B5DF91,B1H2A6,P35739,P17325,P62260
4090	P12023,Q3UFB7,P35456,P48754,Q9JMI7,Q80V62,P70372,P62259	P08592,P35739,M0R3P2,G3V8S5,G3V8N9,A0A0G2K5U0,B5DF91,P62260
4090	P12023,Q3UFB7,Q8VIG3,P39429,Q8C5T4,P70372,Q80V62,P62259	P08592,P35739,A0A0G2K8M2,B5DFH7,M0R7B3,B5DF91,A0A0G2K5U0,P62260
2789	Q3UFB7,P39429,Q8VIG3,P12023,Q61510,Q8C5T4,Q80V62,P70372	P35739,B5DFH7,A0A0G2K8M2,P08592,D4A9N5,M0R7B3,A0A0G2K5U0,B5DF91
1719	Q8K1A0,Q6P5B5,P12023,Q80V62,P70372,Q61510,Q3UFB7,P97770	B0BNB3,B1H2A6,P08592,A0A0G2K5U0,B5DF91,D4A9N5,P35739,D3ZSV7
6254	P12023,E9QK16,Q3UFB7,Q80V62,P70372,P59941,Q61510,P01108	P08592,M0R740,P35739,A0A0G2K5U0,B5DF91,Q4FZY2,D4A9N5,P09416
6254	P12023,E9QK16,Q3UFB7,Q80V62,P70372,P59941,Q61510,P01108	P08592,F1LMF4,P35739,A0A0G2K5U0,B5DF91,Q4FZY2,D4A9N5,P09416
6254	P12023,Q3U309,Q3UFB7,Q80V62,P70372,A2AH22,Q61510,P01108	P08592,A0A0G2JXZ4,P35739,A0A0G2K5U0,B5DF91,F1LNQ2,D4A9N5,P09416
6254	P12023,Q925H1,Q3UFB7,Q80V62,P70372,Q9QZS2,Q61510,P01108	P08592,D3Z9R9,P35739,A0A0G2K5U0,B5DF91,O88846,D4A9N5,P09416
6254	P12023,Q3U3I9,Q3UFB7,Q80V62,P70372,P59941,Q61510,P01108	P08592,M0R740,P35739,A0A0G2K5U0,B5DF91,Q4FZY2,D4A9N5,P09416
6254	P12023,Q3U3I9,Q3UFB7,Q80V62,P70372,P59941,Q61510,P01108	P08592,F1LMF4,P35739,A0A0G2K5U0,B5DF91,Q4FZY2,D4A9N5,P09416
6254	P12023,Q810A1,Q3UFB7,Q80V62,P70372,Q62447,Q61510,P01108	P08592,Q642B9,P35739,A0A0G2K5U0,B5DF91,G3V738,D4A9N5,P09416
6254	P12023,A2RTU1,Q3UFB7,Q80V62,P70372,Q9QZS2,Q61510,P01108	P08592,D3Z9R9,P35739,A0A0G2K5U0,B5DF91,O88846,D4A9N5,P09416
6254	P12023,F7BWJ7,Q3UFB7,Q80V62,P70372,A2AH22,Q61510,P01108	P08592,A0A0G2JXZ4,P35739,A0A0G2K5U0,B5DF91,F1LNQ2,D4A9N5,P09416
9053	E9PUB7,Q80V62,P12023,Q61510,P70372,P62259,B2RWS6,Q3UFB7	D3ZMW3,A0A0G2K5U0,P08592,P17325,B5DF91,P62260,A0A0G2QC09,P35739
9053	E9PUB7,Q80V62,P12023,P05627,P70372,P62259,B2RWS6,Q3UFB7	D3ZMW3,A0A0G2K5U0,P08592,P17325,B5DF91,P62260,A0A0G2QC09,P35739
9053	Q8C0M0,Q80V62,P12023,P05627,P70372,P62259,B2RWS6,Q3UFB7	D3ZGZ9,A0A0G2K5U0,P08592,P17325,B5DF91,P62260,A0A0G2QC09,P35739
9053	D3YX87,Q80V62,P12023,Q61510,P70372,P62259,B2RWS6,Q3UFB7	D3ZMW3,A0A0G2K5U0,P08592,P17325,B5DF91,P62260,A0A0G2QC09,P35739
9053	D3YX87,Q80V62,P12023,P05627,P70372,P62259,B2RWS6,Q3UFB7	D3ZMW3,A0A0G2K5U0,P08592,P17325,B5DF91,P62260,A0A0G2QC09,P35739
6634	P12023,G3X9H5,Q3UFB7,P70372,Q80V62,F7C846,Q61510,Q01279	P08592,G3V9P7,P35739,B5DF91,A0A0G2K5U0,A0A0G2JU49,D4A9N5,G3V6K6
6634	Q9JMB7,P12023,Q3UFB7,Q80V62,P70372,Q61510,P61407,Q9JLV5	A0A140TA97,P08592,P35739,A0A0G2K5U0,B5DF91,D4A9N5,D3Z9I3,A0A0G2JSP3
2168	A0A1L1SU27,P12023,P26450,P70372,Q80V62,Q3UFB7,P62259,G3UYL9	D3ZQ60,P08592,F1LNG5,B5DF91,A0A0G2K5U0,P35739,P62260,G3V7D9
2168	P35375,P12023,P26450,P70372,Q80V62,Q3UFB7,P62259,G3UYL9	P70597,P08592,F1LNG5,B5DF91,A0A0G2K5U0,P35739,P62260,G3V7D9
10063	Q91W63,P05627,Q80V62,Q3UFB7,P70372,P62259,P12023,Q3UKC1	Q6AY91,P17325,A0A0G2K5U0,P35739,B5DF91,P62260,P08592,Q66HA4
6675	Q80V62,P97770,P12023,Q61510,P05627,Q6P5B5,P70372,Q3UFB7	A0A0G2K5U0,D3ZSV7,P08592,D4A9N5,P17325,B1H2A6,B5DF91,P35739
6675	Q80V62,Q3TMU8,P12023,P05627,Q61510,Q7TMB8,P70372,Q3UFB7	A0A0G2K5U0,F1LNT0,P08592,P17325,D4A9N5,D4A8H8,B5DF91,P35739
6675	Q3UFB7,Q6ZQJ5,P12023,Q61510,P05627,Q99JX7,P70372,Q80V62	P35739,A0A0H2UH92,P08592,D4A9N5,P17325,F1MA52,B5DF91,A0A0G2K5U0
6675	Q80V62,Q8CI75,P12023,Q61510,P05627,Q04207,P70372,Q3UFB7	A0A0G2K5U0,D3ZIL9,P08592,D4A9N5,P17325,Q7TQN4,B5DF91,P35739
6675	Q3UFB7,Q64131,P12023,Q61510,P05627,O09106,P70372,Q80V62	P35739,A0A0G2K9V0,P08592,D4A9N5,P17325,Q4QQW4,B5DF91,A0A0G2K5U0
8959	E9Q0J2,Q80V62,P12023,P05627,P70372,P62259,P05480,Q3UFB7	A0A0G2K0K8,A0A0G2K5U0,P08592,P17325,B5DF91,P62260,Q9WUD9,P35739
8959	Q61878,Q3UFB7,P12023,P05627,P70372,P62259,P31750,Q80V62	G3V729,P35739,P08592,P17325,B5DF91,P62260,P47196,A0A0G2K5U0
7205	Q3UFB7,O35375,P05627,P12023,Q61510,Q62312,P70372,Q80V62	P35739,O35276,P17325,P08592,D4A9N5,P38438,B5DF91,A0A0G2K5U0
7205	Q3UFB7,Q61080,Q61510,P12023,P05627,P97477,P70372,Q80V62	P35739,M0R8R8,D4A9N5,P08592,P17325,Q3MHU2,B5DF91,A0A0G2K5U0
7205	Q3UFB7,A2ABU4,Q61510,P12023,P05627,Q8VHG2,P70372,Q80V62	P35739,D4A228,D4A9N5,P08592,P17325,A0A0G2JX94,B5DF91,A0A0G2K5U0
10066	P01193,P05627,Q3UFB7,Q80V62,P70372,P62259,P12023,P29788	Q8K422,P17325,P35739,A0A0G2K5U0,B5DF91,P62260,P08592,Q3KR94
10066	Q3UC65,P05627,Q80V62,Q3UFB7,P70372,P62259,P12023,Q9CZN7	Q5U2S0,P17325,A0A0G2K5U0,P35739,B5DF91,P62260,P08592,Q5U3Z7
10066	Q9JJV5,Q61510,Q80V62,Q3UFB7,P70372,P62259,P12023,Q07832	Q8VHX0,P17325,A0A0G2K5U0,P35739,B5DF91,P62260,P08592,A0A140TAD2
10066	Q9JJV5,P05627,Q80V62,Q3UFB7,P70372,P62259,P12023,Q07832	Q8VHX0,P17325,A0A0G2K5U0,P35739,B5DF91,P62260,P08592,A0A140TAD2
7920	P01193,Q3UFB7,Q61510,P05627,Q80V62,P70372,P29788,P12023	Q8K422,P35739,D4A9N5,P17325,A0A0G2K5U0,B5DF91,Q3KR94,P08592
7920	P63056,Q3UFB7,P05627,Q61510,Q80V62,P70372,Q9WUD1,P12023	P63057,P35739,P17325,D4A9N5,A0A0G2K5U0,B5DF91,D4A4T0,P08592
7920	Q3UC65,Q80V62,Q61510,P05627,Q3UFB7,P70372,Q9CZN7,P12023	Q5U2S0,A0A0G2K5U0,D4A9N5,P17325,P35739,B5DF91,Q5U3Z7,P08592
7920	Q8R1G1,Q80V62,P05627,Q61510,Q3UFB7,P70372,Q60676,P12023	Q0VGK5,A0A0G2K5U0,P17325,D4A9N5,P35739,B5DF91,P53042,P08592
8958	O88947,Q3UFB7,P12023,P05627,P70372,P62259,Q9R078,Q80V62	A0A0H2UHR6,P35739,P08592,P17325,B5DF91,P62260,P80386,A0A0G2K5U0
8958	Q3V1U8,Q3UFB7,P12023,Q61510,P70372,P62259,Q8C253,Q80V62	D3ZDJ3,P35739,P08592,P17325,B5DF91,P62260,P08699,A0A0G2K5U0
8958	Q3V1U8,Q3UFB7,P12023,P05627,P70372,P62259,Q8C253,Q80V62	D3ZDJ3,P35739,P08592,P17325,B5DF91,P62260,P08699,A0A0G2K5U0
4069	Q5F289,Q3UFB7,Q61510,P31750,P12023,Q80V62,P70372,Q61878	D3ZZ79,P35739,D4A9N5,P47196,P08592,A0A0G2K5U0,B5DF91,G3V729
6326	A2BGN7,Q80V62,P05627,P12023,Q61510,Q3UFB7,Q8R317,P70372	Q5BJY8,A0A0G2K5U0,P17325,P08592,D4A9N5,P35739,A0A140TAI1,B5DF91
6326	Q9DBJ6,Q3UFB7,P05627,P12023,Q61510,Q80V62,Q9WUD1,P70372	Q5BJY4,P35739,P17325,P08592,D4A9N5,A0A0G2K5U0,D4A4T0,B5DF91
6326	Q3TPJ7,Q80V62,Q61510,P12023,P05627,Q3UFB7,O35226,P70372	D4AE48,A0A0G2K5U0,D4A9N5,P08592,P17325,P35739,O88321,B5DF91
6965	Q8R1F9,P12023,Q80V62,Q3UFB7,P70372,P05627,Q62376,P62259	Q5BK64,P08592,A0A0G2K5U0,P35739,B5DF91,P17325,B2RZ74,P62260
6965	Q8R464,P12023,Q80V62,Q3UFB7,P70372,P05627,Q9CZN7,P62259	F1M7V6,P08592,A0A0G2K5U0,P35739,B5DF91,P17325,Q5U3Z7,P62260
2739	Q9CQQ0,Q61510,P60521,Q80V62,Q3UFB7,P12023,P70372,Q8BIV3	G3V8Z7,D4A9N5,P60522,A0A0G2K5U0,P35739,P08592,B5DF91,D4A634
2224	P12023,O08537,P48754,Q3UFB7,P70372,Q80V62,Q8BJD1,Q61510	P08592,Q59IV8,G3V8S5,P35739,B5DF91,A0A0G2K5U0,M0RAR2,D4A9N5
1666	P12023,Q9JHG1,Q3UFB7,P39428,P02340,P70372,Q64323,P62259	P08592,B2GUT8,P35739,M0R5V5,P10361,B5DF91,D4AAY7,P62260
1666	P12023,Q5M9N4,Q3UFB7,P39428,P02340,P70372,Q64323,P62259	P08592,B2GUT8,P35739,M0R5V5,P10361,B5DF91,D4AAY7,P62260
1666	P12023,Q5M9N4,Q3UFB7,P39428,P02340,P70372,Q64323,P62259	P08592,D4A0Z0,P35739,M0R5V5,P10361,B5DF91,D4AAY7,P62260
1666	P12023,Q9D1C3,Q3UFB7,P39428,P02340,P70372,Q64323,P62259	P08592,Q5U1Z8,P35739,M0R5V5,P10361,B5DF91,D4AAY7,P62260
1666	P12023,Q8JZL2,Q3UFB7,Q62158,P02340,P70372,Q9CQG3,P62259	P08592,P97639,P35739,B5DFI5,P10361,B5DF91,Q7TSV3,P62260
6862	Q5SSH7,P12023,Q3UFB7,Q80V62,P70372,Q61510,Q80WM7,P01108	D3ZG78,P08592,P35739,A0A0G2K5U0,B5DF91,D4A9N5,D4AB49,P09416
6862	P68500,P12023,Q3UFB7,Q80V62,P70372,Q61510,A0A0R4IZZ1,P01108	F1M173,P08592,P35739,A0A0G2K5U0,B5DF91,D4A9N5,F1LRS5,P09416
9089	Q4ZJM9,P12023,Q3UFB7,P70372,Q61510,P62259,Q80V62,P05480	D3ZMN4,P08592,P35739,B5DF91,P17325,P62260,A0A0G2K5U0,Q9WUD9
9089	Q4ZJM9,P12023,Q3UFB7,P70372,P05627,P62259,Q80V62,P05480	D3ZMN4,P08592,P35739,B5DF91,P17325,P62260,A0A0G2K5U0,Q9WUD9
9089	O88673,P12023,Q3UFB7,P70372,Q61510,P62259,Q80V62,P05480	P51556,P08592,P35739,B5DF91,P17325,P62260,A0A0G2K5U0,Q9WUD9
9089	O88673,P12023,Q3UFB7,P70372,P05627,P62259,Q80V62,P05480	P51556,P08592,P35739,B5DF91,P17325,P62260,A0A0G2K5U0,Q9WUD9
9089	D3YXF5,P12023,Q80V62,P70372,P05627,P62259,Q3UFB7,Q06890	A0A0G2K7X7,P08592,A0A0G2K5U0,B5DF91,P17325,P62260,P35739,G3V836
7925	Q9CZ69,P12023,Q80V62,Q3UFB7,Q61510,P62259,A0A0R4J187,P70372	Q7TNZ9,P08592,A0A0G2K5U0,P35739,P17325,P62260,Q6AZ64,B5DF91
7925	Q9CZ69,P12023,Q80V62,Q3UFB7,P05627,P62259,A0A0R4J187,P70372	Q7TNZ9,P08592,A0A0G2K5U0,P35739,P17325,P62260,Q6AZ64,B5DF91
4071	Q8VEI3,Q80V62,Q61510,P05480,P12023,Q3UFB7,P70372,P97318	A0A0G2JSP4,A0A0G2K5U0,D4A9N5,Q9WUD9,P08592,P35739,B5DF91,Q8CJH2
4071	Q9JM51,Q80V62,Q61510,P05480,P12023,Q3UFB7,P70372,Q62053	Q9JHF3,A0A0G2K5U0,D4A9N5,Q9WUD9,P08592,P35739,B5DF91,Q62928
4071	Q9JKV9,Q3UFB7,Q61510,Q06890,P12023,Q80V62,P70372,E9Q9A6	D3ZFI7,P35739,D4A9N5,G3V836,P08592,A0A0G2K5U0,B5DF91,B8K1X9
4071	Q9JKV9,Q3UFB7,Q61510,Q06890,P12023,Q80V62,P70372,E9Q9A6	D4A2T8,P35739,D4A9N5,G3V836,P08592,A0A0G2K5U0,B5DF91,B8K1X9
4071	Q8CJ70,Q3UFB7,Q61510,Q06890,P12023,Q80V62,P70372,E9Q9A6	D3ZFI7,P35739,D4A9N5,G3V836,P08592,A0A0G2K5U0,B5DF91,B8K1X9
4071	Q8CJ70,Q3UFB7,Q61510,Q06890,P12023,Q80V62,P70372,E9Q9A6	D4A2T8,P35739,D4A9N5,G3V836,P08592,A0A0G2K5U0,B5DF91,B8K1X9
1734	D3YYZ1,Q9WVB0,P12023,Q3UFB7,P70372,Q61510,Q80V62,Q3UZZ4	D4A460,F1M9Y9,P08592,P35739,B5DF91,D4A9N5,A0A0G2K5U0,D3ZMI6
1722	Q921D9,Q99JX7,P12023,Q3UFB7,P70372,Q61510,Q80V62,Q8BMU0	A0A0G2JTY1,F1MA52,P08592,P35739,B5DF91,D4A9N5,A0A0G2K5U0,F1LNL6
1722	Q91WA9,Q04207,P12023,Q80V62,P70372,Q61510,Q3UFB7,Q64343	D3ZCM3,Q7TQN4,P08592,A0A0G2K5U0,B5DF91,D4A9N5,P35739,G3V642
1722	Q8JZM6,Q99JX7,P12023,Q3UFB7,P70372,Q61510,Q80V62,Q793I8	Q5BK67,F1MA52,P08592,P35739,B5DF91,D4A9N5,A0A0G2K5U0,Q5XIB9
2201	P12023,Q8BHA9,P48754,Q3UFB7,P70372,Q80V62,P97370,Q61510	P08592,Q66H78,G3V8S5,P35739,B5DF91,A0A0G2K5U0,Q63377,D4A9N5
2201	P12023,Q61826,P48754,Q3UFB7,P70372,Q80V62,A2A5R2,Q61510	P08592,O70540,G3V8S5,P35739,B5DF91,A0A0G2K5U0,Q7TSU1,D4A9N5
2201	P12023,B7ZCC9,P48754,Q3UFB7,P70372,Q80V62,Q9D3R3,Q61510	P08592,A0A0G2JXP6,G3V8S5,P35739,B5DF91,A0A0G2K5U0,D3ZVQ1,D4A9N5
4068	Q9DBP0,Q3UFB7,Q61510,P31750,P12023,Q80V62,P70372,P15920	A0A0H2UHZ0,P35739,D4A9N5,P47196,P08592,A0A0G2K5U0,B5DF91,Q3B7D3
4068	P12023,Q3UFB7,P35456,P48754,Q9JMI7,Q80V62,P70372,Q61510	P08592,P35739,M0R3P2,G3V8S5,G3V8N9,A0A0G2K5U0,B5DF91,D4A9N5
6274	P12023,O54864,Q3UFB7,Q80V62,P70372,Q9Z1D8,Q61510,P01108	P08592,G3V6S6,P35739,A0A0G2K5U0,B5DF91,A0A0G2K008,D4A9N5,P09416
6413	Q8R2G4,Q3UFB7,P12023,Q61510,P01108,Q80V62,P70372,A2ANY6	Q6AYJ9,P35739,P08592,D4A9N5,P09416,A0A0G2K5U0,B5DF91,A0A0G2K9L9
6635	P12023,P32443,Q80V62,P70372,Q3UFB7,P20181,Q61510,P70196	P08592,G3V6T9,A0A0G2K5U0,B5DF91,P35739,P18280,D4A9N5,B5DF45
1325	Q3UFB7,P02340,O35679,Q61510,P12023,Q3TD49,P49769,P70372	P35739,P10361,E9PU35,D4A9N5,P08592,Q5PQL3,P97887,B5DF91
1325	Q3UFB7,P02340,Q8K249,Q61510,P12023,Q3TD49,P49769,P70372	P35739,P10361,E9PU35,D4A9N5,P08592,Q5PQL3,P97887,B5DF91
1325	Q3UFB7,P02340,Q8K249,Q61510,P12023,Q3TD49,P49769,P70372	P35739,P10361,D0V9T4,D4A9N5,P08592,Q5PQL3,P97887,B5DF91
6911	Q9ES74,P12023,Q80V62,Q3UFB7,P70372,P05627,Q61510,Q07832	D3ZBE5,P08592,A0A0G2K5U0,P35739,B5DF91,P17325,D4A9N5,A0A140TAD2
6909	A2ACG1,P12023,Q80V62,Q3UFB7,P70372,P05627,Q61510,Q60676	D3ZQ38,P08592,A0A0G2K5U0,P35739,B5DF91,P17325,D4A9N5,P53042
4191	Q3UFB7,Q61510,Q6Y4S4,Q6PGH1,Q9R0S2,P05627,P12023,P70372	P35739,D4A9N5,Q7TSB7,O70454,A0A0G2KA10,P17325,P08592,B5DF91
4082	Q3UFB7,Q61510,P19091,O08674,O55144,P12023,P05627,P70372	P35739,D4A9N5,A0A0G2JSI8,D4AEG0,G3V6M6,P08592,P17325,B5DF91
6910	Q8VCR3,P12023,Q80V62,Q3UFB7,P70372,P05627,Q61510,O35226	D4A7K0,P08592,A0A0G2K5U0,P35739,B5DF91,P17325,D4A9N5,O88321
3725	P12023,G5E872,Q80V62,Q9WTX6,Q3UFB7,P70372,Q8VEJ3,Q61510	P08592,M0RA44,A0A0G2K5U0,B1WBY1,P35739,B5DF91,D4ADQ6,D4A9N5
6273	P12023,P42866,Q80V62,Q3UFB7,P70372,Q9QYK5,Q61510,O35864	P08592,P33535,A0A0G2K5U0,P35739,B5DF91,D4A6E6,D4A9N5,F7EUU4
6430	P12023,Q8R5A3,Q80V62,Q3UFB7,P70372,Q80TN5,A0A0B4J1E2,P62259	P08592,D3ZDZ1,A0A0G2K5U0,P35739,B5DF91,E9PTT0,D4A8G7,P62260
602	Q61510,Q64387,Q91YI4,Q80V62,Q5U4C1,Q3UFB7,P35377,P62259	P08592,Q62923,P29067,B5DF91,M0R9R0,P35739,P35370,P62260
602	P12023,Q64387,Q91YI4,Q80V62,Q5U4C1,Q3UFB7,P35377,P62259	P08592,Q62923,P29067,B5DF91,M0R9R0,P35739,P35370,P62260
4234	P12023,P70390,Q80V62,A0A0B4J1E2,Q3UFB7,Q80TN5,P70372,P62259	P08592,G3V7M9,A0A0G2K5U0,D4A8G7,P35739,E9PTT0,B5DF91,P62260
6317	P12023,Q1RNF8,Q3UFB7,Q80V62,P70372,P59941,P01108,Q61510	P08592,D3ZMX5,P35739,A0A0G2K5U0,B5DF91,Q4FZY2,P09416,D4A9N5
1782	A0A087WSB9,Q3UNH6,Q3UFB7,P12023,Q61510,P70372,P05627,Q9D8T0	F1LVJ1,A0A0G2K331,P35739,P08592,D4A9N5,B5DF91,P17325,B5DFJ2
2661	P12023,Q62158,P70372,P56942,Q8JZL2,P02340,Q9CQG3,P62259	P08592,B5DFI5,B5DF91,G3V6L0,P97639,P10361,Q7TSV3,P62260
2661	Q61510,P26450,Q80V62,P32082,Q9EQX0,Q3UFB7,G3UYL9,P70372	D4A9N5,F1LNG5,A0A0G2K5U0,Q02644,Q9QYH7,P35739,G3V7D9,B5DF91
2661	Q61510,P26450,Q80V62,Q99P50,Q9EQX0,Q3UFB7,G3UYL9,P70372	D4A9N5,F1LNG5,A0A0G2K5U0,O08725,Q9QYH7,P35739,G3V7D9,B5DF91
4314	Q80V62,D3YXF5,Q61510,Q6ZPL9,P12023,Q60754,P70372,Q3UFB7	A0A0G2K5U0,A0A0G2K7X7,D4A9N5,D3ZX56,P08592,M0R9F7,B5DF91,P35739
4357	Q61510,Q9QZ26,Q80V62,P05480,Q3UFB7,Q03717,P70372,P12023	D4A9N5,A5HKJ1,A0A0G2K5U0,Q9WUD9,P35739,A0A0H2UI34,B5DF91,P08592
4357	Q61510,Q8BHG3,Q3UFB7,P07724,Q80V62,Q9EQS9,P70372,P12023	D4A9N5,D3Z9E9,P35739,A0A0G2JSH5,A0A0G2K5U0,F7EL93,B5DF91,P08592
2244	P12023,Q6K1E7,P48754,Q3UFB7,P70372,Q80V62,Q80WJ1,Q61510	P08592,Q5J2D6,G3V8S5,P35739,B5DF91,A0A0G2K5U0,Q66HC8,D4A9N5
