8206	P12023,Q3UMT1,Q80V62,P70372,P62137,Q61510,P62259,P05627	P08592,A0A0G2K4R1,A0A0G2K5U0,B5DF91,P62138,D4A9N5,P62260,P17325
8206	P12023,A0A0N4SUW5,Q3UFB7,P70372,P48754,Q61510,P62259,P05627	P08592,D3ZBH0,P35739,B5DF91,G3V8S5,D4A9N5,P62260,P17325
8206	P12023,Q3V096,Q80V62,P70372,P62137,Q61510,P62259,P05627	P08592,D3ZA25,A0A0G2K5U0,B5DF91,P62138,D4A9N5,P62260,P17325
8698	Q3UMT1,Q3UFB7,P12023,Q61510,P70372,P62259,P05627,P62137	A0A0G2K4R1,P35739,P08592,D4A9N5,B5DF91,P62260,P17325,P62138
8698	Q9EPW4,Q3UFB7,P12023,Q61510,P70372,P62259,P05627,Q8R5L1	D4A0E3,P35739,P08592,D4A9N5,B5DF91,P62260,P17325,O35796
8698	Q9EPW4,Q80V62,P12023,Q61510,P70372,P62259,P05627,Q8R5L1	D4A0E3,P35739,P08592,D4A9N5,B5DF91,P62260,P17325,O35796
8698	Q3V096,Q3UFB7,P12023,Q61510,P70372,P62259,P05627,P62137	D3ZA25,P35739,P08592,D4A9N5,B5DF91,P62260,P17325,P62138
7577	Q3UMT1,Q61510,Q80V62,Q3UFB7,P62259,P70372,P05627,P62137	A0A0G2K4R1,D4A9N5,A0A0G2K5U0,P35739,P62260,B5DF91,P17325,P62138
7577	Q3V096,Q61510,Q80V62,Q3UFB7,P62259,P70372,P05627,P62137	D3ZA25,D4A9N5,A0A0G2K5U0,P35739,P62260,B5DF91,P17325,P62138
9086	A2ANY6,Q61510,Q3UFB7,P62259,P05627,P70372,Q80V62,P01108	A0A0G2K9L9,D4A9N5,P35739,P62260,P17325,B5DF91,A0A0G2K5U0,P09416
9086	A2ANY6,P12023,Q3UFB7,P70372,P05627,P62259,Q80V62,P01108	A0A0G2K9L9,P08592,P35739,B5DF91,P17325,P62260,A0A0G2K5U0,P09416
9086	Q5SWP3,Q61510,Q80V62,P62259,P05627,P70372,Q3UFB7,P42227	F1M6E5,D4A9N5,A0A0G2K5U0,P62260,P17325,B5DF91,P35739,P52631
9086	Q3UQ44,Q61510,Q3UFB7,P62259,P05627,P70372,Q80V62,P01108	F1LW74,D4A9N5,P35739,P62260,P17325,B5DF91,A0A0G2K5U0,P09416
9086	Q3UQ44,P12023,Q3UFB7,P70372,P05627,P62259,Q80V62,P01108	F1LW74,P08592,P35739,B5DF91,P17325,P62260,A0A0G2K5U0,P09416
9086	P18293,Q61510,Q3UFB7,P62259,P05627,P70372,Q80V62,P01108	P18910,D4A9N5,P35739,P62260,P17325,B5DF91,A0A0G2K5U0,P09416
9086	P18293,P12023,Q3UFB7,P70372,P05627,P62259,Q80V62,P01108	P18910,P08592,P35739,B5DF91,P17325,P62260,A0A0G2K5U0,P09416
9086	Q5SUA5,P12023,Q3UFB7,P70372,P05627,P62259,Q80V62,P60710	A0A0G2K6E3,P08592,P35739,B5DF91,P17325,P62260,A0A0G2K5U0,P60711
4315	P12023,Q80V62,G5E872,Q9WTX6,Q8VEJ3,Q3UFB7,Q61510,P62259	P08592,A0A0G2K5U0,M0RA44,B1WBY1,D4ADQ6,P35739,D4A9N5,P62260
2838	Q61510,P11680,O70263,Q3UFB7,P62259,Q640R3,P12023,P70372	D4A9N5,B0BNN4,B6RHI6,P35739,P62260,D3ZEI4,P08592,B5DF91
2838	Q61510,P11680,O70263,Q80V62,P62259,Q640R3,P12023,P70372	D4A9N5,B0BNN4,B6RHI6,P35739,P62260,D3ZEI4,P08592,B5DF91
2838	Q61510,Q8BJA2,P97477,Q3UFB7,P62259,Q91YK8,P12023,P70372	D4A9N5,D3ZM22,Q3MHU2,P35739,P62260,O55162,P08592,B5DF91
2838	Q61510,Q8BJA2,P97477,Q80V62,P62259,Q91YK8,P12023,P70372	D4A9N5,D3ZM22,Q3MHU2,P35739,P62260,O55162,P08592,B5DF91
2838	Q61510,Q8BJA2,P97477,Q80V62,P62259,Q91YK8,P12023,P70372	D4A9N5,D3ZM22,Q3MHU2,A0A0G2K5U0,P62260,O55162,P08592,B5DF91
2838	P12023,Q91YI4,Q8BHJ6,Q3UFB7,P70372,Q62035,Q61510,P62259	P08592,P29067,A0A140TAJ2,P35739,B5DF91,P46002,D4A9N5,P62260
2838	P12023,Q91YI4,Q8BHJ6,Q3UFB7,P70372,Q62035,Q61510,P62259	P08592,P29067,A0A140TAJ2,A0A0G2K5U0,B5DF91,P46002,D4A9N5,P62260
2838	P12023,Q91YI4,Q8BHJ6,Q80V62,P70372,Q62035,Q61510,P62259	P08592,P29067,A0A140TAJ2,P35739,B5DF91,P46002,D4A9N5,P62260
2838	P12023,Q91YI4,Q8BHJ6,Q80V62,P70372,Q62035,Q61510,P62259	P08592,P29067,A0A140TAJ2,A0A0G2K5U0,B5DF91,P46002,D4A9N5,P62260
2212	Q3UN58,P97477,Q61510,Q3UFB7,Q80V62,P70372,P12023,Q61080	D4AAA5,Q3MHU2,D4A9N5,P35739,A0A0G2K5U0,B5DF91,P08592,M0R8R8
2212	Q0VBL1,A2AKB9,P12023,Q3UFB7,Q80V62,P62259,Q61510,B2RRL2	F1LVC4,D4A8G6,P08592,P35739,A0A0G2K5U0,P62260,D4A9N5,M0R5M5
6273	Q61510,P63277,Q80V62,Q3UFB7,P62259,Q91V79,P12023,P62137	D4A9N5,P63278,A0A0G2K5U0,P35739,P62260,D3ZIQ3,P08592,P62138
6273	Q61510,O88554,Q3UFB7,Q80V62,P62259,Q0VDY1,P12023,P48754	D4A9N5,G3V749,P35739,A0A0G2K5U0,P62260,D3ZSJ1,P08592,G3V8S5
6273	P12023,P42866,Q80V62,Q3UFB7,P70372,Q9QYK5,Q61510,O35864	P08592,P33535,A0A0G2K5U0,P35739,B5DF91,D4A6E6,D4A9N5,F7EUU4
6273	Q61510,O88554,Q3UFB7,Q80V62,P62259,Q8CI52,P12023,P48754	D4A9N5,G3V749,P35739,A0A0G2K5U0,P62260,D4A135,P08592,G3V8S5
6942	Q9CZ69,Q61510,Q80V62,Q3UFB7,P62259,P12023,A0A0R4J187,P70372	Q7TNZ9,D4A9N5,A0A0G2K5U0,P35739,P62260,P08592,Q6AZ64,B5DF91
6942	O89013,Q61510,Q3UFB7,Q80V62,P62259,P12023,Q9DD03,P70372	Q9JLS8,D4A9N5,P35739,A0A0G2K5U0,P62260,P08592,P35286,B5DF91
9266	Q8BKJ9,Q61510,Q80V62,P62259,P05627,Q3U821,P12023,P70372	B2RZ55,D4A9N5,P35739,P62260,P17325,M0RCL1,P08592,B5DF91
9266	Q9Z0R4,P12023,Q3UFB7,P70372,P05627,Q64237,Q61510,P62259	D3ZV52,P08592,P35739,B5DF91,P17325,G3V9S4,D4A9N5,P62260
8990	Q64237,Q80V62,Q61510,P05627,P62259,P70372,Q9Z0R4,Q3UFB7	G3V9S4,A0A0G2K5U0,D4A9N5,P17325,P62260,B5DF91,D3ZV52,P35739
8568	Q00286,Q3UFB7,P12023,Q61510,P70372,P62259,F8VPR5,P05627	P10037,P35739,P08592,D4A9N5,B5DF91,P62260,F1M9G7,P17325
8568	Q00286,Q80V62,P12023,Q61510,P70372,P62259,F8VPR5,P05627	P10037,P35739,P08592,D4A9N5,B5DF91,P62260,F1M9G7,P17325
8568	Q00286,Q80V62,P12023,Q61510,P70372,P62259,F8VPR5,P05627	P10037,A0A0G2K5U0,P08592,D4A9N5,B5DF91,P62260,F1M9G7,P17325
8568	Q8BW74,Q3UFB7,P12023,Q61510,P70372,P62259,F8VPR5,P05627	F1M972,P35739,P08592,D4A9N5,B5DF91,P62260,F1M9G7,P17325
8568	Q8BW74,Q3UFB7,P12023,Q61510,P70372,P62259,F8VPR5,P05627	P10037,P35739,P08592,D4A9N5,B5DF91,P62260,F1M9G7,P17325
8568	Q8BW74,Q80V62,P12023,Q61510,P70372,P62259,F8VPR5,P05627	F1M972,P35739,P08592,D4A9N5,B5DF91,P62260,F1M9G7,P17325
8568	Q8BW74,Q80V62,P12023,Q61510,P70372,P62259,F8VPR5,P05627	F1M972,A0A0G2K5U0,P08592,D4A9N5,B5DF91,P62260,F1M9G7,P17325
8568	Q8BW74,Q80V62,P12023,Q61510,P70372,P62259,F8VPR5,P05627	P10037,P35739,P08592,D4A9N5,B5DF91,P62260,F1M9G7,P17325
3073	A0A0R4J1C9,Q61510,P28867,Q3UFB7,P62259,P12023,P70372,Q64314	D3ZLS2,D4A9N5,A0A140UHX0,P35739,P62260,P08592,B5DF91,B1PLB1
3073	P52955,P12023,P48754,Q3UFB7,P70372,Q61510,P62259,Q64700	Q1XID0,P08592,G3V8S5,P35739,B5DF91,D4A9N5,P62260,G3V7P7
3073	Q61845,P12023,P48754,Q3UFB7,P70372,Q61510,P62259,Q6PI63	D4A0V5,P08592,G3V8S5,P35739,B5DF91,D4A9N5,P62260,D3ZQI0
3073	Q9Z0S3,P12023,A0A0R4IZW5,Q3UFB7,P70372,Q61510,P62259,Q8BUL6	Q5BJQ1,P08592,Q9R0T4,P35739,B5DF91,D4A9N5,P62260,A1A5P7
3073	Q9Z0S3,P12023,A0A0R4IZW5,Q3UFB7,P70372,Q61510,P62259,Q8BUL6	Q5BJQ1,P08592,Q9R0T4,A0A0G2K5U0,B5DF91,D4A9N5,P62260,A1A5P7
3073	Q9Z0S3,P12023,A0A0R4IZW5,Q80V62,P70372,Q61510,P62259,Q8BUL6	Q5BJQ1,P08592,Q9R0T4,P35739,B5DF91,D4A9N5,P62260,A1A5P7
3073	Q9Z0S3,P12023,A0A0R4IZW5,Q80V62,P70372,Q61510,P62259,Q8BUL6	Q5BJQ1,P08592,Q9R0T4,A0A0G2K5U0,B5DF91,D4A9N5,P62260,A1A5P7
3073	Q9D3S5,P12023,A0A0R4IZW5,Q3UFB7,P70372,Q61510,P62259,Q3TEW6	M0R8N7,P08592,Q9R0T4,P35739,B5DF91,D4A9N5,P62260,Q6AYT8
3073	Q9D3S5,P12023,A0A0R4IZW5,Q3UFB7,P70372,Q61510,P62259,Q3TEW6	M0R8N7,P08592,Q9R0T4,A0A0G2K5U0,B5DF91,D4A9N5,P62260,Q6AYT8
3073	Q9D3S5,P12023,A0A0R4IZW5,Q80V62,P70372,Q61510,P62259,Q3TEW6	M0R8N7,P08592,Q9R0T4,P35739,B5DF91,D4A9N5,P62260,Q6AYT8
3073	Q9D3S5,P12023,A0A0R4IZW5,Q80V62,P70372,Q61510,P62259,Q3TEW6	M0R8N7,P08592,Q9R0T4,A0A0G2K5U0,B5DF91,D4A9N5,P62260,Q6AYT8
3073	A0A1D5RME2,Q61510,P28867,Q3UFB7,P62259,P12023,P70372,Q64314	D3ZLS2,D4A9N5,A0A140UHX0,P35739,P62260,P08592,B5DF91,B1PLB1
8601	Q3TVC7,Q80V62,Q61510,P12023,P62259,P70372,O35864,P05627	A0A0H2UHJ2,A0A0G2K5U0,D4A9N5,P08592,P62260,B5DF91,F7EUU4,P17325
8601	D3YZU1,Q80V62,Q61510,P12023,P62259,P70372,Q62108,P05627	Q9WV48,P35739,D4A9N5,P08592,P62260,B5DF91,P31016,P17325
8891	Q61510,Q6P5D3,Q80V62,P62259,O35864,Q3UFB7,P05627,P70372	D4A9N5,A0A0G2JZH9,A0A0G2K5U0,P62260,F7EUU4,P35739,P17325,B5DF91
8891	P12023,Q5SWP3,Q80V62,P70372,P42227,Q3UFB7,P05627,P62259	P08592,F1M6E5,A0A0G2K5U0,B5DF91,P52631,P35739,P17325,P62260
8891	Q61510,Q5SUA5,Q3UFB7,P62259,P60710,Q80V62,P05627,P70372	D4A9N5,A0A0G2K6E3,P35739,P62260,P60711,A0A0G2K5U0,P17325,B5DF91
8748	P60060,Q3UFB7,P12023,Q61510,P70372,P62259,Q80V62,P54823	B5DEL7,P35739,P08592,D4A9N5,B5DF91,P62260,A0A0G2K5U0,D3ZD73
8748	Q3UYH7,Q80V62,P12023,Q61510,P70372,P62259,Q3UFB7,P14602	A0A0G2K9S3,A0A0G2K5U0,P08592,D4A9N5,B5DF91,P62260,P35739,G3V913
10404	P12023,P70372,Q3TMU8,Q7TMB8,Q3UFB7,P05627,Q61510,P62259	P08592,B5DF91,F1LNT0,D4A8H8,P35739,P17325,D4A9N5,P62260
10404	P12023,P70372,Q3UYH7,P14602,Q3UFB7,P05627,Q61510,P62259	P08592,B5DF91,A0A0G2K9S3,G3V913,P35739,P17325,D4A9N5,P62260
8921	P12023,Q3UYH7,P70372,Q80V62,P14602,Q3UFB7,P05627,P62259	P08592,A0A0G2K9S3,B5DF91,A0A0G2K5U0,G3V913,P35739,P17325,P62260
7442	Q9CZ69,Q3UFB7,Q61510,P12023,P05627,P62259,A0A0R4J187,P70372	Q7TNZ9,P35739,D4A9N5,P08592,P17325,P62260,Q6AZ64,B5DF91
7442	Q8BMG8,Q3UFB7,Q61510,P12023,P05627,P62259,Q8VEK3,P70372	B2GV53,P35739,D4A9N5,P08592,P17325,P62260,Q6IMY8,B5DF91
7442	Q8BMG8,Q80V62,Q61510,P12023,P05627,P62259,Q8VEK3,P70372	B2GV53,P35739,D4A9N5,P08592,P17325,P62260,Q6IMY8,B5DF91
7442	Q811B5,Q3UFB7,Q61510,P12023,P05627,P62259,Q8VEK3,P70372	Q6MG07,P35739,D4A9N5,P08592,P17325,P62260,Q6IMY8,B5DF91
7442	Q811B5,Q80V62,Q61510,P12023,P05627,P62259,Q8VEK3,P70372	Q6MG07,P35739,D4A9N5,P08592,P17325,P62260,Q6IMY8,B5DF91
7442	Q811B5,Q80V62,Q61510,P12023,P05627,P62259,Q8VEK3,P70372	Q6MG07,A0A0G2K5U0,D4A9N5,P08592,P17325,P62260,Q6IMY8,B5DF91
8691	M0QW46,Q3UFB7,P12023,Q61510,P70372,P62259,P05627,Q64010	D3ZS54,P35739,P08592,D4A9N5,B5DF91,P62260,P17325,Q63768
6841	P12023,M0QW46,Q80V62,P70372,Q3UFB7,Q64010,P62259,P05627	P08592,D3ZS54,A0A0G2K5U0,B5DF91,P35739,Q63768,P62260,P17325
7253	Q61510,M0QW46,Q80V62,Q3UFB7,P62259,Q64010,P70372,P05627	D4A9N5,D3ZS54,A0A0G2K5U0,P35739,P62260,Q63768,B5DF91,P17325
8577	Q61510,Q80V62,Q8BQM8,Q5SRY7,P62259,Q3UFB7,P12023,P70372	D4A9N5,A0A0G2K5U0,F1LSA8,D3ZXC6,P62260,P35739,P08592,B5DF91
8577	P12023,Q80V62,Q8BKN5,Q3ULA2,P70372,Q3UFB7,Q61510,P62259	P08592,A0A0G2K5U0,D4A2A9,F1LMH8,B5DF91,P35739,D4A9N5,P62260
6816	P12023,Q8CHD8,Q80V62,P70372,Q3UFB7,Q61187,P62259,Q61510	P08592,Q66H66,A0A0G2K5U0,B5DF91,P35739,Q6IRE4,P62260,D4A9N5
6816	P12023,Q8K3K7,Q80V62,P70372,Q3UFB7,Q505D1,P62259,Q61510	P08592,D4AC45,A0A0G2K5U0,B5DF91,P35739,F1M400,P62260,D4A9N5
6816	P12023,M9MMK0,Q80V62,P70372,Q3UFB7,Q99K46,P62259,Q61510	P08592,D3ZHJ3,A0A0G2K5U0,B5DF91,P35739,Q5D006,P62260,D4A9N5
7920	Q8CHD8,Q80V62,P12023,P05627,Q3UFB7,P62259,Q61187,Q61510	Q66H66,A0A0G2K5U0,P08592,P17325,P35739,P62260,Q6IRE4,D4A9N5
7920	P01193,Q3UFB7,Q61510,P05627,Q80V62,P70372,P29788,P12023	Q8K422,P35739,D4A9N5,P17325,A0A0G2K5U0,B5DF91,Q3KR94,P08592
7920	P63056,Q3UFB7,P05627,Q61510,Q80V62,P70372,Q9WUD1,P12023	P63057,P35739,P17325,D4A9N5,A0A0G2K5U0,B5DF91,D4A4T0,P08592
7920	Q3UC65,Q80V62,Q61510,P05627,Q3UFB7,P70372,Q9CZN7,P12023	Q5U2S0,A0A0G2K5U0,D4A9N5,P17325,P35739,B5DF91,Q5U3Z7,P08592
7920	Q8R1G1,Q80V62,P05627,Q61510,Q3UFB7,P70372,Q60676,P12023	Q0VGK5,A0A0G2K5U0,P17325,D4A9N5,P35739,B5DF91,P53042,P08592
7920	M9MMK0,Q80V62,P12023,P05627,Q3UFB7,P62259,Q99K46,Q61510	D3ZHJ3,A0A0G2K5U0,P08592,P17325,P35739,P62260,Q5D006,D4A9N5
10064	Q8CHD8,P05627,Q80V62,Q3UFB7,P62259,P70372,Q61510,Q61187	Q66H66,P17325,A0A0G2K5U0,P35739,P62260,B5DF91,D4A9N5,Q6IRE4
10064	M9MMK0,P05627,Q80V62,Q3UFB7,P62259,P70372,Q61510,Q99K46	D3ZHJ3,P17325,A0A0G2K5U0,P35739,P62260,B5DF91,D4A9N5,Q5D006
4426	Q80V62,Q80W22,Q61510,Q9JLV5,P12023,Q3UQ17,P70372,P62259	A0A0G2K5U0,Q5M7T9,D4A9N5,A0A0G2JSP3,P08592,Q5S3S9,B5DF91,P62260
4426	Q3UFB7,Q8VBV8,Q61510,P60521,P12023,Q5SDA5,P70372,P62259	P35739,D3ZID7,D4A9N5,P60522,P08592,P51842,B5DF91,P62260
4426	Q3UFB7,Q8VBV8,Q61510,P60521,P12023,Q5SDA5,P70372,P62259	A0A0G2K5U0,D3ZID7,D4A9N5,P60522,P08592,P51842,B5DF91,P62260
4426	Q80V62,Q8VBV8,Q61510,P60521,P12023,Q5SDA5,P70372,P62259	P35739,D3ZID7,D4A9N5,P60522,P08592,P51842,B5DF91,P62260
4426	Q80V62,Q8VBV8,Q61510,P60521,P12023,Q5SDA5,P70372,P62259	A0A0G2K5U0,D3ZID7,D4A9N5,P60522,P08592,P51842,B5DF91,P62260
6634	P12023,G3X9H5,Q3UFB7,P70372,Q80V62,F7C846,Q61510,Q01279	P08592,G3V9P7,P35739,B5DF91,A0A0G2K5U0,A0A0G2JU49,D4A9N5,G3V6K6
6634	D3Z5L6,Q61510,Q3UFB7,P23249,P62259,P12023,P55086,P70372	D4A9K4,D4A9N5,P35739,D3ZUC2,P62260,P08592,Q63645,B5DF91
6634	D3Z5L6,Q61510,Q80V62,P23249,P62259,P12023,P55086,P70372	D4A9K4,D4A9N5,P35739,D3ZUC2,P62260,P08592,Q63645,B5DF91
6634	D3Z5L6,Q61510,Q80V62,P23249,P62259,P12023,P55086,P70372	D4A9K4,D4A9N5,A0A0G2K5U0,D3ZUC2,P62260,P08592,Q63645,B5DF91
6634	Q9JMB7,P12023,Q3UFB7,Q80V62,P70372,Q61510,P61407,Q9JLV5	A0A140TA97,P08592,P35739,A0A0G2K5U0,B5DF91,D4A9N5,D3Z9I3,A0A0G2JSP3
4090	P12023,Q3UFB7,P35456,P48754,Q9JMI7,Q80V62,P70372,P62259	P08592,P35739,M0R3P2,G3V8S5,G3V8N9,A0A0G2K5U0,B5DF91,P62260
4090	P12023,Q3UFB7,Q8VIG3,P39429,Q8C5T4,P70372,Q80V62,P62259	P08592,P35739,A0A0G2K8M2,B5DFH7,M0R7B3,B5DF91,A0A0G2K5U0,P62260
4090	Q61510,Q3UFB7,Q8VIG3,P39429,Q8C5T4,P62259,Q80V62,P70372	D4A9N5,P35739,A0A0G2K8M2,B5DFH7,M0R7B3,P62260,A0A0G2K5U0,B5DF91
2789	Q80V62,Q91YI4,Q5U4C1,Q61510,P12023,P35377,Q3UFB7,P62259	A0A0G2K5U0,P29067,M0R9R0,D4A9N5,P08592,P35370,P35739,P62260
2789	Q3UFB7,P39429,Q8VIG3,Q61510,P12023,Q8C5T4,Q80V62,P62259	P35739,B5DFH7,A0A0G2K8M2,D4A9N5,P08592,M0R7B3,A0A0G2K5U0,P62260
2789	Q3UFB7,P39429,Q8VIG3,P12023,Q61510,Q8C5T4,Q80V62,P70372	P35739,B5DFH7,A0A0G2K8M2,P08592,D4A9N5,M0R7B3,A0A0G2K5U0,B5DF91
4280	Q80V62,Q61510,Q3U1D0,Q9JLV5,P22518,P12023,P62259,P70372	A0A0G2K5U0,D4A9N5,D3ZVQ9,A0A0G2JSP3,D4ADG3,P08592,P62260,B5DF91
4280	Q3UFB7,P12023,Q8VBV8,Q921E6,P52785,Q61510,P70372,P62259	P35739,P08592,D3ZID7,B5DF02,V9GZ79,D4A9N5,B5DF91,P62260
4280	Q80V62,Q61510,Q922G2,Q9JLV5,Q99JB6,P12023,P62259,P70372	A0A0G2K5U0,D4A9N5,D3ZEU8,A0A0G2JSP3,D4Q8I2,P08592,P62260,B5DF91
7281	Q61510,Q3TVC7,Q80V62,Q3UFB7,P62259,O35864,P70372,P05627	D4A9N5,A0A0H2UHJ2,A0A0G2K5U0,P35739,P62260,F7EUU4,B5DF91,P17325
7281	P12023,P41245,Q3UFB7,Q80V62,P70372,P11276,P62259,P05627	P08592,D3ZYK8,P35739,A0A0G2K5U0,B5DF91,A0A096P6L8,P62260,P17325
7281	Q61510,P41245,Q3UFB7,Q80V62,P62259,P11276,P70372,P05627	D4A9N5,D3ZYK8,P35739,A0A0G2K5U0,P62260,A0A096P6L8,B5DF91,P17325
4191	Q8R007,P23249,P12023,P70372,Q61510,Q80V62,P62259,Q3TBT3	D3ZET1,D3ZUC2,P08592,B5DF91,D4A9N5,A0A0G2K5U0,P62260,F1M391
4191	Q8BH79,P23249,P12023,P70372,Q61510,Q80V62,P62259,Q3TBT3	D3ZF54,D3ZUC2,P08592,B5DF91,D4A9N5,A0A0G2K5U0,P62260,F1M391
4191	Q3UFB7,Q61510,Q6Y4S4,Q6PGH1,Q9R0S2,P05627,P12023,P70372	P35739,D4A9N5,Q7TSB7,O70454,A0A0G2KA10,P17325,P08592,B5DF91
4191	A0A0R4J1K7,P23249,P12023,P70372,Q61510,Q3UFB7,P62259,Q9ERY9	F1M147,D3ZUC2,P08592,B5DF91,D4A9N5,P35739,P62260,D3ZBN4
4191	M0QWN7,P23249,P12023,P70372,Q61510,Q80V62,P62259,Q3TBT3	Q6AYC7,D3ZUC2,P08592,B5DF91,D4A9N5,A0A0G2K5U0,P62260,F1M391
4191	M0QWN7,P23249,P12023,P70372,Q61510,Q80V62,P62259,Q3TBT3	F1M8S4,D3ZUC2,P08592,B5DF91,D4A9N5,A0A0G2K5U0,P62260,F1M391
1719	Q8K1A0,Q6P5B5,Q61510,Q80V62,P62259,P12023,Q3UFB7,P97770	B0BNB3,B1H2A6,D4A9N5,A0A0G2K5U0,P62260,P08592,P35739,D3ZSV7
1719	Q8K1A0,Q6P5B5,P12023,Q80V62,P70372,Q61510,Q3UFB7,P97770	B0BNB3,B1H2A6,P08592,A0A0G2K5U0,B5DF91,D4A9N5,P35739,D3ZSV7
7412	Q8R5J9,Q80V62,P12023,Q61510,P05627,P70372,Q76MZ3,P62259	A0A0H2UHF6,P35739,P08592,D4A9N5,P17325,B5DF91,Q5XI34,P62260
7412	Q3TPJ7,Q3UFB7,Q61510,P12023,P05627,P62259,O35226,P70372	D4AE48,P35739,D4A9N5,P08592,P17325,P62260,O88321,B5DF91
7934	P98200,Q80V62,P05627,Q61510,Q3UFB7,P70372,Q6PAJ1,P62259	D4A3X6,A0A0G2K5U0,P17325,D4A9N5,P35739,B5DF91,F1LXF1,P62260
7934	Q9CQE1,Q80V62,P05627,Q61510,Q3UFB7,P70372,Q7TMB8,P62259	Q5M949,A0A0G2K5U0,P17325,D4A9N5,P35739,B5DF91,D4A8H8,P62260
9115	Q9D176,Q3UFB7,Q61510,P05627,P62259,P70372,P12023,P31725	D3Z8I2,P35739,D4A9N5,P17325,P62260,B5DF91,P08592,A0A0H2UHJ1
9115	Q3UV55,Q3UFB7,Q61510,P05627,P62259,P70372,P12023,Q7TMY8	G3V9L8,P35739,D4A9N5,P17325,P62260,B5DF91,P08592,A0A0G2JVW5
9115	Q3UV55,Q3UFB7,Q61510,P05627,P62259,P70372,P12023,Q7TMY8	G3V770,P35739,D4A9N5,P17325,P62260,B5DF91,P08592,A0A0G2JVW5
9115	Q3UV55,Q80V62,Q61510,P05627,P62259,P70372,P12023,Q7TMY8	G3V9L8,P35739,D4A9N5,P17325,P62260,B5DF91,P08592,A0A0G2JVW5
9115	Q3UV55,Q80V62,Q61510,P05627,P62259,P70372,P12023,Q7TMY8	G3V9L8,A0A0G2K5U0,D4A9N5,P17325,P62260,B5DF91,P08592,A0A0G2JVW5
9115	Q3UV55,Q80V62,Q61510,P05627,P62259,P70372,P12023,Q7TMY8	G3V770,P35739,D4A9N5,P17325,P62260,B5DF91,P08592,A0A0G2JVW5
9115	E9Q9A9,Q3UFB7,Q61510,P05627,P62259,P70372,P12023,Q5SWU9	A0A0G2K6Q2,P35739,D4A9N5,P17325,P62260,B5DF91,P08592,A0A0G2K5G8
9053	E9PUB7,Q80V62,Q61510,P05627,P62259,P70372,B2RWS6,Q3UFB7	D3ZMW3,A0A0G2K5U0,D4A9N5,P17325,P62260,B5DF91,A0A0G2QC09,P35739
9053	E9PUB7,Q80V62,P12023,P05627,P70372,P62259,B2RWS6,Q3UFB7	D3ZMW3,A0A0G2K5U0,P08592,P17325,B5DF91,P62260,A0A0G2QC09,P35739
9053	Q8C0M0,Q80V62,Q61510,P05627,P62259,P70372,B2RWS6,Q3UFB7	D3ZGZ9,A0A0G2K5U0,D4A9N5,P17325,P62260,B5DF91,A0A0G2QC09,P35739
9053	Q8C0M0,Q80V62,P12023,P05627,P70372,P62259,B2RWS6,Q3UFB7	D3ZGZ9,A0A0G2K5U0,P08592,P17325,B5DF91,P62260,A0A0G2QC09,P35739
9053	P07744,Q3UFB7,Q61510,P05627,P62259,P70372,P19785,Q80V62	Q6IG00,P35739,D4A9N5,P17325,P62260,B5DF91,A0A0G2K0D4,A0A0G2K5U0
9053	D3YX87,Q80V62,Q61510,P05627,P62259,P70372,B2RWS6,Q3UFB7	D3ZMW3,A0A0G2K5U0,D4A9N5,P17325,P62260,B5DF91,A0A0G2QC09,P35739
9053	D3YX87,Q80V62,P12023,P05627,P70372,P62259,B2RWS6,Q3UFB7	D3ZMW3,A0A0G2K5U0,P08592,P17325,B5DF91,P62260,A0A0G2QC09,P35739
1734	D3YYZ1,Q9WVB0,P12023,Q3UFB7,P70372,Q61510,Q80V62,Q3UZZ4	D4A460,F1M9Y9,P08592,P35739,B5DF91,D4A9N5,A0A0G2K5U0,D3ZMI6
10368	P12023,P70372,O70165,Q8K0E8,Q80V62,Q61510,P05627,P62259	P08592,B5DF91,Q5M8B4,P14480,A0A0G2K5U0,D4A9N5,P17325,P62260
10368	P12023,P70372,Q6PHQ8,Q9CWK3,Q3UFB7,Q61510,P05627,P62259	P08592,B5DF91,Q6DKG0,B4F786,P35739,D4A9N5,P17325,P62260
10368	P12023,P70372,Q7TNC6,P97377,Q3UFB7,Q61510,P05627,P62259	P08592,B5DF91,D4ADC4,Q6P751,P35739,D4A9N5,P17325,P62260
8661	Q9DBF7,Q3UFB7,Q61510,P12023,P62259,P70372,P23804,Q80V62	G3V6I3,P35739,D4A9N5,P08592,P62260,B5DF91,A0A0G2JVC1,A0A0G2K5U0
8661	Q8CFE2,Q80V62,Q61510,P12023,P62259,P70372,P23804,Q3UFB7	D3ZMN2,A0A0G2K5U0,D4A9N5,P08592,P62260,B5DF91,A0A0G2JVC1,P35739
8661	A2ATK9,Q80V62,Q61510,P12023,P62259,P70372,P23804,Q3UFB7	D4A7Y4,A0A0G2K5U0,D4A9N5,P08592,P62260,B5DF91,A0A0G2JVC1,P35739
7205	Q3UFB7,O35375,P05627,P12023,Q61510,Q62312,P70372,Q80V62	P35739,O35276,P17325,P08592,D4A9N5,P38438,B5DF91,A0A0G2K5U0
7205	Q3UFB7,Q61080,Q61510,P12023,P05627,P97477,P70372,Q80V62	P35739,M0R8R8,D4A9N5,P08592,P17325,Q3MHU2,B5DF91,A0A0G2K5U0
7205	Q3UFB7,P07744,P12023,Q61510,P05627,P19785,P62259,Q80V62	P35739,Q6IG00,P08592,D4A9N5,P17325,A0A0G2K0D4,P62260,A0A0G2K5U0
7205	Q3UFB7,A2ABU4,Q61510,P12023,P05627,Q8VHG2,P70372,Q80V62	P35739,D4A228,D4A9N5,P08592,P17325,A0A0G2JX94,B5DF91,A0A0G2K5U0
8958	O88947,Q3UFB7,P12023,P05627,P70372,P62259,Q9R078,Q80V62	A0A0H2UHR6,P35739,P08592,P17325,B5DF91,P62260,P80386,A0A0G2K5U0
8958	Q3V1U8,Q3UFB7,P12023,P05627,P70372,P62259,Q8C253,Q80V62	D3ZDJ3,P35739,P08592,P17325,B5DF91,P62260,P08699,A0A0G2K5U0
8890	P01193,Q3UFB7,Q61510,P05627,P62259,P70372,P29788,P12023	Q8K422,P35739,D4A9N5,P17325,P62260,B5DF91,Q3KR94,P08592
2168	A0A1L1SU27,P12023,P26450,P70372,Q80V62,Q3UFB7,P62259,G3UYL9	D3ZQ60,P08592,F1LNG5,B5DF91,A0A0G2K5U0,P35739,P62260,G3V7D9
2168	A0A1L1SU27,Q61510,P26450,P62259,Q80V62,Q3UFB7,P70372,G3UYL9	D3ZQ60,D4A9N5,F1LNG5,P62260,A0A0G2K5U0,P35739,B5DF91,G3V7D9
2168	P35375,P12023,P26450,P70372,Q80V62,Q3UFB7,P62259,G3UYL9	P70597,P08592,F1LNG5,B5DF91,A0A0G2K5U0,P35739,P62260,G3V7D9
2168	P35375,Q61510,P26450,P62259,Q80V62,Q3UFB7,P70372,G3UYL9	P70597,D4A9N5,F1LNG5,P62260,A0A0G2K5U0,P35739,B5DF91,G3V7D9
2168	P29121,Q61510,P14142,Q3UFB7,Q80V62,P62259,P70372,P09535	D3ZKU8,D4A9N5,P19357,P35739,A0A0G2K5U0,P62260,B5DF91,P01346
1325	Q3UFB7,P02340,Q6NSV7,P12023,Q61510,Q3URV1,Q9ESK9,P62259	P35739,P10361,Q5PQL8,P08592,D4A9N5,D4A050,D3ZHK4,P62260
1325	Q80V62,P02340,Q6NSV7,P12023,Q61510,Q3URV1,Q9ESK9,P62259	P35739,P10361,Q5PQL8,P08592,D4A9N5,D4A050,D3ZHK4,P62260
1325	Q3UFB7,P02340,O35679,Q61510,P12023,Q3TD49,P49769,P70372	P35739,P10361,E9PU35,D4A9N5,P08592,Q5PQL3,P97887,B5DF91
1325	Q64387,Q91YI4,Q61510,Q5U4C1,Q3UFB7,P12023,P62259,P35377	Q62923,P29067,D4A9N5,M0R9R0,P35739,P08592,P62260,P35370
1325	Q3UFB7,Q99JX7,G5E8J6,P12023,Q61510,Q497V9,Q8BPB5,P62259	P35739,F1MA52,G3V8S6,P08592,D4A9N5,F1LUZ0,Q6AXN2,P62260
1325	Q3UFB7,Q99JX7,Q9Z2C6,P12023,Q61510,Q9JKX8,Q8BJU0,P62259	P35739,F1MA52,A0A0H2UHB6,P08592,D4A9N5,D3ZZ76,O70593,P62260
1325	Q3UFB7,P02340,Q8K249,Q61510,P12023,Q3TD49,P49769,P70372	P35739,P10361,E9PU35,D4A9N5,P08592,Q5PQL3,P97887,B5DF91
1325	Q3UFB7,P02340,Q8K249,Q61510,P12023,Q3TD49,P49769,P70372	P35739,P10361,D0V9T4,D4A9N5,P08592,Q5PQL3,P97887,B5DF91
6694	Q61510,Q9JHQ5,Q3UFB7,P62259,Q01279,O08992,P12023,P70372	D4A9N5,Q562C6,P35739,P62260,G3V6K6,Q9JI92,P08592,B5DF91
6694	Q61510,Q9JHQ5,Q80V62,P62259,Q01279,O08992,P12023,P70372	D4A9N5,Q562C6,P35739,P62260,G3V6K6,Q9JI92,P08592,B5DF91
9079	F7DCP6,P12023,Q80V62,P70372,P05627,P62259,Q3UFB7,P11276	D3ZBN0,P08592,A0A0G2K5U0,B5DF91,P17325,P62260,P35739,A0A096P6L8
9079	F7DCP6,Q61510,Q80V62,P62259,P05627,P70372,Q3UFB7,P11276	D3ZBN0,D4A9N5,A0A0G2K5U0,P62260,P17325,B5DF91,P35739,A0A096P6L8
9079	Q8VCW2,P12023,Q3UFB7,P70372,P05627,P62259,Q80V62,Q80TQ2	Q6IFX0,P08592,P35739,B5DF91,P17325,P62260,A0A0G2K5U0,F1LPJ6
9079	Q8VCW2,Q61510,Q3UFB7,P62259,P05627,P70372,Q80V62,Q80TQ2	Q6IFX0,D4A9N5,P35739,P62260,P17325,B5DF91,A0A0G2K5U0,F1LPJ6
9079	O70166,P12023,Q3UFB7,P70372,P05627,P62259,Q80V62,P42227	D3ZI49,P08592,P35739,B5DF91,P17325,P62260,A0A0G2K5U0,P52631
6910	Q8VCR3,P12023,Q80V62,Q3UFB7,P70372,P05627,Q61510,O35226	D4A7K0,P08592,A0A0G2K5U0,P35739,B5DF91,P17325,D4A9N5,O88321
10063	A0A0R4J1E4,P05627,Q80V62,Q3UFB7,P62259,P70372,Q61510,Q60722	Q6IE50,P17325,A0A0G2K5U0,P35739,P62260,B5DF91,D4A9N5,A0A0G2JWU7
10063	Q91W63,P05627,Q80V62,Q3UFB7,P70372,P62259,P12023,Q3UKC1	Q6AY91,P17325,A0A0G2K5U0,P35739,B5DF91,P62260,P08592,Q66HA4
10063	D3Z3A3,P05627,Q80V62,Q3UFB7,P62259,P70372,Q61510,Q60722	Q6IE50,P17325,A0A0G2K5U0,P35739,P62260,B5DF91,D4A9N5,A0A0G2JWU7
2798	Q3UFB7,G3X8R0,Q99JX7,Q61510,P12023,Q9DCN7,Q80V62,P62259	P35739,B2RZ37,F1MA52,D4A9N5,P08592,D3ZG84,A0A0G2K5U0,P62260
2798	Q3UFB7,O55226,P11276,Q61510,P12023,P28481,Q80V62,P62259	P35739,A0A0H2UHB8,A0A096P6L8,D4A9N5,P08592,F1LRM7,A0A0G2K5U0,P62260
4192	Q61510,Q3UFB7,G3X8R0,Q99JX7,Q9DCN7,Q80V62,P62259,P70372	D4A9N5,P35739,B2RZ37,F1MA52,D3ZG84,A0A0G2K5U0,P62260,B5DF91
6675	Q80V62,Q8BZ36,Q61510,P12023,P05627,A0A0B4J1E2,P62259,Q3UFB7	A0A0G2K5U0,D4A4T6,D4A9N5,P08592,P17325,D4A8G7,P62260,P35739
6675	Q80V62,P97770,Q61510,P12023,P05627,Q6P5B5,P62259,Q3UFB7	A0A0G2K5U0,D3ZSV7,D4A9N5,P08592,P17325,B1H2A6,P62260,P35739
6675	Q80V62,P97770,P12023,Q61510,P05627,Q6P5B5,P70372,Q3UFB7	A0A0G2K5U0,D3ZSV7,P08592,D4A9N5,P17325,B1H2A6,B5DF91,P35739
6675	Q80V62,Q3TMU8,P12023,P05627,Q61510,Q7TMB8,P70372,Q3UFB7	A0A0G2K5U0,F1LNT0,P08592,P17325,D4A9N5,D4A8H8,B5DF91,P35739
6675	Q3UFB7,Q6ZQJ5,P12023,Q61510,P05627,Q99JX7,P70372,Q80V62	P35739,A0A0H2UH92,P08592,D4A9N5,P17325,F1MA52,B5DF91,A0A0G2K5U0
6675	Q80V62,Q8CI75,P12023,Q61510,P05627,Q04207,P70372,Q3UFB7	A0A0G2K5U0,D3ZIL9,P08592,D4A9N5,P17325,Q7TQN4,B5DF91,P35739
6675	Q3UFB7,Q64131,P12023,Q61510,P05627,O09106,P70372,Q80V62	P35739,A0A0G2K9V0,P08592,D4A9N5,P17325,Q4QQW4,B5DF91,A0A0G2K5U0
7922	P12023,P97770,Q80V62,P70372,Q6P5B5,Q3UFB7,P05627,P62259	P08592,D3ZSV7,A0A0G2K5U0,B5DF91,B1H2A6,P35739,P17325,P62260
7922	Q61510,P97770,Q80V62,P62259,Q6P5B5,Q3UFB7,P05627,P70372	D4A9N5,D3ZSV7,A0A0G2K5U0,P62260,B1H2A6,P35739,P17325,B5DF91
8572	Q8BWG9,Q3UFB7,P12023,Q61510,P70372,P62259,Q3TDN2,Q80V62	F1LNX2,P35739,P08592,D4A9N5,B5DF91,P62260,Q5BK32,A0A0G2K5U0
8572	Q61878,Q3UFB7,Q61510,P12023,P62259,P70372,P31750,Q80V62	G3V729,P35739,D4A9N5,P08592,P62260,B5DF91,P47196,A0A0G2K5U0
8572	E9Q3H6,Q80V62,Q61510,P12023,P62259,P70372,O35459,Q3UFB7	D3ZX74,A0A0G2K5U0,D4A9N5,P08592,P62260,B5DF91,Q62651,P35739
8572	Q61510,Q3UFB7,A2ABU4,Q8VHG2,P62259,Q80V62,P05627,P70372	D4A9N5,P35739,D4A228,A0A0G2JX94,P62260,A0A0G2K5U0,P17325,B5DF91
8959	Q8BWG9,Q3UFB7,Q61510,P05627,P62259,P70372,Q3TDN2,Q80V62	F1LNX2,P35739,D4A9N5,P17325,P62260,B5DF91,Q5BK32,A0A0G2K5U0
8959	E9Q0J2,Q80V62,P12023,P05627,P70372,P62259,P05480,Q3UFB7	A0A0G2K0K8,A0A0G2K5U0,P08592,P17325,B5DF91,P62260,Q9WUD9,P35739
8959	Q61878,Q3UFB7,P12023,P05627,P70372,P62259,P31750,Q80V62	G3V729,P35739,P08592,P17325,B5DF91,P62260,P47196,A0A0G2K5U0
11066	O70166,P12023,P70372,Q61510,P62259,P05627,Q80V62,P42227	D3ZI49,P08592,B5DF91,D4A9N5,P62260,P17325,A0A0G2K5U0,P52631
9713	P12023,P70372,P48754,Q8C3R1,Q3UFB7,Q61510,P05627,P62259	P08592,B5DF91,G3V8S5,D3ZSM9,P35739,D4A9N5,P17325,P62260
9099	Q8R1J3,Q61510,Q3UFB7,P62259,P05627,P70372,Q80V62,P62137	Q5XII6,D4A9N5,P35739,P62260,P17325,B5DF91,A0A0G2K5U0,P62138
7217	Q80V62,Q8R1F9,Q61510,P12023,P05627,Q62376,P70372,P62259	A0A0G2K5U0,Q5BK64,D4A9N5,P08592,P17325,B2RZ74,B5DF91,P62260
7217	Q80V62,Q8R464,Q61510,P12023,P05627,Q9CZN7,P70372,P62259	A0A0G2K5U0,F1M7V6,D4A9N5,P08592,P17325,Q5U3Z7,B5DF91,P62260
7217	Q3UFB7,Q924Z5,P12023,Q61510,P05627,F8VPR5,P62259,P70372	P35739,F1LUA2,P08592,D4A9N5,P17325,F1M9G7,P62260,B5DF91
7217	Q80V62,Q924Z5,P12023,Q61510,P05627,F8VPR5,P62259,P70372	P35739,F1LUA2,P08592,D4A9N5,P17325,F1M9G7,P62260,B5DF91
7217	Q80V62,Q924Z5,P12023,Q61510,P05627,F8VPR5,P62259,P70372	A0A0G2K5U0,F1LUA2,P08592,D4A9N5,P17325,F1M9G7,P62260,B5DF91
4636	Q9CQQ0,Q3UFB7,Q61510,P60521,P12023,P62259,P70372,Q8BIV3	G3V8Z7,P35739,D4A9N5,P60522,P08592,P62260,B5DF91,D4A634
4636	Q8VCI1,Q3UFB7,P12023,Q921E6,Q61510,P70372,P62259,Q04692	B2RZ94,P35739,P08592,B5DF02,D4A9N5,B5DF91,P62260,D3Z9Z9
3725	Q61510,B9EKE5,Q3UFB7,Q99JX7,Q80V62,P62259,Q6IFX3,P12023	D4A9N5,A0A0H2UI37,P35739,F1MA52,A0A0G2K5U0,P62260,Q6IFW2,P08592
3725	Q61510,Q8BW56,Q3UFB7,Q99JX7,Q80V62,P62259,Q7TN31,P12023	D4A9N5,Q53E76,P35739,F1MA52,A0A0G2K5U0,P62260,F1MAK0,P08592
3725	P12023,G5E872,Q80V62,Q9WTX6,Q3UFB7,P70372,Q8VEJ3,Q61510	P08592,M0RA44,A0A0G2K5U0,B1WBY1,P35739,B5DF91,D4ADQ6,D4A9N5
3725	Q61510,Q8CB76,Q3UFB7,Q9JLV1,Q80V62,P62259,B2KFW1,P12023	D4A9N5,M0R5T3,P35739,Q5U2U8,A0A0G2K5U0,P62260,D3ZCC2,P08592
11074	Q9DBF7,Q61510,P62259,P12023,P70372,P05627,Q80V62,P23804	G3V6I3,D4A9N5,P62260,P08592,B5DF91,P17325,A0A0G2K5U0,A0A0G2JVC1
11074	Q8CFE2,Q61510,P62259,P12023,P70372,P05627,Q3UFB7,P23804	D3ZMN2,D4A9N5,P62260,P08592,B5DF91,P17325,P35739,A0A0G2JVC1
11074	A2ATK9,Q61510,P62259,P12023,P70372,P05627,Q3UFB7,P23804	D4A7Y4,D4A9N5,P62260,P08592,B5DF91,P17325,P35739,A0A0G2JVC1
8965	O89084,P12023,Q3UFB7,P70372,P05627,P62259,Q7TMY8,Q61510	F1M8I9,P08592,P35739,B5DF91,P17325,P62260,A0A0G2JVW5,D4A9N5
8965	O89084,P12023,Q80V62,P70372,P05627,P62259,Q7TMY8,Q61510	F1M8I9,P08592,P35739,B5DF91,P17325,P62260,A0A0G2JVW5,D4A9N5
8965	O89084,P12023,Q80V62,P70372,P05627,P62259,Q7TMY8,Q61510	F1M8I9,P08592,A0A0G2K5U0,B5DF91,P17325,P62260,A0A0G2JVW5,D4A9N5
8965	Q3TGW2,Q61510,Q3UFB7,P62259,P05627,P70372,P57716,P12023	Q5XI74,D4A9N5,P35739,P62260,P17325,B5DF91,Q8CGU6,P08592
8965	Q3TGW2,Q61510,Q80V62,P62259,P05627,P70372,P57716,P12023	Q5XI74,D4A9N5,P35739,P62260,P17325,B5DF91,Q8CGU6,P08592
8965	Q9DAX2,P12023,Q3UFB7,P70372,P05627,P62259,Q9Z1R2,Q61510	Q8K593,P08592,P35739,B5DF91,P17325,P62260,Q6MG49,D4A9N5
8965	Q9DAX2,P12023,Q80V62,P70372,P05627,P62259,Q9Z1R2,Q61510	Q8K593,P08592,P35739,B5DF91,P17325,P62260,Q6MG49,D4A9N5
8965	Q9DAX2,P12023,Q80V62,P70372,P05627,P62259,Q9Z1R2,Q61510	Q8K593,P08592,A0A0G2K5U0,B5DF91,P17325,P62260,Q6MG49,D4A9N5
9435	P05627,A2ACG1,Q80V62,Q3UFB7,Q60676,P70372,P62259,Q61510	P17325,D3ZQ38,A0A0G2K5U0,P35739,P53042,B5DF91,P62260,D4A9N5
10066	P01193,P05627,Q3UFB7,Q80V62,P70372,P62259,P12023,P29788	Q8K422,P17325,P35739,A0A0G2K5U0,B5DF91,P62260,P08592,Q3KR94
10066	Q3UC65,P05627,Q80V62,Q3UFB7,P70372,P62259,P12023,Q9CZN7	Q5U2S0,P17325,A0A0G2K5U0,P35739,B5DF91,P62260,P08592,Q5U3Z7
10066	Q9JJV5,P05627,Q80V62,Q3UFB7,P70372,P62259,P12023,Q07832	Q8VHX0,P17325,A0A0G2K5U0,P35739,B5DF91,P62260,P08592,A0A140TAD2
4069	Q5F289,Q3UFB7,Q61510,P31750,P12023,Q80V62,P70372,Q61878	D3ZZ79,P35739,D4A9N5,P47196,P08592,A0A0G2K5U0,B5DF91,G3V729
4069	A7L9Z8,Q3UFB7,P12023,Q3TDN2,Q61510,Q80V62,P62259,Q8BWG9	M0RAF9,P35739,P08592,Q5BK32,D4A9N5,A0A0G2K5U0,P62260,F1LNX2
7561	P63056,Q61510,Q3UFB7,Q80V62,P62259,P70372,P12023,Q9WUD1	P63057,D4A9N5,P35739,A0A0G2K5U0,P62260,B5DF91,P08592,D4A4T0
7561	Q8R1G1,Q61510,Q80V62,Q3UFB7,P62259,P70372,P12023,Q60676	Q0VGK5,D4A9N5,A0A0G2K5U0,P35739,P62260,B5DF91,P08592,P53042
7561	Q8BHE3,Q61510,Q3UFB7,Q80V62,P62259,P70372,P12023,Q9WUD1	Q8VHX0,D4A9N5,A0A0G2K5U0,P35739,P62260,B5DF91,P08592,A0A140TAD2
7561	Q9JJV5,Q61510,Q80V62,Q3UFB7,P62259,P70372,P12023,Q07832	Q8VHX0,D4A9N5,A0A0G2K5U0,P35739,P62260,B5DF91,P08592,A0A140TAD2
8986	P63056,Q3UFB7,Q61510,P05627,P62259,P70372,Q9WUD1,P12023	P63057,P35739,D4A9N5,P17325,P62260,B5DF91,D4A4T0,P08592
8986	Q8R1G1,Q80V62,Q61510,P05627,P62259,P70372,Q60676,P12023	Q0VGK5,A0A0G2K5U0,D4A9N5,P17325,P62260,B5DF91,P53042,P08592
9116	P63056,Q80V62,Q61510,P05627,P62259,P70372,P12023,Q9WUD1	P63057,A0A0G2K5U0,D4A9N5,P17325,P62260,B5DF91,P08592,D4A4T0
9116	Q8R1G1,Q3UFB7,Q61510,P05627,P62259,P70372,P12023,Q60676	Q0VGK5,P35739,D4A9N5,P17325,P62260,B5DF91,P08592,P53042
7443	Q9CXH7,Q3UFB7,Q61510,P12023,P05627,P62259,Q76MZ3,P70372	D4A624,P35739,D4A9N5,P08592,P17325,P62260,Q5XI34,B5DF91
7443	Q9CXH7,Q80V62,Q61510,P12023,P05627,P62259,Q76MZ3,P70372	D4A624,P35739,D4A9N5,P08592,P17325,P62260,Q5XI34,B5DF91
7443	Q8R1F9,Q3UFB7,P12023,Q61510,P05627,P70372,Q62376,P62259	Q5BK64,P35739,P08592,D4A9N5,P17325,B5DF91,B2RZ74,P62260
7443	Q8R464,Q3UFB7,P12023,Q61510,P05627,P70372,Q9CZN7,P62259	F1M7V6,P35739,P08592,D4A9N5,P17325,B5DF91,Q5U3Z7,P62260
11064	Q9DB43,Q61510,P62259,P12023,P70372,P05627,Q80V62,Q9WV55	M0RCA3,D4A9N5,P62260,P08592,B5DF91,P17325,A0A0G2K5U0,Q9Z270
11064	E9Q3H6,Q61510,P62259,P12023,P70372,P05627,Q3UFB7,O35459	D3ZX74,D4A9N5,P62260,P08592,B5DF91,P17325,P35739,Q62651
6326	A2BGN7,Q80V62,P05627,P12023,Q61510,Q3UFB7,Q8R317,P70372	Q5BJY8,A0A0G2K5U0,P17325,P08592,D4A9N5,P35739,A0A140TAI1,B5DF91
6326	Q9DBJ6,Q3UFB7,P05627,P12023,Q61510,Q80V62,Q9WUD1,P70372	Q5BJY4,P35739,P17325,P08592,D4A9N5,A0A0G2K5U0,D4A4T0,B5DF91
6326	Q3TPJ7,Q80V62,Q61510,P12023,P05627,Q3UFB7,O35226,P70372	D4AE48,A0A0G2K5U0,D4A9N5,P08592,P17325,P35739,O88321,B5DF91
4167	Q61510,Q3UFB7,Q80UL9,P60710,P97792,P62259,Q80V62,P12023	D4A9N5,P35739,D4A1C2,P60711,Q9R066,P62260,A0A0G2K5U0,P08592
4167	Q6K1E7,Q3UFB7,P12023,P48754,Q61510,Q80V62,P62259,Q80WJ1	Q5J2D6,P35739,P08592,G3V8S5,D4A9N5,A0A0G2K5U0,P62260,Q66HC8
2244	Q9CQQ0,Q61510,P60521,Q80V62,Q3UFB7,P62259,P12023,Q8BIV3	G3V8Z7,D4A9N5,P60522,A0A0G2K5U0,P35739,P62260,P08592,D4A634
2244	P12023,Q6K1E7,P48754,Q3UFB7,P70372,Q80V62,Q80WJ1,Q61510	P08592,Q5J2D6,G3V8S5,P35739,B5DF91,A0A0G2K5U0,Q66HC8,D4A9N5
6965	Q8R1F9,P12023,Q80V62,Q3UFB7,P70372,P05627,Q62376,P62259	Q5BK64,P08592,A0A0G2K5U0,P35739,B5DF91,P17325,B2RZ74,P62260
6965	Q8R464,P12023,Q80V62,Q3UFB7,P70372,P05627,Q9CZN7,P62259	F1M7V6,P08592,A0A0G2K5U0,P35739,B5DF91,P17325,Q5U3Z7,P62260
8996	D3Z1Q2,Q61510,Q3UFB7,P62259,P05627,P70372,P35821,P12023	D4AE95,D4A9N5,P35739,P62260,P17325,B5DF91,P20417,P08592
8996	D3Z1Q2,Q61510,Q80V62,P62259,P05627,P70372,P35821,P12023	D4AE95,D4A9N5,P35739,P62260,P17325,B5DF91,P20417,P08592
8996	D3Z1Q2,Q61510,Q80V62,P62259,P05627,P70372,P35821,P12023	D4AE95,D4A9N5,A0A0G2K5U0,P62260,P17325,B5DF91,P20417,P08592
8996	A0A0R4J1E4,P12023,Q3UFB7,P70372,P05627,P62259,Q60722,Q61510	Q6IE50,P08592,P35739,B5DF91,P17325,P62260,A0A0G2JWU7,D4A9N5
8996	Q91W63,Q61510,Q3UFB7,P62259,P05627,P70372,Q3UKC1,P12023	Q6AY91,D4A9N5,P35739,P62260,P17325,B5DF91,Q66HA4,P08592
8996	Q6NVG5,P12023,Q3UFB7,P70372,P05627,P62259,P35821,Q61510	D4A9U9,P08592,P35739,B5DF91,P17325,P62260,P20417,D4A9N5
8996	Q6NVG5,P12023,Q80V62,P70372,P05627,P62259,P35821,Q61510	D4A9U9,P08592,P35739,B5DF91,P17325,P62260,P20417,D4A9N5
8996	Q6NVG5,P12023,Q80V62,P70372,P05627,P62259,P35821,Q61510	D4A9U9,P08592,A0A0G2K5U0,B5DF91,P17325,P62260,P20417,D4A9N5
8996	D3Z3A3,P12023,Q3UFB7,P70372,P05627,P62259,Q60722,Q61510	Q6IE50,P08592,P35739,B5DF91,P17325,P62260,A0A0G2JWU7,D4A9N5
2739	Q9CQQ0,Q61510,P60521,Q80V62,Q3UFB7,P12023,P70372,Q8BIV3	G3V8Z7,D4A9N5,P60522,A0A0G2K5U0,P35739,P08592,B5DF91,D4A634
2739	Q61510,D3YXF5,Q6ZPL9,Q80V62,P62259,Q60754,Q3UFB7,P12023	D4A9N5,A0A0G2K7X7,D3ZX56,A0A0G2K5U0,P62260,M0R9F7,P35739,P08592
2902	P12023,O08537,P48754,Q3UFB7,P70372,Q8BJD1,P62259,Q61510	P08592,Q59IV8,G3V8S5,P35739,B5DF91,M0RAR2,P62260,D4A9N5
4489	P12023,Q8VHQ3,P70372,P54823,Q3UFB7,Q3UGS4,P62259,Q61510	P08592,D4AA72,B5DF91,D3ZD73,P35739,B0BN72,P62260,D4A9N5
4489	P12023,Q8VHQ3,P70372,P54823,Q80V62,Q3UGS4,P62259,Q61510	P08592,D4AA72,B5DF91,D3ZD73,P35739,B0BN72,P62260,D4A9N5
4489	P12023,Q8VHQ3,P70372,P54823,Q80V62,Q3UGS4,P62259,Q61510	P08592,D4AA72,B5DF91,D3ZD73,A0A0G2K5U0,B0BN72,P62260,D4A9N5
2224	P12023,O08537,P48754,Q3UFB7,P70372,Q80V62,Q8BJD1,Q61510	P08592,Q59IV8,G3V8S5,P35739,B5DF91,A0A0G2K5U0,M0RAR2,D4A9N5
8158	P12023,Q9Z2F6,Q3UFB7,P70372,P19785,Q61510,P62259,P05627	P08592,D3ZQF8,P35739,B5DF91,A0A0G2K0D4,D4A9N5,P62260,P17325
8158	P12023,Q9Z2F6,Q80V62,P70372,P19785,Q61510,P62259,P05627	P08592,D3ZQF8,P35739,B5DF91,A0A0G2K0D4,D4A9N5,P62260,P17325
8158	P12023,Q9Z2F6,Q80V62,P70372,P19785,Q61510,P62259,P05627	P08592,D3ZQF8,A0A0G2K5U0,B5DF91,A0A0G2K0D4,D4A9N5,P62260,P17325
8158	P12023,P51910,Q3UFB7,P70372,P19785,Q61510,P62259,P05627	P08592,M0R4S2,P35739,B5DF91,A0A0G2K0D4,D4A9N5,P62260,P17325
8158	P12023,P51910,Q80V62,P70372,P19785,Q61510,P62259,P05627	P08592,M0R4S2,P35739,B5DF91,A0A0G2K0D4,D4A9N5,P62260,P17325
8158	P12023,Q08423,Q3UFB7,P70372,P19785,Q61510,P62259,P05627	P08592,Q63467,P35739,B5DF91,A0A0G2K0D4,D4A9N5,P62260,P17325
8158	P12023,Q08423,Q80V62,P70372,P19785,Q61510,P62259,P05627	P08592,Q63467,P35739,B5DF91,A0A0G2K0D4,D4A9N5,P62260,P17325
8158	P12023,Q08423,Q80V62,P70372,P19785,Q61510,P62259,P05627	P08592,Q63467,A0A0G2K5U0,B5DF91,A0A0G2K0D4,D4A9N5,P62260,P17325
8158	Q61510,O08686,Q3UFB7,P62259,P01101,P12023,P70372,P05627	D4A9N5,D4A7E7,P35739,P62260,P12841,P08592,B5DF91,P17325
8158	Q61510,O08686,Q3UFB7,P62259,P01101,P12023,P70372,P05627	D4A9N5,D4A7E7,A0A0G2K5U0,P62260,P12841,P08592,B5DF91,P17325
8158	Q61510,O08686,Q80V62,P62259,P01101,P12023,P70372,P05627	D4A9N5,D4A7E7,P35739,P62260,P12841,P08592,B5DF91,P17325
8158	Q61510,O08686,Q80V62,P62259,P01101,P12023,P70372,P05627	D4A9N5,D4A7E7,A0A0G2K5U0,P62260,P12841,P08592,B5DF91,P17325
3530	Q9JHG1,P39428,Q61510,P62259,P12023,P70372,P02340,Q64323	B2GUT8,M0R5V5,D4A9N5,P62260,P08592,B5DF91,P10361,D4AAY7
3530	Q5M9N4,P39428,Q61510,P62259,P12023,P70372,P02340,Q64323	D4A0Z0,M0R5V5,D4A9N5,P62260,P08592,B5DF91,P10361,D4AAY7
3530	Q9D1C3,P39428,Q61510,P62259,P12023,P70372,P02340,Q64323	Q5U1Z8,M0R5V5,D4A9N5,P62260,P08592,B5DF91,P10361,D4AAY7
3530	Q8JZL2,Q62158,Q61510,P62259,P12023,P70372,P02340,Q9CQG3	P97639,B5DFI5,D4A9N5,P62260,P08592,B5DF91,P10361,Q7TSV3
1632	Q61510,Q9JHG1,Q3UFB7,P39428,P02340,P62259,Q64323,P70372	D4A9N5,B2GUT8,P35739,M0R5V5,P10361,P62260,D4AAY7,B5DF91
1632	Q61510,Q9JHG1,Q3UFB7,P39428,P02340,P62259,Q64323,P70372	D4A9N5,D4A0Z0,P35739,M0R5V5,P10361,P62260,D4AAY7,B5DF91
1632	Q61510,Q5M9N4,Q3UFB7,P39428,P02340,P62259,Q64323,P70372	D4A9N5,B2GUT8,P35739,M0R5V5,P10361,P62260,D4AAY7,B5DF91
1632	Q61510,Q5M9N4,Q3UFB7,P39428,P02340,P62259,Q64323,P70372	D4A9N5,D4A0Z0,P35739,M0R5V5,P10361,P62260,D4AAY7,B5DF91
1632	Q61510,Q9D1C3,Q3UFB7,P39428,P02340,P62259,Q64323,P70372	D4A9N5,Q5U1Z8,P35739,M0R5V5,P10361,P62260,D4AAY7,B5DF91
1632	Q61510,Q8JZL2,Q3UFB7,Q62158,P02340,P62259,Q9CQG3,P70372	D4A9N5,P97639,P35739,B5DFI5,P10361,P62260,Q7TSV3,B5DF91
1666	P12023,Q9JHG1,Q3UFB7,P39428,P02340,P70372,Q64323,P62259	P08592,B2GUT8,P35739,M0R5V5,P10361,B5DF91,D4AAY7,P62260
1666	P12023,Q5M9N4,Q3UFB7,P39428,P02340,P70372,Q64323,P62259	P08592,B2GUT8,P35739,M0R5V5,P10361,B5DF91,D4AAY7,P62260
1666	P12023,Q5M9N4,Q3UFB7,P39428,P02340,P70372,Q64323,P62259	P08592,D4A0Z0,P35739,M0R5V5,P10361,B5DF91,D4AAY7,P62260
1666	P12023,Q9D1C3,Q3UFB7,P39428,P02340,P70372,Q64323,P62259	P08592,Q5U1Z8,P35739,M0R5V5,P10361,B5DF91,D4AAY7,P62260
1666	P12023,Q8JZL2,Q3UFB7,Q62158,P02340,P70372,Q9CQG3,P62259	P08592,P97639,P35739,B5DFI5,P10361,B5DF91,Q7TSV3,P62260
7355	Q9D1M4,Q3UFB7,P12023,Q61510,P05627,P70372,Q68FL6,P62259	B2RYN3,P35739,P08592,D4A9N5,P17325,B5DF91,D3Z941,P62260
7355	Q9D1M4,Q80V62,P12023,Q61510,P05627,P70372,Q68FL6,P62259	B2RYN3,P35739,P08592,D4A9N5,P17325,B5DF91,D3Z941,P62260
7355	Q9D1M4,Q80V62,P12023,Q61510,P05627,P70372,Q68FL6,P62259	B2RYN3,A0A0G2K5U0,P08592,D4A9N5,P17325,B5DF91,D3Z941,P62260
9111	Q9ERD8,Q80V62,Q61510,P05627,P62259,P70372,P12023,O55222	D3ZWK2,A0A0G2K5U0,D4A9N5,P17325,P62260,B5DF91,P08592,Q99J82
9111	Q9D976,Q80V62,Q61510,P05627,P62259,P70372,P12023,P61290	D3ZIG2,A0A0G2K5U0,D4A9N5,P17325,P62260,B5DF91,P08592,Q5FVM2
9111	E0CXC6,Q3UFB7,Q61510,P05627,P62259,P70372,P12023,O70435	Q5XIU7,P35739,D4A9N5,P17325,P62260,B5DF91,P08592,P18422
9111	E0CXC6,Q80V62,Q61510,P05627,P62259,P70372,P12023,O70435	Q5XIU7,P35739,D4A9N5,P17325,P62260,B5DF91,P08592,P18422
9111	E0CXC6,Q80V62,Q61510,P05627,P62259,P70372,P12023,O70435	Q5XIU7,A0A0G2K5U0,D4A9N5,P17325,P62260,B5DF91,P08592,P18422
9111	Q91WS4,Q3UFB7,Q61510,P05627,P62259,P70372,P12023,Q6P549	F1LMG2,P35739,D4A9N5,P17325,P62260,B5DF91,P08592,V9GZ88
6274	P12023,O54864,Q3UFB7,Q80V62,P70372,Q9Z1D8,Q61510,P01108	P08592,G3V6S6,P35739,A0A0G2K5U0,B5DF91,A0A0G2K008,D4A9N5,P09416
6274	Q61510,Q5SSH7,Q3UFB7,Q80V62,P62259,Q80WM7,P12023,P01108	D4A9N5,D3ZG78,P35739,A0A0G2K5U0,P62260,D4AB49,P08592,P09416
6274	Q61510,P68500,Q3UFB7,Q80V62,P62259,A0A0R4IZZ1,P12023,P01108	D4A9N5,F1M173,P35739,A0A0G2K5U0,P62260,F1LRS5,P08592,P09416
6862	Q5SSH7,P12023,Q3UFB7,Q80V62,P70372,Q61510,Q80WM7,P01108	D3ZG78,P08592,P35739,A0A0G2K5U0,B5DF91,D4A9N5,D4AB49,P09416
6862	Q61510,P62259,Q8R5A3,Q80TN5,A0A0B4J1E2,Q3UFB7,P12023,P70372	D4A9N5,P62260,D3ZDZ1,E9PTT0,D4A8G7,P35739,P08592,B5DF91
6862	P68500,P12023,Q3UFB7,Q80V62,P70372,Q61510,A0A0R4IZZ1,P01108	F1M173,P08592,P35739,A0A0G2K5U0,B5DF91,D4A9N5,F1LRS5,P09416
7239	Q3UFB7,Q80VA0,P05627,P12023,Q61510,Q61532,P70372,P62259	P35739,Q9R0C5,P17325,P08592,D4A9N5,P27704,B5DF91,P62260
7239	Q80V62,Q80VA0,P05627,P12023,Q61510,Q61532,P70372,P62259	P35739,Q9R0C5,P17325,P08592,D4A9N5,P27704,B5DF91,P62260
7239	Q80V62,Q80VA0,P05627,P12023,Q61510,Q61532,P70372,P62259	A0A0G2K5U0,Q9R0C5,P17325,P08592,D4A9N5,P27704,B5DF91,P62260
7239	Q3UFB7,P13634,P05627,P12023,Q61510,Q61532,P70372,P62259	P35739,B0BNN3,P17325,P08592,D4A9N5,P27704,B5DF91,P62260
7239	Q80V62,P13634,P05627,P12023,Q61510,Q61532,P70372,P62259	P35739,B0BNN3,P17325,P08592,D4A9N5,P27704,B5DF91,P62260
7239	Q80V62,P13634,P05627,P12023,Q61510,Q61532,P70372,P62259	A0A0G2K5U0,B0BNN3,P17325,P08592,D4A9N5,P27704,B5DF91,P62260
7239	Q80V62,A2BGN7,P05627,Q61510,P12023,Q8R317,P62259,P70372	A0A0G2K5U0,Q5BJY8,P17325,D4A9N5,P08592,A0A140TAI1,P62260,B5DF91
7239	Q3UFB7,Q9DBJ6,P05627,Q61510,P12023,Q9WUD1,P62259,P70372	P35739,Q5BJY4,P17325,D4A9N5,P08592,D4A4T0,P62260,B5DF91
8749	Q4ZJM9,Q3UFB7,Q61510,P12023,P62259,P70372,Q80V62,P05480	D3ZMN4,P35739,D4A9N5,P08592,P62260,B5DF91,A0A0G2K5U0,Q9WUD9
8749	O88673,Q3UFB7,Q61510,P12023,P62259,P70372,Q80V62,P05480	P51556,P35739,D4A9N5,P08592,P62260,B5DF91,A0A0G2K5U0,Q9WUD9
9089	Q4ZJM9,P12023,Q3UFB7,P70372,P05627,P62259,Q80V62,P05480	D3ZMN4,P08592,P35739,B5DF91,P17325,P62260,A0A0G2K5U0,Q9WUD9
9089	O88673,P12023,Q3UFB7,P70372,P05627,P62259,Q80V62,P05480	P51556,P08592,P35739,B5DF91,P17325,P62260,A0A0G2K5U0,Q9WUD9
9089	D3YXF5,P12023,Q80V62,P70372,P05627,P62259,Q3UFB7,Q06890	A0A0G2K7X7,P08592,A0A0G2K5U0,B5DF91,P17325,P62260,P35739,G3V836
6979	E9Q3C1,Q61510,Q80V62,Q3UFB7,P62259,P05627,Q8R1Q8,P70372	Q6P691,D4A9N5,A0A0G2K5U0,P35739,P62260,P17325,G3V7G0,B5DF91
6979	A2BGN7,Q61510,Q80V62,Q3UFB7,P62259,P05627,Q8R317,P70372	Q5BJY8,D4A9N5,A0A0G2K5U0,P35739,P62260,P17325,A0A140TAI1,B5DF91
6979	Q8BGF9,Q61510,Q80V62,Q3UFB7,P62259,P05627,Q02257,P70372	D3ZSN7,D4A9N5,A0A0G2K5U0,P35739,P62260,P17325,Q6P0K8,B5DF91
6979	Q9D850,Q61510,Q80V62,Q3UFB7,P62259,P05627,Q99P72,P70372	D3ZF19,D4A9N5,A0A0G2K5U0,P35739,P62260,P17325,Q9JK11,B5DF91
8000	Q8C033,Q80V62,Q61510,P05627,Q3UFB7,P70372,Q9JLI8,P62259	M0R3X3,A0A0G2K5U0,D4A9N5,P17325,P35739,B5DF91,D3ZAS8,P62260
8000	Q61114,Q3UFB7,Q61510,P05627,Q80V62,P70372,Q9D880,P62259	A0A140TAH2,P35739,D4A9N5,P17325,A0A0G2K5U0,B5DF91,D3ZJX5,P62260
8920	Q8JZM4,Q3UFB7,P12023,P05627,P70372,P62259,Q01705,Q61510	A0A1W2Q656,P35739,P08592,P17325,B5DF91,P62260,Q07008,D4A9N5
8920	Q8JZM4,Q80V62,P12023,P05627,P70372,P62259,Q01705,Q61510	A0A1W2Q656,P35739,P08592,P17325,B5DF91,P62260,Q07008,D4A9N5
2862	P12023,Q8BHA9,P48754,Q3UFB7,P70372,P97370,Q61510,P62259	P08592,Q66H78,G3V8S5,P35739,B5DF91,Q63377,D4A9N5,P62260
2862	P12023,Q61826,P48754,Q3UFB7,P70372,A2A5R2,Q61510,P62259	P08592,O70540,G3V8S5,P35739,B5DF91,Q7TSU1,D4A9N5,P62260
2862	P12023,B7ZCC9,P48754,Q3UFB7,P70372,Q9D3R3,Q61510,P62259	P08592,A0A0G2JXP6,G3V8S5,P35739,B5DF91,D3ZVQ1,D4A9N5,P62260
4447	P12023,Q8BHA9,P70372,P48754,Q80V62,P97370,Q61510,P62259	P08592,Q66H78,B5DF91,G3V8S5,A0A0G2K5U0,Q63377,D4A9N5,P62260
4447	P12023,Q61826,P70372,P48754,Q80V62,A2A5R2,Q61510,P62259	P08592,O70540,B5DF91,G3V8S5,A0A0G2K5U0,Q7TSU1,D4A9N5,P62260
4447	P12023,B7ZCC9,P70372,P48754,Q80V62,Q9D3R3,Q61510,P62259	P08592,A0A0G2JXP6,B5DF91,G3V8S5,A0A0G2K5U0,D3ZVQ1,D4A9N5,P62260
8654	E9QAF4,Q3UFB7,Q61510,P12023,P62259,P70372,P23804,P05627	A0A0G2KB72,P35739,D4A9N5,P08592,P62260,B5DF91,A0A0G2JVC1,P17325
8654	E9QAF4,Q80V62,Q61510,P12023,P62259,P70372,P23804,P05627	A0A0G2KB72,P35739,D4A9N5,P08592,P62260,B5DF91,A0A0G2JVC1,P17325
8654	E9QAF4,Q80V62,Q61510,P12023,P62259,P70372,P23804,P05627	A0A0G2KB72,A0A0G2K5U0,D4A9N5,P08592,P62260,B5DF91,A0A0G2JVC1,P17325
7292	Q8C7M3,Q3UFB7,P12023,Q61510,P05627,P70372,P23804,P62259	Q91ZY8,P35739,P08592,D4A9N5,P17325,B5DF91,A0A0G2JVC1,P62260
7292	Q8C7M3,Q80V62,P12023,Q61510,P05627,P70372,P23804,P62259	Q91ZY8,P35739,P08592,D4A9N5,P17325,B5DF91,A0A0G2JVC1,P62260
7292	Q9DCX8,Q3UFB7,P12023,Q61510,P05627,P70372,P23804,P62259	Q5BK17,P35739,P08592,D4A9N5,P17325,B5DF91,A0A0G2JVC1,P62260
7292	Q9DCX8,Q80V62,P12023,Q61510,P05627,P70372,P23804,P62259	Q5BK17,P35739,P08592,D4A9N5,P17325,B5DF91,A0A0G2JVC1,P62260
7292	Q9DCX8,Q80V62,P12023,Q61510,P05627,P70372,P23804,P62259	Q5BK17,A0A0G2K5U0,P08592,D4A9N5,P17325,B5DF91,A0A0G2JVC1,P62260
7292	F8VPT6,Q80V62,Q61510,P12023,P05627,P62259,Q07832,P70372	D3ZJN9,A0A0G2K5U0,D4A9N5,P08592,P17325,P62260,A0A140TAD2,B5DF91
4071	Q8VEI3,Q80V62,Q61510,P05480,P12023,Q3UFB7,P70372,P97318	A0A0G2JSP4,A0A0G2K5U0,D4A9N5,Q9WUD9,P08592,P35739,B5DF91,Q8CJH2
4071	Q9JM51,Q80V62,Q61510,P05480,P12023,Q3UFB7,P70372,Q62053	Q9JHF3,A0A0G2K5U0,D4A9N5,Q9WUD9,P08592,P35739,B5DF91,Q62928
4071	Q9JKV9,Q3UFB7,Q61510,Q06890,P12023,Q80V62,P70372,E9Q9A6	D3ZFI7,P35739,D4A9N5,G3V836,P08592,A0A0G2K5U0,B5DF91,B8K1X9
4071	Q9JKV9,Q3UFB7,Q61510,Q06890,P12023,Q80V62,P70372,E9Q9A6	D4A2T8,P35739,D4A9N5,G3V836,P08592,A0A0G2K5U0,B5DF91,B8K1X9
4071	Q8CJ70,Q3UFB7,Q61510,Q06890,P12023,Q80V62,P70372,E9Q9A6	D3ZFI7,P35739,D4A9N5,G3V836,P08592,A0A0G2K5U0,B5DF91,B8K1X9
4071	Q8CJ70,Q3UFB7,Q61510,Q06890,P12023,Q80V62,P70372,E9Q9A6	D4A2T8,P35739,D4A9N5,G3V836,P08592,A0A0G2K5U0,B5DF91,B8K1X9
4938	A2AWP8,P12023,P70372,P54823,Q3UFB7,Q61510,P62259,Q9D6N5	M0RBM9,P08592,B5DF91,D3ZD73,P35739,D4A9N5,P62260,A0JPP1
4938	A2AWP8,P12023,P70372,P54823,Q80V62,Q61510,P62259,Q9D6N5	M0RBM9,P08592,B5DF91,D3ZD73,P35739,D4A9N5,P62260,A0JPP1
4938	A2AWP8,P12023,P70372,P54823,Q80V62,Q61510,P62259,Q9D6N5	M0RBM9,P08592,B5DF91,D3ZD73,A0A0G2K5U0,D4A9N5,P62260,A0JPP1
4938	Q8BMJ8,P12023,P70372,P62137,Q3UFB7,Q61510,P62259,Q9DBX7	D3ZQL2,P08592,B5DF91,P62138,P35739,D4A9N5,P62260,D3ZIH3
4938	E9QK82,P12023,P70372,P54823,Q3UFB7,Q61510,P62259,Q9CZX5	P06907,P08592,B5DF91,D3ZD73,P35739,D4A9N5,P62260,A4L691
4938	E9QK82,P12023,P70372,P54823,Q80V62,Q61510,P62259,Q9CZX5	P06907,P08592,B5DF91,D3ZD73,P35739,D4A9N5,P62260,A4L691
4938	E9QK82,P12023,P70372,P54823,Q80V62,Q61510,P62259,Q9CZX5	P06907,P08592,B5DF91,D3ZD73,A0A0G2K5U0,D4A9N5,P62260,A4L691
4938	Q0VFX2,P12023,P70372,P54823,Q3UFB7,Q61510,P62259,Q9D6N5	Q4V7B0,P08592,B5DF91,D3ZD73,P35739,D4A9N5,P62260,A0JPP1
4938	Q0VFX2,P12023,P70372,P54823,Q80V62,Q61510,P62259,Q9D6N5	Q4V7B0,P08592,B5DF91,D3ZD73,P35739,D4A9N5,P62260,A0JPP1
4938	Q0VFX2,P12023,P70372,P54823,Q80V62,Q61510,P62259,Q9D6N5	Q4V7B0,P08592,B5DF91,D3ZD73,A0A0G2K5U0,D4A9N5,P62260,A0JPP1
4938	Q9D979,P12023,P70372,P63085,Q3UFB7,Q61510,P62259,Q9D0T2	D4A8L7,P08592,B5DF91,P63086,P35739,D4A9N5,P62260,Q9JIM4
4938	Q9D979,P12023,P70372,P63085,Q3UFB7,Q61510,P62259,Q9D0T2	D4A8L7,P08592,B5DF91,P63086,A0A0G2K5U0,D4A9N5,P62260,Q9JIM4
4938	Q9D979,P12023,P70372,P63085,Q80V62,Q61510,P62259,Q9D0T2	D4A8L7,P08592,B5DF91,P63086,P35739,D4A9N5,P62260,Q9JIM4
4938	Q9D979,P12023,P70372,P63085,Q80V62,Q61510,P62259,Q9D0T2	D4A8L7,P08592,B5DF91,P63086,A0A0G2K5U0,D4A9N5,P62260,Q9JIM4
9516	P12023,P19785,P70372,Q80V62,P07744,P62259,Q61510,P05627	P08592,A0A0G2K0D4,B5DF91,A0A0G2K5U0,Q6IG00,P62260,D4A9N5,P17325
4319	P18762,Q3UFB7,Q8CG64,P12023,Q61510,P62259,Q78IQ7,Q60631	Q8VBU7,P35739,Q4KLJ4,P08592,D4A9N5,P62260,A0A0H2UHY4,P62994
4319	P18762,Q80V62,Q8CG64,P12023,Q61510,P62259,Q78IQ7,Q60631	Q8VBU7,P35739,Q4KLJ4,P08592,D4A9N5,P62260,A0A0H2UHY4,P62994
6989	A2BGN7,Q61510,Q80V62,Q3UFB7,P62259,P12023,Q8R317,P70372	Q5BJY8,D4A9N5,A0A0G2K5U0,P35739,P62260,P08592,A0A140TAI1,B5DF91
6989	F8VPT6,Q61510,Q80V62,Q3UFB7,P62259,P12023,Q07832,P70372	D3ZJN9,D4A9N5,A0A0G2K5U0,P35739,P62260,P08592,A0A140TAD2,B5DF91
1722	Q921D9,Q99JX7,P12023,Q3UFB7,P70372,Q61510,Q80V62,Q8BMU0	A0A0G2JTY1,F1MA52,P08592,P35739,B5DF91,D4A9N5,A0A0G2K5U0,F1LNL6
1722	Q91WA9,Q04207,P12023,Q80V62,P70372,Q61510,Q3UFB7,Q64343	D3ZCM3,Q7TQN4,P08592,A0A0G2K5U0,B5DF91,D4A9N5,P35739,G3V642
1722	Q8JZM6,Q99JX7,P12023,Q3UFB7,P70372,Q61510,Q80V62,Q793I8	Q5BK67,F1MA52,P08592,P35739,B5DF91,D4A9N5,A0A0G2K5U0,Q5XIB9
8167	Q61510,P63277,Q3UFB7,P62259,Q91V79,P12023,P70372,P62137	D4A9N5,P63278,P35739,P62260,D3ZIQ3,P08592,B5DF91,P62138
8167	Q61510,O88554,Q80V62,P62259,Q0VDY1,P12023,P70372,P48754	D4A9N5,G3V749,A0A0G2K5U0,P62260,D3ZSJ1,P08592,B5DF91,G3V8S5
8167	Q61510,O88554,Q80V62,P62259,Q8CI52,P12023,P70372,P48754	D4A9N5,G3V749,A0A0G2K5U0,P62260,D4A135,P08592,B5DF91,G3V8S5
6964	Q9CZ69,Q61510,Q80V62,Q3UFB7,P62259,P05627,A0A0R4J187,P70372	Q7TNZ9,D4A9N5,A0A0G2K5U0,P35739,P62260,P17325,Q6AZ64,B5DF91
7267	Q99JT5,Q3UFB7,Q61510,P12023,P05627,P62259,P63087,P70372	Q5PPL1,P35739,D4A9N5,P08592,P17325,P62260,P63088,B5DF91
7267	Q99JT5,Q80V62,Q61510,P12023,P05627,P62259,P63087,P70372	Q5PPL1,P35739,D4A9N5,P08592,P17325,P62260,P63088,B5DF91
7267	Q99JT5,Q80V62,Q61510,P12023,P05627,P62259,P63087,P70372	Q5PPL1,A0A0G2K5U0,D4A9N5,P08592,P17325,P62260,P63088,B5DF91
2661	P12023,Q62158,P70372,P56942,Q8JZL2,P02340,Q9CQG3,P62259	P08592,B5DFI5,B5DF91,G3V6L0,P97639,P10361,Q7TSV3,P62260
2661	Q61510,P26450,Q80V62,P32082,Q9EQX0,Q3UFB7,G3UYL9,P70372	D4A9N5,F1LNG5,A0A0G2K5U0,Q02644,Q9QYH7,P35739,G3V7D9,B5DF91
2661	Q61510,P26450,Q80V62,Q99P50,Q9EQX0,Q3UFB7,G3UYL9,P70372	D4A9N5,F1LNG5,A0A0G2K5U0,O08725,Q9QYH7,P35739,G3V7D9,B5DF91
4731	P12023,Q6K1E7,P70372,P48754,Q80V62,Q80WJ1,Q61510,P62259	P08592,Q5J2D6,B5DF91,G3V8S5,A0A0G2K5U0,Q66HC8,D4A9N5,P62260
7359	O08804,Q80V62,P12023,P05627,Q61510,P70372,O55222,P62259	F7F6T5,A0A0G2K5U0,P08592,P17325,D4A9N5,B5DF91,Q99J82,P62260
7359	Q8BGN2,Q3UFB7,P12023,P05627,Q61510,P70372,Q3UA06,P62259	Q5M845,P35739,P08592,P17325,D4A9N5,B5DF91,Q5XHZ9,P62260
7359	Q8BGN2,Q80V62,P12023,P05627,Q61510,P70372,Q3UA06,P62259	Q5M845,P35739,P08592,P17325,D4A9N5,B5DF91,Q5XHZ9,P62260
7359	Q8BGN2,Q80V62,P12023,P05627,Q61510,P70372,Q3UA06,P62259	Q5M845,A0A0G2K5U0,P08592,P17325,D4A9N5,B5DF91,Q5XHZ9,P62260
7933	O08804,Q3UFB7,P05627,Q61510,Q80V62,P70372,O55222,P62259	F7F6T5,P35739,P17325,D4A9N5,A0A0G2K5U0,B5DF91,Q99J82,P62260
7933	Q9Z2C5,Q3UFB7,P05627,Q61510,Q80V62,P70372,O55222,P62259	A0A140TAI5,P35739,P17325,D4A9N5,A0A0G2K5U0,B5DF91,Q99J82,P62260
6944	O89013,Q61510,Q3UFB7,Q80V62,P62259,P05627,Q9DD03,P70372	Q9JLS8,D4A9N5,P35739,A0A0G2K5U0,P62260,P17325,P35286,B5DF91
2828	P12023,Q9Z0Y2,Q6PAJ1,Q80V62,P70372,P98200,Q61510,P62259	P08592,P04055,F1LXF1,A0A0G2K5U0,B5DF91,D4A3X6,D4A9N5,P62260
2828	P12023,E9QPR7,A0A0R4IZW5,Q3UFB7,P70372,Q9EQJ9,Q61510,P62259	P08592,D3ZPL7,Q9R0T4,P35739,B5DF91,F1M7S0,D4A9N5,P62260
2828	P12023,E9QPR7,A0A0R4IZW5,Q80V62,P70372,Q9EQJ9,Q61510,P62259	P08592,D3ZPL7,Q9R0T4,P35739,B5DF91,F1M7S0,D4A9N5,P62260
2828	P12023,E9QPR7,A0A0R4IZW5,Q80V62,P70372,Q9EQJ9,Q61510,P62259	P08592,D3ZPL7,Q9R0T4,A0A0G2K5U0,B5DF91,F1M7S0,D4A9N5,P62260
2828	P12023,Q3UUY0,A0A0R4IZW5,Q3UFB7,P70372,Q9D952,Q61510,P62259	P08592,M0R5D7,Q9R0T4,P35739,B5DF91,G3V765,D4A9N5,P62260
2828	P12023,Q3UUY0,A0A0R4IZW5,Q80V62,P70372,Q9D952,Q61510,P62259	P08592,M0R5D7,Q9R0T4,P35739,B5DF91,G3V765,D4A9N5,P62260
2828	P12023,Q3UUY0,A0A0R4IZW5,Q80V62,P70372,Q9D952,Q61510,P62259	P08592,M0R5D7,Q9R0T4,A0A0G2K5U0,B5DF91,G3V765,D4A9N5,P62260
4420	P12023,Q9Z0Y2,P70372,Q6PAJ1,Q3UFB7,P98200,Q61510,P62259	P08592,P04055,B5DF91,F1LXF1,P35739,D4A3X6,D4A9N5,P62260
4420	P12023,Q04573,P70372,P54823,Q3UFB7,Q9CQQ8,Q61510,P62259	P08592,G3V7T1,B5DF91,D3ZD73,P35739,D4A2D8,D4A9N5,P62260
4420	P12023,Q04573,P70372,P54823,Q80V62,Q9CQQ8,Q61510,P62259	P08592,G3V7T1,B5DF91,D3ZD73,P35739,D4A2D8,D4A9N5,P62260
4420	P12023,E9QNZ9,P70372,P54823,Q3UFB7,Q9R0A0,Q61510,P62259	P08592,D3Z9J9,B5DF91,D3ZD73,P35739,Q642G4,D4A9N5,P62260
4420	P12023,E9QNZ9,P70372,P54823,Q80V62,Q9R0A0,Q61510,P62259	P08592,D3Z9J9,B5DF91,D3ZD73,P35739,Q642G4,D4A9N5,P62260
4420	P12023,E9QNZ9,P70372,P54823,Q80V62,Q9R0A0,Q61510,P62259	P08592,D3Z9J9,B5DF91,D3ZD73,A0A0G2K5U0,Q642G4,D4A9N5,P62260
4420	P12023,Q9Z2Y2,P70372,P54823,Q3UFB7,Q03958,Q61510,P62259	P08592,D4A2A5,B5DF91,D3ZD73,P35739,Q6MGC4,D4A9N5,P62260
4420	P12023,Q9Z2Y2,P70372,P54823,Q80V62,Q03958,Q61510,P62259	P08592,D4A2A5,B5DF91,D3ZD73,P35739,Q6MGC4,D4A9N5,P62260
4420	P12023,Q9Z2Y2,P70372,P54823,Q80V62,Q03958,Q61510,P62259	P08592,D4A2A5,B5DF91,D3ZD73,A0A0G2K5U0,Q6MGC4,D4A9N5,P62260
2201	P12023,Q8BHA9,P48754,Q3UFB7,P70372,Q80V62,P97370,Q61510	P08592,Q66H78,G3V8S5,P35739,B5DF91,A0A0G2K5U0,Q63377,D4A9N5
2201	P12023,Q61826,P48754,Q3UFB7,P70372,Q80V62,A2A5R2,Q61510	P08592,O70540,G3V8S5,P35739,B5DF91,A0A0G2K5U0,Q7TSU1,D4A9N5
2201	P12023,B7ZCC9,P48754,Q3UFB7,P70372,Q80V62,Q9D3R3,Q61510	P08592,A0A0G2JXP6,G3V8S5,P35739,B5DF91,A0A0G2K5U0,D3ZVQ1,D4A9N5
4332	Q3UFB7,P12023,P35456,P48754,Q9JMI7,Q61510,P70372,P62259	P35739,P08592,M0R3P2,G3V8S5,G3V8N9,D4A9N5,B5DF91,P62260
4332	Q3UFB7,P12023,Q99LU8,A0A0R4IZW5,Q8R007,Q61510,P70372,P62259	P35739,P08592,Q7TP28,Q9R0T4,D3ZET1,D4A9N5,B5DF91,P62260
4332	Q3UFB7,P12023,Q99LU8,A0A0R4IZW5,Q8R007,Q61510,P70372,P62259	A0A0G2K5U0,P08592,Q7TP28,Q9R0T4,D3ZET1,D4A9N5,B5DF91,P62260
4332	Q80V62,P12023,Q99LU8,A0A0R4IZW5,Q8R007,Q61510,P70372,P62259	P35739,P08592,Q7TP28,Q9R0T4,D3ZET1,D4A9N5,B5DF91,P62260
4332	Q80V62,P12023,Q99LU8,A0A0R4IZW5,Q8R007,Q61510,P70372,P62259	A0A0G2K5U0,P08592,Q7TP28,Q9R0T4,D3ZET1,D4A9N5,B5DF91,P62260
4068	Q9DBP0,Q3UFB7,Q61510,P31750,P12023,Q80V62,P70372,P15920	A0A0H2UHZ0,P35739,D4A9N5,P47196,P08592,A0A0G2K5U0,B5DF91,Q3B7D3
4068	P12023,Q3UFB7,P35456,P48754,Q9JMI7,Q80V62,P70372,Q61510	P08592,P35739,M0R3P2,G3V8S5,G3V8N9,A0A0G2K5U0,B5DF91,D4A9N5
4393	Q61510,Q3UFB7,P70377,P02340,P49769,P62259,P12023,P70372	D4A9N5,P35739,Q9ERW3,P10361,P97887,P62260,P08592,B5DF91
4393	Q61510,Q80V62,P70377,P02340,P49769,P62259,P12023,P70372	D4A9N5,P35739,Q9ERW3,P10361,P97887,P62260,P08592,B5DF91
4393	Q61510,Q80V62,P70377,P02340,P49769,P62259,P12023,P70372	D4A9N5,A0A0G2K5U0,Q9ERW3,P10361,P97887,P62260,P08592,B5DF91
6413	Q8R2G4,Q3UFB7,Q61510,P12023,P01108,Q80V62,P62259,A2ANY6	Q6AYJ9,P35739,D4A9N5,P08592,P09416,A0A0G2K5U0,P62260,A0A0G2K9L9
6413	Q8R2G4,Q3UFB7,P12023,Q61510,P01108,Q80V62,P70372,A2ANY6	Q6AYJ9,P35739,P08592,D4A9N5,P09416,A0A0G2K5U0,B5DF91,A0A0G2K9L9
3532	P33033,P35821,Q61510,P62259,P12023,P70372,Q3UFB7,D3Z1Q2	G3V848,P20417,D4A9N5,P62260,P08592,B5DF91,P35739,D4AE95
3532	P33033,P35821,Q61510,P62259,P12023,P70372,Q3UFB7,D3Z1Q2	P32244,P20417,D4A9N5,P62260,P08592,B5DF91,P35739,D4AE95
3532	P33033,P35821,Q61510,P62259,P12023,P70372,Q3UFB7,D3Z1Q2	P32244,P20417,D4A9N5,P62260,P08592,B5DF91,A0A0G2K5U0,D4AE95
3532	P33033,P35821,Q61510,P62259,P12023,P70372,Q3UFB7,D3Z1Q2	P35345,P20417,D4A9N5,P62260,P08592,B5DF91,P35739,D4AE95
3532	P33033,P35821,Q61510,P62259,P12023,P70372,Q3UFB7,D3Z1Q2	P35345,P20417,D4A9N5,P62260,P08592,B5DF91,A0A0G2K5U0,D4AE95
3532	P33033,P35821,Q61510,P62259,P12023,P70372,Q80V62,D3Z1Q2	G3V848,P20417,D4A9N5,P62260,P08592,B5DF91,P35739,D4AE95
3532	P33033,P35821,Q61510,P62259,P12023,P70372,Q80V62,D3Z1Q2	P32244,P20417,D4A9N5,P62260,P08592,B5DF91,P35739,D4AE95
3532	P33033,P35821,Q61510,P62259,P12023,P70372,Q80V62,D3Z1Q2	P32244,P20417,D4A9N5,P62260,P08592,B5DF91,A0A0G2K5U0,D4AE95
3532	P33033,P35821,Q61510,P62259,P12023,P70372,Q80V62,D3Z1Q2	P35345,P20417,D4A9N5,P62260,P08592,B5DF91,P35739,D4AE95
3532	P33033,P35821,Q61510,P62259,P12023,P70372,Q80V62,D3Z1Q2	P35345,P20417,D4A9N5,P62260,P08592,B5DF91,A0A0G2K5U0,D4AE95
3532	Q9D159,P35821,Q61510,P62259,P12023,P70372,Q3UFB7,D3Z1Q2	G3V848,P20417,D4A9N5,P62260,P08592,B5DF91,P35739,D4AE95
3532	Q9D159,P35821,Q61510,P62259,P12023,P70372,Q3UFB7,D3Z1Q2	D4A897,P20417,D4A9N5,P62260,P08592,B5DF91,P35739,D4AE95
3532	Q9D159,P35821,Q61510,P62259,P12023,P70372,Q3UFB7,D3Z1Q2	D4A897,P20417,D4A9N5,P62260,P08592,B5DF91,A0A0G2K5U0,D4AE95
3532	Q9D159,P35821,Q61510,P62259,P12023,P70372,Q80V62,D3Z1Q2	G3V848,P20417,D4A9N5,P62260,P08592,B5DF91,P35739,D4AE95
3532	Q9D159,P35821,Q61510,P62259,P12023,P70372,Q80V62,D3Z1Q2	G3V848,P20417,D4A9N5,P62260,P08592,B5DF91,A0A0G2K5U0,D4AE95
3532	Q9D159,P35821,Q61510,P62259,P12023,P70372,Q80V62,D3Z1Q2	D4A897,P20417,D4A9N5,P62260,P08592,B5DF91,P35739,D4AE95
3532	Q9D159,P35821,Q61510,P62259,P12023,P70372,Q80V62,D3Z1Q2	D4A897,P20417,D4A9N5,P62260,P08592,B5DF91,A0A0G2K5U0,D4AE95
3532	Q64326,P35821,Q61510,P62259,P12023,P70372,Q3UFB7,D3Z1Q2	G3V848,P20417,D4A9N5,P62260,P08592,B5DF91,P35739,D4AE95
3532	Q64326,P35821,Q61510,P62259,P12023,P70372,Q3UFB7,D3Z1Q2	G3V848,P20417,D4A9N5,P62260,P08592,B5DF91,A0A0G2K5U0,D4AE95
3532	Q64326,P35821,Q61510,P62259,P12023,P70372,Q3UFB7,D3Z1Q2	P32244,P20417,D4A9N5,P62260,P08592,B5DF91,P35739,D4AE95
3532	Q64326,P35821,Q61510,P62259,P12023,P70372,Q3UFB7,D3Z1Q2	P35345,P20417,D4A9N5,P62260,P08592,B5DF91,P35739,D4AE95
3532	Q64326,P35821,Q61510,P62259,P12023,P70372,Q3UFB7,D3Z1Q2	D4A897,P20417,D4A9N5,P62260,P08592,B5DF91,P35739,D4AE95
3532	Q64326,P35821,Q61510,P62259,P12023,P70372,Q80V62,D3Z1Q2	G3V848,P20417,D4A9N5,P62260,P08592,B5DF91,P35739,D4AE95
3532	Q64326,P35821,Q61510,P62259,P12023,P70372,Q80V62,D3Z1Q2	G3V848,P20417,D4A9N5,P62260,P08592,B5DF91,A0A0G2K5U0,D4AE95
3532	Q64326,P35821,Q61510,P62259,P12023,P70372,Q80V62,D3Z1Q2	P32244,P20417,D4A9N5,P62260,P08592,B5DF91,P35739,D4AE95
3532	Q64326,P35821,Q61510,P62259,P12023,P70372,Q80V62,D3Z1Q2	P35345,P20417,D4A9N5,P62260,P08592,B5DF91,P35739,D4AE95
3532	Q64326,P35821,Q61510,P62259,P12023,P70372,Q80V62,D3Z1Q2	D4A897,P20417,D4A9N5,P62260,P08592,B5DF91,P35739,D4AE95
3532	G3UWB6,P35821,Q61510,P62259,P12023,P70372,Q3UFB7,D3Z1Q2	G3V848,P20417,D4A9N5,P62260,P08592,B5DF91,P35739,D4AE95
3532	G3UWB6,P35821,Q61510,P62259,P12023,P70372,Q3UFB7,D3Z1Q2	P32244,P20417,D4A9N5,P62260,P08592,B5DF91,P35739,D4AE95
3532	G3UWB6,P35821,Q61510,P62259,P12023,P70372,Q3UFB7,D3Z1Q2	P32244,P20417,D4A9N5,P62260,P08592,B5DF91,A0A0G2K5U0,D4AE95
3532	G3UWB6,P35821,Q61510,P62259,P12023,P70372,Q3UFB7,D3Z1Q2	P35345,P20417,D4A9N5,P62260,P08592,B5DF91,P35739,D4AE95
3532	G3UWB6,P35821,Q61510,P62259,P12023,P70372,Q3UFB7,D3Z1Q2	P35345,P20417,D4A9N5,P62260,P08592,B5DF91,A0A0G2K5U0,D4AE95
3532	G3UWB6,P35821,Q61510,P62259,P12023,P70372,Q80V62,D3Z1Q2	G3V848,P20417,D4A9N5,P62260,P08592,B5DF91,P35739,D4AE95
3532	G3UWB6,P35821,Q61510,P62259,P12023,P70372,Q80V62,D3Z1Q2	P32244,P20417,D4A9N5,P62260,P08592,B5DF91,P35739,D4AE95
3532	G3UWB6,P35821,Q61510,P62259,P12023,P70372,Q80V62,D3Z1Q2	P32244,P20417,D4A9N5,P62260,P08592,B5DF91,A0A0G2K5U0,D4AE95
3532	G3UWB6,P35821,Q61510,P62259,P12023,P70372,Q80V62,D3Z1Q2	P35345,P20417,D4A9N5,P62260,P08592,B5DF91,P35739,D4AE95
3532	G3UWB6,P35821,Q61510,P62259,P12023,P70372,Q80V62,D3Z1Q2	P35345,P20417,D4A9N5,P62260,P08592,B5DF91,A0A0G2K5U0,D4AE95
1778	O35903,P59240,Q61510,Q80V62,P62259,P12023,Q01279,Q9WUT7	Q32PX4,G3V9Y6,D4A9N5,P35739,P62260,P08592,G3V6K6,Q8CH33
1778	A0A087WSB9,Q3UNH6,Q3UFB7,Q61510,P12023,P62259,P05627,Q9D8T0	F1LVJ1,A0A0G2K331,P35739,D4A9N5,P08592,P62260,P17325,B5DFJ2
1778	A0A087WSB9,Q3UNH6,Q80V62,Q61510,P12023,P62259,P05627,Q9D8T0	F1LVJ1,A0A0G2K331,P35739,D4A9N5,P08592,P62260,P17325,B5DFJ2
2350	A2AQ52,A0A0R4J0T0,Q61510,Q3UFB7,P62259,P97310,P12023,Q9Z1W9	Q5PQV1,D3ZME7,D4A9N5,P35739,P62260,D3ZP96,P08592,O88506
2350	A2AQ52,A0A0R4J0T0,Q61510,Q80V62,P62259,P97310,P12023,Q9Z1W9	Q5PQV1,D3ZME7,D4A9N5,P35739,P62260,D3ZP96,P08592,O88506
2350	E9PYR6,A0A0R4J0T0,Q61510,Q3UFB7,P62259,P97310,P12023,Q9Z1W9	Q9ERC5,D3ZME7,D4A9N5,P35739,P62260,D3ZP96,P08592,O88506
2350	E9PYR6,A0A0R4J0T0,Q61510,Q80V62,P62259,P97310,P12023,Q9Z1W9	Q9ERC5,D3ZME7,D4A9N5,P35739,P62260,D3ZP96,P08592,O88506
2350	Q9D7F2,A0A0R4J0T0,Q61510,Q3UFB7,P62259,Q9CQV8,P12023,Q99LM2	D3ZUF1,D3ZME7,D4A9N5,P35739,P62260,P35213,P08592,Q642E3
2350	Q9D7F2,A0A0R4J0T0,Q61510,Q80V62,P62259,Q9CQV8,P12023,Q99LM2	D3ZUF1,D3ZME7,D4A9N5,P35739,P62260,P35213,P08592,Q642E3
2350	Q9ESF1,A0A0R4J0T0,Q61510,Q3UFB7,P62259,P97310,P12023,Q9Z1W9	Q9ERC5,D3ZME7,D4A9N5,P35739,P62260,D3ZP96,P08592,O88506
2350	Q9ESF1,A0A0R4J0T0,Q61510,Q80V62,P62259,P97310,P12023,Q9Z1W9	Q9ERC5,D3ZME7,D4A9N5,P35739,P62260,D3ZP96,P08592,O88506
2350	Q80YE4,A0A0R4J0T0,Q61510,Q3UFB7,P62259,P97310,P12023,Q9Z1W9	Q9ERC5,D3ZME7,D4A9N5,P35739,P62260,D3ZP96,P08592,O88506
2350	Q80YE4,A0A0R4J0T0,Q61510,Q80V62,P62259,P97310,P12023,Q9Z1W9	Q9ERC5,D3ZME7,D4A9N5,P35739,P62260,D3ZP96,P08592,O88506
6635	P12023,P32443,Q80V62,P70372,Q3UFB7,P20181,Q61510,P70196	P08592,G3V6T9,A0A0G2K5U0,B5DF91,P35739,P18280,D4A9N5,B5DF45
11063	A2ABU4,Q61510,P62259,P12023,P70372,P05627,Q80V62,Q8VHG2	D4A228,D4A9N5,P62260,P08592,B5DF91,P17325,A0A0G2K5U0,A0A0G2JX94
2308	Q3UN58,P97477,Q61510,Q80V62,P62259,P70372,P12023,Q61080	D4AAA5,Q3MHU2,D4A9N5,A0A0G2K5U0,P62260,B5DF91,P08592,M0R8R8
2308	Q0VBL1,A2AKB9,P12023,Q80V62,P70372,P62259,Q61510,B2RRL2	F1LVC4,D4A8G6,P08592,A0A0G2K5U0,B5DF91,P62260,D4A9N5,M0R5M5
4441	P12023,Q9CR21,P70372,P54823,Q3UFB7,Q9D009,Q61510,P62259	P08592,D3ZF13,B5DF91,D3ZD73,P35739,D3Z9Z2,D4A9N5,P62260
4441	P12023,Q9CR21,P70372,P54823,Q80V62,Q9D009,Q61510,P62259	P08592,D3ZF13,B5DF91,D3ZD73,P35739,D3Z9Z2,D4A9N5,P62260
8160	P12023,Q61115,Q3UFB7,P70372,Q8R4G6,Q61510,P62259,Q01279	P08592,Q6UY90,P35739,B5DF91,Q08834,D4A9N5,P62260,G3V6K6
8160	P12023,Q61115,Q80V62,P70372,Q8R4G6,Q61510,P62259,Q01279	P08592,Q6UY90,P35739,B5DF91,Q08834,D4A9N5,P62260,G3V6K6
8160	P12023,Q61115,Q80V62,P70372,Q8R4G6,Q61510,P62259,Q01279	P08592,Q6UY90,A0A0G2K5U0,B5DF91,Q08834,D4A9N5,P62260,G3V6K6
7559	Q9ES74,P12023,Q80V62,Q3UFB7,P70372,P62259,Q61510,Q07832	D3ZBE5,P08592,A0A0G2K5U0,P35739,B5DF91,P62260,D4A9N5,A0A140TAD2
7559	A2ACG1,P12023,Q80V62,Q3UFB7,P70372,P62259,Q61510,Q60676	D3ZQ38,P08592,A0A0G2K5U0,P35739,B5DF91,P62260,D4A9N5,P53042
6911	Q9ES74,P12023,Q80V62,Q3UFB7,P70372,P05627,Q61510,Q07832	D3ZBE5,P08592,A0A0G2K5U0,P35739,B5DF91,P17325,D4A9N5,A0A140TAD2
6316	P12023,Q3UFB7,Q64385,P47873,Q00560,P70372,Q61510,P62259	P08592,P35739,Q99MF4,G3V890,F1LPK1,B5DF91,D4A9N5,P62260
6316	P12023,Q3UFB7,Q64385,P47873,Q00560,P70372,Q61510,P62259	P08592,A0A0G2K5U0,Q99MF4,G3V890,F1LPK1,B5DF91,D4A9N5,P62260
6316	P12023,Q80V62,Q64385,P47873,Q00560,P70372,Q61510,P62259	P08592,P35739,Q99MF4,G3V890,F1LPK1,B5DF91,D4A9N5,P62260
6316	P12023,Q80V62,Q64385,P47873,Q00560,P70372,Q61510,P62259	P08592,A0A0G2K5U0,Q99MF4,G3V890,F1LPK1,B5DF91,D4A9N5,P62260
6505	Q14DH7,Q3UFB7,Q61510,P23804,P12023,P62259,P70372,Q8CFE2	A0A0G2K047,P35739,D4A9N5,A0A0G2JVC1,P08592,P62260,B5DF91,D3ZMN2
6505	A2RRY8,Q80V62,Q61510,Q61532,P12023,P62259,P70372,Q3ULF4	A0A0G2K8X4,A0A0G2K5U0,D4A9N5,P27704,P08592,P62260,B5DF91,Q7TT47
9114	A2ACG1,Q3UFB7,P12023,P05627,P70372,P62259,Q61510,Q60676	D3ZQ38,P35739,P08592,P17325,B5DF91,P62260,D4A9N5,P53042
6909	A2ACG1,P12023,Q80V62,Q3UFB7,P70372,P05627,Q61510,Q60676	D3ZQ38,P08592,A0A0G2K5U0,P35739,B5DF91,P17325,D4A9N5,P53042
2847	Q61510,Q6Y4S4,Q6PGH1,Q3UFB7,P62259,Q9R0S2,P05627,P12023	D4A9N5,Q7TSB7,O70454,P35739,P62260,A0A0G2KA10,P17325,P08592
2847	Q61510,Q6Y4S4,Q6PGH1,Q80V62,P62259,Q9R0S2,P05627,P12023	D4A9N5,Q7TSB7,O70454,P35739,P62260,A0A0G2KA10,P17325,P08592
4082	Q3UFB7,Q61510,P19091,O08674,O55144,P12023,P05627,P70372	P35739,D4A9N5,A0A0G2JSI8,D4AEG0,G3V6M6,P08592,P17325,B5DF91
8434	Q61510,Q9JMB7,Q80V62,P62259,Q9JLV5,P61407,P12023,P70372	D4A9N5,A0A140TA97,A0A0G2K5U0,P62260,A0A0G2JSP3,D3Z9I3,P08592,B5DF91
4317	Q91YI4,P12023,Q5U4C1,P70372,Q3UFB7,Q61510,P35377,P62259	P29067,P08592,M0R9R0,B5DF91,P35739,D4A9N5,P35370,P62260
7424	O89013,Q80V62,Q61510,P12023,P05627,P62259,Q9DD03,P70372	Q9JLS8,A0A0G2K5U0,D4A9N5,P08592,P17325,P62260,P35286,B5DF91
7424	Q91ZD1,Q3UFB7,Q61510,P12023,P05627,P62259,O70435,P70372	Q6AY34,P35739,D4A9N5,P08592,P17325,P62260,P18422,B5DF91
7424	Q91ZD1,Q80V62,Q61510,P12023,P05627,P62259,O70435,P70372	Q6AY34,P35739,D4A9N5,P08592,P17325,P62260,P18422,B5DF91
7424	Q91ZD1,Q80V62,Q61510,P12023,P05627,P62259,O70435,P70372	Q6AY34,A0A0G2K5U0,D4A9N5,P08592,P17325,P62260,P18422,B5DF91
2853	Q3UFB7,O88876,P02340,Q61510,P12023,Q9CQ39,P62259,P70372	P35739,Q3B7V0,P10361,D4A9N5,P08592,D4AA11,P62260,B5DF91
2853	Q80V62,O88876,P02340,Q61510,P12023,Q9CQ39,P62259,P70372	P35739,Q3B7V0,P10361,D4A9N5,P08592,D4AA11,P62260,B5DF91
1866	Q3TYX8,Q99JX7,Q3UFB7,P12023,Q61510,P70372,P62259,Q9D0F1	A0A0G2JUI2,F1MA52,P35739,P08592,D4A9N5,B5DF91,P62260,F7F189
1866	P29121,P14142,Q80V62,P12023,Q61510,P70372,P62259,P09535	D3ZKU8,P19357,A0A0G2K5U0,P08592,D4A9N5,B5DF91,P62260,P01346
1866	Q80WJ6,Q99JX7,Q3UFB7,P12023,Q61510,P70372,P62259,A0A0R4J0M9	F1M7G9,F1MA52,P35739,P08592,D4A9N5,B5DF91,P62260,Q8CF97
6393	P01575,Q3UFB7,B2RWS6,P12023,Q61510,P70372,P62259,P33896	P70499,P35739,A0A0G2QC09,P08592,D4A9N5,B5DF91,P62260,D3ZDS9
6393	P01575,Q80V62,B2RWS6,P12023,Q61510,P70372,P62259,P33896	P70499,P35739,A0A0G2QC09,P08592,D4A9N5,B5DF91,P62260,D3ZDS9
6393	P01575,Q80V62,B2RWS6,P12023,Q61510,P70372,P62259,P33896	P70499,A0A0G2K5U0,A0A0G2QC09,P08592,D4A9N5,B5DF91,P62260,D3ZDS9
6393	P12850,Q3UFB7,B2RWS6,Q61510,P12023,P62259,P70372,P18828	G3V6C6,P35739,A0A0G2QC09,D4A9N5,P08592,P62260,B5DF91,P26260
6393	P12850,Q3UFB7,B2RWS6,Q61510,P12023,P62259,P70372,P18828	G3V6C6,A0A0G2K5U0,A0A0G2QC09,D4A9N5,P08592,P62260,B5DF91,P26260
6393	P12850,Q80V62,B2RWS6,Q61510,P12023,P62259,P70372,P18828	G3V6C6,P35739,A0A0G2QC09,D4A9N5,P08592,P62260,B5DF91,P26260
6393	P12850,Q80V62,B2RWS6,Q61510,P12023,P62259,P70372,P18828	G3V6C6,A0A0G2K5U0,A0A0G2QC09,D4A9N5,P08592,P62260,B5DF91,P26260
6393	Q562E2,Q3UFB7,Q8BUN5,Q61510,P12023,P62259,P70372,Q3ULW6	F1LYX1,P35739,P84025,D4A9N5,P08592,P62260,B5DF91,Q5XIR4
6393	Q562E2,Q3UFB7,Q8BUN5,Q61510,P12023,P62259,P70372,Q3ULW6	F1LYX1,A0A0G2K5U0,P84025,D4A9N5,P08592,P62260,B5DF91,Q5XIR4
6393	Q562E2,Q80V62,Q8BUN5,Q61510,P12023,P62259,P70372,Q3ULW6	F1LYX1,P35739,P84025,D4A9N5,P08592,P62260,B5DF91,Q5XIR4
6393	Q562E2,Q80V62,Q8BUN5,Q61510,P12023,P62259,P70372,Q3ULW6	F1LYX1,A0A0G2K5U0,P84025,D4A9N5,P08592,P62260,B5DF91,Q5XIR4
8934	Q8K3K7,P12023,Q3UFB7,P70372,P05627,P62259,Q505D1,Q61510	D4AC45,P08592,P35739,B5DF91,P17325,P62260,F1M400,D4A9N5
9387	P05627,Q8K3K7,Q80V62,Q3UFB7,Q505D1,P62259,P70372,Q61510	P17325,D4AC45,A0A0G2K5U0,P35739,F1M400,P62260,B5DF91,D4A9N5
6430	P12023,Q8R5A3,Q80V62,Q3UFB7,P70372,Q80TN5,A0A0B4J1E2,P62259	P08592,D3ZDZ1,A0A0G2K5U0,P35739,B5DF91,E9PTT0,D4A8G7,P62260
4318	Q3UFB7,Q9WUP0,Q61510,Q9R0K7,P12023,P70160,P70372,P62259	P35739,Q9JHJ1,D4A9N5,P11506,P08592,P01257,B5DF91,P62260
4318	Q80V62,Q9WUP0,Q61510,Q9R0K7,P12023,P70160,P70372,P62259	P35739,Q9JHJ1,D4A9N5,P11506,P08592,P01257,B5DF91,P62260
4318	Q80V62,Q9WUP0,Q61510,Q9R0K7,P12023,P70160,P70372,P62259	A0A0G2K5U0,Q9JHJ1,D4A9N5,P11506,P08592,P01257,B5DF91,P62260
1633	Q61510,Q03288,P62259,D3Z1Q2,P35821,Q3UFB7,P33033,P12023	D4A9N5,F1LQS7,P62260,D4AE95,P20417,P35739,P32244,P08592
1633	Q61510,Q03288,P62259,D3Z1Q2,P35821,Q3UFB7,P33033,P12023	D4A9N5,F1LQS7,P62260,D4AE95,P20417,P35739,P35345,P08592
1633	Q61510,Q03288,P62259,D3Z1Q2,P35821,Q80V62,P33033,P12023	D4A9N5,F1LQS7,P62260,D4AE95,P20417,P35739,P32244,P08592
1633	Q61510,Q03288,P62259,D3Z1Q2,P35821,Q80V62,P33033,P12023	D4A9N5,F1LQS7,P62260,D4AE95,P20417,P35739,P35345,P08592
1633	Q61510,Q03288,P62259,D3Z1Q2,P35821,Q3UFB7,G3UWB6,P12023	D4A9N5,F1LQS7,P62260,D4AE95,P20417,P35739,P32244,P08592
1633	Q61510,Q03288,P62259,D3Z1Q2,P35821,Q3UFB7,G3UWB6,P12023	D4A9N5,F1LQS7,P62260,D4AE95,P20417,P35739,P35345,P08592
1633	Q61510,Q03288,P62259,D3Z1Q2,P35821,Q80V62,G3UWB6,P12023	D4A9N5,F1LQS7,P62260,D4AE95,P20417,P35739,P32244,P08592
1633	Q61510,Q03288,P62259,D3Z1Q2,P35821,Q80V62,G3UWB6,P12023	D4A9N5,F1LQS7,P62260,D4AE95,P20417,P35739,P35345,P08592
1633	Q3UFB7,Q9ER75,P12023,Q60954,F8VPR5,Q61510,Q04744,P62259	P35739,D4A7R4,P08592,B1WC31,F1M9G7,D4A9N5,D3ZCK7,P62260
1633	Q80V62,Q9ER75,P12023,Q60954,F8VPR5,Q61510,Q04744,P62259	P35739,D4A7R4,P08592,B1WC31,F1M9G7,D4A9N5,D3ZCK7,P62260
7879	Q8BHG3,Q61510,Q3UFB7,P62259,P63087,P70372,O70258,P12023	D3Z9E9,D4A9N5,P35739,P62260,P63088,B5DF91,M0R4Y0,P08592
7879	Q8BHG3,Q61510,Q80V62,P62259,P63087,P70372,O70258,P12023	D3Z9E9,D4A9N5,P35739,P62260,P63088,B5DF91,M0R4Y0,P08592
8662	Q62556,Q80V62,P12023,Q61510,P70372,P62259,Q07832,Q3UFB7	F1LRV5,A0A0G2K5U0,P08592,D4A9N5,B5DF91,P62260,A0A140TAD2,P35739
602	P12023,Q64387,Q91YI4,Q80V62,Q5U4C1,Q3UFB7,P35377,P62259	P08592,Q62923,P29067,B5DF91,M0R9R0,P35739,P35370,P62260
4325	P70390,Q61510,A0A0B4J1E2,P62259,Q3UFB7,P12023,Q80TN5,P70372	G3V7M9,D4A9N5,D4A8G7,P62260,P35739,P08592,E9PTT0,B5DF91
4234	P12023,P70390,Q80V62,A0A0B4J1E2,Q3UFB7,Q80TN5,P70372,P62259	P08592,G3V7M9,A0A0G2K5U0,D4A8G7,P35739,E9PTT0,B5DF91,P62260
8090	Q3UFB7,Q61510,Q91Z22,E9Q4P1,P12023,P62259,Q8R317,P70372	P35739,D4A9N5,A0A0G2K349,A0A0G2K3L8,P08592,P62260,A0A140TAI1,B5DF91
6317	P12023,Q1RNF8,Q3UFB7,Q80V62,P70372,P59941,P01108,Q61510	P08592,D3ZMX5,P35739,A0A0G2K5U0,B5DF91,Q4FZY2,P09416,D4A9N5
1782	A0A087WSB9,Q3UNH6,Q3UFB7,P12023,Q61510,P70372,P05627,Q9D8T0	F1LVJ1,A0A0G2K331,P35739,P08592,D4A9N5,B5DF91,P17325,B5DFJ2
1635	Q61510,P56942,P62259,Q9CQG3,Q62158,P02340,Q8JZL2,P70372	D4A9N5,G3V6L0,P62260,Q7TSV3,B5DFI5,P10361,P97639,B5DF91
5079	D3YXF5,Q6ZPL9,Q61510,P62259,P70372,P12023,Q60754,Q3UFB7	A0A0G2K7X7,D3ZX56,D4A9N5,P62260,B5DF91,P08592,M0R9F7,P35739
4314	Q80V62,D3YXF5,Q61510,Q6ZPL9,P12023,Q60754,P70372,Q3UFB7	A0A0G2K5U0,A0A0G2K7X7,D4A9N5,D3ZX56,P08592,M0R9F7,B5DF91,P35739
4361	Q61510,Q9QZ26,Q80V62,P05480,P62259,Q03717,P70372,P12023	D4A9N5,A5HKJ1,A0A0G2K5U0,Q9WUD9,P62260,A0A0H2UI34,B5DF91,P08592
4361	Q61510,Q8BHG3,Q3UFB7,P07724,P62259,Q9EQS9,P70372,P12023	D4A9N5,D3Z9E9,P35739,A0A0G2JSH5,P62260,F7EL93,B5DF91,P08592
4357	Q61510,Q9QZ26,Q80V62,P05480,Q3UFB7,Q03717,P70372,P12023	D4A9N5,A5HKJ1,A0A0G2K5U0,Q9WUD9,P35739,A0A0H2UI34,B5DF91,P08592
4357	Q61510,Q8BHG3,Q3UFB7,P07724,Q80V62,Q9EQS9,P70372,P12023	D4A9N5,D3Z9E9,P35739,A0A0G2JSH5,A0A0G2K5U0,F7EL93,B5DF91,P08592
1727	Q61510,Q3UFB7,Q9R182,P02340,Q9CR50,Q8R1L8,P62259,P70372	D4A9N5,P35739,F7FHP0,P10361,Q5XIE4,D3ZMI0,P62260,B5DF91
1727	P12023,Q3UFB7,P97766,Q3UIL6,Q8BVR6,P43021,P70372,P62259	P08592,P35739,F1LV65,A0A0G2K6Z8,A0A0G2K1G4,D3ZGK9,B5DF91,P62260
1727	P12023,Q3UFB7,P97766,Q3UIL6,Q8BVR6,P43021,P70372,P62259	P08592,P35739,D3ZGN3,A0A0G2K6Z8,A0A0G2K1G4,D3ZGK9,B5DF91,P62260
1727	P12023,Q3UFB7,Q76LW6,Q3UIL6,Q8BVR6,P43021,P70372,P62259	P08592,P35739,F1LV65,A0A0G2K6Z8,A0A0G2K1G4,D3ZGK9,B5DF91,P62260
1727	P12023,Q3UFB7,Q76LW6,Q3UIL6,Q8BVR6,P43021,P70372,P62259	P08592,P35739,D3ZGN3,A0A0G2K6Z8,A0A0G2K1G4,D3ZGK9,B5DF91,P62260
1727	Q61510,Q3UFB7,Q9JJZ9,P02340,Q8K1E0,Q9JJZ8,P62259,P70372	D4A9N5,P35739,F1LX27,P10361,Q08851,Q9ER33,P62260,B5DF91
4177	Q8K1A0,Q61510,Q6P5B5,P62259,Q3UFB7,P12023,P05627,P97770	B0BNB3,D4A9N5,B1H2A6,P62260,P35739,P08592,P17325,D3ZSV7
