10385	P35739,D4A9N5,Q6AYC5,A0A0G2K612,P08592,B5DF91,P62260,Q80U96	Q3UFB7,Q61510,Q811M1,Q9CUN6,P12023,P70372,P62259,Q6P5F9
7265	A0A0G2K5U0,G3V6J8,D4A9N5,P08592,P17325,P12841,P62260,B5DF91	Q80V62,Q8K4K4,Q61510,P12023,P05627,P01101,P62259,P70372
6419	Q6AZ70,P08592,P35739,A0A0G2K5U0,B5DF91,D4A9N5,P09416,D4AB26	E9Q6S0,P12023,Q3UFB7,Q80V62,P70372,Q61510,P01108,Q924W5
7265	P35739,G3V6J8,D4A9N5,P08592,P17325,P12841,P62260,B5DF91	Q3UFB7,Q8K4K4,Q61510,P12023,P05627,P01101,P62259,P70372
1666	P08592,D4A0Z0,P35739,M0R5V5,P10361,B5DF91,D4AAY7,P62260	P12023,Q5M9N4,Q3UFB7,P39428,P02340,P70372,Q64323,P62259
11298	M0RCA3,P08592,B5DF91,D4A9N5,P17325,P62260,A0A0G2K5U0,Q9Z270	Q9DB43,P12023,P70372,Q61510,P05627,P62259,Q80V62,Q9WV55
9139	A0A0G2KBB3,P35739,P08592,D4A9N5,B5DF91,P62260,P17325,B5DF45	Q9JIY0,Q3UFB7,P12023,Q61510,P70372,P62259,P05627,P70196
9088	M0RAA8,P08592,P35739,B5DF91,P17325,P62260,A0A0G2K5U0,B5DF45	Q9EQU3,P12023,Q3UFB7,P70372,P05627,P62259,Q80V62,P70196
9872	G3V859,B5DF45,B5DF91,P62260,P35739,D4A9N5,M0R3J4,P08592	Q99MU1,P70196,P70372,P62259,Q3UFB7,Q61510,P36898,P12023
8603	P35739,P08592,Q04906,F1M8E5,P17325,D4A9N5,B5DF91,P62260	Q3UFB7,P12023,P20722,Q05BA5,P05627,Q61510,P70372,P62259
2843	P35739,Q5XI24,A0A096P6L8,P08592,D4A9N5,F1LRM7,B5DF91,A0A0G2K5U0	Q3UFB7,P51942,P11276,P12023,Q61510,P28481,P70372,Q80V62
4191	P35739,D4A9N5,Q7TSB7,O70454,A0A0G2KA10,P17325,P08592,B5DF91	Q3UFB7,Q61510,Q6Y4S4,Q6PGH1,Q9R0S2,P05627,P12023,P70372
8193	P35739,G3V6T9,P08592,D4A9N5,F1LS01,B5DF91,P62260,B5DF45	Q3UFB7,P32443,P12023,Q61510,F8VPK8,P70372,P62259,P70196
6909	D3ZQ38,P08592,A0A0G2K5U0,P35739,B5DF91,P17325,D4A9N5,P53042	A2ACG1,P12023,Q80V62,Q3UFB7,P70372,P05627,Q61510,Q60676
4834	A0A0G2K5U0,D4A9N5,P10361,Q9ERW3,P97887,P08592,B5DF91,P62260	Q80V62,Q61510,P02340,P70377,P49769,P12023,P70372,P62259
2905	A0A0G2K5U0,Q3B7V0,P10361,P08592,D4A9N5,D4AA11,P62260,B5DF91	Q80V62,O88876,P02340,P12023,Q61510,Q9CQ39,P62259,P70372
9872	G3V859,B5DF45,B5DF91,P62260,A0A0G2K5U0,D4A9N5,M0R3J4,P08592	Q99MU1,P70196,P70372,P62259,Q80V62,Q61510,P36898,P12023
8545	Q07490,A0A0G2K5U0,D4A9N5,D3ZV15,P35739,B5DF91,P62260,A0A0G2JVW0	P24807,Q80V62,Q61510,P22682,Q3UFB7,P70372,P62259,Q80ZE3
4314	A0A0G2K5U0,A0A0G2K7X7,D4A9N5,D3ZX56,P08592,M0R9F7,B5DF91,P35739	Q80V62,D3YXF5,Q61510,Q6ZPL9,P12023,Q60754,P70372,Q3UFB7
4200	P08592,P35739,Q6MG27,B5DF02,W4VSR4,A0A0G2K5U0,B5DF91,P62260	P12023,Q3UFB7,P20263,Q921E6,O88322,Q80V62,P70372,P62259
7267	P35739,A0A140UHX4,D4A9N5,P08592,P17325,Q6XVN8,P62260,B5DF91	Q3UFB7,Q91WG5,Q61510,P12023,P05627,Q91VR7,P62259,P70372
2739	G3V8Z7,D4A9N5,P60522,A0A0G2K5U0,P35739,P08592,B5DF91,D4A634	Q9CQQ0,Q61510,P60521,Q80V62,Q3UFB7,P12023,P70372,Q8BIV3
9058	B1WBV3,P08592,P35739,B5DF91,P17325,P62260,B2GV14,D4A9N5	Q9CYH5,P12023,Q3UFB7,P70372,P05627,P62259,Q6PAM1,Q61510
9092	Q569C3,P08592,P35739,B5DF91,D4A9N5,P62260,A0A0G2K5U0,B5DF45	Q8BJQ2,P12023,Q3UFB7,P70372,Q61510,P62259,Q80V62,P70196
9134	D3ZQ38,P35739,P08592,P17325,B5DF91,P62260,D4A9N5,P53042	A2ACG1,Q3UFB7,P12023,P05627,P70372,P62259,Q61510,Q60676
1666	P08592,Q5U1Z8,P35739,M0R5V5,P10361,B5DF91,D4AAY7,P62260	P12023,Q9D1C3,Q3UFB7,P39428,P02340,P70372,Q64323,P62259
8746	P08592,B5DF91,Q5I0J5,G3V817,P35739,A0A0G2K5U0,P62260,P17325	P12023,P70372,Q8VDV8,P27641,Q3UFB7,Q80V62,P62259,P05627
6817	P08592,Q66H66,A0A0G2K5U0,B5DF91,P35739,Q6IRE4,P62260,D4A9N5	P12023,Q8CHD8,Q80V62,P70372,Q3UFB7,Q61187,P62259,Q61510
7205	P35739,D4A228,D4A9N5,P08592,P17325,A0A0G2JX94,B5DF91,A0A0G2K5U0	Q3UFB7,A2ABU4,Q61510,P12023,P05627,Q8VHG2,P70372,Q80V62
9139	Q5U3Z6,P35739,P08592,D4A9N5,B5DF91,P62260,P17325,B5DF45	Q7M6Y5,Q3UFB7,P12023,Q61510,P70372,P62259,P05627,P70196
8074	P08592,P35739,Q6MG88,G3V6T9,B5DF91,D4A9N5,B5DF45,P62260	P12023,Q3UFB7,Q3U1Z5,P32443,P70372,Q61510,P70196,P62259
9077	D3ZV19,P08592,P35739,B5DF91,D4A9N5,P62260,A0A0G2K5U0,F1LRP7	Q3U145,P12023,Q3UFB7,P70372,Q61510,P62259,Q80V62,Q8CJG0
7562	Q6AY34,A0A0G2K5U0,P08592,P17325,D4A9N5,P62260,P18422,B5DF91	Q91ZD1,Q80V62,P12023,P05627,Q61510,P62259,O70435,P70372
1642	P35739,P08592,Q5U2U8,D3ZXP4,F1LXV9,A0A0G2K9K6,D4A9N5,P62260	Q3UFB7,P12023,Q9JLV1,Q5S003,Q9JLI7,Q8K450,Q61510,P62259
7311	A0A0G2K7X7,D3ZX56,B5DF91,D4A9N5,P62260,P08592,M0R9F7,P35739	D3YXF5,Q6ZPL9,P70372,Q61510,P62259,P12023,Q60754,Q3UFB7
7083	A0A0G2K2M1,P08592,P35739,Q7TP21,B5DF91,D4A9N5,P62260,F6Q5G6	Q9JKQ4,P12023,Q3UFB7,Q8VEE4,P70372,Q61510,P62259,Q9D842
6527	A0A0G2K047,P08592,A0A0G2K5U0,P35739,B5DF91,A0A0G2JVC1,P62260,D3ZMN2	Q14DH7,P12023,Q80V62,Q3UFB7,P70372,P23804,P62259,Q8CFE2
6817	P08592,D3ZHJ3,A0A0G2K5U0,B5DF91,P35739,Q5D006,P62260,D4A9N5	P12023,M9MMK0,Q80V62,P70372,Q3UFB7,Q99K46,P62259,Q61510
6913	A0A0H2UHJ2,P08592,A0A0G2K5U0,P35739,B5DF91,D4A9N5,P17325,F7EUU4	Q3TVC7,P12023,Q80V62,Q3UFB7,P70372,Q61510,P05627,O35864
2703	Q9JI04,P35739,A0A096P6L8,P08592,D4A9N5,A0A0G2K5U0,B5DF91,G3V763	Q9JLI2,Q3UFB7,P11276,P12023,Q61510,Q80V62,P70372,O88207
11305	Q7TT47,P08592,B5DF91,P17325,D4A9N5,P62260,A0A0G2K5U0,P27704	Q3ULF4,P12023,P70372,P05627,Q61510,P62259,Q80V62,Q61532
6911	D3ZBE5,P08592,A0A0G2K5U0,P35739,B5DF91,P17325,D4A9N5,A0A140TAD2	Q9ES74,P12023,Q80V62,Q3UFB7,P70372,P05627,Q61510,Q07832
8603	A0A0G2K5U0,P08592,Q04906,F1M8E5,P17325,D4A9N5,B5DF91,P62260	Q80V62,P12023,P20722,Q05BA5,P05627,Q61510,P70372,P62259
6718	Q5RJR4,P08592,A0A0G2K5U0,P35739,B5DF91,P17325,P52631,D4A9N5	Q8JZL0,P12023,Q80V62,Q3UFB7,P70372,P05627,P42227,Q61510
3725	Q6XKD3,D4AE21,P08592,B5DF91,P62260,D4A9N5,Q9JI92,D3ZMJ4	Q9Z2J6,Q9CR33,P12023,P70372,P62259,Q61510,O08992,Q3UX43
9092	M0RAA8,P08592,P35739,B5DF91,D4A9N5,P62260,A0A0G2K5U0,B5DF45	Q9EQU3,P12023,Q3UFB7,P70372,Q61510,P62259,Q80V62,P70196
4360	D4A9N5,P35739,F1M8Z3,F1MA52,D3ZIK8,A0A0G2K5U0,P08592,P62260	Q61510,Q3UFB7,Q99JB0,Q99JX7,Q8BMI0,Q80V62,P12023,P62259
8746	P08592,B5DF91,Q5I0J5,G3V817,P35739,A0A0G2K5U0,P62260,D4A9N5	P12023,P70372,Q8VDV8,P27641,Q3UFB7,Q80V62,P62259,Q61510
4192	P35739,D4A9N5,Q7TSB7,O70454,A0A0G2KA10,P17325,P08592,P62260	Q3UFB7,Q61510,Q6Y4S4,Q6PGH1,Q9R0S2,P05627,P12023,P62259
4109	M0RAF9,P35739,P08592,Q5BK32,D4A9N5,A0A0G2K5U0,P62260,F1LNX2	A7L9Z8,Q3UFB7,P12023,Q3TDN2,Q61510,Q80V62,P62259,Q8BWG9
7255	P08592,B1WBV3,A0A0G2K5U0,P35739,B5DF91,B2GV14,P62260,D4A9N5	P12023,Q9CYH5,Q80V62,Q3UFB7,P70372,Q6PAM1,P62259,Q61510
6817	P08592,D4AC45,A0A0G2K5U0,B5DF91,P35739,F1M400,P62260,D4A9N5	P12023,Q8K3K7,Q80V62,P70372,Q3UFB7,Q505D1,P62259,Q61510
7562	Q6AY34,P35739,P08592,P17325,D4A9N5,P62260,P18422,B5DF91	Q91ZD1,Q3UFB7,P12023,P05627,Q61510,P62259,O70435,P70372
7267	A0A0G2K5U0,A0A140UHX4,D4A9N5,P08592,P17325,Q6XVN8,P62260,B5DF91	Q80V62,Q91WG5,Q61510,P12023,P05627,Q91VR7,P62259,P70372
9088	Q569C3,P08592,P35739,B5DF91,P17325,P62260,A0A0G2K5U0,B5DF45	Q8BJQ2,P12023,Q3UFB7,P70372,P05627,P62259,Q80V62,P70196
10385	A0A0G2K5U0,D4A9N5,Q6AYC5,A0A0G2K612,P08592,B5DF91,P62260,Q80U96	Q80V62,Q61510,Q811M1,Q9CUN6,P12023,P70372,P62259,Q6P5F9
8190	P35739,Q562C6,D4A9N5,P08592,Q9JI92,G3V6K6,P62260,B5DF91	Q3UFB7,Q9JHQ5,Q61510,P12023,O08992,Q01279,P62259,P70372
9132	B1WBW7,P35739,P08592,P17325,B5DF91,P62260,D4A9N5,B5DF45	F8WJF7,Q3UFB7,P12023,P05627,P70372,P62259,Q61510,P70196
6273	P08592,P33535,A0A0G2K5U0,P35739,B5DF91,D4A6E6,D4A9N5,F7EUU4	P12023,P42866,Q80V62,Q3UFB7,P70372,Q9QYK5,Q61510,O35864
3725	P08592,M0RA44,A0A0G2K5U0,B1WBY1,P35739,B5DF91,D4ADQ6,D4A9N5	P12023,G5E872,Q80V62,Q9WTX6,Q3UFB7,P70372,Q8VEJ3,Q61510
6274	P08592,G3V6S6,P35739,A0A0G2K5U0,B5DF91,A0A0G2K008,D4A9N5,P09416	P12023,O54864,Q3UFB7,Q80V62,P70372,Q9Z1D8,Q61510,P01108
7083	A0A0G2K2M1,P08592,A0A0G2K5U0,Q7TP21,B5DF91,D4A9N5,P62260,F6Q5G6	Q9JKQ4,P12023,Q80V62,Q8VEE4,P70372,Q61510,P62259,Q9D842
4082	P35739,D4A9N5,A0A0G2JSI8,D4AEG0,G3V6M6,P08592,P17325,B5DF91	Q3UFB7,Q61510,P19091,O08674,O55144,P12023,P05627,P70372
10385	P08592,B5DF91,D3ZSV7,B1H2A6,P35739,D4A9N5,P62260,P17325	P12023,P70372,P97770,Q6P5B5,Q3UFB7,Q61510,P62259,P05627
1666	P08592,P97639,P35739,B5DFI5,P10361,B5DF91,Q7TSV3,P62260	P12023,Q8JZL2,Q3UFB7,Q62158,P02340,P70372,Q9CQG3,P62259
7205	P35739,M0R8R8,D4A9N5,P08592,P17325,Q3MHU2,B5DF91,A0A0G2K5U0	Q3UFB7,Q61080,Q61510,P12023,P05627,P97477,P70372,Q80V62
9132	D3ZXR7,P35739,P08592,P17325,B5DF91,P62260,D4A9N5,B5DF45	Q8BJQ4,Q3UFB7,P12023,P05627,P70372,P62259,Q61510,P70196
8074	P08592,A0A0G2K5U0,Q6MG88,G3V6T9,B5DF91,D4A9N5,B5DF45,P62260	P12023,Q80V62,Q3U1Z5,P32443,P70372,Q61510,P70196,P62259
1782	F1LVJ1,A0A0G2K331,P35739,P08592,D4A9N5,B5DF91,P17325,B5DFJ2	A0A087WSB9,Q3UNH6,Q3UFB7,P12023,Q61510,P70372,P05627,Q9D8T0
6818	P08592,G3V6T9,B5DF91,A0A0G2K5U0,P35739,P18280,P62260,B5DF45	P12023,P32443,P70372,Q80V62,Q3UFB7,P20181,P62259,P70196
7083	A0A0G2K047,P35739,P08592,A0A0G2JVC1,D4A9N5,B5DF91,P62260,D3ZMN2	Q14DH7,Q3UFB7,P12023,P23804,Q61510,P70372,P62259,Q8CFE2
11298	D3ZX74,P08592,B5DF91,D4A9N5,P17325,P62260,P35739,Q62651	E9Q3H6,P12023,P70372,Q61510,P05627,P62259,Q3UFB7,O35459
6910	D4A7K0,P08592,A0A0G2K5U0,P35739,B5DF91,P17325,D4A9N5,O88321	Q8VCR3,P12023,Q80V62,Q3UFB7,P70372,P05627,Q61510,O35226
6317	P08592,D3ZMX5,P35739,A0A0G2K5U0,B5DF91,Q4FZY2,P09416,D4A9N5	P12023,Q1RNF8,Q3UFB7,Q80V62,P70372,P59941,P01108,Q61510
8150	D4A9N5,P04055,A0A0G2K5U0,P35739,D4A3X6,F1LXF1,B5DF91,P62260	Q61510,Q9Z0Y2,Q80V62,Q3UFB7,P98200,Q6PAJ1,P70372,P62259
1325	P35739,P10361,E9PU35,D4A9N5,P08592,Q5PQL3,P97887,B5DF91	Q3UFB7,P02340,O35679,Q61510,P12023,Q3TD49,P49769,P70372
4834	P35739,D4A9N5,P10361,Q9ERW3,P97887,P08592,B5DF91,P62260	Q3UFB7,Q61510,P02340,P70377,P49769,P12023,P70372,P62259
8924	Q68FV2,D4A9N5,D3ZUC2,A0A0G2K5U0,B5DF91,P62260,G3V8S0,P08592	Q8BH07,Q61510,P23249,Q80V62,P70372,P62259,Q9WU03,P12023
6419	D3ZGK2,P08592,P35739,A0A0G2K5U0,B5DF91,D4A9N5,P09416,D3Z8X4	Q9D0U1,P12023,Q3UFB7,Q80V62,P70372,Q61510,P01108,Q9WVF7
4363	F1MA52,P35739,F1M8Z3,D4A9N5,P08592,B5DF91,D3ZIK8,P62260	Q99JX7,Q3UFB7,Q99JB0,Q61510,P12023,P70372,Q8BMI0,P62259
8748	P35739,P17325,A0A0G2JYQ8,O35410,P08592,D4A9N5,P62260,B5DF91	Q3UFB7,P05627,Q32NY8,Q61069,P12023,Q61510,P62259,P70372
9058	P0C1S9,P08592,A0A0G2K5U0,B5DF91,P17325,P62260,Q5BK32,D4A9N5	Q91WC9,P12023,Q80V62,P70372,P05627,P62259,Q3TDN2,Q61510
6527	A0A0G2K8X4,P08592,P35739,A0A0G2K5U0,B5DF91,P27704,P62260,Q7TT47	A2RRY8,P12023,Q3UFB7,Q80V62,P70372,Q61532,P62259,Q3ULF4
7255	P08592,P0C1S9,P35739,A0A0G2K5U0,B5DF91,Q5BK32,P62260,D4A9N5	P12023,Q91WC9,Q3UFB7,Q80V62,P70372,Q3TDN2,P62259,Q61510
2316	D3ZQL2,P08592,P62138,A0A0G2K5U0,B5DF91,P35739,D4A9N5,D3ZIH3	Q8BMJ8,P12023,P62137,Q80V62,P70372,Q3UFB7,Q61510,Q9DBX7
8748	A0A0G2K5U0,P17325,A0A0G2JYQ8,O35410,P08592,D4A9N5,P62260,B5DF91	Q80V62,P05627,Q32NY8,Q61069,P12023,Q61510,P62259,P70372
8936	D4AC45,P08592,P35739,B5DF91,P17325,P62260,F1M400,D4A9N5	Q8K3K7,P12023,Q3UFB7,P70372,P05627,P62259,Q505D1,Q61510
4200	P08592,P35739,Q5XI24,A0A096P6L8,F1LRM7,B5DF91,A0A0G2K5U0,P62260	P12023,Q3UFB7,P51942,P11276,P28481,P70372,Q80V62,P62259
1666	P08592,B2GUT8,P35739,M0R5V5,P10361,B5DF91,D4AAY7,P62260	P12023,Q9JHG1,Q3UFB7,P39428,P02340,P70372,Q64323,P62259
6635	P08592,G3V6T9,A0A0G2K5U0,B5DF91,P35739,P18280,D4A9N5,B5DF45	P12023,P32443,Q80V62,P70372,Q3UFB7,P20181,Q61510,P70196
9139	A0A0G2KBB3,A0A0G2K5U0,P08592,D4A9N5,B5DF91,P62260,P17325,B5DF45	Q9JIY0,Q80V62,P12023,Q61510,P70372,P62259,P05627,P70196
8924	Q68FV2,D4A9N5,D3ZUC2,P35739,B5DF91,P62260,G3V8S0,P08592	Q8BH07,Q61510,P23249,Q3UFB7,P70372,P62259,Q9WU03,P12023
9132	B1WBW7,A0A0G2K5U0,P08592,P17325,B5DF91,P62260,D4A9N5,B5DF45	F8WJF7,Q80V62,P12023,P05627,P70372,P62259,Q61510,P70196
7083	A0A0G2K8X4,A0A0G2K5U0,P08592,P27704,D4A9N5,B5DF91,P62260,Q7TT47	A2RRY8,Q80V62,P12023,Q61532,Q61510,P70372,P62259,Q3ULF4
11297	D4A228,P08592,B5DF91,D4A9N5,P17325,P62260,A0A0G2K5U0,A0A0G2JX94	A2ABU4,P12023,P70372,Q61510,P05627,P62259,Q80V62,Q8VHG2
1325	P35739,P10361,D0V9T4,D4A9N5,P08592,Q5PQL3,P97887,B5DF91	Q3UFB7,P02340,Q8K249,Q61510,P12023,Q3TD49,P49769,P70372
6741	F1LNW6,P08592,A0A0G2K5U0,P35739,B5DF91,D4A9N5,D4ADV8,P62260	Q9WUC3,P12023,Q80V62,Q3UFB7,P70372,Q61510,Q61062,P62259
1666	P08592,M0R6Q6,P35739,M0R5V5,P10361,B5DF91,D4AAY7,P62260	P12023,Q9Z324,Q3UFB7,P39428,P02340,P70372,Q64323,P62259
9139	Q5U3Z6,A0A0G2K5U0,P08592,D4A9N5,B5DF91,P62260,P17325,B5DF45	Q7M6Y5,Q80V62,P12023,Q61510,P70372,P62259,P05627,P70196
9132	D3ZXR7,A0A0G2K5U0,P08592,P17325,B5DF91,P62260,D4A9N5,B5DF45	Q8BJQ4,Q80V62,P12023,P05627,P70372,P62259,Q61510,P70196
7387	F1LNW6,P35739,P08592,P17325,D4A9N5,B5DF91,D4ADV8,P62260	Q9WUC3,Q3UFB7,P12023,P05627,Q61510,P70372,Q61062,P62259
8193	A0A0G2K5U0,G3V6T9,P08592,D4A9N5,F1LS01,B5DF91,P62260,B5DF45	Q80V62,P32443,P12023,Q61510,F8VPK8,P70372,P62259,P70196
2905	P35739,Q3B7V0,P10361,P08592,D4A9N5,D4AA11,P62260,B5DF91	Q3UFB7,O88876,P02340,P12023,Q61510,Q9CQ39,P62259,P70372
7562	A0A0G2K0K6,P35739,P08592,D4A9N5,P17325,P62260,R9PXV5,B5DF91	E9PYF7,Q3UFB7,P12023,Q61510,P05627,P62259,P13405,P70372
8190	A0A0G2K5U0,Q562C6,D4A9N5,P08592,Q9JI92,G3V6K6,P62260,B5DF91	Q80V62,Q9JHQ5,Q61510,P12023,O08992,Q01279,P62259,P70372
8924	F1M8Z3,D4A9N5,F1MA52,A0A0G2K5U0,B5DF91,P62260,D3ZIK8,P08592	Q99JB0,Q61510,Q99JX7,Q80V62,P70372,P62259,Q8BMI0,P12023
2316	Q71MM7,A0A0G2K7X7,D3ZX56,D4A9N5,P62260,P08592,P35739,M0R9F7	Q920H1,D3YXF5,Q6ZPL9,Q61510,P62259,P12023,Q3UFB7,Q60754
7562	Q9JLS8,A0A0G2K5U0,P08592,P17325,D4A9N5,P62260,P35286,B5DF91	O89013,Q80V62,P12023,P05627,Q61510,P62259,Q9DD03,P70372
7205	P35739,O35276,P17325,P08592,D4A9N5,P38438,B5DF91,A0A0G2K5U0	Q3UFB7,O35375,P05627,P12023,Q61510,Q62312,P70372,Q80V62
4358	A0A0G2K5U0,A0A0G2K7X7,D4A9N5,D3ZX56,P08592,M0R9F7,P62260,P35739	Q80V62,D3YXF5,Q61510,Q6ZPL9,P12023,Q60754,P62259,Q3UFB7
6413	Q6AYJ9,P35739,P08592,D4A9N5,P09416,A0A0G2K5U0,B5DF91,A0A0G2K9L9	Q8R2G4,Q3UFB7,P12023,Q61510,P01108,Q80V62,P70372,A2ANY6
