10385	P35739,D4A9N5,Q6AYC5,A0A0G2K612,P08592,B5DF91,P62260,Q80U96	Q3UFB7,Q61510,Q811M1,Q9CUN6,P12023,P70372,P62259,Q6P5F9
6909	P12392,P08592,A0A0G2K5U0,P35739,B5DF91,P17325,D4A9N5,A0A140TAI1	Q8R493,P12023,Q80V62,Q3UFB7,P70372,P05627,Q61510,Q8R317
8190	P08592,M0RBE6,B5DF91,A0A0G2K5U0,P62716,G3V6K6,P62260,D4A9N5	Q80V62,Q9JHQ5,Q61510,P12023,O08992,Q01279,P62259,P70372
7255	P08592,P0C1S9,P35739,A0A0G2K5U0,B5DF91,Q5BK32,P62260,D4A9N5	P12023,Q9R059,Q80V62,Q3UFB7,P70372,A0A0B4J1E2,P62259,P05627
6741	Q5XIB2,P08592,A0A0G2K5U0,P35739,B5DF91,P17325,D4A8G7,P62260	Q8R1N0,P12023,Q80V62,Q3UFB7,P70372,P05627,A0A0B4J1E2,P62259
4069	D4ABD9,A0A0G2K5U0,D4A9N5,Q63429,P08592,P35739,B5DF91,B4F779	P12023,Q3UFB7,B8JJE0,F8VPR5,Q9DAI2,P70372,Q80V62,Q61510
7265	A0A0G2K5U0,G3V6J8,D4A9N5,P08592,P17325,P12841,P62260,B5DF91	Q80V62,Q8K4K4,Q61510,P12023,P05627,P01101,P62259,P70372
6317	P08592,D3ZMX5,P35739,A0A0G2K5U0,B5DF91,Q4FZY2,P09416,D4A9N5	P12023,Q80V62,Q64385,P47873,Q00560,P70372,Q61510,P62259
3731	P08592,Q59IV8,P35739,B5DF02,A0A0G2K5U0,B5DF91,D4A4K4,D4A9N5	P12023,O08537,Q3UFB7,Q921E6,Q80V62,P70372,Q8BX70,Q61510
7083	A0A0G2K047,P35739,P08592,A0A0G2JVC1,D4A9N5,B5DF91,P62260,D3ZMN2	Q9JKQ4,P12023,Q3UFB7,Q8VEE4,P70372,Q61510,P62259,Q9D842
6419	Q6AZ70,P08592,P35739,A0A0G2K5U0,B5DF91,D4A9N5,P09416,D4AB26	E9Q6S0,P12023,Q3UFB7,Q80V62,P70372,Q61510,P01108,Q924W5
7253	P08592,O09018,A0A0G2K5U0,P35739,B5DF91,D4A8G7,P62260,D4A9N5	P12023,B7ZBV9,Q80V62,Q3UFB7,P70372,Q4VA93,P62259,Q61510
6817	P08592,D4AC45,A0A0G2K5U0,B5DF91,P35739,F1M400,P62260,D4A9N5	P12023,Q8CHD8,Q80V62,P70372,Q3UFB7,Q61187,P62259,Q61510
8150	D4A9N5,P04055,A0A0G2K5U0,P35739,D4A3X6,F1LXF1,B5DF91,P62260	Q61510,Q99MV2,Q3UFB7,Q80V62,Q6WKZ8,P48754,P70372,P62259
9092	B1WC90,P08592,P35739,B5DF91,D4A9N5,P62260,A0A0G2K5U0,B5DF45	Q9EQU3,P12023,Q3UFB7,P70372,Q61510,P62259,Q80V62,P70196
9058	B1WBV3,P08592,P35739,B5DF91,P17325,P62260,B2GV14,D4A9N5	Q91WC9,P12023,Q80V62,P70372,P05627,P62259,Q3TDN2,Q61510
6527	A0A0G2K8X4,P08592,P35739,A0A0G2K5U0,B5DF91,P27704,P62260,Q7TT47	P00757,P12023,P70372,Q3UFB7,Q80V62,Q6GQT1,P62259,P01139
6883	D4A9N5,A0A0G2K5U0,P08104,P0DP31,Q63429,P35739,B5DF91,P62260	Q61510,Q80V62,Q8R5A3,Q80TN5,A0A0B4J1E2,Q3UFB7,P62259,P70372
6718	P54842,P08592,A0A0G2K5U0,P35739,B5DF91,D4A9N5,P52631,P17325	Q8JZL0,P12023,Q80V62,Q3UFB7,P70372,P05627,P42227,Q61510
9435	D4A9N5,Q62762,A0A0G2K5U0,P35739,P19139,P62260,B5DF91,P08592	P05627,E9PWB8,Q80V62,Q3UFB7,A2A432,P62259,P70372,P12023
4834	P35739,D4A9N5,P10361,Q9ERW3,P97887,P08592,B5DF91,P62260	Q80V62,Q61510,P02340,P70377,P49769,P12023,P70372,P62259
9132	B1WBW7,P35739,P08592,P17325,B5DF91,P62260,D4A9N5,B5DF45	Q8BJQ4,Q3UFB7,P12023,P05627,P70372,P62259,Q61510,P70196
1633	P35739,A0A0G2JUJ2,D4A9N5,Q63524,D3ZME7,P08592,O35254,B5DF91	P12023,Q3TT66,Q3UFB7,P06880,O35717,G3X914,P04095,P62259
7265	P35739,G3V6J8,D4A9N5,P08592,P17325,P12841,P62260,B5DF91	Q3UFB7,Q8K4K4,Q61510,P12023,P05627,P01101,P62259,P70372
9057	D4A729,P08592,P35739,B5DF91,P17325,P62260,G3V8A4,D4A9N5	F6UC55,P12023,Q3UFB7,P70372,P05627,P62259,Q3TQ39,Q61510
2316	D3ZQL2,P08592,P62138,A0A0G2K5U0,B5DF91,P35739,D4A9N5,D3ZIH3	Q8BKS3,P12023,P62137,Q80V62,P70372,Q3UFB7,Q61510,P48744
4624	D4ADR7,P08592,Q6IMY8,B5DF91,P35739,P62260,D4A9N5,Q6MG07	Q8CGR6,P12023,P0CG50,P70372,Q3UFB7,P62259,Q61510,Q07235
8150	D4A9N5,G3V7R2,P35739,A0A0G2K5U0,Q5M7A7,G3V8S5,B5DF91,P62260	Q61510,Q8BXT1,Q3UFB7,Q80V62,Q6WKZ8,P48754,P70372,P62259
7253	P08592,D4A2V6,A0A0G2K5U0,P35739,B5DF91,F1LS98,P62260,D4A9N5	P12023,P43135,Q80V62,Q3UFB7,P70372,A0A0B4J1E2,P62259,Q61510
1666	P08592,D4A0Z0,P35739,M0R5V5,P10361,B5DF91,D4AAY7,P62260	P12023,Q5M9N4,Q3UFB7,P39428,P02340,P70372,Q64323,P62259
4496	D4A9N5,A0A0H2UHH0,A0A0G2K5U0,A0A0G2JSP3,P35739,F1M9H1,B5DF91,P62260	Q61510,Q9QXN5,Q80V62,Q9JLV5,Q3UFB7,Q61602,P70372,P62259
11298	M0RCA3,P08592,B5DF91,D4A9N5,P17325,P62260,A0A0G2K5U0,Q9Z270	Q9DB43,P12023,P70372,Q61510,P05627,P62259,Q80V62,Q9WV55
3725	P08592,M0RA44,A0A0G2K5U0,B1WBY1,P35739,B5DF91,D4ADQ6,D4A9N5	Q6XJV4,Q9ES57,Q61510,P48025,P12023,P62259,O54885,O54901
4370	P35739,Q8VBU7,P08592,Q4KLJ4,D4A9N5,A0A0H2UHY4,P62260,P62994	Q80V62,P18762,P12023,Q8CG64,Q61510,Q78IQ7,P62259,Q60631
2316	O08625,P08592,G3V8S5,P35739,B5DF91,A0A0G2K5U0,D4A9N5,Q62746	Q9R0N4,P12023,P48754,Q3UFB7,P70372,Q80V62,Q61510,Q9R0N8
7255	P08592,D3ZPF0,A0A0G2K5U0,P35739,B5DF91,D4A8G7,P62260,P17325	P12023,Q9DAJ4,Q80V62,Q3UFB7,P70372,A0A0B4J1E2,P62259,P05627
2364	F1LVJ1,A0A0G2K331,P08592,P35739,B5DF91,P62260,P17325,B5DFJ2	Q8K3I2,Q8BJU0,P12023,Q3UFB7,P70372,P62259,Q61510,O08689
9132	D3ZXR7,A0A0G2K5U0,P08592,P17325,B5DF91,P62260,D4A9N5,B5DF45	F8WJF7,Q80V62,P12023,P05627,P70372,P62259,Q61510,P70196
8435	P35739,Q5EGY4,P08592,D4A9N5,B5DF02,D3ZME7,B5DF91,P62260	Q3UFB7,Q9D1G2,P12023,Q61510,Q921E6,A0A0R4J0T0,P70372,P62259
7342	A0A0G2K5U0,D4A9N5,D3ZIK1,D3ZME7,F7EUU4,P08592,B5DF91,P62260	Q80V62,Q61510,Q45KJ6,A0A0R4J0T0,O35864,P12023,P70372,P62259
4200	P08592,P35739,Q5XI24,A0A096P6L8,F1LRM7,B5DF91,A0A0G2K5U0,P62260	P12023,Q3UFB7,Q9D0M1,Q921E6,Q7TNS8,P70372,Q80V62,P62259
6635	P08592,G3V6T9,A0A0G2K5U0,B5DF91,P35739,P18280,D4A9N5,B5DF45	P12023,Q7TNH6,Q3UFB7,P70372,Q80V62,Q9CPN7,Q61510,P63017
4834	A0A0G2K5U0,D4A9N5,P10361,A0A0G2JWZ3,P97887,P08592,B5DF91,P62260	Q3UFB7,Q61510,P02340,P70377,P49769,P12023,P70372,P62259
2826	P08592,Q63634,D3ZDK2,P35739,B5DF91,Q6AXU4,D4A9N5,A0A0G2JSP3	Q3UFB7,Q9WUG7,Q8R5J9,P12023,Q61510,Q8VCV3,Q76MZ3,P62259
9139	A0A0G2KBB3,P35739,P08592,D4A9N5,B5DF91,P62260,P17325,B5DF45	Q9JIY0,Q3UFB7,P12023,Q61510,P70372,P62259,P05627,P70196
10385	P08592,B5DF91,D3ZSV7,B1H2A6,P35739,D4A9N5,P62260,P17325	Q3UFB7,Q61510,Q811M1,Q9CUN6,P12023,P70372,P62259,Q6P5F9
7562	Q9JLS8,A0A0G2K5U0,P08592,P17325,D4A9N5,P62260,P35286,B5DF91	Q91ZD1,Q80V62,P12023,P05627,Q61510,P62259,O70435,P70372
9088	M0RAA8,P08592,P35739,B5DF91,P17325,P62260,A0A0G2K5U0,B5DF45	Q9EQU3,P12023,Q3UFB7,P70372,P05627,P62259,Q80V62,P70196
6741	Q3MHS2,P08592,A0A0G2K5U0,P35739,B5DF91,P17325,D4A8G7,P62260	Q9EPQ8,P12023,Q80V62,Q3UFB7,P70372,P05627,Q6AXB7,P62259
1325	P35739,P10361,D0V9T4,D4A9N5,P08592,Q5PQL3,P97887,B5DF91	Q3UFB7,P02340,Q8BQC3,Q61510,P12023,P29391,P35991,P70372
7083	A0A0G2K2M1,P08592,P35739,Q7TP21,B5DF91,D4A9N5,P62260,F6Q5G6	Q9D2N8,P12023,Q3UFB7,G3X914,P70372,Q61510,P62259,O88838
9077	Q99P75,P08592,P35739,B5DF91,P17325,P62260,A0A0G2K5U0,D4A8G7	Q3U145,P12023,Q3UFB7,P70372,Q61510,P62259,Q80V62,Q8CJG0
2826	P35739,P19327,Q9QWJ9,D4A9N5,P08592,Q04589,P19139,P62260	Q80V62,Q9WUG7,Q8R5J9,P12023,Q61510,Q8VCV3,Q76MZ3,P62259
9132	D3ZXR7,P35739,P08592,P17325,B5DF91,P62260,D4A9N5,B5DF45	Q8BJQ4,Q80V62,P12023,P05627,P70372,P62259,Q61510,P70196
2364	Q924U1,D3ZYK8,P08592,P35739,B5DF91,P62260,P17325,Q7TSB7	Q8K3I2,Q8BJU0,P12023,Q80V62,P70372,P62259,Q61510,O08689
4200	P08592,A0A0G2K5U0,O35078,P54645,P18596,P35739,B5DF91,P62260	P12023,Q3UFB7,P51942,P11276,P28481,P70372,Q80V62,P62259
8190	A0A0G2K5U0,Q562C6,D4A9N5,P08592,Q9JI92,G3V6K6,P62260,B5DF91	Q3UFB7,Q9JHQ5,Q61510,P12023,O08992,Q01279,P62259,P70372
6527	A0A0G2K047,P08592,A0A0G2K5U0,P35739,B5DF91,A0A0G2JVC1,P62260,D3ZMN2	P00757,P12023,P70372,Q3UFB7,Q80V62,Q6GQT1,P62259,P01139
8150	D4A9N5,P04055,A0A0G2K5U0,P35739,D4A3X6,F1LXF1,B5DF91,P62260	Q61510,Q8BXT1,Q3UFB7,Q80V62,Q6WKZ8,P48754,P70372,P62259
7265	A0A0G2K5U0,Q07258,P17325,P08592,D4A9N5,P38438,P62260,B5DF91	Q3UFB7,Q8C2R7,Q61510,P12023,P05627,O35280,P62259,P70372
6877	A0A0G2K5U0,D4A9N5,D3ZNK1,P17046,D3ZME7,P08592,P62260,B5DF91	Q61510,Q3UFB7,P0DI97,Q61625,Q9R171,Q80V62,P62259,P49312
8193	P35739,G3V6T9,P08592,D4A9N5,F1LS01,B5DF91,P62260,B5DF45	Q80V62,P32443,P12023,Q61510,F8VPK8,P70372,P62259,P70196
8748	A0A0G2K5U0,P17325,A0A0G2JYQ8,O35410,P08592,D4A9N5,P62260,B5DF91	Q3UFB7,P05627,Q32NY8,Q61069,P12023,Q61510,P62259,P70372
1325	P35739,P10361,Q5U2T1,D4A9N5,P08592,Q5PQL3,P97887,B5DF91	Q3UFB7,P02340,Q99ME6,Q61510,P12023,Q3TD49,P49769,P70372
1666	P08592,P97639,P35739,B5DFI5,P10361,B5DF91,Q7TSV3,P62260	P12023,Q9JHG1,Q3UFB7,P39428,P02340,P70372,Q64323,P62259
9872	G3V859,B5DF45,B5DF91,P62260,P35739,D4A9N5,M0R3J4,P08592	Q99MU1,P70196,P70372,P62259,Q3UFB7,Q61510,P36898,P12023
8150	D4A9N5,G3V7R2,P35739,A0A0G2K5U0,Q5M7A7,G3V8S5,B5DF91,P62260	Q61510,Q99MV2,Q3UFB7,Q80V62,Q6WKZ8,P48754,P70372,P62259
9132	D3ZXR7,P35739,P08592,P17325,B5DF91,P62260,D4A9N5,B5DF45	F8WJF7,Q3UFB7,P12023,P05627,P70372,P62259,Q61510,P70196
7387	F1LNW6,P35739,P08592,P17325,D4A9N5,B5DF91,D4ADV8,P62260	Q8R1N0,Q3UFB7,P12023,Q61510,P05627,P70372,A0A0B4J1E2,P62259
602	P08592,Q62923,P29067,B5DF91,M0R9R0,P35739,P35370,P62260	Q61510,Q64387,Q91YI4,Q80V62,Q5U4C1,Q3UFB7,P35377,P62259
4200	P08592,P35739,Q5XI24,A0A096P6L8,F1LRM7,B5DF91,A0A0G2K5U0,P62260	P12023,Q3UFB7,P20263,Q921E6,O88322,Q80V62,P70372,P62259
7205	P35739,D4A228,D4A9N5,P08592,P17325,A0A0G2JX94,B5DF91,A0A0G2K5U0	Q3UFB7,P55821,Q61510,P12023,P05627,P63280,P70372,Q80V62
8603	P35739,P08592,Q04906,F1M8E5,P17325,D4A9N5,B5DF91,P62260	Q3UFB7,P12023,P20722,Q05BA5,P05627,Q61510,P70372,P62259
602	P08592,Q62923,P29067,B5DF91,M0R9R0,P35739,P35370,P62260	P12023,Q64387,Q91YI4,Q80V62,Q5U4C1,Q3UFB7,P35377,P62259
4320	A0A0H2UHH4,A0A0G2K5U0,D3ZME7,D4A9N5,P08592,B5DF91,F1LQC5,P62260	Q9R229,Q80V62,A0A0R4J0T0,Q61510,P12023,P70372,O35607,P62259
8545	Q07490,A0A0G2K5U0,D4A9N5,D3ZV15,P35739,B5DF91,P62260,A0A0G2JVW0	E0CX23,Q3UFB7,Q61510,P48754,Q80V62,P70372,P62259,Q9D1C8
6817	P08592,D3ZHJ3,A0A0G2K5U0,B5DF91,P35739,Q5D006,P62260,D4A9N5	P12023,P43120,Q80V62,P70372,Q3UFB7,E9PXY8,P62259,P05627
10385	A0A0G2K5U0,D4A9N5,D3ZIM5,A0A0G2K612,P08592,B5DF91,P62260,Q80U96	Q3UFB7,Q61510,Q811M1,Q9CUN6,P12023,P70372,P62259,Q6P5F9
9057	D4A729,P08592,P35739,B5DF91,P17325,P62260,G3V8A4,D4A9N5	B7ZBV9,P12023,Q3UFB7,P70372,P05627,P62259,Q4VA93,Q61510
9435	D4A9N5,Q62762,A0A0G2K5U0,P35739,P19139,P62260,B5DF91,P08592	Q61510,A0A0G2LB90,Q80V62,Q3UFB7,A2A432,P62259,P70372,P12023
2843	P35739,Q5XI24,A0A096P6L8,P08592,D4A9N5,F1LRM7,B5DF91,A0A0G2K5U0	Q3UFB7,P51942,P11276,P12023,Q61510,P28481,P70372,Q80V62
7387	Q5XIB2,P35739,P08592,D4A9N5,P17325,B5DF91,D4A8G7,P62260	Q925F2,Q80V62,P12023,Q61510,P05627,P70372,E9QK89,P62259
4191	P35739,D4A9N5,Q7TSB7,O70454,A0A0G2KA10,P17325,P08592,B5DF91	Q3UFB7,Q61510,Q6Y4S4,Q6PGH1,Q9R0S2,P05627,P12023,P70372
8193	P35739,G3V6T9,P08592,D4A9N5,F1LS01,B5DF91,P62260,B5DF45	Q3UFB7,P32443,P12023,Q61510,F8VPK8,P70372,P62259,P70196
1858	D3ZJN4,D4Q8I2,P35739,P08592,D4A9N5,B5DF91,A0A0G2JSP3,Q3B7C9	Q920H1,D3YXF5,Q80V62,Q6ZPL9,P12023,P62259,Q3UFB7,Q60754
7083	A0A0G2K8X4,A0A0G2K5U0,P08592,P27704,D4A9N5,B5DF91,P62260,Q7TT47	Q9JKQ4,P12023,Q3UFB7,Q8VEE4,P70372,Q61510,P62259,Q9D842
8190	P08592,M0RBE6,B5DF91,P35739,P62716,G3V6K6,P62260,D4A9N5	Q80V62,Q9JHQ5,Q61510,P12023,O08992,Q01279,P62259,P70372
4496	D4A9N5,P08424,A0A0G2K5U0,A0A0G2JSP3,P35739,Q9Z136,B5DF91,P62260	Q61510,Q9QXN5,Q80V62,Q9JLV5,Q3UFB7,Q61602,P70372,P62259
4380	D4A9N5,Q5XIG5,P35739,F1MA52,A0A0G2K5U0,D3Z8G3,B5DF91,P62260	Q61510,P70390,Q80V62,A0A0B4J1E2,Q3UFB7,Q80TN5,P62259,P70372
8748	P35739,P17325,A0A0G2JYQ8,O35410,P08592,D4A9N5,P62260,B5DF91	Q80V62,P05627,Q32NY8,Q61069,P12023,Q61510,P62259,P70372
9058	P0C1S9,P08592,A0A0G2K5U0,B5DF91,P17325,P62260,Q5BK32,D4A9N5	Q9R059,P12023,Q3UFB7,P70372,Q61510,P62259,A0A0B4J1E2,P05627
7265	P35739,G3V6J8,D4A9N5,P08592,P17325,P12841,P62260,B5DF91	Q80V62,Q8K4K4,Q61510,P12023,P05627,P01101,P62259,P70372
9134	D3ZQ38,P35739,P08592,P17325,B5DF91,P62260,D4A9N5,P53042	Q8R493,Q3UFB7,P12023,P05627,P70372,P62259,Q61510,Q8R317
6909	D3ZQ38,P08592,A0A0G2K5U0,P35739,B5DF91,P17325,D4A9N5,P53042	A2ACG1,P12023,Q80V62,Q3UFB7,P70372,P05627,Q61510,Q60676
1315	P35739,Q641X0,D4A9N5,P10361,B5DFI5,P08592,B2GUY5,P62260	Q3UFB7,P56484,P12023,Q99JX7,Q8R2Q6,Q61510,Q9CQE7,P62259
2364	M0R3T0,D3ZME7,G3V6K6,B5DF91,D4A9N5,P62260,P08592,F1MA54	Q8K3I2,Q8BJU0,P12023,Q3UFB7,P70372,P62259,Q61510,O08689
10385	A0A0G2K5U0,D4A9N5,D3ZIM5,A0A0G2K612,P08592,B5DF91,P62260,Q80U96	Q80V62,Q61510,Q811M1,Q9CUN6,P12023,P70372,P62259,Q6P5F9
1325	P35739,P10361,D3ZKI8,D4A9N5,P08592,Q5PQL3,P97887,B5DF91	Q3UFB7,P02340,Q8BQC3,Q61510,P12023,P29391,P35991,P70372
4320	A0A0H2UHH4,A0A0G2K5U0,D3ZME7,D4A9N5,P08592,B5DF91,F1LQC5,P62260	Q9D7L7,Q3UFB7,Q9CUN6,Q61510,P12023,P70372,Q9R1Z7,P62259
7562	A0A0G2K0K6,P35739,P08592,D4A9N5,P17325,P62260,R9PXV5,B5DF91	Q91ZD1,Q3UFB7,P12023,P05627,Q61510,P62259,O70435,P70372
6909	D3ZQ38,P08592,A0A0G2K5U0,P35739,B5DF91,P17325,D4A9N5,P53042	Q8R493,P12023,Q80V62,Q3UFB7,P70372,P05627,Q61510,Q8R317
6419	D3ZGK2,P08592,P35739,A0A0G2K5U0,B5DF91,D4A9N5,P09416,D3Z8X4	E9Q6S0,P12023,Q3UFB7,Q80V62,P70372,Q61510,P01108,Q924W5
1666	P08592,Q5U1Z8,P35739,M0R5V5,P10361,B5DF91,D4AAY7,P62260	P12023,Q8JZL2,Q3UFB7,Q62158,P02340,P70372,Q9CQG3,P62259
6669	P35739,D3ZZ82,P08592,D4A9N5,P27704,F1LRS1,B5DF91,P62260	P12023,Q8VCV3,Q3UFB7,P70372,Q76MZ3,Q8R5J9,Q61510,P62259
4834	A0A0G2K5U0,D4A9N5,P10361,Q9ERW3,P97887,P08592,B5DF91,P62260	Q80V62,Q61510,P02340,P70377,P49769,P12023,P70372,P62259
4315	Q5U2U8,P35739,F1LXV9,D4A9N5,D3ZXP4,B5DF91,A0A0G2K9K6,P62260	Q61510,Q3UFB7,Q9JLI7,Q9JLV1,Q8K450,Q80V62,Q5S003,P62259
7267	A0A0G2K5U0,Q3B7L3,D4A9N5,P08592,P17325,P19139,P62260,B5DF91	Q3UFB7,Q91WG5,Q61510,P12023,P05627,Q91VR7,P62259,P70372
7067	D4A7G5,P08592,P35739,Q5XI34,B5DF91,D4A9N5,P62260,Q6TA25	A2AQJ8,P12023,Q80V62,Q76MZ3,P70372,Q61510,P62259,Q9CRA9
1666	P08592,M0R6Q6,P35739,M0R5V5,P10361,B5DF91,D4AAY7,P62260	P12023,Q9JHG1,Q3UFB7,P39428,P02340,P70372,Q64323,P62259
6741	F1LNW6,P08592,A0A0G2K5U0,P35739,B5DF91,D4A9N5,D4ADV8,P62260	Q925F2,P12023,Q3UFB7,Q80V62,P70372,P05627,E9QK89,P62259
3725	Q6XKD3,D4AE21,P08592,B5DF91,P62260,D4A9N5,Q9JI92,D3ZMJ4	Q6XJV4,Q9ES57,Q61510,P48025,P12023,P62259,O54885,O54901
1646	P08592,P19357,P35739,M0R5V5,P10361,B5DF91,Q4V8B5,P62260	Q3UFB7,O54901,Q61510,O54885,P48025,P12023,Q9ES57,P62259
2905	A0A0G2K5U0,Q3B7V0,P10361,P08592,D4A9N5,D4AA11,P62260,B5DF91	Q80V62,O88876,P02340,P12023,Q61510,Q9CQ39,P62259,P70372
10385	P35739,D4A9N5,D3ZIM5,A0A0G2K612,P08592,B5DF91,P62260,Q80U96	P12023,P70372,P97770,Q6P5B5,Q3UFB7,Q61510,P62259,P05627
8603	A0A0G2K5U0,P08592,O09018,D4A8G7,P17325,D4A9N5,B5DF91,P62260	Q80V62,P12023,P43135,A0A0B4J1E2,P05627,Q61510,P70372,P62259
7562	A0A0G2K0K6,P35739,P08592,D4A9N5,P17325,P62260,R9PXV5,B5DF91	Q8R0F9,Q3UFB7,P12023,Q61510,P05627,P62259,Q60722,P70372
7067	D4A7G5,P08592,P35739,Q5XI34,B5DF91,D4A9N5,P62260,Q6TA25	A2AQJ8,P12023,Q3UFB7,Q76MZ3,P70372,Q61510,P62259,Q9CRA9
3725	D3ZX64,D3ZME7,P35739,D4A9N5,B5DF91,Q80U96,P08592,B5DEI7	Q6XJV4,Q9ES57,Q61510,P48025,P12023,P62259,O54885,O54901
1666	P08592,D4A0Z0,P35739,M0R5V5,P10361,B5DF91,D4AAY7,P62260	P12023,Q9JHG1,Q3UFB7,P39428,P02340,P70372,Q64323,P62259
4370	D4A9N5,P29067,A0A0G2K5U0,M0R9R0,P35739,P35370,B5DF91,P62260	Q3UFB7,P18762,P12023,Q8CG64,Q61510,Q78IQ7,P62259,Q60631
9132	D3ZXR7,P35739,P08592,P17325,B5DF91,P62260,D4A9N5,B5DF45	F8WJF7,Q80V62,P12023,P05627,P70372,P62259,Q61510,P70196
9435	D4A9N5,M0RBT9,A0A0G2K5U0,P35739,P19139,P62260,B5DF91,P08592	Q61510,A0A0G2LB90,Q80V62,Q3UFB7,A2A432,P62259,P70372,P12023
6817	P08592,F7F7Q9,A0A0G2K5U0,B5DF91,P35739,F1LM09,P62260,P17325	P12023,M9MMK0,Q80V62,P70372,Q3UFB7,Q99K46,P62259,Q61510
2364	Q5EB94,A0A0G2K0D4,P08592,A0A0G2K5U0,B5DF91,P62260,D4A9N5,O88828	Q8K3I2,Q8BJU0,P12023,Q3UFB7,P70372,P62259,Q61510,O08689
2739	D3ZDZ9,D4A9N5,P60522,P35739,A0A0G2K5U0,P08592,B5DF91,Q6W3B0	Q5SS91,Q61510,Q6NZQ4,Q3UFB7,Q80V62,P12023,P70372,Q9JJF2
9077	Q99P75,P08592,P35739,B5DF91,P17325,P62260,A0A0G2K5U0,D4A8G7	Q9R0M6,P12023,Q3UFB7,P70372,P05627,P62259,Q80V62,A0A0B4J1E2
6910	D4A7K0,P08592,A0A0G2K5U0,P35739,B5DF91,P17325,D4A9N5,O88321	A0A0R4J069,P12023,Q80V62,Q3UFB7,P70372,P05627,Q61510,Q9CZN7
8924	Q76IC6,D4A9N5,P21708,P35739,B5DF91,P62260,Q9ESV6,P08592	Q8BH07,Q61510,P23249,Q80V62,P70372,P62259,Q9WU03,P12023
6741	F1LNW6,P08592,A0A0G2K5U0,P35739,B5DF91,D4A9N5,D4ADV8,P62260	Q8R1N0,P12023,Q80V62,Q3UFB7,P70372,P05627,A0A0B4J1E2,P62259
9872	G3V859,B5DF45,B5DF91,P62260,A0A0G2K5U0,D4A9N5,M0R3J4,P08592	Q99MU1,P70196,P70372,P62259,Q80V62,Q61510,P36898,P12023
8074	P08592,P35739,Q6MG88,G3V6T9,B5DF91,D4A9N5,B5DF45,P62260	P12023,Q80V62,Q3U1Z5,P32443,P70372,Q61510,P70196,P62259
4380	D4A9N5,G3V7M9,A0A0G2K5U0,D4A8G7,P35739,E9PTT0,P62260,B5DF91	Q61510,P70390,Q80V62,A0A0B4J1E2,Q3UFB7,Q80TN5,P62259,P70372
4200	P08592,B5DF91,P63182,D3ZVH2,F1LXB6,P35739,A0A0G2K5U0,P62260	P12023,Q3UFB7,P51942,P11276,P28481,P70372,Q80V62,P62259
7562	Q6AY34,P35739,P08592,P17325,D4A9N5,P62260,P18422,B5DF91	E9PYF7,Q3UFB7,P12023,Q61510,P05627,P62259,P13405,P70372
7205	P35739,M0R8R8,D4A9N5,P08592,P17325,Q3MHU2,B5DF91,A0A0G2K5U0	Q3UFB7,G3X973,P05627,P12023,Q61510,Q8R0H9,P70372,Q80V62
8545	Q07490,A0A0G2K5U0,D4A9N5,D3ZV15,P35739,B5DF91,P62260,A0A0G2JVW0	P24807,Q80V62,Q61510,P22682,Q3UFB7,P70372,P62259,Q80ZE3
1633	P35739,A0A0G2JUJ2,D4A9N5,Q63524,D3ZME7,P08592,O35254,B5DF91	P12023,Q9CPQ2,Q3UFB7,P06880,O35717,G3X914,P04095,P62259
4314	A0A0G2K5U0,A0A0G2K7X7,D4A9N5,D3ZX56,P08592,M0R9F7,B5DF91,P35739	Q80V62,D3YXF5,Q61510,Q6ZPL9,P12023,Q60754,P70372,Q3UFB7
8748	A0A0G2K5U0,P17325,D3ZKI5,B2RZ55,P08592,D4A9N5,P62260,B5DF91	Q80V62,P05627,Q32NY8,Q61069,P12023,Q61510,P62259,P70372
4370	D4A9N5,P29067,A0A0G2K5U0,P50232,P35739,P49187,B5DF91,P62260	Q3UFB7,P18762,P12023,Q8CG64,Q61510,Q78IQ7,P62259,Q60631
6817	P08592,D3ZHJ3,A0A0G2K5U0,B5DF91,P35739,Q5D006,P62260,D4A9N5	Q80V62,Q91Z22,P12023,Q61510,Q8R317,E9Q4P1,P62259,P70372
9134	F1LV52,P35739,P08592,D4A9N5,B5DF91,P62260,P17325,Q5U3Z7	A2ACG1,Q3UFB7,P12023,P05627,P70372,P62259,Q61510,Q60676
2364	Q5EB94,A0A0G2K0D4,P08592,P35739,B5DF91,P62260,D4A9N5,O88828	Q8K3I2,Q8BJU0,P12023,Q80V62,P70372,P62259,Q61510,O08689
6419	Q499U6,P08592,P35739,A0A0G2K5U0,B5DF91,D4A9N5,P09416,D4AB26	E9Q6S0,P12023,Q3UFB7,Q80V62,P70372,Q61510,P01108,Q924W5
4200	P08592,P35739,Q6MG27,B5DF02,W4VSR4,A0A0G2K5U0,B5DF91,P62260	P12023,Q3UFB7,P20263,Q921E6,O88322,Q80V62,P70372,P62259
4320	A0A0H2UHH4,A0A0G2K5U0,D3ZME7,D4A9N5,P08592,B5DF91,F1LQC5,P62260	Q9R229,Q3UFB7,A0A0R4J0T0,Q61510,P12023,P70372,O35607,P62259
3731	P08592,D3ZRH6,P35739,B5DF02,A0A0G2K5U0,B5DF91,A0A140TAF4,D4A9N5	P12023,O08537,Q3UFB7,Q921E6,Q80V62,P70372,Q0HA38,Q61510
2826	P35739,P19327,Q9QWJ9,D4A9N5,P08592,Q04589,P19139,P62260	Q3UFB7,Q9WUG7,Q8R5J9,P12023,Q61510,Q8VCV3,Q76MZ3,P62259
7387	Q6AYD4,A0A0G2K5U0,P08592,D4A9N5,P17325,B5DF91,Q5U2M8,P62260	Q8R1N0,Q3UFB7,P12023,Q61510,P05627,P70372,A0A0B4J1E2,P62259
7267	P35739,A0A140UHX4,D4A9N5,P08592,P17325,Q6XVN8,P62260,B5DF91	Q3UFB7,Q91WG5,Q61510,P12023,P05627,Q91VR7,P62259,P70372
2739	G3V8Z7,D4A9N5,P60522,A0A0G2K5U0,P35739,P08592,B5DF91,D4A634	Q9CQQ0,Q61510,P60521,Q80V62,Q3UFB7,P12023,P70372,Q8BIV3
9872	G3V859,B5DF45,B5DF91,P62260,A0A0G2K5U0,D4A9N5,M0R3J4,P08592	Q99MU1,P70196,P70372,P62259,Q3UFB7,Q61510,P36898,P12023
8435	P35739,P61805,P08592,D4A9N5,B5DF02,D3ZME7,B5DF91,P62260	Q3UFB7,Q9CQW1,P12023,Q61510,Q921E6,A0A0R4J0T0,P70372,P62259
9077	Q99P75,P08592,P35739,B5DF91,P17325,P62260,A0A0G2K5U0,D4A8G7	A2AJ15,P12023,Q3UFB7,P70372,P05627,P62259,Q80V62,G3X914
9058	B1WBV3,P08592,P35739,B5DF91,P17325,P62260,B2GV14,D4A9N5	Q9CYH5,P12023,Q3UFB7,P70372,P05627,P62259,Q6PAM1,Q61510
6317	P08592,P35739,Q99MF4,G3V890,F1LPK1,B5DF91,D4A9N5,P62260	P12023,Q80V62,Q64385,P47873,Q00560,P70372,Q61510,P62259
1790	Q62923,P29067,M0R9R0,D4A9N5,B5DF91,P35739,P62260,P35370	Q8K0D7,Q61510,Q8R2Q6,Q3UFB7,Q80V62,Q99JX7,P62259,Q9CQE7
7562	Q6AY34,P35739,P08592,P17325,D4A9N5,P62260,P18422,B5DF91	Q8R0F9,Q3UFB7,P12023,Q61510,P05627,P62259,Q60722,P70372
9092	Q569C3,P08592,P35739,B5DF91,D4A9N5,P62260,A0A0G2K5U0,B5DF45	Q8BJQ2,P12023,Q3UFB7,P70372,Q61510,P62259,Q80V62,P70196
7083	A0A0G2K8X4,A0A0G2K5U0,P08592,P27704,D4A9N5,B5DF91,P62260,Q7TT47	Q9D2N8,P12023,Q3UFB7,G3X914,P70372,Q61510,P62259,O88838
9134	D3ZQ38,P35739,P08592,P17325,B5DF91,P62260,D4A9N5,P53042	A2ACG1,Q3UFB7,P12023,P05627,P70372,P62259,Q61510,Q60676
6636	P08592,Q5U1W4,A0A0G2K5U0,B5DF91,P35739,F1LNG5,D4A9N5,G3V6K6	P12023,Q922G7,Q80V62,P70372,Q3UFB7,Q62077,Q61510,Q01279
1666	P08592,Q5U1Z8,P35739,M0R5V5,P10361,B5DF91,D4AAY7,P62260	P12023,Q9D1C3,Q3UFB7,P39428,P02340,P70372,Q64323,P62259
9077	Q99P75,P08592,P35739,B5DF91,P17325,P62260,A0A0G2K5U0,D4A8G7	A2AJ15,P12023,Q3UFB7,P70372,Q61510,P62259,Q80V62,G3X914
9092	B1WC90,P08592,P35739,B5DF91,D4A9N5,P62260,A0A0G2K5U0,B5DF45	Q8BJQ2,P12023,Q3UFB7,P70372,Q61510,P62259,Q80V62,P70196
8746	P08592,B5DF91,Q5I0J5,G3V817,P35739,A0A0G2K5U0,P62260,P17325	P12023,P70372,Q8VDV8,P27641,Q3UFB7,Q80V62,P62259,P05627
6817	P08592,Q66H66,A0A0G2K5U0,B5DF91,P35739,Q6IRE4,P62260,D4A9N5	P12023,Q8CHD8,Q80V62,P70372,Q3UFB7,Q61187,P62259,Q61510
8603	P35739,P08592,Q04906,F1M8E5,P17325,D4A9N5,B5DF91,P62260	Q80V62,P12023,P20722,Q05BA5,P05627,Q61510,P70372,P62259
1666	P08592,P97639,P35739,B5DFI5,P10361,B5DF91,Q7TSV3,P62260	P12023,Q9Z324,Q3UFB7,P39428,P02340,P70372,Q64323,P62259
4624	D4ADR7,P08592,Q6IMY8,B5DF91,P35739,P62260,D4A9N5,Q6MG07	Q8CGR6,P12023,P0CG50,P70372,Q80V62,P62259,Q61510,Q07235
4200	P08592,B5DF91,P63182,D3ZVH2,F1LXB6,P35739,A0A0G2K5U0,P62260	P12023,Q3UFB7,Q9D0M1,Q921E6,Q7TNS8,P70372,Q80V62,P62259
6863	G3V7M9,D4A8G7,P08592,D4A9N5,P62260,P35739,E9PTT0,B5DF91	P70390,A0A0B4J1E2,P12023,Q61510,P62259,Q3UFB7,Q80TN5,P70372
4444	A0A0G2K5U0,P08424,D4A9N5,A0A0G2JSP3,P08592,Q9Z136,B5DF91,P62260	Q80V62,Q9QXN5,Q61510,Q9JLV5,P12023,Q61602,P70372,P62259
6419	Q6AZ70,P08592,P35739,A0A0G2K5U0,B5DF91,D4A9N5,P09416,D4AB26	F6VZ99,P12023,Q3UFB7,Q80V62,P70372,Q61510,P01108,Q924W5
7562	D3ZN47,P35739,P08592,D4A9N5,P17325,P62260,Q3B8Q2,B5DF91	Q91ZD1,Q80V62,P12023,P05627,Q61510,P62259,O70435,P70372
7267	A0A0G2K5U0,D3ZTM7,D4A9N5,P08592,P17325,P19139,P62260,B5DF91	Q3UFB7,Q91WG5,Q61510,P12023,P05627,Q91VR7,P62259,P70372
10385	A0A0G2K5U0,D4A9N5,Q6AYC5,A0A0G2K612,P08592,B5DF91,P62260,Q80U96	Q3UFB7,Q61510,F8VQM2,P51683,P12023,P70372,P62259,P42227
8193	A0A0G2K5U0,G3V6T9,P08592,D4A9N5,F1LS01,B5DF91,P62260,B5DF45	Q3UFB7,P32443,P12023,Q61510,F8VPK8,P70372,P62259,P70196
6910	Q68FT9,P08592,A0A0G2K5U0,P35739,B5DF91,P17325,D4A9N5,Q5U3Z7	A0A0R4J069,P12023,Q80V62,Q3UFB7,P70372,P05627,Q61510,Q9CZN7
4069	D3ZZ79,P35739,D4A9N5,P47196,P08592,A0A0G2K5U0,B5DF91,G3V729	Q5F289,Q3UFB7,Q61510,P31750,P12023,Q80V62,P70372,Q61878
7205	P35739,D4A228,D4A9N5,P08592,P17325,A0A0G2JX94,B5DF91,A0A0G2K5U0	Q3UFB7,A2ABU4,Q61510,P12023,P05627,Q8VHG2,P70372,Q80V62
9139	A0A0G2KBB3,P35739,P08592,D4A9N5,B5DF91,P62260,P17325,B5DF45	Q7M6Y5,Q3UFB7,P12023,Q61510,P70372,P62259,P05627,P70196
9139	Q5U3Z6,P35739,P08592,D4A9N5,B5DF91,P62260,P17325,B5DF45	Q7M6Y5,Q3UFB7,P12023,Q61510,P70372,P62259,P05627,P70196
9134	P12392,P35739,P08592,P17325,B5DF91,P62260,D4A9N5,A0A140TAI1	A2ACG1,Q3UFB7,P12023,P05627,P70372,P62259,Q61510,Q60676
8074	P08592,P35739,Q6MG88,G3V6T9,B5DF91,D4A9N5,B5DF45,P62260	P12023,Q3UFB7,Q3U1Z5,P32443,P70372,Q61510,P70196,P62259
9435	D4A9N5,M0RBT9,A0A0G2K5U0,P35739,P19139,P62260,B5DF91,P08592	Q61510,E9PWB8,Q80V62,Q3UFB7,A2A432,P62259,P70372,P12023
9077	D3ZV19,P08592,P35739,B5DF91,D4A9N5,P62260,A0A0G2K5U0,F1LRP7	Q3U145,P12023,Q3UFB7,P70372,Q61510,P62259,Q80V62,Q8CJG0
11305	D3ZDI4,P08592,B5DF91,D4A9N5,P17325,P62260,A0A0G2K5U0,P19139	Q3ULF4,P12023,P70372,P05627,Q61510,P62259,Q80V62,Q61532
1858	D3ZNW6,D4Q8I2,P35739,P08592,D4A9N5,B5DF91,A0A0G2JSP3,Q3B7C9	Q920H1,D3YXF5,Q80V62,Q6ZPL9,P12023,P62259,Q3UFB7,Q60754
4370	D4A9N5,P08699,P35739,Q5FVN0,A0A0G2K5U0,P61794,B5DF91,P62260	Q3UFB7,P18762,P12023,Q8CG64,Q61510,Q78IQ7,P62259,Q60631
7205	P35739,D4A228,D4A9N5,P08592,P17325,A0A0G2JX94,B5DF91,A0A0G2K5U0	Q3UFB7,G3X973,P05627,P12023,Q61510,Q8R0H9,P70372,Q80V62
1325	P35739,P10361,G3V6V5,D4A9N5,P08592,Q5PQL3,P97887,B5DF91	Q3UFB7,P02340,Q8BQC3,Q61510,P12023,P29391,P35991,P70372
7387	F1LNW6,P35739,P08592,P17325,D4A9N5,B5DF91,D4ADV8,P62260	Q8K2A1,Q3UFB7,P12023,Q61510,P05627,P70372,A0A0B4J1E2,P62259
11298	M0RCA3,P08592,B5DF91,D4A9N5,P17325,P62260,A0A0G2K5U0,Q9Z270	E9Q3H6,P12023,P70372,Q61510,P05627,P62259,Q3UFB7,O35459
2739	D3ZDZ9,D4A9N5,P60522,P35739,A0A0G2K5U0,P08592,B5DF91,Q6W3B0	Q9CQQ0,Q61510,P60521,Q80V62,Q3UFB7,P12023,P70372,Q8BIV3
7562	Q6AY34,A0A0G2K5U0,P08592,P17325,D4A9N5,P62260,P18422,B5DF91	Q91ZD1,Q80V62,P12023,P05627,Q61510,P62259,O70435,P70372
1666	P08592,P97639,P35739,B5DFI5,P10361,B5DF91,Q7TSV3,P62260	P12023,Q5M9N4,Q3UFB7,P39428,P02340,P70372,Q64323,P62259
11297	D4A228,P08592,B5DF91,D4A9N5,P17325,P62260,A0A0G2K5U0,A0A0G2JX94	P55821,P12023,P70372,Q61510,P05627,P62259,Q80V62,P63280
6741	Q3MHS2,P08592,A0A0G2K5U0,P35739,B5DF91,P17325,D4A8G7,P62260	Q925F2,P12023,Q3UFB7,Q80V62,P70372,P05627,E9QK89,P62259
6669	A0A0G2K5U0,D3ZZ82,P08592,D4A9N5,P27704,F1LRS1,B5DF91,P62260	P12023,Q8VCV3,Q3UFB7,P70372,Q76MZ3,Q8R5J9,Q61510,P62259
6741	Q3MHS2,P08592,A0A0G2K5U0,P35739,B5DF91,P17325,D4A8G7,P62260	Q8K2A1,P12023,Q80V62,Q3UFB7,P70372,P05627,A0A0B4J1E2,P62259
9435	D4A9N5,P18864,A0A0G2K5U0,P35739,P19139,P62260,B5DF91,P08592	P05627,A0A0G2LB90,Q80V62,Q3UFB7,A2A432,P62259,P70372,P12023
7387	Q6AYD4,A0A0G2K5U0,P08592,D4A9N5,P17325,B5DF91,Q5U2M8,P62260	Q925F2,Q80V62,P12023,Q61510,P05627,P70372,E9QK89,P62259
1642	P35739,P08592,Q5U2U8,D3ZXP4,F1LXV9,A0A0G2K9K6,D4A9N5,P62260	Q3UFB7,P12023,Q9JLV1,Q5S003,Q9JLI7,Q8K450,Q61510,P62259
1325	P35739,P10361,Q5U2T1,D4A9N5,P08592,Q5PQL3,P97887,B5DF91	Q3UFB7,P02340,O35679,Q61510,P12023,Q3TD49,P49769,P70372
6741	Q6AYD4,P08592,P35739,A0A0G2K5U0,B5DF91,P17325,Q5U2M8,P62260	Q8K2A1,P12023,Q80V62,Q3UFB7,P70372,P05627,A0A0B4J1E2,P62259
7255	P08592,B1WBV3,A0A0G2K5U0,P35739,B5DF91,B2GV14,P62260,D4A9N5	P12023,Q91WC9,Q3UFB7,Q80V62,P70372,Q3TDN2,P62259,Q61510
7267	A0A0G2K5U0,Q3B7L3,D4A9N5,P08592,P17325,P19139,P62260,B5DF91	Q80V62,Q91WG5,Q61510,P12023,P05627,Q91VR7,P62259,P70372
7067	D4A7G5,P08592,A0A0G2K5U0,Q5XI34,B5DF91,D4A9N5,P62260,Q6TA25	A2AQJ8,P12023,Q80V62,Q76MZ3,P70372,Q61510,P62259,Q9CRA9
7311	A0A0G2K7X7,D3ZX56,B5DF91,D4A9N5,P62260,P08592,M0R9F7,P35739	D3YXF5,Q6ZPL9,P70372,Q61510,P62259,P12023,Q60754,Q3UFB7
6669	P35739,D3ZZ82,P08592,D4A9N5,P27704,F1LRS1,B5DF91,P62260	P12023,Q8VCV3,Q80V62,P70372,Q76MZ3,Q8R5J9,Q61510,P62259
7562	D3ZN47,P35739,P08592,D4A9N5,P17325,P62260,Q3B8Q2,B5DF91	Q91ZD1,Q3UFB7,P12023,P05627,Q61510,P62259,O70435,P70372
9092	Q569C3,P08592,P35739,B5DF91,D4A9N5,P62260,A0A0G2K5U0,B5DF45	Q9EQU3,P12023,Q3UFB7,P70372,Q61510,P62259,Q80V62,P70196
8924	Q68FV2,D4A9N5,D3ZUC2,A0A0G2K5U0,B5DF91,P62260,G3V8S0,P08592	Q99JB0,Q61510,Q99JX7,Q80V62,P70372,P62259,Q8BMI0,P12023
4109	M0RAF9,P35739,P08592,Q5BK32,D4A9N5,A0A0G2K5U0,P62260,F1LNX2	Q8K1A0,Q80V62,Q61510,Q6P5B5,P05627,Q3UFB7,P62259,P97770
7067	D4A7G5,P08592,A0A0G2K5U0,Q5XI34,B5DF91,D4A9N5,P62260,Q6TA25	A2AQJ8,P12023,Q3UFB7,Q76MZ3,P70372,Q61510,P62259,Q9CRA9
4370	P35739,Q8VBU7,P08592,Q4KLJ4,D4A9N5,A0A0H2UHY4,P62260,P62994	Q61510,P83510,Q3UFB7,Q6WVG3,Q80V62,O88704,P70372,P62259
2739	G3V8Z7,D4A9N5,P60522,A0A0G2K5U0,P35739,P08592,B5DF91,D4A634	Q5SS91,Q61510,Q6NZQ4,Q3UFB7,Q80V62,P12023,P70372,Q9JJF2
9139	Q5U3Z6,P35739,P08592,D4A9N5,B5DF91,P62260,P17325,B5DF45	Q7M6Y5,Q80V62,P12023,Q61510,P70372,P62259,P05627,P70196
7083	A0A0G2K2M1,P08592,P35739,Q7TP21,B5DF91,D4A9N5,P62260,F6Q5G6	Q9JKQ4,P12023,Q3UFB7,Q8VEE4,P70372,Q61510,P62259,Q9D842
8198	D4A9N5,A0A0G2K349,A0A0G2K5U0,P35739,A0A0G2K3L8,A0A140TAI1,P62260,B5DF91	Q61510,Q91Z22,Q80V62,Q3UFB7,E9Q4P1,Q8R317,P62259,P70372
9872	G3V859,B5DF45,B5DF91,P62260,P35739,D4A9N5,M0R3J4,P08592	Q99MU1,P70196,P70372,P62259,Q80V62,Q61510,P36898,P12023
6817	P08592,Q66H66,A0A0G2K5U0,B5DF91,P35739,Q6IRE4,P62260,D4A9N5	P12023,P43120,Q80V62,P70372,Q3UFB7,E9PXY8,P62259,P05627
6527	A0A0G2K047,P08592,A0A0G2K5U0,P35739,B5DF91,A0A0G2JVC1,P62260,D3ZMN2	Q14DH7,P12023,Q80V62,Q3UFB7,P70372,P23804,P62259,Q8CFE2
7562	Q6AY34,A0A0G2K5U0,P08592,P17325,D4A9N5,P62260,P18422,B5DF91	E9PYF7,Q3UFB7,P12023,Q61510,P05627,P62259,P13405,P70372
7562	Q6AY34,A0A0G2K5U0,P08592,P17325,D4A9N5,P62260,P18422,B5DF91	Q91ZD1,Q3UFB7,P12023,P05627,Q61510,P62259,O70435,P70372
2826	P08592,D3ZCS3,D3ZDK2,P35739,B5DF91,B1H278,D4A9N5,A0A0G2JSP3	Q3UFB7,Q9WUG7,Q8R5J9,P12023,Q61510,Q8VCV3,Q76MZ3,P62259
7265	P35739,G3V6J8,D4A9N5,P08592,P17325,P12841,P62260,B5DF91	Q3UFB7,Q8C2R7,Q61510,P12023,P05627,O35280,P62259,P70372
9435	D4A9N5,Q62762,A0A0G2K5U0,P35739,P19139,P62260,B5DF91,P08592	Q61510,E9PWB8,Q80V62,Q3UFB7,A2A432,P62259,P70372,P12023
8924	Q68FV2,D4A9N5,D3ZUC2,P35739,B5DF91,P62260,G3V8S0,P08592	Q8BH07,Q61510,P23249,Q80V62,P70372,P62259,Q9WU03,P12023
6817	P08592,D3ZHJ3,A0A0G2K5U0,B5DF91,P35739,Q5D006,P62260,D4A9N5	P12023,M9MMK0,Q80V62,P70372,Q3UFB7,Q99K46,P62259,Q61510
7255	P08592,D3ZPF0,A0A0G2K5U0,P35739,B5DF91,D4A8G7,P62260,P17325	P12023,Q91WC9,Q3UFB7,Q80V62,P70372,Q3TDN2,P62259,Q61510
4234	P08592,G3V7M9,A0A0G2K5U0,D4A8G7,P35739,E9PTT0,B5DF91,P62260	P12023,P70390,Q80V62,A0A0B4J1E2,Q3UFB7,Q80TN5,P70372,P62259
4192	P35739,D4A9N5,Q7TSB7,O70454,A0A0G2KA10,P17325,P08592,P62260	Q80V62,Q61510,Q6Y4S4,Q6PGH1,Q9R0S2,P05627,P12023,P62259
7387	F1LNW6,P35739,P08592,P17325,D4A9N5,B5DF91,D4ADV8,P62260	Q9EPQ8,Q3UFB7,P12023,Q61510,P05627,P70372,Q6AXB7,P62259
6741	Q3MHS2,P08592,A0A0G2K5U0,P35739,B5DF91,P17325,D4A8G7,P62260	Q8R1N0,P12023,Q80V62,Q3UFB7,P70372,P05627,A0A0B4J1E2,P62259
6913	A0A0H2UHJ2,P08592,A0A0G2K5U0,P35739,B5DF91,D4A9N5,P17325,F7EUU4	Q3TVC7,P12023,Q80V62,Q3UFB7,P70372,Q61510,P05627,O35864
2703	Q9JI04,P35739,A0A096P6L8,P08592,D4A9N5,A0A0G2K5U0,B5DF91,G3V763	Q9JLI2,Q3UFB7,P11276,P12023,Q61510,Q80V62,P70372,O88207
9435	D4A9N5,D3ZCQ7,A0A0G2K5U0,P35739,P19139,P62260,B5DF91,P08592	Q61510,A0A0G2LB90,Q80V62,Q3UFB7,A2A432,P62259,P70372,P12023
11298	M0RCA3,P08592,B5DF91,D4A9N5,P17325,P62260,A0A0G2K5U0,Q9Z270	Q8K3G9,P12023,P70372,Q61510,P05627,P62259,Q3UFB7,Q9WTM5
9077	D3ZV19,P08592,P35739,B5DF91,D4A9N5,P62260,A0A0G2K5U0,F1LRP7	A2AJ15,P12023,Q3UFB7,P70372,P05627,P62259,Q80V62,G3X914
1790	Q641X0,P08592,B5DFI5,P35739,B5DF91,P10361,P62260,B2GUY5	Q9CR63,Q61510,Q8R2Q6,Q3UFB7,Q80V62,Q99JX7,P62259,Q9CQE7
7083	A0A0G2K2M1,P08592,P35739,Q7TP21,B5DF91,D4A9N5,P62260,F6Q5G6	Q14DH7,Q3UFB7,P12023,P23804,Q61510,P70372,P62259,Q8CFE2
7255	P08592,D3ZPF0,A0A0G2K5U0,P35739,B5DF91,D4A8G7,P62260,P17325	P12023,Q9R059,Q80V62,Q3UFB7,P70372,A0A0B4J1E2,P62259,P05627
6741	Q6AYD4,P08592,P35739,A0A0G2K5U0,B5DF91,P17325,Q5U2M8,P62260	Q8R1N0,P12023,Q80V62,Q3UFB7,P70372,P05627,A0A0B4J1E2,P62259
7562	Q6AY34,A0A0G2K5U0,P08592,P17325,D4A9N5,P62260,P18422,B5DF91	Q8R0F9,Q3UFB7,P12023,Q61510,P05627,P62259,Q60722,P70372
1325	P35739,P10361,G3V6V5,D4A9N5,P08592,Q5PQL3,P97887,B5DF91	Q3UFB7,P02340,O35679,Q61510,P12023,Q3TD49,P49769,P70372
11305	Q7TT47,P08592,B5DF91,P17325,D4A9N5,P62260,A0A0G2K5U0,P27704	Q3ULF4,P12023,P70372,P05627,Q61510,P62259,Q80V62,Q61532
6817	P08592,F7F7Q9,A0A0G2K5U0,B5DF91,P35739,F1LM09,P62260,P17325	P12023,Q8CHD8,Q80V62,P70372,Q3UFB7,Q61187,P62259,Q61510
6877	A0A0G2K5U0,D4A9N5,D3ZNK1,P17046,D3ZME7,P08592,P62260,B5DF91	P12023,Q3UFB7,P0DI97,Q61625,Q9R171,Q80V62,P62259,P49312
8924	F1M8Z3,D4A9N5,F1MA52,A0A0G2K5U0,B5DF91,P62260,D3ZIK8,P08592	Q8BH07,Q61510,P23249,Q3UFB7,P70372,P62259,Q9WU03,P12023
4360	D4A9N5,A0A0G2K5U0,Q76IC6,P21708,Q9ESV6,P35739,P08592,P62260	Q61510,Q3UFB7,Q99JB0,Q99JX7,Q8BMI0,Q80V62,P12023,P62259
7387	Q3MHS2,P35739,P08592,D4A9N5,P17325,B5DF91,D4A8G7,P62260	Q8R1N0,Q3UFB7,P12023,Q61510,P05627,P70372,A0A0B4J1E2,P62259
9057	F1M6X3,P08592,P35739,B5DF91,P17325,P62260,F1LS98,D4A9N5	B7ZBV9,P12023,Q3UFB7,P70372,P05627,P62259,Q4VA93,Q61510
6910	Q3KR73,P08592,A0A0G2K5U0,P35739,B5DF91,P17325,D4A9N5,Q498M4	Q8VCR3,P12023,Q80V62,Q3UFB7,P70372,P05627,Q61510,O35226
6911	D3ZBE5,P08592,A0A0G2K5U0,P35739,B5DF91,P17325,D4A9N5,A0A140TAD2	Q9ES74,P12023,Q80V62,Q3UFB7,P70372,P05627,Q61510,Q07832
4200	P08592,P35739,Q5XI24,A0A096P6L8,F1LRM7,B5DF91,A0A0G2K5U0,P62260	P12023,Q3UFB7,P20263,Q921E6,F8VQD1,Q80V62,P70372,P62259
9058	B1WBV3,P08592,P35739,B5DF91,P17325,P62260,B2GV14,D4A9N5	Q9DAJ4,P12023,Q3UFB7,P70372,Q61510,P62259,A0A0B4J1E2,P05627
9139	A0A0G2KBB3,P35739,P08592,D4A9N5,B5DF91,P62260,P17325,B5DF45	Q7M6Y5,Q80V62,P12023,Q61510,P70372,P62259,P05627,P70196
8325	P35739,A0A0G2K349,P08592,D4A9N5,A0A0G2K3L8,P62260,A0A140TAI1,B5DF91	Q3UFB7,Q91Z22,P12023,Q61510,E9Q4P1,P62259,Q8R317,P70372
8603	A0A0G2K5U0,P08592,Q04906,F1M8E5,P17325,D4A9N5,B5DF91,P62260	Q80V62,P12023,P20722,Q05BA5,P05627,Q61510,P70372,P62259
7255	P08592,D3ZPF0,A0A0G2K5U0,P35739,B5DF91,D4A8G7,P62260,P17325	P12023,Q9CYH5,Q80V62,Q3UFB7,P70372,Q6PAM1,P62259,Q61510
8190	P08592,M0RBE6,B5DF91,P35739,P62716,G3V6K6,P62260,D4A9N5	Q3UFB7,Q9JHQ5,Q61510,P12023,O08992,Q01279,P62259,P70372
8943	D3ZIK1,P35739,P08592,D4A9N5,B5DF91,P62260,D3ZME7,F7EUU4	Q45KJ6,Q3UFB7,P12023,Q61510,P70372,P62259,A0A0R4J0T0,O35864
6718	Q5RJR4,P08592,A0A0G2K5U0,P35739,B5DF91,P17325,P52631,D4A9N5	Q8JZL0,P12023,Q80V62,Q3UFB7,P70372,P05627,P42227,Q61510
7253	P08592,D4A729,A0A0G2K5U0,P35739,B5DF91,G3V8A4,P62260,D4A9N5	P12023,P43135,Q80V62,Q3UFB7,P70372,A0A0B4J1E2,P62259,Q61510
6317	P08592,P35739,Q99MF4,G3V890,F1LPK1,B5DF91,D4A9N5,P62260	P12023,Q1RNF8,Q3UFB7,Q80V62,P70372,P59941,P01108,Q61510
9077	B2GUY0,P08592,P35739,B5DF91,P17325,P62260,A0A0G2K5U0,A0A0H2UHG3	Q3U145,P12023,Q3UFB7,P70372,Q61510,P62259,Q80V62,Q8CJG0
10385	P35739,D4A9N5,D3ZIM5,A0A0G2K612,P08592,B5DF91,P62260,Q80U96	Q3UFB7,Q61510,F8VQM2,P51683,P12023,P70372,P62259,P42227
3725	Q6XKD3,D4AE21,P08592,B5DF91,P62260,D4A9N5,Q9JI92,D3ZMJ4	P12023,G5E872,Q80V62,Q9WTX6,Q3UFB7,P70372,Q8VEJ3,Q61510
7083	A0A0G2K2M1,P08592,A0A0G2K5U0,Q7TP21,B5DF91,D4A9N5,P62260,F6Q5G6	A2RRY8,Q80V62,P12023,Q61532,Q61510,P70372,P62259,Q3ULF4
6817	P08592,D3ZHJ3,A0A0G2K5U0,B5DF91,P35739,Q5D006,P62260,D4A9N5	P12023,Q8K3K7,Q80V62,P70372,Q3UFB7,Q505D1,P62259,Q61510
9077	D3ZV19,P08592,P35739,B5DF91,D4A9N5,P62260,A0A0G2K5U0,F1LRP7	Q9R0M6,P12023,Q3UFB7,P70372,P05627,P62259,Q80V62,A0A0B4J1E2
9134	P12392,P35739,P08592,P17325,B5DF91,P62260,D4A9N5,A0A140TAI1	Q8R493,Q3UFB7,P12023,P05627,P70372,P62259,Q61510,Q8R317
10385	A0A0G2K5U0,D4A9N5,Q6AYC5,A0A0G2K612,P08592,B5DF91,P62260,Q80U96	Q3UFB7,Q61510,Q811M1,Q9CUN6,P12023,P70372,P62259,Q6P5F9
3725	Q6XKD3,D4AE21,P08592,B5DF91,P62260,D4A9N5,Q9JI92,D3ZMJ4	Q9Z2J6,Q9CR33,P12023,P70372,P62259,Q61510,O08992,Q3UX43
9092	M0RAA8,P08592,P35739,B5DF91,D4A9N5,P62260,A0A0G2K5U0,B5DF45	Q9EQU3,P12023,Q3UFB7,P70372,Q61510,P62259,Q80V62,P70196
4370	P35739,Q8VBU7,P08592,Q4KLJ4,D4A9N5,A0A0H2UHY4,P62260,P62994	Q61510,Q91YI4,Q80V62,Q5U4C1,Q3UFB7,P35377,P70372,P62259
4360	D4A9N5,P35739,F1M8Z3,F1MA52,D3ZIK8,A0A0G2K5U0,P08592,P62260	Q61510,Q3UFB7,Q99JB0,Q99JX7,Q8BMI0,Q80V62,P12023,P62259
4363	P21708,A0A0G2K5U0,Q76IC6,D4A9N5,P08592,B5DF91,Q9ESV6,P62260	Q99JX7,Q3UFB7,Q99JB0,Q61510,P12023,P70372,Q8BMI0,P62259
9435	D4A9N5,D3ZCQ7,A0A0G2K5U0,P35739,P19139,P62260,B5DF91,P08592	P05627,E9PWB8,Q80V62,Q3UFB7,A2A432,P62259,P70372,P12023
2364	Q5EB94,A0A0G2K0D4,P08592,P35739,B5DF91,P62260,D4A9N5,O88828	E9PZ54,P19785,P12023,Q3UFB7,P70372,P62259,Q61510,P61219
6419	D3ZGK2,P08592,P35739,A0A0G2K5U0,B5DF91,D4A9N5,P09416,D3Z8X4	F6VZ99,P12023,Q3UFB7,Q80V62,P70372,Q61510,P01108,Q924W5
6818	P08592,G3V6T9,B5DF91,A0A0G2K5U0,P35739,P18280,P62260,B5DF45	P12023,O55196,P70372,Q3UFB7,Q80V62,Q9ERR7,P62259,P07356
1666	P08592,D4A0Z0,P35739,M0R5V5,P10361,B5DF91,D4AAY7,P62260	P12023,Q9D1C3,Q3UFB7,P39428,P02340,P70372,Q64323,P62259
6741	Q6AYD4,P08592,P35739,A0A0G2K5U0,B5DF91,P17325,Q5U2M8,P62260	Q9EPQ8,P12023,Q80V62,Q3UFB7,P70372,P05627,Q6AXB7,P62259
4444	A0A0G2K5U0,P24329,D4A9N5,A0A0G2JSP3,P08592,Q71UE8,B5DF91,P62260	Q3UFB7,O08999,Q61510,Q6NZQ4,P12023,Q9WVH9,P70372,P62259
7083	A0A0G2K2M1,P08592,P35739,Q7TP21,B5DF91,D4A9N5,P62260,F6Q5G6	Q9JKQ4,P12023,Q80V62,Q8VEE4,P70372,Q61510,P62259,Q9D842
8074	P08592,A0A0G2K5U0,Q6MG88,G3V6T9,B5DF91,D4A9N5,B5DF45,P62260	P12023,Q3UFB7,Q3U1Z5,P32443,P70372,Q61510,P70196,P62259
7387	Q6AYD4,A0A0G2K5U0,P08592,D4A9N5,P17325,B5DF91,Q5U2M8,P62260	Q8K2A1,Q3UFB7,P12023,Q61510,P05627,P70372,A0A0B4J1E2,P62259
6317	P08592,P35739,Q99MF4,G3V890,F1LPK1,B5DF91,D4A9N5,P62260	P12023,Q3UFB7,Q64385,P47873,Q00560,P70372,Q61510,P62259
7387	Q5XIB2,P35739,P08592,D4A9N5,P17325,B5DF91,D4A8G7,P62260	Q9EPQ8,Q3UFB7,P12023,Q61510,P05627,P70372,Q6AXB7,P62259
9058	P0C1S9,P08592,A0A0G2K5U0,B5DF91,P17325,P62260,Q5BK32,D4A9N5	Q9CYH5,P12023,Q3UFB7,P70372,P05627,P62259,Q6PAM1,Q61510
1325	P35739,P10361,Q5U2T1,D4A9N5,P08592,Q5PQL3,P97887,B5DF91	Q3UFB7,P02340,Q8K249,Q61510,P12023,Q3TD49,P49769,P70372
4320	A0A0H2UHH4,A0A0G2K5U0,D3ZME7,D4A9N5,P08592,B5DF91,F1LQC5,P62260	Q9D7L7,Q80V62,Q9CUN6,Q61510,P12023,P70372,Q9R1Z7,P62259
11298	Q5PPG5,P08592,B5DF91,D4A9N5,P17325,P62260,P35739,A0A140TAG9	Q9DB43,P12023,P70372,Q61510,P05627,P62259,Q80V62,Q9WV55
7562	Q6AY34,P35739,P08592,P17325,D4A9N5,P62260,P18422,B5DF91	Q91ZD1,Q80V62,P12023,P05627,Q61510,P62259,O70435,P70372
9057	F1M6X3,P08592,P35739,B5DF91,P17325,P62260,F1LS98,D4A9N5	F6UC55,P12023,Q3UFB7,P70372,P05627,P62259,Q3TQ39,Q61510
2364	Q924U1,D3ZYK8,P08592,P35739,B5DF91,P62260,P17325,Q7TSB7	E9PZ54,P19785,P12023,Q80V62,P70372,P62259,Q61510,P61219
2244	P08592,Q5J2D6,G3V8S5,P35739,B5DF91,A0A0G2K5U0,Q66HC8,D4A9N5	Q920E6,P12023,Q61188,Q3UFB7,Q80V62,P70372,Q61510,P17897
6817	P08592,D4AC45,A0A0G2K5U0,B5DF91,P35739,F1M400,P62260,D4A9N5	P12023,P43120,Q80V62,P70372,Q3UFB7,E9PXY8,P62259,P05627
8746	P08592,B5DF91,Q5I0J5,G3V817,P35739,A0A0G2K5U0,P62260,D4A9N5	P12023,P70372,Q8VDV8,P27641,Q3UFB7,Q80V62,P62259,Q61510
7562	A0A0G2K0K6,P35739,P08592,D4A9N5,P17325,P62260,R9PXV5,B5DF91	O89013,Q80V62,P12023,P05627,Q61510,P62259,Q9DD03,P70372
9435	D4A9N5,P18864,A0A0G2K5U0,P35739,P19139,P62260,B5DF91,P08592	P05627,E9PWB8,Q80V62,Q3UFB7,A2A432,P62259,P70372,P12023
9132	D3ZXR7,A0A0G2K5U0,P08592,P17325,B5DF91,P62260,D4A9N5,B5DF45	Q8BJQ4,Q3UFB7,P12023,P05627,P70372,P62259,Q61510,P70196
8150	D4A9N5,G3V7R2,P35739,A0A0G2K5U0,Q5M7A7,G3V8S5,B5DF91,P62260	Q61510,D3Z7H4,Q80V62,Q3UFB7,P70202,O35685,P70372,P62259
9088	B1WC90,P08592,P35739,B5DF91,P17325,P62260,A0A0G2K5U0,B5DF45	Q8BJQ2,P12023,Q3UFB7,P70372,P05627,P62259,Q80V62,P70196
3725	D3ZX64,D3ZME7,P35739,D4A9N5,B5DF91,Q80U96,P08592,B5DEI7	Q9Z2J6,Q9CR33,P12023,P70372,P62259,Q61510,O08992,Q3UX43
9132	B1WBW7,A0A0G2K5U0,P08592,P17325,B5DF91,P62260,D4A9N5,B5DF45	Q8BJQ4,Q3UFB7,P12023,P05627,P70372,P62259,Q61510,P70196
11298	Q5PPG5,P08592,B5DF91,D4A9N5,P17325,P62260,P35739,A0A140TAG9	Q8K3G9,P12023,P70372,Q61510,P05627,P62259,Q3UFB7,Q9WTM5
9435	D4A9N5,M0RBT9,A0A0G2K5U0,P35739,P19139,P62260,B5DF91,P08592	P05627,A0A0G2LB90,Q80V62,Q3UFB7,A2A432,P62259,P70372,P12023
4444	A0A0G2K5U0,P24329,D4A9N5,A0A0G2JSP3,P08592,Q71UE8,B5DF91,P62260	Q80V62,O08999,Q61510,Q6NZQ4,P12023,Q9WVH9,P70372,P62259
6817	A0A0G2K5U0,A0A0G2K349,P08592,D4A9N5,A0A140TAI1,A0A0G2K3L8,P62260,B5DF91	P12023,Q8CHD8,Q80V62,P70372,Q3UFB7,Q61187,P62259,Q61510
4192	P35739,D4A9N5,Q7TSB7,O70454,A0A0G2KA10,P17325,P08592,P62260	Q3UFB7,Q61510,Q6Y4S4,Q6PGH1,Q9R0S2,P05627,P12023,P62259
4380	D4A9N5,Q66HI5,P35739,F1MA52,A0A0G2K5U0,D3Z8G3,B5DF91,P62260	Q61510,P70390,Q80V62,A0A0B4J1E2,Q3UFB7,Q80TN5,P62259,P70372
9139	A0A0G2KBB3,P35739,P08592,D4A9N5,B5DF91,P62260,P17325,B5DF45	Q9JIY0,Q80V62,P12023,Q61510,P70372,P62259,P05627,P70196
8924	Q68FV2,D4A9N5,D3ZUC2,A0A0G2K5U0,B5DF91,P62260,G3V8S0,P08592	Q8BH07,Q61510,P23249,Q3UFB7,P70372,P62259,Q9WU03,P12023
4109	M0RAF9,P35739,P08592,Q5BK32,D4A9N5,A0A0G2K5U0,P62260,F1LNX2	A7L9Z8,Q3UFB7,P12023,Q3TDN2,Q61510,Q80V62,P62259,Q8BWG9
6669	A0A0G2K5U0,D3ZZ82,P08592,D4A9N5,P27704,F1LRS1,B5DF91,P62260	P12023,Q8VCV3,Q80V62,P70372,Q76MZ3,Q8R5J9,Q61510,P62259
9132	B1WBW7,P35739,P08592,P17325,B5DF91,P62260,D4A9N5,B5DF45	F8WJF7,Q80V62,P12023,P05627,P70372,P62259,Q61510,P70196
7255	P08592,B1WBV3,A0A0G2K5U0,P35739,B5DF91,B2GV14,P62260,D4A9N5	P12023,Q9CYH5,Q80V62,Q3UFB7,P70372,Q6PAM1,P62259,Q61510
7083	A0A0G2K8X4,A0A0G2K5U0,P08592,P27704,D4A9N5,B5DF91,P62260,Q7TT47	Q9JKQ4,P12023,Q80V62,Q8VEE4,P70372,Q61510,P62259,Q9D842
7253	P08592,O09018,A0A0G2K5U0,P35739,B5DF91,D4A8G7,P62260,D4A9N5	P12023,F6UC55,Q80V62,Q3UFB7,P70372,Q3TQ39,P62259,Q61510
4200	P08592,P35739,Q6MG27,B5DF02,W4VSR4,A0A0G2K5U0,B5DF91,P62260	P12023,Q3UFB7,P51942,P11276,P28481,P70372,Q80V62,P62259
6718	G3V6G9,P08592,A0A0G2K5U0,P35739,B5DF91,D4A9N5,P52631,P17325	Q8JZL0,P12023,Q80V62,Q3UFB7,P70372,P05627,P42227,Q61510
6817	P08592,D4AC45,A0A0G2K5U0,B5DF91,P35739,F1M400,P62260,D4A9N5	P12023,Q8K3K7,Q80V62,P70372,Q3UFB7,Q505D1,P62259,Q61510
7387	Q3MHS2,P35739,P08592,D4A9N5,P17325,B5DF91,D4A8G7,P62260	Q925F2,Q80V62,P12023,Q61510,P05627,P70372,E9QK89,P62259
4200	P08592,B5DF91,P63182,D3ZVH2,F1LXB6,P35739,A0A0G2K5U0,P62260	P12023,Q3UFB7,P20263,Q921E6,O88322,Q80V62,P70372,P62259
8150	D4A9N5,P04055,A0A0G2K5U0,P35739,D4A3X6,F1LXF1,B5DF91,P62260	Q61510,D3Z7H4,Q80V62,Q3UFB7,P70202,O35685,P70372,P62259
7562	Q6AY34,P35739,P08592,P17325,D4A9N5,P62260,P18422,B5DF91	Q91ZD1,Q3UFB7,P12023,P05627,Q61510,P62259,O70435,P70372
7267	A0A0G2K5U0,A0A140UHX4,D4A9N5,P08592,P17325,Q6XVN8,P62260,B5DF91	Q80V62,Q91WG5,Q61510,P12023,P05627,Q91VR7,P62259,P70372
2316	D3ZQL2,P08592,P62138,A0A0G2K5U0,B5DF91,P35739,D4A9N5,D3ZIH3	Q920H1,D3YXF5,Q6ZPL9,Q61510,P62259,P12023,Q3UFB7,Q60754
9088	Q569C3,P08592,P35739,B5DF91,P17325,P62260,A0A0G2K5U0,B5DF45	Q8BJQ2,P12023,Q3UFB7,P70372,P05627,P62259,Q80V62,P70196
1315	P08592,A0MV40,P35739,F1MA52,Q66HL7,B5DF91,P10980,P62260	Q3UFB7,Q8CE94,P12023,Q99JX7,Q8R2Q6,Q61510,Q9CQE7,P62259
1790	Q641X0,P08592,B5DFI5,P35739,B5DF91,P10361,P62260,B2GUY5	P56484,Q61510,Q8R2Q6,Q3UFB7,Q80V62,Q99JX7,P62259,Q9CQE7
10385	A0A0G2K5U0,D4A9N5,Q6AYC5,A0A0G2K612,P08592,B5DF91,P62260,Q80U96	Q80V62,Q61510,Q811M1,Q9CUN6,P12023,P70372,P62259,Q6P5F9
1325	P35739,P10361,G3V6V5,D4A9N5,P08592,Q5PQL3,P97887,B5DF91	Q3UFB7,P02340,Q8K249,Q61510,P12023,Q3TD49,P49769,P70372
7253	P08592,D4A729,A0A0G2K5U0,P35739,B5DF91,G3V8A4,P62260,D4A9N5	P12023,F6UC55,Q80V62,Q3UFB7,P70372,Q3TQ39,P62259,Q61510
1325	P35739,P10361,Q5U2T1,D4A9N5,P08592,Q5PQL3,P97887,B5DF91	Q3UFB7,P70424,Q61190,Q61510,P12023,Q924A4,Q60748,Q6P5F9
7387	Q5XIB2,P35739,P08592,D4A9N5,P17325,B5DF91,D4A8G7,P62260	Q8K2A1,Q3UFB7,P12023,Q61510,P05627,P70372,A0A0B4J1E2,P62259
6817	P08592,D3ZHJ3,A0A0G2K5U0,B5DF91,P35739,Q5D006,P62260,D4A9N5	P12023,Q8CHD8,Q80V62,P70372,Q3UFB7,Q61187,P62259,Q61510
8190	P35739,Q562C6,D4A9N5,P08592,Q9JI92,G3V6K6,P62260,B5DF91	Q3UFB7,Q9JHQ5,Q61510,P12023,O08992,Q01279,P62259,P70372
2224	P08592,Q59IV8,G3V8S5,P35739,B5DF91,A0A0G2K5U0,F1M2F9,D4A9N5	P12023,O08537,P48754,Q3UFB7,P70372,Q80V62,Q2QI47,Q61510
9435	D4A9N5,P18864,A0A0G2K5U0,P35739,P19139,P62260,B5DF91,P08592	Q61510,E9PWB8,Q80V62,Q3UFB7,A2A432,P62259,P70372,P12023
6883	D4A9N5,A0A0G2K5U0,Q63092,P0DP31,Q63429,P35739,B5DF91,P62260	Q61510,Q80V62,Q8R5A3,Q80TN5,A0A0B4J1E2,Q3UFB7,P62259,P70372
1666	P08592,Q5U1Z8,P35739,M0R5V5,P10361,B5DF91,D4AAY7,P62260	P12023,Q9JHG1,Q3UFB7,P39428,P02340,P70372,Q64323,P62259
8748	A0A0G2K5U0,P17325,D3ZKI5,B2RZ55,P08592,D4A9N5,P62260,B5DF91	Q3UFB7,P05627,Q32NY8,Q61069,P12023,Q61510,P62259,P70372
4069	D4ABD9,A0A0G2K5U0,D4A9N5,Q63429,P08592,P35739,B5DF91,B4F779	Q5F289,Q3UFB7,Q61510,P31750,P12023,Q80V62,P70372,Q61878
8603	A0A0G2K5U0,P08592,O09018,D4A8G7,P17325,D4A9N5,B5DF91,P62260	Q3UFB7,P12023,P20722,Q05BA5,P05627,Q61510,P70372,P62259
9132	B1WBW7,P35739,P08592,P17325,B5DF91,P62260,D4A9N5,B5DF45	F8WJF7,Q3UFB7,P12023,P05627,P70372,P62259,Q61510,P70196
7083	A0A0G2K2M1,P08592,A0A0G2K5U0,Q7TP21,B5DF91,D4A9N5,P62260,F6Q5G6	Q14DH7,Q3UFB7,P12023,P23804,Q61510,P70372,P62259,Q8CFE2
6909	F1LV52,P08592,A0A0G2K5U0,P35739,B5DF91,D4A9N5,P17325,Q5U3Z7	Q8R493,P12023,Q80V62,Q3UFB7,P70372,P05627,Q61510,Q8R317
4200	P08592,P35739,Q6MG27,B5DF02,W4VSR4,A0A0G2K5U0,B5DF91,P62260	P12023,Q3UFB7,P20263,Q921E6,F8VQD1,Q80V62,P70372,P62259
6527	A0A0G2K8X4,P08592,P35739,A0A0G2K5U0,B5DF91,P27704,P62260,Q7TT47	Q14DH7,P12023,Q80V62,Q3UFB7,P70372,P23804,P62259,Q8CFE2
9058	D3ZPF0,P08592,P35739,B5DF91,D4A9N5,P62260,D4A8G7,P17325	Q9R059,P12023,Q3UFB7,P70372,Q61510,P62259,A0A0B4J1E2,P05627
6877	P35739,D4A9N5,D3ZNK1,P17046,D3ZME7,P08592,P62260,B5DF91	P12023,Q3UFB7,P0DI97,Q61625,Q9R171,Q80V62,P62259,P49312
9077	B2GUY0,P08592,P35739,B5DF91,P17325,P62260,A0A0G2K5U0,A0A0H2UHG3	Q9R0M6,P12023,Q3UFB7,P70372,P05627,P62259,Q80V62,A0A0B4J1E2
10385	P35739,D4A9N5,Q6AYC5,A0A0G2K612,P08592,B5DF91,P62260,Q80U96	P12023,P70372,P97770,Q6P5B5,Q3UFB7,Q61510,P62259,P05627
6419	Q499U6,P08592,P35739,A0A0G2K5U0,B5DF91,D4A9N5,P09416,D4AB26	F6VZ99,P12023,Q3UFB7,Q80V62,P70372,Q61510,P01108,Q924W5
6741	Q6AYD4,P08592,P35739,A0A0G2K5U0,B5DF91,P17325,Q5U2M8,P62260	Q925F2,P12023,Q3UFB7,Q80V62,P70372,P05627,E9QK89,P62259
9058	D3ZPF0,P08592,P35739,B5DF91,D4A9N5,P62260,D4A8G7,P17325	Q9CYH5,P12023,Q3UFB7,P70372,P05627,P62259,Q6PAM1,Q61510
6273	P08592,P33535,A0A0G2K5U0,P35739,B5DF91,D4A6E6,D4A9N5,F7EUU4	P12023,P42866,Q80V62,Q3UFB7,P70372,Q9QYK5,Q61510,O35864
2364	F1LVJ1,A0A0G2K331,P08592,P35739,B5DF91,P62260,P17325,B5DFJ2	E9PZ54,P19785,P12023,Q3UFB7,P70372,P62259,Q61510,P61219
4200	P08592,P35739,Q6MG27,B5DF02,W4VSR4,A0A0G2K5U0,B5DF91,P62260	P12023,Q3UFB7,Q9D0M1,Q921E6,Q7TNS8,P70372,Q80V62,P62259
6909	P12392,P08592,A0A0G2K5U0,P35739,B5DF91,P17325,D4A9N5,A0A140TAI1	A2ACG1,P12023,Q80V62,Q3UFB7,P70372,P05627,Q61510,Q60676
7205	P35739,O35276,P17325,P08592,D4A9N5,P38438,B5DF91,A0A0G2K5U0	Q3UFB7,G3X973,P05627,P12023,Q61510,Q8R0H9,P70372,Q80V62
3725	P08592,M0RA44,A0A0G2K5U0,B1WBY1,P35739,B5DF91,D4ADQ6,D4A9N5	P12023,G5E872,Q80V62,Q9WTX6,Q3UFB7,P70372,Q8VEJ3,Q61510
4320	A0A0H2UHH4,P35739,D3ZME7,D4A9N5,P08592,B5DF91,F1LQC5,P62260	Q9R229,Q80V62,A0A0R4J0T0,Q61510,P12023,P70372,O35607,P62259
6741	Q3MHS2,P08592,A0A0G2K5U0,P35739,B5DF91,P17325,D4A8G7,P62260	Q9WUC3,P12023,Q80V62,Q3UFB7,P70372,Q61510,Q61062,P62259
6909	F1LV52,P08592,A0A0G2K5U0,P35739,B5DF91,D4A9N5,P17325,Q5U3Z7	A2ACG1,P12023,Q80V62,Q3UFB7,P70372,P05627,Q61510,Q60676
1666	P08592,D4A0Z0,P35739,M0R5V5,P10361,B5DF91,D4AAY7,P62260	P12023,Q8JZL2,Q3UFB7,Q62158,P02340,P70372,Q9CQG3,P62259
6817	A0A0G2K5U0,A0A0G2K349,P08592,D4A9N5,A0A140TAI1,A0A0G2K3L8,P62260,B5DF91	P12023,Q8K3K7,Q80V62,P70372,Q3UFB7,Q505D1,P62259,Q61510
6274	P08592,G3V6S6,P35739,A0A0G2K5U0,B5DF91,A0A0G2K008,D4A9N5,P09416	P12023,O54864,Q3UFB7,Q80V62,P70372,Q9Z1D8,Q61510,P01108
7387	Q6AYD4,A0A0G2K5U0,P08592,D4A9N5,P17325,B5DF91,Q5U2M8,P62260	Q9EPQ8,Q3UFB7,P12023,Q61510,P05627,P70372,Q6AXB7,P62259
6430	P35739,G3V8C6,P08592,P17325,D4A9N5,Q59IV8,A0A0G2K0D4,P62260	P12023,Q8R5A3,Q80V62,Q3UFB7,P70372,Q80TN5,A0A0B4J1E2,P62259
8435	P35739,P61805,P08592,D4A9N5,B5DF02,D3ZME7,B5DF91,P62260	Q3UFB7,Q9D1G2,P12023,Q61510,Q921E6,A0A0R4J0T0,P70372,P62259
2364	Q5EB94,A0A0G2K0D4,P08592,A0A0G2K5U0,B5DF91,P62260,D4A9N5,O88828	E9PZ54,P19785,P12023,Q3UFB7,P70372,P62259,Q61510,P61219
8939	F1LNZ5,P08592,P35739,B5DF91,D4A9N5,P62260,F1LNG5,G3V6K6	Q922G7,P12023,Q3UFB7,P70372,Q61510,P62259,Q62077,Q01279
7562	A0A0G2K0K6,P35739,P08592,D4A9N5,P17325,P62260,R9PXV5,B5DF91	Q91ZD1,Q80V62,P12023,P05627,Q61510,P62259,O70435,P70372
2364	M0R3T0,D3ZME7,G3V6K6,B5DF91,D4A9N5,P62260,P08592,F1MA54	E9PZ54,P19785,P12023,Q80V62,P70372,P62259,Q61510,P61219
4069	A7UJ12,A0A0G2K5U0,D4A9N5,Q63429,P08592,P35739,B5DF91,D3ZUM2	Q5F289,Q3UFB7,Q61510,P31750,P12023,Q80V62,P70372,Q61878
7083	A0A0G2K2M1,P08592,A0A0G2K5U0,Q7TP21,B5DF91,D4A9N5,P62260,F6Q5G6	Q9JKQ4,P12023,Q80V62,Q8VEE4,P70372,Q61510,P62259,Q9D842
8746	P08592,B5DF91,Q5I0J5,G3V817,P35739,A0A0G2K5U0,P62260,P17325	P12023,P70372,Q8VDV8,P27641,Q3UFB7,Q80V62,P62259,Q61510
4082	P35739,D4A9N5,A0A0G2JSI8,D4AEG0,G3V6M6,P08592,P17325,B5DF91	Q3UFB7,Q61510,P19091,O08674,O55144,P12023,P05627,P70372
9077	B2GUY0,P08592,P35739,B5DF91,P17325,P62260,A0A0G2K5U0,A0A0H2UHG3	A2AJ15,P12023,Q3UFB7,P70372,P05627,P62259,Q80V62,G3X914
1325	P35739,P10361,D3ZKI8,D4A9N5,P08592,Q5PQL3,P97887,B5DF91	Q3UFB7,P70424,Q61190,Q61510,P12023,Q924A4,Q60748,Q6P5F9
10385	P35739,D4A9N5,D3ZIM5,A0A0G2K612,P08592,B5DF91,P62260,Q80U96	Q80V62,Q61510,Q811M1,Q9CUN6,P12023,P70372,P62259,Q6P5F9
6741	Q5XIB2,P08592,A0A0G2K5U0,P35739,B5DF91,P17325,D4A8G7,P62260	Q9EPQ8,P12023,Q80V62,Q3UFB7,P70372,P05627,Q6AXB7,P62259
7083	A0A0G2K8X4,A0A0G2K5U0,P08592,P27704,D4A9N5,B5DF91,P62260,Q7TT47	Q14DH7,Q3UFB7,P12023,P23804,Q61510,P70372,P62259,Q8CFE2
4320	A0A0H2UHH4,P35739,D3ZME7,D4A9N5,P08592,B5DF91,F1LQC5,P62260	Q9D7L7,Q3UFB7,Q9CUN6,Q61510,P12023,P70372,Q9R1Z7,P62259
10385	P08592,B5DF91,D3ZSV7,B1H2A6,P35739,D4A9N5,P62260,P17325	P12023,P70372,P97770,Q6P5B5,Q3UFB7,Q61510,P62259,P05627
785	P35739,D3ZBX1,P08592,Q59IV8,B5DF02,D4A9N5,D4A4K4,P62260	Q3UFB7,Q91VD1,P12023,O08537,Q921E6,Q61510,Q8BX70,P62259
4087	M0R9F7,P35739,D4A9N5,G3V836,P08592,A0A0G2K5U0,B5DF91,A0A0G2K7X7	P00757,Q3UFB7,Q61510,Q6GQT1,P12023,Q80V62,P70372,P01139
1666	P08592,P97639,P35739,B5DFI5,P10361,B5DF91,Q7TSV3,P62260	P12023,Q8JZL2,Q3UFB7,Q62158,P02340,P70372,Q9CQG3,P62259
9435	D4A9N5,Q62762,A0A0G2K5U0,P35739,P19139,P62260,B5DF91,P08592	P05627,A0A0G2LB90,Q80V62,Q3UFB7,A2A432,P62259,P70372,P12023
9132	B1WBW7,P35739,P08592,P17325,B5DF91,P62260,D4A9N5,B5DF45	Q8BJQ4,Q80V62,P12023,P05627,P70372,P62259,Q61510,P70196
7205	P35739,M0R8R8,D4A9N5,P08592,P17325,Q3MHU2,B5DF91,A0A0G2K5U0	Q3UFB7,Q61080,Q61510,P12023,P05627,P97477,P70372,Q80V62
7253	P08592,D4A729,A0A0G2K5U0,P35739,B5DF91,G3V8A4,P62260,D4A9N5	P12023,B7ZBV9,Q80V62,Q3UFB7,P70372,Q4VA93,P62259,Q61510
2244	P08592,Q5J2D6,G3V8S5,P35739,B5DF91,A0A0G2K5U0,Q66HC8,D4A9N5	P12023,Q6K1E7,P48754,Q3UFB7,P70372,Q80V62,Q80WJ1,Q61510
9132	D3ZXR7,P35739,P08592,P17325,B5DF91,P62260,D4A9N5,B5DF45	Q8BJQ4,Q3UFB7,P12023,P05627,P70372,P62259,Q61510,P70196
2364	Q5EB94,A0A0G2K0D4,P08592,P35739,B5DF91,P62260,D4A9N5,O88828	E9PZ54,P19785,P12023,Q80V62,P70372,P62259,Q61510,P61219
7083	A0A0G2K047,P35739,P08592,A0A0G2JVC1,D4A9N5,B5DF91,P62260,D3ZMN2	Q9D2N8,P12023,Q3UFB7,G3X914,P70372,Q61510,P62259,O88838
1642	P35739,P08592,Q5U2U8,D3ZXP4,F1LXV9,A0A0G2K9K6,D4A9N5,P62260	Q80V62,P12023,Q04207,Q8R370,Q9D9T0,Q99MH5,Q61510,P62259
6419	Q6AZ70,P08592,P35739,A0A0G2K5U0,B5DF91,D4A9N5,P09416,D4AB26	Q5SS91,P12023,Q3UFB7,Q80V62,P70372,Q61510,P01108,Q6ZWR6
9435	D4A9N5,M0RBT9,A0A0G2K5U0,P35739,P19139,P62260,B5DF91,P08592	P05627,E9PWB8,Q80V62,Q3UFB7,A2A432,P62259,P70372,P12023
4200	P08592,A0A0G2K5U0,O35078,P54645,P18596,P35739,B5DF91,P62260	P12023,Q3UFB7,P20263,Q921E6,O88322,Q80V62,P70372,P62259
1315	P35739,Q641X0,D4A9N5,P10361,B5DFI5,P08592,B2GUY5,P62260	Q3UFB7,Q9CR63,P12023,Q99JX7,Q8R2Q6,Q61510,Q9CQE7,P62259
8746	P08592,B5DF91,Q5I0J5,G3V817,P35739,A0A0G2K5U0,P62260,D4A9N5	P12023,P70372,Q8VDV8,P27641,Q3UFB7,Q80V62,P62259,P05627
785	P35739,D3ZBX1,P08592,Q59IV8,B5DF02,D4A9N5,D4A4K4,P62260	Q3UFB7,Q8JZS7,P12023,O08537,Q921E6,Q61510,Q8BX70,P62259
4234	P35739,D3ZMM8,P08592,A0A0G2K0D4,P17325,Q59IV8,D4A9N5,P62260	P12023,P70390,Q80V62,A0A0B4J1E2,Q3UFB7,Q80TN5,P70372,P62259
2364	F1LVJ1,A0A0G2K331,P08592,P35739,B5DF91,P62260,P17325,B5DFJ2	E9PZ54,P19785,P12023,Q80V62,P70372,P62259,Q61510,P61219
4320	A0A0H2UHH4,A0A0G2K5U0,D3ZME7,D4A9N5,P08592,B5DF91,F1LQC5,P62260	Q61357,P12023,P26450,P70372,Q3UFB7,Q61510,Q62448,P62259
1325	P35739,P10361,E9PU35,D4A9N5,P08592,Q5PQL3,P97887,B5DF91	Q3UFB7,P70424,Q61190,Q61510,P12023,Q924A4,Q60748,Q6P5F9
7387	F1LNW6,P35739,P08592,P17325,D4A9N5,B5DF91,D4ADV8,P62260	Q925F2,Q80V62,P12023,Q61510,P05627,P70372,E9QK89,P62259
4087	M0R9F7,P35739,D4A9N5,G3V836,P08592,A0A0G2K5U0,B5DF91,A0A0G2K7X7	P00756,Q3UFB7,Q61510,Q6GQT1,P12023,Q80V62,P70372,P01139
10385	A0A0G2K5U0,D4A9N5,D3ZIM5,A0A0G2K612,P08592,B5DF91,P62260,Q80U96	P12023,P70372,P97770,Q6P5B5,Q3UFB7,Q61510,P62259,P05627
6527	A0A0G2K047,P08592,A0A0G2K5U0,P35739,B5DF91,A0A0G2JVC1,P62260,D3ZMN2	P00756,P12023,P70372,Q3UFB7,Q80V62,Q6GQT1,P62259,P01139
6817	A0A0G2K5U0,A0A0G2K349,P08592,D4A9N5,A0A140TAI1,A0A0G2K3L8,P62260,B5DF91	P12023,M9MMK0,Q80V62,P70372,Q3UFB7,Q99K46,P62259,Q61510
7205	P35739,D4A228,D4A9N5,P08592,P17325,A0A0G2JX94,B5DF91,A0A0G2K5U0	Q3UFB7,Q61080,Q61510,P12023,P05627,P97477,P70372,Q80V62
11297	D4A228,P08592,B5DF91,D4A9N5,P17325,P62260,A0A0G2K5U0,A0A0G2JX94	G3X973,P12023,P70372,P05627,Q61510,P62259,Q80V62,Q8R0H9
9139	Q5U3Z6,A0A0G2K5U0,P08592,D4A9N5,B5DF91,P62260,P17325,B5DF45	Q9JIY0,Q80V62,P12023,Q61510,P70372,P62259,P05627,P70196
7562	D3ZN47,P35739,P08592,D4A9N5,P17325,P62260,Q3B8Q2,B5DF91	O89013,Q80V62,P12023,P05627,Q61510,P62259,Q9DD03,P70372
6817	P08592,F7F7Q9,A0A0G2K5U0,B5DF91,P35739,F1LM09,P62260,P17325	Q80V62,Q91Z22,P12023,Q61510,Q8R317,E9Q4P1,P62259,P70372
6636	P08592,Q5U1W4,A0A0G2K5U0,B5DF91,P35739,F1LNG5,D4A9N5,G3V6K6	Q61625,P12023,Q3UFB7,Q80V62,P70372,Q61510,Q9R171,P49312
7562	D3ZN47,P35739,P08592,D4A9N5,P17325,P62260,Q3B8Q2,B5DF91	E9PYF7,Q3UFB7,P12023,Q61510,P05627,P62259,P13405,P70372
2364	Q5EB94,A0A0G2K0D4,P08592,P35739,B5DF91,P62260,D4A9N5,O88828	Q8K3I2,Q8BJU0,P12023,Q3UFB7,P70372,P62259,Q61510,O08689
4069	A7UJ12,A0A0G2K5U0,D4A9N5,Q63429,P08592,P35739,B5DF91,D3ZUM2	P12023,Q3UFB7,B8JJE0,F8VPR5,Q9DAI2,P70372,Q80V62,Q61510
4444	A0A0G2K5U0,P24329,D4A9N5,A0A0G2JSP3,P08592,Q71UE8,B5DF91,P62260	Q80V62,Q9QXN5,Q61510,Q9JLV5,P12023,Q61602,P70372,P62259
9435	D4A9N5,D3ZCQ7,A0A0G2K5U0,P35739,P19139,P62260,B5DF91,P08592	P05627,A0A0G2LB90,Q80V62,Q3UFB7,A2A432,P62259,P70372,P12023
2701	Q6J329,P35739,A0A096P6L8,P08592,D4A9N5,A0A0G2K5U0,B5DF91,P31720	A0A140LI28,Q80V62,A0A0B4J1E2,P12023,Q61510,Q3UFB7,P70372,Q8BZ36
9139	Q5U3Z6,P35739,P08592,D4A9N5,B5DF91,P62260,P17325,B5DF45	Q9JIY0,Q3UFB7,P12023,Q61510,P70372,P62259,P05627,P70196
8074	P08592,A0A0G2K5U0,Q6MG88,G3V6T9,B5DF91,D4A9N5,B5DF45,P62260	P12023,Q80V62,Q3U1Z5,P32443,P70372,Q61510,P70196,P62259
4370	D4A9N5,P08699,P35739,Q5FVN0,A0A0G2K5U0,P61794,B5DF91,P62260	Q80V62,P18762,P12023,Q8CG64,Q61510,Q78IQ7,P62259,Q60631
4444	A0A0G2K5U0,A0A0H2UHH0,D4A9N5,A0A0G2JSP3,P08592,F1M9H1,B5DF91,P62260	Q80V62,Q9QXN5,Q61510,Q9JLV5,P12023,Q61602,P70372,P62259
1790	Q641X0,P08592,B5DFI5,P35739,B5DF91,P10361,P62260,B2GUY5	Q8K0D7,Q61510,Q8R2Q6,Q3UFB7,Q80V62,Q99JX7,P62259,Q9CQE7
1782	F1LVJ1,A0A0G2K331,P35739,P08592,D4A9N5,B5DF91,P17325,B5DFJ2	A0A087WSB9,Q3UNH6,Q3UFB7,P12023,Q61510,P70372,P05627,Q9D8T0
6818	P08592,G3V6T9,B5DF91,A0A0G2K5U0,P35739,P18280,P62260,B5DF45	P12023,P32443,P70372,Q80V62,Q3UFB7,P20181,P62259,P70196
6817	P08592,Q66H66,A0A0G2K5U0,B5DF91,P35739,Q6IRE4,P62260,D4A9N5	P12023,Q8K3K7,Q80V62,P70372,Q3UFB7,Q505D1,P62259,Q61510
1325	P35739,P10361,D0V9T4,D4A9N5,P08592,Q5PQL3,P97887,B5DF91	Q3UFB7,P70424,Q61190,Q61510,P12023,Q924A4,Q60748,Q6P5F9
2316	Q71MM7,A0A0G2K7X7,D3ZX56,D4A9N5,P62260,P08592,P35739,M0R9F7	Q9R0N4,P12023,P48754,Q3UFB7,P70372,Q80V62,Q61510,Q9R0N8
4320	A0A0H2UHH4,P35739,D3ZME7,D4A9N5,P08592,B5DF91,F1LQC5,P62260	Q9R229,Q3UFB7,A0A0R4J0T0,Q61510,P12023,P70372,O35607,P62259
7205	P35739,M0R8R8,D4A9N5,P08592,P17325,Q3MHU2,B5DF91,A0A0G2K5U0	Q3UFB7,A2ABU4,Q61510,P12023,P05627,Q8VHG2,P70372,Q80V62
1782	Q924U1,D3ZYK8,P35739,P08592,D4A9N5,B5DF91,P17325,Q7TSB7	A0A087WSB9,Q3UNH6,Q3UFB7,P12023,Q61510,P70372,P05627,Q9D8T0
8939	P50745,B5DF91,G3V6K6,P08592,D4A9N5,P62260,Q62985,P35739	Q922G7,P12023,Q3UFB7,P70372,Q61510,P62259,Q62077,Q01279
2364	M0R3T0,D3ZME7,G3V6K6,B5DF91,D4A9N5,P62260,P08592,F1MA54	E9PZ54,P19785,P12023,Q3UFB7,P70372,P62259,Q61510,P61219
7255	P08592,P0C1S9,P35739,A0A0G2K5U0,B5DF91,Q5BK32,P62260,D4A9N5	P12023,Q9DAJ4,Q80V62,Q3UFB7,P70372,A0A0B4J1E2,P62259,P05627
6274	P08592,A0A0G2JXF9,P35739,A0A0G2K5U0,B5DF91,Q59IV8,D4A9N5,P09416	P12023,O54864,Q3UFB7,Q80V62,P70372,Q9Z1D8,Q61510,P01108
7083	A0A0G2K047,P35739,P08592,A0A0G2JVC1,D4A9N5,B5DF91,P62260,D3ZMN2	Q14DH7,Q3UFB7,P12023,P23804,Q61510,P70372,P62259,Q8CFE2
4370	D4A9N5,P29067,A0A0G2K5U0,M0R9R0,P35739,P35370,B5DF91,P62260	Q61510,Q91YI4,Q80V62,Q5U4C1,Q3UFB7,P35377,P70372,P62259
1666	P08592,B2GUT8,P35739,M0R5V5,P10361,B5DF91,D4AAY7,P62260	P12023,Q9D1C3,Q3UFB7,P39428,P02340,P70372,Q64323,P62259
1315	P08592,A0MV40,P35739,F1MA52,Q66HL7,B5DF91,P10980,P62260	Q3UFB7,Q9CR63,P12023,Q99JX7,Q8R2Q6,Q61510,Q9CQE7,P62259
2224	P08592,Q59IV8,G3V8S5,P35739,B5DF91,A0A0G2K5U0,M0RAR2,D4A9N5	P12023,O08537,P48754,Q3UFB7,P70372,Q80V62,Q2QI47,Q61510
7562	D3ZN47,P35739,P08592,D4A9N5,P17325,P62260,Q3B8Q2,B5DF91	Q8R0F9,Q3UFB7,P12023,Q61510,P05627,P62259,Q60722,P70372
7562	Q9JLS8,A0A0G2K5U0,P08592,P17325,D4A9N5,P62260,P35286,B5DF91	Q8R0F9,Q3UFB7,P12023,Q61510,P05627,P62259,Q60722,P70372
11298	Q5PPG5,P08592,B5DF91,D4A9N5,P17325,P62260,P35739,A0A140TAG9	E9Q3H6,P12023,P70372,Q61510,P05627,P62259,Q3UFB7,O35459
2905	A0A0G2K5U0,Q3B7V0,P10361,P08592,D4A9N5,D4AA11,P62260,B5DF91	Q3UFB7,O88876,P02340,P12023,Q61510,Q9CQ39,P62259,P70372
4109	M0RAF9,P35739,P08592,Q5BK32,D4A9N5,A0A0G2K5U0,P62260,F1LNX2	Q8K1A0,Q80V62,P12023,Q6P5B5,P05627,Q3UFB7,P62259,P97770
4370	D4A9N5,P08699,P35739,Q5FVN0,A0A0G2K5U0,P61794,B5DF91,P62260	Q61510,P83510,Q3UFB7,Q6WVG3,Q80V62,O88704,P70372,P62259
6317	P08592,A0A0G2K5U0,Q99MF4,G3V890,F1LPK1,B5DF91,D4A9N5,P62260	P12023,Q80V62,Q64385,P47873,Q00560,P70372,Q61510,P62259
1315	P35739,Q641X0,D4A9N5,P10361,B5DFI5,P08592,B2GUY5,P62260	Q3UFB7,Q8CE94,P12023,Q99JX7,Q8R2Q6,Q61510,Q9CQE7,P62259
4834	P35739,D4A9N5,P10361,A0A0G2JWZ3,P97887,P08592,B5DF91,P62260	Q80V62,Q61510,P02340,P70377,P49769,P12023,P70372,P62259
6741	Q5XIB2,P08592,A0A0G2K5U0,P35739,B5DF91,P17325,D4A8G7,P62260	Q925F2,P12023,Q3UFB7,Q80V62,P70372,P05627,E9QK89,P62259
6527	A0A0G2K8X4,P08592,P35739,A0A0G2K5U0,B5DF91,P27704,P62260,Q7TT47	P00756,P12023,P70372,Q3UFB7,Q80V62,Q6GQT1,P62259,P01139
1666	P08592,Q5U1Z8,P35739,M0R5V5,P10361,B5DF91,D4AAY7,P62260	P12023,Q9Z324,Q3UFB7,P39428,P02340,P70372,Q64323,P62259
8435	A0A0G2K5U0,Q68G28,P08592,D4A9N5,P52631,D3ZQG2,B5DF91,P62260	Q3UFB7,Q9CQW1,P12023,Q61510,Q921E6,A0A0R4J0T0,P70372,P62259
11298	D3ZX74,P08592,B5DF91,D4A9N5,P17325,P62260,P35739,Q62651	E9Q3H6,P12023,P70372,Q61510,P05627,P62259,Q3UFB7,O35459
9435	D4A9N5,P18864,A0A0G2K5U0,P35739,P19139,P62260,B5DF91,P08592	Q61510,A0A0G2LB90,Q80V62,Q3UFB7,A2A432,P62259,P70372,P12023
10385	P35739,D4A9N5,Q6AYC5,A0A0G2K612,P08592,B5DF91,P62260,Q80U96	Q3UFB7,Q61510,F8VQM2,P51683,P12023,P70372,P62259,P42227
7253	P08592,O09018,A0A0G2K5U0,P35739,B5DF91,D4A8G7,P62260,D4A9N5	P12023,P43135,Q80V62,Q3UFB7,P70372,A0A0B4J1E2,P62259,Q61510
9139	Q5U3Z6,A0A0G2K5U0,P08592,D4A9N5,B5DF91,P62260,P17325,B5DF45	Q7M6Y5,Q3UFB7,P12023,Q61510,P70372,P62259,P05627,P70196
1325	P35739,P10361,E9PU35,D4A9N5,P08592,Q5PQL3,P97887,B5DF91	Q3UFB7,P02340,Q99ME6,Q61510,P12023,Q3TD49,P49769,P70372
2701	F1M276,A0A0G2K5U0,D4A8G7,P08592,D4A9N5,P35739,B5DF91,D4A4T6	A0A140LI28,Q80V62,A0A0B4J1E2,P12023,Q61510,Q3UFB7,P70372,Q8BZ36
6910	D4A7K0,P08592,A0A0G2K5U0,P35739,B5DF91,P17325,D4A9N5,O88321	Q8VCR3,P12023,Q80V62,Q3UFB7,P70372,P05627,Q61510,O35226
7267	A0A0G2K5U0,D3ZTM7,D4A9N5,P08592,P17325,P19139,P62260,B5DF91	Q80V62,Q91WG5,Q61510,P12023,P05627,Q91VR7,P62259,P70372
6430	P08592,D3ZDZ1,A0A0G2K5U0,P35739,B5DF91,E9PTT0,D4A8G7,P62260	P12023,Q8R5A3,Q80V62,Q3UFB7,P70372,Q80TN5,A0A0B4J1E2,P62259
11298	A0A096MJ37,P08592,B5DF91,D4A9N5,P17325,P62260,P35739,G3V8C3	Q9DB43,P12023,P70372,Q61510,P05627,P62259,Q80V62,Q9WV55
6317	P08592,D3ZMX5,P35739,A0A0G2K5U0,B5DF91,Q4FZY2,P09416,D4A9N5	P12023,Q1RNF8,Q3UFB7,Q80V62,P70372,P59941,P01108,Q61510
1666	P08592,Q5U1Z8,P35739,M0R5V5,P10361,B5DF91,D4AAY7,P62260	P12023,Q5M9N4,Q3UFB7,P39428,P02340,P70372,Q64323,P62259
6636	P08592,F1LNZ5,A0A0G2K5U0,B5DF91,P35739,F1LNG5,D4A9N5,G3V6K6	Q61625,P12023,Q3UFB7,Q80V62,P70372,Q61510,Q9R171,P49312
9088	B1WC90,P08592,P35739,B5DF91,P17325,P62260,A0A0G2K5U0,B5DF45	Q9EQU3,P12023,Q3UFB7,P70372,P05627,P62259,Q80V62,P70196
4444	A0A0G2K5U0,P08424,D4A9N5,A0A0G2JSP3,P08592,Q9Z136,B5DF91,P62260	Q80V62,O08999,Q61510,Q6NZQ4,P12023,Q9WVH9,P70372,P62259
9058	P0C1S9,P08592,A0A0G2K5U0,B5DF91,P17325,P62260,Q5BK32,D4A9N5	Q9DAJ4,P12023,Q3UFB7,P70372,Q61510,P62259,A0A0B4J1E2,P05627
1325	P35739,P10361,G3V6V5,D4A9N5,P08592,Q5PQL3,P97887,B5DF91	Q3UFB7,P02340,Q99ME6,Q61510,P12023,Q3TD49,P49769,P70372
2316	O08625,P08592,G3V8S5,P35739,B5DF91,A0A0G2K5U0,D4A9N5,Q62746	Q920H1,D3YXF5,Q6ZPL9,Q61510,P62259,P12023,Q3UFB7,Q60754
3725	D3ZX64,D3ZME7,P35739,D4A9N5,B5DF91,Q80U96,P08592,B5DEI7	P12023,G5E872,Q80V62,Q9WTX6,Q3UFB7,P70372,Q8VEJ3,Q61510
4496	D4A9N5,P24329,A0A0G2K5U0,A0A0G2JSP3,P35739,Q71UE8,B5DF91,P62260	Q61510,Q9QXN5,Q80V62,Q9JLV5,Q3UFB7,Q61602,P70372,P62259
2826	P08592,Q63634,D3ZDK2,P35739,B5DF91,Q6AXU4,D4A9N5,A0A0G2JSP3	Q80V62,Q9WUG7,Q8R5J9,P12023,Q61510,Q8VCV3,Q76MZ3,P62259
11298	D3ZX74,P08592,B5DF91,D4A9N5,P17325,P62260,P35739,Q62651	Q9DB43,P12023,P70372,Q61510,P05627,P62259,Q80V62,Q9WV55
8150	D4A9N5,P04055,A0A0G2K5U0,P35739,D4A3X6,F1LXF1,B5DF91,P62260	Q61510,Q9Z0Y2,Q80V62,Q3UFB7,P98200,Q6PAJ1,P70372,P62259
2364	Q5EB94,A0A0G2K0D4,P08592,A0A0G2K5U0,B5DF91,P62260,D4A9N5,O88828	E9PZ54,P19785,P12023,Q80V62,P70372,P62259,Q61510,P61219
7205	P35739,O35276,P17325,P08592,D4A9N5,P38438,B5DF91,A0A0G2K5U0	Q3UFB7,P55821,Q61510,P12023,P05627,P63280,P70372,Q80V62
1315	P35739,Q641X0,D4A9N5,P10361,B5DFI5,P08592,B2GUY5,P62260	Q3UFB7,Q8K0D7,P12023,Q99JX7,Q8R2Q6,Q61510,Q9CQE7,P62259
8435	P35739,Q5EGY4,P08592,D4A9N5,B5DF02,D3ZME7,B5DF91,P62260	Q3UFB7,Q9CQW1,P12023,Q61510,Q921E6,A0A0R4J0T0,P70372,P62259
4370	D4A9N5,P29067,A0A0G2K5U0,P50232,P35739,P49187,B5DF91,P62260	Q61510,P83510,Q3UFB7,Q6WVG3,Q80V62,O88704,P70372,P62259
1666	P08592,B2GUT8,P35739,M0R5V5,P10361,B5DF91,D4AAY7,P62260	P12023,Q5M9N4,Q3UFB7,P39428,P02340,P70372,Q64323,P62259
4624	D4ADR7,P08592,Q6IMY8,B5DF91,A0A0G2K5U0,P62260,D4A9N5,Q6MG07	Q8CGR6,P12023,P0CG50,P70372,Q3UFB7,P62259,Q61510,Q07235
785	P35739,D4A5C3,P08592,Q59IV8,B5DF02,D4A9N5,D4A4K4,P62260	Q3UFB7,Q91VD1,P12023,O08537,Q921E6,Q61510,Q8BX70,P62259
7265	P35739,Q07258,P17325,P08592,D4A9N5,P38438,P62260,B5DF91	Q3UFB7,Q8K4K4,Q61510,P12023,P05627,P01101,P62259,P70372
6817	A0A0G2K5U0,A0A0G2K349,P08592,D4A9N5,A0A140TAI1,A0A0G2K3L8,P62260,B5DF91	Q80V62,Q91Z22,P12023,Q61510,Q8R317,E9Q4P1,P62259,P70372
6527	A0A0G2K047,P08592,A0A0G2K5U0,P35739,B5DF91,A0A0G2JVC1,P62260,D3ZMN2	A2RRY8,P12023,Q3UFB7,Q80V62,P70372,Q61532,P62259,Q3ULF4
8924	Q68FV2,D4A9N5,D3ZUC2,P35739,B5DF91,P62260,G3V8S0,P08592	Q99JB0,Q61510,Q99JX7,Q80V62,P70372,P62259,Q8BMI0,P12023
9058	D3ZPF0,P08592,P35739,B5DF91,D4A9N5,P62260,D4A8G7,P17325	Q91WC9,P12023,Q80V62,P70372,P05627,P62259,Q3TDN2,Q61510
7083	A0A0G2K2M1,P08592,A0A0G2K5U0,Q7TP21,B5DF91,D4A9N5,P62260,F6Q5G6	Q9JKQ4,P12023,Q3UFB7,Q8VEE4,P70372,Q61510,P62259,Q9D842
1325	P35739,P10361,E9PU35,D4A9N5,P08592,Q5PQL3,P97887,B5DF91	Q3UFB7,P02340,O35679,Q61510,P12023,Q3TD49,P49769,P70372
7205	P35739,M0R8R8,D4A9N5,P08592,P17325,Q3MHU2,B5DF91,A0A0G2K5U0	Q3UFB7,O35375,P05627,P12023,Q61510,Q62312,P70372,Q80V62
11298	D3ZX74,P08592,B5DF91,D4A9N5,P17325,P62260,P35739,Q62651	Q8K3G9,P12023,P70372,Q61510,P05627,P62259,Q3UFB7,Q9WTM5
4069	D3ZAG6,A0A0G2K5U0,D4A9N5,Q63429,P08592,P35739,B5DF91,B4F779	P12023,Q3UFB7,B8JJE0,F8VPR5,Q9DAI2,P70372,Q80V62,Q61510
2364	Q924U1,D3ZYK8,P08592,P35739,B5DF91,P62260,P17325,Q7TSB7	Q8K3I2,Q8BJU0,P12023,Q3UFB7,P70372,P62259,Q61510,O08689
9139	A0A0G2KBB3,A0A0G2K5U0,P08592,D4A9N5,B5DF91,P62260,P17325,B5DF45	Q9JIY0,Q3UFB7,P12023,Q61510,P70372,P62259,P05627,P70196
2316	O08625,P08592,G3V8S5,P35739,B5DF91,A0A0G2K5U0,D4A9N5,Q62746	Q8BMJ8,P12023,P62137,Q80V62,P70372,Q3UFB7,Q61510,Q9DBX7
2364	F1LVJ1,A0A0G2K331,P08592,P35739,B5DF91,P62260,P17325,B5DFJ2	Q8K3I2,Q8BJU0,P12023,Q80V62,P70372,P62259,Q61510,O08689
7253	P08592,F1M6X3,A0A0G2K5U0,P35739,B5DF91,F1LS98,P62260,D4A9N5	P12023,B7ZBV9,Q80V62,Q3UFB7,P70372,Q4VA93,P62259,Q61510
4834	P35739,D4A9N5,P10361,Q9ERW3,P97887,P08592,B5DF91,P62260	Q3UFB7,Q61510,P02340,P70377,P49769,P12023,P70372,P62259
8924	Q68FV2,D4A9N5,D3ZUC2,A0A0G2K5U0,B5DF91,P62260,G3V8S0,P08592	Q8BH07,Q61510,P23249,Q80V62,P70372,P62259,Q9WU03,P12023
7562	Q6AY34,P35739,P08592,P17325,D4A9N5,P62260,P18422,B5DF91	O89013,Q80V62,P12023,P05627,Q61510,P62259,Q9DD03,P70372
6910	D4A7K0,P08592,A0A0G2K5U0,P35739,B5DF91,P17325,D4A9N5,O88321	F6ZFP8,P12023,Q80V62,Q3UFB7,P70372,P05627,Q61510,Q9CZN7
6419	D3ZGK2,P08592,P35739,A0A0G2K5U0,B5DF91,D4A9N5,P09416,D3Z8X4	Q9D0U1,P12023,Q3UFB7,Q80V62,P70372,Q61510,P01108,Q9WVF7
1666	P08592,D4A0Z0,P35739,M0R5V5,P10361,B5DF91,D4AAY7,P62260	P12023,Q9Z324,Q3UFB7,P39428,P02340,P70372,Q64323,P62259
4363	F1MA52,P35739,F1M8Z3,D4A9N5,P08592,B5DF91,D3ZIK8,P62260	Q99JX7,Q3UFB7,Q99JB0,Q61510,P12023,P70372,Q8BMI0,P62259
4444	A0A0G2K5U0,A0A0H2UHH0,D4A9N5,A0A0G2JSP3,P08592,F1M9H1,B5DF91,P62260	Q3UFB7,O08999,Q61510,Q6NZQ4,P12023,Q9WVH9,P70372,P62259
9057	D4A2V6,P08592,P35739,B5DF91,P17325,P62260,F1LS98,D4A9N5	F6UC55,P12023,Q3UFB7,P70372,P05627,P62259,Q3TQ39,Q61510
6741	F1LNW6,P08592,A0A0G2K5U0,P35739,B5DF91,D4A9N5,D4ADV8,P62260	Q9EPQ8,P12023,Q80V62,Q3UFB7,P70372,P05627,Q6AXB7,P62259
2826	P08592,D3ZCS3,D3ZDK2,P35739,B5DF91,B1H278,D4A9N5,A0A0G2JSP3	Q80V62,Q9WUG7,Q8R5J9,P12023,Q61510,Q8VCV3,Q76MZ3,P62259
3731	P08592,Q59IV8,P35739,B5DF02,A0A0G2K5U0,B5DF91,D4A4K4,D4A9N5	P12023,O08537,Q3UFB7,Q921E6,Q80V62,P70372,Q0HA38,Q61510
7387	Q3MHS2,P35739,P08592,D4A9N5,P17325,B5DF91,D4A8G7,P62260	Q9EPQ8,Q3UFB7,P12023,Q61510,P05627,P70372,Q6AXB7,P62259
7265	P35739,Q07258,P17325,P08592,D4A9N5,P38438,P62260,B5DF91	Q3UFB7,Q8C2R7,Q61510,P12023,P05627,O35280,P62259,P70372
6419	Q499U6,P08592,P35739,A0A0G2K5U0,B5DF91,D4A9N5,P09416,D4AB26	Q9D0U1,P12023,Q3UFB7,Q80V62,P70372,Q61510,P01108,Q9WVF7
8748	P35739,P17325,A0A0G2JYQ8,O35410,P08592,D4A9N5,P62260,B5DF91	Q3UFB7,P05627,Q32NY8,Q61069,P12023,Q61510,P62259,P70372
9058	P0C1S9,P08592,A0A0G2K5U0,B5DF91,P17325,P62260,Q5BK32,D4A9N5	Q91WC9,P12023,Q80V62,P70372,P05627,P62259,Q3TDN2,Q61510
7205	P35739,M0R8R8,D4A9N5,P08592,P17325,Q3MHU2,B5DF91,A0A0G2K5U0	Q3UFB7,P55821,Q61510,P12023,P05627,P63280,P70372,Q80V62
9077	B2GUY0,P08592,P35739,B5DF91,D4A9N5,P62260,A0A0G2K5U0,A0A0H2UHG3	A2AJ15,P12023,Q3UFB7,P70372,Q61510,P62259,Q80V62,G3X914
9109	O09018,P08592,P35739,B5DF91,P17325,P62260,D4A8G7,D4A9N5	P43135,P12023,Q3UFB7,P70372,P05627,P62259,A0A0B4J1E2,Q61510
6910	Q3KR73,P08592,A0A0G2K5U0,P35739,B5DF91,P17325,D4A9N5,Q498M4	F6ZFP8,P12023,Q80V62,Q3UFB7,P70372,P05627,Q61510,Q9CZN7
7205	P35739,O35276,P17325,P08592,D4A9N5,P38438,B5DF91,A0A0G2K5U0	Q3UFB7,Q61080,Q61510,P12023,P05627,P97477,P70372,Q80V62
9399	D4A9N5,F1LXB6,P35739,A0A0G2K5U0,P63182,B5DF91,P62260,D3ZVH2	Q61510,Q7TNH6,Q3UFB7,Q80V62,Q9CPN7,P70372,P62259,P63017
4834	A0A0G2K5U0,D4A9N5,P10361,A0A0G2JWZ3,P97887,P08592,B5DF91,P62260	Q80V62,Q61510,P02340,P70377,P49769,P12023,P70372,P62259
9077	D3ZV19,P08592,P35739,B5DF91,D4A9N5,P62260,A0A0G2K5U0,F1LRP7	A2AJ15,P12023,Q3UFB7,P70372,Q61510,P62259,Q80V62,G3X914
6527	A0A0G2K8X4,P08592,P35739,A0A0G2K5U0,B5DF91,P27704,P62260,Q7TT47	A2RRY8,P12023,Q3UFB7,Q80V62,P70372,Q61532,P62259,Q3ULF4
9139	A0A0G2KBB3,A0A0G2K5U0,P08592,D4A9N5,B5DF91,P62260,P17325,B5DF45	Q7M6Y5,Q80V62,P12023,Q61510,P70372,P62259,P05627,P70196
9092	M0RAA8,P08592,P35739,B5DF91,D4A9N5,P62260,A0A0G2K5U0,B5DF45	Q8BJQ2,P12023,Q3UFB7,P70372,Q61510,P62259,Q80V62,P70196
6910	Q68FT9,P08592,A0A0G2K5U0,P35739,B5DF91,P17325,D4A9N5,Q5U3Z7	F6ZFP8,P12023,Q80V62,Q3UFB7,P70372,P05627,Q61510,Q9CZN7
8190	P08592,M0RBE6,B5DF91,A0A0G2K5U0,P62716,G3V6K6,P62260,D4A9N5	Q3UFB7,Q9JHQ5,Q61510,P12023,O08992,Q01279,P62259,P70372
4200	P08592,A0A0G2K5U0,O35078,P54645,P18596,P35739,B5DF91,P62260	P12023,Q3UFB7,Q9D0M1,Q921E6,Q7TNS8,P70372,Q80V62,P62259
9088	Q569C3,P08592,P35739,B5DF91,P17325,P62260,A0A0G2K5U0,B5DF45	Q9EQU3,P12023,Q3UFB7,P70372,P05627,P62259,Q80V62,P70196
8939	Q5U1W4,P08592,P35739,B5DF91,D4A9N5,P62260,F1LNG5,G3V6K6	Q922G7,P12023,Q3UFB7,P70372,Q61510,P62259,Q62077,Q01279
7255	P08592,P0C1S9,P35739,A0A0G2K5U0,B5DF91,Q5BK32,P62260,D4A9N5	P12023,Q91WC9,Q3UFB7,Q80V62,P70372,Q3TDN2,P62259,Q61510
2316	D3ZQL2,P08592,P62138,A0A0G2K5U0,B5DF91,P35739,D4A9N5,D3ZIH3	Q9R0N4,P12023,P48754,Q3UFB7,P70372,Q80V62,Q61510,Q9R0N8
8435	P35739,Q5RK24,P08592,D4A9N5,B5DF02,D3ZME7,B5DF91,P62260	Q3UFB7,Q9D1G2,P12023,Q61510,Q921E6,A0A0R4J0T0,P70372,P62259
10385	P35739,D4A9N5,D3ZIM5,A0A0G2K612,P08592,B5DF91,P62260,Q80U96	Q3UFB7,Q61510,Q811M1,Q9CUN6,P12023,P70372,P62259,Q6P5F9
1325	P35739,P10361,D0V9T4,D4A9N5,P08592,Q5PQL3,P97887,B5DF91	Q3UFB7,P02340,Q99ME6,Q61510,P12023,Q3TD49,P49769,P70372
4082	P19969,F1LNG5,P08592,B5DF91,D4A9N5,P35739,G3V6K6,F1LNZ5	Q3UFB7,Q61510,P19091,O08674,O55144,P12023,P05627,P70372
6636	P08592,F1LNZ5,A0A0G2K5U0,B5DF91,P35739,F1LNG5,D4A9N5,G3V6K6	P12023,Q922G7,Q80V62,P70372,Q3UFB7,Q62077,Q61510,Q01279
6913	D3ZHH8,P08592,A0A0G2K5U0,P35739,B5DF91,D4A9N5,P17325,P19139	Q3TVC7,P12023,Q80V62,Q3UFB7,P70372,Q61510,P05627,O35864
6817	A0A0G2K5U0,A0A0G2K349,P08592,D4A9N5,A0A140TAI1,A0A0G2K3L8,P62260,B5DF91	P12023,P43120,Q80V62,P70372,Q3UFB7,E9PXY8,P62259,P05627
2316	D3ZQL2,P08592,P62138,A0A0G2K5U0,B5DF91,P35739,D4A9N5,D3ZIH3	Q8BMJ8,P12023,P62137,Q80V62,P70372,Q3UFB7,Q61510,Q9DBX7
8748	A0A0G2K5U0,P17325,A0A0G2JYQ8,O35410,P08592,D4A9N5,P62260,B5DF91	Q80V62,P05627,Q32NY8,Q61069,P12023,Q61510,P62259,P70372
6817	P08592,D4AC45,A0A0G2K5U0,B5DF91,P35739,F1M400,P62260,D4A9N5	P12023,M9MMK0,Q80V62,P70372,Q3UFB7,Q99K46,P62259,Q61510
8936	D4AC45,P08592,P35739,B5DF91,P17325,P62260,F1M400,D4A9N5	Q8K3K7,P12023,Q3UFB7,P70372,P05627,P62259,Q505D1,Q61510
6419	Q6AZ70,P08592,P35739,A0A0G2K5U0,B5DF91,D4A9N5,P09416,D4AB26	A0A0R4J0C0,P12023,Q3UFB7,Q80V62,P70372,Q61510,P01108,Q924W5
4200	P08592,P35739,Q5XI24,A0A096P6L8,F1LRM7,B5DF91,A0A0G2K5U0,P62260	P12023,Q3UFB7,P51942,P11276,P28481,P70372,Q80V62,P62259
9077	B2GUY0,P08592,P35739,B5DF91,D4A9N5,P62260,A0A0G2K5U0,A0A0H2UHG3	Q3U145,P12023,Q3UFB7,P70372,Q61510,P62259,Q80V62,Q8CJG0
1325	P35739,P10361,Q5U2T1,D4A9N5,P08592,Q5PQL3,P97887,B5DF91	Q3UFB7,P02340,Q8BQC3,Q61510,P12023,P29391,P35991,P70372
3725	P08592,M0RA44,A0A0G2K5U0,B1WBY1,P35739,B5DF91,D4ADQ6,D4A9N5	Q9Z2J6,Q9CR33,P12023,P70372,P62259,Q61510,O08992,Q3UX43
8924	F1M8Z3,D4A9N5,F1MA52,A0A0G2K5U0,B5DF91,P62260,D3ZIK8,P08592	Q8BH07,Q61510,P23249,Q80V62,P70372,P62259,Q9WU03,P12023
7205	P35739,D4A228,D4A9N5,P08592,P17325,A0A0G2JX94,B5DF91,A0A0G2K5U0	Q3UFB7,O35375,P05627,P12023,Q61510,Q62312,P70372,Q80V62
6317	P08592,A0A0G2K5U0,Q99MF4,G3V890,F1LPK1,B5DF91,D4A9N5,P62260	P12023,Q3UFB7,Q64385,P47873,Q00560,P70372,Q61510,P62259
8939	D3ZBL5,B5DF91,G3V6K6,P08592,D4A9N5,P62260,F1LNG5,P35739	Q922G7,P12023,Q3UFB7,P70372,Q61510,P62259,Q62077,Q01279
4320	A0A0H2UHH4,P35739,D3ZME7,D4A9N5,P08592,B5DF91,F1LQC5,P62260	Q9D7L7,Q80V62,Q9CUN6,Q61510,P12023,P70372,Q9R1Z7,P62259
4315	Q5U2U8,P35739,F1LXV9,D4A9N5,D3ZXP4,B5DF91,A0A0G2K9K6,P62260	Q61510,Q80V62,Q9D9T0,Q04207,Q99MH5,Q3UFB7,Q8R370,P62259
6419	D3ZGK2,P08592,P35739,A0A0G2K5U0,B5DF91,D4A9N5,P09416,D3Z8X4	Q5SS91,P12023,Q3UFB7,Q80V62,P70372,Q61510,P01108,Q6ZWR6
2224	P08592,Q59IV8,G3V8S5,P35739,B5DF91,A0A0G2K5U0,F1M2F9,D4A9N5	P12023,O08537,P48754,Q3UFB7,P70372,Q80V62,Q8BJD1,Q61510
2316	Q71MM7,A0A0G2K7X7,D3ZX56,D4A9N5,P62260,P08592,P35739,M0R9F7	Q8BKS3,P12023,P62137,Q80V62,P70372,Q3UFB7,Q61510,P48744
2826	P08592,Q76IC5,D3ZDK2,P35739,B5DF91,B1H278,D4A9N5,A0A0G2JSP3	Q80V62,Q9WUG7,Q8R5J9,P12023,Q61510,Q8VCV3,Q76MZ3,P62259
8603	P35739,P08592,Q04906,F1M8E5,P17325,D4A9N5,B5DF91,P62260	Q80V62,P12023,P43135,A0A0B4J1E2,P05627,Q61510,P70372,P62259
4069	D3ZZ79,P35739,D4A9N5,P47196,P08592,A0A0G2K5U0,B5DF91,G3V729	P12023,Q3UFB7,B8JJE0,F8VPR5,Q9DAI2,P70372,Q80V62,Q61510
2364	M0R3T0,D3ZME7,G3V6K6,B5DF91,D4A9N5,P62260,P08592,F1MA54	Q8K3I2,Q8BJU0,P12023,Q80V62,P70372,P62259,Q61510,O08689
10385	P08592,B5DF91,D3ZSV7,B1H2A6,P35739,D4A9N5,P62260,P17325	Q80V62,Q61510,Q811M1,Q9CUN6,P12023,P70372,P62259,Q6P5F9
4200	P08592,A0A0G2K5U0,O35078,P54645,P18596,P35739,B5DF91,P62260	P12023,Q3UFB7,P20263,Q921E6,F8VQD1,Q80V62,P70372,P62259
1666	P08592,B2GUT8,P35739,M0R5V5,P10361,B5DF91,D4AAY7,P62260	P12023,Q9JHG1,Q3UFB7,P39428,P02340,P70372,Q64323,P62259
6635	P08592,G3V6T9,A0A0G2K5U0,B5DF91,P35739,P18280,D4A9N5,B5DF45	P12023,P32443,Q80V62,P70372,Q3UFB7,P20181,Q61510,P70196
4370	D4A9N5,P29067,A0A0G2K5U0,P50232,P35739,P49187,B5DF91,P62260	Q61510,Q91YI4,Q80V62,Q5U4C1,Q3UFB7,P35377,P70372,P62259
1325	P35739,P10361,E9PU35,D4A9N5,P08592,Q5PQL3,P97887,B5DF91	Q3UFB7,P02340,Q8BQC3,Q61510,P12023,P29391,P35991,P70372
6741	Q5XIB2,P08592,A0A0G2K5U0,P35739,B5DF91,P17325,D4A8G7,P62260	Q9WUC3,P12023,Q80V62,Q3UFB7,P70372,Q61510,Q61062,P62259
9139	A0A0G2KBB3,A0A0G2K5U0,P08592,D4A9N5,B5DF91,P62260,P17325,B5DF45	Q9JIY0,Q80V62,P12023,Q61510,P70372,P62259,P05627,P70196
8924	Q68FV2,D4A9N5,D3ZUC2,P35739,B5DF91,P62260,G3V8S0,P08592	Q8BH07,Q61510,P23249,Q3UFB7,P70372,P62259,Q9WU03,P12023
6526	P08592,M0RAT6,P35739,B5DF91,A0A0G2K5U0,G3V7D9,Q80U96,D4A9N5	P12023,Q3UHI4,Q3UFB7,P70372,Q80V62,G3UYL9,Q6P5F9,Q61510
1325	P35739,P10361,E9PU35,D4A9N5,P08592,Q5PQL3,P97887,B5DF91	Q3UFB7,P02340,Q8K249,Q61510,P12023,Q3TD49,P49769,P70372
2905	P35739,Q3B7V0,P10361,P08592,D4A9N5,D4AA11,P62260,B5DF91	Q80V62,O88876,P02340,P12023,Q61510,Q9CQ39,P62259,P70372
1666	P08592,M0R6Q6,P35739,M0R5V5,P10361,B5DF91,D4AAY7,P62260	P12023,Q5M9N4,Q3UFB7,P39428,P02340,P70372,Q64323,P62259
7205	P35739,O35276,P17325,P08592,D4A9N5,P38438,B5DF91,A0A0G2K5U0	Q3UFB7,A2ABU4,Q61510,P12023,P05627,Q8VHG2,P70372,Q80V62
9132	B1WBW7,A0A0G2K5U0,P08592,P17325,B5DF91,P62260,D4A9N5,B5DF45	F8WJF7,Q80V62,P12023,P05627,P70372,P62259,Q61510,P70196
7265	A0A0G2K5U0,Q07258,P17325,P08592,D4A9N5,P38438,P62260,B5DF91	Q3UFB7,Q8K4K4,Q61510,P12023,P05627,P01101,P62259,P70372
10385	P08592,B5DF91,D3ZSV7,B1H2A6,P35739,D4A9N5,P62260,P17325	Q3UFB7,Q61510,F8VQM2,P51683,P12023,P70372,P62259,P42227
1646	P08592,P19357,P35739,M0R5V5,P10361,B5DF91,Q4V8B5,P62260	Q61510,O54901,Q3UFB7,O54885,P48025,Q80V62,Q9ES57,P62259
11298	A0A096MJ37,P08592,B5DF91,D4A9N5,P17325,P62260,P35739,G3V8C3	E9Q3H6,P12023,P70372,Q61510,P05627,P62259,Q3UFB7,O35459
6863	A0A0G2K5U0,D4A9N5,Q63092,P0DP31,Q63429,P08592,B5DF91,P62260	P70390,A0A0B4J1E2,P12023,Q61510,P62259,Q3UFB7,Q80TN5,P70372
7387	Q3MHS2,P35739,P08592,D4A9N5,P17325,B5DF91,D4A8G7,P62260	Q9WUC3,Q3UFB7,P12023,P05627,Q61510,P70372,Q61062,P62259
6741	Q6AYD4,P08592,P35739,A0A0G2K5U0,B5DF91,P17325,Q5U2M8,P62260	Q9WUC3,P12023,Q80V62,Q3UFB7,P70372,Q61510,Q61062,P62259
7265	P35739,Q07258,P17325,P08592,D4A9N5,P38438,P62260,B5DF91	Q80V62,Q8K4K4,Q61510,P12023,P05627,P01101,P62259,P70372
1666	P08592,B2GUT8,P35739,M0R5V5,P10361,B5DF91,D4AAY7,P62260	P12023,Q9Z324,Q3UFB7,P39428,P02340,P70372,Q64323,P62259
8924	Q76IC6,D4A9N5,P21708,P35739,B5DF91,P62260,Q9ESV6,P08592	Q99JB0,Q61510,Q99JX7,Q80V62,P70372,P62259,Q8BMI0,P12023
8748	P35739,P17325,D3ZKI5,B2RZ55,P08592,D4A9N5,P62260,B5DF91	Q80V62,P05627,Q32NY8,Q61069,P12023,Q61510,P62259,P70372
7083	A0A0G2K8X4,A0A0G2K5U0,P08592,P27704,D4A9N5,B5DF91,P62260,Q7TT47	A2RRY8,Q80V62,P12023,Q61532,Q61510,P70372,P62259,Q3ULF4
7267	P35739,A0A140UHX4,D4A9N5,P08592,P17325,Q6XVN8,P62260,B5DF91	Q80V62,Q91WG5,Q61510,P12023,P05627,Q91VR7,P62259,P70372
11297	D4A228,P08592,B5DF91,D4A9N5,P17325,P62260,A0A0G2K5U0,A0A0G2JX94	A2ABU4,P12023,P70372,Q61510,P05627,P62259,Q80V62,Q8VHG2
1325	P35739,P10361,D3ZKI8,D4A9N5,P08592,Q5PQL3,P97887,B5DF91	Q3UFB7,P02340,Q99ME6,Q61510,P12023,Q3TD49,P49769,P70372
2364	Q5EB94,A0A0G2K0D4,P08592,A0A0G2K5U0,B5DF91,P62260,D4A9N5,O88828	Q8K3I2,Q8BJU0,P12023,Q80V62,P70372,P62259,Q61510,O08689
4834	A0A0G2K5U0,D4A9N5,P10361,Q9ERW3,P97887,P08592,B5DF91,P62260	Q3UFB7,Q61510,P02340,P70377,P49769,P12023,P70372,P62259
7562	Q6AY34,A0A0G2K5U0,P08592,P17325,D4A9N5,P62260,P18422,B5DF91	O89013,Q80V62,P12023,P05627,Q61510,P62259,Q9DD03,P70372
3731	P08592,D3ZRH6,P35739,B5DF02,A0A0G2K5U0,B5DF91,A0A140TAF4,D4A9N5	P12023,O08537,Q3UFB7,Q921E6,Q80V62,P70372,Q8BX70,Q61510
1790	Q641X0,P08592,B5DFI5,P35739,B5DF91,P10361,P62260,B2GUY5	Q8CE94,Q61510,Q8R2Q6,Q3UFB7,Q80V62,Q99JX7,P62259,Q9CQE7
6817	P08592,Q66H66,A0A0G2K5U0,B5DF91,P35739,Q6IRE4,P62260,D4A9N5	Q80V62,Q91Z22,P12023,Q61510,Q8R317,E9Q4P1,P62259,P70372
10385	P35739,D4A9N5,Q6AYC5,A0A0G2K612,P08592,B5DF91,P62260,Q80U96	Q80V62,Q61510,Q811M1,Q9CUN6,P12023,P70372,P62259,Q6P5F9
1325	P35739,P10361,D0V9T4,D4A9N5,P08592,Q5PQL3,P97887,B5DF91	Q3UFB7,P02340,Q8K249,Q61510,P12023,Q3TD49,P49769,P70372
8603	A0A0G2K5U0,P08592,O09018,D4A8G7,P17325,D4A9N5,B5DF91,P62260	Q80V62,P12023,P20722,Q05BA5,P05627,Q61510,P70372,P62259
7267	A0A0G2K5U0,A0A140UHX4,D4A9N5,P08592,P17325,Q6XVN8,P62260,B5DF91	Q3UFB7,Q91WG5,Q61510,P12023,P05627,Q91VR7,P62259,P70372
9077	B2GUY0,P08592,P35739,B5DF91,D4A9N5,P62260,A0A0G2K5U0,A0A0H2UHG3	A2AJ15,P12023,Q3UFB7,P70372,P05627,P62259,Q80V62,G3X914
6913	A0A096MJY4,P08592,A0A0G2K5U0,P35739,B5DF91,D4A9N5,P17325,F7EUU4	Q3TVC7,P12023,Q80V62,Q3UFB7,P70372,Q61510,P05627,O35864
8748	P35739,P17325,D3ZKI5,B2RZ55,P08592,D4A9N5,P62260,B5DF91	Q3UFB7,P05627,Q32NY8,Q61069,P12023,Q61510,P62259,P70372
6635	P08592,G3V6T9,A0A0G2K5U0,B5DF91,P35739,P18280,D4A9N5,B5DF45	P12023,O55196,Q3UFB7,P70372,Q80V62,Q9ERR7,Q61510,P07356
9435	D4A9N5,D3ZCQ7,A0A0G2K5U0,P35739,P19139,P62260,B5DF91,P08592	Q61510,E9PWB8,Q80V62,Q3UFB7,A2A432,P62259,P70372,P12023
9132	B1WBW7,A0A0G2K5U0,P08592,P17325,B5DF91,P62260,D4A9N5,B5DF45	F8WJF7,Q3UFB7,P12023,P05627,P70372,P62259,Q61510,P70196
2316	O08625,P08592,G3V8S5,P35739,B5DF91,A0A0G2K5U0,D4A9N5,Q62746	Q8BKS3,P12023,P62137,Q80V62,P70372,Q3UFB7,Q61510,P48744
6741	F1LNW6,P08592,A0A0G2K5U0,P35739,B5DF91,D4A9N5,D4ADV8,P62260	Q9WUC3,P12023,Q80V62,Q3UFB7,P70372,Q61510,Q61062,P62259
1315	P08592,A0MV40,P35739,F1MA52,Q66HL7,B5DF91,P10980,P62260	Q3UFB7,Q8K0D7,P12023,Q99JX7,Q8R2Q6,Q61510,Q9CQE7,P62259
9058	B1WBV3,P08592,P35739,B5DF91,P17325,P62260,B2GV14,D4A9N5	Q9R059,P12023,Q3UFB7,P70372,Q61510,P62259,A0A0B4J1E2,P05627
8435	P35739,Q5RK24,P08592,D4A9N5,B5DF02,D3ZME7,B5DF91,P62260	Q3UFB7,Q9CQW1,P12023,Q61510,Q921E6,A0A0R4J0T0,P70372,P62259
6817	P08592,F7F7Q9,A0A0G2K5U0,B5DF91,P35739,F1LM09,P62260,P17325	P12023,P43120,Q80V62,P70372,Q3UFB7,E9PXY8,P62259,P05627
8190	P35739,Q562C6,D4A9N5,P08592,Q9JI92,G3V6K6,P62260,B5DF91	Q80V62,Q9JHQ5,Q61510,P12023,O08992,Q01279,P62259,P70372
1790	Q62923,P29067,M0R9R0,D4A9N5,B5DF91,P35739,P62260,P35370	P56484,Q61510,Q8R2Q6,Q3UFB7,Q80V62,Q99JX7,P62259,Q9CQE7
7387	Q6AYD4,A0A0G2K5U0,P08592,D4A9N5,P17325,B5DF91,Q5U2M8,P62260	Q9WUC3,Q3UFB7,P12023,P05627,Q61510,P70372,Q61062,P62259
6741	Q5XIB2,P08592,A0A0G2K5U0,P35739,B5DF91,P17325,D4A8G7,P62260	Q8K2A1,P12023,Q80V62,Q3UFB7,P70372,P05627,A0A0B4J1E2,P62259
4444	A0A0G2K5U0,P08424,D4A9N5,A0A0G2JSP3,P08592,Q9Z136,B5DF91,P62260	Q3UFB7,O08999,Q61510,Q6NZQ4,P12023,Q9WVH9,P70372,P62259
1666	P08592,P97639,P35739,B5DFI5,P10361,B5DF91,Q7TSV3,P62260	P12023,Q9D1C3,Q3UFB7,P39428,P02340,P70372,Q64323,P62259
10385	A0A0G2K5U0,D4A9N5,Q6AYC5,A0A0G2K612,P08592,B5DF91,P62260,Q80U96	P12023,P70372,P97770,Q6P5B5,Q3UFB7,Q61510,P62259,P05627
7253	P08592,D4A2V6,A0A0G2K5U0,P35739,B5DF91,F1LS98,P62260,D4A9N5	P12023,B7ZBV9,Q80V62,Q3UFB7,P70372,Q4VA93,P62259,Q61510
4624	D4ADR7,P08592,Q6IMY8,B5DF91,A0A0G2K5U0,P62260,D4A9N5,Q6MG07	Q8CGR6,P12023,P0CG50,P70372,Q80V62,P62259,Q61510,Q07235
4370	P35739,Q8VBU7,P08592,Q4KLJ4,D4A9N5,A0A0H2UHY4,P62260,P62994	Q3UFB7,P18762,P12023,Q8CG64,Q61510,Q78IQ7,P62259,Q60631
2364	Q924U1,D3ZYK8,P08592,P35739,B5DF91,P62260,P17325,Q7TSB7	E9PZ54,P19785,P12023,Q3UFB7,P70372,P62259,Q61510,P61219
6817	P08592,F7F7Q9,A0A0G2K5U0,B5DF91,P35739,F1LM09,P62260,P17325	P12023,Q8K3K7,Q80V62,P70372,Q3UFB7,Q505D1,P62259,Q61510
9077	B2GUY0,P08592,P35739,B5DF91,D4A9N5,P62260,A0A0G2K5U0,A0A0H2UHG3	Q9R0M6,P12023,Q3UFB7,P70372,P05627,P62259,Q80V62,A0A0B4J1E2
9057	D4A2V6,P08592,P35739,B5DF91,P17325,P62260,F1LS98,D4A9N5	B7ZBV9,P12023,Q3UFB7,P70372,P05627,P62259,Q4VA93,Q61510
11298	A0A096MJ37,P08592,B5DF91,D4A9N5,P17325,P62260,P35739,G3V8C3	Q8K3G9,P12023,P70372,Q61510,P05627,P62259,Q3UFB7,Q9WTM5
7253	P08592,D4A2V6,A0A0G2K5U0,P35739,B5DF91,F1LS98,P62260,D4A9N5	P12023,F6UC55,Q80V62,Q3UFB7,P70372,Q3TQ39,P62259,Q61510
1666	P08592,B2GUT8,P35739,M0R5V5,P10361,B5DF91,D4AAY7,P62260	P12023,Q8JZL2,Q3UFB7,Q62158,P02340,P70372,Q9CQG3,P62259
1325	P35739,P10361,D3ZKI8,D4A9N5,P08592,Q5PQL3,P97887,B5DF91	Q3UFB7,P02340,Q8K249,Q61510,P12023,Q3TD49,P49769,P70372
9139	A0A0G2KBB3,A0A0G2K5U0,P08592,D4A9N5,B5DF91,P62260,P17325,B5DF45	Q7M6Y5,Q3UFB7,P12023,Q61510,P70372,P62259,P05627,P70196
6817	P08592,D4AC45,A0A0G2K5U0,B5DF91,P35739,F1M400,P62260,D4A9N5	Q80V62,Q91Z22,P12023,Q61510,Q8R317,E9Q4P1,P62259,P70372
7083	A0A0G2K047,P35739,P08592,A0A0G2JVC1,D4A9N5,B5DF91,P62260,D3ZMN2	A2RRY8,Q80V62,P12023,Q61532,Q61510,P70372,P62259,Q3ULF4
1666	P08592,M0R6Q6,P35739,M0R5V5,P10361,B5DF91,D4AAY7,P62260	P12023,Q8JZL2,Q3UFB7,Q62158,P02340,P70372,Q9CQG3,P62259
6526	P08592,M0RC42,A0A0G2K5U0,B5DF91,P35739,F1LNG5,Q80U96,D4A9N5	P12023,Q3UHI4,Q3UFB7,P70372,Q80V62,G3UYL9,Q6P5F9,Q61510
6419	D3ZGK2,P08592,P35739,A0A0G2K5U0,B5DF91,D4A9N5,P09416,D3Z8X4	A0A0R4J0C0,P12023,Q3UFB7,Q80V62,P70372,Q61510,P01108,Q924W5
6317	P08592,D3ZMX5,P35739,A0A0G2K5U0,B5DF91,Q4FZY2,P09416,D4A9N5	P12023,Q3UFB7,Q64385,P47873,Q00560,P70372,Q61510,P62259
9088	M0RAA8,P08592,P35739,B5DF91,P17325,P62260,A0A0G2K5U0,B5DF45	Q8BJQ2,P12023,Q3UFB7,P70372,P05627,P62259,Q80V62,P70196
9132	B1WBW7,A0A0G2K5U0,P08592,P17325,B5DF91,P62260,D4A9N5,B5DF45	Q8BJQ4,Q80V62,P12023,P05627,P70372,P62259,Q61510,P70196
9077	B2GUY0,P08592,P35739,B5DF91,P17325,P62260,A0A0G2K5U0,A0A0H2UHG3	A2AJ15,P12023,Q3UFB7,P70372,Q61510,P62259,Q80V62,G3X914
11305	Q6MGB2,P08592,B5DF91,D4A9N5,P17325,P62260,A0A0G2K5U0,B0BNL2	Q3ULF4,P12023,P70372,P05627,Q61510,P62259,Q80V62,Q61532
6910	Q3KR73,P08592,A0A0G2K5U0,P35739,B5DF91,P17325,D4A9N5,Q498M4	A0A0R4J069,P12023,Q80V62,Q3UFB7,P70372,P05627,Q61510,Q9CZN7
8603	A0A0G2K5U0,P08592,Q04906,F1M8E5,P17325,D4A9N5,B5DF91,P62260	Q80V62,P12023,P43135,A0A0B4J1E2,P05627,Q61510,P70372,P62259
785	P35739,D4A5C3,P08592,Q59IV8,B5DF02,D4A9N5,D4A4K4,P62260	Q3UFB7,Q8JZS7,P12023,O08537,Q921E6,Q61510,Q8BX70,P62259
1790	Q62923,P29067,M0R9R0,D4A9N5,B5DF91,P35739,P62260,P35370	Q8CE94,Q61510,Q8R2Q6,Q3UFB7,Q80V62,Q99JX7,P62259,Q9CQE7
7265	A0A0G2K5U0,G3V6J8,D4A9N5,P08592,P17325,P12841,P62260,B5DF91	Q3UFB7,Q8K4K4,Q61510,P12023,P05627,P01101,P62259,P70372
4200	P08592,B5DF91,P63182,D3ZVH2,F1LXB6,P35739,A0A0G2K5U0,P62260	P12023,Q3UFB7,P20263,Q921E6,F8VQD1,Q80V62,P70372,P62259
7255	P08592,B1WBV3,A0A0G2K5U0,P35739,B5DF91,B2GV14,P62260,D4A9N5	P12023,Q9R059,Q80V62,Q3UFB7,P70372,A0A0B4J1E2,P62259,P05627
4320	A0A0H2UHH4,P35739,D3ZME7,D4A9N5,P08592,B5DF91,F1LQC5,P62260	Q61357,P12023,P26450,P70372,Q3UFB7,Q61510,Q62448,P62259
9139	Q5U3Z6,P35739,P08592,D4A9N5,B5DF91,P62260,P17325,B5DF45	Q9JIY0,Q80V62,P12023,Q61510,P70372,P62259,P05627,P70196
1666	P08592,M0R6Q6,P35739,M0R5V5,P10361,B5DF91,D4AAY7,P62260	P12023,Q9Z324,Q3UFB7,P39428,P02340,P70372,Q64323,P62259
6741	F1LNW6,P08592,A0A0G2K5U0,P35739,B5DF91,D4A9N5,D4ADV8,P62260	Q8K2A1,P12023,Q80V62,Q3UFB7,P70372,P05627,A0A0B4J1E2,P62259
2316	Q71MM7,A0A0G2K7X7,D3ZX56,D4A9N5,P62260,P08592,P35739,M0R9F7	Q8BMJ8,P12023,P62137,Q80V62,P70372,Q3UFB7,Q61510,Q9DBX7
606	P08592,A0A140UHW7,P19357,P35739,P10361,B5DF91,P82995,P62260	P12023,P01868,P03987,Q3UFB7,P01867,Q9CQ60,P01837,P62259
9134	F1LV52,P35739,P08592,D4A9N5,B5DF91,P62260,P17325,Q5U3Z7	Q8R493,Q3UFB7,P12023,P05627,P70372,P62259,Q61510,Q8R317
9139	Q5U3Z6,A0A0G2K5U0,P08592,D4A9N5,B5DF91,P62260,P17325,B5DF45	Q7M6Y5,Q80V62,P12023,Q61510,P70372,P62259,P05627,P70196
8924	Q76IC6,D4A9N5,P21708,P35739,B5DF91,P62260,Q9ESV6,P08592	Q8BH07,Q61510,P23249,Q3UFB7,P70372,P62259,Q9WU03,P12023
4444	A0A0G2K5U0,A0A0H2UHH0,D4A9N5,A0A0G2JSP3,P08592,F1M9H1,B5DF91,P62260	Q80V62,O08999,Q61510,Q6NZQ4,P12023,Q9WVH9,P70372,P62259
2826	P08592,Q76IC5,D3ZDK2,P35739,B5DF91,B1H278,D4A9N5,A0A0G2JSP3	Q3UFB7,Q9WUG7,Q8R5J9,P12023,Q61510,Q8VCV3,Q76MZ3,P62259
9139	Q5U3Z6,A0A0G2K5U0,P08592,D4A9N5,B5DF91,P62260,P17325,B5DF45	Q9JIY0,Q3UFB7,P12023,Q61510,P70372,P62259,P05627,P70196
1325	P35739,P10361,D0V9T4,D4A9N5,P08592,Q5PQL3,P97887,B5DF91	Q3UFB7,P02340,O35679,Q61510,P12023,Q3TD49,P49769,P70372
7265	A0A0G2K5U0,Q07258,P17325,P08592,D4A9N5,P38438,P62260,B5DF91	Q80V62,Q8K4K4,Q61510,P12023,P05627,P01101,P62259,P70372
4834	P35739,D4A9N5,P10361,A0A0G2JWZ3,P97887,P08592,B5DF91,P62260	Q3UFB7,Q61510,P02340,P70377,P49769,P12023,P70372,P62259
4370	D4A9N5,P29067,A0A0G2K5U0,P50232,P35739,P49187,B5DF91,P62260	Q80V62,P18762,P12023,Q8CG64,Q61510,Q78IQ7,P62259,Q60631
6883	D4A9N5,A0A0G2K5U0,D3ZDZ1,E9PTT0,D4A8G7,P35739,P62260,B5DF91	Q61510,Q80V62,Q8R5A3,Q80TN5,A0A0B4J1E2,Q3UFB7,P62259,P70372
6419	Q6AZ70,P08592,P35739,A0A0G2K5U0,B5DF91,D4A9N5,P09416,D4AB26	Q9D0U1,P12023,Q3UFB7,Q80V62,P70372,Q61510,P01108,Q9WVF7
1790	Q62923,P29067,M0R9R0,D4A9N5,B5DF91,P35739,P62260,P35370	Q9CR63,Q61510,Q8R2Q6,Q3UFB7,Q80V62,Q99JX7,P62259,Q9CQE7
7265	A0A0G2K5U0,G3V6J8,D4A9N5,P08592,P17325,P12841,P62260,B5DF91	Q3UFB7,Q8C2R7,Q61510,P12023,P05627,O35280,P62259,P70372
7387	Q5XIB2,P35739,P08592,D4A9N5,P17325,B5DF91,D4A8G7,P62260	Q8R1N0,Q3UFB7,P12023,Q61510,P05627,P70372,A0A0B4J1E2,P62259
7083	A0A0G2K2M1,P08592,A0A0G2K5U0,Q7TP21,B5DF91,D4A9N5,P62260,F6Q5G6	Q9D2N8,P12023,Q3UFB7,G3X914,P70372,Q61510,P62259,O88838
7253	P08592,F1M6X3,A0A0G2K5U0,P35739,B5DF91,F1LS98,P62260,D4A9N5	P12023,P43135,Q80V62,Q3UFB7,P70372,A0A0B4J1E2,P62259,Q61510
3731	P08592,Q59IV8,P35739,B5DF02,A0A0G2K5U0,B5DF91,D4A333,D4A9N5	P12023,O08537,Q3UFB7,Q921E6,Q80V62,P70372,Q0HA38,Q61510
1325	P35739,P10361,G3V6V5,D4A9N5,P08592,Q5PQL3,P97887,B5DF91	Q3UFB7,P70424,Q61190,Q61510,P12023,Q924A4,Q60748,Q6P5F9
9132	D3ZXR7,A0A0G2K5U0,P08592,P17325,B5DF91,P62260,D4A9N5,B5DF45	Q8BJQ4,Q80V62,P12023,P05627,P70372,P62259,Q61510,P70196
6863	A0A0G2K5U0,D4A9N5,P08104,P0DP31,Q63429,P08592,B5DF91,P62260	P70390,A0A0B4J1E2,P12023,Q61510,P62259,Q3UFB7,Q80TN5,P70372
1858	Q71MM7,A0A0G2K7X7,B5DF91,D3ZX56,P08592,P62260,P35739,M0R9F7	Q920H1,D3YXF5,Q80V62,Q6ZPL9,P12023,P62259,Q3UFB7,Q60754
7387	F1LNW6,P35739,P08592,P17325,D4A9N5,B5DF91,D4ADV8,P62260	Q9WUC3,Q3UFB7,P12023,P05627,Q61510,P70372,Q61062,P62259
6910	Q68FT9,P08592,A0A0G2K5U0,P35739,B5DF91,P17325,D4A9N5,Q5U3Z7	Q8VCR3,P12023,Q80V62,Q3UFB7,P70372,P05627,Q61510,O35226
6419	Q499U6,P08592,P35739,A0A0G2K5U0,B5DF91,D4A9N5,P09416,D4AB26	A0A0R4J0C0,P12023,Q3UFB7,Q80V62,P70372,Q61510,P01108,Q924W5
6877	P35739,D4A9N5,D3ZNK1,P17046,D3ZME7,P08592,P62260,B5DF91	Q61510,Q3UFB7,P0DI97,Q61625,Q9R171,Q80V62,P62259,P49312
4370	D4A9N5,P29067,A0A0G2K5U0,M0R9R0,P35739,P35370,B5DF91,P62260	Q80V62,P18762,P12023,Q8CG64,Q61510,Q78IQ7,P62259,Q60631
8193	A0A0G2K5U0,G3V6T9,P08592,D4A9N5,F1LS01,B5DF91,P62260,B5DF45	Q80V62,P32443,P12023,Q61510,F8VPK8,P70372,P62259,P70196
9058	D3ZPF0,P08592,P35739,B5DF91,D4A9N5,P62260,D4A8G7,P17325	Q9DAJ4,P12023,Q3UFB7,P70372,Q61510,P62259,A0A0B4J1E2,P05627
2224	P08592,Q59IV8,G3V8S5,P35739,B5DF91,A0A0G2K5U0,M0RAR2,D4A9N5	P12023,O08537,P48754,Q3UFB7,P70372,Q80V62,Q8BJD1,Q61510
1666	P08592,M0R6Q6,P35739,M0R5V5,P10361,B5DF91,D4AAY7,P62260	P12023,Q9D1C3,Q3UFB7,P39428,P02340,P70372,Q64323,P62259
3731	P08592,Q59IV8,P35739,B5DF02,A0A0G2K5U0,B5DF91,D4A333,D4A9N5	P12023,O08537,Q3UFB7,Q921E6,Q80V62,P70372,Q8BX70,Q61510
2905	P35739,Q3B7V0,P10361,P08592,D4A9N5,D4AA11,P62260,B5DF91	Q3UFB7,O88876,P02340,P12023,Q61510,Q9CQ39,P62259,P70372
7562	A0A0G2K0K6,P35739,P08592,D4A9N5,P17325,P62260,R9PXV5,B5DF91	E9PYF7,Q3UFB7,P12023,Q61510,P05627,P62259,P13405,P70372
7255	P08592,P0C1S9,P35739,A0A0G2K5U0,B5DF91,Q5BK32,P62260,D4A9N5	P12023,Q9CYH5,Q80V62,Q3UFB7,P70372,Q6PAM1,P62259,Q61510
7083	A0A0G2K047,P35739,P08592,A0A0G2JVC1,D4A9N5,B5DF91,P62260,D3ZMN2	Q9JKQ4,P12023,Q80V62,Q8VEE4,P70372,Q61510,P62259,Q9D842
9132	D3ZXR7,A0A0G2K5U0,P08592,P17325,B5DF91,P62260,D4A9N5,B5DF45	F8WJF7,Q3UFB7,P12023,P05627,P70372,P62259,Q61510,P70196
7253	P08592,F1M6X3,A0A0G2K5U0,P35739,B5DF91,F1LS98,P62260,D4A9N5	P12023,F6UC55,Q80V62,Q3UFB7,P70372,Q3TQ39,P62259,Q61510
8190	A0A0G2K5U0,Q562C6,D4A9N5,P08592,Q9JI92,G3V6K6,P62260,B5DF91	Q80V62,Q9JHQ5,Q61510,P12023,O08992,Q01279,P62259,P70372
8924	F1M8Z3,D4A9N5,F1MA52,A0A0G2K5U0,B5DF91,P62260,D3ZIK8,P08592	Q99JB0,Q61510,Q99JX7,Q80V62,P70372,P62259,Q8BMI0,P12023
2316	Q71MM7,A0A0G2K7X7,D3ZX56,D4A9N5,P62260,P08592,P35739,M0R9F7	Q920H1,D3YXF5,Q6ZPL9,Q61510,P62259,P12023,Q3UFB7,Q60754
4370	D4A9N5,P08699,P35739,Q5FVN0,A0A0G2K5U0,P61794,B5DF91,P62260	Q61510,Q91YI4,Q80V62,Q5U4C1,Q3UFB7,P35377,P70372,P62259
8435	A0A0G2K5U0,Q68G28,P08592,D4A9N5,P52631,D3ZQG2,B5DF91,P62260	Q3UFB7,Q9D1G2,P12023,Q61510,Q921E6,A0A0R4J0T0,P70372,P62259
6817	P08592,Q66H66,A0A0G2K5U0,B5DF91,P35739,Q6IRE4,P62260,D4A9N5	P12023,M9MMK0,Q80V62,P70372,Q3UFB7,Q99K46,P62259,Q61510
6419	Q499U6,P08592,P35739,A0A0G2K5U0,B5DF91,D4A9N5,P09416,D4AB26	Q5SS91,P12023,Q3UFB7,Q80V62,P70372,Q61510,P01108,Q6ZWR6
1325	P35739,P10361,D3ZKI8,D4A9N5,P08592,Q5PQL3,P97887,B5DF91	Q3UFB7,P02340,O35679,Q61510,P12023,Q3TD49,P49769,P70372
7562	Q9JLS8,A0A0G2K5U0,P08592,P17325,D4A9N5,P62260,P35286,B5DF91	E9PYF7,Q3UFB7,P12023,Q61510,P05627,P62259,P13405,P70372
4069	D3ZAG6,A0A0G2K5U0,D4A9N5,Q63429,P08592,P35739,B5DF91,B4F779	Q5F289,Q3UFB7,Q61510,P31750,P12023,Q80V62,P70372,Q61878
7387	Q3MHS2,P35739,P08592,D4A9N5,P17325,B5DF91,D4A8G7,P62260	Q8K2A1,Q3UFB7,P12023,Q61510,P05627,P70372,A0A0B4J1E2,P62259
7562	Q9JLS8,A0A0G2K5U0,P08592,P17325,D4A9N5,P62260,P35286,B5DF91	O89013,Q80V62,P12023,P05627,Q61510,P62259,Q9DD03,P70372
8943	D3ZIK1,P35739,P08592,D4A9N5,B5DF91,P62260,D3ZME7,F7EUU4	P55937,P12023,Q3UFB7,P70372,Q61510,P62259,P26450,P63101
1315	P08592,A0MV40,P35739,F1MA52,Q66HL7,B5DF91,P10980,P62260	Q3UFB7,P56484,P12023,Q99JX7,Q8R2Q6,Q61510,Q9CQE7,P62259
8603	A0A0G2K5U0,P08592,Q04906,F1M8E5,P17325,D4A9N5,B5DF91,P62260	Q3UFB7,P12023,P20722,Q05BA5,P05627,Q61510,P70372,P62259
7205	P35739,O35276,P17325,P08592,D4A9N5,P38438,B5DF91,A0A0G2K5U0	Q3UFB7,O35375,P05627,P12023,Q61510,Q62312,P70372,Q80V62
8150	D4A9N5,G3V7R2,P35739,A0A0G2K5U0,Q5M7A7,G3V8S5,B5DF91,P62260	Q61510,Q9Z0Y2,Q80V62,Q3UFB7,P98200,Q6PAJ1,P70372,P62259
7255	P08592,B1WBV3,A0A0G2K5U0,P35739,B5DF91,B2GV14,P62260,D4A9N5	P12023,Q9DAJ4,Q80V62,Q3UFB7,P70372,A0A0B4J1E2,P62259,P05627
4370	D4A9N5,P29067,A0A0G2K5U0,M0R9R0,P35739,P35370,B5DF91,P62260	Q61510,P83510,Q3UFB7,Q6WVG3,Q80V62,O88704,P70372,P62259
7562	Q9JLS8,A0A0G2K5U0,P08592,P17325,D4A9N5,P62260,P35286,B5DF91	Q91ZD1,Q3UFB7,P12023,P05627,Q61510,P62259,O70435,P70372
6317	P08592,A0A0G2K5U0,Q99MF4,G3V890,F1LPK1,B5DF91,D4A9N5,P62260	P12023,Q1RNF8,Q3UFB7,Q80V62,P70372,P59941,P01108,Q61510
4358	A0A0G2K5U0,A0A0G2K7X7,D4A9N5,D3ZX56,P08592,M0R9F7,P62260,P35739	Q80V62,D3YXF5,Q61510,Q6ZPL9,P12023,Q60754,P62259,Q3UFB7
6413	Q6AYJ9,P35739,P08592,D4A9N5,P09416,A0A0G2K5U0,B5DF91,A0A0G2K9L9	Q8R2G4,Q3UFB7,P12023,Q61510,P01108,Q80V62,P70372,A2ANY6
10385	A0A0G2K5U0,D4A9N5,D3ZIM5,A0A0G2K612,P08592,B5DF91,P62260,Q80U96	Q3UFB7,Q61510,F8VQM2,P51683,P12023,P70372,P62259,P42227
7083	A0A0G2K2M1,P08592,P35739,Q7TP21,B5DF91,D4A9N5,P62260,F6Q5G6	A2RRY8,Q80V62,P12023,Q61532,Q61510,P70372,P62259,Q3ULF4
7387	Q5XIB2,P35739,P08592,D4A9N5,P17325,B5DF91,D4A8G7,P62260	Q9WUC3,Q3UFB7,P12023,P05627,Q61510,P70372,Q61062,P62259
