P00492 Q9BQ39
P49736 P49736
Q96RL7 Q9NWQ8
P07951 Q9Y4X5
Q99666 Q9NVH2
Q13469 O15525
Q9UHJ6 Q9UHJ6
Q13151 Q93034
P17600 Q15262
Q9NQG5 P03886
P08235 P13497
Q16543 O95433
Q96MT7 Q13825
P48594 Q8WUY1
Q13825 Q9BVX2
Q13825 P52849
Q9H7Z6 P08235
Q8N5Z5 Q9NRR4
Q96DT7 Q8NFT8
P17010 P17010
P34059 P52849
Q92499 Q07866
O14662 O14662
Q9UJU6 Q9UJU6
O75879 Q13825
P48553 P48553
O15479 P62910
P54289 O14732
Q9H7U1 Q9H7U1
Q9NZT1 Q9NVH2
Q6NYC1 Q9Y294
P31944 Q9Y2X8
P53539 P53539
Q01469 Q04695
P46379 P46379
Q9UGI8 Q9UGI8
Q9Y6X2 Q6ZVX7
Q9UBQ6 Q9NU53
O43900 O43900
P52333 Q68D86
P01040 P01040
P16455 Q9Y294
Q9Y3U8 O75367
Q08170 P04080
P07910 Q13310
Q9NRW3 Q9BW61
P37108 P41219
O95433 P51858
Q9NS69 Q7Z4Q2
Q15050 P41219
O43193 O43193
Q13105 O75182
P41219 Q9NX58
Q92569 Q8WUI4
P25685 P50990
Q96EX2 Q9P2F8
Q12906 O95782
P18669 P18669
P62851 P62851
P07900 P07900
P68400 P68400
P49773 Q5VTB9
P62304 Q15370
O14732 O14732
Q7Z2T5 Q96P70
P25311 P25311
O15511 Q6UWJ1
P05412 P05412
Q93034 P07910
Q5HYI7 P08236
Q9UM21 Q9UM21
P20839 Q9Y5S2
Q15050 Q969G3
Q07866 Q07866
O75792 Q5QP82
Q9NRI5 Q9NRI5
Q9NRG4 Q13029
Q9NRG4 Q9Y294
Q68D86 Q15742
P55072 P55072
Q9UIV8 Q9Y333
Q07866 O76021
P56539 Q14781
Q96R06 O75531
Q96R06 Q96AP7
Q9H5V7 Q9P2F8
Q15370 Q13601
Q8WUY1 P05787
Q8TD10 Q9HAW0
Q9BVG8 Q9NVR5
Q9P0L0 P51858
Q99704 Q01469
O00255 Q15466
P61981 P61981
Q96RK1 P17181
Q14203 Q14203
Q8NFN8 Q8NFN8
O95433 Q16543
P78537 P78537
P17600 P17600
P52815 P52815
P37108 P62304
Q9HC98 P52333
O00567 P35250
P19838 P19838
Q9P003 Q9P003
P35610 P36894
Q709C8 Q9H5V7
Q9Y217 Q9Y217
Q14839 Q13310
O43166 O43166
P34059 P34059
O75553 O75553
P36915 P36915
Q7Z4Q2 Q7Z4Q2
Q9BQ39 Q15050
P49796 Q92956
Q9HAW0 Q9HC98
Q9H3S5 Q9H3S5
P01871 Q9UIV8
P46459 P51858
Q99538 Q99538
Q9NXF8 Q8N2Z9
O75783 O75783
Q02750 Q9P2P5
O95433 Q7Z2T5
P10828 P16455
Q9H8S9 P58753
Q13614 Q13614
Q969G3 P00492
Q9H8S9 Q9P031
P57105 P32942
O95249 Q9P1Z2
P34059 Q13825
Q99496 Q99496
P62140 P62140
Q14444 Q96AG4
Q7Z2T5 O95433
P00519 P00519
P60468 P48594
O60831 Q9H9P8
Q13151 Q13151
Q9HC98 Q15742
Q6IA17 Q8N3C7
Q09472 Q09472
P62191 P62191
Q96P70 Q14444
Q08170 Q969G3
P00492 Q5T653
Q96EX2 Q9H5V7
Q96FW1 Q96FW1
O95433 Q9P0L0
Q15269 Q13601
Q9HAW0 Q9HB75
P04080 P62304
P08235 Q9H7Z6
P51858 Q16543
Q9NZW5 Q9NZW5
P51553 P51553
P18669 O76021
Q13573 Q13573
Q9Y2Q3 Q9NWQ8
Q5T653 Q08170
Q9UBU9 Q9UBU9
P32942 P57105
Q9BUN8 P07339
Q15269 P37108
Q96RQ3 Q96RQ3
Q9BVX2 Q12934
P06396 P06396
O60662 O60662
Q96DT7 O60826
Q05516 O00255
Q99801 O14656
Q9H7Z6 Q9H7Z6
Q15262 O43561
P05787 Q92569
Q96R06 Q9Y2V2
Q5T7P8 Q9NP98
Q6IE81 Q6IE81
P50990 P50990
Q13428 Q13428
Q92569 Q8WUY1
P01040 Q8IUR0
Q9H0A8 Q16760
Q9H444 Q9H444
P62910 Q9P209
P24386 Q2NL98
P54707 P54707
O75061 Q16760
Q9Y4X5 P07951
Q06609 P20248
Q8WUY1 Q92569
Q96M94 Q9Y597
P62140 Q93034
P62304 P62304
Q562R1 Q562R1
P16455 O00255
Q9H0W5 Q9H0W5
P04080 P04080
Q9NZJ0 O75478
Q9NYP9 Q9NYP9
Q9BW61 Q9BW61
P00492 P37108
Q14999 Q14999
P31749 P31749
Q9NXF8 P78537
Q92956 P49796
O75955 O75955
P60468 Q8WUI4
Q9NX63 Q08211
O43709 O00220
Q8IWQ3 P49821
O43482 O43482
Q8IZQ5 Q6DKI2
Q9BQ39 Q13601
O60831 Q5HYI7
Q9P1Z2 Q9P1Z2
Q15262 Q96RL7
P59190 P59190
Q96CS3 Q96CS3
P04080 Q15269
Q12904 P14735
Q9NRG4 Q6NYC1
Q9HC98 Q9UJA2
P04080 P41219
Q92499 Q5SSJ5
O14576 Q9UBL6
Q15262 Q01469
Q96CN9 Q5T7P8
P45985 P45985
P49773 P49773
Q9NX58 P37108
Q96R06 O43166
Q14847 Q14847
Q49AM1 Q13825
Q9BQ39 P41219
P43243 Q9NX63
P23193 Q8WWC4
Q02338 Q02338
O75792 O75061
Q96AG4 Q7Z2T5
Q12934 Q9BVX2
P13497 Q07820
Q9H5V7 Q96EX2
Q969G3 O43482
Q14444 P46459
O14773 P01040
Q05516 Q96L91
P06748 P06748
Q5VTB9 Q13002
P57105 O75069
Q99801 Q99801
Q12929 Q04695
P35813 P35813
Q49AM1 P34059
Q13309 Q13309
Q9P2F8 Q709C8
O75182 Q13029
Q15370 Q969G3
P06733 P06733
Q9UJA2 Q9Y248
Q9NZT1 Q99666
P33681 P33681
Q9H8S9 Q9H8S9
Q96AP7 Q96R06
Q9Y586 Q9BVW5
P08236 O60831
Q05516 Q6NYC1
Q13825 O75879
P56537 P56537
P78537 Q9NXF8
P04899 P60468
Q12929 P17600
Q9H9P8 Q5HYI7
Q07820 Q9NZJ0
Q9Y597 O43709
P07910 P07910
Q8WUI4 P05787
Q07820 Q07820
Q9HC98 Q68D86
P07948 Q9UKV8
P35579 P07355
O15525 Q9UQ88
Q9H0G5 Q9H0G5
P0DI82 P0DI82
P19235 P19235
Q00610 Q00610
P41219 Q08170
Q8IWQ3 Q8IWQ3
Q99598 Q96RK1
Q6ZVX7 Q9Y6X2
Q9NX58 Q5T653
Q9NWQ8 Q12929
P07948 O60884
Q96JP5 Q96JP5
Q96JP5 Q99801
Q9Y294 P10828
O43709 Q96M94
Q709C8 Q6ZT12
Q13586 Q13586
P56537 O76021
Q9P031 Q9P031
Q15742 P52333
P34932 P34932
P40337 P40337
P37268 P37268
Q8IUR0 P01040
O76021 O76021
Q96M94 Q12849
P54709 P54709
Q86Y39 P08236
Q96IP4 O60779
P08236 P08236
Q9Y3A3 Q9Y3A3
P49761 P49761
Q15050 P62304
Q05516 P16455
Q6ZT12 P24386
Q9BTZ2 Q9BTZ2
P25311 P31944
O60293 O60293
Q9P209 O75369
O15550 O15550
O60826 O00220
P00491 P68871
P50222 P50222
Q9NX58 Q9NX58
Q96K58 Q96K58
Q9UQ88 Q9UQ88
Q9P2F8 P24386
P17600 O43561
O43482 P37108
Q13029 Q05516
P41219 Q15370
Q9C0F1 Q9C0F1
P0C7T5 P0C7T5
Q99666 Q99666
P50990 P62191
P48594 P05787
P52333 Q15742
Q9Y3A3 Q8IUR0
Q6IE81 P49773
O75478 O75478
Q13309 P54198
P68871 P49450
Q9NXF8 Q9H7B4
Q9UMR2 Q9UMR2
Q08170 P00492
Q9H9P8 P08236
Q5T7P8 P53803
Q9Y597 Q96M94
Q6UW01 Q6UW01
P52849 Q9BVX2
Q9P0L0 Q16543
Q9BQE3 Q9BQE3
Q96B77 Q96B77
Q01469 Q01469
Q14151 Q8N5Z5
Q6ZT12 Q2NL98
P04080 Q9NX58
P04406 P04406
Q12929 Q15262
Q96E35 Q9Y217
Q9Y2Q3 Q15262
Q16760 Q9UHF1
O75879 P52849
Q12849 O00220
P62191 P50990
Q969G3 Q9NX58
P00491 P00491
Q07866 P18669
P56537 Q5SSJ5
Q9NZJ0 Q9NZJ0
Q5HYI7 O60831
O75478 Q07820
P56537 P18669
P25685 Q96S59
O76021 Q5SSJ5
Q68D86 Q9UJA2
P14921 P36873
P23528 P23528
P25311 Q9Y2X8
Q9NS69 P62820
O76021 P18669
P0CG48 P0CG48
Q9BQ39 Q969G3
Q07866 Q5SSJ5
P46459 Q96P70
Q14444 Q16543
Q9BQD3 Q9BQD3
Q9UNE7 Q9UNE7
P68104 P68104
P07951 P07951
Q9Y2X8 Q9NVH2
P53803 Q9NP98
P46934 P46934
Q05516 Q9Y294
P23284 P23284
P35813 P33151
Q8NFT8 Q8NFT8
Q96RK1 Q99598
Q9HBH5 Q9HBH5
P62304 P41219
O00255 Q13105
O60293 Q9H9E1
Q8NC51 Q8NC51
P78537 Q8N2Z9
P35268 P35268
Q969G2 Q969G2
Q5HYI7 Q9HBM1
Q15796 Q15796
Q96GZ6 Q96GZ6
Q6XUX3 O75061
P46459 Q7Z2T5
Q12929 Q99704
Q16740 Q16740
Q9NX63 Q9NX63
Q9HB75 Q68D86
Q6XUX3 Q9H0A8
Q8TD10 Q68D86
Q9NRG4 P16455
P10721 O75208
O60826 Q9Y597
Q15742 Q9UJA2
P05455 P05455
Q9H9P8 O14681
Q8NEQ2 Q8NEQ2
Q04695 O43561
P31944 P25311
Q9UBL6 Q9NRR4
P35579 P53350
Q7Z2T5 P51858
O00220 Q12849
Q9P270 Q5T7P8
P41219 P04080
Q8N5Z5 Q8N5Z5
P61964 P61964
P56537 Q92499
P49773 O14907
P43243 O95782
Q01469 Q12929
Q13105 P10828
P53539 Q6NSJ2
Q9NWM8 Q6PI98
Q96MT7 Q49AM1
Q9BRX9 Q9BRX9
Q12906 Q08211
Q92956 Q8N2Z9
P04080 P37108
O76021 Q92499
P08236 Q9HBM1
Q08170 O43482
P56537 Q07866
Q15466 O00255
O75369 Q9P209
O76021 Q7KZF4
P37268 O00214
Q15262 Q7Z7G1
Q93034 Q14839
Q99598 Q9UHJ6
Q8IWV2 Q96CN9
Q14839 P62140
Q13618 Q13618
Q15370 O43482
Q8TD10 Q9HB75
O43464 O14495
P00492 Q15269
Q04695 Q96RL7
Q96RL7 O43561
Q15466 Q9Y294
O14732 P54289
Q9H845 O60518
Q96P70 Q96AG4
O75367 O75367
P23528 P46459
P52849 Q12934
P05000 P32881
Q9Y468 Q9Y468
Q6PI98 Q9NWM8
Q9NX58 P04080
Q14919 Q14919
Q13825 Q12934
Q9BQD3 Q9Y333
Q9NVH2 P31944
P35250 P35250
Q16875 Q14451
Q9NVH2 Q9Y2X8
P20248 Q06609
P34932 P35579
P08236 Q9H9P8
Q6NYC1 Q15466
Q6PJG2 Q9Y6X2
P41219 Q15050
Q68D86 P52333
Q16543 Q96P70
O43561 Q04695
Q9HC98 Q9HAW0
Q9P0L0 P46459
Q9BW61 Q9NRW3
Q14839 Q14839
Q9HC07 O43709
Q6XUX3 Q9UHF1
O60826 Q12849
P15927 P15927
Q9NRW3 Q86YQ8
P51858 Q96P70
Q9Y2X8 P25311
Q86Y39 O14681
Q9UHF1 O75792
P25311 Q9NVH2
O43390 O95782
O75324 O75324
Q6ZT12 Q96EX2
P00492 P00492
Q99801 Q9NP50
Q8IUH5 Q8IUH5
Q9BVX2 Q13825
Q7Z7G1 Q12929
Q5HYI7 Q9H9P8
Q8NEA9 Q8NEA9
P32942 O75069
P12872 P12872
Q5T653 Q969G3
Q15050 Q9BQ39
Q49AM1 Q49AM1
P54289 P54289
O75147 O75147
P17600 Q96RL7
Q8NBX0 Q8NBX0
O43561 P17600
Q8TD10 Q9HC98
P34059 O75879
Q9NX58 P62304
Q92985 Q92985
Q96P70 Q9P0L0
Q969G3 P04080
Q13469 Q13469
Q15050 O43482
Q8N2Z9 P49796
Q9UKB1 Q9UKB1
Q5T653 P00492
Q13029 Q9NRG4
Q5HYI7 Q96BW9
P49450 P68871
P32970 P32970
Q96A35 Q96A35
Q13111 Q13469
Q2NL98 Q96EX2
P62987 P62987
P53350 P34932
P18669 P56537
Q6NSJ2 Q6NSJ2
P01871 P59190
Q9P2P5 Q02750
Q02750 Q02750
Q9Y294 P16455
P00519 Q14498
Q15742 Q9Y248
P10412 O14773
Q9Y5S2 Q96HE7
P41219 Q969G3
Q15269 Q9BQ39
Q12906 O43390
Q9BZH6 Q9BZH6
Q96P70 O95433
Q14839 Q13151
Q9UIS9 Q9BVW5
O43390 O43390
Q13601 Q15370
P33993 P33993
Q92993 Q92993
Q6UWJ1 Q6UWJ1
Q96RK1 Q96RK1
Q16760 Q9H0A8
Q9NRI5 P25791
O43709 O60826
Q01469 Q7Z7G1
P58753 Q9P031
Q9NXF8 Q9NXF8
O43482 Q5T653
O43482 P41219
P07910 Q93034
P78537 Q9H7B4
O43166 Q96AP7
Q9H8S9 Q8N3C7
Q9UBS0 Q13469
P49796 P49796
Q9Y294 Q15466
Q16543 Q14444
P33992 P33992
Q15370 Q08170
Q12929 Q7Z7G1
Q6UWJ1 Q14451
Q5VTB9 Q70EL1
Q9BVX2 O75879
P62312 P62312
Q99497 P08235
Q99814 Q99814
Q9P270 Q9P270
Q86UN6 Q8TCE6
P62304 P00492
Q93034 Q13151
O43172 P14735
Q07820 Q99497
P56539 P56539
Q9UMX9 Q99963
Q5T9C2 Q5T9C2
P27797 P27797
O75069 P57105
Q9UPQ0 Q9UPQ0
Q9BQ39 O43482
P36894 P35610
O75182 O75182
O75792 Q9UHF1
Q5T7P8 Q9P270
Q9Y586 Q8WWC4
P10828 Q96L91
Q8N2Z9 Q8N2Z9
O43561 Q15262
Q9HD26 Q9HD26
Q9UKJ3 Q9UKJ3
P34059 Q49AM1
Q9NZD2 Q9NZD2
Q8N3C7 Q8N3C7
P51858 Q14444
Q16760 Q5QP82
P37108 Q9BQ39
Q53GL0 Q53GL0
Q5T653 Q13601
Q96RK1 Q9UHJ6
Q07866 Q7KZF4
Q99963 Q9UMX9
P29508 P29508
Q96K58 Q13309
P00492 O43482
Q96DT7 Q9HC07
Q96AG4 Q14444
Q5T653 P04080
Q07866 Q92499
P51149 P51149
Q15717 Q15717
O43172 O43172
P62820 Q9NS69
P00491 P49450
Q9BQD3 Q9UIV8
O75478 P08235
Q9H9P8 Q96BW9
Q08170 P41219
P15336 P15336
P60468 P05787
O75879 O75879
Q9P209 Q9P209
O95835 Q92956
Q9NU19 Q9NU19
Q5QP82 O75792
Q12929 Q96RL7
Q8WUI4 Q8WUY1
Q6PJG2 Q6ZVX7
Q13469 Q9UBS0
Q7Z2T5 Q16543
Q08211 Q12906
Q9Y6X2 Q9Y6X2
Q9NU53 Q9UBQ6
P11182 P11182
Q96MT7 P34059
Q14444 Q96P70
Q8N960 Q8N960
P05000 P05000
P49796 P78537
P08238 P08238
P10412 Q9Y3A3
Q96AP7 Q9Y2V2
Q86Y39 Q96BW9
P25685 P25685
Q96L91 O00255
O75367 P29084
P10721 P10721
O43561 Q99704
Q9BVX2 Q9BVX2
Q13601 Q08170
Q13151 P07910
Q13105 Q9NRG4
Q07820 P13497
Q96AG4 Q96AG4
P03951 Q9H7U1
P38398 P38398
Q9NRR4 Q14151
P62191 P25685
Q58FF8 Q8WVK2
Q04695 P17600
Q92731 Q92731
Q9HAW0 P52333
Q9NZJ0 Q07820
P60604 P60604
Q12929 O43561
Q6IA17 Q9P031
Q96A35 Q9UBE0
P25705 P25705
Q9Y2Q3 O43561
Q14781 P56539
P04080 Q9BQ39
Q9P209 O15479
P17612 P17612
O75531 Q96R06
Q9NZC7 Q13309
Q9UHJ6 P17181
Q13601 O43482
P51553 P50213
Q13309 Q96K58
Q16659 Q16659
P10828 Q13029
Q8IXM3 Q8IXM3
P37108 Q08170
P09681 Q3SYG4
O14656 Q96JP5
P68871 P00491
P31944 Q99666
Q96S59 P62191
Q9NP98 Q9P270
Q9Y248 Q9HB75
P17600 Q7Z7G1
P10828 Q13105
Q92466 Q92466
Q9UMX9 P56539
O75792 Q6XUX3
P09497 P09497
Q7Z7G1 O43561
Q9Y2Q3 Q04695
O00255 O00255
Q969G2 Q6DKI2
Q15370 P41219
P04406 P07355
P36894 P36894
Q14240 Q06609
Q99963 Q99963
Q13310 Q13310
P42574 Q13322
Q9P2P5 Q9P2P5
Q8WWC4 P23193
Q9P031 P58753
Q9P2F8 Q2NL98
Q9UHF1 Q5QP82
Q9NX63 P43243
Q13029 O75182
P10828 P10828
P10412 Q8IUR0
P41219 P62304
O75879 Q49AM1
Q709C8 P24386
Q9H7B4 Q9H7B4
Q8N5Z5 O14576
Q96DT7 Q96DT7
Q08170 Q15370
Q96MT7 O75879
Q13825 Q49AM1
Q96AG4 Q96P70
P52569 P52569
O00255 Q05516
P52849 Q49AM1
Q9HAW0 Q68D86
P54274 P54274
Q93034 P62140
Q9H9S5 Q9H9S5
P24386 Q9P2F8
Q68D86 Q9HB75
Q99459 Q99459
Q96DT7 O43709
P0CG47 P0CG47
Q12904 Q12904
Q9NX63 Q12906
Q9HB75 Q9HAW0
Q8WVK2 Q8WVK2
Q9P2F8 Q9P2F8
Q99497 P13497
Q709C8 Q96EX2
P37108 Q9NX58
Q04695 Q15262
Q05823 O15205
Q969G3 Q13601
O43172 Q12904
P23528 Q96AG4
Q9HC98 Q9HC98
Q8IX90 Q8IX90
O75208 O75208
P50990 Q96S59
Q9NQG5 O15479
Q6NW40 Q504Y0
Q13825 Q96MT7
P78362 P78362
Q6DKI2 Q6DKI2
O15511 O15511
P56539 Q9UMX9
Q93034 Q93034
Q96CN9 Q9NP98
Q5SSJ5 Q5SSJ5
P14735 P14735
Q7Z4Q2 P62820
Q9UJA2 P52333
Q9Y333 Q9BQD3
O00255 P10828
Q9Y297 Q9Y297
Q9UIV8 Q9BQD3
P25788 P25788
P29084 Q9Y3U8
Q12934 O75879
P68431 P68431
P32881 P05000
P12081 P12081
Q709C8 Q709C8
Q86YQ8 Q86YQ8
Q05655 Q05655
Q9NZJ0 P13497
P25774 P25774
Q96DT7 Q9Y597
P07910 Q13151
P32245 P32245
Q9H9P8 O60831
O00255 P16455
P04080 P00492
Q92569 P48594
Q08211 O43390
O15205 Q9UN74
P00441 P00441
Q8WWC4 Q8WWC4
Q9HAF1 Q6PI98
Q9UPQ0 Q68E01
P09429 P09429
Q70EL1 Q70EL1
P17600 Q04695
Q04695 Q99704
P08235 Q07820
P17482 P17482
Q96AP7 O75531
O60826 O43709
Q8N3R9 Q92466
Q9H0A8 Q6XUX3
Q7KZF4 Q07866
Q504Y0 Q504Y0
P52849 O75879
O43482 Q13601
Q92499 Q7KZF4
P14618 P14618
Q8WWC4 Q9Y586
Q7Z4R8 Q7Z4R8
O95714 O95816
Q12906 Q9NX63
P53539 P17482
Q6NYC1 O00255
P52849 Q13825
O75182 Q9NRG4
Q6Q0C0 Q6Q0C0
Q8IUK8 Q8IUK8
Q99963 Q14781
Q9NX58 P41219
O75367 P33778
P00492 P62304
P14735 Q12904
Q9P0L0 Q96P70
O60831 P08236
P31944 Q9NVH2
P60468 Q8WUY1
P25490 P25490
Q13151 P62140
Q96MT7 P52849
Q92569 P04899
P49796 Q9H7B4
Q13283 Q13283
Q9NP98 Q5T7P8
P04080 Q969G3
Q9UID3 Q9UID3
Q9Y6C5 Q9Y6C5
O00220 Q96M94
Q15269 Q15050
O95433 P46459
Q96L91 P16455
P55957 Q5VIR6
P23528 Q9P0L0
P16455 Q6NYC1
Q15006 Q15006
P33778 Q9Y3U8
Q9Y5S2 Q9Y5S2
Q7Z7G1 P17600
Q9UQ88 Q13111
O95967 O95967
P17600 Q12929
Q96EX2 Q2NL98
O43482 Q15050
Q86YQ8 Q9UHV9
P10809 P10809
P46459 P23528
O95835 P49796
O60313 O60313
Q13601 Q969G3
P50990 P25685
Q6XUX3 Q16760
P62910 P03886
Q96DT7 Q12849
O00214 P37268
Q99666 Q9Y2X8
Q13469 Q9UQ88
O14910 O95249
P14921 P14921
Q13636 O15511
P57105 P57105
P03886 Q9P209
Q99598 Q99598
Q9BQE3 Q06609
Q9Y248 Q9Y248
Q96RL7 Q96RL7
Q9H0R8 Q9H0R8
Q9NX58 O43482
Q9UIV8 Q9UIV8
Q99497 Q9H7Z6
P53803 Q8IWV2
O14862 O14862
Q7Z7G1 Q96RL7
Q9Y248 Q9HC98
P10828 O75182
Q16543 P23528
Q9NRW3 Q9NRW3
Q9NX58 Q15050
O14907 Q5VTB9
P51858 P51858
Q5T653 P37108
Q9BW61 Q86YQ8
P35579 P35579
P14621 P14621
Q9NXF8 O95835
Q9P209 Q9NQG5
Q9NWQ8 Q7Z7G1
Q96EX2 Q96EX2
P33992 O00303
P46459 P46459
P37108 P04080
Q12934 P34059
Q9H7B4 O95835
Q8N2Z9 Q9H7B4
P52333 Q9HAW0
O43709 Q96DT7
O95340 O95340
O43561 O43561
Q5VTB9 Q5VTB9
P18669 Q92499
Q5T2W1 Q5T2W1
P03886 Q9NQG5
O43709 O43709
Q7Z7G1 Q15262
Q86VP6 Q86VP6
Q9NXF8 Q92956
Q9BQ95 Q9BQ95
O75061 Q9H0A8
O95433 Q96AG4
Q9NZJ0 Q9H7Z6
Q969G3 Q9BQ39
Q96AG4 P46459
P41219 Q5T653
P16455 P16455
Q12934 Q49AM1
Q96EX2 Q709C8
Q15370 P62304
Q9Y3A3 O14773
Q9NZT1 Q9Y2X8
Q2NL98 Q709C8
P60174 P60174
Q5T7P3 Q5T7P3
P20839 P20839
Q9Y4K0 Q9Y4K0
P00533 P00533
Q15742 Q8TD10
Q96BW9 Q5HYI7
Q709C8 Q9P2F8
P60411 P60411
Q15742 Q15742
Q9P0L0 P23528
Q13105 Q13029
Q9NRG4 O00255
Q9Y468 P00491
O14773 Q8IUR0
O75879 Q96MT7
O43482 Q969G3
O43166 Q96R06
P13497 Q99497
O00303 O00303
Q6ZT12 Q9H5V7
O60779 Q96IP4
P13497 Q9H7Z6
Q8IWU2 P54289
Q13105 Q13105
P10809 P00519
Q96JP5 Q9NP50
Q13601 P04080
Q5QP82 Q16760
Q08170 Q13601
P01871 Q9Y333
Q9NRC8 Q9NRC8
P20248 P20248
O14681 Q5HYI7
Q6XUX3 Q6XUX3
Q9HBM1 P08236
Q13601 Q13601
O75792 Q9H0A8
Q5T653 Q15050
Q96E35 Q96E35
Q15050 Q15269
F6WH68 Q3SYG4
Q9UHR4 Q9H444
Q14449 Q14449
Q9Y294 Q05516
Q16760 Q16760
P43243 P43243
P43243 Q08211
P49450 P00491
Q96M94 Q9HC07
Q9NRR4 Q9UBL6
Q2NL98 Q9P2F8
Q7Z7G1 Q99704
Q9NQG5 Q9NQG5
P07355 P07355
P46459 Q9P0L0
P04792 P04792
O60729 O60729
Q01469 Q9NWQ8
Q9Y2X8 P31944
Q96K58 Q9NZC7
Q9UHJ6 Q96RK1
Q9Y217 Q96E35
P58753 Q8N3C7
Q12934 P52849
Q9NX58 Q08170
Q13105 Q9Y294
P46459 Q96AG4
Q9HB75 Q9HC98
Q16875 Q6UWJ1
Q5T653 Q9NX58
P48594 P04899
Q86Y39 Q9H9P8
P50213 P51553
P62140 Q14839
Q15269 Q15269
Q9NQG5 O75369
Q8WVK2 Q58FF8
P24386 Q709C8
P53803 P53803
Q9Y294 Q96L91
Q15034 Q15034
O14910 Q9P1Z2
Q13825 Q13825
Q5T653 O43482
P62304 O43482
P16070 Q02750
P23193 Q9BVW5
Q66GS9 Q66GS9
Q9H0A8 O75061
Q15466 Q13105
Q9BQ39 P00492
Q9H7B4 Q9NXF8
O00220 Q9Y597
Q9HC07 Q12849
O15205 Q05823
Q16520 Q16520
P49796 O95835
Q3SYG4 P09681
Q13601 P37108
Q13029 Q9Y294
Q9NQG5 Q9P209
Q13111 Q13111
Q9UKJ3 P16885
Q5SSJ5 Q92499
Q9BQ39 Q15370
P08236 Q96BW9
P32881 P32881
Q9Y4K3 Q9Y4K3
Q9UHQ4 Q9UHQ4
Q9NX58 Q15370
Q9P2P5 P16070
Q16875 O15511
Q9BVX2 Q49AM1
Q14451 Q6UWJ1
Q9Y586 Q9UIS9
Q13029 Q15466
P62304 Q08170
P25685 P61964
O00255 Q96L91
P49773 Q13002
Q9P2F8 Q96EX2
Q9P1Z2 O95249
Q8WUY1 P04899
Q8IWV2 Q9NP98
P13497 Q9NZJ0
Q96M94 Q96DT7
O15511 Q16875
Q04760 Q04760
P08235 P08235
Q8N3C7 P58753
Q92956 Q9H7B4
Q9BVX2 Q96MT7
Q96CN9 P53803
O14773 P10412
P36873 P14921
O14773 O14773
Q9P0L0 Q14444
P60520 P60520
P0DP25 P0DP25
P51858 P46459
Q6NYC1 Q05516
P31689 P31689
P04406 P53350
Q08170 Q15050
Q92956 P78537
Q9Y597 Q9HC07
P10412 P10412
Q96K58 P54198
Q8WUI4 P04899
P37108 Q15269
Q8NBF6 Q8NBF6
Q569K4 Q569K4
P34932 P04406
Q15370 Q9BQ39
P53350 P04406
P23528 Q96P70
Q9Y294 Q9NRG4
O75069 P32942
Q63HM2 Q63HM2
O75531 O43166
P03372 P03372
Q99704 Q04695
Q9BVG8 Q9BVG8
P62837 P62837
Q9Y3A3 P01040
P98164 P98164
Q9Y2Q3 Q96RL7
Q15742 Q68D86
Q96L91 Q96L91
Q16760 O75792
Q96HE7 P20839
Q15554 Q15554
Q13105 Q6NYC1
Q96AG4 P51858
Q12929 Q9NWQ8
Q15262 Q9NWQ8
O14576 Q9NRR4
P07550 P07550
Q16543 P46459
Q96MT7 Q96MT7
O43561 Q01469
Q13105 Q05516
O95835 P78537
Q13601 Q5T653
Q8N2Z9 P78537
Q9NWQ8 Q99704
Q8WUI4 Q8WUI4
Q9Y294 Q13029
P23246 Q9UJS0
Q7KZF4 P18669
P07355 P04406
P06576 P06576
P16885 P16885
Q13601 Q15050
P12931 P12931
O43561 Q96RL7
Q12904 O43172
P07355 P34932
O95816 O95714
O95835 O95835
Q9NWQ8 Q01469
O75369 Q9NQG5
Q9Y294 Q13105
Q9UIV8 P01871
Q9UBS0 Q13111
P03886 P62910
Q13111 O15525
Q13601 P00492
Q7KZF4 Q5SSJ5
Q96RL7 Q7Z7G1
P01106 P01106
P16455 Q05516
P52333 Q9Y248
P62910 O15479
Q96BW9 O14681
Q13601 Q9NX58
Q5T653 Q5T653
O43464 O43464
O00255 Q13029
Q14151 Q9UBL6
O60260 O60260
Q9UKG1 Q9UKG1
P41219 Q13601
Q9HB75 Q8TD10
O14656 O14656
Q13105 O00255
P58753 Q9H8S9
Q13362 Q13362
P17181 P17181
Q68E01 Q68E01
P14735 O43172
P03886 O15479
O95433 P23528
P23193 P23193
Q9HC07 O60826
Q96GD4 Q96GD4
Q9Y2Q3 Q01469
Q9NRG4 Q13105
Q04206 Q04206
Q13310 Q13151
P29084 P29084
Q9UHF1 Q9UHF1
Q9NVH2 Q9NVH2
Q96MT7 Q9BVX2
P41219 P41219
Q15370 Q15370
Q07866 P56537
Q9HC98 Q8TD10
Q9Y2V2 Q96R06
P05787 Q8WUI4
Q99497 O75478
Q9Y468 P49450
Q92466 Q8N3R9
P62140 Q13151
P62304 Q15269
P25208 P25208
Q99704 Q96RL7
Q9C009 Q9C009
P60468 P60468
P41219 P37108
Q6IE81 Q70EL1
O00214 O00214
Q70CQ3 Q70CQ3
Q9BUN8 Q9BUN8
P25791 Q9NRI5
Q9HB75 Q9Y248
Q9HC07 O00220
P53350 P07355
Q9UBL6 Q8N5Z5
P10828 Q9Y294
O60826 O60826
P07910 Q14839
O75061 Q9UHF1
Q16537 Q16537
P59190 Q9BQD3
Q13636 Q14451
Q14781 Q9UMX9
Q8IWZ6 Q8IWZ6
P52849 Q96MT7
Q96CN9 Q8IWV2
Q6NYC1 Q13105
P23258 P23258
P16455 Q96L91
Q9UGJ0 Q9UGJ0
Q9UHF1 Q6XUX3
Q04695 Q9Y2Q3
Q8WUI4 P60468
O15525 Q9UBS0
Q16760 O75061
P10809 Q14498
Q70EL1 Q6IE81
P34932 P07355
Q8TBC3 Q8TBC3
P61964 P50990
P31350 P31350
Q99666 Q9NZT1
Q96SB4 Q96SB4
Q9H9P8 Q9HBM1
P62136 P62136
Q96AP7 O43166
Q96JP5 O14656
P29084 P33778
O95816 O95816
Q5T0W9 Q5T0W9
Q49AM1 P52849
Q9NX46 Q9NX46
Q13002 Q5VTB9
Q96BW9 Q9HBM1
Q99801 Q96JP5
P78537 Q92956
Q96L91 Q05516
Q8IXK2 P03951
Q9P104 Q9P104
Q9NX63 O95782
Q96CN9 Q9P270
O75531 O75531
Q9NZC7 Q9NZC7
Q12849 Q12849
Q7Z2T5 Q9P0L0
Q96R06 Q96R06
Q86Y39 O60831
Q5T7P8 Q8IWV2
P28066 P45974
P25054 P25054
O43482 P62304
Q9BQ39 P37108
Q9NWM8 Q9NWM8
Q13002 Q6IE81
P68871 P68871
Q15262 Q99704
Q3SYG4 F6WH68
Q15269 O43482
Q6P9F7 Q6P9F7
Q8WUI4 Q92569
Q9P1Z2 O14910
Q96P70 Q16543
P00492 Q15370
Q9NRG4 Q96L91
P27338 P27338
Q07820 Q9H7Z6
O75324 Q5T9C2
Q05516 O75182
O95714 O95714
Q86Y39 Q86Y39
Q8WUY1 P48594
Q9H7Z6 O75478
Q96G25 Q96G25
Q96EX2 Q6ZT12
Q9Y597 O00220
Q9H9E1 O60293
P53803 Q9P270
Q9UHJ6 Q99598
Q9Y597 Q9Y597
P10828 Q6NYC1
O60779 O60779
Q86Y39 Q9HBM1
O14681 O60831
Q9HBM1 Q9H9P8
Q7Z2T5 Q14444
Q13636 Q6UWJ1
Q9UJA2 Q15742
P62820 Q7Z4Q2
P16455 O75182
O95782 Q9NX63
Q9Y597 Q96DT7
Q9NRG4 Q05516
P04080 O43482
O95835 Q9H7B4
Q9BQD3 P59190
O75182 Q15466
Q96P70 Q7Z2T5
Q9Y597 O60826
Q9H7U1 Q8IXK2
P60033 P60033
Q96AG4 Q16543
P09681 F6WH68
Q8N766 Q8N766
O75879 Q12934
Q9Y3U8 P33778
P46781 P62851
Q99666 P25311
Q9Y248 Q8TD10
P34059 Q96MT7
Q9Y248 P52333
Q8N6T7 Q8N6T7
P34932 P53350
Q6NYC1 Q9NRG4
P17931 P17931
Q15742 Q9HAW0
Q9NRR4 O14576
O14681 Q9HBM1
Q9UIV8 P59190
Q96BW9 Q86Y39
Q6PI98 Q9HAF1
Q12929 Q12929
Q9Y294 O75182
P37108 O43482
Q13029 P10828
Q9HBM1 Q9HBM1
Q96RL7 Q9Y2Q3
Q7Z7G1 Q01469
P34059 Q9BVX2
Q12849 O43709
Q15466 Q6NYC1
O95782 P43243
Q14444 O95433
Q7Z2T5 Q96AG4
Q9HB75 Q15742
Q14151 O14576
Q15370 Q15050
Q15269 Q5T653
Q9P2F8 Q9H5V7
Q13601 P62304
Q8IWV2 P53803
Q99666 P31944
O15205 O15205
Q13418 Q13418
Q9NP50 Q99801
O60603 O60603
Q07021 Q07021
P51858 Q96AG4
Q13322 Q13322
P24386 Q6ZT12
O75182 Q13105
O00255 Q9NRG4
Q96S59 Q96S59
P07355 P35579
O75369 O15479
Q92556 Q92556
P63104 P63104
Q15050 Q15370
Q99497 Q9NZJ0
O60518 O60518
Q9Y248 Q15742
O95817 O95817
Q9UJZ1 Q9UJZ1
O43166 Q9Y2V2
Q7KZF4 Q7KZF4
Q9HC98 Q9Y248
Q9Y666 Q9Y666
P62910 Q9NQG5
Q8IUR0 P10412
O75367 Q9Y3U8
Q5QP82 Q5QP82
O75478 Q9H7Z6
Q96BW9 P08236
Q9P031 Q6IA17
Q96L91 Q13105
Q5T653 P62304
Q9NWQ8 Q04695
Q92542 Q92542
Q8N5Z5 Q14151
P01871 Q9BQD3
Q9Y2X8 Q99666
Q96P70 P51858
O75478 Q9NZJ0
P49821 P49821
O14681 O14681
O14786 O14786
Q13002 O14907
O14576 Q8N5Z5
Q9HC07 Q9HC07
Q13309 Q9NZC7
Q99704 Q99704
Q9NP98 Q9NP98
Q9Y586 Q9Y586
Q9Y5F2 Q9Y5F2
Q12849 Q9Y597
Q7Z7G1 Q9Y2Q3
Q9H7B4 Q92956
Q14258 Q14258
Q9NX58 P00492
O15111 O15111
Q15050 Q08170
Q04695 Q12929
Q15262 P17600
Q14240 Q14240
P59190 Q9Y333
Q13601 Q9BQ39
P05787 P48594
O43482 Q15370
P03886 O75369
Q96M94 O00220
Q9UMX9 Q9UMX9
Q96RL7 Q15262
P00491 Q9Y468
P98170 P98170
Q9UIS9 P23193
P10828 Q05516
Q01968 Q01968
P16455 P10828
P17600 Q9NWQ8
Q9NVH2 Q99666
Q5SSJ5 O76021
Q92610 Q92610
Q86X19 Q86X19
Q969G3 Q15269
Q13310 Q93034
Q96P70 P46459
Q96DX4 Q96DX4
Q15262 Q04695
O75891 O75891
P08069 P08069
P34059 Q12934
Q9NX58 Q13601
Q9P270 Q8IWV2
Q12929 Q9Y2Q3
O14681 Q9H9P8
Q9Y5E8 Q504Y0
Q15269 Q08170
Q8N2Z9 Q92956
Q15466 P16455
Q9Y597 Q12849
O00220 O43709
P04406 P35579
Q9BQ39 P62304
Q6NSJ2 P17482
O60831 Q96BW9
Q8IWV2 Q5T7P8
P62993 P62993
P62136 P40227
Q96RL7 Q01469
Q9P0L0 Q9P0L0
O43482 Q08170
O00220 Q96DT7
P31944 Q9NZT1
O14757 O14757
Q08211 Q9NX63
Q9BVW5 Q9Y586
Q9NXF8 P49796
P17181 Q96RK1
Q14444 Q14444
Q9Y2Z0 Q9Y2Z0
Q99704 Q15262
O43390 Q08211
O60826 Q96M94
P48594 Q92569
P23528 Q16543
Q96S59 P25685
Q13105 Q96L91
P04629 P04629
P52333 Q9HB75
P01040 O14773
P16455 Q15466
Q14444 P23528
P60468 Q92569
P07910 P62140
Q6DKI2 Q8IZQ5
Q969G3 Q15370
Q9P0L0 O95433
Q49AM1 Q96MT7
Q58FF8 Q58FF8
Q9BW61 Q9UHV9
P52849 P34059
Q99598 P17181
Q9HAW0 Q8TD10
Q9UBS0 O15525
Q9UHV9 Q9BW61
Q12772 Q12772
Q96S59 P61964
Q8WUI4 P48594
P33151 P33151
Q68E01 Q9UPQ0
P37108 Q969G3
P68871 Q9Y468
O14907 O14907
Q13151 Q14839
Q12934 Q12934
O95433 O95433
Q86X83 Q86X83
Q13485 Q13485
Q9UBS0 Q9UQ88
Q9NRG4 Q15466
P62304 Q9NX58
P33778 O75367
P25311 Q9NZT1
Q99985 Q99985
O76021 P56537
Q9H8S9 Q6IA17
Q969G3 P37108
Q99963 P56539
Q9Y248 Q68D86
Q6NYC1 Q96L91
Q7Z7G1 Q04695
P04406 P34932
Q6UWJ1 O15511
Q7Z6Z7 Q7Z6Z7
Q05516 Q9NRG4
Q92688 Q92688
Q7Z7G1 Q9NWQ8
Q04695 Q01469
Q99961 O95817
Q9UQ88 Q13469
Q9Y2X8 Q9NZT1
Q01105 Q01105
P62304 Q15050
Q9NX58 Q9BQ39
Q9BVW5 Q8WWC4
P17482 Q6NSJ2
P51858 P23528
Q9HBM1 O60831
Q92499 P56537
Q15370 P00492
Q01469 O43561
P61964 P62191
Q16543 P51858
P04080 Q15370
Q9NZT1 Q9NZT1
Q13111 Q9UBS0
Q5JY77 Q5JY77
O43504 O43504
Q14498 P10809
Q13636 Q13636
Q9Y5E8 Q6NW40
O43482 P04080
O95782 O43390
O15525 Q13111
Q9UBS0 Q9UBS0
Q99704 P17600
P16070 Q9P2P5
Q9H5V7 Q9H5V7
Q14204 Q14204
P59190 P01871
O75061 Q5QP82
Q9UJA2 Q68D86
Q9P031 Q9H8S9
Q13315 Q13315
Q9HAW0 Q9UJA2
Q8TD10 P52333
O43709 Q12849
Q96L91 Q9Y294
Q5VT25 Q5VT25
P33151 P35813
P46531 P46531
O43482 Q15269
P60709 P60709
Q8IWU2 Q8IWU2
Q14839 P07910
Q9UHV9 Q9NRW3
P51858 Q7Z2T5
Q5VTB9 Q6IE81
Q12934 Q13825
Q04695 Q7Z7G1
Q9HB75 Q9UJA2
Q15370 Q15269
Q15466 O75182
Q96JM3 Q96JM3
P04080 Q08170
Q9BUV0 Q9BUV0
Q15269 P62304
Q6P6B1 Q6P6B1
Q969G3 Q5T653
Q14204 P06576
P49407 P49407
Q08170 Q9BQ39
Q9NZJ0 P08235
P13497 P13497
Q9Y5S2 P20839
Q8WWC4 Q9BVW5
Q15050 P00492
P48594 P48594
O75182 P10828
Q5T9C2 O75324
Q15370 P04080
P25311 Q99666
P51959 P49761
Q15742 Q9HC98
O00220 Q9HC07
Q96BW9 Q96BW9
Q9H845 Q9H845
P23528 Q7Z2T5
Q05516 Q13105
O60831 O14681
P24386 Q96EX2
P62304 P37108
Q16543 Q7Z2T5
P04899 Q8WUI4
Q8N2Z9 Q9NXF8
P32942 P32942
Q9H3G5 Q9H3G5
P17181 Q99598
Q12906 Q12906
Q13029 Q13105
Q9NRR4 Q8N5Z5
O75061 Q6XUX3
Q96CW1 Q96CW1
Q9BVW5 Q9UIS9
Q6IE81 Q5VTB9
Q5VIR6 P55957
P09958 P09958
Q9NP50 Q9NP50
Q13825 P34059
Q7Z2T5 P46459
O75369 P62910
P05787 Q8WUY1
P40227 P40227
Q96M94 O43709
Q92569 Q92569
O60884 O60884
Q6XUX3 Q5QP82
Q9NZT1 P25311
Q15648 Q15648
O14907 P49773
Q9P0L0 Q96AG4
Q7Z434 P35610
O43166 O75531
P41743 P41743
P48742 P48742
O14495 O14495
Q15370 Q5T653
O95835 Q8N2Z9
Q9UKV8 P07948
Q16706 Q16706
O00567 O00567
Q8IUR0 Q8IUR0
Q5VTB9 P49773
P05787 P04899
O15511 Q13636
O60826 Q9HC07
P40227 P62136
P62304 Q13601
P43243 O43390
Q96BW9 Q9H9P8
P43115 P43115
Q2NL98 Q9H5V7
Q8TDW7 Q8TDW7
P62304 Q9BQ39
P62304 P04080
Q9NS69 Q9NS69
P41219 P00492
Q2NL98 Q6ZT12
P23528 P51858
Q08211 Q08211
P03951 Q8IXK2
Q99497 Q07820
P52849 P52849
O95782 Q08211
O14910 O14910
P58753 P58753
P06576 Q14204
Q8IWV2 Q9P270
Q68D86 Q9Y248
Q9NWQ8 Q96RL7
Q9Y2V2 Q96AP7
Q504Y0 Q9Y5E8
Q5T653 Q15269
Q6PI98 Q6PI98
Q9UKV8 O60884
P24386 P24386
Q9H0A8 Q5QP82
O75478 P13497
Q9NTU7 Q9NTU7
P31944 P31944
Q00839 Q00839
Q14444 P51858
O00303 P33992
P53350 P35579
Q5SSJ5 Q07866
O75182 Q6NYC1
Q9NZ32 Q9NZ32
P03951 P03951
Q70EL1 Q5VTB9
Q9H7Z6 Q99497
Q9P2F8 Q6ZT12
P04080 Q13601
Q5VTB9 O14907
Q13636 Q16875
Q01469 Q99704
Q96AP7 Q96AP7
Q5T5X7 Q5T5X7
Q8TCE6 Q8TCE6
P10909 P10909
Q9UBL6 O14576
P10412 P01040
Q9BVX2 P34059
Q9UHF1 Q16760
O43390 Q12906
P21796 P21796
Q9BQ39 P04080
Q9BQ39 Q9BQ39
Q96IP4 Q96IP4
P35637 P35637
A2RUC4 A2RUC4
P48594 Q8WUI4
Q7Z2T5 P23528
Q9UIU6 Q9UIU6
Q53GL0 P17677
Q9Y248 Q9HAW0
P33778 P33778
O14907 Q13002
Q12849 Q96M94
Q08170 Q5T653
P49773 Q6IE81
Q8NFR9 Q8NFR9
Q13111 Q9UQ88
O95249 O95249
Q9Y586 P23193
Q8NCG7 Q8NCG7
O43561 Q9NWQ8
P54198 Q13309
Q96M94 Q96M94
P08236 Q86Y39
Q9UJS0 P23246
Q96DT7 O00220
Q12929 Q01469
Q9NP50 O14656
Q01826 Q01826
P52333 Q9HC98
Q6P6B1 P52569
Q99961 Q99961
P04150 P04150
Q8IUR0 O14773
Q13148 Q13148
O75182 P16455
Q6IA17 Q6IA17
Q96EX2 P24386
Q9NZJ0 Q99497
O75061 O75792
Q6IQ23 Q6IQ23
Q01469 Q15262
O60826 Q96DT7
P62910 O75369
O75531 Q9Y2V2
Q92499 P18669
Q6ZVX7 Q6ZVX7
P62304 Q969G3
Q9UEU5 Q9UEU5
O14681 P08236
Q96L91 Q9NRG4
P51858 Q9P0L0
Q08170 P37108
Q8WY54 Q8WY54
Q9Y333 Q9Y333
Q14451 Q13636
Q9H444 Q9UHR4
P41219 O43482
Q96L91 O75182
P28066 P28066
Q7KZF4 O76021
Q13002 Q13002
P49796 Q9NXF8
P35610 P35610
Q12934 Q96MT7
P25685 P62191
Q15466 Q13029
O75182 Q9Y294
Q5HYI7 Q86Y39
Q96CN9 Q96CN9
P04626 P04626
P41219 Q9BQ39
Q15269 Q969G3
P52569 Q6P6B1
O75792 O75792
P46459 O95433
P00492 Q9NX58
O00220 O00220
P52333 Q8TD10
Q04695 Q9NWQ8
Q96HE7 Q9Y5S2
Q9BQ39 Q08170
Q8TD10 Q8TD10
Q8TCE6 Q86UN6
Q14498 P00519
Q8N3C7 Q6IA17
Q99497 Q99497
Q9NVR5 Q9BVG8
Q9HBM1 O14681
P52333 Q9UJA2
Q6NYC1 Q13029
Q9Y2Q3 Q9Y2Q3
Q16760 Q6XUX3
Q9NX63 O43390
O14681 Q86Y39
Q6NW40 Q6NW40
Q7Z4Q2 Q9NS69
O00220 O60826
P37108 Q15050
P35579 P04406
Q05516 Q15466
O00255 O75182
P16070 P16070
Q13501 Q13501
O15479 Q9NQG5
O75879 P34059
Q9Y2Q3 Q99704
O75369 P03886
Q9UN74 Q9UN74
Q8N983 Q8N983
P37108 P00492
Q99704 O43561
Q96DT7 Q96M94
P49773 Q70EL1
Q13547 Q13547
Q13310 P62140
Q7Z7G1 Q7Z7G1
Q8IXI1 Q8IXI1
Q01469 P17600
P37108 Q15370
Q70EL1 O14907
P35610 Q7Z434
Q9NVH2 P25311
Q08211 O95782
P63267 P63267
Q9Y3U8 Q9Y3U8
Q9Y2V2 O75531
Q49AM1 Q9BVX2
O95835 Q9NXF8
Q13469 Q13111
P17181 Q9UHJ6
Q9P270 Q96CN9
Q9UN42 Q9UN42
Q969G3 Q969G3
Q8N5Z5 Q9UBL6
Q70EL1 P49773
P04899 P05787
Q14498 Q14498
O15479 O75369
Q15050 P04080
Q6NYC1 Q6NYC1
Q6IE81 O14907
O75531 Q96AP7
P51959 P51959
P37108 Q13601
P35226 P35226
Q5T653 Q15370
Q68D86 Q8TD10
Q15050 Q13601
P00492 Q08170
Q9Y664 Q9Y664
Q6UWJ1 Q13636
O75182 Q05516
Q9UIS9 Q9Y586
Q05823 Q05823
P16455 Q9NRG4
Q16875 Q13636
O43524 O43524
P14373 P14373
Q13310 Q14839
Q8IUR0 Q9Y3A3
Q8N3R9 Q8N3R9
P50213 P50213
Q9H5V7 Q709C8
Q15370 P37108
Q5SSJ5 P56537
Q13601 Q15269
P35579 P34932
Q9UJA2 Q9HAW0
P18669 Q07866
P16885 Q9UKJ3
P08235 Q9NZJ0
Q9HAF1 Q9NWM8
P07948 P07948
Q9H9P8 Q9H9P8
Q15269 P04080
Q9Y6X2 Q6PJG2
Q96BW9 O60831
P53803 Q5T7P8
Q96P70 P23528
Q92956 Q92956
Q5VIR6 Q5VIR6
Q9H0A8 Q9UHF1
P10828 Q9NRG4
Q9UHA4 Q9UHA4
Q13526 Q13526
Q86Y39 Q5HYI7
P33778 P29084
O60884 P07948
Q9H0A8 O75792
O75208 P10721
Q5QP82 Q9UHF1
Q15466 P10828
Q15466 Q15466
Q9Y2H8 Q9Y2H8
P05787 P05787
Q86UN6 Q86UN6
Q14781 Q14781
P23246 P23246
Q01469 Q9Y2Q3
O14907 Q6IE81
P62191 Q96S59
P04080 Q5T653
Q9HB75 P52333
O14627 O14627
P24386 Q9H5V7
Q96AG4 Q9P0L0
Q9BTV5 Q9BTV5
Q96AG4 O95433
O75069 O75069
O43181 O43181
Q9UHR4 Q9UHR4
Q9P209 P62910
Q9H492 Q9H492
Q13105 P16455
P17600 Q01469
P60468 P04899
Q9UPT6 Q9UPT6
Q9HC07 Q96DT7
Q7KZF4 P56537
O43482 Q9NX58
P52333 P52333
Q9Y333 P59190
Q99704 Q7Z7G1
Q14151 Q14151
Q14451 Q16875
Q9HAW0 Q15742
Q9UMX9 Q14781
P53803 Q96CN9
O75182 O00255
Q12959 Q12959
Q9BQD3 P01871
P49761 P51959
P58753 Q6IA17
Q8TB05 Q8TB05
Q9NVH2 Q9NZT1
Q9BQE3 P20248
Q9HC07 Q9Y597
Q9H7B4 P78537
P62304 Q5T653
Q2NL98 P24386
O43709 Q9Y597
Q8N3C7 Q9P031
P00492 P04080
Q9P270 Q9NP98
P00492 Q15050
P54198 Q96K58
P08236 O14681
Q8N2Z9 O95835
Q13002 P49773
Q12906 P43243
Q6IA17 Q9H8S9
Q9UJA2 Q9HB75
P05067 P05067
Q96HE7 Q96HE7
Q9UIS9 Q8WWC4
O43561 Q12929
Q92905 Q92905
Q9Y3C0 Q9Y3C0
P23528 O95433
Q6NYC1 P10828
Q9UMX0 Q9UMX0
O00255 Q9Y294
Q8NFT8 Q96DT7
Q8IXK2 Q8IXK2
P18669 Q5SSJ5
Q9H5V7 Q6ZT12
Q5HYI7 O14681
O60884 Q9UKV8
Q9Y2Q3 P17600
P53350 P53350
Q9NZC7 P54198
O43390 P43243
O95782 Q12906
Q2NL98 Q2NL98
Q9Y333 Q9UIV8
Q15370 Q9NX58
P04899 P04899
Q9NP98 Q96CN9
Q6UWP2 Q6UWP2
Q9UHV9 Q86YQ8
Q86YQ8 Q9NRW3
O95433 Q96P70
Q8TD10 Q9Y248
P02751 P02751
Q9NP98 P53803
O15525 O15525
Q9UJS0 Q9UJS0
Q96P70 Q96P70
Q5QP82 O75061
Q9Y3A3 P10412
P46459 Q14444
Q13029 Q6NYC1
Q9NX58 Q15269
Q96M94 O60826
Q9Y294 Q9Y294
P07355 P53350
O00204 O00204
Q9NRG4 P10828
P21583 P21583
Q9HB75 Q9HB75
Q13029 P16455
O75369 O75369
P25791 P25791
O14732 Q8IWU2
Q969G3 P41219
Q92569 P05787
P13497 O75478
Q15269 P41219
P62851 P46781
Q8WUY1 Q8WUY1
Q5QP82 Q6XUX3
Q7Z2T5 Q7Z2T5
Q9NWQ8 P17600
Q9Y4X5 Q9Y4X5
Q9H7Z6 P13497
Q6IE81 Q13002
Q13029 Q96L91
P10828 O00255
P59190 Q9UIV8
Q15050 Q9NX58
Q14444 Q9P0L0
Q14781 Q99963
Q92499 O76021
Q96L91 Q15466
P13497 P08235
Q9UHF1 O75061
Q08170 Q08170
Q8IWL3 Q8IWL3
O43482 Q9BQ39
P24468 P24468
Q6ZT21 Q6ZT21
O14576 Q14151
O14656 Q9NP50
Q9UBL6 Q9UBL6
Q969G3 Q15050
Q49AM1 Q12934
Q14839 Q93034
Q9P209 P03886
P62820 P62820
Q9NRR4 Q9NRR4
Q15050 Q15050
P54289 Q8IWU2
Q08170 Q15269
P17677 Q53GL0
Q15269 Q9NX58
Q9Y6K9 Q9Y6K9
P98082 P98082
Q05516 P10828
Q9P0P8 Q9P0P8
Q5T7P8 Q96CN9
Q8ND76 Q8ND76
Q6ZT12 Q9P2F8
P00492 Q969G3
Q05823 Q9UN74
Q14151 Q9NRR4
O15479 O15479
O75879 Q9BVX2
Q6NW40 Q9Y5E8
O95433 Q14444
Q07820 P08235
Q13029 O00255
P17482 P53539
Q86YQ8 Q9BW61
Q13620 Q13620
Q16875 Q16875
P17677 P17677
P55957 P55957
Q6UWJ1 Q16875
F6WH68 F6WH68
O95782 O95782
Q7Z434 P36894
P37231 P37231
Q14444 Q7Z2T5
Q9Y2Q3 Q12929
Q15050 Q5T653
Q00987 Q00987
Q96RL7 Q12929
Q9P031 Q8N3C7
Q9Y294 Q6NYC1
Q9UBN7 Q9UBN7
Q15742 Q9HB75
P36873 P36873
Q99704 Q12929
P43243 Q12906
Q9NWQ8 Q15262
P21217 P21217
P17844 P17844
Q15269 Q15370
Q8IZQ5 Q8IZQ5
P05161 P05161
Q9HBM1 Q5HYI7
P49796 Q8N2Z9
Q8N490 Q8N490
Q9BQ39 Q9NX58
Q05516 Q05516
Q96MT7 Q12934
Q92956 O95835
O95249 O14910
Q9Y230 Q9Y230
Q70EL1 Q13002
Q8N431 Q8N431
P48594 P60468
Q96L91 Q13029
P40123 P40123
Q9UIS9 Q9UIS9
O95817 Q99961
Q13002 Q70EL1
O00255 Q6NYC1
Q15050 P37108
Q9H9E1 Q9H9E1
Q9HAW0 Q9Y248
Q92956 Q9NXF8
P16104 P16104
Q5HYI7 Q5HYI7
O43390 Q9NX63
Q9BQ39 Q5T653
Q96RL7 Q04695
P08236 Q5HYI7
P61964 P25685
Q9HC07 Q96M94
Q15466 Q9NRG4
Q5QP82 Q9H0A8
Q969G3 Q08170
Q9Y3U8 P29084
O75365 O75365
Q9H0A8 Q9H0A8
Q9UJA2 Q9HC98
Q9Y2V2 O43166
Q06609 Q14240
P07339 P07339
Q9UBE0 Q9UBE0
O43482 P00492
Q9UN74 O15205
Q6NYC1 P16455
Q5T653 Q9BQ39
Q6ZT12 Q709C8
Q9UN74 Q05823
Q05397 Q05397
P52272 P52272
Q9NU53 Q9NU53
P29320 P29320
Q14689 Q14689
Q9H5V7 Q2NL98
Q68D86 Q9HAW0
Q96L91 Q6NYC1
Q92499 Q92499
Q9Y468 P68871
P23193 Q9Y586
Q8TD10 Q15742
Q6NYC1 O75182
P08235 Q99497
Q12849 O60826
F6WH68 P09681
Q9NX95 Q9NX95
P35222 P35222
O43561 Q7Z7G1
Q9NRW3 Q9UHV9
Q13310 P07910
Q01469 Q96RL7
Q6ZVX7 Q6PJG2
Q9NZC7 Q96K58
Q12849 Q96DT7
Q9HBM1 Q86Y39
Q07001 Q07001
P00492 Q13601
Q9NWQ8 Q9NWQ8
Q9BQ39 Q15269
Q14451 Q14451
Q9Y248 Q9UJA2
Q8IXK2 Q9H7U1
Q9Y2Q3 Q7Z7G1
P05787 P60468
Q9UHF1 Q9H0A8
Q05516 Q13029
Q9Y5E8 Q9Y5E8
Q12959 P36915
O14681 Q96BW9
Q8N8L2 Q8N8L2
P00492 P41219
O00244 O00244
Q49AM1 O75879
Q9BVW5 Q9BVW5
P04080 Q15050
P16455 Q13029
P08235 O75478
Q9UKV8 Q9UKV8
Q99704 Q9Y2Q3
P10828 Q15466
Q709C8 Q2NL98
Q9NP64 Q9NP64
Q9BVW5 P23193
Q9H7B4 Q8N2Z9
P17600 Q9Y2Q3
P16455 Q13105
Q15365 Q15365
Q9UBL6 Q14151
P36915 Q12959
P07339 Q9BUN8
Q9P0L0 Q7Z2T5
Q02750 P16070
Q13601 P41219
Q15262 Q15262
Q5SSJ5 P18669
Q5T7P8 Q5T7P8
O43709 Q9HC07
P46459 Q16543
Q16763 Q16763
Q05D60 Q05D60
Q9NQC7 Q9NQC7
P35250 O00567
Q9NWM8 Q9HAF1
Q93088 Q93088
Q96RL7 P17600
P56559 P56559
P20248 Q9BQE3
Q9H5V7 P24386
P42574 P42574
O15479 Q9P209
P41219 Q15269
Q96S59 P50990
P40763 P40763
O15479 P03886
O15511 Q14451
Q969G3 P62304
P62140 P07910
O75140 O75140
P78537 P49796
P49069 P49069
P09681 P09681
Q13322 P42574
Q13151 Q13310
Q96L91 P10828
Q9Y333 P01871
P36894 Q7Z434
Q9UBU3 Q9UBU3
O60518 Q9H845
Q16666 Q16666
P45974 P28066
Q9NX58 Q969G3
Q68D86 Q9HC98
Q16543 Q16543
Q93034 Q13310
Q92569 P60468
Q9HAF1 Q9HAF1
O75792 Q16760
Q9UJA2 Q8TD10
O43561 Q9Y2Q3
Q9H9P8 Q86Y39
P04899 Q92569
Q9UBE0 Q96A35
Q9HAW0 Q9HAW0
P12830 P12830
Q8N884 Q8N884
O14656 Q99801
Q9HC98 Q9HB75
P54198 Q9NZC7
P46781 P46781
Q9UK23 Q9UK23
Q9NRG4 O75182
P23193 Q9UIS9
P61964 Q96S59
Q9Y2X8 Q9Y2X8
Q9NP98 Q8IWV2
P37108 Q5T653
P26367 P26367
P23528 Q14444
Q9NRG4 Q9NRG4
Q99704 Q9NWQ8
O60831 Q9HBM1
Q15262 Q9Y2Q3
Q15269 P00492
Q7KZF4 Q92499
Q9NWQ8 Q9Y2Q3
O14773 Q9Y3A3
P51858 O95433
Q8N6S5 Q8N6S5
O60831 Q86Y39
P00519 P10809
Q9NWQ8 O43561
Q9H7Z6 Q9NZJ0
P24941 P24941
Q08170 Q9NX58
O14495 O43464
Q9H7Z6 Q07820
O75061 O75061
Q9NQG5 P62910
Q6IA17 P58753
Q6NSJ2 P53539
Q3SYG4 Q3SYG4
Q16543 Q9P0L0
Q9H7B4 P49796
Q13029 Q13029
Q14451 O15511
Q9UQ88 Q9UBS0
Q9NVR5 Q9NVR5
Q6PJG2 Q6PJG2
P04899 P48594
Q8WUY1 P60468
P37108 P37108
O60831 O60831
Q9NZT1 P31944
Q5TB80 Q5TB80
Q9UJA2 Q9UJA2
Q6XUX3 O75792
P78537 O95835
P62191 P61964
Q9BPX6 Q9BPX6
Q9HCE1 Q9HCE1
Q9BVX2 P52849
P46108 P46108
Q9UHV9 Q9UHV9
Q08211 P43243
Q9H7U1 P03951
P04899 Q8WUY1
Q6DKI2 Q969G2
Q96IK5 Q96IK5
P29084 O75367
O75182 Q96L91
P49450 P49450
P01871 P01871
Q9BYC9 Q9BYC9
Q06609 Q9BQE3
Q15056 Q15056
Q9Y2V2 Q9Y2V2
O14576 O14576
P01040 P10412
Q504Y0 Q6NW40
Q68D86 Q68D86
Q8IWU2 O14732
O75478 Q99497
Q07820 O75478
P09238 P09238
Q96AG4 P23528
Q96RL7 Q99704
Q5SSJ5 Q7KZF4
P17600 Q99704
Q04695 Q04695
Q15466 Q96L91
O14907 Q70EL1
Q12849 Q9HC07
P49450 Q9Y468
Q15466 Q05516
O95478 O95478
P62140 Q13310
P50990 P61964
P56539 Q99963
Q7Z434 Q7Z434
Q96DA0 Q96DA0
P49821 Q8IWQ3
P62910 P62910
Q08170 P62304
Q5JRV8 Q5JRV8
Q15262 Q12929
P54198 P54198
P04637 P04637
P45974 P45974
Q06609 Q06609
Q8TD10 Q9UJA2
O15525 Q13469
P03886 P03886
P01040 Q9Y3A3
Q8N3C7 Q9H8S9
Q8WUY1 Q8WUI4
Q16543 Q96AG4
Q9P270 P53803
Q8WWC4 Q9UIS9
P18669 Q7KZF4
Q8IWV2 Q8IWV2
Q5T653 P41219
Q9UQ88 O15525
Q9HBM1 Q96BW9
Q13105 Q15466
Q9UBQ6 Q9UBQ6
O76021 Q07866
Q9NP50 Q96JP5
P56537 Q7KZF4
Q9Y294 O00255
Q6ZT12 Q6ZT12
P98173 P98173
P20839 Q96HE7
