P18124 A0A287AA59
Q13618 A0A287A2J9
Q8IXB1 A0A286ZZW3
Q96A35 A0A0R4J8D6
Q9BRJ7 A0A0R4J8D6
P49790 A0A286ZV83
P07900 F2Z558
P49790 F1SQA9
O14980 A0A287BHC9
Q9NUQ2 I3LNZ6
P34932 A0A287AA59
Q8IWL3 A0A287AIR5
Q9BRJ7 A0A287B0M0
P82979 A0A287BNM0
Q13547 A0A287BEY7
P10809 A0A287AA59
O43819 A0A287B559
Q5VT25 A0A287BM02
Q96A35 A0A287B559
P04637 Q9TUB2
P12757 A0A287B0Y3
Q13547 A0A287AZS2
Q14258 K7GR70
Q86UY8 I3LNZ6
Q5U5R9 F1SUY6
O43823 A0A286ZZW3
Q9NRK6 F1RG41
Q9NUQ2 I3L6C0
P82979 I3LVL1
O43819 A0A0R4J8D6
P05067 P79307
P12757 A0A286ZI45
P39023 A0A287AA59
P55795 A0A286ZV83
P82979 A0A287B0Y3
Q8IU85 A0A287B0M0
Q13347 F1SQA9
P61081 Q56VC3
O43526 A0A287AIX7
P0DP25 A0A286ZND1
Q13347 A0A286ZV83
P12757 I3LVL1
O43823 F1SQA9
Q5VT25 A0A287B0B0
Q8NAN2 I3L6C0
Q9H8Y8 A0A287B559
Q86UY8 I3L6C0
O75925 Q08353
Q8NAN2 I3LNZ6
P38398 A0A286ZS33
P82979 A0A286ZI45
Q14790 Q56VC3
Q9NRH1 A0A287B0M0
Q15717 D3K5N7
