F6XYB5 G1SIL1
F6UJY8 G1T0P6
F6QF43 G1SDV9
F6YZL0 G1U782
F6QD46 U3KMD1
F7CIM1 G1SPJ5
A0A1L1R2Y5 U3KMC5
F6TK05 G1SCN8
F6XFZ0 G1SJW3
F6STH6 G1T1S7
F6ZBH0 G1SH00
F7D3B4 G1SM05
F7CE06 G1TI40
F6SQS6 G1T9U5
F6VQF0 G1T607
F6RQ49 G1T617
F6UHC7 G1SZA8
F6TZX8 G1T336
F6U4D9 G1T579
F6VZT9 G1SZA8
F6VAF4 G1STG2
F6UYD5 G1TE71
F6ZBH0 G1SKZ3
F7BHX5 G1TCX1
F6PPE5 G1TTN9
F7E0S8 G1TZM2
F7BG55 G1TCL2
F6TE92 G1T634
F6RXV0 G1T764
F6TZ87 G1T1Q2
F7AYN8 G1SK88
F6YYN8 B7NZD2
Q2V905 G1SKW5
F6SL61 G1T1L1
F6WL41 G1TW37
F6YQU0 G1SPJ5
F6SX98 G1T082
F7AES8 U3KP46
F6V984 G1TB13
F7BD89 G1SE21
F6YXG2 G1SZI3
F7AUF5 G1SL48
F6XIL8 G1U2E5
F6YZX2 G1TN62
F6Z6Y4 G1T0H3
F6TJZ6 G1SRY1
F6UMS3 G1T925
F7C9Y5 G1T5M0
F7CBI3 G1TLN0
F6WF09 G1T7Y1
F6S3X5 G1T6U3
F6S2X2 G1T421
F7AS83 G1SQG5
F6RRI6 G1SV90
F6PTV7 G1SDW8
F7B6J9 G1T440
F6XIL8 G1SK32
F6ZI51 G1SL62
F6XL78 G1SZM2
F7B6J9 G1U3B9
F6SA77 G1U7F5
F6UJY8 G1TQT7
F6QHL9 G1SZA8
F7CPL3 G1SVI7
F6ZLD4 G1T589
F6XW83 G1T0P5
F7D4M5 G1TC95
F6QNC5 G1T937
F6XIL8 G1U194
F6VD51 G1STI3
F6YYN8 G1SKW5
F6ZLQ3 G1SKW5
F6Z6J3 G1U469
F7BUX8 G1TDN3
F6X3S7 G1SCY4
F6YW73 G1TIW9
F6XF13 G1SVG4
F6TR20 G1T7C0
F6YJT5 G1SZU7
F7C446 G1U110
F6XY88 G1SV99
H9GZW5 G1T3J4
F7CL86 G1SFY5
F6V704 G1T2I0
F6WXA6 G1TD98
F6TTJ8 G1SV33
F6U2A1 G1STG2
F6YRA8 G1SQV4
F7A3F7 G1T4A5
F7ACV1 G1SXS3
F6ZPE1 G1TFL8
F6UXD9 G1TEY7
F6ZDZ9 G1TA41
F6YEM4 G1U101
F7DF72 G1SWN6
F7D2X9 G1SUG3
F6R0E4 G1SZA8
F6S535 G1T7Y1
F6X3S7 G1SWA1
F6VAI2 G1SE74
F6QY78 G1SW61
F7E3B2 G1U8J3
F7BQ20 G1TPN2
H9GZM9 G1U2E5
F7A7G2 G1T607
F6REN5 G1SE26
F6XAE8 G1T895
F7E4G6 G1T7H0
F6ZZ24 G1SI67
F6SC92 G1SK30
F7AGK2 G1TCA0
F6TQ92 G1SLM0
F7DBN1 G1TET8
F6UYJ8 G1SE56
F7AQ43 G1SEF9
F6VU34 A0A0A0MQQ6
F7BFW6 G1TRI5
F7CJF1 G1T0W1
F7BWC3 G1U6D8
F6SX98 G1SN87
F7D4M5 G1TZJ6
F6V3K2 G1SMK8
F6YQU0 G1SL62
F7D3B4 G1SE21
F6YUX4 G1T7C0
F7DFR6 G1SZE4
F6YZZ3 G1TT75
F6YZI7 G1TEP5
H9GZM8 G1SSZ7
F6RMW1 G1TAA5
F7AEV0 G1TZB9
F6WD43 G1T7C0
F6TE92 G1SG44
F7CUY6 G1SL09
F6XEB4 G1SDY5
F6Y0C1 G1T925
F6T7P5 G1SRA5
F7BLU1 G1TR82
F7BD82 G1T1B1
F6UHR5 G1T5Y0
F7BQ20 U3KN03
F6YM88 G1SSF7
F6RXS0 G1TDH0
F6ZSV4 G1TQD3
F6Q6U0 G1SEV3
F7DKR3 G1TT06
F6ZI51 G1SPJ5
F6QG75 G1SH29
F6SJM8 G1SMK8
F6V984 G1SZ41
F6S891 G1T490
F7D6A5 G1U391
F7B297 G1SZ83
F6Z3I2 G1TN55
F6WA57 G1U469
F6VPT2 G1U8J6
F6XV77 G1T6F4
F6VSC4 G1SEF9
F6VAI2 G1SDG8
F7DPQ7 G1TCH3
F6TYM3 G1TXN2
F6Z1I4 G1SZT9
F6XYX6 G1SM49
F6S5X4 A0A0A0MQP7
F6R2I7 G1SPJ5
F7AXK9 G1T7L2
F7BXZ1 G1U419
F7D8U2 G1SDP7
F7CYY7 G1T6W0
F6RPR5 G1TTB8
F7AQ43 G1U469
F6XIL8 G1TU12
F7DPU4 G1SCE8
F6VHP0 G1U020
F6R950 G1SKZ3
F6T1Z3 G1T6B3
F6XVV6 G1SM05
F7BQH8 G1SY00
F6RN24 G1SMJ8
F6XKN4 G1SUN2
F6SIH2 G1SDG8
F7BCF7 G1SZD6
F6TBX0 G1T130
F7DVA2 G1SWU8
F7C0E6 G1TC95
F6R5G1 G1TTV8
F6RWQ1 G1SHN4
F7C695 G1SE26
F6PP86 U3KN52
F6ZBW3 G1STX3
F6VAF4 G1SSL4
F7CW82 G1TRI5
F6XJE0 G1TE71
F6TJZ6 G1SMA7
F7CPL3 U3KNV0
A0A0B4J1C4 G1U1S7
F6XIL8 G1SCZ4
F6YYG4 G1TVU3
F6YDA3 G1TEN7
F6RJN1 G1TP83
F6R166 G1TZJ5
F7DK60 G1T6D1
F7C586 G1SYZ6
F7ACY5 G1TPA9
F6Z5G2 G1SMA7
F6TMB5 G1SSU8
F6VNY4 G1SZL0
F6YLA3 G1TD98
F7D7T6 G1TRI5
F7BME5 G1SSF7
F6ZAV3 G1TQT7
F6RNG4 G1TQI7
F6XN76 G1T9A1
F6UJY8 G1T1X7
F7A5X7 G1TX63
F6VIJ3 G1SI03
F7CCM9 G1U290
F6UNM1 G1TCC3
F7B439 G1T8N6
F6YW45 G1U652
F6QSA6 G1TZJ5
F6XA04 G1TF91
F6XVV6 G1SE21
F7CPL3 G1TBJ3
F6WNZ3 G1U6X6
F6RNG4 U3KNV0
F6ZWY6 G1T866
P29553 P04924
F7AS83 G1T6B3
F6PIA4 G1SYT2
F6Z6J3 G1SEF9
F6PJ06 G1SWX5
F7DAQ8 G1SHL4
F6WT83 G1SSU8
F6UJY8 G1T9C2
F6S7D4 G1SXC8
F6W8C3 G1SSY8
F6Z904 G1T2T9
F6UAN2 G1U6X6
F7CW82 A0A0A0MQP7
F6UBL0 G1SDG8
F6QPV3 G1SUS6
F6ZAV3 G1T1X7
F6ZXA2 G1TT75
F6X3K0 G1TVT0
F6RHL6 G1SV63
F7AS83 G1T9H0
F6V852 G1T221
F6WPB4 G1SL10
F7DF40 G1SVM5
F6TRX8 G1TQM2
F7BFW6 G1T082
F7C1M0 G1T250
F6R810 G1U031
F7AV69 G1T1V0
F7A883 G1SZD8
F6XI59 G1T9U5
F7BLW8 G1SSZ6
F7A5X7 G1T0X9
F6R0Z7 G1T4H5
F6VYL8 G1SMM6
F6Q4I9 G1TVY8
F6ZE24 G1U7F5
F6ZAV3 G1STC9
F7BVQ8 G1T421
F6UQ47 G1SML6
F6Z6J3 G1T2J6
F6RXV0 G1SFS5
F6TE92 G1TS42
F6ZBW3 G1SF00
F6R0E4 G1STG2
F6TE92 G1U0I7
F7DBN1 G1T250
F6QR51 G1THZ1
F6UFR0 G1TNF4
F6SKB7 G1SI38
F7D0Q4 G1SU08
F6WGC9 G1T3B9
F6UKX5 G1T7X7
F6WPB4 G1T9T5
F7AS83 G1SKW5
F6Z5Q1 G1SIY1
F7E3Z1 G1SIJ3
F6Z5G2 G1U8J6
F6ZQX6 G1SMK8
F6VR43 G1SSU8
F7CY85 G1T4J4
F7CYJ4 G1TBZ1
F7CNX6 G1T9E5
F6ZSB4 G1U466
F6QSA6 G1SJB6
F6ULH7 G1T1X4
F7DE63 G1T186
F6SN62 G1T336
F7A2V7 G1TEW4
F6VVQ5 G1SP35
F6QXT2 G1SVI9
F6TZX8 G1SUQ9
F7DQE7 G1SFX5
F6ZMH3 G1SEU9
F6PJ06 G1SQT6
F6XFN5 G1SCY4
F6PIK9 G1SXF3
F6VC20 G1TXQ9
F6Q666 U3KP46
F7AQZ6 G1SE50
F6WXA6 G1STC9
F6Z4E8 G1TT75
F6RQM5 G1TBM7
F6VSC4 G1U469
F6YQU0 G1TCW1
F6PNM7 G1SS22
F6SLQ7 G1TRI5
F7CAI5 G1TJI4
F6ZBH0 G1TPN2
F7BYR2 G1STB0
F6Y603 G1U290
F7CW82 G1T082
F6WPN5 G1T1R4
F7CQ26 G1TZC7
F7A6R9 G1T8Y4
F7DC48 G1SZY2
F6U2A1 G1SZA8
F6XKY6 G1TMZ9
F6XFN5 G1SWA1
F6RNG4 G1TBJ3
F7AKD0 G1U5C1
F6ZBH0 U3KN03
F6VSC4 G1T2J6
F6VB17 G1TQ35
F6Z6J3 G1TET2
F6VF95 G1TDK5
F6ZAV3 G1TD98
F6ZSN8 G1SDL0
F6VUR4 G1SCT0
F6YG22 G1T440
F7BCR2 G1TUL9
F6X1N1 G1TTM4
F6UFM6 G1TQ35
F6R4M8 G1SSU8
F6UJY8 G1STC9
F7BQ20 G1SKZ3
F7CEQ6 G1SN87
F6PVB5 G1SMS1
F7C0M6 G1T5Z7
F6VSB5 G1U300
F7CIM1 G1SSF7
F6ZAT6 G1TMZ6
F6QW91 G1U0E9
F6QPD5 G1TRZ8
F6WPK8 G1SFS5
F6WFB5 G1STM8
F6X4N6 G1TEE8
F7BFW6 A0A0A0MQP7
F6PZX1 G1SK22
F6XIW6 G1SWU8
F7CZ92 G1SL62
F6S8L9 G1SMY6
F6WHV9 G1T852
F7CCM9 G1SCL1
F6SH38 G1TRZ2
Q2V905 G1TCW1
F6UM11 G1U290
F6TPH9 G1TAE4
F6Z3T6 G1T4N5
H9GZN5 G1SY16
F6UYJ8 G1U0I7
F6UDA8 G1SK15
F6V881 G1U415
F6PWE9 G1TXI4
H9GZM9 G1TU12
F7D9K7 G1SZ81
F6RGR8 G1TVT0
F6SRY0 G1TAB1
F7CNE1 G1TRL8
F6YLA3 G1TQT7
F6SYG5 G1TLU5
F6STN9 G1SL10
F7B4P7 G1U7F5
F7B297 G1T579
F6XEP5 G1SW57
F6V1T9 G1T6B3
F7C0S3 G1T607
F6VTM5 G1SG16
F6YLA3 G1T1X7
F6U210 G1T5Z7
F7DK60 G1TI40
F6ZLQ3 B7NZD2
F7A7E6 G1SSG2
F6XIW6 G1T6M9
F6ULH7 G1SLM0
F6Y5X4 G1TT75
F6UJY8 G1TD98
F6TE92 G1TEZ1
F6R0E4 G1SSL4
F7DGS2 G1TBY0
F6ZK80 G1SV33
F6U9I3 G1SE50
F6PUK4 G1TAA3
F7DTE9 G1THW9
F7CZ92 G1SPJ5
F7A5L6 G1TRT3
F6ZQQ4 G1T6Q2
F6S535 G1U469
F6Y603 G1SCL1
F7AJ44 G1TWI8
F7BUA5 G1SL61
F6YZH1 G1SFK3
F6YZR5 G1SIJ3
F7DLU0 G1SD44
F6RGR8 G1SFY9
F6WA57 G1T2J6
F6RH07 G1TAH3
F6U301 G1TR97
F6WHD4 G1TCP9
F6WUM6 G1SZ83
F6RKM7 G1TR82
F6WUM6 G1T579
F6VG02 G1SN87
F7CUH0 G1TMW5
F6YXG2 G1TEE8
F6V1T9 B7NZD2
F6VUA4 G1T421
F6V1T9 G1SKW5
F6QCI6 G1TUM1
F6R2I7 G1SSF7
F6YLA3 G1STC9
F7C510 G1SX39
F7BUX8 G1TI40
F6U6I2 G1TWI8
F7CV51 G1U2U5
F6SX98 G1TRI5
F7DUN1 G1SK67
F7BTP9 G1SYX4
F6R5B2 G1T617
F6WSH0 G1SFW6
F6UHS4 G1T602
F7D7T6 A0A0A0MQP7
F6S5X4 G1TRI5
F6UFG2 G1SZB4
F6UM11 G1SCL1
F6Z0A9 G1SY93
F6VTW3 G1TAE2
F7A7G2 G1SE21
F6Q6U0 U3KM50
F6VPT2 G1SRY1
F6RNG4 G1SVI7
F6VK74 G1SMK8
F7AX54 G1T7Y1
F6XIW6 G1T9U5
F7DG69 G1SWC1
F6SCX8 G1T3U3
F6XIY9 G1T9D9
F6RE78 U3KP67
F7CDD7 G1SYX2
F6XLU6 G1TMQ4
F6Y9U1 G1SVS6
F7CZ92 G1SSF7
F6YUM4 G1SYG0
F7A2J7 G1SIC9
F6RIW1 G1SKW5
F6WA57 G1TET2
F7CCD3 G1SDH7
F7AHJ1 G1T9Z2
F6YYN8 G1T6B3
F7BAQ3 U3KN52
F7DK60 G1TDN3
F7DNE5 G1T850
F6PPE5 G1TH06
F6YW90 G1TNG2
F6PVE6 G1TCI3
F7B8E7 G1U634
F6ZQ40 G1TFX1
F7AEV0 G1U391
H9GZM9 G1SK32
F6PZC1 G1SLV2
F7D8X8 G1U391
F6ZPA5 G1SLQ0
F6T1Z3 G1SKW5
F6TME6 G1U2Y0
F7A860 P47845
F6UYJ8 G1T9K9
F6TE92 G1SRP7
F6ZBW3 G1T2F2
F7BUD9 G1SN87
F7AM44 G1SRN9
F7AK88 G1SF70
F7E2V0 G1SUW9
F6USJ9 G1SK64
F6S5X4 G1T082
F6QIR9 G1TU73
F6PUM0 G1SMQ5
F6UYJ8 G1TEZ1
F6YSI5 G1SH41
F6TQ92 G1SQK0
F7DBY8 G1SDC7
F6PNX0 G1TE71
F6U5M0 G1SI13
F7CMD3 G1SSV3
F6SQE6 U3KM50
F6T8H1 G1U198
F6XK12 G1TRW0
F7ANU2 G1TZB9
F7C432 B7NZD2
F6WTM6 P13943
F7BG35 G1U0D5
F6TS03 G1T7G3
F6R8M7 G1TU94
F6V9L3 G1TEF4
F6ZI51 G1SSF7
F7B6P6 G1T7Z6
F7C1P1 G1T2L6
F6XMK4 G1TAU7
F7BD89 G1SM05
F6S535 G1SEF9
F6WUE0 G1T1S9
F7B8B3 G1SE74
F6U6K1 G1T361
F6RIW1 G1T6B3
F6QP87 G1SJL2
F7DNV3 G1SIJ3
F7B0R5 G1T2Q4
F7BUX8 G1T6D1
F6Z5G2 G1SRY1
F7C446 G1TWE3
F6TC63 G1T3U3
F6Y9U1 G1SVH8
F7CPL3 G1TQI7
F6QMT3 G1U391
F7CS30 G1TJ26
F7DE63 G1T742
F6XCC6 G1SZA8
F6U4D9 G1SZ83
F6Q9W9 G1SDE9
F7CJF1 G1SRL3
F6VZT9 G1STG2
F6UYD5 G1TIZ7
H9GZZ3 G1TUA3
F6VDT3 G1TJQ3
F7E4A3 G1SL10
F6XMB2 P13943
F6V9A2 G1T5I9
F7AK40 G1SZR6
Q95LJ1 G1TXP6
F7ABS8 G1TAA5
F6X4N6 G1SZI3
F7DLU0 G1SFY5
Q2V905 G1U6X2
F6XXS9 G1SDJ7
F7C2V0 G1TEU8
F6VPT2 G1SMA7
F6XXS9 G1T4N4
F7CE06 G1TDN3
F6ZQV4 G1U7F5
F7BL31 G1SVM7
F6V5R0 G1SWF7
F7D7T6 G1T082
Q2V905 G1T6B3
F6QJC7 B7NZD2
F6SP74 G1U9S1
F7CNQ9 G1TYZ3
F6SQ43 G1SKM1
F6T1Z3 B7NZD2
F6R2I7 G1SL62
F6SP02 G1SZD6
F6TE92 G1SNZ2
F6QWU1 G1SF87
F6WRZ8 G1T6W8
F7B944 G1SG22
F7BQ20 G1SH00
F7DR40 G1SSF7
Q9BDF6 B7NZM9
F6XR42 G1TIX5
F7DMZ7 G1SY15
F6PR27 G1SJA5
F7E1X2 G1TAF8
F6ZZA7 G1TJ26
F6SX98 A0A0A0MQP7
F7AK88 G1SP27
