Q8K249 E9PU35
Q8C253 P08699
Q91UZ1 F1LNK2
Q8K352 B5DFK2
Q8K4K4 G3V6J8
Q8BWG9 F1LNX2
Q7TQK4 D3ZT51
Q9WUP0 Q9JHJ1
D3Z5N8 G3V9A0
E9PYR6 Q9ERC5
Q99MV1 D4A3N0
Q62440 D3ZCM7
Q3TQ39 F1LS98
P10300 G3V6V7
A2AQ52 Q5PQV1
Q8BZ89 D3ZJ04
O08788 D4A8U7
A2APM2 O70509
G3X9H5 G3V9P7
P56479 Q62805
Q9Z1K6 D3ZJB8
P49769 P97887
Q8R1F9 Q5BK64
P97473 Q3SWU0
E9Q774 D3ZS99
Q8BFW9 D3ZNG4
P63168 P63170
Q9ERE9 G3V9M2
P19091 A0A0G2JSI8
A2AH22 F1LNQ2
Q8JZS7 D4A5C3
Q6Y4S4 Q7TSB7
D3YXF5 A0A0G2K7X7
A2AWP8 M0RBM9
Q9D3R3 D3ZVQ1
Q8BHA9 Q66H78
Q9R1W5 Q63118
Q91WI7 A0A0G2JZW3
Q6PAL1 D3ZDG4
Q8BJU0 O70593
O88947 A0A0H2UHR6
Q3UIL6 A0A0G2K6Z8
P18762 Q8VBU7
P60766 Q8CFN2
Q3UHG7 Q0PGW2
Q9D1M4 B2RYN3
Q8BP92 Q62703
P35419 F1LN48
Q91W63 Q6AY91
P39429 B5DFH7
E9PUB7 D3ZMW3
Q8K1S3 F1LNE2
P20263 Q6MG27
Q148W0 D4AA47
P01101 P12841
E9Q1H7 D4A0Q3
Q3UKC1 Q66HA4
Q64343 G3V642
E9Q3H6 D3ZX74
Q810A1 Q642B9
Q60520 A0A0G2K3H5
A2A5R2 Q7TSU1
P97813 F1LPQ4
P63085 P63086
Q9D0A3 D4A1B2
Q8R373 Q8K1G0
Q3U487 F1LVZ9
Q3UV71 D4A2M3
Q3U3I9 F1LMF4
F7C846 A0A0G2JU49
Q6P5B5 B1H2A6
Q3UN58 D4AAA5
Q9QZS8 M0R887
Q3U309 A0A0G2JXZ4
A0A0B4J1E2 D4A8G7
Q61526 G3V6N1
Q9JLI7 F1LXV9
P43407 Q6IRK3
P97477 Q3MHU2
Q9CPV2 D3ZDN9
Q9D842 F6Q5G6
Q9JHG1 B2GUT8
Q9CYX7 Q5M947
Q61502 F1LRB5
Q8CB76 M0R5T3
O08992 Q9JI92
P51675 Q9JLY8
Q9ES03 A0A0G2KAH3
Q9JMI7 G3V8N9
Q64010 Q63768
A2ATK9 D4A7Y4
Q7TMB8 D4A8H8
Q8CJ70 D4A2T8
Q80WM7 D4AB49
Q9D0F1 F7F189
Q9WU62 A0A0G2K0Q6
Q6NS82 Q5RJQ7
Q3TMU8 F1LNT0
A0A0R4J1S3 G3V9A0
Q8BKJ9 B2RZ55
P97766 D3ZGN3
E9QJU7 F1LS93
Q8VEE4 Q7TP21
Q3TD49 Q5PQL3
Q9D2V5 B1WC03
A2A259 D3ZDT6
Q9CZN7 Q5U3Z7
Q80TG9 G3V7J3
H3BJD7 G3V877
S4R1V8 A0A0G2JSI4
P28481 F1LRM7
P05480 Q9WUD9
O35226 O88321
Q9QYK5 D4A6E6
Q9CR39 Q2MCP5
P39688 Q62844
Q58Y75 D3Z8X5
Q68FH0 O35274
Q793I8 Q5XIB9
P86045 M0R975
Q3UJV1 A0JPP8
Q8BHT6 A0A0G2JUT7
A2ARI4 Q9Z2H4
D3YYZ1 D4A460
Q562E2 F1LYX1
P59240 G3V9Y6
Q7TSN6 Q62805
Q9QZW9 M0R6D8
O35343 Q56R17
Q9JHQ5 Q562C6
Q80V62 A0A0G2K5U0
P50228 Q10746
Q6NVF0 D3ZGS3
E9PZ54 Q5EB94
O54864 G3V6S6
P32443 G3V6T9
Q3TRM8 A0A0G2JST6
Q8C708 Q5BK39
A2A891 Q3KQW8
Q8BW56 Q53E76
Q78IQ7 A0A0H2UHY4
P70377 Q9ERW3
Q91Z22 A0A0G2K349
Q80YE4 Q9ERC5
Q8VDQ8 Q5RJQ4
E9QAF4 A0A0G2KB72
Q9JM05 P04692
Q9R229 A0A0H2UHH4
A0A1L1SVA9 A0A0G2JWR1
Q3TZ65 D3ZJC1
Q9CRA0 F1MA10
Q9CWQ8 Q5BJZ0
P08113 A0A0G2K099
P42227 P52631
Q3UU96 G3V6C9
Q8CI61 F1M3K6
Q91VR7 Q6XVN8
Q3TIX9 B2GV41
Q8JZM6 Q5BK67
E9Q9A6 B8K1X9
P29121 D3ZKU8
Q03526 D4A7W7
Q8CHY3 D3ZP27
Q14DH7 A0A0G2K047
Q71KT5 Q5BK21
Q6PAC3 F1M7P1
P62259 P62260
D3Z230 D3ZBL5
Q8R326 Q4KLH4
Q8R5A3 D3ZDZ1
Q8BWS5 D3ZF21
B2RRL2 M0R5M5
Q8BX70 D4A4K4
Q8BTZ4 A0A0H2UH97
P41183 B2GUV8
Q3UNH6 A0A0G2K331
P22518 D4ADG3
Q8CGN4 D4A2J9
D3YXK6 D3ZJW0
Q810D6 A0A140TAH3
Q9EQW6 G3V612
Q62388 D4ACL8
P62340 D4A898
O35284 D4A7E1
Q925H1 D3Z9R9
O88992 D3ZEN8
Q9CPU9 D4AAE7
Q9DBP0 A0A0H2UHZ0
Q80TN5 E9PTT0
O70435 P18422
A0A0R4IZW5 Q9R0T4
Q9QYI3 A0A0G2K435
Q60631 P62994
Q8BIV3 D4A634
G5E8C4 F1MAS4
Q9DBF7 G3V6I3
Q8BMJ8 D3ZQL2
B2RQE8 F1M2Q1
P42866 P33535
O35160 P81062
P28700 Q0VJ96
A0A0B4J1F1 D4A7E9
Q9CVI2 Q505I5
O35593 Q4V8E2
Q8BWG8 P29066
Q8BH70 B1WBR8
Q9QZ09 F1M8G0
Q3U1D0 D3ZVQ9
A0A1L1SSF2 G3V784
A2AQ92 F1M6V7
G3X932 F1LR18
Q8R0L1 A0A0G2JYH7
Q07832 A0A140TAD2
Q69ZZ6 D3ZH14
Q9CRA9 Q6TA25
Q9CZ69 Q7TNZ9
Q9WU20 D4A7E8
O35864 F7EUU4
Q4VA93 F1LS98
Q99LL5 D4A1H8
D3YXQ7 A0A0G2K9Y9
O89013 Q9JLS8
Q6P5F9 Q80U96
Q99J78 Q4V8I4
Q5SVQ0 A0A0G2K9F0
Q99M07 D3ZB55
Q9ERL7 F1M8F4
Q3UHD6 M0RBS9
P35235 P41499
P61982 P61983
Q8R5L1 O35796
P53566 A0A0H2UI22
Q61510 D4A9N5
P26369 F2Z3T9
P47873 G3V890
Q9EQH4 D3ZY89
Q9CQQ0 G3V8Z7
P70160 P01257
Q3UTJ7 Q6AZ60
Q8BQM8 F1LSA8
A0A0R4J0I7 G3V877
D6RH62 Q3ZAU5
Q8R1Y2 Q5FVJ5
Q76MZ3 Q5XI34
O55237 M0R613
Q9DBL2 Q66H63
P56942 G3V6L0
O55222 Q99J82
A0A286YDD7 D3ZKR9
P63277 P63278
A2AKB9 D4A8G6
Q6DID7 Q6P689
Q8BJA2 D3ZM22
D3Z656 Q62910
P50228 G3V6C8
Q3TQQ9 Q5XI94
Q9JKQ4 A0A0G2K2M1
Q8VHP6 Q91XU7
Q80U70 A0A0G2K2I0
P63087 P63088
Q99M51 G3V7X3
D3Z5T8 F1LZD2
O08804 F7F6T5
Q68FH0 F1M2K6
Q923E4 A0A182DWI7
A0A0R4J187 Q6AZ64
O09118 F1LPC8
P59941 Q4FZY2
Q80UW5 D3Z837
Q9JIY0 A0A0G2KBB3
Q5SUQ9 D4A261
Q8VE19 D3Z9C0
Q61062 D4ADV8
P98200 D4A3X6
P43135 O09018
Q9DCX8 Q5BK17
F8VPK8 F1LS01
D3Z3A3 Q6IE50
Q9R059 D3ZPF0
Q5SSH7 D3ZG78
M0QW46 D3ZS54
E9QK16 M0R740
Q9DC29 O70595
Q80T69 D4A1U7
P52955 Q1XID0
Q99K46 Q5D006
Q9WV55 Q9Z270
E9Q4P1 A0A0G2K3L8
Q5F289 D3ZZ79
P51908 P38483
Q9CUN6 A0A0G2K612
Q3U436 B2RYC7
Q8K1A0 B0BNB3
Q3ULW6 Q5XIR4
Q8CHK4 A0A0G2KA75
Q8BHD7 Q9Z118
P60670 F1LQX9
A2RTU1 D3Z9R9
Q3ULF4 Q7TT47
E9PYV1 P62986
P39428 M0R5V5
Q60841 F1LZI7
P63056 P63057
Q8VIG1 D4A7T2
Q6IFX3 Q6IFW2
P59267 Q9JKR5
Q920Q6 Q5U367
O35459 Q62651
Q8BHG3 D3Z9E9
Q3UJV1 D4AE81
Q8R1N0 Q3MHS2
Q9R0N0 Q5RKH2
D3Z1Q2 D4AE95
D3YX87 D3ZMW3
Q5SRY7 D3ZXC6
Q62108 P31016
Q6ZPL9 D3ZX56
Q9QZS8 A0A0G2JYH7
Q8BUN5 P84025
Q60954 B1WC31
G3X8R0 B2RZ37
Q61069 O35410
F6UC55 F1M6X3
F8VPX2 F1MAM1
P20722 Q04906
P35456 M0R3P2
Q03265 F1M953
Q9DCN7 D3ZG84
P20181 P18280
Q62312 P38438
E9QLC0 P35563
Q8CI75 D3ZIL9
O09051 P70668
A2TJV2 D4A1J3
Q8VHQ3 D4AA72
O88554 G3V749
P97766 F1LV65
Q05BA5 F1M8E5
Q68FL6 D3Z941
Q76LW6 D3ZGN3
Q0VFX2 Q4V7B0
Q6EBV9 D4ABD5
Q91ZD1 Q6AY34
Q8C0D4 A0A0G2K1Z2
Q7TNS2 B2RYW8
P70343 E9PSM0
Q99JX7 F1MA52
Q3UQ84 Q68FW7
Q8BIJ7 F1LR42
Q8C708 Q6IRH4
P97929 Q66MH4
O35544 F1LR26
Q9JJV5 Q8VHX0
A0A1B0GR74 M0R8G5
Q5M9N4 B2GUT8
Q8K450 A0A0G2K9K6
Q76LW6 F1LV65
Q00560 F1LPK1
P05627 P17325
B9EKE5 A0A0H2UI37
Q99JB6 D4Q8I2
Q9CR60 B0BNB0
Q3U741 A0A096MIX2
Q8K249 D0V9T4
Q62313 P19814
Q8C460 M0R8C5
Q8R0J7 D3ZU64
Q91YK8 O55162
E9Q156 D4A0Q3
P13412 P27768
P15920 Q3B7D3
F8VPR5 F1M9G7
Q8VEK3 Q6IMY8
Q8VCR3 D4A7K0
Q7TMD7 Q6W3B0
Q3TPJ7 D4AE48
P97318 Q8CJH2
E9Q4M7 Q6AZ60
Q8BMU0 F1LNL6
P60824 P60825
Q8VIG3 A0A0G2K8M2
Q64131 A0A0G2K9V0
Q6P5B0 M0R3M8
Q8BG99 A0A096MJK1
O35310 G3V7E2
Q91UZ1 D4A8C5
Q61321 D3ZAJ7
P54751 E9PSJ1
E9Q289 Q6DGF9
O35903 Q32PX4
Q91WU5 G3V8P2
Q60838 D3ZB71
Q64387 Q62923
Q5U4C1 M0R9R0
Q8BJ51 D3ZEI8
D6RJM5 B2RYC7
Q8K2L8 D3ZE49
O08686 D4A7E7
Q5S003 D3ZXP4
Q9JLV1 Q5U2U8
Q9R0S2 A0A0G2KA10
Q9ERG0 F1LR10
O08586 O54857
Q3UZZ4 D3ZMI6
Q3UQ17 Q5S3S9
P62137 P62138
Q9QZ26 A5HKJ1
Q9EQX0 Q9QYH7
Q6P8G8 A0A0H2UHQ7
A2AQ99 G3V8A3
P55086 Q63645
Q09200 Q10468
Q9EQT3 A0A0G2JW83
P35375 P70597
P14142 P19357
Q62447 G3V738
Q8BSM7 F7FL53
P25118 A0A0G2JSU9
O55226 A0A0H2UHB8
Q9WTM5 G3V8T5
Q8CHD8 Q66H66
Q9Z315 Q5XIW8
Q8VCH6 Q5BQE6
Q9DAY6 D4AEK7
Q6W5C0 G3V6C8
O08674 D4AEG0
P28352 Q6AXS5
Q9EQ14 Q91Z84
Q8CAB8 G3V665
P61080 D3ZDK2
P97470 G3V8M5
D3Z2Z3 F1MAS4
O35679 E9PU35
P13634 B0BNN3
A2AQ07 M0R8B6
P09535 P01346
Q61488 G3V7Y0
Q9CQ39 D4AA11
Q9CQG3 Q7TSV3
E9Q5D9 F1M9B2
Q9DBQ9 D3ZHR0
G3X9X7 A0A0G2JYY3
Q9CPW4 Q4KLF8
Q9DD03 P35286
P35377 P35370
P16254 B2RYW7
Q9ES74 D3ZBE5
P60521 P60522
P07724 A0A0G2JSH5
Q6ZQ88 F1MA31
Q80WJ1 Q66HC8
Q06186 Q06175
Q9R078 P80386
F6R4N2 D3ZBL5
Q5SV80 D3Z8I9
Q3TYX8 A0A0G2JUI2
Q8R464 F1M7V6
Q60754 M0R9F7
P26450 F1LNG5
P19785 A0A0G2K0D4
O89090 Q01714
Q8K4F6 G3V660
Q3U3I9 M0R740
Q9WUC3 F1LNW6
P47212 P10683
Q8BJD1 M0RAR2
Q9D8T0 B5DFJ2
Q9WUV0 A0A0G2K6D6
P17553 D3ZCR1
P58465 M0R4W4
Q61826 O70540
Q8R2G4 Q6AYJ9
Q58Y75 D4A7M3
Q9D1C3 Q5U1Z8
Q9JKV9 D4A2T8
Q9ER75 D4A7R4
P97428 Q4L0E9
Q9WTV7 B2RZD1
P41593 P25961
A2BGN7 Q5BJY8
Q9JKV9 D3ZFI7
Q69ZS0 A0A0G2K4K7
Q6PDS3 O88763
Q3UZB0 D4A548
Q3TDN2 Q5BK32
Q3UHI4 M0RAT6
Q3U3M5 A1L1L5
Q9DB43 M0RCA3
Q9JMB7 A0A140TA97
F8WIJ5 Q3ZAU5
Q5RJI4 F1LMM4
E0CXC6 Q5XIU7
A0A0R4J1E2 Q68FR9
P63325 P62250
Q8VEJ3 D4ADQ6
P02340 P10361
P25801 A0A0G2QC60
Q3UR42 D4A9D6
A2AJW5 D3ZSF0
Q01279 G3V6K6
P27577 P41156
Q80W22 Q5M7T9
E9QK83 F1LXT3
P68510 P68511
Q64323 D4AAY7
O88854 O08726
E9QKM8 O70509
Q9D979 D4A8L7
Q52KF3 D3ZEX7
G3UYL9 G3V7D9
O08784 D4A206
M9MMK0 D3ZHJ3
Q61532 P27704
A2ACG1 D3ZQ38
Q8R1H8 D3ZT85
Q60676 P53042
Q811Q9 G3V7M5
Q9CYY7 M0RBS0
Q8BGN2 Q5M845
A2ANX3 D4AA47
Q8VC60 B1WBS6
G5E872 M0RA44
P54841 P54842
F7AC58 A0A0G2JWS3
O08547 Q4KM74
Q8C0M0 D3ZGZ9
O70551 E9PTN4
P29452 F1LQZ4
Q8CJ70 D3ZFI7
A2CGA5 F7FLN8
Q80UL9 D4A1C2
P22727 D4A3W9
Q9D554 P81155
Q505D1 F1M400
Q3V2J9 D3ZBW4
Q8R0L1 M0R887
Q7TS68 B1WC69
O08537 Q59IV8
Q3ULA2 F1LMH8
Q8VHN8 B0BNG7
Q56A06 F1M369
Q4VBE8 F1LR39
P63157 P63156
Q9CQ26 Q62755
Q2TV84 F1M9X0
Q91WC9 P0C1S9
Q8BJ71 Q66HC5
Q8K288 M0R7K3
Q6W5C0 Q10746
Q8K2W3 B2RYB1
Q3TVC7 A0A0H2UHJ2
Q62432 O70436
Q9CQJ4 Q4KLY4
P11680 B0BNN4
Q62158 B5DFI5
A0A087WSB9 F1LVJ1
Q9CR89 Q5XIS4
Q8BGT0 Q4QQU9
Q8CFE2 D3ZMN2
P11276 A0A096P6L8
Q9JM51 Q9JHF3
E9QK89 Q5U2M8
P97370 Q63377
P18052 Q66HJ7
P80313 D4AC23
Q6PGH1 O70454
Q9R0K7 P11506
A0A0R4J0H1 B2GV31
P63139 P63140
Q9WUD1 D4A4T0
Q8JZL2 P97639
Q9D850 D3ZF19
Q8VI59 D3ZSQ1
P20029 P06761
Q9CR23 B5DFJ7
Q91W10 Q5FVQ0
Q1RNF8 D3ZMX5
Q9WVK5 A0A0G2K9S2
Q8BVZ5 A0A096MIT4
Q8R1G1 Q0VGK5
Q9Z1W9 O88506
Q64385 Q99MF4
Q562D6 Q4V7E0
P01193 Q8K422
Q60722 A0A0G2JWU7
A0A0R4J0I0 D3ZJW0
A0A0R4J0T0 D3ZME7
P59108 F1M1L9
P43021 D3ZGK9
E9Q4F7 D3ZSU6
Q9WVB0 F1M9Y9
A2AEG2 D3ZUD5
A0A1L1SU27 D3ZQ60
Q9CZX5 A4L691
Q05769 P35355
Q8BW96 F1LVR4
Q63844 P21708
Q8BTW3 D3ZW38
P09065 A0A0G2JT82
O88855 Q9R0Q2
P34960 R9PXT7
Q7TN31 F1MAK0
Q61878 G3V729
P30882 Q6PED1
A2CGA3 F7FLN8
Q8K093 G3V6Q2
P42128 D3ZU55
Q920H1 Q71MM7
Q8BZ00 D4A7H1
Q80VP5 F1LWN5
Q8VEI3 A0A0G2JSP4
A2AT37 D3ZT03
P51637 P51638
P58659 D4A895
E9PUA2 D3ZKR9
Q0VBL1 F1LVC4
P61219 O88828
Q9ERL0 M0R462
O70469 D3ZHJ4
A0A286YD43 G3V9A8
Q8R317 A0A140TAI1
B7ZCC9 A0A0G2JXP6
Q499D0 A0A0G2JYT8
A0A0R4J0R3 Q6AXU3
G3UVW3 F1LRY2
P54823 D3ZD73
B7ZBV9 F1M6X3
G3UW60 D3ZSC1
P97303 D3ZW33
F6ZFU0 Q68FR9
A2AQJ8 D4A7G5
Q9JLV5 A0A0G2JSP3
Q3UHX2 Q62785
P68254 P68255
Q0VDY1 D3ZSJ1
Q6NVG5 D4A9U9
Q8BTI8 A0A0G2K2M9
Q9ERD8 D3ZWK2
Q80WJ6 F1M7G9
A2ANY6 A0A0G2K9L9
P48754 G3V8S5
Q9Z1R2 Q6MG49
A0A0R4J0G9 Q498R1
P31750 P47196
B2KFW1 D3ZCC2
Q3UHQ6 A0A0G2JXD9
Q62186 Q07984
Q9ESF1 Q9ERC5
Q64430 P70705
A0A1Y7VLV0 Q498R1
P16951 Q00969
Q8VCR2 Q5M875
Q9CQ25 D4AA02
Q7TSN6 Q7TSN5
P63001 Q6RUV5
A7L9Z8 M0RAF9
Q8R1C3 B5DEK8
Q9ERD7 Q4QRB4
O35607 F1LQC5
Q8CEE7 D3ZFR9
Q91WR3 D3ZPJ9
P01108 P09416
Q04744 D3ZCK7
F7BWJ7 A0A0G2JXZ4
Q9CQV8 P35213
P61290 Q5FVM2
E9QJS7 A0A0G2JSI4
Q03717 A0A0H2UI34
Q9Z1D8 A0A0G2K008
P62715 P62716
E9QNN1 D4A9D6
P97792 Q9R066
Q9EPW4 D4A0E3
B1AZ99 D4A7M3
Q78YZ6 Q5RJZ6
Q91V79 D3ZIQ3
Q3V1U8 D3ZDJ3
A0A0R4J1E4 Q6IE50
P52785 V9GZ79
Q8R010 A0A0A0MXY5
Q9D7F2 D3ZUF1
B2RWS6 A0A0G2QC09
P60710 P60711
P29788 Q3KR94
Q9D8T2 A0A096MJ11
P12023 P08592
Q9JI48 B5DF36
P46938 Q2EJA0
E9QKG3 A0A0G2JWR1
P35821 P20417
Q9EQS9 F7EL93
Q8CCN1 D3ZUA2
Q32NY8 A0A0G2JYQ8
Q62556 F1LRV5
Q8R0J7 Q5U2Z2
P70390 G3V7M9
A0A0R4J0M9 Q8CF97
E9Q6P5 A0A0G2JXJ6
Q8VHG2 A0A0G2JX94
Q3U4G0 D3ZYC4
Q61187 Q6IRE4
Q6PD29 Q5FWU5
A0A1L1STX8 D4A7E9
Q3UA06 Q5XHZ9
Q922G2 D3ZEU8
P97377 Q6P751
O35427 F8WFG9
Q9Z0F6 D3ZXM2
Q3U1Z5 Q6MG88
Q7TPG5 B1H244
Q61115 Q6UY90
A0A1N9NPH8 A4L9P8
Q99LI9 Q5PQL4
O70263 B6RHI6
Q8K3K7 D4AC45
Q8JZX4 Q6AY02
Q3TML0 A0A0G2JSZ5
Q5M9N4 D4A0Z0
O35375 O35276
Q6PDK0 D3ZC02
Q6K1E7 Q5J2D6
P12850 G3V6C6
Q9D6N5 A0JPP1
Q6PAJ1 F1LXF1
P49182 Q64268
Q91Y86 F1LP66
P24788 D4A3G2
Q04207 Q7TQN4
Q62120 D3ZHJ4
Q8BVR6 A0A0G2K1G4
Q62053 Q62928
O08747 A0A0G2JTK0
A2ABU4 D4A228
Q9CPX5 Q4KLN5
Q06890 G3V836
Q91VD1 D3ZBX1
Q8CG64 Q4KLJ4
Q99LU8 Q7TP28
P23804 A0A0G2JVC1
Q3UFB7 P35739
Q64441 Q09128
Q9Z0Y2 P04055
O88876 Q3B7V0
Q9JKC8 Q6IRG9
Q05BQ1 P0C5H6
Q9CPX9 D3ZXM2
P35419 F1M6V7
Q3TY60 F8WFH6
P56479 Q7TSN5
Q3TTL0 Q66H33
E9QK16 F1LMF4
B1AZ99 D3Z8X5
Q3U595 M0RBE6
Q3UC65 Q5U2S0
Q9D976 D3ZIG2
Q99LM2 Q642E3
P68500 F1M173
P32082 Q02644
Q99MB1 F1LN63
Q9WUR2 Q5XIC0
Q8BKE6 F1LSK6
A0A0R4IZZ1 F1LRS5
Q8BH80 Q9Z269
O09106 Q4QQW4
Q9DAX2 Q8K593
Q91WA9 D3ZCM3
Q921E6 B5DF02
Q9QZS2 O88846
Q9WTX6 B1WBY1
Q8BKN5 D4A2A9
P18828 P26260
P42582 P13832
P70168 F2Z3Q8
Q9DBX7 D3ZIH3
P51658 Q5I0N4
O55144 G3V6M6
Q8K3I4 D3ZTL2
Q9DBB4 M0RC73
Q9D0T2 Q9JIM4
Q62376 B2RZ74
Q6ZQJ5 A0A0H2UH92
Q9CQE6 D3ZFM1
Q8R007 D3ZET1
P54276 D4A0U9
A2AQ92 F1LN48
O35161 F1MAS4
Q6P549 V9GZ88
P36898 M0R3J4
Q99P50 O08725
Q91YI4 P29067
Q61080 M0R8R8
P35564 P35565
P70372 B5DF91
Q811Q9 A0A096MK76
P70196 B5DF45
P97770 D3ZSV7
Q9CXV9 Q5PPL2
Q3UGS4 B0BN72
E9QK82 P06907
Q921D9 A0A0G2JTY1
Q8CBD1 G3V672
Q8BQR7 G3V932
A2RRY8 A0A0G2K8X4
P61211 P61212
Q8C5T4 M0R7B3
Q9WUT7 Q8CH33
P68033 P68035
Q6NSU3 Q6AYF6
Q99P72 Q9JK11
Q9DBJ6 Q5BJY4
P0C192 D3ZSC1
P97310 D3ZP96
Q04886 D3ZR96
Q3V1N5 F1M590
P61407 D3Z9I3
Q640R3 D3ZEI4
P68369 P68370
O54833 B4F7A9
Q91WS4 F1LMG2
Q91WG5 A0A140UHX4
Q8CI52 D4A135
Q8BUE4 D4AA14
Q80VA0 Q9R0C5
Q9DBY4 Q496Z2
Q99LC8 Q64270
P35761 A0A0G2K2S5
Q3TUA9 Q4V8A9
Q3UFY8 Q5U2R4
