Q5XIL3 F6Y987
G3V7X9 F6PHR4
D4A4V3 F7BIA2
D3ZQL0 F6TST3
F1MA31 F7DPA6
F7FEU1 F6YNY6
Q5FVC2 F7DTZ1
P35289 F6Q1B4
F1MAL5 F6Q912
A0A0G2JVC1 F6ZS96
F1LPF2 F7BZ41
D3Z9I2 F6SCK3
G3V6I3 F7A8D2
B2RYH5 F6YZL0
D3ZCS5 F6TD27
B0BMW2 F6ZUG4
D3ZCK4 F6TC79
G3V6S2 F7CPH9
A0MV40 F6RCL2
D4A321 F6ZUJ7
Q4V7D8 F7C687
D3Z9I2 F6ZDT6
B2RYV8 P02758
A0A0G2K9F0 F6X1H9
B2RYT6 F6VGS7
A0A0G2K6L6 F7DP19
A0A0H2UH92 F7D9R2
P85108 F6ZB53
G3V9A0 F6ZFB4
M0RD31 H9H020
Q5FVI6 F6T413
A0A0G2K9T1 F6VM50
P54645 F6SGJ7
D3Z822 F6XA38
Q7TNZ9 F6XJI7
D3ZZ62 F6Z073
A0MV40 F7DSS3
D3ZUY8 F6PV98
G3V7D9 F7A1L9
Q6PCT9 F6XPL9
Q5U2R8 F6UV62
Q5RKH2 F6TEA2
F7FNS3 F6QQL7
A0A0G2JXI1 F6ZPG5
M0R8Z5 F6XV77
D4A0V7 F6WVE0
A0A0G2K1Q1 F6Z8H7
A0A0G2K1A9 A5YBL8
P35353 F7CLK8
D3ZMR2 F7BR74
A0A0A0MXW1 F7A6Y6
D3ZZ79 F7AIG9
Q0ZFS4 F7DH14
A0A0G2JU49 F7DLU0
Q9QWJ9 F6ZPG5
B0BN68 F6W365
B1WC68 F6TB29
D3ZIM5 F6SCF7
B5DF45 F6URD5
F1LPK7 A5YBL8
Q6AXT8 F6QZ21
D3Z863 F6X7E1
O08658 F7DXU3
A0A0G2K0D4 F6UQ47
Q66HM2 F7CVC4
D3ZZS8 F6RZR6
A0JPJ7 F6WGT1
Q5RKH2 F6SE67
A0A096P6L8 F6SI74
G3V6K6 F7DFR6
A0A0G2JSS9 F6SR05
Q5FVI6 F6QHT5
Q5U328 F6X3K0
Q3B7U1 F6Z4L0
Q3B7L3 F6TIV6
Q9ESZ0 F6WGT1
Q5BK64 F6U4Y1
Q5PQL7 F6U3Q2
D3ZCC2 F6RT91
Q63528 F6ZFZ4
F1LR42 F6SRC6
F1MA52 F6S7D4
D3ZME7 F6WGR2
G3V8M9 F6UGN9
A0A096MIX2 F7CZH3
Q3SWU0 F6XJR7
P97831 F6ZDT6
F1LM28 F7D2Z3
Q9Z336 F6XFJ1
A0A140TAG9 F6ZQX6
D3Z837 F6R5E6
D3ZZN9 F6WF73
M0RB44 F6YBZ4
A0A0G2JX16 F7DLK0
Q9WTT7 F6XL24
G3V6S2 F7DLK0
O08658 F6X4H0
P63074 F7CYC1
F1LNJ1 F6SE95
Q9QVC8 F6QIV1
P12841 F6VM50
P60522 F6T8H1
D4ADC4 F6SLZ9
P11345 F6TK31
A0A0G2K3H2 F7CL38
G3V943 F6Y0Y4
Q62762 F7AGE2
B0BNB0 F6ZLR7
P27881 F6YZ50
D4A9V0 F6TDJ5
P18864 F6R8P9
E9PSY8 F6QHL9
G3V7P3 F6SR05
Q498M4 F6TC63
D3ZZC1 F6YE64
D3ZU21 F6YPT0
Q9QVC8 F6QBH0
F1LNT0 F6RVP2
D4AE21 F6TP32
P62986 F7BG35
Q56A27 F6PLL3
D3ZY39 H9GZV4
A0A096MJC8 F7CZ11
Q0VGK0 F7C0F1
P70541 F6U6I2
Q66H76 F7D2Z3
Q3B7U1 F7CM57
Q4FZT0 F6TYL7
P12841 F6W702
A0A0G2JU05 F6T858
O55099 F7AH79
G3V6S2 F6YPT0
A0A0H2UHT5 F7A445
Q5U349 F7BTM1
Q8VHX0 F6YX50
D3Z8G7 F6QF43
O08658 F6PLL3
E9PT44 F6XF44
D3ZS99 F6RXL8
B5DF02 F6XR42
D3ZFQ4 F6YWM3
Q68FQ7 F7E0B9
A0JPJ7 F6XPL9
A0A0H2UH92 F6T8R5
E9PTU9 F7B674
F1LWZ7 F6WVE0
A0A0G2JUI2 F6URY0
Q68FX0 F7AQZ6
D3Z9I2 F6TB29
D3Z822 F6ZL78
G3V8H8 F7AKZ2
Q4KM87 F6Z8G6
D3ZLC6 F7B4L1
A0A0G2JSS9 F6X5Q8
Q3SWU0 F6TEA2
F7FNS3 F7DK89
Q91ZN7 F6WIS6
Q5U349 F6W711
Q56A27 F6ZVU0
P63074 F6VU34
A2SY89 F6SAX3
A0A0G2K3H2 F7AQB8
P38483 F6PWB8
Q5U2N1 F6VU34
P0C2C1 F6UKJ6
G3V943 F6UHC7
E9PU02 F6VU34
A0A0G2QC27 H9GZW7
Q9Z2Z8 F6QF43
Q3B7C9 F6RT09
G3V8S0 F6VG75
P53987 F6SJM8
A0A0G2K0W9 F6ZUG4
F1MA31 F6XPL9
G3V845 F6QPI5
A0A140TAI1 F6X5Q8
Q4KLL9 F6XEA3
D3ZD03 F7AJD4
D4A8B1 F6S8G1
P24368 F6TEA2
Q5PQX1 F7BQL5
A0A140UHX0 F7CQM8
Q5U2U8 F6STH6
O55099 F7DPL7
F1M944 F6T858
F1LPK7 F7AGA5
M0RDR7 F7CIG3
B2RZ70 F6ZFB4
Q5U313 F6QHL9
D3ZLC6 F6YHD4
D3ZFY2 F6T962
Q6AXY8 F6Q1B4
O08776 F6ZCQ3
D3ZCU8 F6QX70
A0A0G2K2R5 F6T962
D4ACB8 F7E4H2
A0A0G2JSU7 F6X1H9
D3ZGZ9 F6VSB5
F1LWZ7 F6XPE5
B1WC49 F6S9J8
D3Z9I2 F6V7I9
Q4KM87 F7A4K0
Q5RK09 F6XJY4
M0RBC1 F6SDR5
Q68FX0 F7CZ92
A0A0G2K1Q1 F6ZCQ3
Q0D2L2 F6W365
A0A0G2K7F0 F7C687
O35814 F6TYL7
G3V6P6 F6PZY6
Q6MGC8 F6XCS2
F7EUU4 F7AU83
Q6AXQ0 F6W365
Q6DGF2 F6VSR3
P68370 F7BCF7
D3ZDG4 F6UPF3
D3ZQL2 F6W9Q7
Q5PQL4 F7BH56
D3ZGN3 F6YPZ6
F1MA79 F6Z8H7
E9PTF0 F6X1H9
Q5XIR4 F6Q800
F1LP66 F6WGT1
F1LQH2 F6X854
D4A6J4 F6YMD1
Q5PPL2 F7BR39
A0A0G2K4P5 F6TG68
G3V665 F7CLD2
F1LW70 F6SAX3
B1WC68 F6SCK3
D4A554 F6U301
A0A0G2JSU7 F7DMY1
F1M9D6 F7E3Y7
G3V7D4 F6XYY6
A0A0G2QC09 F7BD82
A0A0G2K5U0 F7A2J7
D3ZFQ4 F6QID9
Q5U2Q7 F7E3T8
P69897 F6SJM8
A0A0G2JWR1 F6PI03
D4A0Z0 F7BSU4
Q5U2N1 F7DLK0
A0A0G2JUI2 F6ZM70
D3Z9Y3 F7CRB4
D3ZCK4 F7D5T3
P70712 F7CYW3
M0R6Q6 F7BSU4
A0A0G2JU15 F6ZMZ5
Q5RK09 F6QLY4
B5DFE8 F7B8X2
A0A0G2K6L6 F7BJQ7
Q5U2R8 F7B8X2
F7FNS3 F6RKT2
D4AAY7 F6PYY3
D4ACB8 F6YE64
O88600 F6SCK3
D3ZQW1 F6XA38
D4A7D3 A5YBL8
E9PT44 F6VM50
Q4V8C2 F7AMM0
Q5M875 F6QVI0
D4A1W5 F7DXU3
D3ZLQ6 F6UFI8
Q9WV48 F6VGS7
Q7TSV3 F6SRE2
P16610 F6QLW9
A0A0G2K0W9 F7B821
P20417 F6U9W6
Q5PQL2 F6X610
A0A0G2K5R4 F6VG75
F1LNZ5 F7B9Q2
F7FNS3 F6YNS5
O08776 F6SA01
D3ZWI4 F6UGN9
D3ZS99 F7A6Y6
Q5PPL1 F7DTW5
D3ZUY8 F6VV49
Q5BJP1 P02758
D3Z962 F6XWJ6
M0R3P2 F6YW90
Q5PQL7 F6VZD2
G3V8H8 P02758
B2RYV8 F6XW20
M0R4H8 F6VS95
Q6DGF2 F6PLL3
Q3MHU2 F6YZI7
D4AC38 F7C0S3
A0A0H2UHG1 F7BRR9
P12841 F7BG35
D4A8H3 F6YZ50
P62986 F6QV31
B0K014 F6QE61
Q9JLY8 F7C586
D4A2T8 F6XL14
B2RYV8 F6WM02
D4AA11 F6ZNY8
B6RHI6 F6WQB7
P14173 F6QE61
D3ZUJ5 F6QHT5
F1LM47 F6RNY1
E9PT44 F6RW70
A0JPN1 F6QHT5
A0A0G2K435 F7A445
A0A0G2JX16 F6VU34
D3ZZ95 F6Y8U8
A0A0G2QC27 F6YMD9
D4A7D3 F7AUK1
P62997 F6QL56
G3V7T9 F6PUL2
D3ZAY8 F6SLZ9
P27704 F6VA95
Q4V7D8 F6WM02
E9PTF0 F7DMY1
A0A0G2JTM3 Q64FU1
P16970 F6QHW7
Q5M7U6 F6WM79
D3Z8X4 F7E373
Q5U2N1 F6U0H9
A0A0G2K8R7 F6T629
A2VCX1 F6YE97
A0A0G2K5E4 F6TBN7
Q9Z2S9 F7DK89
Q3B7U1 F6TIH5
F1M6T6 F7CRB4
Q6AYA5 F6R5I3
D4ACG2 F6TIH5
A0JPN1 F6T413
A0A0G2K9T1 F6W702
Q07014 F7AQZ6
Q924T8 F7DF45
B5DF71 B2L109
Q498D8 F6YXJ9
P63074 F6QE94
P70501 F6XCF2
D3ZD72 F6Z4L0
D4AA47 F6WIF5
A0A0G2JXD5 F6VM91
A0A0G2K9T1 F6WGT1
Q64620 F6VRC2
A0A0G2K0I4 F6R6C2
Q569C3 F6ZGZ9
Q4KLJ3 F6TYL7
D3ZEU8 F6VMT4
Q5M971 F6R6C2
O08776 F6Z8H7
B0BNG7 F6UQ25
A0A0G2K0I4 F6VH14
G3V9K0 F7CRB4
Q4V8C2 F7D721
Q5BJZ0 F7AQP3
Q7TNZ5 F7A4E1
D3ZD80 F7A2K4
D4A0V7 F6XPE5
D4A7E8 F7CPK1
Q5U313 F6X610
P19357 F6U6W1
P14659 F7DK89
Q62760 F6TKR5
G3V9P7 F7BQH8
Q64232 F6VR95
D3ZGK2 F7DAA4
P43138 F6VJ81
Q68FX0 F6UYW3
F1M944 F6ZPG5
Q0D2L2 F6Z8G6
Q5EB77 F6Q4S1
D4A7D3 F7AGA5
Q6IM78 F6V7I9
P20171 F6YMD1
A0A0G2K9A7 F7BB72
B1WC03 F6RXL8
F1MAB8 F6YZ50
Q5U313 F6WFQ1
Q7TPB4 F7CU03
A0A0G2K8Q8 F6XP39
F1LR39 H9GZW7
A0A0H2UHT5 F6T5N4
P60889 F6Q795
D3Z822 F6T1S2
D3ZDG0 F6VW27
D4A1W5 F6VSR3
A0A0G2KAL2 F6RLA7
D4ADD0 F7CK81
A0A0G2JX16 F6PJZ6
D4A898 F6SDK6
D2XV59 F6ZAA0
A0A0G2K8Q8 F7BUS2
E9PSY8 H9H002
P61983 F6XXB5
D4A7D3 F7AMM0
F1M9B2 F6Y3C8
Q3B7C9 F7CNU5
P09495 F6ZBW3
A0A0G2KB72 F7DH14
F7EKI5 F7BHA9
P35563 F7D7A5
B2RYB3 F6RHL6
D3ZVM4 F7DH54
D4A0E8 F6ZZI8
Q6AYS4 F7A6Y6
D4A105 F7AR95
Q9WV48 F6T962
Q4V8B4 F7C1C0
A0A0G2K8Q8 F7DH54
D4AA47 F7E191
M0R3X3 F6V045
A0A0G2K5R4 F6TD27
F1M7V6 F7BRG2
B0BN63 F7E4H2
Q9Z2Z8 F6WF73
Q64232 F6SJM8
D4AAV4 F6VU34
P68511 F7CYG2
A0A096MIX2 F6YE64
P18418 F6XTW3
A0A0G2KBA2 F7B944
M0R6J0 F7DMV6
Q5U1W4 F7BTP9
D4A997 F6Z4L0
Q6AYA5 F6VZD2
D3ZI07 F6PJZ6
A0A0H2UHG0 F6Z6Y4
F1LM47 F6RVH1
B2GUX4 F6XCS2
Q5XI94 F6VS59
B0BNM4 F6VP37
Q4KM87 F7AQB8
A0JPJ7 F7DW15
Q6DGF9 F7AT10
D3ZA02 F7BR74
Q4KM34 F7B4L1
F1LNZ2 F6YXJ9
B2GV58 H9H002
G3V913 F7BQ20
Q5PQX1 H9H002
D4A857 F6RKT2
D3ZYK8 F6R643
Q5XIC6 F6XT77
D3ZCU8 F6SHQ3
G3V665 F7AQP3
P97831 F6SCK3
Q4V8B4 F6WJS9
Q6AYS4 F7AWB3
A0A0H2UHT5 F6Z8G6
Q62923 F6U143
M0RBT9 F6QM22
G3V8Y8 F6Z073
F1LNZ2 F6RHD5
Q8CFN2 F7A2U2
F1LPJ5 F6PP86
F1MA31 F7DW15
Q5RKH2 F7AGA5
B2RZD6 F6Q4X9
G3V8S0 F6QT97
A0A0G2JX16 F6U0H9
D3ZT01 F6SW28
D4A1W5 F6PLL3
Q62762 F6R8P9
Q07936 F6ZI51
G3V8H8 F7C687
Q62928 F6WPR9
Q91Z84 F6PHR4
Q4KM95 F7BE18
Q5U2Q7 F7C7G0
M0R7E6 F6YE64
D4A4A9 F6SL95
G3V8M9 F6Z8H7
Q5QD51 F6T1S2
Q9ESZ0 F7DW15
D3ZN76 F6TIH5
A0A0G2JY43 F6WPT4
Q6P751 F6US96
P04785 F6QIV1
Q5RKH2 F6ZJW3
B1WC03 F7AWB3
Q6AZ70 F6YYW6
D3ZUU5 F6SL95
Q5U214 F7DXU3
P53790 Q9BDF6
V9GZ79 F6VEN0
M0R8I8 F7C0S3
Q5XIB4 F6XM01
Q6AXQ0 F6ZMZ5
D3ZVM4 F6QHT5
P12841 F6V9A2
A0JPN1 F7DH54
D4AEC0 F6WJS9
A2SY89 F6R616
A0A140TAH3 F7CC43
A0A0G2K9T1 F6Y6W2
D3ZVM4 F6SUQ1
Q68FX0 F6ZI51
P30936 F6ZDT6
Q7TP77 F6SE67
P62138 F6R8R0
E9PU02 F6ZNU4
M0R6J0 F7A4K0
Q5U349 F7D398
F1LS98 F6YKN9
Q5PPI1 F6UQ25
O70436 F6R449
F1LPJ5 F7ALT2
D3ZF45 F6WD43
D3ZPF0 F6ZXR5
P41777 F6SIH2
Q91Y94 F7DTN7
Q5U1Z8 F6VKU3
Q5U313 F6XB71
Q6AY02 F6R1C8
G3V7A4 F7AQZ6
B2RYQ2 F6XUE5
M0R7I8 F7ATS5
Q498D8 F6QR51
G3V734 F6QE94
P14659 F6ZI51
Q5PQX1 F6WFQ1
W4VSR4 F6VYL1
G3V6S2 F7CYC1
V9GZ88 F6PU05
Q5XI24 F6QY08
A0A0A0MY09 F6ZUJ2
F7FNS3 F7AGA5
A0A0G2KAW5 F7BEP7
Q5PQL2 F6WIS6
Q6IRJ7 F7DCG7
M0R6J0 F6ZMZ5
E9PTS4 F7E3W0
B0K014 F6TG68
A0A0G2K8M2 F6RHY6
Q6AZ64 F6PNM7
G3V6C8 F6S9Z1
D4ADT3 F6XFZ0
A0A096MKF8 F7CRB4
P24368 F7AUK1
F1MA31 F6WGT1
M0R6J0 F6T5N4
A0A0G2K2M9 F7APA1
D4AAV4 F7CPH9
A0A0G2K099 F6XUJ2
Q5PQX1 F6WIS6
F1MAL5 H9H002
Q9WTT7 F7BQL5
Q5M9F8 F7AGA5
P60889 F6QHT5
Q6DGF2 F7DG19
D4ACG2 F6Z4L0
Q4V8C2 A5YBL8
A0A0G2JSG8 F6SCK3
F7FNS3 F6YXJ9
Q91ZN7 F6QHL9
Q07014 F6UYW3
F1LPF2 F6U8L2
D4A6X7 F6PHL5
D4A1U7 F6VMT4
Q6IM78 F6ZDT6
A0A0G2JU15 F7BJA4
F1M9D6 F6ZBH0
Q9JHJ1 F7DMI6
Q5FVC2 F7DY95
A0A0G2JZL6 F6XD72
Q5PPI1 F7E4H2
Q9Z2S9 F6XJR7
P16970 F6X756
D3ZUJ5 F6XP39
Q9Z2S9 F7E3W0
E9PTF0 F6WJS9
D4ADC2 F7BMC4
A0A1W2Q693 F6TA13
A0A0G2JXI1 F6T858
D4AEK7 F7C788
D3ZI07 F6ZNU4
D4A0E8 F6QM47
P61805 F6TM98
D3ZK34 F6UQ25
Q3SWU0 F6ZPY1
F1M6X7 F7CPH9
D3ZQE8 F6X1S0
A0A0G2K0W9 F6QIV1
D3ZMN4 F6R5I3
P18418 F7CKR6
A0A0H2UHT5 F7DMV6
D3ZWI4 F6SA01
F8WFG9 F7BWU8
M0RDA4 F7BG55
Q5U214 F6ZVU0
D3ZCQ7 F7DPD1
G3V8M1 F6VSR3
D4A024 F6QID9
D4A7E8 F6PHR4
D4A8B1 F7A6Y6
F1LW70 F6YWM3
Q5PQL2 F6WFQ1
D3ZFQ4 F6SAX3
B0BN68 F6Z8G6
D4AAV4 F6YPT0
F1LZD2 F7CFK0
Q4KM87 F7CL38
A0A0A0MY07 F7AQB8
D3ZUY8 F7DH20
P30936 F6V7I9
D3ZZ22 F6VP37
Q5U349 F7BBI4
Q63118 F7BDX2
B0BNG7 F6Y8U8
Q80Z34 F6XHL7
Q6MG08 F6WF09
G3V8Z4 F6W997
G3V6S2 F6PJZ6
D4A1L2 Q9BDF6
D3ZN76 F7BUD9
E9PT58 F6SMM5
D4ADZ0 F6XB91
D4A304 H9GZP1
D4A2K1 F7D6J7
F1M944 F6QE61
D3ZU21 F6PJZ6
P97831 F6V7I9
Q7TP77 F6QQL7
D3ZVH2 F7DDB3
B2GV58 F7BQL5
D3Z9C0 F7ATH0
M0R7E6 F6QLY4
Q9WTT7 F6Q912
Q9Z2Z8 F7B944
P60889 F7DH54
G3V7X9 Q64FU1
Q6PED1 F6SH38
B2RYB3 F6ZTR4
Q5PQX1 F6XL24
D3ZDP9 F6XEA3
A0A0G2KBA2 F6WF73
E9PT13 F6V531
F1LXB6 F7A5I7
P68035 F6TZQ5
Q9ER34 F6SR05
Q99N27 F6ZN26
F1LNW8 F7DJE8
A0A0G2KAW5 F6ZZI8
Q5BJP1 F6XW20
Q5PPI1 F6QLY4
M0RB87 F6RLP6
Q5PQL2 H9H002
Q68FX0 F7CXT7
P60889 F6UFI8
D3ZZ95 F6UQ25
Q6AXQ0 F7A4K0
Q4KLN5 F6XW93
D4A321 F7BN08
Q9WVK7 F7CPH9
Q5U214 F7CE06
D3ZU21 F7CPH9
G3V8M1 F6R810
A0A0G2K6Z8 F6VF95
D3ZCK4 F7CFK0
D3ZS29 F6PXN9
P60889 F6SUQ1
E9PT44 F7BG35
A2SY89 F6QID9
F1LPF2 F6XEA3
A0A0G2K9T1 F7BG35
P0C5H6 F6YMN9
P63074 F6U0H9
A0A0H2UHT5 F7BJA4
D3ZFI7 F6XL14
B1H282 F7BPE3
D3ZPJ9 F6U4D9
P20171 F6W5K2
Q7TP21 F6YZH1
E9PU02 F6U0H9
G3V7R8 F6XDP3
B1WC03 F7BR39
G3V8S0 F6TD27
Q7TNZ9 F6VM91
P61621 F6ZZ67
Q5M9G3 F7E030
M0R835 A5YBL8
P43138 F6PV98
A0A0G2JSG8 F6V7I9
O08623 F6WA05
G3V6S1 F7CZ11
Q6MG08 F6Y6S9
D3ZLC6 F6Q1B4
D3ZCS4 F7BQL5
Q566D2 F7DTH7
D3ZNQ6 F6UQ25
Q5U349 F6ZGT4
A0A0G2K1A2 F7BZ88
D4AEC0 F6X1H9
M0RDR7 F6XJY4
D3ZCS5 F6WM02
Q9WVK7 F6QE94
D3ZY39 F6UJY8
O35179 F6REN5
Q5FVI6 F6XP39
Q63827 F6V0C7
A0A0G2KAW9 F6XT89
M0R4H8 F6SCX8
Q6AXQ0 F7DMV6
G3V6L0 F6ZGD8
M0R4H8 F6YMD9
D4A321 F7DMB6
O08658 F6SGX1
Q0D2L2 F7BJA4
M0R4H8 F7ANS3
F1LNZ2 F7D9E5
F1LQC5 F6SUZ9
Q62746 F6Q2I4
O70521 F7E0S8
Q64232 F6QWZ5
D4A0E8 F7D2I6
B1WC83 F6Q1W3
A0A0G2JSS9 F7CRB4
F1LMD9 F7CRB4
Q9Z2S9 F6TEA2
G3V660 F6T629
P35739 F6Z1I4
G3V943 F7D1R8
Q91ZN7 F6X610
Q6MGB4 F6WPK8
D3ZUJ5 F6Q795
Q5PPL2 F7A6Y6
D3ZUY8 F7BJ30
A0A0G2K435 F7CL38
Q6AXY8 F7B4L1
G3V8P2 F6Z8K8
A0JPN1 F6Q795
E9PT51 F6ZXA2
Q6AYF6 F7DMZ7
Q4V7D8 F6XT89
P36940 F6SH38
Q6AY58 F6U0H9
G3V7A4 F6UYW3
M0RBX7 F7C1C0
F1MAL5 F7BQL5
Q9WTT7 H9H002
F1M7W7 F6YKY8
O08776 F6UGN9
A0A0G2JUU2 F6ZZ24
P83888 F6YPK5
F1M957 F7BCZ6
D3ZQ41 F6TRA1
F1LNV4 F6X5Q8
Q6AY58 F6VU34
Q6AXQ0 F6Z8G6
P04961 F6R950
Q6X9T8 F6RC81
P68136 F7AQZ6
F1MA44 F7C586
A0A096MJC8 F6UHS4
A0A0G2K2P3 F7ATG1
P68136 F7CZ92
M0RBX7 F6X1H9
A0A0G2JXI1 F6QE61
A0A0G2K0W9 F6SL95
G3V6S2 F6QE94
M0RC57 F6XQL3
M0R613 F6XHL7
Q3MHS2 F6Y5B4
F1LNZ2 F6VNA3
Q4KLH7 F6W1M4
D3ZCS5 F6XT89
D3ZWI4 F7B6E7
B0BNM4 F6V1H1
A0A096MIX2 F6QDP0
Q496Z2 F6VKQ5
G3V7P3 F7CRB4
Q9ESZ0 F6XPL9
F1M8R0 F7CW58
Q5U3Z7 F6XK12
Q9JLG9 F6SCK3
Q7TP77 F6ZPY1
Q91Z84 F7CPK1
P16970 F6QL56
Q8CFN2 F6R449
D3ZPI8 F6Y0C1
B1H282 F6RQX2
A0A0G2JSP4 F6RR80
Q9Z269 F7CY85
Q6AY58 F6YPT0
P16970 F6UUX5
E9PTS4 F6RKT2
F1LYX1 F7AJ14
D4A0Z0 F6VKU3
P16970 F6Z4E8
A0A0G2K1G4 F6ZSN8
G3V804 F7DTZ1
D4A4V3 F6QCF7
Q5U1W4 F7B9Q2
Q6IRJ7 F6TKR5
Q9QWJ9 F6QE61
A0A140TAI1 F6SR05
D3ZEU8 F6WBA2
A0A0G2KBA2 F6TA13
Q9Z2S9 F6YNS5
Q6AXT8 F6R1C8
G3V8H8 F6QBK9
F1LM28 F6XRN7
A0A140TAA4 F7B9G0
D4A8B1 F7ACR2
B2RYN1 F7BHX5
P08644 F6QR51
D4A8B1 F7AWB3
P35370 F7DFS4
G3V826 F7D9J2
P20171 F6TRI4
G3V804 F7DY95
E9PTU9 F6V249
E9PU11 F6WD43
P25961 F6Z5Y6
D4A7Y4 F6V0I7
D3ZCS5 F6XW20
Q5EB77 F7E3T8
B2RYV8 F6TD27
A0JPN1 F7BUS2
P04692 F6V9A2
M0R6J0 F6Z8G6
B5DFI5 F6Z810
Q5U349 Q2QLB0
A0A0G2JVH5 F6XFZ0
E9PT44 F6W702
A0A0A0MY07 F6ZMZ5
Q0D2L2 F6ZMZ5
A0A0G2K4Y2 F6V7C1
Q5EB94 F7CGA8
Q4V7D8 F6SQ67
Q64350 F6ZEW5
D4A997 F7CM57
F1LR31 F7AMG5
Q4V8B4 F7DMY1
P04692 F6XF44
D3ZMN2 F7ARE5
P16610 F6UAP9
P20417 F7DXH9
A0A0G2K435 F6W365
Q07936 F6VSN9
P12841 F6WGT1
G3V8V1 F6RIW1
D4A7D3 F6TEA2
Q5U1Z8 F7BSU4
A2SY89 F6YWM3
Q6P0K8 F6V1T9
D3ZK34 F7E4H2
Q5RKH2 F6Q4X9
Q5U2Y1 F6VNC0
G3V7W8 F7BK96
Q5RKH2 F7DHW2
P24368 F7D721
B5DF71 F6YJV0
D3Z822 F6X8D2
D3ZI07 F6YPT0
Q62760 F7CMK6
A0JPN1 F6SUQ1
Q66H76 F6XRN7
Q99P75 F6QIK1
A0A1W2Q656 F6Q600
A0A0G2K2C2 F6X3P7
B0BN68 F7DMV6
D3ZYT8 F6SR05
Q6IM78 F6SCK3
Q5FVI6 F6Q795
Q5RK09 F7E4H2
P47196 F6WGH2
D3ZBT2 F6URY0
Q6PCT9 F7A2K4
F1LN92 F6VU10
D3Z9E1 F6SMZ4
Q66H50 F7BUJ3
Q64232 A2Q127
D3ZZ22 F6V1H1
E9PSY8 F6X610
F1M7V6 F6WBB0
G3V9A0 F7D5T3
P08699 F7A860
D3ZZC1 F6UQ25
Q7TP77 F6TEA2
Q02644 F6TLF1
Q91ZN7 F6XB71
Q07984 F6V3K2
D3ZU21 F6VU34
Q5U2Q7 F6VS95
Q10746 F6S9Z1
Q3SWU0 F7AGA5
A0A0H2UHG0 F6Z073
B1H282 H9GZV4
P04785 F6QBH0
A0A0G2JSQ6 F6SDK6
G3V913 Q2V905
Q6RUV5 F6Z0A9
Q9WVK7 F7CYC1
Q8K4H4 F7CUM5
O54854 F7BCZ6
Q7TP77 F7AGA5
Q2EJA0 F6T8H1
D3ZZ95 F6TC63
P60889 F7BUS2
D3ZCS4 F6Q912
D3ZNG4 F7DHN3
Q9JHF3 F6VMG7
Q91ZN7 F6WFQ1
B2GV31 F6RW70
Q5PQX1 F6Q912
D3ZAR1 F7E2W7
B2RZ70 F7CFK0
Q3SWU0 F6SE67
G3V9K0 F6X5Q8
D3ZYT8 F7CRB4
Q6AXS5 F6ZUG4
Q32WR5 F7BCZ6
F1LM47 H9GZM9
Q0D2L2 F7DMV6
Q3B7L3 F7DAK1
A0A0G2K2M9 F7BPV6
D3ZQV2 F7CT58
Q9Z2S9 F7AGA5
M0R7E6 F6PZ47
D3ZD72 F7BUD9
Q6IM78 F7B8X2
Q6AXQ0 F7A445
A0A0G2K5R4 F6XT89
F1LW70 F6R616
D3ZLQ6 F6QHT5
Q7TSB7 F7BUT3
A2SY89 F6V1H1
D4A8U7 F7DD35
G3V6S2 F6ZNU4
D3ZXM4 F7AUG2
F1M1D5 F7CNL3
E9PU02 F7CPH9
Q9JLG9 F6TB29
G3V8T5 F6UA86
D4A1W5 F6X4H0
Q4V7D8 F6QT97
Q9Z2Z8 F6TA13
G3V734 F6PJZ6
Q63046 F6QMT3
Q5M7U6 F6UHP9
F1LV65 F6YPZ6
D3ZU21 F6ZNU4
Q56A27 F6VSR3
D3ZDP9 F7BZ41
Q3B7U1 H9GZM9
Q5PPL2 F7AWB3
Q5BK21 F7CT58
A0A0G2KAW5 F7A5R3
A0A0G2K2M1 F6UIE6
Q9QWJ9 F6T858
M0R7E6 F7CZH3
D3ZLQ6 F6Q795
A0A0G2JU05 F7DZ01
D3ZT85 F6PHR4
D3ZN76 H9GZM9
F1M8E5 F6R1C8
F1LP66 F6VM50
F1M7V6 F7ATG1
F1MA79 F7B6E7
Q6AXQ0 F7BJA4
A0A0G2K435 F7DMV6
D3ZMW3 F6Q188
D3ZNQ6 F7E4H2
B2GV31 F6RAD7
D4A9D8 F6Y6W9
A0A0G2KA75 F6UXD9
B4F7E8 F6Z073
M0RDR7 F6QLY4
P08644 F6Z2C8
D3ZDZ1 F6WEM4
D3ZT85 F7CPK1
D3ZJ92 F6X982
P35289 F7B4L1
Q5BJP1 F6TD27
A0A0G2K435 F6T5N4
H9KVE3 F6XCS2
F8WFZ9 F7DFH1
P18418 F7DYB4
Q5U214 F6PLL3
D3ZMW3 F6VSB5
F1M3K6 F6RTR6
Q3KR94 F6V881
Q498R1 F6XHL7
D4ACB8 F6QLY4
E9PT44 F6WGT1
Q4FZT0 F6XTW3
Q6AYS4 F7BR39
Q8CH01 F7C0K8
E9PU02 F6YPT0
Q5U2N1 F6YPT0
D3ZUJ5 F6SUQ1
A0A0G2K8X4 F6T8X0
A0A0G2K435 F6Z8G6
M0RBX7 F6WJS9
D3ZVM4 F6Q795
Q6AXS5 F6SL95
A0A0G2K5V8 F6X0W1
F1LM28 F6ZGT4
F1M6X7 F6ZNU4
D3ZVM4 F7BUS2
Q66H76 F6W711
Q6AYC5 F6SCF7
A0A0H2UHT5 F6W365
A0A0H2UI20 F6ZI51
P29067 F7ACY5
D3ZDG0 F6XP14
Q498R1 F6TRE4
Q9JI92 F7CW51
A0A0G2K349 F7ATP4
Q6PCU4 F6TLD9
F1LN03 F6ZNP6
P18418 F6YJV0
Q63750 F6YPU8
M0RCL1 F6WMJ1
M0R4H8 F6SMB9
F1LMD9 F6X5Q8
A0A0G2K2P3 F7BRG2
G3V6M6 F7CEH9
F1LP66 F6V9A2
P70597 F7AX11
D3ZCK4 F7BRV2
F1LR60 F6QQ01
B5DFK2 F6RT09
Q6IN24 F6TMY5
G3V8S0 F6XT89
Q9QWJ9 F7DZ01
B0K014 F6T858
Q91Z84 F6XW48
F1LZD2 F6ZFB4
Q9Z2S9 F6YXJ9
D3ZYK8 F6ZND0
F1M6X7 F6VU34
Q5QD51 F6ZL78
D4AAV4 F6PJZ6
F1LNV4 F7CRB4
F1LPK7 F7AUK1
D4AEG0 F7BHP6
A0JPN4 F6YJG4
B5DFE8 F6Y2M6
D3ZCS4 F6WIS6
D4AEC0 F6XQL3
Q8CJH2 F7AIX3
D4A5F5 F7AD88
G3V6S1 F6UHS4
A0A0G2JSG8 F6ZDT6
D3ZCQ7 F6QM22
D3ZSN7 F7CL02
D4A069 F6XB91
D3ZU21 F6QE94
Q5U214 F6VSR3
D3ZUK4 F6WD43
F1LNW8 F6ZM70
D3ZT85 F6XW48
B2GV58 F6XL24
A0JPN4 F6RK75
M0RDR7 F6PZ47
F7FNS3 F6ZJW3
F1LVR4 F7BKP2
B0BN68 F6ZMZ5
P10361 F6TL72
D4ACB8 F7D4R9
Q6PCT9 F7DPA6
A0A0H2UHG0 F7BHK6
Q5U2N1 F6ZNU4
Q6IRJ7 F7ALC9
B5DFN1 F7BAQ3
B2RZ84 F6X7E1
P97639 F7B4J6
D4A321 F7BSK7
D3ZZ95 F7DPL7
A0A0G2K7F0 F6XT89
F1MAL5 F6WIS6
G3V943 F6R0E4
P25427 F6SVV7
Q923V4 F6RA22
F1M9D6 Q2V905
F7FNS3 F6VNA3
P70668 F6S6Y3
Q7TP77 F6RHD5
P61621 F6X1S0
O35078 F7DTW5
P24368 F6RSE3
D4A1T1 F6PUL2
B1H260 F7C7J6
D3ZZN9 F6TQP5
D3ZCS4 H9H002
F1LNG5 F7CEQ6
Q6AY58 F7CPH9
M0RBT9 F7DPD1
F1LQ81 F6YE64
D3Z863 F6RZR6
G3V729 F7ADF3
D3ZB71 F6PSL5
Q62762 F6QM22
D3ZZ22 F6SAX3
D3ZAR1 F7BH56
D4AEC0 F7C1C0
A0A0G2K5E4 F6QIV1
Q5PPL2 F7ACR2
P14659 F7D5D9
P70597 F7CGI6
P16086 F7CE01
A0A0G2K3H2 F6T5N4
B0BN68 F7BJA4
Q5U2Y1 F7CG77
Q5QD51 F6X8D2
A0A0G2JU15 F7CL38
Q62762 F7DPD1
G3V8T5 F7C432
Q5M9F8 F7AUK1
Q5FVI6 F6UFI8
Q5U349 F6XJ51
B0BN63 F6UQ25
F1LR42 F6XWJ6
M0RBX7 F6XQL3
D4AAV4 F7CYC1
D3ZQ60 F7CGI6
Q91Z84 Q64FU1
Q5PPL2 F6RXL8
Q5FVI6 F6SUQ1
A0A0H2UHV5 F6S9I9
A0A0G2QC27 F7BZ50
D3ZCS4 F6XL24
F1LNE2 F6T0I0
G3V7S5 F6R616
Q4V8C2 F7AGA5
P24368 A5YBL8
A0A0G2JX16 F6QE94
O08776 F7B6E7
P23928 F6SYI2
G3V8M5 F6R1C8
D4A857 F7E3W0
Q5BK64 F6WBB0
F1MAL5 F6XB71
G3V943 F6YM24
D3Z8G7 F6TA13
D4A7E8 F6XW48
D3Z9E9 F6PUD8
Q64232 F7CM75
D3Z8G7 F6WZE7
Q5M9F1 F6XY88
D3ZT03 F7AZI4
Q5U349 F7D2Z3
F1LQ81 F6QLY4
F1LN88 F6SL95
G3V7T9 F7AAP3
Q3SWU0 F6QQL7
P30936 F6SCK3
A0A0G2K8Q8 F6T413
G3V7S5 F6V1H1
D4AC36 F7E3W0
F1LNZ2 F7AGA5
F1M6X7 F7CYC1
D3ZUY8 F7B497
Q5XIC0 F7C610
D3ZZB2 F6YEB4
P62986 F6RW70
D3ZUY8 F6YII2
P62986 F6WGT1
D4A0E8 F6UGI4
A0A0G2KAW9 F6VG75
D4A1T7 F6ZU20
P80386 F6TDG5
A0A0H2UI20 F7CXT7
F1LNZ2 F7DK89
Q6IRJ7 F6WA92
D4A6X9 F6WKC0
D3ZD80 F6XPL9
G3V7P3 F6X5Q8
F1MAL5 F6WFQ1
A0A0G2K3H2 F6Z8G6
A0A0A0MY07 F6T5N4
M0RBX7 F7DMY1
F1LNZ2 F7A0C8
A0JPJ7 F7DPA6
B2RZD6 F6VEA3
M0R6J0 F7AQB8
P70541 F6Z3T6
F1MAL5 F6XL24
E9PT44 F6V9A2
A0A0G2K075 F7D9F8
Q9WVR7 F6YZ50
Q4KLL9 F6U8L2
Q91XU7 F6WIF5
B2RYV8 F7C687
A0A0G2JTM3 F6SW18
Q5BJZ0 F6YEZ1
B0BNG7 F7E4H2
D3ZLC6 F6S1M3
Q4KM87 F7BJA4
E9PTF0 F6XKQ4
D3ZS15 F7D4V9
Q4V7D8 F6TD27
P62997 F6Z4E8
P12841 F6QV31
P18864 F7BE56
A2SY89 F6VP37
Q9Z2S9 F6QQL7
P62193 F6YE64
F1LQH2 F6QZ21
F7FNS3 F6TEA2
A0A0G2JTJ9 F6TYZ0
Q6DGF2 F6ZVU0
Q63151 F6ZH19
A0A0A0MY07 F7A4K0
P14173 F7DZ01
F1LP66 F6Y6W2
Q5I287 F6PSJ9
A0JPN0 F7DPU4
P16086 F6UQC4
Q3B7U1 F7BUD9
E9PSY8 F6XB71
B2RZD6 F7DHW2
F7FNS3 F6RHD5
Q7TNZ5 F7AZ73
Q5XIB2 F6Y5B4
G3V7S5 F6VP37
A0A0G2K075 F6V5A0
D3ZZC1 F7E4H2
D4A0E8 F6XXS9
D3ZAW2 F6VXS2
D4AA47 F6R6E3
A0A0G2QC27 F7ANS3
Q9Z1Z9 F6Y797
D4ACL8 F6X5V1
Q6IRJ7 F7CMK6
D3ZEI4 F7C3V5
D4A2B8 F7A891
D4A321 F6S5X4
A0A0G2K5R4 F7C687
F1M8E5 F6QZ21
D4AEC0 F6XY88
D4A1W5 F7CE06
Q5PQL2 F6XB71
D3ZMI6 F7DPZ6
Q4V8C2 F7AUK1
B2RZ70 F7D5T3
B2RYV8 F6SPS0
A0A096MIX2 F6U567
A0A0G2K1A9 F6UNR3
B0BN68 F6T5N4
P04785 F7B821
G3V8C3 F7AUW2
A0A0H2UHT5 F6ZMZ5
Q9JLG9 F6ZDT6
F1LQZ4 F6XA38
A0A0G2JY43 F7E010
D3ZCQ7 F7AGE2
F1LM55 F6VJ81
Q7TP77 F6XJR7
B2GV58 F6XB71
D3ZDP9 H9GZW9
F1LP66 F7BG35
O08658 F7DG19
D4A400 F7C3Z3
G3V7X9 F6XW48
Q07014 F7CXT7
Q5PQX1 F6XB71
D3Z9Y3 F6SR05
E9PSJ3 F6ZGY3
D4A4V3 F6YCK0
Q0D2L2 F7CL38
Q5U2Q7 H9GZW7
A0A0G2JU15 F7A4K0
F1MA79 F6UGN9
Q5RK09 F6PZ47
D4AEC0 F6XKQ4
D3ZGZ9 F6Q188
Q5FVH4 F6SL61
D4A0A0 F7B1T3
Q5BK64 F7BRG2
Q4V7D8 F7DQN7
Q9WV48 F6RZR6
Q499U6 F6YYW6
M0RBT9 F7AGE2
D4A9U9 F6TNI8
D3ZUJ5 F7BUS2
Q4KM34 F6S1M3
A0A0G2K4P5 F6T858
Q498M4 F7AH79
Q4QR71 F7CT58
F1LM28 F7BTM1
G3V9A0 F7CFK0
P63182 F6UI58
Q9WVK7 F6PJZ6
B0K014 F6ZPG5
F1MA79 F6ZCQ3
Q6AYS4 F6RXL8
D4AC38 F6QMT3
Q6AY58 F6ZNU4
B1WC68 F6V7I9
P04785 F6TBN7
D4A4Q7 F6VKQ5
Q4V8B4 F6X1H9
Q5I0J2 F6ZU20
F1M9G6 F7B297
M0RBX7 F6XY88
Q7TQN4 F7B9X5
F1LM28 Q2QLB0
G3V943 F6QPI5
A0A096MIX2 F6QLY4
D3ZCS5 F7DQN7
D4AAV4 F6U0H9
A0A096MIX2 F7E4H2
P18864 F7AGE2
B8K1X9 F6TL62
E9PTR3 F6XCS2
Q5U2R8 F6Y2M6
Q5FVI6 F7DH54
Q498M4 F6Y8U8
Q6DGF2 F6SGX1
D3ZB71 F6WQM7
A0A0G2JSP3 F7AK40
F1MAF2 F6YZR5
D4A460 F6YG16
D3ZS99 F7AWB3
A0A0G2K8R7 F6YAP3
D3ZTM7 F6YMZ7
A0A0G2K2P3 F6U4Y1
D3ZK34 F6Y8U8
G3V7S5 F6SAX3
M0RDR7 F7E4H2
A0A0G2K3H2 F7BJA4
E9PTR4 F6VUA4
Q5M9F8 F7D721
B0BN63 F6QLY4
F1LV65 F6QZX8
P70501 F6X7R7
F6Q5G6 F6ZW04
A0A0G2K2S5 F6WLR2
P63074 F6PJZ6
Q62762 F7BE56
P10980 F6YII8
M0R4H8 H9GZW7
Q62760 F6WA92
Q4KM95 F6VW27
E9PT19 F6VII6
Q9JLG9 F6V7I9
A0A0G2K2M9 F6UQ25
P08592 F6XL78
M0R6J0 F7CL38
O88600 F6V7I9
D3ZZS8 F6ZND0
A0A0G2JU15 F7DMV6
G3V7E2 F6VH42
D3Z8G7 F7B944
F1LN63 F6SMZ4
A0A1W2Q693 F7B944
D4A1U7 F6VZX7
A0A0A0MY07 F7DMV6
Q3B7L3 F6WM19
F1M6X7 F6QE94
G3V7X9 F7CPK1
D4A4V3 F6Y7H1
A0A0G2JU15 F7A445
F1M6T6 F6X5Q8
F1M9D6 F6YM88
D3ZNU1 F7A2V7
Q9WV48 F6ZND0
Q3SWU0 F6YNS5
Q0D2L2 F7A445
A0A0H2UI20 F6UYW3
Q5U313 F7BQL5
Q66H33 F6WR88
A0A0G2JX16 F7CPH9
P16970 F7D0U2
G3V8H8 F6WM02
Q6MGB4 F6SL61
D3ZTN0 F6X3K0
D3ZLQ6 F6XP39
B0BNM4 F6SAX3
A0A0G2K3L8 F7A4J2
Q5U313 F6Q912
Q9ESZ0 F7DPA6
G3V8M1 F6ZVU0
A0A0G2JU05 F6TG68
B2RYV8 F6QT97
Q4FZT0 F6YJV0
D3ZY39 F7BPE3
P63074 F7CPH9
M0R9F7 F6RX36
Q91ZN7 F6Q912
D3ZA02 F7CAX0
F1LP66 F6W702
P60889 F6XP39
B2RYV8 F7AKZ2
D3ZIH3 F7CLN4
D3ZAW2 F7AMB2
D4A5F5 F6V704
M0RBS9 F6X5Q8
Q496Z2 F7AEI2
A0A0G2K7X7 F6Q7J3
B2GUZ2 F7CNU5
A0A0G2K9T1 F6PZY6
F1LQZ4 F6T1S2
B1WC68 F6ZDT6
D3ZU21 F6U0H9
M0R5V5 F6ZLL5
D4A062 F6SKB7
A0A0G2K1Q1 F7B6E7
M0RB44 F7CEJ2
Q5BK48 F6Q337
D4A4T6 F7B297
D4AAV4 F6ZNU4
G3V8M1 F6PLL3
F7F7Q9 F6S7J5
F1LM55 F6ZB53
Q6AY58 F6QE94
Q4KM87 F7DMV6
P47824 F6S8X7
D3ZCQ7 F7BE56
D3ZI07 F7DLK0
D3ZMR2 F7BVS7
D4Q8I2 F6UP71
D3ZGK9 F6Y3I3
A0A0G2JWX4 F7BUJ3
Q6X9T8 F7CL02
Q3SWU0 F7CVC4
D3ZGN3 F6QZX8
G3V845 F7D1R8
Q9JMJ4 F6X982
Q5XI34 F7A0N8
D3ZUJ5 F6UFI8
Q3B7L3 F7D5J1
G3V8S0 P02758
A0A0G2K7Q0 F6Z832
Q4V8C2 F6TEA2
D3ZD72 H9GZM9
D3ZVM4 F6XP39
A0A0H2UH92 F6ZBQ5
M0R4H8 F7C7G0
D4A1L2 F7D5P1
G3V7K9 F6SL61
A0A0G2JSG8 F6TB29
P68136 F7CXT7
Q5U2Q7 F6Q4S1
G3V8N9 F7CM64
D3ZK34 F7DPL7
F1M7W7 F7A0C8
O70436 F7A2U2
Q6PCT9 F6WGT1
F1LM55 F6PV98
Q4V7D8 F6SPS0
A0A0G2JXD5 F7AVT9
D3ZD80 F7DW15
A0A0G2K6G9 F6Z904
A0A0H2UHJ6 F7DDN9
Q6AY02 F6QZ21
P68136 F6UYW3
M0RDA4 F6TQR2
Q91ZN7 F6XL24
P04692 F6WGT1
D4A7E8 Q64FU1
F1LPK7 F7AMM0
D4ACB8 F6UQ25
Q9WTT7 F6QHL9
B2GV58 F6WIS6
A0A0G2QC27 F6SCX8
A0A0G2KAW5 F6RMA4
P29066 F6S0I9
F1LPK7 F6TEA2
G3V6T9 F6Q253
Q4V8B4 F6XQL3
D4A0Y2 F6V704
B0K014 F7DZ01
D3Z8I0 F6UIB4
P62986 F6VM50
A0A0G2K075 F6ZWY6
M0RB87 F7CT17
Q91ZN7 H9H002
B1WC26 F7D1R8
D3ZU21 F7DLK0
F1LS98 F6W6Q5
B2GV58 F6WFQ1
B1WC26 F6Y0Y4
D4A1T1 F7AAP3
A0A0A0MXW1 F7ACR2
P62193 F6QLY4
F1LPF2 H9GZW9
G3V8S2 F7ALM2
Q6AXT8 F6X854
F1M9Y9 F6UEP2
F1MAL5 F6QHL9
D3ZT85 Q64FU1
B2GUZ2 F6RT09
D4A321 F6Z4V6
P52631 F6Z6Y4
G3V845 F6YM24
G3V660 F6YAP3
P36364 F7B6A2
A0A0G2K8Q8 F6QHT5
D4A1W5 F6SGX1
A0A0G2K3H2 F7DMV6
Q5BJP1 F7AKZ2
D4A6J4 F6W5K2
B5DFE8 F6UV62
D3ZH12 F6SN22
A0A0G2K435 F6ZMZ5
E9PTF0 F7C1C0
D3ZUA2 F7A883
B0BNM4 F6YWM3
P69897 F6UQ25
G3V8M5 F6X854
O08725 F6QF00
Q5XIP6 F6ZN26
G3V7M9 F6TE29
F1LNZ2 F6QQL7
Q3B7V0 F7BHA9
G3V8U2 F6VZG9
A0A0G2K2P3 F6WBB0
D4AA94 F7BC54
Q5U2N1 F7CPH9
B0BN68 F7A445
P54645 F6YZ50
Q9R0Q2 F6WP79
Q5U214 F6TCA0
Q6AXQ0 F7CL38
A0A0G2JTG3 F7CT58
A0JPJ7 F7A2K4
D3ZBT2 F7DJE8
D3ZQ60 F7AX11
B2GUT8 F7BSU4
D3ZMR2 F7CAX0
D4A1W5 F7DG19
A0A0G2K1Q1 F6UGN9
M0R5T3 F6WJ65
D3ZQW1 F6ZL78
Q5EGY4 F6TM98
B1H282 F6UJY8
O88600 F6ZDT6
G3V7D8 F6RL35
Q5RKH2 F6VEA3
Q4KM95 F6XP14
P18280 F6S5Z0
D3ZAW2 F6R2M0
D3ZUJ5 F7DH54
Q4V7D8 F7AKZ2
P63088 F7AYW3
F1LNW8 F7C7J6
Q5M9F8 F6TEA2
Q9WVK7 F6VU34
D3ZCQ7 F6R8P9
P14173 F6TG68
D4A4T6 F6ZDZ9
D3ZZ95 F7AH79
D3ZLQ6 F6SUQ1
G3V845 F6R0E4
F7FEU1 F7BPU9
P62193 F6UQ25
G3V7R8 F6UNR3
P68136 F6ZI51
A0A0G2K929 F6WFW1
A0A140TAI1 F7BRQ1
G3V8S5 F6SQ43
G3V836 Q29482
D4A321 F7C0A5
D3ZGK2 F7CJC6
O88828 F7C8I8
B1H282 F6YZ50
B2RYV8 F6XT89
Q5U214 F6SGX1
M0RBX7 F6XKQ4
Q9R010 F6QKY4
A0A0G2KAW5 F7D2I6
P04692 F6QV31
D4A2B8 F7D9S0
A0JPN1 F6UFI8
Q6AZ70 F6V3T0
F1LZD2 F7D5T3
D4A4V3 F6TKF9
D3ZS99 F7BR39
Q6IM78 F6Y2M6
O55099 F7E4H2
Q6AXY8 F6S1M3
Q9Z2S9 F6ZPY1
B2GV58 F6X610
Q9Z2S9 F6VNA3
A0A0G2KBA2 F6QF43
D3ZZ22 F6YWM3
F1LNZ2 F6TEA2
Q5U313 F6WIS6
D3ZZ95 F7E4H2
Q63046 F6QQB3
D3ZZ62 F6S9J8
Q62760 F7ALC9
A0A0A0MY07 F7A445
P63055 F6Q1W3
Q3SWU0 F6RHD5
F1LN45 F6WRZ8
Q5FVI6 F7BUS2
B5DF91 F6VTW3
B2RZ55 F6UHM0
Q9QVC8 F6TBN7
G3V8C0 F7CDN7
M0R8R8 F7CL86
A0A0A0MY07 F7CL38
P18418 F6TYL7
A0A0G2K9T1 F6XF44
Q9Z2S9 F6ZJW3
G3V7E2 F6T8X8
Q6AY58 F7CYC1
D4A1W5 F6ZVU0
P24368 F7AMM0
Q7TNZ9 F7BYR2
G3V913 F6YM88
B2GV58 F6Q912
A0A0G2QC17 F7D5L5
D4AA11 F6VIS6
E9PSY8 F6WFQ1
A0A0G2JYD0 F7ATS5
D3ZI07 F6VU34
P04692 F6W702
Q6AYE7 F6VG75
Q6AY58 F7DLK0
F1M8R0 F6VMT4
F1LMP9 F6X1H9
G3V8M1 F7DG19
F7F189 F6XIY9
P84025 F6UG02
A0A0A0MY07 F6Z8G6
M0RCA3 F7CH45
B1WC26 F6UHC7
D4A478 F6RPT6
F1LPJ6 F7E0S3
D3ZXX8 F6Z832
Q9Z2S9 F6RHD5
D4A6J4 F6TRI4
Q499U6 F6V3T0
D4A0Y2 F6YVG5
Q4KLN5 F7DYE6
F1M6X7 F7DLK0
D3ZUY8 F6XIL8
P12841 F6Y6W2
F1LMD9 F6SR05
Q9QYH7 F6QE38
F1M9G6 F6ZDZ9
D3ZD72 F6TIH5
Q5U2U2 F6QMU5
D3ZA62 F6T0E1
B2RZ70 F6TC79
D3ZCU8 F7CQV7
P35289 F6YHD4
Q64232 F6QHW7
Q5U349 F7DN83
M0R9R0 F6W4Z3
F1LQ81 F6UQ25
D4A997 H9GZM9
B2GUY1 F6TBK5
F1M6X7 F6PJZ6
A0A140TAH1 F7ALM2
G3V7A4 F7CXT7
P60889 F6T413
Q5M7U6 F7B951
A0A0A0MXZ5 F6TYN2
Q5BJP1 F7C687
A0A0G2K435 F7A4K0
Q9Z2S9 F7D9E5
M0RDR7 F6ZAA0
D3ZTM7 F7DAK1
D4A321 F7AFD6
A0A0G2JWA2 F7BBH3
G3V8H8 F6XW20
P63074 F6ZNU4
B0BN68 F7A4K0
B0BN68 F7CL38
Q5U214 F6X4H0
Q5BJP1 F6XT89
B2RYT6 F6RZR6
D4A8L3 F7D2X9
Q5M971 F6VH14
F7FL53 F6TYM3
Q9ER34 F7CRB4
Q5PQL7 F6R5I3
Q7TT47 F7A9C6
F1LW70 F6V1H1
Q56A27 F6SGX1
Q6AXQ0 F7AQB8
D3ZTL5 F6RAF9
A0A0H2UHH4 F7DLP6
A0A0G2KAW5 F6XXS9
E9PSW8 F7DKR0
A0A0G2K099 F6ZWW8
Q71MM7 F6R7P8
D3ZCS5 F7C687
D3ZKI6 F7DBN1
D3ZU21 F7CYC1
Q6IFW2 F6QSZ1
G3V6L8 F6XFZ0
D4ACX5 F6QE07
D4A8B1 F7BR39
A0A0G2K0W9 F6QBH0
D3ZCS4 F6WFQ1
M0R7E6 F6QDP0
Q7TP77 F6YNS5
Q66H76 F7BTM1
G3V8V1 F7AS83
Q5U2N1 F6PJZ6
O88275 F6XY88
A0A0G2JTM3 F6XW48
Q62844 F6T9G2
Q62703 F6X7C1
D3ZRJ0 F6T8R5
Q9ESZ0 F7A2K4
Q9Z0L5 F7AG33
D3ZCK4 F6ZFB4
D4A997 F6TIH5
D3ZCU8 F6T6R9
D3ZUC2 F7BEV6
O70436 F6U3F1
D2XV59 F7CIG3
D3ZZR5 F7DK60
P63074 F6YPT0
D4ABU7 F6PSF7
D3ZAS2 F6T6N5
B1WC03 F7A6Y6
Q5EB77 F6SMB9
Q5RKH2 F6ZIP2
D3ZCS5 F6QT97
D4A997 F7BUD9
Q6IM78 F6UV62
Q8CFN2 F6U3F1
D4AA19 F7AMD4
F1M9D6 F7BQ20
Q9WTT7 F6X610
D4A321 F6TZF2
A0A0H2UHG0 F6S9J8
G3V8M9 F7B6E7
A0A0G2K3H2 F7A445
A0A0G2K435 F7AQB8
D3ZV19 F6UMX0
G3V8S0 F7C687
F1LQZ4 F6X8D2
A0A1W2Q693 F6TQP5
G3V8T0 F6Z2C8
M0R6J0 F6W365
M0R6Q6 F6VKU3
B1H260 F6URY0
Q5XI94 F6Z579
D3ZD03 F6WC83
P62193 F7E4H2
D3ZCS4 F6QHL9
Q5U2Q7 F7BZ50
A0A0G2JXI1 F6TG68
A0A0G2JUU7 F6UC37
R9PXT7 F7E2V0
D3ZUV3 F6PZJ0
G3V8M1 F7CE06
G3V660 F6PU05
Q7TQ24 F6R8D3
Q4KM87 F6T5N4
F1LM47 F7CM57
D3ZWI4 F6Z8H7
M0R4H8 F7BZ50
B1PLB1 F6S1S0
G3V9A3 F7CIM1
G3V8H8 F6SQ67
Q9WTQ1 F6RAD7
Q5PQX1 F6QHL9
Q5U2Q7 F6SMB9
Q924T9 F6RWL0
Q6XVN8 F7B3R2
Q3B7V0 F6PLT9
G3V734 F6YPT0
Q9Z2S9 F6RKT2
D4A5F5 F6YVG5
Q07014 F7CZ92
Q63610 F6ZTR4
D4AAV4 F6QE94
Q63429 F6QH40
Q9R010 F7CUM5
P04692 F6RAD7
D3ZTN0 F6RGR8
D4AE95 F7BRV2
P11762 F7D5C0
D3ZVQ9 F7A4N1
Q9WTT7 F6WFQ1
E9PTT0 F7D9K7
A0A140TAD2 F7C1S0
F1M7V6 F6U4Y1
D3ZGK2 F6ZDQ1
D3ZIS7 F6RX88
Q6AY02 F6X854
A0A0G2JSU7 F6XKQ4
F1M8V2 F6YZ50
G3V734 F7CPH9
B5DFC0 F6YMY3
P53987 F6VR95
Q06486 F6X1H9
A0A1W2Q693 F6WF73
D3ZN76 F7CM57
F1M953 F6TZX8
P18864 F7DPD1
P04692 F6Y6W2
D3ZD80 F7DPA6
Q7TP77 F6ZJW3
Q66H47 F7AKA4
A0A0A0MXW1 F7BR39
M0R8I8 F6QMT3
Q5PQL2 F7BQL5
D3ZDP9 F6U8L2
Q7TNZ9 H9GZL9
F1M944 F7DZ01
E9PT44 F6QV31
Q5RK09 F6QDP0
O55099 F6TC63
F1LSE5 F6Y3C8
D3ZQ41 F6WE15
D3Z8X4 F6Z911
G3V7M6 F6Z7W3
Q5RK09 F7CZH3
G3V7A4 F6ZI51
F1LNV4 F6SR05
F7FNS3 F7E3W0
Q5PQL4 F7E2W7
D4A0Y2 F7AD88
A0A0G2JTM3 F6PHR4
G3V7S5 F6QID9
G3V665 F6YEZ1
D3ZMN4 F6U3Q2
Q5RKH2 F6RHD5
Q5U313 F6XL24
A0A0G2K435 F7BJA4
M0R3J4 F6SYZ2
A0A0G2KAW5 F6QM47
B0BNN4 F6SP74
D4A024 F6V1H1
Q63768 F7BME5
P16086 F6ZRP5
E9PSY8 F7BQL5
D4A0E8 F7CKI0
A0A0G2JSJ5 F7CFZ8
M0RAA8 F6ZGZ9
D4A8B1 F6RXL8
D4ACK0 F6YFI8
P18596 F6RW61
G3V9K0 F6SR05
G3V8M1 F7DXU3
M0R613 F6TRE4
B0BN68 F7AQB8
Q6AXQ0 F6T5N4
F1M6E5 F6QFJ2
A0A0A0MY07 F7BJA4
Q5FVN0 F7B439
B5DFH7 F7DIL5
A0A0G2K2M9 F6SJM8
Q6AYS4 F7ACR2
D3ZTM7 F6TIV6
G3V7R8 F6YE97
F1MA10 F6WLC5
Q5PPI1 F6YE64
Q8K4H4 F6QKY4
Q66H76 Q2QLB0
B0BN63 F6YE64
D3ZHH8 F6WU14
P62997 F6X756
A0A0H2UI20 F7AQZ6
Q4KM87 F7A445
A0A0G2JSU9 F6YIZ5
Q63769 F7AC64
B5DFK2 F7CNU5
P61212 F7D482
D3ZE49 F7B5F6
Q9WTT7 F6WIS6
O08658 F7CE06
D3ZGS3 F6ZSV4
D4ADG3 F6V522
Q6AYM1 F6WKC0
Q4KLL9 H9GZW9
Q56A27 F6X4H0
Q498M4 F7DPL7
D3ZQW1 F6T1S2
A0A1W2Q693 F6QF43
P18864 F6QM22
R9PXV5 F6U159
D3ZD80 F6WGT1
F1MAL5 F6X610
F1LM47 F7BUD9
A0A0H2UHT5 F7A4K0
F1LNZ2 F6ZJW3
D3ZCU8 F7BJ62
E9PSY8 F6Q912
D3ZUU6 F7A331
M0RBT9 F7BE56
D4AB26 F7B7T8
A0A0G2K8Q8 F6SUQ1
P62986 F6Y6W2
F1LPC8 F6QTJ6
A0A0G2KA75 F6R0Q5
Q6P7B6 F6RPT6
D3ZA02 F7BVS7
D4A078 F6ZQ40
P08644 F6XB71
F1LQH2 F6R1C8
Q5U2Q7 F7ANS3
Q91ZN7 F7BQL5
O08625 F6XBY0
A0A0A0MXW1 F6S8G1
Q6P7B6 F6W380
M0R6J0 F7BJA4
Q5U2Q7 F6SCX8
B1WC26 F6YM24
Q5U328 F6RGR8
D3Z8G7 F6WF73
D4AC38 F6QQB3
D3ZNQ6 F6Y8U8
Q5FVC5 F6Z832
Q8VBU7 F6SWV0
Q5XI94 F7CJZ6
D3ZCS4 F6XB71
M0RBS9 F6SR05
B1WC90 F7ATQ2
Q6DGF2 F6X4H0
D3ZCS5 F7AKZ2
P12841 F6RW70
D3ZVT2 F6VR95
A0A0G2K099 F7AKJ4
Q5RK09 F6YE64
G3V734 F6U0H9
F1M6X7 F6U0H9
Q4QQS7 F6YZZ3
P62986 F6XF44
D4ADD7 F7DTH7
F1M8R0 F6VZX7
G3V8B6 F7C5G3
G3V734 F7CYC1
O08658 F6ZVU0
B1WC03 F7ACR2
Q6MG27 F6Y386
A0A0G2K0K6 F7BYR2
E9PU02 F6QE94
P62994 F7BQS3
G3V7K9 F6WPK8
D3ZZC1 F6QLY4
D3ZLQ6 F6T413
A0A0G2JXI1 F7DZ01
O35078 F7DIR9
P62986 F6W702
F1LN88 F6ZUG4
O55099 F6Y8U8
Q7TNZ9 F7AVT9
A0A0G2K9T1 H9GZN5
A0A0G2QC27 F7C7G0
D4A0E8 F6RMA4
Q6AXT9 F6V531
A0A0G2KAW5 F7CKI0
A0A0G2KBA2 F6TQP5
P43138 F6ZB53
D3ZZZ9 F6UQ25
D4AB71 F6QBK9
D4A6J0 F7A7Y4
A0A0G2K5E4 F7B821
M0RDR7 F6YE64
B2RZ84 F6T962
D3ZUY8 F6TPY8
Q63046 F7C0S3
F1LNZ2 F6XJR7
Q5U349 F6XRN7
M0RBS9 F7CRB4
F1LNZ2 F6RKT2
Q5M7U6 F6TP72
A0A0H2UHH0 F6VAM9
Q5XIC6 F7BVJ7
Q64232 F7D0U2
E9PU02 F7CYC1
D3ZIL9 F6U4I9
F1LNZ2 F6YNS5
Q10980 F6ZAB4
P70541 F7AMW4
D3ZSN7 F6RC81
Q5I0C9 F6X1H9
Q6AYS4 F6S8G1
P30936 F6TB29
Q9ER34 F6X5Q8
F1LM28 F6W711
G3V8M1 F6X4H0
F1MA31 F7A2K4
Q5EB77 H9GZW7
G3V8C3 F6YG82
Q5RKH2 F6XJR7
Q09167 F6WD43
A0A0G2QC27 F6VS95
P55090 F7CAF4
D4ACG2 H9GZM9
P62260 F6XA04
G3V8H8 F6Z6I4
Q498M4 F7E4H2
A0A0G2K7F0 F6VG75
G3V9Y6 F6QG75
Q5M9F8 F7AMM0
A0A0G2JY58 F6Y797
D3Z9L5 F7DBS4
A0A0G2K047 F6U5K3
Q6IMY8 F7E4G6
A0A096MKF8 F6SR05
A0A0G2JUE5 F6Z832
F1LQZ4 F6ZL78
G3V8M9 F6SA01
F1LNZ2 F7E3W0
Q6DGF2 F7CE06
Q4KM34 F6YHD4
Q4FZT0 B2L109
A1A5R9 F6SFP3
Q5U313 H9H002
A0A0G2QC17 F6ZZT8
D3ZI07 F6QE94
Q9WVK7 F6ZNU4
A0A0G2K8Q8 F6UFI8
M0R835 F6UNR3
D3ZI07 F7CPH9
Q56A27 F7DXU3
Q5I0J5 F6V099
F1LW70 F6QID9
D3ZN76 F7D7T6
D3ZCS5 F6SPS0
D3ZDJ3 F7C1M0
E9PTF0 F6XQL3
D3ZUY8 F7AV85
D3ZVM4 F6T413
P19357 F7D0F2
A0A0H2UI20 F7CZ92
P62997 F7D0U2
B0BMW2 F6SL95
D3ZZ22 F6QID9
E9PSY8 F6WIS6
Q5FWT1 F6Z4V6
Q4KM87 F6W365
D3ZTM7 F7D5J1
F7FNS3 F6XJR7
D3ZP93 F6W6U5
A0A0G2JX16 F7CYC1
D4ACN8 F7D2X9
G3V8V1 F6STY7
A0JPN1 F6XP39
D2XV59 F6XJY4
D4A895 F6V249
M0R4H8 F6Q4S1
D3ZBT2 F7C7J6
D3ZCS4 F6X610
Q07014 F6ZI51
D4A7D3 F7D721
E9PU02 F6PJZ6
Q9Z269 F7BJR6
A0A0G2K8R7 F6W702
D3ZS99 F7ACR2
D3Z863 F6VGS7
M0R7B3 F7DRF7
B2GUT8 F6VKU3
F1LR10 F6R5B2
Q9Z2H4 F7BII4
Q5U2Q7 F6YMD9
M0RDF7 F6XY88
Q5XIF3 F6WY50
Q5PQX1 F6X610
B1WC26 F6QPI5
D3ZN47 F6PNX0
P19139 F7BXZ1
P04692 F6RW70
F1LP66 F6XF44
D4AC36 F6RKT2
G3V734 F7DLK0
Q5FVK8 F7AUG2
F1M6T6 F6SR05
F1LPQ4 F7DM52
Q9WVK7 F6U0H9
Q5M865 F6SDK6
A0A0H2UHT5 F7CL38
Q5QD51 F6XA38
M0R6J0 F7A445
Q7TNZ9 F7DND6
F1M173 F7DRB9
D3ZAS8 F6SX98
A0A0G2K3H2 F6W365
B2RZD6 F6ZIP2
Q6PCT9 F7DW15
D3ZCX1 F6R8M0
D3ZCS5 P02758
A0A0G2K9F0 F7DMY1
A0A0G2JX16 F6ZNU4
A0A0G2JU15 F6W365
D3ZN47 F7C190
Q5RK24 F6PI03
A0A0H2UHZ0 F6ZU69
F1LNZ2 F6ZPY1
Q5FVN0 F6TS03
D3ZTM7 F6WM19
G3V845 F6UHC7
A0A0G2JW83 F7BU65
Q8K422 F6W8H2
D4A321 F6WXF6
Q9Z2Z8 F6TQP5
E9PT44 F6Y6W2
G3V660 F6W702
Q9WV48 F6X7E1
B5DF82 F6X5K4
A0A0G2K0W9 F6TBN7
P97831 F6TB29
Q6P0K8 F6VJ81
A0A0G2JSI8 F6R5G1
Q5PQL2 F6Q912
A0A0H2UHR6 F6TDH5
D4AC33 F6Z5Y6
Q56A27 F7CE06
A0A0G2JSU9 F7BZE6
M0R835 F7E0B9
B2GV58 F6QHL9
A0A0G2JU15 F7AQB8
Q4V7D8 F6XW20
Q4V8B4 F6XKQ4
A0A0G2K4P5 F7DZ01
Q5U214 F7DG19
D3ZUY8 F6WYN1
Q2IBC6 F7ALM2
D3ZY39 F6RQX2
F1M944 F6TG68
M0R7E6 F7E4H2
Q9QWJ9 F6TG68
A0A0H2UHT5 F7AQB8
P17105 F7DK71
D4A0E8 F7BEP7
A0A0G2JU05 F6QE61
F1LPT7 F6U218
A0A0G2K4P5 F6QE61
Q3B7L3 F6YMZ7
D3ZQE8 F6ZZ67
F1M8E5 F6X854
D3ZX56 F6ZL03
A0A0G2K8R7 F6PU05
F1LRV4 F6YZJ4
D3ZZN9 F6QF43
F1LP66 F6QV31
F1LM47 F6TIH5
Q62760 F7DCG7
D4A4Q7 F7AEI2
F1LNZ5 F7BTP9
A0A0G2K612 F6R1Z0
D3ZI07 F6U0H9
Q5U349 F6UWX4
P53790 F7D5P1
F1LRS5 F6UCG9
G3V7A4 F7CZ92
A0A1W2Q6L7 F6RLA7
F1LM47 F6Z4L0
Q6PCU4 F7D7T6
Q9WVK7 F7DLK0
Q4FZT0 F7DYB4
D3ZFY2 F6X7E1
Q66H76 F6ZGT4
Q5U2N1 F6QE94
D3ZDG0 F7BE18
D4ACG2 F7BUD9
F1M8R0 F6WBA2
D4AB49 F6ZAN5
Q66HL7 F6X0H9
D3ZLQ6 F7BUS2
P30835 F6RKT2
Q5M9F8 A5YBL8
D3ZFY2 F6RZR6
D3ZRN3 F7AHF3
F1LP66 F6RW70
D3ZRJ0 F7D9R2
G3V8M1 F6SGX1
D4ACG2 F6RNY1
Q3SWU0 F6ZJW3
Q4FZT0 F7CKR6
P38483 F6WR88
P29066 F7CKI0
G3V7R8 A5YBL8
M0R7E6 F6XJY4
Q3B7D3 F6QPR9
A0A0G2K9F0 F7C1C0
Q4KLL9 F7BZ41
Q91XU7 F6R6E3
F1M9B2 Q95LJ1
Q6DGF2 F7DXU3
D3ZRJ0 F6ZBQ5
A0A0G2K4P5 F6ZPG5
P62997 F6UUX5
A0A0G2JU05 F6ZPG5
D3Z962 F6SRC6
D3ZN76 F6Z4L0
Q8VHX0 F6V9P2
P14173 F6T858
P61983 F6ZFH9
Q5PQL2 F6QHL9
B2RYT6 F6X7E1
P82995 F7BSD3
D3ZZ22 F6R616
Q5U2N1 F7CYC1
A0A140TAI1 F7CRB4
D4AE95 F6UFE6
P35289 F6S1M3
D3ZFQ4 F6R616
A0A0G2JY43 F7B1A9
E9PU02 F7DLK0
D4A895 F7B674
A0A0G2KAW5 F6UGI4
P30835 F7E3W0
A0A0G2QC27 F6SMB9
M0R8I8 F6QQB3
D3ZYT8 F6X5Q8
P63074 F7DLK0
D3ZZN9 F7B944
G3V7A4 F6VIS6
A0A0G2K331 F7CDD7
D4A4A9 F6ZUG4
Q80Z34 F6TRE4
F1LQ81 F7E4H2
O08658 F6VSR3
Q6MG13 F6Q0S8
B1WC49 F6Z073
Q4KM87 F6ZMZ5
G3V734 F6ZNU4
E9PT58 F6V4S9
Q5BJP1 F6QT97
M0RDA4 F7E1X2
M0RC57 F6WJS9
Q9Z270 F6QXT2
D3ZUJ5 F6T413
O35814 F7CKR6
Q4KM34 F6Q1B4
G3V913 F7E3Y7
P17325 F6YYG4
D3ZBL5 F7A9E9
P62997 F6QHW7
A0A0G2K0K7 F6Y3C8
Q9QVC8 F7B821
F1LNZ2 F6YKY8
F1LRM7 F6Y8T1
Q5BK32 F6R8G3
Q9Z270 F6YPK5
B1H260 F7DJE8
A0A0G2K099 F6Z587
A0A0A0MY07 F6W365
Q5U349 F6SEB6
A0A0G2K5E4 F6QBH0
G3V913 F6ZBH0
D3ZUU5 F6ZUG4
Q0D2L2 F6T5N4
O35814 F7DYB4
D4A0E8 F7A5R3
Q56A27 F7DG19
D3ZAW2 F6UGE6
Q9WTT7 F6XB71
A0A0G2JU15 F6T5N4
F7FNS3 F7D9E5
D3ZRD2 F6YK38
Q6AXT9 F6X404
Q5PQL2 F6XL24
M0RBT9 F6R8P9
B2RYH5 F6U286
G3V845 F6Y0Y4
G3V6P6 H9GZN5
D3ZD72 F7CM57
A0A0G2K3H2 F7A4K0
D4AAV4 F7DLK0
A0A0G2K9T1 F6QV31
Q66H33 F6PWB8
Q6MG08 F6R0H9
P12841 F6XF44
D3ZI07 F7CYC1
D4A1U7 F6WBA2
G3V8H8 F6SPS0
G3V8M5 F6QZ21
D3ZZN9 F6TA13
D3ZWI4 F6ZCQ3
Q5RKH2 F6ZPY1
G3V6S2 F6U0H9
D3Z9Y3 F6X5Q8
A0A0G2K1Q1 F6SA01
Q80U96 F6S8L9
A0A0G2JU15 F6Z8G6
P09416 F6YAJ2
E9PT13 F6X404
M0R3X3 F6RAF9
A0A0G2K3H2 F6ZMZ5
A0A0G2KAW9 F6TD27
G3V6S2 F6VU34
Q0D2L2 F7AQB8
Q91XU7 F7E191
D4AEC0 F7DMY1
A0A0G2JYV3 F6ZZT8
G3V7S5 F6YWM3
F1LRP7 F7BU40
F1LNW8 F6URY0
M0RCL1 F7DE98
D3ZG78 F6RRN3
E9PSY8 F6XL24
Q07008 F6R8G3
D3ZQW1 F6X8D2
Q6AY58 F6PJZ6
D4A478 F6W380
D3ZCU8 F7DUF7
D3ZEN8 F6ZIW8
A0A0G2K7F0 F6TD27
D3ZLS2 F7B5W5
A0A0G2K8Q8 F6Q795
P14173 F6ZPG5
D3ZVM4 F6UFI8
A0A096MKF8 F6X5Q8
D4A8G7 F7ACV1
P04692 F7BG35
D3ZMN4 F6VZD2
Q6AYA5 F6U3Q2
A0A0G2K9T1 F6V9A2
G3V9H8 F6WV32
P24368 F7AGA5
D4ACG2 F7CM57
G3V734 F6VU34
B1WC26 F6R0E4
Q6DGF9 F7C7Q1
Q0D2L2 F7A4K0
F7FNS3 F6ZPY1
F1M6X7 F6YPT0
Q6AXY8 F6YHD4
Q5XIN7 F6UGE6
D3ZUY8 F7CZ04
Q9WVK7 F6YPT0
Q4V7D8 P02758
A0A0G2K9T1 F6RW70
A0A0G2K9F0 F6XKQ4
F1LPK7 F7D721
D3Z8G7 F6TQP5
A0A096MIX2 F6PZ47
A0A0G2JX16 F6YPT0
P62986 F6V9A2
F1M9H1 F6XL68
D3ZFQ4 F6V1H1
