G1T4A3 F1RXB8
G1TGB4 A0A287A6E8
G1SIG2 A0A286ZTD8
G1T1D9 F2Z540
G1SV73 I3LJ47
U3KN12 A0A287BL28
G1TVH9 A0A286ZZL7
G1T2P2 P10668
E2J6N2 F1SGI2
G1TRM4 F1S034
G1SYB4 A0A287BCR0
G1SD04 I3L8G0
G1TXE3 F1SAY8
G1T662 F1RSD0
U3KMD4 I3LNC2
G1SI70 A0A287BBM7
G1SLV2 F1RK46
G1T839 A0A287BIR6
G1SXR5 A0A287AB06
G1TT75 I3LAE8
G1T866 F1RP05
G1TAP3 I3LM52
G1SXH7 K7GM45
G1SQM7 F1SG88
G1SYD6 F1RLQ2
G1SXH5 F1SUF1
G1T2X4 B1PHQ8
G1T8H5 F1RZS8
G1TYT3 A0A287BPL8
Q256T0 K7GSF2
G1T0H3 Q19S50
G1SRL8 A0A287ARC2
U3KNR1 A0A287A5X3
G1T856 I3LIL0
G1SGY7 F1SG88
G1U782 F1RZU1
G1SVF4 A0A287ABY4
G1TRW0 A0A287BKR2
G1TBF1 I3LTD6
G1U3I5 A0A287AE42
G1T7H0 A0A286ZVL0
G1SWQ8 I3LPB3
U3KPC9 A0A287A5L5
G1T9A1 A0A286ZL14
G1TL87 F1S1D3
G1TSP4 F1SP25
G1TXE3 A0A287B2D9
G1T481 F1REZ6
G1SVI9 A0A287BBB5
G1STW3 F1SB65
G1SEV9 I3LN88
G1TDU3 I3LR41
G1SVW7 F1SR02
G1TC95 A0A287B6Q2
G1SH00 F1RP05
G1U886 I3LVB8
G1SE50 F1RKX9
G1SSS6 A0A287BQM5
G1SEN5 A0A287AJ61
G1TCS7 F1ST22
G1SWQ8 F1S1D3
G1SWN0 Q52NJ3
G1TDJ9 A0A287BEV5
G1SV63 A0A287AV47
G1SKU2 A0A287AFY4
G1SML4 A0A287ANH9
G1SFD1 F1SGS8
G1U8U5 A0A287B5T1
G1TA77 P34999
G1U886 F1SG07
G1TGR9 I3LSK3
G1SLH7 F2Z5N6
G1SL22 A0A286ZJ88
G1T8H7 B5KFD7
G1U8A0 A0A286ZSJ2
G1TCW3 F8R6K7
G1TSL1 Q1G1K7
G1TB50 A0A286ZKH9
G1SXD4 A0A286ZQA8
G1U8V0 F1SRB6
G1T7B5 A0A287A7H6
G1T4C3 A0A286ZQM7
G1TB39 F1RGP5
G1U5D4 I3LV81
G1SGU6 F1S1D3
G1SGJ3 K7GL66
G1TIP3 A0A287B642
G1T4R1 A0A286ZM08
G1TRM4 I3LFX5
G1TBZ1 F1STM9
G1SM20 A0A286ZJV8
G1SZ81 A0A287BPQ8
G1TIU4 A0A287B5M8
G1SNL0 F1SV13
G1T626 F1SAL5
G1TF91 A0A287A2R9
G1T1B1 I3L9U8
G1SZJ7 F1S5N6
G1SY36 F1SPG1
G1SIJ3 I3LV81
G1T2K5 A0A287B1A7
G1SVF3 K9IVL0
G1TEY7 A0A287BIK4
A0A0G2JH20 O02705
G1T632 I3L8A2
G1T2L6 A0A287A9W0
G1TE66 F1RSB8
G1SQ27 Q29549
G1SMQ9 A0A287BEY7
G1SGX4 I3LFX5
G1SGU6 A0A287BEU1
G1T1W2 A0A287ANK9
G1TXW7 I3LG73
G1TAR0 I3LFX5
G1TAB1 F1SAK9
G1T6Z9 A0A287AJL7
U3KMX0 F1RRS6
G1T4R0 F1S5N5
G1SR27 B6E241
G1T421 A0A286ZI96
G1SQM7 I6L6T2
G1SZQ7 F1SI55
G1SR82 F1SD83
G1SXX9 A0A286ZJP2
G1TEZ2 F1S034
G1U1M3 F1SPR8
G1TP72 F1SEJ3
U3KNV2 A0A287AWP7
G1SUD3 F2Z566
G1T4I7 B8Y650
U3KN87 A0A287A5F6
G1TT06 F1ST01
G1SP94 F1SST2
G1STQ2 I3LI16
G1SJT1 F1RFL8
G1SIT9 Q6QAQ1
G1SYA1 I3LU32
G1SI60 F1RNP8
G1SWW8 F1RI39
G1T757 F1RLE6
G1SMY6 A0A287BHC9
U3KMP1 K9IVV5
G1T168 I3LFX5
G1ST95 F1SPF9
G1SGB3 F1RP05
G1SWN0 A0A287A5J3
G1T5U9 A0A287BGY8
G1TY37 I3LVB2
G1TIP3 A0A287A9Y2
G1SMK8 F1RP05
G1T8N1 F1S1U5
G1T2K5 A0A287BBE4
G1SX32 F1SUT8
G1SZF2 A0A287B653
G1TIP3 A0A287ARA4
U3KN58 D4P3C2
G1SYV9 A0A287AC34
G1SMM5 F1RP05
G1T5Y0 A0A286ZRB8
G1SID9 A0A287AF06
G1SZK4 A0A287BQ14
G1SZR1 B1A9K1
G1SIG3 I3LP32
G1SXF3 F1RGX9
G1TGG7 A0A287BMU9
G1SMV8 A0A287AU22
G1T919 F1RKW0
G1TCG7 F1SPE5
G1SMQ1 F1RWT7
G1SSE2 F1SUH8
G1T0X6 A0A287BK29
G1T6A2 A0A287BEW6
U3KP67 F1S0S4
G1T087 I3LFR2
G1SUH7 I3LVL0
G1TWA4 A0A287AMU0
G1U6P9 F1SHD4
G1SEN5 R4JU57
G1U0V9 F1SCL0
G1T632 A0A287AMD7
G1SRV2 A0A287AI88
G1SP98 P67937
G1SUJ9 F1SAG1
G1SFR1 F1S412
G1SJI9 F1S5N6
G1T2P2 A7UNK0
G1TVH9 F1SC64
G1TRQ7 F1S3R9
G1U998 F1SE91
G1SEN5 A0A287AJJ6
G1SXS3 I3L897
G1SIU3 A0A287AA49
G1SVF2 F1SMW9
G1T5Z6 F1SMG4
G1TUQ4 I3LTU2
G1T5Y0 A0A287AB06
G1SIW6 F1SRJ6
G1T4R0 A0A287B4V5
G1SUQ7 F1SPZ6
G1TMG7 A0A287BEW6
G1U105 F1SCL0
G1U0W2 A0A286ZZX0
E2J6N2 F1SSX7
G1T143 K7GR70
G1SCU8 F1RXF7
G1SHE2 F1SP25
A5A4K8 I3LHJ5
G1TGB4 E7CXS0
G1SI26 I3LE14
G1T1E3 A0A287AD78
G1SVI0 F1SLL4
G1TFN4 A0A287B4D6
G1U427 F1SSH4
G1TAR0 F1S034
U3KNH2 A7XUJ6
G1U9B2 A0A287B6J8
G1SJT2 A0A287A3D8
G1T2X4 F1SHD4
G1T4A9 F1RP15
G1T8R0 F1RXB8
G1T168 A0A287BBE4
G1T3P3 F1SFF0
G1STW3 A0A287BEW6
G1TXL5 F1RFG5
U3KM17 F1S834
G1T168 A0A287B1A7
G1SHX4 F1SGI2
G1SM25 A0A287AQ46
G1SSM2 I3L7K2
G1T0R4 F1SFK5
G1TRM4 A0A287BBE4
G1SV73 A0A287B653
G1T035 A0A287BBY6
G1TGG7 I3LIH2
G1T6A2 F1ST22
G1TB09 F1SGS8
G1T866 A0A286ZMY6
G1TCS7 F1SB65
U3KPC9 F1RVD7
G1SQN9 Q9GJR5
G1TGD9 F1SUZ6
G1T4M5 F1SPK1
G1TAH7 A8U4R4
G1SLT0 F1ST82
G1SVQ8 A0A286ZN56
G1SP98 I3L7Q7
G1TXL5 A0A287BBM7
G1T1J5 F1SG07
G1SYN1 K7GQT5
G1T250 F1SV31
G1SUG3 A0A286ZI26
G1SPP5 F1RZQ1
G1U6Y3 A0A286ZM08
U3KMN9 F1SUV0
G1T4R0 F1SEX6
G1TD81 A1Y2K0
G1SQY1 I3LJ47
G1TMG7 F1SB65
G1U9B4 Q06AA7
G1SMY1 F1RPE5
G1T9W2 Q08353
G1STP3 I3LBY1
G1TMG7 F1ST22
G1SGJ3 A0A287BEU1
G1TCZ9 A0A287AZ31
G1SHX4 F1SSX7
G1T4W8 F1SL61
G1TE36 A0A287BQA2
G1T1J5 I3LVB8
G1SG61 F1RG69
G1TXW7 A0A286ZWP6
G1SDY5 F2Z558
G1SZL0 F1RWM5
G1TVH9 B5APU6
G1TLK7 I3LCK2
Q6ECK6 I4IYB5
G1U9B4 A0A287ANH9
G1SY36 I3L7Q7
G1T318 F1SUY6
G1SXC8 I3LNX4
G1SFK3 I3LHB2
G1T9T8 F1RRA6
G1SPP9 A0A140TAJ7
G1SWW8 Q2EHH7
G1T168 F1S034
G1TAV7 A7BJW1
A6N4D0 F1S1M5
G1TGC0 F1S5N5
G1T9W8 A0A287ADD9
G1SJI9 I3LBY1
G1U0W2 A0A287B653
G1SWW8 F1SB42
G1TPA9 A0A287A233
G1STP3 F1S5N6
G1TID3 F1S106
G1SE22 A0A287AA49
G1TRM4 A0A287B1A7
G1SZJ7 F1SP25
G1SX32 A0A287B726
G1U6P9 B1PHQ8
G1SLQ0 A0A286ZLJ9
G1SN63 F1SRR6
G1SGJ3 F1S1D3
G1TZS4 I3LMS7
G1U631 A0A287BBC6
G1TL87 I3LPB3
G1SLH7 F1SUT8
G1TCS7 A0A287BEW6
G1TID3 F1RRK1
G1U1V2 A0A287ADD9
G1SZE4 A0A286ZV23
G1U730 A0A287ARD7
G1SXR5 A0A286ZRB8
G1T8P3 F1RPE5
P47823 F1SG88
G1T2N2 F1SI55
G1SK06 F1RLT7
G1T617 F1RIG2
G1TW52 A0A287AQ46
G1TIX5 A0A287B4M4
G1SZT9 F1RHK6
G1SIC9 A0A286ZQA1
P47823 Q767K6
G1T9D0 A0A287AP23
G1U4L6 I3LFX5
G1TMB8 F1RSW9
G1ST95 A0A287BNB0
G1TBZ1 F2Z5I0
G1TWB1 F1S5K5
G1U0W0 F1SNC8
G1T8W9 Q56VC2
G1TN11 A0A287A5J3
G1SYP2 A0A286ZVH7
G1SGU6 K7GL66
G1SVF3 F1SA91
G1T7B5 B5APU6
G1T0Y9 F1SKF9
G1SYE7 F1RUP2
G1T9F3 F1RWJ5
G1SQM7 D7RA34
B7NZM8 F2Z4Y1
G1T1H3 A0A286ZZ03
G1SGY7 Q767K6
G1SZR6 A0A287A2J9
G1SX32 A0A287ARA4
G1TBR1 I3LLY4
G1TAA3 A0A287BL78
G1SUI1 I3LF69
G1SY36 P67937
G1U1Z6 I3LMS3
G1SGZ9 F1RYE9
G1TMN2 F1RS27
G1TBB8 K7GSM3
G1T1L1 M9MMN1
G1SSS6 F1SJL3
G1TID3 F1SP25
G1SIC8 A0A287AJU8
G1U419 F2Z5I5
G1T2T9 Q06AU6
G1TAE2 D3K5N7
G1SVQ9 F1S5N5
G1STH6 I3LJ47
G1SVB7 A0A287A4L2
G1T1R8 F1S8W2
G1SI38 F1S9S0
G1U7J6 A0A287A000
G1T1S7 F1RJ53
G1TID3 F1S5N6
G1T2K5 I3LG73
G1TCS7 F1SS65
G1T6A2 F1SB65
G1SMY1 F2Z5J1
Q09YN6 Q6RVA9
G1TDK5 A0A287ACE1
G1TNE6 F1SLZ5
G1TVH9 A0A287A7H6
G1SUD3 F1STU0
G1SI70 F1RFG5
G1SX32 A0A287B0Y7
P47845 A3EX84
G1STZ5 F1SHN7
G1SX32 F2Z5N6
G1SW67 F1SU06
P63169 D9U8D1
G1SYB4 Q007T2
G1SLH7 A0A287B0Y7
G1T2V7 A0A287AHF0
G1TE94 A0A287BNT0
G1T062 I3LDL8
G1SZ36 K7GND2
G1SLT0 F1SL61
G1SDE9 A0A287B1Z3
G1U0D5 A7LKB1
G1SP89 F1RNA6
G1SKJ6 F1RUH7
G1SLT0 K7GN73
G1THG0 I3LSD5
G1SL22 I3LHP5
G1TV31 B5APV0
G1TDU3 F1SPZ6
G1SW67 A0A287AD78
G1SY00 F1S8N5
G1SRL1 A0A287ANE3
U3KPJ9 A0A287AU22
G1TGC0 F1SEX6
G1SZM2 P79307
G1SQU6 F1SKF9
G1U907 F1SFR7
G1SZJ7 F1S106
G1ST56 A0A287AQR4
G1U4S3 F1RJG8
G1SS22 F1SRE0
G1TD22 F1RTL0
G1SR82 A0A287AI32
G1TBB8 Q19ML6
G1TB09 A0A287BF41
G1TSP4 F1S106
G1T876 A0A287ARD1
G1SGX4 F1S034
G1SGX4 A0A287B1A7
G1TIP3 A0A286ZT34
G1STG2 B5LX40
G1U215 A0A287BBC6
G1SZF2 I3LJ47
G1SVQ9 F1SEX6
G1TYJ9 F1ST61
G1SEN5 A0A287BJH4
G1SGX4 A0A287BBE4
G1SN37 F1SPR8
G1TMG7 F1SS65
G1SHE2 F1S106
G1SJ36 A0A287BRP0
G1U8C1 I3L5H9
G1T0H1 F1RPE5
G1T221 A0A287BDL6
G1SE15 A0A287BB06
G1SKC4 I3LIT1
G1T8P3 F2Z5J1
G1TWB1 I3L7K2
G1TC95 A0A287AU87
G1SN37 I3LDL8
G1SZD5 I3LBE3
G1T6A2 F1SS65
G1SJ89 A0A286ZZ95
G1SE83 A0A287A7J8
G1TIP3 A0A287B726
G1SIG3 F1RXX3
G1TZY7 A0A286ZJ88
G1SN87 F1SKR9
G1TEZ2 I3LFX5
G1TP25 B5LX40
P04924 P23563
P79218 F1SUF1
G1TN11 F1S439
G1SN14 F2Z5R6
G1SUN2 F1RP49
G1T8H5 B0M1M6
G1TJ36 F1RPE5
G1T165 I3LN88
U3KNR1 F1RKZ6
G1SRH7 F1SU06
G1TIW9 F1RF93
Q8MK68 D7RA28
G1SWQ8 A0A287BEU1
G1T062 F1SPR8
G1SMD5 A0A287A2C8
G1SK48 F1S1U5
G1U7J6 F1RV14
G1TGM9 F1SDY3
P47823 I6L6T2
G1SMN9 A0A287BBC6
G1SWN0 F1S439
G1T3N8 F1SPR8
G1SGJ3 I3LPB3
