using old nif file for college_s0
using old nif file for college_s1
using old odv file for college_s0
using old odv file for college_s1
1 / 1044
2 / 1044
3 / 1044
4 / 1044
5 / 1044
6 / 1044
7 / 1044
8 / 1044
9 / 1044
10 / 1044
11 / 1044
12 / 1044
13 / 1044
14 / 1044
15 / 1044
16 / 1044
17 / 1044
18 / 1044
19 / 1044
20 / 1044
21 / 1044
22 / 1044
23 / 1044
24 / 1044
25 / 1044
26 / 1044
27 / 1044
28 / 1044
29 / 1044
30 / 1044
31 / 1044
32 / 1044
33 / 1044
34 / 1044
35 / 1044
36 / 1044
37 / 1044
38 / 1044
39 / 1044
40 / 1044
41 / 1044
42 / 1044
43 / 1044
44 / 1044
45 / 1044
46 / 1044
47 / 1044
48 / 1044
49 / 1044
50 / 1044
51 / 1044
52 / 1044
53 / 1044
54 / 1044
55 / 1044
56 / 1044
57 / 1044
58 / 1044
59 / 1044
60 / 1044
61 / 1044
62 / 1044
63 / 1044
64 / 1044
65 / 1044
66 / 1044
67 / 1044
68 / 1044
69 / 1044
70 / 1044
71 / 1044
72 / 1044
73 / 1044
74 / 1044
75 / 1044
76 / 1044
77 / 1044
78 / 1044
79 / 1044
80 / 1044
81 / 1044
82 / 1044
83 / 1044
84 / 1044
85 / 1044
86 / 1044
87 / 1044
88 / 1044
89 / 1044
90 / 1044
91 / 1044
92 / 1044
93 / 1044
94 / 1044
95 / 1044
96 / 1044
97 / 1044
98 / 1044
99 / 1044
100 / 1044
101 / 1044
102 / 1044
103 / 1044
104 / 1044
105 / 1044
106 / 1044
107 / 1044
108 / 1044
109 / 1044
110 / 1044
111 / 1044
112 / 1044
113 / 1044
114 / 1044
115 / 1044
116 / 1044
117 / 1044
118 / 1044
119 / 1044
120 / 1044
121 / 1044
122 / 1044
123 / 1044
124 / 1044
125 / 1044
126 / 1044
127 / 1044
128 / 1044
129 / 1044
130 / 1044
131 / 1044
132 / 1044
133 / 1044
134 / 1044
135 / 1044
136 / 1044
137 / 1044
138 / 1044
139 / 1044
140 / 1044
141 / 1044
142 / 1044
143 / 1044
144 / 1044
145 / 1044
146 / 1044
147 / 1044
148 / 1044
149 / 1044
150 / 1044
151 / 1044
152 / 1044
153 / 1044
154 / 1044
155 / 1044
156 / 1044
157 / 1044
158 / 1044
159 / 1044
160 / 1044
161 / 1044
162 / 1044
163 / 1044
164 / 1044
165 / 1044
166 / 1044
167 / 1044
168 / 1044
169 / 1044
170 / 1044
171 / 1044
172 / 1044
173 / 1044
174 / 1044
175 / 1044
176 / 1044
177 / 1044
178 / 1044
179 / 1044
180 / 1044
181 / 1044
182 / 1044
183 / 1044
184 / 1044
185 / 1044
186 / 1044
187 / 1044
188 / 1044
189 / 1044
190 / 1044
191 / 1044
192 / 1044
193 / 1044
194 / 1044
195 / 1044
196 / 1044
197 / 1044
198 / 1044
199 / 1044
200 / 1044
201 / 1044
202 / 1044
203 / 1044
204 / 1044
205 / 1044
206 / 1044
207 / 1044
208 / 1044
209 / 1044
210 / 1044
211 / 1044
212 / 1044
213 / 1044
214 / 1044
215 / 1044
216 / 1044
217 / 1044
218 / 1044
219 / 1044
220 / 1044
221 / 1044
222 / 1044
223 / 1044
224 / 1044
225 / 1044
226 / 1044
227 / 1044
228 / 1044
229 / 1044
230 / 1044
231 / 1044
232 / 1044
233 / 1044
234 / 1044
235 / 1044
236 / 1044
237 / 1044
238 / 1044
239 / 1044
240 / 1044
241 / 1044
242 / 1044
243 / 1044
244 / 1044
245 / 1044
246 / 1044
247 / 1044
248 / 1044
249 / 1044
250 / 1044
251 / 1044
252 / 1044
253 / 1044
254 / 1044
255 / 1044
256 / 1044
257 / 1044
258 / 1044
259 / 1044
260 / 1044
261 / 1044
262 / 1044
263 / 1044
264 / 1044
265 / 1044
266 / 1044
267 / 1044
268 / 1044
269 / 1044
270 / 1044
271 / 1044
272 / 1044
273 / 1044
274 / 1044
275 / 1044
276 / 1044
277 / 1044
278 / 1044
279 / 1044
280 / 1044
281 / 1044
282 / 1044
283 / 1044
284 / 1044
285 / 1044
286 / 1044
287 / 1044
288 / 1044
289 / 1044
290 / 1044
291 / 1044
292 / 1044
293 / 1044
294 / 1044
295 / 1044
296 / 1044
297 / 1044
298 / 1044
299 / 1044
300 / 1044
301 / 1044
302 / 1044
303 / 1044
304 / 1044
305 / 1044
306 / 1044
307 / 1044
308 / 1044
309 / 1044
310 / 1044
311 / 1044
312 / 1044
313 / 1044
314 / 1044
315 / 1044
316 / 1044
317 / 1044
318 / 1044
319 / 1044
320 / 1044
321 / 1044
322 / 1044
323 / 1044
324 / 1044
325 / 1044
326 / 1044
327 / 1044
328 / 1044
329 / 1044
330 / 1044
331 / 1044
332 / 1044
333 / 1044
334 / 1044
335 / 1044
336 / 1044
337 / 1044
338 / 1044
339 / 1044
340 / 1044
341 / 1044
342 / 1044
343 / 1044
344 / 1044
345 / 1044
346 / 1044
347 / 1044
348 / 1044
349 / 1044
350 / 1044
351 / 1044
352 / 1044
353 / 1044
354 / 1044
355 / 1044
356 / 1044
357 / 1044
358 / 1044
359 / 1044
360 / 1044
361 / 1044
362 / 1044
363 / 1044
364 / 1044
365 / 1044
366 / 1044
367 / 1044
368 / 1044
369 / 1044
370 / 1044
371 / 1044
372 / 1044
373 / 1044
374 / 1044
375 / 1044
376 / 1044
377 / 1044
378 / 1044
379 / 1044
380 / 1044
381 / 1044
382 / 1044
383 / 1044
384 / 1044
385 / 1044
386 / 1044
387 / 1044
388 / 1044
389 / 1044
390 / 1044
391 / 1044
392 / 1044
393 / 1044
394 / 1044
395 / 1044
396 / 1044
397 / 1044
398 / 1044
399 / 1044
400 / 1044
401 / 1044
402 / 1044
403 / 1044
404 / 1044
405 / 1044
406 / 1044
407 / 1044
408 / 1044
409 / 1044
410 / 1044
411 / 1044
412 / 1044
413 / 1044
414 / 1044
415 / 1044
416 / 1044
417 / 1044
418 / 1044
419 / 1044
420 / 1044
421 / 1044
422 / 1044
423 / 1044
424 / 1044
425 / 1044
426 / 1044
427 / 1044
428 / 1044
429 / 1044
430 / 1044
431 / 1044
432 / 1044
433 / 1044
434 / 1044
435 / 1044
436 / 1044
437 / 1044
438 / 1044
439 / 1044
440 / 1044
441 / 1044
442 / 1044
443 / 1044
444 / 1044
445 / 1044
446 / 1044
447 / 1044
448 / 1044
449 / 1044
450 / 1044
451 / 1044
452 / 1044
453 / 1044
454 / 1044
455 / 1044
456 / 1044
457 / 1044
458 / 1044
459 / 1044
460 / 1044
461 / 1044
462 / 1044
463 / 1044
464 / 1044
465 / 1044
466 / 1044
467 / 1044
468 / 1044
469 / 1044
470 / 1044
471 / 1044
472 / 1044
473 / 1044
474 / 1044
475 / 1044
476 / 1044
477 / 1044
478 / 1044
479 / 1044
480 / 1044
481 / 1044
482 / 1044
483 / 1044
484 / 1044
485 / 1044
486 / 1044
487 / 1044
488 / 1044
489 / 1044
490 / 1044
491 / 1044
492 / 1044
493 / 1044
494 / 1044
495 / 1044
496 / 1044
497 / 1044
498 / 1044
499 / 1044
500 / 1044
501 / 1044
502 / 1044
503 / 1044
504 / 1044
505 / 1044
506 / 1044
507 / 1044
508 / 1044
509 / 1044
510 / 1044
511 / 1044
512 / 1044
513 / 1044
514 / 1044
515 / 1044
516 / 1044
517 / 1044
518 / 1044
519 / 1044
520 / 1044
521 / 1044
522 / 1044
523 / 1044
524 / 1044
525 / 1044
526 / 1044
527 / 1044
528 / 1044
529 / 1044
530 / 1044
531 / 1044
532 / 1044
533 / 1044
534 / 1044
535 / 1044
536 / 1044
537 / 1044
538 / 1044
539 / 1044
540 / 1044
541 / 1044
542 / 1044
543 / 1044
544 / 1044
545 / 1044
546 / 1044
547 / 1044
548 / 1044
549 / 1044
550 / 1044
551 / 1044
552 / 1044
553 / 1044
554 / 1044
555 / 1044
556 / 1044
557 / 1044
558 / 1044
559 / 1044
560 / 1044
561 / 1044
562 / 1044
563 / 1044
564 / 1044
565 / 1044
566 / 1044
567 / 1044
568 / 1044
569 / 1044
570 / 1044
571 / 1044
572 / 1044
573 / 1044
574 / 1044
575 / 1044
576 / 1044
577 / 1044
578 / 1044
579 / 1044
580 / 1044
581 / 1044
582 / 1044
583 / 1044
584 / 1044
585 / 1044
586 / 1044
587 / 1044
588 / 1044
589 / 1044
590 / 1044
591 / 1044
592 / 1044
593 / 1044
594 / 1044
595 / 1044
596 / 1044
597 / 1044
598 / 1044
599 / 1044
600 / 1044
601 / 1044
602 / 1044
603 / 1044
604 / 1044
605 / 1044
606 / 1044
607 / 1044
608 / 1044
609 / 1044
610 / 1044
611 / 1044
612 / 1044
613 / 1044
614 / 1044
615 / 1044
616 / 1044
617 / 1044
618 / 1044
619 / 1044
620 / 1044
621 / 1044
622 / 1044
623 / 1044
624 / 1044
625 / 1044
626 / 1044
627 / 1044
628 / 1044
629 / 1044
630 / 1044
631 / 1044
632 / 1044
633 / 1044
634 / 1044
635 / 1044
636 / 1044
637 / 1044
638 / 1044
639 / 1044
640 / 1044
641 / 1044
642 / 1044
643 / 1044
644 / 1044
645 / 1044
646 / 1044
647 / 1044
648 / 1044
649 / 1044
650 / 1044
651 / 1044
652 / 1044
653 / 1044
654 / 1044
655 / 1044
656 / 1044
657 / 1044
658 / 1044
659 / 1044
660 / 1044
661 / 1044
662 / 1044
663 / 1044
664 / 1044
665 / 1044
666 / 1044
667 / 1044
668 / 1044
669 / 1044
670 / 1044
671 / 1044
672 / 1044
673 / 1044
674 / 1044
675 / 1044
676 / 1044
677 / 1044
678 / 1044
679 / 1044
680 / 1044
681 / 1044
682 / 1044
683 / 1044
684 / 1044
685 / 1044
686 / 1044
687 / 1044
688 / 1044
689 / 1044
690 / 1044
691 / 1044
692 / 1044
693 / 1044
694 / 1044
695 / 1044
696 / 1044
697 / 1044
698 / 1044
699 / 1044
700 / 1044
701 / 1044
702 / 1044
703 / 1044
704 / 1044
705 / 1044
706 / 1044
707 / 1044
708 / 1044
709 / 1044
710 / 1044
711 / 1044
712 / 1044
713 / 1044
714 / 1044
715 / 1044
716 / 1044
717 / 1044
718 / 1044
719 / 1044
720 / 1044
721 / 1044
722 / 1044
723 / 1044
724 / 1044
725 / 1044
726 / 1044
727 / 1044
728 / 1044
729 / 1044
730 / 1044
731 / 1044
732 / 1044
733 / 1044
734 / 1044
735 / 1044
736 / 1044
737 / 1044
738 / 1044
739 / 1044
740 / 1044
741 / 1044
742 / 1044
743 / 1044
744 / 1044
745 / 1044
746 / 1044
747 / 1044
748 / 1044
749 / 1044
750 / 1044
751 / 1044
752 / 1044
753 / 1044
754 / 1044
755 / 1044
756 / 1044
757 / 1044
758 / 1044
759 / 1044
760 / 1044
761 / 1044
762 / 1044
763 / 1044
764 / 1044
765 / 1044
766 / 1044
767 / 1044
768 / 1044
769 / 1044
770 / 1044
771 / 1044
772 / 1044
773 / 1044
774 / 1044
775 / 1044
776 / 1044
777 / 1044
778 / 1044
779 / 1044
780 / 1044
781 / 1044
782 / 1044
783 / 1044
784 / 1044
785 / 1044
786 / 1044
787 / 1044
788 / 1044
789 / 1044
790 / 1044
791 / 1044
792 / 1044
793 / 1044
794 / 1044
795 / 1044
796 / 1044
797 / 1044
798 / 1044
799 / 1044
800 / 1044
801 / 1044
802 / 1044
803 / 1044
804 / 1044
805 / 1044
806 / 1044
807 / 1044
808 / 1044
809 / 1044
810 / 1044
811 / 1044
812 / 1044
813 / 1044
814 / 1044
815 / 1044
816 / 1044
817 / 1044
818 / 1044
819 / 1044
820 / 1044
821 / 1044
822 / 1044
823 / 1044
824 / 1044
825 / 1044
826 / 1044
827 / 1044
828 / 1044
829 / 1044
830 / 1044
831 / 1044
832 / 1044
833 / 1044
834 / 1044
835 / 1044
836 / 1044
837 / 1044
838 / 1044
839 / 1044
840 / 1044
841 / 1044
842 / 1044
843 / 1044
844 / 1044
845 / 1044
846 / 1044
847 / 1044
848 / 1044
849 / 1044
850 / 1044
851 / 1044
852 / 1044
853 / 1044
854 / 1044
855 / 1044
856 / 1044
857 / 1044
858 / 1044
859 / 1044
860 / 1044
861 / 1044
862 / 1044
863 / 1044
864 / 1044
865 / 1044
866 / 1044
867 / 1044
868 / 1044
869 / 1044
870 / 1044
871 / 1044
872 / 1044
873 / 1044
874 / 1044
875 / 1044
876 / 1044
877 / 1044
878 / 1044
879 / 1044
880 / 1044
881 / 1044
882 / 1044
883 / 1044
884 / 1044
885 / 1044
886 / 1044
887 / 1044
888 / 1044
889 / 1044
890 / 1044
891 / 1044
892 / 1044
893 / 1044
894 / 1044
895 / 1044
896 / 1044
897 / 1044
898 / 1044
899 / 1044
900 / 1044
901 / 1044
902 / 1044
903 / 1044
904 / 1044
905 / 1044
906 / 1044
907 / 1044
908 / 1044
909 / 1044
910 / 1044
911 / 1044
912 / 1044
913 / 1044
914 / 1044
915 / 1044
916 / 1044
917 / 1044
918 / 1044
919 / 1044
920 / 1044
921 / 1044
922 / 1044
923 / 1044
924 / 1044
925 / 1044
926 / 1044
927 / 1044
928 / 1044
929 / 1044
930 / 1044
931 / 1044
932 / 1044
933 / 1044
934 / 1044
935 / 1044
936 / 1044
937 / 1044
938 / 1044
939 / 1044
940 / 1044
941 / 1044
942 / 1044
943 / 1044
944 / 1044
945 / 1044
946 / 1044
947 / 1044
948 / 1044
949 / 1044
950 / 1044
951 / 1044
952 / 1044
953 / 1044
954 / 1044
955 / 1044
956 / 1044
957 / 1044
958 / 1044
959 / 1044
960 / 1044
961 / 1044
962 / 1044
963 / 1044
964 / 1044
965 / 1044
966 / 1044
967 / 1044
968 / 1044
969 / 1044
970 / 1044
971 / 1044
972 / 1044
973 / 1044
974 / 1044
975 / 1044
976 / 1044
977 / 1044
978 / 1044
979 / 1044
980 / 1044
981 / 1044
982 / 1044
983 / 1044
984 / 1044
985 / 1044
986 / 1044
987 / 1044
988 / 1044
989 / 1044
990 / 1044
991 / 1044
992 / 1044
993 / 1044
994 / 1044
995 / 1044
996 / 1044
997 / 1044
998 / 1044
999 / 1044
1000 / 1044
1001 / 1044
1002 / 1044
1003 / 1044
1004 / 1044
1005 / 1044
1006 / 1044
1007 / 1044
1008 / 1044
1009 / 1044
1010 / 1044
1011 / 1044
1012 / 1044
1013 / 1044
1014 / 1044
1015 / 1044
1016 / 1044
1017 / 1044
1018 / 1044
1019 / 1044
1020 / 1044
1021 / 1044
1022 / 1044
1023 / 1044
1024 / 1044
1025 / 1044
1026 / 1044
1027 / 1044
1028 / 1044
1029 / 1044
1030 / 1044
1031 / 1044
1032 / 1044
1033 / 1044
1034 / 1044
1035 / 1044
1036 / 1044
1037 / 1044
1038 / 1044
1039 / 1044
1040 / 1044
1041 / 1044
1042 / 1044
1043 / 1044
1044 / 1044
JOBSFINISHED
