/home/wangph1/plant/data/slurm_logs/odvort/jl2aft/odvort-jl2aft-syeast0-syeast10.log
/home/wangph1/plant/data/slurm_logs/odvort/jl2aft/odvort-jl2aft-human-mouse.log
/home/wangph1/plant/data/slurm_logs/odvort/jl2aft/odvort-jl2aft-mouse-sheep.log
/home/wangph1/plant/data/slurm_logs/odvort/jl2aft/odvort-jl2aft-cat-human.log
/home/wangph1/plant/data/slurm_logs/odvort/jl2aft/odvort-jl2aft-horse-mouse.log
/home/wangph1/plant/data/slurm_logs/odvort/jl2aft/odvort-jl2aft-otc_s0-otc_s1.log
/home/wangph1/plant/data/slurm_logs/odvort/jl2aft/odvort-jl2aft-alpha_s0-alpha_s5.log
/home/wangph1/plant/data/slurm_logs/odvort/jl2aft/odvort-jl2aft-cow-pig.log
/home/wangph1/plant/data/slurm_logs/odvort/jl2aft/odvort-jl2aft-sxso_s0-sxso_s3.log
/home/wangph1/plant/data/slurm_logs/odvort/jl2aft/odvort-jl2aft-super_s0-super_s1.log
/home/wangph1/plant/data/slurm_logs/odvort/jl2aft/odvort-jl2aft-dog-horse.log
/home/wangph1/plant/data/slurm_logs/odvort/jl2aft/odvort-jl2aft-cow-human.log
/home/wangph1/plant/data/slurm_logs/odvort/jl2aft/odvort-jl2aft-reddit_s0-reddit_s5.log
/home/wangph1/plant/data/slurm_logs/odvort/jl2aft/odvort-jl2aft-sxso_s0-sxso_s5.log
/home/wangph1/plant/data/slurm_logs/odvort/jl2aft/odvort-jl2aft-cow-rabbit.log
/home/wangph1/plant/data/slurm_logs/odvort/jl2aft/odvort-jl2aft-sxso_s0-sxso_s1.log
/home/wangph1/plant/data/slurm_logs/odvort/jl2aft/odvort-jl2aft-cow-mouse.log
/home/wangph1/plant/data/slurm_logs/odvort/jl2aft/odvort-jl2aft-reddit_s0-reddit_s1.log
/home/wangph1/plant/data/slurm_logs/odvort/jl2aft/odvort-jl2aft-cow-guineapig.log
/home/wangph1/plant/data/slurm_logs/odvort/jl2aft/odvort-jl2aft-super_s0-super_s3.log
/home/wangph1/plant/data/slurm_logs/odvort/jl2aft/odvort-jl2aft-dog-human.log
/home/wangph1/plant/data/slurm_logs/odvort/jl2aft/odvort-jl2aft-cat-dog.log
/home/wangph1/plant/data/slurm_logs/odvort/jl2aft/odvort-jl2aft-mouse-pig.log
/home/wangph1/plant/data/slurm_logs/odvort/jl2aft/odvort-jl2aft-cat-pig.log
/home/wangph1/plant/data/slurm_logs/odvort/jl2aft/odvort-jl2aft-pig-rat.log
/home/wangph1/plant/data/slurm_logs/odvort/jl2aft/odvort-jl2aft-pig-rabbit.log
/home/wangph1/plant/data/slurm_logs/odvort/jl2aft/odvort-jl2aft-cat-mouse.log
/home/wangph1/plant/data/slurm_logs/odvort/jl2aft/odvort-jl2aft-cat-horse.log
/home/wangph1/plant/data/slurm_logs/odvort/jl2aft/odvort-jl2aft-mouse-rat.log
/home/wangph1/plant/data/slurm_logs/odvort/jl2aft/odvort-jl2aft-dog-pig.log
/home/wangph1/plant/data/slurm_logs/odvort/jl2aft/odvort-jl2aft-ubuntu_s0-ubuntu_s1.log
/home/wangph1/plant/data/slurm_logs/odvort/jl2aft/odvort-jl2aft-super_s0-super_s5.log
/home/wangph1/plant/data/slurm_logs/odvort/jl2aft/odvort-jl2aft-dog-mouse.log
/home/wangph1/plant/data/slurm_logs/odvort/jl2aft/odvort-jl2aft-mouse-rabbit.log
/home/wangph1/plant/data/slurm_logs/odvort/jl2aft/odvort-jl2aft-cat-guineapig.log
og
/home/wangph1/plant/data/slurm_logs/odvort/jl2aft/odvort-jl2aft-human-sheep.log
/home/wangph1/plant/data/slurm_logs/odvort/jl2aft/odvort-jl2aft-cat-cow.log
/home/wangph1/plant/data/slurm_logs/odvort/jl2aft/odvort-jl2aft-syeast0-syeast15.log
/home/wangph1/plant/data/slurm_logs/odvort/jl2aft/odvort-jl2aft-human-pig.log
/home/wangph1/plant/data/slurm_logs/odvort/jl2aft/odvort-jl2aft-horse-sheep.log
/home/wangph1/plant/data/slurm_logs/odvort/jl2aft/odvort-jl2aft-syeast0-syeast05.log
/home/wangph1/plant/data/slurm_logs/odvort/jl2aft/odvort-jl2aft-alpha_s0-alpha_s3.log
/home/wangph1/plant/data/slurm_logs/odvort/jl2aft/odvort-jl2aft-cat-rat.log
/home/wangph1/plant/data/slurm_logs/odvort/jl2aft/odvort-jl2aft-rabbit-rat.log
/home/wangph1/plant/data/slurm_logs/odvort/jl2aft/odvort-jl2aft-cow-dog.log
/home/wangph1/plant/data/slurm_logs/odvort/jl2aft/odvort-jl2aft-rat-sheep.log
/home/wangph1/plant/data/slurm_logs/odvort/jl2aft/odvort-jl2aft-pig-sheep.log
/home/wangph1/plant/data/slurm_logs/odvort/jl2aft/odvort-jl2aft-cat-rabbit.log
/home/wangph1/plant/data/slurm_logs/odvort/jl2aft/odvort-jl2aft-cow-horse.log
/home/wangph1/plant/data/slurm_logs/odvort/jl2aft/odvort-jl2aft-reddit_s0-reddit_s3.log
/home/wangph1/plant/data/slurm_logs/odvort/jl2aft/odvort-jl2aft-guineapig-mouse.log
/home/wangph1/plant/data/slurm_logs/odvort/jl2aft/odvort-jl2aft-email_s0-email_s1.log
/home/wangph1/plant/data/slurm_logs/odvort/jl2aft/odvort-jl2aft-rabbit-sheep.log
/home/wangph1/plant/data/slurm_logs/odvort/jl2aft/odvort-jl2aft-cat-sheep.log
/home/wangph1/plant/data/slurm_logs/odvort/jl2aft/odvort-jl2aft-human-rat.log
/home/wangph1/plant/data/slurm_logs/odvort/jl2aft/odvort-jl2aft-syeast0-syeast25.log
/home/wangph1/plant/data/slurm_logs/odvort/jl2aft/odvort-jl2aft-ubuntu_s0-ubuntu_s3.log
/home/wangph1/plant/data/slurm_logs/odvort/jl2aft/odvort-jl2aft-dog-rabbit.log
/home/wangph1/plant/data/slurm_logs/odvort/jl2aft/odvort-jl2aft-cow-sheep.log
/home/wangph1/plant/data/slurm_logs/odvort/jl2aft/odvort-jl2aft-math_s0-math_s3.log
/home/wangph1/plant/data/slurm_logs/odvort/jl2aft/odvort-jl2aft-dog-rat.log
/home/wangph1/plant/data/slurm_logs/odvort/jl2aft/odvort-jl2aft-ubuntu_s0-ubuntu_s5.log
/home/wangph1/plant/data/slurm_logs/odvort/jl2aft/odvort-jl2aft-guineapig-horse.log
/home/wangph1/plant/data/slurm_logs/odvort/jl2aft/odvort-jl2aft-wiki_s0-wiki_s3.log
/home/wangph1/plant/data/slurm_logs/odvort/jl2aft/odvort-jl2aft-dog-guineapig.log
/home/wangph1/plant/data/slurm_logs/odvort/jl2aft/odvort-jl2aft-math_s0-math_s5.log
/home/wangph1/plant/data/slurm_logs/odvort/jl2aft/odvort-jl2aft-cow-rat.log
/home/wangph1/plant/data/slurm_logs/odvort/jl2aft/odvort-jl2aft-math_s0-math_s1.log
/home/wangph1/plant/data/slurm_logs/odvort/jl2aft/odvort-jl2aft-email_s0-email_s5.log
/home/wangph1/plant/data/slurm_logs/odvort/jl2aft/odvort-jl2aft-guineapig-rabbit.log
/home/wangph1/plant/data/slurm_logs/odvort/jl2aft/odvort-jl2aft-horse-rabbit.log
/home/wangph1/plant/data/slurm_logs/odvort/jl2aft/odvort-jl2aft-wiki_s0-wiki_s1.log
/home/wangph1/plant/data/slurm_logs/odvort/jl2aft/odvort-jl2aft-dog-sheep.log
/home/wangph1/plant/data/slurm_logs/odvort/jl2aft/odvort-jl2aft-horse-human.log
/home/wangph1/plant/data/slurm_logs/odvort/jl2aft/odvort-jl2aft-guineapig-sheep.log
g
log
/home/wangph1/plant/data/slurm_logs/odvort/jl2aft/odvort-jl2aft-guineapig-rat.log
log
log
/home/wangph1/plant/data/slurm_logs/odvort/jl2aft/odvort-jl2aft-wiki_s0-wiki_s5.log
1.log
/home/wangph1/plant/data/slurm_logs/odvort/jl2aft/odvort-jl2aft-guineapig-human.log
/home/wangph1/plant/data/slurm_logs/odvort/jl2aft/odvort-jl2aft-horse-pig.log
/home/wangph1/plant/data/slurm_logs/odvort/jl2aft/odvort-jl2aft-otc_s0-otc_s3.log
