using old nif file for email_s0
using old nif file for email_s5
using old odv file for email_s0
using old odv file for email_s5
1 / 571
2 / 571
3 / 571
4 / 571
5 / 571
6 / 571
7 / 571
8 / 571
9 / 571
10 / 571
11 / 571
12 / 571
13 / 571
14 / 571
15 / 571
16 / 571
17 / 571
18 / 571
19 / 571
20 / 571
21 / 571
22 / 571
23 / 571
24 / 571
25 / 571
26 / 571
27 / 571
28 / 571
29 / 571
30 / 571
31 / 571
32 / 571
33 / 571
34 / 571
35 / 571
36 / 571
37 / 571
38 / 571
39 / 571
40 / 571
41 / 571
42 / 571
43 / 571
44 / 571
45 / 571
46 / 571
47 / 571
48 / 571
49 / 571
50 / 571
51 / 571
52 / 571
53 / 571
54 / 571
55 / 571
56 / 571
57 / 571
58 / 571
59 / 571
60 / 571
61 / 571
62 / 571
63 / 571
64 / 571
65 / 571
66 / 571
67 / 571
68 / 571
69 / 571
70 / 571
71 / 571
72 / 571
73 / 571
74 / 571
75 / 571
76 / 571
77 / 571
78 / 571
79 / 571
80 / 571
81 / 571
82 / 571
83 / 571
84 / 571
85 / 571
86 / 571
87 / 571
88 / 571
89 / 571
90 / 571
91 / 571
92 / 571
93 / 571
94 / 571
95 / 571
96 / 571
97 / 571
98 / 571
99 / 571
100 / 571
101 / 571
102 / 571
103 / 571
104 / 571
105 / 571
106 / 571
107 / 571
108 / 571
109 / 571
110 / 571
111 / 571
112 / 571
113 / 571
114 / 571
115 / 571
116 / 571
117 / 571
118 / 571
119 / 571
120 / 571
121 / 571
122 / 571
123 / 571
124 / 571
125 / 571
126 / 571
127 / 571
128 / 571
129 / 571
130 / 571
131 / 571
132 / 571
133 / 571
134 / 571
135 / 571
136 / 571
137 / 571
138 / 571
139 / 571
140 / 571
141 / 571
142 / 571
143 / 571
144 / 571
145 / 571
146 / 571
147 / 571
148 / 571
149 / 571
150 / 571
151 / 571
152 / 571
153 / 571
154 / 571
155 / 571
156 / 571
157 / 571
158 / 571
159 / 571
160 / 571
161 / 571
162 / 571
163 / 571
164 / 571
165 / 571
166 / 571
167 / 571
168 / 571
169 / 571
170 / 571
171 / 571
172 / 571
173 / 571
174 / 571
175 / 571
176 / 571
177 / 571
178 / 571
179 / 571
180 / 571
181 / 571
182 / 571
183 / 571
184 / 571
185 / 571
186 / 571
187 / 571
188 / 571
189 / 571
190 / 571
191 / 571
192 / 571
193 / 571
194 / 571
195 / 571
196 / 571
197 / 571
198 / 571
199 / 571
200 / 571
201 / 571
202 / 571
203 / 571
204 / 571
205 / 571
206 / 571
207 / 571
208 / 571
209 / 571
210 / 571
211 / 571
212 / 571
213 / 571
214 / 571
215 / 571
216 / 571
217 / 571
218 / 571
219 / 571
220 / 571
221 / 571
222 / 571
223 / 571
224 / 571
225 / 571
226 / 571
227 / 571
228 / 571
229 / 571
230 / 571
231 / 571
232 / 571
233 / 571
234 / 571
235 / 571
236 / 571
237 / 571
238 / 571
239 / 571
240 / 571
241 / 571
242 / 571
243 / 571
244 / 571
245 / 571
246 / 571
247 / 571
248 / 571
249 / 571
250 / 571
251 / 571
252 / 571
253 / 571
254 / 571
255 / 571
256 / 571
257 / 571
258 / 571
259 / 571
260 / 571
261 / 571
262 / 571
263 / 571
264 / 571
265 / 571
266 / 571
267 / 571
268 / 571
269 / 571
270 / 571
271 / 571
272 / 571
273 / 571
274 / 571
275 / 571
276 / 571
277 / 571
278 / 571
279 / 571
280 / 571
281 / 571
282 / 571
283 / 571
284 / 571
285 / 571
286 / 571
287 / 571
288 / 571
289 / 571
290 / 571
291 / 571
292 / 571
293 / 571
294 / 571
295 / 571
296 / 571
297 / 571
298 / 571
299 / 571
300 / 571
301 / 571
302 / 571
303 / 571
304 / 571
305 / 571
306 / 571
307 / 571
308 / 571
309 / 571
310 / 571
311 / 571
312 / 571
313 / 571
314 / 571
315 / 571
316 / 571
317 / 571
318 / 571
319 / 571
320 / 571
321 / 571
322 / 571
323 / 571
324 / 571
325 / 571
326 / 571
327 / 571
328 / 571
329 / 571
330 / 571
331 / 571
332 / 571
333 / 571
334 / 571
335 / 571
336 / 571
337 / 571
338 / 571
339 / 571
340 / 571
341 / 571
342 / 571
343 / 571
344 / 571
345 / 571
346 / 571
347 / 571
348 / 571
349 / 571
350 / 571
351 / 571
352 / 571
353 / 571
354 / 571
355 / 571
356 / 571
357 / 571
358 / 571
359 / 571
360 / 571
361 / 571
362 / 571
363 / 571
364 / 571
365 / 571
366 / 571
367 / 571
368 / 571
369 / 571
370 / 571
371 / 571
372 / 571
373 / 571
374 / 571
375 / 571
376 / 571
377 / 571
378 / 571
379 / 571
380 / 571
381 / 571
382 / 571
383 / 571
384 / 571
385 / 571
386 / 571
387 / 571
388 / 571
389 / 571
390 / 571
391 / 571
392 / 571
393 / 571
394 / 571
395 / 571
396 / 571
397 / 571
398 / 571
399 / 571
400 / 571
401 / 571
402 / 571
403 / 571
404 / 571
405 / 571
406 / 571
407 / 571
408 / 571
409 / 571
410 / 571
411 / 571
412 / 571
413 / 571
414 / 571
415 / 571
416 / 571
417 / 571
418 / 571
419 / 571
420 / 571
421 / 571
422 / 571
423 / 571
424 / 571
425 / 571
426 / 571
427 / 571
428 / 571
429 / 571
430 / 571
431 / 571
432 / 571
433 / 571
434 / 571
435 / 571
436 / 571
437 / 571
438 / 571
439 / 571
440 / 571
441 / 571
442 / 571
443 / 571
444 / 571
445 / 571
446 / 571
447 / 571
448 / 571
449 / 571
450 / 571
451 / 571
452 / 571
453 / 571
454 / 571
455 / 571
456 / 571
457 / 571
458 / 571
459 / 571
460 / 571
461 / 571
462 / 571
463 / 571
464 / 571
465 / 571
466 / 571
467 / 571
468 / 571
469 / 571
470 / 571
471 / 571
472 / 571
473 / 571
474 / 571
475 / 571
476 / 571
477 / 571
478 / 571
479 / 571
480 / 571
481 / 571
482 / 571
483 / 571
484 / 571
485 / 571
486 / 571
487 / 571
488 / 571
489 / 571
490 / 571
491 / 571
492 / 571
493 / 571
494 / 571
495 / 571
496 / 571
497 / 571
498 / 571
499 / 571
500 / 571
501 / 571
502 / 571
503 / 571
504 / 571
505 / 571
506 / 571
507 / 571
508 / 571
509 / 571
510 / 571
511 / 571
512 / 571
513 / 571
514 / 571
515 / 571
516 / 571
517 / 571
518 / 571
519 / 571
520 / 571
521 / 571
522 / 571
523 / 571
524 / 571
525 / 571
526 / 571
527 / 571
528 / 571
529 / 571
530 / 571
531 / 571
532 / 571
533 / 571
534 / 571
535 / 571
536 / 571
537 / 571
538 / 571
539 / 571
540 / 571
541 / 571
542 / 571
543 / 571
544 / 571
545 / 571
546 / 571
547 / 571
548 / 571
549 / 571
550 / 571
551 / 571
552 / 571
553 / 571
554 / 571
555 / 571
556 / 571
557 / 571
558 / 571
559 / 571
560 / 571
561 / 571
562 / 571
563 / 571
564 / 571
565 / 571
566 / 571
567 / 571
568 / 571
569 / 571
570 / 571
571 / 571
JOBSFINISHED
