/home/wangph1/plant/data/slurm_logs/blantindex/jl2aft/blantindex-jl2aft-syeast0.log
/home/wangph1/plant/data/slurm_logs/blantindex/jl2aft/blantindex-jl2aft-syeast0.log
/home/wangph1/plant/data/slurm_logs/blantindex/jl2aft/blantindex-jl2aft-syeast0.log
/home/wangph1/plant/data/slurm_logs/blantindex/jl2aft/blantindex-jl2aft-cat.log
/home/wangph1/plant/data/slurm_logs/blantindex/jl2aft/blantindex-jl2aft-cat.log
/home/wangph1/plant/data/slurm_logs/blantindex/jl2aft/blantindex-jl2aft-syeast0.log
/home/wangph1/plant/data/slurm_logs/blantindex/jl2aft/blantindex-jl2aft-cat.log
/home/wangph1/plant/data/slurm_logs/blantindex/jl2aft/blantindex-jl2aft-cat.log
/home/wangph1/plant/data/slurm_logs/blantindex/jl2aft/blantindex-jl2aft-cat.log
/home/wangph1/plant/data/slurm_logs/blantindex/jl2aft/blantindex-jl2aft-human.log
/home/wangph1/plant/data/slurm_logs/blantindex/jl2aft/blantindex-jl2aft-human.log
/home/wangph1/plant/data/slurm_logs/blantindex/jl2aft/blantindex-jl2aft-horse.log
/home/wangph1/plant/data/slurm_logs/blantindex/jl2aft/blantindex-jl2aft-human.log
/home/wangph1/plant/data/slurm_logs/blantindex/jl2aft/blantindex-jl2aft-mouse.log
/home/wangph1/plant/data/slurm_logs/blantindex/jl2aft/blantindex-jl2aft-human.log
/home/wangph1/plant/data/slurm_logs/blantindex/jl2aft/blantindex-jl2aft-mouse.log
/home/wangph1/plant/data/slurm_logs/blantindex/jl2aft/blantindex-jl2aft-mouse.log
og
/home/wangph1/plant/data/slurm_logs/blantindex/jl2aft/blantindex-jl2aft-human.log
/home/wangph1/plant/data/slurm_logs/blantindex/jl2aft/blantindex-jl2aft-alpha_s0.log
/home/wangph1/plant/data/slurm_logs/blantindex/jl2aft/blantindex-jl2aft-pig.log
/home/wangph1/plant/data/slurm_logs/blantindex/jl2aft/blantindex-jl2aft-cat.log
/home/wangph1/plant/data/slurm_logs/blantindex/jl2aft/blantindex-jl2aft-cat.log
/home/wangph1/plant/data/slurm_logs/blantindex/jl2aft/blantindex-jl2aft-pig.log
/home/wangph1/plant/data/slurm_logs/blantindex/jl2aft/blantindex-jl2aft-cat.log
/home/wangph1/plant/data/slurm_logs/blantindex/jl2aft/blantindex-jl2aft-rabbit.log
/home/wangph1/plant/data/slurm_logs/blantindex/jl2aft/blantindex-jl2aft-rat.log
/home/wangph1/plant/data/slurm_logs/blantindex/jl2aft/blantindex-jl2aft-cow.log
/home/wangph1/plant/data/slurm_logs/blantindex/jl2aft/blantindex-jl2aft-cow.log
/home/wangph1/plant/data/slurm_logs/blantindex/jl2aft/blantindex-jl2aft-math_s0.log
/home/wangph1/plant/data/slurm_logs/blantindex/jl2aft/blantindex-jl2aft-cow.log
/home/wangph1/plant/data/slurm_logs/blantindex/jl2aft/blantindex-jl2aft-rabbit.log
/home/wangph1/plant/data/slurm_logs/blantindex/jl2aft/blantindex-jl2aft-cow.log
/home/wangph1/plant/data/slurm_logs/blantindex/jl2aft/blantindex-jl2aft-cow.log
/home/wangph1/plant/data/slurm_logs/blantindex/jl2aft/blantindex-jl2aft-math_s0.log
/home/wangph1/plant/data/slurm_logs/blantindex/jl2aft/blantindex-jl2aft-cow.log
/home/wangph1/plant/data/slurm_logs/blantindex/jl2aft/blantindex-jl2aft-dog.log
/home/wangph1/plant/data/slurm_logs/blantindex/jl2aft/blantindex-jl2aft-dog.log
/home/wangph1/plant/data/slurm_logs/blantindex/jl2aft/blantindex-jl2aft-dog.log
/home/wangph1/plant/data/slurm_logs/blantindex/jl2aft/blantindex-jl2aft-dog.log
/home/wangph1/plant/data/slurm_logs/blantindex/jl2aft/blantindex-jl2aft-dog.log
/home/wangph1/plant/data/slurm_logs/blantindex/jl2aft/blantindex-jl2aft-math_s0.log
/home/wangph1/plant/data/slurm_logs/blantindex/jl2aft/blantindex-jl2aft-guineapig.log
/home/wangph1/plant/data/slurm_logs/blantindex/jl2aft/blantindex-jl2aft-college_s0.log
/home/wangph1/plant/data/slurm_logs/blantindex/jl2aft/blantindex-jl2aft-guineapig.log
/home/wangph1/plant/data/slurm_logs/blantindex/jl2aft/blantindex-jl2aft-email_s0.log
/home/wangph1/plant/data/slurm_logs/blantindex/jl2aft/blantindex-jl2aft-dog.log
/home/wangph1/plant/data/slurm_logs/blantindex/jl2aft/blantindex-jl2aft-email_s0.log
/home/wangph1/plant/data/slurm_logs/blantindex/jl2aft/blantindex-jl2aft-cow.log
g.log
/home/wangph1/plant/data/slurm_logs/blantindex/jl2aft/blantindex-jl2aft-horse.log
/home/wangph1/plant/data/slurm_logs/blantindex/jl2aft/blantindex-jl2aft-college_s0.log
/home/wangph1/plant/data/slurm_logs/blantindex/jl2aft/blantindex-jl2aft-guineapig.log
/home/wangph1/plant/data/slurm_logs/blantindex/jl2aft/blantindex-jl2aft-wiki_s0.log
/home/wangph1/plant/data/slurm_logs/blantindex/jl2aft/blantindex-jl2aft-guineapig.log
/home/wangph1/plant/data/slurm_logs/blantindex/jl2aft/blantindex-jl2aft-wiki_s0.log
/home/wangph1/plant/data/slurm_logs/blantindex/jl2aft/blantindex-jl2aft-guineapig.log
/home/wangph1/plant/data/slurm_logs/blantindex/jl2aft/blantindex-jl2aft-college_s0.log
/home/wangph1/plant/data/slurm_logs/blantindex/jl2aft/blantindex-jl2aft-wiki_s0.log
/home/wangph1/plant/data/slurm_logs/blantindex/jl2aft/blantindex-jl2aft-dog.log
/home/wangph1/plant/data/slurm_logs/blantindex/jl2aft/blantindex-jl2aft-horse.log
/home/wangph1/plant/data/slurm_logs/blantindex/jl2aft/blantindex-jl2aft-horse.log
/home/wangph1/plant/data/slurm_logs/blantindex/jl2aft/blantindex-jl2aft-guineapig.log
/home/wangph1/plant/data/slurm_logs/blantindex/jl2aft/blantindex-jl2aft-email_s0.log
/home/wangph1/plant/data/slurm_logs/blantindex/jl2aft/blantindex-jl2aft-horse.log
/home/wangph1/plant/data/slurm_logs/blantindex/jl2aft/blantindex-jl2aft-dog.log
/home/wangph1/plant/data/slurm_logs/blantindex/jl2aft/blantindex-jl2aft-alpha_s0.log
/home/wangph1/plant/data/slurm_logs/blantindex/jl2aft/blantindex-jl2aft-horse.log
/home/wangph1/plant/data/slurm_logs/blantindex/jl2aft/blantindex-jl2aft-cat.log
/home/wangph1/plant/data/slurm_logs/blantindex/jl2aft/blantindex-jl2aft-mouse.log
/home/wangph1/plant/data/slurm_logs/blantindex/jl2aft/blantindex-jl2aft-otc_s0.log
/home/wangph1/plant/data/slurm_logs/blantindex/jl2aft/blantindex-jl2aft-otc_s0.log
/home/wangph1/plant/data/slurm_logs/blantindex/jl2aft/blantindex-jl2aft-otc_s0.log
/home/wangph1/plant/data/slurm_logs/blantindex/jl2aft/blantindex-jl2aft-ubuntu_s0.log
/home/wangph1/plant/data/slurm_logs/blantindex/jl2aft/blantindex-jl2aft-ubuntu_s0.log
/home/wangph1/plant/data/slurm_logs/blantindex/jl2aft/blantindex-jl2aft-ubuntu_s0.log
/home/wangph1/plant/data/slurm_logs/blantindex/jl2aft/blantindex-jl2aft-reddit_s0.log
/home/wangph1/plant/data/slurm_logs/blantindex/jl2aft/blantindex-jl2aft-reddit_s0.log
/home/wangph1/plant/data/slurm_logs/blantindex/jl2aft/blantindex-jl2aft-reddit_s0.log
/home/wangph1/plant/data/slurm_logs/blantindex/jl2aft/blantindex-jl2aft-super_s0.log
/home/wangph1/plant/data/slurm_logs/blantindex/jl2aft/blantindex-jl2aft-super_s0.log
/home/wangph1/plant/data/slurm_logs/blantindex/jl2aft/blantindex-jl2aft-super_s0.log
/home/wangph1/plant/data/slurm_logs/blantindex/jl2aft/blantindex-jl2aft-sxso_s0.log
/home/wangph1/plant/data/slurm_logs/blantindex/jl2aft/blantindex-jl2aft-sxso_s0.log
/home/wangph1/plant/data/slurm_logs/blantindex/jl2aft/blantindex-jl2aft-sxso_s0.log
