1276 59429 14356 45762 71520 57973 44779 449 57849
1276 59429 235 45762 71520 57973 44779 449 57849
1276 59429 14356 45762 71520 57973 44779 54298 57849
1276 59429 235 45762 71520 57973 44779 54298 57849
4173 65929 14356 103868 34576 99440 22949 235 108780
4173 65929 449 103868 34576 99440 22949 235 108780
1629 14356 77698 34576 108780 103868 99440 65929 235
2300 77698 108780 99440 22949 235 34576 103868 65929
1276 71825 22949 28077 67840 68235 5 14356 72967
1276 71825 22949 28077 67840 68235 5 235 72967
3783 67840 72967 22949 5 14356 449 28077 68235
3783 67840 72967 22949 5 235 449 28077 68235
3783 71221 84058 449 4203 14356 22949 81396 84014
3783 71221 84058 449 4203 235 22949 81396 84014
3783 15189 98582 449 4203 14356 22949 54296 107547
3783 15189 98582 449 4203 235 22949 54296 107547
1276 63311 14356 92460 30285 48187 132 235 84581
1276 63311 22949 92460 30285 48187 132 235 84581
1276 63311 14356 92460 30285 48187 132 449 84581
1276 63311 22949 92460 30285 48187 3778 14356 84581
1276 63311 22949 92460 30285 48187 3778 235 84581
1276 48187 14356 92460 75672 63311 132 235 84581
1276 48187 22949 92460 75672 63311 132 235 84581
1276 48187 14356 92460 75672 63311 132 449 84581
1276 48187 22949 92460 75672 63311 3778 14356 84581
1276 48187 22949 92460 75672 63311 3778 235 84581
2300 84496 43462 15045 14356 22949 235 39123 60739
2300 84496 43462 15045 449 22949 235 39123 60739
3783 112521 113773 449 4203 14356 22949 54296 112350
3783 112521 113773 449 4203 235 22949 54296 112350
3785 33089 30766 22949 12864 235 14356 41897 30584
3785 33089 30766 22949 12864 449 14356 41897 30584
3783 81576 23923 14356 13398 22949 235 170366 79451
3783 81576 23923 14356 13398 449 235 170366 79451
1276 67903 14356 42859 57219 57344 24694 235 35282
1276 67903 22949 42859 57219 57344 24694 235 35282
1276 67903 14356 42859 57219 57344 24694 449 35282
1276 27520 14356 42859 57219 57344 24694 235 35282
1276 27520 22949 42859 57219 57344 24694 235 35282
1276 27520 14356 42859 57219 57344 24694 449 35282
3783 57344 26341 449 4203 14356 235 16913 57219
3783 57344 26341 449 4203 22949 235 16913 57219
3783 56446 27386 449 4203 235 14356 29292 27775
3783 56446 27386 449 4203 22949 14356 29292 27775
3783 51870 30730 449 4203 14356 22949 26687 28619
3783 51870 30730 449 4203 235 22949 26687 28619
1276 109288 14356 116297 100931 109303 91760 7035 109280
1276 109288 235 116297 100931 109303 91760 7035 109280
1276 109288 14356 116297 100931 109303 91760 83703 109280
1276 109288 235 116297 100931 109303 91760 83703 109280
4067 29941 235 74307 36594 97464 14356 1992 36855
4067 29941 22949 74307 36594 97464 14356 1992 36855
3783 39576 34083 449 4203 235 14356 29292 33939
3783 39576 34083 449 4203 22949 14356 29292 33939
3783 92584 99374 449 4203 235 14356 55778 100663
3783 92584 99374 449 4203 22949 14356 55778 100663
4319 33417 449 29014 54298 71205 14356 33238 22949
4319 33417 449 29014 54298 71205 235 33238 22949
3783 110466 97851 449 54298 14356 22949 71205 69190
3783 110466 97851 449 54298 235 22949 71205 69190
3783 30622 23515 449 4203 14356 235 1999 32471
3783 30622 23515 449 4203 22949 235 1999 32471
3783 38032 18733 449 4203 235 14356 8453 18723
3783 38032 18733 449 4203 22949 14356 8453 18723
3783 18039 21783 449 4203 235 14356 8453 47124
3783 18039 21783 449 4203 22949 14356 8453 47124
3725 30296 28605 449 38776 14356 235 28179 26922
3725 30296 28605 449 38776 22949 235 28179 26922
2300 107686 1613 14274 235 211 14356 16286 61549
2300 107686 1613 14274 22949 211 14356 16286 61549
1718 99756 100286 14356 81974 29569 5768 16423 99076
1718 99756 100286 235 81974 29569 5768 16423 99076
1718 99756 100286 14356 81974 29569 12943 16423 99076
1718 99756 100286 235 81974 29569 12943 16423 99076
3783 106070 106884 449 4203 14356 22949 54296 107194
3783 106070 106884 449 4203 235 22949 54296 107194
1276 104195 14356 101644 112542 108228 40581 22949 108068
1276 104195 235 101644 112542 108228 40581 22949 108068
1276 104195 14356 101644 112542 108228 40581 58612 108068
1276 104195 235 101644 112542 108228 40581 58612 108068
3783 31997 37809 14356 44844 58612 22949 94417 30387
3783 31997 37809 235 44844 58612 22949 94417 30387
3783 114692 37809 14356 44844 58612 22949 94417 30387
3783 114692 37809 235 44844 58612 22949 94417 30387
3783 92704 37809 14356 44844 58612 22949 94417 30387
3783 92704 37809 235 44844 58612 22949 94417 30387
3783 112614 58511 449 4203 235 14356 1684 64726
3783 112614 58511 449 4203 22949 14356 1684 64726
3783 33007 68433 449 4203 14356 22949 54296 87242
3783 33007 68433 449 4203 235 22949 54296 87242
3783 33007 68433 449 54298 14356 22949 71205 87242
3783 33007 68433 449 54298 235 22949 71205 87242
3783 94315 68433 449 4203 14356 22949 54296 87242
3783 94315 68433 449 4203 235 22949 54296 87242
3783 94315 68433 449 54298 14356 22949 71205 87242
3783 94315 68433 449 54298 235 22949 71205 87242
1276 82419 14356 78107 28981 86472 77111 22949 77883
1276 82419 235 78107 28981 86472 77111 22949 77883
1276 82419 14356 78107 28981 86472 77111 58612 77883
1276 82419 235 78107 28981 86472 77111 58612 77883
3783 83261 81577 449 4203 14356 22949 54296 77836
3783 83261 81577 449 4203 235 22949 54296 77836
1858 43705 77652 449 75526 53498 14356 22949 57270
1858 43705 77652 449 75526 53498 235 22949 57270
3783 57290 30141 449 4203 235 14356 23183 57788
3783 57290 30141 449 4203 22949 14356 23183 57788
1276 58660 15175 43462 235 70540 60739 62664 38938
1276 58660 15175 43462 3940 70540 60739 62664 38938
1276 15045 15175 43462 14356 22949 60739 62664 39123
2300 62664 43462 15045 14356 22949 235 39123 60739
2300 62664 43462 15045 449 22949 235 39123 60739
1276 33666 22949 33569 21880 33381 4216 14356 32091
1276 33666 22949 33569 21880 33381 4216 235 32091
3783 56966 54758 449 4203 14356 22949 54296 56942
3783 56966 54758 449 4203 235 22949 54296 56942
3783 18048 30861 449 4203 14356 22949 26687 31745
3783 18048 30861 449 4203 235 22949 26687 31745
2300 80540 108441 54296 14356 235 22949 112722 81758
2300 80540 108441 54296 449 235 22949 112722 81758
2300 80096 108441 54296 14356 235 22949 112722 81758
2300 80096 108441 54296 449 235 22949 112722 81758
2300 82620 108441 54296 14356 235 22949 112722 81758
2300 82620 108441 54296 449 235 22949 112722 81758
3783 69933 40498 449 4203 235 14356 21235 69879
3783 69933 40498 449 4203 22949 14356 21235 69879
3783 63590 29119 449 4203 14356 22949 26687 46883
3783 63590 29119 449 4203 235 22949 26687 46883
3783 65298 39453 449 4203 235 14356 8453 66137
3783 65298 39453 449 4203 22949 14356 8453 66137
1276 36689 235 57656 80548 77428 53649 14356 42379
1276 36689 235 57656 80548 77428 53649 22949 42379
3783 87151 88632 449 4203 14356 22949 54296 81232
3783 87151 88632 449 4203 235 22949 54296 81232
1309 92232 26694 54298 8965 25077 25701 24715 25041
1309 92232 26694 19779 8965 25077 25701 24715 25041
1718 15811 92232 26694 8965 25077 24715 25041 7054
1718 861 92232 26694 8965 25077 24715 25041 7054
1627 92232 14356 8965 25701 24715 25077 54298 25041
1627 92232 235 8965 25701 24715 25077 54298 25041
1627 92232 14356 8965 25701 24715 25077 19779 25041
1627 92232 235 8965 25701 24715 25077 19779 25041
1627 24715 14356 8965 7054 92232 25041 15811 25077
1627 24715 235 8965 7054 92232 25041 15811 25077
1627 24715 235 8965 7054 92232 25041 861 25077
1627 24715 449 8965 7054 92232 25041 861 25077
1276 33609 22949 33569 21880 33381 4216 14356 32091
1276 33609 22949 33569 21880 33381 4216 235 32091
1309 92232 25701 17265 8965 25077 26694 24715 25041
1718 17265 24715 7054 8965 25041 92232 25077 26694
3783 84907 86772 449 54298 14356 22949 71205 39305
3783 84907 86772 449 54298 235 22949 71205 39305
3783 29096 22889 449 4203 14356 235 22449 24389
3783 29096 22889 449 4203 22949 235 22449 24389
3783 60953 75958 449 4203 14356 22949 71679 50385
3783 60953 75958 449 4203 235 22949 71679 50385
1790 67947 65129 64964 449 14356 54298 22949 64699
1790 67947 65129 64964 449 235 54298 22949 64699
3783 106999 107014 449 54298 14356 235 97478 107003
3783 106999 107014 449 54298 22949 235 97478 107003
4315 54892 22949 57045 53498 77668 14356 54980 235
4315 54892 449 57045 53498 77668 14356 54980 235
3783 57309 54758 449 4203 14356 22949 54296 56942
3783 57309 54758 449 4203 235 22949 54296 56942
3783 53226 49587 449 4203 235 14356 38907 49583
3783 53226 49587 449 4203 22949 14356 38907 49583
6711 95174 95168 449 14356 22949 71205 54298 95184
6711 95174 95168 449 235 22949 71205 54298 95184
6711 95185 95168 449 14356 22949 71205 54298 95184
6711 95185 95168 449 235 22949 71205 54298 95184
3783 56085 77156 449 54298 14356 235 65926 56579
3783 56085 77156 449 54298 22949 235 65926 56579
3783 2043 95359 449 4203 14356 22949 54296 49277
3783 2043 95359 449 4203 235 22949 54296 49277
3783 14799 27383 449 4203 14356 235 27283 27367
3783 14799 27383 449 4203 22949 235 27283 27367
3783 91907 68433 449 4203 14356 22949 54296 74995
3783 91907 68433 449 4203 235 22949 54296 74995
3783 91907 68433 449 54298 14356 22949 71205 74995
3783 91907 68433 449 54298 235 22949 71205 74995
1276 60245 22949 25022 60736 58327 20054 14356 28518
1276 60245 22949 25022 60736 58327 20054 235 28518
1276 58327 22949 25022 60788 60245 20054 14356 28518
1276 58327 22949 25022 60788 60245 20054 235 28518
1276 58327 22949 25022 61320 60245 20054 14356 28518
1276 58327 22949 25022 61320 60245 20054 235 28518
3783 100366 99886 449 4203 14356 22949 54296 98669
3783 100366 99886 449 4203 235 22949 54296 98669
3783 100038 20201 449 4203 14356 22949 26687 80912
3783 100038 20201 449 4203 235 22949 26687 80912
3783 73858 26447 449 4203 235 14356 8453 72858
3783 73858 26447 449 4203 22949 14356 8453 72858
3783 68314 68653 235 2647 14356 449 13819 68008
3783 68314 68653 235 2647 22949 449 13819 68008
1276 32547 22949 33569 21880 33381 4216 14356 32091
1276 32547 22949 33569 21880 33381 4216 235 32091
3783 77587 58170 449 4203 14356 22949 54296 77579
3783 77587 58170 449 4203 235 22949 54296 77579
3783 99613 99374 449 4203 235 14356 55778 99213
3783 99613 99374 449 4203 22949 14356 55778 99213
3783 94704 95168 449 54298 14356 22949 71205 95161
3783 94704 95168 449 54298 235 22949 71205 95161
3783 20422 20223 449 4203 235 14356 890 15092
3783 20422 20223 449 4203 22949 14356 890 15092
1276 69209 235 57480 63317 56434 47291 14356 56634
1276 69209 235 57480 63317 56434 47291 22949 56634
1276 57480 22949 69209 63317 56434 42131 14356 56634
1276 57480 22949 69209 63317 56434 42131 235 56634
3783 103246 103360 449 4203 14356 22949 54296 106278
3783 103246 103360 449 4203 235 22949 54296 106278
1734 73696 88959 88759 235 14356 87590 1992 88958
1734 73696 88959 88759 22949 14356 87590 1992 88958
1627 60739 22949 84787 45659 57768 59639 14356 43462
1627 60739 22949 84787 45659 57768 59639 235 43462
1734 67800 94067 110680 449 14356 2355 22949 53661
1734 67800 94067 110680 449 235 2355 22949 53661
3783 96195 55241 449 54298 14356 235 95393 101857
3783 96195 55241 449 54298 22949 235 95393 101857
3783 73849 26447 449 4203 235 14356 8453 72858
3783 73849 26447 449 4203 22949 14356 8453 72858
3783 78635 75958 449 4203 14356 22949 71679 77924
3783 78635 75958 449 4203 235 22949 71679 77924
1734 85261 53498 61492 449 22949 62181 14356 67594
1734 85261 53498 61492 449 22949 62181 235 67594
4173 67113 14356 68371 59676 13833 235 22949 65600
4173 67113 14356 68371 59676 13833 449 22949 65600
3783 107237 99886 449 4203 14356 22949 54296 100597
3783 107237 99886 449 4203 235 22949 54296 100597
3783 50584 99886 449 4203 14356 22949 54296 100597
3783 50584 99886 449 4203 235 22949 54296 100597
3783 43462 58660 449 54298 14356 235 37700 38938
3783 43462 58660 449 54298 22949 235 37700 38938
3783 97664 100023 449 54298 14356 235 85872 94782
3783 97664 100023 449 54298 22949 235 85872 94782
4173 108766 22949 82721 1859 103360 14356 235 107500
4173 108766 22949 82721 1859 103360 449 235 107500
1734 110921 94067 110680 449 14356 2355 22949 53661
1734 110921 94067 110680 449 235 2355 22949 53661
3783 70720 18921 449 4203 14356 235 15992 19209
3783 70720 18921 449 4203 22949 235 15992 19209
3783 55289 62023 449 54298 14356 22949 60732 55751
3783 55289 62023 449 54298 235 22949 60732 55751
4173 53654 14356 62019 44844 57493 58612 22949 62089
4173 53654 235 62019 44844 57493 58612 22949 62089
3783 35116 30141 449 4203 235 14356 23183 28732
3783 35116 30141 449 4203 22949 14356 23183 28732
3783 35004 30141 449 4203 235 14356 23183 28732
3783 35004 30141 449 4203 22949 14356 23183 28732
3783 59621 57297 449 4203 14356 235 30712 59598
3783 59621 57297 449 4203 22949 235 30712 59598
4173 103834 14356 103868 34576 99440 22949 235 108780
4173 103834 449 103868 34576 99440 22949 235 108780
3783 103834 65929 14356 53455 449 22949 65931 108780
3783 103834 65929 235 53455 449 22949 65931 108780
3783 80258 91870 449 54298 14356 22949 71205 91398
3783 80258 91870 449 54298 235 22949 71205 91398
1276 61800 235 49642 58534 62534 6645 14356 61802
1276 61800 22949 49642 58534 62534 6645 14356 61802
1276 61800 235 49642 58534 62534 6645 449 61802
1858 72240 77652 449 75526 53498 14356 22949 57270
1858 72240 77652 449 75526 53498 235 22949 57270
3783 88646 100886 449 4203 14356 22949 54296 50885
3783 88646 100886 449 4203 235 22949 54296 50885
2300 111458 41212 20054 22949 449 14356 78546 41206
2300 111458 41212 20054 22949 449 235 78546 41206
3783 72028 72269 14356 59676 235 22949 48859 73474
3783 72028 72269 14356 59676 449 22949 48859 73474
3783 98085 101882 449 4203 14356 22949 54296 103243
3783 98085 101882 449 4203 235 22949 54296 103243
3783 94951 65690 449 54298 14356 22949 71205 85041
3783 94951 65690 449 54298 235 22949 71205 85041
2300 52208 32830 74307 235 14356 1992 12117 32447
2300 52208 32830 74307 22949 14356 1992 12117 32447
1734 80016 145 27785 22949 235 6839 14356 28128
1734 80016 145 27785 449 235 6839 14356 28128
4067 57685 22949 45837 56556 57903 235 14356 57626
4067 57685 449 45837 56556 57903 235 14356 57626
1276 109313 14356 109161 109303 109280 104223 449 116297
1276 109313 235 109161 109303 109280 104223 449 116297
1276 109313 14356 109161 109303 109280 104223 4203 116297
1276 109313 235 109161 109303 109280 104223 4203 116297
3783 88468 76261 449 54298 14356 22949 78256 86541
3783 88468 76261 449 54298 235 22949 78256 86541
3783 86561 76261 449 54298 14356 22949 78256 86541
3783 86561 76261 449 54298 235 22949 78256 86541
3783 106724 101730 449 54298 14356 235 89764 27320
3783 106724 101730 449 54298 22949 235 89764 27320
3783 100702 99320 14356 59676 235 22949 74243 100704
3783 100702 99320 14356 59676 449 22949 74243 100704
3783 99320 100702 449 4203 14356 22949 80371 100704
3783 99320 100702 449 4203 235 22949 80371 100704
3783 93515 70254 449 4203 14356 235 93125 88499
3783 93515 70254 449 4203 22949 235 93125 88499
1276 39529 14356 102000 101308 26479 45459 7035 100607
1276 39529 235 102000 101308 26479 45459 7035 100607
1276 39529 14356 102000 101308 26479 45459 14564 100607
1276 39529 235 102000 101308 26479 45459 14564 100607
1276 102000 14356 39529 101308 26479 106728 352 100607
1276 102000 235 39529 101308 26479 106728 352 100607
1276 102000 14356 39529 101308 26479 106728 47206 100607
1276 102000 22949 39529 101308 26479 106728 47206 100607
1276 39529 25863 102000 101308 26479 113283 84117 100607
1276 39529 61218 102000 101308 26479 113283 84117 100607
1276 113283 14356 113860 26479 100607 68186 25863 102000
1276 113283 235 113860 26479 100607 68186 25863 102000
1276 113283 235 113860 26479 100607 68186 59676 102000
1276 113283 22949 113860 26479 100607 68186 59676 102000
1276 113860 14356 113283 26479 100607 84117 25863 102000
1276 113860 235 113283 26479 100607 84117 25863 102000
1276 113860 14356 113283 26479 100607 84117 61218 102000
1276 113860 235 113283 26479 100607 84117 61218 102000
1276 26479 14356 39529 113283 102000 106728 352 100607
1276 26479 235 39529 113283 102000 106728 352 100607
1276 26479 14356 39529 113283 102000 106728 47206 100607
1276 26479 22949 39529 113283 102000 106728 47206 100607
1276 10492 14356 59765 17164 60015 34576 235 49817
1276 10492 14356 59765 17164 60015 34576 22949 49817
1629 10492 14356 60015 34576 58379 17164 235 49817
1629 10492 14356 60015 34576 58379 17164 22949 49817
3783 14915 14921 22949 935 14356 235 1724 14914
3783 14915 14921 22949 935 449 235 1724 14914
3783 69585 47954 449 4203 14356 235 15992 71668
3783 69585 47954 449 4203 22949 235 15992 71668
3783 109551 29119 449 4203 14356 22949 26687 46883
3783 109551 29119 449 4203 235 22949 26687 46883
3725 26999 28605 449 38776 14356 235 28179 26922
3725 26999 28605 449 38776 22949 235 28179 26922
4169 69691 449 93609 4203 99179 14356 22949 69928
4169 69691 449 93609 4203 99179 235 22949 69928
2844 93609 449 4203 109462 100662 14356 99179 22949
2844 93609 449 4203 109462 100662 235 99179 22949
1276 54296 84894 108441 14356 235 81758 80096 112722
1276 80540 14356 108441 84894 80096 112722 235 81758
1276 80540 22949 108441 84894 80096 112722 235 81758
1276 80540 22949 108441 84894 80096 112722 54296 81758
1276 108441 14356 80540 84894 80096 76482 235 81758
1276 108441 22949 80540 84894 80096 76482 235 81758
1276 108441 14356 80540 84894 80096 76482 35775 81758
1790 93154 65129 64964 449 14356 54298 22949 64699
1790 93154 65129 64964 449 235 54298 22949 64699
1734 93154 65129 67947 14356 10698 71066 22949 64699
1734 93154 65129 67947 235 10698 71066 22949 64699
1276 112420 14356 79544 113084 112436 14916 449 112439
1276 112420 235 79544 113084 112436 14916 449 112439
1276 112420 14356 79544 113084 112436 14916 58612 112439
1276 112420 235 79544 113084 112436 14916 58612 112439
1276 112420 14356 79544 113084 112436 77740 449 112439
1276 112420 235 79544 113084 112436 77740 449 112439
1276 112420 14356 79544 113084 112436 77740 58612 112439
1276 112420 235 79544 113084 112436 77740 58612 112439
1276 112420 14356 112317 113084 112436 38610 235 112439
1276 112420 14356 112317 113084 112436 38610 22949 112439
1276 112420 235 112317 113084 112436 17314 14356 112439
1276 112420 22949 112317 113084 112436 17314 14356 112439
1276 112420 235 112317 113084 112436 17314 1992 112439
1276 97773 235 55504 97696 98553 39270 14356 82603
1276 97773 22949 55504 97696 98553 39270 14356 82603
1276 97773 235 55504 97696 98553 39270 1992 82603
1734 82370 94067 110680 449 14356 2355 22949 53661
1734 82370 94067 110680 449 235 2355 22949 53661
3783 20910 88632 449 4203 14356 22949 54296 54106
3783 20910 88632 449 4203 235 22949 54296 54106
3783 8825 99320 14356 59676 235 22949 74243 99328
3783 8825 99320 14356 59676 449 22949 74243 99328
1276 103716 14356 112722 80540 81758 54296 22949 108441
1276 103716 14356 112722 80096 81758 54296 22949 108441
1276 80096 14356 80540 103716 108441 76482 235 81758
1276 80096 22949 80540 103716 108441 76482 235 81758
1276 80096 14356 80540 103716 108441 76482 35775 81758
4169 71883 449 93609 4203 99179 14356 22949 69928
4169 71883 449 93609 4203 99179 235 22949 69928
3783 93920 58660 449 54298 14356 235 37700 99692
3783 93920 58660 449 54298 22949 235 37700 99692
3783 54998 88896 449 54298 14356 235 65926 17531
3783 54998 88896 449 54298 22949 235 65926 17531
3783 53074 57297 449 4203 14356 235 30712 59598
3783 53074 57297 449 4203 22949 235 30712 59598
2844 93609 449 4203 108383 103583 14356 99179 22949
2844 93609 449 4203 108383 103583 235 99179 22949
3785 45891 30766 22949 12864 235 14356 41897 30584
3785 45891 30766 22949 12864 449 14356 41897 30584
3783 50843 29119 449 4203 14356 22949 26687 50860
3783 50843 29119 449 4203 235 22949 26687 50860
1276 63474 14356 59765 17164 60015 34576 235 49817
1276 63474 14356 59765 17164 60015 34576 22949 49817
1629 63474 14356 60015 34576 58379 17164 235 49817
1629 63474 14356 60015 34576 58379 17164 22949 49817
2844 93609 449 4203 113366 89017 14356 99179 22949
2844 93609 449 4203 113366 89017 235 99179 22949
3783 31494 23515 449 4203 14356 235 1999 23421
3783 31494 23515 449 4203 22949 235 1999 23421
3783 101760 97969 449 54298 14356 235 95393 108266
3783 101760 97969 449 54298 22949 235 95393 108266
3783 16413 97969 449 54298 14356 235 95393 108266
3783 16413 97969 449 54298 22949 235 95393 108266
1276 64653 235 58534 49642 61802 53649 14356 62534
1276 64653 235 58534 49642 61802 53649 22949 62534
3783 62674 34154 449 4203 235 14356 6735 60071
3783 62674 34154 449 4203 22949 14356 6735 60071
1276 42807 31237 36855 22949 14356 29941 31693 36594
1276 42807 235 97464 29941 36855 74307 1992 36594
3783 110613 76387 449 54298 14356 22949 71205 108078
3783 110613 76387 449 54298 235 22949 71205 108078
3783 62155 64764 14356 59676 235 449 169 60692
3783 62155 64764 14356 59676 22949 449 169 60692
3783 57439 54758 449 4203 14356 22949 54296 56942
3783 57439 54758 449 4203 235 22949 54296 56942
3783 109665 76387 449 54298 14356 22949 71205 108078
3783 109665 76387 449 54298 235 22949 71205 108078
3783 54909 77156 449 54298 14356 235 65926 56579
3783 54909 77156 449 54298 22949 235 65926 56579
2300 77932 73977 53498 449 22949 14356 59725 25425
2300 77932 73977 53498 449 22949 235 59725 25425
3783 112203 101215 449 4203 235 14356 6735 111232
3783 112203 101215 449 4203 22949 14356 6735 111232
2300 100550 75051 81372 14356 449 235 86161 53820
2300 100550 75051 81372 14356 449 22949 86161 53820
1276 60090 14356 59765 17164 60015 34576 235 49817
1276 60090 14356 59765 17164 60015 34576 22949 49817
1629 60090 14356 60015 34576 58379 17164 235 49817
1629 60090 14356 60015 34576 58379 17164 22949 49817
1276 42657 22949 33569 21880 33381 4216 14356 32091
1276 42657 22949 33569 21880 33381 4216 235 32091
1276 104326 14356 109161 109303 109280 104223 449 116297
1276 104326 235 109161 109303 109280 104223 449 116297
1276 104326 14356 109161 109303 109280 104223 4203 116297
1276 104326 235 109161 109303 109280 104223 4203 116297
1276 103131 22949 20120 112018 77970 12864 14356 59673
1276 103131 22949 20120 112018 77970 12864 235 59673
3783 85847 99886 449 4203 14356 22949 54296 100558
3783 85847 99886 449 4203 235 22949 54296 100558
3784 41425 91980 449 54298 14356 22949 71205 78137
3784 41425 91980 449 54298 235 22949 71205 78137
2300 92956 43462 15045 14356 22949 235 39123 60739
2300 92956 43462 15045 449 22949 235 39123 60739
3783 57433 54758 449 4203 14356 22949 54296 57427
3783 57433 54758 449 4203 235 22949 54296 57427
3783 103536 101074 449 4203 14356 22949 70144 100124
3783 103536 101074 449 4203 235 22949 70144 100124
1276 26956 14356 29699 70029 69160 77901 22949 12445
1276 26956 235 29699 70029 69160 77901 22949 12445
1276 26956 14356 29699 70029 69160 77901 58612 12445
1276 26956 235 29699 70029 69160 77901 58612 12445
4067 49618 235 39123 48904 39105 14356 22949 48424
4067 49618 449 39123 48904 39105 14356 22949 48424
3783 65514 35903 449 4203 14356 235 24277 55256
3783 65514 35903 449 4203 22949 235 24277 55256
3783 113042 101215 449 4203 235 14356 6735 111232
3783 113042 101215 449 4203 22949 14356 6735 111232
3783 94405 68433 449 4203 14356 22949 54296 93931
3783 94405 68433 449 4203 235 22949 54296 93931
3783 94405 68433 449 54298 14356 22949 71205 93931
3783 94405 68433 449 54298 235 22949 71205 93931
3783 87183 30141 449 4203 235 14356 23183 57788
3783 87183 30141 449 4203 22949 14356 23183 57788
1276 64168 14356 59765 17164 60015 34576 235 49817
1276 64168 14356 59765 17164 60015 34576 22949 49817
1629 64168 14356 60015 34576 58379 17164 235 49817
1629 64168 14356 60015 34576 58379 17164 22949 49817
3783 53903 101895 449 4203 235 14356 55778 101896
3783 53903 101895 449 4203 22949 14356 55778 101896
3783 66681 64764 14356 59676 235 449 169 60692
3783 66681 64764 14356 59676 22949 449 169 60692
3783 87421 85023 449 54298 14356 235 95393 87363
3783 87421 85023 449 54298 22949 235 95393 87363
3783 87726 81577 449 4203 14356 22949 54296 77836
3783 87726 81577 449 4203 235 22949 54296 77836
6418 83455 449 78505 65926 54298 14356 235 81277
6418 83455 449 78505 65926 54298 22949 235 81277
1790 83455 83472 78505 449 14356 54298 22949 81277
1790 83455 83472 78505 449 235 54298 22949 81277
2300 95402 108441 54296 14356 235 22949 112722 81758
2300 95402 108441 54296 449 235 22949 112722 81758
2212 81420 111326 105993 235 14356 3940 111308 81040
2212 81420 111326 105993 22949 14356 3940 111308 81040
1276 109460 14356 100931 116297 109280 61821 22949 109303
1276 109460 235 100931 116297 109280 61821 22949 109303
1276 109460 14356 100931 116297 109280 61821 58612 109303
1276 109460 235 100931 116297 109280 61821 58612 109303
1276 109097 14356 116297 100931 109303 91760 7035 109280
1276 109097 235 116297 100931 109303 91760 7035 109280
1276 109097 14356 116297 100931 109303 91760 83703 109280
1276 109097 235 116297 100931 109303 91760 83703 109280
4067 6451 14356 7411 33417 8078 22949 15811 34878
4067 6451 235 7411 33417 8078 22949 15811 34878
3783 109156 39272 449 4203 14356 22949 26687 109162
3783 109156 39272 449 4203 235 22949 26687 109162
1276 59745 38938 92956 14356 60335 60739 43462 59587
1276 59745 38938 92956 10616 60335 60739 43462 59587
2300 113730 111026 71205 235 14356 22949 95589 111814
2300 113730 111026 71205 449 14356 22949 95589 111814
