6418 57973 1992 45762 44779 46312 14356 449 57849
6418 57973 1992 45762 44779 46312 235 449 57849
3783 71520 57849 14356 44779 449 46312 45762 57973
3783 71520 57849 235 44779 449 46312 45762 57973
1276 59429 14356 45762 71520 57973 44779 449 57849
1276 59429 235 45762 71520 57973 44779 449 57849
1309 14356 59429 71520 44779 45762 57973 57849 46312
1309 235 59429 71520 44779 45762 57973 57849 46312
1276 15781 449 6618 52937 53256 58612 14356 53365
1276 15781 449 6618 52937 53256 58612 235 53365
1276 15781 235 6618 52937 53256 9340 14356 53365
1276 15781 235 6618 52937 53256 9340 449 53365
1276 6618 14356 15781 52937 53256 50520 5768 53365
1276 6618 235 15781 52937 53256 50520 5768 53365
1276 53256 449 6618 50520 15781 58612 14356 53365
1276 53256 449 6618 50520 15781 58612 235 53365
3783 65534 69024 449 58612 235 14356 27527 72024
3783 65534 69024 449 58612 1992 14356 27527 72024
1276 64498 14356 1029 68001 68005 59676 235 67840
1276 64498 449 1029 68001 68005 59676 235 67840
1276 64498 14356 1029 68001 68005 59676 22949 67840
1276 69160 14356 29699 76544 26956 77901 22949 12445
1276 69160 235 29699 76544 26956 77901 22949 12445
1276 26956 14356 29699 70029 69160 77901 22949 12445
1276 26956 235 29699 70029 69160 77901 22949 12445
3785 33089 30766 1992 12864 235 14356 41897 30584
3785 33089 30766 1992 12864 449 14356 41897 30584
1627 449 35282 4203 57219 26341 13330 57344 235
1276 67903 14356 42859 57219 57344 24694 235 35282
1276 67903 14356 42859 57219 57344 24694 449 35282
1276 27520 14356 42859 57219 57344 24694 235 35282
1276 27520 14356 42859 57219 57344 24694 449 35282
3783 56446 27386 449 4203 235 14356 29292 27775
3783 56446 27386 449 4203 1992 14356 29292 27775
1627 449 56527 4203 27775 27386 29292 56446 14356
3783 20039 11373 449 4203 14356 1992 11269 16431
3783 20039 11373 449 4203 235 1992 11269 16431
3783 39576 34083 449 4203 235 14356 29292 33939
3783 39576 34083 449 4203 1992 14356 29292 33939
4315 32249 449 56649 58612 51352 14356 56939 1992
4315 32249 449 56649 58612 51352 235 56939 1992
3783 21052 21762 449 4203 14356 1992 4777 21767
3783 21052 21762 449 4203 235 1992 4777 21767
3783 30622 23515 449 4203 14356 235 1999 32471
3783 30622 23515 449 4203 1992 235 1999 32471
1892 43957 71643 14356 64668 34576 235 22949 71609
1892 43957 71643 449 64668 34576 235 22949 71609
3783 38032 18733 449 4203 235 14356 8453 18723
3783 38032 18733 449 4203 1992 14356 8453 18723
3783 18039 21783 449 4203 235 14356 8453 47124
3783 18039 21783 449 4203 1992 14356 8453 47124
3725 30296 28605 449 38776 14356 235 28179 26922
3725 30296 28605 449 38776 1992 235 28179 26922
3783 26052 11373 449 4203 14356 1992 11269 26016
3783 26052 11373 449 4203 235 1992 11269 26016
3783 61601 73508 449 58612 235 14356 31284 69425
3783 61601 73508 449 58612 1992 14356 31284 69425
3783 61601 74154 449 58612 14356 235 68291 69425
3783 61601 74154 449 58612 1992 235 68291 69425
3783 71598 71292 449 58612 235 14356 31284 15990
3783 71598 71292 449 58612 1992 14356 31284 15990
1627 449 71834 58612 15990 71292 31284 71598 14356
1627 449 32091 4203 21880 31423 32231 33381 14356
1276 33666 14356 35094 21880 33381 34593 12864 32091
1276 33666 235 35094 21880 33381 34593 12864 32091
1276 33666 14356 35094 21880 33381 34593 1579 32091
1276 33666 235 35094 21880 33381 34593 1579 32091
1276 74405 235 40149 74081 61314 12242 14356 8296
1276 74405 449 40149 74081 61314 12242 14356 8296
1276 74405 235 40149 74081 61314 12242 22949 8296
3783 65298 39453 449 4203 235 14356 8453 66137
3783 65298 39453 449 4203 1992 14356 8453 66137
1627 449 77006 4203 66137 39453 8453 65298 14356
1276 36689 14356 57656 80548 77428 53649 22949 42379
1276 36689 235 57656 80548 77428 53649 22949 42379
1276 36689 14356 57656 80548 77428 53649 6969 42379
1276 36689 235 57656 80548 77428 53649 6969 42379
1309 92232 25701 17265 8965 25077 26694 24715 25041
1309 92232 26694 19779 8965 25077 25701 24715 25041
1309 92232 26694 14564 8965 25077 25701 24715 25041
1276 26694 235 25701 25041 25077 14564 14356 24715
1276 26694 449 25701 25041 25077 14564 14356 24715
1276 26694 235 25701 25041 25077 14564 22949 24715
1627 92232 14356 8965 25701 24715 25077 19779 25041
1627 92232 235 8965 25701 24715 25077 19779 25041
1627 92232 14356 8965 25701 24715 25077 14564 25041
1627 92232 22949 8965 25701 24715 25077 14564 25041
1276 61514 14356 34288 56810 38291 25509 449 68532
1276 61514 235 34288 56810 38291 25509 449 68532
1276 61514 14356 34288 56810 38291 25509 1992 68532
1276 61514 235 34288 56810 38291 25509 1992 68532
1276 56810 14356 29956 61514 68532 5460 235 38291
1276 56810 449 29956 61514 68532 5460 235 38291
1276 56810 14356 29956 61514 68532 5460 19779 38291
3783 61514 38291 235 13003 1992 14356 19814 68532
3783 61514 38291 449 13003 1992 14356 19814 68532
1276 33609 14356 35094 21880 33381 34593 12864 32091
1276 33609 235 35094 21880 33381 34593 12864 32091
1276 33609 14356 35094 21880 33381 34593 1579 32091
1276 33609 235 35094 21880 33381 34593 1579 32091
1276 25077 235 25701 17265 26694 14564 14356 24715
1276 25077 449 25701 17265 26694 14564 14356 24715
1276 25077 235 25701 17265 26694 14564 22949 24715
3783 29096 22889 449 4203 14356 235 22449 24389
3783 29096 22889 449 4203 1992 235 22449 24389
1276 57309 449 51352 32249 56939 58612 14356 56649
1276 57309 449 51352 32249 56939 58612 235 56649
1629 51352 14356 57309 32249 56939 56942 1992 56649
1629 51352 235 57309 32249 56939 56942 1992 56649
1629 32249 14356 56942 51352 56649 57309 58612 56939
1629 32249 235 56942 51352 56649 57309 58612 56939
3783 37508 28335 449 58612 235 14356 31284 40517
3783 37508 28335 449 58612 1992 14356 31284 40517
3783 70649 32296 449 4203 14356 1992 2975 71757
3783 70649 32296 449 4203 235 1992 2975 71757
3783 14799 27383 449 4203 14356 235 27283 27367
3783 14799 27383 449 4203 1992 235 27283 27367
3783 57290 30141 449 4203 235 14356 23183 57788
3783 57290 30141 449 4203 1992 14356 23183 57788
1627 449 71297 4203 57788 30141 23183 57290 14356
1627 449 58899 4203 57788 30141 23183 57290 14356
1276 60245 449 25022 60736 58327 20054 14356 28518
1276 60245 449 25022 60736 58327 20054 235 28518
1276 58327 449 25022 60788 60245 20054 14356 28518
1276 58327 449 25022 60788 60245 20054 235 28518
1276 58327 449 25022 61320 60245 20054 14356 28518
1276 58327 449 25022 61320 60245 20054 235 28518
4173 73849 235 57748 6758 47343 14356 19779 72858
4173 73849 449 57748 6758 47343 14356 19779 72858
3783 68314 68653 235 2647 14356 449 13819 68008
3783 68314 68653 235 2647 1992 449 13819 68008
1276 32547 14356 35094 21880 33381 34593 12864 32091
1276 32547 235 35094 21880 33381 34593 12864 32091
1276 32547 14356 35094 21880 33381 34593 1579 32091
1276 32547 235 35094 21880 33381 34593 1579 32091
1276 79245 449 75762 58170 77579 4203 14356 77587
1276 79245 449 75762 58170 77579 4203 235 77587
1276 79245 449 75762 58170 77579 58612 14356 77587
1276 79245 449 75762 58170 77579 58612 235 77587
3783 20422 20223 449 4203 235 14356 890 15092
3783 20422 20223 449 4203 1992 14356 890 15092
3783 50719 5470 449 58612 14356 235 73296 11430
3783 50719 5470 449 58612 1992 235 73296 11430
3783 29493 69251 449 58612 235 14356 43704 58722
3783 29493 69251 449 58612 1992 14356 43704 58722
3783 70720 18921 449 4203 14356 235 15992 19209
3783 70720 18921 449 4203 1992 235 15992 19209
3783 35116 30141 449 4203 235 14356 23183 28732
3783 35116 30141 449 4203 1992 14356 23183 28732
3783 35004 30141 449 4203 235 14356 23183 28732
3783 35004 30141 449 4203 1992 14356 23183 28732
1276 61800 235 49642 58534 62534 6645 14356 61802
1276 61800 235 49642 58534 62534 6645 449 61802
3783 60599 16540 449 4203 14356 235 13330 59701
3783 60599 16540 449 4203 1992 235 13330 59701
3783 72028 72269 14356 59676 235 22949 48859 73474
3783 72028 72269 449 59676 235 22949 48859 73474
3783 48714 45446 1992 46312 14356 449 44779 45442
3783 48714 45446 1992 46312 235 449 44779 45442
3783 48751 45446 1992 46312 14356 449 44779 45442
3783 48751 45446 1992 46312 235 449 44779 45442
4067 57685 449 45837 56556 57903 235 14356 57626
4067 57685 1992 45837 56556 57903 235 14356 57626
3783 33665 26760 14356 13398 235 1992 11409 39882
3783 33665 26760 14356 13398 449 1992 11409 39882
3783 69585 47954 449 4203 14356 235 15992 71668
3783 69585 47954 449 4203 1992 235 15992 71668
3783 71640 71609 14356 34576 235 22949 64668 43957
3783 71640 71609 449 34576 235 22949 64668 43957
3725 26999 28605 449 38776 14356 235 28179 26922
3725 26999 28605 449 38776 1992 235 28179 26922
1726 41069 39844 449 41052 4203 14356 40445 41088
1726 41069 39844 449 41052 4203 235 40445 41088
3783 39064 28619 449 58612 235 14356 6917 30730
3783 39064 28619 449 58612 1992 14356 6917 30730
3783 74935 69024 449 58612 235 14356 27527 27097
3783 74935 69024 449 58612 1992 14356 27527 27097
3783 33381 31423 449 4203 235 14356 32231 21880
3783 33381 31423 449 4203 1992 14356 32231 21880
1276 73717 449 23087 57748 72858 58612 14356 73858
1276 73717 449 23087 57748 72858 58612 235 73858
3783 60607 60612 449 58612 235 14356 59902 60598
3783 60607 60612 449 58612 1992 14356 59902 60598
3785 45891 30766 1992 12864 235 14356 41897 30584
3785 45891 30766 1992 12864 449 14356 41897 30584
3783 36537 28619 449 58612 235 14356 6917 30730
3783 36537 28619 449 58612 1992 14356 6917 30730
6418 59429 1992 45762 44779 46312 14356 449 57849
6418 59429 1992 45762 44779 46312 235 449 57849
3783 65925 57046 235 41562 449 14356 53756 49766
3783 65925 57046 1992 41562 449 14356 53756 49766
3783 31494 23515 449 4203 14356 235 1999 23421
3783 31494 23515 449 4203 1992 235 1999 23421
1276 64653 14356 58534 49642 61802 53649 22949 62534
1276 64653 235 58534 49642 61802 53649 22949 62534
1276 64653 14356 58534 49642 61802 53649 6969 62534
1276 64653 235 58534 49642 61802 53649 6969 62534
3783 62674 34154 449 4203 235 14356 6735 60071
3783 62674 34154 449 4203 1992 14356 6735 60071
1276 42807 31237 36855 449 14356 29941 31693 36594
4067 48582 449 59676 45801 76194 14356 235 45794
4067 48582 1992 59676 45801 76194 14356 235 45794
1276 42657 14356 35094 21880 33381 34593 12864 32091
1276 42657 235 35094 21880 33381 34593 12864 32091
1276 42657 14356 35094 21880 33381 34593 1579 32091
1276 42657 235 35094 21880 33381 34593 1579 32091
1276 31837 14356 31795 31831 59333 2331 235 27220
1276 31837 14356 31795 31831 59333 2331 449 27220
4067 49618 235 39123 48904 39105 14356 22949 48424
4067 49618 449 39123 48904 39105 14356 22949 48424
1276 39966 14356 47522 60571 60380 34401 235 61577
1276 39966 14356 47522 60571 60380 34401 449 61577
1276 39966 235 47522 60571 60380 17722 14356 61577
1276 39966 235 47522 60571 60380 17722 449 61577
1276 33569 14356 35094 21880 33381 34593 12864 32091
1276 33569 235 35094 21880 33381 34593 12864 32091
1276 33569 14356 35094 21880 33381 34593 1579 32091
1276 33569 235 35094 21880 33381 34593 1579 32091
3783 65514 35903 449 4203 14356 235 24277 55256
3783 65514 35903 449 4203 1992 235 24277 55256
3783 74571 73508 449 58612 235 14356 31284 69425
3783 74571 73508 449 58612 1992 14356 31284 69425
1276 62524 235 49642 58534 62534 6645 14356 61802
1276 62524 235 49642 58534 62534 6645 449 61802
