367 372 386 3 376 375 383 366 365 378 364 384 387 377 385 15 16 604 612 618 4 619 609 605 615 603 622 608 611 620 617 625 606 623 613 624 610 627 614 607 621 626 616 333 338 530 335 343 334 342 336 708 44 47 341 337 339 340 59 545 551 62 63 64 65 66 67 68 69 70 71 72 73 74 75 76 77 78 79 80 81 82 83 84 85 86 629 417 420 414 435 432 543 423 421 419 415 223 422 416 433 407 410 438 413 424 412 409 411 418 28 431 442 36 23 42 119 123 121 122 120 124 125 126 111 128 127 129 136 131 132 133 134 135 130 139 140 141 142 143 144 145 146 147 148 149 150 151 152 153 154 155 156 157 158 159 160 161 162 163 164 165 166 167 168 169 170 171 172 173 174 175 176 177 178 370 17 22 21 32 35 30 26 33 24 27 39 43 40 18 19 34 38 29 37 25 31 41 201 202 203 204 205 206 214 218 209 211 216 212 213 207 217 220 215 210 219 208 221 222 665 224 5 9 6 13 8 1 0 11 10 7 2 12 14 137 138 238 239 240 241 242 243 244 87 245 246 247 248 249 250 251 252 253 254 255 256 257 258 260 259 267 262 263 264 265 266 261 268 269 272 271 273 270 628 275 276 277 278 279 280 281 282 283 284 285 286 287 288 289 290 291 292 293 294 295 296 297 298 299 300 301 302 303 304 305 306 307 308 309 310 311 312 313 314 315 318 319 320 321 322 323 324 325 329 332 327 330 331 328 537 928 834 535 541 536 539 374 540 368 538 51 789 790 793 792 794 706 382 373 371 381 369 380 379 358 360 361 362 229 230 237 228 832 728 515 681 235 734 828 236 227 234 233 731 729 733 732 225 226 232 231 20 388 60 390 391 392 393 394 395 402 398 397 399 400 401 396 403 404 405 406 661 745 663 660 659 640 664 655 645 657 643 641 648 649 647 650 662 654 425 426 427 428 437 429 651 644 652 434 642 436 430 658 439 440 441 656 443 444 445 446 451 448 449 450 447 653 534 454 721 717 903 716 714 719 718 720 466 467 468 469 470 471 472 473 474 475 476 477 478 479 326 480 481 482 483 484 485 486 487 488 489 490 491 492 493 494 495 496 497 498 499 500 501 502 503 504 505 506 507 508 509 510 511 748 179 516 517 518 519 520 521 522 523 524 456 526 527 910 911 909 533 532 531 453 829 830 344 827 831 835 833 895 646 529 350 408 692 693 912 683 904 746 750 747 754 840 749 557 559 560 561 562 563 564 565 566 567 568 569 570 363 571 572 573 574 575 317 577 578 579 580 581 576 582 316 583 584 585 359 586 587 588 558 589 590 591 592 593 594 595 596 597 598 599 600 601 118 183 196 180 181 189 192 190 116 186 188 182 195 194 198 185 187 200 117 199 193 112 184 197 115 191 52 630 631 632 602 633 634 635 637 975 274 106 108 100 101 92 96 465 97 90 89 95 113 94 93 105 88 114 91 104 110 99 109 107 103 98 102 669 666 461 667 670 671 672 673 674 675 676 678 679 680 556 682 953 684 685 686 687 688 689 690 691 952 950 698 696 697 695 699 700 701 704 703 702 705 53 753 906 710 711 354 715 352 355 356 357 353 351 722 723 513 724 725 726 727 636 552 553 841 554 994 512 514 555 736 737 738 739 740 741 712 742 455 744 996 796 795 799 800 797 46 897 668 798 755 756 757 758 759 760 761 762 694 763 764 765 766 767 768 769 770 771 772 773 774 775 776 777 778 779 780 781 782 784 785 786 787 788 345 349 61 347 346 348 460 464 458 463 457 462 929 751 930 804 783 805 806 809 810 811 812 525 814 815 816 819 818 808 820 813 902 730 824 825 826 54 57 56 55 49 45 50 48 58 836 837 838 839 459 1002 842 843 844 713 845 846 847 848 849 546 851 852 853 854 855 817 856 857 858 861 862 863 850 549 865 866 867 868 869 870 860 872 873 874 743 875 876 877 878 879 880 882 881 883 884 677 885 886 887 892 890 888 891 889 893 548 951 896 528 898 899 900 707 988 913 905 987 968 542 550 901 821 823 822 735 917 915 916 914 918 919 920 921 922 923 924 925 926 871 927 389 970 981 982 544 932 933 934 936 935 937 938 939 940 941 942 859 943 452 638 639 967 948 949 802 803 801 752 954 956 955 957 958 960 959 961 962 963 964 965 966 709 986 969 931 971 972 908 894 791 976 977 978 979 944 980 807 973 974 983 984 985 1003 945 946 989 990 991 992 993 864 995 947 997 998 999 1000 1001 547 907 

2022-05-05 16:07:20
Seed: 636795231

G1: syeast0
n    = 1004
m    = 8323
# connected components = 1
Largest connected components (nodes, edges) = (1004, 8323) 

G2: syeast05
n    = 1004
m    = 8739
# connected components = 1
Largest connected components (nodes, edges) = (1004, 8739) 

Method: SANA_s3
Temperature schedule:
T_initial: 0.01
T_decay: 7.19558
Optimize: 
weight s3: 1
Execution time: 60s
Actual execution time = 66.396s

Scores:
ec: 0.941367
ed: 0.999516
js: 899.304
er: -2
ics: 0.896556
mec: 1
ses: -1
ee: 0
ms3: 0
ics: 0.896556
s3: 0.849138
lccs: 0.668781
sec: 0.918415
nc: 0.542829

Common subgraph:
n    = 1004
m    = 7835
# connected components = 64
Largest connected components (nodes, edges) = (625, 5956) (36, 320) (29, 111) 

Common connected subgraphs:
Graph  n     m     alig-edges  indu-edges  EC        ICS       S3        JS          
G1     1004  8323  7835        8739        0.941367  0.896556  0.849138  899.304337  
CCS_0  625   5956  5956        6386        1.000000  0.932665  0.932665  625.000000  
CCS_1  36    320   320         324         1.000000  0.987654  0.987654  36.000000   
CCS_2  29    111   111         131         1.000000  0.847328  0.847328  29.000000   
CCS_3  28    278   278         309         1.000000  0.899676  0.899676  28.000000   
CCS_4  26    182   182         262         1.000000  0.694656  0.694656  26.000000   

CCS_0 Alignment, local (distance 1 to 0) edge counts and s3 score
GLN1	GLN1
HSP42	HSP42
RPB2	RPB2
RPB3	RPB3
RPB4	RPB4
RPO21	RPO21
TFG2	RPB11
RPB9	TFG2
DST1	DST1
SAM1	SAM1
GFA1	GFA1
ASR1	ASR1
EFT1	EFT1
CLU1	CLU1
RPB7	RPB7
TFG1	TFG1
RPB11	RPB9
MDN1	MDN1
SPT4	SPT4
SPT5	SPT5
IWR1	IWR1
RTR1	RTR1
PFK1	PFK1
RPL10	RPL10
GCN20	GCN20
GCN1	GCN1
CRM1	CRM1
SAM2	SAM2
ARO1	ARO1
YHR020W	YHR020W
CCT6	CCT6
MAE1	MAE1
DPH1	DPH2
DPH2	DPH1
TIF1	TIF1
EFT2	EFT2
YEF3	YEF3
FBA1	FBA1
ADH1	ADH1
ILV1	ILV1
GEA2	GEA2
TUB3	TUB3
NOP7	NOP7
DRS1	DRS1
RIX1	RIX1
IPI3	IPI3
NUG1	NUG1
NOG1	NOG1
IPI1	IPI1
CIC1	CIC1
RLP7	RLP7
ARX1	ARX1
NOG2	NOG2
RSA4	RSA4
SDA1	SDA1
PPH3	PPH3
PSY2	PSY2
PSY4	PSY4
PFK2	PFK2
NOP1	NOP1
RPL2A	RPL2A
RPL6A	RPL6A
RPL17B	RPL17B
RPL2B	RPL2B
RPS11A	RPS11A
RPS17B	RPS17B
RPS8A	RPS8A
RPS11B	RPS11B
RPL15A	RPL15A
RPL17A	RPL17A
RPL3	RPL3
RPL20A	RPL20A
RPL13A	RPL13A
RPS9B	RPS9B
RPS13	RPS13
RPL27B	RPL27B
RPL6B	RPL6B
RPL7B	RPL7B
RPL25	RPL25
RPL16B	RPL16B
RPL28	RPL28
RPS24A	RPS24A
KRE33	KRE33
RPL11B	RPL11B
RPL30	RPL30
RPS14A	RPS14A
MIS1	MIS1
RPL33B	RPL33B
RPL13B	RPL13B
RPL1B	RPL1B
RPL31A	RPL31A
RPL16A	RPL16A
RPL36A	RPL36A
RPL26B	RPL26B
RPL14B	RPL14B
RPS1B	RPS1B
RPS6A	RPS6A
RPS22A	RPS22A
RPS3	RPS3
RPL19B	RPL19B
RPS30A	RPS30A
RPS7B	RPS7B
RPL42B	RPL42B
RPS18A	RPS18A
RPL24A	RPL24A
RPL36B	RPL36B
RPL4A	RPL4A
RPS6B	RPS6B
STM1	STM1
DBP2	DBP2
RPS5	RPS5
RPS7A	RPS7A
RPL35B	RPL35B
RPL8B	RPL8B
RPL18B	RPL18B
RPL20B	RPL20B
RPL8A	RPL8A
RPS4B	RPS4B
RPS16B	RPS16B
RPP2B	RPP2B
RPL1A	RPL1A
RPL12B	RPL12B
RPS1A	RPS1A
RPL7A	RPL7A
RPP0	RPP0
SEC53	AHA1
IDH2	IDH2
KAP123	KAP123
AHA1	SEC53
CCT4	CCT4
OLA1	OLA1
LYS12	LYS12
TUB2	TUB2
MIR1	MIR1
HSC82	HSC82
ERG1	ERG1
CCT2	CCT2
CCT7	PLP2
PLP2	CCT7
KTI11	KTI11
TIF2	TIF2
ADH3	ADH3
GPM1	GPM1
SSZ1	SSZ1
EFB1	EFB1
TEF4	TEF4
CAM1	CAM1
RPL5	RPL5
PGI1	PGI1
PDC1	PDC1
HSP104	HSP104
YRA1	YRA1
PGK1	PGK1
TDH3	TDH3
TPI1	TPI1
ENO2	ENO2
ADH2	ADH2
HSP60	GUS1
KAP104	KAP104
TIF6	TIF6
MAK21	MAK21
NOP2	NOP2
NIP7	NIP7
HAS1	HAS1
MRT4	MRT4
DBP10	DBP10
NOC3	NOC3
NOC2	NOC2
YTM1	YTM1
SPB4	SPB4
NOP15	NOP15
NSA1	NSA1
BRX1	BRX1
RPF2	RPF2
ERB1	ERB1
NOP4	NOP4
RPF1	RPF1
MAK5	MAK5
RRP5	RRP5
PUF6	PUF6
RRP1	RRP1
SPB1	SPB1
RIX7	RIX7
DBP9	DBP9
LOC1	LOC1
EBP2	EBP2
NSA2	NSA2
RPL27A	RPL27A
FPR4	FPR4
RPL31B	RPL31B
RPL38	RPL38
RPL11A	RPL11A
RPL9A	RPL9A
RPL23A	RPL23A
BUD20	BUD20
RRP12	RRP12
NOP12	NOP12
LSG1	LSG1
REI1	REI1
NAP1	NAP1
RRD1	RRD1
UTP4	UTP4
UTP15	UTP15
UTP8	UTP8
NAN1	NAN1
UTP10	UTP10
PWP2	PWP2
UTP6	UTP6
UTP13	UTP13
UTP21	UTP21
NIP1	NIP1
DIP2	DIP2
SIK1	SIK1
NOP58	NOP58
SOF1	SOF1
GBP2	GBP2
RRP9	RRP9
PRP43	PRP43
FUN12	FUN12
RPS8B	RPS8B
UTP30	UTP30
KRR1	KRR1
KRI1	KRI1
UTP7	UTP7
UTP22	UTP22
RPS4A	RPS4A
IMP3	IMP3
UTP20	UTP20
SRO9	SRO9
BFR2	BFR2
ENP2	ENP2
HCA4	HCA4
CBF5	CBF5
NOP14	NOP14
NOC4	NOC4
MPP10	MPP10
ENP1	ENP1
EMG1	EMG1
ECM16	ECM16
BMS1	BMS1
RPS2	RPS2
RPS14B	RPS14B
RPL26A	RPL26A
PUF4	PUF4
RPL4B	RPL4B
RPL21A	RPL21A
RPS19B	RPS19B
DED1	DED1
RPL18A	RPL18A
RPS22B	RPS22B
RPS15	RPS15
RPL33A	RPL33A
RPL32	RPL32
IMD3	IMD3
RPS20	RPS20
RPS24B	RPS24B
RPS23A	RPS23A
RPS25A	RPS25A
RPL29	RPL29
HMO1	HMO1
PRT1	PRT1
RPG1	RPG1
IMD4	IMD4
RPS9A	RPS9A
YGR054W	YGR054W
TSR1	TSR1
RPS26B	RPS26B
RPS0A	RPS0A
RAI1	RAI1
TIF34	TIF34
ASC1	ASC1
SBP1	SBP1
GCD11	GCD11
ESF1	ESF2
ESF2	ESF1
PWP1	PWP1
RRS1	RRS1
GAR1	GAR1
RPL19A	RPL19A
RPS17A	RPS17A
SKI3	SKI3
RPL12A	RPL12A
IMD1	IMD1
VID24	VID24
IMD2	IMD2
KEM1	KEM1
PNO1	PNO1
DIM1	DIM1
RPS28B	RPS28B
SLX9	SLX9
RIO2	RIO2
RPS18B	RPS18B
RPS10B	RPS10B
RNA14	RNA14
NAT1	NAT1
ISA2	ISA2
RPP2A	RPP2A
FKS1	FKS1
TCB3	TCB3
BFR1	BFR1
RPS16A	RPS16A
STO1	STO1
TIF4632	TIF4632
CDC33	CDC33
TIF4631	TIF4631
NOP53	NOP53
LTV1	LTV1
YHI9	YHI9
NHP6A	NHP6A
EGD2	EGD2
SCP160	SCP160
RLI1	RLI1
RPL9B	RPL9B
RCL1	RCL1
SNU13	SNU13
RPP1A	RPP1A
YLR287C	YLR287C
IDH1	IDH1
KAP95	KAP95
SRP1	SRP1
NUP2	NUP2
FUN19	FUN19
YPR174C	YPR174C
ATP2	ATP2
FAS1	FAS1
HSP82	HSP82
STI1	STI1
VID27	VID27
TSA1	TSA1
ZUO1	ZUO1
SSB2	SSB2
HYP2	HYP2
TEF1	TEF1
TEF2	TEF2
HPR1	HPR1
MFT1	MFT1
HRB1	HRB1
SUB2	SUB2
MKT1	ARC1
POR1	MES1
NAB2	NAB2
MTR10	MTR10
URB1	URB1
JIP5	JIP5
FPR3	FPR3
BCP1	BCP1
RKM1	RKM1
RPL23B	RPL23B
NMD3	NMD3
KAP114	KAP114
NIS1	GIN4
NBA1	KCC4
HTA2	HTA2
HTZ1	HTZ1
KCC4	NIS1
HTB2	HTB2
RIM11	RIM11
GIN4	NBA1
POL5	POL5
UTP9	UTP9
UTP18	UTP18
IMP4	IMP4
UTP5	UTP5
ROK1	ROK1
TIF35	TIF35
TIF5	TIF5
SUI1	SUI1
SUI2	SUI2
HCR1	HCR1
MRD1	MRD1
BUD21	BUD21
RLR1	THP2
THP2	RLR1
TEX1	TEX1
NPL3	NPL3
BRR2	BRR2
SNU114	SNU114
PRP8	PRP8
SMB1	SMB1
PRP19	PRP19
CLF1	PRP46
PRP46	CLF1
SYF1	SYF1
CWC23	CWC23
SPP382	SPP382
CWC2	CWC2
NSR1	NSR1
PAB1	PAB1
SNT309	SNT309
SQS1	SQS1
NOP6	NOP6
RRP7	RRP7
IFH1	IFH1
LCP5	LCP5
NHP2	NHP2
NOP10	NOP10
YMR310C	YMR310C
HRR25	HRR25
NOB1	NOB1
RPL43B	RPL43B
DCW1	DCW1
RPS26A	RPS26A
SUI3	SUI3
YAR075W	YAR075W
TSR2	TSR2
RPS0B	RPS0B
RAT1	RAT1
GCN3	GCD2
GCD7	GCD7
GCD6	GCD1
GCD2	GCN3
GCD1	GCD6
CDC123	CDC123
RRP45	RRP42
RRP42	MTR3
MTR3	RRP43
SKI2	SKI2
YKL023W	YKL023W
SKI8	SKI8
VID28	FYV10
GID8	GID8
VID30	VID30
FYV10	VID28
PCF11	PCF11
CLP1	CLP1
PRP4	PRP4
PAT1	PAT1
LSM1	LSM1
LSM2	LSM2
DCP2	DCP2
LSM4	LSM4
PIL1	PIL1
LSP1	LSP1
LSM6	LSM7
DHH1	DHH1
LSM5	LSM5
LSM7	LSM6
TAZ1	TAZ1
PSE1	PSE1
RNA15	RNA15
ARD1	ARD1
SEC7	SEC7
SNU71	SNU71
PRP40	PRP40
SNP1	SNP1
MUD1	MUD1
PRP42	PRP42
PRP39	PRP39
SNU56	SNU56
RSE1	RSE1
LUC7	LUC7
NAM8	NAM8
SMD3	SMD3
SMD1	SMD1
SMD2	SMD2
YHC1	YHC1
PRP11	PRP11
CBC2	CBC2
CUS1	CUS1
PRP9	PRP9
LEA1	LEA1
NRD1	NRD1
NAB3	NAB3
YRA2	YRA2
NAB6	NAB6
SGN1	SGN1
CAF20	EAP1
EAP1	CAF20
ABF2	ABF2
EGD1	EGD1
NUP60	NUP60
ULP1	ULP1
NUP1	NUP1
RFA3	RFA3
CSL4	RRP4
DIS3	DIS3
RRP4	CSL4
RRP6	RRP40
RRP40	RRP6
RRP43	RRP46
SKI6	SKI6
RRP46	SKI7
SKI7	RRP45
ATP1	ATP1
FAS2	TRM3
TRM3	FAS2
URB2	URB2
NOP8	NOP8
HTB1	HTB1
MOT1	MOT1
HHF1	HHF1
ISW1	ISW1
HHF2	HHF2
HHT1	HHT1
HSH155	HSH155
CEF1	CEF1
SNU23	SNU23
PRP45	PRP45
ECM2	ECM2
SME1	SME1
CDC40	CDC40
AAR2	AAR2
DIB1	DIB1
PRP38	PRP38
PRP3	PRP3
PRP31	PRP31
SNU66	SNU66
CWC22	CWC22
PRP21	PRP21
SMX3	SMX3
PRP6	PRP6
LSM8	LSM8
BUD31	BUD31
NTR2	NTR2
LIN1	LIN1
MSL1	MSL1
SPP381	SPP381
ISY1	ISY1
YGR283C	YGR283C
SUP45	SUP45
RTT103	RTT103
LRP1	LRP1
RMD5	RMD5
PRP24	PRP24
LSM3	LSM3
EDC3	EDC3
DCP1	DCP1
PKH1	PKH1
MRP8	MRP8
NAT5	NAT5
BRR1	BRR1
HSH49	HSH49
SMX2	SMX2
AIR2	AIR2
SEN1	SEN1
PAP2	PAP2
MTR4	MTR4
YGR250C	YGR250C
RSC8	RSC8
ARP9	ARP9
VPS1	VPS1
ASE1	ASE1
RFA1	RFA1
RFA2	RFA2
RIM1	RIM1
RTT105	RTT105
YDL156W	YDL156W
MEC1	MEC1
RAD52	RAD52
YNR024W	YNR024W
RSA3	RSA3
STH1	STH1
RSC2	RSC2
RSC3	RSC3
ITC1	ITC1
ISW2	ISW2
RSC58	RSC58
NPL6	NPL6
TRA1	RPO31
IOC3	IOC3
HIF1	HAT2
HAT1	PSH1
HAT2	HIF1
PSH1	HAT1
ASF1	ASF1
RSC6	RSC4
RSC4	RSC6
ESC8	ESC8
CUS2	CUS2
CSN12	CSN12
SUP35	SUP35
PBY1	PBY1
YPS7	YPS7
RSC30	SFH1
SFH1	RSC30
RSC1	RSC1
HTL1	RSC9
RSC9	HTL1
ARP7	ARP7
RTT102	RTT102
SNF2	SWI3
SNF12	SWI1
SWI1	SNF12
SWP82	SWP82
SNF6	SNF6
SNF5	SNF5
SWI3	SNF2
MSH2	MSH2
DNA2	DNA2
HTA1	HTA1
DLS1	DLS1
DPB4	DPB4
TAF5	RPC40
TAF6	RPB5
TAF12	RPB10
SPT7	RPC19
ADA2	RPB8
SPT20	RET1
SPT8	RPC37
GCN5	RPC82
NGG1	RPC34
HFI1	RPC17
TAF9	RPO26
SGF29	RPC53
SGF73	RPC31
SPT3	RPC11
HHT2	HHT2
RAD53	RAD53
SSE2	SSE2
NFI1	NFI1
SNF11	SNF11
MSH6	MSH3
MSH3	MSH6
POL2	DPB2
DPB2	DPB3
DPB3	POL2
TAF1	RPA43
TAF3	RPA12
TAF11	RPA190
TAF7	RPA34
UBP8	RPC25
TAF4	RPA49
TAF10	RPA135
TAF13	RPA14
SPT15	RPC10
CCS_1 Alignment, local (distance 1 to 0) edge counts and s3 score
EAF6	TRS20
EAF3	BET3
EPL1	TRS120
ESA1	TRS33
EAF1	GSG1
YAF9	TRS23
EAF5	BET5
SWC4	TRS130
YNG2	TRS31
EAF7	KRE11
YAP1	POL4
NUT1	RPN12
SIN4	RPT4
MED1	RPN10
MED6	RPN5
SRB2	RPN9
RGR1	RPT2
PGD1	RPT3
GAL11	RPN11
SRB8	RPN13
SSN2	RPN1
MED7	RPT1
SRB4	UBP6
SRB5	ECM29
MED8	RPT6
MED11	RPN6
SRB6	RPT5
NUT2	RPN3
SSN8	SLX5
ROX3	PRE5
SSN3	SEM1
MED2	NAS6
MED4	RPN2
SRB7	RPN8
CSE2	RPN7
SOH1	SPG5
CCS_2 Alignment, local (distance 1 to 0) edge counts and s3 score
RTG2	BSP1
BMH2	INP52
BMH1	CRN1
GLC7	ACT1
NTH1	MYO5
REG1	SAC6
ADE16	ABP1
PAP1	IES3
YSH1	TAF14
CFT2	ARP4
PFS2	IES1
PTA1	VPS71
CFT1	IES5
SWD2	RVB1
PTI1	INO80
FIP1	ARP8
REF2	NHP10
YTH1	ARP5
SSU72	RVB2
SOL2	RVS161
MPE1	IES2
SET1	VPS72
SDC1	SWC3
SHG1	ARP6
SYC1	PIH1
SWD1	BDF1
BRE2	SWR1
SWD3	SWC7
SPP1	SWC5
CCS_3 Alignment, local (distance 1 to 0) edge counts and s3 score
SWA2	RSM18
RPN1	PET123
SLX5	SWS2
RPN12	MRP13
RPN10	MRPS5
RPN11	RSM26
RPN9	MRPS28
RPN8	MRP4
RPN6	MRPS16
RPT2	RSM22
RPT6	RSM25
RPN3	NAM9
RPN2	MRP51
RPT3	RSM7
RPT4	MRPS9
RPN7	MRPS18
RPN5	RSM27
SEM1	MRPS8
SPG5	MRP1
NAS6	MRPS17
RPT1	RSM24
ECM29	RSM10
UBP6	MRPS35
POL4	RSM19
RPT5	RSM23
RPN13	MRP21
PRE5	EHD3
CPA2	MRP10
CCS_4 Alignment, local (distance 1 to 0) edge counts and s3 score
GUS1	MRP20
RPA135	MRPL4
RPB5	IMG2
RPB8	MRPL1
RPA190	MRPL7
RPA14	MRPL10
RPA12	MRPL3
RPA34	MRPL23
RPA43	MRPL17
RPA49	MRPL28
RPB10	MRPL35
RPC10	MRPL27
RPO26	MRP7
RPC40	MRPL36
RPC19	MRPL16
RPO31	MHR1
RET1	YML6
RPC82	MRPL8
RPC34	MRPL9
RPC37	MRPL20
RPC17	MRPL13
RPC53	MRP49
RPC25	IMG1
RPC31	MRPL24
RPC11	MRPL15
MAF1	MRPL22
CCS_5 Alignment, local (distance 1 to 0) edge counts and s3 score
MRPL9	TRA1
MRPL7	TAF12
YML6	GCN5
MRPL17	TAF9
MRPL4	TAF6
MRPL1	TAF5
MRPL8	SPT8
MRPL24	SPT3
IMG1	HFI1
MHR1	SGF73
IMG2	NGG1
MRPL20	ADA2
MRPL16	SPT7
MRPL13	SPT20
MRPL15	SGF29
MRPL35	TAF10
MRP7	TAF1
MRPL28	TAF4
MRPL3	TAF3
MRPL10	TAF13
MRPL23	TAF11
MRPL27	SPT15
MRPL36	TAF7
MRP20	SGF11
MRP49	UBP8
MRPL6	TAF8
CCS_6 Alignment, local (distance 1 to 0) edge counts and s3 score
MRP10	SSN8
RSM25	NUT1
MRPS18	SIN4
MRP21	SRB8
MRP1	MED4
MRPS8	SRB6
RSM19	MED2
MRPS16	SOH1
PET123	SRB4
MRPS35	ROX3
MRPS9	SSN2
MRPS28	MED1
MRP51	GAL11
RSM27	SRB5
RSM26	MED6
MRPS17	MED11
RSM10	NUT2
MRP4	MED7
EHD3	YAP1
RSM23	RGR1
NAM9	SSN3
RSM7	SRB2
RSM22	PGD1
RSM24	CSE2
MRP13	MED8
MRPS5	SRB7
CCS_7 Alignment, local (distance 1 to 0) edge counts and s3 score
CTI6	YNG2
RPD3	EAF1
UME1	YAF9
SIN3	EAF5
SDS3	EAF3
SAP30	SWC4
PHO23	EAF6
RXT2	ESA1
DEP1	EAF7
RXT3	EPL1
CKA1	RPD3
CKB1	RXT2
CKB2	CTI6
CDC73	RCO1
SPT16	SAP30
POB3	RXT3
CKA2	SDS3
RTF1	SIN3
CTR9	PHO23
LEO1	DEP1
PAF1	UME1
HOT1	CKA1
YHR131C	UME6
CCS_8 Alignment, local (distance 1 to 0) edge counts and s3 score
KKQ8	GLC8
BLM10	GLC7
SCL1	CFT2
PRE6	PAP1
PRE9	PTI1
PRE4	SWD2
PRE10	MPE1
PRE2	CFT1
PRE8	PFS2
PRE7	SSU72
PUP3	PTA1
PRE3	FIP1
PRE1	YTH1
PUP2	REF2
PUP1	YSH1
YCR076C	SYC1
CCS_9 Alignment, local (distance 1 to 0) edge counts and s3 score
TAF2	KKQ8
TAF14	BLM10
RVB1	PUP3
RVB2	PRE10
IES1	SCL1
INO80	PRE2
NHP10	PRE9
ARP8	PRE1
ARP4	PRE3
IES3	PRE7
IES5	PRE4
ARP5	PRE8
ACT1	PRE6
VPS71	PUP1
IES2	PUP2
PIH1	YCR076C
CCS_10 Alignment, local (distance 1 to 0) edge counts and s3 score
BET5	PAF1
TRS31	CKA2
TRS33	RTF1
GSG1	POB3
TRS130	CKB1
TRS20	SPT16
BET3	CKB2
TRS120	CTR9
TRS23	LEO1
KRE11	CDC73
CCS_11 Alignment, local (distance 1 to 0) edge counts and s3 score
BDF2	MAM33
BDF1	MYO2
SWR1	MLC1
SWC5	MYO4
SWC7	MYO1
SWC3	SHE3
ARP6	CMD1
VPS72	SHE2
CCS_12 Alignment, local (distance 1 to 0) edge counts and s3 score
INP52	RAV2
CRN1	SKP1
BSP1	RAV1
RVS161	YMR258C
MYO5	CDC53
ABP1	YPT52
YGL242C	CDC34
SAC6	MRS6
CCS_13 Alignment, local (distance 1 to 0) edge counts and s3 score
PHB2	SET1
MNN10	SWD1
MNN9	SDC1
MNN11	BRE2
ANP1	SPP1
PHB1	SHG1
HOC1	SWD3
CCS_14 Alignment, local (distance 1 to 0) edge counts and s3 score
SHE4	HST1
MYO2	SIF2
MLC1	HOS4
MYO4	SNT1
CMD1	HOS2
MYO1	CPR1
SHE3	SET3
CCS_15 Alignment, local (distance 1 to 0) edge counts and s3 score
VMA8	SRP68
VMA7	SEC65
VMA13	SRP54
TFP1	SRP72
VMA2	SRP14
VMA10	SRP21
VMA4	LHP1
CCS_16 Alignment, local (distance 1 to 0) edge counts and s3 score
SRP21	SEC21
SRP14	SEC26
SRP68	RET2
SRP72	COP1
SEC65	RET3
SRP54	SEC28
LHP1	SEC27
CCS_17 Alignment, local (distance 1 to 0) edge counts and s3 score
HOS2	VMA10
SIF2	TFP1
HOS4	VMA13
SET3	VMA7
CPR1	VMA2
SNT1	VMA8
HST1	VMA5
CCS_18 Alignment, local (distance 1 to 0) edge counts and s3 score
RET3	PHB1
COP1	PHB2
SEC26	MNN9
SEC27	MNN10
SEC21	ANP1
SEC28	MNN11
RET2	HOC1
CCS_19 Alignment, local (distance 1 to 0) edge counts and s3 score
PCL8	NTH1
PHO85	BMH2
PHO81	BMH1
PHO80	RTG2
CYR1	REG1
SRV2	ADE16
CCS_20 Alignment, local (distance 1 to 0) edge counts and s3 score
CSI1	SNF4
RRI1	SNF1
CSN9	SIP1
PCI8	SAK1
RRI2	GAL83
CCS_21 Alignment, local (distance 1 to 0) edge counts and s3 score
NCE102	SDS22
VPH1	PPZ1
VMA6	YKL088W
VPH2	VHS3
DRS2	SIS2
CCS_22 Alignment, local (distance 1 to 0) edge counts and s3 score
ALY2	SRV2
RSP5	PHO81
UBP2	PHO85
RUP1	PHO80
ALY1	CYR1
CCS_23 Alignment, local (distance 1 to 0) edge counts and s3 score
SNF4	RRI2
SNF1	RRI1
SIP1	CSI1
SAK1	CSN9
GAL83	PCI8
CCS_24 Alignment, local (distance 1 to 0) edge counts and s3 score
SIS2	ALY2
YKL088W	RSP5
VHS3	ALY1
PPZ1	UBP2
SDS22	RUP1
CCS_25 Alignment, local (distance 1 to 0) edge counts and s3 score
CRT10	YHB1
RTT101	MKT1
CDC53	HSP60
CDC34	POR1
CCS_26 Alignment, local (distance 1 to 0) edge counts and s3 score
YER071C	YER071C
CAP1	CAP1
AIM21	AIM21
CAP2	CAP2
CCS_27 Alignment, local (distance 1 to 0) edge counts and s3 score
YMR258C	GYL1
YPT52	GYP5
MRS6	RVS167
CCS_28 Alignment, local (distance 1 to 0) edge counts and s3 score
RAV2	NCE102
SKP1	VPH1
RAV1	VAC8
CCS_29 Alignment, local (distance 1 to 0) edge counts and s3 score
RVS167	DRS2
GYP5	VMA6
GYL1	VPH2
CCS_30 Alignment, local (distance 1 to 0) edge counts and s3 score
YDJ1	CMP2
HSP26	CNB1
CCS_31 Alignment, local (distance 1 to 0) edge counts and s3 score
MES1	CPA2
ARC1	CPA1
CCS_32 Alignment, local (distance 1 to 0) edge counts and s3 score
CNB1	YDJ1
CMP2	HSP26
CCS_33 Alignment, local (distance 1 to 0) edge counts and s3 score
