10304 Q9JLV5,Q01279,P02340,P05627,Q6P5F9,P70372,P12023,P60824 A0A0G2JSP3,G3V6K6,P10361,P17325,Q80U96,B5DF91,P08592,P60825
7443 Q3TVC7,P12023,Q6P5F9,Q921E6,P70372,Q9JLV5,P05627,O35864 A0A0H2UHJ2,P08592,Q80U96,B5DF02,B5DF91,A0A0G2JSP3,P17325,F7EUU4
11502 P02340,Q9JLV5,Q61510,Q921E6,E9QNN1,P05627,Q6P5F9,P70372 P10361,A0A0G2JSP3,D4A9N5,B5DF02,D4A9D6,P17325,Q80U96,B5DF91
11502 P02340,Q9JLV5,Q61510,Q921E6,Q3UR42,P05627,Q6P5F9,P70372 P10361,A0A0G2JSP3,D4A9N5,B5DF02,D4A9D6,P17325,Q80U96,B5DF91
8636 P02340,Q9JLV5,Q01279,Q80V62,P97473,P12023,Q6P5F9,P70372 P10361,A0A0G2JSP3,G3V6K6,A0A0G2K5U0,Q3SWU0,P08592,Q80U96,B5DF91
8636 P02340,Q9JLV5,Q01279,Q80V62,Q9CYX7,P12023,Q6P5F9,P70372 P10361,A0A0G2JSP3,G3V6K6,A0A0G2K5U0,Q5M947,P08592,Q80U96,B5DF91
8636 P02340,Q9JLV5,Q01279,Q80V62,Q9R0N0,P12023,Q6P5F9,P70372 P10361,A0A0G2JSP3,G3V6K6,A0A0G2K5U0,Q5RKH2,P08592,Q80U96,B5DF91
9644 P70372,Q01279,Q99JX7,P80313,P12023,Q9JLV5,Q6P5F9,Q80V62 B5DF91,G3V6K6,F1MA52,D4AC23,P08592,A0A0G2JSP3,Q80U96,A0A0G2K5U0
9644 P70372,Q01279,Q99JX7,P97473,P12023,Q9JLV5,Q6P5F9,Q80V62 B5DF91,G3V6K6,F1MA52,Q3SWU0,P08592,A0A0G2JSP3,Q80U96,A0A0G2K5U0
8082 Q921E6,P02340,Q01279,Q3UFB7,P05627,Q61510,P54276,P63101 B5DF02,P10361,G3V6K6,P35739,P17325,D4A9N5,D4A0U9,Q80U96
8082 Q921E6,P02340,Q01279,Q3UFB7,P05627,Q61510,Q9Z1R2,Q6P5F9 B5DF02,P10361,G3V6K6,P35739,P17325,D4A9N5,Q6MG49,Q80U96
8082 Q921E6,P02340,Q01279,Q3UFB7,P05627,Q61510,Q60520,Q6P5F9 B5DF02,P10361,G3V6K6,P35739,P17325,D4A9N5,A0A0G2K3H5,Q80U96
7385 P12023,Q6P5B0,P02340,Q6P5F9,P70372,Q921E6,Q9JLV5,P05627 P08592,M0R3M8,P10361,Q80U96,B5DF91,B5DF02,A0A0G2JSP3,P17325
7385 P12023,Q3TML0,P02340,Q6P5F9,P70372,Q921E6,Q9JLV5,P05627 P08592,A0A0G2JSZ5,P10361,Q80U96,B5DF91,B5DF02,A0A0G2JSP3,P17325
7385 P12023,Q4VBE8,P02340,Q6P5F9,P70372,Q921E6,Q9JLV5,P05627 P08592,A0A0G2K9Y9,P10361,Q80U96,B5DF91,B5DF02,A0A0G2JSP3,P17325
7385 P12023,Q4VBE8,P02340,Q6P5F9,P70372,Q921E6,Q9JLV5,P05627 P08592,F1LR39,P10361,Q80U96,B5DF91,B5DF02,A0A0G2JSP3,P17325
7385 P12023,P16254,P02340,Q6P5F9,P70372,Q921E6,Q9JLV5,P05627 P08592,B2RYW7,P10361,Q80U96,B5DF91,B5DF02,A0A0G2JSP3,P17325
7385 P12023,Q62186,P02340,Q6P5F9,P70372,Q921E6,Q9JLV5,P05627 P08592,Q07984,P10361,Q80U96,B5DF91,B5DF02,A0A0G2JSP3,P17325
7385 P12023,P61211,P02340,Q6P5F9,P70372,Q921E6,Q9JLV5,P05627 P08592,P61212,P10361,Q80U96,B5DF91,B5DF02,A0A0G2JSP3,P17325
7385 P12023,Q3UQ84,P02340,Q6P5F9,P70372,Q921E6,Q9JLV5,P05627 P08592,Q68FW7,P10361,Q80U96,B5DF91,B5DF02,A0A0G2JSP3,P17325
7385 P12023,D3YXQ7,P02340,Q6P5F9,P70372,Q921E6,Q9JLV5,P05627 P08592,A0A0G2K9Y9,P10361,Q80U96,B5DF91,B5DF02,A0A0G2JSP3,P17325
7385 P12023,D3YXQ7,P02340,Q6P5F9,P70372,Q921E6,Q9JLV5,P05627 P08592,F1LR39,P10361,Q80U96,B5DF91,B5DF02,A0A0G2JSP3,P17325
9441 P02340,P12023,Q80V62,Q921E6,Q9JLV5,Q6P5F9,P70372,Q8VCH6 P10361,P08592,A0A0G2K5U0,B5DF02,A0A0G2JSP3,Q80U96,B5DF91,Q5BQE6
11549 Q9JLV5,P02340,Q61510,P05627,Q6P5F9,Q921E6,Q810D6,P70372 A0A0G2JSP3,P10361,D4A9N5,P17325,Q80U96,B5DF02,A0A140TAH3,B5DF91
8735 P42582,Q61510,Q3UFB7,Q9JLV5,Q921E6,Q6P5F9,P05627,Q60631 P13832,D4A9N5,P35739,A0A0G2JSP3,B5DF02,Q80U96,P17325,P62994
8735 P59108,Q61510,Q3UFB7,Q9JLV5,Q921E6,Q6P5F9,P05627,Q60631 F1M1L9,D4A9N5,P35739,A0A0G2JSP3,B5DF02,Q80U96,P17325,P62994
8735 Q8K3I4,Q61510,Q3UFB7,Q9JLV5,Q921E6,Q6P5F9,P05627,Q60631 D3ZTL2,D4A9N5,P35739,A0A0G2JSP3,B5DF02,Q80U96,P17325,P62994
8735 A0A0R4J0R3,Q61510,Q3UFB7,Q9JLV5,Q921E6,Q6P5F9,P05627,Q60631 Q6AXU3,D4A9N5,P35739,A0A0G2JSP3,B5DF02,Q80U96,P17325,P62994
6169 Q9JLV5,Q01279,Q6PAC3,P05627,Q61510,Q80V62,Q6P5F9,Q921E6 A0A0G2JSP3,G3V6K6,F1M7P1,P17325,D4A9N5,A0A0G2K5U0,Q80U96,B5DF02
12107 Q01279,Q9JLV5,Q3U741,Q921E6,P70372,Q80V62,Q6P5F9,Q3UFB7 G3V6K6,A0A0G2JSP3,A0A096MIX2,B5DF02,B5DF91,A0A0G2K5U0,Q80U96,P35739
7932 Q9JLV5,P02340,Q80V62,Q01279,P05627,Q6P5F9,P12023,P80313 A0A0G2JSP3,P10361,A0A0G2K5U0,G3V6K6,P17325,Q80U96,P08592,D4AC23
9224 P02340,Q61510,Q01279,Q80V62,Q921E6,P01101,P05627,Q6P5F9 P10361,D4A9N5,G3V6K6,A0A0G2K5U0,B5DF02,E9PT44,P17325,Q80U96
9224 P02340,Q61510,Q01279,Q80V62,Q921E6,A0A0R4J0H1,P05627,Q6P5F9 P10361,D4A9N5,G3V6K6,A0A0G2K5U0,B5DF02,B2GV31,P17325,Q80U96
9224 P02340,Q61510,Q01279,Q80V62,Q921E6,E9PYV1,P05627,Q6P5F9 P10361,D4A9N5,G3V6K6,A0A0G2K5U0,B5DF02,P62986,P17325,Q80U96
9663 P02340,Q01279,Q61510,Q921E6,Q80V62,P70372,E9QKM8,Q6P5F9 P10361,G3V6K6,D4A9N5,B5DF02,A0A0G2K5U0,B5DF91,O70509,Q80U96
5169 Q99J78,P05627,Q3UFB7,Q921E6,Q9JLV5,Q6P5F9,Q61510,Q9ERD7 Q4V8I4,P17325,P35739,B5DF02,A0A0G2JSP3,Q80U96,D4A9N5,Q4QRB4
7358 Q921E6,Q01279,P02340,P05627,Q8R010,P12023,Q80V62,Q6P5F9 P17325,B5DF02,G3V6K6,P35739,A0A0A0MXY5,A0A0G2JSP3,D4A9N5,Q80U96
8736 Q921E6,Q01279,P02340,P05627,P12023,Q8VCH6,Q80V62,Q6P5F9 B5DF02,G3V6K6,P10361,P17325,P08592,Q5BQE6,A0A0G2K5U0,Q80U96
8736 Q9EPW4,Q61510,Q3UFB7,Q9JLV5,Q921E6,Q6P5F9,P05627,Q8R5L1 D4A0E3,D4A9N5,P35739,A0A0G2JSP3,B5DF02,Q80U96,P17325,O35796
11534 Q9JLV5,Q61510,P02340,Q6P5F9,P05627,Q8VHN8,Q921E6,P70372 A0A0G2JSP3,D4A9N5,P10361,Q80U96,P17325,B0BNG7,B5DF02,B5DF91
11480 P02340,P12023,Q921E6,Q9JLV5,Q62376,Q6P5F9,P70372,P05627 P10361,P08592,B5DF02,A0A0G2JSP3,B2RZ74,Q80U96,B5DF91,P17325
4409 Q8R0J7,P05627,Q3UFB7,Q921E6,Q9JLV5,Q61510,Q60631,Q6P5F9 Q5U2Z2,P17325,P35739,B5DF02,A0A0G2JSP3,D4A9N5,P62994,Q80U96
4409 Q8R0J7,P05627,Q3UFB7,Q921E6,Q9JLV5,Q61510,Q60631,Q6P5F9 D3ZU64,P17325,P35739,B5DF02,A0A0G2JSP3,D4A9N5,P62994,Q80U96
4409 E9QJU7,P05627,Q3UFB7,Q921E6,Q9JLV5,Q61510,Q60631,Q6P5F9 F1LS93,P17325,P35739,B5DF02,A0A0G2JSP3,D4A9N5,P62994,Q80U96
4409 Q8C0D4,P05627,Q3UFB7,Q921E6,Q9JLV5,Q61510,Q60631,Q6P5F9 A0A0G2K1Z2,P17325,P35739,B5DF02,A0A0G2JSP3,D4A9N5,P62994,Q80U96
4461 Q9JLV5,E9PUB7,Q01279,P05627,Q6P5F9,B2RWS6,P12023,Q3UFB7 A0A0G2JSP3,D3ZMW3,G3V6K6,P17325,Q80U96,A0A0G2QC09,P08592,P35739
4461 Q9JLV5,Q8C0M0,Q01279,P05627,Q6P5F9,B2RWS6,P12023,Q3UFB7 A0A0G2JSP3,D3ZMW3,G3V6K6,P17325,Q80U96,A0A0G2QC09,P08592,P35739
4461 Q9JLV5,Q8C0M0,Q01279,P05627,Q6P5F9,B2RWS6,P12023,Q3UFB7 A0A0G2JSP3,D3ZGZ9,G3V6K6,P17325,Q80U96,A0A0G2QC09,P08592,P35739
4461 Q9JLV5,Q8BGT0,P05627,Q01279,Q6P5F9,Q8C253,P12023,P70372 A0A0G2JSP3,Q4QQU9,P17325,G3V6K6,Q80U96,P08699,P08592,B5DF91
4461 Q9JLV5,A0A1B0GR74,P05627,Q01279,Q6P5F9,Q9ERE9,P12023,P70372 A0A0G2JSP3,M0R8G5,P17325,G3V6K6,Q80U96,G3V9M2,P08592,B5DF91
4461 Q9JLV5,D3YX87,Q01279,P05627,Q6P5F9,B2RWS6,P12023,Q3UFB7 A0A0G2JSP3,D3ZMW3,G3V6K6,P17325,Q80U96,A0A0G2QC09,P08592,P35739
3177 Q921E6,A0A0R4J0I0,Q3UFB7,P12023,P05627,Q63844,Q9JLV5,Q6P5F9 B5DF02,D3ZJW0,P35739,P08592,P17325,P21708,A0A0G2JSP3,Q80U96
3177 Q921E6,D3YXK6,Q3UFB7,P12023,P05627,Q63844,Q9JLV5,Q6P5F9 B5DF02,D3ZJW0,P35739,P08592,P17325,P21708,A0A0G2JSP3,Q80U96
1834 Q921E6,P05627,Q01279,Q9CUN6,Q9DBB4,Q3UFB7,P12023,Q6P5F9 B5DF02,P17325,G3V6K6,A0A0G2K612,M0RC73,P35739,P08592,Q80U96
8441 P05627,Q9JLV5,P58465,Q01279,Q3UFB7,E9Q6P5,Q6P5F9,P70372 P17325,A0A0G2JSP3,M0R4W4,G3V6K6,P35739,A0A0G2JXJ6,Q80U96,B5DF91
9538 P02340,Q9JLV5,Q80V62,Q01279,P12023,Q6P5F9,P70372,P08113 P10361,A0A0G2JSP3,A0A0G2K5U0,G3V6K6,P08592,Q80U96,B5DF91,A0A0G2K099
9526 Q05769,Q9JLV5,P05627,Q6P5F9,Q921E6,P02340,P12023,P70372 P35355,A0A0G2JSP3,P17325,Q80U96,B5DF02,P10361,P08592,B5DF91
9526 P62340,Q9JLV5,P05627,Q6P5F9,Q921E6,P02340,P12023,P70372 D4A898,A0A0G2JSP3,P17325,Q80U96,B5DF02,P10361,P08592,B5DF91
4850 Q3UC65,Q9JLV5,P05627,Q01279,Q6P5F9,Q3UFB7,Q9CZN7,P12023 Q5U2S0,A0A0G2JSP3,P17325,G3V6K6,Q80U96,P35739,Q5U3Z7,P08592
11422 Q921E6,P02340,P12023,Q5SVQ0,P05627,Q9JLV5,P70372,Q6P5F9 B5DF02,P10361,P08592,A0A0G2K9F0,P17325,A0A0G2JSP3,B5DF91,Q80U96
7290 Q01279,Q9JLV5,Q5SVQ0,P02340,P05627,P70372,Q6P5F9,P12023 G3V6K6,A0A0G2JSP3,A0A0G2K9F0,P10361,P17325,B5DF91,Q80U96,P08592
7290 Q9JLV5,Q01279,P27577,P02340,P05627,Q6P5F9,P70372,P12023 A0A0G2JSP3,G3V6K6,P41156,P10361,P17325,Q80U96,B5DF91,P08592
5367 P97770,Q9JLV5,Q80V62,P05627,Q6P5F9,P70372,Q6P5B5,Q3UFB7 D3ZSV7,A0A0G2JSP3,A0A0G2K5U0,P17325,Q80U96,B5DF91,B1H2A6,P35739
5367 P97770,Q9JLV5,Q80V62,P05627,Q6P5F9,P63101,Q6P5B5,Q3UFB7 D3ZSV7,A0A0G2JSP3,A0A0G2K5U0,P17325,Q80U96,B5DF91,B1H2A6,P35739
8639 Q8BTZ4,Q921E6,P12023,P05627,P70372,Q9JLV5,B2RWS6,Q6P5F9 A0A0H2UH97,B5DF02,P08592,P17325,B5DF91,A0A0G2JSP3,A0A0G2QC09,Q80U96
8639 Q61502,Q921E6,P12023,P05627,P70372,Q9JLV5,B2RWS6,Q6P5F9 F1LRB5,B5DF02,P08592,P17325,B5DF91,A0A0G2JSP3,A0A0G2QC09,Q80U96
11603 P97813,Q921E6,Q3UFB7,P70372,Q80V62,Q01279,Q9JLV5,Q6P5F9 F1LPQ4,B5DF02,P35739,B5DF91,A0A0G2K5U0,G3V6K6,A0A0G2JSP3,Q80U96
9530 P02340,Q9JLV5,Q80V62,Q01279,P12023,Q6P5F9,P70372,P80313 P10361,A0A0G2JSP3,A0A0G2K5U0,G3V6K6,P08592,Q80U96,B5DF91,D4AC23
6506 Q9JLV5,Q80V62,P05627,Q61510,Q9WUV0,Q01279,Q6P5F9,Q921E6 A0A0G2JSP3,A0A0G2K5U0,P17325,D4A9N5,A0A0G2K6D6,G3V6K6,Q80U96,B5DF02
6506 Q9JLV5,Q80V62,P05627,Q61510,Q9WU62,Q01279,Q6P5F9,Q921E6 A0A0G2JSP3,A0A0G2K5U0,P17325,D4A9N5,A0A0G2K0Q6,G3V6K6,Q80U96,B5DF02
9533 P02340,Q921E6,Q8CBD1,P12023,Q9JLV5,P05627,Q6P5F9,P70372 P10361,B5DF02,G3V672,P08592,A0A0G2JSP3,P17325,Q80U96,B5DF91
9533 P02340,Q921E6,Q9CR39,P12023,Q9JLV5,P05627,Q6P5F9,P70372 P10361,B5DF02,Q2MCP5,P08592,A0A0G2JSP3,P17325,Q80U96,B5DF91
8789 Q9JLV5,Q80V62,Q61510,P42227,Q01279,Q6P5F9,Q99JX7,P70372 A0A0G2JSP3,A0A0G2K5U0,D4A9N5,P52631,G3V6K6,Q80U96,F1MA52,B5DF91
9471 Q921E6,P02340,Q9DAY6,P12023,P05627,Q9JLV5,P70372,Q6P5F9 B5DF02,P10361,D4AEK7,P08592,P17325,A0A0G2JSP3,B5DF91,Q80U96
9471 Q921E6,P02340,Q8BW96,P12023,P05627,Q9JLV5,P70372,Q6P5F9 B5DF02,P10361,F1LVR4,P08592,P17325,A0A0G2JSP3,B5DF91,Q80U96
9540 P02340,Q9JLV5,Q80V62,Q01279,P12023,Q6P5F9,P70372,Q8BP92 P10361,A0A0G2JSP3,A0A0G2K5U0,G3V6K6,P08592,Q80U96,B5DF91,Q62703
8766 Q9WTV7,Q6P5F9,Q9JLV5,P12023,P05627,P70372,Q01279,P19785 B2RZD1,Q80U96,A0A0G2JSP3,P08592,P17325,B5DF91,G3V6K6,A0A0G2K0D4
6712 Q91Z22,Q8R317,Q01279,Q80V62,Q6P5F9,Q61510,P70372,E9Q4P1 A0A0G2K349,A0A140TAI1,G3V6K6,A0A0G2K5U0,Q80U96,D4A9N5,B5DF91,A0A0G2K3L8
4463 Q921E6,P02340,Q3UFB7,P12023,Q01279,P05627,A0A0R4J1E2,Q6P5F9 B5DF02,P10361,P35739,P08592,G3V6K6,P17325,Q68FR9,Q80U96
4463 Q921E6,P02340,Q3UFB7,P12023,Q01279,P05627,Q9D554,Q6P5F9 B5DF02,P10361,P35739,P08592,G3V6K6,P17325,P81155,Q80U96
4463 Q921E6,P02340,Q3UFB7,P12023,Q01279,P05627,F6ZFU0,Q6P5F9 B5DF02,P10361,P35739,P08592,G3V6K6,P17325,Q68FR9,Q80U96
6894 Q9JLV5,Q01279,O35284,Q6ZQ88,P05627,Q6P5F9,P12023,Q3UFB7 A0A0G2JSP3,G3V6K6,D4A7E1,F1MA31,P17325,Q80U96,P08592,P35739
10273 Q9JLV5,Q01279,P02340,P05627,Q6P5F9,P70372,Q8BTI8,P12023 A0A0G2JSP3,G3V6K6,P10361,P17325,Q80U96,B5DF91,A0A0G2K2M9,P08592
8945 Q61488,Q61510,Q01279,Q80V62,P70372,Q6P5F9,Q61115,P20029 G3V7Y0,D4A9N5,G3V6K6,A0A0G2K5U0,B5DF91,Q80U96,Q6UY90,P06761
8774 Q9DBQ9,Q6P5F9,Q9JLV5,P12023,P05627,P70372,Q01279,P97477 D3ZHR0,Q80U96,A0A0G2JSP3,P08592,P17325,B5DF91,G3V6K6,Q3MHU2
8939 Q61488,Q9JLV5,Q01279,Q6P5F9,P70372,P62259,Q61115,P20029 G3V7Y0,A0A0G2JSP3,G3V6K6,Q80U96,B5DF91,P62260,Q6UY90,P06761
8207 P12023,Q06186,Q6P5F9,P70372,P41183,Q9JLV5,P05627,Q01279 P08592,Q06175,Q80U96,B5DF91,B2GUV8,A0A0G2JSP3,P17325,G3V6K6
8990 Q01279,P02340,Q9JLV5,Q8BTW3,P05627,P70372,P12023,Q6P5F9 G3V6K6,P10361,A0A0G2JSP3,D4ABC5,P17325,B5DF91,P08592,Q80U96
8990 Q01279,P02340,Q9JLV5,Q8BTW3,P05627,P70372,P12023,Q6P5F9 G3V6K6,P10361,A0A0G2JSP3,D3ZW38,P17325,B5DF91,P08592,Q80U96
8990 Q9JLV5,P02340,Q01279,Q99LC8,P05627,Q6P5F9,P12023,P70372 A0A0G2JSP3,P10361,G3V6K6,Q64270,P17325,Q80U96,P08592,B5DF91
8990 Q9JLV5,P02340,Q01279,Q9JKC8,P05627,Q6P5F9,P12023,P70372 A0A0G2JSP3,P10361,G3V6K6,Q6IRG9,P17325,Q80U96,P08592,B5DF91
8990 Q9JLV5,P02340,Q01279,Q8K4F6,P05627,Q6P5F9,P12023,P70372 A0A0G2JSP3,P10361,G3V6K6,G3V660,P17325,Q80U96,P08592,B5DF91
4433 Q9JLV5,Q8BHT6,P05627,Q01279,Q6P5F9,Q61526,P12023,P70372 A0A0G2JSP3,A0A0G2JUT7,P17325,G3V6K6,Q80U96,G3V6N1,P08592,B5DF91
4433 Q9JLV5,P43407,P05627,Q01279,Q6P5F9,Q3UHQ6,P12023,P70372 A0A0G2JSP3,Q6IRK3,P17325,G3V6K6,Q80U96,A0A0G2JXD9,P08592,B5DF91
4433 Q9JLV5,P10300,P05627,Q01279,Q6P5F9,Q99M51,P12023,P70372 A0A0G2JSP3,G3V6V7,P17325,G3V6K6,Q80U96,G3V7X3,P08592,B5DF91
4433 Q9JLV5,A2AJW5,P05627,Q01279,Q6P5F9,Q99M51,P12023,P70372 A0A0G2JSP3,D3ZSF0,P17325,G3V6K6,Q80U96,G3V7X3,P08592,B5DF91
4433 Q9JLV5,O88992,P05627,Q01279,Q6P5F9,E9QLC0,P12023,P70372 A0A0G2JSP3,D3ZEN8,P17325,G3V6K6,Q80U96,P35563,P08592,B5DF91
4433 Q9JLV5,Q7TS68,P05627,Q01279,Q6P5F9,Q03526,P12023,P70372 A0A0G2JSP3,B1WC69,P17325,G3V6K6,Q80U96,D4A7W7,P08592,B5DF91
5170 F7AC58,P05627,Q3UFB7,Q921E6,Q9JLV5,Q6P5F9,Q61510,Q9WV55 A0A0G2JWS3,P17325,P35739,B5DF02,A0A0G2JSP3,Q80U96,D4A9N5,Q9Z270
5170 Q8BSM7,Q921E6,P05627,Q01279,P12023,Q6P5F9,Q80V62,P19091 F7FL53,B5DF02,P17325,G3V6K6,P08592,Q80U96,A0A0G2K5U0,A0A0G2JSI8
5170 Q9JLV5,P05627,Q01279,Q61532,Q3UZB0,Q6P5F9,P70372,P12023 A0A0G2JSP3,P17325,G3V6K6,P27704,D4A548,Q80U96,B5DF91,P08592
5170 Q01279,P05627,Q9JLV5,Q8BHD7,Q56A06,P70372,Q6P5F9,P12023 G3V6K6,P17325,A0A0G2JSP3,Q9Z118,F1M369,B5DF91,Q80U96,P08592
4465 Q9JLV5,P05627,P70196,Q01279,A2CGA5,Q6P5F9,Q3UFB7,P12023 A0A0G2JSP3,P17325,B5DF45,G3V6K6,F7FLN8,Q80U96,P35739,P08592
4465 Q9JLV5,Q01279,Q5SRY7,P05627,Q91UZ1,Q6P5F9,P70372,P12023 A0A0G2JSP3,G3V6K6,D3ZXC6,P17325,D4A8C5,Q80U96,B5DF91,P08592
4465 Q9JLV5,Q01279,Q5SRY7,P05627,Q91UZ1,Q6P5F9,P70372,P12023 A0A0G2JSP3,G3V6K6,D3ZXC6,P17325,F1LNK2,Q80U96,B5DF91,P08592
4465 Q9JLV5,P05627,P70196,Q01279,A2CGA3,Q6P5F9,Q3UFB7,P12023 A0A0G2JSP3,P17325,B5DF45,G3V6K6,F7FLN8,Q80U96,P35739,P08592
4993 P05627,Q8VI59,Q3UFB7,Q921E6,Q9JLV5,Q9ERG0,Q6P5F9,Q61510 P17325,D3ZSQ1,P35739,B5DF02,A0A0G2JSP3,F1LR10,Q80U96,D4A9N5
4993 P05627,F8WIJ5,Q3UFB7,Q921E6,Q9JLV5,P63168,Q6P5F9,Q61510 P17325,Q3ZAU5,P35739,B5DF02,A0A0G2JSP3,P63170,Q80U96,D4A9N5
4993 P05627,D6RH62,Q3UFB7,Q921E6,Q9JLV5,P63168,Q6P5F9,Q61510 P17325,Q3ZAU5,P35739,B5DF02,A0A0G2JSP3,P63170,Q80U96,D4A9N5
5167 Q52KF3,P05627,Q3UFB7,Q921E6,Q9JLV5,Q6P5F9,Q61510,P68254 D3ZEX7,P17325,P35739,B5DF02,A0A0G2JSP3,Q80U96,D4A9N5,P68255
6948 P68033,Q9JLV5,P05627,Q61510,Q6P5F9,Q3UFB7,Q60631,Q921E6 P68035,A0A0G2JSP3,P17325,D4A9N5,Q80U96,P35739,P62994,B5DF02
6948 D3Z656,Q9JLV5,P05627,Q61510,Q6P5F9,Q3UFB7,Q60631,Q921E6 Q62910,A0A0G2JSP3,P17325,D4A9N5,Q80U96,P35739,P62994,B5DF02
10009 Q3U595,Q01279,P70372,Q921E6,Q80V62,Q6P5F9,Q61510,P62715 M0RBE6,G3V6K6,B5DF91,B5DF02,A0A0G2K5U0,Q80U96,D4A9N5,P62716
8229 Q99JX7,P12023,P02340,P70372,Q01279,Q80V62,Q6P5F9,P80313 F1MA52,P08592,P10361,B5DF91,G3V6K6,A0A0G2K5U0,Q80U96,D4AC23
9508 P05627,Q921E6,Q01279,Q3UFB7,Q9JLV5,Q8VEE4,P70372,Q6P5F9 P17325,B5DF02,G3V6K6,P35739,A0A0G2JSP3,Q7TP21,B5DF91,Q80U96
6936 Q9JLV5,Q05769,Q80V62,Q01279,Q6P5F9,P02340,P12023,P70372 A0A0G2JSP3,P35355,A0A0G2K5U0,G3V6K6,Q80U96,P10361,P08592,B5DF91
6936 Q9JLV5,P62340,Q80V62,Q01279,Q6P5F9,P02340,P12023,P70372 A0A0G2JSP3,D4A898,A0A0G2K5U0,G3V6K6,Q80U96,P10361,P08592,B5DF91
6388 Q9JLV5,Q01279,Q9DAX2,Q9Z1R2,Q61510,Q6P5F9,Q80V62,P70372 A0A0G2JSP3,G3V6K6,Q8K593,Q6MG49,D4A9N5,Q80U96,A0A0G2K5U0,B5DF91
11547 P61080,P05627,Q921E6,Q6P5F9,P70372,Q9JLV5,P02340,Q61510 D3ZDK2,P17325,B5DF02,Q80U96,B5DF91,A0A0G2JSP3,P10361,D4A9N5
6736 Q9JLV5,Q9EQH4,Q01279,Q80V62,Q6P5F9,Q61510,P70372,P70168 A0A0G2JSP3,D3ZY89,G3V6K6,A0A0G2K5U0,Q80U96,D4A9N5,B5DF91,F2Z3Q8
10624 Q01279,Q99JX7,P70372,Q61510,Q921E6,Q7TQK4,Q80V62,Q6P5F9 G3V6K6,F1MA52,B5DF91,D4A9N5,B5DF02,D3ZT51,A0A0G2K5U0,Q80U96
10624 Q01279,Q99JX7,P70372,Q61510,Q921E6,Q7TNS2,Q80V62,Q6P5F9 G3V6K6,F1MA52,B5DF91,D4A9N5,B5DF02,B2RYW8,A0A0G2K5U0,Q80U96
6677 P05627,Q01279,Q71KT5,Q80U70,Q921E6,Q80V62,Q61510,Q6P5F9 P17325,G3V6K6,Q5BK21,A0A0G2K2I0,B5DF02,A0A0G2K5U0,D4A9N5,Q80U96
8672 P02340,Q9JLV5,Q80V62,Q01279,P12023,Q99LL5,Q6P5F9,P70372 P10361,A0A0G2JSP3,A0A0G2K5U0,G3V6K6,P08592,D4A1H8,Q80U96,B5DF91
4399 Q921E6,P12023,Q3UFB7,M0QW46,Q64010,P05627,Q6P5F9,Q9JLV5 B5DF02,P08592,P35739,D3ZS54,Q63768,P17325,Q80U96,A0A0G2JSP3
8477 O88855,Q9JLV5,Q6P5F9,Q01279,P12023,P70372,Q80V62,P61982 Q9R0Q2,A0A0G2JSP3,Q80U96,G3V6K6,P08592,B5DF91,A0A0G2K5U0,P61983
6424 Q9JLV5,Q8CHD8,Q80V62,Q01279,Q6P5F9,Q61510,Q61187,P70372 A0A0G2JSP3,Q66H66,A0A0G2K5U0,G3V6K6,Q80U96,D4A9N5,Q6IRE4,B5DF91
6424 Q9JLV5,A2ACG1,Q80V62,Q01279,Q6P5F9,Q61510,Q60676,P70372 A0A0G2JSP3,D3ZQ38,A0A0G2K5U0,G3V6K6,Q80U96,D4A9N5,P53042,B5DF91
9029 Q8VC60,Q9JLV5,P05627,Q6P5F9,Q921E6,P70372,P63087,P12023 B1WBS6,A0A0G2JSP3,P17325,Q80U96,B5DF02,B5DF91,P63088,P08592
8759 Q80TG9,P70372,Q01279,P12023,P05627,Q6P5F9,Q9JLV5,Q62108 G3V7J3,B5DF91,G3V6K6,P08592,P17325,Q80U96,A0A0G2JSP3,P31016
5079 P20181,P70196,P05627,Q01279,Q6P5F9,P12023,P32443,Q3UFB7 P18280,B5DF45,P17325,G3V6K6,Q80U96,P08592,G3V6T9,P35739
6926 Q921E6,Q3UFB7,Q8BQR7,P02340,G3X9H5,Q01279,P70372,Q6P5F9 B5DF02,P35739,G3V932,P10361,G3V9P7,G3V6K6,B5DF91,Q80U96
6391 Q6EBV9,P70372,Q8C253,Q01279,P12023,P05627,Q6P5F9,Q8BH70 D4ABD5,B5DF91,P08699,G3V6K6,P08592,P17325,Q80U96,B1WBR8
5371 Q8BVZ5,P05627,Q921E6,Q3UFB7,Q9JLV5,P70372,Q04207,Q6P5F9 A0A096MIT4,P17325,B5DF02,P35739,A0A0G2JSP3,B5DF91,Q7TQN4,Q80U96
1828 Q921E6,P05627,Q80VP5,Q01279,Q3UFB7,P97377,P12023,Q6P5F9 B5DF02,P17325,F1LWN5,G3V6K6,P35739,Q6P751,P08592,Q80U96
1828 Q921E6,P05627,A0A0B4J1F1,Q01279,Q3UFB7,P97377,P12023,Q6P5F9 B5DF02,P17325,D4A7E9,G3V6K6,P35739,Q6P751,P08592,Q80U96
1828 Q921E6,P05627,Q9CVI2,Q01279,Q3UFB7,P97377,P12023,Q6P5F9 B5DF02,P17325,Q505I5,G3V6K6,P35739,Q6P751,P08592,Q80U96
1828 Q921E6,P05627,A0A1L1STX8,Q01279,Q3UFB7,P97377,P12023,Q6P5F9 B5DF02,P17325,D4A7E9,G3V6K6,P35739,Q6P751,P08592,Q80U96
4772 P01193,Q9JLV5,P05627,Q80V62,Q6P5F9,Q921E6,P29788,P12023 Q8K422,A0A0G2JSP3,P17325,A0A0G2K5U0,Q80U96,B5DF02,Q3KR94,P08592
4772 P05627,Q3UTJ7,Q921E6,Q3UFB7,Q9JLV5,Q60838,Q6P5F9,Q61510 P17325,Q6AZ60,B5DF02,P35739,A0A0G2JSP3,D3ZB71,Q80U96,D4A9N5
4772 E9Q289,Q9JLV5,P05627,Q80V62,Q6P5F9,Q921E6,Q9WV55,P12023 Q6DGF9,A0A0G2JSP3,P17325,A0A0G2K5U0,Q80U96,B5DF02,Q9Z270,P08592
4772 P05627,E9Q4M7,Q921E6,Q3UFB7,Q9JLV5,Q60838,Q6P5F9,Q61510 P17325,Q6AZ60,B5DF02,P35739,A0A0G2JSP3,D3ZB71,Q80U96,D4A9N5
8183 Q921E6,O35284,Q01279,Q3UFB7,P05627,P70372,Q80V62,Q6ZQ88 B5DF02,D4A7E1,G3V6K6,P35739,P17325,B5DF91,A0A0G2K5U0,F1MA31
4401 Q921E6,O35284,Q3UFB7,P12023,Q01279,P05627,Q6P5F9,Q6ZQ88 B5DF02,D4A7E1,P35739,P08592,G3V6K6,P17325,Q80U96,F1MA31
8764 Q9R059,Q6P5F9,Q9JLV5,P12023,Q01279,Q3UFB7,P05627,A0A0B4J1E2 D3ZPF0,Q80U96,A0A0G2JSP3,P08592,G3V6K6,P35739,P17325,D4A8G7
8231 P05627,Q8BKE6,Q9JLV5,Q921E6,Q61532,Q6P5F9,P70372,P12023 P17325,F1LSK6,A0A0G2JSP3,B5DF02,P27704,Q80U96,B5DF91,P08592
8231 P05627,E9PUA2,Q9JLV5,Q921E6,Q8BKJ9,Q6P5F9,P70372,P12023 P17325,D3ZKR9,A0A0G2JSP3,B5DF02,B2RZ55,Q80U96,B5DF91,P08592
8231 P05627,Q99M07,Q9JLV5,Q921E6,Q8BHD7,Q6P5F9,P70372,P12023 P17325,D3ZB55,A0A0G2JSP3,B5DF02,Q9Z118,Q80U96,B5DF91,P08592
8231 P05627,A0A286YDD7,Q9JLV5,Q921E6,Q8BKJ9,Q6P5F9,P70372,P12023 P17325,D3ZKR9,A0A0G2JSP3,B5DF02,B2RZ55,Q80U96,B5DF91,P08592
4743 D3Z1Q2,Q9JLV5,P05627,Q80V62,Q6P5F9,Q921E6,P35821,P12023 D4AE95,A0A0G2JSP3,P17325,A0A0G2K5U0,Q80U96,B5DF02,P20417,P08592
4743 D3Z5N8,Q9JLV5,P05627,Q80V62,Q6P5F9,Q921E6,P60766,P12023 G3V9A0,A0A0G2JSP3,P17325,A0A0G2K5U0,Q80U96,B5DF02,Q8CFN2,P08592
4743 D3Z5T8,Q9JLV5,P05627,Q80V62,Q6P5F9,Q921E6,Q62432,P12023 F1LZD2,A0A0G2JSP3,P17325,A0A0G2K5U0,Q80U96,B5DF02,O70436,P08592
4743 A0A0R4J1S3,Q9JLV5,P05627,Q80V62,Q6P5F9,Q921E6,P60766,P12023 G3V9A0,A0A0G2JSP3,P17325,A0A0G2K5U0,Q80U96,B5DF02,Q8CFN2,P08592
6274 P12023,P54841,Q921E6,Q6P5F9,P70372,P59267,Q62108,P05627 P08592,P54842,B5DF02,Q80U96,B5DF91,Q9JKR5,P31016,P17325
6880 Q9JLV5,P05627,P51637,P05480,Q01279,Q6P5F9,P70372,P12023 A0A0G2JSP3,P17325,P51638,Q9WUD9,G3V6K6,Q80U96,B5DF91,P08592
6880 Q9JLV5,P05627,P97428,P05480,Q01279,Q6P5F9,P70372,P12023 A0A0G2JSP3,P17325,Q4L0E9,Q9WUD9,G3V6K6,Q80U96,B5DF91,P08592
6880 Q9JLV5,P05627,O70469,P05480,Q01279,Q6P5F9,P70372,P12023 A0A0G2JSP3,P17325,D3ZHJ4,Q9WUD9,G3V6K6,Q80U96,B5DF91,P08592
6880 Q9JLV5,P05627,Q62120,P05480,Q01279,Q6P5F9,P70372,P12023 A0A0G2JSP3,P17325,D3ZHJ4,Q9WUD9,G3V6K6,Q80U96,B5DF91,P08592
6880 Q9JLV5,P05627,Q8R0L1,P05480,Q01279,Q6P5F9,P70372,P12023 A0A0G2JSP3,P17325,M0R887,Q9WUD9,G3V6K6,Q80U96,B5DF91,P08592
6880 Q9JLV5,P05627,Q8R0L1,P05480,Q01279,Q6P5F9,P70372,P12023 A0A0G2JSP3,P17325,A0A0G2JYH7,Q9WUD9,G3V6K6,Q80U96,B5DF91,P08592
6880 Q9JLV5,P05627,Q562D6,P05480,Q01279,Q6P5F9,P70372,P12023 A0A0G2JSP3,P17325,Q4V7E0,Q9WUD9,G3V6K6,Q80U96,B5DF91,P08592
6880 Q9JLV5,P05627,Q9QZS8,P05480,Q01279,Q6P5F9,P70372,P12023 A0A0G2JSP3,P17325,M0R887,Q9WUD9,G3V6K6,Q80U96,B5DF91,P08592
6880 Q9JLV5,P05627,Q9QZS8,P05480,Q01279,Q6P5F9,P70372,P12023 A0A0G2JSP3,P17325,A0A0G2JYH7,Q9WUD9,G3V6K6,Q80U96,B5DF91,P08592
6880 Q9JLV5,P05627,Q8K093,P31750,Q01279,Q6P5F9,P70372,P12023 A0A0G2JSP3,P17325,G3V6Q2,P47196,G3V6K6,Q80U96,B5DF91,P08592
5416 Q8BSM7,Q01279,P05627,Q921E6,P70372,Q6P5F9,Q80V62,P19091 F7FL53,G3V6K6,P17325,B5DF02,B5DF91,Q80U96,A0A0G2K5U0,A0A0G2JSI8
10403 Q921E6,Q3UFB7,Q9EQ14,P05627,Q04207,Q9JLV5,P70372,Q6P5F9 B5DF02,P35739,Q91Z84,P17325,Q7TQN4,A0A0G2JSP3,B5DF91,Q80U96
10403 Q921E6,Q3UFB7,Q8R1H8,P05627,Q04207,Q9JLV5,P70372,Q6P5F9 B5DF02,P35739,D3ZT85,P17325,Q7TQN4,A0A0G2JSP3,B5DF91,Q80U96
6881 Q921E6,Q3UFB7,E9Q5D9,P05627,P46938,Q01279,Q80V62,P70372 B5DF02,P35739,F1M9B2,P17325,Q2EJA0,G3V6K6,A0A0G2K5U0,B5DF91
6713 Q9JLV5,Q8R1Y2,Q01279,Q80V62,Q6P5F9,Q61510,P70372,O08788 A0A0G2JSP3,Q5FVJ5,G3V6K6,A0A0G2K5U0,Q80U96,D4A9N5,B5DF91,D4A8U7
9412 P05627,Q9JLV5,Q01279,Q80V62,Q921E6,P35821,Q6P5F9,P70372 P17325,A0A0G2JSP3,G3V6K6,A0A0G2K5U0,B5DF02,P20417,Q80U96,B5DF91
9412 P05627,Q01279,Q9JLV5,Q921E6,Q80V62,P16254,P70372,Q6P5F9 P17325,G3V6K6,A0A0G2JSP3,B5DF02,A0A0G2K5U0,B2RYW7,B5DF91,Q80U96
7594 Q3TRM8,Q01279,P70372,Q61510,Q921E6,Q6P5F9,P62715,Q80V62 A0A0G2JST6,G3V6K6,B5DF91,D4A9N5,B5DF02,Q80U96,P62716,A0A0G2K5U0
9019 Q8CI75,P05627,Q9JLV5,Q921E6,Q6P5F9,P70372,Q3UFB7,Q04207 D3ZIL9,P17325,A0A0G2JSP3,B5DF02,Q80U96,B5DF91,P35739,Q7TQN4
5094 Q921E6,P05627,Q3TZ65,Q3UFB7,Q01279,O70551,Q61510,P63101 B5DF02,P17325,D3ZJC1,P35739,G3V6K6,E9PTN4,D4A9N5,Q80U96
5094 Q921E6,P05627,Q3TZ65,Q3UFB7,Q01279,O70551,Q61510,Q6P5F9 B5DF02,P17325,D3ZJC1,P35739,G3V6K6,E9PTN4,D4A9N5,Q80U96
7333 Q9EQW6,P12023,Q921E6,Q6P5F9,P70372,P05627,B2RWS6,Q9JLV5 G3V612,P08592,B5DF02,Q80U96,B5DF91,P17325,A0A0G2QC09,A0A0G2JSP3
8817 P05627,Q01279,Q9JLV5,Q921E6,Q80V62,Q3UFB7,Q6P5F9,Q8R326 P17325,G3V6K6,A0A0G2JSP3,B5DF02,A0A0G2K5U0,P35739,Q80U96,Q4KLH4
8817 P05627,Q01279,Q9JLV5,Q921E6,Q80V62,Q3UFB7,Q6P5F9,Q3UQ84 P17325,G3V6K6,A0A0G2JSP3,B5DF02,A0A0G2K5U0,P35739,Q80U96,Q68FW7
1857 P05627,Q921E6,Q01279,Q6NSU3,Q6NVF0,Q3UFB7,Q80V62,P70372 P17325,B5DF02,G3V6K6,Q6AYF6,D3ZGS3,P35739,A0A0G2K5U0,B5DF91
6635 P12023,P97792,Q921E6,Q6P5F9,Q80V62,Q80UL9,P05627,P60710 P08592,Q9R066,B5DF02,Q80U96,A0A0G2K5U0,D4A1C2,P17325,P60711
