10613 F7DFR6,F6YYG4,F7AK40,F6XR42,F6S7D4,F6YNT2,F6XL78,F6XEB4 G1SZR6,G1TVU3,G1SZE4,G1SIC9,G1SMY6,G1SW67,G1SZM2,G1SDY5
10410 F6S7D4,F6VTW3,F6XL78,F7DFR6,F6ZFZ4,F6XR42,F6S8L9,F7AK40 G1SXC8,G1TAE2,G1SZM2,G1SZE4,G1SR27,G1TIX5,G1SMY6,G1SZR6
10410 F6S7D4,F6VTW3,F6XL78,F7DFR6,F6ZFZ4,F6XR42,F6S8L9,F7AK40 G1SXC8,G1TAE2,G1SZM2,G1SZE4,G1TBZ1,G1TIX5,G1SMY6,G1SZR6
10410 F6S7D4,F6VTW3,F6XL78,F7DFR6,F6SPH9,F6XR42,F6S8L9,F7AK40 G1SXC8,G1TAE2,G1SZM2,G1SZE4,G1TBZ1,G1TIX5,G1SMY6,G1SZR6
10410 F6S7D4,F6VTW3,F6XL78,F7DFR6,F6V5A0,F6XR42,F6S8L9,F7AK40 G1SXC8,G1TAE2,G1SZM2,G1SZE4,G1TBZ1,G1TIX5,G1SMY6,G1SZR6
10410 F6S7D4,F6VTW3,F6XL78,F7DFR6,F6S0I9,F6XR42,F6S8L9,F7AK40 G1SXC8,G1TAE2,G1SZM2,G1SZE4,G1SR27,G1TIX5,G1SMY6,G1SZR6
10410 F6S7D4,F6VTW3,F6XL78,F7DFR6,F6S0I9,F6XR42,F6S8L9,F7AK40 G1SXC8,G1TAE2,G1SZM2,G1SZE4,G1TBZ1,G1TIX5,G1SMY6,G1SZR6
10410 F7DFR6,F6YYG4,F6XR42,F7AK40,F6S7D4,F7AET6,F6XL78,F6S8L9 G1SZE4,G1TVU3,G1TIX5,G1SZR6,G1TAE2,G1T3Y0,G1SZM2,G1SMY6
10410 F7DFR6,F6YYG4,F6XR42,F7AK40,F6S7D4,F7AET6,F6XL78,F6S8L9 G1SZE4,G1TVU3,G1TIX5,G1SZR6,G1TAE2,G1TN55,G1SZM2,G1SMY6
10410 F7DFR6,F6YYG4,F6XR42,F7AK40,F6S7D4,F6Z3I2,F6XL78,F6S8L9 G1SZE4,G1TVU3,G1TIX5,G1SZR6,G1TAE2,G1TN55,G1SZM2,G1SMY6
10410 F7DFR6,F6YYG4,F6XR42,F7AK40,F6S7D4,F6ZEW5,F6XL78,F6S8L9 G1SZE4,G1TVU3,G1TIX5,G1SZR6,G1TAE2,G1T3Y0,G1SZM2,G1SMY6
10410 F6S7D4,F6VTW3,F7DFR6,F6XL78,F6QR51,F6XR42,F7AK40,F6S8L9 G1SXC8,G1TAE2,G1SZE4,G1SZM2,G1T8H7,G1TIX5,G1SZR6,G1SMY6
10410 F6S7D4,F6VTW3,F7DFR6,F6XL78,F6QR51,F6XR42,F7AK40,F6S8L9 G1SXC8,G1TAE2,G1SZE4,G1SZM2,G1SQM7,G1TIX5,G1SZR6,G1SMY6
9263 F6TL72,F6XR42,F7DFR6,F6Z1I4,F7AK40,A0A0B4J1C5,F6VTW3,F6S8L9 G1TVU3,G1TIX5,G1SZE4,G1SZT9,G1SZR6,G1U9C8,G1TAE2,G1SMY6
9263 F6TL72,F6XR42,F7DFR6,F6Z1I4,F7AK40,F7BQH8,F6VTW3,F6S8L9 G1TVU3,G1TIX5,G1SZE4,G1SZT9,G1SZR6,G1U9C8,G1TAE2,G1SMY6
6627 F6T8J7,F6XL78,F6XR42,F6VTW3,F6S8L9,F7DFR6,F6QCI6,F6YZI7 G1TQ55,G1SZM2,G1TIX5,G1TAE2,G1SMY6,G1SZE4,G1TUM1,G1TEP5
6627 F6T8J7,F6XL78,F6XR42,F6VTW3,F6S8L9,F7DFR6,F6TWD7,F6YZI7 G1TQ55,G1SZM2,G1TIX5,G1TAE2,G1SMY6,G1SZE4,G1TUM1,G1TEP5
4400 F6S7D4,F6VTW3,F7DFR6,F7BGU6,F6XL78,F7BWW6,F6XEB4,F6S8L9 G1SXC8,G1TAE2,G1SZE4,G1TWK7,G1SZM2,G1SR03,G1SDY5,G1SMY6
4400 F6S7D4,F6VTW3,F7DFR6,F7BGU6,F6XL78,F7BWW6,F6XEB4,F6S8L9 G1SXC8,G1TAE2,G1SZE4,G1SEC7,G1SZM2,G1TDA7,G1SDY5,G1SMY6
4400 F6S7D4,F6VTW3,F7DFR6,F7BGU6,F6XL78,F7BWW6,F6XEB4,F6S8L9 G1SXC8,G1TAE2,G1SZE4,G1T4L6,G1SZM2,G1SR03,G1SDY5,G1SMY6
4400 F6S7D4,F6VTW3,F7DFR6,F7BGU6,F6XL78,F7BWW6,F6XEB4,F6S8L9 G1SXC8,G1TAE2,G1SZE4,G1T9C8,G1SZM2,G1SR03,G1SDY5,G1SMY6
4400 F6S7D4,F6VTW3,F7DFR6,F7BGU6,F6XL78,F7BWW6,F6XEB4,F6S8L9 G1SXC8,G1TAE2,G1SZE4,G1SFB6,G1SZM2,G1TDA7,G1SDY5,G1SMY6
4400 F6S7D4,F6VTW3,F7DFR6,F7BGU6,F6XL78,F7BWW6,F6XEB4,F6S8L9 G1SXC8,G1TAE2,G1SZE4,G1SLL5,G1SZM2,G1SR03,G1SDY5,G1SMY6
4400 F6S7D4,F6VTW3,F7DFR6,F7DAK8,F6XL78,F7BWW6,F6XEB4,F6S8L9 G1SXC8,G1TAE2,G1SZE4,G1TWK7,G1SZM2,G1SR03,G1SDY5,G1SMY6
4400 F6S7D4,F6VTW3,F7DFR6,F7DAK8,F6XL78,F7BWW6,F6XEB4,F6S8L9 G1SXC8,G1TAE2,G1SZE4,G1TRF4,G1SZM2,G1SR03,G1SDY5,G1SMY6
4400 F6S7D4,F6VTW3,F7DFR6,F7DAK8,F6XL78,F7BWW6,F6XEB4,F6S8L9 G1SXC8,G1TAE2,G1SZE4,G1T4L6,G1SZM2,G1SR03,G1SDY5,G1SMY6
4400 F6S7D4,F6VTW3,F7DFR6,F7DAK8,F6XL78,F7BWW6,F6XEB4,F6S8L9 G1SXC8,G1TAE2,G1SZE4,G1T9C8,G1SZM2,G1SR03,G1SDY5,G1SMY6
4400 F6S7D4,F6VTW3,F7DFR6,F6TEU9,F6XL78,F7BWW6,F6XEB4,F6S8L9 G1SXC8,G1TAE2,G1SZE4,G1TWK7,G1SZM2,G1SR03,G1SDY5,G1SMY6
4400 F6S7D4,F6VTW3,F7DFR6,F6TEU9,F6XL78,F7BWW6,F6XEB4,F6S8L9 G1SXC8,G1TAE2,G1SZE4,G1SEC7,G1SZM2,G1TDA7,G1SDY5,G1SMY6
4400 F6S7D4,F6VTW3,F7DFR6,F6TEU9,F6XL78,F7BWW6,F6XEB4,F6S8L9 G1SXC8,G1TAE2,G1SZE4,G1TRF4,G1SZM2,G1SR03,G1SDY5,G1SMY6
4400 F6S7D4,F6VTW3,F7DFR6,F6TEU9,F6XL78,F7BWW6,F6XEB4,F6S8L9 G1SXC8,G1TAE2,G1SZE4,G1T4L6,G1SZM2,G1SR03,G1SDY5,G1SMY6
4400 F6S7D4,F6VTW3,F7DFR6,F6TEU9,F6XL78,F7BWW6,F6XEB4,F6S8L9 G1SXC8,G1TAE2,G1SZE4,G1T9C8,G1SZM2,G1SR03,G1SDY5,G1SMY6
4400 F6S7D4,F6VTW3,F7DFR6,F6TEU9,F6XL78,F7BWW6,F6XEB4,F6S8L9 G1SXC8,G1TAE2,G1SZE4,G1SFB6,G1SZM2,G1TDA7,G1SDY5,G1SMY6
4400 F6S7D4,F6VTW3,F7DFR6,F6SZX2,F6XL78,F7BWW6,F6XEB4,F6S8L9 G1SXC8,G1TAE2,G1SZE4,G1TWK7,G1SZM2,G1SR03,G1SDY5,G1SMY6
4400 F6S7D4,F6VTW3,F7DFR6,F6SZX2,F6XL78,F7BWW6,F6XEB4,F6S8L9 G1SXC8,G1TAE2,G1SZE4,G1SEC7,G1SZM2,G1TDA7,G1SDY5,G1SMY6
4400 F6S7D4,F6VTW3,F7DFR6,F6SZX2,F6XL78,F7BWW6,F6XEB4,F6S8L9 G1SXC8,G1TAE2,G1SZE4,G1T4L6,G1SZM2,G1SR03,G1SDY5,G1SMY6
4400 F6S7D4,F6VTW3,F7DFR6,F6SZX2,F6XL78,F7BWW6,F6XEB4,F6S8L9 G1SXC8,G1TAE2,G1SZE4,G1T9C8,G1SZM2,G1SR03,G1SDY5,G1SMY6
4400 F6S7D4,F6VTW3,F7DFR6,F6SZX2,F6XL78,F7BWW6,F6XEB4,F6S8L9 G1SXC8,G1TAE2,G1SZE4,G1SFB6,G1SZM2,G1TDA7,G1SDY5,G1SMY6
4400 F6S7D4,F6VTW3,F7DFR6,F6SZX2,F6XL78,F7BWW6,F6XEB4,F6S8L9 G1SXC8,G1TAE2,G1SZE4,G1SLL5,G1SZM2,G1SR03,G1SDY5,G1SMY6
4400 F6S7D4,F6VTW3,F7DFR6,F6XRF8,F6XL78,F6QKZ0,F6XEB4,F6S8L9 G1SXC8,G1TAE2,G1SZE4,G1TWK7,G1SZM2,G1SR03,G1SDY5,G1SMY6
4400 F6S7D4,F6VTW3,F7DFR6,F6XRF8,F6XL78,F6QKZ0,F6XEB4,F6S8L9 G1SXC8,G1TAE2,G1SZE4,G1SEC7,G1SZM2,G1TDA7,G1SDY5,G1SMY6
4400 F6S7D4,F6VTW3,F7DFR6,F6XRF8,F6XL78,F6QKZ0,F6XEB4,F6S8L9 G1SXC8,G1TAE2,G1SZE4,G1T4L6,G1SZM2,G1SR03,G1SDY5,G1SMY6
4400 F6S7D4,F6VTW3,F7DFR6,F6XRF8,F6XL78,F6QKZ0,F6XEB4,F6S8L9 G1SXC8,G1TAE2,G1SZE4,G1SFB6,G1SZM2,G1TDA7,G1SDY5,G1SMY6
4400 F6S7D4,F6VTW3,F7DFR6,F6XRF8,F6XL78,F6QKZ0,F6XEB4,F6S8L9 G1SXC8,G1TAE2,G1SZE4,G1SLL5,G1SZM2,G1SR03,G1SDY5,G1SMY6
4400 F6S7D4,F6VTW3,F7DFR6,F7BWG5,F6XL78,F6QKZ0,F6XEB4,F6S8L9 G1SXC8,G1TAE2,G1SZE4,G1TWK7,G1SZM2,G1SR03,G1SDY5,G1SMY6
4400 F6S7D4,F6VTW3,F7DFR6,F7BWG5,F6XL78,F6QKZ0,F6XEB4,F6S8L9 G1SXC8,G1TAE2,G1SZE4,G1TRF4,G1SZM2,G1SR03,G1SDY5,G1SMY6
4400 F6S7D4,F6VTW3,F7DFR6,F7BWG5,F6XL78,F6QKZ0,F6XEB4,F6S8L9 G1SXC8,G1TAE2,G1SZE4,G1T9C8,G1SZM2,G1SR03,G1SDY5,G1SMY6
4400 F6S7D4,F6VTW3,F7DFR6,F7DWY7,F6XL78,F7BWW6,F6XEB4,F6S8L9 G1SXC8,G1TAE2,G1SZE4,G1TWK7,G1SZM2,G1SR03,G1SDY5,G1SMY6
4400 F6S7D4,F6VTW3,F7DFR6,F7DWY7,F6XL78,F7BWW6,F6XEB4,F6S8L9 G1SXC8,G1TAE2,G1SZE4,G1TRF4,G1SZM2,G1SR03,G1SDY5,G1SMY6
4400 F6S7D4,F6VTW3,F7DFR6,F7DWY7,F6XL78,F7BWW6,F6XEB4,F6S8L9 G1SXC8,G1TAE2,G1SZE4,G1T9C8,G1SZM2,G1SR03,G1SDY5,G1SMY6
4400 F6S7D4,F6VTW3,F7DFR6,F7DKM8,F6XL78,F6QKZ0,F6XEB4,F6S8L9 G1SXC8,G1TAE2,G1SZE4,G1TWK7,G1SZM2,G1SR03,G1SDY5,G1SMY6
4400 F6S7D4,F6VTW3,F7DFR6,F7DKM8,F6XL78,F6QKZ0,F6XEB4,F6S8L9 G1SXC8,G1TAE2,G1SZE4,G1SEC7,G1SZM2,G1TDA7,G1SDY5,G1SMY6
4400 F6S7D4,F6VTW3,F7DFR6,F7DKM8,F6XL78,F6QKZ0,F6XEB4,F6S8L9 G1SXC8,G1TAE2,G1SZE4,G1TRF4,G1SZM2,G1SR03,G1SDY5,G1SMY6
4400 F6S7D4,F6VTW3,F7DFR6,F7DKM8,F6XL78,F6QKZ0,F6XEB4,F6S8L9 G1SXC8,G1TAE2,G1SZE4,G1T4L6,G1SZM2,G1SR03,G1SDY5,G1SMY6
4400 F6S7D4,F6VTW3,F7DFR6,F7DKM8,F6XL78,F6QKZ0,F6XEB4,F6S8L9 G1SXC8,G1TAE2,G1SZE4,G1T9C8,G1SZM2,G1SR03,G1SDY5,G1SMY6
4400 F6S7D4,F6VTW3,F7DFR6,F7DKM8,F6XL78,F6QKZ0,F6XEB4,F6S8L9 G1SXC8,G1TAE2,G1SZE4,G1SFB6,G1SZM2,G1TDA7,G1SDY5,G1SMY6
4400 F6S7D4,F6VTW3,F7DFR6,F6RM37,F6XL78,F6QKZ0,F6XEB4,F6S8L9 G1SXC8,G1TAE2,G1SZE4,G1TWK7,G1SZM2,G1SR03,G1SDY5,G1SMY6
4400 F6S7D4,F6VTW3,F7DFR6,F6RM37,F6XL78,F6QKZ0,F6XEB4,F6S8L9 G1SXC8,G1TAE2,G1SZE4,G1SEC7,G1SZM2,G1TDA7,G1SDY5,G1SMY6
4400 F6S7D4,F6VTW3,F7DFR6,F6RM37,F6XL78,F6QKZ0,F6XEB4,F6S8L9 G1SXC8,G1TAE2,G1SZE4,G1T4L6,G1SZM2,G1SR03,G1SDY5,G1SMY6
4400 F6S7D4,F6VTW3,F7DFR6,F6RM37,F6XL78,F6QKZ0,F6XEB4,F6S8L9 G1SXC8,G1TAE2,G1SZE4,G1T9C8,G1SZM2,G1SR03,G1SDY5,G1SMY6
4400 F6S7D4,F6VTW3,F7DFR6,F6RM37,F6XL78,F6QKZ0,F6XEB4,F6S8L9 G1SXC8,G1TAE2,G1SZE4,G1SFB6,G1SZM2,G1TDA7,G1SDY5,G1SMY6
4400 F6S7D4,F6VTW3,F7DFR6,F6RM37,F6XL78,F6QKZ0,F6XEB4,F6S8L9 G1SXC8,G1TAE2,G1SZE4,G1SLL5,G1SZM2,G1SR03,G1SDY5,G1SMY6
4400 F6S7D4,F6VTW3,F7DFR6,F6Z8J2,F6XL78,F7BWW6,F6XEB4,F6S8L9 G1SXC8,G1TAE2,G1SZE4,G1SEC7,G1SZM2,G1TDA7,G1SDY5,G1SMY6
4400 F6S7D4,F6VTW3,F7DFR6,F6Z8J2,F6XL78,F7BWW6,F6XEB4,F6S8L9 G1SXC8,G1TAE2,G1SZE4,G1T4L6,G1SZM2,G1SR03,G1SDY5,G1SMY6
4400 F6S7D4,F6VTW3,F7DFR6,F6Z8J2,F6XL78,F7BWW6,F6XEB4,F6S8L9 G1SXC8,G1TAE2,G1SZE4,G1SFB6,G1SZM2,G1TDA7,G1SDY5,G1SMY6
4400 F6S7D4,F6VTW3,F7DFR6,F6Z8J2,F6XL78,F7BWW6,F6XEB4,F6S8L9 G1SXC8,G1TAE2,G1SZE4,G1SLL5,G1SZM2,G1SR03,G1SDY5,G1SMY6
4400 F6S7D4,F6VTW3,F7DFR6,F6U806,F6XL78,F7DAS1,F6XEB4,F6S8L9 G1SXC8,G1TAE2,G1SZE4,G1U1B4,G1SZM2,G1TBB8,G1SDY5,G1SMY6
4400 F6S7D4,F6VTW3,F7DFR6,F6ZYH8,F6XL78,F6QKZ0,F6XEB4,F6S8L9 G1SXC8,G1TAE2,G1SZE4,G1SMG3,G1SZM2,G1TDA7,G1SDY5,G1SMY6
8566 F6S7D4,F6UE43,F6XL78,F7DFR6,F6Z1I4,F6S8M6,F6S8L9,F6XEB4 G1TIX5,G1TNE6,G1SZM2,G1SZE4,G1SZT9,G1U3I5,G1SMY6,G1SDY5
8920 F7AWM3,F6XR42,F7BQS3,F6Z1I4,F6S8L9,F6VTW3,F6RXS0,F7DFR6 Q0R4E4,G1TIX5,G1SF46,G1SZT9,G1SMY6,G1TAE2,G1TDH0,G1SZE4
9911 F7DFR6,F6YYG4,H9GZN5,F7AK40,F6VTW3,F6S7D4,F6XL78,F6XEB4 G1SZE4,G1TVU3,G1T9D0,G1SZR6,G1TAE2,G1SXC8,G1SZM2,G1SDY5
4506 F7AK40,F6Q188,F7A2J7,F6YYG4,F6S8L9,F7BD82,F6XEB4,F6Z1I4 G1SZR6,G1SYS2,G1SZE4,G1T143,G1SMY6,G1T1B1,G1SDY5,G1SZT9
10621 F7DFR6,F6YYG4,F6XR42,F7AK40,F6S7D4,F6XL78,F6S8L9,F7AUW2 G1SZE4,G1TVU3,G1TIX5,G1SZR6,G1TAE2,G1SZM2,G1SMY6,G1T9M9
10621 F7DFR6,F6YYG4,F6XR42,F7AK40,F6S7D4,F6XL78,F6S8L9,F7AUW2 G1SZE4,G1TVU3,G1TIX5,G1SZR6,G1TAE2,G1SZM2,G1SMY6,G1T3Y8
10621 F7DFR6,F6YYG4,F6XR42,F7AK40,F6S7D4,F6XL78,F6S8L9,F7AUW2 G1SZE4,G1TVU3,G1TIX5,G1SZR6,G1TAE2,G1SZM2,G1SMY6,G1U7L4
10621 F7DFR6,F6YYG4,F6XR42,F7AK40,F6S7D4,F6XL78,F6S8L9,F6TZX8 G1SZE4,G1TVU3,G1TIX5,G1SZR6,G1TAE2,G1SZM2,G1SMY6,G1T6D1
10621 F7DFR6,F6YYG4,F6XR42,F7AK40,F6S7D4,F6XL78,F6S8L9,F6ZUJ2 G1SZE4,G1TVU3,G1TIX5,G1SZR6,G1TAE2,G1SZM2,G1SMY6,G1T3Y8
10621 F7DFR6,F6YYG4,F6XR42,F7AK40,F6S7D4,F6XL78,F6S8L9,F6ZUJ2 G1SZE4,G1TVU3,G1TIX5,G1SZR6,G1TAE2,G1SZM2,G1SMY6,G1T6D1
10621 F7DFR6,F6YYG4,F6XR42,F7AK40,F6S7D4,F6XL78,F6S8L9,F6Y8U8 G1SZE4,G1TVU3,G1TIX5,G1SZR6,G1TAE2,G1SZM2,G1SMY6,G1T6D1
10621 F7DFR6,F6YYG4,F6XR42,F7AK40,F6S7D4,F6XL78,F6S8L9,F6W3M5 G1SZE4,G1TVU3,G1TIX5,G1SZR6,G1TAE2,G1SZM2,G1SMY6,G1T9M9
10621 F7DFR6,F6YYG4,F6XR42,F7AK40,F6S7D4,F6XL78,F6S8L9,F6W3M5 G1SZE4,G1TVU3,G1TIX5,G1SZR6,G1TAE2,G1SZM2,G1SMY6,G1T3Y8
10621 F7DFR6,F6YYG4,F6XR42,F7AK40,F6S7D4,F6XL78,F6S8L9,F6W3M5 G1SZE4,G1TVU3,G1TIX5,G1SZR6,G1TAE2,G1SZM2,G1SMY6,G1U7L4
10621 F7DFR6,F6YYG4,F6XR42,F7AK40,F6S7D4,F6XL78,F6S8L9,F6SJM8 G1SZE4,G1TVU3,G1TIX5,G1SZR6,G1TAE2,G1SZM2,G1SMY6,G1T6D1
10621 F7DFR6,F6YYG4,F6XR42,F7AK40,F6S7D4,F6XL78,F6S8L9,F6UA86 G1SZE4,G1TVU3,G1TIX5,G1SZR6,G1TAE2,G1SZM2,G1SMY6,G1T6D1
10621 F7DFR6,F6YYG4,F6XR42,F7AK40,F6S7D4,F6XL78,F6S8L9,F6ZWW8 G1SZE4,G1TVU3,G1TIX5,G1SZR6,G1TAE2,G1SZM2,G1SMY6,G1T3Y8
10621 F7DFR6,F6YYG4,F6XR42,F7AK40,F6S7D4,F6XL78,F6S8L9,F6ZWW8 G1SZE4,G1TVU3,G1TIX5,G1SZR6,G1TAE2,G1SZM2,G1SMY6,G1T6D1
9552 F6TL72,F7AK40,F7A2J7,F7DFR6,F6XL78,F6S8L9,F6YQZ0,F6XEB4 G1TIX5,G1TVU3,G1SZT9,G1SZE4,G1SZM2,G1SIC9,G1SMY1,G1SDY5
9552 F6TL72,F7AK40,F7A2J7,F7DFR6,F6XL78,F6S8L9,F6YQZ0,F6XEB4 G1TIX5,G1TVU3,G1SZT9,G1SZE4,G1SZM2,G1SIC9,G1T0H1,G1SDY5
9552 F6TL72,F7AK40,F7A2J7,F7DFR6,F6XL78,F6S8L9,F6YQZ0,F6XEB4 G1TIX5,G1TVU3,G1SZT9,G1SZE4,G1SZM2,G1SIC9,G1T8P3,G1SDY5
9552 F6TL72,F7AK40,F7A2J7,F7DFR6,F6XL78,F6S8L9,F6YQZ0,F6XEB4 G1TIX5,G1TVU3,G1SZT9,G1SZE4,G1SZM2,G1SIC9,G1TJ36,G1SDY5
9552 F6TL72,F7AK40,F7A2J7,F7DFR6,F6XL78,F6S8L9,F6QFH2,F6XEB4 G1TIX5,G1TVU3,G1SZT9,G1SZE4,G1SZM2,G1SIC9,G1SMY1,G1SDY5
9552 F6TL72,F7AK40,F7A2J7,F7DFR6,F6XL78,F6S8L9,F6QFH2,F6XEB4 G1TIX5,G1TVU3,G1SZT9,G1SZE4,G1SZM2,G1SIC9,G1T0H1,G1SDY5
9552 F6TL72,F7AK40,F7A2J7,F7DFR6,F6XL78,F6S8L9,F6QFH2,F6XEB4 G1TIX5,G1TVU3,G1SZT9,G1SZE4,G1SZM2,G1SIC9,G1T8P3,G1SDY5
9552 F6TL72,F7AK40,F7A2J7,F7DFR6,F6XL78,F6S8L9,F6QFH2,F6XEB4 G1TIX5,G1TVU3,G1SZT9,G1SZE4,G1SZM2,G1SIC9,G1TJ36,G1SDY5
9552 F6TL72,F7AK40,F7A2J7,F7DFR6,F6XL78,F6S8L9,F6UXD9,F6XEB4 G1TIX5,G1TVU3,G1SZT9,G1SZE4,G1SZM2,G1SIC9,G1SMY1,G1SDY5
9552 F6TL72,F7AK40,F7A2J7,F7DFR6,F6XL78,F6S8L9,F6UXD9,F6XEB4 G1TIX5,G1TVU3,G1SZT9,G1SZE4,G1SZM2,G1SIC9,G1T8P3,G1SDY5
9552 F6TL72,F7AK40,F7A2J7,F7DFR6,F6XL78,F6S8L9,F6UXD9,F6XEB4 G1TIX5,G1TVU3,G1SZT9,G1SZE4,G1SZM2,G1SIC9,G1TJ36,G1SDY5
9552 F6TL72,F7AK40,F7A2J7,F7DFR6,F6XL78,F6S8L9,F6YBQ6,F6XEB4 G1TIX5,G1TVU3,G1SZT9,G1SZE4,G1SZM2,G1SIC9,G1T8P3,G1SDY5
9552 F6TL72,F7AK40,F7A2J7,F7DFR6,F6XL78,F6S8L9,F6WJB5,F6XEB4 G1TIX5,G1TVU3,G1SZT9,G1SZE4,G1SZM2,G1SIC9,G1SMY1,G1SDY5
9552 F6TL72,F7AK40,F7A2J7,F7DFR6,F6XL78,F6S8L9,F6WJB5,F6XEB4 G1TIX5,G1TVU3,G1SZT9,G1SZE4,G1SZM2,G1SIC9,G1T8P3,G1SDY5
11609 F7DFR6,F6S7D4,F6VTW3,F6XR42,F7AK40,F6Z1I4,F6S8L9,F6VUR4 G1SZE4,G1SXC8,G1TAE2,G1TIX5,G1SZR6,G1SZT9,G1SMY6,G1SCT0
11609 F7DFR6,F6S7D4,F6VTW3,F6XR42,F7AK40,F6Z1I4,F6S8L9,F6VUR4 G1SZE4,G1SXC8,G1TAE2,G1TIX5,G1SZR6,G1SZT9,G1SMY6,G1SH10
11609 F7DFR6,F6S7D4,F6VTW3,F6XR42,F7AK40,F6Z1I4,F6S8L9,F6WLY6 G1SZE4,G1SXC8,G1TAE2,G1TIX5,G1SZR6,G1SZT9,G1SMY6,G1T9F3
11609 F7DFR6,F6S7D4,F6VTW3,F6XR42,F7AK40,F6Z1I4,F7A2J7,F6WLY6 G1SZE4,G1SXC8,G1TAE2,G1TIX5,G1SZR6,G1SZT9,G1SMY6,G1T9F3
11609 F7DFR6,F6S7D4,F6VTW3,F6XR42,F7AK40,F6Z1I4,F6S8L9,F6VYB1 G1SZE4,G1SXC8,G1TAE2,G1TIX5,G1SZR6,G1SZT9,G1SMY6,G1T9F3
11609 F7DFR6,F6S7D4,F6VTW3,F6XR42,F7AK40,F6Z1I4,F6S8L9,F6RRU3 G1SZE4,G1SXC8,G1TAE2,G1TIX5,G1SZR6,G1SZT9,G1SMY6,G1SCT0
11609 F7DFR6,F6S7D4,F6VTW3,F6XR42,F7AK40,F6Z1I4,F6S8L9,F6RRU3 G1SZE4,G1SXC8,G1TAE2,G1TIX5,G1SZR6,G1SZT9,G1SMY6,G1SH10
8062 F7DFR6,F7AK40,F6UE43,F6S8M6,F6XR42,F6S8L9,F6XL78,F6Z1I4 G1SZE4,G1SZR6,G1TNE6,G1U3I5,G1TIX5,G1SMY6,G1SZM2,G1SZT9
6679 F6WHL3,F6XL78,F6S7D4,F6XR42,F6S8L9,F7DFR6,F6VTW3,F7AUW2 G1TEY1,G1SZM2,G1SXC8,G1TIX5,G1SMY6,G1SZE4,G1TAE2,G1T9M9
6679 F6QAN6,F6XL78,F6S7D4,F6XR42,F6S8L9,F7DFR6,F6VTW3,F7AUW2 G1TEY1,G1SZM2,G1SXC8,G1TIX5,G1SMY6,G1SZE4,G1TAE2,G1T9M9
10531 F6TL72,F6XR42,F6RNY1,F7DFR6,F7A2J7,F6VTW3,F6S8L9,F6XEB4 G1TVU3,G1TIX5,G1T276,G1SZE4,G1SIC9,G1TAE2,G1SMY6,G1SDY5
10531 F6TL72,F6XR42,F7C450,F7DFR6,F7A2J7,F6VTW3,F6S8L9,F6XEB4 G1TVU3,G1TIX5,G1SGQ5,G1SZE4,G1SIC9,G1TAE2,G1SMY6,G1SDY5
9083 F7C2U3,F6S8L9,F6XL78,F7AK40,F6XR42,F6XEB4,F6XK12,F6VTW3 G1SI26,G1TIX5,G1SZM2,G1TVU3,G1SMY6,G1SDY5,G1TRW0,G1TAE2
9083 F7CL86,F6XL78,F6XR42,F6S8L9,F6YYG4,F6XEB4,F7A2J7,F6YZI7 G1TTM0,G1SZM2,G1TIX5,G1SMY6,G1TVU3,G1SDY5,G1SIC9,U3KN87
9083 F7CL86,F6XL78,F6XR42,F6S8L9,F6YYG4,F6XEB4,F7A2J7,F6YZI7 G1SFY5,G1SZM2,G1TIX5,G1SMY6,G1TVU3,G1SDY5,G1SIC9,G1TEP5
5402 F6YZ64,F6YYG4,F7A2J7,F7AK40,F6Z1I4,F6XEB4,F7B7L7,F6S8L9 G1U730,G1T143,G1SZE4,G1SZR6,G1SZT9,G1SDY5,U3KNR1,G1SMY6
8675 F7DFR6,F6XR42,F6TV92,F6YYG4,F6S7D4,F7AK40,F6XL78,F7A2J7 G1SZE4,G1TIX5,G1SI62,G1TVU3,G1TAE2,G1SZR6,G1SZM2,G1SIC9
8675 F7DFR6,F6XR42,F7CKR6,F6YYG4,F6S7D4,F7AK40,F6XL78,F7A2J7 G1SZE4,G1TIX5,G1SI62,G1TVU3,G1TAE2,G1SZR6,G1SZM2,G1SIC9
7181 F7DFR6,F6XKN4,F7AK40,F6VTW3,F6XR42,P29553,F7A2J7,F6XEB4 G1SZM2,G1SUN2,G1SMY6,G1TAE2,G1TIX5,P04924,G1SZR6,G1SDY5
7181 F7DFR6,F6XKN4,F7AK40,F6VTW3,F6XR42,P29553,F7A2J7,F6XEB4 G1SZE4,G1SUN2,G1T143,G1TAE2,G1TIX5,P04924,G1SIC9,G1SDY5
11592 F7DFR6,F6S7D4,F6VTW3,F6XR42,F7AK40,F6Z1I4,F6ZTR4,F6S8L9 G1SZE4,G1SXC8,G1TAE2,G1TIX5,G1SZR6,G1SZT9,G1T221,G1SMY6
11592 F7DFR6,F6S7D4,F6VTW3,F6XR42,F7AK40,F6Z1I4,F6ZTR4,F6S8L9 G1SZE4,G1SXC8,G1TAE2,G1TIX5,G1SZR6,G1SZT9,G1SV63,G1SMY6
11592 F7DFR6,F6S7D4,F6VTW3,F6XR42,F7AK40,F6Z1I4,F6RHL6,F6S8L9 G1SZE4,G1SXC8,G1TAE2,G1TIX5,G1SZR6,G1SZT9,G1T221,G1SMY6
11592 F7DFR6,F6S7D4,F6VTW3,F6XR42,F7AK40,F6Z1I4,F6RHL6,F6S8L9 G1SZE4,G1SXC8,G1TAE2,G1TIX5,G1SZR6,G1SZT9,G1SV63,G1SMY6
6957 F6TL72,F7A2J7,F7AK40,F7C788,F6XL78,F7DFR6,F6S8L9,F6XEB4 G1TIX5,G1SZT9,G1TVU3,G1SUX1,G1SZM2,G1SZE4,G1SIC9,G1SDY5
6957 F6TL72,F7A2J7,F7AK40,F7BBI4,F6XL78,F7DFR6,F6S8L9,F6XEB4 G1TIX5,G1SZT9,G1TVU3,G1T8N1,G1SZM2,G1SZE4,G1SIC9,G1SDY5
6957 F6TL72,F7A2J7,F7AK40,F7BBI4,F6XL78,F7DFR6,F6S8L9,F6XEB4 G1TIX5,G1SZT9,G1TVU3,G1SSZ8,G1SZM2,G1SZE4,G1SIC9,G1SDY5
6957 F6TL72,F7A2J7,F7AK40,F7BBI4,F6XL78,F7DFR6,F6S8L9,F6XEB4 G1TIX5,G1SZT9,G1TVU3,G1SK48,G1SZM2,G1SZE4,G1SIC9,G1SDY5
8928 F7ATQ2,F6S8L9,F6XL78,F7AK40,F6XR42,F6XEB4,F6URD5,F7A2J7 G1SE83,G1TIX5,G1SZM2,G1TVU3,G1SMY6,G1SDY5,U3KNH2,G1SIC9
11561 F7DFR6,F6S7D4,F6VTW3,F6XR42,F7AK40,F6Z1I4,F6Z4E8,F6S8L9 G1SZE4,G1SXC8,G1TAE2,G1TIX5,G1SZR6,G1SZT9,G1U9B4,G1SMY6
11561 F7DFR6,F6S7D4,F6VTW3,F6XR42,F7AK40,F6Z1I4,F6Z4E8,F6S8L9 G1SZE4,G1SXC8,G1TAE2,G1TIX5,G1SZR6,G1SZT9,G1SML4,G1SMY6
11561 F7DFR6,F6S7D4,F6VTW3,F6XR42,F7AK40,F6Z1I4,F6QL56,F6S8L9 G1SZE4,G1SXC8,G1TAE2,G1TIX5,G1SZR6,G1SZT9,G1U9B4,G1SMY6
11561 F7DFR6,F6S7D4,F6VTW3,F6XR42,F7AK40,F6Z1I4,F6QL56,F6S8L9 G1SZE4,G1SXC8,G1TAE2,G1TIX5,G1SZR6,G1SZT9,G1SML4,G1SMY6
11561 F7DFR6,F6S7D4,F6VTW3,F6XR42,F7AK40,F6Z1I4,F6X756,F6S8L9 G1SZE4,G1SXC8,G1TAE2,G1TIX5,G1SZR6,G1SZT9,G1U9B4,G1SMY6
11561 F7DFR6,F6S7D4,F6VTW3,F6XR42,F7AK40,F6Z1I4,F6X756,F6S8L9 G1SZE4,G1SXC8,G1TAE2,G1TIX5,G1SZR6,G1SZT9,G1SML4,G1SMY6
4757 F7DYY2,F6XR42,F6XL78,F6Z1I4,F7DFR6,F6S8L9,F6ZRE9,F6XEB4 G1T4N6,G1TIX5,G1SZM2,G1SZT9,G1SZE4,G1SMY6,G1TQW1,G1SDY5
4757 F7DYY2,F6S7D4,F6XL78,F6Z1I4,F7DFR6,F6S8L9,F6ZRE9,F6XEB4 G1T4N6,G1TIX5,G1SZM2,G1SZT9,G1SZE4,G1SMY6,G1TQW1,G1SDY5
9087 F7C2U3,F6S8L9,F7AK40,F6XL78,F7DFR6,F6XEB4,F6XK12,F6VTW3 G1SI26,G1SIC9,G1SZR6,G1SZM2,G1SZE4,G1SDY5,G1TRW0,G1TAE2
9087 F7C2U3,F6S8L9,F7AK40,F6XL78,F7DFR6,F6XEB4,F6XK12,F6VTW3 G1SI26,G1SMY6,G1SZR6,G1SZM2,G1SZE4,G1SDY5,G1TRW0,G1TAE2
9246 F6XR42,F7DM52,F6YYG4,F6XL78,F7DFR6,F6S7D4,F7AK40,F6S8L9 G1TIX5,G1TNH0,G1TVU3,G1SZM2,G1SZE4,G1TAE2,G1SZR6,G1SMY6
10500 F7DFR6,F6YYG4,F6XR42,F7AK40,F6S7D4,F7BXZ1,F6XL78,F6S8L9 G1SZE4,G1TVU3,G1TIX5,G1SZR6,G1TAE2,G1U419,G1SZM2,G1SMY6
8063 F7A2J7,F6YW73,F6YYG4,F6XL78,F6WIG4,F6XR42,F7DFR6,F6XEB4 G1SIC9,G1TIW9,G1TVU3,G1SZM2,G1SGZ4,G1TIX5,G1SZE4,G1SDY5
10579 F6VTW3,F6S7D4,F7DFR6,F6XL78,F6XEB4,F6XCU4,F7AK40,F6S8L9 G1TAE2,G1SXC8,G1SZE4,G1SZM2,G1SDY5,G1TN11,G1SZR6,G1SMY6
10579 F6VTW3,F6S7D4,F7DFR6,F6XL78,F6XEB4,F6XCU4,F7AK40,F6S8L9 G1TAE2,G1SXC8,G1SZE4,G1SZM2,G1SDY5,G1SWN0,G1SZR6,G1SMY6
10579 F6VTW3,F6S7D4,F7DFR6,F6XL78,F6XEB4,F7D355,F7AK40,F6S8L9 G1TAE2,G1SXC8,G1SZE4,G1SZM2,G1SDY5,G1TN11,G1SZR6,G1SMY6
10579 F6VTW3,F6S7D4,F7DFR6,F6XL78,F6XEB4,F7D355,F7AK40,F6S8L9 G1TAE2,G1SXC8,G1SZE4,G1SZM2,G1SDY5,G1SWN0,G1SZR6,G1SMY6
10579 F6VTW3,F6S7D4,F7DFR6,F6XL78,F6XEB4,F6S1R4,F7AK40,F6S8L9 G1TAE2,G1SXC8,G1SZE4,G1SZM2,G1SDY5,G1TN11,G1SZR6,G1SMY6
8804 F6SL61,F6XL78,F6VTW3,F6S8L9,F6XEB4,F7AK40,F7DFR6,F7BXZ1 G1T1L1,G1SZM2,G1TAE2,G1SMY6,G1SDY5,G1SZR6,G1SZE4,G1U419
7942 F7DFR6,F6SB53,F6XR42,F6VTW3,F6WZY9,F7AK40,F6Z1I4,F6S8L9 G1SZE4,G1SWZ2,G1TIX5,G1TAE2,G1U3M5,G1SZR6,G1SZT9,G1SMY6
10403 F7AK40,F7A2J7,F6YZR5,F7BXZ1,F7DFR6,F6XR42,F6VTW3,F6Z1I4 G1SZR6,G1SMY6,G1SIJ3,G1SFK3,G1SZE4,G1TIX5,G1TAE2,G1SZT9
10403 F7AK40,F7A2J7,F6YZR5,F7BXZ1,F7DFR6,F6XR42,F6VTW3,F6Z1I4 G1SZR6,G1SMY6,G1U5D4,G1SFK3,G1SZE4,G1TIX5,G1TAE2,G1SZT9
10403 F7AK40,F6S8L9,F7BC54,F6QMU5,F7DFR6,F6XR42,F6VTW3,F6Z1I4 G1SZR6,G1SMY6,G1TY37,G1SE50,G1SZE4,G1TIX5,G1TAE2,G1SZT9
10403 F6XR42,F6Z1I4,F6RAH7,F6SRZ6,F7DFR6,F7AK40,F6VTW3,F6S8L9 G1TIX5,G1SZT9,G1U0E3,G1T7G6,G1SZE4,G1SZR6,G1TAE2,G1SMY6
9047 F7CEM4,F7DFR6,F6XR42,F6VTW3,F6Z1I4,F6S8L9,F7BG35,F7AK40 G1TRQ7,G1SZE4,G1TIX5,G1TAE2,G1SZT9,G1SMY6,G1U0D5,G1SZR6
9511 F6YYG4,F6XR42,F7DFR6,F6Z1I4,F7AK40,F6YZH1,F6VTW3,F6XEB4 G1TVU3,G1TIX5,G1SZE4,G1SZT9,G1SZR6,G1SFK3,G1TAE2,G1SDY5
9511 F6YYG4,F7AK40,F7DFR6,F7A2J7,F6XR42,F6YZH1,F6VTW3,F6XEB4 G1TVU3,G1TIX5,G1SZE4,G1SZT9,G1SZR6,G1SFK3,G1TAE2,G1SDY5
9511 F6YYG4,F6XR42,F7DFR6,F6Z1I4,F7AK40,F7BXZ1,F6VTW3,F6XEB4 G1TVU3,G1TIX5,G1SZE4,G1SZT9,G1SZR6,G1SFK3,G1TAE2,G1SDY5
9095 F6Y0U3,F6XL78,F6S8L9,F6XR42,F7AK40,F6XEB4,F7A2J7,F7DSH8 G1SJK0,G1SZM2,G1TIX5,G1SMY6,G1TVU3,G1SDY5,G1SIC9,G1SMQ9
9095 F6YI14,F6XL78,F6S8L9,F6XR42,F7AK40,F6XEB4,F7A2J7,F7DSH8 G1T8R2,G1SZM2,G1TIX5,G1SMY6,G1TVU3,G1SDY5,G1SIC9,G1SMQ9
9095 F6PPZ2,F6XL78,F6S8L9,F6XR42,F7AK40,F6XEB4,F7A2J7,F7DSH8 G1THQ9,G1SZM2,G1TIX5,G1SMY6,G1TVU3,G1SDY5,G1SIC9,G1SMQ9
9095 F6XXG1,F6XL78,F6S8L9,F6XR42,F7AK40,F6XEB4,F7A2J7,F7DSH8 G1THQ9,G1SZM2,G1TIX5,G1SMY6,G1TVU3,G1SDY5,G1SIC9,G1SMQ9
9337 F6YYG4,F7AK40,F7DFR6,F7A2J7,F6XR42,F7B238,F6VTW3,F6XEB4 G1TVU3,G1TIX5,G1SZE4,G1SZT9,G1SZR6,G1TP83,G1TAE2,G1SDY5
9337 F6YYG4,F6XR42,F7DFR6,F6Z1I4,F7AK40,F6YZL0,F6VTW3,F6XEB4 G1TVU3,G1TIX5,G1SZE4,G1SZT9,G1SZR6,G1TP83,G1TAE2,G1SDY5
9337 F6YYG4,F6XR42,F7DFR6,F6Z1I4,F7AK40,F7D8U2,F6VTW3,F6XEB4 G1TVU3,G1TIX5,G1SZE4,G1SZT9,G1SZR6,G1TP83,G1TAE2,G1SDY5
9337 F6YYG4,F6XR42,F7DFR6,F6Z1I4,F7AK40,F6RJN1,F6VTW3,F6XEB4 G1TVU3,G1TIX5,G1SZE4,G1SZT9,G1SZR6,G1TP83,G1TAE2,G1SDY5
10575 F7DFR6,F6YYG4,F7AK40,F6XR42,F6S7D4,F7AYW3,F6S8L9,F6XL78 G1SZE4,G1TVU3,G1SZR6,G1TIX5,G1TAE2,G1SL68,G1SMY6,G1SZM2
10575 F7DFR6,F6YYG4,F7AK40,F6XR42,F6S7D4,F6Z2D8,F6S8L9,F6XL78 G1SZE4,G1TVU3,G1SZR6,G1TIX5,G1TAE2,G1TWM4,G1SMY6,G1SZM2
10575 F7DFR6,F6YYG4,F7AK40,F6XR42,F6S7D4,F6X485,F6S8L9,F6XL78 G1SZE4,G1TVU3,G1SZR6,G1TIX5,G1TAE2,G1SL68,G1SMY6,G1SZM2
10575 F7DFR6,F6YYG4,F7AK40,F6XR42,F6S7D4,F7D4R9,F6S8L9,F6XL78 G1SZE4,G1TVU3,G1SZR6,G1TIX5,G1TAE2,G1SL68,G1SMY6,G1SZM2
10575 F7DFR6,F6YYG4,F7AK40,F6XR42,F6S7D4,F6RRI6,F6S8L9,F6XL78 G1SZE4,G1TVU3,G1SZR6,G1TIX5,G1TAE2,G1SL68,G1SMY6,G1SZM2
10575 F7DFR6,F6YYG4,F7AK40,F6XR42,F6S7D4,F7BAA7,F6S8L9,F6XL78 G1SZE4,G1TVU3,G1SZR6,G1TIX5,G1TAE2,U3KM00,G1SMY6,G1SZM2
6944 F6SSS0,F6XL78,F7A2J7,F6S8L9,F6XR42,F7AK40,F6UL81,F6XEB4 G1TK65,G1SZM2,G1TIX5,G1SIC9,G1SMY6,G1TVU3,U3KNH2,G1SDY5
6944 F6PIK9,F6XL78,F6XR42,F7A2J7,F6S8L9,F6YYG4,F6UXD9,F6XEB4 G1SXF3,G1SZM2,G1TIX5,G1SIC9,G1SMY6,G1TVU3,G1TEY7,G1SDY5
6910 F6YYG4,F7AK40,F6UFG2,F7A3F7,F7DFR6,F6Z1I4,F6XEB4,F6VTW3 G1T143,G1SZR6,G1SZB4,G1T4A5,G1SZE4,G1SZT9,G1SDY5,G1TAE2
6910 F6YYG4,F6XR42,F6UFG2,F7A3F7,F7DFR6,F7A2J7,F6XEB4,F6VTW3 G1T143,G1SZR6,G1SZB4,G1T4A5,G1SZE4,G1SZT9,G1SDY5,G1TAE2
6910 F6YYG4,F7AK40,F6RAH7,F6SRZ6,F7DFR6,F6Z1I4,F6XEB4,F6VTW3 G1T143,G1SZR6,G1U0E3,G1T7G6,G1SZE4,G1SZT9,G1SDY5,G1TAE2
6910 F6YYG4,F6XR42,F6RAH7,F6SRZ6,F7DFR6,F7A2J7,F6XEB4,F6VTW3 G1T143,G1SZR6,G1U0E3,G1T7G6,G1SZE4,G1SZT9,G1SDY5,G1TAE2
9539 F6TL72,F6Z8X4,F6XR42,F7AK40,F6XL78,F6VTW3,F6S8L9,F6XEB4 G1TVU3,G1TLS9,G1TIX5,G1SIC9,G1SZE4,G1TAE2,G1T143,G1SDY5
9539 F6S7D4,F6YXJ9,F6VTW3,F6Z1I4,F7DFR6,F7AK40,F6XR42,F6S8L9 G1SXC8,G1SPP0,G1TAE2,G1SZT9,G1SZE4,G1SZR6,G1TIX5,G1SMY6
9539 F6S7D4,F6YXJ9,F6VTW3,F6Z1I4,F7DFR6,F7AK40,F6XR42,F6S8L9 G1SXC8,G1T277,G1TAE2,G1SZT9,G1SZE4,G1SZR6,G1TIX5,G1SMY6
9539 F6S7D4,F6Z2D8,F6VTW3,F6Z1I4,F7DFR6,F7AK40,F6XR42,F7A2J7 G1SXC8,G1T566,G1TAE2,G1SZT9,G1SZE4,G1SZR6,G1TIX5,G1SMY6
9539 F6S7D4,F6SE67,F6VTW3,F6Z1I4,F7DFR6,F7AK40,F6XR42,F7A2J7 G1SXC8,G1T566,G1TAE2,G1SZT9,G1SZE4,G1SZR6,G1TIX5,G1SMY6
11558 F6XL78,F6S7D4,F6VTW3,F6S8L9,F6XR42,F7DZV9,F6XEB4,F7AK40 G1SZM2,G1SXC8,G1TAE2,G1SMY6,G1TIX5,G1SIT9,G1SDY5,G1SZR6
10238 F6TL72,F7AK40,F7DFR6,F7A2J7,F6UQU2,F6S8L9,F6VTW3,F6XEB4 G1TIX5,G1TVU3,G1SZE4,G1SZT9,G1T221,G1SIC9,G1TAE2,G1SDY5
10238 F6TL72,F7AK40,F7DFR6,F7A2J7,F6UQU2,F6S8L9,F6VTW3,F6XEB4 G1T143,G1SZR6,G1SZE4,G1SIC9,G1SSL4,G1SMY6,G1TAE2,G1SDY5
10238 F6TL72,F7AK40,F7DFR6,F7A2J7,F6UQU2,F6S8L9,F6VTW3,F6XEB4 G1T143,G1SZR6,G1SZE4,G1SIC9,G1T657,G1SMY6,G1TAE2,G1SDY5
10238 F6XR42,F6TL72,F7DFR6,F6Z1I4,F7BXZ1,F7A2J7,F6VTW3,F6XEB4 G1TIX5,G1TVU3,G1SZE4,G1SZT9,G1U419,G1SIC9,G1TAE2,G1SDY5
10238 F6TL72,F7AK40,F7DFR6,F7A2J7,F6R8G3,F6S8L9,F6VTW3,F6XEB4 G1TIX5,G1TVU3,G1SZE4,G1SZT9,G1T221,G1SIC9,G1TAE2,G1SDY5
10238 F6TL72,F7AK40,F7DFR6,F7A2J7,F6R8G3,F6S8L9,F6VTW3,F6XEB4 G1T143,G1SZR6,G1SZE4,G1SIC9,G1SSL4,G1SMY6,G1TAE2,G1SDY5
10238 F6TL72,F7AK40,F7DFR6,F7A2J7,F6R8G3,F6S8L9,F6VTW3,F6XEB4 G1T143,G1SZR6,G1SZE4,G1SIC9,G1T657,G1SMY6,G1TAE2,G1SDY5
10238 F6TL72,F7AK40,F7DFR6,F7A2J7,F6S0P5,F6S8L9,F6VTW3,F6XEB4 G1TIX5,G1TVU3,G1SZE4,G1SZT9,G1STG2,G1SIC9,G1TAE2,G1SDY5
10238 F6TL72,F7AK40,F7DFR6,F7A2J7,F6S0P5,F6S8L9,F6VTW3,F6XEB4 G1TIX5,G1TVU3,G1SZE4,G1SZT9,G1TP25,G1SIC9,G1TAE2,G1SDY5
10238 F6TL72,F7AK40,F7DFR6,F7A2J7,F6S0P5,F6S8L9,F6VTW3,F6XEB4 G1T143,G1SZR6,G1SZE4,G1SIC9,G1SE57,G1SMY6,G1TAE2,G1SDY5
10238 F6TL72,F7AK40,F7DFR6,F7A2J7,F6S0P5,F6S8L9,F6VTW3,F6XEB4 G1T143,G1SZR6,G1SZE4,G1SIC9,G1SWH9,G1SMY6,G1TAE2,G1SDY5
10238 F6TL72,F7AK40,F7DFR6,F7A2J7,F7D9F8,F6S8L9,F6VTW3,F6XEB4 G1TIX5,G1TVU3,G1SZE4,G1SZT9,G1STG2,G1SIC9,G1TAE2,G1SDY5
10238 F6TL72,F7AK40,F7DFR6,F7A2J7,F7D9F8,F6S8L9,F6VTW3,F6XEB4 G1TIX5,G1TVU3,G1SZE4,G1SZT9,G1TP25,G1SIC9,G1TAE2,G1SDY5
10238 F6TL72,F7AK40,F7DFR6,F7A2J7,F7D9F8,F6S8L9,F6VTW3,F6XEB4 G1TIX5,G1TVU3,G1SZE4,G1SZT9,G1T221,G1SIC9,G1TAE2,G1SDY5
10238 F6TL72,F7AK40,F7DFR6,F7A2J7,F7D9F8,F6S8L9,F6VTW3,F6XEB4 G1T143,G1SZR6,G1SZE4,G1SIC9,G1SSL4,G1SMY6,G1TAE2,G1SDY5
10238 F6TL72,F7AK40,F7DFR6,F7A2J7,F7D9F8,F6S8L9,F6VTW3,F6XEB4 G1T143,G1SZR6,G1SZE4,G1SIC9,G1SWH9,G1SMY6,G1TAE2,G1SDY5
1649 F7AK40,F7DFR6,F7DMI6,F6YYG4,F6WSM9,F6UCC4,F6S8L9,F6XA04 G1SZE4,G1TIX5,G1TYN2,G1TVU3,G1SMV4,G1U9R2,G1TAE2,G1TF91
11390 F7DFR6,F6S7D4,F6VTW3,F6XR42,F7AK40,F6WFQ1,F6Z1I4,F6S8L9 G1SZE4,G1SXC8,G1TAE2,G1TIX5,G1SZR6,G1SX32,G1SZT9,G1SMY6
11390 F7DFR6,F6S7D4,F6VTW3,F6XR42,F7AK40,F6WFQ1,F6Z1I4,F6S8L9 G1SZE4,G1SXC8,G1TAE2,G1TIX5,G1SZR6,G1SLH7,G1SZT9,G1SMY6
11390 F7DFR6,F6S7D4,F6VTW3,F6XR42,F7AK40,H9H002,F6Z1I4,F6S8L9 G1SZE4,G1SXC8,G1TAE2,G1TIX5,G1SZR6,G1SX32,G1SZT9,G1SMY6
11390 F7DFR6,F6S7D4,F6VTW3,F6XR42,F7AK40,H9H002,F6Z1I4,F6S8L9 G1SZE4,G1SXC8,G1TAE2,G1TIX5,G1SZR6,G1SLH7,G1SZT9,G1SMY6
11390 F7DFR6,F6S7D4,F6VTW3,F6XR42,F7AK40,H9H002,F6Z1I4,F6S8L9 G1SZE4,G1SXC8,G1TAE2,G1TIX5,G1SZR6,G1TIP3,G1SZT9,G1SMY6
11390 F7DFR6,F6S7D4,F6VTW3,F6XR42,F7AK40,F6X610,F6Z1I4,F6S8L9 G1SZE4,G1SXC8,G1TAE2,G1TIX5,G1SZR6,G1SX32,G1SZT9,G1SMY6
11390 F7DFR6,F6S7D4,F6VTW3,F6XR42,F7AK40,F6X610,F6Z1I4,F6S8L9 G1SZE4,G1SXC8,G1TAE2,G1TIX5,G1SZR6,G1SLH7,G1SZT9,G1SMY6
11390 F7DFR6,F6S7D4,F6VTW3,F6XR42,F7AK40,F6X610,F6Z1I4,F6S8L9 G1SZE4,G1SXC8,G1TAE2,G1TIX5,G1SZR6,G1TIP3,G1SZT9,G1SMY6
11390 F7DFR6,F6S7D4,F6VTW3,F6XR42,F7AK40,F6XB71,F6Z1I4,F6S8L9 G1SZE4,G1SXC8,G1TAE2,G1TIX5,G1SZR6,G1TIP3,G1SZT9,G1SMY6
11390 F7DFR6,F6S7D4,F6VTW3,F6XR42,F7AK40,F6XB71,F6Z1I4,F6S8L9 G1SZE4,G1SXC8,G1TAE2,G1TIX5,G1SZR6,G1SEN5,G1SZT9,G1SMY6
11390 F7DFR6,F6S7D4,F6VTW3,F6XR42,F7AK40,F6VRC2,F6Z1I4,F6S8L9 G1SZE4,G1SXC8,G1TAE2,G1TIX5,G1SZR6,G1SX32,G1SZT9,G1SMY6
11390 F7DFR6,F6S7D4,F6VTW3,F6XR42,F7AK40,F6VRC2,F6Z1I4,F6S8L9 G1SZE4,G1SXC8,G1TAE2,G1TIX5,G1SZR6,G1SLH7,G1SZT9,G1SMY6
11390 F7DFR6,F6S7D4,F6VTW3,F6XR42,F7AK40,F7BQL5,F6Z1I4,F6S8L9 G1SZE4,G1SXC8,G1TAE2,G1TIX5,G1SZR6,G1SEN5,G1SZT9,G1SMY6
11390 F7DFR6,F6S7D4,F6VTW3,F6XR42,F7AK40,F6XL24,F6Z1I4,F6S8L9 G1SZE4,G1SXC8,G1TAE2,G1TIX5,G1SZR6,G1SX32,G1SZT9,G1SMY6
11390 F7DFR6,F6S7D4,F6VTW3,F6XR42,F7AK40,F6XL24,F6Z1I4,F6S8L9 G1SZE4,G1SXC8,G1TAE2,G1TIX5,G1SZR6,G1TIP3,G1SZT9,G1SMY6
11390 F7DFR6,F6S7D4,F6VTW3,F6XR42,F7AK40,F6WIS6,F6Z1I4,F6S8L9 G1SZE4,G1SXC8,G1TAE2,G1TIX5,G1SZR6,G1SX32,G1SZT9,G1SMY6
11390 F7DFR6,F6S7D4,F6VTW3,F6XR42,F7AK40,F6WIS6,F6Z1I4,F6S8L9 G1SZE4,G1SXC8,G1TAE2,G1TIX5,G1SZR6,G1SLH7,G1SZT9,G1SMY6
11390 F7DFR6,F6S7D4,F6VTW3,F6XR42,F7AK40,F6Q912,F6Z1I4,F6S8L9 G1SZE4,G1SXC8,G1TAE2,G1TIX5,G1SZR6,G1TIP3,G1SZT9,G1SMY6
11390 F7DFR6,F6S7D4,F6VTW3,F6XR42,F7AK40,F6QHL9,F6Z1I4,F6S8L9 G1SZE4,G1SXC8,G1TAE2,G1TIX5,G1SZR6,G1SEN5,G1SZT9,G1SMY6
9024 F7DFR6,F6YYG4,F6XR42,F7AK40,F6XTW3,F6S7D4,F7A2J7,F6XL78 G1SZR6,G1TVU3,G1SIC9,G1SZE4,G1T7B5,G1SMY6,G1TIX5,G1SZM2
4462 F6U1P4,F7DFR6,F6XR42,F6YYG4,F6S7D4,F6XL78,F7DDB3,F7A2J7 G1TDU6,G1SZE4,G1TIX5,G1TVU3,G1TAE2,G1SZM2,G1TAI8,G1SIC9
4462 F6U1P4,F7DFR6,F6XR42,F6YYG4,F6S7D4,F6XL78,F7DDB3,F7A2J7 G1SE64,G1SZE4,G1TIX5,G1TVU3,G1TAE2,G1SZM2,G1TAI8,G1SIC9
7321 A0A1L1R2Y5,F6XL78,F6XR42,F6S7D4,F6S8L9,F6YYG4,F7BD82,F7DFR6 U3KMC5,G1SZM2,G1TIX5,G1TAE2,G1SMY6,G1TVU3,G1T1B1,G1SZE4
7252 F7CYP7,F6XL78,F6XR42,F6S8L9,F7A2J7,F7DFR6,F6S7D4,F6URD5 G1SLT0,G1SZM2,G1TIX5,G1SMY6,G1SIC9,G1SZE4,G1TAE2,U3KNH2
11449 F6XL78,F6S7D4,F6VTW3,F6S8L9,F6XR42,F7CQM8,F6XEB4,F7AK40 G1SZM2,G1SXC8,G1TAE2,G1TIX5,G1SMY6,G1T035,G1SDY5,G1TVU3
11449 F6XL78,F6S7D4,F6VTW3,F6S8L9,F6XR42,F7CQM8,F6XEB4,F7AK40 G1SZM2,G1SXC8,G1TAE2,G1TIX5,G1SMY6,G1TAP3,G1SDY5,G1TVU3
11449 F6XL78,F6S7D4,F6VTW3,F6S8L9,F6XR42,F7DWA2,F6XEB4,F7AK40 G1SZM2,G1SXC8,G1TAE2,G1TIX5,G1SMY6,G1T035,G1SDY5,G1TVU3
11449 F6XL78,F6S7D4,F6VTW3,F6S8L9,F6XR42,F6TQR2,F6XEB4,F7AK40 G1SZM2,G1SXC8,G1TAE2,G1TIX5,G1SMY6,G1T035,G1SDY5,G1TVU3
11449 F6XL78,F6S7D4,F6VTW3,F6S8L9,F6XR42,F6TQR2,F6XEB4,F7AK40 G1SZM2,G1SXC8,G1TAE2,G1TIX5,G1SMY6,G1TAP3,G1SDY5,G1TVU3
11449 F6XL78,F6S7D4,F6VTW3,F6S8L9,F6XR42,F6WCE5,F6XEB4,F7AK40 G1SZM2,G1SXC8,G1TAE2,G1TIX5,G1SMY6,G1TCM0,G1SDY5,G1TVU3
11449 F6XL78,F6S7D4,F6VTW3,F6S8L9,F6XR42,F6Q2Q4,F6XEB4,F7AK40 G1SZM2,G1SXC8,G1TAE2,G1TIX5,G1SMY6,G1TZY7,G1SDY5,G1TVU3
11449 F6XL78,F6S7D4,F6VTW3,F6S8L9,F6XR42,F6Q2Q4,F6XEB4,F7AK40 G1SZM2,G1SXC8,G1TAE2,G1TIX5,G1SMY6,G1SL22,G1SDY5,G1TVU3
11449 F6XL78,F6S7D4,F6VTW3,F6S8L9,F6XR42,F6Q2Q4,F6XEB4,F7AK40 G1SZM2,G1SXC8,G1TAE2,G1TIX5,G1SMY6,G1TCM0,G1SDY5,G1TVU3
11449 F6XL78,F6S7D4,F6VTW3,F6S8L9,F6XR42,F6QNK6,F6XEB4,F7AK40 G1SZM2,G1SXC8,G1TAE2,G1TIX5,G1SMY6,G1TZY7,G1SDY5,G1TVU3
11449 F6XL78,F6S7D4,F6VTW3,F6S8L9,F6XR42,F6QNK6,F6XEB4,F7AK40 G1SZM2,G1SXC8,G1TAE2,G1TIX5,G1SMY6,G1SL22,G1SDY5,G1TVU3
11449 F6XL78,F6S7D4,F6VTW3,F6S8L9,F6XR42,F6QNK6,F6XEB4,F7AK40 G1SZM2,G1SXC8,G1TAE2,G1TIX5,G1SMY6,G1TCM0,G1SDY5,G1TVU3
8910 F7DFR6,F6YYG4,F7AK40,F6XR42,F6WMX3,F6S7D4,F7A2J7,F6XL78 G1SZR6,G1TVU3,G1SZE4,G1SIC9,G1TAR0,G1SMY6,G1TIX5,G1SZM2
10592 F7DFR6,F6YYG4,F7AK40,F6XR42,F6S7D4,F6YNT2,F6S8L9,F6XL78 G1SZE4,G1TVU3,G1SZR6,G1TIX5,G1TAE2,G1T7B5,G1SMY6,G1SZM2
10592 F7DFR6,F6YYG4,F7AK40,F6XR42,F6S7D4,F6YPK5,F6S8L9,F6XL78 G1SZE4,G1TVU3,G1SZR6,G1TIX5,G1TAE2,G1T7B5,G1SMY6,G1SZM2
8640 F6PQP4,F7DFR6,F6VTW3,F7AK40,F6XEB4,F6S8L9,F7C1S0,F6XL78 G1TJB2,G1SZE4,G1TAE2,G1TVU3,G1SDY5,G1SIC9,G1SV99,G1SZM2
9526 F6TL72,F7AK40,F7A2J7,F7DFR6,F6XL78,F6S8L9,F6QPW3,F6XEB4 G1TIX5,G1TVU3,G1SZT9,G1SZE4,G1SZM2,G1SIC9,G1SQ45,G1SDY5
9526 F6TL72,F7AK40,F7A2J7,F7DFR6,F6XL78,F6S8L9,F6QPW3,F6XEB4 G1TIX5,G1TVU3,G1SZT9,G1SZE4,G1SZM2,G1SIC9,G1SP33,G1SDY5
9526 F6TL72,F7AK40,F7A2J7,F7DFR6,F6XL78,F6S8L9,F6QPW3,F6XEB4 G1TIX5,G1TVU3,G1SZT9,G1SZE4,G1SZM2,G1SIC9,G1T0F6,G1SDY5
9526 F6TL72,F7AK40,F7A2J7,F7DFR6,F6XL78,F6S8L9,F6QPW3,F6XEB4 G1TIX5,G1TVU3,G1SZT9,G1SZE4,G1SZM2,G1SIC9,G1SZ72,G1SDY5
9526 F6TL72,F7AK40,F7A2J7,F7DFR6,F6XL78,F6S8L9,F6QPW3,F6XEB4 G1TIX5,G1TVU3,G1SZT9,G1SZE4,G1SZM2,G1SIC9,G1SLD7,G1SDY5
9638 F6YYG4,F7DFR6,F7AK40,F6XR42,F7A2J7,F6S7D4,F6XL78,F6YZJ4 G1TVU3,G1SZE4,G1SZR6,G1TIX5,G1SIC9,G1TAE2,G1SZM2,G1TBZ1
8572 F7AK40,F6S8L9,F7C1M0,F7A860,F7DFR6,F7A2J7,F6XL78,F6XEB4 G1TVU3,G1SZT9,G1T250,P47845,G1SZE4,G1SIC9,G1SZM2,G1SDY5
10526 F6XL78,F6Z1I4,F6S7D4,F6XR42,F6S8L9,F7DFR6,F6YPK5,F7AK40 G1SZM2,G1SZT9,G1SXC8,G1TIX5,G1SMY6,G1SZE4,G1ST56,G1SZR6
10526 F6XL78,F6Z1I4,F6S7D4,F6XR42,F6S8L9,F7DFR6,F6YPK5,F7AK40 G1SZM2,G1SZT9,G1SXC8,G1TIX5,G1SMY6,G1SZE4,G1T2P2,G1SZR6
10526 F6XL78,F6Z1I4,F6S7D4,F6XR42,F6S8L9,F7DFR6,F6RKT2,F7AK40 G1SZM2,G1SZT9,G1SXC8,G1TIX5,G1SMY6,G1SZE4,G1ST56,G1SZR6
10526 F6XL78,F6Z1I4,F6S7D4,F6XR42,F6S8L9,F7DFR6,F6RKT2,F7AK40 G1SZM2,G1SZT9,G1SXC8,G1TIX5,G1SMY6,G1SZE4,G1TVH9,G1SZR6
10526 F6XL78,F6Z1I4,F6S7D4,F6XR42,F6S8L9,F7DFR6,F7E3W0,F7AK40 G1SZM2,G1SZT9,G1SXC8,G1TIX5,G1SMY6,G1SZE4,G1TVH9,G1SZR6
9067 F6XB91,F6VTW3,F6XL78,F6XEB4,F6TL72,F6YYG4,F7DFR6,F7AK40 G1ST72,G1TAE2,G1SZM2,G1SDY5,G1TIX5,G1SZR6,G1SZE4,G1TVU3
4401 F7AK40,F7DFR6,F6YYG4,F7A8D2,F6ZS96,F7A2J7,F6VTW3,F6XEB4 G1TIX5,G1SZE4,G1TVU3,G1TS89,G1U2Y0,G1SZT9,G1TAE2,G1SDY5
4535 F7AK40,F7A2J7,F6YYG4,F6VF95,F7D4M5,F7DFR6,F6XEB4,F6VTW3 G1TIX5,G1SZT9,G1TVU3,G1TDK5,G1TC95,G1SZE4,G1SDY5,G1TAE2
4359 F7DFR6,F6S7D4,F7AMG5,F6VTW3,F7C1S0,F6XR42,F6XL78,F6S8L9 G1SZE4,G1SXC8,G1TWX8,G1TAE2,G1TZS4,G1TIX5,G1SZM2,G1SMY6
4359 F7DFR6,F6S7D4,F7AMG5,F6VTW3,F7C1S0,F6XR42,F6XL78,F6S8L9 G1SZE4,G1SXC8,G1TB52,G1TAE2,G1TZS4,G1TIX5,G1SZM2,G1SMY6
10384 F7AK40,F6S8L9,F7A883,F6R5G1,F7DFR6,F6VTW3,F6Z1I4,F6XR42 G1SZR6,G1SMY6,G1SZD8,G1TTV8,G1SZE4,G1TAE2,G1SZT9,G1TIX5
10384 F6S8L9,F7AK40,F7D2A3,F6SKU5,F6XL78,F6XR42,F6XEB4,F6VTW3 G1TIX5,G1TVU3,G1SYY1,G1TI07,G1SZM2,G1SMY6,G1SDY5,G1TAE2
4772 F7DEC9,F7DFR6,F6YYG4,F6XR42,F6S7D4,F7A2J7,F7DDB3,F6XL78 G1TET3,G1SZE4,G1TVU3,G1TIX5,G1TAE2,G1SIC9,G1TAI8,G1SZM2
4772 F7BZW5,F7DFR6,F6YYG4,F6XR42,F6S7D4,F7A2J7,F7DDB3,F6XL78 G1TET3,G1SZE4,G1TVU3,G1TIX5,G1TAE2,G1SIC9,G1TAI8,G1SZM2
4772 F7BZW5,F7DFR6,F6YYG4,F6XR42,F6S7D4,F7A2J7,F7DDB3,F6XL78 G1TBK2,G1SZE4,G1TVU3,G1TIX5,G1TAE2,G1SIC9,G1TAI8,G1SZM2
4772 F6W8H2,F7AK40,F6YYG4,F7A2J7,F6S8L9,F6XR42,F6V881,F6XL78 G1SQ55,G1SZE4,G1TVU3,G1TIX5,G1TAE2,G1SIC9,G1U415,G1SZM2
8220 F6YYG4,F7D2X9,F7DFR6,F6Z1I4,F6XR42,F6VTW3,F6XEB4,F6PNM7 G1TVU3,G1SUG3,G1SZE4,G1SZT9,G1TIX5,G1TAE2,G1SDY5,G1SS22
7212 F7DFR6,F7AMG5,F6XR42,F7AK40,F6VTW3,F7C1S0,F6S8L9,F6XL78 G1SZE4,G1TWX8,G1TIX5,G1SZR6,G1TAE2,G1TZS4,G1SMY6,G1SZM2
7212 F7DFR6,F7AMG5,F6XR42,F7AK40,F6VTW3,F7C1S0,F6S8L9,F6XL78 G1SZE4,G1TB52,G1TIX5,G1SZR6,G1TAE2,G1TZS4,G1SMY6,G1SZM2
4796 F6VTW3,F7E2W7,F6S7D4,F7DFR6,F6XEB4,F6XL78,F6S8L9,F7ACV1 G1TAE2,G1SUD3,G1SXC8,G1SZE4,G1SDY5,G1SZM2,G1SMY6,G1SXS3
4839 F7AKZ2,F7AK40,F6YYG4,F7A2J7,F6S8L9,F6XR42,F6XL78,F7C4C2 G1SSM2,G1SZE4,G1TVU3,G1TIX5,G1TAE2,G1SIC9,G1SZM2,P68105
10566 F7DFR6,F6YYG4,F6XR42,F7AK40,F6S7D4,F6XL78,F6YZI7,F6S8L9 G1SZE4,G1TVU3,G1TIX5,G1SZR6,G1TAE2,G1SZM2,G1TEP5,G1SMY6
7941 F6VTW3,F7B1T3,F7DFR6,F6XEB4,F6XFJ1,F6XL78,F7AK40,F6S8L9 G1TAE2,G1SVF4,G1SZE4,G1SDY5,G1T4I7,G1SZM2,G1SZR6,G1SIC9
7941 F6VTW3,F7B1T3,F7DFR6,F6XEB4,F6XFJ1,F6XL78,F7AK40,F6S8L9 G1TAE2,G1SVF4,G1SZE4,G1SDY5,G1T4I7,G1SZM2,G1SZR6,G1SMY6
5776 F6YZ64,F7DFR6,F7AK40,F6YYG4,F6XL78,F6XEB4,F7B7L7,F6S8L9 G1U730,G1SZE4,G1SZR6,G1T143,G1SZM2,G1SDY5,U3KNR1,G1SMY6
7232 F7DFR6,F6PKQ6,F6XR42,F7AK40,F6VTW3,F7AU83,F6S8L9,F6XL78 G1SZE4,G1SEV9,G1TIX5,G1SZR6,G1TAE2,G1T1D9,G1SMY6,G1SZM2
7232 F7DFR6,F6PKQ6,F6XR42,F7AK40,F6VTW3,F7AU83,F6S8L9,F6XL78 G1SZE4,G1T4R0,G1TIX5,G1SZR6,G1TAE2,G1T1D9,G1SMY6,G1SZM2
7232 F7DFR6,F6PKQ6,F6XR42,F7AK40,F6VTW3,F7AU83,F6S8L9,F6XL78 G1SZE4,G1T0X6,G1TIX5,G1SZR6,G1TAE2,G1T1D9,G1SMY6,G1SZM2
7232 F7DFR6,F6T775,F6XR42,F7AK40,F6VTW3,F7AU83,F6S8L9,F6XL78 G1SZE4,G1TGC0,G1TIX5,G1SZR6,G1TAE2,G1T1D9,G1SMY6,G1SZM2
7232 F7DFR6,F6T775,F6XR42,F7AK40,F6VTW3,F7AU83,F6S8L9,F6XL78 G1SZE4,G1SVQ9,G1TIX5,G1SZR6,G1TAE2,G1T1D9,G1SMY6,G1SZM2
7232 F7DFR6,F6T775,F6XR42,F7AK40,F6VTW3,F7AU83,F6S8L9,F6XL78 G1SZE4,G1T4R0,G1TIX5,G1SZR6,G1TAE2,G1T1D9,G1SMY6,G1SZM2
7232 F7DFR6,F6WTK3,F6XR42,F7AK40,F6VTW3,F7AU83,F6S8L9,F6XL78 G1SZE4,G1SEV9,G1TIX5,G1SZR6,G1TAE2,G1T1D9,G1SMY6,G1SZM2
7232 F7DFR6,F6WTK3,F6XR42,F7AK40,F6VTW3,F7AU83,F6S8L9,F6XL78 G1SZE4,G1T165,G1TIX5,G1SZR6,G1TAE2,G1T1D9,G1SMY6,G1SZM2
7232 F7DFR6,F6WTK3,F6XR42,F7AK40,F6VTW3,F7AU83,F6S8L9,F6XL78 G1SZE4,G1T0X6,G1TIX5,G1SZR6,G1TAE2,G1T1D9,G1SMY6,G1SZM2
7232 F7DFR6,F7CH72,F6XR42,F7AK40,F6VTW3,F7AU83,F6S8L9,F6XL78 G1SZE4,G1SEV9,G1TIX5,G1SZR6,G1TAE2,G1T1D9,G1SMY6,G1SZM2
7232 F7DFR6,F7CH72,F6XR42,F7AK40,F6VTW3,F7AU83,F6S8L9,F6XL78 G1SZE4,G1T165,G1TIX5,G1SZR6,G1TAE2,G1T1D9,G1SMY6,G1SZM2
7232 F7DFR6,F6VS33,F6XR42,F7AK40,F6VTW3,F7AU83,F6S8L9,F6XL78 G1SZE4,G1SEV9,G1TIX5,G1SZR6,G1TAE2,G1T1D9,G1SMY6,G1SZM2
7232 F7DFR6,F6VS33,F6XR42,F7AK40,F6VTW3,F7AU83,F6S8L9,F6XL78 G1SZE4,G1T165,G1TIX5,G1SZR6,G1TAE2,G1T1D9,G1SMY6,G1SZM2
7232 F7DFR6,F6VS33,F6XR42,F7AK40,F6VTW3,F7AU83,F6S8L9,F6XL78 G1SZE4,G1T0X6,G1TIX5,G1SZR6,G1TAE2,G1T1D9,G1SMY6,G1SZM2
7232 F7DFR6,F6VTZ7,F6XR42,F7AK40,F6VTW3,F7AU83,F6S8L9,F6XL78 G1SZE4,G1TGC0,G1TIX5,G1SZR6,G1TAE2,G1T1D9,G1SMY6,G1SZM2
7232 F7DFR6,F6VTZ7,F6XR42,F7AK40,F6VTW3,F7AU83,F6S8L9,F6XL78 G1SZE4,G1SVQ9,G1TIX5,G1SZR6,G1TAE2,G1T1D9,G1SMY6,G1SZM2
7232 F7DFR6,F6VTZ7,F6XR42,F7AK40,F6VTW3,F7AU83,F6S8L9,F6XL78 G1SZE4,G1T4R0,G1TIX5,G1SZR6,G1TAE2,G1T1D9,G1SMY6,G1SZM2
7232 F7DFR6,F6SK46,F6XR42,F7AK40,F6VTW3,F7AU83,F6S8L9,F6XL78 G1SZE4,G1TGC0,G1TIX5,G1SZR6,G1TAE2,G1T1D9,G1SMY6,G1SZM2
7232 F7DFR6,F6SK46,F6XR42,F7AK40,F6VTW3,F7AU83,F6S8L9,F6XL78 G1SZE4,G1SVQ9,G1TIX5,G1SZR6,G1TAE2,G1T1D9,G1SMY6,G1SZM2
7232 F7DFR6,F6SK46,F6XR42,F7AK40,F6VTW3,F7AU83,F6S8L9,F6XL78 G1SZE4,G1T4R0,G1TIX5,G1SZR6,G1TAE2,G1T1D9,G1SMY6,G1SZM2
8185 F7AK40,F6ZBR3,F7DFR6,F7A2J7,P29553,F6XR42,F6XEB4,F6VTW3 G1T143,G1TBA4,G1SZE4,G1SIC9,P04924,G1TIX5,G1SDY5,G1TAE2
1640 F7AK40,F6Z9Q9,F7DFR6,F6RFS1,F6YYG4,F6S8L9,F7CCF5,F6XA04 G1SZE4,G1U763,G1TIX5,G1SQY8,G1TVU3,G1TAE2,G1TYE2,G1TF91
10494 F7A2J7,F6YYG4,F7A1J9,F7AK40,F6UQ47,F6S8L9,F6VTW3,F6XEB4 G1SIC9,G1T143,G1TC83,G1SZR6,G1SML6,G1SMY6,G1TAE2,G1SDY5
8581 F6RSH5,F7DFR6,F7AK40,F6VTW3,F6S8L9,F6XEB4,F6WTY0,F6XL78 G1T2Q2,G1SZE4,G1SZR6,G1TAE2,G1SMY6,G1SDY5,G1SEH9,G1SZM2
8581 F6WLC5,F7DFR6,F7AK40,F6VTW3,F6S8L9,F6XEB4,F7AZI4,F6XL78 G1T2Q2,G1SZE4,G1SZR6,G1TAE2,G1SMY6,G1SDY5,G1SEH9,G1SZM2
6942 F6XR42,F6YYG4,F7DFR6,F6Z1I4,F7BME5,F7CJM0,F6VTW3,F6XEB4 G1TIX5,G1TVU3,G1SZE4,G1SZT9,G1SIG2,G1SHM5,G1TAE2,G1SDY5
6942 F6XR42,F6YYG4,F7DFR6,F6Z1I4,F7BME5,F7D044,F6VTW3,F6XEB4 G1TIX5,G1TVU3,G1SZE4,G1SZT9,G1SIG2,G1SHM5,G1TAE2,G1SDY5
8323 F6XR42,F6W196,F7DFR6,F6Z1I4,F6YYG4,F7A2J7,F6XEB4,F7DIL5 G1TIX5,G1TV09,G1SZE4,G1SZT9,G1TVU3,G1SIC9,G1SMY6,G1SEW1
6736 F7E2A5,F7DFR6,F6XR42,F6VTW3,F7AK40,F6XL78,F7AU83,F6S8L9 G1T856,G1SZE4,G1TIX5,G1TAE2,G1SZR6,G1SZM2,G1T1D9,G1SMY6
6736 F6WYR4,F7DFR6,F6XR42,F6VTW3,F7AK40,F6XL78,F7AU83,F6S8L9 G1T856,G1SZE4,G1TIX5,G1TAE2,G1SZR6,G1SZM2,G1T1D9,G1SMY6
6736 F7DFR6,F6WKC0,F6XR42,F6VTW3,F7AK40,F7D9J2,F6Z1I4,F6S8L9 G1SZE4,G1T5Z6,G1TIX5,G1TAE2,G1SZR6,G1TAH7,G1SZT9,G1SMY6
7344 F7DFR6,F6YYG4,F6PHF7,F6XR42,F7AK40,F6S7D4,F6XL78,F6S8L9 G1SZE4,G1TVU3,G1SJW2,G1TIX5,G1SZR6,G1TAE2,G1SZM2,G1SMY6
7344 F7DFR6,F6YYG4,F6PHF7,F6XR42,F7AK40,F6S7D4,F6XL78,F6S8L9 G1SZE4,G1TVU3,G1TEJ2,G1TIX5,G1SZR6,G1TAE2,G1SZM2,G1SMY6
7344 F7DFR6,F6YYG4,F7DZT2,F6XR42,F7AK40,F6S7D4,F6XL78,F6S8L9 G1SZE4,G1TVU3,G1SJW2,G1TIX5,G1SZR6,G1TAE2,G1SZM2,G1SMY6
7344 F7DFR6,F6YYG4,F7DZT2,F6XR42,F7AK40,F6S7D4,F6XL78,F6S8L9 G1SZE4,G1TVU3,G1TEJ2,G1TIX5,G1SZR6,G1TAE2,G1SZM2,G1SMY6
10633 F7AK40,F6TL72,F7A2J7,F7DFR6,F6S8L9,F6ZTR4,F6VTW3,F6XEB4 G1TVU3,G1SZR6,G1SIC9,G1SZE4,G1SZT9,G1T9A1,G1TAE2,G1SDY5
10633 F7AK40,F6TL72,F7A2J7,F7DFR6,F6S8L9,F6ZTR4,F6VTW3,F6XEB4 G1SZR6,G1T143,G1SIC9,G1SZE4,G1SMY6,G1T4N8,G1TAE2,G1SDY5
10633 F7AK40,F6TL72,F7A2J7,F7DFR6,F6S8L9,F6XN76,F6VTW3,F6XEB4 G1TVU3,G1SZR6,G1SIC9,G1SZE4,G1SZT9,G1T9A1,G1TAE2,G1SDY5
10633 F7AK40,F6TL72,F7A2J7,F7DFR6,F6S8L9,F6XN76,F6VTW3,F6XEB4 G1SZR6,G1T143,G1SIC9,G1SZE4,G1SMY6,G1T4N8,G1TAE2,G1SDY5
6645 F7DFR6,F7AK40,F6W3Y4,F6Z0A9,F6YYG4,F6VTW3,F7A2J7,F6XEB4 G1SZE4,G1TIX5,G1SLC6,G1SD02,G1TVU3,G1TAE2,G1SZT9,G1SDY5
6645 F7DFR6,F6XR42,F6SW18,F6XX61,F6YYG4,F6VTW3,F6Z1I4,F6XEB4 G1SZE4,G1TIX5,G1SLC6,G1SD02,G1TVU3,G1TAE2,G1SZT9,G1SDY5
5369 F6Q3Y7,F7DFR6,F6XR42,F6YYG4,F6S7D4,F6S8L9,F6XL78,F7AUW2 G1T6M1,G1SZE4,G1TIX5,G1TVU3,G1TAE2,G1SMY6,G1SZM2,G1U7L4
5369 F6Q3Y7,F7DFR6,F6XR42,F6YYG4,F6S7D4,F6S8L9,F6XL78,F7AUW2 G1TA58,G1SZE4,G1TIX5,G1TVU3,G1TAE2,G1SMY6,G1SZM2,G1T9M9
5369 F6UFK4,F7DFR6,F6XR42,F6YYG4,F6S7D4,F6S8L9,F6XL78,F7AUW2 U3KP59,G1SZE4,G1TIX5,G1TVU3,G1TAE2,G1SMY6,G1SZM2,G1T9M9
5369 F6UFK4,F7DFR6,F6XR42,F6YYG4,F6S7D4,F6S8L9,F6XL78,F7AUW2 G1T290,G1SZE4,G1TIX5,G1TVU3,G1TAE2,G1SMY6,G1SZM2,G1T9M9
5369 F6UFK4,F7DFR6,F6XR42,F6YYG4,F6S7D4,F6S8L9,F6XL78,F7AUW2 G1TTT2,G1SZE4,G1TIX5,G1TVU3,G1TAE2,G1SMY6,G1SZM2,G1U7L4
5369 F6QWP4,F7DFR6,F6XR42,F6YYG4,F6S7D4,F6S8L9,F6XL78,F7AUW2 U3KP59,G1SZE4,G1TIX5,G1TVU3,G1TAE2,G1SMY6,G1SZM2,G1T9M9
5369 F6QWP4,F7DFR6,F6XR42,F6YYG4,F6S7D4,F6S8L9,F6XL78,F7AUW2 G1T290,G1SZE4,G1TIX5,G1TVU3,G1TAE2,G1SMY6,G1SZM2,G1T9M9
5369 F6TQ51,F7DFR6,F6XR42,F6YYG4,F6S7D4,F6S8L9,F6XL78,F7AUW2 G1SR83,G1SZE4,G1TIX5,G1TVU3,G1TAE2,G1SMY6,G1SZM2,G1T9M9
4466 F7DFR6,F7AK40,F6PUQ2,F6YYG4,F6Y3C8,F6VTW3,F6S8L9,F6XEB4 G1SZE4,G1SZR6,G1T0P5,G1T143,G1T0T7,G1TAE2,G1SMY6,G1SDY5
3211 F6XR42,F7D9K7,F6YYG4,F7DFR6,F6Z1I4,F7ACV1,F6XEB4,F6VTW3 G1TIX5,G1SZ81,G1TVU3,G1SZE4,G1SZT9,G1SXS3,G1SDY5,G1TAE2
7561 F7D9K7,F7AK40,F7DFR6,F7A2J7,F6S8L9,F6XEB4,F7ACV1,F6VTW3 G1SZ81,G1TVU3,G1SZE4,G1SIC9,G1SZT9,G1SDY5,G1SXS3,G1TAE2
7561 F6ZPA5,F7AK40,F7DFR6,F7A2J7,F6S8L9,F6XEB4,F7ACV1,F6VTW3 G1SLQ0,G1TVU3,G1SZE4,G1SIC9,G1SZT9,G1SDY5,G1SXS3,G1TAE2
4756 F6YEM4,F6YYG4,F7DFR6,F6XR42,F7A2J7,F6VTW3,F7AM44,F6XEB4 G1U101,G1SZR6,G1SZE4,G1T143,G1SMY6,G1TAE2,G1SRN9,G1SDY5
7352 F6RL35,F6XL78,F6XR42,F6S7D4,F6S8L9,F6YYG4,F7DFR6,F7AUW2 G1SJJ7,G1SZM2,G1TIX5,G1TAE2,G1SMY6,G1TVU3,G1SZE4,G1T9M9
7352 B7X6D7,F6XL78,F6XR42,F6S7D4,F6S8L9,F6YYG4,F7DFR6,F7AUW2 G1SJJ7,G1SZM2,G1TIX5,G1TAE2,G1SMY6,G1TVU3,G1SZE4,G1T9M9
6879 F6XR42,F7DFR6,F6SW18,F6YYG4,F6XX61,F6Z1I4,F7A2J7,F6XEB4 G1TIX5,G1SZE4,G1SLC6,G1TVU3,G1SD02,G1SZT9,G1SIC9,G1SMY6
1411 F7DFR6,F6YYG4,F6ZS37,F6XR42,F7AK40,F7E3E6,F6VTW3,F6XL78 G1SZR6,G1T143,G1U3W2,G1SIC9,G1SZE4,G1T5F0,G1SMY6,G1SZM2
10383 F6XR42,F6YYG4,F6ZQD3,F6UCG9,F6XL78,F6S8L9,F6XEB4,F7C4C2 G1SZT9,G1TVU3,G1T4X2,G1SQ43,G1SZM2,G1SMY6,G1SDY5,P68105
10383 F6XR42,F6YYG4,F6ZQD3,F6UCG9,F6XL78,F6S8L9,F6XEB4,F7C4C2 G1SIC9,G1TVU3,G1T4X2,G1SQ43,G1SZM2,G1SMY6,G1SDY5,P68105
2883 F7DFR6,F6YYG4,F7AK40,F7DYY2,F6ZRE9,F6VTW3,F6Z1I4,F6XEB4 G1SZE4,G1T143,G1SZR6,G1T4N6,G1TQW1,G1TAE2,G1SZT9,G1SDY5
2883 F7DFR6,F7AK40,F6YYG4,F6YBH2,F7DGS2,F6VTW3,F6S8L9,F6XEB4 G1SZE4,G1SZR6,G1T143,G1TZQ9,G1TBY0,G1TAE2,G1SMY6,G1SDY5
2883 F7DFR6,F7AK40,F6YYG4,F7D0F2,F6V3G6,F6VTW3,F6S8L9,F6XEB4 G1SZE4,G1SZR6,G1T143,G1STZ5,G1SVG9,G1TAE2,G1SMY6,G1SDY5
4795 F7DFR6,F6SL12,F6YYG4,F6XR42,F6S7D4,F6SGJ7,F6S8L9,F6XL78 G1SZE4,G1SLQ8,G1TVU3,G1TIX5,G1TAE2,G1SHS4,G1SMY6,G1SZM2
4795 F7DFR6,F6QKV7,F6YYG4,F6XR42,F6S7D4,F6SGJ7,F6S8L9,F6XL78 G1SZE4,G1SJ47,G1TVU3,G1TIX5,G1TAE2,G1SHS4,G1SMY6,G1SZM2
4795 F7DFR6,F6QKV7,F6YYG4,F6XR42,F6S7D4,F6SGJ7,F6S8L9,F6XL78 G1SZE4,G1TW08,G1TVU3,G1TIX5,G1TAE2,G1SHS4,G1SMY6,G1SZM2
4795 F7DFR6,F6YJP4,F6YYG4,F6XR42,F6S7D4,F6SGJ7,F6S8L9,F6XL78 G1SZE4,G1SQF8,G1TVU3,G1TIX5,G1TAE2,G1SHS4,G1SMY6,G1SZM2
2304 F6XAQ3,F6YPX9,F6S8L9,F6XL78,F7BQS3,F7DFR6,F6VTW3,F6WQ69 G1TGD9,G1SJT1,G1TVU3,G1SZE4,G1SR27,G1SZM2,G1TAE2,G1SVQ8
2304 F6XAQ3,F6YPX9,F6S8L9,F6XL78,F7BQS3,F7DFR6,F6VTW3,F6WQ69 G1TGD9,G1SJT1,G1SMY6,G1SZM2,G1SR27,G1SZE4,G1TAE2,G1SVQ8
2304 F6XAQ3,F6YPX9,F6S8L9,F6XL78,F7BQS3,F7DFR6,F6VTW3,F6WQ69 G1TGD9,G1SJT1,G1SMY6,G1SZM2,G1SR27,G1SDY5,G1TAE2,G1SVQ8
8157 F6YYG4,F6WEM4,F7DFR6,F6Z1I4,F7D9K7,F6VTW3,F6XEB4,F7ACV1 G1TVU3,G1SPS9,G1SZE4,G1SZT9,G1SZ81,G1TAE2,G1SDY5,G1SXS3
8157 F6YYG4,F6TE29,F7DFR6,F6Z1I4,F7D9K7,F7ACV1,F6XEB4,F6VTW3 G1TVU3,U3KPJ5,G1SZE4,G1SZT9,G1SZ81,G1SXS3,G1SDY5,G1TAE2
2308 F6S9Z1,F6YW90,F6XR42,F6XL78,F6YYG4,F6XEB4,F6VTW3,F7E2V0 G1T230,G1TNG2,G1SIC9,G1SZM2,G1TVU3,G1SDY5,G1TAE2,G1SUW9
7923 F6XR42,F7CAX0,F7DFR6,F6Z1I4,F6YYG4,F7AJM6,F6VTW3,F6XEB4 G1TIX5,G1SGM5,G1SZE4,G1SZT9,G1TVU3,G1SKZ3,G1TAE2,G1SDY5
7923 F6XR42,F7BR74,F7DFR6,F6Z1I4,F6YYG4,F6R950,F6VTW3,F6XEB4 G1TIX5,G1SGM5,G1SZE4,G1SZT9,G1TVU3,G1SKZ3,G1TAE2,G1SDY5
10574 F7DFR6,F6S7D4,F6VTW3,F6TL72,F6YYG4,F6R5P5,F6XEB4,F7A2J7 G1SZE4,G1SXC8,G1TAE2,G1T143,G1TVU3,G1TGB4,G1SDY5,G1SIC9
8208 F7AK40,F6U806,F7DFR6,F6S8L9,F7DAS1,F6VTW3,F6XEB4,F6XL78 G1SZR6,G1U1B4,G1SZE4,G1SIC9,G1TBB8,G1TAE2,G1SDY5,G1SZM2
8208 F7AK40,F6U806,F7DFR6,F6S8L9,F7DAS1,F6VTW3,F6XEB4,F6XL78 G1SZR6,G1U1B4,G1SZE4,G1SMY6,G1TBB8,G1TAE2,G1SDY5,G1SZM2
8208 F7AK40,F6U832,F7DFR6,F6S8L9,F7DGM3,F6VTW3,F6XEB4,F6XL78 G1TVU3,U3KN10,G1SZE4,G1SIC9,G1T184,G1TAE2,G1SDY5,G1SZM2
8208 F7AK40,F6U832,F7DFR6,F6S8L9,F7DGM3,F6VTW3,F6XEB4,F6XL78 G1SZR6,U3KN10,G1SZE4,G1SMY6,G1T184,G1TAE2,G1SDY5,G1SZM2
1734 F7E191,F6ZLR7,F6XL78,F6XR42,F6S8L9,F7DFR6,F6VTW3,F6PUD8 G1SUF3,G1SVW7,G1SZM2,G1TIX5,G1SMY6,G1SZE4,G1TAE2,G1T2W5
1734 F7E191,F6ZLR7,F6XL78,F6XR42,F6S8L9,F7DFR6,F6VTW3,F6PUD8 G1SXK9,G1SVW7,G1SZM2,G1TIX5,G1SMY6,G1SZE4,G1TAE2,G1T2W5
1734 F6WIF5,F6ZLR7,F6XL78,F6XR42,F6S8L9,F6YYG4,F7A2J7,F6PUD8 G1SQC1,G1SVW7,G1SZM2,G1TIX5,G1SMY6,G1SZE4,G1TAE2,G1T2W5
1734 F6WIF5,F6ZLR7,F6XL78,F6XR42,F6S8L9,F7DFR6,F6VTW3,F6PUD8 G1SNH6,G1SVW7,G1SZM2,G1TIX5,G1SMY6,G1SZE4,G1TAE2,G1T2W5
1734 F6WIF5,F6ZLR7,F6XL78,F6XR42,F6S8L9,F7DFR6,F6VTW3,F6PUD8 G1U204,G1SVW7,G1SZM2,G1TIX5,G1SMY6,G1SZE4,G1TAE2,G1T2W5
1734 F6WIF5,F6ZLR7,F6XL78,F6XR42,F6S8L9,F7DFR6,F6VTW3,F6PUD8 G1SQC1,G1SVW7,G1SZM2,G1TIX5,G1SMY6,G1SZE4,G1TAE2,G1T2W5
1734 F6S9Z1,F6YW90,F6XL78,F6XR42,F6S8L9,F7DFR6,F6VTW3,F7E2V0 G1T230,G1TNG2,G1SZM2,G1TIX5,G1SMY6,G1SZE4,G1TAE2,G1SUW9
1734 F6R6E3,F6ZLR7,F6XL78,F6XR42,F6S8L9,F7DFR6,F6VTW3,F6PUD8 G1SUF3,G1SVW7,G1SZM2,G1TIX5,G1SMY6,G1SZE4,G1TAE2,G1T2W5
1734 F6R6E3,F6ZLR7,F6XL78,F6XR42,F6S8L9,F7DFR6,F6VTW3,F6PUD8 G1SXK9,G1SVW7,G1SZM2,G1TIX5,G1SMY6,G1SZE4,G1TAE2,G1T2W5
3182 F6XR42,F7DYY2,F6Z1I4,F6YYG4,F6XL78,F6ZRE9,F6S8L9,F6XEB4 G1TIX5,G1T4N6,G1SZT9,G1TVU3,G1SZM2,G1TQW1,G1SMY6,G1SDY5
4519 F6YYG4,F6Z1I4,F6XR42,Q9BDF6,F6UHS4,F7DFR6,F6VTW3,F6XEB4 G1TVU3,G1SZT9,G1TIX5,B7NZM9,G1T602,G1SZE4,G1TAE2,G1SDY5
4519 F6XR42,F6Z1I4,F6YYG4,F6TTJ8,F6RZ63,F7DFR6,F6VTW3,F6XEB4 G1TIX5,G1SZT9,G1TVU3,G1SV33,G1SL61,G1SZE4,G1TAE2,G1SDY5
4519 F7AK40,F7A2J7,F6YYG4,F6TTJ8,F6RZ63,F7DFR6,F6VTW3,F6XEB4 G1TIX5,G1SZT9,G1TVU3,G1SV33,G1SL61,G1SZE4,G1TAE2,G1SDY5
4519 F6XR42,F6Z1I4,F6YYG4,F6ZK80,F7BUA5,F7DFR6,F6VTW3,F6XEB4 G1TIX5,G1SZT9,G1TVU3,G1SV33,G1SL61,G1SZE4,G1TAE2,G1SDY5
4519 F7AK40,F7A2J7,F6YYG4,F6ZK80,F7BUA5,F7DFR6,F6VTW3,F6XEB4 G1TIX5,G1SZT9,G1TVU3,G1SV33,G1SL61,G1SZE4,G1TAE2,G1SDY5
7303 F6XR42,F7DFR6,F6TQL8,F7BLZ7,F6YYG4,F6XL78,F7A2J7,F6XEB4 G1TIX5,G1SZE4,G1TSU9,U3KN87,G1TVU3,G1SZM2,G1SIC9,G1SDY5
6757 F6XL78,F6Y0D9,F6S7D4,F6S8L9,F6XR42,F6WV98,F6YYG4,F7DFR6 G1SZM2,G1TIW9,G1TAE2,G1SMY6,G1TIX5,G1SGZ4,G1TVU3,G1SZE4
6757 F6XL78,F6YW73,F6S7D4,F6S8L9,F6XR42,F6WIG4,F6YYG4,F7DFR6 G1SZM2,G1TIW9,G1TAE2,G1SMY6,G1TIX5,G1SGZ4,G1TVU3,G1SZE4
6757 F6XL78,F6T8J7,F6XR42,F6S8L9,F6VTW3,F6QCI6,F6XEB4,F6YZI7 G1SZM2,G1TQ55,G1SIC9,G1SMY6,G1TAE2,G1TUM1,G1SDY5,G1TEP5
6757 F6XL78,F6T8J7,F6XR42,F6S8L9,F6VTW3,F6TWD7,F6XEB4,F6YZI7 G1SZM2,G1TQ55,G1SIC9,G1SMY6,G1TAE2,G1TUM1,G1SDY5,G1TEP5
4525 F6YYG4,F6Z1I4,F6XR42,F6Y0D9,F7DQE7,F7DFR6,F6VTW3,F6XEB4 G1TVU3,G1SZT9,G1TIX5,G1TIW9,G1SGZ4,G1SZE4,G1TAE2,G1SDY5
4525 F6YYG4,F6Z1I4,F6XR42,F6Y0D9,F6WV98,F7DFR6,F6VTW3,F6XEB4 G1TVU3,G1SZT9,G1TIX5,G1TIW9,G1SGZ4,G1SZE4,G1TAE2,G1SDY5
4525 F6YYG4,F6Z1I4,F6XR42,F6YW73,F6WIG4,F7DFR6,F6VTW3,F6XEB4 G1TVU3,G1SZT9,G1TIX5,G1TIW9,G1SGZ4,G1SZE4,G1TAE2,G1SDY5
3791 F6QLW9,F6SWV0,F6XR42,F6Z1I4,F6S8L9,F6VTW3,F7BQS3,F6W4Z3 G1SXH5,G1TAV7,G1TIX5,G1SZT9,G1SMY6,G1TAE2,G1SF46,G1SGZ9
3791 F6QLW9,F6SWV0,F6XR42,F6Z1I4,F6S8L9,F6VTW3,F7BQS3,F6W4Z3 P79218,G1TAV7,G1TIX5,G1SZT9,G1SMY6,G1TAE2,G1SF46,G1SGZ9
3791 F6QLW9,F6SWV0,F6XR42,F6Z1I4,F6S8L9,F6VTW3,F7BQS3,F6W4Z3 A5A4K8,G1TAV7,G1TIX5,G1SZT9,G1SMY6,G1TAE2,G1SF46,G1SGZ9
3791 F6QLW9,F6SWV0,F6XR42,F6Z1I4,F6S8L9,F7A2J7,F7BQS3,F6W4Z3 G1SXH5,G1TAV7,G1TIX5,G1SZT9,G1SMY6,G1TAE2,G1SF46,G1SGZ9
3791 F6QLW9,F6SWV0,F6XR42,F6Z1I4,F6S8L9,F7A2J7,F7BQS3,F6W4Z3 P79218,G1TAV7,G1TIX5,G1SZT9,G1SMY6,G1TAE2,G1SF46,G1SGZ9
3791 F6UAP9,F6SWV0,F6XR42,F6Z1I4,F6S8L9,F6VTW3,F7BQS3,F6W4Z3 G1SXH5,G1TAV7,G1TIX5,G1SZT9,G1SMY6,G1TAE2,G1SF46,G1SGZ9
3791 F6UAP9,F6SWV0,F6XR42,F6Z1I4,F6S8L9,F6VTW3,F7BQS3,F6W4Z3 P79218,G1TAV7,G1TIX5,G1SZT9,G1SMY6,G1TAE2,G1SF46,G1SGZ9
3791 F6UAP9,F6SWV0,F6XR42,F6Z1I4,F6S8L9,F6VTW3,F7BQS3,F6W4Z3 A5A4K8,G1TAV7,G1TIX5,G1SZT9,G1SMY6,G1TAE2,G1SF46,G1SGZ9
3791 F6UAP9,F6SWV0,F6XR42,F6Z1I4,F6S8L9,F7A2J7,F7BQS3,F6W4Z3 G1SXH5,G1TAV7,G1TIX5,G1SZT9,G1SMY6,G1TAE2,G1SF46,G1SGZ9
3791 F6UAP9,F6SWV0,F6XR42,F6Z1I4,F6S8L9,F7A2J7,F7BQS3,F6W4Z3 P79218,G1TAV7,G1TIX5,G1SZT9,G1SMY6,G1TAE2,G1SF46,G1SGZ9
8803 F7BPU9,F7DFR6,F6VTW3,F7AK40,F6XEB4,F6S8L9,F6XL78,F7DBY8 G1TNB4,G1SZE4,G1TAE2,G1SZR6,G1SDY5,G1SIC9,G1SZM2,G1SDC7
8803 F7BPU9,F7DFR6,F6VTW3,F7AK40,F6XEB4,F6S8L9,F6XL78,F7DBY8 G1TNB4,G1SZE4,G1TAE2,G1SZR6,G1SDY5,G1SMY6,G1SZM2,G1SDC7
