9689 Q9TUB2,A0A287AKH6,A0A287B4M4,A0A286ZQA1,A0A286ZV23,F2Z558,D3K5N7,A0A286ZS33 G1TVU3,G1SL48,G1TIX5,G1SIC9,G1SZE4,G1SDY5,G1TAE2,G1SKM1
10528 A0A287A2J9,K7GR70,F1S6G9,Q9TUB2,A0A286ZS33,A0A287B4M4,F2Z558,D3K5N7 G1SZR6,G1SIC9,G1U6D8,G1TVU3,G1SKM1,G1TIX5,G1SDY5,G1TAE2
10528 A0A287A2J9,K7GR70,F1SS94,Q9TUB2,A0A286ZS33,A0A287B4M4,F2Z558,D3K5N7 G1SZR6,G1SIC9,G1T5P5,G1TVU3,G1SKM1,G1TIX5,G1SDY5,G1TAE2
10528 A0A287A2J9,K7GR70,F1SS94,Q9TUB2,A0A286ZS33,A0A287B4M4,F2Z558,D3K5N7 G1SZR6,G1SIC9,G1TBF8,G1TVU3,G1SKM1,G1TIX5,G1SDY5,G1TAE2
10528 A0A287A2J9,K7GR70,A0A287AH71,Q9TUB2,A0A286ZS33,A0A287B4M4,F2Z558,D3K5N7 G1SZR6,G1SIC9,G1U6D8,G1TVU3,G1SKM1,G1TIX5,G1SDY5,G1TAE2
10528 A0A287A2J9,K7GR70,F1S359,Q9TUB2,A0A286ZS33,A0A287B4M4,F2Z558,D3K5N7 G1SZR6,G1SIC9,G1U6D8,G1TVU3,G1SKM1,G1TIX5,G1SDY5,G1TAE2
10528 A0A287A2J9,K7GR70,I3LNY9,Q9TUB2,A0A286ZS33,A0A287B4M4,F2Z558,D3K5N7 G1SZR6,G1SIC9,G1U6D8,G1TVU3,G1SKM1,G1TIX5,G1SDY5,G1TAE2
10578 A0A286ZS33,A0A286ZV23,A0A287A2J9,D3K5N7,F1RHK6,A0A287AKH6,A0A287BHC9,F2Z558 G1SKM1,G1SZE4,G1SZR6,G1TAE2,G1SZT9,G1SL48,G1SIC9,G1SDY5
10578 A0A286ZS33,A0A286ZV23,A0A287A2J9,D3K5N7,F1RHK6,A0A287A1S6,A0A287BHC9,F2Z558 G1SKM1,G1SZE4,G1SZR6,G1TAE2,G1SZT9,B7NZG8,G1SIC9,G1SDY5
10623 A0A287A2J9,K7GR70,A0A286ZQA1,A0A286ZV23,A0A287BHC9,F1RGG1,D3K5N7,F2Z558 G1SZR6,G1T143,G1SIC9,G1SZE4,G1SMY6,G1TN62,G1TAE2,G1SDY5
10623 A0A287A2J9,Q9TUB2,A0A286ZQA1,A0A286ZV23,A0A287BHC9,F1RGG1,D3K5N7,F2Z558 G1SZR6,G1T143,G1SIC9,G1SZE4,G1SMY6,G1TN62,G1TAE2,G1SDY5
10623 A0A287A2J9,Q9TUB2,A0A286ZQA1,A0A286ZV23,A0A287BHC9,A0A287BF06,D3K5N7,F2Z558 G1SZR6,G1T143,G1SIC9,G1SZE4,G1SMY6,G1TN62,G1TAE2,G1SDY5
9647 Q9TUB2,A0A286ZV23,A0A287A2J9,A0A287B4M4,A0A286ZQA1,D3K5N7,F1RGG1,F2Z558 G1TVU3,G1SZE4,G1SZR6,G1TIX5,G1SIC9,G1TAE2,G1TN62,G1SDY5
9647 Q9TUB2,A0A286ZV23,A0A287A2J9,A0A287B4M4,A0A286ZQA1,D3K5N7,A0A287BSE8,F2Z558 G1TVU3,G1SZE4,G1SZR6,G1TIX5,G1SIC9,G1TAE2,G1SDP7,G1SDY5
9647 Q9TUB2,A0A286ZV23,A0A287A2J9,A0A287B4M4,A0A286ZQA1,D3K5N7,A0A287BF06,F2Z558 G1TVU3,G1SZE4,G1SZR6,G1TIX5,G1SIC9,G1TAE2,G1TN62,G1SDY5
9268 Q9TUB2,A0A287A2J9,A0A286ZV23,A0A286ZQA1,A0A287B4M4,K7GRS5,D3K5N7,F2Z558 G1TVU3,G1SZR6,G1SZE4,G1SIC9,G1TIX5,G1TPJ7,G1TAE2,G1SDY5
11171 Q9TUB2,A0A287A2J9,A0A286ZQA1,F1RHK6,A0A287B4M4,A0A286ZS33,A0A287BHC9,A0A287AB66 G1TVU3,G1SZR6,G1SIC9,G1SZT9,G1TIX5,G1SKM1,G1SMY6,G1TRW0
11171 Q9TUB2,A0A287A2J9,A0A286ZQA1,F1RHK6,A0A287B4M4,A0A286ZS33,A0A287BHC9,A0A287AUP1 G1TVU3,G1SZR6,G1SIC9,G1SZT9,G1TIX5,G1SKM1,G1SMY6,G1TRW0
9332 A0A286ZV23,A0A286ZS33,A0A287A2J9,D3K5N7,K7GR70,P79307,A0A287BHC9,F2Z558 G1SZE4,G1SKM1,G1SZR6,G1TAE2,G1TVU3,G1SZM2,G1SMY6,G1SDY5
9332 A0A286ZV23,A0A286ZS33,A0A287A2J9,D3K5N7,K7GR70,P79307,A0A287BHC9,F2Z558 G1SZE4,G1SKM1,G1SZR6,G1TAE2,G1T143,G1SZM2,G1SMY6,G1SDY5
9332 A0A286ZV23,A0A286ZS33,A0A287A2J9,D3K5N7,K7GR70,P79307,A0A287BHC9,O02705 G1SZE4,G1SKM1,G1SZR6,G1TAE2,G1TVU3,G1SZM2,G1SMY6,G1SDY5
9332 A0A286ZV23,A0A286ZS33,A0A287A2J9,D3K5N7,K7GR70,P79307,A0A287BHC9,O02705 G1SZE4,G1SKM1,G1SZR6,G1TAE2,G1T143,G1SZM2,G1SMY6,G1SDY5
9332 A0A287A2J9,A0A286ZV23,I3LM88,A0A286ZS33,A0A287BHC9,D3K5N7,F2Z558,F1RHK6 G1SZR6,G1SZE4,G1SJW3,G1SKM1,G1SIC9,G1TAE2,G1SDY5,G1SZT9
4714 A0A286ZV23,A0A287B4M4,A5GFY4,Q9TUB2,I3L897,D3K5N7,F1RHK6,F2Z558 G1SZE4,G1TIX5,G1SZ83,G1TVU3,G1SXS3,G1TAE2,G1SZT9,G1SDY5
4714 A0A286ZV23,A0A287B4M4,F1RN84,Q9TUB2,I3L897,D3K5N7,F1RHK6,F2Z558 G1SZE4,G1TIX5,G1TA41,G1TVU3,G1SXS3,G1TAE2,G1SZT9,G1SDY5
4714 A0A286ZV23,A0A287B4M4,A0A286ZQL9,Q9TUB2,I3L897,D3K5N7,F1RHK6,F2Z558 G1SZE4,G1TIX5,G1T579,G1TVU3,G1SXS3,G1TAE2,G1SZT9,G1SDY5
4714 A0A286ZV23,A0A287B4M4,A0A286ZQL9,Q9TUB2,I3L897,D3K5N7,F1RHK6,F2Z558 G1SZE4,G1TIX5,G1SZ83,G1TVU3,G1SXS3,G1TAE2,G1SZT9,G1SDY5
4714 A0A286ZV23,A0A287B4M4,I3LPN4,Q9TUB2,I3L897,D3K5N7,F1RHK6,F2Z558 G1SZE4,G1TIX5,G1T579,G1TVU3,G1SXS3,G1TAE2,G1SZT9,G1SDY5
10515 Q9TUB2,A0A287B4M4,A0A286ZV23,F1RHK6,A0A286ZQA1,A0A286ZS33,D3K5N7,F1RX16 G1TVU3,G1TIX5,G1SZE4,G1SZT9,G1SIC9,G1SKM1,G1TAE2,G1T336
10515 Q9TUB2,A0A287B4M4,A0A286ZV23,F1RHK6,A0A286ZQA1,A0A286ZS33,D3K5N7,F1RIG2 G1TVU3,G1TIX5,G1SZE4,G1SZT9,G1SIC9,G1SKM1,G1TAE2,G1T617
10515 Q9TUB2,A0A287B4M4,A0A286ZV23,F1RHK6,A0A286ZQA1,A0A286ZS33,D3K5N7,F1RJ01 G1TVU3,G1TIX5,G1SZE4,G1SZT9,G1SIC9,G1SKM1,G1TAE2,G1T617
10517 Q9TUB2,A0A287B4M4,A0A286ZV23,F1RHK6,A0A286ZQA1,A0A286ZS33,D3K5N7,F1SMV6 G1TVU3,G1TIX5,G1SZE4,G1SZT9,G1SIC9,G1SKM1,G1TAE2,G1TVT0
10517 Q9TUB2,A0A287B4M4,A0A286ZV23,F1RHK6,A0A286ZQA1,A0A286ZS33,D3K5N7,F1RSE6 G1TVU3,G1TIX5,G1SZE4,G1SZT9,G1SIC9,G1SKM1,G1TAE2,G1TVT0
10517 Q9TUB2,A0A287B4M4,A0A286ZV23,F1RHK6,A0A286ZQA1,A0A286ZS33,D3K5N7,F1RSE6 G1TVU3,G1TIX5,G1SZE4,G1SZT9,G1SIC9,G1SKM1,G1TAE2,G1SFY9
10517 Q9TUB2,A0A287B4M4,A0A286ZV23,F1RHK6,A0A286ZQA1,A0A286ZS33,D3K5N7,F1RSE6 G1TVU3,G1TIX5,G1SZE4,G1SZT9,G1SIC9,G1SKM1,G1TAE2,G1T0H3
10332 A0A287A2J9,I3LM88,Q9TUB2,A0A287BHC9,A0A286ZS33,F2Z558,F1RHK6,D3K5N7 G1SZR6,G1SJW3,G1T143,G1SMY6,G1SKM1,G1SDY5,G1SZT9,G1TAE2
10332 A0A287A2J9,I3LM88,Q9TUB2,A0A287BHC9,A0A286ZS33,F2Z558,F1RHK6,D3K5N7 G1SZR6,G1TBS9,G1T143,G1SMY6,G1SKM1,G1SDY5,G1SZT9,G1TAE2
7945 A0A287B4M4,F1S9X6,A0A286ZV23,F1RHK6,Q9TUB2,F2Z5I5,D3K5N7,F2Z558 G1TIX5,G1SQR5,G1SZE4,G1SZT9,G1TVU3,G1U419,G1TAE2,G1SDY5
9421 Q9TUB2,A0A286ZV23,A0A287B4M4,A0A287A096,F1RHK6,A0A286ZS33,D3K5N7,F2Z558 G1TIX5,G1SZE4,G1TVU3,G1SCY4,G1SZT9,G1SKM1,G1TAE2,G1SDY5
9421 Q9TUB2,A0A286ZV23,A0A287B4M4,A0A287A096,F1RHK6,A0A286ZS33,D3K5N7,F2Z558 G1TIX5,G1SZE4,G1TVU3,G1T1X4,G1SZT9,G1SKM1,G1TAE2,G1SDY5
9421 Q9TUB2,A0A286ZV23,A0A287B4M4,A0A287A096,F1RHK6,A0A286ZS33,D3K5N7,F2Z558 G1TIX5,G1SZE4,G1TVU3,G1SWA1,G1SZT9,G1SKM1,G1TAE2,G1SDY5
9421 Q9TUB2,A0A286ZV23,A0A287B4M4,A0A287B401,F1RHK6,A0A286ZS33,D3K5N7,F2Z558 G1TIX5,G1SZE4,G1TVU3,G1SLM0,G1SZT9,G1SKM1,G1TAE2,G1SDY5
9421 Q9TUB2,A0A286ZV23,A0A287B4M4,A0A287B401,F1RHK6,A0A286ZS33,D3K5N7,F2Z558 G1TIX5,G1SZE4,G1TVU3,G1T1X4,G1SZT9,G1SKM1,G1TAE2,G1SDY5
9421 Q9TUB2,A0A286ZV23,A0A287B4M4,F1SFQ4,F1RHK6,A0A286ZS33,D3K5N7,F2Z558 G1TIX5,G1SZE4,G1TVU3,G1SCY4,G1SZT9,G1SKM1,G1TAE2,G1SDY5
9421 Q9TUB2,A0A286ZV23,A0A287B4M4,F1SFQ4,F1RHK6,A0A286ZS33,D3K5N7,F2Z558 G1TIX5,G1SZE4,G1TVU3,G1T1X4,G1SZT9,G1SKM1,G1TAE2,G1SDY5
9421 Q9TUB2,A0A286ZV23,A0A287B4M4,F1SFQ4,F1RHK6,A0A286ZS33,D3K5N7,F2Z558 G1TIX5,G1SZE4,G1TVU3,G1SWA1,G1SZT9,G1SKM1,G1TAE2,G1SDY5
9421 A0A287B4M4,A0A286ZV23,Q9TUB2,A0A286ZMP7,F1RHK6,A0A286ZS33,D3K5N7,F2Z558 G1TIX5,G1SZE4,G1TVU3,G1SCY4,G1SZT9,G1SKM1,G1TAE2,G1SDY5
9421 A0A287B4M4,A0A286ZV23,Q9TUB2,A0A286ZMP7,F1RHK6,A0A286ZS33,D3K5N7,F2Z558 G1TIX5,G1SZE4,G1TVU3,G1T1X4,G1SZT9,G1SKM1,G1TAE2,G1SDY5
9421 Q9TUB2,A0A286ZV23,A0A287B4M4,P61292,F1RHK6,A0A286ZS33,D3K5N7,F2Z558 G1TIX5,G1SZE4,G1TVU3,G1SLM0,G1SZT9,G1SKM1,G1TAE2,G1SDY5
9421 Q9TUB2,A0A286ZV23,A0A287B4M4,I3LRY4,F1RHK6,A0A286ZS33,D3K5N7,F2Z558 G1TIX5,G1SZE4,G1TVU3,G1SLM0,G1SZT9,G1SKM1,G1TAE2,G1SDY5
9421 Q9TUB2,A0A286ZV23,A0A287B4M4,I3LRY4,F1RHK6,A0A286ZS33,D3K5N7,F2Z558 G1TIX5,G1SZE4,G1TVU3,G1T1X4,G1SZT9,G1SKM1,G1TAE2,G1SDY5
9421 Q9TUB2,A0A286ZV23,A0A287B4M4,I3LRY4,F1RHK6,A0A286ZS33,D3K5N7,F2Z558 G1TIX5,G1SZE4,G1TVU3,G1SWA1,G1SZT9,G1SKM1,G1TAE2,G1SDY5
9421 Q9TUB2,A0A286ZV23,A0A287B4M4,I3LP37,F1RHK6,A0A286ZS33,D3K5N7,F2Z558 G1TIX5,G1SZE4,G1TVU3,G1SCY4,G1SZT9,G1SKM1,G1TAE2,G1SDY5
9421 Q9TUB2,A0A286ZV23,A0A287B4M4,I3LP37,F1RHK6,A0A286ZS33,D3K5N7,F2Z558 G1TIX5,G1SZE4,G1TVU3,G1T1X4,G1SZT9,G1SKM1,G1TAE2,G1SDY5
9421 Q9TUB2,A0A286ZV23,A0A287B4M4,I3LP37,F1RHK6,A0A286ZS33,D3K5N7,F2Z558 G1TIX5,G1SZE4,G1TVU3,G1SWA1,G1SZT9,G1SKM1,G1TAE2,G1SDY5
9421 Q9TUB2,A0A286ZV23,A0A287B4M4,A0A287AEI6,F1RHK6,A0A286ZS33,D3K5N7,F2Z558 G1TIX5,G1SZE4,G1TVU3,G1SCY4,G1SZT9,G1SKM1,G1TAE2,G1SDY5
9421 Q9TUB2,A0A286ZV23,A0A287B4M4,A0A287AEI6,F1RHK6,A0A286ZS33,D3K5N7,F2Z558 G1TIX5,G1SZE4,G1TVU3,G1T2C3,G1SZT9,G1SKM1,G1TAE2,G1SDY5
9421 Q9TUB2,A0A286ZV23,A0A287B4M4,A0A287AEI6,F1RHK6,A0A286ZS33,D3K5N7,F2Z558 G1TIX5,G1SZE4,G1TVU3,G1SWA1,G1SZT9,G1SKM1,G1TAE2,G1SDY5
9421 Q9TUB2,A0A286ZV23,A0A287B4M4,A0A287BLB3,F1RHK6,A0A286ZS33,D3K5N7,F2Z558 G1TIX5,G1SZE4,G1TVU3,G1SCY4,G1SZT9,G1SKM1,G1TAE2,G1SDY5
9421 Q9TUB2,A0A286ZV23,A0A287B4M4,A0A287BLB3,F1RHK6,A0A286ZS33,D3K5N7,F2Z558 G1TIX5,G1SZE4,G1TVU3,G1T1X4,G1SZT9,G1SKM1,G1TAE2,G1SDY5
9421 Q9TUB2,A0A286ZV23,A0A287B4M4,A0A287BLB3,F1RHK6,A0A286ZS33,D3K5N7,F2Z558 G1TIX5,G1SZE4,G1TVU3,G1SWA1,G1SZT9,G1SKM1,G1TAE2,G1SDY5
10486 Q9TUB2,A0A287B4M4,A0A286ZV23,F1RHK6,F1RP44,A0A286ZS33,D3K5N7,F2Z558 G1TIX5,G1TVU3,G1SZE4,G1SZT9,G1SH00,G1SKM1,G1TAE2,G1SDY5
10486 Q9TUB2,A0A287B4M4,A0A286ZV23,F1RHK6,F1RP44,A0A286ZS33,D3K5N7,F2Z558 G1TIX5,G1TVU3,G1SZE4,G1SZT9,U3KN03,G1SKM1,G1TAE2,G1SDY5
10486 Q9TUB2,A0A287B4M4,A0A286ZV23,F1RHK6,F1RP44,A0A286ZS33,D3K5N7,F2Z558 G1TIX5,G1TVU3,G1SZE4,G1SZT9,G1TPN2,G1SKM1,G1TAE2,G1SDY5
10486 Q9TUB2,A0A287B4M4,A0A286ZV23,F1RHK6,F1RP44,A0A286ZS33,D3K5N7,F2Z558 G1TIX5,G1TVU3,G1SZE4,G1SZT9,G1SKW5,G1SKM1,G1TAE2,G1SDY5
10486 Q9TUB2,A0A287B4M4,A0A286ZV23,F1RHK6,F1RP44,A0A286ZS33,D3K5N7,F2Z558 G1TIX5,G1TVU3,G1SZE4,G1SZT9,G1T6B3,G1SKM1,G1TAE2,G1SDY5
10486 Q9TUB2,A0A287B4M4,A0A286ZV23,F1RHK6,F1RJX8,A0A286ZS33,D3K5N7,F2Z558 G1TIX5,G1TVU3,G1SZE4,G1SZT9,G1SH00,G1SKM1,G1TAE2,G1SDY5
10486 Q9TUB2,A0A287B4M4,A0A286ZV23,F1RHK6,F1RJX8,A0A286ZS33,D3K5N7,F2Z558 G1TIX5,G1TVU3,G1SZE4,G1SZT9,U3KN03,G1SKM1,G1TAE2,G1SDY5
10486 Q9TUB2,A0A287B4M4,A0A286ZV23,F1RHK6,F1RJX8,A0A286ZS33,D3K5N7,F2Z558 G1TIX5,G1TVU3,G1SZE4,G1SZT9,G1SKW5,G1SKM1,G1TAE2,G1SDY5
10486 Q9TUB2,A0A287B4M4,A0A286ZV23,F1RHK6,F1RJX8,A0A286ZS33,D3K5N7,F2Z558 G1TIX5,G1TVU3,G1SZE4,G1SZT9,G1T6B3,G1SKM1,G1TAE2,G1SDY5
10486 Q9TUB2,A0A287B4M4,A0A286ZV23,F1RHK6,F1S0D9,A0A286ZS33,D3K5N7,F2Z558 G1TIX5,G1TVU3,G1SZE4,G1SZT9,G1SH00,G1SKM1,G1TAE2,G1SDY5
10486 Q9TUB2,A0A287B4M4,A0A286ZV23,F1RHK6,F1S0D9,A0A286ZS33,D3K5N7,F2Z558 G1TIX5,G1TVU3,G1SZE4,G1SZT9,B7NZD2,G1SKM1,G1TAE2,G1SDY5
10486 Q9TUB2,A0A287B4M4,A0A286ZV23,F1RHK6,F1S0D9,A0A286ZS33,D3K5N7,F2Z558 G1TIX5,G1TVU3,G1SZE4,G1SZT9,U3KN03,G1SKM1,G1TAE2,G1SDY5
10486 Q9TUB2,A0A287B4M4,A0A286ZV23,F1RHK6,F1S0D9,A0A286ZS33,D3K5N7,F2Z558 G1TIX5,G1TVU3,G1SZE4,G1SZT9,G1TPN2,G1SKM1,G1TAE2,G1SDY5
10486 Q9TUB2,A0A287B4M4,A0A286ZV23,F1RHK6,F1S0D9,A0A286ZS33,D3K5N7,F2Z558 G1TIX5,G1TVU3,G1SZE4,G1SZT9,G1SKW5,G1SKM1,G1TAE2,G1SDY5
10486 Q9TUB2,A0A287B4M4,A0A286ZV23,F1RHK6,F1S0D9,A0A286ZS33,D3K5N7,F2Z558 G1TIX5,G1TVU3,G1SZE4,G1SZT9,G1T6B3,G1SKM1,G1TAE2,G1SDY5
10486 A0A287B4M4,Q9TUB2,A0A286ZV23,F1RHK6,A0A288CG47,A0A286ZS33,D3K5N7,F2Z558 G1TIX5,G1TVU3,G1SZE4,G1SZT9,G1SH00,G1SKM1,G1TAE2,G1SDY5
10486 A0A287B4M4,Q9TUB2,A0A286ZV23,F1RHK6,A0A288CG47,A0A286ZS33,D3K5N7,F2Z558 G1TIX5,G1TVU3,G1SZE4,G1SZT9,G1SKZ3,G1SKM1,G1TAE2,G1SDY5
10486 A0A287B4M4,Q9TUB2,A0A286ZV23,F1RHK6,A0A288CG47,A0A286ZS33,D3K5N7,F2Z558 G1TIX5,G1TVU3,G1SZE4,G1SZT9,B7NZD2,G1SKM1,G1TAE2,G1SDY5
10486 A0A287B4M4,Q9TUB2,A0A286ZV23,F1RHK6,A0A288CG47,A0A286ZS33,D3K5N7,F2Z558 G1TIX5,G1TVU3,G1SZE4,G1SZT9,G1TPN2,G1SKM1,G1TAE2,G1SDY5
10486 Q9TUB2,A0A287B4M4,A0A286ZV23,F1RHK6,I3LR86,A0A286ZS33,D3K5N7,F2Z558 G1TIX5,G1TVU3,G1SZE4,G1SZT9,G1SH00,G1SKM1,G1TAE2,G1SDY5
10486 Q9TUB2,A0A287B4M4,A0A286ZV23,F1RHK6,I3LR86,A0A286ZS33,D3K5N7,F2Z558 G1TIX5,G1TVU3,G1SZE4,G1SZT9,G1SKZ3,G1SKM1,G1TAE2,G1SDY5
10486 Q9TUB2,A0A287B4M4,A0A286ZV23,F1RHK6,I3LR86,A0A286ZS33,D3K5N7,F2Z558 G1TIX5,G1TVU3,G1SZE4,G1SZT9,B7NZD2,G1SKM1,G1TAE2,G1SDY5
10486 Q9TUB2,A0A287B4M4,A0A286ZV23,F1RHK6,I3LR86,A0A286ZS33,D3K5N7,F2Z558 G1TIX5,G1TVU3,G1SZE4,G1SZT9,U3KN03,G1SKM1,G1TAE2,G1SDY5
10486 Q9TUB2,A0A287B4M4,A0A286ZV23,F1RHK6,I3LR86,A0A286ZS33,D3K5N7,F2Z558 G1TIX5,G1TVU3,G1SZE4,G1SZT9,G1TPN2,G1SKM1,G1TAE2,G1SDY5
10486 Q9TUB2,A0A287B4M4,A0A286ZV23,F1RHK6,A0A287B5K5,A0A286ZS33,D3K5N7,F2Z558 G1TIX5,G1TVU3,G1SZE4,G1SZT9,G1T9H0,G1SKM1,G1TAE2,G1SDY5
10486 Q9TUB2,A0A287B4M4,A0A286ZV23,F1RHK6,A0A287B5K5,A0A286ZS33,D3K5N7,F2Z558 G1TIX5,G1TVU3,G1SZE4,G1SZT9,G1SQG5,G1SKM1,G1TAE2,G1SDY5
10486 Q9TUB2,A0A287B4M4,A0A286ZV23,F1RHK6,A0A287B5K5,A0A286ZS33,D3K5N7,F2Z558 G1TIX5,G1TVU3,G1SZE4,G1SZT9,G1T6B3,G1SKM1,G1TAE2,G1SDY5
10486 Q9TUB2,A0A287B4M4,A0A286ZV23,F1RHK6,F1SAU5,A0A286ZS33,D3K5N7,F2Z558 G1TIX5,G1TVU3,G1SZE4,G1SZT9,G1SH00,G1SKM1,G1TAE2,G1SDY5
10486 Q9TUB2,A0A287B4M4,A0A286ZV23,F1RHK6,F1SAU5,A0A286ZS33,D3K5N7,F2Z558 G1TIX5,G1TVU3,G1SZE4,G1SZT9,U3KN03,G1SKM1,G1TAE2,G1SDY5
10486 Q9TUB2,A0A287B4M4,A0A286ZV23,F1RHK6,F1SAU5,A0A286ZS33,D3K5N7,F2Z558 G1TIX5,G1TVU3,G1SZE4,G1SZT9,G1TPN2,G1SKM1,G1TAE2,G1SDY5
10486 Q9TUB2,A0A287B4M4,A0A286ZV23,F1RHK6,F1SAU5,A0A286ZS33,D3K5N7,F2Z558 G1TIX5,G1TVU3,G1SZE4,G1SZT9,G1SKW5,G1SKM1,G1TAE2,G1SDY5
10486 Q9TUB2,A0A287B4M4,A0A286ZV23,F1RHK6,F1SAU5,A0A286ZS33,D3K5N7,F2Z558 G1TIX5,G1TVU3,G1SZE4,G1SZT9,G1T6B3,G1SKM1,G1TAE2,G1SDY5
10486 Q9TUB2,A0A287B4M4,A0A286ZV23,F1RHK6,A0A287A6L4,A0A286ZS33,D3K5N7,F2Z558 G1TIX5,G1TVU3,G1SZE4,G1SZT9,G1SH00,G1SKM1,G1TAE2,G1SDY5
10486 Q9TUB2,A0A287B4M4,A0A286ZV23,F1RHK6,A0A287A6L4,A0A286ZS33,D3K5N7,F2Z558 G1TIX5,G1TVU3,G1SZE4,G1SZT9,U3KN03,G1SKM1,G1TAE2,G1SDY5
10486 Q9TUB2,A0A287B4M4,A0A286ZV23,F1RHK6,A0A287A6L4,A0A286ZS33,D3K5N7,F2Z558 G1TIX5,G1TVU3,G1SZE4,G1SZT9,G1TPN2,G1SKM1,G1TAE2,G1SDY5
10486 Q9TUB2,A0A287B4M4,A0A286ZV23,F1RHK6,A0A287A6L4,A0A286ZS33,D3K5N7,F2Z558 G1TIX5,G1TVU3,G1SZE4,G1SZT9,G1SKW5,G1SKM1,G1TAE2,G1SDY5
10486 Q9TUB2,A0A287B4M4,A0A286ZV23,F1RHK6,A0A287A6L4,A0A286ZS33,D3K5N7,F2Z558 G1TIX5,G1TVU3,G1SZE4,G1SZT9,G1T6B3,G1SKM1,G1TAE2,G1SDY5
10486 A0A287B4M4,Q9TUB2,A0A286ZV23,F1RHK6,A0A287BNK4,A0A286ZS33,D3K5N7,F2Z558 G1TIX5,G1TVU3,G1SZE4,G1SZT9,G1SH00,G1SKM1,G1TAE2,G1SDY5
10486 A0A287B4M4,Q9TUB2,A0A286ZV23,F1RHK6,A0A287BNK4,A0A286ZS33,D3K5N7,F2Z558 G1TIX5,G1TVU3,G1SZE4,G1SZT9,G1SKZ3,G1SKM1,G1TAE2,G1SDY5
10486 A0A287B4M4,Q9TUB2,A0A286ZV23,F1RHK6,A0A287BNK4,A0A286ZS33,D3K5N7,F2Z558 G1TIX5,G1TVU3,G1SZE4,G1SZT9,B7NZD2,G1SKM1,G1TAE2,G1SDY5
10486 A0A287B4M4,Q9TUB2,A0A286ZV23,F1RHK6,A0A287BNK4,A0A286ZS33,D3K5N7,F2Z558 G1TIX5,G1TVU3,G1SZE4,G1SZT9,U3KN03,G1SKM1,G1TAE2,G1SDY5
10486 A0A287B4M4,Q9TUB2,A0A286ZV23,F1RHK6,A0A287BNK4,A0A286ZS33,D3K5N7,F2Z558 G1TIX5,G1TVU3,G1SZE4,G1SZT9,G1TPN2,G1SKM1,G1TAE2,G1SDY5
10486 Q9TUB2,A0A287B4M4,A0A286ZV23,F1RHK6,A0A287A4H3,A0A286ZS33,D3K5N7,F2Z558 G1TIX5,G1TVU3,G1SZE4,G1SZT9,G1SKW5,G1SKM1,G1TAE2,G1SDY5
10486 Q9TUB2,A0A287B4M4,A0A286ZV23,F1RHK6,A0A287A4H3,A0A286ZS33,D3K5N7,F2Z558 G1TIX5,G1TVU3,G1SZE4,G1SZT9,G1T6B3,G1SKM1,G1TAE2,G1SDY5
10486 A0A287B4M4,Q9TUB2,A0A286ZV23,F1RHK6,F1SID1,A0A286ZS33,D3K5N7,F2Z558 G1TIX5,G1TVU3,G1SZE4,G1SZT9,G1SH00,G1SKM1,G1TAE2,G1SDY5
10486 A0A287B4M4,Q9TUB2,A0A286ZV23,F1RHK6,F1SID1,A0A286ZS33,D3K5N7,F2Z558 G1TIX5,G1TVU3,G1SZE4,G1SZT9,G1SKZ3,G1SKM1,G1TAE2,G1SDY5
10486 A0A287B4M4,Q9TUB2,A0A286ZV23,F1RHK6,F1SID1,A0A286ZS33,D3K5N7,F2Z558 G1TIX5,G1TVU3,G1SZE4,G1SZT9,B7NZD2,G1SKM1,G1TAE2,G1SDY5
10486 A0A287B4M4,Q9TUB2,A0A286ZV23,F1RHK6,F1SID1,A0A286ZS33,D3K5N7,F2Z558 G1TIX5,G1TVU3,G1SZE4,G1SZT9,U3KN03,G1SKM1,G1TAE2,G1SDY5
10486 A0A287B4M4,Q9TUB2,A0A286ZV23,F1RHK6,F1SID1,A0A286ZS33,D3K5N7,F2Z558 G1TIX5,G1TVU3,G1SZE4,G1SZT9,G1TPN2,G1SKM1,G1TAE2,G1SDY5
10486 Q9TUB2,A0A287B4M4,A0A286ZV23,F1RHK6,F1RQZ0,A0A286ZS33,D3K5N7,F2Z558 G1TIX5,G1TVU3,G1SZE4,G1SZT9,G1SQG5,G1SKM1,G1TAE2,G1SDY5
10486 Q9TUB2,A0A287B4M4,A0A286ZV23,F1RHK6,M3TYJ4,A0A286ZS33,D3K5N7,F2Z558 G1TIX5,G1TVU3,G1SZE4,G1SZT9,G1SH00,G1SKM1,G1TAE2,G1SDY5
10486 Q9TUB2,A0A287B4M4,A0A286ZV23,F1RHK6,M3TYJ4,A0A286ZS33,D3K5N7,F2Z558 G1TIX5,G1TVU3,G1SZE4,G1SZT9,B7NZD2,G1SKM1,G1TAE2,G1SDY5
10486 Q9TUB2,A0A287B4M4,A0A286ZV23,F1RHK6,M3TYJ4,A0A286ZS33,D3K5N7,F2Z558 G1TIX5,G1TVU3,G1SZE4,G1SZT9,U3KN03,G1SKM1,G1TAE2,G1SDY5
10486 Q9TUB2,A0A287B4M4,A0A286ZV23,F1RHK6,M3TYJ4,A0A286ZS33,D3K5N7,F2Z558 G1TIX5,G1TVU3,G1SZE4,G1SZT9,G1TPN2,G1SKM1,G1TAE2,G1SDY5
10486 Q9TUB2,A0A287B4M4,A0A286ZV23,F1RHK6,M3TYJ4,A0A286ZS33,D3K5N7,F2Z558 G1TIX5,G1TVU3,G1SZE4,G1SZT9,G1SKW5,G1SKM1,G1TAE2,G1SDY5
10486 Q9TUB2,A0A287B4M4,A0A286ZV23,F1RHK6,F2Z5G2,A0A286ZS33,D3K5N7,F2Z558 G1TIX5,G1TVU3,G1SZE4,G1SZT9,G1SH00,G1SKM1,G1TAE2,G1SDY5
10486 Q9TUB2,A0A287B4M4,A0A286ZV23,F1RHK6,F2Z5G2,A0A286ZS33,D3K5N7,F2Z558 G1TIX5,G1TVU3,G1SZE4,G1SZT9,G1SKZ3,G1SKM1,G1TAE2,G1SDY5
10486 Q9TUB2,A0A287B4M4,A0A286ZV23,F1RHK6,F2Z5G2,A0A286ZS33,D3K5N7,F2Z558 G1TIX5,G1TVU3,G1SZE4,G1SZT9,B7NZD2,G1SKM1,G1TAE2,G1SDY5
10486 Q9TUB2,A0A287B4M4,A0A286ZV23,F1RHK6,F2Z5G2,A0A286ZS33,D3K5N7,F2Z558 G1TIX5,G1TVU3,G1SZE4,G1SZT9,U3KN03,G1SKM1,G1TAE2,G1SDY5
10486 Q9TUB2,A0A287B4M4,A0A286ZV23,F1RHK6,F2Z5G2,A0A286ZS33,D3K5N7,F2Z558 G1TIX5,G1TVU3,G1SZE4,G1SZT9,G1TPN2,G1SKM1,G1TAE2,G1SDY5
10486 Q9TUB2,A0A287B4M4,A0A286ZV23,F1RHK6,F2Z5G2,A0A286ZS33,D3K5N7,F2Z558 G1TIX5,G1TVU3,G1SZE4,G1SZT9,G1SKW5,G1SKM1,G1TAE2,G1SDY5
10486 Q9TUB2,A0A287B4M4,A0A286ZV23,F1RHK6,A0A286ZVJ4,A0A286ZS33,D3K5N7,F2Z558 G1TIX5,G1TVU3,G1SZE4,G1SZT9,G1SH00,G1SKM1,G1TAE2,G1SDY5
10486 Q9TUB2,A0A287B4M4,A0A286ZV23,F1RHK6,A0A286ZVJ4,A0A286ZS33,D3K5N7,F2Z558 G1TIX5,G1TVU3,G1SZE4,G1SZT9,U3KN03,G1SKM1,G1TAE2,G1SDY5
10486 Q9TUB2,A0A287B4M4,A0A286ZV23,F1RHK6,A0A286ZVJ4,A0A286ZS33,D3K5N7,F2Z558 G1TIX5,G1TVU3,G1SZE4,G1SZT9,G1SKW5,G1SKM1,G1TAE2,G1SDY5
10486 Q9TUB2,A0A287B4M4,A0A286ZV23,F1RHK6,A0A286ZVJ4,A0A286ZS33,D3K5N7,F2Z558 G1TIX5,G1TVU3,G1SZE4,G1SZT9,G1T6B3,G1SKM1,G1TAE2,G1SDY5
10175 A0A287B4M4,Q9TUB2,A0A286ZV23,F1RHK6,A0A286ZTN5,A0A286ZQA1,A0A286ZS33,D3K5N7 G1TIX5,G1TVU3,G1SZE4,G1SZT9,G1T481,G1SIC9,G1SKM1,G1TAE2
10175 A0A287B4M4,Q9TUB2,A0A286ZV23,F1RHK6,A0A287ASJ4,A0A286ZQA1,A0A286ZS33,D3K5N7 G1TIX5,G1TVU3,G1SZE4,G1SZT9,P67828,G1SIC9,G1SKM1,G1TAE2
10175 A0A287B4M4,Q9TUB2,A0A286ZV23,F1RHK6,F1S827,A0A286ZQA1,A0A286ZS33,D3K5N7 G1TIX5,G1TVU3,G1SZE4,G1SZT9,G1SW77,G1SIC9,G1SKM1,G1TAE2
10175 A0A287B4M4,Q9TUB2,A0A286ZV23,F1RHK6,A0A287AX48,A0A286ZQA1,A0A286ZS33,D3K5N7 G1TIX5,G1TVU3,G1SZE4,G1SZT9,P67828,G1SIC9,G1SKM1,G1TAE2
10175 A0A287B4M4,Q9TUB2,A0A286ZV23,F1RHK6,B5LX40,A0A286ZQA1,A0A286ZS33,D3K5N7 G1TIX5,G1TVU3,G1SZE4,G1SZT9,G1STG2,G1SIC9,G1SKM1,G1TAE2
10175 A0A287B4M4,Q9TUB2,A0A286ZV23,F1RHK6,B5LX40,A0A286ZQA1,A0A286ZS33,D3K5N7 G1TIX5,G1TVU3,G1SZE4,G1SZT9,G1TTN9,G1SIC9,G1SKM1,G1TAE2
8698 Q9TUB2,A0A286ZV23,A0A287A2J9,A0A287B4M4,A0A286ZQA1,F1RHK6,D3K5N7,F1RIG2 G1TVU3,G1SZE4,G1SZR6,G1TIX5,G1SIC9,G1SZT9,G1TAE2,G1T617
8698 Q9TUB2,A0A286ZV23,A0A287A2J9,A0A287B4M4,A0A286ZQA1,F1RHK6,D3K5N7,F1RJ01 G1TVU3,G1SZE4,G1SZR6,G1TIX5,G1SIC9,G1SZT9,G1TAE2,G1T617
9278 Q9TUB2,A0A287A2J9,A0A286ZV23,A0A286ZQA1,A0A287B4M4,A0A287BDW6,D3K5N7,F2Z558 G1TVU3,G1SZR6,G1SZE4,G1SIC9,G1TIX5,G1T1R4,G1TAE2,G1SDY5
9278 Q9TUB2,A0A287A2J9,A0A286ZV23,A0A286ZQA1,A0A287B4M4,K7GM14,D3K5N7,F2Z558 G1TVU3,G1SZR6,G1SZE4,G1SIC9,G1TIX5,G1TJ26,G1TAE2,G1SDY5
9278 Q9TUB2,A0A287A2J9,A0A286ZV23,A0A286ZQA1,A0A287B4M4,K7GL45,D3K5N7,F2Z558 G1TVU3,G1SZR6,G1SZE4,G1SIC9,G1TIX5,G1T1R4,G1TAE2,G1SDY5
11183 Q9TUB2,A0A287BA12,F1RHK6,A0A287A2J9,A0A286ZV23,A0A287BHC9,F2Z558,D3K5N7 G1T143,G1SSG2,G1SZT9,G1SZR6,G1SZE4,G1SMY6,G1SDY5,G1TAE2
11183 Q9TUB2,A0A287A2J9,A0A286ZQA1,F1RHK6,A0A287B4M4,A0A286ZS33,A0A287BHC9,F1SA98 G1TVU3,G1SZR6,G1SIC9,G1SZT9,G1TIX5,G1SKM1,G1SMY6,G1SZD6
11183 Q9TUB2,I3LDS3,F1RHK6,A0A287A2J9,A0A286ZV23,A0A287BHC9,F2Z558,D3K5N7 G1T143,G1T1V0,G1SZT9,G1SZR6,G1SZE4,G1SMY6,G1SDY5,G1TAE2
11183 Q9TUB2,F1RJU1,F1RHK6,A0A287A2J9,A0A286ZV23,A0A287BHC9,F2Z558,D3K5N7 G1T143,G1T6Q2,G1SZT9,G1SZR6,G1SZE4,G1SMY6,G1SDY5,G1TAE2
3192 Q9TUB2,A0A286ZV23,A0A287B4M4,I3LQ19,F1S415,A0A286ZQA1,D3K5N7,F2Z558 G1TVU3,G1SZE4,G1TIX5,U3KMH3,G1T1S7,G1SIC9,G1TAE2,G1SDY5
3192 Q9TUB2,A0A286ZV23,A0A287B4M4,A0A287AKV5,F1S415,A0A286ZQA1,D3K5N7,F2Z558 G1TVU3,G1SZE4,G1TIX5,G1TZJ5,G1T1S7,G1SIC9,G1TAE2,G1SDY5
10292 A0A287B4M4,Q9TUB2,A0A286ZV23,F1RHK6,A0A287BNK4,A0A286ZQA1,A0A286ZS33,D3K5N7 G1TIX5,G1TVU3,G1SZE4,G1SZT9,G1SH00,G1SIC9,G1SKM1,G1TAE2
10292 A0A287B4M4,Q9TUB2,A0A286ZV23,F1RHK6,A0A287BNK4,A0A286ZQA1,A0A286ZS33,D3K5N7 G1TIX5,G1TVU3,G1SZE4,G1SZT9,G1SKZ3,G1SIC9,G1SKM1,G1TAE2
10292 A0A287B4M4,Q9TUB2,A0A286ZV23,F1RHK6,A0A287BNK4,A0A286ZQA1,A0A286ZS33,D3K5N7 G1TIX5,G1TVU3,G1SZE4,G1SZT9,U3KN03,G1SIC9,G1SKM1,G1TAE2
10292 A0A287B4M4,Q9TUB2,A0A286ZV23,F1RHK6,A0A287BNK4,A0A286ZQA1,A0A286ZS33,D3K5N7 G1TIX5,G1TVU3,G1SZE4,G1SZT9,G1TPN2,G1SIC9,G1SKM1,G1TAE2
10292 A0A287B4M4,Q9TUB2,A0A286ZV23,F1RHK6,A0A287BNK4,A0A286ZQA1,A0A286ZS33,D3K5N7 G1TIX5,G1TVU3,G1SZE4,G1SZT9,G1SPJ5,G1SIC9,G1SKM1,G1TAE2
10292 A0A287B4M4,Q9TUB2,A0A286ZV23,F1RHK6,Q8HZV3,A0A286ZQA1,A0A286ZS33,D3K5N7 G1TIX5,G1TVU3,G1SZE4,G1SZT9,G1U6X2,G1SIC9,G1SKM1,G1TAE2
10292 A0A287B4M4,Q9TUB2,A0A286ZV23,F1RHK6,Q8HZV3,A0A286ZQA1,A0A286ZS33,D3K5N7 G1TIX5,G1TVU3,G1SZE4,G1SZT9,G1T6B3,G1SIC9,G1SKM1,G1TAE2
10292 A0A287B4M4,Q9TUB2,A0A286ZV23,F1RHK6,Q8HZV3,A0A286ZQA1,A0A286ZS33,D3K5N7 G1TIX5,G1TVU3,G1SZE4,G1SZT9,G1TCW1,G1SIC9,G1SKM1,G1TAE2
10292 A0A287B4M4,Q9TUB2,A0A286ZV23,F1RHK6,F1SID1,A0A286ZQA1,A0A286ZS33,D3K5N7 G1TIX5,G1TVU3,G1SZE4,G1SZT9,G1SH00,G1SIC9,G1SKM1,G1TAE2
10292 A0A287B4M4,Q9TUB2,A0A286ZV23,F1RHK6,F1SID1,A0A286ZQA1,A0A286ZS33,D3K5N7 G1TIX5,G1TVU3,G1SZE4,G1SZT9,G1SKZ3,G1SIC9,G1SKM1,G1TAE2
10292 A0A287B4M4,Q9TUB2,A0A286ZV23,F1RHK6,F1SID1,A0A286ZQA1,A0A286ZS33,D3K5N7 G1TIX5,G1TVU3,G1SZE4,G1SZT9,U3KN03,G1SIC9,G1SKM1,G1TAE2
10292 A0A287B4M4,Q9TUB2,A0A286ZV23,F1RHK6,F1SID1,A0A286ZQA1,A0A286ZS33,D3K5N7 G1TIX5,G1TVU3,G1SZE4,G1SZT9,G1TPN2,G1SIC9,G1SKM1,G1TAE2
9427 Q9TUB2,A0A286ZV23,A0A287A2J9,A0A287B4M4,A0A286ZQA1,A0A287BNE4,D3K5N7,F2Z558 G1TVU3,G1SZE4,G1SZR6,G1TIX5,G1SIC9,G1TC10,G1TAE2,G1SDY5
9427 Q9TUB2,A0A286ZV23,A0A287A2J9,A0A287B4M4,A0A286ZQA1,A0A287BNE4,D3K5N7,F2Z558 G1TVU3,G1SZE4,G1SZR6,G1TIX5,G1SIC9,G1TQX1,G1TAE2,G1SDY5
9427 Q9TUB2,A0A286ZV23,A0A287A2J9,A0A287B4M4,A0A286ZQA1,A0A287BNE4,D3K5N7,F2Z558 G1TVU3,G1SZE4,G1SZR6,G1TIX5,G1SIC9,G1SDU5,G1TAE2,G1SDY5
9427 Q9TUB2,A0A286ZV23,A0A287A2J9,A0A287B4M4,A0A286ZQA1,I3LU37,D3K5N7,F2Z558 G1TVU3,G1SZE4,G1SZR6,G1TIX5,G1SIC9,G1TQX1,G1TAE2,G1SDY5
9427 Q9TUB2,A0A286ZV23,A0A287A2J9,A0A287B4M4,A0A286ZQA1,I3LU37,D3K5N7,F2Z558 G1TVU3,G1SZE4,G1SZR6,G1TIX5,G1SIC9,G1SDU5,G1TAE2,G1SDY5
9427 Q9TUB2,A0A286ZV23,A0A287A2J9,A0A287B4M4,A0A286ZQA1,I3LU37,D3K5N7,F2Z558 G1TVU3,G1SZE4,G1SZR6,G1TIX5,G1SIC9,G1TS96,G1TAE2,G1SDY5
9697 Q9TUB2,F1S6I1,K7GR70,A0A287B4M4,A0A287A2J9,F2Z558,A0A286ZS33,D3K5N7 G1TVU3,G1SJ71,G1SIC9,G1TIX5,G1SZR6,G1SDY5,G1SKM1,G1TAE2
5091 A0A286ZV23,A0A287B4M4,I3LCM7,Q9TUB2,A0A286ZZJ6,D3K5N7,A0A286ZQA1,F2Z558 G1SZE4,G1TIX5,G1STB0,G1TVU3,G1SL61,G1TAE2,G1SIC9,G1SDY5
5091 A0A286ZV23,A0A287B4M4,A0A287A9F5,Q9TUB2,F1SH27,D3K5N7,A0A286ZQA1,F2Z558 G1SZE4,G1TIX5,G1TZC7,G1TVU3,G1TCI3,G1TAE2,G1SIC9,G1SDY5
5091 A0A286ZV23,A0A287B4M4,P79288,Q9TUB2,A0A286ZZJ6,D3K5N7,A0A286ZQA1,F2Z558 G1SZE4,G1TIX5,G1SWX5,G1TVU3,U3KPJ1,G1TAE2,G1SIC9,G1SDY5
5091 A0A286ZV23,A0A287B4M4,P79288,Q9TUB2,A0A286ZZJ6,D3K5N7,A0A286ZQA1,F2Z558 G1SZE4,G1TIX5,G1SQT6,G1TVU3,G1SL61,G1TAE2,G1SIC9,G1SDY5
5091 A0A286ZV23,A0A287B4M4,A0A287AJU8,Q9TUB2,I3LTD6,D3K5N7,A0A286ZQA1,F2Z558 G1SZE4,G1TIX5,G1SWX5,G1TVU3,U3KPJ1,G1TAE2,G1SIC9,G1SDY5
5091 A0A286ZV23,A0A287B4M4,A0A287BA07,Q9TUB2,A7WLH8,D3K5N7,A0A286ZQA1,F2Z558 G1SZE4,G1TIX5,G1T3B9,G1TVU3,G1TLU5,G1TAE2,G1SIC9,G1SDY5
9753 A0A287A2J9,K7GR70,A0A286ZQA1,A0A286ZV23,B5APV0,D3K5N7,A0A287B4M4,F2Z558 G1SZR6,G1T143,G1SIC9,G1SZE4,G1TV31,G1TAE2,G1TIX5,G1SDY5
6821 A0A286ZV23,A0A287A2D4,K7GR70,A0A287B4M4,A0A286ZS33,F1SV20,F2Z558,A0A286ZQA1 G1SZE4,G1TZY2,G1T143,G1TIX5,G1SKM1,G1T7X7,G1SDY5,G1SIC9
6821 A0A286ZV23,A0A287A2D4,K7GR70,A0A287B4M4,A0A286ZS33,F1SV20,F2Z558,A0A286ZQA1 G1SZE4,G1U2U5,G1T143,G1TIX5,G1SKM1,G1TEY7,G1SDY5,G1SIC9
6821 A0A286ZV23,A0A287A2D4,K7GR70,A0A287B4M4,A0A286ZS33,F1SV20,F2Z558,A0A286ZQA1 G1SZE4,G1U2U5,G1T143,G1TIX5,G1SKM1,G1TEY7,G1SMY6,G1SIC9
11644 F1RK84,D3K5N7,F2Z558,Q9TUB2,A0A287BHC9,A0A286ZS33,A0A287A2J9,F1RHK6 G1TEZ1,G1TAE2,G1SDY5,G1T143,G1SMY6,G1SKM1,G1SZR6,G1SZT9
11644 F1RK84,D3K5N7,F2Z558,Q9TUB2,A0A287BHC9,A0A286ZS33,A0A287A2J9,F1RHK6 G1T9K9,G1TAE2,G1SDY5,G1T143,G1SMY6,G1SKM1,G1SZR6,G1SZT9
11644 A0A286ZWZ7,D3K5N7,F2Z558,Q9TUB2,A0A287BHC9,A0A286ZS33,A0A287A2J9,F1RHK6 G1T634,G1TAE2,G1SDY5,G1T143,G1SMY6,G1SKM1,G1SZR6,G1SZT9
11644 A0A286ZWZ7,D3K5N7,F2Z558,Q9TUB2,A0A287BHC9,A0A286ZS33,A0A287A2J9,F1RHK6 G1SG44,G1TAE2,G1SDY5,G1T143,G1SMY6,G1SKM1,G1SZR6,G1SZT9
11644 A0A286ZWZ7,D3K5N7,F2Z558,Q9TUB2,A0A287BHC9,A0A286ZS33,A0A287A2J9,F1RHK6 G1SNZ2,G1TAE2,G1SDY5,G1T143,G1SMY6,G1SKM1,G1SZR6,G1SZT9
11644 A0A286ZWZ7,D3K5N7,F2Z558,Q9TUB2,A0A287BHC9,A0A286ZS33,A0A287A2J9,F1RHK6 G1SRP7,G1TAE2,G1SDY5,G1T143,G1SMY6,G1SKM1,G1SZR6,G1SZT9
11644 A0A287B3F4,D3K5N7,F2Z558,Q9TUB2,A0A287BHC9,A0A286ZS33,A0A287A2J9,F1RHK6 G1T634,G1TAE2,G1SDY5,G1T143,G1SMY6,G1SKM1,G1SZR6,G1SZT9
11644 A0A287B3F4,D3K5N7,F2Z558,Q9TUB2,A0A287BHC9,A0A286ZS33,A0A287A2J9,F1RHK6 G1SG44,G1TAE2,G1SDY5,G1T143,G1SMY6,G1SKM1,G1SZR6,G1SZT9
11644 A0A287B3F4,D3K5N7,F2Z558,Q9TUB2,A0A287BHC9,A0A286ZS33,A0A287A2J9,F1RHK6 G1TS42,G1TAE2,G1SDY5,G1T143,G1SMY6,G1SKM1,G1SZR6,G1SZT9
11644 A0A287B3F4,D3K5N7,F2Z558,Q9TUB2,A0A287BHC9,A0A286ZS33,A0A287A2J9,F1RHK6 G1SNZ2,G1TAE2,G1SDY5,G1T143,G1SMY6,G1SKM1,G1SZR6,G1SZT9
11644 A0A287B3F4,D3K5N7,F2Z558,Q9TUB2,A0A287BHC9,A0A286ZS33,A0A287A2J9,F1RHK6 G1TEZ1,G1TAE2,G1SDY5,G1T143,G1SMY6,G1SKM1,G1SZR6,G1SZT9
11644 A0A287B3F4,D3K5N7,F2Z558,Q9TUB2,A0A287BHC9,A0A286ZS33,A0A287A2J9,F1RHK6 G1SRP7,G1TAE2,G1SDY5,G1T143,G1SMY6,G1SKM1,G1SZR6,G1SZT9
11644 A0A287B3F4,D3K5N7,F2Z558,Q9TUB2,A0A287BHC9,A0A286ZS33,A0A287A2J9,F1RHK6 G1U0I7,G1TAE2,G1SDY5,G1T143,G1SMY6,G1SKM1,G1SZR6,G1SZT9
8971 A0A287A2J9,Q9TUB2,A0A286ZQA1,A0A286ZV23,A0A287BIH8,A0A287BHC9,A0A287B4M4,D3K5N7 G1SZR6,G1TVU3,G1SIC9,G1SZE4,G1TN55,G1SMY6,G1TIX5,G1TAE2
8971 A0A287A2J9,Q9TUB2,A0A286ZQA1,A0A286ZV23,F1S1F6,A0A287BHC9,A0A287B4M4,D3K5N7 G1SZR6,G1TVU3,G1SIC9,G1SZE4,G1TN55,G1SMY6,G1TIX5,G1TAE2
10189 A0A287B4M4,Q9TUB2,A0A286ZV23,F1RHK6,A0A287BB27,A0A286ZQA1,A0A286ZS33,D3K5N7 G1TIX5,G1TVU3,G1SZE4,G1SZT9,G1SV05,G1SIC9,G1SKM1,G1TAE2
10189 A0A287B4M4,Q9TUB2,A0A286ZV23,F1RHK6,A0A287BB27,A0A286ZQA1,A0A286ZS33,D3K5N7 G1TIX5,G1TVU3,G1SZE4,G1SZT9,G1SSF7,G1SIC9,G1SKM1,G1TAE2
10189 A0A287B4M4,Q9TUB2,A0A286ZV23,F1RHK6,A0A288CG47,A0A286ZQA1,A0A286ZS33,D3K5N7 G1TIX5,G1TVU3,G1SZE4,G1SZT9,G1SV05,G1SIC9,G1SKM1,G1TAE2
10189 A0A287B4M4,Q9TUB2,A0A286ZV23,F1RHK6,A0A288CG47,A0A286ZQA1,A0A286ZS33,D3K5N7 G1TIX5,G1TVU3,G1SZE4,G1SZT9,G1SSF7,G1SIC9,G1SKM1,G1TAE2
10189 A0A287B4M4,Q9TUB2,A0A286ZV23,F1RHK6,A0A288CG47,A0A286ZQA1,A0A286ZS33,D3K5N7 G1TIX5,G1TVU3,G1SZE4,G1SZT9,B7NZD2,G1SIC9,G1SKM1,G1TAE2
10189 A0A287B4M4,Q9TUB2,A0A286ZV23,F1RHK6,F1SE73,A0A286ZQA1,A0A286ZS33,D3K5N7 G1TIX5,G1TVU3,G1SZE4,G1SZT9,G1SV05,G1SIC9,G1SKM1,G1TAE2
10189 A0A287B4M4,Q9TUB2,A0A286ZV23,F1RHK6,I3LQB7,A0A286ZQA1,A0A286ZS33,D3K5N7 G1TIX5,G1TVU3,G1SZE4,G1SZT9,G1SV05,G1SIC9,G1SKM1,G1TAE2
10189 A0A287B4M4,Q9TUB2,A0A286ZV23,F1RHK6,I3LQB7,A0A286ZQA1,A0A286ZS33,D3K5N7 G1TIX5,G1TVU3,G1SZE4,G1SZT9,G1SSF7,G1SIC9,G1SKM1,G1TAE2
10189 A0A287B4M4,Q9TUB2,A0A286ZV23,F1RHK6,F1SMW9,A0A286ZQA1,A0A286ZS33,D3K5N7 G1TIX5,G1TVU3,G1SZE4,G1SZT9,G1SVF2,G1SIC9,G1SKM1,G1TAE2
3211 A0A287B4M4,A0A287BPQ8,Q9TUB2,A0A286ZV23,F1RHK6,I3L897,F2Z558,D3K5N7 G1TIX5,G1SZ81,G1TVU3,G1SZE4,G1SZT9,G1SXS3,G1SDY5,G1TAE2
3211 A0A287B4M4,A0A286ZLJ9,Q9TUB2,A0A286ZV23,F1RHK6,I3L897,F2Z558,D3K5N7 G1TIX5,G1SLQ0,G1TVU3,G1SZE4,G1SZT9,G1SXS3,G1SDY5,G1TAE2
9681 A0A287A2J9,Q9TUB2,A0A286ZQA1,A0A286ZV23,F1RIG2,F1RHK6,D3K5N7,F2Z558 G1SZR6,G1TVU3,G1SIC9,G1SZE4,G1T617,G1SZT9,G1TAE2,G1SDY5
9681 A0A287A2J9,Q9TUB2,A0A286ZQA1,A0A286ZV23,B5LX40,F1RHK6,D3K5N7,F2Z558 G1SZR6,G1TVU3,G1SIC9,G1SZE4,G1TTN9,G1SZT9,G1TAE2,G1SDY5
9681 A0A287A2J9,Q9TUB2,A0A286ZQA1,A0A286ZV23,B5LX40,F1RHK6,D3K5N7,F2Z558 G1SZR6,G1TVU3,G1SIC9,G1SZE4,G1T617,G1SZT9,G1TAE2,G1SDY5
9681 A0A287A2J9,Q9TUB2,A0A286ZQA1,A0A286ZV23,F1RJ01,F1RHK6,D3K5N7,F2Z558 G1SZR6,G1TVU3,G1SIC9,G1SZE4,G1TTN9,G1SZT9,G1TAE2,G1SDY5
9681 A0A287A2J9,Q9TUB2,A0A286ZQA1,A0A286ZV23,F1RJ01,F1RHK6,D3K5N7,F2Z558 G1SZR6,G1TVU3,G1SIC9,G1SZE4,G1T617,G1SZT9,G1TAE2,G1SDY5
9681 A0A287A2J9,Q9TUB2,A0A286ZQA1,A0A286ZV23,F1RJ01,F1RHK6,D3K5N7,F2Z558 G1SZR6,G1TVU3,G1SIC9,G1SZE4,G1TH06,G1SZT9,G1TAE2,G1SDY5
8389 A0A287A2J9,A0A286ZV23,I3LCN0,Q9TUB2,A0A286ZQA1,D3K5N7,F2Z558,F1RHK6 G1SZR6,G1SZE4,G1TD98,G1TVU3,G1SIC9,G1TAE2,G1SDY5,G1SZT9
8389 A0A287A2J9,A0A286ZV23,I3LCN0,Q9TUB2,A0A286ZQA1,D3K5N7,F2Z558,F1RHK6 G1SZR6,G1SZE4,G1STC9,G1TVU3,G1SIC9,G1TAE2,G1SDY5,G1SZT9
8389 A0A287A2J9,A0A286ZV23,F1S7K1,Q9TUB2,A0A286ZQA1,D3K5N7,F2Z558,F1RHK6 G1SZR6,G1SZE4,G1SP27,G1TVU3,G1SIC9,G1TAE2,G1SDY5,G1SZT9
8389 A0A287A2J9,A0A286ZV23,F1S7K1,Q9TUB2,A0A286ZQA1,D3K5N7,F2Z558,F1RHK6 G1SZR6,G1SZE4,G1SF70,G1TVU3,G1SIC9,G1TAE2,G1SDY5,G1SZT9
8389 A0A287A2J9,A0A286ZV23,F1SG38,Q9TUB2,A0A286ZQA1,D3K5N7,F2Z558,F1RHK6 G1SZR6,G1SZE4,G1STC9,G1TVU3,G1SIC9,G1TAE2,G1SDY5,G1SZT9
8389 A0A287A2J9,A0A286ZV23,A0A287AXP9,Q9TUB2,A0A286ZQA1,D3K5N7,F2Z558,F1RHK6 G1SZR6,G1SZE4,G1T1X7,G1TVU3,G1SIC9,G1TAE2,G1SDY5,G1SZT9
8389 A0A287A2J9,A0A286ZV23,A0A287AXP9,Q9TUB2,A0A286ZQA1,D3K5N7,F2Z558,F1RHK6 G1SZR6,G1SZE4,G1TD98,G1TVU3,G1SIC9,G1TAE2,G1SDY5,G1SZT9
8389 A0A287A2J9,A0A286ZV23,A0A287AXP9,Q9TUB2,A0A286ZQA1,D3K5N7,F2Z558,F1RHK6 G1SZR6,G1SZE4,G1STC9,G1TVU3,G1SIC9,G1TAE2,G1SDY5,G1SZT9
8389 A0A287A2J9,A0A286ZV23,A0A287AXP9,Q9TUB2,A0A286ZQA1,D3K5N7,F2Z558,F1RHK6 G1SZR6,G1SZE4,G1TQT7,G1TVU3,G1SIC9,G1TAE2,G1SDY5,G1SZT9
10425 A0A287B4M4,Q9TUB2,A0A286ZV23,F1RHK6,F1RT53,A0A286ZS33,D3K5N7,F2Z558 G1TIX5,G1TVU3,G1SZE4,G1SZT9,G1TES6,G1SKM1,G1TAE2,G1SDY5
10425 Q9TUB2,A0A287B4M4,A0A286ZV23,F1RHK6,A0A287BF71,A0A286ZS33,D3K5N7,F2Z558 G1TIX5,G1TVU3,G1SZE4,G1SZT9,G1STG2,G1SKM1,G1TAE2,G1SDY5
10425 Q9TUB2,A0A287B4M4,A0A286ZV23,F1RHK6,A0A287BF71,A0A286ZS33,D3K5N7,F2Z558 G1TIX5,G1TVU3,G1SZE4,G1SZT9,G1SSL4,G1SKM1,G1TAE2,G1SDY5
10425 Q9TUB2,A0A287B4M4,A0A286ZV23,F1RHK6,A0A287BF71,A0A286ZS33,D3K5N7,F2Z558 G1TIX5,G1TVU3,G1SZE4,G1SZT9,G1SE50,G1SKM1,G1TAE2,G1SDY5
10425 Q9TUB2,A0A287B4M4,A0A286ZV23,F1RHK6,F1RL04,A0A286ZS33,D3K5N7,F2Z558 G1TIX5,G1TVU3,G1SZE4,G1SZT9,G1SZA8,G1SKM1,G1TAE2,G1SDY5
10425 Q9TUB2,A0A287B4M4,A0A286ZV23,F1RHK6,F1RGM8,A0A286ZS33,D3K5N7,F2Z558 G1TIX5,G1TVU3,G1SZE4,G1SZT9,G1STG2,G1SKM1,G1TAE2,G1SDY5
10425 Q9TUB2,A0A287B4M4,A0A286ZV23,F1RHK6,F1RGM8,A0A286ZS33,D3K5N7,F2Z558 G1TIX5,G1TVU3,G1SZE4,G1SZT9,G1SSL4,G1SKM1,G1TAE2,G1SDY5
10425 Q9TUB2,A0A287B4M4,A0A286ZV23,F1RHK6,F1RGM8,A0A286ZS33,D3K5N7,F2Z558 G1TIX5,G1TVU3,G1SZE4,G1SZT9,G1TTN9,G1SKM1,G1TAE2,G1SDY5
10425 Q9TUB2,A0A287B4M4,A0A286ZV23,F1RHK6,F1RGM8,A0A286ZS33,D3K5N7,F2Z558 G1TIX5,G1TVU3,G1SZE4,G1SZT9,G1TH06,G1SKM1,G1TAE2,G1SDY5
10425 A0A287B4M4,Q9TUB2,A0A286ZV23,F1RHK6,B5LX40,A0A286ZS33,D3K5N7,F2Z558 G1TIX5,G1TVU3,G1SZE4,G1SZT9,G1STG2,G1SKM1,G1TAE2,G1SDY5
10425 A0A287B4M4,Q9TUB2,A0A286ZV23,F1RHK6,B5LX40,A0A286ZS33,D3K5N7,F2Z558 G1TIX5,G1TVU3,G1SZE4,G1SZT9,G1SSL4,G1SKM1,G1TAE2,G1SDY5
10425 A0A287B4M4,Q9TUB2,A0A286ZV23,F1RHK6,B5LX40,A0A286ZS33,D3K5N7,F2Z558 G1TIX5,G1TVU3,G1SZE4,G1SZT9,G1TTN9,G1SKM1,G1TAE2,G1SDY5
10425 A0A287B4M4,Q9TUB2,A0A286ZV23,F1RHK6,A0A287ABT2,A0A286ZS33,D3K5N7,F2Z558 G1TIX5,G1TVU3,G1SZE4,G1SZT9,G1SSL4,G1SKM1,G1TAE2,G1SDY5
10425 Q9TUB2,A0A287B4M4,A0A286ZV23,F1RHK6,F1SNW8,A0A286ZS33,D3K5N7,F2Z558 G1TIX5,G1TVU3,G1SZE4,G1SZT9,G1STG2,G1SKM1,G1TAE2,G1SDY5
10425 Q9TUB2,A0A287B4M4,A0A286ZV23,F1RHK6,F1SNW8,A0A286ZS33,D3K5N7,F2Z558 G1TIX5,G1TVU3,G1SZE4,G1SZT9,G1TTN9,G1SKM1,G1TAE2,G1SDY5
10425 Q9TUB2,A0A287B4M4,A0A286ZV23,F1RHK6,F1SNW8,A0A286ZS33,D3K5N7,F2Z558 G1TIX5,G1TVU3,G1SZE4,G1SZT9,G1TH06,G1SKM1,G1TAE2,G1SDY5
10425 Q9TUB2,A0A287B4M4,A0A286ZV23,F1RHK6,F1SUB2,A0A286ZS33,D3K5N7,F2Z558 G1TIX5,G1TVU3,G1SZE4,G1SZT9,G1TTN9,G1SKM1,G1TAE2,G1SDY5
10425 Q9TUB2,A0A287B4M4,A0A286ZV23,F1RHK6,F1SUB2,A0A286ZS33,D3K5N7,F2Z558 G1TIX5,G1TVU3,G1SZE4,G1SZT9,G1SZA8,G1SKM1,G1TAE2,G1SDY5
10425 Q9TUB2,A0A287B4M4,A0A286ZV23,F1RHK6,F1SUB2,A0A286ZS33,D3K5N7,F2Z558 G1TIX5,G1TVU3,G1SZE4,G1SZT9,G1TH06,G1SKM1,G1TAE2,G1SDY5
5081 I3LUE7,A0A286ZV23,Q9TUB2,A0A287B4M4,D3K5N7,F2Z558,A0A287A233,A0A286ZQA1 G1U3B9,G1SZE4,G1TVU3,G1TIX5,G1TAE2,G1SDY5,G1TPA9,G1SIC9
5081 A0A287A4Z0,A0A286ZV23,Q9TUB2,A0A287B4M4,D3K5N7,F2Z558,I3LH61,A0A286ZQA1 G1TET8,G1SZE4,G1TVU3,G1TIX5,G1TAE2,G1SDY5,G1SH29,G1SIC9
5081 A0A287BAL0,A0A286ZV23,Q9TUB2,A0A287B4M4,D3K5N7,F2Z558,I3L6Z7,A0A286ZQA1 G1TFX1,G1SZE4,G1TVU3,G1TIX5,G1TAE2,G1SDY5,G1TDH0,G1SIC9
5081 A0A286ZKN9,A0A286ZV23,Q9TUB2,A0A287B4M4,D3K5N7,F2Z558,A0A287A233,A0A286ZQA1 G1T440,G1SZE4,G1TVU3,G1TIX5,G1TAE2,G1SDY5,G1TPA9,G1SIC9
5408 F1RKD4,Q9TUB2,A0A286ZV23,A0A287B4M4,A0A286ZQA1,F2Z558,D3K5N7,I3LCK3 G1T7Q7,G1TVU3,G1SZE4,G1TIX5,G1SIC9,G1SDY5,G1TAE2,G1SK67
5408 F1RKD4,Q9TUB2,A0A286ZV23,A0A287B4M4,A0A286ZQA1,F2Z558,D3K5N7,I3LCK3 G1TWL3,G1TVU3,G1SZE4,G1TIX5,G1SIC9,G1SDY5,G1TAE2,G1SK67
5408 A5GFZ7,Q9TUB2,A0A286ZV23,A0A287B4M4,A0A286ZQA1,F2Z558,D3K5N7,I3LCK3 G1T162,G1TVU3,G1SZE4,G1TIX5,G1SIC9,G1SDY5,G1TAE2,G1SK67
9047 I3L740,A0A286ZV23,D3K5N7,A0A287B4M4,F2Z558,A0A286ZQA1,P23563,K7GR70 G1TZK6,G1SZE4,G1TAE2,G1TIX5,G1SDY5,G1SIC9,P04924,G1T143
9047 I3L740,A0A286ZV23,D3K5N7,A0A287B4M4,F2Z558,A0A286ZQA1,P23563,K7GR70 G1U2J8,G1SZE4,G1TAE2,G1TIX5,G1SDY5,G1SIC9,P04924,G1T143
9047 M3VK17,A0A286ZV23,D3K5N7,A0A287B4M4,F2Z558,A0A286ZQA1,P23563,K7GR70 G1TZK6,G1SZE4,G1TAE2,G1TIX5,G1SDY5,G1SIC9,P04924,G1T143
9047 M3VK17,A0A286ZV23,D3K5N7,A0A287B4M4,F2Z558,A0A286ZQA1,P23563,K7GR70 G1U2J8,G1SZE4,G1TAE2,G1TIX5,G1SDY5,G1SIC9,P04924,G1T143
10514 Q9TUB2,A0A287B4M4,A0A286ZV23,F1RHK6,A0A286ZQA1,A0A286ZS33,D3K5N7,P67937 G1TVU3,G1TIX5,G1SZE4,G1SZT9,G1SIC9,G1SKM1,G1TAE2,G1T2F2
10514 Q9TUB2,A0A287B4M4,A0A286ZV23,F1RHK6,A0A286ZQA1,A0A286ZS33,D3K5N7,P67937 G1TVU3,G1TIX5,G1SZE4,G1SZT9,G1SIC9,G1SKM1,G1TAE2,G1SF00
10514 Q9TUB2,A0A287B4M4,A0A286ZV23,F1RHK6,A0A286ZQA1,A0A286ZS33,D3K5N7,P67937 G1TVU3,G1TIX5,G1SZE4,G1SZT9,G1SIC9,G1SKM1,G1TAE2,G1STX3
10514 Q9TUB2,A0A287B4M4,A0A286ZV23,F1RHK6,A0A286ZQA1,A0A286ZS33,D3K5N7,F1S4Q6 G1TVU3,G1TIX5,G1SZE4,G1SZT9,G1SIC9,G1SKM1,G1TAE2,G1TEW4
10691 A0A287A2J9,K7GR70,A0A286ZV23,A0A286ZQA1,A0A287BHC9,D3K5N7,A0A287AV76,F2Z558 G1SZR6,G1T143,G1SZE4,G1SIC9,G1SMY6,G1TAE2,G1SMK8,G1SDY5
10691 A0A287A2J9,K7GR70,A0A286ZV23,A0A286ZQA1,A0A287BHC9,D3K5N7,Q95250,F2Z558 G1SZR6,G1T143,G1SZE4,G1SIC9,G1SMY6,G1TAE2,G1TT75,G1SDY5
10691 A0A287A2J9,K7GR70,A0A286ZV23,A0A286ZQA1,A0A287BHC9,D3K5N7,A0A287ANH9,F2Z558 G1SZR6,G1T143,G1SZE4,G1SIC9,G1SMY6,G1TAE2,G1TT75,G1SDY5
10100 I3L828,F1RHK6,A0A287B4M4,A0A286ZS33,F2Z558,A0A287BHC9,P79432,D3K5N7 U3KPJ5,G1SZT9,G1T143,G1SKM1,G1SDY5,G1SMY6,G1T3E1,G1TAE2
8217 Q9TUB2,F1ST01,A0A286ZV23,F1RHK6,A0A287B4M4,D3K5N7,F2Z558,I3LHB2 G1TVU3,G1TT06,G1SZE4,G1SZT9,G1TIX5,G1TAE2,G1SDY5,G1SFK3
9410 A0A287B4M4,A0A286ZV23,Q9TUB2,A0A286ZMP7,F1RHK6,A0A286ZS33,D3K5N7,A0A286ZQA1 G1TIX5,G1SZE4,G1TVU3,G1SCY4,G1SZT9,G1SKM1,G1TAE2,G1SIC9
9410 A0A287B4M4,A0A286ZV23,Q9TUB2,A0A286ZMP7,F1RHK6,A0A286ZS33,D3K5N7,A0A286ZQA1 G1TIX5,G1SZE4,G1TVU3,G1T4N4,G1SZT9,G1SKM1,G1TAE2,G1SIC9
9410 A0A287B4M4,A0A286ZV23,Q9TUB2,F1SP32,F1RHK6,A0A286ZS33,D3K5N7,A0A286ZQA1 G1TIX5,G1SZE4,G1TVU3,G1SDJ7,G1SZT9,G1SKM1,G1TAE2,G1SIC9
9410 A0A287B4M4,A0A286ZV23,Q9TUB2,F1SP32,F1RHK6,A0A286ZS33,D3K5N7,A0A286ZQA1 G1TIX5,G1SZE4,G1TVU3,G1T4N4,G1SZT9,G1SKM1,G1TAE2,G1SIC9
9410 A0A287B4M4,A0A286ZV23,Q9TUB2,A0A287AJQ1,F1RHK6,A0A286ZS33,D3K5N7,A0A286ZQA1 G1TIX5,G1SZE4,G1TVU3,G1SCY4,G1SZT9,G1SKM1,G1TAE2,G1SIC9
9410 A0A287B4M4,A0A286ZV23,Q9TUB2,A0A287AJQ1,F1RHK6,A0A286ZS33,D3K5N7,A0A286ZQA1 G1TIX5,G1SZE4,G1TVU3,G1SDJ7,G1SZT9,G1SKM1,G1TAE2,G1SIC9
9410 A0A287B4M4,A0A286ZV23,Q9TUB2,A0A287AJQ1,F1RHK6,A0A286ZS33,D3K5N7,A0A286ZQA1 G1TIX5,G1SZE4,G1TVU3,G1T4N4,G1SZT9,G1SKM1,G1TAE2,G1SIC9
9410 A0A287B4M4,A0A286ZV23,Q9TUB2,A0A287AJQ1,F1RHK6,A0A286ZS33,D3K5N7,A0A286ZQA1 G1TIX5,G1SZE4,G1TVU3,G1SWA1,G1SZT9,G1SKM1,G1TAE2,G1SIC9
8910 A0A286ZQZ8,F1RHK6,Q9TUB2,A0A286ZS33,A0A286ZQA1,A0A287BHC9,A0A287B4M4,Q2XVP4 G1TAA5,G1SZT9,G1TVU3,G1SKM1,G1SIC9,G1SMY6,G1TIX5,G1U466
10697 A0A287A2J9,K7GR70,A0A286ZV23,A0A286ZQA1,A0A287BHC9,D3K5N7,A0A286ZMY6,F2Z558 G1SZR6,G1T143,G1SZE4,G1SIC9,G1SMY6,G1TAE2,G1T866,G1SDY5
9683 Q9TUB2,A0A286ZV23,A0A287B4M4,A0A287A2J9,F1RHK6,D3K5N7,I3LDH3,F2Z558 G1TVU3,G1SZE4,G1TIX5,G1SZR6,G1SZT9,G1TAE2,G1SIH0,G1SDY5
9683 Q9TUB2,A0A286ZV23,A0A287B4M4,A0A287A2J9,F1RHK6,D3K5N7,I3LDH3,F2Z558 G1TVU3,G1SZE4,G1TIX5,G1SZR6,G1SZT9,G1TAE2,G1T0H3,G1SDY5
9683 Q9TUB2,A0A286ZV23,A0A287B4M4,A0A287A2J9,F1RHK6,D3K5N7,I3LDH3,F2Z558 G1TVU3,G1SZE4,G1TIX5,G1SZR6,G1SZT9,G1TAE2,G1TEI0,G1SDY5
9683 Q9TUB2,A0A286ZV23,A0A287B4M4,A0A287A2J9,F1RHK6,D3K5N7,C0SW08,F2Z558 G1TVU3,G1SZE4,G1TIX5,G1SZR6,G1SZT9,G1TAE2,G1SIH0,G1SDY5
9683 Q9TUB2,A0A286ZV23,A0A287B4M4,A0A287A2J9,F1RHK6,D3K5N7,C0SW08,F2Z558 G1TVU3,G1SZE4,G1TIX5,G1SZR6,G1SZT9,G1TAE2,G1T0H3,G1SDY5
9683 Q9TUB2,A0A286ZV23,A0A287B4M4,A0A287A2J9,F1RHK6,D3K5N7,C0SW08,F2Z558 G1TVU3,G1SZE4,G1TIX5,G1SZR6,G1SZT9,G1TAE2,G1TEI0,G1SDY5
9683 Q9TUB2,A0A286ZV23,A0A287B4M4,A0A287A2J9,F1RHK6,D3K5N7,F1RJ01,F2Z558 G1TVU3,G1SZE4,G1TIX5,G1SZR6,G1SZT9,G1TAE2,G1SY96,G1SDY5
9683 Q9TUB2,A0A286ZV23,A0A287B4M4,A0A287A2J9,F1RHK6,D3K5N7,F1RJ01,F2Z558 G1TVU3,G1SZE4,G1TIX5,G1SZR6,G1SZT9,G1TAE2,G1T617,G1SDY5
9533 K7GR70,A0A287A2J9,A0A286ZQA1,A0A286ZV23,A0A287BQU7,A0A287BHC9,D3K5N7,A0A287B4M4 G1T143,G1SZR6,G1SIC9,G1SZE4,G1TI40,G1SMY6,G1TAE2,G1TIX5
9177 A0A287A2J9,A0A286ZQA1,A0A286ZMP7,Q9TUB2,A0A287BHC9,A0A286ZS33,F1RHK6,D3K5N7 G1SZR6,G1SIC9,G1TI39,G1T143,G1SMY6,G1SKM1,G1SZT9,G1TAE2
9053 K7GSU4,A0A287B4M4,A0A286ZV23,F1RHK6,D3K5N7,A0A287BHC9,A0A0U2ETD0,K7GR70 G1SZ01,G1TIX5,G1SZE4,G1SZT9,G1TAE2,G1SMY6,B7NZQ0,G1T143
9053 F1SB29,A0A287B4M4,A0A286ZV23,F1RHK6,D3K5N7,A0A287BHC9,A0A288CG47,K7GR70 G1SGV2,G1TIX5,G1SZE4,G1SZT9,G1TAE2,G1SMY6,G1SN87,G1T143
9053 F1SB29,A0A287B4M4,A0A286ZV23,F1RHK6,D3K5N7,A0A287BHC9,A0A288CG47,K7GR70 G1TJ05,G1TIX5,G1SZE4,G1SZT9,G1TAE2,G1SMY6,B7NZD2,G1T143
10692 A0A287A2J9,K7GR70,A0A286ZV23,A0A286ZQA1,A0A287BHC9,D3K5N7,A0A287AFI9,F2Z558 G1SZR6,G1T143,G1SZE4,G1SIC9,G1SMY6,G1TAE2,G1SGY8,G1SDY5
10692 A0A287A2J9,K7GR70,A0A286ZV23,A0A286ZQA1,A0A287BHC9,D3K5N7,I3LC09,F2Z558 G1SZR6,G1T143,G1SZE4,G1SIC9,G1SMY6,G1TAE2,G1SGY8,G1SDY5
6764 A0A286ZV23,A0A287A2D4,K7GR70,A0A287B4M4,D3K5N7,F1SV20,F2Z558,A0A286ZQA1 G1SZE4,G1TZY2,G1T143,G1TIX5,G1TAE2,G1T7X7,G1SDY5,G1SIC9
4713 Q9TUB2,F1SBC5,A0A287B4M4,A0A286ZV23,A0A286ZQA1,F1RHK6,D3K5N7,Q29040 G1TVU3,G1T9D9,G1TIX5,G1SZE4,G1SIC9,G1SZT9,G1TAE2,G1SML6
4713 Q9TUB2,A0A287AF76,A0A287B4M4,A0A286ZV23,A0A286ZQA1,F1RHK6,D3K5N7,Q29040 G1TVU3,G1TR97,G1TIX5,G1SZE4,G1SIC9,G1SZT9,G1TAE2,G1SML6
9228 Q9TUB2,A0A287B4M4,F1S493,A0A286ZV23,A0A286ZQA1,F1S6G9,D3K5N7,F2Z558 G1TVU3,G1TIX5,G1SK88,G1SZE4,G1SIC9,G1U6D8,G1TAE2,G1SDY5
7921 A0A287B4D6,A0A286ZV23,A0A286ZS33,A0A287B4M4,F1RHK6,A0A287BHC9,D9U8D1,K7GR70 G1TFN4,G1SZE4,G1SKM1,G1TIX5,G1SZT9,G1SDY5,P63169,G1T143
7921 A0A287B4D6,A0A286ZV23,A0A286ZS33,A0A287B4M4,F1RHK6,A0A287BHC9,D9U8D1,K7GR70 G1TFN4,G1SZE4,G1SKM1,G1TIX5,G1SZT9,G1SMY6,P63169,G1T143
9396 Q9TUB2,F1RF31,A0A286ZQA1,A0A286ZV23,A0A287ACE1,F2Z558,A0A287BHC9,D3K5N7 G1TIX5,G1SDL0,G1SZT9,G1SZE4,G1TDK5,G1SDY5,G1SIC9,G1TAE2
9396 Q9TUB2,F1RF31,A0A286ZQA1,A0A286ZV23,A0A287ACE1,F2Z558,A0A287BHC9,D3K5N7 G1TIX5,G1SDL0,G1SZT9,G1SZE4,G1TDK5,G1SDY5,G1SMY6,G1TAE2
9396 Q9TUB2,F1RF31,A0A286ZQA1,A0A286ZV23,A0A287ACE1,F2Z558,A0A287BHC9,D3K5N7 G1T143,G1SDL0,G1SIC9,G1SZE4,G1TDK5,G1SDY5,G1SMY6,G1TAE2
9396 Q9TUB2,A0A287BS98,F1RHK6,A0A286ZV23,D2KQR0,F2Z558,A0A287BHC9,D3K5N7 G1TIX5,G1SDL0,G1SZT9,G1SZE4,G1TDK5,G1SDY5,G1SIC9,G1TAE2
9396 A0A287B4M4,A0A287BS98,F1RHK6,A0A286ZV23,D2KQR0,F2Z558,A0A287BHC9,D3K5N7 G1TIX5,G1SDL0,G1SZT9,G1SZE4,G1TDK5,G1SDY5,G1SIC9,G1TAE2
9396 Q9TUB2,A0A287BS98,A0A286ZQA1,A0A286ZV23,D2KQR0,F2Z558,A0A287BHC9,D3K5N7 G1TIX5,G1SDL0,G1SZT9,G1SZE4,G1TDK5,G1SDY5,G1SIC9,G1TAE2
9396 D3K5N7,A0A287AXV6,F2Z558,A0A286ZV23,F1SS96,A0A286ZQA1,A0A287BHC9,K7GR70 G1TAE2,G1T4M9,G1SDY5,G1SZE4,G1U0J6,G1SIC9,G1SMY6,G1T143
5356 Q9TUB2,A0A287B4M4,F1S0L9,F1RHK6,A0A286ZV23,A0A287AI88,D3K5N7,F2Z558 G1TIX5,G1TVU3,G1SYX4,G1SZT9,G1SZE4,G1SMJ8,G1TAE2,G1SDY5
4722 F1RPH3,Q9TUB2,A0A286ZV23,A0A287B4M4,A0A286ZQA1,D3K5N7,F1RHK6,I3LII4 G1T6U3,G1TVU3,G1SZE4,G1TIX5,G1SIC9,G1TAE2,G1SZT9,G1SV90
4722 F1RQB0,Q9TUB2,A0A286ZV23,A0A287B4M4,A0A286ZQA1,D3K5N7,F1RHK6,I3LII4 G1TBM7,G1TVU3,G1SZE4,G1TIX5,G1SIC9,G1TAE2,G1SZT9,G1SV90
4192 A0A286ZV23,A0A286ZS33,A0A286ZKV2,D3K5N7,A0A287BHL1,A0A287B4M4,K7GR70,F2Z558 G1SZE4,G1SKM1,G1TEG7,G1TAE2,G1SPX0,G1TVU3,G1T143,G1SDY5
4192 A0A286ZV23,A0A286ZS33,A0A286ZKV2,D3K5N7,A0A287BHL1,A0A287B4M4,K7GR70,F2Z558 G1SZE4,G1SKM1,G1SHZ3,G1TAE2,G1TRH0,G1TVU3,G1T143,G1SDY5
4192 A0A286ZV23,A0A286ZS33,A0A286ZKV2,D3K5N7,A0A287BHL1,A0A287B4M4,K7GR70,F2Z558 G1SZE4,G1SKM1,G1U255,G1TAE2,G1SPY3,G1TVU3,G1T143,G1SDY5
4192 A0A286ZV23,A0A286ZS33,F1SFU2,D3K5N7,A0A287BAE1,A0A287B4M4,K7GR70,F2Z558 G1SZE4,G1SKM1,G1TEG7,G1TAE2,G1SPX0,G1TVU3,G1T143,G1SDY5
4192 A0A286ZV23,A0A286ZS33,F1SFU2,D3K5N7,A0A287BAE1,A0A287B4M4,K7GR70,F2Z558 G1SZE4,G1SKM1,G1U255,G1TAE2,G1SPY3,G1TVU3,G1T143,G1SDY5
10467 Q9TUB2,F1RHK6,A0A287ANN0,A0A287A1S6,A0A286ZV23,F2Z558,A0A287BHC9,D3K5N7 G1TIX5,G1SZT9,G1SZB4,G1T4A5,G1SZE4,G1SDY5,G1SIC9,G1TAE2
10467 Q9TUB2,F1RHK6,A0A287ANN0,A0A287A1S6,A0A286ZV23,F2Z558,A0A287BHC9,D3K5N7 G1TIX5,G1SZT9,G1SZB4,G1T4A5,G1SZE4,G1SDY5,G1SMY6,G1TAE2
10467 Q9TUB2,F1RHK6,A0A287ANN0,A0A287A1S6,A0A286ZV23,F2Z558,A0A287BHC9,D3K5N7 G1TVU3,G1SIC9,G1SZB4,G1T4A5,G1SZE4,G1SDY5,G1SMY6,G1TAE2
10467 Q9TUB2,F1RHK6,A0A287ANN0,A0A287A1S6,A0A286ZV23,F2Z558,A0A287BHC9,D3K5N7 G1T143,G1SIC9,G1SZB4,G1T4A5,G1SZE4,G1SDY5,G1SMY6,G1TAE2
5378 Q9TUB2,A0A287B4M4,F1STB2,F1RHK6,A0A286ZV23,F1RFQ7,D3K5N7,F2Z558 G1TIX5,G1TVU3,G1SFS5,G1SZT9,G1SZE4,G1TAF8,G1TAE2,G1SDY5
5378 Q9TUB2,A0A287B4M4,F1STB2,F1RHK6,A0A286ZV23,F1RFQ7,D3K5N7,F2Z558 G1TIX5,G1TVU3,G1T764,G1SZT9,G1SZE4,G1TAF8,G1TAE2,G1SDY5
5378 A0A287B4M4,Q9TUB2,A0A287AHC7,F1RHK6,A0A286ZV23,F2Z5I5,D3K5N7,F2Z558 G1TIX5,G1TVU3,G1SIJ3,G1SZT9,G1SZE4,G1SFK3,G1TAE2,G1SDY5
5378 A0A287B4M4,Q9TUB2,M9MMN1,F1RHK6,A0A286ZV23,F2Z5I5,D3K5N7,F2Z558 G1TIX5,G1TVU3,G1T1L1,G1SZT9,G1SZE4,G1U419,G1TAE2,G1SDY5
5378 A0A287B4M4,Q9TUB2,I3LGU6,F1RHK6,A0A286ZV23,A0A287BDL6,D3K5N7,F2Z558 G1TIX5,G1TVU3,G1SFK9,G1SZT9,G1SZE4,G1T221,G1TAE2,G1SDY5
6814 A0A286ZV23,Q6KBX4,A0A287B4M4,K7GR70,D3K5N7,F1RFL8,A0A287BHC9,P79307 G1SZE4,G1SLW7,G1TIX5,G1T143,G1TAE2,G1SJT1,G1SMY6,G1SZM2
6814 A0A286ZV23,F1SPK0,A0A287B4M4,K7GR70,D3K5N7,A0A287BPQ8,A0A287BHC9,P79307 G1SZE4,G1T4N0,G1TIX5,G1T143,G1TAE2,G1SZ81,G1SMY6,G1SZM2
3237 F1STE3,Q9TUB2,A0A287B4M4,A0A286ZV23,F1RHK6,D3K5N7,A0A286ZQA1,A0A286ZIV3 G1SL26,G1TVU3,G1TIX5,G1SZE4,G1SZT9,G1TAE2,G1SIC9,G1SRE8
2301 A0A286ZKC0,F1SPP2,A0A286ZV23,D3K5N7,K7GR70,A0A287BHC9,P79307,A0A287AJF5 G1SJX7,G1SHD1,G1TVU3,G1SIC9,G1SZE4,G1SMY6,G1SZM2,G1SEA4
2301 A0A286ZKC0,F1SPP2,A0A286ZV23,D3K5N7,K7GR70,A0A287BHC9,P79307,A0A287AJF5 G1SJX7,G1SHD1,G1SZE4,G1TIX5,G1T143,G1SMY6,G1SZM2,G1SEA4
2301 A0A286ZKC0,F1SPP2,A0A286ZV23,D3K5N7,K7GR70,A0A287BHC9,P79307,A0A287AJF5 G1SJX7,G1SHD1,G1T143,G1SIC9,G1SZE4,G1SMY6,G1SZM2,G1SEA4
9558 Q9TUB2,A0A287A2J9,A0A286ZQA1,A0A286ZV23,I3LDS3,A0A287BHC9,D3K5N7,F2Z558 G1TVU3,G1SZR6,G1SIC9,G1SZE4,G1T1V0,G1SMY6,G1TAE2,G1SDY5
9558 Q9TUB2,A0A287A2J9,A0A286ZQA1,A0A286ZV23,I3LDS3,A0A287BHC9,D3K5N7,F2Z558 G1T143,G1SZR6,G1SIC9,G1SZE4,G1T1V0,G1SMY6,G1TAE2,G1SDY5
9558 Q9TUB2,A0A287A2J9,A0A286ZQA1,A0A286ZV23,F1RJU1,A0A287BHC9,D3K5N7,F2Z558 G1TVU3,G1SZR6,G1SIC9,G1SZE4,G1T6Q2,G1SMY6,G1TAE2,G1SDY5
9558 Q9TUB2,A0A287A2J9,A0A286ZQA1,A0A286ZV23,F1RJU1,A0A287BHC9,D3K5N7,F2Z558 G1T143,G1SZR6,G1SIC9,G1SZE4,G1T6Q2,G1SMY6,G1TAE2,G1SDY5
5124 A0A287AFY2,A0A286ZV23,A0A287B4M4,Q9TUB2,D3K5N7,F2Z558,F1RHK6,F2Z5I5 G1TZM2,G1SZE4,G1TIX5,G1TVU3,G1TAE2,G1SDY5,G1SZT9,G1U419
4123 F1SD26,A0A286ZV23,A0A286ZS33,D3K5N7,A0A287B4M4,F1RHK6,F2Z558,F1S6I1 G1SND5,G1SZE4,G1SKM1,G1TAE2,G1T143,G1SZT9,G1SDY5,G1SJ71
4123 F1SD26,A0A286ZV23,A0A286ZS33,D3K5N7,A0A287B4M4,F1RHK6,F2Z558,F1S6I1 G1SFP4,G1SZE4,G1SKM1,G1TAE2,G1T143,G1SZT9,G1SDY5,G1SJ71
4485 Q9TUB2,F1RSS9,A0A287B4M4,A0A286ZV23,A0A286ZQA1,I3L6Z7,F2Z558,D3K5N7 G1TVU3,G1T852,G1TIX5,G1SZE4,G1SIC9,G1TDH0,G1SDY5,G1TAE2
4485 Q9TUB2,F1S0L5,A0A287B4M4,A0A286ZV23,A0A286ZQA1,F1SGX3,F2Z558,D3K5N7 G1TVU3,G1SI13,G1TIX5,G1SZE4,G1SIC9,G1TCC3,G1SDY5,G1TAE2
4485 Q9TUB2,F1RJ11,A0A287B4M4,A0A286ZV23,A0A286ZQA1,I3LP69,F2Z558,D3K5N7 G1TVU3,G1U0E9,G1TIX5,G1SZE4,G1SIC9,G1STM8,G1SDY5,G1TAE2
4485 Q9TUB2,F1RWA0,A0A287B4M4,A0A286ZV23,A0A286ZQA1,A0A286ZPK2,F2Z558,D3K5N7 G1TVU3,G1T895,G1TIX5,G1SZE4,G1SIC9,G1TFL8,G1SDY5,G1TAE2
10049 F1S6Z4,K7GR70,A0A286ZV23,A0A286ZQA1,F2Z558,A0A287BHC9,F1SAQ3,D3K5N7 G1TK20,G1T143,G1SZE4,G1SIC9,G1SDY5,G1SMY6,G1STP0,G1TAE2
10049 F1S6Z4,K7GR70,A0A286ZV23,A0A286ZQA1,F2Z558,A0A287BHC9,F1SAQ3,D3K5N7 G1TK20,G1T143,G1SZE4,G1SZT9,G1SDY5,G1SMY6,G1STP0,G1TAE2
5332 A0A287AH55,Q9TUB2,A0A286ZV23,A0A287B4M4,A0A286ZQA1,F2Z558,A0A287AE86,D3K5N7 G1U0F4,G1TVU3,G1SZE4,G1TIX5,G1SIC9,G1SDY5,G1T109,G1TAE2
11545 K7GNR7,Q9TUB2,F1RHK6,A0A287BHC9,F2Z558,A0A287A2J9,A0A286ZS33,D3K5N7 G1T4L2,G1T143,G1SZT9,G1SMY6,G1SDY5,G1SZR6,G1SKM1,G1TAE2
3175 A0A286ZV23,Q9TUB2,K7GR70,Q6KBX4,F1RFL8,D3K5N7,P79307,F2Z558 G1SZE4,G1TIX5,G1TVU3,G1SLW7,G1SJT1,G1TAE2,G1SZM2,G1SDY5
3175 A0A286ZV23,Q9TUB2,K7GR70,F1SPK0,A0A287BPQ8,D3K5N7,P79307,F2Z558 G1SZE4,G1TIX5,G1TVU3,G1T4N0,G1SZ81,G1TAE2,G1SZM2,G1SDY5
8929 A0A286ZZJ6,D3K5N7,A0A286ZV23,F2Z558,A0A287B4M4,A0A286ZQA1,A0A287ARW8,Q9TUB2 G1SL61,G1TAE2,G1SZE4,G1SDY5,G1TIX5,G1SIC9,G1SV33,G1TVU3
6758 A0A286ZV23,F1SV57,A0A287B4M4,K7GR70,D3K5N7,A0A287B9N1,F2Z558,P79307 G1SZE4,G1SUW9,G1TIX5,G1T143,G1TAE2,G1TNG2,G1SDY5,G1SZM2
6758 A0A286ZV23,Q6KBX4,A0A287B4M4,K7GR70,D3K5N7,F1RFL8,F2Z558,P79307 G1SZE4,G1SLW7,G1TIX5,G1T143,G1TAE2,G1SJT1,G1SDY5,G1SZM2
6758 A0A286ZV23,F1SPK0,A0A287B4M4,K7GR70,D3K5N7,A0A287BPQ8,F2Z558,P79307 G1SZE4,G1T4N0,G1TIX5,G1T143,G1TAE2,G1SZ81,G1SDY5,G1SZM2
4358 A0A286ZV23,A0A286ZX26,A0A286ZS33,D3K5N7,A0A287B4M4,A0A287B836,F2Z558,F1RHK6 G1SZE4,G1TUA3,G1SKM1,G1TAE2,G1T143,G1TMZ6,G1SDY5,G1SZT9
3784 A0A286ZKC0,F1SPP2,Q9TUB2,K7GR70,A0A287BHC9,F2Z558,P79307,A0A287AJF5 G1SJX7,G1SHD1,G1SIC9,G1TVU3,G1SMY6,G1SDY5,G1SZM2,G1SEA4
3784 A0A286ZKC0,F1SPP2,Q9TUB2,K7GR70,A0A287BHC9,F2Z558,P79307,A0A287AJF5 G1SJX7,G1SHD1,G1TIX5,G1TVU3,G1SMY6,G1SDY5,G1SZM2,G1SEA4
3784 A0A286ZKC0,F1SPP2,D3K5N7,F2Z558,A0A287BHC9,K7GR70,P79307,A0A287AJF5 G1SJX7,G1SHD1,G1SIC9,G1TVU3,G1SMY6,G1SDY5,G1SZM2,G1SEA4
3784 A0A286ZKC0,F1SPP2,D3K5N7,F2Z558,A0A287BHC9,K7GR70,P79307,A0A287AJF5 G1SJX7,G1SHD1,G1TIX5,G1TVU3,G1SMY6,G1SDY5,G1SZM2,G1SEA4
4374 A0A286ZV23,F1RPZ0,A0A287B4M4,Q9TUB2,D3K5N7,A0A287AVH0,A0A286ZQA1,F2Z558 G1SZE4,G1TDL3,G1TIX5,G1TVU3,G1TAE2,G1SNW9,G1SIC9,G1SDY5
6711 I3LEH3,P79307,A0A287B4M4,D3K5N7,A0A287BHC9,A0A286ZV23,F1RHK6,F1RUS8 G1SHN4,G1SZM2,G1TIX5,G1TAE2,G1SIC9,G1SZE4,G1SZT9,G1TEU8
6711 I3LEH3,P79307,Q9TUB2,D3K5N7,A0A287BHC9,A0A286ZV23,F1RHK6,F1RUS8 G1SHN4,G1SZM2,G1TIX5,G1TAE2,G1SIC9,G1SZE4,G1SZT9,G1TEU8
4113 F1SJS3,A0A287B4M4,K7GL93,A0A286ZV23,P79307,A0A287BHC9,K7GR70,A0A287ABH5 G1SPU4,G1TIX5,G1TAL4,G1SZE4,G1SZM2,G1SMY6,G1T143,G1T9U0
6737 Q9TUB2,A0A286ZI26,A0A286ZV23,F1RHK6,A0A286ZQA1,A0A287B4M4,D3K5N7,F1SRE0 G1TVU3,G1SUG3,G1SZE4,G1SZT9,G1SIC9,G1TIX5,G1TAE2,G1SS22
