1 / 11008
12 / 11008
23 / 11008
34 / 11008
45 / 11008
56 / 11008
67 / 11008
78 / 11008
89 / 11008
100 / 11008
111 / 11008
122 / 11008
133 / 11008
144 / 11008
155 / 11008
166 / 11008
177 / 11008
188 / 11008
199 / 11008
210 / 11008
221 / 11008
232 / 11008
243 / 11008
254 / 11008
265 / 11008
276 / 11008
287 / 11008
298 / 11008
309 / 11008
320 / 11008
331 / 11008
342 / 11008
353 / 11008
364 / 11008
375 / 11008
386 / 11008
397 / 11008
408 / 11008
419 / 11008
430 / 11008
441 / 11008
452 / 11008
463 / 11008
474 / 11008
485 / 11008
496 / 11008
507 / 11008
518 / 11008
529 / 11008
540 / 11008
551 / 11008
562 / 11008
573 / 11008
584 / 11008
595 / 11008
606 / 11008
617 / 11008
628 / 11008
639 / 11008
650 / 11008
661 / 11008
672 / 11008
683 / 11008
694 / 11008
705 / 11008
716 / 11008
727 / 11008
738 / 11008
749 / 11008
760 / 11008
771 / 11008
782 / 11008
793 / 11008
804 / 11008
815 / 11008
826 / 11008
837 / 11008
848 / 11008
859 / 11008
870 / 11008
881 / 11008
892 / 11008
903 / 11008
914 / 11008
925 / 11008
936 / 11008
947 / 11008
958 / 11008
969 / 11008
980 / 11008
991 / 11008
1002 / 11008
1013 / 11008
1024 / 11008
1035 / 11008
1046 / 11008
1057 / 11008
1068 / 11008
1079 / 11008
1090 / 11008
1101 / 11008
1112 / 11008
1123 / 11008
1134 / 11008
1145 / 11008
1156 / 11008
1167 / 11008
1178 / 11008
1189 / 11008
1200 / 11008
1211 / 11008
1222 / 11008
1233 / 11008
1244 / 11008
1255 / 11008
1266 / 11008
1277 / 11008
1288 / 11008
1299 / 11008
1310 / 11008
1321 / 11008
1332 / 11008
1343 / 11008
1354 / 11008
1365 / 11008
1377 / 11008
1388 / 11008
1399 / 11008
1410 / 11008
1421 / 11008
1432 / 11008
1443 / 11008
1454 / 11008
1465 / 11008
1476 / 11008
1487 / 11008
1498 / 11008
1509 / 11008
1520 / 11008
1531 / 11008
1542 / 11008
1553 / 11008
1564 / 11008
1575 / 11008
1586 / 11008
1597 / 11008
1608 / 11008
1619 / 11008
1630 / 11008
1641 / 11008
1652 / 11008
1663 / 11008
1674 / 11008
1685 / 11008
1696 / 11008
1707 / 11008
1718 / 11008
1729 / 11008
1740 / 11008
1751 / 11008
1762 / 11008
1773 / 11008
1784 / 11008
1795 / 11008
1806 / 11008
1817 / 11008
1828 / 11008
1839 / 11008
1850 / 11008
1861 / 11008
1872 / 11008
1883 / 11008
1894 / 11008
1905 / 11008
1916 / 11008
1927 / 11008
1938 / 11008
1949 / 11008
1960 / 11008
1971 / 11008
1982 / 11008
1993 / 11008
2004 / 11008
2015 / 11008
2026 / 11008
2037 / 11008
2048 / 11008
2059 / 11008
2070 / 11008
2081 / 11008
2092 / 11008
2103 / 11008
2114 / 11008
2125 / 11008
2136 / 11008
2147 / 11008
2158 / 11008
2169 / 11008
2180 / 11008
2191 / 11008
2202 / 11008
2213 / 11008
2224 / 11008
2235 / 11008
2246 / 11008
2257 / 11008
2268 / 11008
2279 / 11008
2290 / 11008
2301 / 11008
2312 / 11008
2323 / 11008
2334 / 11008
2345 / 11008
2356 / 11008
2367 / 11008
2378 / 11008
2389 / 11008
2400 / 11008
2411 / 11008
2422 / 11008
2433 / 11008
2444 / 11008
2455 / 11008
2466 / 11008
2477 / 11008
2488 / 11008
2499 / 11008
2510 / 11008
2521 / 11008
2532 / 11008
2543 / 11008
2554 / 11008
2565 / 11008
2576 / 11008
2587 / 11008
2598 / 11008
2609 / 11008
2620 / 11008
2631 / 11008
2642 / 11008
2653 / 11008
2664 / 11008
2675 / 11008
2686 / 11008
2697 / 11008
2708 / 11008
2719 / 11008
2730 / 11008
2741 / 11008
2753 / 11008
2764 / 11008
2775 / 11008
2786 / 11008
2797 / 11008
2808 / 11008
2819 / 11008
2830 / 11008
2841 / 11008
2852 / 11008
2863 / 11008
2874 / 11008
2885 / 11008
2896 / 11008
2907 / 11008
2918 / 11008
2929 / 11008
2940 / 11008
2951 / 11008
2962 / 11008
2973 / 11008
2984 / 11008
2995 / 11008
3006 / 11008
3017 / 11008
3028 / 11008
3039 / 11008
3050 / 11008
3061 / 11008
3072 / 11008
3083 / 11008
3094 / 11008
3105 / 11008
3116 / 11008
3127 / 11008
3138 / 11008
3149 / 11008
3160 / 11008
3171 / 11008
3182 / 11008
3193 / 11008
3204 / 11008
3215 / 11008
3226 / 11008
3237 / 11008
3248 / 11008
3259 / 11008
3270 / 11008
3281 / 11008
3292 / 11008
3303 / 11008
3314 / 11008
3325 / 11008
3336 / 11008
3347 / 11008
3358 / 11008
3369 / 11008
3380 / 11008
3391 / 11008
3402 / 11008
3413 / 11008
3424 / 11008
3435 / 11008
3446 / 11008
3457 / 11008
3468 / 11008
3479 / 11008
3490 / 11008
3501 / 11008
3512 / 11008
3523 / 11008
3534 / 11008
3545 / 11008
3556 / 11008
3567 / 11008
3578 / 11008
3589 / 11008
3600 / 11008
3611 / 11008
3622 / 11008
3633 / 11008
3644 / 11008
3655 / 11008
3666 / 11008
3677 / 11008
3688 / 11008
3699 / 11008
3710 / 11008
3721 / 11008
3732 / 11008
3743 / 11008
3754 / 11008
3765 / 11008
3776 / 11008
3787 / 11008
3798 / 11008
3809 / 11008
3820 / 11008
3831 / 11008
3842 / 11008
3853 / 11008
3864 / 11008
3875 / 11008
3886 / 11008
3897 / 11008
3908 / 11008
3919 / 11008
3930 / 11008
3941 / 11008
3952 / 11008
3963 / 11008
3974 / 11008
3985 / 11008
3996 / 11008
4007 / 11008
4018 / 11008
4029 / 11008
4040 / 11008
4051 / 11008
4062 / 11008
4073 / 11008
4084 / 11008
4095 / 11008
4106 / 11008
4117 / 11008
4129 / 11008
4140 / 11008
4151 / 11008
4162 / 11008
4173 / 11008
4184 / 11008
4195 / 11008
4206 / 11008
4217 / 11008
4228 / 11008
4239 / 11008
4250 / 11008
4261 / 11008
4272 / 11008
4283 / 11008
4294 / 11008
4305 / 11008
4316 / 11008
4327 / 11008
4338 / 11008
4349 / 11008
4360 / 11008
4371 / 11008
4382 / 11008
4393 / 11008
4404 / 11008
4415 / 11008
4426 / 11008
4437 / 11008
4448 / 11008
4459 / 11008
4470 / 11008
4481 / 11008
4492 / 11008
4503 / 11008
4514 / 11008
4525 / 11008
4536 / 11008
4547 / 11008
4558 / 11008
4569 / 11008
4580 / 11008
4591 / 11008
4602 / 11008
4613 / 11008
4624 / 11008
4635 / 11008
4646 / 11008
4657 / 11008
4668 / 11008
4679 / 11008
4690 / 11008
4701 / 11008
4712 / 11008
4723 / 11008
4734 / 11008
4745 / 11008
4756 / 11008
4767 / 11008
4778 / 11008
4789 / 11008
4800 / 11008
4811 / 11008
4822 / 11008
4833 / 11008
4844 / 11008
4855 / 11008
4866 / 11008
4877 / 11008
4888 / 11008
4899 / 11008
4910 / 11008
4921 / 11008
4932 / 11008
4943 / 11008
4954 / 11008
4965 / 11008
4976 / 11008
4987 / 11008
4998 / 11008
5009 / 11008
5020 / 11008
5031 / 11008
5042 / 11008
5053 / 11008
5064 / 11008
5075 / 11008
5086 / 11008
5097 / 11008
5108 / 11008
5119 / 11008
5130 / 11008
5141 / 11008
5152 / 11008
5163 / 11008
5174 / 11008
5185 / 11008
5196 / 11008
5207 / 11008
5218 / 11008
5229 / 11008
5240 / 11008
5251 / 11008
5262 / 11008
5273 / 11008
5284 / 11008
5295 / 11008
5306 / 11008
5317 / 11008
5328 / 11008
5339 / 11008
5350 / 11008
5361 / 11008
5372 / 11008
5383 / 11008
5394 / 11008
5405 / 11008
5416 / 11008
5427 / 11008
5438 / 11008
5449 / 11008
5460 / 11008
5471 / 11008
5482 / 11008
5493 / 11008
5505 / 11008
5516 / 11008
5527 / 11008
5538 / 11008
5549 / 11008
5560 / 11008
5571 / 11008
5582 / 11008
5593 / 11008
5604 / 11008
5615 / 11008
5626 / 11008
5637 / 11008
5648 / 11008
5659 / 11008
5670 / 11008
5681 / 11008
5692 / 11008
5703 / 11008
5714 / 11008
5725 / 11008
5736 / 11008
5747 / 11008
5758 / 11008
5769 / 11008
5780 / 11008
5791 / 11008
5802 / 11008
5813 / 11008
5824 / 11008
5835 / 11008
5846 / 11008
5857 / 11008
5868 / 11008
5879 / 11008
5890 / 11008
5901 / 11008
5912 / 11008
5923 / 11008
5934 / 11008
5945 / 11008
5956 / 11008
5967 / 11008
5978 / 11008
5989 / 11008
6000 / 11008
6011 / 11008
6022 / 11008
6033 / 11008
6044 / 11008
6055 / 11008
6066 / 11008
6077 / 11008
6088 / 11008
6099 / 11008
6110 / 11008
6121 / 11008
6132 / 11008
6143 / 11008
6154 / 11008
6165 / 11008
6176 / 11008
6187 / 11008
6198 / 11008
6209 / 11008
6220 / 11008
6231 / 11008
6242 / 11008
6253 / 11008
6264 / 11008
6275 / 11008
6286 / 11008
6297 / 11008
6308 / 11008
6319 / 11008
6330 / 11008
6341 / 11008
6352 / 11008
6363 / 11008
6374 / 11008
6385 / 11008
6396 / 11008
6407 / 11008
6418 / 11008
6429 / 11008
6440 / 11008
6451 / 11008
6462 / 11008
6473 / 11008
6484 / 11008
6495 / 11008
6506 / 11008
6517 / 11008
6528 / 11008
6539 / 11008
6550 / 11008
6561 / 11008
6572 / 11008
6583 / 11008
6594 / 11008
6605 / 11008
6616 / 11008
6627 / 11008
6638 / 11008
6649 / 11008
6660 / 11008
6671 / 11008
6682 / 11008
6693 / 11008
6704 / 11008
6715 / 11008
6726 / 11008
6737 / 11008
6748 / 11008
6759 / 11008
6770 / 11008
6781 / 11008
6792 / 11008
6803 / 11008
6814 / 11008
6825 / 11008
6836 / 11008
6847 / 11008
6858 / 11008
6869 / 11008
6881 / 11008
6892 / 11008
6903 / 11008
6914 / 11008
6925 / 11008
6936 / 11008
6947 / 11008
6958 / 11008
6969 / 11008
6980 / 11008
6991 / 11008
7002 / 11008
7013 / 11008
7024 / 11008
7035 / 11008
7046 / 11008
7057 / 11008
7068 / 11008
7079 / 11008
7090 / 11008
7101 / 11008
7112 / 11008
7123 / 11008
7134 / 11008
7145 / 11008
7156 / 11008
7167 / 11008
7178 / 11008
7189 / 11008
7200 / 11008
7211 / 11008
7222 / 11008
7233 / 11008
7244 / 11008
7255 / 11008
7266 / 11008
7277 / 11008
7288 / 11008
7299 / 11008
7310 / 11008
7321 / 11008
7332 / 11008
7343 / 11008
7354 / 11008
7365 / 11008
7376 / 11008
7387 / 11008
7398 / 11008
7409 / 11008
7420 / 11008
7431 / 11008
7442 / 11008
7453 / 11008
7464 / 11008
7475 / 11008
7486 / 11008
7497 / 11008
7508 / 11008
7519 / 11008
7530 / 11008
7541 / 11008
7552 / 11008
7563 / 11008
7574 / 11008
7585 / 11008
7596 / 11008
7607 / 11008
7618 / 11008
7629 / 11008
7640 / 11008
7651 / 11008
7662 / 11008
7673 / 11008
7684 / 11008
7695 / 11008
7706 / 11008
7717 / 11008
7728 / 11008
7739 / 11008
7750 / 11008
7761 / 11008
7772 / 11008
7783 / 11008
7794 / 11008
7805 / 11008
7816 / 11008
7827 / 11008
7838 / 11008
7849 / 11008
7860 / 11008
7871 / 11008
7882 / 11008
7893 / 11008
7904 / 11008
7915 / 11008
7926 / 11008
7937 / 11008
7948 / 11008
7959 / 11008
7970 / 11008
7981 / 11008
7992 / 11008
8003 / 11008
8014 / 11008
8025 / 11008
8036 / 11008
8047 / 11008
8058 / 11008
8069 / 11008
8080 / 11008
8091 / 11008
8102 / 11008
8113 / 11008
8124 / 11008
8135 / 11008
8146 / 11008
8157 / 11008
8168 / 11008
8179 / 11008
8190 / 11008
8201 / 11008
8212 / 11008
8223 / 11008
8234 / 11008
8245 / 11008
8257 / 11008
8268 / 11008
8279 / 11008
8290 / 11008
8301 / 11008
8312 / 11008
8323 / 11008
8334 / 11008
8345 / 11008
8356 / 11008
8367 / 11008
8378 / 11008
8389 / 11008
8400 / 11008
8411 / 11008
8422 / 11008
8433 / 11008
8444 / 11008
8455 / 11008
8466 / 11008
8477 / 11008
8488 / 11008
8499 / 11008
8510 / 11008
8521 / 11008
8532 / 11008
8543 / 11008
8554 / 11008
8565 / 11008
8576 / 11008
8587 / 11008
8598 / 11008
8609 / 11008
8620 / 11008
8631 / 11008
8642 / 11008
8653 / 11008
8664 / 11008
8675 / 11008
8686 / 11008
8697 / 11008
8708 / 11008
8719 / 11008
8730 / 11008
8741 / 11008
8752 / 11008
8763 / 11008
8774 / 11008
8785 / 11008
8796 / 11008
8807 / 11008
8818 / 11008
8829 / 11008
8840 / 11008
8851 / 11008
8862 / 11008
8873 / 11008
8884 / 11008
8895 / 11008
8906 / 11008
8917 / 11008
8928 / 11008
8939 / 11008
8950 / 11008
8961 / 11008
8972 / 11008
8983 / 11008
8994 / 11008
9005 / 11008
9016 / 11008
9027 / 11008
9038 / 11008
9049 / 11008
9060 / 11008
9071 / 11008
9082 / 11008
9093 / 11008
9104 / 11008
9115 / 11008
9126 / 11008
9137 / 11008
9148 / 11008
9159 / 11008
9170 / 11008
9181 / 11008
9192 / 11008
9203 / 11008
9214 / 11008
9225 / 11008
9236 / 11008
9247 / 11008
9258 / 11008
9269 / 11008
9280 / 11008
9291 / 11008
9302 / 11008
9313 / 11008
9324 / 11008
9335 / 11008
9346 / 11008
9357 / 11008
9368 / 11008
9379 / 11008
9390 / 11008
9401 / 11008
9412 / 11008
9423 / 11008
9434 / 11008
9445 / 11008
9456 / 11008
9467 / 11008
9478 / 11008
9489 / 11008
9500 / 11008
9511 / 11008
9522 / 11008
9533 / 11008
9544 / 11008
9555 / 11008
9566 / 11008
9577 / 11008
9588 / 11008
9599 / 11008
9610 / 11008
9621 / 11008
9633 / 11008
9644 / 11008
9655 / 11008
9666 / 11008
9677 / 11008
9688 / 11008
9699 / 11008
9710 / 11008
9721 / 11008
9732 / 11008
9743 / 11008
9754 / 11008
9765 / 11008
9776 / 11008
9787 / 11008
9798 / 11008
9809 / 11008
9820 / 11008
9831 / 11008
9842 / 11008
9853 / 11008
9864 / 11008
9875 / 11008
9886 / 11008
9897 / 11008
9908 / 11008
9919 / 11008
9930 / 11008
9941 / 11008
9952 / 11008
9963 / 11008
9974 / 11008
9985 / 11008
9996 / 11008
10007 / 11008
10018 / 11008
10029 / 11008
10040 / 11008
10051 / 11008
10062 / 11008
10073 / 11008
10084 / 11008
10095 / 11008
10106 / 11008
10117 / 11008
10128 / 11008
10139 / 11008
10150 / 11008
10161 / 11008
10172 / 11008
10183 / 11008
10194 / 11008
10205 / 11008
10216 / 11008
10227 / 11008
10238 / 11008
10249 / 11008
10260 / 11008
10271 / 11008
10282 / 11008
10293 / 11008
10304 / 11008
10315 / 11008
10326 / 11008
10337 / 11008
10348 / 11008
10359 / 11008
10370 / 11008
10381 / 11008
10392 / 11008
10403 / 11008
10414 / 11008
10425 / 11008
10436 / 11008
10447 / 11008
10458 / 11008
10469 / 11008
10480 / 11008
10491 / 11008
10502 / 11008
10513 / 11008
10524 / 11008
10535 / 11008
10546 / 11008
10557 / 11008
10568 / 11008
10579 / 11008
10590 / 11008
10601 / 11008
10612 / 11008
10623 / 11008
10634 / 11008
10645 / 11008
10656 / 11008
10667 / 11008
10678 / 11008
10689 / 11008
10700 / 11008
10711 / 11008
10722 / 11008
10733 / 11008
10744 / 11008
10755 / 11008
10766 / 11008
10777 / 11008
10788 / 11008
10799 / 11008
10810 / 11008
10821 / 11008
10832 / 11008
10843 / 11008
10854 / 11008
10865 / 11008
10876 / 11008
10887 / 11008
10898 / 11008
10909 / 11008
10920 / 11008
10931 / 11008
10942 / 11008
10953 / 11008
10964 / 11008
10975 / 11008
10986 / 11008
10997 / 11008
