using old nif file for human
using old odv file for human
using old odv file for pig
1 / 16105
17 / 16105
33 / 16105
49 / 16105
65 / 16105
81 / 16105
97 / 16105
113 / 16105
129 / 16105
145 / 16105
162 / 16105
178 / 16105
194 / 16105
210 / 16105
226 / 16105
242 / 16105
258 / 16105
274 / 16105
290 / 16105
306 / 16105
323 / 16105
339 / 16105
355 / 16105
371 / 16105
387 / 16105
403 / 16105
419 / 16105
435 / 16105
451 / 16105
468 / 16105
484 / 16105
500 / 16105
516 / 16105
532 / 16105
548 / 16105
564 / 16105
580 / 16105
596 / 16105
612 / 16105
629 / 16105
645 / 16105
661 / 16105
677 / 16105
693 / 16105
709 / 16105
725 / 16105
741 / 16105
757 / 16105
774 / 16105
790 / 16105
806 / 16105
822 / 16105
838 / 16105
854 / 16105
870 / 16105
886 / 16105
902 / 16105
918 / 16105
935 / 16105
951 / 16105
967 / 16105
983 / 16105
999 / 16105
1015 / 16105
1031 / 16105
1047 / 16105
1063 / 16105
1080 / 16105
1096 / 16105
1112 / 16105
1128 / 16105
1144 / 16105
1160 / 16105
1176 / 16105
1192 / 16105
1208 / 16105
1224 / 16105
1241 / 16105
1257 / 16105
1273 / 16105
1289 / 16105
1305 / 16105
1321 / 16105
1337 / 16105
1353 / 16105
1369 / 16105
1386 / 16105
1402 / 16105
1418 / 16105
1434 / 16105
1450 / 16105
1466 / 16105
1482 / 16105
1498 / 16105
1514 / 16105
1530 / 16105
1547 / 16105
1563 / 16105
1579 / 16105
1595 / 16105
1611 / 16105
1627 / 16105
1643 / 16105
1659 / 16105
1675 / 16105
1692 / 16105
1708 / 16105
1724 / 16105
1740 / 16105
1756 / 16105
1772 / 16105
1788 / 16105
1804 / 16105
1820 / 16105
1836 / 16105
1853 / 16105
1869 / 16105
1885 / 16105
1901 / 16105
1917 / 16105
1933 / 16105
1949 / 16105
1965 / 16105
1981 / 16105
1998 / 16105
2014 / 16105
2030 / 16105
2046 / 16105
2062 / 16105
2078 / 16105
2094 / 16105
2110 / 16105
2126 / 16105
2142 / 16105
2159 / 16105
2175 / 16105
2191 / 16105
2207 / 16105
2223 / 16105
2239 / 16105
2255 / 16105
2271 / 16105
2287 / 16105
2304 / 16105
2320 / 16105
2336 / 16105
2352 / 16105
2368 / 16105
2384 / 16105
2400 / 16105
2416 / 16105
2432 / 16105
2448 / 16105
2465 / 16105
2481 / 16105
2497 / 16105
2513 / 16105
2529 / 16105
2545 / 16105
2561 / 16105
2577 / 16105
2593 / 16105
2610 / 16105
2626 / 16105
2642 / 16105
2658 / 16105
2674 / 16105
2690 / 16105
2706 / 16105
2722 / 16105
2738 / 16105
2754 / 16105
2771 / 16105
2787 / 16105
2803 / 16105
2819 / 16105
2835 / 16105
2851 / 16105
2867 / 16105
2883 / 16105
2899 / 16105
2916 / 16105
2932 / 16105
2948 / 16105
2964 / 16105
2980 / 16105
2996 / 16105
3012 / 16105
3028 / 16105
3044 / 16105
3060 / 16105
3077 / 16105
3093 / 16105
3109 / 16105
3125 / 16105
3141 / 16105
3157 / 16105
3173 / 16105
3189 / 16105
3205 / 16105
3222 / 16105
3238 / 16105
3254 / 16105
3270 / 16105
3286 / 16105
3302 / 16105
3318 / 16105
3334 / 16105
3350 / 16105
3366 / 16105
3383 / 16105
3399 / 16105
3415 / 16105
3431 / 16105
3447 / 16105
3463 / 16105
3479 / 16105
3495 / 16105
3511 / 16105
3527 / 16105
3544 / 16105
3560 / 16105
3576 / 16105
3592 / 16105
3608 / 16105
3624 / 16105
3640 / 16105
3656 / 16105
3672 / 16105
3689 / 16105
3705 / 16105
3721 / 16105
3737 / 16105
3753 / 16105
3769 / 16105
3785 / 16105
3801 / 16105
3817 / 16105
3833 / 16105
3850 / 16105
3866 / 16105
3882 / 16105
3898 / 16105
3914 / 16105
3930 / 16105
3946 / 16105
3962 / 16105
3978 / 16105
3995 / 16105
4011 / 16105
4027 / 16105
4043 / 16105
4059 / 16105
4075 / 16105
4091 / 16105
4107 / 16105
4123 / 16105
4139 / 16105
4156 / 16105
4172 / 16105
4188 / 16105
4204 / 16105
4220 / 16105
4236 / 16105
4252 / 16105
4268 / 16105
4284 / 16105
4301 / 16105
4317 / 16105
4333 / 16105
4349 / 16105
4365 / 16105
4381 / 16105
4397 / 16105
4413 / 16105
4429 / 16105
4445 / 16105
4462 / 16105
4478 / 16105
4494 / 16105
4510 / 16105
4526 / 16105
4542 / 16105
4558 / 16105
4574 / 16105
4590 / 16105
4607 / 16105
4623 / 16105
4639 / 16105
4655 / 16105
4671 / 16105
4687 / 16105
4703 / 16105
4719 / 16105
4735 / 16105
4751 / 16105
4768 / 16105
4784 / 16105
4800 / 16105
4816 / 16105
4832 / 16105
4848 / 16105
4864 / 16105
4880 / 16105
4896 / 16105
4913 / 16105
4929 / 16105
4945 / 16105
4961 / 16105
4977 / 16105
4993 / 16105
5009 / 16105
5025 / 16105
5041 / 16105
5057 / 16105
5074 / 16105
5090 / 16105
5106 / 16105
5122 / 16105
5138 / 16105
5154 / 16105
5170 / 16105
5186 / 16105
5202 / 16105
5219 / 16105
5235 / 16105
5251 / 16105
5267 / 16105
5283 / 16105
5299 / 16105
5315 / 16105
5331 / 16105
5347 / 16105
5363 / 16105
5380 / 16105
5396 / 16105
5412 / 16105
5428 / 16105
5444 / 16105
5460 / 16105
5476 / 16105
5492 / 16105
5508 / 16105
5525 / 16105
5541 / 16105
5557 / 16105
5573 / 16105
5589 / 16105
5605 / 16105
5621 / 16105
5637 / 16105
5653 / 16105
5669 / 16105
5686 / 16105
5702 / 16105
5718 / 16105
5734 / 16105
5750 / 16105
5766 / 16105
5782 / 16105
5798 / 16105
5814 / 16105
5831 / 16105
5847 / 16105
5863 / 16105
5879 / 16105
5895 / 16105
5911 / 16105
5927 / 16105
5943 / 16105
5959 / 16105
5975 / 16105
5992 / 16105
6008 / 16105
6024 / 16105
6040 / 16105
6056 / 16105
6072 / 16105
6088 / 16105
6104 / 16105
6120 / 16105
6137 / 16105
6153 / 16105
6169 / 16105
6185 / 16105
6201 / 16105
6217 / 16105
6233 / 16105
6249 / 16105
6265 / 16105
6281 / 16105
6298 / 16105
6314 / 16105
6330 / 16105
6346 / 16105
6362 / 16105
6378 / 16105
6394 / 16105
6410 / 16105
6426 / 16105
6443 / 16105
6459 / 16105
6475 / 16105
6491 / 16105
6507 / 16105
6523 / 16105
6539 / 16105
6555 / 16105
6571 / 16105
6587 / 16105
6604 / 16105
6620 / 16105
6636 / 16105
6652 / 16105
6668 / 16105
6684 / 16105
6700 / 16105
6716 / 16105
6732 / 16105
6748 / 16105
6765 / 16105
6781 / 16105
6797 / 16105
6813 / 16105
6829 / 16105
6845 / 16105
6861 / 16105
6877 / 16105
6893 / 16105
6910 / 16105
6926 / 16105
6942 / 16105
6958 / 16105
6974 / 16105
6990 / 16105
7006 / 16105
7022 / 16105
7038 / 16105
7054 / 16105
7071 / 16105
7087 / 16105
7103 / 16105
7119 / 16105
7135 / 16105
7151 / 16105
7167 / 16105
7183 / 16105
7199 / 16105
7216 / 16105
7232 / 16105
7248 / 16105
7264 / 16105
7280 / 16105
7296 / 16105
7312 / 16105
7328 / 16105
7344 / 16105
7360 / 16105
7377 / 16105
7393 / 16105
7409 / 16105
7425 / 16105
7441 / 16105
7457 / 16105
7473 / 16105
7489 / 16105
7505 / 16105
7522 / 16105
7538 / 16105
7554 / 16105
7570 / 16105
7586 / 16105
7602 / 16105
7618 / 16105
7634 / 16105
7650 / 16105
7666 / 16105
7683 / 16105
7699 / 16105
7715 / 16105
7731 / 16105
7747 / 16105
7763 / 16105
7779 / 16105
7795 / 16105
7811 / 16105
7828 / 16105
7844 / 16105
7860 / 16105
7876 / 16105
7892 / 16105
7908 / 16105
7924 / 16105
7940 / 16105
7956 / 16105
7972 / 16105
7989 / 16105
8005 / 16105
8021 / 16105
8037 / 16105
8053 / 16105
8069 / 16105
8085 / 16105
8101 / 16105
8117 / 16105
8134 / 16105
8150 / 16105
8166 / 16105
8182 / 16105
8198 / 16105
8214 / 16105
8230 / 16105
8246 / 16105
8262 / 16105
8278 / 16105
8295 / 16105
8311 / 16105
8327 / 16105
8343 / 16105
8359 / 16105
8375 / 16105
8391 / 16105
8407 / 16105
8423 / 16105
8440 / 16105
8456 / 16105
8472 / 16105
8488 / 16105
8504 / 16105
8520 / 16105
8536 / 16105
8552 / 16105
8568 / 16105
8584 / 16105
8601 / 16105
8617 / 16105
8633 / 16105
8649 / 16105
8665 / 16105
8681 / 16105
8697 / 16105
8713 / 16105
8729 / 16105
8746 / 16105
8762 / 16105
8778 / 16105
8794 / 16105
8810 / 16105
8826 / 16105
8842 / 16105
8858 / 16105
8874 / 16105
8890 / 16105
8907 / 16105
8923 / 16105
8939 / 16105
8955 / 16105
8971 / 16105
8987 / 16105
9003 / 16105
9019 / 16105
9035 / 16105
9052 / 16105
9068 / 16105
9084 / 16105
9100 / 16105
9116 / 16105
9132 / 16105
9148 / 16105
9164 / 16105
9180 / 16105
9196 / 16105
9213 / 16105
9229 / 16105
9245 / 16105
9261 / 16105
9277 / 16105
9293 / 16105
9309 / 16105
9325 / 16105
9341 / 16105
9358 / 16105
9374 / 16105
9390 / 16105
9406 / 16105
9422 / 16105
9438 / 16105
9454 / 16105
9470 / 16105
9486 / 16105
9502 / 16105
9519 / 16105
9535 / 16105
9551 / 16105
9567 / 16105
9583 / 16105
9599 / 16105
9615 / 16105
9631 / 16105
9647 / 16105
9664 / 16105
9680 / 16105
9696 / 16105
9712 / 16105
9728 / 16105
9744 / 16105
9760 / 16105
9776 / 16105
9792 / 16105
9808 / 16105
9825 / 16105
9841 / 16105
9857 / 16105
9873 / 16105
9889 / 16105
9905 / 16105
9921 / 16105
9937 / 16105
9953 / 16105
9969 / 16105
9986 / 16105
10002 / 16105
10018 / 16105
10034 / 16105
10050 / 16105
10066 / 16105
10082 / 16105
10098 / 16105
10114 / 16105
10131 / 16105
10147 / 16105
10163 / 16105
10179 / 16105
10195 / 16105
10211 / 16105
10227 / 16105
10243 / 16105
10259 / 16105
10275 / 16105
10292 / 16105
10308 / 16105
10324 / 16105
10340 / 16105
10356 / 16105
10372 / 16105
10388 / 16105
10404 / 16105
10420 / 16105
10437 / 16105
10453 / 16105
10469 / 16105
10485 / 16105
10501 / 16105
10517 / 16105
10533 / 16105
10549 / 16105
10565 / 16105
10581 / 16105
10598 / 16105
10614 / 16105
10630 / 16105
10646 / 16105
10662 / 16105
10678 / 16105
10694 / 16105
10710 / 16105
10726 / 16105
10743 / 16105
10759 / 16105
10775 / 16105
10791 / 16105
10807 / 16105
10823 / 16105
10839 / 16105
10855 / 16105
10871 / 16105
10887 / 16105
10904 / 16105
10920 / 16105
10936 / 16105
10952 / 16105
10968 / 16105
10984 / 16105
11000 / 16105
11016 / 16105
11032 / 16105
11049 / 16105
11065 / 16105
11081 / 16105
11097 / 16105
11113 / 16105
11129 / 16105
11145 / 16105
11161 / 16105
11177 / 16105
11193 / 16105
11210 / 16105
11226 / 16105
11242 / 16105
11258 / 16105
11274 / 16105
11290 / 16105
11306 / 16105
11322 / 16105
11338 / 16105
11355 / 16105
11371 / 16105
11387 / 16105
11403 / 16105
11419 / 16105
11435 / 16105
11451 / 16105
11467 / 16105
11483 / 16105
11499 / 16105
11516 / 16105
11532 / 16105
11548 / 16105
11564 / 16105
11580 / 16105
11596 / 16105
11612 / 16105
11628 / 16105
11644 / 16105
11661 / 16105
11677 / 16105
11693 / 16105
11709 / 16105
11725 / 16105
11741 / 16105
11757 / 16105
11773 / 16105
11789 / 16105
11805 / 16105
11822 / 16105
11838 / 16105
11854 / 16105
11870 / 16105
11886 / 16105
11902 / 16105
11918 / 16105
11934 / 16105
11950 / 16105
11967 / 16105
11983 / 16105
11999 / 16105
12015 / 16105
12031 / 16105
12047 / 16105
12063 / 16105
12079 / 16105
12095 / 16105
12111 / 16105
12128 / 16105
12144 / 16105
12160 / 16105
12176 / 16105
12192 / 16105
12208 / 16105
12224 / 16105
12240 / 16105
12256 / 16105
12273 / 16105
12289 / 16105
12305 / 16105
12321 / 16105
12337 / 16105
12353 / 16105
12369 / 16105
12385 / 16105
12401 / 16105
12417 / 16105
12434 / 16105
12450 / 16105
12466 / 16105
12482 / 16105
12498 / 16105
12514 / 16105
12530 / 16105
12546 / 16105
12562 / 16105
12579 / 16105
12595 / 16105
12611 / 16105
12627 / 16105
12643 / 16105
12659 / 16105
12675 / 16105
12691 / 16105
12707 / 16105
12723 / 16105
12740 / 16105
12756 / 16105
12772 / 16105
12788 / 16105
12804 / 16105
12820 / 16105
12836 / 16105
12852 / 16105
12868 / 16105
12885 / 16105
12901 / 16105
12917 / 16105
12933 / 16105
12949 / 16105
12965 / 16105
12981 / 16105
12997 / 16105
13013 / 16105
13029 / 16105
13046 / 16105
13062 / 16105
13078 / 16105
13094 / 16105
13110 / 16105
13126 / 16105
13142 / 16105
13158 / 16105
13174 / 16105
13190 / 16105
13207 / 16105
13223 / 16105
13239 / 16105
13255 / 16105
13271 / 16105
13287 / 16105
13303 / 16105
13319 / 16105
13335 / 16105
13352 / 16105
13368 / 16105
13384 / 16105
13400 / 16105
13416 / 16105
13432 / 16105
13448 / 16105
13464 / 16105
13480 / 16105
13496 / 16105
13513 / 16105
13529 / 16105
13545 / 16105
13561 / 16105
13577 / 16105
13593 / 16105
13609 / 16105
13625 / 16105
13641 / 16105
13658 / 16105
13674 / 16105
13690 / 16105
13706 / 16105
13722 / 16105
13738 / 16105
13754 / 16105
13770 / 16105
13786 / 16105
13802 / 16105
13819 / 16105
13835 / 16105
13851 / 16105
13867 / 16105
13883 / 16105
13899 / 16105
13915 / 16105
13931 / 16105
13947 / 16105
13964 / 16105
13980 / 16105
13996 / 16105
14012 / 16105
14028 / 16105
14044 / 16105
14060 / 16105
14076 / 16105
14092 / 16105
14108 / 16105
14125 / 16105
14141 / 16105
14157 / 16105
14173 / 16105
14189 / 16105
14205 / 16105
14221 / 16105
14237 / 16105
14253 / 16105
14270 / 16105
14286 / 16105
14302 / 16105
14318 / 16105
14334 / 16105
14350 / 16105
14366 / 16105
14382 / 16105
14398 / 16105
14414 / 16105
14431 / 16105
14447 / 16105
14463 / 16105
14479 / 16105
14495 / 16105
14511 / 16105
14527 / 16105
14543 / 16105
14559 / 16105
14576 / 16105
14592 / 16105
14608 / 16105
14624 / 16105
14640 / 16105
14656 / 16105
14672 / 16105
14688 / 16105
14704 / 16105
14720 / 16105
14737 / 16105
14753 / 16105
14769 / 16105
14785 / 16105
14801 / 16105
14817 / 16105
14833 / 16105
14849 / 16105
14865 / 16105
14882 / 16105
14898 / 16105
14914 / 16105
14930 / 16105
14946 / 16105
14962 / 16105
14978 / 16105
14994 / 16105
15010 / 16105
15026 / 16105
15043 / 16105
15059 / 16105
15075 / 16105
15091 / 16105
15107 / 16105
15123 / 16105
15139 / 16105
15155 / 16105
15171 / 16105
15188 / 16105
15204 / 16105
15220 / 16105
15236 / 16105
15252 / 16105
15268 / 16105
15284 / 16105
15300 / 16105
15316 / 16105
15332 / 16105
15349 / 16105
15365 / 16105
15381 / 16105
15397 / 16105
15413 / 16105
15429 / 16105
15445 / 16105
15461 / 16105
15477 / 16105
15494 / 16105
15510 / 16105
15526 / 16105
15542 / 16105
15558 / 16105
15574 / 16105
15590 / 16105
15606 / 16105
15622 / 16105
15638 / 16105
15655 / 16105
15671 / 16105
15687 / 16105
15703 / 16105
15719 / 16105
15735 / 16105
15751 / 16105
15767 / 16105
15783 / 16105
15800 / 16105
15816 / 16105
15832 / 16105
15848 / 16105
15864 / 16105
15880 / 16105
15896 / 16105
15912 / 16105
15928 / 16105
15944 / 16105
15961 / 16105
15977 / 16105
15993 / 16105
16009 / 16105
16025 / 16105
16041 / 16105
16057 / 16105
16073 / 16105
16089 / 16105
