1 / 16999
17 / 16999
34 / 16999
51 / 16999
68 / 16999
85 / 16999
102 / 16999
119 / 16999
136 / 16999
153 / 16999
170 / 16999
187 / 16999
204 / 16999
221 / 16999
238 / 16999
255 / 16999
272 / 16999
289 / 16999
306 / 16999
323 / 16999
340 / 16999
357 / 16999
374 / 16999
391 / 16999
408 / 16999
425 / 16999
442 / 16999
459 / 16999
476 / 16999
493 / 16999
510 / 16999
527 / 16999
544 / 16999
561 / 16999
578 / 16999
595 / 16999
612 / 16999
629 / 16999
646 / 16999
663 / 16999
680 / 16999
697 / 16999
714 / 16999
731 / 16999
748 / 16999
765 / 16999
782 / 16999
799 / 16999
816 / 16999
833 / 16999
850 / 16999
867 / 16999
884 / 16999
901 / 16999
918 / 16999
935 / 16999
952 / 16999
969 / 16999
986 / 16999
1003 / 16999
1020 / 16999
1037 / 16999
1054 / 16999
1071 / 16999
1088 / 16999
1105 / 16999
1122 / 16999
1139 / 16999
1156 / 16999
1173 / 16999
1190 / 16999
1207 / 16999
1224 / 16999
1241 / 16999
1258 / 16999
1275 / 16999
1292 / 16999
1309 / 16999
1326 / 16999
1343 / 16999
1360 / 16999
1377 / 16999
1394 / 16999
1411 / 16999
1428 / 16999
1445 / 16999
1462 / 16999
1479 / 16999
1496 / 16999
1513 / 16999
1530 / 16999
1547 / 16999
1564 / 16999
1581 / 16999
1598 / 16999
1615 / 16999
1632 / 16999
1649 / 16999
1666 / 16999
1683 / 16999
1700 / 16999
1717 / 16999
1734 / 16999
1751 / 16999
1768 / 16999
1785 / 16999
1802 / 16999
1819 / 16999
1836 / 16999
1853 / 16999
1870 / 16999
1887 / 16999
1904 / 16999
1921 / 16999
1938 / 16999
1955 / 16999
1972 / 16999
1989 / 16999
2006 / 16999
2023 / 16999
2040 / 16999
2057 / 16999
2074 / 16999
2091 / 16999
2108 / 16999
2125 / 16999
2142 / 16999
2159 / 16999
2176 / 16999
2193 / 16999
2210 / 16999
2227 / 16999
2244 / 16999
2261 / 16999
2278 / 16999
2295 / 16999
2312 / 16999
2329 / 16999
2346 / 16999
2363 / 16999
2380 / 16999
2397 / 16999
2414 / 16999
2431 / 16999
2448 / 16999
2465 / 16999
2482 / 16999
2499 / 16999
2516 / 16999
2533 / 16999
2550 / 16999
2567 / 16999
2584 / 16999
2601 / 16999
2618 / 16999
2635 / 16999
2652 / 16999
2669 / 16999
2686 / 16999
2703 / 16999
2720 / 16999
2737 / 16999
2754 / 16999
2771 / 16999
2788 / 16999
2805 / 16999
2822 / 16999
2839 / 16999
2856 / 16999
2873 / 16999
2890 / 16999
2907 / 16999
2924 / 16999
2941 / 16999
2958 / 16999
2975 / 16999
2992 / 16999
3009 / 16999
3026 / 16999
3043 / 16999
3060 / 16999
3077 / 16999
3094 / 16999
3111 / 16999
3128 / 16999
3145 / 16999
3162 / 16999
3179 / 16999
3196 / 16999
3213 / 16999
3230 / 16999
3247 / 16999
3264 / 16999
3281 / 16999
3298 / 16999
3315 / 16999
3332 / 16999
3349 / 16999
3366 / 16999
3383 / 16999
3400 / 16999
3417 / 16999
3434 / 16999
3451 / 16999
3468 / 16999
3485 / 16999
3502 / 16999
3519 / 16999
3536 / 16999
3553 / 16999
3570 / 16999
3587 / 16999
3604 / 16999
3621 / 16999
3638 / 16999
3655 / 16999
3672 / 16999
3689 / 16999
3706 / 16999
3723 / 16999
3740 / 16999
3757 / 16999
3774 / 16999
3791 / 16999
3808 / 16999
3825 / 16999
3842 / 16999
3859 / 16999
3876 / 16999
3893 / 16999
3910 / 16999
3927 / 16999
3944 / 16999
3961 / 16999
3978 / 16999
3995 / 16999
4012 / 16999
4029 / 16999
4046 / 16999
4063 / 16999
4080 / 16999
4097 / 16999
4114 / 16999
4131 / 16999
4148 / 16999
4165 / 16999
4182 / 16999
4199 / 16999
4216 / 16999
4233 / 16999
4250 / 16999
4267 / 16999
4284 / 16999
4301 / 16999
4318 / 16999
4335 / 16999
4352 / 16999
4369 / 16999
4386 / 16999
4403 / 16999
4420 / 16999
4437 / 16999
4454 / 16999
4471 / 16999
4488 / 16999
4505 / 16999
4522 / 16999
4539 / 16999
4556 / 16999
4573 / 16999
4590 / 16999
4607 / 16999
4624 / 16999
4641 / 16999
4658 / 16999
4675 / 16999
4692 / 16999
4709 / 16999
4726 / 16999
4743 / 16999
4760 / 16999
4777 / 16999
4794 / 16999
4811 / 16999
4828 / 16999
4845 / 16999
4862 / 16999
4879 / 16999
4896 / 16999
4913 / 16999
4930 / 16999
4947 / 16999
4964 / 16999
4981 / 16999
4998 / 16999
5015 / 16999
5032 / 16999
5049 / 16999
5066 / 16999
5083 / 16999
5100 / 16999
5117 / 16999
5134 / 16999
5151 / 16999
5168 / 16999
5185 / 16999
5202 / 16999
5219 / 16999
5236 / 16999
5253 / 16999
5270 / 16999
5287 / 16999
5304 / 16999
5321 / 16999
5338 / 16999
5355 / 16999
5372 / 16999
5389 / 16999
5406 / 16999
5423 / 16999
5440 / 16999
5457 / 16999
5474 / 16999
5491 / 16999
5508 / 16999
5525 / 16999
5542 / 16999
5559 / 16999
5576 / 16999
5593 / 16999
5610 / 16999
5627 / 16999
5644 / 16999
5661 / 16999
5678 / 16999
5695 / 16999
5712 / 16999
5729 / 16999
5746 / 16999
5763 / 16999
5780 / 16999
5797 / 16999
5814 / 16999
5831 / 16999
5848 / 16999
5865 / 16999
5882 / 16999
5899 / 16999
5916 / 16999
5933 / 16999
5950 / 16999
5967 / 16999
5984 / 16999
6001 / 16999
6018 / 16999
6035 / 16999
6052 / 16999
6069 / 16999
6086 / 16999
6103 / 16999
6120 / 16999
6137 / 16999
6154 / 16999
6171 / 16999
6188 / 16999
6205 / 16999
6222 / 16999
6239 / 16999
6256 / 16999
6273 / 16999
6290 / 16999
6307 / 16999
6324 / 16999
6341 / 16999
6358 / 16999
6375 / 16999
6392 / 16999
6409 / 16999
6426 / 16999
6443 / 16999
6460 / 16999
6477 / 16999
6494 / 16999
6511 / 16999
6528 / 16999
6545 / 16999
6562 / 16999
6579 / 16999
6596 / 16999
6613 / 16999
6630 / 16999
6647 / 16999
6664 / 16999
6681 / 16999
6698 / 16999
6715 / 16999
6732 / 16999
6749 / 16999
6766 / 16999
6783 / 16999
6800 / 16999
6817 / 16999
6834 / 16999
6851 / 16999
6868 / 16999
6885 / 16999
6902 / 16999
6919 / 16999
6936 / 16999
6953 / 16999
6970 / 16999
6987 / 16999
7004 / 16999
7021 / 16999
7038 / 16999
7055 / 16999
7072 / 16999
7089 / 16999
7106 / 16999
7123 / 16999
7140 / 16999
7157 / 16999
7174 / 16999
7191 / 16999
7208 / 16999
7225 / 16999
7242 / 16999
7259 / 16999
7276 / 16999
7293 / 16999
7310 / 16999
7327 / 16999
7344 / 16999
7361 / 16999
7378 / 16999
7395 / 16999
7412 / 16999
7429 / 16999
7446 / 16999
7463 / 16999
7480 / 16999
7497 / 16999
7514 / 16999
7531 / 16999
7548 / 16999
7565 / 16999
7582 / 16999
7599 / 16999
7616 / 16999
7633 / 16999
7650 / 16999
7667 / 16999
7684 / 16999
7701 / 16999
7718 / 16999
7735 / 16999
7752 / 16999
7769 / 16999
7786 / 16999
7803 / 16999
7820 / 16999
7837 / 16999
7854 / 16999
7871 / 16999
7888 / 16999
7905 / 16999
7922 / 16999
7939 / 16999
7956 / 16999
7973 / 16999
7990 / 16999
8007 / 16999
8024 / 16999
8041 / 16999
8058 / 16999
8075 / 16999
8092 / 16999
8109 / 16999
8126 / 16999
8143 / 16999
8160 / 16999
8177 / 16999
8194 / 16999
8211 / 16999
8228 / 16999
8245 / 16999
8262 / 16999
8279 / 16999
8296 / 16999
8313 / 16999
8330 / 16999
8347 / 16999
8364 / 16999
8381 / 16999
8398 / 16999
8415 / 16999
8432 / 16999
8449 / 16999
8466 / 16999
8483 / 16999
8500 / 16999
8517 / 16999
8534 / 16999
8551 / 16999
8568 / 16999
8585 / 16999
8602 / 16999
8619 / 16999
8636 / 16999
8653 / 16999
8670 / 16999
8687 / 16999
8704 / 16999
8721 / 16999
8738 / 16999
8755 / 16999
8772 / 16999
8789 / 16999
8806 / 16999
8823 / 16999
8840 / 16999
8857 / 16999
8874 / 16999
8891 / 16999
8908 / 16999
8925 / 16999
8942 / 16999
8959 / 16999
8976 / 16999
8993 / 16999
9010 / 16999
9027 / 16999
9044 / 16999
9061 / 16999
9078 / 16999
9095 / 16999
9112 / 16999
9129 / 16999
9146 / 16999
9163 / 16999
9180 / 16999
9197 / 16999
9214 / 16999
9231 / 16999
9248 / 16999
9265 / 16999
9282 / 16999
9299 / 16999
9316 / 16999
9333 / 16999
9350 / 16999
9367 / 16999
9384 / 16999
9401 / 16999
9418 / 16999
9435 / 16999
9452 / 16999
9469 / 16999
9486 / 16999
9503 / 16999
9520 / 16999
9537 / 16999
9554 / 16999
9571 / 16999
9588 / 16999
9605 / 16999
9622 / 16999
9639 / 16999
9656 / 16999
9673 / 16999
9690 / 16999
9707 / 16999
9724 / 16999
9741 / 16999
9758 / 16999
9775 / 16999
9792 / 16999
9809 / 16999
9826 / 16999
9843 / 16999
9860 / 16999
9877 / 16999
9894 / 16999
9911 / 16999
9928 / 16999
9945 / 16999
9962 / 16999
9979 / 16999
9996 / 16999
10013 / 16999
10030 / 16999
10047 / 16999
10064 / 16999
10081 / 16999
10098 / 16999
10115 / 16999
10132 / 16999
10149 / 16999
10166 / 16999
10183 / 16999
10200 / 16999
10217 / 16999
10234 / 16999
10251 / 16999
10268 / 16999
10285 / 16999
10302 / 16999
10319 / 16999
10336 / 16999
10353 / 16999
10370 / 16999
10387 / 16999
10404 / 16999
10421 / 16999
10438 / 16999
10455 / 16999
10472 / 16999
10489 / 16999
10506 / 16999
10523 / 16999
10540 / 16999
10557 / 16999
10574 / 16999
10591 / 16999
10608 / 16999
10625 / 16999
10642 / 16999
10659 / 16999
10676 / 16999
10693 / 16999
10710 / 16999
10727 / 16999
10744 / 16999
10761 / 16999
10778 / 16999
10795 / 16999
10812 / 16999
10829 / 16999
10846 / 16999
10863 / 16999
10880 / 16999
10897 / 16999
10914 / 16999
10931 / 16999
10948 / 16999
10965 / 16999
10982 / 16999
10999 / 16999
11016 / 16999
11033 / 16999
11050 / 16999
11067 / 16999
11084 / 16999
11101 / 16999
11118 / 16999
11135 / 16999
11152 / 16999
11169 / 16999
11186 / 16999
11203 / 16999
11220 / 16999
11237 / 16999
11254 / 16999
11271 / 16999
11288 / 16999
11305 / 16999
11322 / 16999
11339 / 16999
11356 / 16999
11373 / 16999
11390 / 16999
11407 / 16999
11424 / 16999
11441 / 16999
11458 / 16999
11475 / 16999
11492 / 16999
11509 / 16999
11526 / 16999
11543 / 16999
11560 / 16999
11577 / 16999
11594 / 16999
11611 / 16999
11628 / 16999
11645 / 16999
11662 / 16999
11679 / 16999
11696 / 16999
11713 / 16999
11730 / 16999
11747 / 16999
11764 / 16999
11781 / 16999
11798 / 16999
11815 / 16999
11832 / 16999
11849 / 16999
11866 / 16999
11883 / 16999
11900 / 16999
11917 / 16999
11934 / 16999
11951 / 16999
11968 / 16999
11985 / 16999
12002 / 16999
12019 / 16999
12036 / 16999
12053 / 16999
12070 / 16999
12087 / 16999
12104 / 16999
12121 / 16999
12138 / 16999
12155 / 16999
12172 / 16999
12189 / 16999
12206 / 16999
12223 / 16999
12240 / 16999
12257 / 16999
12274 / 16999
12291 / 16999
12308 / 16999
12325 / 16999
12342 / 16999
12359 / 16999
12376 / 16999
12393 / 16999
12410 / 16999
12427 / 16999
12444 / 16999
12461 / 16999
12478 / 16999
12495 / 16999
12512 / 16999
12529 / 16999
12546 / 16999
12563 / 16999
12580 / 16999
12597 / 16999
12614 / 16999
12631 / 16999
12648 / 16999
12665 / 16999
12682 / 16999
12699 / 16999
12716 / 16999
12733 / 16999
12750 / 16999
12767 / 16999
12784 / 16999
12801 / 16999
12818 / 16999
12835 / 16999
12852 / 16999
12869 / 16999
12886 / 16999
12903 / 16999
12920 / 16999
12937 / 16999
12954 / 16999
12971 / 16999
12988 / 16999
13005 / 16999
13022 / 16999
13039 / 16999
13056 / 16999
13073 / 16999
13090 / 16999
13107 / 16999
13124 / 16999
13141 / 16999
13158 / 16999
13175 / 16999
13192 / 16999
13209 / 16999
13226 / 16999
13243 / 16999
13260 / 16999
13277 / 16999
13294 / 16999
13311 / 16999
13328 / 16999
13345 / 16999
13362 / 16999
13379 / 16999
13396 / 16999
13413 / 16999
13430 / 16999
13447 / 16999
13464 / 16999
13481 / 16999
13498 / 16999
13515 / 16999
13532 / 16999
13549 / 16999
13566 / 16999
13583 / 16999
13600 / 16999
13617 / 16999
13634 / 16999
13651 / 16999
13668 / 16999
13685 / 16999
13702 / 16999
13719 / 16999
13736 / 16999
13753 / 16999
13770 / 16999
13787 / 16999
13804 / 16999
13821 / 16999
13838 / 16999
13855 / 16999
13872 / 16999
13889 / 16999
13906 / 16999
13923 / 16999
13940 / 16999
13957 / 16999
13974 / 16999
13991 / 16999
14008 / 16999
14025 / 16999
14042 / 16999
14059 / 16999
14076 / 16999
14093 / 16999
14110 / 16999
14127 / 16999
14144 / 16999
14161 / 16999
14178 / 16999
14195 / 16999
14212 / 16999
14229 / 16999
14246 / 16999
14263 / 16999
14280 / 16999
14297 / 16999
14314 / 16999
14331 / 16999
14348 / 16999
14365 / 16999
14382 / 16999
14399 / 16999
14416 / 16999
14433 / 16999
14450 / 16999
14467 / 16999
14484 / 16999
14501 / 16999
14518 / 16999
14535 / 16999
14552 / 16999
14569 / 16999
14586 / 16999
14603 / 16999
14620 / 16999
14637 / 16999
14654 / 16999
14671 / 16999
14688 / 16999
14705 / 16999
14722 / 16999
14739 / 16999
14756 / 16999
14773 / 16999
14790 / 16999
14807 / 16999
14824 / 16999
14841 / 16999
14858 / 16999
14875 / 16999
14892 / 16999
14909 / 16999
14926 / 16999
14943 / 16999
14960 / 16999
14977 / 16999
14994 / 16999
15011 / 16999
15028 / 16999
15045 / 16999
15062 / 16999
15079 / 16999
15096 / 16999
15113 / 16999
15130 / 16999
15147 / 16999
15164 / 16999
15181 / 16999
15198 / 16999
15215 / 16999
15232 / 16999
15249 / 16999
15266 / 16999
15283 / 16999
15300 / 16999
15317 / 16999
15334 / 16999
15351 / 16999
15368 / 16999
15385 / 16999
15402 / 16999
15419 / 16999
15436 / 16999
15453 / 16999
15470 / 16999
15487 / 16999
15504 / 16999
15521 / 16999
15538 / 16999
15555 / 16999
15572 / 16999
15589 / 16999
15606 / 16999
15623 / 16999
15640 / 16999
15657 / 16999
15674 / 16999
15691 / 16999
15708 / 16999
15725 / 16999
15742 / 16999
15759 / 16999
15776 / 16999
15793 / 16999
15810 / 16999
15827 / 16999
15844 / 16999
15861 / 16999
15878 / 16999
15895 / 16999
15912 / 16999
15929 / 16999
15946 / 16999
15963 / 16999
15980 / 16999
15997 / 16999
16014 / 16999
16031 / 16999
16048 / 16999
16065 / 16999
16082 / 16999
16099 / 16999
16116 / 16999
16133 / 16999
16150 / 16999
16167 / 16999
16184 / 16999
16201 / 16999
16218 / 16999
16235 / 16999
16252 / 16999
16269 / 16999
16286 / 16999
16303 / 16999
16320 / 16999
16337 / 16999
16354 / 16999
16371 / 16999
16388 / 16999
16405 / 16999
16422 / 16999
16439 / 16999
16456 / 16999
16473 / 16999
16490 / 16999
16507 / 16999
16524 / 16999
16541 / 16999
16558 / 16999
16575 / 16999
16592 / 16999
16609 / 16999
16626 / 16999
16643 / 16999
16660 / 16999
16677 / 16999
16694 / 16999
16711 / 16999
16728 / 16999
16745 / 16999
16762 / 16999
16779 / 16999
16796 / 16999
16813 / 16999
16830 / 16999
16847 / 16999
16864 / 16999
16881 / 16999
16898 / 16999
16915 / 16999
16932 / 16999
16949 / 16999
16966 / 16999
16983 / 16999
