/home/wangph1/plant/data/slurm_logs/odvort/june25_before_dinner/odvort-june25_before_dinner-email_s0-email_s5.log
/home/wangph1/plant/data/slurm_logs/odvort/june25_before_dinner/odvort-june25_before_dinner-email_s0-email_s10.log
/home/wangph1/plant/data/slurm_logs/odvort/june25_before_dinner/odvort-june25_before_dinner-email_s0-email_s1.log
/home/wangph1/plant/data/slurm_logs/odvort/june25_before_dinner/odvort-june25_before_dinner-college_s0-college_s1.log
/home/wangph1/plant/data/slurm_logs/odvort/june25_before_dinner/odvort-june25_before_dinner-college_s0-college_s5.log
/home/wangph1/plant/data/slurm_logs/odvort/june25_before_dinner/odvort-june25_before_dinner-college_s0-college_s10.log
/home/wangph1/plant/data/slurm_logs/odvort/june25_before_dinner/odvort-june25_before_dinner-syeast0-syeast15.log
/home/wangph1/plant/data/slurm_logs/odvort/june25_before_dinner/odvort-june25_before_dinner-syeast0-syeast20.log
/home/wangph1/plant/data/slurm_logs/odvort/june25_before_dinner/odvort-june25_before_dinner-syeast0-syeast25.log
/home/wangph1/plant/data/slurm_logs/odvort/june25_before_dinner/odvort-june25_before_dinner-syeast0-syeast05.log
/home/wangph1/plant/data/slurm_logs/odvort/june25_before_dinner/odvort-june25_before_dinner-alpha_s0-alpha_s1.log
/home/wangph1/plant/data/slurm_logs/odvort/june25_before_dinner/odvort-june25_before_dinner-alpha_s0-alpha_s5.log
/home/wangph1/plant/data/slurm_logs/odvort/june25_before_dinner/odvort-june25_before_dinner-alpha_s0-alpha_s10.log
/home/wangph1/plant/data/slurm_logs/odvort/june25_before_dinner/odvort-june25_before_dinner-otc_s0-otc_s5.log
/home/wangph1/plant/data/slurm_logs/odvort/june25_before_dinner/odvort-june25_before_dinner-otc_s0-otc_s10.log
/home/wangph1/plant/data/slurm_logs/odvort/june25_before_dinner/odvort-june25_before_dinner-otc_s0-otc_s1.log
/home/wangph1/plant/data/slurm_logs/odvort/june25_before_dinner/odvort-june25_before_dinner-wiki_s0-wiki_s10.log
/home/wangph1/plant/data/slurm_logs/odvort/june25_before_dinner/odvort-june25_before_dinner-wiki_s0-wiki_s5.log
/home/wangph1/plant/data/slurm_logs/odvort/june25_before_dinner/odvort-june25_before_dinner-wiki_s0-wiki_s1.log
/home/wangph1/plant/data/slurm_logs/odvort/june25_before_dinner/odvort-june25_before_dinner-ubuntu_s0-ubuntu_s5.log
/home/wangph1/plant/data/slurm_logs/odvort/june25_before_dinner/odvort-june25_before_dinner-ubuntu_s0-ubuntu_s10.log
/home/wangph1/plant/data/slurm_logs/odvort/june25_before_dinner/odvort-june25_before_dinner-reddit_s0-reddit_s1.log
/home/wangph1/plant/data/slurm_logs/odvort/june25_before_dinner/odvort-june25_before_dinner-reddit_s0-reddit_s5.log
/home/wangph1/plant/data/slurm_logs/odvort/june25_before_dinner/odvort-june25_before_dinner-reddit_s0-reddit_s10.log
/home/wangph1/plant/data/slurm_logs/odvort/june25_before_dinner/odvort-june25_before_dinner-ubuntu_s0-ubuntu_s1.log
/home/wangph1/plant/data/slurm_logs/odvort/june25_before_dinner/odvort-june25_before_dinner-math_s0-math_s10.log
/home/wangph1/plant/data/slurm_logs/odvort/june25_before_dinner/odvort-june25_before_dinner-math_s0-math_s1.log
/home/wangph1/plant/data/slurm_logs/odvort/june25_before_dinner/odvort-june25_before_dinner-math_s0-math_s5.log
/home/wangph1/plant/data/slurm_logs/odvort/june25_before_dinner/odvort-june25_before_dinner-super_s0-super_s10.log
/home/wangph1/plant/data/slurm_logs/odvort/june25_before_dinner/odvort-june25_before_dinner-super_s0-super_s5.log
/home/wangph1/plant/data/slurm_logs/odvort/june25_before_dinner/odvort-june25_before_dinner-guineapig-rabbit.log
/home/wangph1/plant/data/slurm_logs/odvort/june25_before_dinner/odvort-june25_before_dinner-super_s0-super_s1.log
/home/wangph1/plant/data/slurm_logs/odvort/june25_before_dinner/odvort-june25_before_dinner-rabbit-sheep.log
/home/wangph1/plant/data/slurm_logs/odvort/june25_before_dinner/odvort-june25_before_dinner-pig-rabbit.log
/home/wangph1/plant/data/slurm_logs/odvort/june25_before_dinner/odvort-june25_before_dinner-dog-rabbit.log
/home/wangph1/plant/data/slurm_logs/odvort/june25_before_dinner/odvort-june25_before_dinner-horse-rabbit.log
/home/wangph1/plant/data/slurm_logs/odvort/june25_before_dinner/odvort-june25_before_dinner-cat-rabbit.log
/home/wangph1/plant/data/slurm_logs/odvort/june25_before_dinner/odvort-june25_before_dinner-cat-horse.log
/home/wangph1/plant/data/slurm_logs/odvort/june25_before_dinner/odvort-june25_before_dinner-horse-sheep.log
/home/wangph1/plant/data/slurm_logs/odvort/june25_before_dinner/odvort-june25_before_dinner-dog-guineapig.log
/home/wangph1/plant/data/slurm_logs/odvort/june25_before_dinner/odvort-june25_before_dinner-rabbit-rat.log
/home/wangph1/plant/data/slurm_logs/odvort/june25_before_dinner/odvort-june25_before_dinner-guineapig-sheep.log
/home/wangph1/plant/data/slurm_logs/odvort/june25_before_dinner/odvort-june25_before_dinner-guineapig-rat.log
/home/wangph1/plant/data/slurm_logs/odvort/june25_before_dinner/odvort-june25_before_dinner-cow-sheep.log
/home/wangph1/plant/data/slurm_logs/odvort/june25_before_dinner/odvort-june25_before_dinner-cow-rabbit.log
/home/wangph1/plant/data/slurm_logs/odvort/june25_before_dinner/odvort-june25_before_dinner-guineapig-pig.log
/home/wangph1/plant/data/slurm_logs/odvort/june25_before_dinner/odvort-june25_before_dinner-dog-sheep.log
/home/wangph1/plant/data/slurm_logs/odvort/june25_before_dinner/odvort-june25_before_dinner-cat-sheep.log
/home/wangph1/plant/data/slurm_logs/odvort/june25_before_dinner/odvort-june25_before_dinner-cow-guineapig.log
/home/wangph1/plant/data/slurm_logs/odvort/june25_before_dinner/odvort-june25_before_dinner-cow-dog.log
/home/wangph1/plant/data/slurm_logs/odvort/june25_before_dinner/odvort-june25_before_dinner-cow-rat.log
/home/wangph1/plant/data/slurm_logs/odvort/june25_before_dinner/odvort-june25_before_dinner-guineapig-horse.log
/home/wangph1/plant/data/slurm_logs/odvort/june25_before_dinner/odvort-june25_before_dinner-cat-pig.log
/home/wangph1/plant/data/slurm_logs/odvort/june25_before_dinner/odvort-june25_before_dinner-cat-dog.log
/home/wangph1/plant/data/slurm_logs/odvort/june25_before_dinner/odvort-june25_before_dinner-pig-sheep.log
/home/wangph1/plant/data/slurm_logs/odvort/june25_before_dinner/odvort-june25_before_dinner-horse-pig.log
/home/wangph1/plant/data/slurm_logs/odvort/june25_before_dinner/odvort-june25_before_dinner-cow-pig.log
/home/wangph1/plant/data/slurm_logs/odvort/june25_before_dinner/odvort-june25_before_dinner-cat-rat.log
/home/wangph1/plant/data/slurm_logs/odvort/june25_before_dinner/odvort-june25_before_dinner-pig-rat.log
/home/wangph1/plant/data/slurm_logs/odvort/june25_before_dinner/odvort-june25_before_dinner-dog-pig.log
/home/wangph1/plant/data/slurm_logs/odvort/june25_before_dinner/odvort-june25_before_dinner-cat-guineapig.log
/home/wangph1/plant/data/slurm_logs/odvort/june25_before_dinner/odvort-june25_before_dinner-cat-cow.log
/home/wangph1/plant/data/slurm_logs/odvort/june25_before_dinner/odvort-june25_before_dinner-human-rabbit.log
/home/wangph1/plant/data/slurm_logs/odvort/june25_before_dinner/odvort-june25_before_dinner-dog-horse.log
/home/wangph1/plant/data/slurm_logs/odvort/june25_before_dinner/odvort-june25_before_dinner-rat-sheep.log
/home/wangph1/plant/data/slurm_logs/odvort/june25_before_dinner/odvort-june25_before_dinner-dog-rat.log
/home/wangph1/plant/data/slurm_logs/odvort/june25_before_dinner/odvort-june25_before_dinner-mouse-rabbit.log
/home/wangph1/plant/data/slurm_logs/odvort/june25_before_dinner/odvort-june25_before_dinner-cow-horse.log
/home/wangph1/plant/data/slurm_logs/odvort/june25_before_dinner/odvort-june25_before_dinner-horse-rat.log
/home/wangph1/plant/data/slurm_logs/odvort/june25_before_dinner/odvort-june25_before_dinner-dog-mouse.log
/home/wangph1/plant/data/slurm_logs/odvort/june25_before_dinner/odvort-june25_before_dinner-mouse-sheep.log
/home/wangph1/plant/data/slurm_logs/odvort/june25_before_dinner/odvort-june25_before_dinner-mouse-pig.log
/home/wangph1/plant/data/slurm_logs/odvort/june25_before_dinner/odvort-june25_before_dinner-guineapig-mouse.log
/home/wangph1/plant/data/slurm_logs/odvort/june25_before_dinner/odvort-june25_before_dinner-cow-human.log
/home/wangph1/plant/data/slurm_logs/odvort/june25_before_dinner/odvort-june25_before_dinner-mouse-rat.log
/home/wangph1/plant/data/slurm_logs/odvort/june25_before_dinner/odvort-june25_before_dinner-cat-mouse.log
/home/wangph1/plant/data/slurm_logs/odvort/june25_before_dinner/odvort-june25_before_dinner-guineapig-human.log
/home/wangph1/plant/data/slurm_logs/odvort/june25_before_dinner/odvort-june25_before_dinner-human-sheep.log
/home/wangph1/plant/data/slurm_logs/odvort/june25_before_dinner/odvort-june25_before_dinner-horse-human.log
/home/wangph1/plant/data/slurm_logs/odvort/june25_before_dinner/odvort-june25_before_dinner-human-rat.log
/home/wangph1/plant/data/slurm_logs/odvort/june25_before_dinner/odvort-june25_before_dinner-dog-human.log
/home/wangph1/plant/data/slurm_logs/odvort/june25_before_dinner/odvort-june25_before_dinner-human-pig.log
/home/wangph1/plant/data/slurm_logs/odvort/june25_before_dinner/odvort-june25_before_dinner-cat-human.log
/home/wangph1/plant/data/slurm_logs/odvort/june25_before_dinner/odvort-june25_before_dinner-horse-mouse.log
/home/wangph1/plant/data/slurm_logs/odvort/june25_before_dinner/odvort-june25_before_dinner-cow-mouse.log
/home/wangph1/plant/data/slurm_logs/odvort/june25_before_dinner/odvort-june25_before_dinner-human-mouse.log
/home/wangph1/plant/data/slurm_logs/odvort/june25_before_dinner/odvort-june25_before_dinner-sxso_s0-sxso_s5.log
/home/wangph1/plant/data/slurm_logs/odvort/june25_before_dinner/odvort-june25_before_dinner-sxso_s0-sxso_s10.log
/home/wangph1/plant/data/slurm_logs/odvort/june25_before_dinner/odvort-june25_before_dinner-sxso_s0-sxso_s1.log
