1 / 868
2 / 868
3 / 868
4 / 868
5 / 868
6 / 868
7 / 868
8 / 868
9 / 868
10 / 868
11 / 868
12 / 868
13 / 868
14 / 868
15 / 868
16 / 868
17 / 868
18 / 868
19 / 868
20 / 868
21 / 868
22 / 868
23 / 868
24 / 868
25 / 868
26 / 868
27 / 868
28 / 868
29 / 868
30 / 868
31 / 868
32 / 868
33 / 868
34 / 868
35 / 868
36 / 868
37 / 868
38 / 868
39 / 868
40 / 868
41 / 868
42 / 868
43 / 868
44 / 868
45 / 868
46 / 868
47 / 868
48 / 868
49 / 868
50 / 868
51 / 868
52 / 868
53 / 868
54 / 868
55 / 868
56 / 868
57 / 868
58 / 868
59 / 868
60 / 868
61 / 868
62 / 868
63 / 868
64 / 868
65 / 868
66 / 868
67 / 868
68 / 868
69 / 868
70 / 868
71 / 868
72 / 868
73 / 868
74 / 868
75 / 868
76 / 868
77 / 868
78 / 868
79 / 868
80 / 868
81 / 868
82 / 868
83 / 868
84 / 868
85 / 868
86 / 868
87 / 868
88 / 868
89 / 868
90 / 868
91 / 868
92 / 868
93 / 868
94 / 868
95 / 868
96 / 868
97 / 868
98 / 868
99 / 868
100 / 868
101 / 868
102 / 868
103 / 868
104 / 868
105 / 868
106 / 868
107 / 868
108 / 868
109 / 868
110 / 868
111 / 868
112 / 868
113 / 868
114 / 868
115 / 868
116 / 868
117 / 868
118 / 868
119 / 868
120 / 868
121 / 868
122 / 868
123 / 868
124 / 868
125 / 868
126 / 868
127 / 868
128 / 868
129 / 868
130 / 868
131 / 868
132 / 868
133 / 868
134 / 868
135 / 868
136 / 868
137 / 868
138 / 868
139 / 868
140 / 868
141 / 868
142 / 868
143 / 868
144 / 868
145 / 868
146 / 868
147 / 868
148 / 868
149 / 868
150 / 868
151 / 868
152 / 868
153 / 868
154 / 868
155 / 868
156 / 868
157 / 868
158 / 868
159 / 868
160 / 868
161 / 868
162 / 868
163 / 868
164 / 868
165 / 868
166 / 868
167 / 868
168 / 868
169 / 868
170 / 868
171 / 868
172 / 868
173 / 868
174 / 868
175 / 868
176 / 868
177 / 868
178 / 868
179 / 868
180 / 868
181 / 868
182 / 868
183 / 868
184 / 868
185 / 868
186 / 868
187 / 868
188 / 868
189 / 868
190 / 868
191 / 868
192 / 868
193 / 868
194 / 868
195 / 868
196 / 868
197 / 868
198 / 868
199 / 868
200 / 868
201 / 868
202 / 868
203 / 868
204 / 868
205 / 868
206 / 868
207 / 868
208 / 868
209 / 868
210 / 868
211 / 868
212 / 868
213 / 868
214 / 868
215 / 868
216 / 868
217 / 868
218 / 868
219 / 868
220 / 868
221 / 868
222 / 868
223 / 868
224 / 868
225 / 868
226 / 868
227 / 868
228 / 868
229 / 868
230 / 868
231 / 868
232 / 868
233 / 868
234 / 868
235 / 868
236 / 868
237 / 868
238 / 868
239 / 868
240 / 868
241 / 868
242 / 868
243 / 868
244 / 868
245 / 868
246 / 868
247 / 868
248 / 868
249 / 868
250 / 868
251 / 868
252 / 868
253 / 868
254 / 868
255 / 868
256 / 868
257 / 868
258 / 868
259 / 868
260 / 868
261 / 868
262 / 868
263 / 868
264 / 868
265 / 868
266 / 868
267 / 868
268 / 868
269 / 868
270 / 868
271 / 868
272 / 868
273 / 868
274 / 868
275 / 868
276 / 868
277 / 868
278 / 868
279 / 868
280 / 868
281 / 868
282 / 868
283 / 868
284 / 868
285 / 868
286 / 868
287 / 868
288 / 868
289 / 868
290 / 868
291 / 868
292 / 868
293 / 868
294 / 868
295 / 868
296 / 868
297 / 868
298 / 868
299 / 868
300 / 868
301 / 868
302 / 868
303 / 868
304 / 868
305 / 868
306 / 868
307 / 868
308 / 868
309 / 868
310 / 868
311 / 868
312 / 868
313 / 868
314 / 868
315 / 868
316 / 868
317 / 868
318 / 868
319 / 868
320 / 868
321 / 868
322 / 868
323 / 868
324 / 868
325 / 868
326 / 868
327 / 868
328 / 868
329 / 868
330 / 868
331 / 868
332 / 868
333 / 868
334 / 868
335 / 868
336 / 868
337 / 868
338 / 868
339 / 868
340 / 868
341 / 868
342 / 868
343 / 868
344 / 868
345 / 868
346 / 868
347 / 868
348 / 868
349 / 868
350 / 868
351 / 868
352 / 868
353 / 868
354 / 868
355 / 868
356 / 868
357 / 868
358 / 868
359 / 868
360 / 868
361 / 868
362 / 868
363 / 868
364 / 868
365 / 868
366 / 868
367 / 868
368 / 868
369 / 868
370 / 868
371 / 868
372 / 868
373 / 868
374 / 868
375 / 868
376 / 868
377 / 868
378 / 868
379 / 868
380 / 868
381 / 868
382 / 868
383 / 868
384 / 868
385 / 868
386 / 868
387 / 868
388 / 868
389 / 868
390 / 868
391 / 868
392 / 868
393 / 868
394 / 868
395 / 868
396 / 868
397 / 868
398 / 868
399 / 868
400 / 868
401 / 868
402 / 868
403 / 868
404 / 868
405 / 868
406 / 868
407 / 868
408 / 868
409 / 868
410 / 868
411 / 868
412 / 868
413 / 868
414 / 868
415 / 868
416 / 868
417 / 868
418 / 868
419 / 868
420 / 868
421 / 868
422 / 868
423 / 868
424 / 868
425 / 868
426 / 868
427 / 868
428 / 868
429 / 868
430 / 868
431 / 868
432 / 868
433 / 868
434 / 868
435 / 868
436 / 868
437 / 868
438 / 868
439 / 868
440 / 868
441 / 868
442 / 868
443 / 868
444 / 868
445 / 868
446 / 868
447 / 868
448 / 868
449 / 868
450 / 868
451 / 868
452 / 868
453 / 868
454 / 868
455 / 868
456 / 868
457 / 868
458 / 868
459 / 868
460 / 868
461 / 868
462 / 868
463 / 868
464 / 868
465 / 868
466 / 868
467 / 868
468 / 868
469 / 868
470 / 868
471 / 868
472 / 868
473 / 868
474 / 868
475 / 868
476 / 868
477 / 868
478 / 868
479 / 868
480 / 868
481 / 868
482 / 868
483 / 868
484 / 868
485 / 868
486 / 868
487 / 868
488 / 868
489 / 868
490 / 868
491 / 868
492 / 868
493 / 868
494 / 868
495 / 868
496 / 868
497 / 868
498 / 868
499 / 868
500 / 868
501 / 868
502 / 868
503 / 868
504 / 868
505 / 868
506 / 868
507 / 868
508 / 868
509 / 868
510 / 868
511 / 868
512 / 868
513 / 868
514 / 868
515 / 868
516 / 868
517 / 868
518 / 868
519 / 868
520 / 868
521 / 868
522 / 868
523 / 868
524 / 868
525 / 868
526 / 868
527 / 868
528 / 868
529 / 868
530 / 868
531 / 868
532 / 868
533 / 868
534 / 868
535 / 868
536 / 868
537 / 868
538 / 868
539 / 868
540 / 868
541 / 868
542 / 868
543 / 868
544 / 868
545 / 868
546 / 868
547 / 868
548 / 868
549 / 868
550 / 868
551 / 868
552 / 868
553 / 868
554 / 868
555 / 868
556 / 868
557 / 868
558 / 868
559 / 868
560 / 868
561 / 868
562 / 868
563 / 868
564 / 868
565 / 868
566 / 868
567 / 868
568 / 868
569 / 868
570 / 868
571 / 868
572 / 868
573 / 868
574 / 868
575 / 868
576 / 868
577 / 868
578 / 868
579 / 868
580 / 868
581 / 868
582 / 868
583 / 868
584 / 868
585 / 868
586 / 868
587 / 868
588 / 868
589 / 868
590 / 868
591 / 868
592 / 868
593 / 868
594 / 868
595 / 868
596 / 868
597 / 868
598 / 868
599 / 868
600 / 868
601 / 868
602 / 868
603 / 868
604 / 868
605 / 868
606 / 868
607 / 868
608 / 868
609 / 868
610 / 868
611 / 868
612 / 868
613 / 868
614 / 868
615 / 868
616 / 868
617 / 868
618 / 868
619 / 868
620 / 868
621 / 868
622 / 868
623 / 868
624 / 868
625 / 868
626 / 868
627 / 868
628 / 868
629 / 868
630 / 868
631 / 868
632 / 868
633 / 868
634 / 868
635 / 868
636 / 868
637 / 868
638 / 868
639 / 868
640 / 868
641 / 868
642 / 868
643 / 868
644 / 868
645 / 868
646 / 868
647 / 868
648 / 868
649 / 868
650 / 868
651 / 868
652 / 868
653 / 868
654 / 868
655 / 868
656 / 868
657 / 868
658 / 868
659 / 868
660 / 868
661 / 868
662 / 868
663 / 868
664 / 868
665 / 868
666 / 868
667 / 868
668 / 868
669 / 868
670 / 868
671 / 868
672 / 868
673 / 868
674 / 868
675 / 868
676 / 868
677 / 868
678 / 868
679 / 868
680 / 868
681 / 868
682 / 868
683 / 868
684 / 868
685 / 868
686 / 868
687 / 868
688 / 868
689 / 868
690 / 868
691 / 868
692 / 868
693 / 868
694 / 868
695 / 868
696 / 868
697 / 868
698 / 868
699 / 868
700 / 868
701 / 868
702 / 868
703 / 868
704 / 868
705 / 868
706 / 868
707 / 868
708 / 868
709 / 868
710 / 868
711 / 868
712 / 868
713 / 868
714 / 868
715 / 868
716 / 868
717 / 868
718 / 868
719 / 868
720 / 868
721 / 868
722 / 868
723 / 868
724 / 868
725 / 868
726 / 868
727 / 868
728 / 868
729 / 868
730 / 868
731 / 868
732 / 868
733 / 868
734 / 868
735 / 868
736 / 868
737 / 868
738 / 868
739 / 868
740 / 868
741 / 868
742 / 868
743 / 868
744 / 868
745 / 868
746 / 868
747 / 868
748 / 868
749 / 868
750 / 868
751 / 868
752 / 868
753 / 868
754 / 868
755 / 868
756 / 868
757 / 868
758 / 868
759 / 868
760 / 868
761 / 868
762 / 868
763 / 868
764 / 868
765 / 868
766 / 868
767 / 868
768 / 868
769 / 868
770 / 868
771 / 868
772 / 868
773 / 868
774 / 868
775 / 868
776 / 868
777 / 868
778 / 868
779 / 868
780 / 868
781 / 868
782 / 868
783 / 868
784 / 868
785 / 868
786 / 868
787 / 868
788 / 868
789 / 868
790 / 868
791 / 868
792 / 868
793 / 868
794 / 868
795 / 868
796 / 868
797 / 868
798 / 868
799 / 868
800 / 868
801 / 868
802 / 868
803 / 868
804 / 868
805 / 868
806 / 868
807 / 868
808 / 868
809 / 868
810 / 868
811 / 868
812 / 868
813 / 868
814 / 868
815 / 868
816 / 868
817 / 868
818 / 868
819 / 868
820 / 868
821 / 868
822 / 868
823 / 868
824 / 868
825 / 868
826 / 868
827 / 868
828 / 868
829 / 868
830 / 868
831 / 868
832 / 868
833 / 868
834 / 868
835 / 868
836 / 868
837 / 868
838 / 868
839 / 868
840 / 868
841 / 868
842 / 868
843 / 868
844 / 868
845 / 868
846 / 868
847 / 868
848 / 868
849 / 868
850 / 868
851 / 868
852 / 868
853 / 868
854 / 868
855 / 868
856 / 868
857 / 868
858 / 868
859 / 868
860 / 868
861 / 868
862 / 868
863 / 868
864 / 868
865 / 868
866 / 868
867 / 868
868 / 868
