1 / 9592
10 / 9592
20 / 9592
29 / 9592
39 / 9592
48 / 9592
58 / 9592
68 / 9592
77 / 9592
87 / 9592
96 / 9592
106 / 9592
116 / 9592
125 / 9592
135 / 9592
144 / 9592
154 / 9592
164 / 9592
173 / 9592
183 / 9592
192 / 9592
202 / 9592
212 / 9592
221 / 9592
231 / 9592
240 / 9592
250 / 9592
259 / 9592
269 / 9592
279 / 9592
288 / 9592
298 / 9592
307 / 9592
317 / 9592
327 / 9592
336 / 9592
346 / 9592
355 / 9592
365 / 9592
375 / 9592
384 / 9592
394 / 9592
403 / 9592
413 / 9592
423 / 9592
432 / 9592
442 / 9592
451 / 9592
461 / 9592
471 / 9592
480 / 9592
490 / 9592
499 / 9592
509 / 9592
518 / 9592
528 / 9592
538 / 9592
547 / 9592
557 / 9592
566 / 9592
576 / 9592
586 / 9592
595 / 9592
605 / 9592
614 / 9592
624 / 9592
634 / 9592
643 / 9592
653 / 9592
662 / 9592
672 / 9592
682 / 9592
691 / 9592
701 / 9592
710 / 9592
720 / 9592
729 / 9592
739 / 9592
749 / 9592
758 / 9592
768 / 9592
777 / 9592
787 / 9592
797 / 9592
806 / 9592
816 / 9592
825 / 9592
835 / 9592
845 / 9592
854 / 9592
864 / 9592
873 / 9592
883 / 9592
893 / 9592
902 / 9592
912 / 9592
921 / 9592
931 / 9592
941 / 9592
950 / 9592
960 / 9592
969 / 9592
979 / 9592
988 / 9592
998 / 9592
1008 / 9592
1017 / 9592
1027 / 9592
1036 / 9592
1046 / 9592
1056 / 9592
1065 / 9592
1075 / 9592
1084 / 9592
1094 / 9592
1104 / 9592
1113 / 9592
1123 / 9592
1132 / 9592
1142 / 9592
1152 / 9592
1161 / 9592
1171 / 9592
1180 / 9592
1190 / 9592
1200 / 9592
1209 / 9592
1219 / 9592
1228 / 9592
1238 / 9592
1247 / 9592
1257 / 9592
1267 / 9592
1276 / 9592
1286 / 9592
1295 / 9592
1305 / 9592
1315 / 9592
1324 / 9592
1334 / 9592
1343 / 9592
1353 / 9592
1363 / 9592
1372 / 9592
1382 / 9592
1391 / 9592
1401 / 9592
1411 / 9592
1420 / 9592
1430 / 9592
1439 / 9592
1449 / 9592
1458 / 9592
1468 / 9592
1478 / 9592
1487 / 9592
1497 / 9592
1506 / 9592
1516 / 9592
1526 / 9592
1535 / 9592
1545 / 9592
1554 / 9592
1564 / 9592
1574 / 9592
1583 / 9592
1593 / 9592
1602 / 9592
1612 / 9592
1622 / 9592
1631 / 9592
1641 / 9592
1650 / 9592
1660 / 9592
1670 / 9592
1679 / 9592
1689 / 9592
1698 / 9592
1708 / 9592
1717 / 9592
1727 / 9592
1737 / 9592
1746 / 9592
1756 / 9592
1765 / 9592
1775 / 9592
1785 / 9592
1794 / 9592
1804 / 9592
1813 / 9592
1823 / 9592
1833 / 9592
1842 / 9592
1852 / 9592
1861 / 9592
1871 / 9592
1881 / 9592
1890 / 9592
1900 / 9592
1909 / 9592
1919 / 9592
1928 / 9592
1938 / 9592
1948 / 9592
1957 / 9592
1967 / 9592
1976 / 9592
1986 / 9592
1996 / 9592
2005 / 9592
2015 / 9592
2024 / 9592
2034 / 9592
2044 / 9592
2053 / 9592
2063 / 9592
2072 / 9592
2082 / 9592
2092 / 9592
2101 / 9592
2111 / 9592
2120 / 9592
2130 / 9592
2140 / 9592
2149 / 9592
2159 / 9592
2168 / 9592
2178 / 9592
2187 / 9592
2197 / 9592
2207 / 9592
2216 / 9592
2226 / 9592
2235 / 9592
2245 / 9592
2255 / 9592
2264 / 9592
2274 / 9592
2283 / 9592
2293 / 9592
2303 / 9592
2312 / 9592
2322 / 9592
2331 / 9592
2341 / 9592
2351 / 9592
2360 / 9592
2370 / 9592
2379 / 9592
2389 / 9592
2399 / 9592
2408 / 9592
2418 / 9592
2427 / 9592
2437 / 9592
2446 / 9592
2456 / 9592
2466 / 9592
2475 / 9592
2485 / 9592
2494 / 9592
2504 / 9592
2514 / 9592
2523 / 9592
2533 / 9592
2542 / 9592
2552 / 9592
2562 / 9592
2571 / 9592
2581 / 9592
2590 / 9592
2600 / 9592
2610 / 9592
2619 / 9592
2629 / 9592
2638 / 9592
2648 / 9592
2657 / 9592
2667 / 9592
2677 / 9592
2686 / 9592
2696 / 9592
2705 / 9592
2715 / 9592
2725 / 9592
2734 / 9592
2744 / 9592
2753 / 9592
2763 / 9592
2773 / 9592
2782 / 9592
2792 / 9592
2801 / 9592
2811 / 9592
2821 / 9592
2830 / 9592
2840 / 9592
2849 / 9592
2859 / 9592
2869 / 9592
2878 / 9592
2888 / 9592
2897 / 9592
2907 / 9592
2916 / 9592
2926 / 9592
2936 / 9592
2945 / 9592
2955 / 9592
2964 / 9592
2974 / 9592
2984 / 9592
2993 / 9592
3003 / 9592
3012 / 9592
3022 / 9592
3032 / 9592
3041 / 9592
3051 / 9592
3060 / 9592
3070 / 9592
3080 / 9592
3089 / 9592
3099 / 9592
3108 / 9592
3118 / 9592
3127 / 9592
3137 / 9592
3147 / 9592
3156 / 9592
3166 / 9592
3175 / 9592
3185 / 9592
3195 / 9592
3204 / 9592
3214 / 9592
3223 / 9592
3233 / 9592
3243 / 9592
3252 / 9592
3262 / 9592
3271 / 9592
3281 / 9592
3291 / 9592
3300 / 9592
3310 / 9592
3319 / 9592
3329 / 9592
3339 / 9592
3348 / 9592
3358 / 9592
3367 / 9592
3377 / 9592
3386 / 9592
3396 / 9592
3406 / 9592
3415 / 9592
3425 / 9592
3434 / 9592
3444 / 9592
3454 / 9592
3463 / 9592
3473 / 9592
3482 / 9592
3492 / 9592
3502 / 9592
3511 / 9592
3521 / 9592
3530 / 9592
3540 / 9592
3550 / 9592
3559 / 9592
3569 / 9592
3578 / 9592
3588 / 9592
3598 / 9592
3607 / 9592
3617 / 9592
3626 / 9592
3636 / 9592
3645 / 9592
3655 / 9592
3665 / 9592
3674 / 9592
3684 / 9592
3693 / 9592
3703 / 9592
3713 / 9592
3722 / 9592
3732 / 9592
3741 / 9592
3751 / 9592
3761 / 9592
3770 / 9592
3780 / 9592
3789 / 9592
3799 / 9592
3809 / 9592
3818 / 9592
3828 / 9592
3837 / 9592
3847 / 9592
3856 / 9592
3866 / 9592
3876 / 9592
3885 / 9592
3895 / 9592
3904 / 9592
3914 / 9592
3924 / 9592
3933 / 9592
3943 / 9592
3952 / 9592
3962 / 9592
3972 / 9592
3981 / 9592
3991 / 9592
4000 / 9592
4010 / 9592
4020 / 9592
4029 / 9592
4039 / 9592
4048 / 9592
4058 / 9592
4068 / 9592
4077 / 9592
4087 / 9592
4096 / 9592
4106 / 9592
4115 / 9592
4125 / 9592
4135 / 9592
4144 / 9592
4154 / 9592
4163 / 9592
4173 / 9592
4183 / 9592
4192 / 9592
4202 / 9592
4211 / 9592
4221 / 9592
4231 / 9592
4240 / 9592
4250 / 9592
4259 / 9592
4269 / 9592
4279 / 9592
4288 / 9592
4298 / 9592
4307 / 9592
4317 / 9592
4326 / 9592
4336 / 9592
4346 / 9592
4355 / 9592
4365 / 9592
4374 / 9592
4384 / 9592
4394 / 9592
4403 / 9592
4413 / 9592
4422 / 9592
4432 / 9592
4442 / 9592
4451 / 9592
4461 / 9592
4470 / 9592
4480 / 9592
4490 / 9592
4499 / 9592
4509 / 9592
4518 / 9592
4528 / 9592
4538 / 9592
4547 / 9592
4557 / 9592
4566 / 9592
4576 / 9592
4585 / 9592
4595 / 9592
4605 / 9592
4614 / 9592
4624 / 9592
4633 / 9592
4643 / 9592
4653 / 9592
4662 / 9592
4672 / 9592
4681 / 9592
4691 / 9592
4701 / 9592
4710 / 9592
4720 / 9592
4729 / 9592
4739 / 9592
4749 / 9592
4758 / 9592
4768 / 9592
4777 / 9592
4787 / 9592
4797 / 9592
4806 / 9592
4816 / 9592
4825 / 9592
4835 / 9592
4844 / 9592
4854 / 9592
4864 / 9592
4873 / 9592
4883 / 9592
4892 / 9592
4902 / 9592
4912 / 9592
4921 / 9592
4931 / 9592
4940 / 9592
4950 / 9592
4960 / 9592
4969 / 9592
4979 / 9592
4988 / 9592
4998 / 9592
5008 / 9592
5017 / 9592
5027 / 9592
5036 / 9592
5046 / 9592
5055 / 9592
5065 / 9592
5075 / 9592
5084 / 9592
5094 / 9592
5103 / 9592
5113 / 9592
5123 / 9592
5132 / 9592
5142 / 9592
5151 / 9592
5161 / 9592
5171 / 9592
5180 / 9592
5190 / 9592
5199 / 9592
5209 / 9592
5219 / 9592
5228 / 9592
5238 / 9592
5247 / 9592
5257 / 9592
5267 / 9592
5276 / 9592
5286 / 9592
5295 / 9592
5305 / 9592
5314 / 9592
5324 / 9592
5334 / 9592
5343 / 9592
5353 / 9592
5362 / 9592
5372 / 9592
5382 / 9592
5391 / 9592
5401 / 9592
5410 / 9592
5420 / 9592
5430 / 9592
5439 / 9592
5449 / 9592
5458 / 9592
5468 / 9592
5478 / 9592
5487 / 9592
5497 / 9592
5506 / 9592
5516 / 9592
5525 / 9592
5535 / 9592
5545 / 9592
5554 / 9592
5564 / 9592
5573 / 9592
5583 / 9592
5593 / 9592
5602 / 9592
5612 / 9592
5621 / 9592
5631 / 9592
5641 / 9592
5650 / 9592
5660 / 9592
5669 / 9592
5679 / 9592
5689 / 9592
5698 / 9592
5708 / 9592
5717 / 9592
5727 / 9592
5737 / 9592
5746 / 9592
5756 / 9592
5765 / 9592
5775 / 9592
5784 / 9592
5794 / 9592
5804 / 9592
5813 / 9592
5823 / 9592
5832 / 9592
5842 / 9592
5852 / 9592
5861 / 9592
5871 / 9592
5880 / 9592
5890 / 9592
5900 / 9592
5909 / 9592
5919 / 9592
5928 / 9592
5938 / 9592
5948 / 9592
5957 / 9592
5967 / 9592
5976 / 9592
5986 / 9592
5996 / 9592
6005 / 9592
6015 / 9592
6024 / 9592
6034 / 9592
6043 / 9592
6053 / 9592
6063 / 9592
6072 / 9592
6082 / 9592
6091 / 9592
6101 / 9592
6111 / 9592
6120 / 9592
6130 / 9592
6139 / 9592
6149 / 9592
6159 / 9592
6168 / 9592
6178 / 9592
6187 / 9592
6197 / 9592
6207 / 9592
6216 / 9592
6226 / 9592
6235 / 9592
6245 / 9592
6254 / 9592
6264 / 9592
6274 / 9592
6283 / 9592
6293 / 9592
6302 / 9592
6312 / 9592
6322 / 9592
6331 / 9592
6341 / 9592
6350 / 9592
6360 / 9592
6370 / 9592
6379 / 9592
6389 / 9592
6398 / 9592
6408 / 9592
6418 / 9592
6427 / 9592
6437 / 9592
6446 / 9592
6456 / 9592
6466 / 9592
6475 / 9592
6485 / 9592
6494 / 9592
6504 / 9592
6513 / 9592
6523 / 9592
6533 / 9592
6542 / 9592
6552 / 9592
6561 / 9592
6571 / 9592
6581 / 9592
6590 / 9592
6600 / 9592
6609 / 9592
6619 / 9592
6629 / 9592
6638 / 9592
6648 / 9592
6657 / 9592
6667 / 9592
6677 / 9592
6686 / 9592
6696 / 9592
6705 / 9592
6715 / 9592
6724 / 9592
6734 / 9592
6744 / 9592
6753 / 9592
6763 / 9592
6772 / 9592
6782 / 9592
6792 / 9592
6801 / 9592
6811 / 9592
6820 / 9592
6830 / 9592
6840 / 9592
6849 / 9592
6859 / 9592
6868 / 9592
6878 / 9592
6888 / 9592
6897 / 9592
6907 / 9592
6916 / 9592
6926 / 9592
6936 / 9592
6945 / 9592
6955 / 9592
6964 / 9592
6974 / 9592
6983 / 9592
6993 / 9592
7003 / 9592
7012 / 9592
7022 / 9592
7031 / 9592
7041 / 9592
7051 / 9592
7060 / 9592
7070 / 9592
7079 / 9592
7089 / 9592
7099 / 9592
7108 / 9592
7118 / 9592
7127 / 9592
7137 / 9592
7147 / 9592
7156 / 9592
7166 / 9592
7175 / 9592
7185 / 9592
7195 / 9592
7204 / 9592
7214 / 9592
7223 / 9592
7233 / 9592
7242 / 9592
7252 / 9592
7262 / 9592
7271 / 9592
7281 / 9592
7290 / 9592
7300 / 9592
7310 / 9592
7319 / 9592
7329 / 9592
7338 / 9592
7348 / 9592
7358 / 9592
7367 / 9592
7377 / 9592
7386 / 9592
7396 / 9592
7406 / 9592
7415 / 9592
7425 / 9592
7434 / 9592
7444 / 9592
7453 / 9592
7463 / 9592
7473 / 9592
7482 / 9592
7492 / 9592
7501 / 9592
7511 / 9592
7521 / 9592
7530 / 9592
7540 / 9592
7549 / 9592
7559 / 9592
7569 / 9592
7578 / 9592
7588 / 9592
7597 / 9592
7607 / 9592
7617 / 9592
7626 / 9592
7636 / 9592
7645 / 9592
7655 / 9592
7665 / 9592
7674 / 9592
7684 / 9592
7693 / 9592
7703 / 9592
7712 / 9592
7722 / 9592
7732 / 9592
7741 / 9592
7751 / 9592
7760 / 9592
7770 / 9592
7780 / 9592
7789 / 9592
7799 / 9592
7808 / 9592
7818 / 9592
7828 / 9592
7837 / 9592
7847 / 9592
7856 / 9592
7866 / 9592
7876 / 9592
7885 / 9592
7895 / 9592
7904 / 9592
7914 / 9592
7923 / 9592
7933 / 9592
7943 / 9592
7952 / 9592
7962 / 9592
7971 / 9592
7981 / 9592
7991 / 9592
8000 / 9592
8010 / 9592
8019 / 9592
8029 / 9592
8039 / 9592
8048 / 9592
8058 / 9592
8067 / 9592
8077 / 9592
8087 / 9592
8096 / 9592
8106 / 9592
8115 / 9592
8125 / 9592
8135 / 9592
8144 / 9592
8154 / 9592
8163 / 9592
8173 / 9592
8182 / 9592
8192 / 9592
8202 / 9592
8211 / 9592
8221 / 9592
8230 / 9592
8240 / 9592
8250 / 9592
8259 / 9592
8269 / 9592
8278 / 9592
8288 / 9592
8298 / 9592
8307 / 9592
8317 / 9592
8326 / 9592
8336 / 9592
8346 / 9592
8355 / 9592
8365 / 9592
8374 / 9592
8384 / 9592
8394 / 9592
8403 / 9592
8413 / 9592
8422 / 9592
8432 / 9592
8441 / 9592
8451 / 9592
8461 / 9592
8470 / 9592
8480 / 9592
8489 / 9592
8499 / 9592
8509 / 9592
8518 / 9592
8528 / 9592
8537 / 9592
8547 / 9592
8557 / 9592
8566 / 9592
8576 / 9592
8585 / 9592
8595 / 9592
8605 / 9592
8614 / 9592
8624 / 9592
8633 / 9592
8643 / 9592
8652 / 9592
8662 / 9592
8672 / 9592
8681 / 9592
8691 / 9592
8700 / 9592
8710 / 9592
8720 / 9592
8729 / 9592
8739 / 9592
8748 / 9592
8758 / 9592
8768 / 9592
8777 / 9592
8787 / 9592
8796 / 9592
8806 / 9592
8816 / 9592
8825 / 9592
8835 / 9592
8844 / 9592
8854 / 9592
8864 / 9592
8873 / 9592
8883 / 9592
8892 / 9592
8902 / 9592
8911 / 9592
8921 / 9592
8931 / 9592
8940 / 9592
8950 / 9592
8959 / 9592
8969 / 9592
8979 / 9592
8988 / 9592
8998 / 9592
9007 / 9592
9017 / 9592
9027 / 9592
9036 / 9592
9046 / 9592
9055 / 9592
9065 / 9592
9075 / 9592
9084 / 9592
9094 / 9592
9103 / 9592
9113 / 9592
9122 / 9592
9132 / 9592
9142 / 9592
9151 / 9592
9161 / 9592
9170 / 9592
9180 / 9592
9190 / 9592
9199 / 9592
9209 / 9592
9218 / 9592
9228 / 9592
9238 / 9592
9247 / 9592
9257 / 9592
9266 / 9592
9276 / 9592
9286 / 9592
9295 / 9592
9305 / 9592
9314 / 9592
9324 / 9592
9334 / 9592
9343 / 9592
9353 / 9592
9362 / 9592
9372 / 9592
9381 / 9592
9391 / 9592
9401 / 9592
9410 / 9592
9420 / 9592
9429 / 9592
9439 / 9592
9449 / 9592
9458 / 9592
9468 / 9592
9477 / 9592
9487 / 9592
9497 / 9592
9506 / 9592
9516 / 9592
9525 / 9592
9535 / 9592
9545 / 9592
9554 / 9592
9564 / 9592
9573 / 9592
9583 / 9592
