using old nif file for rabbit
using old odv file for pig
using old odv file for rabbit
1 / 13734
14 / 13734
28 / 13734
42 / 13734
55 / 13734
69 / 13734
83 / 13734
97 / 13734
110 / 13734
124 / 13734
138 / 13734
152 / 13734
165 / 13734
179 / 13734
193 / 13734
207 / 13734
220 / 13734
234 / 13734
248 / 13734
261 / 13734
275 / 13734
289 / 13734
303 / 13734
316 / 13734
330 / 13734
344 / 13734
358 / 13734
371 / 13734
385 / 13734
399 / 13734
413 / 13734
426 / 13734
440 / 13734
454 / 13734
467 / 13734
481 / 13734
495 / 13734
509 / 13734
522 / 13734
536 / 13734
550 / 13734
564 / 13734
577 / 13734
591 / 13734
605 / 13734
619 / 13734
632 / 13734
646 / 13734
660 / 13734
673 / 13734
687 / 13734
701 / 13734
715 / 13734
728 / 13734
742 / 13734
756 / 13734
770 / 13734
783 / 13734
797 / 13734
811 / 13734
825 / 13734
838 / 13734
852 / 13734
866 / 13734
879 / 13734
893 / 13734
907 / 13734
921 / 13734
934 / 13734
948 / 13734
962 / 13734
976 / 13734
989 / 13734
1003 / 13734
1017 / 13734
1031 / 13734
1044 / 13734
1058 / 13734
1072 / 13734
1085 / 13734
1099 / 13734
1113 / 13734
1127 / 13734
1140 / 13734
1154 / 13734
1168 / 13734
1182 / 13734
1195 / 13734
1209 / 13734
1223 / 13734
1237 / 13734
1250 / 13734
1264 / 13734
1278 / 13734
1291 / 13734
1305 / 13734
1319 / 13734
1333 / 13734
1346 / 13734
1360 / 13734
1374 / 13734
1388 / 13734
1401 / 13734
1415 / 13734
1429 / 13734
1443 / 13734
1456 / 13734
1470 / 13734
1484 / 13734
1498 / 13734
1511 / 13734
1525 / 13734
1539 / 13734
1552 / 13734
1566 / 13734
1580 / 13734
1594 / 13734
1607 / 13734
1621 / 13734
1635 / 13734
1649 / 13734
1662 / 13734
1676 / 13734
1690 / 13734
1704 / 13734
1717 / 13734
1731 / 13734
1745 / 13734
1758 / 13734
1772 / 13734
1786 / 13734
1800 / 13734
1813 / 13734
1827 / 13734
1841 / 13734
1855 / 13734
1868 / 13734
1882 / 13734
1896 / 13734
1910 / 13734
1923 / 13734
1937 / 13734
1951 / 13734
1964 / 13734
1978 / 13734
1992 / 13734
2006 / 13734
2019 / 13734
2033 / 13734
2047 / 13734
2061 / 13734
2074 / 13734
2088 / 13734
2102 / 13734
2116 / 13734
2129 / 13734
2143 / 13734
2157 / 13734
2170 / 13734
2184 / 13734
2198 / 13734
2212 / 13734
2225 / 13734
2239 / 13734
2253 / 13734
2267 / 13734
2280 / 13734
2294 / 13734
2308 / 13734
2322 / 13734
2335 / 13734
2349 / 13734
2363 / 13734
2376 / 13734
2390 / 13734
2404 / 13734
2418 / 13734
2431 / 13734
2445 / 13734
2459 / 13734
2473 / 13734
2486 / 13734
2500 / 13734
2514 / 13734
2528 / 13734
2541 / 13734
2555 / 13734
2569 / 13734
2582 / 13734
2596 / 13734
2610 / 13734
2624 / 13734
2637 / 13734
2651 / 13734
2665 / 13734
2679 / 13734
2692 / 13734
2706 / 13734
2720 / 13734
2734 / 13734
2747 / 13734
2761 / 13734
2775 / 13734
2789 / 13734
2802 / 13734
2816 / 13734
2830 / 13734
2843 / 13734
2857 / 13734
2871 / 13734
2885 / 13734
2898 / 13734
2912 / 13734
2926 / 13734
2940 / 13734
2953 / 13734
2967 / 13734
2981 / 13734
2995 / 13734
3008 / 13734
3022 / 13734
3036 / 13734
3049 / 13734
3063 / 13734
3077 / 13734
3091 / 13734
3104 / 13734
3118 / 13734
3132 / 13734
3146 / 13734
3159 / 13734
3173 / 13734
3187 / 13734
3201 / 13734
3214 / 13734
3228 / 13734
3242 / 13734
3255 / 13734
3269 / 13734
3283 / 13734
3297 / 13734
3310 / 13734
3324 / 13734
3338 / 13734
3352 / 13734
3365 / 13734
3379 / 13734
3393 / 13734
3407 / 13734
3420 / 13734
3434 / 13734
3448 / 13734
3461 / 13734
3475 / 13734
3489 / 13734
3503 / 13734
3516 / 13734
3530 / 13734
3544 / 13734
3558 / 13734
3571 / 13734
3585 / 13734
3599 / 13734
3613 / 13734
3626 / 13734
3640 / 13734
3654 / 13734
3667 / 13734
3681 / 13734
3695 / 13734
3709 / 13734
3722 / 13734
3736 / 13734
3750 / 13734
3764 / 13734
3777 / 13734
3791 / 13734
3805 / 13734
3819 / 13734
3832 / 13734
3846 / 13734
3860 / 13734
3873 / 13734
3887 / 13734
3901 / 13734
3915 / 13734
3928 / 13734
3942 / 13734
3956 / 13734
3970 / 13734
3983 / 13734
3997 / 13734
4011 / 13734
4025 / 13734
4038 / 13734
4052 / 13734
4066 / 13734
4079 / 13734
4093 / 13734
4107 / 13734
4121 / 13734
4134 / 13734
4148 / 13734
4162 / 13734
4176 / 13734
4189 / 13734
4203 / 13734
4217 / 13734
4231 / 13734
4244 / 13734
4258 / 13734
4272 / 13734
4286 / 13734
4299 / 13734
4313 / 13734
4327 / 13734
4340 / 13734
4354 / 13734
4368 / 13734
4382 / 13734
4395 / 13734
4409 / 13734
4423 / 13734
4437 / 13734
4450 / 13734
4464 / 13734
4478 / 13734
4492 / 13734
4505 / 13734
4519 / 13734
4533 / 13734
4546 / 13734
4560 / 13734
4574 / 13734
4588 / 13734
4601 / 13734
4615 / 13734
4629 / 13734
4643 / 13734
4656 / 13734
4670 / 13734
4684 / 13734
4698 / 13734
4711 / 13734
4725 / 13734
4739 / 13734
4752 / 13734
4766 / 13734
4780 / 13734
4794 / 13734
4807 / 13734
4821 / 13734
4835 / 13734
4849 / 13734
4862 / 13734
4876 / 13734
4890 / 13734
4904 / 13734
4917 / 13734
4931 / 13734
4945 / 13734
4958 / 13734
4972 / 13734
4986 / 13734
5000 / 13734
5013 / 13734
5027 / 13734
5041 / 13734
5055 / 13734
5068 / 13734
5082 / 13734
5096 / 13734
5110 / 13734
5123 / 13734
5137 / 13734
5151 / 13734
5164 / 13734
5178 / 13734
5192 / 13734
5206 / 13734
5219 / 13734
5233 / 13734
5247 / 13734
5261 / 13734
5274 / 13734
5288 / 13734
5302 / 13734
5316 / 13734
5329 / 13734
5343 / 13734
5357 / 13734
5370 / 13734
5384 / 13734
5398 / 13734
5412 / 13734
5425 / 13734
5439 / 13734
5453 / 13734
5467 / 13734
5480 / 13734
5494 / 13734
5508 / 13734
5522 / 13734
5535 / 13734
5549 / 13734
5563 / 13734
5577 / 13734
5590 / 13734
5604 / 13734
5618 / 13734
5631 / 13734
5645 / 13734
5659 / 13734
5673 / 13734
5686 / 13734
5700 / 13734
5714 / 13734
5728 / 13734
5741 / 13734
5755 / 13734
5769 / 13734
5783 / 13734
5796 / 13734
5810 / 13734
5824 / 13734
5837 / 13734
5851 / 13734
5865 / 13734
5879 / 13734
5892 / 13734
5906 / 13734
5920 / 13734
5934 / 13734
5947 / 13734
5961 / 13734
5975 / 13734
5989 / 13734
6002 / 13734
6016 / 13734
6030 / 13734
6043 / 13734
6057 / 13734
6071 / 13734
6085 / 13734
6098 / 13734
6112 / 13734
6126 / 13734
6140 / 13734
6153 / 13734
6167 / 13734
6181 / 13734
6195 / 13734
6208 / 13734
6222 / 13734
6236 / 13734
6249 / 13734
6263 / 13734
6277 / 13734
6291 / 13734
6304 / 13734
6318 / 13734
6332 / 13734
6346 / 13734
6359 / 13734
6373 / 13734
6387 / 13734
6401 / 13734
6414 / 13734
6428 / 13734
6442 / 13734
6455 / 13734
6469 / 13734
6483 / 13734
6497 / 13734
6510 / 13734
6524 / 13734
6538 / 13734
6552 / 13734
6565 / 13734
6579 / 13734
6593 / 13734
6607 / 13734
6620 / 13734
6634 / 13734
6648 / 13734
6661 / 13734
6675 / 13734
6689 / 13734
6703 / 13734
6716 / 13734
6730 / 13734
6744 / 13734
6758 / 13734
6771 / 13734
6785 / 13734
6799 / 13734
6813 / 13734
6826 / 13734
6840 / 13734
6854 / 13734
6868 / 13734
6881 / 13734
6895 / 13734
6909 / 13734
6922 / 13734
6936 / 13734
6950 / 13734
6964 / 13734
6977 / 13734
6991 / 13734
7005 / 13734
7019 / 13734
7032 / 13734
7046 / 13734
7060 / 13734
7074 / 13734
7087 / 13734
7101 / 13734
7115 / 13734
7128 / 13734
7142 / 13734
7156 / 13734
7170 / 13734
7183 / 13734
7197 / 13734
7211 / 13734
7225 / 13734
7238 / 13734
7252 / 13734
7266 / 13734
7280 / 13734
7293 / 13734
7307 / 13734
7321 / 13734
7334 / 13734
7348 / 13734
7362 / 13734
7376 / 13734
7389 / 13734
7403 / 13734
7417 / 13734
7431 / 13734
7444 / 13734
7458 / 13734
7472 / 13734
7486 / 13734
7499 / 13734
7513 / 13734
7527 / 13734
7540 / 13734
7554 / 13734
7568 / 13734
7582 / 13734
7595 / 13734
7609 / 13734
7623 / 13734
7637 / 13734
7650 / 13734
7664 / 13734
7678 / 13734
7692 / 13734
7705 / 13734
7719 / 13734
7733 / 13734
7746 / 13734
7760 / 13734
7774 / 13734
7788 / 13734
7801 / 13734
7815 / 13734
7829 / 13734
7843 / 13734
7856 / 13734
7870 / 13734
7884 / 13734
7898 / 13734
7911 / 13734
7925 / 13734
7939 / 13734
7952 / 13734
7966 / 13734
7980 / 13734
7994 / 13734
8007 / 13734
8021 / 13734
8035 / 13734
8049 / 13734
8062 / 13734
8076 / 13734
8090 / 13734
8104 / 13734
8117 / 13734
8131 / 13734
8145 / 13734
8158 / 13734
8172 / 13734
8186 / 13734
8200 / 13734
8213 / 13734
8227 / 13734
8241 / 13734
8255 / 13734
8268 / 13734
8282 / 13734
8296 / 13734
8310 / 13734
8323 / 13734
8337 / 13734
8351 / 13734
8365 / 13734
8378 / 13734
8392 / 13734
8406 / 13734
8419 / 13734
8433 / 13734
8447 / 13734
8461 / 13734
8474 / 13734
8488 / 13734
8502 / 13734
8516 / 13734
8529 / 13734
8543 / 13734
8557 / 13734
8571 / 13734
8584 / 13734
8598 / 13734
8612 / 13734
8625 / 13734
8639 / 13734
8653 / 13734
8667 / 13734
8680 / 13734
8694 / 13734
8708 / 13734
8722 / 13734
8735 / 13734
8749 / 13734
8763 / 13734
8777 / 13734
8790 / 13734
8804 / 13734
8818 / 13734
8831 / 13734
8845 / 13734
8859 / 13734
8873 / 13734
8886 / 13734
8900 / 13734
8914 / 13734
8928 / 13734
8941 / 13734
8955 / 13734
8969 / 13734
8983 / 13734
8996 / 13734
9010 / 13734
9024 / 13734
9037 / 13734
9051 / 13734
9065 / 13734
9079 / 13734
9092 / 13734
9106 / 13734
9120 / 13734
9134 / 13734
9147 / 13734
9161 / 13734
9175 / 13734
9189 / 13734
9202 / 13734
9216 / 13734
9230 / 13734
9243 / 13734
9257 / 13734
9271 / 13734
9285 / 13734
9298 / 13734
9312 / 13734
9326 / 13734
9340 / 13734
9353 / 13734
9367 / 13734
9381 / 13734
9395 / 13734
9408 / 13734
9422 / 13734
9436 / 13734
9449 / 13734
9463 / 13734
9477 / 13734
9491 / 13734
9504 / 13734
9518 / 13734
9532 / 13734
9546 / 13734
9559 / 13734
9573 / 13734
9587 / 13734
9601 / 13734
9614 / 13734
9628 / 13734
9642 / 13734
9656 / 13734
9669 / 13734
9683 / 13734
9697 / 13734
9710 / 13734
9724 / 13734
9738 / 13734
9752 / 13734
9765 / 13734
9779 / 13734
9793 / 13734
9807 / 13734
9820 / 13734
9834 / 13734
9848 / 13734
9862 / 13734
9875 / 13734
9889 / 13734
9903 / 13734
9916 / 13734
9930 / 13734
9944 / 13734
9958 / 13734
9971 / 13734
9985 / 13734
9999 / 13734
10013 / 13734
10026 / 13734
10040 / 13734
10054 / 13734
10068 / 13734
10081 / 13734
10095 / 13734
10109 / 13734
10122 / 13734
10136 / 13734
10150 / 13734
10164 / 13734
10177 / 13734
10191 / 13734
10205 / 13734
10219 / 13734
10232 / 13734
10246 / 13734
10260 / 13734
10274 / 13734
10287 / 13734
10301 / 13734
10315 / 13734
10328 / 13734
10342 / 13734
10356 / 13734
10370 / 13734
10383 / 13734
10397 / 13734
10411 / 13734
10425 / 13734
10438 / 13734
10452 / 13734
10466 / 13734
10480 / 13734
10493 / 13734
10507 / 13734
10521 / 13734
10534 / 13734
10548 / 13734
10562 / 13734
10576 / 13734
10589 / 13734
10603 / 13734
10617 / 13734
10631 / 13734
10644 / 13734
10658 / 13734
10672 / 13734
10686 / 13734
10699 / 13734
10713 / 13734
10727 / 13734
10740 / 13734
10754 / 13734
10768 / 13734
10782 / 13734
10795 / 13734
10809 / 13734
10823 / 13734
10837 / 13734
10850 / 13734
10864 / 13734
10878 / 13734
10892 / 13734
10905 / 13734
10919 / 13734
10933 / 13734
10946 / 13734
10960 / 13734
10974 / 13734
10988 / 13734
11001 / 13734
11015 / 13734
11029 / 13734
11043 / 13734
11056 / 13734
11070 / 13734
11084 / 13734
11098 / 13734
11111 / 13734
11125 / 13734
11139 / 13734
11153 / 13734
11166 / 13734
11180 / 13734
11194 / 13734
11207 / 13734
11221 / 13734
11235 / 13734
11249 / 13734
11262 / 13734
11276 / 13734
11290 / 13734
11304 / 13734
11317 / 13734
11331 / 13734
11345 / 13734
11359 / 13734
11372 / 13734
11386 / 13734
11400 / 13734
11413 / 13734
11427 / 13734
11441 / 13734
11455 / 13734
11468 / 13734
11482 / 13734
11496 / 13734
11510 / 13734
11523 / 13734
11537 / 13734
11551 / 13734
11565 / 13734
11578 / 13734
11592 / 13734
11606 / 13734
11619 / 13734
11633 / 13734
11647 / 13734
11661 / 13734
11674 / 13734
11688 / 13734
11702 / 13734
11716 / 13734
11729 / 13734
11743 / 13734
11757 / 13734
11771 / 13734
11784 / 13734
11798 / 13734
11812 / 13734
11825 / 13734
11839 / 13734
11853 / 13734
11867 / 13734
11880 / 13734
11894 / 13734
11908 / 13734
11922 / 13734
11935 / 13734
11949 / 13734
11963 / 13734
11977 / 13734
11990 / 13734
12004 / 13734
12018 / 13734
12031 / 13734
12045 / 13734
12059 / 13734
12073 / 13734
12086 / 13734
12100 / 13734
12114 / 13734
12128 / 13734
12141 / 13734
12155 / 13734
12169 / 13734
12183 / 13734
12196 / 13734
12210 / 13734
12224 / 13734
12237 / 13734
12251 / 13734
12265 / 13734
12279 / 13734
12292 / 13734
12306 / 13734
12320 / 13734
12334 / 13734
12347 / 13734
12361 / 13734
12375 / 13734
12389 / 13734
12402 / 13734
12416 / 13734
12430 / 13734
12444 / 13734
12457 / 13734
12471 / 13734
12485 / 13734
12498 / 13734
12512 / 13734
12526 / 13734
12540 / 13734
12553 / 13734
12567 / 13734
12581 / 13734
12595 / 13734
12608 / 13734
12622 / 13734
12636 / 13734
12650 / 13734
12663 / 13734
12677 / 13734
12691 / 13734
12704 / 13734
12718 / 13734
12732 / 13734
12746 / 13734
12759 / 13734
12773 / 13734
12787 / 13734
12801 / 13734
12814 / 13734
12828 / 13734
12842 / 13734
12856 / 13734
12869 / 13734
12883 / 13734
12897 / 13734
12910 / 13734
12924 / 13734
12938 / 13734
12952 / 13734
12965 / 13734
12979 / 13734
12993 / 13734
13007 / 13734
13020 / 13734
13034 / 13734
13048 / 13734
13062 / 13734
13075 / 13734
13089 / 13734
13103 / 13734
13116 / 13734
13130 / 13734
13144 / 13734
13158 / 13734
13171 / 13734
13185 / 13734
13199 / 13734
13213 / 13734
13226 / 13734
13240 / 13734
13254 / 13734
13268 / 13734
13281 / 13734
13295 / 13734
13309 / 13734
13322 / 13734
13336 / 13734
13350 / 13734
13364 / 13734
13377 / 13734
13391 / 13734
13405 / 13734
13419 / 13734
13432 / 13734
13446 / 13734
13460 / 13734
13474 / 13734
13487 / 13734
13501 / 13734
13515 / 13734
13528 / 13734
13542 / 13734
13556 / 13734
13570 / 13734
13583 / 13734
13597 / 13734
13611 / 13734
13625 / 13734
13638 / 13734
13652 / 13734
13666 / 13734
13680 / 13734
13693 / 13734
13707 / 13734
13721 / 13734
