1 / 9573
10 / 9573
20 / 9573
29 / 9573
39 / 9573
48 / 9573
58 / 9573
68 / 9573
77 / 9573
87 / 9573
96 / 9573
106 / 9573
115 / 9573
125 / 9573
135 / 9573
144 / 9573
154 / 9573
163 / 9573
173 / 9573
182 / 9573
192 / 9573
202 / 9573
211 / 9573
221 / 9573
230 / 9573
240 / 9573
249 / 9573
259 / 9573
269 / 9573
278 / 9573
288 / 9573
297 / 9573
307 / 9573
316 / 9573
326 / 9573
336 / 9573
345 / 9573
355 / 9573
364 / 9573
374 / 9573
383 / 9573
393 / 9573
403 / 9573
412 / 9573
422 / 9573
431 / 9573
441 / 9573
450 / 9573
460 / 9573
470 / 9573
479 / 9573
489 / 9573
498 / 9573
508 / 9573
517 / 9573
527 / 9573
537 / 9573
546 / 9573
556 / 9573
565 / 9573
575 / 9573
584 / 9573
594 / 9573
604 / 9573
613 / 9573
623 / 9573
632 / 9573
642 / 9573
651 / 9573
661 / 9573
671 / 9573
680 / 9573
690 / 9573
699 / 9573
709 / 9573
718 / 9573
728 / 9573
738 / 9573
747 / 9573
757 / 9573
766 / 9573
776 / 9573
785 / 9573
795 / 9573
805 / 9573
814 / 9573
824 / 9573
833 / 9573
843 / 9573
852 / 9573
862 / 9573
872 / 9573
881 / 9573
891 / 9573
900 / 9573
910 / 9573
920 / 9573
929 / 9573
939 / 9573
948 / 9573
958 / 9573
967 / 9573
977 / 9573
987 / 9573
996 / 9573
1006 / 9573
1015 / 9573
1025 / 9573
1034 / 9573
1044 / 9573
1054 / 9573
1063 / 9573
1073 / 9573
1082 / 9573
1092 / 9573
1101 / 9573
1111 / 9573
1121 / 9573
1130 / 9573
1140 / 9573
1149 / 9573
1159 / 9573
1168 / 9573
1178 / 9573
1188 / 9573
1197 / 9573
1207 / 9573
1216 / 9573
1226 / 9573
1235 / 9573
1245 / 9573
1255 / 9573
1264 / 9573
1274 / 9573
1283 / 9573
1293 / 9573
1302 / 9573
1312 / 9573
1322 / 9573
1331 / 9573
1341 / 9573
1350 / 9573
1360 / 9573
1369 / 9573
1379 / 9573
1389 / 9573
1398 / 9573
1408 / 9573
1417 / 9573
1427 / 9573
1436 / 9573
1446 / 9573
1456 / 9573
1465 / 9573
1475 / 9573
1484 / 9573
1494 / 9573
1503 / 9573
1513 / 9573
1523 / 9573
1532 / 9573
1542 / 9573
1551 / 9573
1561 / 9573
1570 / 9573
1580 / 9573
1590 / 9573
1599 / 9573
1609 / 9573
1618 / 9573
1628 / 9573
1637 / 9573
1647 / 9573
1657 / 9573
1666 / 9573
1676 / 9573
1685 / 9573
1695 / 9573
1704 / 9573
1714 / 9573
1724 / 9573
1733 / 9573
1743 / 9573
1752 / 9573
1762 / 9573
1772 / 9573
1781 / 9573
1791 / 9573
1800 / 9573
1810 / 9573
1819 / 9573
1829 / 9573
1839 / 9573
1848 / 9573
1858 / 9573
1867 / 9573
1877 / 9573
1886 / 9573
1896 / 9573
1906 / 9573
1915 / 9573
1925 / 9573
1934 / 9573
1944 / 9573
1953 / 9573
1963 / 9573
1973 / 9573
1982 / 9573
1992 / 9573
2001 / 9573
2011 / 9573
2020 / 9573
2030 / 9573
2040 / 9573
2049 / 9573
2059 / 9573
2068 / 9573
2078 / 9573
2087 / 9573
2097 / 9573
2107 / 9573
2116 / 9573
2126 / 9573
2135 / 9573
2145 / 9573
2154 / 9573
2164 / 9573
2174 / 9573
2183 / 9573
2193 / 9573
2202 / 9573
2212 / 9573
2221 / 9573
2231 / 9573
2241 / 9573
2250 / 9573
2260 / 9573
2269 / 9573
2279 / 9573
2288 / 9573
2298 / 9573
2308 / 9573
2317 / 9573
2327 / 9573
2336 / 9573
2346 / 9573
2355 / 9573
2365 / 9573
2375 / 9573
2384 / 9573
2394 / 9573
2403 / 9573
2413 / 9573
2422 / 9573
2432 / 9573
2442 / 9573
2451 / 9573
2461 / 9573
2470 / 9573
2480 / 9573
2489 / 9573
2499 / 9573
2509 / 9573
2518 / 9573
2528 / 9573
2537 / 9573
2547 / 9573
2556 / 9573
2566 / 9573
2576 / 9573
2585 / 9573
2595 / 9573
2604 / 9573
2614 / 9573
2624 / 9573
2633 / 9573
2643 / 9573
2652 / 9573
2662 / 9573
2671 / 9573
2681 / 9573
2691 / 9573
2700 / 9573
2710 / 9573
2719 / 9573
2729 / 9573
2738 / 9573
2748 / 9573
2758 / 9573
2767 / 9573
2777 / 9573
2786 / 9573
2796 / 9573
2805 / 9573
2815 / 9573
2825 / 9573
2834 / 9573
2844 / 9573
2853 / 9573
2863 / 9573
2872 / 9573
2882 / 9573
2892 / 9573
2901 / 9573
2911 / 9573
2920 / 9573
2930 / 9573
2939 / 9573
2949 / 9573
2959 / 9573
2968 / 9573
2978 / 9573
2987 / 9573
2997 / 9573
3006 / 9573
3016 / 9573
3026 / 9573
3035 / 9573
3045 / 9573
3054 / 9573
3064 / 9573
3073 / 9573
3083 / 9573
3093 / 9573
3102 / 9573
3112 / 9573
3121 / 9573
3131 / 9573
3140 / 9573
3150 / 9573
3160 / 9573
3169 / 9573
3179 / 9573
3188 / 9573
3198 / 9573
3207 / 9573
3217 / 9573
3227 / 9573
3236 / 9573
3246 / 9573
3255 / 9573
3265 / 9573
3274 / 9573
3284 / 9573
3294 / 9573
3303 / 9573
3313 / 9573
3322 / 9573
3332 / 9573
3341 / 9573
3351 / 9573
3361 / 9573
3370 / 9573
3380 / 9573
3389 / 9573
3399 / 9573
3408 / 9573
3418 / 9573
3428 / 9573
3437 / 9573
3447 / 9573
3456 / 9573
3466 / 9573
3475 / 9573
3485 / 9573
3495 / 9573
3504 / 9573
3514 / 9573
3523 / 9573
3533 / 9573
3543 / 9573
3552 / 9573
3562 / 9573
3571 / 9573
3581 / 9573
3590 / 9573
3600 / 9573
3610 / 9573
3619 / 9573
3629 / 9573
3638 / 9573
3648 / 9573
3657 / 9573
3667 / 9573
3677 / 9573
3686 / 9573
3696 / 9573
3705 / 9573
3715 / 9573
3724 / 9573
3734 / 9573
3744 / 9573
3753 / 9573
3763 / 9573
3772 / 9573
3782 / 9573
3791 / 9573
3801 / 9573
3811 / 9573
3820 / 9573
3830 / 9573
3839 / 9573
3849 / 9573
3858 / 9573
3868 / 9573
3878 / 9573
3887 / 9573
3897 / 9573
3906 / 9573
3916 / 9573
3925 / 9573
3935 / 9573
3945 / 9573
3954 / 9573
3964 / 9573
3973 / 9573
3983 / 9573
3992 / 9573
4002 / 9573
4012 / 9573
4021 / 9573
4031 / 9573
4040 / 9573
4050 / 9573
4059 / 9573
4069 / 9573
4079 / 9573
4088 / 9573
4098 / 9573
4107 / 9573
4117 / 9573
4126 / 9573
4136 / 9573
4146 / 9573
4155 / 9573
4165 / 9573
4174 / 9573
4184 / 9573
4193 / 9573
4203 / 9573
4213 / 9573
4222 / 9573
4232 / 9573
4241 / 9573
4251 / 9573
4260 / 9573
4270 / 9573
4280 / 9573
4289 / 9573
4299 / 9573
4308 / 9573
4318 / 9573
4327 / 9573
4337 / 9573
4347 / 9573
4356 / 9573
4366 / 9573
4375 / 9573
4385 / 9573
4395 / 9573
4404 / 9573
4414 / 9573
4423 / 9573
4433 / 9573
4442 / 9573
4452 / 9573
4462 / 9573
4471 / 9573
4481 / 9573
4490 / 9573
4500 / 9573
4509 / 9573
4519 / 9573
4529 / 9573
4538 / 9573
4548 / 9573
4557 / 9573
4567 / 9573
4576 / 9573
4586 / 9573
4596 / 9573
4605 / 9573
4615 / 9573
4624 / 9573
4634 / 9573
4643 / 9573
4653 / 9573
4663 / 9573
4672 / 9573
4682 / 9573
4691 / 9573
4701 / 9573
4710 / 9573
4720 / 9573
4730 / 9573
4739 / 9573
4749 / 9573
4758 / 9573
4768 / 9573
4777 / 9573
4787 / 9573
4797 / 9573
4806 / 9573
4816 / 9573
4825 / 9573
4835 / 9573
4844 / 9573
4854 / 9573
4864 / 9573
4873 / 9573
4883 / 9573
4892 / 9573
4902 / 9573
4911 / 9573
4921 / 9573
4931 / 9573
4940 / 9573
4950 / 9573
4959 / 9573
4969 / 9573
4978 / 9573
4988 / 9573
4998 / 9573
5007 / 9573
5017 / 9573
5026 / 9573
5036 / 9573
5045 / 9573
5055 / 9573
5065 / 9573
5074 / 9573
5084 / 9573
5093 / 9573
5103 / 9573
5112 / 9573
5122 / 9573
5132 / 9573
5141 / 9573
5151 / 9573
5160 / 9573
5170 / 9573
5179 / 9573
5189 / 9573
5199 / 9573
5208 / 9573
5218 / 9573
5227 / 9573
5237 / 9573
5247 / 9573
5256 / 9573
5266 / 9573
5275 / 9573
5285 / 9573
5294 / 9573
5304 / 9573
5314 / 9573
5323 / 9573
5333 / 9573
5342 / 9573
5352 / 9573
5361 / 9573
5371 / 9573
5381 / 9573
5390 / 9573
5400 / 9573
5409 / 9573
5419 / 9573
5428 / 9573
5438 / 9573
5448 / 9573
5457 / 9573
5467 / 9573
5476 / 9573
5486 / 9573
5495 / 9573
5505 / 9573
5515 / 9573
5524 / 9573
5534 / 9573
5543 / 9573
5553 / 9573
5562 / 9573
5572 / 9573
5582 / 9573
5591 / 9573
5601 / 9573
5610 / 9573
5620 / 9573
5629 / 9573
5639 / 9573
5649 / 9573
5658 / 9573
5668 / 9573
5677 / 9573
5687 / 9573
5696 / 9573
5706 / 9573
5716 / 9573
5725 / 9573
5735 / 9573
5744 / 9573
5754 / 9573
5763 / 9573
5773 / 9573
5783 / 9573
5792 / 9573
5802 / 9573
5811 / 9573
5821 / 9573
5830 / 9573
5840 / 9573
5850 / 9573
5859 / 9573
5869 / 9573
5878 / 9573
5888 / 9573
5897 / 9573
5907 / 9573
5917 / 9573
5926 / 9573
5936 / 9573
5945 / 9573
5955 / 9573
5964 / 9573
5974 / 9573
5984 / 9573
5993 / 9573
6003 / 9573
6012 / 9573
6022 / 9573
6031 / 9573
6041 / 9573
6051 / 9573
6060 / 9573
6070 / 9573
6079 / 9573
6089 / 9573
6099 / 9573
6108 / 9573
6118 / 9573
6127 / 9573
6137 / 9573
6146 / 9573
6156 / 9573
6166 / 9573
6175 / 9573
6185 / 9573
6194 / 9573
6204 / 9573
6213 / 9573
6223 / 9573
6233 / 9573
6242 / 9573
6252 / 9573
6261 / 9573
6271 / 9573
6280 / 9573
6290 / 9573
6300 / 9573
6309 / 9573
6319 / 9573
6328 / 9573
6338 / 9573
6347 / 9573
6357 / 9573
6367 / 9573
6376 / 9573
6386 / 9573
6395 / 9573
6405 / 9573
6414 / 9573
6424 / 9573
6434 / 9573
6443 / 9573
6453 / 9573
6462 / 9573
6472 / 9573
6481 / 9573
6491 / 9573
6501 / 9573
6510 / 9573
6520 / 9573
6529 / 9573
6539 / 9573
6548 / 9573
6558 / 9573
6568 / 9573
6577 / 9573
6587 / 9573
6596 / 9573
6606 / 9573
6615 / 9573
6625 / 9573
6635 / 9573
6644 / 9573
6654 / 9573
6663 / 9573
6673 / 9573
6682 / 9573
6692 / 9573
6702 / 9573
6711 / 9573
6721 / 9573
6730 / 9573
6740 / 9573
6749 / 9573
6759 / 9573
6769 / 9573
6778 / 9573
6788 / 9573
6797 / 9573
6807 / 9573
6816 / 9573
6826 / 9573
6836 / 9573
6845 / 9573
6855 / 9573
6864 / 9573
6874 / 9573
6883 / 9573
6893 / 9573
6903 / 9573
6912 / 9573
6922 / 9573
6931 / 9573
6941 / 9573
6950 / 9573
6960 / 9573
6970 / 9573
6979 / 9573
6989 / 9573
6998 / 9573
7008 / 9573
7018 / 9573
7027 / 9573
7037 / 9573
7046 / 9573
7056 / 9573
7065 / 9573
7075 / 9573
7085 / 9573
7094 / 9573
7104 / 9573
7113 / 9573
7123 / 9573
7132 / 9573
7142 / 9573
7152 / 9573
7161 / 9573
7171 / 9573
7180 / 9573
7190 / 9573
7199 / 9573
7209 / 9573
7219 / 9573
7228 / 9573
7238 / 9573
7247 / 9573
7257 / 9573
7266 / 9573
7276 / 9573
7286 / 9573
7295 / 9573
7305 / 9573
7314 / 9573
7324 / 9573
7333 / 9573
7343 / 9573
7353 / 9573
7362 / 9573
7372 / 9573
7381 / 9573
7391 / 9573
7400 / 9573
7410 / 9573
7420 / 9573
7429 / 9573
7439 / 9573
7448 / 9573
7458 / 9573
7467 / 9573
7477 / 9573
7487 / 9573
7496 / 9573
7506 / 9573
7515 / 9573
7525 / 9573
7534 / 9573
7544 / 9573
7554 / 9573
7563 / 9573
7573 / 9573
7582 / 9573
7592 / 9573
7601 / 9573
7611 / 9573
7621 / 9573
7630 / 9573
7640 / 9573
7649 / 9573
7659 / 9573
7668 / 9573
7678 / 9573
7688 / 9573
7697 / 9573
7707 / 9573
7716 / 9573
7726 / 9573
7735 / 9573
7745 / 9573
7755 / 9573
7764 / 9573
7774 / 9573
7783 / 9573
7793 / 9573
7802 / 9573
7812 / 9573
7822 / 9573
7831 / 9573
7841 / 9573
7850 / 9573
7860 / 9573
7870 / 9573
7879 / 9573
7889 / 9573
7898 / 9573
7908 / 9573
7917 / 9573
7927 / 9573
7937 / 9573
7946 / 9573
7956 / 9573
7965 / 9573
7975 / 9573
7984 / 9573
7994 / 9573
8004 / 9573
8013 / 9573
8023 / 9573
8032 / 9573
8042 / 9573
8051 / 9573
8061 / 9573
8071 / 9573
8080 / 9573
8090 / 9573
8099 / 9573
8109 / 9573
8118 / 9573
8128 / 9573
8138 / 9573
8147 / 9573
8157 / 9573
8166 / 9573
8176 / 9573
8185 / 9573
8195 / 9573
8205 / 9573
8214 / 9573
8224 / 9573
8233 / 9573
8243 / 9573
8252 / 9573
8262 / 9573
8272 / 9573
8281 / 9573
8291 / 9573
8300 / 9573
8310 / 9573
8319 / 9573
8329 / 9573
8339 / 9573
8348 / 9573
8358 / 9573
8367 / 9573
8377 / 9573
8386 / 9573
8396 / 9573
8406 / 9573
8415 / 9573
8425 / 9573
8434 / 9573
8444 / 9573
8453 / 9573
8463 / 9573
8473 / 9573
8482 / 9573
8492 / 9573
8501 / 9573
8511 / 9573
8520 / 9573
8530 / 9573
8540 / 9573
8549 / 9573
8559 / 9573
8568 / 9573
8578 / 9573
8587 / 9573
8597 / 9573
8607 / 9573
8616 / 9573
8626 / 9573
8635 / 9573
8645 / 9573
8654 / 9573
8664 / 9573
8674 / 9573
8683 / 9573
8693 / 9573
8702 / 9573
8712 / 9573
8722 / 9573
8731 / 9573
8741 / 9573
8750 / 9573
8760 / 9573
8769 / 9573
8779 / 9573
8789 / 9573
8798 / 9573
8808 / 9573
8817 / 9573
8827 / 9573
8836 / 9573
8846 / 9573
8856 / 9573
8865 / 9573
8875 / 9573
8884 / 9573
8894 / 9573
8903 / 9573
8913 / 9573
8923 / 9573
8932 / 9573
8942 / 9573
8951 / 9573
8961 / 9573
8970 / 9573
8980 / 9573
8990 / 9573
8999 / 9573
9009 / 9573
9018 / 9573
9028 / 9573
9037 / 9573
9047 / 9573
9057 / 9573
9066 / 9573
9076 / 9573
9085 / 9573
9095 / 9573
9104 / 9573
9114 / 9573
9124 / 9573
9133 / 9573
9143 / 9573
9152 / 9573
9162 / 9573
9171 / 9573
9181 / 9573
9191 / 9573
9200 / 9573
9210 / 9573
9219 / 9573
9229 / 9573
9238 / 9573
9248 / 9573
9258 / 9573
9267 / 9573
9277 / 9573
9286 / 9573
9296 / 9573
9305 / 9573
9315 / 9573
9325 / 9573
9334 / 9573
9344 / 9573
9353 / 9573
9363 / 9573
9372 / 9573
9382 / 9573
9392 / 9573
9401 / 9573
9411 / 9573
9420 / 9573
9430 / 9573
9439 / 9573
9449 / 9573
9459 / 9573
9468 / 9573
9478 / 9573
9487 / 9573
9497 / 9573
9506 / 9573
9516 / 9573
9526 / 9573
9535 / 9573
9545 / 9573
9554 / 9573
9564 / 9573
