/home/wangph1/plant/data/slurm_logs/blantindex/june26_morning/blantindex-june26_morning-cat.log
/home/wangph1/plant/data/slurm_logs/blantindex/june26_morning/blantindex-june26_morning-guineapig.log
/home/wangph1/plant/data/slurm_logs/blantindex/june26_morning/blantindex-june26_morning-human.log
/home/wangph1/plant/data/slurm_logs/blantindex/june26_morning/blantindex-june26_morning-horse.log
/home/wangph1/plant/data/slurm_logs/blantindex/june26_morning/blantindex-june26_morning-sheep.log
/home/wangph1/plant/data/slurm_logs/blantindex/june26_morning/blantindex-june26_morning-rabbit.log

/home/wangph1/plant/data/slurm_logs/blantindex/june26_morning/blantindex-june26_morning-syeast05.log
/home/wangph1/plant/data/slurm_logs/blantindex/june26_morning/blantindex-june26_morning-cow.log
/home/wangph1/plant/data/slurm_logs/blantindex/june26_morning/blantindex-june26_morning-mouse.log
/home/wangph1/plant/data/slurm_logs/blantindex/june26_morning/blantindex-june26_morning-syeast25.log
/home/wangph1/plant/data/slurm_logs/blantindex/june26_morning/blantindex-june26_morning-dog.log
/home/wangph1/plant/data/slurm_logs/blantindex/june26_morning/blantindex-june26_morning-syeast15.log
/home/wangph1/plant/data/slurm_logs/blantindex/june26_morning/blantindex-june26_morning-syeast20.log
/home/wangph1/plant/data/slurm_logs/blantindex/june26_morning/blantindex-june26_morning-rat.log
/home/wangph1/plant/data/slurm_logs/blantindex/june26_morning/blantindex-june26_morning-email_s1.log
/home/wangph1/plant/data/slurm_logs/blantindex/june26_morning/blantindex-june26_morning-email_s10.log
/home/wangph1/plant/data/slurm_logs/blantindex/june26_morning/blantindex-june26_morning-email_s5.log
/home/wangph1/plant/data/slurm_logs/blantindex/june26_morning/blantindex-june26_morning-email_s0.log
/home/wangph1/plant/data/slurm_logs/blantindex/june26_morning/blantindex-june26_morning-college_s1.log
/home/wangph1/plant/data/slurm_logs/blantindex/june26_morning/blantindex-june26_morning-college_s5.log
/home/wangph1/plant/data/slurm_logs/blantindex/june26_morning/blantindex-june26_morning-college_s10.log
/home/wangph1/plant/data/slurm_logs/blantindex/june26_morning/blantindex-june26_morning-college_s0.log
/home/wangph1/plant/data/slurm_logs/blantindex/june26_morning/blantindex-june26_morning-alpha_s10.log
/home/wangph1/plant/data/slurm_logs/blantindex/june26_morning/blantindex-june26_morning-alpha_s5.log
/home/wangph1/plant/data/slurm_logs/blantindex/june26_morning/blantindex-june26_morning-alpha_s1.log
/home/wangph1/plant/data/slurm_logs/blantindex/june26_morning/blantindex-june26_morning-alpha_s0.log
/home/wangph1/plant/data/slurm_logs/blantindex/june26_morning/blantindex-june26_morning-otc_s1.log
/home/wangph1/plant/data/slurm_logs/blantindex/june26_morning/blantindex-june26_morning-otc_s5.log
/home/wangph1/plant/data/slurm_logs/blantindex/june26_morning/blantindex-june26_morning-otc_s0.log
/home/wangph1/plant/data/slurm_logs/blantindex/june26_morning/blantindex-june26_morning-otc_s10.log
/home/wangph1/plant/data/slurm_logs/blantindex/june26_morning/blantindex-june26_morning-ubuntu_s10.log
/home/wangph1/plant/data/slurm_logs/blantindex/june26_morning/blantindex-june26_morning-reddit_s5.log
/home/wangph1/plant/data/slurm_logs/blantindex/june26_morning/blantindex-june26_morning-reddit_s10.log
/home/wangph1/plant/data/slurm_logs/blantindex/june26_morning/blantindex-june26_morning-ubuntu_s5.log
/home/wangph1/plant/data/slurm_logs/blantindex/june26_morning/blantindex-june26_morning-ubuntu_s1.log
/home/wangph1/plant/data/slurm_logs/blantindex/june26_morning/blantindex-june26_morning-super_s10.log
/home/wangph1/plant/data/slurm_logs/blantindex/june26_morning/blantindex-june26_morning-ubuntu_s0.log
/home/wangph1/plant/data/slurm_logs/blantindex/june26_morning/blantindex-june26_morning-math_s10.log
/home/wangph1/plant/data/slurm_logs/blantindex/june26_morning/blantindex-june26_morning-math_s5.log
/home/wangph1/plant/data/slurm_logs/blantindex/june26_morning/blantindex-june26_morning-math_s0.log
/home/wangph1/plant/data/slurm_logs/blantindex/june26_morning/blantindex-june26_morning-math_s1.log
/home/wangph1/plant/data/slurm_logs/blantindex/june26_morning/blantindex-june26_morning-reddit_s1.log
/home/wangph1/plant/data/slurm_logs/blantindex/june26_morning/blantindex-june26_morning-reddit_s0.log
/home/wangph1/plant/data/slurm_logs/blantindex/june26_morning/blantindex-june26_morning-wiki_s10.log
/home/wangph1/plant/data/slurm_logs/blantindex/june26_morning/blantindex-june26_morning-wiki_s5.log
/home/wangph1/plant/data/slurm_logs/blantindex/june26_morning/blantindex-june26_morning-wiki_s1.log
/home/wangph1/plant/data/slurm_logs/blantindex/june26_morning/blantindex-june26_morning-super_s0.log
/home/wangph1/plant/data/slurm_logs/blantindex/june26_morning/blantindex-june26_morning-super_s1.log
/home/wangph1/plant/data/slurm_logs/blantindex/june26_morning/blantindex-june26_morning-super_s5.log
/home/wangph1/plant/data/slurm_logs/blantindex/june26_morning/blantindex-june26_morning-sxso_s1.log
/home/wangph1/plant/data/slurm_logs/blantindex/june26_morning/blantindex-june26_morning-sxso_s10.log
/home/wangph1/plant/data/slurm_logs/blantindex/june26_morning/blantindex-june26_morning-sxso_s0.log
/home/wangph1/plant/data/slurm_logs/blantindex/june26_morning/blantindex-june26_morning-wiki_s0.log
/home/wangph1/plant/data/slurm_logs/blantindex/june26_morning/blantindex-june26_morning-sxso_s5.log
