Namespace(ag_file=['/home/wangph1/plant/data/mcl/MM-HS-MM-MM-HS-HS-k4-n9291-no1.ag'], ort_file=['/home/wangph1/plant/data/mcl/fake_ort/MM-HS-MM-MM-HS-HS-k4-n9291-no1.ort'], ppi1_file=['/home/wangph1/plant/networks/mcl/MM-HS-MM_marked.nif'], ppi2_file=['/home/wangph1/plant/networks/mcl/MM-HS-HS_marked.nif'])
Loading input data
/home/wangph1/plant/networks/mcl/MM-HS-MM_marked.nif
/home/wangph1/plant/networks/mcl/MM-HS-HS_marked.nif
/home/wangph1/plant/data/mcl/fake_ort/MM-HS-MM-MM-HS-HS-k4-n9291-no1.ort
Building the union graph
Building rev maps
Building maps
Processing net 0 - simple nodes
Processing net 1 - simple nodes
Processing composite nodes
Building igraph.Graph
Entering build_union_graph_edges
Building graph1 edges...3% completed @ 2022-06-26 23:58:16.836419
Building graph1 edges...6% completed @ 2022-06-26 23:58:33.279338
Building graph1 edges...9% completed @ 2022-06-26 23:58:49.709910
Building graph1 edges...12% completed @ 2022-06-26 23:59:06.139918
Building graph1 edges...15% completed @ 2022-06-26 23:59:22.591255
Building graph1 edges...18% completed @ 2022-06-26 23:59:39.013053
Building graph1 edges...21% completed @ 2022-06-26 23:59:55.451796
Building graph1 edges...24% completed @ 2022-06-27 00:00:11.952055
Building graph1 edges...27% completed @ 2022-06-27 00:00:28.398419
Building graph1 edges...30% completed @ 2022-06-27 00:00:44.828008
Building graph1 edges...33% completed @ 2022-06-27 00:01:01.394796
Building graph1 edges...36% completed @ 2022-06-27 00:01:17.812945
Building graph1 edges...39% completed @ 2022-06-27 00:01:34.251936
Building graph1 edges...42% completed @ 2022-06-27 00:01:50.811392
Building graph1 edges...45% completed @ 2022-06-27 00:02:07.234389
Building graph1 edges...48% completed @ 2022-06-27 00:02:23.769583
Building graph1 edges...51% completed @ 2022-06-27 00:02:40.324343
Building graph1 edges...54% completed @ 2022-06-27 00:02:57.018703
Building graph1 edges...57% completed @ 2022-06-27 00:03:13.457431
Building graph1 edges...60% completed @ 2022-06-27 00:03:30.051547
Building graph1 edges...63% completed @ 2022-06-27 00:03:46.474807
Building graph1 edges...66% completed @ 2022-06-27 00:04:02.891114
Building graph1 edges...69% completed @ 2022-06-27 00:04:19.295652
Building graph1 edges...72% completed @ 2022-06-27 00:04:35.721815
Building graph1 edges...75% completed @ 2022-06-27 00:04:52.123281
Building graph1 edges...78% completed @ 2022-06-27 00:05:08.537722
Building graph1 edges...81% completed @ 2022-06-27 00:05:24.969984
Building graph1 edges...84% completed @ 2022-06-27 00:05:41.389552
Building graph1 edges...87% completed @ 2022-06-27 00:05:57.813988
Building graph1 edges...90% completed @ 2022-06-27 00:06:14.244681
Building graph1 edges...93% completed @ 2022-06-27 00:06:30.647475
Building graph1 edges...96% completed @ 2022-06-27 00:06:47.071310
Building graph1 edges...99% completed @ 2022-06-27 00:07:03.484349
Merging conserved edges
Pruning the union graph
Building the extended union graph
Extending the union graph...10% completed @ 2022-06-27 00:07:11.500723
Extending the union graph...20% completed @ 2022-06-27 00:07:11.516285
Extending the union graph...30% completed @ 2022-06-27 00:07:11.532197
Extending the union graph...40% completed @ 2022-06-27 00:07:11.559518
Extending the union graph...50% completed @ 2022-06-27 00:07:11.586948
Extending the union graph...60% completed @ 2022-06-27 00:07:11.611933
Extending the union graph...70% completed @ 2022-06-27 00:07:11.645016
Extending the union graph...80% completed @ 2022-06-27 00:07:11.681745
Extending the union graph...90% completed @ 2022-06-27 00:07:11.719315
Edge Jaccard on extended union graph dist 1
Building the extended union graph
Extending the union graph...3% completed @ 2022-06-27 00:07:12.078572
Extending the union graph...6% completed @ 2022-06-27 00:07:12.101667
Extending the union graph...9% completed @ 2022-06-27 00:07:12.116685
Extending the union graph...12% completed @ 2022-06-27 00:07:12.135939
Extending the union graph...15% completed @ 2022-06-27 00:07:12.150651
Extending the union graph...18% completed @ 2022-06-27 00:07:12.190918
Extending the union graph...21% completed @ 2022-06-27 00:07:12.207700
Extending the union graph...24% completed @ 2022-06-27 00:07:12.228097
Extending the union graph...27% completed @ 2022-06-27 00:07:12.241531
Extending the union graph...30% completed @ 2022-06-27 00:07:12.255199
Extending the union graph...33% completed @ 2022-06-27 00:07:12.283343
Extending the union graph...36% completed @ 2022-06-27 00:07:12.304355
Extending the union graph...39% completed @ 2022-06-27 00:07:12.331564
Extending the union graph...42% completed @ 2022-06-27 00:07:12.343816
Extending the union graph...45% completed @ 2022-06-27 00:07:12.367790
Extending the union graph...48% completed @ 2022-06-27 00:07:12.409117
Extending the union graph...51% completed @ 2022-06-27 00:07:12.443155
Extending the union graph...54% completed @ 2022-06-27 00:07:12.472716
Extending the union graph...57% completed @ 2022-06-27 00:07:12.513341
Extending the union graph...60% completed @ 2022-06-27 00:07:12.573291
Extending the union graph...63% completed @ 2022-06-27 00:07:12.585147
Extending the union graph...66% completed @ 2022-06-27 00:07:12.612522
Extending the union graph...69% completed @ 2022-06-27 00:07:12.629589
Extending the union graph...72% completed @ 2022-06-27 00:07:12.657408
Extending the union graph...75% completed @ 2022-06-27 00:07:12.679579
Extending the union graph...78% completed @ 2022-06-27 00:07:12.716177
Extending the union graph...81% completed @ 2022-06-27 00:07:12.728569
Extending the union graph...84% completed @ 2022-06-27 00:07:12.759760
Extending the union graph...87% completed @ 2022-06-27 00:07:12.788741
Extending the union graph...90% completed @ 2022-06-27 00:07:12.849355
Extending the union graph...93% completed @ 2022-06-27 00:07:12.880184
Extending the union graph...96% completed @ 2022-06-27 00:07:12.913818
Extending the union graph...99% completed @ 2022-06-27 00:07:12.936426
Evaluating vertex sums
Extending the union graph...3% completed @ 2022-06-27 00:07:13.482801
Extending the union graph...6% completed @ 2022-06-27 00:07:14.011563
Extending the union graph...9% completed @ 2022-06-27 00:07:14.536659
Extending the union graph...12% completed @ 2022-06-27 00:07:15.054578
Extending the union graph...15% completed @ 2022-06-27 00:07:15.570270
Extending the union graph...18% completed @ 2022-06-27 00:07:16.083230
Extending the union graph...21% completed @ 2022-06-27 00:07:16.594997
Extending the union graph...24% completed @ 2022-06-27 00:07:17.101917
Extending the union graph...27% completed @ 2022-06-27 00:07:17.604555
Extending the union graph...30% completed @ 2022-06-27 00:07:18.107895
Extending the union graph...33% completed @ 2022-06-27 00:07:18.613633
Extending the union graph...36% completed @ 2022-06-27 00:07:19.112825
Extending the union graph...39% completed @ 2022-06-27 00:07:19.617658
Extending the union graph...42% completed @ 2022-06-27 00:07:20.113400
Extending the union graph...45% completed @ 2022-06-27 00:07:20.606915
Extending the union graph...48% completed @ 2022-06-27 00:07:21.099685
Extending the union graph...51% completed @ 2022-06-27 00:07:21.592304
Extending the union graph...54% completed @ 2022-06-27 00:07:22.081215
Extending the union graph...57% completed @ 2022-06-27 00:07:22.564274
Extending the union graph...60% completed @ 2022-06-27 00:07:23.051866
Extending the union graph...63% completed @ 2022-06-27 00:07:23.530902
Extending the union graph...66% completed @ 2022-06-27 00:07:24.008405
Extending the union graph...69% completed @ 2022-06-27 00:07:24.484709
Extending the union graph...72% completed @ 2022-06-27 00:07:24.958650
Extending the union graph...75% completed @ 2022-06-27 00:07:25.430897
Extending the union graph...78% completed @ 2022-06-27 00:07:25.903745
Extending the union graph...81% completed @ 2022-06-27 00:07:26.374109
Extending the union graph...84% completed @ 2022-06-27 00:07:26.848865
Extending the union graph...87% completed @ 2022-06-27 00:07:27.326526
Extending the union graph...90% completed @ 2022-06-27 00:07:27.805771
Extending the union graph...93% completed @ 2022-06-27 00:07:28.290483
Extending the union graph...96% completed @ 2022-06-27 00:07:28.776348
Extending the union graph...99% completed @ 2022-06-27 00:07:29.255320
Calculating Jaccard scores sums
Calculating Jaccard scores sums...3% completed @ 2022-06-27 00:07:29.421868
Calculating Jaccard scores sums...6% completed @ 2022-06-27 00:07:29.450985
Calculating Jaccard scores sums...9% completed @ 2022-06-27 00:07:29.494817
Calculating Jaccard scores sums...12% completed @ 2022-06-27 00:07:29.558466
Calculating Jaccard scores sums...15% completed @ 2022-06-27 00:07:29.641371
Calculating Jaccard scores sums...18% completed @ 2022-06-27 00:07:29.746022
Calculating Jaccard scores sums...21% completed @ 2022-06-27 00:07:29.854996
Calculating Jaccard scores sums...24% completed @ 2022-06-27 00:07:29.996231
Calculating Jaccard scores sums...27% completed @ 2022-06-27 00:07:30.146612
Calculating Jaccard scores sums...30% completed @ 2022-06-27 00:07:30.320582
Calculating Jaccard scores sums...33% completed @ 2022-06-27 00:07:30.548772
Calculating Jaccard scores sums...36% completed @ 2022-06-27 00:07:30.777962
Calculating Jaccard scores sums...39% completed @ 2022-06-27 00:07:31.041900
Calculating Jaccard scores sums...42% completed @ 2022-06-27 00:07:31.307168
Calculating Jaccard scores sums...45% completed @ 2022-06-27 00:07:31.603335
Calculating Jaccard scores sums...48% completed @ 2022-06-27 00:07:31.922848
Calculating Jaccard scores sums...51% completed @ 2022-06-27 00:07:32.274984
Calculating Jaccard scores sums...54% completed @ 2022-06-27 00:07:32.633506
Calculating Jaccard scores sums...57% completed @ 2022-06-27 00:07:33.004886
Calculating Jaccard scores sums...60% completed @ 2022-06-27 00:07:33.449610
Calculating Jaccard scores sums...63% completed @ 2022-06-27 00:07:33.874434
Calculating Jaccard scores sums...66% completed @ 2022-06-27 00:07:34.330223
Calculating Jaccard scores sums...69% completed @ 2022-06-27 00:07:34.794472
Calculating Jaccard scores sums...72% completed @ 2022-06-27 00:07:35.250174
Calculating Jaccard scores sums...75% completed @ 2022-06-27 00:07:35.738642
Calculating Jaccard scores sums...78% completed @ 2022-06-27 00:07:36.268787
Calculating Jaccard scores sums...81% completed @ 2022-06-27 00:07:36.766672
Calculating Jaccard scores sums...84% completed @ 2022-06-27 00:07:37.328385
Calculating Jaccard scores sums...87% completed @ 2022-06-27 00:07:37.942949
Calculating Jaccard scores sums...90% completed @ 2022-06-27 00:07:38.630100
Calculating Jaccard scores sums...93% completed @ 2022-06-27 00:07:39.295734
Calculating Jaccard scores sums...96% completed @ 2022-06-27 00:07:39.975298
Calculating Jaccard scores sums...99% completed @ 2022-06-27 00:07:40.670260
Injecting direct edges contribution
Obtaining max scores per vertex
Obtaining max scores per vertex...3% completed @ 2022-06-27 00:07:42.435251
Obtaining max scores per vertex...6% completed @ 2022-06-27 00:07:43.254039
Obtaining max scores per vertex...9% completed @ 2022-06-27 00:07:44.035062
Obtaining max scores per vertex...12% completed @ 2022-06-27 00:07:44.812206
Obtaining max scores per vertex...15% completed @ 2022-06-27 00:07:45.590227
Obtaining max scores per vertex...18% completed @ 2022-06-27 00:07:46.371328
Obtaining max scores per vertex...21% completed @ 2022-06-27 00:07:47.143120
Obtaining max scores per vertex...24% completed @ 2022-06-27 00:07:47.914821
Obtaining max scores per vertex...27% completed @ 2022-06-27 00:07:48.683449
Obtaining max scores per vertex...30% completed @ 2022-06-27 00:07:49.452220
Obtaining max scores per vertex...33% completed @ 2022-06-27 00:07:50.226324
Obtaining max scores per vertex...36% completed @ 2022-06-27 00:07:50.990263
Obtaining max scores per vertex...39% completed @ 2022-06-27 00:07:51.757179
Obtaining max scores per vertex...42% completed @ 2022-06-27 00:07:52.519591
Obtaining max scores per vertex...45% completed @ 2022-06-27 00:07:53.277965
Obtaining max scores per vertex...48% completed @ 2022-06-27 00:07:54.036024
Obtaining max scores per vertex...51% completed @ 2022-06-27 00:07:54.797758
Obtaining max scores per vertex...54% completed @ 2022-06-27 00:07:55.550042
Obtaining max scores per vertex...57% completed @ 2022-06-27 00:07:56.295305
Obtaining max scores per vertex...60% completed @ 2022-06-27 00:07:57.045006
Obtaining max scores per vertex...63% completed @ 2022-06-27 00:07:57.789610
Obtaining max scores per vertex...66% completed @ 2022-06-27 00:07:58.537229
Obtaining max scores per vertex...69% completed @ 2022-06-27 00:07:59.270218
Obtaining max scores per vertex...72% completed @ 2022-06-27 00:08:00.002411
Obtaining max scores per vertex...75% completed @ 2022-06-27 00:08:00.732888
Obtaining max scores per vertex...78% completed @ 2022-06-27 00:08:01.460749
Obtaining max scores per vertex...81% completed @ 2022-06-27 00:08:02.182531
Obtaining max scores per vertex...84% completed @ 2022-06-27 00:08:02.904016
Obtaining max scores per vertex...87% completed @ 2022-06-27 00:08:03.622658
Obtaining max scores per vertex...90% completed @ 2022-06-27 00:08:04.337938
Obtaining max scores per vertex...93% completed @ 2022-06-27 00:08:05.054902
Obtaining max scores per vertex...96% completed @ 2022-06-27 00:08:05.763153
Obtaining max scores per vertex...99% completed @ 2022-06-27 00:08:06.467787
Removing low scoring edges
Removing low scoring edges...3% completed @ 2022-06-27 00:08:06.713351
Removing low scoring edges...6% completed @ 2022-06-27 00:08:06.755983
Removing low scoring edges...9% completed @ 2022-06-27 00:08:06.826339
Removing low scoring edges...12% completed @ 2022-06-27 00:08:06.924850
Removing low scoring edges...15% completed @ 2022-06-27 00:08:07.051117
Removing low scoring edges...18% completed @ 2022-06-27 00:08:07.208030
Removing low scoring edges...21% completed @ 2022-06-27 00:08:07.394326
Removing low scoring edges...24% completed @ 2022-06-27 00:08:07.611091
Removing low scoring edges...27% completed @ 2022-06-27 00:08:07.882250
Removing low scoring edges...30% completed @ 2022-06-27 00:08:08.160317
Removing low scoring edges...33% completed @ 2022-06-27 00:08:08.471596
Removing low scoring edges...36% completed @ 2022-06-27 00:08:08.810994
Removing low scoring edges...39% completed @ 2022-06-27 00:08:09.181055
Removing low scoring edges...42% completed @ 2022-06-27 00:08:09.583236
Removing low scoring edges...45% completed @ 2022-06-27 00:08:10.011600
Removing low scoring edges...48% completed @ 2022-06-27 00:08:10.471436
Removing low scoring edges...51% completed @ 2022-06-27 00:08:10.961785
Removing low scoring edges...54% completed @ 2022-06-27 00:08:11.479667
Removing low scoring edges...57% completed @ 2022-06-27 00:08:12.023387
Removing low scoring edges...60% completed @ 2022-06-27 00:08:12.604336
Removing low scoring edges...63% completed @ 2022-06-27 00:08:13.216118
Removing low scoring edges...66% completed @ 2022-06-27 00:08:13.862742
Removing low scoring edges...69% completed @ 2022-06-27 00:08:14.530953
Removing low scoring edges...72% completed @ 2022-06-27 00:08:15.231932
Removing low scoring edges...75% completed @ 2022-06-27 00:08:15.963116
Removing low scoring edges...78% completed @ 2022-06-27 00:08:16.731209
Removing low scoring edges...81% completed @ 2022-06-27 00:08:17.514992
Removing low scoring edges...84% completed @ 2022-06-27 00:08:18.337143
Removing low scoring edges...87% completed @ 2022-06-27 00:08:19.192272
Removing low scoring edges...90% completed @ 2022-06-27 00:08:20.079505
Removing low scoring edges...93% completed @ 2022-06-27 00:08:20.992483
Removing low scoring edges...96% completed @ 2022-06-27 00:08:21.937163
Removing low scoring edges...99% completed @ 2022-06-27 00:08:22.911459
Finalizing extended graph
12195
[mcl] new tab created
[mcl] pid 516816
 ite -------------------  chaos  time hom(avg,lo,hi) expa expb expc fmv
  1  ...................  24.47  0.02 1.41/0.03/6.35 4.64 4.63 4.63  30
  2  ...................  47.74  0.06 0.69/0.12/1.50 10.34 0.84 3.90  92
  3  ...................  10.48  0.04 0.78/0.12/2.32 8.21 0.35 1.38  87
  4  ...................  16.03  0.01 0.90/0.30/2.47 1.75 0.53 0.73  23
  5  ...................   1.15  0.00 0.96/0.43/2.02 1.08 0.34 0.25   8
  6  ...................   0.70  0.00 0.98/0.51/1.26 1.01 0.82 0.20   1
  7  ...................   0.40  0.00 1.00/0.59/1.49 0.99 0.88 0.18   1
  8  ...................   0.45  0.00 1.00/0.58/1.00 1.00 0.98 0.17   1
  9  ...................   0.24  0.00 1.00/0.77/1.00 1.00 0.99 0.17   1
 10  ...................   0.22  0.00 1.00/0.78/1.00 1.00 0.99 0.17   1
 11  ...................   0.23  0.00 1.00/0.77/1.00 1.00 1.00 0.17   1
 12  ...................   0.03  0.00 1.00/0.97/1.00 1.00 1.00 0.17   1
 13  ...................   0.00  0.00 1.00/1.00/1.00 1.00 1.00 0.17   1
[mcl] cut <4> instances of overlap
[mcl] jury pruning marks: <99,99,99>, out of 100
[mcl] jury pruning synopsis: <99.0 or perfect> (cf -scheme, -do log)
[mcl] output is in /home/wangph1/plant/data/mcl/MM-HS-MM-MM-HS-HS-k4-n9291-no1.txt
[mcl] 372 clusters found
[mcl] output is in /home/wangph1/plant/data/mcl/MM-HS-MM-MM-HS-HS-k4-n9291-no1.txt

Please cite:
    Stijn van Dongen, Graph Clustering by Flow Simulation.  PhD thesis,
    University of Utrecht, May 2000.
       (  http://www.library.uu.nl/digiarchief/dip/diss/1895620/full.pdf
       or  http://micans.org/mcl/lit/svdthesis.pdf.gz)
OR
    Stijn van Dongen, A cluster algorithm for graphs. Technical
    Report INS-R0010, National Research Institute for Mathematics
    and Computer Science in the Netherlands, Amsterdam, May 2000.
       (  http://www.cwi.nl/ftp/CWIreports/INS/INS-R0010.ps.Z
       or  http://micans.org/mcl/lit/INS-R0010.ps.Z)

/home/wangph1/plant/scripts
using old nif file for MM-HS-MM
using old nif file for MM-HS-HS
using old odv file for MM-HS-MM
using old odv file for MM-HS-HS
using old odv ort file for MM-HS-MM-MM-HS-HS
/home/wangph1/plant/data/mcl/MM-HS-MM-MM-HS-HS-k4-n9291-no1.txt
/home/wangph1/plant/networks/mcl/MM-HS-MM_marked.nif
/home/wangph1/plant/networks/mcl/MM-HS-HS_marked.nif
/home/wangph1/plant/data/mcl/fake_ort/MM-HS-MM-MM-HS-HS-k4-n9291-no1.ort
/home/wangph1/plant/data/mcl/MM-HS-MM-MM-HS-HS-k4-n9291-no1.txt
0 / 2141
JOBSFINISHED
