Namespace(ag_file=['/home/wangph1/plant/data/mcl/bgDM-bgHS-k4-n8992-no1.ag'], ort_file=['/home/wangph1/plant/data/mcl/fake_ort/bgDM-bgHS-k4-n8992-no1.ort'], ppi1_file=['/home/wangph1/plant/networks/mcl/bgDM_marked.nif'], ppi2_file=['/home/wangph1/plant/networks/mcl/bgHS_marked.nif'])
Loading input data
/home/wangph1/plant/networks/mcl/bgDM_marked.nif
/home/wangph1/plant/networks/mcl/bgHS_marked.nif
/home/wangph1/plant/data/mcl/fake_ort/bgDM-bgHS-k4-n8992-no1.ort
Building the union graph
Building rev maps
Building maps
Processing net 0 - simple nodes
Processing net 1 - simple nodes
Processing composite nodes
Building igraph.Graph
Entering build_union_graph_edges
Building graph1 edges...3% completed @ 2022-06-26 23:58:24.519535
Building graph1 edges...6% completed @ 2022-06-26 23:58:44.304398
Building graph1 edges...9% completed @ 2022-06-26 23:59:04.085126
Building graph1 edges...12% completed @ 2022-06-26 23:59:23.852022
Building graph1 edges...15% completed @ 2022-06-26 23:59:43.644666
Building graph1 edges...18% completed @ 2022-06-27 00:00:03.491255
Building graph1 edges...21% completed @ 2022-06-27 00:00:23.264116
Building graph1 edges...24% completed @ 2022-06-27 00:00:43.050804
Building graph1 edges...27% completed @ 2022-06-27 00:01:02.838949
Building graph1 edges...30% completed @ 2022-06-27 00:01:22.606877
Building graph1 edges...33% completed @ 2022-06-27 00:01:42.395887
Building graph1 edges...36% completed @ 2022-06-27 00:02:02.165621
Building graph1 edges...39% completed @ 2022-06-27 00:02:21.920646
Building graph1 edges...42% completed @ 2022-06-27 00:02:41.711829
Building graph1 edges...45% completed @ 2022-06-27 00:03:01.487873
Building graph1 edges...48% completed @ 2022-06-27 00:03:21.261124
Building graph1 edges...51% completed @ 2022-06-27 00:03:41.040630
Building graph1 edges...54% completed @ 2022-06-27 00:04:00.835060
Building graph1 edges...57% completed @ 2022-06-27 00:04:20.603489
Building graph1 edges...60% completed @ 2022-06-27 00:04:40.366885
Building graph1 edges...63% completed @ 2022-06-27 00:05:00.163553
Building graph1 edges...66% completed @ 2022-06-27 00:05:19.951867
Building graph1 edges...69% completed @ 2022-06-27 00:05:39.713636
Building graph1 edges...72% completed @ 2022-06-27 00:05:59.492667
Building graph1 edges...75% completed @ 2022-06-27 00:06:19.266782
Building graph1 edges...78% completed @ 2022-06-27 00:06:39.046589
Building graph1 edges...81% completed @ 2022-06-27 00:06:58.826060
Building graph1 edges...84% completed @ 2022-06-27 00:07:18.611781
Building graph1 edges...87% completed @ 2022-06-27 00:07:38.375451
Building graph1 edges...90% completed @ 2022-06-27 00:07:58.156923
Building graph1 edges...93% completed @ 2022-06-27 00:08:17.942757
Building graph1 edges...96% completed @ 2022-06-27 00:08:37.707611
Building graph1 edges...99% completed @ 2022-06-27 00:08:57.471431
Merging conserved edges
Pruning the union graph
Building the extended union graph
Extending the union graph...10% completed @ 2022-06-27 00:09:08.292815
Extending the union graph...20% completed @ 2022-06-27 00:09:08.309420
Extending the union graph...30% completed @ 2022-06-27 00:09:08.325985
Extending the union graph...40% completed @ 2022-06-27 00:09:08.342436
Extending the union graph...50% completed @ 2022-06-27 00:09:08.358858
Extending the union graph...60% completed @ 2022-06-27 00:09:08.375252
Extending the union graph...70% completed @ 2022-06-27 00:09:08.391520
Extending the union graph...80% completed @ 2022-06-27 00:09:08.407995
Extending the union graph...90% completed @ 2022-06-27 00:09:08.424449
Edge Jaccard on extended union graph dist 1
Building the extended union graph
Extending the union graph...3% completed @ 2022-06-27 00:09:08.727278
Extending the union graph...6% completed @ 2022-06-27 00:09:08.728584
Extending the union graph...9% completed @ 2022-06-27 00:09:08.729871
Extending the union graph...12% completed @ 2022-06-27 00:09:08.731144
Extending the union graph...15% completed @ 2022-06-27 00:09:08.732428
Extending the union graph...18% completed @ 2022-06-27 00:09:08.733715
Extending the union graph...21% completed @ 2022-06-27 00:09:08.734979
Extending the union graph...24% completed @ 2022-06-27 00:09:08.736255
Extending the union graph...27% completed @ 2022-06-27 00:09:08.737533
Extending the union graph...30% completed @ 2022-06-27 00:09:08.738796
Extending the union graph...33% completed @ 2022-06-27 00:09:08.740069
Extending the union graph...36% completed @ 2022-06-27 00:09:08.741344
Extending the union graph...39% completed @ 2022-06-27 00:09:08.742601
Extending the union graph...42% completed @ 2022-06-27 00:09:08.743874
Extending the union graph...45% completed @ 2022-06-27 00:09:08.745144
Extending the union graph...48% completed @ 2022-06-27 00:09:08.746410
Extending the union graph...51% completed @ 2022-06-27 00:09:08.747671
Extending the union graph...54% completed @ 2022-06-27 00:09:08.748929
Extending the union graph...57% completed @ 2022-06-27 00:09:08.750195
Extending the union graph...60% completed @ 2022-06-27 00:09:08.751454
Extending the union graph...63% completed @ 2022-06-27 00:09:08.752720
Extending the union graph...66% completed @ 2022-06-27 00:09:08.753989
Extending the union graph...69% completed @ 2022-06-27 00:09:08.755258
Extending the union graph...72% completed @ 2022-06-27 00:09:08.756517
Extending the union graph...75% completed @ 2022-06-27 00:09:08.757801
Extending the union graph...78% completed @ 2022-06-27 00:09:08.759056
Extending the union graph...81% completed @ 2022-06-27 00:09:08.760319
Extending the union graph...84% completed @ 2022-06-27 00:09:08.761591
Extending the union graph...87% completed @ 2022-06-27 00:09:08.762854
Extending the union graph...90% completed @ 2022-06-27 00:09:08.764106
Extending the union graph...93% completed @ 2022-06-27 00:09:08.765379
Extending the union graph...96% completed @ 2022-06-27 00:09:08.766638
Extending the union graph...99% completed @ 2022-06-27 00:09:08.767898
Evaluating vertex sums
Extending the union graph...3% completed @ 2022-06-27 00:09:09.189088
Extending the union graph...6% completed @ 2022-06-27 00:09:09.609866
Extending the union graph...9% completed @ 2022-06-27 00:09:10.029424
Extending the union graph...12% completed @ 2022-06-27 00:09:10.448142
Extending the union graph...15% completed @ 2022-06-27 00:09:10.868245
Extending the union graph...18% completed @ 2022-06-27 00:09:11.291670
Extending the union graph...21% completed @ 2022-06-27 00:09:11.709962
Extending the union graph...24% completed @ 2022-06-27 00:09:12.124820
Extending the union graph...27% completed @ 2022-06-27 00:09:12.537020
Extending the union graph...30% completed @ 2022-06-27 00:09:12.950003
Extending the union graph...33% completed @ 2022-06-27 00:09:13.363032
Extending the union graph...36% completed @ 2022-06-27 00:09:13.774539
Extending the union graph...39% completed @ 2022-06-27 00:09:14.183103
Extending the union graph...42% completed @ 2022-06-27 00:09:14.599777
Extending the union graph...45% completed @ 2022-06-27 00:09:15.010491
Extending the union graph...48% completed @ 2022-06-27 00:09:15.418465
Extending the union graph...51% completed @ 2022-06-27 00:09:15.823590
Extending the union graph...54% completed @ 2022-06-27 00:09:16.229217
Extending the union graph...57% completed @ 2022-06-27 00:09:16.632401
Extending the union graph...60% completed @ 2022-06-27 00:09:17.033744
Extending the union graph...63% completed @ 2022-06-27 00:09:17.431316
Extending the union graph...66% completed @ 2022-06-27 00:09:17.835552
Extending the union graph...69% completed @ 2022-06-27 00:09:18.231433
Extending the union graph...72% completed @ 2022-06-27 00:09:18.626544
Extending the union graph...75% completed @ 2022-06-27 00:09:19.018751
Extending the union graph...78% completed @ 2022-06-27 00:09:19.408622
Extending the union graph...81% completed @ 2022-06-27 00:09:19.795120
Extending the union graph...84% completed @ 2022-06-27 00:09:20.180847
Extending the union graph...87% completed @ 2022-06-27 00:09:20.564359
Extending the union graph...90% completed @ 2022-06-27 00:09:20.944590
Extending the union graph...93% completed @ 2022-06-27 00:09:21.325105
Extending the union graph...96% completed @ 2022-06-27 00:09:21.703581
Extending the union graph...99% completed @ 2022-06-27 00:09:22.080551
Calculating Jaccard scores sums
Calculating Jaccard scores sums...3% completed @ 2022-06-27 00:09:22.207680
Calculating Jaccard scores sums...6% completed @ 2022-06-27 00:09:22.216634
Calculating Jaccard scores sums...9% completed @ 2022-06-27 00:09:22.231707
Calculating Jaccard scores sums...12% completed @ 2022-06-27 00:09:22.252899
Calculating Jaccard scores sums...15% completed @ 2022-06-27 00:09:22.279796
Calculating Jaccard scores sums...18% completed @ 2022-06-27 00:09:22.312789
Calculating Jaccard scores sums...21% completed @ 2022-06-27 00:09:22.351932
Calculating Jaccard scores sums...24% completed @ 2022-06-27 00:09:22.397511
Calculating Jaccard scores sums...27% completed @ 2022-06-27 00:09:22.449353
Calculating Jaccard scores sums...30% completed @ 2022-06-27 00:09:22.508130
Calculating Jaccard scores sums...33% completed @ 2022-06-27 00:09:22.573641
Calculating Jaccard scores sums...36% completed @ 2022-06-27 00:09:22.645876
Calculating Jaccard scores sums...39% completed @ 2022-06-27 00:09:22.723621
Calculating Jaccard scores sums...42% completed @ 2022-06-27 00:09:22.808122
Calculating Jaccard scores sums...45% completed @ 2022-06-27 00:09:22.898414
Calculating Jaccard scores sums...48% completed @ 2022-06-27 00:09:22.994215
Calculating Jaccard scores sums...51% completed @ 2022-06-27 00:09:23.095681
Calculating Jaccard scores sums...54% completed @ 2022-06-27 00:09:23.203773
Calculating Jaccard scores sums...57% completed @ 2022-06-27 00:09:23.318036
Calculating Jaccard scores sums...60% completed @ 2022-06-27 00:09:23.438593
Calculating Jaccard scores sums...63% completed @ 2022-06-27 00:09:23.564985
Calculating Jaccard scores sums...66% completed @ 2022-06-27 00:09:23.698074
Calculating Jaccard scores sums...69% completed @ 2022-06-27 00:09:23.837546
Calculating Jaccard scores sums...72% completed @ 2022-06-27 00:09:23.983915
Calculating Jaccard scores sums...75% completed @ 2022-06-27 00:09:24.135561
Calculating Jaccard scores sums...78% completed @ 2022-06-27 00:09:24.293500
Calculating Jaccard scores sums...81% completed @ 2022-06-27 00:09:24.457686
Calculating Jaccard scores sums...84% completed @ 2022-06-27 00:09:24.628021
Calculating Jaccard scores sums...87% completed @ 2022-06-27 00:09:24.804623
Calculating Jaccard scores sums...90% completed @ 2022-06-27 00:09:24.986798
Calculating Jaccard scores sums...93% completed @ 2022-06-27 00:09:25.175965
Calculating Jaccard scores sums...96% completed @ 2022-06-27 00:09:25.371366
Calculating Jaccard scores sums...99% completed @ 2022-06-27 00:09:25.572723
Injecting direct edges contribution
Obtaining max scores per vertex
Obtaining max scores per vertex...3% completed @ 2022-06-27 00:09:26.360396
Obtaining max scores per vertex...6% completed @ 2022-06-27 00:09:27.049849
Obtaining max scores per vertex...9% completed @ 2022-06-27 00:09:27.737160
Obtaining max scores per vertex...12% completed @ 2022-06-27 00:09:28.423692
Obtaining max scores per vertex...15% completed @ 2022-06-27 00:09:29.106952
Obtaining max scores per vertex...18% completed @ 2022-06-27 00:09:29.798675
Obtaining max scores per vertex...21% completed @ 2022-06-27 00:09:30.482058
Obtaining max scores per vertex...24% completed @ 2022-06-27 00:09:31.164436
Obtaining max scores per vertex...27% completed @ 2022-06-27 00:09:31.842981
Obtaining max scores per vertex...30% completed @ 2022-06-27 00:09:32.523541
Obtaining max scores per vertex...33% completed @ 2022-06-27 00:09:33.210514
Obtaining max scores per vertex...36% completed @ 2022-06-27 00:09:33.885546
Obtaining max scores per vertex...39% completed @ 2022-06-27 00:09:34.558393
Obtaining max scores per vertex...42% completed @ 2022-06-27 00:09:35.231203
Obtaining max scores per vertex...45% completed @ 2022-06-27 00:09:35.901858
Obtaining max scores per vertex...48% completed @ 2022-06-27 00:09:36.569040
Obtaining max scores per vertex...51% completed @ 2022-06-27 00:09:37.230753
Obtaining max scores per vertex...54% completed @ 2022-06-27 00:09:37.892052
Obtaining max scores per vertex...57% completed @ 2022-06-27 00:09:38.551901
Obtaining max scores per vertex...60% completed @ 2022-06-27 00:09:39.209846
Obtaining max scores per vertex...63% completed @ 2022-06-27 00:09:39.865112
Obtaining max scores per vertex...66% completed @ 2022-06-27 00:09:40.521065
Obtaining max scores per vertex...69% completed @ 2022-06-27 00:09:41.191971
Obtaining max scores per vertex...72% completed @ 2022-06-27 00:09:41.845082
Obtaining max scores per vertex...75% completed @ 2022-06-27 00:09:42.494047
Obtaining max scores per vertex...78% completed @ 2022-06-27 00:09:43.144495
Obtaining max scores per vertex...81% completed @ 2022-06-27 00:09:43.795451
Obtaining max scores per vertex...84% completed @ 2022-06-27 00:09:44.447270
Obtaining max scores per vertex...87% completed @ 2022-06-27 00:09:45.104852
Obtaining max scores per vertex...90% completed @ 2022-06-27 00:09:45.742852
Obtaining max scores per vertex...93% completed @ 2022-06-27 00:09:46.381360
Obtaining max scores per vertex...96% completed @ 2022-06-27 00:09:47.018312
Obtaining max scores per vertex...99% completed @ 2022-06-27 00:09:47.659662
Removing low scoring edges
Removing low scoring edges...3% completed @ 2022-06-27 00:09:47.885416
Removing low scoring edges...6% completed @ 2022-06-27 00:09:47.923673
Removing low scoring edges...9% completed @ 2022-06-27 00:09:47.986572
Removing low scoring edges...12% completed @ 2022-06-27 00:09:48.075671
Removing low scoring edges...15% completed @ 2022-06-27 00:09:48.190119
Removing low scoring edges...18% completed @ 2022-06-27 00:09:48.330320
Removing low scoring edges...21% completed @ 2022-06-27 00:09:48.496781
Removing low scoring edges...24% completed @ 2022-06-27 00:09:48.689128
Removing low scoring edges...27% completed @ 2022-06-27 00:09:48.906761
Removing low scoring edges...30% completed @ 2022-06-27 00:09:49.151517
Removing low scoring edges...33% completed @ 2022-06-27 00:09:49.421520
Removing low scoring edges...36% completed @ 2022-06-27 00:09:49.717348
Removing low scoring edges...39% completed @ 2022-06-27 00:09:50.038559
Removing low scoring edges...42% completed @ 2022-06-27 00:09:50.386765
Removing low scoring edges...45% completed @ 2022-06-27 00:09:50.759926
Removing low scoring edges...48% completed @ 2022-06-27 00:09:51.158791
Removing low scoring edges...51% completed @ 2022-06-27 00:09:51.583174
Removing low scoring edges...54% completed @ 2022-06-27 00:09:52.033960
Removing low scoring edges...57% completed @ 2022-06-27 00:09:52.511995
Removing low scoring edges...60% completed @ 2022-06-27 00:09:53.016363
Removing low scoring edges...63% completed @ 2022-06-27 00:09:53.545572
Removing low scoring edges...66% completed @ 2022-06-27 00:09:54.101765
Removing low scoring edges...69% completed @ 2022-06-27 00:09:54.681213
Removing low scoring edges...72% completed @ 2022-06-27 00:09:55.285279
Removing low scoring edges...75% completed @ 2022-06-27 00:09:55.923350
Removing low scoring edges...78% completed @ 2022-06-27 00:09:56.586573
Removing low scoring edges...81% completed @ 2022-06-27 00:09:57.273168
Removing low scoring edges...84% completed @ 2022-06-27 00:09:57.984395
Removing low scoring edges...87% completed @ 2022-06-27 00:09:58.719774
Removing low scoring edges...90% completed @ 2022-06-27 00:09:59.487942
Removing low scoring edges...93% completed @ 2022-06-27 00:10:00.282793
Removing low scoring edges...96% completed @ 2022-06-27 00:10:01.097751
Removing low scoring edges...99% completed @ 2022-06-27 00:10:01.938931
Finalizing extended graph
0
[mclxIOstreamIn] no assignments yield void/empty matrix
[mcl] new tab created
___ [mclAlgorithmStart] attempting to cluster the void
[mcl] pid 51012
 ite   chaos  time hom(avg,lo,hi) expa expb expc fmv
  1  ./alignMCL.sh: line 11: 51012 Segmentation fault      (core dumped) ./mcl/bin/mcl ${OUT_FILE}.ag -o ${OUT_FILE}.txt -I 2.8 --abc
/home/wangph1/plant/scripts
using old nif file for bgDM
using old nif file for bgHS
using old odv file for bgDM
using old odv file for bgHS
using old odv ort file for bgDM-bgHS
/home/wangph1/plant/data/mcl/bgDM-bgHS-k4-n8992-no1.txt
/home/wangph1/plant/networks/mcl/bgDM_marked.nif
/home/wangph1/plant/networks/mcl/bgHS_marked.nif
/home/wangph1/plant/data/mcl/fake_ort/bgDM-bgHS-k4-n8992-no1.ort
/home/wangph1/plant/data/mcl/bgDM-bgHS-k4-n8992-no1.txt
Traceback (most recent call last):
  File "/home/wangph1/plant/scripts/mcl_helpers.py", line 132, in <module>
    full_local_run_mcl(gtag1, gtag2, notes=notes)
  File "/home/wangph1/plant/scripts/mcl_helpers.py", line 117, in full_local_run_mcl
    process_mcl(gtag1, gtag2, notes=notes)
  File "/home/wangph1/plant/scripts/mcl_helpers.py", line 105, in process_mcl
    num_ort, num_pairs = evaluate_alignment(gtag1, gtag2, notes=notes)
  File "/home/wangph1/plant/scripts/mcl_helpers.py", line 88, in evaluate_alignment
    m2m_pairs = read_in_slashes_m2m(out_path)
  File "/home/wangph1/plant/scripts/file_helpers.py", line 47, in read_in_slashes_m2m
    with open(m2m_path, 'r') as f:
FileNotFoundError: [Errno 2] No such file or directory: '/home/wangph1/plant/data/mcl/bgDM-bgHS-k4-n8992-no1.txt'
JOBSFINISHED
