Namespace(ag_file=['/home/wangph1/plant/data/mcl/bgDM-bgAT-k4-n8992-no1.ag'], ort_file=['/home/wangph1/plant/data/mcl/fake_ort/bgDM-bgAT-k4-n8992-no1.ort'], ppi1_file=['/home/wangph1/plant/networks/mcl/bgDM_marked.nif'], ppi2_file=['/home/wangph1/plant/networks/mcl/bgAT_marked.nif'])
Loading input data
/home/wangph1/plant/networks/mcl/bgDM_marked.nif
/home/wangph1/plant/networks/mcl/bgAT_marked.nif
/home/wangph1/plant/data/mcl/fake_ort/bgDM-bgAT-k4-n8992-no1.ort
Building the union graph
Building rev maps
Building maps
Processing net 0 - simple nodes
Processing net 1 - simple nodes
Processing composite nodes
Building igraph.Graph
Entering build_union_graph_edges
Building graph1 edges...3% completed @ 2022-06-26 23:58:13.918449
Building graph1 edges...6% completed @ 2022-06-26 23:58:33.609840
Building graph1 edges...9% completed @ 2022-06-26 23:58:53.313016
Building graph1 edges...12% completed @ 2022-06-26 23:59:13.019595
Building graph1 edges...15% completed @ 2022-06-26 23:59:32.756011
Building graph1 edges...18% completed @ 2022-06-26 23:59:52.448180
Building graph1 edges...21% completed @ 2022-06-27 00:00:12.195217
Building graph1 edges...24% completed @ 2022-06-27 00:00:31.897514
Building graph1 edges...27% completed @ 2022-06-27 00:00:51.595854
Building graph1 edges...30% completed @ 2022-06-27 00:01:11.273620
Building graph1 edges...33% completed @ 2022-06-27 00:01:31.000404
Building graph1 edges...36% completed @ 2022-06-27 00:01:50.758968
Building graph1 edges...39% completed @ 2022-06-27 00:02:10.512434
Building graph1 edges...42% completed @ 2022-06-27 00:02:30.201407
Building graph1 edges...45% completed @ 2022-06-27 00:02:49.880369
Building graph1 edges...48% completed @ 2022-06-27 00:03:09.571344
Building graph1 edges...51% completed @ 2022-06-27 00:03:29.261710
Building graph1 edges...54% completed @ 2022-06-27 00:03:48.939592
Building graph1 edges...57% completed @ 2022-06-27 00:04:08.623196
Building graph1 edges...60% completed @ 2022-06-27 00:04:28.348516
Building graph1 edges...63% completed @ 2022-06-27 00:04:48.036473
Building graph1 edges...66% completed @ 2022-06-27 00:05:07.730073
Building graph1 edges...69% completed @ 2022-06-27 00:05:27.418781
Building graph1 edges...72% completed @ 2022-06-27 00:05:47.106970
Building graph1 edges...75% completed @ 2022-06-27 00:06:06.780689
Building graph1 edges...78% completed @ 2022-06-27 00:06:26.491162
Building graph1 edges...81% completed @ 2022-06-27 00:06:46.200218
Building graph1 edges...84% completed @ 2022-06-27 00:07:05.905568
Building graph1 edges...87% completed @ 2022-06-27 00:07:25.588455
Building graph1 edges...90% completed @ 2022-06-27 00:07:45.294150
Building graph1 edges...93% completed @ 2022-06-27 00:08:04.986346
Building graph1 edges...96% completed @ 2022-06-27 00:08:24.675001
Building graph1 edges...99% completed @ 2022-06-27 00:08:44.386908
Merging conserved edges
Pruning the union graph
Building the extended union graph
Extending the union graph...10% completed @ 2022-06-27 00:08:51.502176
Extending the union graph...20% completed @ 2022-06-27 00:08:51.514710
Extending the union graph...30% completed @ 2022-06-27 00:08:51.527225
Extending the union graph...40% completed @ 2022-06-27 00:08:51.539718
Extending the union graph...50% completed @ 2022-06-27 00:08:51.552172
Extending the union graph...60% completed @ 2022-06-27 00:08:51.564620
Extending the union graph...70% completed @ 2022-06-27 00:08:51.577180
Extending the union graph...80% completed @ 2022-06-27 00:08:51.589812
Extending the union graph...90% completed @ 2022-06-27 00:08:51.602389
Edge Jaccard on extended union graph dist 1
Building the extended union graph
Extending the union graph...3% completed @ 2022-06-27 00:08:51.875302
Extending the union graph...6% completed @ 2022-06-27 00:08:51.876623
Extending the union graph...9% completed @ 2022-06-27 00:08:51.877908
Extending the union graph...12% completed @ 2022-06-27 00:08:51.879185
Extending the union graph...15% completed @ 2022-06-27 00:08:51.880431
Extending the union graph...18% completed @ 2022-06-27 00:08:51.881716
Extending the union graph...21% completed @ 2022-06-27 00:08:51.882970
Extending the union graph...24% completed @ 2022-06-27 00:08:51.884219
Extending the union graph...27% completed @ 2022-06-27 00:08:51.885477
Extending the union graph...30% completed @ 2022-06-27 00:08:51.886755
Extending the union graph...33% completed @ 2022-06-27 00:08:51.888035
Extending the union graph...36% completed @ 2022-06-27 00:08:51.889305
Extending the union graph...39% completed @ 2022-06-27 00:08:51.890581
Extending the union graph...42% completed @ 2022-06-27 00:08:51.891848
Extending the union graph...45% completed @ 2022-06-27 00:08:51.893115
Extending the union graph...48% completed @ 2022-06-27 00:08:51.894400
Extending the union graph...51% completed @ 2022-06-27 00:08:51.895653
Extending the union graph...54% completed @ 2022-06-27 00:08:51.896910
Extending the union graph...57% completed @ 2022-06-27 00:08:51.898183
Extending the union graph...60% completed @ 2022-06-27 00:08:51.899440
Extending the union graph...63% completed @ 2022-06-27 00:08:51.900717
Extending the union graph...66% completed @ 2022-06-27 00:08:51.902013
Extending the union graph...69% completed @ 2022-06-27 00:08:51.903286
Extending the union graph...72% completed @ 2022-06-27 00:08:51.904552
Extending the union graph...75% completed @ 2022-06-27 00:08:51.906049
Extending the union graph...78% completed @ 2022-06-27 00:08:51.907313
Extending the union graph...81% completed @ 2022-06-27 00:08:51.908572
Extending the union graph...84% completed @ 2022-06-27 00:08:51.909847
Extending the union graph...87% completed @ 2022-06-27 00:08:51.911105
Extending the union graph...90% completed @ 2022-06-27 00:08:51.912355
Extending the union graph...93% completed @ 2022-06-27 00:08:51.913626
Extending the union graph...96% completed @ 2022-06-27 00:08:51.914873
Extending the union graph...99% completed @ 2022-06-27 00:08:51.916130
Evaluating vertex sums
Extending the union graph...3% completed @ 2022-06-27 00:08:52.335236
Extending the union graph...6% completed @ 2022-06-27 00:08:52.754538
Extending the union graph...9% completed @ 2022-06-27 00:08:53.173211
Extending the union graph...12% completed @ 2022-06-27 00:08:53.590463
Extending the union graph...15% completed @ 2022-06-27 00:08:54.005523
Extending the union graph...18% completed @ 2022-06-27 00:08:54.421417
Extending the union graph...21% completed @ 2022-06-27 00:08:54.836135
Extending the union graph...24% completed @ 2022-06-27 00:08:55.249107
Extending the union graph...27% completed @ 2022-06-27 00:08:55.660235
Extending the union graph...30% completed @ 2022-06-27 00:08:56.072225
Extending the union graph...33% completed @ 2022-06-27 00:08:56.482789
Extending the union graph...36% completed @ 2022-06-27 00:08:56.892247
Extending the union graph...39% completed @ 2022-06-27 00:08:57.298396
Extending the union graph...42% completed @ 2022-06-27 00:08:57.705215
Extending the union graph...45% completed @ 2022-06-27 00:08:58.117445
Extending the union graph...48% completed @ 2022-06-27 00:08:58.526120
Extending the union graph...51% completed @ 2022-06-27 00:08:58.931284
Extending the union graph...54% completed @ 2022-06-27 00:08:59.336332
Extending the union graph...57% completed @ 2022-06-27 00:08:59.744682
Extending the union graph...60% completed @ 2022-06-27 00:09:00.149877
Extending the union graph...63% completed @ 2022-06-27 00:09:00.546509
Extending the union graph...66% completed @ 2022-06-27 00:09:00.941624
Extending the union graph...69% completed @ 2022-06-27 00:09:01.334851
Extending the union graph...72% completed @ 2022-06-27 00:09:01.725526
Extending the union graph...75% completed @ 2022-06-27 00:09:02.118497
Extending the union graph...78% completed @ 2022-06-27 00:09:02.507089
Extending the union graph...81% completed @ 2022-06-27 00:09:02.892289
Extending the union graph...84% completed @ 2022-06-27 00:09:03.274786
Extending the union graph...87% completed @ 2022-06-27 00:09:03.655920
Extending the union graph...90% completed @ 2022-06-27 00:09:04.034225
Extending the union graph...93% completed @ 2022-06-27 00:09:04.413438
Extending the union graph...96% completed @ 2022-06-27 00:09:04.791050
Extending the union graph...99% completed @ 2022-06-27 00:09:05.165898
Calculating Jaccard scores sums
Calculating Jaccard scores sums...3% completed @ 2022-06-27 00:09:05.292243
Calculating Jaccard scores sums...6% completed @ 2022-06-27 00:09:05.301167
Calculating Jaccard scores sums...9% completed @ 2022-06-27 00:09:05.316116
Calculating Jaccard scores sums...12% completed @ 2022-06-27 00:09:05.337125
Calculating Jaccard scores sums...15% completed @ 2022-06-27 00:09:05.364023
Calculating Jaccard scores sums...18% completed @ 2022-06-27 00:09:05.397040
Calculating Jaccard scores sums...21% completed @ 2022-06-27 00:09:05.436276
Calculating Jaccard scores sums...24% completed @ 2022-06-27 00:09:05.481636
Calculating Jaccard scores sums...27% completed @ 2022-06-27 00:09:05.533082
Calculating Jaccard scores sums...30% completed @ 2022-06-27 00:09:05.593940
Calculating Jaccard scores sums...33% completed @ 2022-06-27 00:09:05.660191
Calculating Jaccard scores sums...36% completed @ 2022-06-27 00:09:05.733081
Calculating Jaccard scores sums...39% completed @ 2022-06-27 00:09:05.811272
Calculating Jaccard scores sums...42% completed @ 2022-06-27 00:09:05.895096
Calculating Jaccard scores sums...45% completed @ 2022-06-27 00:09:05.984739
Calculating Jaccard scores sums...48% completed @ 2022-06-27 00:09:06.080597
Calculating Jaccard scores sums...51% completed @ 2022-06-27 00:09:06.181955
Calculating Jaccard scores sums...54% completed @ 2022-06-27 00:09:06.289770
Calculating Jaccard scores sums...57% completed @ 2022-06-27 00:09:06.404140
Calculating Jaccard scores sums...60% completed @ 2022-06-27 00:09:06.524630
Calculating Jaccard scores sums...63% completed @ 2022-06-27 00:09:06.650601
Calculating Jaccard scores sums...66% completed @ 2022-06-27 00:09:06.783150
Calculating Jaccard scores sums...69% completed @ 2022-06-27 00:09:06.921779
Calculating Jaccard scores sums...72% completed @ 2022-06-27 00:09:07.066654
Calculating Jaccard scores sums...75% completed @ 2022-06-27 00:09:07.216958
Calculating Jaccard scores sums...78% completed @ 2022-06-27 00:09:07.373765
Calculating Jaccard scores sums...81% completed @ 2022-06-27 00:09:07.536773
Calculating Jaccard scores sums...84% completed @ 2022-06-27 00:09:07.706056
Calculating Jaccard scores sums...87% completed @ 2022-06-27 00:09:07.882292
Calculating Jaccard scores sums...90% completed @ 2022-06-27 00:09:08.063745
Calculating Jaccard scores sums...93% completed @ 2022-06-27 00:09:08.252105
Calculating Jaccard scores sums...96% completed @ 2022-06-27 00:09:08.446738
Calculating Jaccard scores sums...99% completed @ 2022-06-27 00:09:08.647615
Injecting direct edges contribution
Obtaining max scores per vertex
Obtaining max scores per vertex...3% completed @ 2022-06-27 00:09:09.408297
Obtaining max scores per vertex...6% completed @ 2022-06-27 00:09:10.098406
Obtaining max scores per vertex...9% completed @ 2022-06-27 00:09:10.799231
Obtaining max scores per vertex...12% completed @ 2022-06-27 00:09:11.491524
Obtaining max scores per vertex...15% completed @ 2022-06-27 00:09:12.179982
Obtaining max scores per vertex...18% completed @ 2022-06-27 00:09:12.868559
Obtaining max scores per vertex...21% completed @ 2022-06-27 00:09:13.568283
Obtaining max scores per vertex...24% completed @ 2022-06-27 00:09:14.254213
Obtaining max scores per vertex...27% completed @ 2022-06-27 00:09:14.944360
Obtaining max scores per vertex...30% completed @ 2022-06-27 00:09:15.633729
Obtaining max scores per vertex...33% completed @ 2022-06-27 00:09:16.319502
Obtaining max scores per vertex...36% completed @ 2022-06-27 00:09:17.008812
Obtaining max scores per vertex...39% completed @ 2022-06-27 00:09:17.701578
Obtaining max scores per vertex...42% completed @ 2022-06-27 00:09:18.381989
Obtaining max scores per vertex...45% completed @ 2022-06-27 00:09:19.058296
Obtaining max scores per vertex...48% completed @ 2022-06-27 00:09:19.732925
Obtaining max scores per vertex...51% completed @ 2022-06-27 00:09:20.401012
Obtaining max scores per vertex...54% completed @ 2022-06-27 00:09:21.088137
Obtaining max scores per vertex...57% completed @ 2022-06-27 00:09:21.754059
Obtaining max scores per vertex...60% completed @ 2022-06-27 00:09:22.419036
Obtaining max scores per vertex...63% completed @ 2022-06-27 00:09:23.077778
Obtaining max scores per vertex...66% completed @ 2022-06-27 00:09:23.737605
Obtaining max scores per vertex...69% completed @ 2022-06-27 00:09:24.398500
Obtaining max scores per vertex...72% completed @ 2022-06-27 00:09:25.055064
Obtaining max scores per vertex...75% completed @ 2022-06-27 00:09:25.706298
Obtaining max scores per vertex...78% completed @ 2022-06-27 00:09:26.358837
Obtaining max scores per vertex...81% completed @ 2022-06-27 00:09:27.008565
Obtaining max scores per vertex...84% completed @ 2022-06-27 00:09:27.656146
Obtaining max scores per vertex...87% completed @ 2022-06-27 00:09:28.310859
Obtaining max scores per vertex...90% completed @ 2022-06-27 00:09:28.957546
Obtaining max scores per vertex...93% completed @ 2022-06-27 00:09:29.605726
Obtaining max scores per vertex...96% completed @ 2022-06-27 00:09:30.254021
Obtaining max scores per vertex...99% completed @ 2022-06-27 00:09:30.893310
Removing low scoring edges
Removing low scoring edges...3% completed @ 2022-06-27 00:09:31.116586
Removing low scoring edges...6% completed @ 2022-06-27 00:09:31.154903
Removing low scoring edges...9% completed @ 2022-06-27 00:09:31.218498
Removing low scoring edges...12% completed @ 2022-06-27 00:09:31.307742
Removing low scoring edges...15% completed @ 2022-06-27 00:09:31.422415
Removing low scoring edges...18% completed @ 2022-06-27 00:09:31.562707
Removing low scoring edges...21% completed @ 2022-06-27 00:09:31.729188
Removing low scoring edges...24% completed @ 2022-06-27 00:09:31.921046
Removing low scoring edges...27% completed @ 2022-06-27 00:09:32.140837
Removing low scoring edges...30% completed @ 2022-06-27 00:09:32.385853
Removing low scoring edges...33% completed @ 2022-06-27 00:09:32.656232
Removing low scoring edges...36% completed @ 2022-06-27 00:09:32.951975
Removing low scoring edges...39% completed @ 2022-06-27 00:09:33.272969
Removing low scoring edges...42% completed @ 2022-06-27 00:09:33.618137
Removing low scoring edges...45% completed @ 2022-06-27 00:09:33.988311
Removing low scoring edges...48% completed @ 2022-06-27 00:09:34.378805
Removing low scoring edges...51% completed @ 2022-06-27 00:09:34.793005
Removing low scoring edges...54% completed @ 2022-06-27 00:09:35.242395
Removing low scoring edges...57% completed @ 2022-06-27 00:09:35.717152
Removing low scoring edges...60% completed @ 2022-06-27 00:09:36.219984
Removing low scoring edges...63% completed @ 2022-06-27 00:09:36.744775
Removing low scoring edges...66% completed @ 2022-06-27 00:09:37.289464
Removing low scoring edges...69% completed @ 2022-06-27 00:09:37.868430
Removing low scoring edges...72% completed @ 2022-06-27 00:09:38.472106
Removing low scoring edges...75% completed @ 2022-06-27 00:09:39.093386
Removing low scoring edges...78% completed @ 2022-06-27 00:09:39.737125
Removing low scoring edges...81% completed @ 2022-06-27 00:09:40.416877
Removing low scoring edges...84% completed @ 2022-06-27 00:09:41.120651
Removing low scoring edges...87% completed @ 2022-06-27 00:09:41.844532
Removing low scoring edges...90% completed @ 2022-06-27 00:09:42.602465
Removing low scoring edges...93% completed @ 2022-06-27 00:09:43.402947
Removing low scoring edges...96% completed @ 2022-06-27 00:09:44.213963
Removing low scoring edges...99% completed @ 2022-06-27 00:09:45.051310
Finalizing extended graph
0
[mclxIOstreamIn] no assignments yield void/empty matrix
[mcl] new tab created
___ [mclAlgorithmStart] attempting to cluster the void
[mcl] pid 519381
 ite   chaos  time hom(avg,lo,hi) expa expb expc fmv
  1  ./alignMCL.sh: line 11: 519381 Segmentation fault      (core dumped) ./mcl/bin/mcl ${OUT_FILE}.ag -o ${OUT_FILE}.txt -I 2.8 --abc
/home/wangph1/plant/scripts
using old nif file for bgDM
using old nif file for bgAT
using old odv file for bgDM
using old odv file for bgAT
using old odv ort file for bgDM-bgAT
/home/wangph1/plant/data/mcl/bgDM-bgAT-k4-n8992-no1.txt
/home/wangph1/plant/networks/mcl/bgDM_marked.nif
/home/wangph1/plant/networks/mcl/bgAT_marked.nif
/home/wangph1/plant/data/mcl/fake_ort/bgDM-bgAT-k4-n8992-no1.ort
/home/wangph1/plant/data/mcl/bgDM-bgAT-k4-n8992-no1.txt
Traceback (most recent call last):
  File "/home/wangph1/plant/scripts/mcl_helpers.py", line 132, in <module>
    full_local_run_mcl(gtag1, gtag2, notes=notes)
  File "/home/wangph1/plant/scripts/mcl_helpers.py", line 117, in full_local_run_mcl
    process_mcl(gtag1, gtag2, notes=notes)
  File "/home/wangph1/plant/scripts/mcl_helpers.py", line 105, in process_mcl
    num_ort, num_pairs = evaluate_alignment(gtag1, gtag2, notes=notes)
  File "/home/wangph1/plant/scripts/mcl_helpers.py", line 88, in evaluate_alignment
    m2m_pairs = read_in_slashes_m2m(out_path)
  File "/home/wangph1/plant/scripts/file_helpers.py", line 47, in read_in_slashes_m2m
    with open(m2m_path, 'r') as f:
FileNotFoundError: [Errno 2] No such file or directory: '/home/wangph1/plant/data/mcl/bgDM-bgAT-k4-n8992-no1.txt'
JOBSFINISHED
