Namespace(ag_file=['/home/wangph1/plant/data/mcl/bgSC-bgAT-k4-n6001-no1.ag'], ort_file=['/home/wangph1/plant/data/mcl/fake_ort/bgSC-bgAT-k4-n6001-no1.ort'], ppi1_file=['/home/wangph1/plant/networks/mcl/bgSC_marked.nif'], ppi2_file=['/home/wangph1/plant/networks/mcl/bgAT_marked.nif'])
Loading input data
/home/wangph1/plant/networks/mcl/bgSC_marked.nif
/home/wangph1/plant/networks/mcl/bgAT_marked.nif
/home/wangph1/plant/data/mcl/fake_ort/bgSC-bgAT-k4-n6001-no1.ort
Building the union graph
Building rev maps
Building maps
Processing net 0 - simple nodes
Processing net 1 - simple nodes
Processing composite nodes
Building igraph.Graph
Entering build_union_graph_edges
Building graph1 edges...3% completed @ 2022-06-26 23:59:49.736793
Building graph1 edges...6% completed @ 2022-06-27 00:01:44.065160
Building graph1 edges...9% completed @ 2022-06-27 00:03:38.390086
Building graph1 edges...12% completed @ 2022-06-27 00:05:32.672588
Building graph1 edges...15% completed @ 2022-06-27 00:07:26.981351
Building graph1 edges...18% completed @ 2022-06-27 00:09:21.305714
Building graph1 edges...21% completed @ 2022-06-27 00:11:15.583060
Building graph1 edges...24% completed @ 2022-06-27 00:13:09.873068
Building graph1 edges...27% completed @ 2022-06-27 00:15:04.168894
Building graph1 edges...30% completed @ 2022-06-27 00:16:58.467911
Building graph1 edges...33% completed @ 2022-06-27 00:18:52.784292
Building graph1 edges...36% completed @ 2022-06-27 00:20:47.259170
Building graph1 edges...39% completed @ 2022-06-27 00:22:41.585938
Building graph1 edges...42% completed @ 2022-06-27 00:24:36.068175
Building graph1 edges...45% completed @ 2022-06-27 00:26:30.742589
Building graph1 edges...48% completed @ 2022-06-27 00:28:26.056974
Building graph1 edges...51% completed @ 2022-06-27 00:30:20.542434
Building graph1 edges...54% completed @ 2022-06-27 00:32:15.053551
Building graph1 edges...57% completed @ 2022-06-27 00:34:09.554872
Building graph1 edges...60% completed @ 2022-06-27 00:36:04.008037
Building graph1 edges...63% completed @ 2022-06-27 00:37:58.492194
Building graph1 edges...66% completed @ 2022-06-27 00:39:52.939936
Building graph1 edges...69% completed @ 2022-06-27 00:41:47.361253
Building graph1 edges...72% completed @ 2022-06-27 00:43:41.845278
Building graph1 edges...75% completed @ 2022-06-27 00:45:36.307781
Building graph1 edges...78% completed @ 2022-06-27 00:47:30.786416
Building graph1 edges...81% completed @ 2022-06-27 00:49:25.321170
Building graph1 edges...84% completed @ 2022-06-27 00:51:19.818212
Building graph1 edges...87% completed @ 2022-06-27 00:53:14.256843
Building graph1 edges...90% completed @ 2022-06-27 00:55:08.729740
Building graph1 edges...93% completed @ 2022-06-27 00:57:03.235503
Building graph1 edges...96% completed @ 2022-06-27 00:58:57.675995
Building graph1 edges...99% completed @ 2022-06-27 01:00:52.170027
Merging conserved edges
Pruning the union graph
Building the extended union graph
Extending the union graph...10% completed @ 2022-06-27 01:01:31.147789
Extending the union graph...20% completed @ 2022-06-27 01:01:31.158519
Extending the union graph...30% completed @ 2022-06-27 01:01:31.169333
Extending the union graph...40% completed @ 2022-06-27 01:01:31.180053
Extending the union graph...50% completed @ 2022-06-27 01:01:31.190796
Extending the union graph...60% completed @ 2022-06-27 01:01:31.201453
Extending the union graph...70% completed @ 2022-06-27 01:01:31.212191
Extending the union graph...80% completed @ 2022-06-27 01:01:31.223047
Extending the union graph...90% completed @ 2022-06-27 01:01:31.233920
Edge Jaccard on extended union graph dist 1
Building the extended union graph
Extending the union graph...3% completed @ 2022-06-27 01:01:31.395248
Extending the union graph...6% completed @ 2022-06-27 01:01:31.396138
Extending the union graph...9% completed @ 2022-06-27 01:01:31.397025
Extending the union graph...12% completed @ 2022-06-27 01:01:31.397918
Extending the union graph...15% completed @ 2022-06-27 01:01:31.398795
Extending the union graph...18% completed @ 2022-06-27 01:01:31.399699
Extending the union graph...21% completed @ 2022-06-27 01:01:31.400546
Extending the union graph...24% completed @ 2022-06-27 01:01:31.401423
Extending the union graph...27% completed @ 2022-06-27 01:01:31.402281
Extending the union graph...30% completed @ 2022-06-27 01:01:31.403133
Extending the union graph...33% completed @ 2022-06-27 01:01:31.404118
Extending the union graph...36% completed @ 2022-06-27 01:01:31.404968
Extending the union graph...39% completed @ 2022-06-27 01:01:31.405843
Extending the union graph...42% completed @ 2022-06-27 01:01:31.406733
Extending the union graph...45% completed @ 2022-06-27 01:01:31.407621
Extending the union graph...48% completed @ 2022-06-27 01:01:31.408492
Extending the union graph...51% completed @ 2022-06-27 01:01:31.409387
Extending the union graph...54% completed @ 2022-06-27 01:01:31.410242
Extending the union graph...57% completed @ 2022-06-27 01:01:31.411125
Extending the union graph...60% completed @ 2022-06-27 01:01:31.412028
Extending the union graph...63% completed @ 2022-06-27 01:01:31.412877
Extending the union graph...66% completed @ 2022-06-27 01:01:31.413761
Extending the union graph...69% completed @ 2022-06-27 01:01:31.414637
Extending the union graph...72% completed @ 2022-06-27 01:01:31.415531
Extending the union graph...75% completed @ 2022-06-27 01:01:31.416412
Extending the union graph...78% completed @ 2022-06-27 01:01:31.417274
Extending the union graph...81% completed @ 2022-06-27 01:01:31.418131
Extending the union graph...84% completed @ 2022-06-27 01:01:31.419019
Extending the union graph...87% completed @ 2022-06-27 01:01:31.419935
Extending the union graph...90% completed @ 2022-06-27 01:01:31.420826
Extending the union graph...93% completed @ 2022-06-27 01:01:31.421708
Extending the union graph...96% completed @ 2022-06-27 01:01:31.422585
Extending the union graph...99% completed @ 2022-06-27 01:01:31.423496
Evaluating vertex sums
Extending the union graph...3% completed @ 2022-06-27 01:01:31.612668
Extending the union graph...6% completed @ 2022-06-27 01:01:31.797806
Extending the union graph...9% completed @ 2022-06-27 01:01:31.981590
Extending the union graph...12% completed @ 2022-06-27 01:01:32.165024
Extending the union graph...15% completed @ 2022-06-27 01:01:32.348124
Extending the union graph...18% completed @ 2022-06-27 01:01:32.537172
Extending the union graph...21% completed @ 2022-06-27 01:01:32.725297
Extending the union graph...24% completed @ 2022-06-27 01:01:32.912800
Extending the union graph...27% completed @ 2022-06-27 01:01:33.094050
Extending the union graph...30% completed @ 2022-06-27 01:01:33.274782
Extending the union graph...33% completed @ 2022-06-27 01:01:33.455042
Extending the union graph...36% completed @ 2022-06-27 01:01:33.634904
Extending the union graph...39% completed @ 2022-06-27 01:01:33.814524
Extending the union graph...42% completed @ 2022-06-27 01:01:33.993794
Extending the union graph...45% completed @ 2022-06-27 01:01:34.172253
Extending the union graph...48% completed @ 2022-06-27 01:01:34.350332
Extending the union graph...51% completed @ 2022-06-27 01:01:34.527593
Extending the union graph...54% completed @ 2022-06-27 01:01:34.704119
Extending the union graph...57% completed @ 2022-06-27 01:01:34.880623
Extending the union graph...60% completed @ 2022-06-27 01:01:35.055804
Extending the union graph...63% completed @ 2022-06-27 01:01:35.229976
Extending the union graph...66% completed @ 2022-06-27 01:01:35.403751
Extending the union graph...69% completed @ 2022-06-27 01:01:35.577207
Extending the union graph...72% completed @ 2022-06-27 01:01:35.750041
Extending the union graph...75% completed @ 2022-06-27 01:01:35.922166
Extending the union graph...78% completed @ 2022-06-27 01:01:36.093199
Extending the union graph...81% completed @ 2022-06-27 01:01:36.262483
Extending the union graph...84% completed @ 2022-06-27 01:01:36.431137
Extending the union graph...87% completed @ 2022-06-27 01:01:36.599312
Extending the union graph...90% completed @ 2022-06-27 01:01:36.767900
Extending the union graph...93% completed @ 2022-06-27 01:01:36.934691
Extending the union graph...96% completed @ 2022-06-27 01:01:37.100174
Extending the union graph...99% completed @ 2022-06-27 01:01:37.264886
Calculating Jaccard scores sums
Calculating Jaccard scores sums...3% completed @ 2022-06-27 01:01:37.321387
Calculating Jaccard scores sums...6% completed @ 2022-06-27 01:01:37.325417
Calculating Jaccard scores sums...9% completed @ 2022-06-27 01:01:37.332064
Calculating Jaccard scores sums...12% completed @ 2022-06-27 01:01:37.341406
Calculating Jaccard scores sums...15% completed @ 2022-06-27 01:01:37.354584
Calculating Jaccard scores sums...18% completed @ 2022-06-27 01:01:37.369995
Calculating Jaccard scores sums...21% completed @ 2022-06-27 01:01:37.387800
Calculating Jaccard scores sums...24% completed @ 2022-06-27 01:01:37.408091
Calculating Jaccard scores sums...27% completed @ 2022-06-27 01:01:37.430902
Calculating Jaccard scores sums...30% completed @ 2022-06-27 01:01:37.456501
Calculating Jaccard scores sums...33% completed @ 2022-06-27 01:01:37.484870
Calculating Jaccard scores sums...36% completed @ 2022-06-27 01:01:37.516061
Calculating Jaccard scores sums...39% completed @ 2022-06-27 01:01:37.549806
Calculating Jaccard scores sums...42% completed @ 2022-06-27 01:01:37.586190
Calculating Jaccard scores sums...45% completed @ 2022-06-27 01:01:37.625350
Calculating Jaccard scores sums...48% completed @ 2022-06-27 01:01:37.667018
Calculating Jaccard scores sums...51% completed @ 2022-06-27 01:01:37.711603
Calculating Jaccard scores sums...54% completed @ 2022-06-27 01:01:37.758739
Calculating Jaccard scores sums...57% completed @ 2022-06-27 01:01:37.808674
Calculating Jaccard scores sums...60% completed @ 2022-06-27 01:01:37.861238
Calculating Jaccard scores sums...63% completed @ 2022-06-27 01:01:37.916540
Calculating Jaccard scores sums...66% completed @ 2022-06-27 01:01:37.974490
Calculating Jaccard scores sums...69% completed @ 2022-06-27 01:01:38.035141
Calculating Jaccard scores sums...72% completed @ 2022-06-27 01:01:38.098720
Calculating Jaccard scores sums...75% completed @ 2022-06-27 01:01:38.164945
Calculating Jaccard scores sums...78% completed @ 2022-06-27 01:01:38.233768
Calculating Jaccard scores sums...81% completed @ 2022-06-27 01:01:38.305087
Calculating Jaccard scores sums...84% completed @ 2022-06-27 01:01:38.379208
Calculating Jaccard scores sums...87% completed @ 2022-06-27 01:01:38.455981
Calculating Jaccard scores sums...90% completed @ 2022-06-27 01:01:38.535583
Calculating Jaccard scores sums...93% completed @ 2022-06-27 01:01:38.617753
Calculating Jaccard scores sums...96% completed @ 2022-06-27 01:01:38.702662
Calculating Jaccard scores sums...99% completed @ 2022-06-27 01:01:38.790392
Injecting direct edges contribution
Obtaining max scores per vertex
Obtaining max scores per vertex...3% completed @ 2022-06-27 01:01:39.124519
Obtaining max scores per vertex...6% completed @ 2022-06-27 01:01:39.426259
Obtaining max scores per vertex...9% completed @ 2022-06-27 01:01:39.732413
Obtaining max scores per vertex...12% completed @ 2022-06-27 01:01:40.033957
Obtaining max scores per vertex...15% completed @ 2022-06-27 01:01:40.334994
Obtaining max scores per vertex...18% completed @ 2022-06-27 01:01:40.635468
Obtaining max scores per vertex...21% completed @ 2022-06-27 01:01:40.935829
Obtaining max scores per vertex...24% completed @ 2022-06-27 01:01:41.236183
Obtaining max scores per vertex...27% completed @ 2022-06-27 01:01:41.536124
Obtaining max scores per vertex...30% completed @ 2022-06-27 01:01:41.834858
Obtaining max scores per vertex...33% completed @ 2022-06-27 01:01:42.132765
Obtaining max scores per vertex...36% completed @ 2022-06-27 01:01:42.429522
Obtaining max scores per vertex...39% completed @ 2022-06-27 01:01:42.730833
Obtaining max scores per vertex...42% completed @ 2022-06-27 01:01:43.035686
Obtaining max scores per vertex...45% completed @ 2022-06-27 01:01:43.332245
Obtaining max scores per vertex...48% completed @ 2022-06-27 01:01:43.625581
Obtaining max scores per vertex...51% completed @ 2022-06-27 01:01:43.917502
Obtaining max scores per vertex...54% completed @ 2022-06-27 01:01:44.208856
Obtaining max scores per vertex...57% completed @ 2022-06-27 01:01:44.499360
Obtaining max scores per vertex...60% completed @ 2022-06-27 01:01:44.789311
Obtaining max scores per vertex...63% completed @ 2022-06-27 01:01:45.078642
Obtaining max scores per vertex...66% completed @ 2022-06-27 01:01:45.367227
Obtaining max scores per vertex...69% completed @ 2022-06-27 01:01:45.654675
Obtaining max scores per vertex...72% completed @ 2022-06-27 01:01:45.942848
Obtaining max scores per vertex...75% completed @ 2022-06-27 01:01:46.238064
Obtaining max scores per vertex...78% completed @ 2022-06-27 01:01:46.527582
Obtaining max scores per vertex...81% completed @ 2022-06-27 01:01:46.812689
Obtaining max scores per vertex...84% completed @ 2022-06-27 01:01:47.096371
Obtaining max scores per vertex...87% completed @ 2022-06-27 01:01:47.379873
Obtaining max scores per vertex...90% completed @ 2022-06-27 01:01:47.670540
Obtaining max scores per vertex...93% completed @ 2022-06-27 01:01:47.957746
Obtaining max scores per vertex...96% completed @ 2022-06-27 01:01:48.238954
Obtaining max scores per vertex...99% completed @ 2022-06-27 01:01:48.519690
Removing low scoring edges
Removing low scoring edges...3% completed @ 2022-06-27 01:01:48.619022
Removing low scoring edges...6% completed @ 2022-06-27 01:01:48.635801
Removing low scoring edges...9% completed @ 2022-06-27 01:01:48.663687
Removing low scoring edges...12% completed @ 2022-06-27 01:01:48.702849
Removing low scoring edges...15% completed @ 2022-06-27 01:01:48.753497
Removing low scoring edges...18% completed @ 2022-06-27 01:01:48.815580
Removing low scoring edges...21% completed @ 2022-06-27 01:01:48.888590
Removing low scoring edges...24% completed @ 2022-06-27 01:01:48.973379
Removing low scoring edges...27% completed @ 2022-06-27 01:01:49.069702
Removing low scoring edges...30% completed @ 2022-06-27 01:01:49.176841
Removing low scoring edges...33% completed @ 2022-06-27 01:01:49.296255
Removing low scoring edges...36% completed @ 2022-06-27 01:01:49.427163
Removing low scoring edges...39% completed @ 2022-06-27 01:01:49.569079
Removing low scoring edges...42% completed @ 2022-06-27 01:01:49.722403
Removing low scoring edges...45% completed @ 2022-06-27 01:01:49.887105
Removing low scoring edges...48% completed @ 2022-06-27 01:01:50.063335
Removing low scoring edges...51% completed @ 2022-06-27 01:01:50.250734
Removing low scoring edges...54% completed @ 2022-06-27 01:01:50.449230
Removing low scoring edges...57% completed @ 2022-06-27 01:01:50.659749
Removing low scoring edges...60% completed @ 2022-06-27 01:01:50.881849
Removing low scoring edges...63% completed @ 2022-06-27 01:01:51.115474
Removing low scoring edges...66% completed @ 2022-06-27 01:01:51.360426
Removing low scoring edges...69% completed @ 2022-06-27 01:01:51.616320
Removing low scoring edges...72% completed @ 2022-06-27 01:01:51.883989
Removing low scoring edges...75% completed @ 2022-06-27 01:01:52.162533
Removing low scoring edges...78% completed @ 2022-06-27 01:01:52.455733
Removing low scoring edges...81% completed @ 2022-06-27 01:01:52.760432
Removing low scoring edges...84% completed @ 2022-06-27 01:01:53.073867
Removing low scoring edges...87% completed @ 2022-06-27 01:01:53.395519
Removing low scoring edges...90% completed @ 2022-06-27 01:01:53.730667
Removing low scoring edges...93% completed @ 2022-06-27 01:01:54.077801
Removing low scoring edges...96% completed @ 2022-06-27 01:01:54.436134
Removing low scoring edges...99% completed @ 2022-06-27 01:01:54.805457
Finalizing extended graph
0
[mclxIOstreamIn] no assignments yield void/empty matrix
[mcl] new tab created
___ [mclAlgorithmStart] attempting to cluster the void
[mcl] pid 565226
 ite   chaos  time hom(avg,lo,hi) expa expb expc fmv
  1  ./alignMCL.sh: line 11: 565226 Segmentation fault      (core dumped) ./mcl/bin/mcl ${OUT_FILE}.ag -o ${OUT_FILE}.txt -I 2.8 --abc
/home/wangph1/plant/scripts
using old nif file for bgSC
using old nif file for bgAT
using old odv file for bgSC
using old odv file for bgAT
using old odv ort file for bgSC-bgAT
/home/wangph1/plant/data/mcl/bgSC-bgAT-k4-n6001-no1.txt
/home/wangph1/plant/networks/mcl/bgSC_marked.nif
/home/wangph1/plant/networks/mcl/bgAT_marked.nif
/home/wangph1/plant/data/mcl/fake_ort/bgSC-bgAT-k4-n6001-no1.ort
/home/wangph1/plant/data/mcl/bgSC-bgAT-k4-n6001-no1.txt
Traceback (most recent call last):
  File "/home/wangph1/plant/scripts/mcl_helpers.py", line 132, in <module>
    full_local_run_mcl(gtag1, gtag2, notes=notes)
  File "/home/wangph1/plant/scripts/mcl_helpers.py", line 117, in full_local_run_mcl
    process_mcl(gtag1, gtag2, notes=notes)
  File "/home/wangph1/plant/scripts/mcl_helpers.py", line 105, in process_mcl
    num_ort, num_pairs = evaluate_alignment(gtag1, gtag2, notes=notes)
  File "/home/wangph1/plant/scripts/mcl_helpers.py", line 88, in evaluate_alignment
    m2m_pairs = read_in_slashes_m2m(out_path)
  File "/home/wangph1/plant/scripts/file_helpers.py", line 47, in read_in_slashes_m2m
    with open(m2m_path, 'r') as f:
FileNotFoundError: [Errno 2] No such file or directory: '/home/wangph1/plant/data/mcl/bgSC-bgAT-k4-n6001-no1.txt'
JOBSFINISHED
