Namespace(ag_file=['/home/wangph1/plant/data/mcl/bgSC-bgDM-k4-n6001-no1.ag'], ort_file=['/home/wangph1/plant/data/mcl/fake_ort/bgSC-bgDM-k4-n6001-no1.ort'], ppi1_file=['/home/wangph1/plant/networks/mcl/bgSC_marked.nif'], ppi2_file=['/home/wangph1/plant/networks/mcl/bgDM_marked.nif'])
Loading input data
/home/wangph1/plant/networks/mcl/bgSC_marked.nif
/home/wangph1/plant/networks/mcl/bgDM_marked.nif
/home/wangph1/plant/data/mcl/fake_ort/bgSC-bgDM-k4-n6001-no1.ort
Building the union graph
Building rev maps
Building maps
Processing net 0 - simple nodes
Processing net 1 - simple nodes
Processing composite nodes
Building igraph.Graph
Entering build_union_graph_edges
Building graph1 edges...3% completed @ 2022-06-26 23:59:50.161560
Building graph1 edges...6% completed @ 2022-06-27 00:01:44.456648
Building graph1 edges...9% completed @ 2022-06-27 00:03:38.873601
Building graph1 edges...12% completed @ 2022-06-27 00:05:33.077849
Building graph1 edges...15% completed @ 2022-06-27 00:07:27.282446
Building graph1 edges...18% completed @ 2022-06-27 00:09:21.524891
Building graph1 edges...21% completed @ 2022-06-27 00:11:15.721432
Building graph1 edges...24% completed @ 2022-06-27 00:13:09.866425
Building graph1 edges...27% completed @ 2022-06-27 00:15:04.039028
Building graph1 edges...30% completed @ 2022-06-27 00:16:58.251136
Building graph1 edges...33% completed @ 2022-06-27 00:18:52.599758
Building graph1 edges...36% completed @ 2022-06-27 00:20:46.972162
Building graph1 edges...39% completed @ 2022-06-27 00:22:41.282014
Building graph1 edges...42% completed @ 2022-06-27 00:24:35.470427
Building graph1 edges...45% completed @ 2022-06-27 00:26:29.659518
Building graph1 edges...48% completed @ 2022-06-27 00:28:23.822882
Building graph1 edges...51% completed @ 2022-06-27 00:30:17.976880
Building graph1 edges...54% completed @ 2022-06-27 00:32:12.142977
Building graph1 edges...57% completed @ 2022-06-27 00:34:06.371617
Building graph1 edges...60% completed @ 2022-06-27 00:36:00.838410
Building graph1 edges...63% completed @ 2022-06-27 00:37:55.141490
Building graph1 edges...66% completed @ 2022-06-27 00:39:49.330025
Building graph1 edges...69% completed @ 2022-06-27 00:41:43.599909
Building graph1 edges...72% completed @ 2022-06-27 00:43:37.897643
Building graph1 edges...75% completed @ 2022-06-27 00:45:32.100467
Building graph1 edges...78% completed @ 2022-06-27 00:47:26.485104
Building graph1 edges...81% completed @ 2022-06-27 00:49:20.901775
Building graph1 edges...84% completed @ 2022-06-27 00:51:16.811270
Building graph1 edges...87% completed @ 2022-06-27 00:53:11.228298
Building graph1 edges...90% completed @ 2022-06-27 00:55:05.456448
Building graph1 edges...93% completed @ 2022-06-27 00:56:59.815118
Building graph1 edges...96% completed @ 2022-06-27 00:58:54.292961
Building graph1 edges...99% completed @ 2022-06-27 01:00:48.634583
Merging conserved edges
Pruning the union graph
Building the extended union graph
Extending the union graph...10% completed @ 2022-06-27 01:01:27.562946
Extending the union graph...20% completed @ 2022-06-27 01:01:27.573730
Extending the union graph...30% completed @ 2022-06-27 01:01:27.584172
Extending the union graph...40% completed @ 2022-06-27 01:01:27.598706
Extending the union graph...50% completed @ 2022-06-27 01:01:27.612699
Extending the union graph...60% completed @ 2022-06-27 01:01:27.627327
Extending the union graph...70% completed @ 2022-06-27 01:01:27.642810
Extending the union graph...80% completed @ 2022-06-27 01:01:27.663255
Extending the union graph...90% completed @ 2022-06-27 01:01:27.689064
Edge Jaccard on extended union graph dist 1
Building the extended union graph
Extending the union graph...3% completed @ 2022-06-27 01:01:27.876420
Extending the union graph...6% completed @ 2022-06-27 01:01:27.898284
Extending the union graph...9% completed @ 2022-06-27 01:01:27.911419
Extending the union graph...12% completed @ 2022-06-27 01:01:27.928898
Extending the union graph...15% completed @ 2022-06-27 01:01:27.946111
Extending the union graph...18% completed @ 2022-06-27 01:01:27.947557
Extending the union graph...21% completed @ 2022-06-27 01:01:27.949071
Extending the union graph...24% completed @ 2022-06-27 01:01:27.980420
Extending the union graph...27% completed @ 2022-06-27 01:01:27.985863
Extending the union graph...30% completed @ 2022-06-27 01:01:27.996331
Extending the union graph...33% completed @ 2022-06-27 01:01:28.001057
Extending the union graph...36% completed @ 2022-06-27 01:01:28.005997
Extending the union graph...39% completed @ 2022-06-27 01:01:28.012761
Extending the union graph...42% completed @ 2022-06-27 01:01:28.014433
Extending the union graph...45% completed @ 2022-06-27 01:01:28.015800
Extending the union graph...48% completed @ 2022-06-27 01:01:28.060968
Extending the union graph...51% completed @ 2022-06-27 01:01:28.087340
Extending the union graph...54% completed @ 2022-06-27 01:01:28.181283
Extending the union graph...57% completed @ 2022-06-27 01:01:28.225331
Extending the union graph...60% completed @ 2022-06-27 01:01:28.226704
Extending the union graph...63% completed @ 2022-06-27 01:01:28.262412
Extending the union graph...66% completed @ 2022-06-27 01:01:28.348870
Extending the union graph...69% completed @ 2022-06-27 01:01:28.356784
Extending the union graph...72% completed @ 2022-06-27 01:01:28.358621
Extending the union graph...75% completed @ 2022-06-27 01:01:28.364246
Extending the union graph...78% completed @ 2022-06-27 01:01:28.433982
Extending the union graph...81% completed @ 2022-06-27 01:01:28.435374
Extending the union graph...84% completed @ 2022-06-27 01:01:28.443098
Extending the union graph...87% completed @ 2022-06-27 01:01:28.451537
Extending the union graph...90% completed @ 2022-06-27 01:01:28.462620
Extending the union graph...93% completed @ 2022-06-27 01:01:28.574465
Extending the union graph...96% completed @ 2022-06-27 01:01:28.638544
Extending the union graph...99% completed @ 2022-06-27 01:01:28.686802
Evaluating vertex sums
Extending the union graph...3% completed @ 2022-06-27 01:01:29.129198
Extending the union graph...6% completed @ 2022-06-27 01:01:29.343584
Extending the union graph...9% completed @ 2022-06-27 01:01:29.555389
Extending the union graph...12% completed @ 2022-06-27 01:01:29.768618
Extending the union graph...15% completed @ 2022-06-27 01:01:29.979773
Extending the union graph...18% completed @ 2022-06-27 01:01:30.186319
Extending the union graph...21% completed @ 2022-06-27 01:01:30.393273
Extending the union graph...24% completed @ 2022-06-27 01:01:30.602314
Extending the union graph...27% completed @ 2022-06-27 01:01:30.807973
Extending the union graph...30% completed @ 2022-06-27 01:01:31.016589
Extending the union graph...33% completed @ 2022-06-27 01:01:31.222551
Extending the union graph...36% completed @ 2022-06-27 01:01:31.433861
Extending the union graph...39% completed @ 2022-06-27 01:01:31.656336
Extending the union graph...42% completed @ 2022-06-27 01:01:31.872090
Extending the union graph...45% completed @ 2022-06-27 01:01:32.086536
Extending the union graph...48% completed @ 2022-06-27 01:01:32.300980
Extending the union graph...51% completed @ 2022-06-27 01:01:32.518422
Extending the union graph...54% completed @ 2022-06-27 01:01:32.739858
Extending the union graph...57% completed @ 2022-06-27 01:01:32.956601
Extending the union graph...60% completed @ 2022-06-27 01:01:33.168678
Extending the union graph...63% completed @ 2022-06-27 01:01:33.381212
Extending the union graph...66% completed @ 2022-06-27 01:01:33.581843
Extending the union graph...69% completed @ 2022-06-27 01:01:33.778707
Extending the union graph...72% completed @ 2022-06-27 01:01:33.975057
Extending the union graph...75% completed @ 2022-06-27 01:01:34.171700
Extending the union graph...78% completed @ 2022-06-27 01:01:34.368051
Extending the union graph...81% completed @ 2022-06-27 01:01:34.561319
Extending the union graph...84% completed @ 2022-06-27 01:01:34.756292
Extending the union graph...87% completed @ 2022-06-27 01:01:34.950070
Extending the union graph...90% completed @ 2022-06-27 01:01:35.143533
Extending the union graph...93% completed @ 2022-06-27 01:01:35.343008
Extending the union graph...96% completed @ 2022-06-27 01:01:35.542792
Extending the union graph...99% completed @ 2022-06-27 01:01:35.735854
Calculating Jaccard scores sums
Calculating Jaccard scores sums...3% completed @ 2022-06-27 01:01:35.804920
Calculating Jaccard scores sums...6% completed @ 2022-06-27 01:01:35.818866
Calculating Jaccard scores sums...9% completed @ 2022-06-27 01:01:35.840748
Calculating Jaccard scores sums...12% completed @ 2022-06-27 01:01:35.874511
Calculating Jaccard scores sums...15% completed @ 2022-06-27 01:01:35.916381
Calculating Jaccard scores sums...18% completed @ 2022-06-27 01:01:35.959037
Calculating Jaccard scores sums...21% completed @ 2022-06-27 01:01:36.011007
Calculating Jaccard scores sums...24% completed @ 2022-06-27 01:01:36.080242
Calculating Jaccard scores sums...27% completed @ 2022-06-27 01:01:36.149334
Calculating Jaccard scores sums...30% completed @ 2022-06-27 01:01:36.228980
Calculating Jaccard scores sums...33% completed @ 2022-06-27 01:01:36.310753
Calculating Jaccard scores sums...36% completed @ 2022-06-27 01:01:36.412954
Calculating Jaccard scores sums...39% completed @ 2022-06-27 01:01:36.541100
Calculating Jaccard scores sums...42% completed @ 2022-06-27 01:01:36.647967
Calculating Jaccard scores sums...45% completed @ 2022-06-27 01:01:36.760655
Calculating Jaccard scores sums...48% completed @ 2022-06-27 01:01:36.885129
Calculating Jaccard scores sums...51% completed @ 2022-06-27 01:01:37.040825
Calculating Jaccard scores sums...54% completed @ 2022-06-27 01:01:37.241251
Calculating Jaccard scores sums...57% completed @ 2022-06-27 01:01:37.423222
Calculating Jaccard scores sums...60% completed @ 2022-06-27 01:01:37.588427
Calculating Jaccard scores sums...63% completed @ 2022-06-27 01:01:37.772697
Calculating Jaccard scores sums...66% completed @ 2022-06-27 01:01:37.973800
Calculating Jaccard scores sums...69% completed @ 2022-06-27 01:01:38.161549
Calculating Jaccard scores sums...72% completed @ 2022-06-27 01:01:38.357837
Calculating Jaccard scores sums...75% completed @ 2022-06-27 01:01:38.584350
Calculating Jaccard scores sums...78% completed @ 2022-06-27 01:01:38.817171
Calculating Jaccard scores sums...81% completed @ 2022-06-27 01:01:39.031446
Calculating Jaccard scores sums...84% completed @ 2022-06-27 01:01:39.278206
Calculating Jaccard scores sums...87% completed @ 2022-06-27 01:01:39.533703
Calculating Jaccard scores sums...90% completed @ 2022-06-27 01:01:39.795130
Calculating Jaccard scores sums...93% completed @ 2022-06-27 01:01:40.146644
Calculating Jaccard scores sums...96% completed @ 2022-06-27 01:01:40.508925
Calculating Jaccard scores sums...99% completed @ 2022-06-27 01:01:40.832542
Injecting direct edges contribution
Obtaining max scores per vertex
Obtaining max scores per vertex...3% completed @ 2022-06-27 01:01:41.577865
Obtaining max scores per vertex...6% completed @ 2022-06-27 01:01:41.909546
Obtaining max scores per vertex...9% completed @ 2022-06-27 01:01:42.237655
Obtaining max scores per vertex...12% completed @ 2022-06-27 01:01:42.566834
Obtaining max scores per vertex...15% completed @ 2022-06-27 01:01:42.894009
Obtaining max scores per vertex...18% completed @ 2022-06-27 01:01:43.216111
Obtaining max scores per vertex...21% completed @ 2022-06-27 01:01:43.538022
Obtaining max scores per vertex...24% completed @ 2022-06-27 01:01:43.861650
Obtaining max scores per vertex...27% completed @ 2022-06-27 01:01:44.181555
Obtaining max scores per vertex...30% completed @ 2022-06-27 01:01:44.501952
Obtaining max scores per vertex...33% completed @ 2022-06-27 01:01:44.819744
Obtaining max scores per vertex...36% completed @ 2022-06-27 01:01:45.138781
Obtaining max scores per vertex...39% completed @ 2022-06-27 01:01:45.459313
Obtaining max scores per vertex...42% completed @ 2022-06-27 01:01:45.773683
Obtaining max scores per vertex...45% completed @ 2022-06-27 01:01:46.093383
Obtaining max scores per vertex...48% completed @ 2022-06-27 01:01:46.408086
Obtaining max scores per vertex...51% completed @ 2022-06-27 01:01:46.722537
Obtaining max scores per vertex...54% completed @ 2022-06-27 01:01:47.039170
Obtaining max scores per vertex...57% completed @ 2022-06-27 01:01:47.350617
Obtaining max scores per vertex...60% completed @ 2022-06-27 01:01:47.658260
Obtaining max scores per vertex...63% completed @ 2022-06-27 01:01:47.965763
Obtaining max scores per vertex...66% completed @ 2022-06-27 01:01:48.272346
Obtaining max scores per vertex...69% completed @ 2022-06-27 01:01:48.581096
Obtaining max scores per vertex...72% completed @ 2022-06-27 01:01:48.884909
Obtaining max scores per vertex...75% completed @ 2022-06-27 01:01:49.186717
Obtaining max scores per vertex...78% completed @ 2022-06-27 01:01:49.486542
Obtaining max scores per vertex...81% completed @ 2022-06-27 01:01:49.784710
Obtaining max scores per vertex...84% completed @ 2022-06-27 01:01:50.082475
Obtaining max scores per vertex...87% completed @ 2022-06-27 01:01:50.379609
Obtaining max scores per vertex...90% completed @ 2022-06-27 01:01:50.676671
Obtaining max scores per vertex...93% completed @ 2022-06-27 01:01:50.973921
Obtaining max scores per vertex...96% completed @ 2022-06-27 01:01:51.268788
Obtaining max scores per vertex...99% completed @ 2022-06-27 01:01:51.560369
Removing low scoring edges
Removing low scoring edges...3% completed @ 2022-06-27 01:01:51.663319
Removing low scoring edges...6% completed @ 2022-06-27 01:01:51.680989
Removing low scoring edges...9% completed @ 2022-06-27 01:01:51.710131
Removing low scoring edges...12% completed @ 2022-06-27 01:01:51.751831
Removing low scoring edges...15% completed @ 2022-06-27 01:01:51.805059
Removing low scoring edges...18% completed @ 2022-06-27 01:01:51.869859
Removing low scoring edges...21% completed @ 2022-06-27 01:01:51.946785
Removing low scoring edges...24% completed @ 2022-06-27 01:01:52.035984
Removing low scoring edges...27% completed @ 2022-06-27 01:01:52.136951
Removing low scoring edges...30% completed @ 2022-06-27 01:01:52.250143
Removing low scoring edges...33% completed @ 2022-06-27 01:01:52.374052
Removing low scoring edges...36% completed @ 2022-06-27 01:01:52.512036
Removing low scoring edges...39% completed @ 2022-06-27 01:01:52.664470
Removing low scoring edges...42% completed @ 2022-06-27 01:01:52.825332
Removing low scoring edges...45% completed @ 2022-06-27 01:01:52.998461
Removing low scoring edges...48% completed @ 2022-06-27 01:01:53.183720
Removing low scoring edges...51% completed @ 2022-06-27 01:01:53.382887
Removing low scoring edges...54% completed @ 2022-06-27 01:01:53.599137
Removing low scoring edges...57% completed @ 2022-06-27 01:01:53.824632
Removing low scoring edges...60% completed @ 2022-06-27 01:01:54.059244
Removing low scoring edges...63% completed @ 2022-06-27 01:01:54.306805
Removing low scoring edges...66% completed @ 2022-06-27 01:01:54.566718
Removing low scoring edges...69% completed @ 2022-06-27 01:01:54.837743
Removing low scoring edges...72% completed @ 2022-06-27 01:01:55.120706
Removing low scoring edges...75% completed @ 2022-06-27 01:01:55.417910
Removing low scoring edges...78% completed @ 2022-06-27 01:01:55.725913
Removing low scoring edges...81% completed @ 2022-06-27 01:01:56.046525
Removing low scoring edges...84% completed @ 2022-06-27 01:01:56.386796
Removing low scoring edges...87% completed @ 2022-06-27 01:01:56.730950
Removing low scoring edges...90% completed @ 2022-06-27 01:01:57.089135
Removing low scoring edges...93% completed @ 2022-06-27 01:01:57.465635
Removing low scoring edges...96% completed @ 2022-06-27 01:01:57.854219
Removing low scoring edges...99% completed @ 2022-06-27 01:01:58.252673
Finalizing extended graph
15011
[mcl] new tab created
[mcl] pid 525579
 ite -------------------  chaos  time hom(avg,lo,hi) expa expb expc fmv
  1  ...................  46.52  0.02 1.11/0.02/6.60 4.97 4.78 4.78  54
  2  ...................  46.72  0.08 0.55/0.08/1.32 7.15 0.68 3.23  90
  3  ...................  16.70  0.03 0.76/0.10/1.83 5.33 0.28 0.91  84
  4  ...................   3.30  0.01 0.91/0.37/1.74 2.07 0.22 0.20  38
  5  ...................   1.94  0.00 0.97/0.38/1.54 1.19 0.46 0.09   4
  6  ...................   1.37  0.00 0.97/0.53/1.33 1.01 0.80 0.07   0
  7  ...................   0.54  0.00 0.99/0.64/1.17 1.01 0.89 0.07   0
  8  ...................   1.14  0.00 1.00/0.49/1.17 1.00 0.88 0.06   0
  9  ...................   0.92  0.00 0.99/0.70/1.16 1.00 0.94 0.05   0
 10  ...................   0.52  0.00 0.99/0.59/1.00 1.00 0.98 0.05   0
 11  ...................   0.17  0.00 1.00/0.90/1.00 1.00 0.98 0.05   0
 12  ...................   0.25  0.00 1.00/0.78/1.00 1.00 0.99 0.05   0
 13  ...................   0.12  0.00 1.00/0.88/1.00 1.00 0.98 0.05   0
 14  ...................   0.00  0.00 1.00/1.00/1.00 1.00 1.00 0.05   0
 15  ...................   0.00  0.00 1.00/1.00/1.00 1.00 1.00 0.05   0
[mcl] cut <7> instances of overlap
[mcl] jury pruning marks: <99,99,99>, out of 100
[mcl] jury pruning synopsis: <99.0 or perfect> (cf -scheme, -do log)
[mcl] output is in /home/wangph1/plant/data/mcl/bgSC-bgDM-k4-n6001-no1.txt
[mcl] 169 clusters found
[mcl] output is in /home/wangph1/plant/data/mcl/bgSC-bgDM-k4-n6001-no1.txt

Please cite:
    Stijn van Dongen, Graph Clustering by Flow Simulation.  PhD thesis,
    University of Utrecht, May 2000.
       (  http://www.library.uu.nl/digiarchief/dip/diss/1895620/full.pdf
       or  http://micans.org/mcl/lit/svdthesis.pdf.gz)
OR
    Stijn van Dongen, A cluster algorithm for graphs. Technical
    Report INS-R0010, National Research Institute for Mathematics
    and Computer Science in the Netherlands, Amsterdam, May 2000.
       (  http://www.cwi.nl/ftp/CWIreports/INS/INS-R0010.ps.Z
       or  http://micans.org/mcl/lit/INS-R0010.ps.Z)

/home/wangph1/plant/scripts
using old nif file for bgSC
using old nif file for bgDM
using old odv file for bgSC
using old odv file for bgDM
using old odv ort file for bgSC-bgDM
/home/wangph1/plant/data/mcl/bgSC-bgDM-k4-n6001-no1.txt
/home/wangph1/plant/networks/mcl/bgSC_marked.nif
/home/wangph1/plant/networks/mcl/bgDM_marked.nif
/home/wangph1/plant/data/mcl/fake_ort/bgSC-bgDM-k4-n6001-no1.ort
/home/wangph1/plant/data/mcl/bgSC-bgDM-k4-n6001-no1.txt
0 / 1487
JOBSFINISHED
