Namespace(ag_file=['/home/wangph1/plant/data/mcl/bgMM-bgHS-k4-n10221-no1.ag'], ort_file=['/home/wangph1/plant/data/mcl/fake_ort/bgMM-bgHS-k4-n10221-no1.ort'], ppi1_file=['/home/wangph1/plant/networks/mcl/bgMM_marked.nif'], ppi2_file=['/home/wangph1/plant/networks/mcl/bgHS_marked.nif'])
Loading input data
/home/wangph1/plant/networks/mcl/bgMM_marked.nif
/home/wangph1/plant/networks/mcl/bgHS_marked.nif
/home/wangph1/plant/data/mcl/fake_ort/bgMM-bgHS-k4-n10221-no1.ort
Building the union graph
Building rev maps
Building maps
Processing net 0 - simple nodes
Processing net 1 - simple nodes
Processing composite nodes
Building igraph.Graph
Entering build_union_graph_edges
Building graph1 edges...3% completed @ 2022-06-26 23:58:25.101681
Building graph1 edges...6% completed @ 2022-06-26 23:58:45.599934
Building graph1 edges...9% completed @ 2022-06-26 23:59:06.125358
Building graph1 edges...12% completed @ 2022-06-26 23:59:26.622605
Building graph1 edges...15% completed @ 2022-06-26 23:59:47.105135
Building graph1 edges...18% completed @ 2022-06-27 00:00:07.597409
Building graph1 edges...21% completed @ 2022-06-27 00:00:28.100968
Building graph1 edges...24% completed @ 2022-06-27 00:00:48.567972
Building graph1 edges...27% completed @ 2022-06-27 00:01:09.050471
Building graph1 edges...30% completed @ 2022-06-27 00:01:29.528556
Building graph1 edges...33% completed @ 2022-06-27 00:01:50.042799
Building graph1 edges...36% completed @ 2022-06-27 00:02:10.511541
Building graph1 edges...39% completed @ 2022-06-27 00:02:30.972074
Building graph1 edges...42% completed @ 2022-06-27 00:02:51.536255
Building graph1 edges...45% completed @ 2022-06-27 00:03:12.073671
Building graph1 edges...48% completed @ 2022-06-27 00:03:32.544042
Building graph1 edges...51% completed @ 2022-06-27 00:03:53.037493
Building graph1 edges...54% completed @ 2022-06-27 00:04:13.508410
Building graph1 edges...57% completed @ 2022-06-27 00:04:34.027841
Building graph1 edges...60% completed @ 2022-06-27 00:04:54.489523
Building graph1 edges...63% completed @ 2022-06-27 00:05:14.958321
Building graph1 edges...66% completed @ 2022-06-27 00:05:35.464494
Building graph1 edges...69% completed @ 2022-06-27 00:05:55.942606
Building graph1 edges...72% completed @ 2022-06-27 00:06:16.421686
Building graph1 edges...75% completed @ 2022-06-27 00:06:36.912949
Building graph1 edges...78% completed @ 2022-06-27 00:06:57.392201
Building graph1 edges...81% completed @ 2022-06-27 00:07:17.856963
Building graph1 edges...84% completed @ 2022-06-27 00:07:38.371937
Building graph1 edges...87% completed @ 2022-06-27 00:07:58.815320
Building graph1 edges...90% completed @ 2022-06-27 00:08:19.320064
Building graph1 edges...93% completed @ 2022-06-27 00:08:39.780000
Building graph1 edges...96% completed @ 2022-06-27 00:09:00.244868
Building graph1 edges...99% completed @ 2022-06-27 00:09:20.752816
Merging conserved edges
Pruning the union graph
Building the extended union graph
Extending the union graph...10% completed @ 2022-06-27 00:09:31.839946
Extending the union graph...20% completed @ 2022-06-27 00:09:31.857495
Extending the union graph...30% completed @ 2022-06-27 00:09:31.875100
Extending the union graph...40% completed @ 2022-06-27 00:09:31.892508
Extending the union graph...50% completed @ 2022-06-27 00:09:31.909847
Extending the union graph...60% completed @ 2022-06-27 00:09:31.927279
Extending the union graph...70% completed @ 2022-06-27 00:09:31.944691
Extending the union graph...80% completed @ 2022-06-27 00:09:31.962285
Extending the union graph...90% completed @ 2022-06-27 00:09:31.979852
Edge Jaccard on extended union graph dist 1
Building the extended union graph
Extending the union graph...3% completed @ 2022-06-27 00:09:32.342929
Extending the union graph...6% completed @ 2022-06-27 00:09:32.344384
Extending the union graph...9% completed @ 2022-06-27 00:09:32.345803
Extending the union graph...12% completed @ 2022-06-27 00:09:32.347223
Extending the union graph...15% completed @ 2022-06-27 00:09:32.348664
Extending the union graph...18% completed @ 2022-06-27 00:09:32.350188
Extending the union graph...21% completed @ 2022-06-27 00:09:32.351599
Extending the union graph...24% completed @ 2022-06-27 00:09:32.353033
Extending the union graph...27% completed @ 2022-06-27 00:09:32.354465
Extending the union graph...30% completed @ 2022-06-27 00:09:32.355880
Extending the union graph...33% completed @ 2022-06-27 00:09:32.357333
Extending the union graph...36% completed @ 2022-06-27 00:09:32.358761
Extending the union graph...39% completed @ 2022-06-27 00:09:32.360183
Extending the union graph...42% completed @ 2022-06-27 00:09:32.361608
Extending the union graph...45% completed @ 2022-06-27 00:09:32.363048
Extending the union graph...48% completed @ 2022-06-27 00:09:32.364517
Extending the union graph...51% completed @ 2022-06-27 00:09:32.365965
Extending the union graph...54% completed @ 2022-06-27 00:09:32.367471
Extending the union graph...57% completed @ 2022-06-27 00:09:32.368882
Extending the union graph...60% completed @ 2022-06-27 00:09:32.370297
Extending the union graph...63% completed @ 2022-06-27 00:09:32.371707
Extending the union graph...66% completed @ 2022-06-27 00:09:32.373147
Extending the union graph...69% completed @ 2022-06-27 00:09:32.374573
Extending the union graph...72% completed @ 2022-06-27 00:09:32.375992
Extending the union graph...75% completed @ 2022-06-27 00:09:32.377441
Extending the union graph...78% completed @ 2022-06-27 00:09:32.378968
Extending the union graph...81% completed @ 2022-06-27 00:09:32.380375
Extending the union graph...84% completed @ 2022-06-27 00:09:32.381792
Extending the union graph...87% completed @ 2022-06-27 00:09:32.383215
Extending the union graph...90% completed @ 2022-06-27 00:09:32.384633
Extending the union graph...93% completed @ 2022-06-27 00:09:32.386055
Extending the union graph...96% completed @ 2022-06-27 00:09:32.387542
Extending the union graph...99% completed @ 2022-06-27 00:09:32.388953
Evaluating vertex sums
Extending the union graph...3% completed @ 2022-06-27 00:09:32.938775
Extending the union graph...6% completed @ 2022-06-27 00:09:33.501694
Extending the union graph...9% completed @ 2022-06-27 00:09:34.049127
Extending the union graph...12% completed @ 2022-06-27 00:09:34.590794
Extending the union graph...15% completed @ 2022-06-27 00:09:35.131271
Extending the union graph...18% completed @ 2022-06-27 00:09:35.668680
Extending the union graph...21% completed @ 2022-06-27 00:09:36.207258
Extending the union graph...24% completed @ 2022-06-27 00:09:36.744377
Extending the union graph...27% completed @ 2022-06-27 00:09:37.281140
Extending the union graph...30% completed @ 2022-06-27 00:09:37.828589
Extending the union graph...33% completed @ 2022-06-27 00:09:38.365957
Extending the union graph...36% completed @ 2022-06-27 00:09:38.898730
Extending the union graph...39% completed @ 2022-06-27 00:09:39.430338
Extending the union graph...42% completed @ 2022-06-27 00:09:39.959053
Extending the union graph...45% completed @ 2022-06-27 00:09:40.488489
Extending the union graph...48% completed @ 2022-06-27 00:09:41.016226
Extending the union graph...51% completed @ 2022-06-27 00:09:41.541428
Extending the union graph...54% completed @ 2022-06-27 00:09:42.066355
Extending the union graph...57% completed @ 2022-06-27 00:09:42.586998
Extending the union graph...60% completed @ 2022-06-27 00:09:43.106952
Extending the union graph...63% completed @ 2022-06-27 00:09:43.624140
Extending the union graph...66% completed @ 2022-06-27 00:09:44.137451
Extending the union graph...69% completed @ 2022-06-27 00:09:44.650261
Extending the union graph...72% completed @ 2022-06-27 00:09:45.165820
Extending the union graph...75% completed @ 2022-06-27 00:09:45.684115
Extending the union graph...78% completed @ 2022-06-27 00:09:46.189034
Extending the union graph...81% completed @ 2022-06-27 00:09:46.691071
Extending the union graph...84% completed @ 2022-06-27 00:09:47.189837
Extending the union graph...87% completed @ 2022-06-27 00:09:47.687313
Extending the union graph...90% completed @ 2022-06-27 00:09:48.193741
Extending the union graph...93% completed @ 2022-06-27 00:09:48.701797
Extending the union graph...96% completed @ 2022-06-27 00:09:49.194682
Extending the union graph...99% completed @ 2022-06-27 00:09:49.679961
Calculating Jaccard scores sums
Calculating Jaccard scores sums...3% completed @ 2022-06-27 00:09:49.845116
Calculating Jaccard scores sums...6% completed @ 2022-06-27 00:09:49.856623
Calculating Jaccard scores sums...9% completed @ 2022-06-27 00:09:49.875841
Calculating Jaccard scores sums...12% completed @ 2022-06-27 00:09:49.902930
Calculating Jaccard scores sums...15% completed @ 2022-06-27 00:09:49.937926
Calculating Jaccard scores sums...18% completed @ 2022-06-27 00:09:49.980716
Calculating Jaccard scores sums...21% completed @ 2022-06-27 00:09:50.031762
Calculating Jaccard scores sums...24% completed @ 2022-06-27 00:09:50.091223
Calculating Jaccard scores sums...27% completed @ 2022-06-27 00:09:50.158977
Calculating Jaccard scores sums...30% completed @ 2022-06-27 00:09:50.235571
Calculating Jaccard scores sums...33% completed @ 2022-06-27 00:09:50.320278
Calculating Jaccard scores sums...36% completed @ 2022-06-27 00:09:50.413716
Calculating Jaccard scores sums...39% completed @ 2022-06-27 00:09:50.515056
Calculating Jaccard scores sums...42% completed @ 2022-06-27 00:09:50.623919
Calculating Jaccard scores sums...45% completed @ 2022-06-27 00:09:50.740977
Calculating Jaccard scores sums...48% completed @ 2022-06-27 00:09:50.866235
Calculating Jaccard scores sums...51% completed @ 2022-06-27 00:09:50.999205
Calculating Jaccard scores sums...54% completed @ 2022-06-27 00:09:51.140367
Calculating Jaccard scores sums...57% completed @ 2022-06-27 00:09:51.289319
Calculating Jaccard scores sums...60% completed @ 2022-06-27 00:09:51.446587
Calculating Jaccard scores sums...63% completed @ 2022-06-27 00:09:51.611933
Calculating Jaccard scores sums...66% completed @ 2022-06-27 00:09:51.786752
Calculating Jaccard scores sums...69% completed @ 2022-06-27 00:09:51.968192
Calculating Jaccard scores sums...72% completed @ 2022-06-27 00:09:52.157834
Calculating Jaccard scores sums...75% completed @ 2022-06-27 00:09:52.354682
Calculating Jaccard scores sums...78% completed @ 2022-06-27 00:09:52.560270
Calculating Jaccard scores sums...81% completed @ 2022-06-27 00:09:52.779941
Calculating Jaccard scores sums...84% completed @ 2022-06-27 00:09:53.008471
Calculating Jaccard scores sums...87% completed @ 2022-06-27 00:09:53.239831
Calculating Jaccard scores sums...90% completed @ 2022-06-27 00:09:53.478061
Calculating Jaccard scores sums...93% completed @ 2022-06-27 00:09:53.724438
Calculating Jaccard scores sums...96% completed @ 2022-06-27 00:09:53.979031
Calculating Jaccard scores sums...99% completed @ 2022-06-27 00:09:54.240499
Injecting direct edges contribution
Obtaining max scores per vertex
Obtaining max scores per vertex...3% completed @ 2022-06-27 00:09:55.239392
Obtaining max scores per vertex...6% completed @ 2022-06-27 00:09:56.144238
Obtaining max scores per vertex...9% completed @ 2022-06-27 00:09:57.044375
Obtaining max scores per vertex...12% completed @ 2022-06-27 00:09:57.944885
Obtaining max scores per vertex...15% completed @ 2022-06-27 00:09:58.844226
Obtaining max scores per vertex...18% completed @ 2022-06-27 00:09:59.741478
Obtaining max scores per vertex...21% completed @ 2022-06-27 00:10:00.659203
Obtaining max scores per vertex...24% completed @ 2022-06-27 00:10:01.554131
Obtaining max scores per vertex...27% completed @ 2022-06-27 00:10:02.445044
Obtaining max scores per vertex...30% completed @ 2022-06-27 00:10:03.357816
Obtaining max scores per vertex...33% completed @ 2022-06-27 00:10:04.251551
Obtaining max scores per vertex...36% completed @ 2022-06-27 00:10:05.138188
Obtaining max scores per vertex...39% completed @ 2022-06-27 00:10:06.023004
Obtaining max scores per vertex...42% completed @ 2022-06-27 00:10:06.900378
Obtaining max scores per vertex...45% completed @ 2022-06-27 00:10:07.784727
Obtaining max scores per vertex...48% completed @ 2022-06-27 00:10:08.668894
Obtaining max scores per vertex...51% completed @ 2022-06-27 00:10:09.537840
Obtaining max scores per vertex...54% completed @ 2022-06-27 00:10:10.405197
Obtaining max scores per vertex...57% completed @ 2022-06-27 00:10:11.265212
Obtaining max scores per vertex...60% completed @ 2022-06-27 00:10:12.125893
Obtaining max scores per vertex...63% completed @ 2022-06-27 00:10:12.984122
Obtaining max scores per vertex...66% completed @ 2022-06-27 00:10:13.837018
Obtaining max scores per vertex...69% completed @ 2022-06-27 00:10:14.690526
Obtaining max scores per vertex...72% completed @ 2022-06-27 00:10:15.559462
Obtaining max scores per vertex...75% completed @ 2022-06-27 00:10:16.408653
Obtaining max scores per vertex...78% completed @ 2022-06-27 00:10:17.253468
Obtaining max scores per vertex...81% completed @ 2022-06-27 00:10:18.108995
Obtaining max scores per vertex...84% completed @ 2022-06-27 00:10:18.965279
Obtaining max scores per vertex...87% completed @ 2022-06-27 00:10:19.802072
Obtaining max scores per vertex...90% completed @ 2022-06-27 00:10:20.633141
Obtaining max scores per vertex...93% completed @ 2022-06-27 00:10:21.464808
Obtaining max scores per vertex...96% completed @ 2022-06-27 00:10:22.295015
Obtaining max scores per vertex...99% completed @ 2022-06-27 00:10:23.135714
Removing low scoring edges
Removing low scoring edges...3% completed @ 2022-06-27 00:10:23.430903
Removing low scoring edges...6% completed @ 2022-06-27 00:10:23.479334
Removing low scoring edges...9% completed @ 2022-06-27 00:10:23.560036
Removing low scoring edges...12% completed @ 2022-06-27 00:10:23.674782
Removing low scoring edges...15% completed @ 2022-06-27 00:10:23.823040
Removing low scoring edges...18% completed @ 2022-06-27 00:10:24.003822
Removing low scoring edges...21% completed @ 2022-06-27 00:10:24.219119
Removing low scoring edges...24% completed @ 2022-06-27 00:10:24.468331
Removing low scoring edges...27% completed @ 2022-06-27 00:10:24.749416
Removing low scoring edges...30% completed @ 2022-06-27 00:10:25.067533
Removing low scoring edges...33% completed @ 2022-06-27 00:10:25.418838
Removing low scoring edges...36% completed @ 2022-06-27 00:10:25.805583
Removing low scoring edges...39% completed @ 2022-06-27 00:10:26.225562
Removing low scoring edges...42% completed @ 2022-06-27 00:10:26.676825
Removing low scoring edges...45% completed @ 2022-06-27 00:10:27.163832
Removing low scoring edges...48% completed @ 2022-06-27 00:10:27.685581
Removing low scoring edges...51% completed @ 2022-06-27 00:10:28.239175
Removing low scoring edges...54% completed @ 2022-06-27 00:10:28.828126
Removing low scoring edges...57% completed @ 2022-06-27 00:10:29.451251
Removing low scoring edges...60% completed @ 2022-06-27 00:10:30.108637
Removing low scoring edges...63% completed @ 2022-06-27 00:10:30.811906
Removing low scoring edges...66% completed @ 2022-06-27 00:10:31.532482
Removing low scoring edges...69% completed @ 2022-06-27 00:10:32.288701
Removing low scoring edges...72% completed @ 2022-06-27 00:10:33.089808
Removing low scoring edges...75% completed @ 2022-06-27 00:10:33.927645
Removing low scoring edges...78% completed @ 2022-06-27 00:10:34.783514
Removing low scoring edges...81% completed @ 2022-06-27 00:10:35.673418
Removing low scoring edges...84% completed @ 2022-06-27 00:10:36.596484
Removing low scoring edges...87% completed @ 2022-06-27 00:10:37.554212
Removing low scoring edges...90% completed @ 2022-06-27 00:10:38.551028
Removing low scoring edges...93% completed @ 2022-06-27 00:10:39.573733
Removing low scoring edges...96% completed @ 2022-06-27 00:10:40.627597
Removing low scoring edges...99% completed @ 2022-06-27 00:10:41.713837
Finalizing extended graph
0
[mclxIOstreamIn] no assignments yield void/empty matrix
[mcl] new tab created
___ [mclAlgorithmStart] attempting to cluster the void
[mcl] pid 53143
 ite   chaos  time hom(avg,lo,hi) expa expb expc fmv
  1  ./alignMCL.sh: line 11: 53143 Segmentation fault      (core dumped) ./mcl/bin/mcl ${OUT_FILE}.ag -o ${OUT_FILE}.txt -I 2.8 --abc
/home/wangph1/plant/scripts
using old nif file for bgMM
using old nif file for bgHS
using old odv file for bgMM
using old odv file for bgHS
using old odv ort file for bgMM-bgHS
/home/wangph1/plant/data/mcl/bgMM-bgHS-k4-n10221-no1.txt
/home/wangph1/plant/networks/mcl/bgMM_marked.nif
/home/wangph1/plant/networks/mcl/bgHS_marked.nif
/home/wangph1/plant/data/mcl/fake_ort/bgMM-bgHS-k4-n10221-no1.ort
/home/wangph1/plant/data/mcl/bgMM-bgHS-k4-n10221-no1.txt
Traceback (most recent call last):
  File "/home/wangph1/plant/scripts/mcl_helpers.py", line 132, in <module>
    full_local_run_mcl(gtag1, gtag2, notes=notes)
  File "/home/wangph1/plant/scripts/mcl_helpers.py", line 117, in full_local_run_mcl
    process_mcl(gtag1, gtag2, notes=notes)
  File "/home/wangph1/plant/scripts/mcl_helpers.py", line 105, in process_mcl
    num_ort, num_pairs = evaluate_alignment(gtag1, gtag2, notes=notes)
  File "/home/wangph1/plant/scripts/mcl_helpers.py", line 88, in evaluate_alignment
    m2m_pairs = read_in_slashes_m2m(out_path)
  File "/home/wangph1/plant/scripts/file_helpers.py", line 47, in read_in_slashes_m2m
    with open(m2m_path, 'r') as f:
FileNotFoundError: [Errno 2] No such file or directory: '/home/wangph1/plant/data/mcl/bgMM-bgHS-k4-n10221-no1.txt'
JOBSFINISHED
