Namespace(ag_file=['/home/wangph1/plant/data/mcl/bgCE-bgDM-k4-n7934-no1.ag'], ort_file=['/home/wangph1/plant/data/mcl/fake_ort/bgCE-bgDM-k4-n7934-no1.ort'], ppi1_file=['/home/wangph1/plant/networks/mcl/bgCE_marked.nif'], ppi2_file=['/home/wangph1/plant/networks/mcl/bgDM_marked.nif'])
Loading input data
/home/wangph1/plant/networks/mcl/bgCE_marked.nif
/home/wangph1/plant/networks/mcl/bgDM_marked.nif
/home/wangph1/plant/data/mcl/fake_ort/bgCE-bgDM-k4-n7934-no1.ort
Building the union graph
Building rev maps
Building maps
Processing net 0 - simple nodes
Processing net 1 - simple nodes
Processing composite nodes
Building igraph.Graph
Entering build_union_graph_edges
Building graph1 edges...3% completed @ 2022-06-26 23:58:01.030083
Building graph1 edges...6% completed @ 2022-06-26 23:58:07.908464
Building graph1 edges...9% completed @ 2022-06-26 23:58:14.811585
Building graph1 edges...12% completed @ 2022-06-26 23:58:21.693954
Building graph1 edges...15% completed @ 2022-06-26 23:58:28.588021
Building graph1 edges...18% completed @ 2022-06-26 23:58:35.468847
Building graph1 edges...21% completed @ 2022-06-26 23:58:42.359676
Building graph1 edges...24% completed @ 2022-06-26 23:58:49.247503
Building graph1 edges...27% completed @ 2022-06-26 23:58:56.125300
Building graph1 edges...30% completed @ 2022-06-26 23:59:03.028363
Building graph1 edges...33% completed @ 2022-06-26 23:59:09.914414
Building graph1 edges...36% completed @ 2022-06-26 23:59:16.854236
Building graph1 edges...39% completed @ 2022-06-26 23:59:23.870929
Building graph1 edges...42% completed @ 2022-06-26 23:59:30.772147
Building graph1 edges...45% completed @ 2022-06-26 23:59:37.649699
Building graph1 edges...48% completed @ 2022-06-26 23:59:44.537422
Building graph1 edges...51% completed @ 2022-06-26 23:59:51.410827
Building graph1 edges...54% completed @ 2022-06-26 23:59:58.304122
Building graph1 edges...57% completed @ 2022-06-27 00:00:05.211881
Building graph1 edges...60% completed @ 2022-06-27 00:00:12.111858
Building graph1 edges...63% completed @ 2022-06-27 00:00:18.997955
Building graph1 edges...66% completed @ 2022-06-27 00:00:25.885867
Building graph1 edges...69% completed @ 2022-06-27 00:00:32.770479
Building graph1 edges...72% completed @ 2022-06-27 00:00:39.646749
Building graph1 edges...75% completed @ 2022-06-27 00:00:46.539607
Building graph1 edges...78% completed @ 2022-06-27 00:00:53.418239
Building graph1 edges...81% completed @ 2022-06-27 00:01:00.313908
Building graph1 edges...84% completed @ 2022-06-27 00:01:07.183027
Building graph1 edges...87% completed @ 2022-06-27 00:01:14.078197
Building graph1 edges...90% completed @ 2022-06-27 00:01:20.949404
Building graph1 edges...93% completed @ 2022-06-27 00:01:27.862229
Building graph1 edges...96% completed @ 2022-06-27 00:01:34.740765
Building graph1 edges...99% completed @ 2022-06-27 00:01:41.776595
Merging conserved edges
Pruning the union graph
Building the extended union graph
Extending the union graph...10% completed @ 2022-06-27 00:01:44.533792
Extending the union graph...20% completed @ 2022-06-27 00:01:44.545022
Extending the union graph...30% completed @ 2022-06-27 00:01:44.556220
Extending the union graph...40% completed @ 2022-06-27 00:01:44.570798
Extending the union graph...50% completed @ 2022-06-27 00:01:44.585325
Extending the union graph...60% completed @ 2022-06-27 00:01:44.599519
Extending the union graph...70% completed @ 2022-06-27 00:01:44.617719
Extending the union graph...80% completed @ 2022-06-27 00:01:44.637355
Extending the union graph...90% completed @ 2022-06-27 00:01:44.657255
Edge Jaccard on extended union graph dist 1
Building the extended union graph
Extending the union graph...3% completed @ 2022-06-27 00:01:44.896405
Extending the union graph...6% completed @ 2022-06-27 00:01:44.899428
Extending the union graph...9% completed @ 2022-06-27 00:01:44.902280
Extending the union graph...12% completed @ 2022-06-27 00:01:44.905626
Extending the union graph...15% completed @ 2022-06-27 00:01:44.908136
Extending the union graph...18% completed @ 2022-06-27 00:01:44.912189
Extending the union graph...21% completed @ 2022-06-27 00:01:44.915727
Extending the union graph...24% completed @ 2022-06-27 00:01:44.919024
Extending the union graph...27% completed @ 2022-06-27 00:01:44.921773
Extending the union graph...30% completed @ 2022-06-27 00:01:44.924773
Extending the union graph...33% completed @ 2022-06-27 00:01:44.927648
Extending the union graph...36% completed @ 2022-06-27 00:01:44.930513
Extending the union graph...39% completed @ 2022-06-27 00:01:44.933299
Extending the union graph...42% completed @ 2022-06-27 00:01:44.936191
Extending the union graph...45% completed @ 2022-06-27 00:01:44.938712
Extending the union graph...48% completed @ 2022-06-27 00:01:44.942381
Extending the union graph...51% completed @ 2022-06-27 00:01:44.946074
Extending the union graph...54% completed @ 2022-06-27 00:01:44.949537
Extending the union graph...57% completed @ 2022-06-27 00:01:44.952791
Extending the union graph...60% completed @ 2022-06-27 00:01:44.955448
Extending the union graph...63% completed @ 2022-06-27 00:01:44.958432
Extending the union graph...66% completed @ 2022-06-27 00:01:44.961916
Extending the union graph...69% completed @ 2022-06-27 00:01:44.969273
Extending the union graph...72% completed @ 2022-06-27 00:01:44.971979
Extending the union graph...75% completed @ 2022-06-27 00:01:44.975197
Extending the union graph...78% completed @ 2022-06-27 00:01:44.978444
Extending the union graph...81% completed @ 2022-06-27 00:01:44.981380
Extending the union graph...84% completed @ 2022-06-27 00:01:44.984305
Extending the union graph...87% completed @ 2022-06-27 00:01:44.987380
Extending the union graph...90% completed @ 2022-06-27 00:01:44.990454
Extending the union graph...93% completed @ 2022-06-27 00:01:44.993443
Extending the union graph...96% completed @ 2022-06-27 00:01:44.996940
Extending the union graph...99% completed @ 2022-06-27 00:01:44.999273
Evaluating vertex sums
Extending the union graph...3% completed @ 2022-06-27 00:01:45.358807
Extending the union graph...6% completed @ 2022-06-27 00:01:45.716921
Extending the union graph...9% completed @ 2022-06-27 00:01:46.072332
Extending the union graph...12% completed @ 2022-06-27 00:01:46.425097
Extending the union graph...15% completed @ 2022-06-27 00:01:46.774780
Extending the union graph...18% completed @ 2022-06-27 00:01:47.124426
Extending the union graph...21% completed @ 2022-06-27 00:01:47.473623
Extending the union graph...24% completed @ 2022-06-27 00:01:47.818905
Extending the union graph...27% completed @ 2022-06-27 00:01:48.161697
Extending the union graph...30% completed @ 2022-06-27 00:01:48.502709
Extending the union graph...33% completed @ 2022-06-27 00:01:48.844182
Extending the union graph...36% completed @ 2022-06-27 00:01:49.180768
Extending the union graph...39% completed @ 2022-06-27 00:01:49.516107
Extending the union graph...42% completed @ 2022-06-27 00:01:49.850913
Extending the union graph...45% completed @ 2022-06-27 00:01:50.183373
Extending the union graph...48% completed @ 2022-06-27 00:01:50.516710
Extending the union graph...51% completed @ 2022-06-27 00:01:50.846450
Extending the union graph...54% completed @ 2022-06-27 00:01:51.177596
Extending the union graph...57% completed @ 2022-06-27 00:01:51.508728
Extending the union graph...60% completed @ 2022-06-27 00:01:51.841560
Extending the union graph...63% completed @ 2022-06-27 00:01:52.176602
Extending the union graph...66% completed @ 2022-06-27 00:01:52.506308
Extending the union graph...69% completed @ 2022-06-27 00:01:52.831807
Extending the union graph...72% completed @ 2022-06-27 00:01:53.157295
Extending the union graph...75% completed @ 2022-06-27 00:01:53.481452
Extending the union graph...78% completed @ 2022-06-27 00:01:53.805027
Extending the union graph...81% completed @ 2022-06-27 00:01:54.128338
Extending the union graph...84% completed @ 2022-06-27 00:01:54.454530
Extending the union graph...87% completed @ 2022-06-27 00:01:54.792576
Extending the union graph...90% completed @ 2022-06-27 00:01:55.117746
Extending the union graph...93% completed @ 2022-06-27 00:01:55.442357
Extending the union graph...96% completed @ 2022-06-27 00:01:55.768138
Extending the union graph...99% completed @ 2022-06-27 00:01:56.090409
Calculating Jaccard scores sums
Calculating Jaccard scores sums...3% completed @ 2022-06-27 00:01:56.203889
Calculating Jaccard scores sums...6% completed @ 2022-06-27 00:01:56.220993
Calculating Jaccard scores sums...9% completed @ 2022-06-27 00:01:56.247205
Calculating Jaccard scores sums...12% completed @ 2022-06-27 00:01:56.284508
Calculating Jaccard scores sums...15% completed @ 2022-06-27 00:01:56.332583
Calculating Jaccard scores sums...18% completed @ 2022-06-27 00:01:56.392873
Calculating Jaccard scores sums...21% completed @ 2022-06-27 00:01:56.478543
Calculating Jaccard scores sums...24% completed @ 2022-06-27 00:01:56.566671
Calculating Jaccard scores sums...27% completed @ 2022-06-27 00:01:56.663482
Calculating Jaccard scores sums...30% completed @ 2022-06-27 00:01:56.773053
Calculating Jaccard scores sums...33% completed @ 2022-06-27 00:01:56.902309
Calculating Jaccard scores sums...36% completed @ 2022-06-27 00:01:57.027954
Calculating Jaccard scores sums...39% completed @ 2022-06-27 00:01:57.171912
Calculating Jaccard scores sums...42% completed @ 2022-06-27 00:01:57.332790
Calculating Jaccard scores sums...45% completed @ 2022-06-27 00:01:57.492082
Calculating Jaccard scores sums...48% completed @ 2022-06-27 00:01:57.680997
Calculating Jaccard scores sums...51% completed @ 2022-06-27 00:01:57.872578
Calculating Jaccard scores sums...54% completed @ 2022-06-27 00:01:58.084037
Calculating Jaccard scores sums...57% completed @ 2022-06-27 00:01:58.296588
Calculating Jaccard scores sums...60% completed @ 2022-06-27 00:01:58.525789
Calculating Jaccard scores sums...63% completed @ 2022-06-27 00:01:58.792043
Calculating Jaccard scores sums...66% completed @ 2022-06-27 00:01:59.066590
Calculating Jaccard scores sums...69% completed @ 2022-06-27 00:01:59.349188
Calculating Jaccard scores sums...72% completed @ 2022-06-27 00:01:59.607300
Calculating Jaccard scores sums...75% completed @ 2022-06-27 00:01:59.937119
Calculating Jaccard scores sums...78% completed @ 2022-06-27 00:02:00.255503
Calculating Jaccard scores sums...81% completed @ 2022-06-27 00:02:00.572200
Calculating Jaccard scores sums...84% completed @ 2022-06-27 00:02:00.905170
Calculating Jaccard scores sums...87% completed @ 2022-06-27 00:02:01.248287
Calculating Jaccard scores sums...90% completed @ 2022-06-27 00:02:01.591549
Calculating Jaccard scores sums...93% completed @ 2022-06-27 00:02:01.952036
Calculating Jaccard scores sums...96% completed @ 2022-06-27 00:02:02.354530
Calculating Jaccard scores sums...99% completed @ 2022-06-27 00:02:02.721957
Injecting direct edges contribution
Obtaining max scores per vertex
Obtaining max scores per vertex...3% completed @ 2022-06-27 00:02:03.847467
Obtaining max scores per vertex...6% completed @ 2022-06-27 00:02:04.406846
Obtaining max scores per vertex...9% completed @ 2022-06-27 00:02:04.961014
Obtaining max scores per vertex...12% completed @ 2022-06-27 00:02:05.515173
Obtaining max scores per vertex...15% completed @ 2022-06-27 00:02:06.065226
Obtaining max scores per vertex...18% completed @ 2022-06-27 00:02:06.616602
Obtaining max scores per vertex...21% completed @ 2022-06-27 00:02:07.173287
Obtaining max scores per vertex...24% completed @ 2022-06-27 00:02:07.723559
Obtaining max scores per vertex...27% completed @ 2022-06-27 00:02:08.269947
Obtaining max scores per vertex...30% completed @ 2022-06-27 00:02:08.815365
Obtaining max scores per vertex...33% completed @ 2022-06-27 00:02:09.361370
Obtaining max scores per vertex...36% completed @ 2022-06-27 00:02:09.914590
Obtaining max scores per vertex...39% completed @ 2022-06-27 00:02:10.459671
Obtaining max scores per vertex...42% completed @ 2022-06-27 00:02:11.006673
Obtaining max scores per vertex...45% completed @ 2022-06-27 00:02:11.556642
Obtaining max scores per vertex...48% completed @ 2022-06-27 00:02:12.108421
Obtaining max scores per vertex...51% completed @ 2022-06-27 00:02:12.654201
Obtaining max scores per vertex...54% completed @ 2022-06-27 00:02:13.195687
Obtaining max scores per vertex...57% completed @ 2022-06-27 00:02:13.735868
Obtaining max scores per vertex...60% completed @ 2022-06-27 00:02:14.281490
Obtaining max scores per vertex...63% completed @ 2022-06-27 00:02:14.821283
Obtaining max scores per vertex...66% completed @ 2022-06-27 00:02:15.353907
Obtaining max scores per vertex...69% completed @ 2022-06-27 00:02:15.883559
Obtaining max scores per vertex...72% completed @ 2022-06-27 00:02:16.407697
Obtaining max scores per vertex...75% completed @ 2022-06-27 00:02:16.936727
Obtaining max scores per vertex...78% completed @ 2022-06-27 00:02:17.461681
Obtaining max scores per vertex...81% completed @ 2022-06-27 00:02:17.981519
Obtaining max scores per vertex...84% completed @ 2022-06-27 00:02:18.498727
Obtaining max scores per vertex...87% completed @ 2022-06-27 00:02:19.013630
Obtaining max scores per vertex...90% completed @ 2022-06-27 00:02:19.525924
Obtaining max scores per vertex...93% completed @ 2022-06-27 00:02:20.038234
Obtaining max scores per vertex...96% completed @ 2022-06-27 00:02:20.550728
Obtaining max scores per vertex...99% completed @ 2022-06-27 00:02:21.060293
Removing low scoring edges
Removing low scoring edges...3% completed @ 2022-06-27 00:02:21.240579
Removing low scoring edges...6% completed @ 2022-06-27 00:02:21.272272
Removing low scoring edges...9% completed @ 2022-06-27 00:02:21.324510
Removing low scoring edges...12% completed @ 2022-06-27 00:02:21.397604
Removing low scoring edges...15% completed @ 2022-06-27 00:02:21.491550
Removing low scoring edges...18% completed @ 2022-06-27 00:02:21.607414
Removing low scoring edges...21% completed @ 2022-06-27 00:02:21.746922
Removing low scoring edges...24% completed @ 2022-06-27 00:02:21.908278
Removing low scoring edges...27% completed @ 2022-06-27 00:02:22.090059
Removing low scoring edges...30% completed @ 2022-06-27 00:02:22.293292
Removing low scoring edges...33% completed @ 2022-06-27 00:02:22.519652
Removing low scoring edges...36% completed @ 2022-06-27 00:02:22.766105
Removing low scoring edges...39% completed @ 2022-06-27 00:02:23.033091
Removing low scoring edges...42% completed @ 2022-06-27 00:02:23.323052
Removing low scoring edges...45% completed @ 2022-06-27 00:02:23.629444
Removing low scoring edges...48% completed @ 2022-06-27 00:02:23.960530
Removing low scoring edges...51% completed @ 2022-06-27 00:02:24.313767
Removing low scoring edges...54% completed @ 2022-06-27 00:02:24.693592
Removing low scoring edges...57% completed @ 2022-06-27 00:02:25.090821
Removing low scoring edges...60% completed @ 2022-06-27 00:02:25.504778
Removing low scoring edges...63% completed @ 2022-06-27 00:02:25.946823
Removing low scoring edges...66% completed @ 2022-06-27 00:02:26.411175
Removing low scoring edges...69% completed @ 2022-06-27 00:02:26.894769
Removing low scoring edges...72% completed @ 2022-06-27 00:02:27.393661
Removing low scoring edges...75% completed @ 2022-06-27 00:02:27.923949
Removing low scoring edges...78% completed @ 2022-06-27 00:02:28.476414
Removing low scoring edges...81% completed @ 2022-06-27 00:02:29.046050
Removing low scoring edges...84% completed @ 2022-06-27 00:02:29.637561
Removing low scoring edges...87% completed @ 2022-06-27 00:02:30.246436
Removing low scoring edges...90% completed @ 2022-06-27 00:02:30.876630
Removing low scoring edges...93% completed @ 2022-06-27 00:02:31.529212
Removing low scoring edges...96% completed @ 2022-06-27 00:02:32.207288
Removing low scoring edges...99% completed @ 2022-06-27 00:02:32.896807
Finalizing extended graph
5783
[mcl] new tab created
[mcl] pid 523897
 ite -------------------  chaos  time hom(avg,lo,hi) expa expb expc fmv
  1  ...................   6.91  0.01 1.30/0.08/3.59 2.21 2.21 2.21   7
  2  ...................   8.60  0.01 0.76/0.21/1.33 1.61 1.13 2.50  54
  3  ...................   8.99  0.01 0.80/0.11/1.26 1.57 0.53 1.32  59
  4  ...................   2.37  0.00 0.90/0.28/2.12 1.29 0.57 0.75  17
  5  ...................   2.37  0.00 0.97/0.23/1.60 1.04 0.61 0.46   3
  6  ...................   0.68  0.00 0.99/0.56/1.39 1.01 0.84 0.39   1
  7  ...................   0.31  0.00 1.00/0.55/1.00 1.00 0.94 0.36   1
  8  ...................   0.25  0.00 1.00/0.77/1.00 1.00 0.97 0.35   1
  9  ...................   0.24  0.00 1.00/0.79/1.00 1.00 1.00 0.35   1
 10  ...................   0.16  0.00 1.00/0.84/1.00 1.00 1.00 0.35   1
 11  ...................   0.00  0.00 1.00/1.00/1.00 1.00 1.00 0.35   1
 12  ...................   0.00  0.00 1.00/1.00/1.00 1.00 1.00 0.35   1
[mcl] cut <12> instances of overlap
[mcl] jury pruning marks: <100,99,99>, out of 100
[mcl] jury pruning synopsis: <99.6 or perfect> (cf -scheme, -do log)
[mcl] output is in /home/wangph1/plant/data/mcl/bgCE-bgDM-k4-n7934-no1.txt
[mcl] 299 clusters found
[mcl] output is in /home/wangph1/plant/data/mcl/bgCE-bgDM-k4-n7934-no1.txt

Please cite:
    Stijn van Dongen, Graph Clustering by Flow Simulation.  PhD thesis,
    University of Utrecht, May 2000.
       (  http://www.library.uu.nl/digiarchief/dip/diss/1895620/full.pdf
       or  http://micans.org/mcl/lit/svdthesis.pdf.gz)
OR
    Stijn van Dongen, A cluster algorithm for graphs. Technical
    Report INS-R0010, National Research Institute for Mathematics
    and Computer Science in the Netherlands, Amsterdam, May 2000.
       (  http://www.cwi.nl/ftp/CWIreports/INS/INS-R0010.ps.Z
       or  http://micans.org/mcl/lit/INS-R0010.ps.Z)

/home/wangph1/plant/scripts
using old nif file for bgCE
using old nif file for bgDM
using old odv file for bgCE
using old odv file for bgDM
using old odv ort file for bgCE-bgDM
/home/wangph1/plant/data/mcl/bgCE-bgDM-k4-n7934-no1.txt
/home/wangph1/plant/networks/mcl/bgCE_marked.nif
/home/wangph1/plant/networks/mcl/bgDM_marked.nif
/home/wangph1/plant/data/mcl/fake_ort/bgCE-bgDM-k4-n7934-no1.ort
/home/wangph1/plant/data/mcl/bgCE-bgDM-k4-n7934-no1.txt
0 / 1914
JOBSFINISHED
