Namespace(ag_file=['/home/wangph1/plant/data/mcl/bgSP-bgHS-k4-n3567-no1.ag'], ort_file=['/home/wangph1/plant/data/mcl/fake_ort/bgSP-bgHS-k4-n3567-no1.ort'], ppi1_file=['/home/wangph1/plant/networks/mcl/bgSP_marked.nif'], ppi2_file=['/home/wangph1/plant/networks/mcl/bgHS_marked.nif'])
Loading input data
/home/wangph1/plant/networks/mcl/bgSP_marked.nif
/home/wangph1/plant/networks/mcl/bgHS_marked.nif
/home/wangph1/plant/data/mcl/fake_ort/bgSP-bgHS-k4-n3567-no1.ort
Building the union graph
Building rev maps
Building maps
Processing net 0 - simple nodes
Processing net 1 - simple nodes
Processing composite nodes
Building igraph.Graph
Entering build_union_graph_edges
Building graph1 edges...3% completed @ 2022-06-26 23:58:04.696450
Building graph1 edges...6% completed @ 2022-06-26 23:58:05.772605
Building graph1 edges...9% completed @ 2022-06-26 23:58:06.791296
Building graph1 edges...12% completed @ 2022-06-26 23:58:07.813990
Building graph1 edges...15% completed @ 2022-06-26 23:58:08.832673
Building graph1 edges...18% completed @ 2022-06-26 23:58:09.854238
Building graph1 edges...21% completed @ 2022-06-26 23:58:10.879514
Building graph1 edges...24% completed @ 2022-06-26 23:58:11.898365
Building graph1 edges...27% completed @ 2022-06-26 23:58:12.922782
Building graph1 edges...30% completed @ 2022-06-26 23:58:13.944915
Building graph1 edges...33% completed @ 2022-06-26 23:58:14.970295
Building graph1 edges...36% completed @ 2022-06-26 23:58:15.997490
Building graph1 edges...39% completed @ 2022-06-26 23:58:17.027301
Building graph1 edges...42% completed @ 2022-06-26 23:58:18.062066
Building graph1 edges...45% completed @ 2022-06-26 23:58:19.080639
Building graph1 edges...48% completed @ 2022-06-26 23:58:20.102534
Building graph1 edges...51% completed @ 2022-06-26 23:58:21.125195
Building graph1 edges...54% completed @ 2022-06-26 23:58:22.147241
Building graph1 edges...57% completed @ 2022-06-26 23:58:23.168584
Building graph1 edges...60% completed @ 2022-06-26 23:58:24.187416
Building graph1 edges...63% completed @ 2022-06-26 23:58:25.208870
Building graph1 edges...66% completed @ 2022-06-26 23:58:26.227517
Building graph1 edges...69% completed @ 2022-06-26 23:58:27.249221
Building graph1 edges...72% completed @ 2022-06-26 23:58:28.278502
Building graph1 edges...75% completed @ 2022-06-26 23:58:29.300239
Building graph1 edges...78% completed @ 2022-06-26 23:58:30.322108
Building graph1 edges...81% completed @ 2022-06-26 23:58:31.357806
Building graph1 edges...84% completed @ 2022-06-26 23:58:32.407414
Building graph1 edges...87% completed @ 2022-06-26 23:58:33.427293
Building graph1 edges...90% completed @ 2022-06-26 23:58:34.448629
Building graph1 edges...93% completed @ 2022-06-26 23:58:35.467253
Building graph1 edges...96% completed @ 2022-06-26 23:58:36.488204
Building graph1 edges...99% completed @ 2022-06-26 23:58:37.508561
Merging conserved edges
Pruning the union graph
Building the extended union graph
Extending the union graph...10% completed @ 2022-06-26 23:58:41.957029
Extending the union graph...20% completed @ 2022-06-26 23:58:41.968927
Extending the union graph...30% completed @ 2022-06-26 23:58:41.980767
Extending the union graph...40% completed @ 2022-06-26 23:58:41.992575
Extending the union graph...50% completed @ 2022-06-26 23:58:42.004446
Extending the union graph...60% completed @ 2022-06-26 23:58:42.016290
Extending the union graph...70% completed @ 2022-06-26 23:58:42.028109
Extending the union graph...80% completed @ 2022-06-26 23:58:42.039927
Extending the union graph...90% completed @ 2022-06-26 23:58:42.051796
Edge Jaccard on extended union graph dist 1
Building the extended union graph
Extending the union graph...3% completed @ 2022-06-26 23:58:42.167429
Extending the union graph...6% completed @ 2022-06-26 23:58:42.167959
Extending the union graph...9% completed @ 2022-06-26 23:58:42.168450
Extending the union graph...12% completed @ 2022-06-26 23:58:42.168958
Extending the union graph...15% completed @ 2022-06-26 23:58:42.169461
Extending the union graph...18% completed @ 2022-06-26 23:58:42.169975
Extending the union graph...21% completed @ 2022-06-26 23:58:42.170476
Extending the union graph...24% completed @ 2022-06-26 23:58:42.170976
Extending the union graph...27% completed @ 2022-06-26 23:58:42.171480
Extending the union graph...30% completed @ 2022-06-26 23:58:42.171981
Extending the union graph...33% completed @ 2022-06-26 23:58:42.172487
Extending the union graph...36% completed @ 2022-06-26 23:58:42.172988
Extending the union graph...39% completed @ 2022-06-26 23:58:42.173491
Extending the union graph...42% completed @ 2022-06-26 23:58:42.174000
Extending the union graph...45% completed @ 2022-06-26 23:58:42.174499
Extending the union graph...48% completed @ 2022-06-26 23:58:42.174998
Extending the union graph...51% completed @ 2022-06-26 23:58:42.175503
Extending the union graph...54% completed @ 2022-06-26 23:58:42.176000
Extending the union graph...57% completed @ 2022-06-26 23:58:42.176504
Extending the union graph...60% completed @ 2022-06-26 23:58:42.177000
Extending the union graph...63% completed @ 2022-06-26 23:58:42.177495
Extending the union graph...66% completed @ 2022-06-26 23:58:42.178004
Extending the union graph...69% completed @ 2022-06-26 23:58:42.178506
Extending the union graph...72% completed @ 2022-06-26 23:58:42.179005
Extending the union graph...75% completed @ 2022-06-26 23:58:42.179502
Extending the union graph...78% completed @ 2022-06-26 23:58:42.180000
Extending the union graph...81% completed @ 2022-06-26 23:58:42.180502
Extending the union graph...84% completed @ 2022-06-26 23:58:42.181002
Extending the union graph...87% completed @ 2022-06-26 23:58:42.181503
Extending the union graph...90% completed @ 2022-06-26 23:58:42.182013
Extending the union graph...93% completed @ 2022-06-26 23:58:42.182515
Extending the union graph...96% completed @ 2022-06-26 23:58:42.183015
Extending the union graph...99% completed @ 2022-06-26 23:58:42.183515
Evaluating vertex sums
Extending the union graph...3% completed @ 2022-06-26 23:58:42.249116
Extending the union graph...6% completed @ 2022-06-26 23:58:42.313412
Extending the union graph...9% completed @ 2022-06-26 23:58:42.377765
Extending the union graph...12% completed @ 2022-06-26 23:58:42.442108
Extending the union graph...15% completed @ 2022-06-26 23:58:42.506148
Extending the union graph...18% completed @ 2022-06-26 23:58:42.570123
Extending the union graph...21% completed @ 2022-06-26 23:58:42.633874
Extending the union graph...24% completed @ 2022-06-26 23:58:42.697492
Extending the union graph...27% completed @ 2022-06-26 23:58:42.760981
Extending the union graph...30% completed @ 2022-06-26 23:58:42.824088
Extending the union graph...33% completed @ 2022-06-26 23:58:42.886999
Extending the union graph...36% completed @ 2022-06-26 23:58:42.951816
Extending the union graph...39% completed @ 2022-06-26 23:58:43.015647
Extending the union graph...42% completed @ 2022-06-26 23:58:43.078936
Extending the union graph...45% completed @ 2022-06-26 23:58:43.141171
Extending the union graph...48% completed @ 2022-06-26 23:58:43.202861
Extending the union graph...51% completed @ 2022-06-26 23:58:43.264336
Extending the union graph...54% completed @ 2022-06-26 23:58:43.325586
Extending the union graph...57% completed @ 2022-06-26 23:58:43.387253
Extending the union graph...60% completed @ 2022-06-26 23:58:43.448091
Extending the union graph...63% completed @ 2022-06-26 23:58:43.508782
Extending the union graph...66% completed @ 2022-06-26 23:58:43.569362
Extending the union graph...69% completed @ 2022-06-26 23:58:43.629586
Extending the union graph...72% completed @ 2022-06-26 23:58:43.689675
Extending the union graph...75% completed @ 2022-06-26 23:58:43.749609
Extending the union graph...78% completed @ 2022-06-26 23:58:43.809276
Extending the union graph...81% completed @ 2022-06-26 23:58:43.868431
Extending the union graph...84% completed @ 2022-06-26 23:58:43.927408
Extending the union graph...87% completed @ 2022-06-26 23:58:43.986159
Extending the union graph...90% completed @ 2022-06-26 23:58:44.044669
Extending the union graph...93% completed @ 2022-06-26 23:58:44.102932
Extending the union graph...96% completed @ 2022-06-26 23:58:44.160991
Extending the union graph...99% completed @ 2022-06-26 23:58:44.219007
Calculating Jaccard scores sums
Calculating Jaccard scores sums...3% completed @ 2022-06-26 23:58:44.238592
Calculating Jaccard scores sums...6% completed @ 2022-06-26 23:58:44.240056
Calculating Jaccard scores sums...9% completed @ 2022-06-26 23:58:44.242461
Calculating Jaccard scores sums...12% completed @ 2022-06-26 23:58:44.245744
Calculating Jaccard scores sums...15% completed @ 2022-06-26 23:58:44.249970
Calculating Jaccard scores sums...18% completed @ 2022-06-26 23:58:44.255143
Calculating Jaccard scores sums...21% completed @ 2022-06-26 23:58:44.261259
Calculating Jaccard scores sums...24% completed @ 2022-06-26 23:58:44.268342
Calculating Jaccard scores sums...27% completed @ 2022-06-26 23:58:44.276364
Calculating Jaccard scores sums...30% completed @ 2022-06-26 23:58:44.285361
Calculating Jaccard scores sums...33% completed @ 2022-06-26 23:58:44.295274
Calculating Jaccard scores sums...36% completed @ 2022-06-26 23:58:44.306140
Calculating Jaccard scores sums...39% completed @ 2022-06-26 23:58:44.318002
Calculating Jaccard scores sums...42% completed @ 2022-06-26 23:58:44.330776
Calculating Jaccard scores sums...45% completed @ 2022-06-26 23:58:44.344472
Calculating Jaccard scores sums...48% completed @ 2022-06-26 23:58:44.359062
Calculating Jaccard scores sums...51% completed @ 2022-06-26 23:58:44.374605
Calculating Jaccard scores sums...54% completed @ 2022-06-26 23:58:44.391079
Calculating Jaccard scores sums...57% completed @ 2022-06-26 23:58:44.408527
Calculating Jaccard scores sums...60% completed @ 2022-06-26 23:58:44.426923
Calculating Jaccard scores sums...63% completed @ 2022-06-26 23:58:44.446259
Calculating Jaccard scores sums...66% completed @ 2022-06-26 23:58:44.466534
Calculating Jaccard scores sums...69% completed @ 2022-06-26 23:58:44.487757
Calculating Jaccard scores sums...72% completed @ 2022-06-26 23:58:44.509926
Calculating Jaccard scores sums...75% completed @ 2022-06-26 23:58:44.533012
Calculating Jaccard scores sums...78% completed @ 2022-06-26 23:58:44.557065
Calculating Jaccard scores sums...81% completed @ 2022-06-26 23:58:44.582077
Calculating Jaccard scores sums...84% completed @ 2022-06-26 23:58:44.608039
Calculating Jaccard scores sums...87% completed @ 2022-06-26 23:58:44.634923
Calculating Jaccard scores sums...90% completed @ 2022-06-26 23:58:44.662738
Calculating Jaccard scores sums...93% completed @ 2022-06-26 23:58:44.691544
Calculating Jaccard scores sums...96% completed @ 2022-06-26 23:58:44.721234
Calculating Jaccard scores sums...99% completed @ 2022-06-26 23:58:44.751912
Injecting direct edges contribution
Obtaining max scores per vertex
Obtaining max scores per vertex...3% completed @ 2022-06-26 23:58:44.868782
Obtaining max scores per vertex...6% completed @ 2022-06-26 23:58:44.973917
Obtaining max scores per vertex...9% completed @ 2022-06-26 23:58:45.079137
Obtaining max scores per vertex...12% completed @ 2022-06-26 23:58:45.184210
Obtaining max scores per vertex...15% completed @ 2022-06-26 23:58:45.289411
Obtaining max scores per vertex...18% completed @ 2022-06-26 23:58:45.394108
Obtaining max scores per vertex...21% completed @ 2022-06-26 23:58:45.498592
Obtaining max scores per vertex...24% completed @ 2022-06-26 23:58:45.603542
Obtaining max scores per vertex...27% completed @ 2022-06-26 23:58:45.711147
Obtaining max scores per vertex...30% completed @ 2022-06-26 23:58:45.816783
Obtaining max scores per vertex...33% completed @ 2022-06-26 23:58:45.920491
Obtaining max scores per vertex...36% completed @ 2022-06-26 23:58:46.024079
Obtaining max scores per vertex...39% completed @ 2022-06-26 23:58:46.127137
Obtaining max scores per vertex...42% completed @ 2022-06-26 23:58:46.230675
Obtaining max scores per vertex...45% completed @ 2022-06-26 23:58:46.336003
Obtaining max scores per vertex...48% completed @ 2022-06-26 23:58:46.438655
Obtaining max scores per vertex...51% completed @ 2022-06-26 23:58:46.541000
Obtaining max scores per vertex...54% completed @ 2022-06-26 23:58:46.642645
Obtaining max scores per vertex...57% completed @ 2022-06-26 23:58:46.744251
Obtaining max scores per vertex...60% completed @ 2022-06-26 23:58:46.845593
Obtaining max scores per vertex...63% completed @ 2022-06-26 23:58:46.946566
Obtaining max scores per vertex...66% completed @ 2022-06-26 23:58:47.047060
Obtaining max scores per vertex...69% completed @ 2022-06-26 23:58:47.150080
Obtaining max scores per vertex...72% completed @ 2022-06-26 23:58:47.251478
Obtaining max scores per vertex...75% completed @ 2022-06-26 23:58:47.352587
Obtaining max scores per vertex...78% completed @ 2022-06-26 23:58:47.453492
Obtaining max scores per vertex...81% completed @ 2022-06-26 23:58:47.553306
Obtaining max scores per vertex...84% completed @ 2022-06-26 23:58:47.652797
Obtaining max scores per vertex...87% completed @ 2022-06-26 23:58:47.751868
Obtaining max scores per vertex...90% completed @ 2022-06-26 23:58:47.851306
Obtaining max scores per vertex...93% completed @ 2022-06-26 23:58:47.950280
Obtaining max scores per vertex...96% completed @ 2022-06-26 23:58:48.049004
Obtaining max scores per vertex...99% completed @ 2022-06-26 23:58:48.147598
Removing low scoring edges
Removing low scoring edges...3% completed @ 2022-06-26 23:58:48.181999
Removing low scoring edges...6% completed @ 2022-06-26 23:58:48.187909
Removing low scoring edges...9% completed @ 2022-06-26 23:58:48.197647
Removing low scoring edges...12% completed @ 2022-06-26 23:58:48.211299
Removing low scoring edges...15% completed @ 2022-06-26 23:58:48.228857
Removing low scoring edges...18% completed @ 2022-06-26 23:58:48.250348
Removing low scoring edges...21% completed @ 2022-06-26 23:58:48.276032
Removing low scoring edges...24% completed @ 2022-06-26 23:58:48.305806
Removing low scoring edges...27% completed @ 2022-06-26 23:58:48.339633
Removing low scoring edges...30% completed @ 2022-06-26 23:58:48.377506
Removing low scoring edges...33% completed @ 2022-06-26 23:58:48.419257
Removing low scoring edges...36% completed @ 2022-06-26 23:58:48.464910
Removing low scoring edges...39% completed @ 2022-06-26 23:58:48.514635
Removing low scoring edges...42% completed @ 2022-06-26 23:58:48.568349
Removing low scoring edges...45% completed @ 2022-06-26 23:58:48.625879
Removing low scoring edges...48% completed @ 2022-06-26 23:58:48.686817
Removing low scoring edges...51% completed @ 2022-06-26 23:58:48.752087
Removing low scoring edges...54% completed @ 2022-06-26 23:58:48.821172
Removing low scoring edges...57% completed @ 2022-06-26 23:58:48.894170
Removing low scoring edges...60% completed @ 2022-06-26 23:58:48.971707
Removing low scoring edges...63% completed @ 2022-06-26 23:58:49.053405
Removing low scoring edges...66% completed @ 2022-06-26 23:58:49.138471
Removing low scoring edges...69% completed @ 2022-06-26 23:58:49.227969
Removing low scoring edges...72% completed @ 2022-06-26 23:58:49.321418
Removing low scoring edges...75% completed @ 2022-06-26 23:58:49.418722
Removing low scoring edges...78% completed @ 2022-06-26 23:58:49.518359
Removing low scoring edges...81% completed @ 2022-06-26 23:58:49.623404
Removing low scoring edges...84% completed @ 2022-06-26 23:58:49.733173
Removing low scoring edges...87% completed @ 2022-06-26 23:58:49.846153
Removing low scoring edges...90% completed @ 2022-06-26 23:58:49.963653
Removing low scoring edges...93% completed @ 2022-06-26 23:58:50.084669
Removing low scoring edges...96% completed @ 2022-06-26 23:58:50.209611
Removing low scoring edges...99% completed @ 2022-06-26 23:58:50.342882
Finalizing extended graph
0
[mclxIOstreamIn] no assignments yield void/empty matrix
[mcl] new tab created
___ [mclAlgorithmStart] attempting to cluster the void
[mcl] pid 517404
 ite   chaos  time hom(avg,lo,hi) expa expb expc fmv
  1  ./alignMCL.sh: line 11: 517404 Segmentation fault      (core dumped) ./mcl/bin/mcl ${OUT_FILE}.ag -o ${OUT_FILE}.txt -I 2.8 --abc
/home/wangph1/plant/scripts
using old nif file for bgSP
using old nif file for bgHS
using old odv file for bgSP
using old odv file for bgHS
using old odv ort file for bgSP-bgHS
/home/wangph1/plant/data/mcl/bgSP-bgHS-k4-n3567-no1.txt
/home/wangph1/plant/networks/mcl/bgSP_marked.nif
/home/wangph1/plant/networks/mcl/bgHS_marked.nif
/home/wangph1/plant/data/mcl/fake_ort/bgSP-bgHS-k4-n3567-no1.ort
/home/wangph1/plant/data/mcl/bgSP-bgHS-k4-n3567-no1.txt
Traceback (most recent call last):
  File "/home/wangph1/plant/scripts/mcl_helpers.py", line 132, in <module>
    full_local_run_mcl(gtag1, gtag2, notes=notes)
  File "/home/wangph1/plant/scripts/mcl_helpers.py", line 117, in full_local_run_mcl
    process_mcl(gtag1, gtag2, notes=notes)
  File "/home/wangph1/plant/scripts/mcl_helpers.py", line 105, in process_mcl
    num_ort, num_pairs = evaluate_alignment(gtag1, gtag2, notes=notes)
  File "/home/wangph1/plant/scripts/mcl_helpers.py", line 88, in evaluate_alignment
    m2m_pairs = read_in_slashes_m2m(out_path)
  File "/home/wangph1/plant/scripts/file_helpers.py", line 47, in read_in_slashes_m2m
    with open(m2m_path, 'r') as f:
FileNotFoundError: [Errno 2] No such file or directory: '/home/wangph1/plant/data/mcl/bgSP-bgHS-k4-n3567-no1.txt'
JOBSFINISHED
