/home/wangph1/plant/data/slurm_logs/mcl/j26night2/mcl-j26night2-RN-AT-RN-RN-AT-AT.log
/home/wangph1/plant/data/slurm_logs/mcl/j26night2/mcl-j26night2-RN-SP-RN-RN-SP-SP.log
/home/wangph1/plant/data/slurm_logs/mcl/j26night2/mcl-j26night2-SP-AT-SP-SP-AT-AT.log
/home/wangph1/plant/data/slurm_logs/mcl/j26night2/mcl-j26night2-SP-DM-SP-SP-DM-DM.log
/home/wangph1/plant/data/slurm_logs/mcl/j26night2/mcl-j26night2-RN-DM-RN-RN-DM-DM.log
/home/wangph1/plant/data/slurm_logs/mcl/j26night2/mcl-j26night2-SP-CE-SP-SP-CE-CE.log
/home/wangph1/plant/data/slurm_logs/mcl/j26night2/mcl-j26night2-RN-SC-RN-RN-SC-SC.log
/home/wangph1/plant/data/slurm_logs/mcl/j26night2/mcl-j26night2-CE-AT-CE-CE-AT-AT.log
/home/wangph1/plant/data/slurm_logs/mcl/j26night2/mcl-j26night2-SC-AT-SC-SC-AT-AT.log
/home/wangph1/plant/data/slurm_logs/mcl/j26night2/mcl-j26night2-SP-MM-SP-SP-MM-MM.log
/home/wangph1/plant/data/slurm_logs/mcl/j26night2/mcl-j26night2-MM-AT-MM-MM-AT-AT.log
/home/wangph1/plant/data/slurm_logs/mcl/j26night2/mcl-j26night2-DM-AT-DM-DM-AT-AT.log
/home/wangph1/plant/data/slurm_logs/mcl/j26night2/mcl-j26night2-SC-CE-SC-SC-CE-CE.log
/home/wangph1/plant/data/slurm_logs/mcl/j26night2/mcl-j26night2-AT-HS-AT-AT-HS-HS.log
/home/wangph1/plant/data/slurm_logs/mcl/j26night2/mcl-j26night2-SC-DM-SC-SC-DM-DM.log
/home/wangph1/plant/data/slurm_logs/mcl/j26night2/mcl-j26night2-CE-MM-CE-CE-MM-MM.log
/home/wangph1/plant/data/slurm_logs/mcl/j26night2/mcl-j26night2-SP-HS-SP-SP-HS-HS.log
/home/wangph1/plant/data/slurm_logs/mcl/j26night2/mcl-j26night2-SC-MM-SC-SC-MM-MM.log
/home/wangph1/plant/data/slurm_logs/mcl/j26night2/mcl-j26night2-CE-DM-CE-CE-DM-DM.log
/home/wangph1/plant/data/slurm_logs/mcl/j26night2/mcl-j26night2-SP-SC-SP-SP-SC-SC.log
/home/wangph1/plant/data/slurm_logs/mcl/j26night2/mcl-j26night2-RN-MM-RN-RN-MM-MM.log
/home/wangph1/plant/data/slurm_logs/mcl/j26night2/mcl-j26night2-bgRN-bgSP.log
/home/wangph1/plant/data/slurm_logs/mcl/j26night2/mcl-j26night2-SC-HS-SC-SC-HS-HS.log
/home/wangph1/plant/data/slurm_logs/mcl/j26night2/mcl-j26night2-DM-MM-DM-DM-MM-MM.log
/home/wangph1/plant/data/slurm_logs/mcl/j26night2/mcl-j26night2-bgRN-bgCE.log
/home/wangph1/plant/data/slurm_logs/mcl/j26night2/mcl-j26night2-bgSP-bgCE.log
/home/wangph1/plant/data/slurm_logs/mcl/j26night2/mcl-j26night2-CE-HS-CE-CE-HS-HS.log
/home/wangph1/plant/data/slurm_logs/mcl/j26night2/mcl-j26night2-bgRN-bgDM.log
/home/wangph1/plant/data/slurm_logs/mcl/j26night2/mcl-j26night2-bgRN-bgMM.log
/home/wangph1/plant/data/slurm_logs/mcl/j26night2/mcl-j26night2-bgSP-bgMM.log
/home/wangph1/plant/data/slurm_logs/mcl/j26night2/mcl-j26night2-bgSP-bgDM.log
/home/wangph1/plant/data/slurm_logs/mcl/j26night2/mcl-j26night2-RN-HS-RN-RN-HS-HS.log
/home/wangph1/plant/data/slurm_logs/mcl/j26night2/mcl-j26night2-DM-HS-DM-DM-HS-HS.log
/home/wangph1/plant/data/slurm_logs/mcl/j26night2/mcl-j26night2-RN-SP-RN-RN-SP-SP.log
/home/wangph1/plant/data/slurm_logs/mcl/j26night2/mcl-j26night2-RN-AT-RN-RN-AT-AT.log
/home/wangph1/plant/data/slurm_logs/mcl/j26night2/mcl-j26night2-RN-CE-RN-RN-CE-CE.log
/home/wangph1/plant/data/slurm_logs/mcl/j26night2/mcl-j26night2-SP-AT-SP-SP-AT-AT.log
/home/wangph1/plant/data/slurm_logs/mcl/j26night2/mcl-j26night2-RN-SC-RN-RN-SC-SC.log
/home/wangph1/plant/data/slurm_logs/mcl/j26night2/mcl-j26night2-RN-DM-RN-RN-DM-DM.log
/home/wangph1/plant/data/slurm_logs/mcl/j26night2/mcl-j26night2-SP-CE-SP-SP-CE-CE.log
/home/wangph1/plant/data/slurm_logs/mcl/j26night2/mcl-j26night2-DM-AT-DM-DM-AT-AT.log
/home/wangph1/plant/data/slurm_logs/mcl/j26night2/mcl-j26night2-SP-DM-SP-SP-DM-DM.log
/home/wangph1/plant/data/slurm_logs/mcl/j26night2/mcl-j26night2-SP-MM-SP-SP-MM-MM.log
/home/wangph1/plant/data/slurm_logs/mcl/j26night2/mcl-j26night2-SC-AT-SC-SC-AT-AT.log
/home/wangph1/plant/data/slurm_logs/mcl/j26night2/mcl-j26night2-MM-AT-MM-MM-AT-AT.log
/home/wangph1/plant/data/slurm_logs/mcl/j26night2/mcl-j26night2-CE-AT-CE-CE-AT-AT.log
/home/wangph1/plant/data/slurm_logs/mcl/j26night2/mcl-j26night2-SC-DM-SC-SC-DM-DM.log
/home/wangph1/plant/data/slurm_logs/mcl/j26night2/mcl-j26night2-SC-CE-SC-SC-CE-CE.log
/home/wangph1/plant/data/slurm_logs/mcl/j26night2/mcl-j26night2-SP-HS-SP-SP-HS-HS.log
/home/wangph1/plant/data/slurm_logs/mcl/j26night2/mcl-j26night2-AT-HS-AT-AT-HS-HS.log
/home/wangph1/plant/data/slurm_logs/mcl/j26night2/mcl-j26night2-CE-DM-CE-CE-DM-DM.log
/home/wangph1/plant/data/slurm_logs/mcl/j26night2/mcl-j26night2-CE-MM-CE-CE-MM-MM.log
/home/wangph1/plant/data/slurm_logs/mcl/j26night2/mcl-j26night2-SC-MM-SC-SC-MM-MM.log
/home/wangph1/plant/data/slurm_logs/mcl/j26night2/mcl-j26night2-SP-SC-SP-SP-SC-SC.log
/home/wangph1/plant/data/slurm_logs/mcl/j26night2/mcl-j26night2-RN-MM-RN-RN-MM-MM.log
/home/wangph1/plant/data/slurm_logs/mcl/j26night2/mcl-j26night2-DM-MM-DM-DM-MM-MM.log
/home/wangph1/plant/data/slurm_logs/mcl/j26night2/mcl-j26night2-bgRN-bgSP.log
/home/wangph1/plant/data/slurm_logs/mcl/j26night2/mcl-j26night2-SC-HS-SC-SC-HS-HS.log
/home/wangph1/plant/data/slurm_logs/mcl/j26night2/mcl-j26night2-CE-HS-CE-CE-HS-HS.log
/home/wangph1/plant/data/slurm_logs/mcl/j26night2/mcl-j26night2-bgRN-bgCE.log
/home/wangph1/plant/data/slurm_logs/mcl/j26night2/mcl-j26night2-bgSP-bgCE.log
/home/wangph1/plant/data/slurm_logs/mcl/j26night2/mcl-j26night2-bgRN-bgDM.log
/home/wangph1/plant/data/slurm_logs/mcl/j26night2/mcl-j26night2-bgRN-bgMM.log
/home/wangph1/plant/data/slurm_logs/mcl/j26night2/mcl-j26night2-bgSP-bgDM.log
/home/wangph1/plant/data/slurm_logs/mcl/j26night2/mcl-j26night2-bgSP-bgMM.log
/home/wangph1/plant/data/slurm_logs/mcl/j26night2/mcl-j26night2-RN-HS-RN-RN-HS-HS.log
/home/wangph1/plant/data/slurm_logs/mcl/j26night2/mcl-j26night2-DM-HS-DM-DM-HS-HS.log
/home/wangph1/plant/data/slurm_logs/mcl/j26night2/mcl-j26night2-bgRN-bgSC.log
/home/wangph1/plant/data/slurm_logs/mcl/j26night2/mcl-j26night2-bgSP-bgSC.log
/home/wangph1/plant/data/slurm_logs/mcl/j26night2/mcl-j26night2-bgRN-bgAT.log
/home/wangph1/plant/data/slurm_logs/mcl/j26night2/mcl-j26night2-bgRN-bgHS.log
/home/wangph1/plant/data/slurm_logs/mcl/j26night2/mcl-j26night2-bgSP-bgAT.log
/home/wangph1/plant/data/slurm_logs/mcl/j26night2/mcl-j26night2-bgSP-bgHS.log
/home/wangph1/plant/data/slurm_logs/mcl/j26night2/mcl-j26night2-bgCE-bgAT.log
/home/wangph1/plant/data/slurm_logs/mcl/j26night2/mcl-j26night2-bgCE-bgMM.log
/home/wangph1/plant/data/slurm_logs/mcl/j26night2/mcl-j26night2-bgCE-bgDM.log
/home/wangph1/plant/data/slurm_logs/mcl/j26night2/mcl-j26night2-bgCE-bgHS.log
/home/wangph1/plant/data/slurm_logs/mcl/j26night2/mcl-j26night2-MM-HS-MM-MM-HS-HS.log
/home/wangph1/plant/data/slurm_logs/mcl/j26night2/mcl-j26night2-bgDM-bgAT.log
/home/wangph1/plant/data/slurm_logs/mcl/j26night2/mcl-j26night2-bgDM-bgMM.log
/home/wangph1/plant/data/slurm_logs/mcl/j26night2/mcl-j26night2-bgDM-bgHS.log
/home/wangph1/plant/data/slurm_logs/mcl/j26night2/mcl-j26night2-bgMM-bgHS.log
/home/wangph1/plant/data/slurm_logs/mcl/j26night2/mcl-j26night2-bgMM-bgAT.log
/home/wangph1/plant/data/slurm_logs/mcl/j26night2/mcl-j26night2-bgAT-bgHS.log
/home/wangph1/plant/data/slurm_logs/mcl/j26night2/mcl-j26night2-bgSC-bgCE.log
/home/wangph1/plant/data/slurm_logs/mcl/j26night2/mcl-j26night2-bgSC-bgMM.log
/home/wangph1/plant/data/slurm_logs/mcl/j26night2/mcl-j26night2-bgSC-bgAT.log
/home/wangph1/plant/data/slurm_logs/mcl/j26night2/mcl-j26night2-bgSC-bgDM.log
/home/wangph1/plant/data/slurm_logs/mcl/j26night2/mcl-j26night2-bgSC-bgHS.log
