Namespace(ag_file=['/home/wangph1/plant/data/mcl/bgSP-bgMM-k4-n3567-no1.ag'], ort_file=['/home/wangph1/plant/data/mcl/fake_ort/bgSP-bgMM-k4-n3567-no1.ort'], ppi1_file=['/home/wangph1/plant/networks/mcl/bgSP_marked.nif'], ppi2_file=['/home/wangph1/plant/networks/mcl/bgMM_marked.nif'])
Loading input data
/home/wangph1/plant/networks/mcl/bgSP_marked.nif
/home/wangph1/plant/networks/mcl/bgMM_marked.nif
/home/wangph1/plant/data/mcl/fake_ort/bgSP-bgMM-k4-n3567-no1.ort
Building the union graph
Building rev maps
Building maps
Processing net 0 - simple nodes
Processing net 1 - simple nodes
Processing composite nodes
Building igraph.Graph
Entering build_union_graph_edges
Building graph1 edges...3% completed @ 2022-06-26 23:56:20.823834
Building graph1 edges...6% completed @ 2022-06-26 23:56:21.874974
Building graph1 edges...9% completed @ 2022-06-26 23:56:22.892386
Building graph1 edges...12% completed @ 2022-06-26 23:56:23.909962
Building graph1 edges...15% completed @ 2022-06-26 23:56:24.923987
Building graph1 edges...18% completed @ 2022-06-26 23:56:25.944294
Building graph1 edges...21% completed @ 2022-06-26 23:56:26.968043
Building graph1 edges...24% completed @ 2022-06-26 23:56:28.013064
Building graph1 edges...27% completed @ 2022-06-26 23:56:29.109779
Building graph1 edges...30% completed @ 2022-06-26 23:56:30.157750
Building graph1 edges...33% completed @ 2022-06-26 23:56:31.173964
Building graph1 edges...36% completed @ 2022-06-26 23:56:32.187677
Building graph1 edges...39% completed @ 2022-06-26 23:56:33.205790
Building graph1 edges...42% completed @ 2022-06-26 23:56:34.228602
Building graph1 edges...45% completed @ 2022-06-26 23:56:35.248422
Building graph1 edges...48% completed @ 2022-06-26 23:56:36.265436
Building graph1 edges...51% completed @ 2022-06-26 23:56:37.279144
Building graph1 edges...54% completed @ 2022-06-26 23:56:38.295486
Building graph1 edges...57% completed @ 2022-06-26 23:56:39.313195
Building graph1 edges...60% completed @ 2022-06-26 23:56:40.326727
Building graph1 edges...63% completed @ 2022-06-26 23:56:41.342992
Building graph1 edges...66% completed @ 2022-06-26 23:56:42.363015
Building graph1 edges...69% completed @ 2022-06-26 23:56:43.379198
Building graph1 edges...72% completed @ 2022-06-26 23:56:44.392903
Building graph1 edges...75% completed @ 2022-06-26 23:56:45.409064
Building graph1 edges...78% completed @ 2022-06-26 23:56:46.426771
Building graph1 edges...81% completed @ 2022-06-26 23:56:47.440553
Building graph1 edges...84% completed @ 2022-06-26 23:56:48.456514
Building graph1 edges...87% completed @ 2022-06-26 23:56:49.475077
Building graph1 edges...90% completed @ 2022-06-26 23:56:50.494332
Building graph1 edges...93% completed @ 2022-06-26 23:56:51.507562
Building graph1 edges...96% completed @ 2022-06-26 23:56:52.523370
Building graph1 edges...99% completed @ 2022-06-26 23:56:53.539391
Merging conserved edges
Pruning the union graph
Building the extended union graph
Extending the union graph...10% completed @ 2022-06-26 23:56:54.244625
Extending the union graph...20% completed @ 2022-06-26 23:56:54.252904
Extending the union graph...30% completed @ 2022-06-26 23:56:54.261202
Extending the union graph...40% completed @ 2022-06-26 23:56:54.269575
Extending the union graph...50% completed @ 2022-06-26 23:56:54.278120
Extending the union graph...60% completed @ 2022-06-26 23:56:54.286843
Extending the union graph...70% completed @ 2022-06-26 23:56:54.295489
Extending the union graph...80% completed @ 2022-06-26 23:56:54.304707
Extending the union graph...90% completed @ 2022-06-26 23:56:54.316179
Edge Jaccard on extended union graph dist 1
Building the extended union graph
Extending the union graph...3% completed @ 2022-06-26 23:56:54.407559
Extending the union graph...6% completed @ 2022-06-26 23:56:54.408529
Extending the union graph...9% completed @ 2022-06-26 23:56:54.409537
Extending the union graph...12% completed @ 2022-06-26 23:56:54.410489
Extending the union graph...15% completed @ 2022-06-26 23:56:54.411576
Extending the union graph...18% completed @ 2022-06-26 23:56:54.412552
Extending the union graph...21% completed @ 2022-06-26 23:56:54.413700
Extending the union graph...24% completed @ 2022-06-26 23:56:54.414602
Extending the union graph...27% completed @ 2022-06-26 23:56:54.415560
Extending the union graph...30% completed @ 2022-06-26 23:56:54.416499
Extending the union graph...33% completed @ 2022-06-26 23:56:54.417500
Extending the union graph...36% completed @ 2022-06-26 23:56:54.418486
Extending the union graph...39% completed @ 2022-06-26 23:56:54.419402
Extending the union graph...42% completed @ 2022-06-26 23:56:54.420361
Extending the union graph...45% completed @ 2022-06-26 23:56:54.421301
Extending the union graph...48% completed @ 2022-06-26 23:56:54.422228
Extending the union graph...51% completed @ 2022-06-26 23:56:54.423228
Extending the union graph...54% completed @ 2022-06-26 23:56:54.424156
Extending the union graph...57% completed @ 2022-06-26 23:56:54.425143
Extending the union graph...60% completed @ 2022-06-26 23:56:54.426034
Extending the union graph...63% completed @ 2022-06-26 23:56:54.427060
Extending the union graph...66% completed @ 2022-06-26 23:56:54.428128
Extending the union graph...69% completed @ 2022-06-26 23:56:54.429194
Extending the union graph...72% completed @ 2022-06-26 23:56:54.430112
Extending the union graph...75% completed @ 2022-06-26 23:56:54.431101
Extending the union graph...78% completed @ 2022-06-26 23:56:54.432132
Extending the union graph...81% completed @ 2022-06-26 23:56:54.433056
Extending the union graph...84% completed @ 2022-06-26 23:56:54.434040
Extending the union graph...87% completed @ 2022-06-26 23:56:54.435097
Extending the union graph...90% completed @ 2022-06-26 23:56:54.436132
Extending the union graph...93% completed @ 2022-06-26 23:56:54.437085
Extending the union graph...96% completed @ 2022-06-26 23:56:54.438325
Extending the union graph...99% completed @ 2022-06-26 23:56:54.439315
Evaluating vertex sums
Extending the union graph...3% completed @ 2022-06-26 23:56:54.505583
Extending the union graph...6% completed @ 2022-06-26 23:56:54.570206
Extending the union graph...9% completed @ 2022-06-26 23:56:54.634731
Extending the union graph...12% completed @ 2022-06-26 23:56:54.699045
Extending the union graph...15% completed @ 2022-06-26 23:56:54.763213
Extending the union graph...18% completed @ 2022-06-26 23:56:54.827280
Extending the union graph...21% completed @ 2022-06-26 23:56:54.891124
Extending the union graph...24% completed @ 2022-06-26 23:56:54.954621
Extending the union graph...27% completed @ 2022-06-26 23:56:55.017972
Extending the union graph...30% completed @ 2022-06-26 23:56:55.081043
Extending the union graph...33% completed @ 2022-06-26 23:56:55.143883
Extending the union graph...36% completed @ 2022-06-26 23:56:55.206603
Extending the union graph...39% completed @ 2022-06-26 23:56:55.268962
Extending the union graph...42% completed @ 2022-06-26 23:56:55.331382
Extending the union graph...45% completed @ 2022-06-26 23:56:55.393192
Extending the union graph...48% completed @ 2022-06-26 23:56:55.454935
Extending the union graph...51% completed @ 2022-06-26 23:56:55.516396
Extending the union graph...54% completed @ 2022-06-26 23:56:55.577896
Extending the union graph...57% completed @ 2022-06-26 23:56:55.639297
Extending the union graph...60% completed @ 2022-06-26 23:56:55.700195
Extending the union graph...63% completed @ 2022-06-26 23:56:55.763810
Extending the union graph...66% completed @ 2022-06-26 23:56:55.825219
Extending the union graph...69% completed @ 2022-06-26 23:56:55.886358
Extending the union graph...72% completed @ 2022-06-26 23:56:55.947150
Extending the union graph...75% completed @ 2022-06-26 23:56:56.007665
Extending the union graph...78% completed @ 2022-06-26 23:56:56.067921
Extending the union graph...81% completed @ 2022-06-26 23:56:56.127715
Extending the union graph...84% completed @ 2022-06-26 23:56:56.187326
Extending the union graph...87% completed @ 2022-06-26 23:56:56.246595
Extending the union graph...90% completed @ 2022-06-26 23:56:56.305873
Extending the union graph...93% completed @ 2022-06-26 23:56:56.364793
Extending the union graph...96% completed @ 2022-06-26 23:56:56.423728
Extending the union graph...99% completed @ 2022-06-26 23:56:56.482066
Calculating Jaccard scores sums
Calculating Jaccard scores sums...3% completed @ 2022-06-26 23:56:56.502139
Calculating Jaccard scores sums...6% completed @ 2022-06-26 23:56:56.504206
Calculating Jaccard scores sums...9% completed @ 2022-06-26 23:56:56.507372
Calculating Jaccard scores sums...12% completed @ 2022-06-26 23:56:56.511708
Calculating Jaccard scores sums...15% completed @ 2022-06-26 23:56:56.517439
Calculating Jaccard scores sums...18% completed @ 2022-06-26 23:56:56.524689
Calculating Jaccard scores sums...21% completed @ 2022-06-26 23:56:56.532710
Calculating Jaccard scores sums...24% completed @ 2022-06-26 23:56:56.541201
Calculating Jaccard scores sums...27% completed @ 2022-06-26 23:56:56.552529
Calculating Jaccard scores sums...30% completed @ 2022-06-26 23:56:56.565518
Calculating Jaccard scores sums...33% completed @ 2022-06-26 23:56:56.578975
Calculating Jaccard scores sums...36% completed @ 2022-06-26 23:56:56.592838
Calculating Jaccard scores sums...39% completed @ 2022-06-26 23:56:56.606851
Calculating Jaccard scores sums...42% completed @ 2022-06-26 23:56:56.624321
Calculating Jaccard scores sums...45% completed @ 2022-06-26 23:56:56.640439
Calculating Jaccard scores sums...48% completed @ 2022-06-26 23:56:56.657545
Calculating Jaccard scores sums...51% completed @ 2022-06-26 23:56:56.675501
Calculating Jaccard scores sums...54% completed @ 2022-06-26 23:56:56.695980
Calculating Jaccard scores sums...57% completed @ 2022-06-26 23:56:56.721050
Calculating Jaccard scores sums...60% completed @ 2022-06-26 23:56:56.742326
Calculating Jaccard scores sums...63% completed @ 2022-06-26 23:56:56.765444
Calculating Jaccard scores sums...66% completed @ 2022-06-26 23:56:56.790232
Calculating Jaccard scores sums...69% completed @ 2022-06-26 23:56:56.816147
Calculating Jaccard scores sums...72% completed @ 2022-06-26 23:56:56.844226
Calculating Jaccard scores sums...75% completed @ 2022-06-26 23:56:56.872541
Calculating Jaccard scores sums...78% completed @ 2022-06-26 23:56:56.903154
Calculating Jaccard scores sums...81% completed @ 2022-06-26 23:56:56.932751
Calculating Jaccard scores sums...84% completed @ 2022-06-26 23:56:56.962091
Calculating Jaccard scores sums...87% completed @ 2022-06-26 23:56:56.994861
Calculating Jaccard scores sums...90% completed @ 2022-06-26 23:56:57.030149
Calculating Jaccard scores sums...93% completed @ 2022-06-26 23:56:57.068009
Calculating Jaccard scores sums...96% completed @ 2022-06-26 23:56:57.110098
Calculating Jaccard scores sums...99% completed @ 2022-06-26 23:56:57.149422
Injecting direct edges contribution
Obtaining max scores per vertex
Obtaining max scores per vertex...3% completed @ 2022-06-26 23:56:57.269308
Obtaining max scores per vertex...6% completed @ 2022-06-26 23:56:57.375427
Obtaining max scores per vertex...9% completed @ 2022-06-26 23:56:57.481700
Obtaining max scores per vertex...12% completed @ 2022-06-26 23:56:57.587809
Obtaining max scores per vertex...15% completed @ 2022-06-26 23:56:57.694005
Obtaining max scores per vertex...18% completed @ 2022-06-26 23:56:57.799955
Obtaining max scores per vertex...21% completed @ 2022-06-26 23:56:57.905429
Obtaining max scores per vertex...24% completed @ 2022-06-26 23:56:58.010636
Obtaining max scores per vertex...27% completed @ 2022-06-26 23:56:58.115998
Obtaining max scores per vertex...30% completed @ 2022-06-26 23:56:58.221041
Obtaining max scores per vertex...33% completed @ 2022-06-26 23:56:58.325731
Obtaining max scores per vertex...36% completed @ 2022-06-26 23:56:58.430344
Obtaining max scores per vertex...39% completed @ 2022-06-26 23:56:58.534416
Obtaining max scores per vertex...42% completed @ 2022-06-26 23:56:58.638786
Obtaining max scores per vertex...45% completed @ 2022-06-26 23:56:58.742079
Obtaining max scores per vertex...48% completed @ 2022-06-26 23:56:58.845055
Obtaining max scores per vertex...51% completed @ 2022-06-26 23:56:58.947782
Obtaining max scores per vertex...54% completed @ 2022-06-26 23:56:59.050338
Obtaining max scores per vertex...57% completed @ 2022-06-26 23:56:59.153173
Obtaining max scores per vertex...60% completed @ 2022-06-26 23:56:59.255067
Obtaining max scores per vertex...63% completed @ 2022-06-26 23:56:59.356875
Obtaining max scores per vertex...66% completed @ 2022-06-26 23:56:59.458844
Obtaining max scores per vertex...69% completed @ 2022-06-26 23:56:59.560434
Obtaining max scores per vertex...72% completed @ 2022-06-26 23:56:59.661725
Obtaining max scores per vertex...75% completed @ 2022-06-26 23:56:59.762996
Obtaining max scores per vertex...78% completed @ 2022-06-26 23:56:59.864082
Obtaining max scores per vertex...81% completed @ 2022-06-26 23:56:59.964503
Obtaining max scores per vertex...84% completed @ 2022-06-26 23:57:00.064669
Obtaining max scores per vertex...87% completed @ 2022-06-26 23:57:00.164718
Obtaining max scores per vertex...90% completed @ 2022-06-26 23:57:00.264588
Obtaining max scores per vertex...93% completed @ 2022-06-26 23:57:00.364198
Obtaining max scores per vertex...96% completed @ 2022-06-26 23:57:00.463966
Obtaining max scores per vertex...99% completed @ 2022-06-26 23:57:00.563125
Removing low scoring edges
Removing low scoring edges...3% completed @ 2022-06-26 23:57:00.597595
Removing low scoring edges...6% completed @ 2022-06-26 23:57:00.603592
Removing low scoring edges...9% completed @ 2022-06-26 23:57:00.613511
Removing low scoring edges...12% completed @ 2022-06-26 23:57:00.627625
Removing low scoring edges...15% completed @ 2022-06-26 23:57:00.645781
Removing low scoring edges...18% completed @ 2022-06-26 23:57:00.667897
Removing low scoring edges...21% completed @ 2022-06-26 23:57:00.694053
Removing low scoring edges...24% completed @ 2022-06-26 23:57:00.724154
Removing low scoring edges...27% completed @ 2022-06-26 23:57:00.758318
Removing low scoring edges...30% completed @ 2022-06-26 23:57:00.796624
Removing low scoring edges...33% completed @ 2022-06-26 23:57:00.839119
Removing low scoring edges...36% completed @ 2022-06-26 23:57:00.885641
Removing low scoring edges...39% completed @ 2022-06-26 23:57:00.936025
Removing low scoring edges...42% completed @ 2022-06-26 23:57:00.990931
Removing low scoring edges...45% completed @ 2022-06-26 23:57:01.049771
Removing low scoring edges...48% completed @ 2022-06-26 23:57:01.112611
Removing low scoring edges...51% completed @ 2022-06-26 23:57:01.179454
Removing low scoring edges...54% completed @ 2022-06-26 23:57:01.250050
Removing low scoring edges...57% completed @ 2022-06-26 23:57:01.325032
Removing low scoring edges...60% completed @ 2022-06-26 23:57:01.403584
Removing low scoring edges...63% completed @ 2022-06-26 23:57:01.486621
Removing low scoring edges...66% completed @ 2022-06-26 23:57:01.574212
Removing low scoring edges...69% completed @ 2022-06-26 23:57:01.665226
Removing low scoring edges...72% completed @ 2022-06-26 23:57:01.760230
Removing low scoring edges...75% completed @ 2022-06-26 23:57:01.859695
Removing low scoring edges...78% completed @ 2022-06-26 23:57:01.963789
Removing low scoring edges...81% completed @ 2022-06-26 23:57:02.070723
Removing low scoring edges...84% completed @ 2022-06-26 23:57:02.181977
Removing low scoring edges...87% completed @ 2022-06-26 23:57:02.296994
Removing low scoring edges...90% completed @ 2022-06-26 23:57:02.416637
Removing low scoring edges...93% completed @ 2022-06-26 23:57:02.539464
Removing low scoring edges...96% completed @ 2022-06-26 23:57:02.668203
Removing low scoring edges...99% completed @ 2022-06-26 23:57:02.800493
Finalizing extended graph
303
[mcl] new tab created
[mcl] pid 527124
 ite ------------------  chaos  time hom(avg,lo,hi) expa expb expc fmv
  1  ..................   2.42  0.00 1.10/0.12/1.97 1.81 1.81 1.81  21
  2  ..................   2.32  0.00 0.80/0.34/1.13 1.06 1.05 1.90  53
  3  ..................   1.89  0.00 0.88/0.42/1.04 1.02 0.63 1.20  54
  4  ..................   0.93  0.00 0.95/0.34/1.00 1.08 0.65 0.77  27
  5  ..................   0.20  0.00 1.00/0.80/1.00 1.01 0.75 0.58  13
  6  ..................   0.01  0.00 1.00/0.99/1.00 1.00 0.81 0.47   6
  7  ..................   0.00  0.00 1.00/1.00/1.00 1.00 0.99 0.47   2
[mcl] jury pruning marks: <100,99,99>, out of 100
[mcl] jury pruning synopsis: <99.6 or perfect> (cf -scheme, -do log)
[mcl] output is in /home/wangph1/plant/data/mcl/bgSP-bgMM-k4-n3567-no1.txt
[mcl] 66 clusters found
[mcl] output is in /home/wangph1/plant/data/mcl/bgSP-bgMM-k4-n3567-no1.txt

Please cite:
    Stijn van Dongen, Graph Clustering by Flow Simulation.  PhD thesis,
    University of Utrecht, May 2000.
       (  http://www.library.uu.nl/digiarchief/dip/diss/1895620/full.pdf
       or  http://micans.org/mcl/lit/svdthesis.pdf.gz)
OR
    Stijn van Dongen, A cluster algorithm for graphs. Technical
    Report INS-R0010, National Research Institute for Mathematics
    and Computer Science in the Netherlands, Amsterdam, May 2000.
       (  http://www.cwi.nl/ftp/CWIreports/INS/INS-R0010.ps.Z
       or  http://micans.org/mcl/lit/INS-R0010.ps.Z)

/home/wangph1/plant/scripts
using old nif file for bgSP
using old nif file for bgMM
using old odv file for bgSP
using old odv file for bgMM
using old odv ort file for bgSP-bgMM
/home/wangph1/plant/data/mcl/bgSP-bgMM-k4-n3567-no1.txt
/home/wangph1/plant/networks/mcl/bgSP_marked.nif
/home/wangph1/plant/networks/mcl/bgMM_marked.nif
/home/wangph1/plant/data/mcl/fake_ort/bgSP-bgMM-k4-n3567-no1.ort
/home/wangph1/plant/data/mcl/bgSP-bgMM-k4-n3567-no1.txt
0 / 243
JOBSFINISHED
