Namespace(ag_file=['/home/wangph1/plant/data/mcl/bgRN-bgHS-k4-n3013-no1.ag'], ort_file=['/home/wangph1/plant/data/mcl/fake_ort/bgRN-bgHS-k4-n3013-no1.ort'], ppi1_file=['/home/wangph1/plant/networks/mcl/bgRN_marked.nif'], ppi2_file=['/home/wangph1/plant/networks/mcl/bgHS_marked.nif'])
Loading input data
/home/wangph1/plant/networks/mcl/bgRN_marked.nif
/home/wangph1/plant/networks/mcl/bgHS_marked.nif
/home/wangph1/plant/data/mcl/fake_ort/bgRN-bgHS-k4-n3013-no1.ort
Building the union graph
Building rev maps
Building maps
Processing net 0 - simple nodes
Processing net 1 - simple nodes
Processing composite nodes
Building igraph.Graph
Entering build_union_graph_edges
Building graph1 edges...3% completed @ 2022-06-26 23:56:30.210741
Building graph1 edges...6% completed @ 2022-06-26 23:56:30.434843
Building graph1 edges...9% completed @ 2022-06-26 23:56:30.663511
Building graph1 edges...12% completed @ 2022-06-26 23:56:30.887595
Building graph1 edges...15% completed @ 2022-06-26 23:56:31.114255
Building graph1 edges...18% completed @ 2022-06-26 23:56:31.338097
Building graph1 edges...21% completed @ 2022-06-26 23:56:31.562007
Building graph1 edges...24% completed @ 2022-06-26 23:56:31.785992
Building graph1 edges...27% completed @ 2022-06-26 23:56:31.999627
Building graph1 edges...30% completed @ 2022-06-26 23:56:32.207383
Building graph1 edges...33% completed @ 2022-06-26 23:56:32.415139
Building graph1 edges...36% completed @ 2022-06-26 23:56:32.628335
Building graph1 edges...39% completed @ 2022-06-26 23:56:32.838709
Building graph1 edges...42% completed @ 2022-06-26 23:56:33.050209
Building graph1 edges...45% completed @ 2022-06-26 23:56:33.259322
Building graph1 edges...48% completed @ 2022-06-26 23:56:33.467558
Building graph1 edges...51% completed @ 2022-06-26 23:56:33.675425
Building graph1 edges...54% completed @ 2022-06-26 23:56:33.883360
Building graph1 edges...57% completed @ 2022-06-26 23:56:34.091195
Building graph1 edges...60% completed @ 2022-06-26 23:56:34.303282
Building graph1 edges...63% completed @ 2022-06-26 23:56:34.513426
Building graph1 edges...66% completed @ 2022-06-26 23:56:34.722896
Building graph1 edges...69% completed @ 2022-06-26 23:56:34.930818
Building graph1 edges...72% completed @ 2022-06-26 23:56:35.138561
Building graph1 edges...75% completed @ 2022-06-26 23:56:35.346330
Building graph1 edges...78% completed @ 2022-06-26 23:56:35.558339
Building graph1 edges...81% completed @ 2022-06-26 23:56:35.771222
Building graph1 edges...84% completed @ 2022-06-26 23:56:35.983088
Building graph1 edges...87% completed @ 2022-06-26 23:56:36.190246
Building graph1 edges...90% completed @ 2022-06-26 23:56:36.398129
Building graph1 edges...93% completed @ 2022-06-26 23:56:36.608991
Building graph1 edges...96% completed @ 2022-06-26 23:56:36.817374
Building graph1 edges...99% completed @ 2022-06-26 23:56:37.025667
Merging conserved edges
Pruning the union graph
Building the extended union graph
Extending the union graph...10% completed @ 2022-06-26 23:56:41.191066
Extending the union graph...20% completed @ 2022-06-26 23:56:41.202922
Extending the union graph...30% completed @ 2022-06-26 23:56:41.214634
Extending the union graph...40% completed @ 2022-06-26 23:56:41.226426
Extending the union graph...50% completed @ 2022-06-26 23:56:41.238221
Extending the union graph...60% completed @ 2022-06-26 23:56:41.249995
Extending the union graph...70% completed @ 2022-06-26 23:56:41.261716
Extending the union graph...80% completed @ 2022-06-26 23:56:41.273397
Extending the union graph...90% completed @ 2022-06-26 23:56:41.285192
Edge Jaccard on extended union graph dist 1
Building the extended union graph
Extending the union graph...3% completed @ 2022-06-26 23:56:41.389506
Extending the union graph...6% completed @ 2022-06-26 23:56:41.389967
Extending the union graph...9% completed @ 2022-06-26 23:56:41.390412
Extending the union graph...12% completed @ 2022-06-26 23:56:41.390858
Extending the union graph...15% completed @ 2022-06-26 23:56:41.391300
Extending the union graph...18% completed @ 2022-06-26 23:56:41.391747
Extending the union graph...21% completed @ 2022-06-26 23:56:41.392200
Extending the union graph...24% completed @ 2022-06-26 23:56:41.392650
Extending the union graph...27% completed @ 2022-06-26 23:56:41.393097
Extending the union graph...30% completed @ 2022-06-26 23:56:41.393541
Extending the union graph...33% completed @ 2022-06-26 23:56:41.393985
Extending the union graph...36% completed @ 2022-06-26 23:56:41.394424
Extending the union graph...39% completed @ 2022-06-26 23:56:41.394867
Extending the union graph...42% completed @ 2022-06-26 23:56:41.395308
Extending the union graph...45% completed @ 2022-06-26 23:56:41.395744
Extending the union graph...48% completed @ 2022-06-26 23:56:41.396199
Extending the union graph...51% completed @ 2022-06-26 23:56:41.396640
Extending the union graph...54% completed @ 2022-06-26 23:56:41.397085
Extending the union graph...57% completed @ 2022-06-26 23:56:41.397523
Extending the union graph...60% completed @ 2022-06-26 23:56:41.397963
Extending the union graph...63% completed @ 2022-06-26 23:56:41.398404
Extending the union graph...66% completed @ 2022-06-26 23:56:41.398841
Extending the union graph...69% completed @ 2022-06-26 23:56:41.399276
Extending the union graph...72% completed @ 2022-06-26 23:56:41.399719
Extending the union graph...75% completed @ 2022-06-26 23:56:41.400168
Extending the union graph...78% completed @ 2022-06-26 23:56:41.400613
Extending the union graph...81% completed @ 2022-06-26 23:56:41.401050
Extending the union graph...84% completed @ 2022-06-26 23:56:41.401486
Extending the union graph...87% completed @ 2022-06-26 23:56:41.401926
Extending the union graph...90% completed @ 2022-06-26 23:56:41.402362
Extending the union graph...93% completed @ 2022-06-26 23:56:41.402804
Extending the union graph...96% completed @ 2022-06-26 23:56:41.403239
Extending the union graph...99% completed @ 2022-06-26 23:56:41.403681
Evaluating vertex sums
Extending the union graph...3% completed @ 2022-06-26 23:56:41.450275
Extending the union graph...6% completed @ 2022-06-26 23:56:41.495907
Extending the union graph...9% completed @ 2022-06-26 23:56:41.541886
Extending the union graph...12% completed @ 2022-06-26 23:56:41.587539
Extending the union graph...15% completed @ 2022-06-26 23:56:41.633047
Extending the union graph...18% completed @ 2022-06-26 23:56:41.678919
Extending the union graph...21% completed @ 2022-06-26 23:56:41.724240
Extending the union graph...24% completed @ 2022-06-26 23:56:41.769930
Extending the union graph...27% completed @ 2022-06-26 23:56:41.815356
Extending the union graph...30% completed @ 2022-06-26 23:56:41.860620
Extending the union graph...33% completed @ 2022-06-26 23:56:41.905764
Extending the union graph...36% completed @ 2022-06-26 23:56:41.950323
Extending the union graph...39% completed @ 2022-06-26 23:56:41.995181
Extending the union graph...42% completed @ 2022-06-26 23:56:42.039660
Extending the union graph...45% completed @ 2022-06-26 23:56:42.083880
Extending the union graph...48% completed @ 2022-06-26 23:56:42.128385
Extending the union graph...51% completed @ 2022-06-26 23:56:42.174572
Extending the union graph...54% completed @ 2022-06-26 23:56:42.219634
Extending the union graph...57% completed @ 2022-06-26 23:56:42.264106
Extending the union graph...60% completed @ 2022-06-26 23:56:42.308591
Extending the union graph...63% completed @ 2022-06-26 23:56:42.353278
Extending the union graph...66% completed @ 2022-06-26 23:56:42.397176
Extending the union graph...69% completed @ 2022-06-26 23:56:42.441261
Extending the union graph...72% completed @ 2022-06-26 23:56:42.485453
Extending the union graph...75% completed @ 2022-06-26 23:56:42.529718
Extending the union graph...78% completed @ 2022-06-26 23:56:42.573604
Extending the union graph...81% completed @ 2022-06-26 23:56:42.616498
Extending the union graph...84% completed @ 2022-06-26 23:56:42.659384
Extending the union graph...87% completed @ 2022-06-26 23:56:42.702333
Extending the union graph...90% completed @ 2022-06-26 23:56:42.744303
Extending the union graph...93% completed @ 2022-06-26 23:56:42.786397
Extending the union graph...96% completed @ 2022-06-26 23:56:42.827860
Extending the union graph...99% completed @ 2022-06-26 23:56:42.869164
Calculating Jaccard scores sums
Calculating Jaccard scores sums...3% completed @ 2022-06-26 23:56:42.883423
Calculating Jaccard scores sums...6% completed @ 2022-06-26 23:56:42.884513
Calculating Jaccard scores sums...9% completed @ 2022-06-26 23:56:42.886259
Calculating Jaccard scores sums...12% completed @ 2022-06-26 23:56:42.888661
Calculating Jaccard scores sums...15% completed @ 2022-06-26 23:56:42.891722
Calculating Jaccard scores sums...18% completed @ 2022-06-26 23:56:42.895522
Calculating Jaccard scores sums...21% completed @ 2022-06-26 23:56:42.900016
Calculating Jaccard scores sums...24% completed @ 2022-06-26 23:56:42.905230
Calculating Jaccard scores sums...27% completed @ 2022-06-26 23:56:42.911120
Calculating Jaccard scores sums...30% completed @ 2022-06-26 23:56:42.917641
Calculating Jaccard scores sums...33% completed @ 2022-06-26 23:56:42.924944
Calculating Jaccard scores sums...36% completed @ 2022-06-26 23:56:42.932863
Calculating Jaccard scores sums...39% completed @ 2022-06-26 23:56:42.941585
Calculating Jaccard scores sums...42% completed @ 2022-06-26 23:56:42.950929
Calculating Jaccard scores sums...45% completed @ 2022-06-26 23:56:42.960926
Calculating Jaccard scores sums...48% completed @ 2022-06-26 23:56:42.971687
Calculating Jaccard scores sums...51% completed @ 2022-06-26 23:56:42.983055
Calculating Jaccard scores sums...54% completed @ 2022-06-26 23:56:42.995210
Calculating Jaccard scores sums...57% completed @ 2022-06-26 23:56:43.007951
Calculating Jaccard scores sums...60% completed @ 2022-06-26 23:56:43.021426
Calculating Jaccard scores sums...63% completed @ 2022-06-26 23:56:43.035731
Calculating Jaccard scores sums...66% completed @ 2022-06-26 23:56:43.050606
Calculating Jaccard scores sums...69% completed @ 2022-06-26 23:56:43.066139
Calculating Jaccard scores sums...72% completed @ 2022-06-26 23:56:43.082578
Calculating Jaccard scores sums...75% completed @ 2022-06-26 23:56:43.099470
Calculating Jaccard scores sums...78% completed @ 2022-06-26 23:56:43.117305
Calculating Jaccard scores sums...81% completed @ 2022-06-26 23:56:43.135597
Calculating Jaccard scores sums...84% completed @ 2022-06-26 23:56:43.154660
Calculating Jaccard scores sums...87% completed @ 2022-06-26 23:56:43.174536
Calculating Jaccard scores sums...90% completed @ 2022-06-26 23:56:43.194890
Calculating Jaccard scores sums...93% completed @ 2022-06-26 23:56:43.216242
Calculating Jaccard scores sums...96% completed @ 2022-06-26 23:56:43.237980
Calculating Jaccard scores sums...99% completed @ 2022-06-26 23:56:43.260433
Injecting direct edges contribution
Obtaining max scores per vertex
Obtaining max scores per vertex...3% completed @ 2022-06-26 23:56:43.343923
Obtaining max scores per vertex...6% completed @ 2022-06-26 23:56:43.418687
Obtaining max scores per vertex...9% completed @ 2022-06-26 23:56:43.495040
Obtaining max scores per vertex...12% completed @ 2022-06-26 23:56:43.569950
Obtaining max scores per vertex...15% completed @ 2022-06-26 23:56:43.644823
Obtaining max scores per vertex...18% completed @ 2022-06-26 23:56:43.720197
Obtaining max scores per vertex...21% completed @ 2022-06-26 23:56:43.794848
Obtaining max scores per vertex...24% completed @ 2022-06-26 23:56:43.870145
Obtaining max scores per vertex...27% completed @ 2022-06-26 23:56:43.944853
Obtaining max scores per vertex...30% completed @ 2022-06-26 23:56:44.019033
Obtaining max scores per vertex...33% completed @ 2022-06-26 23:56:44.093812
Obtaining max scores per vertex...36% completed @ 2022-06-26 23:56:44.169232
Obtaining max scores per vertex...39% completed @ 2022-06-26 23:56:44.245298
Obtaining max scores per vertex...42% completed @ 2022-06-26 23:56:44.323209
Obtaining max scores per vertex...45% completed @ 2022-06-26 23:56:44.396808
Obtaining max scores per vertex...48% completed @ 2022-06-26 23:56:44.471077
Obtaining max scores per vertex...51% completed @ 2022-06-26 23:56:44.544233
Obtaining max scores per vertex...54% completed @ 2022-06-26 23:56:44.618153
Obtaining max scores per vertex...57% completed @ 2022-06-26 23:56:44.691014
Obtaining max scores per vertex...60% completed @ 2022-06-26 23:56:44.763855
Obtaining max scores per vertex...63% completed @ 2022-06-26 23:56:44.837445
Obtaining max scores per vertex...66% completed @ 2022-06-26 23:56:44.909941
Obtaining max scores per vertex...69% completed @ 2022-06-26 23:56:44.982467
Obtaining max scores per vertex...72% completed @ 2022-06-26 23:56:45.055443
Obtaining max scores per vertex...75% completed @ 2022-06-26 23:56:45.127551
Obtaining max scores per vertex...78% completed @ 2022-06-26 23:56:45.200188
Obtaining max scores per vertex...81% completed @ 2022-06-26 23:56:45.272131
Obtaining max scores per vertex...84% completed @ 2022-06-26 23:56:45.344078
Obtaining max scores per vertex...87% completed @ 2022-06-26 23:56:45.416487
Obtaining max scores per vertex...90% completed @ 2022-06-26 23:56:45.487883
Obtaining max scores per vertex...93% completed @ 2022-06-26 23:56:45.559940
Obtaining max scores per vertex...96% completed @ 2022-06-26 23:56:45.631043
Obtaining max scores per vertex...99% completed @ 2022-06-26 23:56:45.702323
Removing low scoring edges
Removing low scoring edges...3% completed @ 2022-06-26 23:56:45.727587
Removing low scoring edges...6% completed @ 2022-06-26 23:56:45.731932
Removing low scoring edges...9% completed @ 2022-06-26 23:56:45.738992
Removing low scoring edges...12% completed @ 2022-06-26 23:56:45.748838
Removing low scoring edges...15% completed @ 2022-06-26 23:56:45.761731
Removing low scoring edges...18% completed @ 2022-06-26 23:56:45.777650
Removing low scoring edges...21% completed @ 2022-06-26 23:56:45.796258
Removing low scoring edges...24% completed @ 2022-06-26 23:56:45.818008
Removing low scoring edges...27% completed @ 2022-06-26 23:56:45.842507
Removing low scoring edges...30% completed @ 2022-06-26 23:56:45.869791
Removing low scoring edges...33% completed @ 2022-06-26 23:56:45.899870
Removing low scoring edges...36% completed @ 2022-06-26 23:56:45.932919
Removing low scoring edges...39% completed @ 2022-06-26 23:56:45.969274
Removing low scoring edges...42% completed @ 2022-06-26 23:56:46.007552
Removing low scoring edges...45% completed @ 2022-06-26 23:56:46.049015
Removing low scoring edges...48% completed @ 2022-06-26 23:56:46.093776
Removing low scoring edges...51% completed @ 2022-06-26 23:56:46.140930
Removing low scoring edges...54% completed @ 2022-06-26 23:56:46.191481
Removing low scoring edges...57% completed @ 2022-06-26 23:56:46.244274
Removing low scoring edges...60% completed @ 2022-06-26 23:56:46.300050
Removing low scoring edges...63% completed @ 2022-06-26 23:56:46.359228
Removing low scoring edges...66% completed @ 2022-06-26 23:56:46.420651
Removing low scoring edges...69% completed @ 2022-06-26 23:56:46.484874
Removing low scoring edges...72% completed @ 2022-06-26 23:56:46.552755
Removing low scoring edges...75% completed @ 2022-06-26 23:56:46.622674
Removing low scoring edges...78% completed @ 2022-06-26 23:56:46.696049
Removing low scoring edges...81% completed @ 2022-06-26 23:56:46.771449
Removing low scoring edges...84% completed @ 2022-06-26 23:56:46.850219
Removing low scoring edges...87% completed @ 2022-06-26 23:56:46.932497
Removing low scoring edges...90% completed @ 2022-06-26 23:56:47.016087
Removing low scoring edges...93% completed @ 2022-06-26 23:56:47.104214
Removing low scoring edges...96% completed @ 2022-06-26 23:56:47.194244
Removing low scoring edges...99% completed @ 2022-06-26 23:56:47.287012
Finalizing extended graph
0
[mclxIOstreamIn] no assignments yield void/empty matrix
[mcl] new tab created
___ [mclAlgorithmStart] attempting to cluster the void
[mcl] pid 515797
 ite   chaos  time hom(avg,lo,hi) expa expb expc fmv
  1  ./alignMCL.sh: line 11: 515797 Segmentation fault      (core dumped) ./mcl/bin/mcl ${OUT_FILE}.ag -o ${OUT_FILE}.txt -I 2.8 --abc
/home/wangph1/plant/scripts
using old nif file for bgRN
using old nif file for bgHS
using old odv file for bgRN
using old odv file for bgHS
using old odv ort file for bgRN-bgHS
/home/wangph1/plant/data/mcl/bgRN-bgHS-k4-n3013-no1.txt
/home/wangph1/plant/networks/mcl/bgRN_marked.nif
/home/wangph1/plant/networks/mcl/bgHS_marked.nif
/home/wangph1/plant/data/mcl/fake_ort/bgRN-bgHS-k4-n3013-no1.ort
/home/wangph1/plant/data/mcl/bgRN-bgHS-k4-n3013-no1.txt
Traceback (most recent call last):
  File "/home/wangph1/plant/scripts/mcl_helpers.py", line 132, in <module>
    full_local_run_mcl(gtag1, gtag2, notes=notes)
  File "/home/wangph1/plant/scripts/mcl_helpers.py", line 117, in full_local_run_mcl
    process_mcl(gtag1, gtag2, notes=notes)
  File "/home/wangph1/plant/scripts/mcl_helpers.py", line 105, in process_mcl
    num_ort, num_pairs = evaluate_alignment(gtag1, gtag2, notes=notes)
  File "/home/wangph1/plant/scripts/mcl_helpers.py", line 88, in evaluate_alignment
    m2m_pairs = read_in_slashes_m2m(out_path)
  File "/home/wangph1/plant/scripts/file_helpers.py", line 47, in read_in_slashes_m2m
    with open(m2m_path, 'r') as f:
FileNotFoundError: [Errno 2] No such file or directory: '/home/wangph1/plant/data/mcl/bgRN-bgHS-k4-n3013-no1.txt'
JOBSFINISHED
