Namespace(ag_file=['/home/wangph1/plant/data/mcl/bgSP-bgSC-k4-n3567-no1.ag'], ort_file=['/home/wangph1/plant/data/mcl/fake_ort/bgSP-bgSC-k4-n3567-no1.ort'], ppi1_file=['/home/wangph1/plant/networks/mcl/bgSP_marked.nif'], ppi2_file=['/home/wangph1/plant/networks/mcl/bgSC_marked.nif'])
Loading input data
/home/wangph1/plant/networks/mcl/bgSP_marked.nif
/home/wangph1/plant/networks/mcl/bgSC_marked.nif
/home/wangph1/plant/data/mcl/fake_ort/bgSP-bgSC-k4-n3567-no1.ort
Building the union graph
Building rev maps
Building maps
Processing net 0 - simple nodes
Processing net 1 - simple nodes
Processing composite nodes
Building igraph.Graph
Entering build_union_graph_edges
Building graph1 edges...3% completed @ 2022-06-26 23:56:21.822540
Building graph1 edges...6% completed @ 2022-06-26 23:56:22.889348
Building graph1 edges...9% completed @ 2022-06-26 23:56:23.911785
Building graph1 edges...12% completed @ 2022-06-26 23:56:24.935258
Building graph1 edges...15% completed @ 2022-06-26 23:56:25.961885
Building graph1 edges...18% completed @ 2022-06-26 23:56:27.000242
Building graph1 edges...21% completed @ 2022-06-26 23:56:28.035260
Building graph1 edges...24% completed @ 2022-06-26 23:56:29.055772
Building graph1 edges...27% completed @ 2022-06-26 23:56:30.090039
Building graph1 edges...30% completed @ 2022-06-26 23:56:31.114674
Building graph1 edges...33% completed @ 2022-06-26 23:56:32.137362
Building graph1 edges...36% completed @ 2022-06-26 23:56:33.161814
Building graph1 edges...39% completed @ 2022-06-26 23:56:34.192456
Building graph1 edges...42% completed @ 2022-06-26 23:56:35.217646
Building graph1 edges...45% completed @ 2022-06-26 23:56:36.238637
Building graph1 edges...48% completed @ 2022-06-26 23:56:37.260816
Building graph1 edges...51% completed @ 2022-06-26 23:56:38.280640
Building graph1 edges...54% completed @ 2022-06-26 23:56:39.304229
Building graph1 edges...57% completed @ 2022-06-26 23:56:40.327405
Building graph1 edges...60% completed @ 2022-06-26 23:56:41.353676
Building graph1 edges...63% completed @ 2022-06-26 23:56:42.384864
Building graph1 edges...66% completed @ 2022-06-26 23:56:43.404619
Building graph1 edges...69% completed @ 2022-06-26 23:56:44.426611
Building graph1 edges...72% completed @ 2022-06-26 23:56:45.452274
Building graph1 edges...75% completed @ 2022-06-26 23:56:46.474923
Building graph1 edges...78% completed @ 2022-06-26 23:56:47.499532
Building graph1 edges...81% completed @ 2022-06-26 23:56:48.522527
Building graph1 edges...84% completed @ 2022-06-26 23:56:49.545098
Building graph1 edges...87% completed @ 2022-06-26 23:56:50.564906
Building graph1 edges...90% completed @ 2022-06-26 23:56:51.587004
Building graph1 edges...93% completed @ 2022-06-26 23:56:52.606848
Building graph1 edges...96% completed @ 2022-06-26 23:56:53.629085
Building graph1 edges...99% completed @ 2022-06-26 23:56:54.651142
Merging conserved edges
Pruning the union graph
Building the extended union graph
Extending the union graph...10% completed @ 2022-06-26 23:56:55.775314
Extending the union graph...20% completed @ 2022-06-26 23:56:55.781733
Extending the union graph...30% completed @ 2022-06-26 23:56:55.788038
Extending the union graph...40% completed @ 2022-06-26 23:56:55.795057
Extending the union graph...50% completed @ 2022-06-26 23:56:55.801693
Extending the union graph...60% completed @ 2022-06-26 23:56:55.808936
Extending the union graph...70% completed @ 2022-06-26 23:56:55.816305
Extending the union graph...80% completed @ 2022-06-26 23:56:55.825108
Extending the union graph...90% completed @ 2022-06-26 23:56:55.834143
Edge Jaccard on extended union graph dist 1
Building the extended union graph
Extending the union graph...3% completed @ 2022-06-26 23:56:55.913914
Extending the union graph...6% completed @ 2022-06-26 23:56:55.914816
Extending the union graph...9% completed @ 2022-06-26 23:56:55.915793
Extending the union graph...12% completed @ 2022-06-26 23:56:55.916922
Extending the union graph...15% completed @ 2022-06-26 23:56:55.917960
Extending the union graph...18% completed @ 2022-06-26 23:56:55.918840
Extending the union graph...21% completed @ 2022-06-26 23:56:55.919912
Extending the union graph...24% completed @ 2022-06-26 23:56:55.921129
Extending the union graph...27% completed @ 2022-06-26 23:56:55.922546
Extending the union graph...30% completed @ 2022-06-26 23:56:55.923503
Extending the union graph...33% completed @ 2022-06-26 23:56:55.924457
Extending the union graph...36% completed @ 2022-06-26 23:56:55.925484
Extending the union graph...39% completed @ 2022-06-26 23:56:55.926502
Extending the union graph...42% completed @ 2022-06-26 23:56:55.928424
Extending the union graph...45% completed @ 2022-06-26 23:56:55.929505
Extending the union graph...48% completed @ 2022-06-26 23:56:55.930549
Extending the union graph...51% completed @ 2022-06-26 23:56:55.931786
Extending the union graph...54% completed @ 2022-06-26 23:56:55.932807
Extending the union graph...57% completed @ 2022-06-26 23:56:55.933825
Extending the union graph...60% completed @ 2022-06-26 23:56:55.935086
Extending the union graph...63% completed @ 2022-06-26 23:56:55.936040
Extending the union graph...66% completed @ 2022-06-26 23:56:55.937014
Extending the union graph...69% completed @ 2022-06-26 23:56:55.937860
Extending the union graph...72% completed @ 2022-06-26 23:56:55.939078
Extending the union graph...75% completed @ 2022-06-26 23:56:55.940077
Extending the union graph...78% completed @ 2022-06-26 23:56:55.941263
Extending the union graph...81% completed @ 2022-06-26 23:56:55.942617
Extending the union graph...84% completed @ 2022-06-26 23:56:55.943558
Extending the union graph...87% completed @ 2022-06-26 23:56:55.944512
Extending the union graph...90% completed @ 2022-06-26 23:56:55.945858
Extending the union graph...93% completed @ 2022-06-26 23:56:55.946889
Extending the union graph...96% completed @ 2022-06-26 23:56:55.947779
Extending the union graph...99% completed @ 2022-06-26 23:56:55.948867
Evaluating vertex sums
Extending the union graph...3% completed @ 2022-06-26 23:56:56.018136
Extending the union graph...6% completed @ 2022-06-26 23:56:56.083379
Extending the union graph...9% completed @ 2022-06-26 23:56:56.148146
Extending the union graph...12% completed @ 2022-06-26 23:56:56.213024
Extending the union graph...15% completed @ 2022-06-26 23:56:56.277690
Extending the union graph...18% completed @ 2022-06-26 23:56:56.346837
Extending the union graph...21% completed @ 2022-06-26 23:56:56.412097
Extending the union graph...24% completed @ 2022-06-26 23:56:56.477221
Extending the union graph...27% completed @ 2022-06-26 23:56:56.541956
Extending the union graph...30% completed @ 2022-06-26 23:56:56.605993
Extending the union graph...33% completed @ 2022-06-26 23:56:56.669925
Extending the union graph...36% completed @ 2022-06-26 23:56:56.733746
Extending the union graph...39% completed @ 2022-06-26 23:56:56.797245
Extending the union graph...42% completed @ 2022-06-26 23:56:56.860385
Extending the union graph...45% completed @ 2022-06-26 23:56:56.923414
Extending the union graph...48% completed @ 2022-06-26 23:56:56.989477
Extending the union graph...51% completed @ 2022-06-26 23:56:57.053994
Extending the union graph...54% completed @ 2022-06-26 23:56:57.117052
Extending the union graph...57% completed @ 2022-06-26 23:56:57.179863
Extending the union graph...60% completed @ 2022-06-26 23:56:57.242778
Extending the union graph...63% completed @ 2022-06-26 23:56:57.305141
Extending the union graph...66% completed @ 2022-06-26 23:56:57.367465
Extending the union graph...69% completed @ 2022-06-26 23:56:57.429655
Extending the union graph...72% completed @ 2022-06-26 23:56:57.490971
Extending the union graph...75% completed @ 2022-06-26 23:56:57.551894
Extending the union graph...78% completed @ 2022-06-26 23:56:57.612280
Extending the union graph...81% completed @ 2022-06-26 23:56:57.672047
Extending the union graph...84% completed @ 2022-06-26 23:56:57.731592
Extending the union graph...87% completed @ 2022-06-26 23:56:57.791014
Extending the union graph...90% completed @ 2022-06-26 23:56:57.850025
Extending the union graph...93% completed @ 2022-06-26 23:56:57.908530
Extending the union graph...96% completed @ 2022-06-26 23:56:57.966796
Extending the union graph...99% completed @ 2022-06-26 23:56:58.024728
Calculating Jaccard scores sums
Calculating Jaccard scores sums...3% completed @ 2022-06-26 23:56:58.044356
Calculating Jaccard scores sums...6% completed @ 2022-06-26 23:56:58.045827
Calculating Jaccard scores sums...9% completed @ 2022-06-26 23:56:58.048179
Calculating Jaccard scores sums...12% completed @ 2022-06-26 23:56:58.051454
Calculating Jaccard scores sums...15% completed @ 2022-06-26 23:56:58.055917
Calculating Jaccard scores sums...18% completed @ 2022-06-26 23:56:58.061258
Calculating Jaccard scores sums...21% completed @ 2022-06-26 23:56:58.067480
Calculating Jaccard scores sums...24% completed @ 2022-06-26 23:56:58.074645
Calculating Jaccard scores sums...27% completed @ 2022-06-26 23:56:58.083171
Calculating Jaccard scores sums...30% completed @ 2022-06-26 23:56:58.092331
Calculating Jaccard scores sums...33% completed @ 2022-06-26 23:56:58.102469
Calculating Jaccard scores sums...36% completed @ 2022-06-26 23:56:58.113543
Calculating Jaccard scores sums...39% completed @ 2022-06-26 23:56:58.125579
Calculating Jaccard scores sums...42% completed @ 2022-06-26 23:56:58.139146
Calculating Jaccard scores sums...45% completed @ 2022-06-26 23:56:58.153091
Calculating Jaccard scores sums...48% completed @ 2022-06-26 23:56:58.168709
Calculating Jaccard scores sums...51% completed @ 2022-06-26 23:56:58.185392
Calculating Jaccard scores sums...54% completed @ 2022-06-26 23:56:58.202345
Calculating Jaccard scores sums...57% completed @ 2022-06-26 23:56:58.220362
Calculating Jaccard scores sums...60% completed @ 2022-06-26 23:56:58.241068
Calculating Jaccard scores sums...63% completed @ 2022-06-26 23:56:58.261953
Calculating Jaccard scores sums...66% completed @ 2022-06-26 23:56:58.282983
Calculating Jaccard scores sums...69% completed @ 2022-06-26 23:56:58.304963
Calculating Jaccard scores sums...72% completed @ 2022-06-26 23:56:58.331086
Calculating Jaccard scores sums...75% completed @ 2022-06-26 23:56:58.355232
Calculating Jaccard scores sums...78% completed @ 2022-06-26 23:56:58.380304
Calculating Jaccard scores sums...81% completed @ 2022-06-26 23:56:58.407450
Calculating Jaccard scores sums...84% completed @ 2022-06-26 23:56:58.434422
Calculating Jaccard scores sums...87% completed @ 2022-06-26 23:56:58.462400
Calculating Jaccard scores sums...90% completed @ 2022-06-26 23:56:58.492673
Calculating Jaccard scores sums...93% completed @ 2022-06-26 23:56:58.522551
Calculating Jaccard scores sums...96% completed @ 2022-06-26 23:56:58.553366
Calculating Jaccard scores sums...99% completed @ 2022-06-26 23:56:58.586565
Injecting direct edges contribution
Obtaining max scores per vertex
Obtaining max scores per vertex...3% completed @ 2022-06-26 23:56:58.704735
Obtaining max scores per vertex...6% completed @ 2022-06-26 23:56:58.810669
Obtaining max scores per vertex...9% completed @ 2022-06-26 23:56:58.916518
Obtaining max scores per vertex...12% completed @ 2022-06-26 23:56:59.022317
Obtaining max scores per vertex...15% completed @ 2022-06-26 23:56:59.128164
Obtaining max scores per vertex...18% completed @ 2022-06-26 23:56:59.233486
Obtaining max scores per vertex...21% completed @ 2022-06-26 23:56:59.338665
Obtaining max scores per vertex...24% completed @ 2022-06-26 23:56:59.443479
Obtaining max scores per vertex...27% completed @ 2022-06-26 23:56:59.548464
Obtaining max scores per vertex...30% completed @ 2022-06-26 23:56:59.652812
Obtaining max scores per vertex...33% completed @ 2022-06-26 23:56:59.756953
Obtaining max scores per vertex...36% completed @ 2022-06-26 23:56:59.861199
Obtaining max scores per vertex...39% completed @ 2022-06-26 23:56:59.970187
Obtaining max scores per vertex...42% completed @ 2022-06-26 23:57:00.075978
Obtaining max scores per vertex...45% completed @ 2022-06-26 23:57:00.181651
Obtaining max scores per vertex...48% completed @ 2022-06-26 23:57:00.286639
Obtaining max scores per vertex...51% completed @ 2022-06-26 23:57:00.389274
Obtaining max scores per vertex...54% completed @ 2022-06-26 23:57:00.491324
Obtaining max scores per vertex...57% completed @ 2022-06-26 23:57:00.593155
Obtaining max scores per vertex...60% completed @ 2022-06-26 23:57:00.695116
Obtaining max scores per vertex...63% completed @ 2022-06-26 23:57:00.796810
Obtaining max scores per vertex...66% completed @ 2022-06-26 23:57:00.898175
Obtaining max scores per vertex...69% completed @ 2022-06-26 23:57:00.999380
Obtaining max scores per vertex...72% completed @ 2022-06-26 23:57:01.100666
Obtaining max scores per vertex...75% completed @ 2022-06-26 23:57:01.201470
Obtaining max scores per vertex...78% completed @ 2022-06-26 23:57:01.301780
Obtaining max scores per vertex...81% completed @ 2022-06-26 23:57:01.401797
Obtaining max scores per vertex...84% completed @ 2022-06-26 23:57:01.501542
Obtaining max scores per vertex...87% completed @ 2022-06-26 23:57:01.600934
Obtaining max scores per vertex...90% completed @ 2022-06-26 23:57:01.700154
Obtaining max scores per vertex...93% completed @ 2022-06-26 23:57:01.799274
Obtaining max scores per vertex...96% completed @ 2022-06-26 23:57:01.897844
Obtaining max scores per vertex...99% completed @ 2022-06-26 23:57:01.996130
Removing low scoring edges
Removing low scoring edges...3% completed @ 2022-06-26 23:57:02.030457
Removing low scoring edges...6% completed @ 2022-06-26 23:57:02.036369
Removing low scoring edges...9% completed @ 2022-06-26 23:57:02.046199
Removing low scoring edges...12% completed @ 2022-06-26 23:57:02.059942
Removing low scoring edges...15% completed @ 2022-06-26 23:57:02.077919
Removing low scoring edges...18% completed @ 2022-06-26 23:57:02.099871
Removing low scoring edges...21% completed @ 2022-06-26 23:57:02.126014
Removing low scoring edges...24% completed @ 2022-06-26 23:57:02.156004
Removing low scoring edges...27% completed @ 2022-06-26 23:57:02.190121
Removing low scoring edges...30% completed @ 2022-06-26 23:57:02.228129
Removing low scoring edges...33% completed @ 2022-06-26 23:57:02.270220
Removing low scoring edges...36% completed @ 2022-06-26 23:57:02.315965
Removing low scoring edges...39% completed @ 2022-06-26 23:57:02.365414
Removing low scoring edges...42% completed @ 2022-06-26 23:57:02.419703
Removing low scoring edges...45% completed @ 2022-06-26 23:57:02.477881
Removing low scoring edges...48% completed @ 2022-06-26 23:57:02.540096
Removing low scoring edges...51% completed @ 2022-06-26 23:57:02.606112
Removing low scoring edges...54% completed @ 2022-06-26 23:57:02.676129
Removing low scoring edges...57% completed @ 2022-06-26 23:57:02.750190
Removing low scoring edges...60% completed @ 2022-06-26 23:57:02.828942
Removing low scoring edges...63% completed @ 2022-06-26 23:57:02.911285
Removing low scoring edges...66% completed @ 2022-06-26 23:57:02.997458
Removing low scoring edges...69% completed @ 2022-06-26 23:57:03.089840
Removing low scoring edges...72% completed @ 2022-06-26 23:57:03.189030
Removing low scoring edges...75% completed @ 2022-06-26 23:57:03.291272
Removing low scoring edges...78% completed @ 2022-06-26 23:57:03.396093
Removing low scoring edges...81% completed @ 2022-06-26 23:57:03.503804
Removing low scoring edges...84% completed @ 2022-06-26 23:57:03.614695
Removing low scoring edges...87% completed @ 2022-06-26 23:57:03.729800
Removing low scoring edges...90% completed @ 2022-06-26 23:57:03.848490
Removing low scoring edges...93% completed @ 2022-06-26 23:57:03.972069
Removing low scoring edges...96% completed @ 2022-06-26 23:57:04.100383
Removing low scoring edges...99% completed @ 2022-06-26 23:57:04.232313
Finalizing extended graph
137
[mcl] new tab created
[mcl] pid 518748
 ite ----------------  chaos  time hom(avg,lo,hi) expa expb expc fmv
  1  ................   5.71  0.00 1.06/0.20/1.56 3.39 3.39 3.39  86
  2  ................   3.01  0.00 0.78/0.55/1.04 1.04 0.48 1.63  88
  3  ................   1.36  0.00 0.92/0.54/1.00 2.16 0.77 1.26  88
  4  ................   0.50  0.00 0.98/0.76/1.00 1.00 0.69 0.87  88
  5  ................   0.01  0.00 1.00/0.99/1.00 1.00 0.80 0.69  49
  6  ................   0.00  0.00 1.00/1.00/1.00 1.00 0.96 0.67  29
[mcl] cut <2> instances of overlap
[mcl] jury pruning marks: <100,99,100>, out of 100
[mcl] jury pruning synopsis: <99.8 or perfect> (cf -scheme, -do log)
[mcl] output is in /home/wangph1/plant/data/mcl/bgSP-bgSC-k4-n3567-no1.txt
[mcl] 11 clusters found
[mcl] output is in /home/wangph1/plant/data/mcl/bgSP-bgSC-k4-n3567-no1.txt

Please cite:
    Stijn van Dongen, Graph Clustering by Flow Simulation.  PhD thesis,
    University of Utrecht, May 2000.
       (  http://www.library.uu.nl/digiarchief/dip/diss/1895620/full.pdf
       or  http://micans.org/mcl/lit/svdthesis.pdf.gz)
OR
    Stijn van Dongen, A cluster algorithm for graphs. Technical
    Report INS-R0010, National Research Institute for Mathematics
    and Computer Science in the Netherlands, Amsterdam, May 2000.
       (  http://www.cwi.nl/ftp/CWIreports/INS/INS-R0010.ps.Z
       or  http://micans.org/mcl/lit/INS-R0010.ps.Z)

/home/wangph1/plant/scripts
using old nif file for bgSP
using old nif file for bgSC
using old odv file for bgSP
using old odv file for bgSC
using old odv ort file for bgSP-bgSC
/home/wangph1/plant/data/mcl/bgSP-bgSC-k4-n3567-no1.txt
/home/wangph1/plant/networks/mcl/bgSP_marked.nif
/home/wangph1/plant/networks/mcl/bgSC_marked.nif
/home/wangph1/plant/data/mcl/fake_ort/bgSP-bgSC-k4-n3567-no1.ort
/home/wangph1/plant/data/mcl/bgSP-bgSC-k4-n3567-no1.txt
0 / 67
JOBSFINISHED
