Namespace(ag_file=['/home/wangph1/plant/data/mcl/SP-CE-SP-SP-CE-CE-k4-n324-no1.ag'], ort_file=['/home/wangph1/plant/data/mcl/fake_ort/SP-CE-SP-SP-CE-CE-k4-n324-no1.ort'], ppi1_file=['/home/wangph1/plant/networks/mcl/SP-CE-SP_marked.nif'], ppi2_file=['/home/wangph1/plant/networks/mcl/SP-CE-CE_marked.nif'])
Loading input data
/home/wangph1/plant/networks/mcl/SP-CE-SP_marked.nif
/home/wangph1/plant/networks/mcl/SP-CE-CE_marked.nif
/home/wangph1/plant/data/mcl/fake_ort/SP-CE-SP-SP-CE-CE-k4-n324-no1.ort
Building the union graph
Building rev maps
Building maps
Processing net 0 - simple nodes
Processing net 1 - simple nodes
Processing composite nodes
Building igraph.Graph
Entering build_union_graph_edges
Building graph1 edges...3% completed @ 2022-06-26 23:56:17.754319
Building graph1 edges...6% completed @ 2022-06-26 23:56:17.756746
Building graph1 edges...9% completed @ 2022-06-26 23:56:17.759151
Building graph1 edges...12% completed @ 2022-06-26 23:56:17.761566
Building graph1 edges...15% completed @ 2022-06-26 23:56:17.763980
Building graph1 edges...18% completed @ 2022-06-26 23:56:17.766388
Building graph1 edges...21% completed @ 2022-06-26 23:56:17.768804
Building graph1 edges...24% completed @ 2022-06-26 23:56:17.771206
Building graph1 edges...27% completed @ 2022-06-26 23:56:17.773619
Building graph1 edges...30% completed @ 2022-06-26 23:56:17.776117
Building graph1 edges...33% completed @ 2022-06-26 23:56:17.778524
Building graph1 edges...36% completed @ 2022-06-26 23:56:17.780938
Building graph1 edges...39% completed @ 2022-06-26 23:56:17.783352
Building graph1 edges...42% completed @ 2022-06-26 23:56:17.785765
Building graph1 edges...45% completed @ 2022-06-26 23:56:17.788055
Building graph1 edges...48% completed @ 2022-06-26 23:56:17.790463
Building graph1 edges...51% completed @ 2022-06-26 23:56:17.792879
Building graph1 edges...54% completed @ 2022-06-26 23:56:17.795290
Building graph1 edges...57% completed @ 2022-06-26 23:56:17.797700
Building graph1 edges...60% completed @ 2022-06-26 23:56:17.800114
Building graph1 edges...63% completed @ 2022-06-26 23:56:17.802524
Building graph1 edges...66% completed @ 2022-06-26 23:56:17.804964
Building graph1 edges...69% completed @ 2022-06-26 23:56:17.807372
Building graph1 edges...72% completed @ 2022-06-26 23:56:17.809786
Building graph1 edges...75% completed @ 2022-06-26 23:56:17.812202
Building graph1 edges...78% completed @ 2022-06-26 23:56:17.814610
Building graph1 edges...81% completed @ 2022-06-26 23:56:17.817026
Building graph1 edges...84% completed @ 2022-06-26 23:56:17.819432
Building graph1 edges...87% completed @ 2022-06-26 23:56:17.821724
Building graph1 edges...90% completed @ 2022-06-26 23:56:17.824140
Building graph1 edges...93% completed @ 2022-06-26 23:56:17.826552
Building graph1 edges...96% completed @ 2022-06-26 23:56:17.828968
Building graph1 edges...99% completed @ 2022-06-26 23:56:17.831377
Merging conserved edges
Pruning the union graph
Building the extended union graph
Extending the union graph...10% completed @ 2022-06-26 23:56:17.842783
Extending the union graph...20% completed @ 2022-06-26 23:56:17.843310
Extending the union graph...30% completed @ 2022-06-26 23:56:17.843835
Extending the union graph...40% completed @ 2022-06-26 23:56:17.844484
Extending the union graph...50% completed @ 2022-06-26 23:56:17.845099
Extending the union graph...60% completed @ 2022-06-26 23:56:17.845743
Extending the union graph...70% completed @ 2022-06-26 23:56:17.846497
Extending the union graph...80% completed @ 2022-06-26 23:56:17.847378
Extending the union graph...90% completed @ 2022-06-26 23:56:17.848224
Edge Jaccard on extended union graph dist 1
Building the extended union graph
Extending the union graph...3% completed @ 2022-06-26 23:56:17.852812
Extending the union graph...6% completed @ 2022-06-26 23:56:17.852936
Extending the union graph...9% completed @ 2022-06-26 23:56:17.853041
Extending the union graph...12% completed @ 2022-06-26 23:56:17.853139
Extending the union graph...15% completed @ 2022-06-26 23:56:17.853227
Extending the union graph...18% completed @ 2022-06-26 23:56:17.853343
Extending the union graph...21% completed @ 2022-06-26 23:56:17.853529
Extending the union graph...24% completed @ 2022-06-26 23:56:17.853617
Extending the union graph...27% completed @ 2022-06-26 23:56:17.853706
Extending the union graph...30% completed @ 2022-06-26 23:56:17.853918
Extending the union graph...33% completed @ 2022-06-26 23:56:17.854000
Extending the union graph...36% completed @ 2022-06-26 23:56:17.854101
Extending the union graph...39% completed @ 2022-06-26 23:56:17.854194
Extending the union graph...42% completed @ 2022-06-26 23:56:17.854302
Extending the union graph...45% completed @ 2022-06-26 23:56:17.854910
Extending the union graph...48% completed @ 2022-06-26 23:56:17.855020
Extending the union graph...51% completed @ 2022-06-26 23:56:17.855156
Extending the union graph...54% completed @ 2022-06-26 23:56:17.855246
Extending the union graph...57% completed @ 2022-06-26 23:56:17.855404
Extending the union graph...60% completed @ 2022-06-26 23:56:17.855501
Extending the union graph...63% completed @ 2022-06-26 23:56:17.855588
Extending the union graph...66% completed @ 2022-06-26 23:56:17.855683
Extending the union graph...69% completed @ 2022-06-26 23:56:17.855899
Extending the union graph...72% completed @ 2022-06-26 23:56:17.856001
Extending the union graph...75% completed @ 2022-06-26 23:56:17.856107
Extending the union graph...78% completed @ 2022-06-26 23:56:17.856476
Extending the union graph...81% completed @ 2022-06-26 23:56:17.856579
Extending the union graph...84% completed @ 2022-06-26 23:56:17.856699
Extending the union graph...87% completed @ 2022-06-26 23:56:17.857066
Extending the union graph...90% completed @ 2022-06-26 23:56:17.857188
Extending the union graph...93% completed @ 2022-06-26 23:56:17.857358
Extending the union graph...96% completed @ 2022-06-26 23:56:17.857496
Extending the union graph...99% completed @ 2022-06-26 23:56:17.857678
Evaluating vertex sums
Extending the union graph...3% completed @ 2022-06-26 23:56:17.858274
Extending the union graph...6% completed @ 2022-06-26 23:56:17.858830
Extending the union graph...9% completed @ 2022-06-26 23:56:17.859379
Extending the union graph...12% completed @ 2022-06-26 23:56:17.859884
Extending the union graph...15% completed @ 2022-06-26 23:56:17.860434
Extending the union graph...18% completed @ 2022-06-26 23:56:17.860989
Extending the union graph...21% completed @ 2022-06-26 23:56:17.861545
Extending the union graph...24% completed @ 2022-06-26 23:56:17.862036
Extending the union graph...27% completed @ 2022-06-26 23:56:17.862581
Extending the union graph...30% completed @ 2022-06-26 23:56:17.863137
Extending the union graph...33% completed @ 2022-06-26 23:56:17.863627
Extending the union graph...36% completed @ 2022-06-26 23:56:17.864182
Extending the union graph...39% completed @ 2022-06-26 23:56:17.864727
Extending the union graph...42% completed @ 2022-06-26 23:56:17.865280
Extending the union graph...45% completed @ 2022-06-26 23:56:17.865779
Extending the union graph...48% completed @ 2022-06-26 23:56:17.866330
Extending the union graph...51% completed @ 2022-06-26 23:56:17.866886
Extending the union graph...54% completed @ 2022-06-26 23:56:17.867396
Extending the union graph...57% completed @ 2022-06-26 23:56:17.867965
Extending the union graph...60% completed @ 2022-06-26 23:56:17.868517
Extending the union graph...63% completed @ 2022-06-26 23:56:17.869071
Extending the union graph...66% completed @ 2022-06-26 23:56:17.869557
Extending the union graph...69% completed @ 2022-06-26 23:56:17.870110
Extending the union graph...72% completed @ 2022-06-26 23:56:17.870647
Extending the union graph...75% completed @ 2022-06-26 23:56:17.871141
Extending the union graph...78% completed @ 2022-06-26 23:56:17.871714
Extending the union graph...81% completed @ 2022-06-26 23:56:17.872268
Extending the union graph...84% completed @ 2022-06-26 23:56:17.872823
Extending the union graph...87% completed @ 2022-06-26 23:56:17.873332
Extending the union graph...90% completed @ 2022-06-26 23:56:17.873887
Extending the union graph...93% completed @ 2022-06-26 23:56:17.874465
Extending the union graph...96% completed @ 2022-06-26 23:56:17.875028
Extending the union graph...99% completed @ 2022-06-26 23:56:17.875552
Calculating Jaccard scores sums
Calculating Jaccard scores sums...3% completed @ 2022-06-26 23:56:17.875749
Calculating Jaccard scores sums...6% completed @ 2022-06-26 23:56:17.875800
Calculating Jaccard scores sums...9% completed @ 2022-06-26 23:56:17.875903
Calculating Jaccard scores sums...12% completed @ 2022-06-26 23:56:17.876002
Calculating Jaccard scores sums...15% completed @ 2022-06-26 23:56:17.876118
Calculating Jaccard scores sums...18% completed @ 2022-06-26 23:56:17.876292
Calculating Jaccard scores sums...21% completed @ 2022-06-26 23:56:17.876474
Calculating Jaccard scores sums...24% completed @ 2022-06-26 23:56:17.876610
Calculating Jaccard scores sums...27% completed @ 2022-06-26 23:56:17.876800
Calculating Jaccard scores sums...30% completed @ 2022-06-26 23:56:17.877048
Calculating Jaccard scores sums...33% completed @ 2022-06-26 23:56:17.877216
Calculating Jaccard scores sums...36% completed @ 2022-06-26 23:56:17.877506
Calculating Jaccard scores sums...39% completed @ 2022-06-26 23:56:17.877721
Calculating Jaccard scores sums...42% completed @ 2022-06-26 23:56:17.878052
Calculating Jaccard scores sums...45% completed @ 2022-06-26 23:56:17.878499
Calculating Jaccard scores sums...48% completed @ 2022-06-26 23:56:17.878890
Calculating Jaccard scores sums...51% completed @ 2022-06-26 23:56:17.879430
Calculating Jaccard scores sums...54% completed @ 2022-06-26 23:56:17.879988
Calculating Jaccard scores sums...57% completed @ 2022-06-26 23:56:17.880533
Calculating Jaccard scores sums...60% completed @ 2022-06-26 23:56:17.881041
Calculating Jaccard scores sums...63% completed @ 2022-06-26 23:56:17.881579
Calculating Jaccard scores sums...66% completed @ 2022-06-26 23:56:17.881950
Calculating Jaccard scores sums...69% completed @ 2022-06-26 23:56:17.882612
Calculating Jaccard scores sums...72% completed @ 2022-06-26 23:56:17.883052
Calculating Jaccard scores sums...75% completed @ 2022-06-26 23:56:17.883635
Calculating Jaccard scores sums...78% completed @ 2022-06-26 23:56:17.884730
Calculating Jaccard scores sums...81% completed @ 2022-06-26 23:56:17.885329
Calculating Jaccard scores sums...84% completed @ 2022-06-26 23:56:17.886041
Calculating Jaccard scores sums...87% completed @ 2022-06-26 23:56:17.887011
Calculating Jaccard scores sums...90% completed @ 2022-06-26 23:56:17.887900
Calculating Jaccard scores sums...93% completed @ 2022-06-26 23:56:17.888600
Calculating Jaccard scores sums...96% completed @ 2022-06-26 23:56:17.889645
Calculating Jaccard scores sums...99% completed @ 2022-06-26 23:56:17.890769
Injecting direct edges contribution
Obtaining max scores per vertex
Obtaining max scores per vertex...3% completed @ 2022-06-26 23:56:17.892071
Obtaining max scores per vertex...6% completed @ 2022-06-26 23:56:17.893009
Obtaining max scores per vertex...9% completed @ 2022-06-26 23:56:17.893945
Obtaining max scores per vertex...12% completed @ 2022-06-26 23:56:17.894789
Obtaining max scores per vertex...15% completed @ 2022-06-26 23:56:17.895718
Obtaining max scores per vertex...18% completed @ 2022-06-26 23:56:17.896661
Obtaining max scores per vertex...21% completed @ 2022-06-26 23:56:17.897592
Obtaining max scores per vertex...24% completed @ 2022-06-26 23:56:17.898429
Obtaining max scores per vertex...27% completed @ 2022-06-26 23:56:17.899353
Obtaining max scores per vertex...30% completed @ 2022-06-26 23:56:17.900291
Obtaining max scores per vertex...33% completed @ 2022-06-26 23:56:17.901125
Obtaining max scores per vertex...36% completed @ 2022-06-26 23:56:17.902054
Obtaining max scores per vertex...39% completed @ 2022-06-26 23:56:17.902982
Obtaining max scores per vertex...42% completed @ 2022-06-26 23:56:17.903918
Obtaining max scores per vertex...45% completed @ 2022-06-26 23:56:17.904763
Obtaining max scores per vertex...48% completed @ 2022-06-26 23:56:17.905689
Obtaining max scores per vertex...51% completed @ 2022-06-26 23:56:17.906621
Obtaining max scores per vertex...54% completed @ 2022-06-26 23:56:17.907457
Obtaining max scores per vertex...57% completed @ 2022-06-26 23:56:17.908390
Obtaining max scores per vertex...60% completed @ 2022-06-26 23:56:17.909319
Obtaining max scores per vertex...63% completed @ 2022-06-26 23:56:17.910242
Obtaining max scores per vertex...66% completed @ 2022-06-26 23:56:17.911080
Obtaining max scores per vertex...69% completed @ 2022-06-26 23:56:17.912011
Obtaining max scores per vertex...72% completed @ 2022-06-26 23:56:17.912932
Obtaining max scores per vertex...75% completed @ 2022-06-26 23:56:17.913762
Obtaining max scores per vertex...78% completed @ 2022-06-26 23:56:17.914687
Obtaining max scores per vertex...81% completed @ 2022-06-26 23:56:17.915612
Obtaining max scores per vertex...84% completed @ 2022-06-26 23:56:17.916550
Obtaining max scores per vertex...87% completed @ 2022-06-26 23:56:17.917397
Obtaining max scores per vertex...90% completed @ 2022-06-26 23:56:17.918329
Obtaining max scores per vertex...93% completed @ 2022-06-26 23:56:17.919261
Obtaining max scores per vertex...96% completed @ 2022-06-26 23:56:17.920198
Obtaining max scores per vertex...99% completed @ 2022-06-26 23:56:17.921034
Removing low scoring edges
Removing low scoring edges...3% completed @ 2022-06-26 23:56:17.921356
Removing low scoring edges...6% completed @ 2022-06-26 23:56:17.921437
Removing low scoring edges...9% completed @ 2022-06-26 23:56:17.921552
Removing low scoring edges...12% completed @ 2022-06-26 23:56:17.921692
Removing low scoring edges...15% completed @ 2022-06-26 23:56:17.921880
Removing low scoring edges...18% completed @ 2022-06-26 23:56:17.922112
Removing low scoring edges...21% completed @ 2022-06-26 23:56:17.922382
Removing low scoring edges...24% completed @ 2022-06-26 23:56:17.922655
Removing low scoring edges...27% completed @ 2022-06-26 23:56:17.922990
Removing low scoring edges...30% completed @ 2022-06-26 23:56:17.923376
Removing low scoring edges...33% completed @ 2022-06-26 23:56:17.923742
Removing low scoring edges...36% completed @ 2022-06-26 23:56:17.924205
Removing low scoring edges...39% completed @ 2022-06-26 23:56:17.924692
Removing low scoring edges...42% completed @ 2022-06-26 23:56:17.925222
Removing low scoring edges...45% completed @ 2022-06-26 23:56:17.925742
Removing low scoring edges...48% completed @ 2022-06-26 23:56:17.926331
Removing low scoring edges...51% completed @ 2022-06-26 23:56:17.926976
Removing low scoring edges...54% completed @ 2022-06-26 23:56:17.927605
Removing low scoring edges...57% completed @ 2022-06-26 23:56:17.928317
Removing low scoring edges...60% completed @ 2022-06-26 23:56:17.929077
Removing low scoring edges...63% completed @ 2022-06-26 23:56:17.929852
Removing low scoring edges...66% completed @ 2022-06-26 23:56:17.930607
Removing low scoring edges...69% completed @ 2022-06-26 23:56:17.931485
Removing low scoring edges...72% completed @ 2022-06-26 23:56:17.932360
Removing low scoring edges...75% completed @ 2022-06-26 23:56:17.933188
Removing low scoring edges...78% completed @ 2022-06-26 23:56:17.934184
Removing low scoring edges...81% completed @ 2022-06-26 23:56:17.935186
Removing low scoring edges...84% completed @ 2022-06-26 23:56:17.936247
Removing low scoring edges...87% completed @ 2022-06-26 23:56:17.937284
Removing low scoring edges...90% completed @ 2022-06-26 23:56:17.938408
Removing low scoring edges...93% completed @ 2022-06-26 23:56:17.939601
Removing low scoring edges...96% completed @ 2022-06-26 23:56:17.940858
Removing low scoring edges...99% completed @ 2022-06-26 23:56:17.942020
Finalizing extended graph
205
[mcl] new tab created
[mcl] pid 50701
 ite -------------------  chaos  time hom(avg,lo,hi) expa expb expc fmv
  1  ...................   4.68  0.00 1.10/0.16/1.73 1.98 1.98 1.98  78
  2  ...................   4.59  0.00 0.84/0.45/1.35 1.75 1.26 2.50  86
  3  ...................   3.24  0.00 0.79/0.39/1.12 1.66 0.64 1.61  86
  4  ...................   1.97  0.00 0.94/0.41/1.44 1.19 0.58 0.94  76
  5  ...................   1.13  0.00 0.95/0.51/1.01 1.10 0.52 0.49  45
  6  ...................   0.04  0.00 1.00/0.96/1.00 1.00 0.75 0.37  12
  7  ...................   0.00  0.00 1.00/1.00/1.00 1.00 0.87 0.32   0
[mcl] cut <5> instances of overlap
[mcl] jury pruning marks: <100,99,99>, out of 100
[mcl] jury pruning synopsis: <99.6 or perfect> (cf -scheme, -do log)
[mcl] output is in /home/wangph1/plant/data/mcl/SP-CE-SP-SP-CE-CE-k4-n324-no1.txt
[mcl] 34 clusters found
[mcl] output is in /home/wangph1/plant/data/mcl/SP-CE-SP-SP-CE-CE-k4-n324-no1.txt

Please cite:
    Stijn van Dongen, Graph Clustering by Flow Simulation.  PhD thesis,
    University of Utrecht, May 2000.
       (  http://www.library.uu.nl/digiarchief/dip/diss/1895620/full.pdf
       or  http://micans.org/mcl/lit/svdthesis.pdf.gz)
OR
    Stijn van Dongen, A cluster algorithm for graphs. Technical
    Report INS-R0010, National Research Institute for Mathematics
    and Computer Science in the Netherlands, Amsterdam, May 2000.
       (  http://www.cwi.nl/ftp/CWIreports/INS/INS-R0010.ps.Z
       or  http://micans.org/mcl/lit/INS-R0010.ps.Z)

/home/wangph1/plant/scripts
using old nif file for SP-CE-SP
using old nif file for SP-CE-CE
using old odv file for SP-CE-SP
using old odv file for SP-CE-CE
using old odv ort file for SP-CE-SP-SP-CE-CE
/home/wangph1/plant/data/mcl/SP-CE-SP-SP-CE-CE-k4-n324-no1.txt
/home/wangph1/plant/networks/mcl/SP-CE-SP_marked.nif
/home/wangph1/plant/networks/mcl/SP-CE-CE_marked.nif
/home/wangph1/plant/data/mcl/fake_ort/SP-CE-SP-SP-CE-CE-k4-n324-no1.ort
/home/wangph1/plant/data/mcl/SP-CE-SP-SP-CE-CE-k4-n324-no1.txt
0 / 117
JOBSFINISHED
