Namespace(ag_file=['/home/wangph1/plant/data/mcl/bgRN-bgAT-k4-n3013-no1.ag'], ort_file=['/home/wangph1/plant/data/mcl/fake_ort/bgRN-bgAT-k4-n3013-no1.ort'], ppi1_file=['/home/wangph1/plant/networks/mcl/bgRN_marked.nif'], ppi2_file=['/home/wangph1/plant/networks/mcl/bgAT_marked.nif'])
Loading input data
/home/wangph1/plant/networks/mcl/bgRN_marked.nif
/home/wangph1/plant/networks/mcl/bgAT_marked.nif
/home/wangph1/plant/data/mcl/fake_ort/bgRN-bgAT-k4-n3013-no1.ort
Building the union graph
Building rev maps
Building maps
Processing net 0 - simple nodes
Processing net 1 - simple nodes
Processing composite nodes
Building igraph.Graph
Entering build_union_graph_edges
Building graph1 edges...3% completed @ 2022-06-26 23:56:19.745826
Building graph1 edges...6% completed @ 2022-06-26 23:56:19.971141
Building graph1 edges...9% completed @ 2022-06-26 23:56:20.196520
Building graph1 edges...12% completed @ 2022-06-26 23:56:20.421915
Building graph1 edges...15% completed @ 2022-06-26 23:56:20.648719
Building graph1 edges...18% completed @ 2022-06-26 23:56:20.874644
Building graph1 edges...21% completed @ 2022-06-26 23:56:21.100145
Building graph1 edges...24% completed @ 2022-06-26 23:56:21.325570
Building graph1 edges...27% completed @ 2022-06-26 23:56:21.544244
Building graph1 edges...30% completed @ 2022-06-26 23:56:21.753406
Building graph1 edges...33% completed @ 2022-06-26 23:56:21.962661
Building graph1 edges...36% completed @ 2022-06-26 23:56:22.171660
Building graph1 edges...39% completed @ 2022-06-26 23:56:22.384702
Building graph1 edges...42% completed @ 2022-06-26 23:56:22.596526
Building graph1 edges...45% completed @ 2022-06-26 23:56:22.808444
Building graph1 edges...48% completed @ 2022-06-26 23:56:23.017904
Building graph1 edges...51% completed @ 2022-06-26 23:56:23.227062
Building graph1 edges...54% completed @ 2022-06-26 23:56:23.436271
Building graph1 edges...57% completed @ 2022-06-26 23:56:23.645329
Building graph1 edges...60% completed @ 2022-06-26 23:56:23.862317
Building graph1 edges...63% completed @ 2022-06-26 23:56:24.075077
Building graph1 edges...66% completed @ 2022-06-26 23:56:24.284191
Building graph1 edges...69% completed @ 2022-06-26 23:56:24.493199
Building graph1 edges...72% completed @ 2022-06-26 23:56:24.702463
Building graph1 edges...75% completed @ 2022-06-26 23:56:24.911799
Building graph1 edges...78% completed @ 2022-06-26 23:56:25.120922
Building graph1 edges...81% completed @ 2022-06-26 23:56:25.331229
Building graph1 edges...84% completed @ 2022-06-26 23:56:25.540716
Building graph1 edges...87% completed @ 2022-06-26 23:56:25.748785
Building graph1 edges...90% completed @ 2022-06-26 23:56:25.958089
Building graph1 edges...93% completed @ 2022-06-26 23:56:26.167191
Building graph1 edges...96% completed @ 2022-06-26 23:56:26.376472
Building graph1 edges...99% completed @ 2022-06-26 23:56:26.585850
Merging conserved edges
Pruning the union graph
Building the extended union graph
Extending the union graph...10% completed @ 2022-06-26 23:56:27.044175
Extending the union graph...20% completed @ 2022-06-26 23:56:27.051924
Extending the union graph...30% completed @ 2022-06-26 23:56:27.059687
Extending the union graph...40% completed @ 2022-06-26 23:56:27.067605
Extending the union graph...50% completed @ 2022-06-26 23:56:27.075329
Extending the union graph...60% completed @ 2022-06-26 23:56:27.083035
Extending the union graph...70% completed @ 2022-06-26 23:56:27.090757
Extending the union graph...80% completed @ 2022-06-26 23:56:27.098522
Extending the union graph...90% completed @ 2022-06-26 23:56:27.106346
Edge Jaccard on extended union graph dist 1
Building the extended union graph
Extending the union graph...3% completed @ 2022-06-26 23:56:27.181910
Extending the union graph...6% completed @ 2022-06-26 23:56:27.182371
Extending the union graph...9% completed @ 2022-06-26 23:56:27.182794
Extending the union graph...12% completed @ 2022-06-26 23:56:27.183222
Extending the union graph...15% completed @ 2022-06-26 23:56:27.183667
Extending the union graph...18% completed @ 2022-06-26 23:56:27.184105
Extending the union graph...21% completed @ 2022-06-26 23:56:27.184540
Extending the union graph...24% completed @ 2022-06-26 23:56:27.184978
Extending the union graph...27% completed @ 2022-06-26 23:56:27.185408
Extending the union graph...30% completed @ 2022-06-26 23:56:27.185840
Extending the union graph...33% completed @ 2022-06-26 23:56:27.186276
Extending the union graph...36% completed @ 2022-06-26 23:56:27.186707
Extending the union graph...39% completed @ 2022-06-26 23:56:27.187148
Extending the union graph...42% completed @ 2022-06-26 23:56:27.187581
Extending the union graph...45% completed @ 2022-06-26 23:56:27.188025
Extending the union graph...48% completed @ 2022-06-26 23:56:27.188462
Extending the union graph...51% completed @ 2022-06-26 23:56:27.188892
Extending the union graph...54% completed @ 2022-06-26 23:56:27.189326
Extending the union graph...57% completed @ 2022-06-26 23:56:27.189757
Extending the union graph...60% completed @ 2022-06-26 23:56:27.190188
Extending the union graph...63% completed @ 2022-06-26 23:56:27.190624
Extending the union graph...66% completed @ 2022-06-26 23:56:27.191055
Extending the union graph...69% completed @ 2022-06-26 23:56:27.191484
Extending the union graph...72% completed @ 2022-06-26 23:56:27.191924
Extending the union graph...75% completed @ 2022-06-26 23:56:27.192356
Extending the union graph...78% completed @ 2022-06-26 23:56:27.192796
Extending the union graph...81% completed @ 2022-06-26 23:56:27.193235
Extending the union graph...84% completed @ 2022-06-26 23:56:27.193660
Extending the union graph...87% completed @ 2022-06-26 23:56:27.194094
Extending the union graph...90% completed @ 2022-06-26 23:56:27.194529
Extending the union graph...93% completed @ 2022-06-26 23:56:27.194964
Extending the union graph...96% completed @ 2022-06-26 23:56:27.195393
Extending the union graph...99% completed @ 2022-06-26 23:56:27.195851
Evaluating vertex sums
Extending the union graph...3% completed @ 2022-06-26 23:56:27.242014
Extending the union graph...6% completed @ 2022-06-26 23:56:27.287253
Extending the union graph...9% completed @ 2022-06-26 23:56:27.332952
Extending the union graph...12% completed @ 2022-06-26 23:56:27.378158
Extending the union graph...15% completed @ 2022-06-26 23:56:27.423203
Extending the union graph...18% completed @ 2022-06-26 23:56:27.468667
Extending the union graph...21% completed @ 2022-06-26 23:56:27.515835
Extending the union graph...24% completed @ 2022-06-26 23:56:27.561006
Extending the union graph...27% completed @ 2022-06-26 23:56:27.605484
Extending the union graph...30% completed @ 2022-06-26 23:56:27.649934
Extending the union graph...33% completed @ 2022-06-26 23:56:27.694618
Extending the union graph...36% completed @ 2022-06-26 23:56:27.738695
Extending the union graph...39% completed @ 2022-06-26 23:56:27.783101
Extending the union graph...42% completed @ 2022-06-26 23:56:27.826851
Extending the union graph...45% completed @ 2022-06-26 23:56:27.870492
Extending the union graph...48% completed @ 2022-06-26 23:56:27.914322
Extending the union graph...51% completed @ 2022-06-26 23:56:27.957557
Extending the union graph...54% completed @ 2022-06-26 23:56:28.001074
Extending the union graph...57% completed @ 2022-06-26 23:56:28.044005
Extending the union graph...60% completed @ 2022-06-26 23:56:28.086888
Extending the union graph...63% completed @ 2022-06-26 23:56:28.130075
Extending the union graph...66% completed @ 2022-06-26 23:56:28.172692
Extending the union graph...69% completed @ 2022-06-26 23:56:28.215175
Extending the union graph...72% completed @ 2022-06-26 23:56:28.257868
Extending the union graph...75% completed @ 2022-06-26 23:56:28.300109
Extending the union graph...78% completed @ 2022-06-26 23:56:28.342529
Extending the union graph...81% completed @ 2022-06-26 23:56:28.384361
Extending the union graph...84% completed @ 2022-06-26 23:56:28.428368
Extending the union graph...87% completed @ 2022-06-26 23:56:28.471527
Extending the union graph...90% completed @ 2022-06-26 23:56:28.513960
Extending the union graph...93% completed @ 2022-06-26 23:56:28.556830
Extending the union graph...96% completed @ 2022-06-26 23:56:28.601461
Extending the union graph...99% completed @ 2022-06-26 23:56:28.645351
Calculating Jaccard scores sums
Calculating Jaccard scores sums...3% completed @ 2022-06-26 23:56:28.660205
Calculating Jaccard scores sums...6% completed @ 2022-06-26 23:56:28.661297
Calculating Jaccard scores sums...9% completed @ 2022-06-26 23:56:28.663032
Calculating Jaccard scores sums...12% completed @ 2022-06-26 23:56:28.665413
Calculating Jaccard scores sums...15% completed @ 2022-06-26 23:56:28.668481
Calculating Jaccard scores sums...18% completed @ 2022-06-26 23:56:28.672306
Calculating Jaccard scores sums...21% completed @ 2022-06-26 23:56:28.676740
Calculating Jaccard scores sums...24% completed @ 2022-06-26 23:56:28.681906
Calculating Jaccard scores sums...27% completed @ 2022-06-26 23:56:28.687702
Calculating Jaccard scores sums...30% completed @ 2022-06-26 23:56:28.694165
Calculating Jaccard scores sums...33% completed @ 2022-06-26 23:56:28.701431
Calculating Jaccard scores sums...36% completed @ 2022-06-26 23:56:28.709298
Calculating Jaccard scores sums...39% completed @ 2022-06-26 23:56:28.717948
Calculating Jaccard scores sums...42% completed @ 2022-06-26 23:56:28.727130
Calculating Jaccard scores sums...45% completed @ 2022-06-26 23:56:28.737087
Calculating Jaccard scores sums...48% completed @ 2022-06-26 23:56:28.747810
Calculating Jaccard scores sums...51% completed @ 2022-06-26 23:56:28.759065
Calculating Jaccard scores sums...54% completed @ 2022-06-26 23:56:28.771188
Calculating Jaccard scores sums...57% completed @ 2022-06-26 23:56:28.783842
Calculating Jaccard scores sums...60% completed @ 2022-06-26 23:56:28.797085
Calculating Jaccard scores sums...63% completed @ 2022-06-26 23:56:28.811138
Calculating Jaccard scores sums...66% completed @ 2022-06-26 23:56:28.825780
Calculating Jaccard scores sums...69% completed @ 2022-06-26 23:56:28.841158
Calculating Jaccard scores sums...72% completed @ 2022-06-26 23:56:28.857377
Calculating Jaccard scores sums...75% completed @ 2022-06-26 23:56:28.874052
Calculating Jaccard scores sums...78% completed @ 2022-06-26 23:56:28.891532
Calculating Jaccard scores sums...81% completed @ 2022-06-26 23:56:28.909286
Calculating Jaccard scores sums...84% completed @ 2022-06-26 23:56:28.927630
Calculating Jaccard scores sums...87% completed @ 2022-06-26 23:56:28.946850
Calculating Jaccard scores sums...90% completed @ 2022-06-26 23:56:28.966532
Calculating Jaccard scores sums...93% completed @ 2022-06-26 23:56:28.987103
Calculating Jaccard scores sums...96% completed @ 2022-06-26 23:56:29.008103
Calculating Jaccard scores sums...99% completed @ 2022-06-26 23:56:29.029756
Injecting direct edges contribution
Obtaining max scores per vertex
Obtaining max scores per vertex...3% completed @ 2022-06-26 23:56:29.115491
Obtaining max scores per vertex...6% completed @ 2022-06-26 23:56:29.190934
Obtaining max scores per vertex...9% completed @ 2022-06-26 23:56:29.267002
Obtaining max scores per vertex...12% completed @ 2022-06-26 23:56:29.342199
Obtaining max scores per vertex...15% completed @ 2022-06-26 23:56:29.417310
Obtaining max scores per vertex...18% completed @ 2022-06-26 23:56:29.493283
Obtaining max scores per vertex...21% completed @ 2022-06-26 23:56:29.568199
Obtaining max scores per vertex...24% completed @ 2022-06-26 23:56:29.643877
Obtaining max scores per vertex...27% completed @ 2022-06-26 23:56:29.718469
Obtaining max scores per vertex...30% completed @ 2022-06-26 23:56:29.792951
Obtaining max scores per vertex...33% completed @ 2022-06-26 23:56:29.868129
Obtaining max scores per vertex...36% completed @ 2022-06-26 23:56:29.942277
Obtaining max scores per vertex...39% completed @ 2022-06-26 23:56:30.017011
Obtaining max scores per vertex...42% completed @ 2022-06-26 23:56:30.091348
Obtaining max scores per vertex...45% completed @ 2022-06-26 23:56:30.164978
Obtaining max scores per vertex...48% completed @ 2022-06-26 23:56:30.239054
Obtaining max scores per vertex...51% completed @ 2022-06-26 23:56:30.311899
Obtaining max scores per vertex...54% completed @ 2022-06-26 23:56:30.385400
Obtaining max scores per vertex...57% completed @ 2022-06-26 23:56:30.457924
Obtaining max scores per vertex...60% completed @ 2022-06-26 23:56:30.530170
Obtaining max scores per vertex...63% completed @ 2022-06-26 23:56:30.602989
Obtaining max scores per vertex...66% completed @ 2022-06-26 23:56:30.674891
Obtaining max scores per vertex...69% completed @ 2022-06-26 23:56:30.746664
Obtaining max scores per vertex...72% completed @ 2022-06-26 23:56:30.818990
Obtaining max scores per vertex...75% completed @ 2022-06-26 23:56:30.890263
Obtaining max scores per vertex...78% completed @ 2022-06-26 23:56:30.962193
Obtaining max scores per vertex...81% completed @ 2022-06-26 23:56:31.033196
Obtaining max scores per vertex...84% completed @ 2022-06-26 23:56:31.103936
Obtaining max scores per vertex...87% completed @ 2022-06-26 23:56:31.175317
Obtaining max scores per vertex...90% completed @ 2022-06-26 23:56:31.245755
Obtaining max scores per vertex...93% completed @ 2022-06-26 23:56:31.316837
Obtaining max scores per vertex...96% completed @ 2022-06-26 23:56:31.387014
Obtaining max scores per vertex...99% completed @ 2022-06-26 23:56:31.457153
Removing low scoring edges
Removing low scoring edges...3% completed @ 2022-06-26 23:56:31.482069
Removing low scoring edges...6% completed @ 2022-06-26 23:56:31.486278
Removing low scoring edges...9% completed @ 2022-06-26 23:56:31.493289
Removing low scoring edges...12% completed @ 2022-06-26 23:56:31.503203
Removing low scoring edges...15% completed @ 2022-06-26 23:56:31.515755
Removing low scoring edges...18% completed @ 2022-06-26 23:56:31.531505
Removing low scoring edges...21% completed @ 2022-06-26 23:56:31.549913
Removing low scoring edges...24% completed @ 2022-06-26 23:56:31.571374
Removing low scoring edges...27% completed @ 2022-06-26 23:56:31.595502
Removing low scoring edges...30% completed @ 2022-06-26 23:56:31.622534
Removing low scoring edges...33% completed @ 2022-06-26 23:56:31.652778
Removing low scoring edges...36% completed @ 2022-06-26 23:56:31.685602
Removing low scoring edges...39% completed @ 2022-06-26 23:56:31.721881
Removing low scoring edges...42% completed @ 2022-06-26 23:56:31.760387
Removing low scoring edges...45% completed @ 2022-06-26 23:56:31.801676
Removing low scoring edges...48% completed @ 2022-06-26 23:56:31.846425
Removing low scoring edges...51% completed @ 2022-06-26 23:56:31.893528
Removing low scoring edges...54% completed @ 2022-06-26 23:56:31.943913
Removing low scoring edges...57% completed @ 2022-06-26 23:56:31.996588
Removing low scoring edges...60% completed @ 2022-06-26 23:56:32.052158
Removing low scoring edges...63% completed @ 2022-06-26 23:56:32.111296
Removing low scoring edges...66% completed @ 2022-06-26 23:56:32.172529
Removing low scoring edges...69% completed @ 2022-06-26 23:56:32.236613
Removing low scoring edges...72% completed @ 2022-06-26 23:56:32.304305
Removing low scoring edges...75% completed @ 2022-06-26 23:56:32.374074
Removing low scoring edges...78% completed @ 2022-06-26 23:56:32.447506
Removing low scoring edges...81% completed @ 2022-06-26 23:56:32.523391
Removing low scoring edges...84% completed @ 2022-06-26 23:56:32.602032
Removing low scoring edges...87% completed @ 2022-06-26 23:56:32.683940
Removing low scoring edges...90% completed @ 2022-06-26 23:56:32.769389
Removing low scoring edges...93% completed @ 2022-06-26 23:56:32.857516
Removing low scoring edges...96% completed @ 2022-06-26 23:56:32.947003
Removing low scoring edges...99% completed @ 2022-06-26 23:56:33.039713
Finalizing extended graph
0
[mclxIOstreamIn] no assignments yield void/empty matrix
[mcl] new tab created
___ [mclAlgorithmStart] attempting to cluster the void
[mcl] pid 513316
 ite   chaos  time hom(avg,lo,hi) expa expb expc fmv
  1  ./alignMCL.sh: line 11: 513316 Segmentation fault      (core dumped) ./mcl/bin/mcl ${OUT_FILE}.ag -o ${OUT_FILE}.txt -I 2.8 --abc
/home/wangph1/plant/scripts
using old nif file for bgRN
using old nif file for bgAT
using old odv file for bgRN
using old odv file for bgAT
using old odv ort file for bgRN-bgAT
/home/wangph1/plant/data/mcl/bgRN-bgAT-k4-n3013-no1.txt
/home/wangph1/plant/networks/mcl/bgRN_marked.nif
/home/wangph1/plant/networks/mcl/bgAT_marked.nif
/home/wangph1/plant/data/mcl/fake_ort/bgRN-bgAT-k4-n3013-no1.ort
/home/wangph1/plant/data/mcl/bgRN-bgAT-k4-n3013-no1.txt
Traceback (most recent call last):
  File "/home/wangph1/plant/scripts/mcl_helpers.py", line 132, in <module>
    full_local_run_mcl(gtag1, gtag2, notes=notes)
  File "/home/wangph1/plant/scripts/mcl_helpers.py", line 117, in full_local_run_mcl
    process_mcl(gtag1, gtag2, notes=notes)
  File "/home/wangph1/plant/scripts/mcl_helpers.py", line 105, in process_mcl
    num_ort, num_pairs = evaluate_alignment(gtag1, gtag2, notes=notes)
  File "/home/wangph1/plant/scripts/mcl_helpers.py", line 88, in evaluate_alignment
    m2m_pairs = read_in_slashes_m2m(out_path)
  File "/home/wangph1/plant/scripts/file_helpers.py", line 47, in read_in_slashes_m2m
    with open(m2m_path, 'r') as f:
FileNotFoundError: [Errno 2] No such file or directory: '/home/wangph1/plant/data/mcl/bgRN-bgAT-k4-n3013-no1.txt'
JOBSFINISHED
