Namespace(ag_file=['/home/wangph1/plant/data/mcl/SC-HS-SC-SC-HS-HS-k4-n1114-no1.ag'], ort_file=['/home/wangph1/plant/data/mcl/fake_ort/SC-HS-SC-SC-HS-HS-k4-n1114-no1.ort'], ppi1_file=['/home/wangph1/plant/networks/mcl/SC-HS-SC_marked.nif'], ppi2_file=['/home/wangph1/plant/networks/mcl/SC-HS-HS_marked.nif'])
Loading input data
/home/wangph1/plant/networks/mcl/SC-HS-SC_marked.nif
/home/wangph1/plant/networks/mcl/SC-HS-HS_marked.nif
/home/wangph1/plant/data/mcl/fake_ort/SC-HS-SC-SC-HS-HS-k4-n1114-no1.ort
Building the union graph
Building rev maps
Building maps
Processing net 0 - simple nodes
Processing net 1 - simple nodes
Processing composite nodes
Building igraph.Graph
Entering build_union_graph_edges
Building graph1 edges...3% completed @ 2022-06-26 23:56:19.516227
Building graph1 edges...6% completed @ 2022-06-26 23:56:20.651015
Building graph1 edges...9% completed @ 2022-06-26 23:56:21.730773
Building graph1 edges...12% completed @ 2022-06-26 23:56:22.816366
Building graph1 edges...15% completed @ 2022-06-26 23:56:23.891717
Building graph1 edges...18% completed @ 2022-06-26 23:56:24.971087
Building graph1 edges...21% completed @ 2022-06-26 23:56:26.046690
Building graph1 edges...24% completed @ 2022-06-26 23:56:27.121957
Building graph1 edges...27% completed @ 2022-06-26 23:56:28.201335
Building graph1 edges...30% completed @ 2022-06-26 23:56:29.290572
Building graph1 edges...33% completed @ 2022-06-26 23:56:30.365854
Building graph1 edges...36% completed @ 2022-06-26 23:56:31.452268
Building graph1 edges...39% completed @ 2022-06-26 23:56:32.528779
Building graph1 edges...42% completed @ 2022-06-26 23:56:33.610899
Building graph1 edges...45% completed @ 2022-06-26 23:56:34.692896
Building graph1 edges...48% completed @ 2022-06-26 23:56:35.768285
Building graph1 edges...51% completed @ 2022-06-26 23:56:36.843635
Building graph1 edges...54% completed @ 2022-06-26 23:56:37.928403
Building graph1 edges...57% completed @ 2022-06-26 23:56:39.005381
Building graph1 edges...60% completed @ 2022-06-26 23:56:40.082677
Building graph1 edges...63% completed @ 2022-06-26 23:56:41.160687
Building graph1 edges...66% completed @ 2022-06-26 23:56:42.236334
Building graph1 edges...69% completed @ 2022-06-26 23:56:43.311705
Building graph1 edges...72% completed @ 2022-06-26 23:56:44.397415
Building graph1 edges...75% completed @ 2022-06-26 23:56:45.473410
Building graph1 edges...78% completed @ 2022-06-26 23:56:46.557104
Building graph1 edges...81% completed @ 2022-06-26 23:56:47.635183
Building graph1 edges...84% completed @ 2022-06-26 23:56:48.720839
Building graph1 edges...87% completed @ 2022-06-26 23:56:49.800674
Building graph1 edges...90% completed @ 2022-06-26 23:56:50.879372
Building graph1 edges...93% completed @ 2022-06-26 23:56:51.961502
Building graph1 edges...96% completed @ 2022-06-26 23:56:53.043067
Building graph1 edges...99% completed @ 2022-06-26 23:56:54.120925
Merging conserved edges
Pruning the union graph
Building the extended union graph
Extending the union graph...10% completed @ 2022-06-26 23:56:54.801541
Extending the union graph...20% completed @ 2022-06-26 23:56:54.804387
Extending the union graph...30% completed @ 2022-06-26 23:56:54.807343
Extending the union graph...40% completed @ 2022-06-26 23:56:54.813486
Extending the union graph...50% completed @ 2022-06-26 23:56:54.818734
Extending the union graph...60% completed @ 2022-06-26 23:56:54.825886
Extending the union graph...70% completed @ 2022-06-26 23:56:54.880177
Extending the union graph...80% completed @ 2022-06-26 23:56:54.936227
Extending the union graph...90% completed @ 2022-06-26 23:56:54.982422
Edge Jaccard on extended union graph dist 1
Building the extended union graph
Extending the union graph...3% completed @ 2022-06-26 23:56:55.415656
Extending the union graph...6% completed @ 2022-06-26 23:56:55.903505
Extending the union graph...9% completed @ 2022-06-26 23:56:56.238822
Extending the union graph...12% completed @ 2022-06-26 23:56:56.434670
Extending the union graph...15% completed @ 2022-06-26 23:56:56.628109
Extending the union graph...18% completed @ 2022-06-26 23:56:57.304092
Extending the union graph...21% completed @ 2022-06-26 23:56:57.400519
Extending the union graph...24% completed @ 2022-06-26 23:56:57.547166
Extending the union graph...27% completed @ 2022-06-26 23:56:57.615746
Extending the union graph...30% completed @ 2022-06-26 23:56:57.817400
Extending the union graph...33% completed @ 2022-06-26 23:56:57.909840
Extending the union graph...36% completed @ 2022-06-26 23:56:58.081458
Extending the union graph...39% completed @ 2022-06-26 23:56:58.183391
Extending the union graph...42% completed @ 2022-06-26 23:57:00.068016
Extending the union graph...45% completed @ 2022-06-26 23:57:00.247041
Extending the union graph...48% completed @ 2022-06-26 23:57:00.387283
Extending the union graph...51% completed @ 2022-06-26 23:57:01.126576
Extending the union graph...54% completed @ 2022-06-26 23:57:01.599890
Extending the union graph...57% completed @ 2022-06-26 23:57:01.777124
Extending the union graph...60% completed @ 2022-06-26 23:57:02.329810
Extending the union graph...63% completed @ 2022-06-26 23:57:02.446629
Extending the union graph...66% completed @ 2022-06-26 23:57:03.232508
Extending the union graph...69% completed @ 2022-06-26 23:57:03.389709
Extending the union graph...72% completed @ 2022-06-26 23:57:04.062727
Extending the union graph...75% completed @ 2022-06-26 23:57:04.622961
Extending the union graph...78% completed @ 2022-06-26 23:57:05.324538
Extending the union graph...81% completed @ 2022-06-26 23:57:05.384504
Extending the union graph...84% completed @ 2022-06-26 23:57:05.490756
Extending the union graph...87% completed @ 2022-06-26 23:57:05.576325
Extending the union graph...90% completed @ 2022-06-26 23:57:06.577002
Extending the union graph...93% completed @ 2022-06-26 23:57:07.458035
Extending the union graph...96% completed @ 2022-06-26 23:57:07.801829
Extending the union graph...99% completed @ 2022-06-26 23:57:07.945012
Evaluating vertex sums
Extending the union graph...3% completed @ 2022-06-26 23:57:08.025271
Extending the union graph...6% completed @ 2022-06-26 23:57:08.032336
Extending the union graph...9% completed @ 2022-06-26 23:57:08.039591
Extending the union graph...12% completed @ 2022-06-26 23:57:08.046653
Extending the union graph...15% completed @ 2022-06-26 23:57:08.053877
Extending the union graph...18% completed @ 2022-06-26 23:57:08.060954
Extending the union graph...21% completed @ 2022-06-26 23:57:08.068058
Extending the union graph...24% completed @ 2022-06-26 23:57:08.075321
Extending the union graph...27% completed @ 2022-06-26 23:57:08.082447
Extending the union graph...30% completed @ 2022-06-26 23:57:08.089769
Extending the union graph...33% completed @ 2022-06-26 23:57:08.096839
Extending the union graph...36% completed @ 2022-06-26 23:57:08.104110
Extending the union graph...39% completed @ 2022-06-26 23:57:08.111235
Extending the union graph...42% completed @ 2022-06-26 23:57:08.118406
Extending the union graph...45% completed @ 2022-06-26 23:57:08.125745
Extending the union graph...48% completed @ 2022-06-26 23:57:08.132812
Extending the union graph...51% completed @ 2022-06-26 23:57:08.140208
Extending the union graph...54% completed @ 2022-06-26 23:57:08.147283
Extending the union graph...57% completed @ 2022-06-26 23:57:08.154421
Extending the union graph...60% completed @ 2022-06-26 23:57:08.161643
Extending the union graph...63% completed @ 2022-06-26 23:57:08.168696
Extending the union graph...66% completed @ 2022-06-26 23:57:08.175660
Extending the union graph...69% completed @ 2022-06-26 23:57:08.182757
Extending the union graph...72% completed @ 2022-06-26 23:57:08.190012
Extending the union graph...75% completed @ 2022-06-26 23:57:08.197012
Extending the union graph...78% completed @ 2022-06-26 23:57:08.204161
Extending the union graph...81% completed @ 2022-06-26 23:57:08.211483
Extending the union graph...84% completed @ 2022-06-26 23:57:08.218617
Extending the union graph...87% completed @ 2022-06-26 23:57:08.225904
Extending the union graph...90% completed @ 2022-06-26 23:57:08.233024
Extending the union graph...93% completed @ 2022-06-26 23:57:08.240318
Extending the union graph...96% completed @ 2022-06-26 23:57:08.247371
Extending the union graph...99% completed @ 2022-06-26 23:57:08.254365
Calculating Jaccard scores sums
Calculating Jaccard scores sums...3% completed @ 2022-06-26 23:57:08.257021
Calculating Jaccard scores sums...6% completed @ 2022-06-26 23:57:08.257840
Calculating Jaccard scores sums...9% completed @ 2022-06-26 23:57:08.259230
Calculating Jaccard scores sums...12% completed @ 2022-06-26 23:57:08.261084
Calculating Jaccard scores sums...15% completed @ 2022-06-26 23:57:08.263564
Calculating Jaccard scores sums...18% completed @ 2022-06-26 23:57:08.266483
Calculating Jaccard scores sums...21% completed @ 2022-06-26 23:57:08.269871
Calculating Jaccard scores sums...24% completed @ 2022-06-26 23:57:08.273908
Calculating Jaccard scores sums...27% completed @ 2022-06-26 23:57:08.278609
Calculating Jaccard scores sums...30% completed @ 2022-06-26 23:57:08.283790
Calculating Jaccard scores sums...33% completed @ 2022-06-26 23:57:08.289409
Calculating Jaccard scores sums...36% completed @ 2022-06-26 23:57:08.295843
Calculating Jaccard scores sums...39% completed @ 2022-06-26 23:57:08.302529
Calculating Jaccard scores sums...42% completed @ 2022-06-26 23:57:08.309606
Calculating Jaccard scores sums...45% completed @ 2022-06-26 23:57:08.317582
Calculating Jaccard scores sums...48% completed @ 2022-06-26 23:57:08.325839
Calculating Jaccard scores sums...51% completed @ 2022-06-26 23:57:08.335055
Calculating Jaccard scores sums...54% completed @ 2022-06-26 23:57:08.344373
Calculating Jaccard scores sums...57% completed @ 2022-06-26 23:57:08.354255
Calculating Jaccard scores sums...60% completed @ 2022-06-26 23:57:08.365031
Calculating Jaccard scores sums...63% completed @ 2022-06-26 23:57:08.375943
Calculating Jaccard scores sums...66% completed @ 2022-06-26 23:57:08.388068
Calculating Jaccard scores sums...69% completed @ 2022-06-26 23:57:08.400165
Calculating Jaccard scores sums...72% completed @ 2022-06-26 23:57:08.413364
Calculating Jaccard scores sums...75% completed @ 2022-06-26 23:57:08.426622
Calculating Jaccard scores sums...78% completed @ 2022-06-26 23:57:08.440634
Calculating Jaccard scores sums...81% completed @ 2022-06-26 23:57:08.455833
Calculating Jaccard scores sums...84% completed @ 2022-06-26 23:57:08.470978
Calculating Jaccard scores sums...87% completed @ 2022-06-26 23:57:08.487412
Calculating Jaccard scores sums...90% completed @ 2022-06-26 23:57:08.503147
Calculating Jaccard scores sums...93% completed @ 2022-06-26 23:57:08.519881
Calculating Jaccard scores sums...96% completed @ 2022-06-26 23:57:08.536633
Calculating Jaccard scores sums...99% completed @ 2022-06-26 23:57:08.553888
Injecting direct edges contribution
Obtaining max scores per vertex
Obtaining max scores per vertex...3% completed @ 2022-06-26 23:57:08.641176
Obtaining max scores per vertex...6% completed @ 2022-06-26 23:57:08.652160
Obtaining max scores per vertex...9% completed @ 2022-06-26 23:57:08.663482
Obtaining max scores per vertex...12% completed @ 2022-06-26 23:57:08.674476
Obtaining max scores per vertex...15% completed @ 2022-06-26 23:57:08.685694
Obtaining max scores per vertex...18% completed @ 2022-06-26 23:57:08.696685
Obtaining max scores per vertex...21% completed @ 2022-06-26 23:57:08.707649
Obtaining max scores per vertex...24% completed @ 2022-06-26 23:57:08.718964
Obtaining max scores per vertex...27% completed @ 2022-06-26 23:57:08.729925
Obtaining max scores per vertex...30% completed @ 2022-06-26 23:57:08.741185
Obtaining max scores per vertex...33% completed @ 2022-06-26 23:57:08.752150
Obtaining max scores per vertex...36% completed @ 2022-06-26 23:57:08.763424
Obtaining max scores per vertex...39% completed @ 2022-06-26 23:57:08.774323
Obtaining max scores per vertex...42% completed @ 2022-06-26 23:57:08.785276
Obtaining max scores per vertex...45% completed @ 2022-06-26 23:57:08.796528
Obtaining max scores per vertex...48% completed @ 2022-06-26 23:57:08.807438
Obtaining max scores per vertex...51% completed @ 2022-06-26 23:57:08.818743
Obtaining max scores per vertex...54% completed @ 2022-06-26 23:57:08.829688
Obtaining max scores per vertex...57% completed @ 2022-06-26 23:57:08.840635
Obtaining max scores per vertex...60% completed @ 2022-06-26 23:57:08.851889
Obtaining max scores per vertex...63% completed @ 2022-06-26 23:57:08.862823
Obtaining max scores per vertex...66% completed @ 2022-06-26 23:57:08.874053
Obtaining max scores per vertex...69% completed @ 2022-06-26 23:57:08.884996
Obtaining max scores per vertex...72% completed @ 2022-06-26 23:57:08.896264
Obtaining max scores per vertex...75% completed @ 2022-06-26 23:57:08.907126
Obtaining max scores per vertex...78% completed @ 2022-06-26 23:57:08.918061
Obtaining max scores per vertex...81% completed @ 2022-06-26 23:57:08.929246
Obtaining max scores per vertex...84% completed @ 2022-06-26 23:57:08.940176
Obtaining max scores per vertex...87% completed @ 2022-06-26 23:57:08.951346
Obtaining max scores per vertex...90% completed @ 2022-06-26 23:57:08.962232
Obtaining max scores per vertex...93% completed @ 2022-06-26 23:57:08.973417
Obtaining max scores per vertex...96% completed @ 2022-06-26 23:57:08.984227
Obtaining max scores per vertex...99% completed @ 2022-06-26 23:57:08.994991
Removing low scoring edges
Removing low scoring edges...3% completed @ 2022-06-26 23:57:08.998911
Removing low scoring edges...6% completed @ 2022-06-26 23:57:08.999738
Removing low scoring edges...9% completed @ 2022-06-26 23:57:09.001105
Removing low scoring edges...12% completed @ 2022-06-26 23:57:09.002958
Removing low scoring edges...15% completed @ 2022-06-26 23:57:09.005369
Removing low scoring edges...18% completed @ 2022-06-26 23:57:09.008242
Removing low scoring edges...21% completed @ 2022-06-26 23:57:09.011629
Removing low scoring edges...24% completed @ 2022-06-26 23:57:09.015636
Removing low scoring edges...27% completed @ 2022-06-26 23:57:09.020118
Removing low scoring edges...30% completed @ 2022-06-26 23:57:09.025218
Removing low scoring edges...33% completed @ 2022-06-26 23:57:09.030651
Removing low scoring edges...36% completed @ 2022-06-26 23:57:09.036845
Removing low scoring edges...39% completed @ 2022-06-26 23:57:09.043472
Removing low scoring edges...42% completed @ 2022-06-26 23:57:09.050449
Removing low scoring edges...45% completed @ 2022-06-26 23:57:09.058292
Removing low scoring edges...48% completed @ 2022-06-26 23:57:09.066443
Removing low scoring edges...51% completed @ 2022-06-26 23:57:09.075365
Removing low scoring edges...54% completed @ 2022-06-26 23:57:09.084477
Removing low scoring edges...57% completed @ 2022-06-26 23:57:09.094228
Removing low scoring edges...60% completed @ 2022-06-26 23:57:09.104630
Removing low scoring edges...63% completed @ 2022-06-26 23:57:09.115471
Removing low scoring edges...66% completed @ 2022-06-26 23:57:09.126682
Removing low scoring edges...69% completed @ 2022-06-26 23:57:09.138529
Removing low scoring edges...72% completed @ 2022-06-26 23:57:09.151192
Removing low scoring edges...75% completed @ 2022-06-26 23:57:09.163883
Removing low scoring edges...78% completed @ 2022-06-26 23:57:09.177400
Removing low scoring edges...81% completed @ 2022-06-26 23:57:09.191896
Removing low scoring edges...84% completed @ 2022-06-26 23:57:09.206523
Removing low scoring edges...87% completed @ 2022-06-26 23:57:09.222068
Removing low scoring edges...90% completed @ 2022-06-26 23:57:09.237699
Removing low scoring edges...93% completed @ 2022-06-26 23:57:09.254135
Removing low scoring edges...96% completed @ 2022-06-26 23:57:09.270760
Removing low scoring edges...99% completed @ 2022-06-26 23:57:09.287808
Finalizing extended graph
33255
.[mcl] new tab created
[mcl] pid 50043
 ite -------------------  chaos  time hom(avg,lo,hi) expa expb expc fmv
  1  ...................  57.32  0.09 0.82/0.05/6.34 12.08 9.95 9.95  97
  2  ................... 127.26  0.71 0.66/0.16/1.52 1.79 0.60 6.02 100
  3  ...................  39.02  0.27 0.79/0.19/3.71 2.88 0.14 0.84  99
  4  ...................  11.29  0.02 0.84/0.19/1.41 4.96 0.25 0.21  90
  5  ...................   4.31  0.00 0.90/0.23/1.14 1.40 0.46 0.10  37
  6  ...................   2.17  0.00 0.90/0.39/1.07 1.04 0.73 0.07   9
  7  ...................   1.55  0.00 0.92/0.47/1.03 1.02 0.83 0.06   4
  8  ...................   1.39  0.00 0.92/0.31/1.00 1.00 0.84 0.05   0
  9  ...................   2.10  0.00 0.89/0.37/1.00 1.00 0.87 0.04   0
 10  ...................   1.82  0.00 0.92/0.49/1.00 1.00 0.89 0.04   0
 11  ...................   0.88  0.00 0.96/0.60/1.00 1.00 0.74 0.03   0
 12  ...................   0.56  0.00 0.99/0.71/1.00 1.00 0.74 0.02   0
 13  ...................   0.15  0.00 1.00/0.85/1.00 1.00 0.87 0.02   0
 14  ...................   0.00  0.00 1.00/1.00/1.00 1.00 0.93 0.02   0
 15  ...................   0.00  0.00 1.00/1.00/1.00 1.00 0.99 0.02   0
[mcl] jury pruning marks: <99,97,99>, out of 100
[mcl] jury pruning synopsis: <98.5 or marvelous> (cf -scheme, -do log)
[mcl] output is in /home/wangph1/plant/data/mcl/SC-HS-SC-SC-HS-HS-k4-n1114-no1.txt
[mcl] 235 clusters found
[mcl] output is in /home/wangph1/plant/data/mcl/SC-HS-SC-SC-HS-HS-k4-n1114-no1.txt

Please cite:
    Stijn van Dongen, Graph Clustering by Flow Simulation.  PhD thesis,
    University of Utrecht, May 2000.
       (  http://www.library.uu.nl/digiarchief/dip/diss/1895620/full.pdf
       or  http://micans.org/mcl/lit/svdthesis.pdf.gz)
OR
    Stijn van Dongen, A cluster algorithm for graphs. Technical
    Report INS-R0010, National Research Institute for Mathematics
    and Computer Science in the Netherlands, Amsterdam, May 2000.
       (  http://www.cwi.nl/ftp/CWIreports/INS/INS-R0010.ps.Z
       or  http://micans.org/mcl/lit/INS-R0010.ps.Z)

/home/wangph1/plant/scripts
using old nif file for SC-HS-SC
using old nif file for SC-HS-HS
using old odv file for SC-HS-SC
using old odv file for SC-HS-HS
using old odv ort file for SC-HS-SC-SC-HS-HS
/home/wangph1/plant/data/mcl/SC-HS-SC-SC-HS-HS-k4-n1114-no1.txt
/home/wangph1/plant/networks/mcl/SC-HS-SC_marked.nif
/home/wangph1/plant/networks/mcl/SC-HS-HS_marked.nif
/home/wangph1/plant/data/mcl/fake_ort/SC-HS-SC-SC-HS-HS-k4-n1114-no1.ort
/home/wangph1/plant/data/mcl/SC-HS-SC-SC-HS-HS-k4-n1114-no1.txt
0 / 1099
JOBSFINISHED
