Namespace(ag_file=['/home/wangph1/plant/data/mcl/MM-AT-MM-MM-AT-AT-k4-n485-no1.ag'], ort_file=['/home/wangph1/plant/data/mcl/fake_ort/MM-AT-MM-MM-AT-AT-k4-n485-no1.ort'], ppi1_file=['/home/wangph1/plant/networks/mcl/MM-AT-MM_marked.nif'], ppi2_file=['/home/wangph1/plant/networks/mcl/MM-AT-AT_marked.nif'])
Loading input data
/home/wangph1/plant/networks/mcl/MM-AT-MM_marked.nif
/home/wangph1/plant/networks/mcl/MM-AT-AT_marked.nif
/home/wangph1/plant/data/mcl/fake_ort/MM-AT-MM-MM-AT-AT-k4-n485-no1.ort
Building the union graph
Building rev maps
Building maps
Processing net 0 - simple nodes
Processing net 1 - simple nodes
Processing composite nodes
Building igraph.Graph
Entering build_union_graph_edges
Building graph1 edges...3% completed @ 2022-06-26 23:56:18.063605
Building graph1 edges...6% completed @ 2022-06-26 23:56:18.080567
Building graph1 edges...9% completed @ 2022-06-26 23:56:18.097523
Building graph1 edges...12% completed @ 2022-06-26 23:56:18.114428
Building graph1 edges...15% completed @ 2022-06-26 23:56:18.131319
Building graph1 edges...18% completed @ 2022-06-26 23:56:18.148564
Building graph1 edges...21% completed @ 2022-06-26 23:56:18.165468
Building graph1 edges...24% completed @ 2022-06-26 23:56:18.182807
Building graph1 edges...27% completed @ 2022-06-26 23:56:18.199763
Building graph1 edges...30% completed @ 2022-06-26 23:56:18.216722
Building graph1 edges...33% completed @ 2022-06-26 23:56:18.233687
Building graph1 edges...36% completed @ 2022-06-26 23:56:18.250995
Building graph1 edges...39% completed @ 2022-06-26 23:56:18.267984
Building graph1 edges...42% completed @ 2022-06-26 23:56:18.284953
Building graph1 edges...45% completed @ 2022-06-26 23:56:18.301931
Building graph1 edges...48% completed @ 2022-06-26 23:56:18.318884
Building graph1 edges...51% completed @ 2022-06-26 23:56:18.336182
Building graph1 edges...54% completed @ 2022-06-26 23:56:18.353179
Building graph1 edges...57% completed @ 2022-06-26 23:56:18.370125
Building graph1 edges...60% completed @ 2022-06-26 23:56:18.387092
Building graph1 edges...63% completed @ 2022-06-26 23:56:18.404046
Building graph1 edges...66% completed @ 2022-06-26 23:56:18.421017
Building graph1 edges...69% completed @ 2022-06-26 23:56:18.438368
Building graph1 edges...72% completed @ 2022-06-26 23:56:18.455315
Building graph1 edges...75% completed @ 2022-06-26 23:56:18.472272
Building graph1 edges...78% completed @ 2022-06-26 23:56:18.489274
Building graph1 edges...81% completed @ 2022-06-26 23:56:18.506296
Building graph1 edges...84% completed @ 2022-06-26 23:56:18.523673
Building graph1 edges...87% completed @ 2022-06-26 23:56:18.540675
Building graph1 edges...90% completed @ 2022-06-26 23:56:18.557678
Building graph1 edges...93% completed @ 2022-06-26 23:56:18.574671
Building graph1 edges...96% completed @ 2022-06-26 23:56:18.591691
Building graph1 edges...99% completed @ 2022-06-26 23:56:18.608669
Merging conserved edges
Pruning the union graph
Building the extended union graph
Extending the union graph...10% completed @ 2022-06-26 23:56:18.628208
Extending the union graph...20% completed @ 2022-06-26 23:56:18.628973
Extending the union graph...30% completed @ 2022-06-26 23:56:18.629783
Extending the union graph...40% completed @ 2022-06-26 23:56:18.630610
Extending the union graph...50% completed @ 2022-06-26 23:56:18.631563
Extending the union graph...60% completed @ 2022-06-26 23:56:18.632562
Extending the union graph...70% completed @ 2022-06-26 23:56:18.634512
Extending the union graph...80% completed @ 2022-06-26 23:56:18.636792
Extending the union graph...90% completed @ 2022-06-26 23:56:18.638704
Edge Jaccard on extended union graph dist 1
Building the extended union graph
Extending the union graph...3% completed @ 2022-06-26 23:56:18.647195
Extending the union graph...6% completed @ 2022-06-26 23:56:18.647376
Extending the union graph...9% completed @ 2022-06-26 23:56:18.648111
Extending the union graph...12% completed @ 2022-06-26 23:56:18.648519
Extending the union graph...15% completed @ 2022-06-26 23:56:18.652173
Extending the union graph...18% completed @ 2022-06-26 23:56:18.652421
Extending the union graph...21% completed @ 2022-06-26 23:56:18.652637
Extending the union graph...24% completed @ 2022-06-26 23:56:18.655363
Extending the union graph...27% completed @ 2022-06-26 23:56:18.655949
Extending the union graph...30% completed @ 2022-06-26 23:56:18.656691
Extending the union graph...33% completed @ 2022-06-26 23:56:18.657352
Extending the union graph...36% completed @ 2022-06-26 23:56:18.657978
Extending the union graph...39% completed @ 2022-06-26 23:56:18.658276
Extending the union graph...42% completed @ 2022-06-26 23:56:18.658543
Extending the union graph...45% completed @ 2022-06-26 23:56:18.659275
Extending the union graph...48% completed @ 2022-06-26 23:56:18.659839
Extending the union graph...51% completed @ 2022-06-26 23:56:18.660037
Extending the union graph...54% completed @ 2022-06-26 23:56:18.660461
Extending the union graph...57% completed @ 2022-06-26 23:56:18.660759
Extending the union graph...60% completed @ 2022-06-26 23:56:18.661090
Extending the union graph...63% completed @ 2022-06-26 23:56:18.661942
Extending the union graph...66% completed @ 2022-06-26 23:56:18.662427
Extending the union graph...69% completed @ 2022-06-26 23:56:18.663220
Extending the union graph...72% completed @ 2022-06-26 23:56:18.663413
Extending the union graph...75% completed @ 2022-06-26 23:56:18.664341
Extending the union graph...78% completed @ 2022-06-26 23:56:18.664603
Extending the union graph...81% completed @ 2022-06-26 23:56:18.665336
Extending the union graph...84% completed @ 2022-06-26 23:56:18.666142
Extending the union graph...87% completed @ 2022-06-26 23:56:18.666652
Extending the union graph...90% completed @ 2022-06-26 23:56:18.666921
Extending the union graph...93% completed @ 2022-06-26 23:56:18.667123
Extending the union graph...96% completed @ 2022-06-26 23:56:18.667745
Extending the union graph...99% completed @ 2022-06-26 23:56:18.668054
Evaluating vertex sums
Extending the union graph...3% completed @ 2022-06-26 23:56:18.669401
Extending the union graph...6% completed @ 2022-06-26 23:56:18.670703
Extending the union graph...9% completed @ 2022-06-26 23:56:18.671939
Extending the union graph...12% completed @ 2022-06-26 23:56:18.673203
Extending the union graph...15% completed @ 2022-06-26 23:56:18.674465
Extending the union graph...18% completed @ 2022-06-26 23:56:18.675728
Extending the union graph...21% completed @ 2022-06-26 23:56:18.676881
Extending the union graph...24% completed @ 2022-06-26 23:56:18.678173
Extending the union graph...27% completed @ 2022-06-26 23:56:18.679340
Extending the union graph...30% completed @ 2022-06-26 23:56:18.680653
Extending the union graph...33% completed @ 2022-06-26 23:56:18.681923
Extending the union graph...36% completed @ 2022-06-26 23:56:18.683156
Extending the union graph...39% completed @ 2022-06-26 23:56:18.684442
Extending the union graph...42% completed @ 2022-06-26 23:56:18.685606
Extending the union graph...45% completed @ 2022-06-26 23:56:18.686893
Extending the union graph...48% completed @ 2022-06-26 23:56:18.688073
Extending the union graph...51% completed @ 2022-06-26 23:56:18.689336
Extending the union graph...54% completed @ 2022-06-26 23:56:18.690540
Extending the union graph...57% completed @ 2022-06-26 23:56:18.691855
Extending the union graph...60% completed @ 2022-06-26 23:56:18.693074
Extending the union graph...63% completed @ 2022-06-26 23:56:18.694348
Extending the union graph...66% completed @ 2022-06-26 23:56:18.695645
Extending the union graph...69% completed @ 2022-06-26 23:56:18.696878
Extending the union graph...72% completed @ 2022-06-26 23:56:18.698168
Extending the union graph...75% completed @ 2022-06-26 23:56:18.699336
Extending the union graph...78% completed @ 2022-06-26 23:56:18.700601
Extending the union graph...81% completed @ 2022-06-26 23:56:18.701793
Extending the union graph...84% completed @ 2022-06-26 23:56:18.703110
Extending the union graph...87% completed @ 2022-06-26 23:56:18.704280
Extending the union graph...90% completed @ 2022-06-26 23:56:18.705566
Extending the union graph...93% completed @ 2022-06-26 23:56:18.706852
Extending the union graph...96% completed @ 2022-06-26 23:56:18.708059
Extending the union graph...99% completed @ 2022-06-26 23:56:18.709329
Calculating Jaccard scores sums
Calculating Jaccard scores sums...3% completed @ 2022-06-26 23:56:18.709750
Calculating Jaccard scores sums...6% completed @ 2022-06-26 23:56:18.709940
Calculating Jaccard scores sums...9% completed @ 2022-06-26 23:56:18.710233
Calculating Jaccard scores sums...12% completed @ 2022-06-26 23:56:18.710604
Calculating Jaccard scores sums...15% completed @ 2022-06-26 23:56:18.711105
Calculating Jaccard scores sums...18% completed @ 2022-06-26 23:56:18.711687
Calculating Jaccard scores sums...21% completed @ 2022-06-26 23:56:18.712273
Calculating Jaccard scores sums...24% completed @ 2022-06-26 23:56:18.713065
Calculating Jaccard scores sums...27% completed @ 2022-06-26 23:56:18.713845
Calculating Jaccard scores sums...30% completed @ 2022-06-26 23:56:18.714894
Calculating Jaccard scores sums...33% completed @ 2022-06-26 23:56:18.715999
Calculating Jaccard scores sums...36% completed @ 2022-06-26 23:56:18.717237
Calculating Jaccard scores sums...39% completed @ 2022-06-26 23:56:18.718567
Calculating Jaccard scores sums...42% completed @ 2022-06-26 23:56:18.719781
Calculating Jaccard scores sums...45% completed @ 2022-06-26 23:56:18.721322
Calculating Jaccard scores sums...48% completed @ 2022-06-26 23:56:18.722772
Calculating Jaccard scores sums...51% completed @ 2022-06-26 23:56:18.724390
Calculating Jaccard scores sums...54% completed @ 2022-06-26 23:56:18.726100
Calculating Jaccard scores sums...57% completed @ 2022-06-26 23:56:18.728101
Calculating Jaccard scores sums...60% completed @ 2022-06-26 23:56:18.730027
Calculating Jaccard scores sums...63% completed @ 2022-06-26 23:56:18.732099
Calculating Jaccard scores sums...66% completed @ 2022-06-26 23:56:18.734399
Calculating Jaccard scores sums...69% completed @ 2022-06-26 23:56:18.736757
Calculating Jaccard scores sums...72% completed @ 2022-06-26 23:56:18.739259
Calculating Jaccard scores sums...75% completed @ 2022-06-26 23:56:18.741470
Calculating Jaccard scores sums...78% completed @ 2022-06-26 23:56:18.744122
Calculating Jaccard scores sums...81% completed @ 2022-06-26 23:56:18.746683
Calculating Jaccard scores sums...84% completed @ 2022-06-26 23:56:18.749704
Calculating Jaccard scores sums...87% completed @ 2022-06-26 23:56:18.752442
Calculating Jaccard scores sums...90% completed @ 2022-06-26 23:56:18.755580
Calculating Jaccard scores sums...93% completed @ 2022-06-26 23:56:18.758615
Calculating Jaccard scores sums...96% completed @ 2022-06-26 23:56:18.761699
Calculating Jaccard scores sums...99% completed @ 2022-06-26 23:56:18.764916
Injecting direct edges contribution
Obtaining max scores per vertex
Obtaining max scores per vertex...3% completed @ 2022-06-26 23:56:18.769758
Obtaining max scores per vertex...6% completed @ 2022-06-26 23:56:18.771907
Obtaining max scores per vertex...9% completed @ 2022-06-26 23:56:18.773922
Obtaining max scores per vertex...12% completed @ 2022-06-26 23:56:18.776070
Obtaining max scores per vertex...15% completed @ 2022-06-26 23:56:18.778069
Obtaining max scores per vertex...18% completed @ 2022-06-26 23:56:18.780215
Obtaining max scores per vertex...21% completed @ 2022-06-26 23:56:18.782231
Obtaining max scores per vertex...24% completed @ 2022-06-26 23:56:18.784367
Obtaining max scores per vertex...27% completed @ 2022-06-26 23:56:18.786414
Obtaining max scores per vertex...30% completed @ 2022-06-26 23:56:18.788547
Obtaining max scores per vertex...33% completed @ 2022-06-26 23:56:18.790716
Obtaining max scores per vertex...36% completed @ 2022-06-26 23:56:18.792693
Obtaining max scores per vertex...39% completed @ 2022-06-26 23:56:18.794843
Obtaining max scores per vertex...42% completed @ 2022-06-26 23:56:18.796832
Obtaining max scores per vertex...45% completed @ 2022-06-26 23:56:18.798978
Obtaining max scores per vertex...48% completed @ 2022-06-26 23:56:18.800956
Obtaining max scores per vertex...51% completed @ 2022-06-26 23:56:18.803097
Obtaining max scores per vertex...54% completed @ 2022-06-26 23:56:18.805096
Obtaining max scores per vertex...57% completed @ 2022-06-26 23:56:18.807217
Obtaining max scores per vertex...60% completed @ 2022-06-26 23:56:18.809232
Obtaining max scores per vertex...63% completed @ 2022-06-26 23:56:18.811359
Obtaining max scores per vertex...66% completed @ 2022-06-26 23:56:18.813502
Obtaining max scores per vertex...69% completed @ 2022-06-26 23:56:18.815463
Obtaining max scores per vertex...72% completed @ 2022-06-26 23:56:18.817606
Obtaining max scores per vertex...75% completed @ 2022-06-26 23:56:18.819591
Obtaining max scores per vertex...78% completed @ 2022-06-26 23:56:18.821719
Obtaining max scores per vertex...81% completed @ 2022-06-26 23:56:18.823689
Obtaining max scores per vertex...84% completed @ 2022-06-26 23:56:18.825787
Obtaining max scores per vertex...87% completed @ 2022-06-26 23:56:18.827755
Obtaining max scores per vertex...90% completed @ 2022-06-26 23:56:18.829857
Obtaining max scores per vertex...93% completed @ 2022-06-26 23:56:18.831956
Obtaining max scores per vertex...96% completed @ 2022-06-26 23:56:18.833923
Obtaining max scores per vertex...99% completed @ 2022-06-26 23:56:18.836018
Removing low scoring edges
Removing low scoring edges...3% completed @ 2022-06-26 23:56:18.836656
Removing low scoring edges...6% completed @ 2022-06-26 23:56:18.836827
Removing low scoring edges...9% completed @ 2022-06-26 23:56:18.837082
Removing low scoring edges...12% completed @ 2022-06-26 23:56:18.837418
Removing low scoring edges...15% completed @ 2022-06-26 23:56:18.837844
Removing low scoring edges...18% completed @ 2022-06-26 23:56:18.838376
Removing low scoring edges...21% completed @ 2022-06-26 23:56:18.838945
Removing low scoring edges...24% completed @ 2022-06-26 23:56:18.839661
Removing low scoring edges...27% completed @ 2022-06-26 23:56:18.840390
Removing low scoring edges...30% completed @ 2022-06-26 23:56:18.841318
Removing low scoring edges...33% completed @ 2022-06-26 23:56:18.842331
Removing low scoring edges...36% completed @ 2022-06-26 23:56:18.843362
Removing low scoring edges...39% completed @ 2022-06-26 23:56:18.844531
Removing low scoring edges...42% completed @ 2022-06-26 23:56:18.845721
Removing low scoring edges...45% completed @ 2022-06-26 23:56:18.847079
Removing low scoring edges...48% completed @ 2022-06-26 23:56:18.848398
Removing low scoring edges...51% completed @ 2022-06-26 23:56:18.849879
Removing low scoring edges...54% completed @ 2022-06-26 23:56:18.851401
Removing low scoring edges...57% completed @ 2022-06-26 23:56:18.853164
Removing low scoring edges...60% completed @ 2022-06-26 23:56:18.854889
Removing low scoring edges...63% completed @ 2022-06-26 23:56:18.856811
Removing low scoring edges...66% completed @ 2022-06-26 23:56:18.858821
Removing low scoring edges...69% completed @ 2022-06-26 23:56:18.860878
Removing low scoring edges...72% completed @ 2022-06-26 23:56:18.863071
Removing low scoring edges...75% completed @ 2022-06-26 23:56:18.865243
Removing low scoring edges...78% completed @ 2022-06-26 23:56:18.867712
Removing low scoring edges...81% completed @ 2022-06-26 23:56:18.870068
Removing low scoring edges...84% completed @ 2022-06-26 23:56:18.872720
Removing low scoring edges...87% completed @ 2022-06-26 23:56:18.875199
Removing low scoring edges...90% completed @ 2022-06-26 23:56:18.877992
Removing low scoring edges...93% completed @ 2022-06-26 23:56:18.880739
Removing low scoring edges...96% completed @ 2022-06-26 23:56:18.883512
Removing low scoring edges...99% completed @ 2022-06-26 23:56:18.886506
Finalizing extended graph
1532
[mcl] new tab created
[mcl] pid 511215
 ite -------------------  chaos  time hom(avg,lo,hi) expa expb expc fmv
  1  ...................   9.35  0.00 1.16/0.19/2.42 2.92 2.92 2.92  78
  2  ...................  14.96  0.00 0.68/0.20/1.19 3.86 1.11 3.25  92
  3  ...................   6.00  0.00 0.67/0.17/1.17 3.53 0.47 1.52  92
  4  ...................   2.88  0.00 0.89/0.32/1.48 1.47 0.40 0.61  76
  5  ...................   1.34  0.00 0.95/0.36/1.18 1.12 0.32 0.20  45
  6  ...................   0.67  0.00 0.98/0.64/1.00 1.01 0.76 0.15   2
  7  ...................   0.46  0.00 0.97/0.66/1.00 1.01 0.87 0.13   0
  8  ...................   0.28  0.00 0.99/0.81/1.00 1.00 0.97 0.13   0
  9  ...................   0.24  0.00 1.00/0.78/1.00 1.00 0.94 0.12   0
 10  ...................   0.13  0.00 1.00/0.87/1.00 1.00 0.92 0.11   0
 11  ...................   0.00  0.00 1.00/1.00/1.00 1.00 1.00 0.11   0
 12  ...................   0.00  0.00 1.00/1.00/1.00 1.00 0.99 0.11   0
[mcl] cut <8> instances of overlap
[mcl] jury pruning marks: <100,99,99>, out of 100
[mcl] jury pruning synopsis: <99.6 or perfect> (cf -scheme, -do log)
[mcl] output is in /home/wangph1/plant/data/mcl/MM-AT-MM-MM-AT-AT-k4-n485-no1.txt
[mcl] 48 clusters found
[mcl] output is in /home/wangph1/plant/data/mcl/MM-AT-MM-MM-AT-AT-k4-n485-no1.txt

Please cite:
    Stijn van Dongen, Graph Clustering by Flow Simulation.  PhD thesis,
    University of Utrecht, May 2000.
       (  http://www.library.uu.nl/digiarchief/dip/diss/1895620/full.pdf
       or  http://micans.org/mcl/lit/svdthesis.pdf.gz)
OR
    Stijn van Dongen, A cluster algorithm for graphs. Technical
    Report INS-R0010, National Research Institute for Mathematics
    and Computer Science in the Netherlands, Amsterdam, May 2000.
       (  http://www.cwi.nl/ftp/CWIreports/INS/INS-R0010.ps.Z
       or  http://micans.org/mcl/lit/INS-R0010.ps.Z)

/home/wangph1/plant/scripts
using old nif file for MM-AT-MM
using old nif file for MM-AT-AT
using old odv file for MM-AT-MM
using old odv file for MM-AT-AT
using old odv ort file for MM-AT-MM-MM-AT-AT
/home/wangph1/plant/data/mcl/MM-AT-MM-MM-AT-AT-k4-n485-no1.txt
/home/wangph1/plant/networks/mcl/MM-AT-MM_marked.nif
/home/wangph1/plant/networks/mcl/MM-AT-AT_marked.nif
/home/wangph1/plant/data/mcl/fake_ort/MM-AT-MM-MM-AT-AT-k4-n485-no1.ort
/home/wangph1/plant/data/mcl/MM-AT-MM-MM-AT-AT-k4-n485-no1.txt
0 / 332
JOBSFINISHED
