Namespace(ag_file=['/home/wangph1/plant/data/mcl/bgRN-bgDM-k4-n3013-no1.ag'], ort_file=['/home/wangph1/plant/data/mcl/fake_ort/bgRN-bgDM-k4-n3013-no1.ort'], ppi1_file=['/home/wangph1/plant/networks/mcl/bgRN_marked.nif'], ppi2_file=['/home/wangph1/plant/networks/mcl/bgDM_marked.nif'])
Loading input data
/home/wangph1/plant/networks/mcl/bgRN_marked.nif
/home/wangph1/plant/networks/mcl/bgDM_marked.nif
/home/wangph1/plant/data/mcl/fake_ort/bgRN-bgDM-k4-n3013-no1.ort
Building the union graph
Building rev maps
Building maps
Processing net 0 - simple nodes
Processing net 1 - simple nodes
Processing composite nodes
Building igraph.Graph
Entering build_union_graph_edges
Building graph1 edges...3% completed @ 2022-06-26 23:56:19.935205
Building graph1 edges...6% completed @ 2022-06-26 23:56:20.155453
Building graph1 edges...9% completed @ 2022-06-26 23:56:20.375350
Building graph1 edges...12% completed @ 2022-06-26 23:56:20.595282
Building graph1 edges...15% completed @ 2022-06-26 23:56:20.815278
Building graph1 edges...18% completed @ 2022-06-26 23:56:21.035327
Building graph1 edges...21% completed @ 2022-06-26 23:56:21.255238
Building graph1 edges...24% completed @ 2022-06-26 23:56:21.470611
Building graph1 edges...27% completed @ 2022-06-26 23:56:21.675102
Building graph1 edges...30% completed @ 2022-06-26 23:56:21.880696
Building graph1 edges...33% completed @ 2022-06-26 23:56:22.085512
Building graph1 edges...36% completed @ 2022-06-26 23:56:22.289670
Building graph1 edges...39% completed @ 2022-06-26 23:56:22.493875
Building graph1 edges...42% completed @ 2022-06-26 23:56:22.698143
Building graph1 edges...45% completed @ 2022-06-26 23:56:22.901289
Building graph1 edges...48% completed @ 2022-06-26 23:56:23.105362
Building graph1 edges...51% completed @ 2022-06-26 23:56:23.309575
Building graph1 edges...54% completed @ 2022-06-26 23:56:23.513693
Building graph1 edges...57% completed @ 2022-06-26 23:56:23.717894
Building graph1 edges...60% completed @ 2022-06-26 23:56:23.922172
Building graph1 edges...63% completed @ 2022-06-26 23:56:24.126318
Building graph1 edges...66% completed @ 2022-06-26 23:56:24.331054
Building graph1 edges...69% completed @ 2022-06-26 23:56:24.535705
Building graph1 edges...72% completed @ 2022-06-26 23:56:24.740108
Building graph1 edges...75% completed @ 2022-06-26 23:56:24.944403
Building graph1 edges...78% completed @ 2022-06-26 23:56:25.148674
Building graph1 edges...81% completed @ 2022-06-26 23:56:25.352952
Building graph1 edges...84% completed @ 2022-06-26 23:56:25.557165
Building graph1 edges...87% completed @ 2022-06-26 23:56:25.760226
Building graph1 edges...90% completed @ 2022-06-26 23:56:25.964393
Building graph1 edges...93% completed @ 2022-06-26 23:56:26.168428
Building graph1 edges...96% completed @ 2022-06-26 23:56:26.377407
Building graph1 edges...99% completed @ 2022-06-26 23:56:26.584912
Merging conserved edges
Pruning the union graph
Building the extended union graph
Extending the union graph...10% completed @ 2022-06-26 23:56:26.969732
Extending the union graph...20% completed @ 2022-06-26 23:56:26.976667
Extending the union graph...30% completed @ 2022-06-26 23:56:26.984184
Extending the union graph...40% completed @ 2022-06-26 23:56:26.991691
Extending the union graph...50% completed @ 2022-06-26 23:56:26.998835
Extending the union graph...60% completed @ 2022-06-26 23:56:27.006509
Extending the union graph...70% completed @ 2022-06-26 23:56:27.013830
Extending the union graph...80% completed @ 2022-06-26 23:56:27.021652
Extending the union graph...90% completed @ 2022-06-26 23:56:27.031417
Edge Jaccard on extended union graph dist 1
Building the extended union graph
Extending the union graph...3% completed @ 2022-06-26 23:56:27.105012
Extending the union graph...6% completed @ 2022-06-26 23:56:27.106141
Extending the union graph...9% completed @ 2022-06-26 23:56:27.106858
Extending the union graph...12% completed @ 2022-06-26 23:56:27.107668
Extending the union graph...15% completed @ 2022-06-26 23:56:27.108388
Extending the union graph...18% completed @ 2022-06-26 23:56:27.109140
Extending the union graph...21% completed @ 2022-06-26 23:56:27.109856
Extending the union graph...24% completed @ 2022-06-26 23:56:27.110572
Extending the union graph...27% completed @ 2022-06-26 23:56:27.111354
Extending the union graph...30% completed @ 2022-06-26 23:56:27.112143
Extending the union graph...33% completed @ 2022-06-26 23:56:27.112947
Extending the union graph...36% completed @ 2022-06-26 23:56:27.113751
Extending the union graph...39% completed @ 2022-06-26 23:56:27.114692
Extending the union graph...42% completed @ 2022-06-26 23:56:27.115495
Extending the union graph...45% completed @ 2022-06-26 23:56:27.116247
Extending the union graph...48% completed @ 2022-06-26 23:56:27.117135
Extending the union graph...51% completed @ 2022-06-26 23:56:27.117865
Extending the union graph...54% completed @ 2022-06-26 23:56:27.118763
Extending the union graph...57% completed @ 2022-06-26 23:56:27.119583
Extending the union graph...60% completed @ 2022-06-26 23:56:27.120266
Extending the union graph...63% completed @ 2022-06-26 23:56:27.120948
Extending the union graph...66% completed @ 2022-06-26 23:56:27.121637
Extending the union graph...69% completed @ 2022-06-26 23:56:27.122422
Extending the union graph...72% completed @ 2022-06-26 23:56:27.123411
Extending the union graph...75% completed @ 2022-06-26 23:56:27.124276
Extending the union graph...78% completed @ 2022-06-26 23:56:27.125031
Extending the union graph...81% completed @ 2022-06-26 23:56:27.125927
Extending the union graph...84% completed @ 2022-06-26 23:56:27.126661
Extending the union graph...87% completed @ 2022-06-26 23:56:27.127378
Extending the union graph...90% completed @ 2022-06-26 23:56:27.128043
Extending the union graph...93% completed @ 2022-06-26 23:56:27.128781
Extending the union graph...96% completed @ 2022-06-26 23:56:27.129486
Extending the union graph...99% completed @ 2022-06-26 23:56:27.130304
Evaluating vertex sums
Extending the union graph...3% completed @ 2022-06-26 23:56:27.176939
Extending the union graph...6% completed @ 2022-06-26 23:56:27.222933
Extending the union graph...9% completed @ 2022-06-26 23:56:27.269325
Extending the union graph...12% completed @ 2022-06-26 23:56:27.314865
Extending the union graph...15% completed @ 2022-06-26 23:56:27.360370
Extending the union graph...18% completed @ 2022-06-26 23:56:27.406426
Extending the union graph...21% completed @ 2022-06-26 23:56:27.451684
Extending the union graph...24% completed @ 2022-06-26 23:56:27.497125
Extending the union graph...27% completed @ 2022-06-26 23:56:27.541967
Extending the union graph...30% completed @ 2022-06-26 23:56:27.586689
Extending the union graph...33% completed @ 2022-06-26 23:56:27.631751
Extending the union graph...36% completed @ 2022-06-26 23:56:27.676240
Extending the union graph...39% completed @ 2022-06-26 23:56:27.723849
Extending the union graph...42% completed @ 2022-06-26 23:56:27.768793
Extending the union graph...45% completed @ 2022-06-26 23:56:27.813373
Extending the union graph...48% completed @ 2022-06-26 23:56:27.858287
Extending the union graph...51% completed @ 2022-06-26 23:56:27.902472
Extending the union graph...54% completed @ 2022-06-26 23:56:27.947101
Extending the union graph...57% completed @ 2022-06-26 23:56:27.991212
Extending the union graph...60% completed @ 2022-06-26 23:56:28.034943
Extending the union graph...63% completed @ 2022-06-26 23:56:28.079062
Extending the union graph...66% completed @ 2022-06-26 23:56:28.122328
Extending the union graph...69% completed @ 2022-06-26 23:56:28.165514
Extending the union graph...72% completed @ 2022-06-26 23:56:28.209191
Extending the union graph...75% completed @ 2022-06-26 23:56:28.252155
Extending the union graph...78% completed @ 2022-06-26 23:56:28.298525
Extending the union graph...81% completed @ 2022-06-26 23:56:28.344196
Extending the union graph...84% completed @ 2022-06-26 23:56:28.388519
Extending the union graph...87% completed @ 2022-06-26 23:56:28.432964
Extending the union graph...90% completed @ 2022-06-26 23:56:28.476980
Extending the union graph...93% completed @ 2022-06-26 23:56:28.520621
Extending the union graph...96% completed @ 2022-06-26 23:56:28.563455
Extending the union graph...99% completed @ 2022-06-26 23:56:28.605626
Calculating Jaccard scores sums
Calculating Jaccard scores sums...3% completed @ 2022-06-26 23:56:28.620331
Calculating Jaccard scores sums...6% completed @ 2022-06-26 23:56:28.621725
Calculating Jaccard scores sums...9% completed @ 2022-06-26 23:56:28.623841
Calculating Jaccard scores sums...12% completed @ 2022-06-26 23:56:28.626533
Calculating Jaccard scores sums...15% completed @ 2022-06-26 23:56:28.630142
Calculating Jaccard scores sums...18% completed @ 2022-06-26 23:56:28.634598
Calculating Jaccard scores sums...21% completed @ 2022-06-26 23:56:28.640913
Calculating Jaccard scores sums...24% completed @ 2022-06-26 23:56:28.646852
Calculating Jaccard scores sums...27% completed @ 2022-06-26 23:56:28.654141
Calculating Jaccard scores sums...30% completed @ 2022-06-26 23:56:28.662309
Calculating Jaccard scores sums...33% completed @ 2022-06-26 23:56:28.671448
Calculating Jaccard scores sums...36% completed @ 2022-06-26 23:56:28.680915
Calculating Jaccard scores sums...39% completed @ 2022-06-26 23:56:28.691751
Calculating Jaccard scores sums...42% completed @ 2022-06-26 23:56:28.703333
Calculating Jaccard scores sums...45% completed @ 2022-06-26 23:56:28.714946
Calculating Jaccard scores sums...48% completed @ 2022-06-26 23:56:28.727366
Calculating Jaccard scores sums...51% completed @ 2022-06-26 23:56:28.739762
Calculating Jaccard scores sums...54% completed @ 2022-06-26 23:56:28.754404
Calculating Jaccard scores sums...57% completed @ 2022-06-26 23:56:28.771867
Calculating Jaccard scores sums...60% completed @ 2022-06-26 23:56:28.787451
Calculating Jaccard scores sums...63% completed @ 2022-06-26 23:56:28.803186
Calculating Jaccard scores sums...66% completed @ 2022-06-26 23:56:28.819401
Calculating Jaccard scores sums...69% completed @ 2022-06-26 23:56:28.838065
Calculating Jaccard scores sums...72% completed @ 2022-06-26 23:56:28.861494
Calculating Jaccard scores sums...75% completed @ 2022-06-26 23:56:28.883036
Calculating Jaccard scores sums...78% completed @ 2022-06-26 23:56:28.905738
Calculating Jaccard scores sums...81% completed @ 2022-06-26 23:56:28.929052
Calculating Jaccard scores sums...84% completed @ 2022-06-26 23:56:28.951225
Calculating Jaccard scores sums...87% completed @ 2022-06-26 23:56:28.975542
Calculating Jaccard scores sums...90% completed @ 2022-06-26 23:56:28.998113
Calculating Jaccard scores sums...93% completed @ 2022-06-26 23:56:29.028854
Calculating Jaccard scores sums...96% completed @ 2022-06-26 23:56:29.056773
Calculating Jaccard scores sums...99% completed @ 2022-06-26 23:56:29.086904
Injecting direct edges contribution
Obtaining max scores per vertex
Obtaining max scores per vertex...3% completed @ 2022-06-26 23:56:29.174185
Obtaining max scores per vertex...6% completed @ 2022-06-26 23:56:29.249645
Obtaining max scores per vertex...9% completed @ 2022-06-26 23:56:29.325765
Obtaining max scores per vertex...12% completed @ 2022-06-26 23:56:29.400952
Obtaining max scores per vertex...15% completed @ 2022-06-26 23:56:29.476094
Obtaining max scores per vertex...18% completed @ 2022-06-26 23:56:29.552045
Obtaining max scores per vertex...21% completed @ 2022-06-26 23:56:29.627182
Obtaining max scores per vertex...24% completed @ 2022-06-26 23:56:29.702464
Obtaining max scores per vertex...27% completed @ 2022-06-26 23:56:29.777083
Obtaining max scores per vertex...30% completed @ 2022-06-26 23:56:29.851514
Obtaining max scores per vertex...33% completed @ 2022-06-26 23:56:29.926717
Obtaining max scores per vertex...36% completed @ 2022-06-26 23:56:30.000809
Obtaining max scores per vertex...39% completed @ 2022-06-26 23:56:30.076097
Obtaining max scores per vertex...42% completed @ 2022-06-26 23:56:30.152516
Obtaining max scores per vertex...45% completed @ 2022-06-26 23:56:30.226887
Obtaining max scores per vertex...48% completed @ 2022-06-26 23:56:30.301264
Obtaining max scores per vertex...51% completed @ 2022-06-26 23:56:30.374414
Obtaining max scores per vertex...54% completed @ 2022-06-26 23:56:30.448064
Obtaining max scores per vertex...57% completed @ 2022-06-26 23:56:30.520932
Obtaining max scores per vertex...60% completed @ 2022-06-26 23:56:30.593306
Obtaining max scores per vertex...63% completed @ 2022-06-26 23:56:30.666199
Obtaining max scores per vertex...66% completed @ 2022-06-26 23:56:30.738026
Obtaining max scores per vertex...69% completed @ 2022-06-26 23:56:30.810212
Obtaining max scores per vertex...72% completed @ 2022-06-26 23:56:30.883461
Obtaining max scores per vertex...75% completed @ 2022-06-26 23:56:30.955534
Obtaining max scores per vertex...78% completed @ 2022-06-26 23:56:31.028059
Obtaining max scores per vertex...81% completed @ 2022-06-26 23:56:31.099740
Obtaining max scores per vertex...84% completed @ 2022-06-26 23:56:31.171042
Obtaining max scores per vertex...87% completed @ 2022-06-26 23:56:31.242939
Obtaining max scores per vertex...90% completed @ 2022-06-26 23:56:31.313880
Obtaining max scores per vertex...93% completed @ 2022-06-26 23:56:31.385958
Obtaining max scores per vertex...96% completed @ 2022-06-26 23:56:31.456962
Obtaining max scores per vertex...99% completed @ 2022-06-26 23:56:31.527677
Removing low scoring edges
Removing low scoring edges...3% completed @ 2022-06-26 23:56:31.552701
Removing low scoring edges...6% completed @ 2022-06-26 23:56:31.556941
Removing low scoring edges...9% completed @ 2022-06-26 23:56:31.563985
Removing low scoring edges...12% completed @ 2022-06-26 23:56:31.573864
Removing low scoring edges...15% completed @ 2022-06-26 23:56:31.586463
Removing low scoring edges...18% completed @ 2022-06-26 23:56:31.602019
Removing low scoring edges...21% completed @ 2022-06-26 23:56:31.620591
Removing low scoring edges...24% completed @ 2022-06-26 23:56:31.641789
Removing low scoring edges...27% completed @ 2022-06-26 23:56:31.666000
Removing low scoring edges...30% completed @ 2022-06-26 23:56:31.692972
Removing low scoring edges...33% completed @ 2022-06-26 23:56:31.723446
Removing low scoring edges...36% completed @ 2022-06-26 23:56:31.756218
Removing low scoring edges...39% completed @ 2022-06-26 23:56:31.793844
Removing low scoring edges...42% completed @ 2022-06-26 23:56:31.833028
Removing low scoring edges...45% completed @ 2022-06-26 23:56:31.874916
Removing low scoring edges...48% completed @ 2022-06-26 23:56:31.920152
Removing low scoring edges...51% completed @ 2022-06-26 23:56:31.967711
Removing low scoring edges...54% completed @ 2022-06-26 23:56:32.018701
Removing low scoring edges...57% completed @ 2022-06-26 23:56:32.072304
Removing low scoring edges...60% completed @ 2022-06-26 23:56:32.128618
Removing low scoring edges...63% completed @ 2022-06-26 23:56:32.188368
Removing low scoring edges...66% completed @ 2022-06-26 23:56:32.250337
Removing low scoring edges...69% completed @ 2022-06-26 23:56:32.315420
Removing low scoring edges...72% completed @ 2022-06-26 23:56:32.384305
Removing low scoring edges...75% completed @ 2022-06-26 23:56:32.455956
Removing low scoring edges...78% completed @ 2022-06-26 23:56:32.531255
Removing low scoring edges...81% completed @ 2022-06-26 23:56:32.608110
Removing low scoring edges...84% completed @ 2022-06-26 23:56:32.687396
Removing low scoring edges...87% completed @ 2022-06-26 23:56:32.778298
Removing low scoring edges...90% completed @ 2022-06-26 23:56:32.866327
Removing low scoring edges...93% completed @ 2022-06-26 23:56:32.956793
Removing low scoring edges...96% completed @ 2022-06-26 23:56:33.050494
Removing low scoring edges...99% completed @ 2022-06-26 23:56:33.144664
Finalizing extended graph
197
[mcl] new tab created
[mcl] pid 521853
 ite ------------------  chaos  time hom(avg,lo,hi) expa expb expc fmv
  1  ..................   1.64  0.00 1.05/0.18/1.64 1.56 1.56 1.56  31
  2  ..................   2.99  0.00 0.83/0.35/1.13 1.32 1.16 1.81  49
  3  ..................   2.16  0.00 0.87/0.39/1.12 1.23 0.73 1.32  49
  4  ..................   0.79  0.00 0.97/0.63/1.07 1.18 0.56 0.75  38
  5  ..................   0.64  0.00 0.98/0.65/1.00 1.05 0.74 0.56   0
  6  ..................   0.68  0.00 0.99/0.80/1.00 1.01 0.89 0.50   0
  7  ..................   0.06  0.00 1.00/0.99/1.00 1.00 0.97 0.49   0
  8  ..................   0.00  0.00 1.00/1.00/1.00 1.00 0.90 0.44   0
[mcl] cut <4> instances of overlap
[mcl] jury pruning marks: <100,99,99>, out of 100
[mcl] jury pruning synopsis: <99.6 or perfect> (cf -scheme, -do log)
[mcl] output is in /home/wangph1/plant/data/mcl/bgRN-bgDM-k4-n3013-no1.txt
[mcl] 57 clusters found
[mcl] output is in /home/wangph1/plant/data/mcl/bgRN-bgDM-k4-n3013-no1.txt

Please cite:
    Stijn van Dongen, Graph Clustering by Flow Simulation.  PhD thesis,
    University of Utrecht, May 2000.
       (  http://www.library.uu.nl/digiarchief/dip/diss/1895620/full.pdf
       or  http://micans.org/mcl/lit/svdthesis.pdf.gz)
OR
    Stijn van Dongen, A cluster algorithm for graphs. Technical
    Report INS-R0010, National Research Institute for Mathematics
    and Computer Science in the Netherlands, Amsterdam, May 2000.
       (  http://www.cwi.nl/ftp/CWIreports/INS/INS-R0010.ps.Z
       or  http://micans.org/mcl/lit/INS-R0010.ps.Z)

/home/wangph1/plant/scripts
using old nif file for bgRN
using old nif file for bgDM
using old odv file for bgRN
using old odv file for bgDM
using old odv ort file for bgRN-bgDM
/home/wangph1/plant/data/mcl/bgRN-bgDM-k4-n3013-no1.txt
/home/wangph1/plant/networks/mcl/bgRN_marked.nif
/home/wangph1/plant/networks/mcl/bgDM_marked.nif
/home/wangph1/plant/data/mcl/fake_ort/bgRN-bgDM-k4-n3013-no1.ort
/home/wangph1/plant/data/mcl/bgRN-bgDM-k4-n3013-no1.txt
0 / 164
JOBSFINISHED
