Namespace(ag_file=['/home/wangph1/plant/data/mcl/RN-MM-RN-RN-MM-MM-k4-n2177-no1.ag'], ort_file=['/home/wangph1/plant/data/mcl/fake_ort/RN-MM-RN-RN-MM-MM-k4-n2177-no1.ort'], ppi1_file=['/home/wangph1/plant/networks/mcl/RN-MM-RN_marked.nif'], ppi2_file=['/home/wangph1/plant/networks/mcl/RN-MM-MM_marked.nif'])
Loading input data
/home/wangph1/plant/networks/mcl/RN-MM-RN_marked.nif
/home/wangph1/plant/networks/mcl/RN-MM-MM_marked.nif
/home/wangph1/plant/data/mcl/fake_ort/RN-MM-RN-RN-MM-MM-k4-n2177-no1.ort
Building the union graph
Building rev maps
Building maps
Processing net 0 - simple nodes
Processing net 1 - simple nodes
Processing composite nodes
Building igraph.Graph
Entering build_union_graph_edges
Building graph1 edges...3% completed @ 2022-06-26 23:56:18.673418
Building graph1 edges...6% completed @ 2022-06-26 23:56:18.807299
Building graph1 edges...9% completed @ 2022-06-26 23:56:18.942199
Building graph1 edges...12% completed @ 2022-06-26 23:56:19.077231
Building graph1 edges...15% completed @ 2022-06-26 23:56:19.213132
Building graph1 edges...18% completed @ 2022-06-26 23:56:19.348040
Building graph1 edges...21% completed @ 2022-06-26 23:56:19.483675
Building graph1 edges...24% completed @ 2022-06-26 23:56:19.618676
Building graph1 edges...27% completed @ 2022-06-26 23:56:19.752557
Building graph1 edges...30% completed @ 2022-06-26 23:56:19.887104
Building graph1 edges...33% completed @ 2022-06-26 23:56:20.021611
Building graph1 edges...36% completed @ 2022-06-26 23:56:20.156110
Building graph1 edges...39% completed @ 2022-06-26 23:56:20.290655
Building graph1 edges...42% completed @ 2022-06-26 23:56:20.421893
Building graph1 edges...45% completed @ 2022-06-26 23:56:20.546687
Building graph1 edges...48% completed @ 2022-06-26 23:56:20.671903
Building graph1 edges...51% completed @ 2022-06-26 23:56:20.796538
Building graph1 edges...54% completed @ 2022-06-26 23:56:20.921421
Building graph1 edges...57% completed @ 2022-06-26 23:56:21.046387
Building graph1 edges...60% completed @ 2022-06-26 23:56:21.171265
Building graph1 edges...63% completed @ 2022-06-26 23:56:21.297522
Building graph1 edges...66% completed @ 2022-06-26 23:56:21.433694
Building graph1 edges...69% completed @ 2022-06-26 23:56:21.559820
Building graph1 edges...72% completed @ 2022-06-26 23:56:21.686018
Building graph1 edges...75% completed @ 2022-06-26 23:56:21.811366
Building graph1 edges...78% completed @ 2022-06-26 23:56:21.937584
Building graph1 edges...81% completed @ 2022-06-26 23:56:22.063714
Building graph1 edges...84% completed @ 2022-06-26 23:56:22.189873
Building graph1 edges...87% completed @ 2022-06-26 23:56:22.316324
Building graph1 edges...90% completed @ 2022-06-26 23:56:22.442536
Building graph1 edges...93% completed @ 2022-06-26 23:56:22.569181
Building graph1 edges...96% completed @ 2022-06-26 23:56:22.695574
Building graph1 edges...99% completed @ 2022-06-26 23:56:22.822364
Merging conserved edges
Pruning the union graph
Building the extended union graph
Extending the union graph...10% completed @ 2022-06-26 23:56:22.951393
Extending the union graph...20% completed @ 2022-06-26 23:56:22.954554
Extending the union graph...30% completed @ 2022-06-26 23:56:22.957576
Extending the union graph...40% completed @ 2022-06-26 23:56:22.961100
Extending the union graph...50% completed @ 2022-06-26 23:56:22.965412
Extending the union graph...60% completed @ 2022-06-26 23:56:22.969300
Extending the union graph...70% completed @ 2022-06-26 23:56:22.973812
Extending the union graph...80% completed @ 2022-06-26 23:56:22.978780
Extending the union graph...90% completed @ 2022-06-26 23:56:22.983401
Edge Jaccard on extended union graph dist 1
Building the extended union graph
Extending the union graph...3% completed @ 2022-06-26 23:56:23.018928
Extending the union graph...6% completed @ 2022-06-26 23:56:23.020279
Extending the union graph...9% completed @ 2022-06-26 23:56:23.020897
Extending the union graph...12% completed @ 2022-06-26 23:56:23.021552
Extending the union graph...15% completed @ 2022-06-26 23:56:23.022471
Extending the union graph...18% completed @ 2022-06-26 23:56:23.023091
Extending the union graph...21% completed @ 2022-06-26 23:56:23.023796
Extending the union graph...24% completed @ 2022-06-26 23:56:23.024575
Extending the union graph...27% completed @ 2022-06-26 23:56:23.025542
Extending the union graph...30% completed @ 2022-06-26 23:56:23.026242
Extending the union graph...33% completed @ 2022-06-26 23:56:23.026871
Extending the union graph...36% completed @ 2022-06-26 23:56:23.027485
Extending the union graph...39% completed @ 2022-06-26 23:56:23.028223
Extending the union graph...42% completed @ 2022-06-26 23:56:23.028901
Extending the union graph...45% completed @ 2022-06-26 23:56:23.029645
Extending the union graph...48% completed @ 2022-06-26 23:56:23.030206
Extending the union graph...51% completed @ 2022-06-26 23:56:23.030834
Extending the union graph...54% completed @ 2022-06-26 23:56:23.031507
Extending the union graph...57% completed @ 2022-06-26 23:56:23.032096
Extending the union graph...60% completed @ 2022-06-26 23:56:23.032795
Extending the union graph...63% completed @ 2022-06-26 23:56:23.033649
Extending the union graph...66% completed @ 2022-06-26 23:56:23.034381
Extending the union graph...69% completed @ 2022-06-26 23:56:23.035116
Extending the union graph...72% completed @ 2022-06-26 23:56:23.035752
Extending the union graph...75% completed @ 2022-06-26 23:56:23.036428
Extending the union graph...78% completed @ 2022-06-26 23:56:23.037136
Extending the union graph...81% completed @ 2022-06-26 23:56:23.037876
Extending the union graph...84% completed @ 2022-06-26 23:56:23.038547
Extending the union graph...87% completed @ 2022-06-26 23:56:23.039264
Extending the union graph...90% completed @ 2022-06-26 23:56:23.039875
Extending the union graph...93% completed @ 2022-06-26 23:56:23.040603
Extending the union graph...96% completed @ 2022-06-26 23:56:23.041469
Extending the union graph...99% completed @ 2022-06-26 23:56:23.042101
Evaluating vertex sums
Extending the union graph...3% completed @ 2022-06-26 23:56:23.068040
Extending the union graph...6% completed @ 2022-06-26 23:56:23.093029
Extending the union graph...9% completed @ 2022-06-26 23:56:23.117882
Extending the union graph...12% completed @ 2022-06-26 23:56:23.142970
Extending the union graph...15% completed @ 2022-06-26 23:56:23.167750
Extending the union graph...18% completed @ 2022-06-26 23:56:23.192397
Extending the union graph...21% completed @ 2022-06-26 23:56:23.217364
Extending the union graph...24% completed @ 2022-06-26 23:56:23.242015
Extending the union graph...27% completed @ 2022-06-26 23:56:23.266507
Extending the union graph...30% completed @ 2022-06-26 23:56:23.291768
Extending the union graph...33% completed @ 2022-06-26 23:56:23.317826
Extending the union graph...36% completed @ 2022-06-26 23:56:23.342286
Extending the union graph...39% completed @ 2022-06-26 23:56:23.366950
Extending the union graph...42% completed @ 2022-06-26 23:56:23.391224
Extending the union graph...45% completed @ 2022-06-26 23:56:23.415527
Extending the union graph...48% completed @ 2022-06-26 23:56:23.439694
Extending the union graph...51% completed @ 2022-06-26 23:56:23.464034
Extending the union graph...54% completed @ 2022-06-26 23:56:23.488282
Extending the union graph...57% completed @ 2022-06-26 23:56:23.512167
Extending the union graph...60% completed @ 2022-06-26 23:56:23.536355
Extending the union graph...63% completed @ 2022-06-26 23:56:23.560172
Extending the union graph...66% completed @ 2022-06-26 23:56:23.583821
Extending the union graph...69% completed @ 2022-06-26 23:56:23.607643
Extending the union graph...72% completed @ 2022-06-26 23:56:23.631201
Extending the union graph...75% completed @ 2022-06-26 23:56:23.654805
Extending the union graph...78% completed @ 2022-06-26 23:56:23.678540
Extending the union graph...81% completed @ 2022-06-26 23:56:23.701794
Extending the union graph...84% completed @ 2022-06-26 23:56:23.725046
Extending the union graph...87% completed @ 2022-06-26 23:56:23.748201
Extending the union graph...90% completed @ 2022-06-26 23:56:23.771497
Extending the union graph...93% completed @ 2022-06-26 23:56:23.795745
Extending the union graph...96% completed @ 2022-06-26 23:56:23.819072
Extending the union graph...99% completed @ 2022-06-26 23:56:23.842435
Calculating Jaccard scores sums
Calculating Jaccard scores sums...3% completed @ 2022-06-26 23:56:23.850274
Calculating Jaccard scores sums...6% completed @ 2022-06-26 23:56:23.851070
Calculating Jaccard scores sums...9% completed @ 2022-06-26 23:56:23.852140
Calculating Jaccard scores sums...12% completed @ 2022-06-26 23:56:23.853851
Calculating Jaccard scores sums...15% completed @ 2022-06-26 23:56:23.855702
Calculating Jaccard scores sums...18% completed @ 2022-06-26 23:56:23.857949
Calculating Jaccard scores sums...21% completed @ 2022-06-26 23:56:23.860760
Calculating Jaccard scores sums...24% completed @ 2022-06-26 23:56:23.865139
Calculating Jaccard scores sums...27% completed @ 2022-06-26 23:56:23.870519
Calculating Jaccard scores sums...30% completed @ 2022-06-26 23:56:23.875082
Calculating Jaccard scores sums...33% completed @ 2022-06-26 23:56:23.880033
Calculating Jaccard scores sums...36% completed @ 2022-06-26 23:56:23.885820
Calculating Jaccard scores sums...39% completed @ 2022-06-26 23:56:23.891772
Calculating Jaccard scores sums...42% completed @ 2022-06-26 23:56:23.898119
Calculating Jaccard scores sums...45% completed @ 2022-06-26 23:56:23.905757
Calculating Jaccard scores sums...48% completed @ 2022-06-26 23:56:23.912527
Calculating Jaccard scores sums...51% completed @ 2022-06-26 23:56:23.919849
Calculating Jaccard scores sums...54% completed @ 2022-06-26 23:56:23.928396
Calculating Jaccard scores sums...57% completed @ 2022-06-26 23:56:23.936934
Calculating Jaccard scores sums...60% completed @ 2022-06-26 23:56:23.946621
Calculating Jaccard scores sums...63% completed @ 2022-06-26 23:56:23.957811
Calculating Jaccard scores sums...66% completed @ 2022-06-26 23:56:23.969568
Calculating Jaccard scores sums...69% completed @ 2022-06-26 23:56:23.980812
Calculating Jaccard scores sums...72% completed @ 2022-06-26 23:56:23.991143
Calculating Jaccard scores sums...75% completed @ 2022-06-26 23:56:24.004584
Calculating Jaccard scores sums...78% completed @ 2022-06-26 23:56:24.017390
Calculating Jaccard scores sums...81% completed @ 2022-06-26 23:56:24.030511
Calculating Jaccard scores sums...84% completed @ 2022-06-26 23:56:24.045673
Calculating Jaccard scores sums...87% completed @ 2022-06-26 23:56:24.059853
Calculating Jaccard scores sums...90% completed @ 2022-06-26 23:56:24.073058
Calculating Jaccard scores sums...93% completed @ 2022-06-26 23:56:24.089837
Calculating Jaccard scores sums...96% completed @ 2022-06-26 23:56:24.108701
Calculating Jaccard scores sums...99% completed @ 2022-06-26 23:56:24.124931
Injecting direct edges contribution
Obtaining max scores per vertex
Obtaining max scores per vertex...3% completed @ 2022-06-26 23:56:24.188126
Obtaining max scores per vertex...6% completed @ 2022-06-26 23:56:24.228222
Obtaining max scores per vertex...9% completed @ 2022-06-26 23:56:24.270106
Obtaining max scores per vertex...12% completed @ 2022-06-26 23:56:24.311598
Obtaining max scores per vertex...15% completed @ 2022-06-26 23:56:24.352131
Obtaining max scores per vertex...18% completed @ 2022-06-26 23:56:24.392462
Obtaining max scores per vertex...21% completed @ 2022-06-26 23:56:24.433665
Obtaining max scores per vertex...24% completed @ 2022-06-26 23:56:24.474633
Obtaining max scores per vertex...27% completed @ 2022-06-26 23:56:24.515341
Obtaining max scores per vertex...30% completed @ 2022-06-26 23:56:24.555935
Obtaining max scores per vertex...33% completed @ 2022-06-26 23:56:24.596094
Obtaining max scores per vertex...36% completed @ 2022-06-26 23:56:24.636057
Obtaining max scores per vertex...39% completed @ 2022-06-26 23:56:24.676266
Obtaining max scores per vertex...42% completed @ 2022-06-26 23:56:24.715564
Obtaining max scores per vertex...45% completed @ 2022-06-26 23:56:24.754968
Obtaining max scores per vertex...48% completed @ 2022-06-26 23:56:24.793886
Obtaining max scores per vertex...51% completed @ 2022-06-26 23:56:24.833336
Obtaining max scores per vertex...54% completed @ 2022-06-26 23:56:24.872181
Obtaining max scores per vertex...57% completed @ 2022-06-26 23:56:24.910683
Obtaining max scores per vertex...60% completed @ 2022-06-26 23:56:24.950014
Obtaining max scores per vertex...63% completed @ 2022-06-26 23:56:24.988721
Obtaining max scores per vertex...66% completed @ 2022-06-26 23:56:25.027561
Obtaining max scores per vertex...69% completed @ 2022-06-26 23:56:25.066623
Obtaining max scores per vertex...72% completed @ 2022-06-26 23:56:25.104827
Obtaining max scores per vertex...75% completed @ 2022-06-26 23:56:25.143520
Obtaining max scores per vertex...78% completed @ 2022-06-26 23:56:25.182625
Obtaining max scores per vertex...81% completed @ 2022-06-26 23:56:25.220879
Obtaining max scores per vertex...84% completed @ 2022-06-26 23:56:25.259183
Obtaining max scores per vertex...87% completed @ 2022-06-26 23:56:25.297422
Obtaining max scores per vertex...90% completed @ 2022-06-26 23:56:25.335945
Obtaining max scores per vertex...93% completed @ 2022-06-26 23:56:25.374089
Obtaining max scores per vertex...96% completed @ 2022-06-26 23:56:25.412239
Obtaining max scores per vertex...99% completed @ 2022-06-26 23:56:25.450770
Removing low scoring edges
Removing low scoring edges...3% completed @ 2022-06-26 23:56:25.463941
Removing low scoring edges...6% completed @ 2022-06-26 23:56:25.466366
Removing low scoring edges...9% completed @ 2022-06-26 23:56:25.470272
Removing low scoring edges...12% completed @ 2022-06-26 23:56:25.475774
Removing low scoring edges...15% completed @ 2022-06-26 23:56:25.482800
Removing low scoring edges...18% completed @ 2022-06-26 23:56:25.491182
Removing low scoring edges...21% completed @ 2022-06-26 23:56:25.501447
Removing low scoring edges...24% completed @ 2022-06-26 23:56:25.513183
Removing low scoring edges...27% completed @ 2022-06-26 23:56:25.526677
Removing low scoring edges...30% completed @ 2022-06-26 23:56:25.541754
Removing low scoring edges...33% completed @ 2022-06-26 23:56:25.558146
Removing low scoring edges...36% completed @ 2022-06-26 23:56:25.575985
Removing low scoring edges...39% completed @ 2022-06-26 23:56:25.595923
Removing low scoring edges...42% completed @ 2022-06-26 23:56:25.617101
Removing low scoring edges...45% completed @ 2022-06-26 23:56:25.640195
Removing low scoring edges...48% completed @ 2022-06-26 23:56:25.664254
Removing low scoring edges...51% completed @ 2022-06-26 23:56:25.690534
Removing low scoring edges...54% completed @ 2022-06-26 23:56:25.718088
Removing low scoring edges...57% completed @ 2022-06-26 23:56:25.746797
Removing low scoring edges...60% completed @ 2022-06-26 23:56:25.777623
Removing low scoring edges...63% completed @ 2022-06-26 23:56:25.810298
Removing low scoring edges...66% completed @ 2022-06-26 23:56:25.845776
Removing low scoring edges...69% completed @ 2022-06-26 23:56:25.882395
Removing low scoring edges...72% completed @ 2022-06-26 23:56:25.919848
Removing low scoring edges...75% completed @ 2022-06-26 23:56:25.959717
Removing low scoring edges...78% completed @ 2022-06-26 23:56:26.001700
Removing low scoring edges...81% completed @ 2022-06-26 23:56:26.044576
Removing low scoring edges...84% completed @ 2022-06-26 23:56:26.088299
Removing low scoring edges...87% completed @ 2022-06-26 23:56:26.134124
Removing low scoring edges...90% completed @ 2022-06-26 23:56:26.181450
Removing low scoring edges...93% completed @ 2022-06-26 23:56:26.230687
Removing low scoring edges...96% completed @ 2022-06-26 23:56:26.281634
Removing low scoring edges...99% completed @ 2022-06-26 23:56:26.333570
Finalizing extended graph
591
[mcl] new tab created
[mcl] pid 512161
 ite -------------------  chaos  time hom(avg,lo,hi) expa expb expc fmv
  1  ...................   4.45  0.00 1.57/0.06/2.93 2.53 2.53 2.53  50
  2  ...................   3.10  0.00 0.85/0.40/1.33 1.03 1.03 2.60  77
  3  ...................   2.64  0.00 0.92/0.45/1.21 1.00 0.55 1.44  77
  4  ...................   1.40  0.00 0.96/0.31/1.14 1.06 0.69 1.00  43
  5  ...................   0.46  0.00 0.98/0.70/1.00 1.00 0.84 0.84  20
  6  ...................   0.14  0.00 0.99/0.86/1.00 1.02 0.88 0.74  13
  7  ...................   0.13  0.00 1.00/0.94/1.00 1.00 0.99 0.73  13
  8  ...................   0.24  0.00 1.00/0.78/1.00 1.00 0.96 0.71  13
  9  ...................   0.13  0.00 1.00/0.87/1.00 1.00 1.00 0.71  12
 10  ...................   0.00  0.00 1.00/1.00/1.00 1.00 1.00 0.71  12
 11  ...................   0.00  0.00 1.00/1.00/1.00 1.00 1.00 0.71  12
[mcl] cut <6> instances of overlap
[mcl] jury pruning marks: <100,99,99>, out of 100
[mcl] jury pruning synopsis: <99.6 or perfect> (cf -scheme, -do log)
[mcl] output is in /home/wangph1/plant/data/mcl/RN-MM-RN-RN-MM-MM-k4-n2177-no1.txt
[mcl] 51 clusters found
[mcl] output is in /home/wangph1/plant/data/mcl/RN-MM-RN-RN-MM-MM-k4-n2177-no1.txt

Please cite:
    Stijn van Dongen, Graph Clustering by Flow Simulation.  PhD thesis,
    University of Utrecht, May 2000.
       (  http://www.library.uu.nl/digiarchief/dip/diss/1895620/full.pdf
       or  http://micans.org/mcl/lit/svdthesis.pdf.gz)
OR
    Stijn van Dongen, A cluster algorithm for graphs. Technical
    Report INS-R0010, National Research Institute for Mathematics
    and Computer Science in the Netherlands, Amsterdam, May 2000.
       (  http://www.cwi.nl/ftp/CWIreports/INS/INS-R0010.ps.Z
       or  http://micans.org/mcl/lit/INS-R0010.ps.Z)

/home/wangph1/plant/scripts
using old nif file for RN-MM-RN
using old nif file for RN-MM-MM
using old odv file for RN-MM-RN
using old odv file for RN-MM-MM
using old odv ort file for RN-MM-RN-RN-MM-MM
/home/wangph1/plant/data/mcl/RN-MM-RN-RN-MM-MM-k4-n2177-no1.txt
/home/wangph1/plant/networks/mcl/RN-MM-RN_marked.nif
/home/wangph1/plant/networks/mcl/RN-MM-MM_marked.nif
/home/wangph1/plant/data/mcl/fake_ort/RN-MM-RN-RN-MM-MM-k4-n2177-no1.ort
/home/wangph1/plant/data/mcl/RN-MM-RN-RN-MM-MM-k4-n2177-no1.txt
0 / 287
JOBSFINISHED
