Namespace(ag_file=['/home/wangph1/plant/data/mcl/bgRN-bgMM-k4-n3013-no1.ag'], ort_file=['/home/wangph1/plant/data/mcl/fake_ort/bgRN-bgMM-k4-n3013-no1.ort'], ppi1_file=['/home/wangph1/plant/networks/mcl/bgRN_marked.nif'], ppi2_file=['/home/wangph1/plant/networks/mcl/bgMM_marked.nif'])
Loading input data
/home/wangph1/plant/networks/mcl/bgRN_marked.nif
/home/wangph1/plant/networks/mcl/bgMM_marked.nif
/home/wangph1/plant/data/mcl/fake_ort/bgRN-bgMM-k4-n3013-no1.ort
Building the union graph
Building rev maps
Building maps
Processing net 0 - simple nodes
Processing net 1 - simple nodes
Processing composite nodes
Building igraph.Graph
Entering build_union_graph_edges
Building graph1 edges...3% completed @ 2022-06-26 23:56:19.911494
Building graph1 edges...6% completed @ 2022-06-26 23:56:20.129710
Building graph1 edges...9% completed @ 2022-06-26 23:56:20.348004
Building graph1 edges...12% completed @ 2022-06-26 23:56:20.566250
Building graph1 edges...15% completed @ 2022-06-26 23:56:20.786321
Building graph1 edges...18% completed @ 2022-06-26 23:56:21.004990
Building graph1 edges...21% completed @ 2022-06-26 23:56:21.223383
Building graph1 edges...24% completed @ 2022-06-26 23:56:21.432629
Building graph1 edges...27% completed @ 2022-06-26 23:56:21.635210
Building graph1 edges...30% completed @ 2022-06-26 23:56:21.839512
Building graph1 edges...33% completed @ 2022-06-26 23:56:22.042151
Building graph1 edges...36% completed @ 2022-06-26 23:56:22.244743
Building graph1 edges...39% completed @ 2022-06-26 23:56:22.447316
Building graph1 edges...42% completed @ 2022-06-26 23:56:22.650772
Building graph1 edges...45% completed @ 2022-06-26 23:56:22.855199
Building graph1 edges...48% completed @ 2022-06-26 23:56:23.058167
Building graph1 edges...51% completed @ 2022-06-26 23:56:23.260805
Building graph1 edges...54% completed @ 2022-06-26 23:56:23.463421
Building graph1 edges...57% completed @ 2022-06-26 23:56:23.666045
Building graph1 edges...60% completed @ 2022-06-26 23:56:23.868736
Building graph1 edges...63% completed @ 2022-06-26 23:56:24.071297
Building graph1 edges...66% completed @ 2022-06-26 23:56:24.273821
Building graph1 edges...69% completed @ 2022-06-26 23:56:24.476452
Building graph1 edges...72% completed @ 2022-06-26 23:56:24.679054
Building graph1 edges...75% completed @ 2022-06-26 23:56:24.881542
Building graph1 edges...78% completed @ 2022-06-26 23:56:25.084106
Building graph1 edges...81% completed @ 2022-06-26 23:56:25.287626
Building graph1 edges...84% completed @ 2022-06-26 23:56:25.490570
Building graph1 edges...87% completed @ 2022-06-26 23:56:25.692042
Building graph1 edges...90% completed @ 2022-06-26 23:56:25.894797
Building graph1 edges...93% completed @ 2022-06-26 23:56:26.097410
Building graph1 edges...96% completed @ 2022-06-26 23:56:26.299987
Building graph1 edges...99% completed @ 2022-06-26 23:56:26.502574
Merging conserved edges
Pruning the union graph
Building the extended union graph
Extending the union graph...10% completed @ 2022-06-26 23:56:26.912257
Extending the union graph...20% completed @ 2022-06-26 23:56:26.919766
Extending the union graph...30% completed @ 2022-06-26 23:56:26.927416
Extending the union graph...40% completed @ 2022-06-26 23:56:26.934695
Extending the union graph...50% completed @ 2022-06-26 23:56:26.942380
Extending the union graph...60% completed @ 2022-06-26 23:56:26.949727
Extending the union graph...70% completed @ 2022-06-26 23:56:26.957923
Extending the union graph...80% completed @ 2022-06-26 23:56:26.965526
Extending the union graph...90% completed @ 2022-06-26 23:56:26.978178
Edge Jaccard on extended union graph dist 1
Building the extended union graph
Extending the union graph...3% completed @ 2022-06-26 23:56:27.058534
Extending the union graph...6% completed @ 2022-06-26 23:56:27.060031
Extending the union graph...9% completed @ 2022-06-26 23:56:27.061027
Extending the union graph...12% completed @ 2022-06-26 23:56:27.062778
Extending the union graph...15% completed @ 2022-06-26 23:56:27.063990
Extending the union graph...18% completed @ 2022-06-26 23:56:27.065053
Extending the union graph...21% completed @ 2022-06-26 23:56:27.066211
Extending the union graph...24% completed @ 2022-06-26 23:56:27.067197
Extending the union graph...27% completed @ 2022-06-26 23:56:27.068256
Extending the union graph...30% completed @ 2022-06-26 23:56:27.069054
Extending the union graph...33% completed @ 2022-06-26 23:56:27.069890
Extending the union graph...36% completed @ 2022-06-26 23:56:27.070644
Extending the union graph...39% completed @ 2022-06-26 23:56:27.072262
Extending the union graph...42% completed @ 2022-06-26 23:56:27.073340
Extending the union graph...45% completed @ 2022-06-26 23:56:27.074619
Extending the union graph...48% completed @ 2022-06-26 23:56:27.075740
Extending the union graph...51% completed @ 2022-06-26 23:56:27.076748
Extending the union graph...54% completed @ 2022-06-26 23:56:27.077638
Extending the union graph...57% completed @ 2022-06-26 23:56:27.078448
Extending the union graph...60% completed @ 2022-06-26 23:56:27.079583
Extending the union graph...63% completed @ 2022-06-26 23:56:27.080371
Extending the union graph...66% completed @ 2022-06-26 23:56:27.081262
Extending the union graph...69% completed @ 2022-06-26 23:56:27.082334
Extending the union graph...72% completed @ 2022-06-26 23:56:27.083537
Extending the union graph...75% completed @ 2022-06-26 23:56:27.085367
Extending the union graph...78% completed @ 2022-06-26 23:56:27.086150
Extending the union graph...81% completed @ 2022-06-26 23:56:27.086979
Extending the union graph...84% completed @ 2022-06-26 23:56:27.088062
Extending the union graph...87% completed @ 2022-06-26 23:56:27.088770
Extending the union graph...90% completed @ 2022-06-26 23:56:27.089505
Extending the union graph...93% completed @ 2022-06-26 23:56:27.090333
Extending the union graph...96% completed @ 2022-06-26 23:56:27.091434
Extending the union graph...99% completed @ 2022-06-26 23:56:27.092515
Evaluating vertex sums
Extending the union graph...3% completed @ 2022-06-26 23:56:27.140656
Extending the union graph...6% completed @ 2022-06-26 23:56:27.187629
Extending the union graph...9% completed @ 2022-06-26 23:56:27.234905
Extending the union graph...12% completed @ 2022-06-26 23:56:27.280838
Extending the union graph...15% completed @ 2022-06-26 23:56:27.326863
Extending the union graph...18% completed @ 2022-06-26 23:56:27.372958
Extending the union graph...21% completed @ 2022-06-26 23:56:27.418484
Extending the union graph...24% completed @ 2022-06-26 23:56:27.463959
Extending the union graph...27% completed @ 2022-06-26 23:56:27.508998
Extending the union graph...30% completed @ 2022-06-26 23:56:27.553995
Extending the union graph...33% completed @ 2022-06-26 23:56:27.599283
Extending the union graph...36% completed @ 2022-06-26 23:56:27.643937
Extending the union graph...39% completed @ 2022-06-26 23:56:27.689007
Extending the union graph...42% completed @ 2022-06-26 23:56:27.735755
Extending the union graph...45% completed @ 2022-06-26 23:56:27.781029
Extending the union graph...48% completed @ 2022-06-26 23:56:27.825464
Extending the union graph...51% completed @ 2022-06-26 23:56:27.869330
Extending the union graph...54% completed @ 2022-06-26 23:56:27.913220
Extending the union graph...57% completed @ 2022-06-26 23:56:27.956782
Extending the union graph...60% completed @ 2022-06-26 23:56:27.999940
Extending the union graph...63% completed @ 2022-06-26 23:56:28.044983
Extending the union graph...66% completed @ 2022-06-26 23:56:28.088549
Extending the union graph...69% completed @ 2022-06-26 23:56:28.131433
Extending the union graph...72% completed @ 2022-06-26 23:56:28.175169
Extending the union graph...75% completed @ 2022-06-26 23:56:28.218252
Extending the union graph...78% completed @ 2022-06-26 23:56:28.261632
Extending the union graph...81% completed @ 2022-06-26 23:56:28.304175
Extending the union graph...84% completed @ 2022-06-26 23:56:28.346408
Extending the union graph...87% completed @ 2022-06-26 23:56:28.388751
Extending the union graph...90% completed @ 2022-06-26 23:56:28.430596
Extending the union graph...93% completed @ 2022-06-26 23:56:28.472968
Extending the union graph...96% completed @ 2022-06-26 23:56:28.514636
Extending the union graph...99% completed @ 2022-06-26 23:56:28.556183
Calculating Jaccard scores sums
Calculating Jaccard scores sums...3% completed @ 2022-06-26 23:56:28.570738
Calculating Jaccard scores sums...6% completed @ 2022-06-26 23:56:28.572491
Calculating Jaccard scores sums...9% completed @ 2022-06-26 23:56:28.575595
Calculating Jaccard scores sums...12% completed @ 2022-06-26 23:56:28.579803
Calculating Jaccard scores sums...15% completed @ 2022-06-26 23:56:28.585549
Calculating Jaccard scores sums...18% completed @ 2022-06-26 23:56:28.591519
Calculating Jaccard scores sums...21% completed @ 2022-06-26 23:56:28.599072
Calculating Jaccard scores sums...24% completed @ 2022-06-26 23:56:28.606173
Calculating Jaccard scores sums...27% completed @ 2022-06-26 23:56:28.614826
Calculating Jaccard scores sums...30% completed @ 2022-06-26 23:56:28.625437
Calculating Jaccard scores sums...33% completed @ 2022-06-26 23:56:28.637309
Calculating Jaccard scores sums...36% completed @ 2022-06-26 23:56:28.651913
Calculating Jaccard scores sums...39% completed @ 2022-06-26 23:56:28.666913
Calculating Jaccard scores sums...42% completed @ 2022-06-26 23:56:28.680618
Calculating Jaccard scores sums...45% completed @ 2022-06-26 23:56:28.695679
Calculating Jaccard scores sums...48% completed @ 2022-06-26 23:56:28.712392
Calculating Jaccard scores sums...51% completed @ 2022-06-26 23:56:28.732527
Calculating Jaccard scores sums...54% completed @ 2022-06-26 23:56:28.749678
Calculating Jaccard scores sums...57% completed @ 2022-06-26 23:56:28.770117
Calculating Jaccard scores sums...60% completed @ 2022-06-26 23:56:28.789531
Calculating Jaccard scores sums...63% completed @ 2022-06-26 23:56:28.809992
Calculating Jaccard scores sums...66% completed @ 2022-06-26 23:56:28.833521
Calculating Jaccard scores sums...69% completed @ 2022-06-26 23:56:28.856480
Calculating Jaccard scores sums...72% completed @ 2022-06-26 23:56:28.882329
Calculating Jaccard scores sums...75% completed @ 2022-06-26 23:56:28.910849
Calculating Jaccard scores sums...78% completed @ 2022-06-26 23:56:28.939045
Calculating Jaccard scores sums...81% completed @ 2022-06-26 23:56:28.967101
Calculating Jaccard scores sums...84% completed @ 2022-06-26 23:56:28.995232
Calculating Jaccard scores sums...87% completed @ 2022-06-26 23:56:29.022565
Calculating Jaccard scores sums...90% completed @ 2022-06-26 23:56:29.052544
Calculating Jaccard scores sums...93% completed @ 2022-06-26 23:56:29.089504
Calculating Jaccard scores sums...96% completed @ 2022-06-26 23:56:29.123956
Calculating Jaccard scores sums...99% completed @ 2022-06-26 23:56:29.160707
Injecting direct edges contribution
Obtaining max scores per vertex
Obtaining max scores per vertex...3% completed @ 2022-06-26 23:56:29.280040
Obtaining max scores per vertex...6% completed @ 2022-06-26 23:56:29.356040
Obtaining max scores per vertex...9% completed @ 2022-06-26 23:56:29.433009
Obtaining max scores per vertex...12% completed @ 2022-06-26 23:56:29.509716
Obtaining max scores per vertex...15% completed @ 2022-06-26 23:56:29.586321
Obtaining max scores per vertex...18% completed @ 2022-06-26 23:56:29.662961
Obtaining max scores per vertex...21% completed @ 2022-06-26 23:56:29.738797
Obtaining max scores per vertex...24% completed @ 2022-06-26 23:56:29.814515
Obtaining max scores per vertex...27% completed @ 2022-06-26 23:56:29.889404
Obtaining max scores per vertex...30% completed @ 2022-06-26 23:56:29.964286
Obtaining max scores per vertex...33% completed @ 2022-06-26 23:56:30.039943
Obtaining max scores per vertex...36% completed @ 2022-06-26 23:56:30.114323
Obtaining max scores per vertex...39% completed @ 2022-06-26 23:56:30.189811
Obtaining max scores per vertex...42% completed @ 2022-06-26 23:56:30.263676
Obtaining max scores per vertex...45% completed @ 2022-06-26 23:56:30.337352
Obtaining max scores per vertex...48% completed @ 2022-06-26 23:56:30.411788
Obtaining max scores per vertex...51% completed @ 2022-06-26 23:56:30.485364
Obtaining max scores per vertex...54% completed @ 2022-06-26 23:56:30.558920
Obtaining max scores per vertex...57% completed @ 2022-06-26 23:56:30.631687
Obtaining max scores per vertex...60% completed @ 2022-06-26 23:56:30.704229
Obtaining max scores per vertex...63% completed @ 2022-06-26 23:56:30.777333
Obtaining max scores per vertex...66% completed @ 2022-06-26 23:56:30.849698
Obtaining max scores per vertex...69% completed @ 2022-06-26 23:56:30.922070
Obtaining max scores per vertex...72% completed @ 2022-06-26 23:56:30.995501
Obtaining max scores per vertex...75% completed @ 2022-06-26 23:56:31.068544
Obtaining max scores per vertex...78% completed @ 2022-06-26 23:56:31.141381
Obtaining max scores per vertex...81% completed @ 2022-06-26 23:56:31.213160
Obtaining max scores per vertex...84% completed @ 2022-06-26 23:56:31.285162
Obtaining max scores per vertex...87% completed @ 2022-06-26 23:56:31.357379
Obtaining max scores per vertex...90% completed @ 2022-06-26 23:56:31.428747
Obtaining max scores per vertex...93% completed @ 2022-06-26 23:56:31.501021
Obtaining max scores per vertex...96% completed @ 2022-06-26 23:56:31.572594
Obtaining max scores per vertex...99% completed @ 2022-06-26 23:56:31.644046
Removing low scoring edges
Removing low scoring edges...3% completed @ 2022-06-26 23:56:31.669325
Removing low scoring edges...6% completed @ 2022-06-26 23:56:31.673698
Removing low scoring edges...9% completed @ 2022-06-26 23:56:31.680935
Removing low scoring edges...12% completed @ 2022-06-26 23:56:31.691312
Removing low scoring edges...15% completed @ 2022-06-26 23:56:31.704413
Removing low scoring edges...18% completed @ 2022-06-26 23:56:31.720500
Removing low scoring edges...21% completed @ 2022-06-26 23:56:31.739398
Removing low scoring edges...24% completed @ 2022-06-26 23:56:31.761463
Removing low scoring edges...27% completed @ 2022-06-26 23:56:31.786001
Removing low scoring edges...30% completed @ 2022-06-26 23:56:31.813550
Removing low scoring edges...33% completed @ 2022-06-26 23:56:31.844588
Removing low scoring edges...36% completed @ 2022-06-26 23:56:31.877676
Removing low scoring edges...39% completed @ 2022-06-26 23:56:31.914611
Removing low scoring edges...42% completed @ 2022-06-26 23:56:31.953750
Removing low scoring edges...45% completed @ 2022-06-26 23:56:31.995718
Removing low scoring edges...48% completed @ 2022-06-26 23:56:32.040955
Removing low scoring edges...51% completed @ 2022-06-26 23:56:32.088741
Removing low scoring edges...54% completed @ 2022-06-26 23:56:32.139519
Removing low scoring edges...57% completed @ 2022-06-26 23:56:32.192471
Removing low scoring edges...60% completed @ 2022-06-26 23:56:32.248311
Removing low scoring edges...63% completed @ 2022-06-26 23:56:32.307713
Removing low scoring edges...66% completed @ 2022-06-26 23:56:32.371158
Removing low scoring edges...69% completed @ 2022-06-26 23:56:32.437307
Removing low scoring edges...72% completed @ 2022-06-26 23:56:32.506460
Removing low scoring edges...75% completed @ 2022-06-26 23:56:32.578322
Removing low scoring edges...78% completed @ 2022-06-26 23:56:32.653095
Removing low scoring edges...81% completed @ 2022-06-26 23:56:32.731816
Removing low scoring edges...84% completed @ 2022-06-26 23:56:32.813307
Removing low scoring edges...87% completed @ 2022-06-26 23:56:32.900092
Removing low scoring edges...90% completed @ 2022-06-26 23:56:32.987153
Removing low scoring edges...93% completed @ 2022-06-26 23:56:33.077853
Removing low scoring edges...96% completed @ 2022-06-26 23:56:33.171556
Removing low scoring edges...99% completed @ 2022-06-26 23:56:33.268740
Finalizing extended graph
1079
[mcl] new tab created
[mcl] pid 516212
 ite -------------------  chaos  time hom(avg,lo,hi) expa expb expc fmv
  1  ...................   3.07  0.00 1.32/0.23/3.80 2.10 2.10 2.10  43
  2  ...................   4.22  0.00 0.84/0.40/1.27 1.09 1.08 2.26  57
  3  ...................   3.84  0.00 0.81/0.30/1.22 1.03 0.62 1.40  58
  4  ...................   1.20  0.00 0.94/0.31/1.21 1.09 0.55 0.77  44
  5  ...................   0.46  0.00 0.99/0.70/1.17 1.03 0.87 0.67  12
  6  ...................   0.34  0.00 1.00/0.53/1.00 1.00 0.90 0.60  10
  7  ...................   0.20  0.00 1.00/0.68/1.00 1.00 0.99 0.60  10
  8  ...................   0.01  0.00 1.00/0.99/1.00 1.00 1.00 0.59  10
  9  ...................   0.00  0.00 1.00/1.00/1.00 1.00 1.00 0.59  10
[mcl] cut <1> instances of overlap
[mcl] jury pruning marks: <100,99,99>, out of 100
[mcl] jury pruning synopsis: <99.6 or perfect> (cf -scheme, -do log)
[mcl] output is in /home/wangph1/plant/data/mcl/bgRN-bgMM-k4-n3013-no1.txt
[mcl] 83 clusters found
[mcl] output is in /home/wangph1/plant/data/mcl/bgRN-bgMM-k4-n3013-no1.txt

Please cite:
    Stijn van Dongen, Graph Clustering by Flow Simulation.  PhD thesis,
    University of Utrecht, May 2000.
       (  http://www.library.uu.nl/digiarchief/dip/diss/1895620/full.pdf
       or  http://micans.org/mcl/lit/svdthesis.pdf.gz)
OR
    Stijn van Dongen, A cluster algorithm for graphs. Technical
    Report INS-R0010, National Research Institute for Mathematics
    and Computer Science in the Netherlands, Amsterdam, May 2000.
       (  http://www.cwi.nl/ftp/CWIreports/INS/INS-R0010.ps.Z
       or  http://micans.org/mcl/lit/INS-R0010.ps.Z)

/home/wangph1/plant/scripts
using old nif file for bgRN
using old nif file for bgMM
using old odv file for bgRN
using old odv file for bgMM
using old odv ort file for bgRN-bgMM
/home/wangph1/plant/data/mcl/bgRN-bgMM-k4-n3013-no1.txt
/home/wangph1/plant/networks/mcl/bgRN_marked.nif
/home/wangph1/plant/networks/mcl/bgMM_marked.nif
/home/wangph1/plant/data/mcl/fake_ort/bgRN-bgMM-k4-n3013-no1.ort
/home/wangph1/plant/data/mcl/bgRN-bgMM-k4-n3013-no1.txt
0 / 397
JOBSFINISHED
