Namespace(ag_file=['/home/wangph1/plant/data/mcl/SC-MM-SC-SC-MM-MM-k4-n638-no1.ag'], ort_file=['/home/wangph1/plant/data/mcl/fake_ort/SC-MM-SC-SC-MM-MM-k4-n638-no1.ort'], ppi1_file=['/home/wangph1/plant/networks/mcl/SC-MM-SC_marked.nif'], ppi2_file=['/home/wangph1/plant/networks/mcl/SC-MM-MM_marked.nif'])
Loading input data
/home/wangph1/plant/networks/mcl/SC-MM-SC_marked.nif
/home/wangph1/plant/networks/mcl/SC-MM-MM_marked.nif
/home/wangph1/plant/data/mcl/fake_ort/SC-MM-SC-SC-MM-MM-k4-n638-no1.ort
Building the union graph
Building rev maps
Building maps
Processing net 0 - simple nodes
Processing net 1 - simple nodes
Processing composite nodes
Building igraph.Graph
Entering build_union_graph_edges
Building graph1 edges...3% completed @ 2022-06-26 23:56:19.124932
Building graph1 edges...6% completed @ 2022-06-26 23:56:19.978657
Building graph1 edges...9% completed @ 2022-06-26 23:56:20.783917
Building graph1 edges...12% completed @ 2022-06-26 23:56:21.567296
Building graph1 edges...15% completed @ 2022-06-26 23:56:22.350981
Building graph1 edges...18% completed @ 2022-06-26 23:56:23.133834
Building graph1 edges...21% completed @ 2022-06-26 23:56:23.916643
Building graph1 edges...24% completed @ 2022-06-26 23:56:24.700382
Building graph1 edges...27% completed @ 2022-06-26 23:56:25.484058
Building graph1 edges...30% completed @ 2022-06-26 23:56:26.266798
Building graph1 edges...33% completed @ 2022-06-26 23:56:27.063506
Building graph1 edges...36% completed @ 2022-06-26 23:56:27.846636
Building graph1 edges...39% completed @ 2022-06-26 23:56:28.631729
Building graph1 edges...42% completed @ 2022-06-26 23:56:29.415150
Building graph1 edges...45% completed @ 2022-06-26 23:56:30.198389
Building graph1 edges...48% completed @ 2022-06-26 23:56:30.981495
Building graph1 edges...51% completed @ 2022-06-26 23:56:31.765231
Building graph1 edges...54% completed @ 2022-06-26 23:56:32.549665
Building graph1 edges...57% completed @ 2022-06-26 23:56:33.333291
Building graph1 edges...60% completed @ 2022-06-26 23:56:34.122155
Building graph1 edges...63% completed @ 2022-06-26 23:56:34.909479
Building graph1 edges...66% completed @ 2022-06-26 23:56:35.682799
Building graph1 edges...69% completed @ 2022-06-26 23:56:36.454136
Building graph1 edges...72% completed @ 2022-06-26 23:56:37.225298
Building graph1 edges...75% completed @ 2022-06-26 23:56:37.994210
Building graph1 edges...78% completed @ 2022-06-26 23:56:38.766683
Building graph1 edges...81% completed @ 2022-06-26 23:56:39.538118
Building graph1 edges...84% completed @ 2022-06-26 23:56:40.309284
Building graph1 edges...87% completed @ 2022-06-26 23:56:41.080542
Building graph1 edges...90% completed @ 2022-06-26 23:56:41.859978
Building graph1 edges...93% completed @ 2022-06-26 23:56:42.632758
Building graph1 edges...96% completed @ 2022-06-26 23:56:43.404258
Building graph1 edges...99% completed @ 2022-06-26 23:56:44.176257
Merging conserved edges
Pruning the union graph
Building the extended union graph
Extending the union graph...10% completed @ 2022-06-26 23:56:44.489471
Extending the union graph...20% completed @ 2022-06-26 23:56:44.490754
Extending the union graph...30% completed @ 2022-06-26 23:56:44.491969
Extending the union graph...40% completed @ 2022-06-26 23:56:44.493156
Extending the union graph...50% completed @ 2022-06-26 23:56:44.495012
Extending the union graph...60% completed @ 2022-06-26 23:56:44.496583
Extending the union graph...70% completed @ 2022-06-26 23:56:44.500098
Extending the union graph...80% completed @ 2022-06-26 23:56:44.506562
Extending the union graph...90% completed @ 2022-06-26 23:56:44.515026
Edge Jaccard on extended union graph dist 1
Building the extended union graph
Extending the union graph...3% completed @ 2022-06-26 23:56:44.548329
Extending the union graph...6% completed @ 2022-06-26 23:56:44.564014
Extending the union graph...9% completed @ 2022-06-26 23:56:44.578577
Extending the union graph...12% completed @ 2022-06-26 23:56:44.579202
Extending the union graph...15% completed @ 2022-06-26 23:56:44.579647
Extending the union graph...18% completed @ 2022-06-26 23:56:44.584616
Extending the union graph...21% completed @ 2022-06-26 23:56:44.590916
Extending the union graph...24% completed @ 2022-06-26 23:56:44.607263
Extending the union graph...27% completed @ 2022-06-26 23:56:44.611222
Extending the union graph...30% completed @ 2022-06-26 23:56:44.612062
Extending the union graph...33% completed @ 2022-06-26 23:56:44.612264
Extending the union graph...36% completed @ 2022-06-26 23:56:44.621830
Extending the union graph...39% completed @ 2022-06-26 23:56:44.637887
Extending the union graph...42% completed @ 2022-06-26 23:56:44.669324
Extending the union graph...45% completed @ 2022-06-26 23:56:44.693888
Extending the union graph...48% completed @ 2022-06-26 23:56:44.709738
Extending the union graph...51% completed @ 2022-06-26 23:56:44.721478
Extending the union graph...54% completed @ 2022-06-26 23:56:44.737996
Extending the union graph...57% completed @ 2022-06-26 23:56:44.751861
Extending the union graph...60% completed @ 2022-06-26 23:56:44.752961
Extending the union graph...63% completed @ 2022-06-26 23:56:44.756308
Extending the union graph...66% completed @ 2022-06-26 23:56:44.770874
Extending the union graph...69% completed @ 2022-06-26 23:56:44.799840
Extending the union graph...72% completed @ 2022-06-26 23:56:44.830174
Extending the union graph...75% completed @ 2022-06-26 23:56:44.835609
Extending the union graph...78% completed @ 2022-06-26 23:56:44.879243
Extending the union graph...81% completed @ 2022-06-26 23:56:44.884628
Extending the union graph...84% completed @ 2022-06-26 23:56:44.903008
Extending the union graph...87% completed @ 2022-06-26 23:56:44.929418
Extending the union graph...90% completed @ 2022-06-26 23:56:44.939648
Extending the union graph...93% completed @ 2022-06-26 23:56:44.939843
Extending the union graph...96% completed @ 2022-06-26 23:56:44.943477
Extending the union graph...99% completed @ 2022-06-26 23:56:44.951851
Evaluating vertex sums
Extending the union graph...3% completed @ 2022-06-26 23:56:44.958008
Extending the union graph...6% completed @ 2022-06-26 23:56:44.960099
Extending the union graph...9% completed @ 2022-06-26 23:56:44.962196
Extending the union graph...12% completed @ 2022-06-26 23:56:44.964259
Extending the union graph...15% completed @ 2022-06-26 23:56:44.966339
Extending the union graph...18% completed @ 2022-06-26 23:56:44.968471
Extending the union graph...21% completed @ 2022-06-26 23:56:44.970554
Extending the union graph...24% completed @ 2022-06-26 23:56:44.972640
Extending the union graph...27% completed @ 2022-06-26 23:56:44.974707
Extending the union graph...30% completed @ 2022-06-26 23:56:44.976779
Extending the union graph...33% completed @ 2022-06-26 23:56:44.978843
Extending the union graph...36% completed @ 2022-06-26 23:56:44.980917
Extending the union graph...39% completed @ 2022-06-26 23:56:44.983004
Extending the union graph...42% completed @ 2022-06-26 23:56:44.985103
Extending the union graph...45% completed @ 2022-06-26 23:56:44.987183
Extending the union graph...48% completed @ 2022-06-26 23:56:44.989285
Extending the union graph...51% completed @ 2022-06-26 23:56:44.991375
Extending the union graph...54% completed @ 2022-06-26 23:56:44.993473
Extending the union graph...57% completed @ 2022-06-26 23:56:44.995560
Extending the union graph...60% completed @ 2022-06-26 23:56:44.997647
Extending the union graph...63% completed @ 2022-06-26 23:56:44.999727
Extending the union graph...66% completed @ 2022-06-26 23:56:45.001818
Extending the union graph...69% completed @ 2022-06-26 23:56:45.003900
Extending the union graph...72% completed @ 2022-06-26 23:56:45.006034
Extending the union graph...75% completed @ 2022-06-26 23:56:45.008104
Extending the union graph...78% completed @ 2022-06-26 23:56:45.010197
Extending the union graph...81% completed @ 2022-06-26 23:56:45.012274
Extending the union graph...84% completed @ 2022-06-26 23:56:45.014393
Extending the union graph...87% completed @ 2022-06-26 23:56:45.016486
Extending the union graph...90% completed @ 2022-06-26 23:56:45.018563
Extending the union graph...93% completed @ 2022-06-26 23:56:45.020663
Extending the union graph...96% completed @ 2022-06-26 23:56:45.022727
Extending the union graph...99% completed @ 2022-06-26 23:56:45.024810
Calculating Jaccard scores sums
Calculating Jaccard scores sums...3% completed @ 2022-06-26 23:56:45.025584
Calculating Jaccard scores sums...6% completed @ 2022-06-26 23:56:45.025880
Calculating Jaccard scores sums...9% completed @ 2022-06-26 23:56:45.026337
Calculating Jaccard scores sums...12% completed @ 2022-06-26 23:56:45.026944
Calculating Jaccard scores sums...15% completed @ 2022-06-26 23:56:45.027714
Calculating Jaccard scores sums...18% completed @ 2022-06-26 23:56:45.028696
Calculating Jaccard scores sums...21% completed @ 2022-06-26 23:56:45.029824
Calculating Jaccard scores sums...24% completed @ 2022-06-26 23:56:45.031123
Calculating Jaccard scores sums...27% completed @ 2022-06-26 23:56:45.032588
Calculating Jaccard scores sums...30% completed @ 2022-06-26 23:56:45.034187
Calculating Jaccard scores sums...33% completed @ 2022-06-26 23:56:45.035968
Calculating Jaccard scores sums...36% completed @ 2022-06-26 23:56:45.037892
Calculating Jaccard scores sums...39% completed @ 2022-06-26 23:56:45.040107
Calculating Jaccard scores sums...42% completed @ 2022-06-26 23:56:45.042493
Calculating Jaccard scores sums...45% completed @ 2022-06-26 23:56:45.044903
Calculating Jaccard scores sums...48% completed @ 2022-06-26 23:56:45.047603
Calculating Jaccard scores sums...51% completed @ 2022-06-26 23:56:45.050432
Calculating Jaccard scores sums...54% completed @ 2022-06-26 23:56:45.053516
Calculating Jaccard scores sums...57% completed @ 2022-06-26 23:56:45.056768
Calculating Jaccard scores sums...60% completed @ 2022-06-26 23:56:45.060129
Calculating Jaccard scores sums...63% completed @ 2022-06-26 23:56:45.063621
Calculating Jaccard scores sums...66% completed @ 2022-06-26 23:56:45.067358
Calculating Jaccard scores sums...69% completed @ 2022-06-26 23:56:45.071256
Calculating Jaccard scores sums...72% completed @ 2022-06-26 23:56:45.075391
Calculating Jaccard scores sums...75% completed @ 2022-06-26 23:56:45.079619
Calculating Jaccard scores sums...78% completed @ 2022-06-26 23:56:45.084094
Calculating Jaccard scores sums...81% completed @ 2022-06-26 23:56:45.088687
Calculating Jaccard scores sums...84% completed @ 2022-06-26 23:56:45.093316
Calculating Jaccard scores sums...87% completed @ 2022-06-26 23:56:45.098253
Calculating Jaccard scores sums...90% completed @ 2022-06-26 23:56:45.103327
Calculating Jaccard scores sums...93% completed @ 2022-06-26 23:56:45.108496
Calculating Jaccard scores sums...96% completed @ 2022-06-26 23:56:45.113889
Calculating Jaccard scores sums...99% completed @ 2022-06-26 23:56:45.119601
Injecting direct edges contribution
Obtaining max scores per vertex
Obtaining max scores per vertex...3% completed @ 2022-06-26 23:56:45.130686
Obtaining max scores per vertex...6% completed @ 2022-06-26 23:56:45.134112
Obtaining max scores per vertex...9% completed @ 2022-06-26 23:56:45.137525
Obtaining max scores per vertex...12% completed @ 2022-06-26 23:56:45.140950
Obtaining max scores per vertex...15% completed @ 2022-06-26 23:56:45.144354
Obtaining max scores per vertex...18% completed @ 2022-06-26 23:56:45.147759
Obtaining max scores per vertex...21% completed @ 2022-06-26 23:56:45.151153
Obtaining max scores per vertex...24% completed @ 2022-06-26 23:56:45.154547
Obtaining max scores per vertex...27% completed @ 2022-06-26 23:56:45.157942
Obtaining max scores per vertex...30% completed @ 2022-06-26 23:56:45.161343
Obtaining max scores per vertex...33% completed @ 2022-06-26 23:56:45.164784
Obtaining max scores per vertex...36% completed @ 2022-06-26 23:56:45.168158
Obtaining max scores per vertex...39% completed @ 2022-06-26 23:56:45.171503
Obtaining max scores per vertex...42% completed @ 2022-06-26 23:56:45.174857
Obtaining max scores per vertex...45% completed @ 2022-06-26 23:56:45.178247
Obtaining max scores per vertex...48% completed @ 2022-06-26 23:56:45.181603
Obtaining max scores per vertex...51% completed @ 2022-06-26 23:56:45.184966
Obtaining max scores per vertex...54% completed @ 2022-06-26 23:56:45.188295
Obtaining max scores per vertex...57% completed @ 2022-06-26 23:56:45.191635
Obtaining max scores per vertex...60% completed @ 2022-06-26 23:56:45.194976
Obtaining max scores per vertex...63% completed @ 2022-06-26 23:56:45.198325
Obtaining max scores per vertex...66% completed @ 2022-06-26 23:56:45.201689
Obtaining max scores per vertex...69% completed @ 2022-06-26 23:56:45.205014
Obtaining max scores per vertex...72% completed @ 2022-06-26 23:56:45.208316
Obtaining max scores per vertex...75% completed @ 2022-06-26 23:56:45.211623
Obtaining max scores per vertex...78% completed @ 2022-06-26 23:56:45.214917
Obtaining max scores per vertex...81% completed @ 2022-06-26 23:56:45.218217
Obtaining max scores per vertex...84% completed @ 2022-06-26 23:56:45.221523
Obtaining max scores per vertex...87% completed @ 2022-06-26 23:56:45.224810
Obtaining max scores per vertex...90% completed @ 2022-06-26 23:56:45.228074
Obtaining max scores per vertex...93% completed @ 2022-06-26 23:56:45.231396
Obtaining max scores per vertex...96% completed @ 2022-06-26 23:56:45.234662
Obtaining max scores per vertex...99% completed @ 2022-06-26 23:56:45.237907
Removing low scoring edges
Removing low scoring edges...3% completed @ 2022-06-26 23:56:45.239041
Removing low scoring edges...6% completed @ 2022-06-26 23:56:45.239300
Removing low scoring edges...9% completed @ 2022-06-26 23:56:45.239697
Removing low scoring edges...12% completed @ 2022-06-26 23:56:45.240225
Removing low scoring edges...15% completed @ 2022-06-26 23:56:45.240905
Removing low scoring edges...18% completed @ 2022-06-26 23:56:45.241747
Removing low scoring edges...21% completed @ 2022-06-26 23:56:45.242729
Removing low scoring edges...24% completed @ 2022-06-26 23:56:45.243856
Removing low scoring edges...27% completed @ 2022-06-26 23:56:45.245127
Removing low scoring edges...30% completed @ 2022-06-26 23:56:45.246501
Removing low scoring edges...33% completed @ 2022-06-26 23:56:45.248031
Removing low scoring edges...36% completed @ 2022-06-26 23:56:45.249694
Removing low scoring edges...39% completed @ 2022-06-26 23:56:45.251610
Removing low scoring edges...42% completed @ 2022-06-26 23:56:45.253657
Removing low scoring edges...45% completed @ 2022-06-26 23:56:45.255736
Removing low scoring edges...48% completed @ 2022-06-26 23:56:45.258105
Removing low scoring edges...51% completed @ 2022-06-26 23:56:45.260573
Removing low scoring edges...54% completed @ 2022-06-26 23:56:45.263244
Removing low scoring edges...57% completed @ 2022-06-26 23:56:45.266124
Removing low scoring edges...60% completed @ 2022-06-26 23:56:45.269058
Removing low scoring edges...63% completed @ 2022-06-26 23:56:45.272074
Removing low scoring edges...66% completed @ 2022-06-26 23:56:45.275354
Removing low scoring edges...69% completed @ 2022-06-26 23:56:45.278714
Removing low scoring edges...72% completed @ 2022-06-26 23:56:45.282335
Removing low scoring edges...75% completed @ 2022-06-26 23:56:45.285981
Removing low scoring edges...78% completed @ 2022-06-26 23:56:45.289815
Removing low scoring edges...81% completed @ 2022-06-26 23:56:45.293791
Removing low scoring edges...84% completed @ 2022-06-26 23:56:45.297731
Removing low scoring edges...87% completed @ 2022-06-26 23:56:45.302019
Removing low scoring edges...90% completed @ 2022-06-26 23:56:45.306446
Removing low scoring edges...93% completed @ 2022-06-26 23:56:45.310920
Removing low scoring edges...96% completed @ 2022-06-26 23:56:45.315552
Removing low scoring edges...99% completed @ 2022-06-26 23:56:45.320581
Finalizing extended graph
6118
[mcl] new tab created
[mcl] pid 49494
 ite -------------------  chaos  time hom(avg,lo,hi) expa expb expc fmv
  1  ...................  23.80  0.01 1.31/0.09/6.45 4.14 4.10 4.10  87
  2  ...................  31.91  0.02 0.64/0.09/1.36 2.94 0.72 2.94  99
  3  ...................  22.86  0.01 0.75/0.13/1.44 3.30 0.45 1.33  99
  4  ...................  14.93  0.00 0.89/0.24/5.17 1.69 0.48 0.64  78
  5  ...................   7.12  0.00 0.97/0.42/4.67 1.31 0.55 0.35  35
  6  ...................   2.00  0.00 0.96/0.46/1.43 1.17 0.48 0.17  24
  7  ...................   1.61  0.00 0.94/0.36/1.00 1.33 0.53 0.09  17
  8  ...................   0.57  0.00 0.97/0.71/1.00 1.09 0.70 0.06   9
  9  ...................   0.38  0.00 0.99/0.76/1.00 1.00 0.95 0.06   5
 10  ...................   0.25  0.00 1.00/0.77/1.00 1.00 0.86 0.05   5
 11  ...................   0.21  0.00 1.00/0.79/1.00 1.00 0.99 0.05   0
 12  ...................   0.02  0.00 1.00/0.98/1.00 1.00 1.00 0.05   0
 13  ...................   0.00  0.00 1.00/1.00/1.00 1.00 0.99 0.05   0
[mcl] cut <15> instances of overlap
[mcl] jury pruning marks: <99,99,99>, out of 100
[mcl] jury pruning synopsis: <99.0 or perfect> (cf -scheme, -do log)
[mcl] output is in /home/wangph1/plant/data/mcl/SC-MM-SC-SC-MM-MM-k4-n638-no1.txt
[mcl] 39 clusters found
[mcl] output is in /home/wangph1/plant/data/mcl/SC-MM-SC-SC-MM-MM-k4-n638-no1.txt

Please cite:
    Stijn van Dongen, Graph Clustering by Flow Simulation.  PhD thesis,
    University of Utrecht, May 2000.
       (  http://www.library.uu.nl/digiarchief/dip/diss/1895620/full.pdf
       or  http://micans.org/mcl/lit/svdthesis.pdf.gz)
OR
    Stijn van Dongen, A cluster algorithm for graphs. Technical
    Report INS-R0010, National Research Institute for Mathematics
    and Computer Science in the Netherlands, Amsterdam, May 2000.
       (  http://www.cwi.nl/ftp/CWIreports/INS/INS-R0010.ps.Z
       or  http://micans.org/mcl/lit/INS-R0010.ps.Z)

/home/wangph1/plant/scripts
using old nif file for SC-MM-SC
using old nif file for SC-MM-MM
using old odv file for SC-MM-SC
using old odv file for SC-MM-MM
using old odv ort file for SC-MM-SC-SC-MM-MM
/home/wangph1/plant/data/mcl/SC-MM-SC-SC-MM-MM-k4-n638-no1.txt
/home/wangph1/plant/networks/mcl/SC-MM-SC_marked.nif
/home/wangph1/plant/networks/mcl/SC-MM-MM_marked.nif
/home/wangph1/plant/data/mcl/fake_ort/SC-MM-SC-SC-MM-MM-k4-n638-no1.ort
/home/wangph1/plant/data/mcl/SC-MM-SC-SC-MM-MM-k4-n638-no1.txt
0 / 487
JOBSFINISHED
