Namespace(ag_file=['/home/wangph1/plant/data/mcl/DM-AT-DM-DM-AT-AT-k4-n402-no1.ag'], ort_file=['/home/wangph1/plant/data/mcl/fake_ort/DM-AT-DM-DM-AT-AT-k4-n402-no1.ort'], ppi1_file=['/home/wangph1/plant/networks/mcl/DM-AT-DM_marked.nif'], ppi2_file=['/home/wangph1/plant/networks/mcl/DM-AT-AT_marked.nif'])
Loading input data
/home/wangph1/plant/networks/mcl/DM-AT-DM_marked.nif
/home/wangph1/plant/networks/mcl/DM-AT-AT_marked.nif
/home/wangph1/plant/data/mcl/fake_ort/DM-AT-DM-DM-AT-AT-k4-n402-no1.ort
Building the union graph
Building rev maps
Building maps
Processing net 0 - simple nodes
Processing net 1 - simple nodes
Processing composite nodes
Building igraph.Graph
Entering build_union_graph_edges
Building graph1 edges...3% completed @ 2022-06-26 23:56:17.925760
Building graph1 edges...6% completed @ 2022-06-26 23:56:17.930548
Building graph1 edges...9% completed @ 2022-06-26 23:56:17.935335
Building graph1 edges...12% completed @ 2022-06-26 23:56:17.940160
Building graph1 edges...15% completed @ 2022-06-26 23:56:17.944937
Building graph1 edges...18% completed @ 2022-06-26 23:56:17.949708
Building graph1 edges...21% completed @ 2022-06-26 23:56:17.954491
Building graph1 edges...24% completed @ 2022-06-26 23:56:17.959093
Building graph1 edges...27% completed @ 2022-06-26 23:56:17.963864
Building graph1 edges...30% completed @ 2022-06-26 23:56:17.968637
Building graph1 edges...33% completed @ 2022-06-26 23:56:17.973410
Building graph1 edges...36% completed @ 2022-06-26 23:56:17.978186
Building graph1 edges...39% completed @ 2022-06-26 23:56:17.982999
Building graph1 edges...42% completed @ 2022-06-26 23:56:17.987786
Building graph1 edges...45% completed @ 2022-06-26 23:56:17.992379
Building graph1 edges...48% completed @ 2022-06-26 23:56:17.997162
Building graph1 edges...51% completed @ 2022-06-26 23:56:18.001942
Building graph1 edges...54% completed @ 2022-06-26 23:56:18.006732
Building graph1 edges...57% completed @ 2022-06-26 23:56:18.011514
Building graph1 edges...60% completed @ 2022-06-26 23:56:18.016296
Building graph1 edges...63% completed @ 2022-06-26 23:56:18.021079
Building graph1 edges...66% completed @ 2022-06-26 23:56:18.025713
Building graph1 edges...69% completed @ 2022-06-26 23:56:18.030496
Building graph1 edges...72% completed @ 2022-06-26 23:56:18.035280
Building graph1 edges...75% completed @ 2022-06-26 23:56:18.040059
Building graph1 edges...78% completed @ 2022-06-26 23:56:18.044833
Building graph1 edges...81% completed @ 2022-06-26 23:56:18.049617
Building graph1 edges...84% completed @ 2022-06-26 23:56:18.054400
Building graph1 edges...87% completed @ 2022-06-26 23:56:18.059003
Building graph1 edges...90% completed @ 2022-06-26 23:56:18.063795
Building graph1 edges...93% completed @ 2022-06-26 23:56:18.068604
Building graph1 edges...96% completed @ 2022-06-26 23:56:18.073390
Building graph1 edges...99% completed @ 2022-06-26 23:56:18.078167
Merging conserved edges
Pruning the union graph
Building the extended union graph
Extending the union graph...10% completed @ 2022-06-26 23:56:18.100979
Extending the union graph...20% completed @ 2022-06-26 23:56:18.101594
Extending the union graph...30% completed @ 2022-06-26 23:56:18.102191
Extending the union graph...40% completed @ 2022-06-26 23:56:18.102944
Extending the union graph...50% completed @ 2022-06-26 23:56:18.103845
Extending the union graph...60% completed @ 2022-06-26 23:56:18.104519
Extending the union graph...70% completed @ 2022-06-26 23:56:18.109610
Extending the union graph...80% completed @ 2022-06-26 23:56:18.114385
Extending the union graph...90% completed @ 2022-06-26 23:56:18.118038
Edge Jaccard on extended union graph dist 1
Building the extended union graph
Extending the union graph...3% completed @ 2022-06-26 23:56:18.131521
Extending the union graph...6% completed @ 2022-06-26 23:56:18.144714
Extending the union graph...9% completed @ 2022-06-26 23:56:18.144929
Extending the union graph...12% completed @ 2022-06-26 23:56:18.145126
Extending the union graph...15% completed @ 2022-06-26 23:56:18.166714
Extending the union graph...18% completed @ 2022-06-26 23:56:18.199929
Extending the union graph...21% completed @ 2022-06-26 23:56:18.212142
Extending the union graph...24% completed @ 2022-06-26 23:56:18.223537
Extending the union graph...27% completed @ 2022-06-26 23:56:18.244456
Extending the union graph...30% completed @ 2022-06-26 23:56:18.250891
Extending the union graph...33% completed @ 2022-06-26 23:56:18.267117
Extending the union graph...36% completed @ 2022-06-26 23:56:18.267421
Extending the union graph...39% completed @ 2022-06-26 23:56:18.267778
Extending the union graph...42% completed @ 2022-06-26 23:56:18.276008
Extending the union graph...45% completed @ 2022-06-26 23:56:18.300049
Extending the union graph...48% completed @ 2022-06-26 23:56:18.308808
Extending the union graph...51% completed @ 2022-06-26 23:56:18.308969
Extending the union graph...54% completed @ 2022-06-26 23:56:18.314552
Extending the union graph...57% completed @ 2022-06-26 23:56:18.328454
Extending the union graph...60% completed @ 2022-06-26 23:56:18.349601
Extending the union graph...63% completed @ 2022-06-26 23:56:18.363644
Extending the union graph...66% completed @ 2022-06-26 23:56:18.368506
Extending the union graph...69% completed @ 2022-06-26 23:56:18.368654
Extending the union graph...72% completed @ 2022-06-26 23:56:18.379823
Extending the union graph...75% completed @ 2022-06-26 23:56:18.379974
Extending the union graph...78% completed @ 2022-06-26 23:56:18.380099
Extending the union graph...81% completed @ 2022-06-26 23:56:18.423105
Extending the union graph...84% completed @ 2022-06-26 23:56:18.441495
Extending the union graph...87% completed @ 2022-06-26 23:56:18.445660
Extending the union graph...90% completed @ 2022-06-26 23:56:18.445986
Extending the union graph...93% completed @ 2022-06-26 23:56:18.446241
Extending the union graph...96% completed @ 2022-06-26 23:56:18.458108
Extending the union graph...99% completed @ 2022-06-26 23:56:18.488094
Evaluating vertex sums
Extending the union graph...3% completed @ 2022-06-26 23:56:18.489077
Extending the union graph...6% completed @ 2022-06-26 23:56:18.489941
Extending the union graph...9% completed @ 2022-06-26 23:56:18.490797
Extending the union graph...12% completed @ 2022-06-26 23:56:18.491638
Extending the union graph...15% completed @ 2022-06-26 23:56:18.492529
Extending the union graph...18% completed @ 2022-06-26 23:56:18.493411
Extending the union graph...21% completed @ 2022-06-26 23:56:18.494286
Extending the union graph...24% completed @ 2022-06-26 23:56:18.495168
Extending the union graph...27% completed @ 2022-06-26 23:56:18.496039
Extending the union graph...30% completed @ 2022-06-26 23:56:18.496917
Extending the union graph...33% completed @ 2022-06-26 23:56:18.497783
Extending the union graph...36% completed @ 2022-06-26 23:56:18.498641
Extending the union graph...39% completed @ 2022-06-26 23:56:18.499511
Extending the union graph...42% completed @ 2022-06-26 23:56:18.500370
Extending the union graph...45% completed @ 2022-06-26 23:56:18.501236
Extending the union graph...48% completed @ 2022-06-26 23:56:18.502126
Extending the union graph...51% completed @ 2022-06-26 23:56:18.503039
Extending the union graph...54% completed @ 2022-06-26 23:56:18.503913
Extending the union graph...57% completed @ 2022-06-26 23:56:18.504766
Extending the union graph...60% completed @ 2022-06-26 23:56:18.505641
Extending the union graph...63% completed @ 2022-06-26 23:56:18.506493
Extending the union graph...66% completed @ 2022-06-26 23:56:18.507359
Extending the union graph...69% completed @ 2022-06-26 23:56:18.508209
Extending the union graph...72% completed @ 2022-06-26 23:56:18.509063
Extending the union graph...75% completed @ 2022-06-26 23:56:18.509910
Extending the union graph...78% completed @ 2022-06-26 23:56:18.510758
Extending the union graph...81% completed @ 2022-06-26 23:56:18.511659
Extending the union graph...84% completed @ 2022-06-26 23:56:18.512538
Extending the union graph...87% completed @ 2022-06-26 23:56:18.513378
Extending the union graph...90% completed @ 2022-06-26 23:56:18.514217
Extending the union graph...93% completed @ 2022-06-26 23:56:18.515111
Extending the union graph...96% completed @ 2022-06-26 23:56:18.515965
Extending the union graph...99% completed @ 2022-06-26 23:56:18.516844
Calculating Jaccard scores sums
Calculating Jaccard scores sums...3% completed @ 2022-06-26 23:56:18.517183
Calculating Jaccard scores sums...6% completed @ 2022-06-26 23:56:18.517295
Calculating Jaccard scores sums...9% completed @ 2022-06-26 23:56:18.517458
Calculating Jaccard scores sums...12% completed @ 2022-06-26 23:56:18.517674
Calculating Jaccard scores sums...15% completed @ 2022-06-26 23:56:18.518014
Calculating Jaccard scores sums...18% completed @ 2022-06-26 23:56:18.518410
Calculating Jaccard scores sums...21% completed @ 2022-06-26 23:56:18.518920
Calculating Jaccard scores sums...24% completed @ 2022-06-26 23:56:18.519420
Calculating Jaccard scores sums...27% completed @ 2022-06-26 23:56:18.520020
Calculating Jaccard scores sums...30% completed @ 2022-06-26 23:56:18.520706
Calculating Jaccard scores sums...33% completed @ 2022-06-26 23:56:18.521455
Calculating Jaccard scores sums...36% completed @ 2022-06-26 23:56:18.522253
Calculating Jaccard scores sums...39% completed @ 2022-06-26 23:56:18.523153
Calculating Jaccard scores sums...42% completed @ 2022-06-26 23:56:18.524083
Calculating Jaccard scores sums...45% completed @ 2022-06-26 23:56:18.525111
Calculating Jaccard scores sums...48% completed @ 2022-06-26 23:56:18.526307
Calculating Jaccard scores sums...51% completed @ 2022-06-26 23:56:18.527505
Calculating Jaccard scores sums...54% completed @ 2022-06-26 23:56:18.528774
Calculating Jaccard scores sums...57% completed @ 2022-06-26 23:56:18.530060
Calculating Jaccard scores sums...60% completed @ 2022-06-26 23:56:18.531491
Calculating Jaccard scores sums...63% completed @ 2022-06-26 23:56:18.532913
Calculating Jaccard scores sums...66% completed @ 2022-06-26 23:56:18.534402
Calculating Jaccard scores sums...69% completed @ 2022-06-26 23:56:18.535897
Calculating Jaccard scores sums...72% completed @ 2022-06-26 23:56:18.537469
Calculating Jaccard scores sums...75% completed @ 2022-06-26 23:56:18.539067
Calculating Jaccard scores sums...78% completed @ 2022-06-26 23:56:18.540717
Calculating Jaccard scores sums...81% completed @ 2022-06-26 23:56:18.542727
Calculating Jaccard scores sums...84% completed @ 2022-06-26 23:56:18.544720
Calculating Jaccard scores sums...87% completed @ 2022-06-26 23:56:18.546566
Calculating Jaccard scores sums...90% completed @ 2022-06-26 23:56:18.548500
Calculating Jaccard scores sums...93% completed @ 2022-06-26 23:56:18.550608
Calculating Jaccard scores sums...96% completed @ 2022-06-26 23:56:18.552690
Calculating Jaccard scores sums...99% completed @ 2022-06-26 23:56:18.555038
Injecting direct edges contribution
Obtaining max scores per vertex
Obtaining max scores per vertex...3% completed @ 2022-06-26 23:56:18.561055
Obtaining max scores per vertex...6% completed @ 2022-06-26 23:56:18.562481
Obtaining max scores per vertex...9% completed @ 2022-06-26 23:56:18.563922
Obtaining max scores per vertex...12% completed @ 2022-06-26 23:56:18.565343
Obtaining max scores per vertex...15% completed @ 2022-06-26 23:56:18.566755
Obtaining max scores per vertex...18% completed @ 2022-06-26 23:56:18.568166
Obtaining max scores per vertex...21% completed @ 2022-06-26 23:56:18.569584
Obtaining max scores per vertex...24% completed @ 2022-06-26 23:56:18.571015
Obtaining max scores per vertex...27% completed @ 2022-06-26 23:56:18.572429
Obtaining max scores per vertex...30% completed @ 2022-06-26 23:56:18.573835
Obtaining max scores per vertex...33% completed @ 2022-06-26 23:56:18.575265
Obtaining max scores per vertex...36% completed @ 2022-06-26 23:56:18.576682
Obtaining max scores per vertex...39% completed @ 2022-06-26 23:56:18.578102
Obtaining max scores per vertex...42% completed @ 2022-06-26 23:56:18.579523
Obtaining max scores per vertex...45% completed @ 2022-06-26 23:56:18.580933
Obtaining max scores per vertex...48% completed @ 2022-06-26 23:56:18.582334
Obtaining max scores per vertex...51% completed @ 2022-06-26 23:56:18.583872
Obtaining max scores per vertex...54% completed @ 2022-06-26 23:56:18.585274
Obtaining max scores per vertex...57% completed @ 2022-06-26 23:56:18.586680
Obtaining max scores per vertex...60% completed @ 2022-06-26 23:56:18.588086
Obtaining max scores per vertex...63% completed @ 2022-06-26 23:56:18.589496
Obtaining max scores per vertex...66% completed @ 2022-06-26 23:56:18.590912
Obtaining max scores per vertex...69% completed @ 2022-06-26 23:56:18.592329
Obtaining max scores per vertex...72% completed @ 2022-06-26 23:56:18.593744
Obtaining max scores per vertex...75% completed @ 2022-06-26 23:56:18.595159
Obtaining max scores per vertex...78% completed @ 2022-06-26 23:56:18.596583
Obtaining max scores per vertex...81% completed @ 2022-06-26 23:56:18.597978
Obtaining max scores per vertex...84% completed @ 2022-06-26 23:56:18.599387
Obtaining max scores per vertex...87% completed @ 2022-06-26 23:56:18.600802
Obtaining max scores per vertex...90% completed @ 2022-06-26 23:56:18.602213
Obtaining max scores per vertex...93% completed @ 2022-06-26 23:56:18.603626
Obtaining max scores per vertex...96% completed @ 2022-06-26 23:56:18.605037
Obtaining max scores per vertex...99% completed @ 2022-06-26 23:56:18.606435
Removing low scoring edges
Removing low scoring edges...3% completed @ 2022-06-26 23:56:18.606971
Removing low scoring edges...6% completed @ 2022-06-26 23:56:18.607091
Removing low scoring edges...9% completed @ 2022-06-26 23:56:18.607267
Removing low scoring edges...12% completed @ 2022-06-26 23:56:18.607511
Removing low scoring edges...15% completed @ 2022-06-26 23:56:18.607812
Removing low scoring edges...18% completed @ 2022-06-26 23:56:18.608165
Removing low scoring edges...21% completed @ 2022-06-26 23:56:18.608597
Removing low scoring edges...24% completed @ 2022-06-26 23:56:18.609080
Removing low scoring edges...27% completed @ 2022-06-26 23:56:18.609628
Removing low scoring edges...30% completed @ 2022-06-26 23:56:18.610244
Removing low scoring edges...33% completed @ 2022-06-26 23:56:18.610919
Removing low scoring edges...36% completed @ 2022-06-26 23:56:18.611647
Removing low scoring edges...39% completed @ 2022-06-26 23:56:18.612444
Removing low scoring edges...42% completed @ 2022-06-26 23:56:18.613300
Removing low scoring edges...45% completed @ 2022-06-26 23:56:18.614222
Removing low scoring edges...48% completed @ 2022-06-26 23:56:18.615228
Removing low scoring edges...51% completed @ 2022-06-26 23:56:18.616338
Removing low scoring edges...54% completed @ 2022-06-26 23:56:18.617458
Removing low scoring edges...57% completed @ 2022-06-26 23:56:18.618603
Removing low scoring edges...60% completed @ 2022-06-26 23:56:18.619818
Removing low scoring edges...63% completed @ 2022-06-26 23:56:18.621082
Removing low scoring edges...66% completed @ 2022-06-26 23:56:18.622495
Removing low scoring edges...69% completed @ 2022-06-26 23:56:18.623905
Removing low scoring edges...72% completed @ 2022-06-26 23:56:18.625326
Removing low scoring edges...75% completed @ 2022-06-26 23:56:18.626908
Removing low scoring edges...78% completed @ 2022-06-26 23:56:18.628482
Removing low scoring edges...81% completed @ 2022-06-26 23:56:18.630185
Removing low scoring edges...84% completed @ 2022-06-26 23:56:18.631941
Removing low scoring edges...87% completed @ 2022-06-26 23:56:18.633696
Removing low scoring edges...90% completed @ 2022-06-26 23:56:18.635700
Removing low scoring edges...93% completed @ 2022-06-26 23:56:18.637586
Removing low scoring edges...96% completed @ 2022-06-26 23:56:18.639549
Removing low scoring edges...99% completed @ 2022-06-26 23:56:18.641634
Finalizing extended graph
3821
[mcl] new tab created
[mcl] pid 47788
 ite -------------------  chaos  time hom(avg,lo,hi) expa expb expc fmv
  1  ...................  11.17  0.00 1.23/0.16/5.88 1.88 1.88 1.88  81
  2  ...................  18.46  0.00 0.78/0.22/1.20 1.94 1.00 1.88  98
  3  ...................  15.74  0.00 0.67/0.29/1.29 1.63 0.74 1.39  98
  4  ...................   9.70  0.00 0.78/0.33/3.31 1.21 0.58 0.81  81
  5  ...................   3.10  0.00 0.82/0.44/1.05 1.03 0.32 0.26  52
  6  ...................   0.63  0.00 0.95/0.73/1.06 1.01 0.51 0.13  44
  7  ...................   0.09  0.00 1.00/0.98/1.06 1.00 0.72 0.10  10
  8  ...................   0.18  0.00 1.00/0.89/1.05 1.00 0.84 0.08  10
  9  ...................   0.24  0.00 1.00/0.76/1.04 1.00 1.00 0.08  10
 10  ...................   0.05  0.00 1.00/0.95/1.01 1.00 1.00 0.08  10
 11  ...................   0.00  0.00 1.00/1.00/1.00 1.00 1.00 0.08  10
 12  ...................   0.00  0.00 1.00/1.00/1.00 1.00 1.00 0.08  10
[mcl] cut <11> instances of overlap
[mcl] jury pruning marks: <99,99,99>, out of 100
[mcl] jury pruning synopsis: <99.0 or perfect> (cf -scheme, -do log)
[mcl] output is in /home/wangph1/plant/data/mcl/DM-AT-DM-DM-AT-AT-k4-n402-no1.txt
[mcl] 38 clusters found
[mcl] output is in /home/wangph1/plant/data/mcl/DM-AT-DM-DM-AT-AT-k4-n402-no1.txt

Please cite:
    Stijn van Dongen, Graph Clustering by Flow Simulation.  PhD thesis,
    University of Utrecht, May 2000.
       (  http://www.library.uu.nl/digiarchief/dip/diss/1895620/full.pdf
       or  http://micans.org/mcl/lit/svdthesis.pdf.gz)
OR
    Stijn van Dongen, A cluster algorithm for graphs. Technical
    Report INS-R0010, National Research Institute for Mathematics
    and Computer Science in the Netherlands, Amsterdam, May 2000.
       (  http://www.cwi.nl/ftp/CWIreports/INS/INS-R0010.ps.Z
       or  http://micans.org/mcl/lit/INS-R0010.ps.Z)

/home/wangph1/plant/scripts
using old nif file for DM-AT-DM
using old nif file for DM-AT-AT
using old odv file for DM-AT-DM
using old odv file for DM-AT-AT
using old odv ort file for DM-AT-DM-DM-AT-AT
/home/wangph1/plant/data/mcl/DM-AT-DM-DM-AT-AT-k4-n402-no1.txt
/home/wangph1/plant/networks/mcl/DM-AT-DM_marked.nif
/home/wangph1/plant/networks/mcl/DM-AT-AT_marked.nif
/home/wangph1/plant/data/mcl/fake_ort/DM-AT-DM-DM-AT-AT-k4-n402-no1.ort
/home/wangph1/plant/data/mcl/DM-AT-DM-DM-AT-AT-k4-n402-no1.txt
0 / 293
JOBSFINISHED
