Namespace(ag_file=['/home/wangph1/plant/data/mcl/SC-DM-SC-SC-DM-DM-k4-n505-no1.ag'], ort_file=['/home/wangph1/plant/data/mcl/fake_ort/SC-DM-SC-SC-DM-DM-k4-n505-no1.ort'], ppi1_file=['/home/wangph1/plant/networks/mcl/SC-DM-SC_marked.nif'], ppi2_file=['/home/wangph1/plant/networks/mcl/SC-DM-DM_marked.nif'])
Loading input data
/home/wangph1/plant/networks/mcl/SC-DM-SC_marked.nif
/home/wangph1/plant/networks/mcl/SC-DM-DM_marked.nif
/home/wangph1/plant/data/mcl/fake_ort/SC-DM-SC-SC-DM-DM-k4-n505-no1.ort
Building the union graph
Building rev maps
Building maps
Processing net 0 - simple nodes
Processing net 1 - simple nodes
Processing composite nodes
Building igraph.Graph
Entering build_union_graph_edges
Building graph1 edges...3% completed @ 2022-06-26 23:56:18.591931
Building graph1 edges...6% completed @ 2022-06-26 23:56:19.041394
Building graph1 edges...9% completed @ 2022-06-26 23:56:19.492589
Building graph1 edges...12% completed @ 2022-06-26 23:56:19.943011
Building graph1 edges...15% completed @ 2022-06-26 23:56:20.373340
Building graph1 edges...18% completed @ 2022-06-26 23:56:20.791796
Building graph1 edges...21% completed @ 2022-06-26 23:56:21.208363
Building graph1 edges...24% completed @ 2022-06-26 23:56:21.626958
Building graph1 edges...27% completed @ 2022-06-26 23:56:22.044571
Building graph1 edges...30% completed @ 2022-06-26 23:56:22.461268
Building graph1 edges...33% completed @ 2022-06-26 23:56:22.879723
Building graph1 edges...36% completed @ 2022-06-26 23:56:23.296821
Building graph1 edges...39% completed @ 2022-06-26 23:56:23.713549
Building graph1 edges...42% completed @ 2022-06-26 23:56:24.132330
Building graph1 edges...45% completed @ 2022-06-26 23:56:24.549736
Building graph1 edges...48% completed @ 2022-06-26 23:56:24.968282
Building graph1 edges...51% completed @ 2022-06-26 23:56:25.385072
Building graph1 edges...54% completed @ 2022-06-26 23:56:25.809502
Building graph1 edges...57% completed @ 2022-06-26 23:56:26.239019
Building graph1 edges...60% completed @ 2022-06-26 23:56:26.659326
Building graph1 edges...63% completed @ 2022-06-26 23:56:27.075827
Building graph1 edges...66% completed @ 2022-06-26 23:56:27.494304
Building graph1 edges...69% completed @ 2022-06-26 23:56:27.911674
Building graph1 edges...72% completed @ 2022-06-26 23:56:28.330489
Building graph1 edges...75% completed @ 2022-06-26 23:56:28.749901
Building graph1 edges...78% completed @ 2022-06-26 23:56:29.166556
Building graph1 edges...81% completed @ 2022-06-26 23:56:29.584995
Building graph1 edges...84% completed @ 2022-06-26 23:56:30.001884
Building graph1 edges...87% completed @ 2022-06-26 23:56:30.420357
Building graph1 edges...90% completed @ 2022-06-26 23:56:30.837190
Building graph1 edges...93% completed @ 2022-06-26 23:56:31.254456
Building graph1 edges...96% completed @ 2022-06-26 23:56:31.672832
Building graph1 edges...99% completed @ 2022-06-26 23:56:32.093609
Merging conserved edges
Pruning the union graph
Building the extended union graph
Extending the union graph...10% completed @ 2022-06-26 23:56:32.291032
Extending the union graph...20% completed @ 2022-06-26 23:56:32.292097
Extending the union graph...30% completed @ 2022-06-26 23:56:32.293048
Extending the union graph...40% completed @ 2022-06-26 23:56:32.294016
Extending the union graph...50% completed @ 2022-06-26 23:56:32.295110
Extending the union graph...60% completed @ 2022-06-26 23:56:32.296481
Extending the union graph...70% completed @ 2022-06-26 23:56:32.301302
Extending the union graph...80% completed @ 2022-06-26 23:56:32.311489
Extending the union graph...90% completed @ 2022-06-26 23:56:32.317632
Edge Jaccard on extended union graph dist 1
Building the extended union graph
Extending the union graph...3% completed @ 2022-06-26 23:56:32.369570
Extending the union graph...6% completed @ 2022-06-26 23:56:32.403662
Extending the union graph...9% completed @ 2022-06-26 23:56:32.423355
Extending the union graph...12% completed @ 2022-06-26 23:56:32.490417
Extending the union graph...15% completed @ 2022-06-26 23:56:32.533175
Extending the union graph...18% completed @ 2022-06-26 23:56:32.539151
Extending the union graph...21% completed @ 2022-06-26 23:56:32.546956
Extending the union graph...24% completed @ 2022-06-26 23:56:32.562113
Extending the union graph...27% completed @ 2022-06-26 23:56:32.562518
Extending the union graph...30% completed @ 2022-06-26 23:56:32.562879
Extending the union graph...33% completed @ 2022-06-26 23:56:32.580592
Extending the union graph...36% completed @ 2022-06-26 23:56:32.585171
Extending the union graph...39% completed @ 2022-06-26 23:56:32.612207
Extending the union graph...42% completed @ 2022-06-26 23:56:32.618360
Extending the union graph...45% completed @ 2022-06-26 23:56:32.625763
Extending the union graph...48% completed @ 2022-06-26 23:56:32.626035
Extending the union graph...51% completed @ 2022-06-26 23:56:32.651522
Extending the union graph...54% completed @ 2022-06-26 23:56:32.701046
Extending the union graph...57% completed @ 2022-06-26 23:56:32.701264
Extending the union graph...60% completed @ 2022-06-26 23:56:32.701602
Extending the union graph...63% completed @ 2022-06-26 23:56:32.701784
Extending the union graph...66% completed @ 2022-06-26 23:56:32.702367
Extending the union graph...69% completed @ 2022-06-26 23:56:32.716726
Extending the union graph...72% completed @ 2022-06-26 23:56:32.766382
Extending the union graph...75% completed @ 2022-06-26 23:56:32.767186
Extending the union graph...78% completed @ 2022-06-26 23:56:32.802256
Extending the union graph...81% completed @ 2022-06-26 23:56:32.830331
Extending the union graph...84% completed @ 2022-06-26 23:56:32.845950
Extending the union graph...87% completed @ 2022-06-26 23:56:32.862199
Extending the union graph...90% completed @ 2022-06-26 23:56:32.883986
Extending the union graph...93% completed @ 2022-06-26 23:56:32.919017
Extending the union graph...96% completed @ 2022-06-26 23:56:32.919298
Extending the union graph...99% completed @ 2022-06-26 23:56:32.919787
Evaluating vertex sums
Extending the union graph...3% completed @ 2022-06-26 23:56:32.921501
Extending the union graph...6% completed @ 2022-06-26 23:56:32.922840
Extending the union graph...9% completed @ 2022-06-26 23:56:32.924176
Extending the union graph...12% completed @ 2022-06-26 23:56:32.925500
Extending the union graph...15% completed @ 2022-06-26 23:56:32.926803
Extending the union graph...18% completed @ 2022-06-26 23:56:32.928137
Extending the union graph...21% completed @ 2022-06-26 23:56:32.929542
Extending the union graph...24% completed @ 2022-06-26 23:56:32.930782
Extending the union graph...27% completed @ 2022-06-26 23:56:32.932066
Extending the union graph...30% completed @ 2022-06-26 23:56:32.933340
Extending the union graph...33% completed @ 2022-06-26 23:56:32.934665
Extending the union graph...36% completed @ 2022-06-26 23:56:32.935989
Extending the union graph...39% completed @ 2022-06-26 23:56:32.937307
Extending the union graph...42% completed @ 2022-06-26 23:56:32.938700
Extending the union graph...45% completed @ 2022-06-26 23:56:32.939996
Extending the union graph...48% completed @ 2022-06-26 23:56:32.941251
Extending the union graph...51% completed @ 2022-06-26 23:56:32.942508
Extending the union graph...54% completed @ 2022-06-26 23:56:32.943845
Extending the union graph...57% completed @ 2022-06-26 23:56:32.945114
Extending the union graph...60% completed @ 2022-06-26 23:56:32.946336
Extending the union graph...63% completed @ 2022-06-26 23:56:32.947652
Extending the union graph...66% completed @ 2022-06-26 23:56:32.948914
Extending the union graph...69% completed @ 2022-06-26 23:56:32.950196
Extending the union graph...72% completed @ 2022-06-26 23:56:32.951514
Extending the union graph...75% completed @ 2022-06-26 23:56:32.952801
Extending the union graph...78% completed @ 2022-06-26 23:56:32.954129
Extending the union graph...81% completed @ 2022-06-26 23:56:32.955521
Extending the union graph...84% completed @ 2022-06-26 23:56:32.956838
Extending the union graph...87% completed @ 2022-06-26 23:56:32.958153
Extending the union graph...90% completed @ 2022-06-26 23:56:32.959473
Extending the union graph...93% completed @ 2022-06-26 23:56:32.960837
Extending the union graph...96% completed @ 2022-06-26 23:56:32.962107
Extending the union graph...99% completed @ 2022-06-26 23:56:32.963357
Calculating Jaccard scores sums
Calculating Jaccard scores sums...3% completed @ 2022-06-26 23:56:32.963861
Calculating Jaccard scores sums...6% completed @ 2022-06-26 23:56:32.964059
Calculating Jaccard scores sums...9% completed @ 2022-06-26 23:56:32.964359
Calculating Jaccard scores sums...12% completed @ 2022-06-26 23:56:32.964755
Calculating Jaccard scores sums...15% completed @ 2022-06-26 23:56:32.965268
Calculating Jaccard scores sums...18% completed @ 2022-06-26 23:56:32.965893
Calculating Jaccard scores sums...21% completed @ 2022-06-26 23:56:32.966678
Calculating Jaccard scores sums...24% completed @ 2022-06-26 23:56:32.967519
Calculating Jaccard scores sums...27% completed @ 2022-06-26 23:56:32.968462
Calculating Jaccard scores sums...30% completed @ 2022-06-26 23:56:32.969521
Calculating Jaccard scores sums...33% completed @ 2022-06-26 23:56:32.970698
Calculating Jaccard scores sums...36% completed @ 2022-06-26 23:56:32.971957
Calculating Jaccard scores sums...39% completed @ 2022-06-26 23:56:32.973322
Calculating Jaccard scores sums...42% completed @ 2022-06-26 23:56:32.974916
Calculating Jaccard scores sums...45% completed @ 2022-06-26 23:56:32.976517
Calculating Jaccard scores sums...48% completed @ 2022-06-26 23:56:32.978210
Calculating Jaccard scores sums...51% completed @ 2022-06-26 23:56:32.979966
Calculating Jaccard scores sums...54% completed @ 2022-06-26 23:56:32.981878
Calculating Jaccard scores sums...57% completed @ 2022-06-26 23:56:32.983884
Calculating Jaccard scores sums...60% completed @ 2022-06-26 23:56:32.985970
Calculating Jaccard scores sums...63% completed @ 2022-06-26 23:56:32.988293
Calculating Jaccard scores sums...66% completed @ 2022-06-26 23:56:32.990622
Calculating Jaccard scores sums...69% completed @ 2022-06-26 23:56:32.993040
Calculating Jaccard scores sums...72% completed @ 2022-06-26 23:56:32.995585
Calculating Jaccard scores sums...75% completed @ 2022-06-26 23:56:32.998238
Calculating Jaccard scores sums...78% completed @ 2022-06-26 23:56:33.001045
Calculating Jaccard scores sums...81% completed @ 2022-06-26 23:56:33.004117
Calculating Jaccard scores sums...84% completed @ 2022-06-26 23:56:33.007109
Calculating Jaccard scores sums...87% completed @ 2022-06-26 23:56:33.010245
Calculating Jaccard scores sums...90% completed @ 2022-06-26 23:56:33.013445
Calculating Jaccard scores sums...93% completed @ 2022-06-26 23:56:33.016817
Calculating Jaccard scores sums...96% completed @ 2022-06-26 23:56:33.020231
Calculating Jaccard scores sums...99% completed @ 2022-06-26 23:56:33.023723
Injecting direct edges contribution
Obtaining max scores per vertex
Obtaining max scores per vertex...3% completed @ 2022-06-26 23:56:33.034085
Obtaining max scores per vertex...6% completed @ 2022-06-26 23:56:33.036199
Obtaining max scores per vertex...9% completed @ 2022-06-26 23:56:33.038293
Obtaining max scores per vertex...12% completed @ 2022-06-26 23:56:33.040403
Obtaining max scores per vertex...15% completed @ 2022-06-26 23:56:33.042498
Obtaining max scores per vertex...18% completed @ 2022-06-26 23:56:33.044612
Obtaining max scores per vertex...21% completed @ 2022-06-26 23:56:33.046847
Obtaining max scores per vertex...24% completed @ 2022-06-26 23:56:33.048983
Obtaining max scores per vertex...27% completed @ 2022-06-26 23:56:33.051088
Obtaining max scores per vertex...30% completed @ 2022-06-26 23:56:33.053215
Obtaining max scores per vertex...33% completed @ 2022-06-26 23:56:33.055304
Obtaining max scores per vertex...36% completed @ 2022-06-26 23:56:33.057394
Obtaining max scores per vertex...39% completed @ 2022-06-26 23:56:33.059478
Obtaining max scores per vertex...42% completed @ 2022-06-26 23:56:33.061724
Obtaining max scores per vertex...45% completed @ 2022-06-26 23:56:33.063806
Obtaining max scores per vertex...48% completed @ 2022-06-26 23:56:33.065902
Obtaining max scores per vertex...51% completed @ 2022-06-26 23:56:33.068012
Obtaining max scores per vertex...54% completed @ 2022-06-26 23:56:33.070087
Obtaining max scores per vertex...57% completed @ 2022-06-26 23:56:33.072176
Obtaining max scores per vertex...60% completed @ 2022-06-26 23:56:33.074268
Obtaining max scores per vertex...63% completed @ 2022-06-26 23:56:33.076497
Obtaining max scores per vertex...66% completed @ 2022-06-26 23:56:33.078566
Obtaining max scores per vertex...69% completed @ 2022-06-26 23:56:33.080644
Obtaining max scores per vertex...72% completed @ 2022-06-26 23:56:33.082703
Obtaining max scores per vertex...75% completed @ 2022-06-26 23:56:33.084767
Obtaining max scores per vertex...78% completed @ 2022-06-26 23:56:33.086814
Obtaining max scores per vertex...81% completed @ 2022-06-26 23:56:33.089015
Obtaining max scores per vertex...84% completed @ 2022-06-26 23:56:33.091062
Obtaining max scores per vertex...87% completed @ 2022-06-26 23:56:33.093119
Obtaining max scores per vertex...90% completed @ 2022-06-26 23:56:33.095162
Obtaining max scores per vertex...93% completed @ 2022-06-26 23:56:33.097216
Obtaining max scores per vertex...96% completed @ 2022-06-26 23:56:33.099261
Obtaining max scores per vertex...99% completed @ 2022-06-26 23:56:33.101325
Removing low scoring edges
Removing low scoring edges...3% completed @ 2022-06-26 23:56:33.102107
Removing low scoring edges...6% completed @ 2022-06-26 23:56:33.102286
Removing low scoring edges...9% completed @ 2022-06-26 23:56:33.102556
Removing low scoring edges...12% completed @ 2022-06-26 23:56:33.102913
Removing low scoring edges...15% completed @ 2022-06-26 23:56:33.103365
Removing low scoring edges...18% completed @ 2022-06-26 23:56:33.103922
Removing low scoring edges...21% completed @ 2022-06-26 23:56:33.104637
Removing low scoring edges...24% completed @ 2022-06-26 23:56:33.105326
Removing low scoring edges...27% completed @ 2022-06-26 23:56:33.106125
Removing low scoring edges...30% completed @ 2022-06-26 23:56:33.107026
Removing low scoring edges...33% completed @ 2022-06-26 23:56:33.108063
Removing low scoring edges...36% completed @ 2022-06-26 23:56:33.109201
Removing low scoring edges...39% completed @ 2022-06-26 23:56:33.110408
Removing low scoring edges...42% completed @ 2022-06-26 23:56:33.111794
Removing low scoring edges...45% completed @ 2022-06-26 23:56:33.113174
Removing low scoring edges...48% completed @ 2022-06-26 23:56:33.114607
Removing low scoring edges...51% completed @ 2022-06-26 23:56:33.116122
Removing low scoring edges...54% completed @ 2022-06-26 23:56:33.117839
Removing low scoring edges...57% completed @ 2022-06-26 23:56:33.119535
Removing low scoring edges...60% completed @ 2022-06-26 23:56:33.121304
Removing low scoring edges...63% completed @ 2022-06-26 23:56:33.123258
Removing low scoring edges...66% completed @ 2022-06-26 23:56:33.125300
Removing low scoring edges...69% completed @ 2022-06-26 23:56:33.127391
Removing low scoring edges...72% completed @ 2022-06-26 23:56:33.129632
Removing low scoring edges...75% completed @ 2022-06-26 23:56:33.131910
Removing low scoring edges...78% completed @ 2022-06-26 23:56:33.134371
Removing low scoring edges...81% completed @ 2022-06-26 23:56:33.137060
Removing low scoring edges...84% completed @ 2022-06-26 23:56:33.139691
Removing low scoring edges...87% completed @ 2022-06-26 23:56:33.142436
Removing low scoring edges...90% completed @ 2022-06-26 23:56:33.145278
Removing low scoring edges...93% completed @ 2022-06-26 23:56:33.148201
Removing low scoring edges...96% completed @ 2022-06-26 23:56:33.151100
Removing low scoring edges...99% completed @ 2022-06-26 23:56:33.154107
Finalizing extended graph
6667
[mcl] new tab created
[mcl] pid 58607
 ite -------------------  chaos  time hom(avg,lo,hi) expa expb expc fmv
  1  ...................  31.62  0.01 1.80/0.03/7.58 4.92 4.68 4.68  88
  2  ...................  51.63  0.03 0.68/0.16/1.19 2.16 0.86 4.02  99
  3  ...................  23.00  0.02 0.65/0.14/1.41 2.11 0.35 1.42  97
  4  ...................   9.18  0.00 0.78/0.22/1.05 2.03 0.29 0.41  70
  5  ...................   4.77  0.00 0.88/0.24/1.00 1.19 0.40 0.16  60
  6  ...................   2.98  0.00 0.87/0.29/1.00 1.08 0.59 0.10  25
  7  ...................   3.13  0.00 0.95/0.60/1.00 1.01 0.87 0.08  11
  8  ...................   0.20  0.00 1.00/0.80/1.00 1.01 0.50 0.04  11
  9  ...................   0.23  0.00 1.00/0.81/1.00 1.00 0.75 0.03   0
 10  ...................   0.18  0.00 1.00/0.82/1.00 1.00 0.99 0.03   0
 11  ...................   0.03  0.00 1.00/0.99/1.00 1.00 1.00 0.03   0
 12  ...................   0.09  0.00 1.00/0.97/1.00 1.00 1.00 0.03   0
 13  ...................   0.20  0.00 1.00/0.85/1.00 1.00 1.00 0.03   0
 14  ...................   0.22  0.00 1.00/0.78/1.00 1.00 1.00 0.03   0
 15  ...................   0.02  0.00 1.00/0.98/1.00 1.00 1.00 0.03   0
 16  ...................   0.00  0.00 1.00/1.00/1.00 1.00 1.00 0.03   0
[mcl] jury pruning marks: <99,99,99>, out of 100
[mcl] jury pruning synopsis: <99.0 or perfect> (cf -scheme, -do log)
[mcl] output is in /home/wangph1/plant/data/mcl/SC-DM-SC-SC-DM-DM-k4-n505-no1.txt
[mcl] 34 clusters found
[mcl] output is in /home/wangph1/plant/data/mcl/SC-DM-SC-SC-DM-DM-k4-n505-no1.txt

Please cite:
    Stijn van Dongen, Graph Clustering by Flow Simulation.  PhD thesis,
    University of Utrecht, May 2000.
       (  http://www.library.uu.nl/digiarchief/dip/diss/1895620/full.pdf
       or  http://micans.org/mcl/lit/svdthesis.pdf.gz)
OR
    Stijn van Dongen, A cluster algorithm for graphs. Technical
    Report INS-R0010, National Research Institute for Mathematics
    and Computer Science in the Netherlands, Amsterdam, May 2000.
       (  http://www.cwi.nl/ftp/CWIreports/INS/INS-R0010.ps.Z
       or  http://micans.org/mcl/lit/INS-R0010.ps.Z)

/home/wangph1/plant/scripts
using old nif file for SC-DM-SC
using old nif file for SC-DM-DM
using old odv file for SC-DM-SC
using old odv file for SC-DM-DM
using old odv ort file for SC-DM-SC-SC-DM-DM
/home/wangph1/plant/data/mcl/SC-DM-SC-SC-DM-DM-k4-n505-no1.txt
/home/wangph1/plant/networks/mcl/SC-DM-SC_marked.nif
/home/wangph1/plant/networks/mcl/SC-DM-DM_marked.nif
/home/wangph1/plant/data/mcl/fake_ort/SC-DM-SC-SC-DM-DM-k4-n505-no1.ort
/home/wangph1/plant/data/mcl/SC-DM-SC-SC-DM-DM-k4-n505-no1.txt
0 / 412
JOBSFINISHED
