using old nif file for bgAT
using old odv file for bgAT
1 / 7129
2 / 7129
3 / 7129
4 / 7129
5 / 7129
6 / 7129
7 / 7129
8 / 7129
9 / 7129
10 / 7129
11 / 7129
12 / 7129
13 / 7129
14 / 7129
15 / 7129
16 / 7129
17 / 7129
18 / 7129
19 / 7129
20 / 7129
21 / 7129
22 / 7129
23 / 7129
24 / 7129
25 / 7129
26 / 7129
27 / 7129
28 / 7129
29 / 7129
30 / 7129
31 / 7129
32 / 7129
33 / 7129
34 / 7129
35 / 7129
36 / 7129
37 / 7129
38 / 7129
39 / 7129
40 / 7129
41 / 7129
42 / 7129
43 / 7129
44 / 7129
45 / 7129
46 / 7129
47 / 7129
48 / 7129
49 / 7129
50 / 7129
51 / 7129
52 / 7129
53 / 7129
54 / 7129
55 / 7129
56 / 7129
57 / 7129
58 / 7129
59 / 7129
60 / 7129
61 / 7129
62 / 7129
63 / 7129
64 / 7129
65 / 7129
66 / 7129
67 / 7129
68 / 7129
69 / 7129
70 / 7129
71 / 7129
72 / 7129
73 / 7129
74 / 7129
75 / 7129
76 / 7129
77 / 7129
78 / 7129
79 / 7129
80 / 7129
81 / 7129
82 / 7129
83 / 7129
84 / 7129
85 / 7129
86 / 7129
87 / 7129
88 / 7129
89 / 7129
90 / 7129
91 / 7129
92 / 7129
93 / 7129
94 / 7129
95 / 7129
96 / 7129
97 / 7129
98 / 7129
99 / 7129
100 / 7129
101 / 7129
102 / 7129
103 / 7129
104 / 7129
105 / 7129
106 / 7129
107 / 7129
108 / 7129
109 / 7129
110 / 7129
111 / 7129
112 / 7129
113 / 7129
114 / 7129
115 / 7129
116 / 7129
117 / 7129
118 / 7129
119 / 7129
120 / 7129
121 / 7129
122 / 7129
123 / 7129
124 / 7129
125 / 7129
126 / 7129
127 / 7129
128 / 7129
129 / 7129
130 / 7129
131 / 7129
132 / 7129
133 / 7129
134 / 7129
135 / 7129
136 / 7129
137 / 7129
138 / 7129
139 / 7129
140 / 7129
141 / 7129
142 / 7129
143 / 7129
144 / 7129
145 / 7129
146 / 7129
147 / 7129
148 / 7129
149 / 7129
150 / 7129
151 / 7129
152 / 7129
153 / 7129
154 / 7129
155 / 7129
156 / 7129
157 / 7129
158 / 7129
159 / 7129
160 / 7129
161 / 7129
162 / 7129
163 / 7129
164 / 7129
165 / 7129
166 / 7129
167 / 7129
168 / 7129
169 / 7129
170 / 7129
171 / 7129
172 / 7129
173 / 7129
174 / 7129
175 / 7129
176 / 7129
177 / 7129
178 / 7129
179 / 7129
180 / 7129
181 / 7129
182 / 7129
183 / 7129
184 / 7129
185 / 7129
186 / 7129
187 / 7129
188 / 7129
189 / 7129
190 / 7129
191 / 7129
192 / 7129
193 / 7129
194 / 7129
195 / 7129
196 / 7129
197 / 7129
198 / 7129
199 / 7129
200 / 7129
201 / 7129
202 / 7129
203 / 7129
204 / 7129
205 / 7129
206 / 7129
207 / 7129
208 / 7129
209 / 7129
210 / 7129
211 / 7129
212 / 7129
213 / 7129
214 / 7129
215 / 7129
216 / 7129
217 / 7129
218 / 7129
219 / 7129
220 / 7129
221 / 7129
222 / 7129
223 / 7129
224 / 7129
225 / 7129
226 / 7129
227 / 7129
228 / 7129
229 / 7129
230 / 7129
231 / 7129
232 / 7129
233 / 7129
234 / 7129
235 / 7129
236 / 7129
237 / 7129
238 / 7129
239 / 7129
240 / 7129
241 / 7129
242 / 7129
243 / 7129
244 / 7129
245 / 7129
246 / 7129
247 / 7129
248 / 7129
249 / 7129
250 / 7129
251 / 7129
252 / 7129
253 / 7129
254 / 7129
255 / 7129
256 / 7129
257 / 7129
258 / 7129
259 / 7129
260 / 7129
261 / 7129
262 / 7129
263 / 7129
264 / 7129
265 / 7129
266 / 7129
267 / 7129
268 / 7129
269 / 7129
270 / 7129
271 / 7129
272 / 7129
273 / 7129
274 / 7129
275 / 7129
276 / 7129
277 / 7129
278 / 7129
279 / 7129
280 / 7129
281 / 7129
282 / 7129
283 / 7129
284 / 7129
285 / 7129
286 / 7129
287 / 7129
288 / 7129
289 / 7129
290 / 7129
291 / 7129
292 / 7129
293 / 7129
294 / 7129
295 / 7129
296 / 7129
297 / 7129
298 / 7129
299 / 7129
300 / 7129
301 / 7129
302 / 7129
303 / 7129
304 / 7129
305 / 7129
306 / 7129
307 / 7129
308 / 7129
309 / 7129
310 / 7129
311 / 7129
312 / 7129
313 / 7129
314 / 7129
315 / 7129
316 / 7129
317 / 7129
318 / 7129
319 / 7129
320 / 7129
321 / 7129
322 / 7129
323 / 7129
324 / 7129
325 / 7129
326 / 7129
327 / 7129
328 / 7129
329 / 7129
330 / 7129
331 / 7129
332 / 7129
333 / 7129
334 / 7129
335 / 7129
336 / 7129
337 / 7129
338 / 7129
339 / 7129
340 / 7129
341 / 7129
342 / 7129
343 / 7129
344 / 7129
345 / 7129
346 / 7129
347 / 7129
348 / 7129
349 / 7129
350 / 7129
351 / 7129
352 / 7129
353 / 7129
354 / 7129
355 / 7129
356 / 7129
357 / 7129
358 / 7129
359 / 7129
360 / 7129
361 / 7129
362 / 7129
363 / 7129
364 / 7129
365 / 7129
366 / 7129
367 / 7129
368 / 7129
369 / 7129
370 / 7129
371 / 7129
372 / 7129
373 / 7129
374 / 7129
375 / 7129
376 / 7129
377 / 7129
378 / 7129
379 / 7129
380 / 7129
381 / 7129
382 / 7129
383 / 7129
384 / 7129
385 / 7129
386 / 7129
387 / 7129
388 / 7129
389 / 7129
390 / 7129
391 / 7129
392 / 7129
393 / 7129
394 / 7129
395 / 7129
396 / 7129
397 / 7129
398 / 7129
399 / 7129
400 / 7129
401 / 7129
402 / 7129
403 / 7129
404 / 7129
405 / 7129
406 / 7129
407 / 7129
408 / 7129
409 / 7129
410 / 7129
411 / 7129
412 / 7129
413 / 7129
414 / 7129
415 / 7129
416 / 7129
417 / 7129
418 / 7129
419 / 7129
420 / 7129
421 / 7129
422 / 7129
423 / 7129
424 / 7129
425 / 7129
426 / 7129
427 / 7129
428 / 7129
429 / 7129
430 / 7129
431 / 7129
432 / 7129
433 / 7129
434 / 7129
435 / 7129
436 / 7129
437 / 7129
438 / 7129
439 / 7129
440 / 7129
441 / 7129
442 / 7129
443 / 7129
444 / 7129
445 / 7129
446 / 7129
447 / 7129
448 / 7129
449 / 7129
450 / 7129
451 / 7129
452 / 7129
453 / 7129
454 / 7129
455 / 7129
456 / 7129
457 / 7129
458 / 7129
459 / 7129
460 / 7129
461 / 7129
462 / 7129
463 / 7129
464 / 7129
465 / 7129
466 / 7129
467 / 7129
468 / 7129
469 / 7129
470 / 7129
471 / 7129
472 / 7129
473 / 7129
474 / 7129
475 / 7129
476 / 7129
477 / 7129
478 / 7129
479 / 7129
480 / 7129
481 / 7129
482 / 7129
483 / 7129
484 / 7129
485 / 7129
486 / 7129
487 / 7129
488 / 7129
489 / 7129
490 / 7129
491 / 7129
492 / 7129
493 / 7129
494 / 7129
495 / 7129
496 / 7129
497 / 7129
498 / 7129
499 / 7129
500 / 7129
501 / 7129
502 / 7129
503 / 7129
504 / 7129
505 / 7129
506 / 7129
507 / 7129
508 / 7129
509 / 7129
510 / 7129
511 / 7129
512 / 7129
513 / 7129
514 / 7129
515 / 7129
516 / 7129
517 / 7129
518 / 7129
519 / 7129
520 / 7129
521 / 7129
522 / 7129
523 / 7129
524 / 7129
525 / 7129
526 / 7129
527 / 7129
528 / 7129
529 / 7129
530 / 7129
531 / 7129
532 / 7129
533 / 7129
534 / 7129
535 / 7129
536 / 7129
537 / 7129
538 / 7129
539 / 7129
540 / 7129
541 / 7129
542 / 7129
543 / 7129
544 / 7129
545 / 7129
546 / 7129
547 / 7129
548 / 7129
549 / 7129
550 / 7129
551 / 7129
552 / 7129
553 / 7129
554 / 7129
555 / 7129
556 / 7129
557 / 7129
558 / 7129
559 / 7129
560 / 7129
561 / 7129
562 / 7129
563 / 7129
564 / 7129
565 / 7129
566 / 7129
567 / 7129
568 / 7129
569 / 7129
570 / 7129
571 / 7129
572 / 7129
573 / 7129
574 / 7129
575 / 7129
576 / 7129
577 / 7129
578 / 7129
579 / 7129
580 / 7129
581 / 7129
582 / 7129
583 / 7129
584 / 7129
585 / 7129
586 / 7129
587 / 7129
588 / 7129
589 / 7129
590 / 7129
591 / 7129
592 / 7129
593 / 7129
594 / 7129
595 / 7129
596 / 7129
597 / 7129
598 / 7129
599 / 7129
600 / 7129
601 / 7129
602 / 7129
603 / 7129
604 / 7129
605 / 7129
606 / 7129
607 / 7129
608 / 7129
609 / 7129
610 / 7129
611 / 7129
612 / 7129
613 / 7129
614 / 7129
615 / 7129
616 / 7129
617 / 7129
618 / 7129
619 / 7129
620 / 7129
621 / 7129
622 / 7129
623 / 7129
624 / 7129
625 / 7129
626 / 7129
627 / 7129
628 / 7129
629 / 7129
630 / 7129
631 / 7129
632 / 7129
633 / 7129
634 / 7129
635 / 7129
636 / 7129
637 / 7129
638 / 7129
639 / 7129
640 / 7129
641 / 7129
642 / 7129
643 / 7129
644 / 7129
645 / 7129
646 / 7129
647 / 7129
648 / 7129
649 / 7129
650 / 7129
651 / 7129
652 / 7129
653 / 7129
654 / 7129
655 / 7129
656 / 7129
657 / 7129
658 / 7129
659 / 7129
660 / 7129
661 / 7129
662 / 7129
663 / 7129
664 / 7129
665 / 7129
666 / 7129
667 / 7129
668 / 7129
669 / 7129
670 / 7129
671 / 7129
672 / 7129
673 / 7129
674 / 7129
675 / 7129
676 / 7129
677 / 7129
678 / 7129
679 / 7129
680 / 7129
681 / 7129
682 / 7129
683 / 7129
684 / 7129
685 / 7129
686 / 7129
687 / 7129
688 / 7129
689 / 7129
690 / 7129
691 / 7129
692 / 7129
693 / 7129
694 / 7129
695 / 7129
696 / 7129
697 / 7129
698 / 7129
699 / 7129
700 / 7129
701 / 7129
702 / 7129
703 / 7129
704 / 7129
705 / 7129
706 / 7129
707 / 7129
708 / 7129
709 / 7129
710 / 7129
711 / 7129
712 / 7129
713 / 7129
714 / 7129
715 / 7129
716 / 7129
717 / 7129
718 / 7129
719 / 7129
720 / 7129
721 / 7129
722 / 7129
723 / 7129
724 / 7129
725 / 7129
726 / 7129
727 / 7129
728 / 7129
729 / 7129
730 / 7129
731 / 7129
732 / 7129
733 / 7129
734 / 7129
735 / 7129
736 / 7129
737 / 7129
738 / 7129
739 / 7129
740 / 7129
741 / 7129
742 / 7129
743 / 7129
744 / 7129
745 / 7129
746 / 7129
747 / 7129
748 / 7129
749 / 7129
750 / 7129
751 / 7129
752 / 7129
753 / 7129
754 / 7129
755 / 7129
756 / 7129
757 / 7129
758 / 7129
759 / 7129
760 / 7129
761 / 7129
762 / 7129
763 / 7129
764 / 7129
765 / 7129
766 / 7129
767 / 7129
768 / 7129
769 / 7129
770 / 7129
771 / 7129
772 / 7129
773 / 7129
774 / 7129
775 / 7129
776 / 7129
777 / 7129
778 / 7129
779 / 7129
780 / 7129
781 / 7129
782 / 7129
783 / 7129
784 / 7129
785 / 7129
786 / 7129
787 / 7129
788 / 7129
789 / 7129
790 / 7129
791 / 7129
792 / 7129
793 / 7129
794 / 7129
795 / 7129
796 / 7129
797 / 7129
798 / 7129
799 / 7129
800 / 7129
801 / 7129
802 / 7129
803 / 7129
804 / 7129
805 / 7129
806 / 7129
807 / 7129
808 / 7129
809 / 7129
810 / 7129
811 / 7129
812 / 7129
813 / 7129
814 / 7129
815 / 7129
816 / 7129
817 / 7129
818 / 7129
819 / 7129
820 / 7129
821 / 7129
822 / 7129
823 / 7129
824 / 7129
825 / 7129
826 / 7129
827 / 7129
828 / 7129
829 / 7129
830 / 7129
831 / 7129
832 / 7129
833 / 7129
834 / 7129
835 / 7129
836 / 7129
837 / 7129
838 / 7129
839 / 7129
840 / 7129
841 / 7129
842 / 7129
843 / 7129
844 / 7129
845 / 7129
846 / 7129
847 / 7129
848 / 7129
849 / 7129
850 / 7129
851 / 7129
852 / 7129
853 / 7129
854 / 7129
855 / 7129
856 / 7129
857 / 7129
858 / 7129
859 / 7129
860 / 7129
861 / 7129
862 / 7129
863 / 7129
864 / 7129
865 / 7129
866 / 7129
867 / 7129
868 / 7129
869 / 7129
870 / 7129
871 / 7129
872 / 7129
873 / 7129
874 / 7129
875 / 7129
876 / 7129
877 / 7129
878 / 7129
879 / 7129
880 / 7129
881 / 7129
882 / 7129
883 / 7129
884 / 7129
885 / 7129
886 / 7129
887 / 7129
888 / 7129
889 / 7129
890 / 7129
891 / 7129
892 / 7129
893 / 7129
894 / 7129
895 / 7129
896 / 7129
897 / 7129
898 / 7129
899 / 7129
900 / 7129
901 / 7129
902 / 7129
903 / 7129
904 / 7129
905 / 7129
906 / 7129
907 / 7129
908 / 7129
909 / 7129
910 / 7129
911 / 7129
912 / 7129
913 / 7129
914 / 7129
915 / 7129
916 / 7129
917 / 7129
918 / 7129
919 / 7129
920 / 7129
921 / 7129
922 / 7129
923 / 7129
924 / 7129
925 / 7129
926 / 7129
927 / 7129
928 / 7129
929 / 7129
930 / 7129
931 / 7129
932 / 7129
933 / 7129
934 / 7129
935 / 7129
936 / 7129
937 / 7129
938 / 7129
939 / 7129
940 / 7129
941 / 7129
942 / 7129
943 / 7129
944 / 7129
945 / 7129
946 / 7129
947 / 7129
948 / 7129
949 / 7129
950 / 7129
951 / 7129
952 / 7129
953 / 7129
954 / 7129
955 / 7129
956 / 7129
957 / 7129
958 / 7129
959 / 7129
960 / 7129
961 / 7129
962 / 7129
963 / 7129
964 / 7129
965 / 7129
966 / 7129
967 / 7129
968 / 7129
969 / 7129
970 / 7129
971 / 7129
972 / 7129
973 / 7129
974 / 7129
975 / 7129
976 / 7129
977 / 7129
978 / 7129
979 / 7129
980 / 7129
981 / 7129
982 / 7129
983 / 7129
984 / 7129
985 / 7129
986 / 7129
987 / 7129
988 / 7129
989 / 7129
990 / 7129
991 / 7129
992 / 7129
993 / 7129
994 / 7129
995 / 7129
996 / 7129
997 / 7129
998 / 7129
999 / 7129
1000 / 7129
1001 / 7129
1002 / 7129
1003 / 7129
1004 / 7129
1005 / 7129
1006 / 7129
1007 / 7129
1008 / 7129
1009 / 7129
1010 / 7129
1011 / 7129
1012 / 7129
1013 / 7129
1014 / 7129
1015 / 7129
1016 / 7129
1017 / 7129
1018 / 7129
1019 / 7129
1020 / 7129
1021 / 7129
1022 / 7129
1023 / 7129
1024 / 7129
1025 / 7129
1026 / 7129
1027 / 7129
1028 / 7129
1029 / 7129
1030 / 7129
1031 / 7129
1032 / 7129
1033 / 7129
1034 / 7129
1035 / 7129
1036 / 7129
1037 / 7129
1038 / 7129
1039 / 7129
1040 / 7129
1041 / 7129
1042 / 7129
1043 / 7129
1044 / 7129
1045 / 7129
1046 / 7129
1047 / 7129
1048 / 7129
1049 / 7129
1050 / 7129
1051 / 7129
1052 / 7129
1053 / 7129
1054 / 7129
1055 / 7129
1056 / 7129
1057 / 7129
1058 / 7129
1059 / 7129
1060 / 7129
1061 / 7129
1062 / 7129
1063 / 7129
1064 / 7129
1065 / 7129
1066 / 7129
1067 / 7129
1068 / 7129
1069 / 7129
1070 / 7129
1071 / 7129
1072 / 7129
1073 / 7129
1074 / 7129
1075 / 7129
1076 / 7129
1077 / 7129
1078 / 7129
1079 / 7129
1080 / 7129
1081 / 7129
1082 / 7129
1083 / 7129
1084 / 7129
1085 / 7129
1086 / 7129
1087 / 7129
1088 / 7129
1089 / 7129
1090 / 7129
1091 / 7129
1092 / 7129
1093 / 7129
1094 / 7129
1095 / 7129
1096 / 7129
1097 / 7129
1098 / 7129
1099 / 7129
1100 / 7129
1101 / 7129
1102 / 7129
1103 / 7129
1104 / 7129
1105 / 7129
1106 / 7129
1107 / 7129
1108 / 7129
1109 / 7129
1110 / 7129
1111 / 7129
1112 / 7129
1113 / 7129
1114 / 7129
1115 / 7129
1116 / 7129
1117 / 7129
1118 / 7129
1119 / 7129
1120 / 7129
1121 / 7129
1122 / 7129
1123 / 7129
1124 / 7129
1125 / 7129
1126 / 7129
1127 / 7129
1128 / 7129
1129 / 7129
1130 / 7129
1131 / 7129
1132 / 7129
1133 / 7129
1134 / 7129
1135 / 7129
1136 / 7129
1137 / 7129
1138 / 7129
1139 / 7129
1140 / 7129
1141 / 7129
1142 / 7129
1143 / 7129
1144 / 7129
1145 / 7129
1146 / 7129
1147 / 7129
1148 / 7129
1149 / 7129
1150 / 7129
1151 / 7129
1152 / 7129
1153 / 7129
1154 / 7129
1155 / 7129
1156 / 7129
1157 / 7129
1158 / 7129
1159 / 7129
1160 / 7129
1161 / 7129
1162 / 7129
1163 / 7129
1164 / 7129
1165 / 7129
1166 / 7129
1167 / 7129
1168 / 7129
1169 / 7129
1170 / 7129
1171 / 7129
1172 / 7129
1173 / 7129
1174 / 7129
1175 / 7129
1176 / 7129
1177 / 7129
1178 / 7129
1179 / 7129
1180 / 7129
1181 / 7129
1182 / 7129
1183 / 7129
1184 / 7129
1185 / 7129
1186 / 7129
1187 / 7129
1188 / 7129
1189 / 7129
1190 / 7129
1191 / 7129
1192 / 7129
1193 / 7129
1194 / 7129
1195 / 7129
1196 / 7129
1197 / 7129
1198 / 7129
1199 / 7129
1200 / 7129
1201 / 7129
1202 / 7129
1203 / 7129
1204 / 7129
1205 / 7129
1206 / 7129
1207 / 7129
1208 / 7129
1209 / 7129
1210 / 7129
1211 / 7129
1212 / 7129
1213 / 7129
1214 / 7129
1215 / 7129
1216 / 7129
1217 / 7129
1218 / 7129
1219 / 7129
1220 / 7129
1221 / 7129
1222 / 7129
1223 / 7129
1224 / 7129
1225 / 7129
1226 / 7129
1227 / 7129
1228 / 7129
1229 / 7129
1230 / 7129
1231 / 7129
1232 / 7129
1233 / 7129
1234 / 7129
1235 / 7129
1236 / 7129
1237 / 7129
1238 / 7129
1239 / 7129
1240 / 7129
1241 / 7129
1242 / 7129
1243 / 7129
1244 / 7129
1245 / 7129
1246 / 7129
1247 / 7129
1248 / 7129
1249 / 7129
1250 / 7129
1251 / 7129
1252 / 7129
1253 / 7129
1254 / 7129
1255 / 7129
1256 / 7129
1257 / 7129
1258 / 7129
1259 / 7129
1260 / 7129
1261 / 7129
1262 / 7129
1263 / 7129
1264 / 7129
1265 / 7129
1266 / 7129
1267 / 7129
1268 / 7129
1269 / 7129
1270 / 7129
1271 / 7129
1272 / 7129
1273 / 7129
1274 / 7129
1275 / 7129
1276 / 7129
1277 / 7129
1278 / 7129
1279 / 7129
1280 / 7129
1281 / 7129
1282 / 7129
1283 / 7129
1284 / 7129
1285 / 7129
1286 / 7129
1287 / 7129
1288 / 7129
1289 / 7129
1290 / 7129
1291 / 7129
1292 / 7129
1293 / 7129
1294 / 7129
1295 / 7129
1296 / 7129
1297 / 7129
1298 / 7129
1299 / 7129
1300 / 7129
1301 / 7129
1302 / 7129
1303 / 7129
1304 / 7129
1305 / 7129
1306 / 7129
1307 / 7129
1308 / 7129
1309 / 7129
1310 / 7129
1311 / 7129
1312 / 7129
1313 / 7129
1314 / 7129
1315 / 7129
1316 / 7129
1317 / 7129
1318 / 7129
1319 / 7129
1320 / 7129
1321 / 7129
1322 / 7129
1323 / 7129
1324 / 7129
1325 / 7129
1326 / 7129
1327 / 7129
1328 / 7129
1329 / 7129
1330 / 7129
1331 / 7129
1332 / 7129
1333 / 7129
1334 / 7129
1335 / 7129
1336 / 7129
1337 / 7129
1338 / 7129
1339 / 7129
1340 / 7129
1341 / 7129
1342 / 7129
1343 / 7129
1344 / 7129
1345 / 7129
1346 / 7129
1347 / 7129
1348 / 7129
1349 / 7129
1350 / 7129
1351 / 7129
1352 / 7129
1353 / 7129
1354 / 7129
1355 / 7129
1356 / 7129
1357 / 7129
1358 / 7129
1359 / 7129
1360 / 7129
1361 / 7129
1362 / 7129
1363 / 7129
1364 / 7129
1365 / 7129
1366 / 7129
1367 / 7129
1368 / 7129
1369 / 7129
1370 / 7129
1371 / 7129
1372 / 7129
1373 / 7129
1374 / 7129
1375 / 7129
1376 / 7129
1377 / 7129
1378 / 7129
1379 / 7129
1380 / 7129
1381 / 7129
1382 / 7129
1383 / 7129
1384 / 7129
1385 / 7129
1386 / 7129
1387 / 7129
1388 / 7129
1389 / 7129
1390 / 7129
1391 / 7129
1392 / 7129
1393 / 7129
1394 / 7129
1395 / 7129
1396 / 7129
1397 / 7129
1398 / 7129
1399 / 7129
1400 / 7129
1401 / 7129
1402 / 7129
1403 / 7129
1404 / 7129
1405 / 7129
1406 / 7129
1407 / 7129
1408 / 7129
1409 / 7129
1410 / 7129
1411 / 7129
1412 / 7129
1413 / 7129
1414 / 7129
1415 / 7129
1416 / 7129
1417 / 7129
1418 / 7129
1419 / 7129
1420 / 7129
1421 / 7129
1422 / 7129
1423 / 7129
1424 / 7129
1425 / 7129
1426 / 7129
1427 / 7129
1428 / 7129
1429 / 7129
1430 / 7129
1431 / 7129
1432 / 7129
1433 / 7129
1434 / 7129
1435 / 7129
1436 / 7129
1437 / 7129
1438 / 7129
1439 / 7129
1440 / 7129
1441 / 7129
1442 / 7129
1443 / 7129
1444 / 7129
1445 / 7129
1446 / 7129
1447 / 7129
1448 / 7129
1449 / 7129
1450 / 7129
1451 / 7129
1452 / 7129
1453 / 7129
1454 / 7129
1455 / 7129
1456 / 7129
1457 / 7129
1458 / 7129
1459 / 7129
1460 / 7129
1461 / 7129
1462 / 7129
1463 / 7129
1464 / 7129
1465 / 7129
1466 / 7129
1467 / 7129
1468 / 7129
1469 / 7129
1470 / 7129
1471 / 7129
1472 / 7129
1473 / 7129
1474 / 7129
1475 / 7129
1476 / 7129
1477 / 7129
1478 / 7129
1479 / 7129
1480 / 7129
1481 / 7129
1482 / 7129
1483 / 7129
1484 / 7129
1485 / 7129
1486 / 7129
1487 / 7129
1488 / 7129
1489 / 7129
1490 / 7129
1491 / 7129
1492 / 7129
1493 / 7129
1494 / 7129
1495 / 7129
1496 / 7129
1497 / 7129
1498 / 7129
1499 / 7129
1500 / 7129
1501 / 7129
1502 / 7129
1503 / 7129
1504 / 7129
1505 / 7129
1506 / 7129
1507 / 7129
1508 / 7129
1509 / 7129
1510 / 7129
1511 / 7129
1512 / 7129
1513 / 7129
1514 / 7129
1515 / 7129
1516 / 7129
1517 / 7129
1518 / 7129
1519 / 7129
1520 / 7129
1521 / 7129
1522 / 7129
1523 / 7129
1524 / 7129
1525 / 7129
1526 / 7129
1527 / 7129
1528 / 7129
1529 / 7129
1530 / 7129
1531 / 7129
1532 / 7129
1533 / 7129
1534 / 7129
1535 / 7129
1536 / 7129
1537 / 7129
1538 / 7129
1539 / 7129
1540 / 7129
1541 / 7129
1542 / 7129
1543 / 7129
1544 / 7129
1545 / 7129
1546 / 7129
1547 / 7129
1548 / 7129
1549 / 7129
1550 / 7129
1551 / 7129
1552 / 7129
1553 / 7129
1554 / 7129
1555 / 7129
1556 / 7129
1557 / 7129
1558 / 7129
1559 / 7129
1560 / 7129
1561 / 7129
1562 / 7129
1563 / 7129
1564 / 7129
1565 / 7129
1566 / 7129
1567 / 7129
1568 / 7129
1569 / 7129
1570 / 7129
1571 / 7129
1572 / 7129
1573 / 7129
1574 / 7129
1575 / 7129
1576 / 7129
1577 / 7129
1578 / 7129
1579 / 7129
1580 / 7129
1581 / 7129
1582 / 7129
1583 / 7129
1584 / 7129
1585 / 7129
1586 / 7129
1587 / 7129
1588 / 7129
1589 / 7129
1590 / 7129
1591 / 7129
1592 / 7129
1593 / 7129
1594 / 7129
1595 / 7129
1596 / 7129
1597 / 7129
1598 / 7129
1599 / 7129
1600 / 7129
1601 / 7129
1602 / 7129
1603 / 7129
1604 / 7129
1605 / 7129
1606 / 7129
1607 / 7129
1608 / 7129
1609 / 7129
1610 / 7129
1611 / 7129
1612 / 7129
1613 / 7129
1614 / 7129
1615 / 7129
1616 / 7129
1617 / 7129
1618 / 7129
1619 / 7129
1620 / 7129
1621 / 7129
1622 / 7129
1623 / 7129
1624 / 7129
1625 / 7129
1626 / 7129
1627 / 7129
1628 / 7129
1629 / 7129
1630 / 7129
1631 / 7129
1632 / 7129
1633 / 7129
1634 / 7129
1635 / 7129
1636 / 7129
1637 / 7129
1638 / 7129
1639 / 7129
1640 / 7129
1641 / 7129
1642 / 7129
1643 / 7129
1644 / 7129
1645 / 7129
1646 / 7129
1647 / 7129
1648 / 7129
1649 / 7129
1650 / 7129
1651 / 7129
1652 / 7129
1653 / 7129
1654 / 7129
1655 / 7129
1656 / 7129
1657 / 7129
1658 / 7129
1659 / 7129
1660 / 7129
1661 / 7129
1662 / 7129
1663 / 7129
1664 / 7129
1665 / 7129
1666 / 7129
1667 / 7129
1668 / 7129
1669 / 7129
1670 / 7129
1671 / 7129
1672 / 7129
1673 / 7129
1674 / 7129
1675 / 7129
1676 / 7129
1677 / 7129
1678 / 7129
1679 / 7129
1680 / 7129
1681 / 7129
1682 / 7129
1683 / 7129
1684 / 7129
1685 / 7129
1686 / 7129
1687 / 7129
1688 / 7129
1689 / 7129
1690 / 7129
1691 / 7129
1692 / 7129
1693 / 7129
1694 / 7129
1695 / 7129
1696 / 7129
1697 / 7129
1698 / 7129
1699 / 7129
1700 / 7129
1701 / 7129
1702 / 7129
1703 / 7129
1704 / 7129
1705 / 7129
1706 / 7129
1707 / 7129
1708 / 7129
1709 / 7129
1710 / 7129
1711 / 7129
1712 / 7129
1713 / 7129
1714 / 7129
1715 / 7129
1716 / 7129
1717 / 7129
1718 / 7129
1719 / 7129
1720 / 7129
1721 / 7129
1722 / 7129
1723 / 7129
1724 / 7129
1725 / 7129
1726 / 7129
1727 / 7129
1728 / 7129
1729 / 7129
1730 / 7129
1731 / 7129
1732 / 7129
1733 / 7129
1734 / 7129
1735 / 7129
1736 / 7129
1737 / 7129
1738 / 7129
1739 / 7129
1740 / 7129
1741 / 7129
1742 / 7129
1743 / 7129
1744 / 7129
1745 / 7129
1746 / 7129
1747 / 7129
1748 / 7129
1749 / 7129
1750 / 7129
1751 / 7129
1752 / 7129
1753 / 7129
1754 / 7129
1755 / 7129
1756 / 7129
1757 / 7129
1758 / 7129
1759 / 7129
1760 / 7129
1761 / 7129
1762 / 7129
1763 / 7129
1764 / 7129
1765 / 7129
1766 / 7129
1767 / 7129
1768 / 7129
1769 / 7129
1770 / 7129
1771 / 7129
1772 / 7129
1773 / 7129
1774 / 7129
1775 / 7129
1776 / 7129
1777 / 7129
1778 / 7129
1779 / 7129
1780 / 7129
1781 / 7129
1782 / 7129
1783 / 7129
1784 / 7129
1785 / 7129
1786 / 7129
1787 / 7129
1788 / 7129
1789 / 7129
1790 / 7129
1791 / 7129
1792 / 7129
1793 / 7129
1794 / 7129
1795 / 7129
1796 / 7129
1797 / 7129
1798 / 7129
1799 / 7129
1800 / 7129
1801 / 7129
1802 / 7129
1803 / 7129
1804 / 7129
1805 / 7129
1806 / 7129
1807 / 7129
1808 / 7129
1809 / 7129
1810 / 7129
1811 / 7129
1812 / 7129
1813 / 7129
1814 / 7129
1815 / 7129
1816 / 7129
1817 / 7129
1818 / 7129
1819 / 7129
1820 / 7129
1821 / 7129
1822 / 7129
1823 / 7129
1824 / 7129
1825 / 7129
1826 / 7129
1827 / 7129
1828 / 7129
1829 / 7129
1830 / 7129
1831 / 7129
1832 / 7129
1833 / 7129
1834 / 7129
1835 / 7129
1836 / 7129
1837 / 7129
1838 / 7129
1839 / 7129
1840 / 7129
1841 / 7129
1842 / 7129
1843 / 7129
1844 / 7129
1845 / 7129
1846 / 7129
1847 / 7129
1848 / 7129
1849 / 7129
1850 / 7129
1851 / 7129
1852 / 7129
1853 / 7129
1854 / 7129
1855 / 7129
1856 / 7129
1857 / 7129
1858 / 7129
1859 / 7129
1860 / 7129
1861 / 7129
1862 / 7129
1863 / 7129
1864 / 7129
1865 / 7129
1866 / 7129
1867 / 7129
1868 / 7129
1869 / 7129
1870 / 7129
1871 / 7129
1872 / 7129
1873 / 7129
1874 / 7129
1875 / 7129
1876 / 7129
1877 / 7129
1878 / 7129
1879 / 7129
1880 / 7129
1881 / 7129
1882 / 7129
1883 / 7129
1884 / 7129
1885 / 7129
1886 / 7129
1887 / 7129
1888 / 7129
1889 / 7129
1890 / 7129
1891 / 7129
1892 / 7129
1893 / 7129
1894 / 7129
1895 / 7129
1896 / 7129
1897 / 7129
1898 / 7129
1899 / 7129
1900 / 7129
1901 / 7129
1902 / 7129
1903 / 7129
1904 / 7129
1905 / 7129
1906 / 7129
1907 / 7129
1908 / 7129
1909 / 7129
1910 / 7129
1911 / 7129
1912 / 7129
1913 / 7129
1914 / 7129
1915 / 7129
1916 / 7129
1917 / 7129
1918 / 7129
1919 / 7129
1920 / 7129
1921 / 7129
1922 / 7129
1923 / 7129
1924 / 7129
1925 / 7129
1926 / 7129
1927 / 7129
1928 / 7129
1929 / 7129
1930 / 7129
1931 / 7129
1932 / 7129
1933 / 7129
1934 / 7129
1935 / 7129
1936 / 7129
1937 / 7129
1938 / 7129
1939 / 7129
1940 / 7129
1941 / 7129
1942 / 7129
1943 / 7129
1944 / 7129
1945 / 7129
1946 / 7129
1947 / 7129
1948 / 7129
1949 / 7129
1950 / 7129
1951 / 7129
1952 / 7129
1953 / 7129
1954 / 7129
1955 / 7129
1956 / 7129
1957 / 7129
1958 / 7129
1959 / 7129
1960 / 7129
1961 / 7129
1962 / 7129
1963 / 7129
1964 / 7129
1965 / 7129
1966 / 7129
1967 / 7129
1968 / 7129
1969 / 7129
1970 / 7129
1971 / 7129
1972 / 7129
1973 / 7129
1974 / 7129
1975 / 7129
1976 / 7129
1977 / 7129
1978 / 7129
1979 / 7129
1980 / 7129
1981 / 7129
1982 / 7129
1983 / 7129
1984 / 7129
1985 / 7129
1986 / 7129
1987 / 7129
1988 / 7129
1989 / 7129
1990 / 7129
1991 / 7129
1992 / 7129
1993 / 7129
1994 / 7129
1995 / 7129
1996 / 7129
1997 / 7129
1998 / 7129
1999 / 7129
2000 / 7129
2001 / 7129
2002 / 7129
2003 / 7129
2004 / 7129
2005 / 7129
2006 / 7129
2007 / 7129
2008 / 7129
2009 / 7129
2010 / 7129
2011 / 7129
2012 / 7129
2013 / 7129
2014 / 7129
2015 / 7129
2016 / 7129
2017 / 7129
2018 / 7129
2019 / 7129
2020 / 7129
2021 / 7129
2022 / 7129
2023 / 7129
2024 / 7129
2025 / 7129
2026 / 7129
2027 / 7129
2028 / 7129
2029 / 7129
2030 / 7129
2031 / 7129
2032 / 7129
2033 / 7129
2034 / 7129
2035 / 7129
2036 / 7129
2037 / 7129
2038 / 7129
2039 / 7129
2040 / 7129
2041 / 7129
2042 / 7129
2043 / 7129
2044 / 7129
2045 / 7129
2046 / 7129
2047 / 7129
2048 / 7129
2049 / 7129
2050 / 7129
2051 / 7129
2052 / 7129
2053 / 7129
2054 / 7129
2055 / 7129
2056 / 7129
2057 / 7129
2058 / 7129
2059 / 7129
2060 / 7129
2061 / 7129
2062 / 7129
2063 / 7129
2064 / 7129
2065 / 7129
2066 / 7129
2067 / 7129
2068 / 7129
2069 / 7129
2070 / 7129
2071 / 7129
2072 / 7129
2073 / 7129
2074 / 7129
2075 / 7129
2076 / 7129
2077 / 7129
2078 / 7129
2079 / 7129
2080 / 7129
2081 / 7129
2082 / 7129
2083 / 7129
2084 / 7129
2085 / 7129
2086 / 7129
2087 / 7129
2088 / 7129
2089 / 7129
2090 / 7129
2091 / 7129
2092 / 7129
2093 / 7129
2094 / 7129
2095 / 7129
2096 / 7129
2097 / 7129
2098 / 7129
2099 / 7129
2100 / 7129
2101 / 7129
2102 / 7129
2103 / 7129
2104 / 7129
2105 / 7129
2106 / 7129
2107 / 7129
2108 / 7129
2109 / 7129
2110 / 7129
2111 / 7129
2112 / 7129
2113 / 7129
2114 / 7129
2115 / 7129
2116 / 7129
2117 / 7129
2118 / 7129
2119 / 7129
2120 / 7129
2121 / 7129
2122 / 7129
2123 / 7129
2124 / 7129
2125 / 7129
2126 / 7129
2127 / 7129
2128 / 7129
2129 / 7129
2130 / 7129
2131 / 7129
2132 / 7129
2133 / 7129
2134 / 7129
2135 / 7129
2136 / 7129
2137 / 7129
2138 / 7129
2139 / 7129
2140 / 7129
2141 / 7129
2142 / 7129
2143 / 7129
2144 / 7129
2145 / 7129
2146 / 7129
2147 / 7129
2148 / 7129
2149 / 7129
2150 / 7129
2151 / 7129
2152 / 7129
2153 / 7129
2154 / 7129
2155 / 7129
2156 / 7129
2157 / 7129
2158 / 7129
2159 / 7129
2160 / 7129
2161 / 7129
2162 / 7129
2163 / 7129
2164 / 7129
2165 / 7129
2166 / 7129
2167 / 7129
2168 / 7129
2169 / 7129
2170 / 7129
2171 / 7129
2172 / 7129
2173 / 7129
2174 / 7129
2175 / 7129
2176 / 7129
2177 / 7129
2178 / 7129
2179 / 7129
2180 / 7129
2181 / 7129
2182 / 7129
2183 / 7129
2184 / 7129
2185 / 7129
2186 / 7129
2187 / 7129
2188 / 7129
2189 / 7129
2190 / 7129
2191 / 7129
2192 / 7129
2193 / 7129
2194 / 7129
2195 / 7129
2196 / 7129
2197 / 7129
2198 / 7129
2199 / 7129
2200 / 7129
2201 / 7129
2202 / 7129
2203 / 7129
2204 / 7129
2205 / 7129
2206 / 7129
2207 / 7129
2208 / 7129
2209 / 7129
2210 / 7129
2211 / 7129
2212 / 7129
2213 / 7129
2214 / 7129
2215 / 7129
2216 / 7129
2217 / 7129
2218 / 7129
2219 / 7129
2220 / 7129
2221 / 7129
2222 / 7129
2223 / 7129
2224 / 7129
2225 / 7129
2226 / 7129
2227 / 7129
2228 / 7129
2229 / 7129
2230 / 7129
2231 / 7129
2232 / 7129
2233 / 7129
2234 / 7129
2235 / 7129
2236 / 7129
2237 / 7129
2238 / 7129
2239 / 7129
2240 / 7129
2241 / 7129
2242 / 7129
2243 / 7129
2244 / 7129
2245 / 7129
2246 / 7129
2247 / 7129
2248 / 7129
2249 / 7129
2250 / 7129
2251 / 7129
2252 / 7129
2253 / 7129
2254 / 7129
2255 / 7129
2256 / 7129
2257 / 7129
2258 / 7129
2259 / 7129
2260 / 7129
2261 / 7129
2262 / 7129
2263 / 7129
2264 / 7129
2265 / 7129
2266 / 7129
2267 / 7129
2268 / 7129
2269 / 7129
2270 / 7129
2271 / 7129
2272 / 7129
2273 / 7129
2274 / 7129
2275 / 7129
2276 / 7129
2277 / 7129
2278 / 7129
2279 / 7129
2280 / 7129
2281 / 7129
2282 / 7129
2283 / 7129
2284 / 7129
2285 / 7129
2286 / 7129
2287 / 7129
2288 / 7129
2289 / 7129
2290 / 7129
2291 / 7129
2292 / 7129
2293 / 7129
2294 / 7129
2295 / 7129
2296 / 7129
2297 / 7129
2298 / 7129
2299 / 7129
2300 / 7129
2301 / 7129
2302 / 7129
2303 / 7129
2304 / 7129
2305 / 7129
2306 / 7129
2307 / 7129
2308 / 7129
2309 / 7129
2310 / 7129
2311 / 7129
2312 / 7129
2313 / 7129
2314 / 7129
2315 / 7129
2316 / 7129
2317 / 7129
2318 / 7129
2319 / 7129
2320 / 7129
2321 / 7129
2322 / 7129
2323 / 7129
2324 / 7129
2325 / 7129
2326 / 7129
2327 / 7129
2328 / 7129
2329 / 7129
2330 / 7129
2331 / 7129
2332 / 7129
2333 / 7129
2334 / 7129
2335 / 7129
2336 / 7129
2337 / 7129
2338 / 7129
2339 / 7129
2340 / 7129
2341 / 7129
2342 / 7129
2343 / 7129
2344 / 7129
2345 / 7129
2346 / 7129
2347 / 7129
2348 / 7129
2349 / 7129
2350 / 7129
2351 / 7129
2352 / 7129
2353 / 7129
2354 / 7129
2355 / 7129
2356 / 7129
2357 / 7129
2358 / 7129
2359 / 7129
2360 / 7129
2361 / 7129
2362 / 7129
2363 / 7129
2364 / 7129
2365 / 7129
2366 / 7129
2367 / 7129
2368 / 7129
2369 / 7129
2370 / 7129
2371 / 7129
2372 / 7129
2373 / 7129
2374 / 7129
2375 / 7129
2376 / 7129
2377 / 7129
2378 / 7129
2379 / 7129
2380 / 7129
2381 / 7129
2382 / 7129
2383 / 7129
2384 / 7129
2385 / 7129
2386 / 7129
2387 / 7129
2388 / 7129
2389 / 7129
2390 / 7129
2391 / 7129
2392 / 7129
2393 / 7129
2394 / 7129
2395 / 7129
2396 / 7129
2397 / 7129
2398 / 7129
2399 / 7129
2400 / 7129
2401 / 7129
2402 / 7129
2403 / 7129
2404 / 7129
2405 / 7129
2406 / 7129
2407 / 7129
2408 / 7129
2409 / 7129
2410 / 7129
2411 / 7129
2412 / 7129
2413 / 7129
2414 / 7129
2415 / 7129
2416 / 7129
2417 / 7129
2418 / 7129
2419 / 7129
2420 / 7129
2421 / 7129
2422 / 7129
2423 / 7129
2424 / 7129
2425 / 7129
2426 / 7129
2427 / 7129
2428 / 7129
2429 / 7129
2430 / 7129
2431 / 7129
2432 / 7129
2433 / 7129
2434 / 7129
2435 / 7129
2436 / 7129
2437 / 7129
2438 / 7129
2439 / 7129
2440 / 7129
2441 / 7129
2442 / 7129
2443 / 7129
2444 / 7129
2445 / 7129
2446 / 7129
2447 / 7129
2448 / 7129
2449 / 7129
2450 / 7129
2451 / 7129
2452 / 7129
2453 / 7129
2454 / 7129
2455 / 7129
2456 / 7129
2457 / 7129
2458 / 7129
2459 / 7129
2460 / 7129
2461 / 7129
2462 / 7129
2463 / 7129
2464 / 7129
2465 / 7129
2466 / 7129
2467 / 7129
2468 / 7129
2469 / 7129
2470 / 7129
2471 / 7129
2472 / 7129
2473 / 7129
2474 / 7129
2475 / 7129
2476 / 7129
2477 / 7129
2478 / 7129
2479 / 7129
2480 / 7129
2481 / 7129
2482 / 7129
2483 / 7129
2484 / 7129
2485 / 7129
2486 / 7129
2487 / 7129
2488 / 7129
2489 / 7129
2490 / 7129
2491 / 7129
2492 / 7129
2493 / 7129
2494 / 7129
2495 / 7129
2496 / 7129
2497 / 7129
2498 / 7129
2499 / 7129
2500 / 7129
2501 / 7129
2502 / 7129
2503 / 7129
2504 / 7129
2505 / 7129
2506 / 7129
2507 / 7129
2508 / 7129
2509 / 7129
2510 / 7129
2511 / 7129
2512 / 7129
2513 / 7129
2514 / 7129
2515 / 7129
2516 / 7129
2517 / 7129
2518 / 7129
2519 / 7129
2520 / 7129
2521 / 7129
2522 / 7129
2523 / 7129
2524 / 7129
2525 / 7129
2526 / 7129
2527 / 7129
2528 / 7129
2529 / 7129
2530 / 7129
2531 / 7129
2532 / 7129
2533 / 7129
2534 / 7129
2535 / 7129
2536 / 7129
2537 / 7129
2538 / 7129
2539 / 7129
2540 / 7129
2541 / 7129
2542 / 7129
2543 / 7129
2544 / 7129
2545 / 7129
2546 / 7129
2547 / 7129
2548 / 7129
2549 / 7129
2550 / 7129
2551 / 7129
2552 / 7129
2553 / 7129
2554 / 7129
2555 / 7129
2556 / 7129
2557 / 7129
2558 / 7129
2559 / 7129
2560 / 7129
2561 / 7129
2562 / 7129
2563 / 7129
2564 / 7129
2565 / 7129
2566 / 7129
2567 / 7129
2568 / 7129
2569 / 7129
2570 / 7129
2571 / 7129
2572 / 7129
2573 / 7129
2574 / 7129
2575 / 7129
2576 / 7129
2577 / 7129
2578 / 7129
2579 / 7129
2580 / 7129
2581 / 7129
2582 / 7129
2583 / 7129
2584 / 7129
2585 / 7129
2586 / 7129
2587 / 7129
2588 / 7129
2589 / 7129
2590 / 7129
2591 / 7129
2592 / 7129
2593 / 7129
2594 / 7129
2595 / 7129
2596 / 7129
2597 / 7129
2598 / 7129
2599 / 7129
2600 / 7129
2601 / 7129
2602 / 7129
2603 / 7129
2604 / 7129
2605 / 7129
2606 / 7129
2607 / 7129
2608 / 7129
2609 / 7129
2610 / 7129
2611 / 7129
2612 / 7129
2613 / 7129
2614 / 7129
2615 / 7129
2616 / 7129
2617 / 7129
2618 / 7129
2619 / 7129
2620 / 7129
2621 / 7129
2622 / 7129
2623 / 7129
2624 / 7129
2625 / 7129
2626 / 7129
2627 / 7129
2628 / 7129
2629 / 7129
2630 / 7129
2631 / 7129
2632 / 7129
2633 / 7129
2634 / 7129
2635 / 7129
2636 / 7129
2637 / 7129
2638 / 7129
2639 / 7129
2640 / 7129
2641 / 7129
2642 / 7129
2643 / 7129
2644 / 7129
2645 / 7129
2646 / 7129
2647 / 7129
2648 / 7129
2649 / 7129
2650 / 7129
2651 / 7129
2652 / 7129
2653 / 7129
2654 / 7129
2655 / 7129
2656 / 7129
2657 / 7129
2658 / 7129
2659 / 7129
2660 / 7129
2661 / 7129
2662 / 7129
2663 / 7129
2664 / 7129
2665 / 7129
2666 / 7129
2667 / 7129
2668 / 7129
2669 / 7129
2670 / 7129
2671 / 7129
2672 / 7129
2673 / 7129
2674 / 7129
2675 / 7129
2676 / 7129
2677 / 7129
2678 / 7129
2679 / 7129
2680 / 7129
2681 / 7129
2682 / 7129
2683 / 7129
2684 / 7129
2685 / 7129
2686 / 7129
2687 / 7129
2688 / 7129
2689 / 7129
2690 / 7129
2691 / 7129
2692 / 7129
2693 / 7129
2694 / 7129
2695 / 7129
2696 / 7129
2697 / 7129
2698 / 7129
2699 / 7129
2700 / 7129
2701 / 7129
2702 / 7129
2703 / 7129
2704 / 7129
2705 / 7129
2706 / 7129
2707 / 7129
2708 / 7129
2709 / 7129
2710 / 7129
2711 / 7129
2712 / 7129
2713 / 7129
2714 / 7129
2715 / 7129
2716 / 7129
2717 / 7129
2718 / 7129
2719 / 7129
2720 / 7129
2721 / 7129
2722 / 7129
2723 / 7129
2724 / 7129
2725 / 7129
2726 / 7129
2727 / 7129
2728 / 7129
2729 / 7129
2730 / 7129
2731 / 7129
2732 / 7129
2733 / 7129
2734 / 7129
2735 / 7129
2736 / 7129
2737 / 7129
2738 / 7129
2739 / 7129
2740 / 7129
2741 / 7129
2742 / 7129
2743 / 7129
2744 / 7129
2745 / 7129
2746 / 7129
2747 / 7129
2748 / 7129
2749 / 7129
2750 / 7129
2751 / 7129
2752 / 7129
2753 / 7129
2754 / 7129
2755 / 7129
2756 / 7129
2757 / 7129
2758 / 7129
2759 / 7129
2760 / 7129
2761 / 7129
2762 / 7129
2763 / 7129
2764 / 7129
2765 / 7129
2766 / 7129
2767 / 7129
2768 / 7129
2769 / 7129
2770 / 7129
2771 / 7129
2772 / 7129
2773 / 7129
2774 / 7129
2775 / 7129
2776 / 7129
2777 / 7129
2778 / 7129
2779 / 7129
2780 / 7129
2781 / 7129
2782 / 7129
2783 / 7129
2784 / 7129
2785 / 7129
2786 / 7129
2787 / 7129
2788 / 7129
2789 / 7129
2790 / 7129
2791 / 7129
2792 / 7129
2793 / 7129
2794 / 7129
2795 / 7129
2796 / 7129
2797 / 7129
2798 / 7129
2799 / 7129
2800 / 7129
2801 / 7129
2802 / 7129
2803 / 7129
2804 / 7129
2805 / 7129
2806 / 7129
2807 / 7129
2808 / 7129
2809 / 7129
2810 / 7129
2811 / 7129
2812 / 7129
2813 / 7129
2814 / 7129
2815 / 7129
2816 / 7129
2817 / 7129
2818 / 7129
2819 / 7129
2820 / 7129
2821 / 7129
2822 / 7129
2823 / 7129
2824 / 7129
2825 / 7129
2826 / 7129
2827 / 7129
2828 / 7129
2829 / 7129
2830 / 7129
2831 / 7129
2832 / 7129
2833 / 7129
2834 / 7129
2835 / 7129
2836 / 7129
2837 / 7129
2838 / 7129
2839 / 7129
2840 / 7129
2841 / 7129
2842 / 7129
2843 / 7129
2844 / 7129
2845 / 7129
2846 / 7129
2847 / 7129
2848 / 7129
2849 / 7129
2850 / 7129
2851 / 7129
2852 / 7129
2853 / 7129
2854 / 7129
2855 / 7129
2856 / 7129
2857 / 7129
2858 / 7129
2859 / 7129
2860 / 7129
2861 / 7129
2862 / 7129
2863 / 7129
2864 / 7129
2865 / 7129
2866 / 7129
2867 / 7129
2868 / 7129
2869 / 7129
2870 / 7129
2871 / 7129
2872 / 7129
2873 / 7129
2874 / 7129
2875 / 7129
2876 / 7129
2877 / 7129
2878 / 7129
2879 / 7129
2880 / 7129
2881 / 7129
2882 / 7129
2883 / 7129
2884 / 7129
2885 / 7129
2886 / 7129
2887 / 7129
2888 / 7129
2889 / 7129
2890 / 7129
2891 / 7129
2892 / 7129
2893 / 7129
2894 / 7129
2895 / 7129
2896 / 7129
2897 / 7129
2898 / 7129
2899 / 7129
2900 / 7129
2901 / 7129
2902 / 7129
2903 / 7129
2904 / 7129
2905 / 7129
2906 / 7129
2907 / 7129
2908 / 7129
2909 / 7129
2910 / 7129
2911 / 7129
2912 / 7129
2913 / 7129
2914 / 7129
2915 / 7129
2916 / 7129
2917 / 7129
2918 / 7129
2919 / 7129
2920 / 7129
2921 / 7129
2922 / 7129
2923 / 7129
2924 / 7129
2925 / 7129
2926 / 7129
2927 / 7129
2928 / 7129
2929 / 7129
2930 / 7129
2931 / 7129
2932 / 7129
2933 / 7129
2934 / 7129
2935 / 7129
2936 / 7129
2937 / 7129
2938 / 7129
2939 / 7129
2940 / 7129
2941 / 7129
2942 / 7129
2943 / 7129
2944 / 7129
2945 / 7129
2946 / 7129
2947 / 7129
2948 / 7129
2949 / 7129
2950 / 7129
2951 / 7129
2952 / 7129
2953 / 7129
2954 / 7129
2955 / 7129
2956 / 7129
2957 / 7129
2958 / 7129
2959 / 7129
2960 / 7129
2961 / 7129
2962 / 7129
2963 / 7129
2964 / 7129
2965 / 7129
2966 / 7129
2967 / 7129
2968 / 7129
2969 / 7129
2970 / 7129
2971 / 7129
2972 / 7129
2973 / 7129
2974 / 7129
2975 / 7129
2976 / 7129
2977 / 7129
2978 / 7129
2979 / 7129
2980 / 7129
2981 / 7129
2982 / 7129
2983 / 7129
2984 / 7129
2985 / 7129
2986 / 7129
2987 / 7129
2988 / 7129
2989 / 7129
2990 / 7129
2991 / 7129
2992 / 7129
2993 / 7129
2994 / 7129
2995 / 7129
2996 / 7129
2997 / 7129
2998 / 7129
2999 / 7129
3000 / 7129
3001 / 7129
3002 / 7129
3003 / 7129
3004 / 7129
3005 / 7129
3006 / 7129
3007 / 7129
3008 / 7129
3009 / 7129
3010 / 7129
3011 / 7129
3012 / 7129
3013 / 7129
3014 / 7129
3015 / 7129
3016 / 7129
3017 / 7129
3018 / 7129
3019 / 7129
3020 / 7129
3021 / 7129
3022 / 7129
3023 / 7129
3024 / 7129
3025 / 7129
3026 / 7129
3027 / 7129
3028 / 7129
3029 / 7129
3030 / 7129
3031 / 7129
3032 / 7129
3033 / 7129
3034 / 7129
3035 / 7129
3036 / 7129
3037 / 7129
3038 / 7129
3039 / 7129
3040 / 7129
3041 / 7129
3042 / 7129
3043 / 7129
3044 / 7129
3045 / 7129
3046 / 7129
3047 / 7129
3048 / 7129
3049 / 7129
3050 / 7129
3051 / 7129
3052 / 7129
3053 / 7129
3054 / 7129
3055 / 7129
3056 / 7129
3057 / 7129
3058 / 7129
3059 / 7129
3060 / 7129
3061 / 7129
3062 / 7129
3063 / 7129
3064 / 7129
3065 / 7129
3066 / 7129
3067 / 7129
3068 / 7129
3069 / 7129
3070 / 7129
3071 / 7129
3072 / 7129
3073 / 7129
3074 / 7129
3075 / 7129
3076 / 7129
3077 / 7129
3078 / 7129
3079 / 7129
3080 / 7129
3081 / 7129
3082 / 7129
3083 / 7129
3084 / 7129
3085 / 7129
3086 / 7129
3087 / 7129
3088 / 7129
3089 / 7129
3090 / 7129
3091 / 7129
3092 / 7129
3093 / 7129
3094 / 7129
3095 / 7129
3096 / 7129
3097 / 7129
3098 / 7129
3099 / 7129
3100 / 7129
3101 / 7129
3102 / 7129
3103 / 7129
3104 / 7129
3105 / 7129
3106 / 7129
3107 / 7129
3108 / 7129
3109 / 7129
3110 / 7129
3111 / 7129
3112 / 7129
3113 / 7129
3114 / 7129
3115 / 7129
3116 / 7129
3117 / 7129
3118 / 7129
3119 / 7129
3120 / 7129
3121 / 7129
3122 / 7129
3123 / 7129
3124 / 7129
3125 / 7129
3126 / 7129
3127 / 7129
3128 / 7129
3129 / 7129
3130 / 7129
3131 / 7129
3132 / 7129
3133 / 7129
3134 / 7129
3135 / 7129
3136 / 7129
3137 / 7129
3138 / 7129
3139 / 7129
3140 / 7129
3141 / 7129
3142 / 7129
3143 / 7129
3144 / 7129
3145 / 7129
3146 / 7129
3147 / 7129
3148 / 7129
3149 / 7129
3150 / 7129
3151 / 7129
3152 / 7129
3153 / 7129
3154 / 7129
3155 / 7129
3156 / 7129
3157 / 7129
3158 / 7129
3159 / 7129
3160 / 7129
3161 / 7129
3162 / 7129
3163 / 7129
3164 / 7129
3165 / 7129
3166 / 7129
3167 / 7129
3168 / 7129
3169 / 7129
3170 / 7129
3171 / 7129
3172 / 7129
3173 / 7129
3174 / 7129
3175 / 7129
3176 / 7129
3177 / 7129
3178 / 7129
3179 / 7129
3180 / 7129
3181 / 7129
3182 / 7129
3183 / 7129
3184 / 7129
3185 / 7129
3186 / 7129
3187 / 7129
3188 / 7129
3189 / 7129
3190 / 7129
3191 / 7129
3192 / 7129
3193 / 7129
3194 / 7129
3195 / 7129
3196 / 7129
3197 / 7129
3198 / 7129
3199 / 7129
3200 / 7129
3201 / 7129
3202 / 7129
3203 / 7129
3204 / 7129
3205 / 7129
3206 / 7129
3207 / 7129
3208 / 7129
3209 / 7129
3210 / 7129
3211 / 7129
3212 / 7129
3213 / 7129
3214 / 7129
3215 / 7129
3216 / 7129
3217 / 7129
3218 / 7129
3219 / 7129
3220 / 7129
3221 / 7129
3222 / 7129
3223 / 7129
3224 / 7129
3225 / 7129
3226 / 7129
3227 / 7129
3228 / 7129
3229 / 7129
3230 / 7129
3231 / 7129
3232 / 7129
3233 / 7129
3234 / 7129
3235 / 7129
3236 / 7129
3237 / 7129
3238 / 7129
3239 / 7129
3240 / 7129
3241 / 7129
3242 / 7129
3243 / 7129
3244 / 7129
3245 / 7129
3246 / 7129
3247 / 7129
3248 / 7129
3249 / 7129
3250 / 7129
3251 / 7129
3252 / 7129
3253 / 7129
3254 / 7129
3255 / 7129
3256 / 7129
3257 / 7129
3258 / 7129
3259 / 7129
3260 / 7129
3261 / 7129
3262 / 7129
3263 / 7129
3264 / 7129
3265 / 7129
3266 / 7129
3267 / 7129
3268 / 7129
3269 / 7129
3270 / 7129
3271 / 7129
3272 / 7129
3273 / 7129
3274 / 7129
3275 / 7129
3276 / 7129
3277 / 7129
3278 / 7129
3279 / 7129
3280 / 7129
3281 / 7129
3282 / 7129
3283 / 7129
3284 / 7129
3285 / 7129
3286 / 7129
3287 / 7129
3288 / 7129
3289 / 7129
3290 / 7129
3291 / 7129
3292 / 7129
3293 / 7129
3294 / 7129
3295 / 7129
3296 / 7129
3297 / 7129
3298 / 7129
3299 / 7129
3300 / 7129
3301 / 7129
3302 / 7129
3303 / 7129
3304 / 7129
3305 / 7129
3306 / 7129
3307 / 7129
3308 / 7129
3309 / 7129
3310 / 7129
3311 / 7129
3312 / 7129
3313 / 7129
3314 / 7129
3315 / 7129
3316 / 7129
3317 / 7129
3318 / 7129
3319 / 7129
3320 / 7129
3321 / 7129
3322 / 7129
3323 / 7129
3324 / 7129
3325 / 7129
3326 / 7129
3327 / 7129
3328 / 7129
3329 / 7129
3330 / 7129
3331 / 7129
3332 / 7129
3333 / 7129
3334 / 7129
3335 / 7129
3336 / 7129
3337 / 7129
3338 / 7129
3339 / 7129
3340 / 7129
3341 / 7129
3342 / 7129
3343 / 7129
3344 / 7129
3345 / 7129
3346 / 7129
3347 / 7129
3348 / 7129
3349 / 7129
3350 / 7129
3351 / 7129
3352 / 7129
3353 / 7129
3354 / 7129
3355 / 7129
3356 / 7129
3357 / 7129
3358 / 7129
3359 / 7129
3360 / 7129
3361 / 7129
3362 / 7129
3363 / 7129
3364 / 7129
3365 / 7129
3366 / 7129
3367 / 7129
3368 / 7129
3369 / 7129
3370 / 7129
3371 / 7129
3372 / 7129
3373 / 7129
3374 / 7129
3375 / 7129
3376 / 7129
3377 / 7129
3378 / 7129
3379 / 7129
3380 / 7129
3381 / 7129
3382 / 7129
3383 / 7129
3384 / 7129
3385 / 7129
3386 / 7129
3387 / 7129
3388 / 7129
3389 / 7129
3390 / 7129
3391 / 7129
3392 / 7129
3393 / 7129
3394 / 7129
3395 / 7129
3396 / 7129
3397 / 7129
3398 / 7129
3399 / 7129
3400 / 7129
3401 / 7129
3402 / 7129
3403 / 7129
3404 / 7129
3405 / 7129
3406 / 7129
3407 / 7129
3408 / 7129
3409 / 7129
3410 / 7129
3411 / 7129
3412 / 7129
3413 / 7129
3414 / 7129
3415 / 7129
3416 / 7129
3417 / 7129
3418 / 7129
3419 / 7129
3420 / 7129
3421 / 7129
3422 / 7129
3423 / 7129
3424 / 7129
3425 / 7129
3426 / 7129
3427 / 7129
3428 / 7129
3429 / 7129
3430 / 7129
3431 / 7129
3432 / 7129
3433 / 7129
3434 / 7129
3435 / 7129
3436 / 7129
3437 / 7129
3438 / 7129
3439 / 7129
3440 / 7129
3441 / 7129
3442 / 7129
3443 / 7129
3444 / 7129
3445 / 7129
3446 / 7129
3447 / 7129
3448 / 7129
3449 / 7129
3450 / 7129
3451 / 7129
3452 / 7129
3453 / 7129
3454 / 7129
3455 / 7129
3456 / 7129
3457 / 7129
3458 / 7129
3459 / 7129
3460 / 7129
3461 / 7129
3462 / 7129
3463 / 7129
3464 / 7129
3465 / 7129
3466 / 7129
3467 / 7129
3468 / 7129
3469 / 7129
3470 / 7129
3471 / 7129
3472 / 7129
3473 / 7129
3474 / 7129
3475 / 7129
3476 / 7129
3477 / 7129
3478 / 7129
3479 / 7129
3480 / 7129
3481 / 7129
3482 / 7129
3483 / 7129
3484 / 7129
3485 / 7129
3486 / 7129
3487 / 7129
3488 / 7129
3489 / 7129
3490 / 7129
3491 / 7129
3492 / 7129
3493 / 7129
3494 / 7129
3495 / 7129
3496 / 7129
3497 / 7129
3498 / 7129
3499 / 7129
3500 / 7129
3501 / 7129
3502 / 7129
3503 / 7129
3504 / 7129
3505 / 7129
3506 / 7129
3507 / 7129
3508 / 7129
3509 / 7129
3510 / 7129
3511 / 7129
3512 / 7129
3513 / 7129
3514 / 7129
3515 / 7129
3516 / 7129
3517 / 7129
3518 / 7129
3519 / 7129
3520 / 7129
3521 / 7129
3522 / 7129
3523 / 7129
3524 / 7129
3525 / 7129
3526 / 7129
3527 / 7129
3528 / 7129
3529 / 7129
3530 / 7129
3531 / 7129
3532 / 7129
3533 / 7129
3534 / 7129
3535 / 7129
3536 / 7129
3537 / 7129
3538 / 7129
3539 / 7129
3540 / 7129
3541 / 7129
3542 / 7129
3543 / 7129
3544 / 7129
3545 / 7129
3546 / 7129
3547 / 7129
3548 / 7129
3549 / 7129
3550 / 7129
3551 / 7129
3552 / 7129
3553 / 7129
3554 / 7129
3555 / 7129
3556 / 7129
3557 / 7129
3558 / 7129
3559 / 7129
3560 / 7129
3561 / 7129
3562 / 7129
3563 / 7129
3564 / 7129
3565 / 7129
3566 / 7129
3567 / 7129
3568 / 7129
3569 / 7129
3570 / 7129
3571 / 7129
3572 / 7129
3573 / 7129
3574 / 7129
3575 / 7129
3576 / 7129
3577 / 7129
3578 / 7129
3579 / 7129
3580 / 7129
3581 / 7129
3582 / 7129
3583 / 7129
3584 / 7129
3585 / 7129
3586 / 7129
3587 / 7129
3588 / 7129
3589 / 7129
3590 / 7129
3591 / 7129
3592 / 7129
3593 / 7129
3594 / 7129
3595 / 7129
3596 / 7129
3597 / 7129
3598 / 7129
3599 / 7129
3600 / 7129
3601 / 7129
3602 / 7129
3603 / 7129
3604 / 7129
3605 / 7129
3606 / 7129
3607 / 7129
3608 / 7129
3609 / 7129
3610 / 7129
3611 / 7129
3612 / 7129
3613 / 7129
3614 / 7129
3615 / 7129
3616 / 7129
3617 / 7129
3618 / 7129
3619 / 7129
3620 / 7129
3621 / 7129
3622 / 7129
3623 / 7129
3624 / 7129
3625 / 7129
3626 / 7129
3627 / 7129
3628 / 7129
3629 / 7129
3630 / 7129
3631 / 7129
3632 / 7129
3633 / 7129
3634 / 7129
3635 / 7129
3636 / 7129
3637 / 7129
3638 / 7129
3639 / 7129
3640 / 7129
3641 / 7129
3642 / 7129
3643 / 7129
3644 / 7129
3645 / 7129
3646 / 7129
3647 / 7129
3648 / 7129
3649 / 7129
3650 / 7129
3651 / 7129
3652 / 7129
3653 / 7129
3654 / 7129
3655 / 7129
3656 / 7129
3657 / 7129
3658 / 7129
3659 / 7129
3660 / 7129
3661 / 7129
3662 / 7129
3663 / 7129
3664 / 7129
3665 / 7129
3666 / 7129
3667 / 7129
3668 / 7129
3669 / 7129
3670 / 7129
3671 / 7129
3672 / 7129
3673 / 7129
3674 / 7129
3675 / 7129
3676 / 7129
3677 / 7129
3678 / 7129
3679 / 7129
3680 / 7129
3681 / 7129
3682 / 7129
3683 / 7129
3684 / 7129
3685 / 7129
3686 / 7129
3687 / 7129
3688 / 7129
3689 / 7129
3690 / 7129
3691 / 7129
3692 / 7129
3693 / 7129
3694 / 7129
3695 / 7129
3696 / 7129
3697 / 7129
3698 / 7129
3699 / 7129
3700 / 7129
3701 / 7129
3702 / 7129
3703 / 7129
3704 / 7129
3705 / 7129
3706 / 7129
3707 / 7129
3708 / 7129
3709 / 7129
3710 / 7129
3711 / 7129
3712 / 7129
3713 / 7129
3714 / 7129
3715 / 7129
3716 / 7129
3717 / 7129
3718 / 7129
3719 / 7129
3720 / 7129
3721 / 7129
3722 / 7129
3723 / 7129
3724 / 7129
3725 / 7129
3726 / 7129
3727 / 7129
3728 / 7129
3729 / 7129
3730 / 7129
3731 / 7129
3732 / 7129
3733 / 7129
3734 / 7129
3735 / 7129
3736 / 7129
3737 / 7129
3738 / 7129
3739 / 7129
3740 / 7129
3741 / 7129
3742 / 7129
3743 / 7129
3744 / 7129
3745 / 7129
3746 / 7129
3747 / 7129
3748 / 7129
3749 / 7129
3750 / 7129
3751 / 7129
3752 / 7129
3753 / 7129
3754 / 7129
3755 / 7129
3756 / 7129
3757 / 7129
3758 / 7129
3759 / 7129
3760 / 7129
3761 / 7129
3762 / 7129
3763 / 7129
3764 / 7129
3765 / 7129
3766 / 7129
3767 / 7129
3768 / 7129
3769 / 7129
3770 / 7129
3771 / 7129
3772 / 7129
3773 / 7129
3774 / 7129
3775 / 7129
3776 / 7129
3777 / 7129
3778 / 7129
3779 / 7129
3780 / 7129
3781 / 7129
3782 / 7129
3783 / 7129
3784 / 7129
3785 / 7129
3786 / 7129
3787 / 7129
3788 / 7129
3789 / 7129
3790 / 7129
3791 / 7129
3792 / 7129
3793 / 7129
3794 / 7129
3795 / 7129
3796 / 7129
3797 / 7129
3798 / 7129
3799 / 7129
3800 / 7129
3801 / 7129
3802 / 7129
3803 / 7129
3804 / 7129
3805 / 7129
3806 / 7129
3807 / 7129
3808 / 7129
3809 / 7129
3810 / 7129
3811 / 7129
3812 / 7129
3813 / 7129
3814 / 7129
3815 / 7129
3816 / 7129
3817 / 7129
3818 / 7129
3819 / 7129
3820 / 7129
3821 / 7129
3822 / 7129
3823 / 7129
3824 / 7129
3825 / 7129
3826 / 7129
3827 / 7129
3828 / 7129
3829 / 7129
3830 / 7129
3831 / 7129
3832 / 7129
3833 / 7129
3834 / 7129
3835 / 7129
3836 / 7129
3837 / 7129
3838 / 7129
3839 / 7129
3840 / 7129
3841 / 7129
3842 / 7129
3843 / 7129
3844 / 7129
3845 / 7129
3846 / 7129
3847 / 7129
3848 / 7129
3849 / 7129
3850 / 7129
3851 / 7129
3852 / 7129
3853 / 7129
3854 / 7129
3855 / 7129
3856 / 7129
3857 / 7129
3858 / 7129
3859 / 7129
3860 / 7129
3861 / 7129
3862 / 7129
3863 / 7129
3864 / 7129
3865 / 7129
3866 / 7129
3867 / 7129
3868 / 7129
3869 / 7129
3870 / 7129
3871 / 7129
3872 / 7129
3873 / 7129
3874 / 7129
3875 / 7129
3876 / 7129
3877 / 7129
3878 / 7129
3879 / 7129
3880 / 7129
3881 / 7129
3882 / 7129
3883 / 7129
3884 / 7129
3885 / 7129
3886 / 7129
3887 / 7129
3888 / 7129
3889 / 7129
3890 / 7129
3891 / 7129
3892 / 7129
3893 / 7129
3894 / 7129
3895 / 7129
3896 / 7129
3897 / 7129
3898 / 7129
3899 / 7129
3900 / 7129
3901 / 7129
3902 / 7129
3903 / 7129
3904 / 7129
3905 / 7129
3906 / 7129
3907 / 7129
3908 / 7129
3909 / 7129
3910 / 7129
3911 / 7129
3912 / 7129
3913 / 7129
3914 / 7129
3915 / 7129
3916 / 7129
3917 / 7129
3918 / 7129
3919 / 7129
3920 / 7129
3921 / 7129
3922 / 7129
3923 / 7129
3924 / 7129
3925 / 7129
3926 / 7129
3927 / 7129
3928 / 7129
3929 / 7129
3930 / 7129
3931 / 7129
3932 / 7129
3933 / 7129
3934 / 7129
3935 / 7129
3936 / 7129
3937 / 7129
3938 / 7129
3939 / 7129
3940 / 7129
3941 / 7129
3942 / 7129
3943 / 7129
3944 / 7129
3945 / 7129
3946 / 7129
3947 / 7129
3948 / 7129
3949 / 7129
3950 / 7129
3951 / 7129
3952 / 7129
3953 / 7129
3954 / 7129
3955 / 7129
3956 / 7129
3957 / 7129
3958 / 7129
3959 / 7129
3960 / 7129
3961 / 7129
3962 / 7129
3963 / 7129
3964 / 7129
3965 / 7129
3966 / 7129
3967 / 7129
3968 / 7129
3969 / 7129
3970 / 7129
3971 / 7129
3972 / 7129
3973 / 7129
3974 / 7129
3975 / 7129
3976 / 7129
3977 / 7129
3978 / 7129
3979 / 7129
3980 / 7129
3981 / 7129
3982 / 7129
3983 / 7129
3984 / 7129
3985 / 7129
3986 / 7129
3987 / 7129
3988 / 7129
3989 / 7129
3990 / 7129
3991 / 7129
3992 / 7129
3993 / 7129
3994 / 7129
3995 / 7129
3996 / 7129
3997 / 7129
3998 / 7129
3999 / 7129
4000 / 7129
4001 / 7129
4002 / 7129
4003 / 7129
4004 / 7129
4005 / 7129
4006 / 7129
4007 / 7129
4008 / 7129
4009 / 7129
4010 / 7129
4011 / 7129
4012 / 7129
4013 / 7129
4014 / 7129
4015 / 7129
4016 / 7129
4017 / 7129
4018 / 7129
4019 / 7129
4020 / 7129
4021 / 7129
4022 / 7129
4023 / 7129
4024 / 7129
4025 / 7129
4026 / 7129
4027 / 7129
4028 / 7129
4029 / 7129
4030 / 7129
4031 / 7129
4032 / 7129
4033 / 7129
4034 / 7129
4035 / 7129
4036 / 7129
4037 / 7129
4038 / 7129
4039 / 7129
4040 / 7129
4041 / 7129
4042 / 7129
4043 / 7129
4044 / 7129
4045 / 7129
4046 / 7129
4047 / 7129
4048 / 7129
4049 / 7129
4050 / 7129
4051 / 7129
4052 / 7129
4053 / 7129
4054 / 7129
4055 / 7129
4056 / 7129
4057 / 7129
4058 / 7129
4059 / 7129
4060 / 7129
4061 / 7129
4062 / 7129
4063 / 7129
4064 / 7129
4065 / 7129
4066 / 7129
4067 / 7129
4068 / 7129
4069 / 7129
4070 / 7129
4071 / 7129
4072 / 7129
4073 / 7129
4074 / 7129
4075 / 7129
4076 / 7129
4077 / 7129
4078 / 7129
4079 / 7129
4080 / 7129
4081 / 7129
4082 / 7129
4083 / 7129
4084 / 7129
4085 / 7129
4086 / 7129
4087 / 7129
4088 / 7129
4089 / 7129
4090 / 7129
4091 / 7129
4092 / 7129
4093 / 7129
4094 / 7129
4095 / 7129
4096 / 7129
4097 / 7129
4098 / 7129
4099 / 7129
4100 / 7129
4101 / 7129
4102 / 7129
4103 / 7129
4104 / 7129
4105 / 7129
4106 / 7129
4107 / 7129
4108 / 7129
4109 / 7129
4110 / 7129
4111 / 7129
4112 / 7129
4113 / 7129
4114 / 7129
4115 / 7129
4116 / 7129
4117 / 7129
4118 / 7129
4119 / 7129
4120 / 7129
4121 / 7129
4122 / 7129
4123 / 7129
4124 / 7129
4125 / 7129
4126 / 7129
4127 / 7129
4128 / 7129
4129 / 7129
4130 / 7129
4131 / 7129
4132 / 7129
4133 / 7129
4134 / 7129
4135 / 7129
4136 / 7129
4137 / 7129
4138 / 7129
4139 / 7129
4140 / 7129
4141 / 7129
4142 / 7129
4143 / 7129
4144 / 7129
4145 / 7129
4146 / 7129
4147 / 7129
4148 / 7129
4149 / 7129
4150 / 7129
4151 / 7129
4152 / 7129
4153 / 7129
4154 / 7129
4155 / 7129
4156 / 7129
4157 / 7129
4158 / 7129
4159 / 7129
4160 / 7129
4161 / 7129
4162 / 7129
4163 / 7129
4164 / 7129
4165 / 7129
4166 / 7129
4167 / 7129
4168 / 7129
4169 / 7129
4170 / 7129
4171 / 7129
4172 / 7129
4173 / 7129
4174 / 7129
4175 / 7129
4176 / 7129
4177 / 7129
4178 / 7129
4179 / 7129
4180 / 7129
4181 / 7129
4182 / 7129
4183 / 7129
4184 / 7129
4185 / 7129
4186 / 7129
4187 / 7129
4188 / 7129
4189 / 7129
4190 / 7129
4191 / 7129
4192 / 7129
4193 / 7129
4194 / 7129
4195 / 7129
4196 / 7129
4197 / 7129
4198 / 7129
4199 / 7129
4200 / 7129
4201 / 7129
4202 / 7129
4203 / 7129
4204 / 7129
4205 / 7129
4206 / 7129
4207 / 7129
4208 / 7129
4209 / 7129
4210 / 7129
4211 / 7129
4212 / 7129
4213 / 7129
4214 / 7129
4215 / 7129
4216 / 7129
4217 / 7129
4218 / 7129
4219 / 7129
4220 / 7129
4221 / 7129
4222 / 7129
4223 / 7129
4224 / 7129
4225 / 7129
4226 / 7129
4227 / 7129
4228 / 7129
4229 / 7129
4230 / 7129
4231 / 7129
4232 / 7129
4233 / 7129
4234 / 7129
4235 / 7129
4236 / 7129
4237 / 7129
4238 / 7129
4239 / 7129
4240 / 7129
4241 / 7129
4242 / 7129
4243 / 7129
4244 / 7129
4245 / 7129
4246 / 7129
4247 / 7129
4248 / 7129
4249 / 7129
4250 / 7129
4251 / 7129
4252 / 7129
4253 / 7129
4254 / 7129
4255 / 7129
4256 / 7129
4257 / 7129
4258 / 7129
4259 / 7129
4260 / 7129
4261 / 7129
4262 / 7129
4263 / 7129
4264 / 7129
4265 / 7129
4266 / 7129
4267 / 7129
4268 / 7129
4269 / 7129
4270 / 7129
4271 / 7129
4272 / 7129
4273 / 7129
4274 / 7129
4275 / 7129
4276 / 7129
4277 / 7129
4278 / 7129
4279 / 7129
4280 / 7129
4281 / 7129
4282 / 7129
4283 / 7129
4284 / 7129
4285 / 7129
4286 / 7129
4287 / 7129
4288 / 7129
4289 / 7129
4290 / 7129
4291 / 7129
4292 / 7129
4293 / 7129
4294 / 7129
4295 / 7129
4296 / 7129
4297 / 7129
4298 / 7129
4299 / 7129
4300 / 7129
4301 / 7129
4302 / 7129
4303 / 7129
4304 / 7129
4305 / 7129
4306 / 7129
4307 / 7129
4308 / 7129
4309 / 7129
4310 / 7129
4311 / 7129
4312 / 7129
4313 / 7129
4314 / 7129
4315 / 7129
4316 / 7129
4317 / 7129
4318 / 7129
4319 / 7129
4320 / 7129
4321 / 7129
4322 / 7129
4323 / 7129
4324 / 7129
4325 / 7129
4326 / 7129
4327 / 7129
4328 / 7129
4329 / 7129
4330 / 7129
4331 / 7129
4332 / 7129
4333 / 7129
4334 / 7129
4335 / 7129
4336 / 7129
4337 / 7129
4338 / 7129
4339 / 7129
4340 / 7129
4341 / 7129
4342 / 7129
4343 / 7129
4344 / 7129
4345 / 7129
4346 / 7129
4347 / 7129
4348 / 7129
4349 / 7129
4350 / 7129
4351 / 7129
4352 / 7129
4353 / 7129
4354 / 7129
4355 / 7129
4356 / 7129
4357 / 7129
4358 / 7129
4359 / 7129
4360 / 7129
4361 / 7129
4362 / 7129
4363 / 7129
4364 / 7129
4365 / 7129
4366 / 7129
4367 / 7129
4368 / 7129
4369 / 7129
4370 / 7129
4371 / 7129
4372 / 7129
4373 / 7129
4374 / 7129
4375 / 7129
4376 / 7129
4377 / 7129
4378 / 7129
4379 / 7129
4380 / 7129
4381 / 7129
4382 / 7129
4383 / 7129
4384 / 7129
4385 / 7129
4386 / 7129
4387 / 7129
4388 / 7129
4389 / 7129
4390 / 7129
4391 / 7129
4392 / 7129
4393 / 7129
4394 / 7129
4395 / 7129
4396 / 7129
4397 / 7129
4398 / 7129
4399 / 7129
4400 / 7129
4401 / 7129
4402 / 7129
4403 / 7129
4404 / 7129
4405 / 7129
4406 / 7129
4407 / 7129
4408 / 7129
4409 / 7129
4410 / 7129
4411 / 7129
4412 / 7129
4413 / 7129
4414 / 7129
4415 / 7129
4416 / 7129
4417 / 7129
4418 / 7129
4419 / 7129
4420 / 7129
4421 / 7129
4422 / 7129
4423 / 7129
4424 / 7129
4425 / 7129
4426 / 7129
4427 / 7129
4428 / 7129
4429 / 7129
4430 / 7129
4431 / 7129
4432 / 7129
4433 / 7129
4434 / 7129
4435 / 7129
4436 / 7129
4437 / 7129
4438 / 7129
4439 / 7129
4440 / 7129
4441 / 7129
4442 / 7129
4443 / 7129
4444 / 7129
4445 / 7129
4446 / 7129
4447 / 7129
4448 / 7129
4449 / 7129
4450 / 7129
4451 / 7129
4452 / 7129
4453 / 7129
4454 / 7129
4455 / 7129
4456 / 7129
4457 / 7129
4458 / 7129
4459 / 7129
4460 / 7129
4461 / 7129
4462 / 7129
4463 / 7129
4464 / 7129
4465 / 7129
4466 / 7129
4467 / 7129
4468 / 7129
4469 / 7129
4470 / 7129
4471 / 7129
4472 / 7129
4473 / 7129
4474 / 7129
4475 / 7129
4476 / 7129
4477 / 7129
4478 / 7129
4479 / 7129
4480 / 7129
4481 / 7129
4482 / 7129
4483 / 7129
4484 / 7129
4485 / 7129
4486 / 7129
4487 / 7129
4488 / 7129
4489 / 7129
4490 / 7129
4491 / 7129
4492 / 7129
4493 / 7129
4494 / 7129
4495 / 7129
4496 / 7129
4497 / 7129
4498 / 7129
4499 / 7129
4500 / 7129
4501 / 7129
4502 / 7129
4503 / 7129
4504 / 7129
4505 / 7129
4506 / 7129
4507 / 7129
4508 / 7129
4509 / 7129
4510 / 7129
4511 / 7129
4512 / 7129
4513 / 7129
4514 / 7129
4515 / 7129
4516 / 7129
4517 / 7129
4518 / 7129
4519 / 7129
4520 / 7129
4521 / 7129
4522 / 7129
4523 / 7129
4524 / 7129
4525 / 7129
4526 / 7129
4527 / 7129
4528 / 7129
4529 / 7129
4530 / 7129
4531 / 7129
4532 / 7129
4533 / 7129
4534 / 7129
4535 / 7129
4536 / 7129
4537 / 7129
4538 / 7129
4539 / 7129
4540 / 7129
4541 / 7129
4542 / 7129
4543 / 7129
4544 / 7129
4545 / 7129
4546 / 7129
4547 / 7129
4548 / 7129
4549 / 7129
4550 / 7129
4551 / 7129
4552 / 7129
4553 / 7129
4554 / 7129
4555 / 7129
4556 / 7129
4557 / 7129
4558 / 7129
4559 / 7129
4560 / 7129
4561 / 7129
4562 / 7129
4563 / 7129
4564 / 7129
4565 / 7129
4566 / 7129
4567 / 7129
4568 / 7129
4569 / 7129
4570 / 7129
4571 / 7129
4572 / 7129
4573 / 7129
4574 / 7129
4575 / 7129
4576 / 7129
4577 / 7129
4578 / 7129
4579 / 7129
4580 / 7129
4581 / 7129
4582 / 7129
4583 / 7129
4584 / 7129
4585 / 7129
4586 / 7129
4587 / 7129
4588 / 7129
4589 / 7129
4590 / 7129
4591 / 7129
4592 / 7129
4593 / 7129
4594 / 7129
4595 / 7129
4596 / 7129
4597 / 7129
4598 / 7129
4599 / 7129
4600 / 7129
4601 / 7129
4602 / 7129
4603 / 7129
4604 / 7129
4605 / 7129
4606 / 7129
4607 / 7129
4608 / 7129
4609 / 7129
4610 / 7129
4611 / 7129
4612 / 7129
4613 / 7129
4614 / 7129
4615 / 7129
4616 / 7129
4617 / 7129
4618 / 7129
4619 / 7129
4620 / 7129
4621 / 7129
4622 / 7129
4623 / 7129
4624 / 7129
4625 / 7129
4626 / 7129
4627 / 7129
4628 / 7129
4629 / 7129
4630 / 7129
4631 / 7129
4632 / 7129
4633 / 7129
4634 / 7129
4635 / 7129
4636 / 7129
4637 / 7129
4638 / 7129
4639 / 7129
4640 / 7129
4641 / 7129
4642 / 7129
4643 / 7129
4644 / 7129
4645 / 7129
4646 / 7129
4647 / 7129
4648 / 7129
4649 / 7129
4650 / 7129
4651 / 7129
4652 / 7129
4653 / 7129
4654 / 7129
4655 / 7129
4656 / 7129
4657 / 7129
4658 / 7129
4659 / 7129
4660 / 7129
4661 / 7129
4662 / 7129
4663 / 7129
4664 / 7129
4665 / 7129
4666 / 7129
4667 / 7129
4668 / 7129
4669 / 7129
4670 / 7129
4671 / 7129
4672 / 7129
4673 / 7129
4674 / 7129
4675 / 7129
4676 / 7129
4677 / 7129
4678 / 7129
4679 / 7129
4680 / 7129
4681 / 7129
4682 / 7129
4683 / 7129
4684 / 7129
4685 / 7129
4686 / 7129
4687 / 7129
4688 / 7129
4689 / 7129
4690 / 7129
4691 / 7129
4692 / 7129
4693 / 7129
4694 / 7129
4695 / 7129
4696 / 7129
4697 / 7129
4698 / 7129
4699 / 7129
4700 / 7129
4701 / 7129
4702 / 7129
4703 / 7129
4704 / 7129
4705 / 7129
4706 / 7129
4707 / 7129
4708 / 7129
4709 / 7129
4710 / 7129
4711 / 7129
4712 / 7129
4713 / 7129
4714 / 7129
4715 / 7129
4716 / 7129
4717 / 7129
4718 / 7129
4719 / 7129
4720 / 7129
4721 / 7129
4722 / 7129
4723 / 7129
4724 / 7129
4725 / 7129
4726 / 7129
4727 / 7129
4728 / 7129
4729 / 7129
4730 / 7129
4731 / 7129
4732 / 7129
4733 / 7129
4734 / 7129
4735 / 7129
4736 / 7129
4737 / 7129
4738 / 7129
4739 / 7129
4740 / 7129
4741 / 7129
4742 / 7129
4743 / 7129
4744 / 7129
4745 / 7129
4746 / 7129
4747 / 7129
4748 / 7129
4749 / 7129
4750 / 7129
4751 / 7129
4752 / 7129
4753 / 7129
4754 / 7129
4755 / 7129
4756 / 7129
4757 / 7129
4758 / 7129
4759 / 7129
4760 / 7129
4761 / 7129
4762 / 7129
4763 / 7129
4764 / 7129
4765 / 7129
4766 / 7129
4767 / 7129
4768 / 7129
4769 / 7129
4770 / 7129
4771 / 7129
4772 / 7129
4773 / 7129
4774 / 7129
4775 / 7129
4776 / 7129
4777 / 7129
4778 / 7129
4779 / 7129
4780 / 7129
4781 / 7129
4782 / 7129
4783 / 7129
4784 / 7129
4785 / 7129
4786 / 7129
4787 / 7129
4788 / 7129
4789 / 7129
4790 / 7129
4791 / 7129
4792 / 7129
4793 / 7129
4794 / 7129
4795 / 7129
4796 / 7129
4797 / 7129
4798 / 7129
4799 / 7129
4800 / 7129
4801 / 7129
4802 / 7129
4803 / 7129
4804 / 7129
4805 / 7129
4806 / 7129
4807 / 7129
4808 / 7129
4809 / 7129
4810 / 7129
4811 / 7129
4812 / 7129
4813 / 7129
4814 / 7129
4815 / 7129
4816 / 7129
4817 / 7129
4818 / 7129
4819 / 7129
4820 / 7129
4821 / 7129
4822 / 7129
4823 / 7129
4824 / 7129
4825 / 7129
4826 / 7129
4827 / 7129
4828 / 7129
4829 / 7129
4830 / 7129
4831 / 7129
4832 / 7129
4833 / 7129
4834 / 7129
4835 / 7129
4836 / 7129
4837 / 7129
4838 / 7129
4839 / 7129
4840 / 7129
4841 / 7129
4842 / 7129
4843 / 7129
4844 / 7129
4845 / 7129
4846 / 7129
4847 / 7129
4848 / 7129
4849 / 7129
4850 / 7129
4851 / 7129
4852 / 7129
4853 / 7129
4854 / 7129
4855 / 7129
4856 / 7129
4857 / 7129
4858 / 7129
4859 / 7129
4860 / 7129
4861 / 7129
4862 / 7129
4863 / 7129
4864 / 7129
4865 / 7129
4866 / 7129
4867 / 7129
4868 / 7129
4869 / 7129
4870 / 7129
4871 / 7129
4872 / 7129
4873 / 7129
4874 / 7129
4875 / 7129
4876 / 7129
4877 / 7129
4878 / 7129
4879 / 7129
4880 / 7129
4881 / 7129
4882 / 7129
4883 / 7129
4884 / 7129
4885 / 7129
4886 / 7129
4887 / 7129
4888 / 7129
4889 / 7129
4890 / 7129
4891 / 7129
4892 / 7129
4893 / 7129
4894 / 7129
4895 / 7129
4896 / 7129
4897 / 7129
4898 / 7129
4899 / 7129
4900 / 7129
4901 / 7129
4902 / 7129
4903 / 7129
4904 / 7129
4905 / 7129
4906 / 7129
4907 / 7129
4908 / 7129
4909 / 7129
4910 / 7129
4911 / 7129
4912 / 7129
4913 / 7129
4914 / 7129
4915 / 7129
4916 / 7129
4917 / 7129
4918 / 7129
4919 / 7129
4920 / 7129
4921 / 7129
4922 / 7129
4923 / 7129
4924 / 7129
4925 / 7129
4926 / 7129
4927 / 7129
4928 / 7129
4929 / 7129
4930 / 7129
4931 / 7129
4932 / 7129
4933 / 7129
4934 / 7129
4935 / 7129
4936 / 7129
4937 / 7129
4938 / 7129
4939 / 7129
4940 / 7129
4941 / 7129
4942 / 7129
4943 / 7129
4944 / 7129
4945 / 7129
4946 / 7129
4947 / 7129
4948 / 7129
4949 / 7129
4950 / 7129
4951 / 7129
4952 / 7129
4953 / 7129
4954 / 7129
4955 / 7129
4956 / 7129
4957 / 7129
4958 / 7129
4959 / 7129
4960 / 7129
4961 / 7129
4962 / 7129
4963 / 7129
4964 / 7129
4965 / 7129
4966 / 7129
4967 / 7129
4968 / 7129
4969 / 7129
4970 / 7129
4971 / 7129
4972 / 7129
4973 / 7129
4974 / 7129
4975 / 7129
4976 / 7129
4977 / 7129
4978 / 7129
4979 / 7129
4980 / 7129
4981 / 7129
4982 / 7129
4983 / 7129
4984 / 7129
4985 / 7129
4986 / 7129
4987 / 7129
4988 / 7129
4989 / 7129
4990 / 7129
4991 / 7129
4992 / 7129
4993 / 7129
4994 / 7129
4995 / 7129
4996 / 7129
4997 / 7129
4998 / 7129
4999 / 7129
5000 / 7129
5001 / 7129
5002 / 7129
5003 / 7129
5004 / 7129
5005 / 7129
5006 / 7129
5007 / 7129
5008 / 7129
5009 / 7129
5010 / 7129
5011 / 7129
5012 / 7129
5013 / 7129
5014 / 7129
5015 / 7129
5016 / 7129
5017 / 7129
5018 / 7129
5019 / 7129
5020 / 7129
5021 / 7129
5022 / 7129
5023 / 7129
5024 / 7129
5025 / 7129
5026 / 7129
5027 / 7129
5028 / 7129
5029 / 7129
5030 / 7129
5031 / 7129
5032 / 7129
5033 / 7129
5034 / 7129
5035 / 7129
5036 / 7129
5037 / 7129
5038 / 7129
5039 / 7129
5040 / 7129
5041 / 7129
5042 / 7129
5043 / 7129
5044 / 7129
5045 / 7129
5046 / 7129
5047 / 7129
5048 / 7129
5049 / 7129
5050 / 7129
5051 / 7129
5052 / 7129
5053 / 7129
5054 / 7129
5055 / 7129
5056 / 7129
5057 / 7129
5058 / 7129
5059 / 7129
5060 / 7129
5061 / 7129
5062 / 7129
5063 / 7129
5064 / 7129
5065 / 7129
5066 / 7129
5067 / 7129
5068 / 7129
5069 / 7129
5070 / 7129
5071 / 7129
5072 / 7129
5073 / 7129
5074 / 7129
5075 / 7129
5076 / 7129
5077 / 7129
5078 / 7129
5079 / 7129
5080 / 7129
5081 / 7129
5082 / 7129
5083 / 7129
5084 / 7129
5085 / 7129
5086 / 7129
5087 / 7129
5088 / 7129
5089 / 7129
5090 / 7129
5091 / 7129
5092 / 7129
5093 / 7129
5094 / 7129
5095 / 7129
5096 / 7129
5097 / 7129
5098 / 7129
5099 / 7129
5100 / 7129
5101 / 7129
5102 / 7129
5103 / 7129
5104 / 7129
5105 / 7129
5106 / 7129
5107 / 7129
5108 / 7129
5109 / 7129
5110 / 7129
5111 / 7129
5112 / 7129
5113 / 7129
5114 / 7129
5115 / 7129
5116 / 7129
5117 / 7129
5118 / 7129
5119 / 7129
5120 / 7129
5121 / 7129
5122 / 7129
5123 / 7129
5124 / 7129
5125 / 7129
5126 / 7129
5127 / 7129
5128 / 7129
5129 / 7129
5130 / 7129
5131 / 7129
5132 / 7129
5133 / 7129
5134 / 7129
5135 / 7129
5136 / 7129
5137 / 7129
5138 / 7129
5139 / 7129
5140 / 7129
5141 / 7129
5142 / 7129
5143 / 7129
5144 / 7129
5145 / 7129
5146 / 7129
5147 / 7129
5148 / 7129
5149 / 7129
5150 / 7129
5151 / 7129
5152 / 7129
5153 / 7129
5154 / 7129
5155 / 7129
5156 / 7129
5157 / 7129
5158 / 7129
5159 / 7129
5160 / 7129
5161 / 7129
5162 / 7129
5163 / 7129
5164 / 7129
5165 / 7129
5166 / 7129
5167 / 7129
5168 / 7129
5169 / 7129
5170 / 7129
5171 / 7129
5172 / 7129
5173 / 7129
5174 / 7129
5175 / 7129
5176 / 7129
5177 / 7129
5178 / 7129
5179 / 7129
5180 / 7129
5181 / 7129
5182 / 7129
5183 / 7129
5184 / 7129
5185 / 7129
5186 / 7129
5187 / 7129
5188 / 7129
5189 / 7129
5190 / 7129
5191 / 7129
5192 / 7129
5193 / 7129
5194 / 7129
5195 / 7129
5196 / 7129
5197 / 7129
5198 / 7129
5199 / 7129
5200 / 7129
5201 / 7129
5202 / 7129
5203 / 7129
5204 / 7129
5205 / 7129
5206 / 7129
5207 / 7129
5208 / 7129
5209 / 7129
5210 / 7129
5211 / 7129
5212 / 7129
5213 / 7129
5214 / 7129
5215 / 7129
5216 / 7129
5217 / 7129
5218 / 7129
5219 / 7129
5220 / 7129
5221 / 7129
5222 / 7129
5223 / 7129
5224 / 7129
5225 / 7129
5226 / 7129
5227 / 7129
5228 / 7129
5229 / 7129
5230 / 7129
5231 / 7129
5232 / 7129
5233 / 7129
5234 / 7129
5235 / 7129
5236 / 7129
5237 / 7129
5238 / 7129
5239 / 7129
5240 / 7129
5241 / 7129
5242 / 7129
5243 / 7129
5244 / 7129
5245 / 7129
5246 / 7129
5247 / 7129
5248 / 7129
5249 / 7129
5250 / 7129
5251 / 7129
5252 / 7129
5253 / 7129
5254 / 7129
5255 / 7129
5256 / 7129
5257 / 7129
5258 / 7129
5259 / 7129
5260 / 7129
5261 / 7129
5262 / 7129
5263 / 7129
5264 / 7129
5265 / 7129
5266 / 7129
5267 / 7129
5268 / 7129
5269 / 7129
5270 / 7129
5271 / 7129
5272 / 7129
5273 / 7129
5274 / 7129
5275 / 7129
5276 / 7129
5277 / 7129
5278 / 7129
5279 / 7129
5280 / 7129
5281 / 7129
5282 / 7129
5283 / 7129
5284 / 7129
5285 / 7129
5286 / 7129
5287 / 7129
5288 / 7129
5289 / 7129
5290 / 7129
5291 / 7129
5292 / 7129
5293 / 7129
5294 / 7129
5295 / 7129
5296 / 7129
5297 / 7129
5298 / 7129
5299 / 7129
5300 / 7129
5301 / 7129
5302 / 7129
5303 / 7129
5304 / 7129
5305 / 7129
5306 / 7129
5307 / 7129
5308 / 7129
5309 / 7129
5310 / 7129
5311 / 7129
5312 / 7129
5313 / 7129
5314 / 7129
5315 / 7129
5316 / 7129
5317 / 7129
5318 / 7129
5319 / 7129
5320 / 7129
5321 / 7129
5322 / 7129
5323 / 7129
5324 / 7129
5325 / 7129
5326 / 7129
5327 / 7129
5328 / 7129
5329 / 7129
5330 / 7129
5331 / 7129
5332 / 7129
5333 / 7129
5334 / 7129
5335 / 7129
5336 / 7129
5337 / 7129
5338 / 7129
5339 / 7129
5340 / 7129
5341 / 7129
5342 / 7129
5343 / 7129
5344 / 7129
5345 / 7129
5346 / 7129
5347 / 7129
5348 / 7129
5349 / 7129
5350 / 7129
5351 / 7129
5352 / 7129
5353 / 7129
5354 / 7129
5355 / 7129
5356 / 7129
5357 / 7129
5358 / 7129
5359 / 7129
5360 / 7129
5361 / 7129
5362 / 7129
5363 / 7129
5364 / 7129
5365 / 7129
5366 / 7129
5367 / 7129
5368 / 7129
5369 / 7129
5370 / 7129
5371 / 7129
5372 / 7129
5373 / 7129
5374 / 7129
5375 / 7129
5376 / 7129
5377 / 7129
5378 / 7129
5379 / 7129
5380 / 7129
5381 / 7129
5382 / 7129
5383 / 7129
5384 / 7129
5385 / 7129
5386 / 7129
5387 / 7129
5388 / 7129
5389 / 7129
5390 / 7129
5391 / 7129
5392 / 7129
5393 / 7129
5394 / 7129
5395 / 7129
5396 / 7129
5397 / 7129
5398 / 7129
5399 / 7129
5400 / 7129
5401 / 7129
5402 / 7129
5403 / 7129
5404 / 7129
5405 / 7129
5406 / 7129
5407 / 7129
5408 / 7129
5409 / 7129
5410 / 7129
5411 / 7129
5412 / 7129
5413 / 7129
5414 / 7129
5415 / 7129
5416 / 7129
5417 / 7129
5418 / 7129
5419 / 7129
5420 / 7129
5421 / 7129
5422 / 7129
5423 / 7129
5424 / 7129
5425 / 7129
5426 / 7129
5427 / 7129
5428 / 7129
5429 / 7129
5430 / 7129
5431 / 7129
5432 / 7129
5433 / 7129
5434 / 7129
5435 / 7129
5436 / 7129
5437 / 7129
5438 / 7129
5439 / 7129
5440 / 7129
5441 / 7129
5442 / 7129
5443 / 7129
5444 / 7129
5445 / 7129
5446 / 7129
5447 / 7129
5448 / 7129
5449 / 7129
5450 / 7129
5451 / 7129
5452 / 7129
5453 / 7129
5454 / 7129
5455 / 7129
5456 / 7129
5457 / 7129
5458 / 7129
5459 / 7129
5460 / 7129
5461 / 7129
5462 / 7129
5463 / 7129
5464 / 7129
5465 / 7129
5466 / 7129
5467 / 7129
5468 / 7129
5469 / 7129
5470 / 7129
5471 / 7129
5472 / 7129
5473 / 7129
5474 / 7129
5475 / 7129
5476 / 7129
5477 / 7129
5478 / 7129
5479 / 7129
5480 / 7129
5481 / 7129
5482 / 7129
5483 / 7129
5484 / 7129
5485 / 7129
5486 / 7129
5487 / 7129
5488 / 7129
5489 / 7129
5490 / 7129
5491 / 7129
5492 / 7129
5493 / 7129
5494 / 7129
5495 / 7129
5496 / 7129
5497 / 7129
5498 / 7129
5499 / 7129
5500 / 7129
5501 / 7129
5502 / 7129
5503 / 7129
5504 / 7129
5505 / 7129
5506 / 7129
5507 / 7129
5508 / 7129
5509 / 7129
5510 / 7129
5511 / 7129
5512 / 7129
5513 / 7129
5514 / 7129
5515 / 7129
5516 / 7129
5517 / 7129
5518 / 7129
5519 / 7129
5520 / 7129
5521 / 7129
5522 / 7129
5523 / 7129
5524 / 7129
5525 / 7129
5526 / 7129
5527 / 7129
5528 / 7129
5529 / 7129
5530 / 7129
5531 / 7129
5532 / 7129
5533 / 7129
5534 / 7129
5535 / 7129
5536 / 7129
5537 / 7129
5538 / 7129
5539 / 7129
5540 / 7129
5541 / 7129
5542 / 7129
5543 / 7129
5544 / 7129
5545 / 7129
5546 / 7129
5547 / 7129
5548 / 7129
5549 / 7129
5550 / 7129
5551 / 7129
5552 / 7129
5553 / 7129
5554 / 7129
5555 / 7129
5556 / 7129
5557 / 7129
5558 / 7129
5559 / 7129
5560 / 7129
5561 / 7129
5562 / 7129
5563 / 7129
5564 / 7129
5565 / 7129
5566 / 7129
5567 / 7129
5568 / 7129
5569 / 7129
5570 / 7129
5571 / 7129
5572 / 7129
5573 / 7129
5574 / 7129
5575 / 7129
5576 / 7129
5577 / 7129
5578 / 7129
5579 / 7129
5580 / 7129
5581 / 7129
5582 / 7129
5583 / 7129
5584 / 7129
5585 / 7129
5586 / 7129
5587 / 7129
5588 / 7129
5589 / 7129
5590 / 7129
5591 / 7129
5592 / 7129
5593 / 7129
5594 / 7129
5595 / 7129
5596 / 7129
5597 / 7129
5598 / 7129
5599 / 7129
5600 / 7129
5601 / 7129
5602 / 7129
5603 / 7129
5604 / 7129
5605 / 7129
5606 / 7129
5607 / 7129
5608 / 7129
5609 / 7129
5610 / 7129
5611 / 7129
5612 / 7129
5613 / 7129
5614 / 7129
5615 / 7129
5616 / 7129
5617 / 7129
5618 / 7129
5619 / 7129
5620 / 7129
5621 / 7129
5622 / 7129
5623 / 7129
5624 / 7129
5625 / 7129
5626 / 7129
5627 / 7129
5628 / 7129
5629 / 7129
5630 / 7129
5631 / 7129
5632 / 7129
5633 / 7129
5634 / 7129
5635 / 7129
5636 / 7129
5637 / 7129
5638 / 7129
5639 / 7129
5640 / 7129
5641 / 7129
5642 / 7129
5643 / 7129
5644 / 7129
5645 / 7129
5646 / 7129
5647 / 7129
5648 / 7129
5649 / 7129
5650 / 7129
5651 / 7129
5652 / 7129
5653 / 7129
5654 / 7129
5655 / 7129
5656 / 7129
5657 / 7129
5658 / 7129
5659 / 7129
5660 / 7129
5661 / 7129
5662 / 7129
5663 / 7129
5664 / 7129
5665 / 7129
5666 / 7129
5667 / 7129
5668 / 7129
5669 / 7129
5670 / 7129
5671 / 7129
5672 / 7129
5673 / 7129
5674 / 7129
5675 / 7129
5676 / 7129
5677 / 7129
5678 / 7129
5679 / 7129
5680 / 7129
5681 / 7129
5682 / 7129
5683 / 7129
5684 / 7129
5685 / 7129
5686 / 7129
5687 / 7129
5688 / 7129
5689 / 7129
5690 / 7129
5691 / 7129
5692 / 7129
5693 / 7129
5694 / 7129
5695 / 7129
5696 / 7129
5697 / 7129
5698 / 7129
5699 / 7129
5700 / 7129
5701 / 7129
5702 / 7129
5703 / 7129
5704 / 7129
5705 / 7129
5706 / 7129
5707 / 7129
5708 / 7129
5709 / 7129
5710 / 7129
5711 / 7129
5712 / 7129
5713 / 7129
5714 / 7129
5715 / 7129
5716 / 7129
5717 / 7129
5718 / 7129
5719 / 7129
5720 / 7129
5721 / 7129
5722 / 7129
5723 / 7129
5724 / 7129
5725 / 7129
5726 / 7129
5727 / 7129
5728 / 7129
5729 / 7129
5730 / 7129
5731 / 7129
5732 / 7129
5733 / 7129
5734 / 7129
5735 / 7129
5736 / 7129
5737 / 7129
5738 / 7129
5739 / 7129
5740 / 7129
5741 / 7129
5742 / 7129
5743 / 7129
5744 / 7129
5745 / 7129
5746 / 7129
5747 / 7129
5748 / 7129
5749 / 7129
5750 / 7129
5751 / 7129
5752 / 7129
5753 / 7129
5754 / 7129
5755 / 7129
5756 / 7129
5757 / 7129
5758 / 7129
5759 / 7129
5760 / 7129
5761 / 7129
5762 / 7129
5763 / 7129
5764 / 7129
5765 / 7129
5766 / 7129
5767 / 7129
5768 / 7129
5769 / 7129
5770 / 7129
5771 / 7129
5772 / 7129
5773 / 7129
5774 / 7129
5775 / 7129
5776 / 7129
5777 / 7129
5778 / 7129
5779 / 7129
5780 / 7129
5781 / 7129
5782 / 7129
5783 / 7129
5784 / 7129
5785 / 7129
5786 / 7129
5787 / 7129
5788 / 7129
5789 / 7129
5790 / 7129
5791 / 7129
5792 / 7129
5793 / 7129
5794 / 7129
5795 / 7129
5796 / 7129
5797 / 7129
5798 / 7129
5799 / 7129
5800 / 7129
5801 / 7129
5802 / 7129
5803 / 7129
5804 / 7129
5805 / 7129
5806 / 7129
5807 / 7129
5808 / 7129
5809 / 7129
5810 / 7129
5811 / 7129
5812 / 7129
5813 / 7129
5814 / 7129
5815 / 7129
5816 / 7129
5817 / 7129
5818 / 7129
5819 / 7129
5820 / 7129
5821 / 7129
5822 / 7129
5823 / 7129
5824 / 7129
5825 / 7129
5826 / 7129
5827 / 7129
5828 / 7129
5829 / 7129
5830 / 7129
5831 / 7129
5832 / 7129
5833 / 7129
5834 / 7129
5835 / 7129
5836 / 7129
5837 / 7129
5838 / 7129
5839 / 7129
5840 / 7129
5841 / 7129
5842 / 7129
5843 / 7129
5844 / 7129
5845 / 7129
5846 / 7129
5847 / 7129
5848 / 7129
5849 / 7129
5850 / 7129
5851 / 7129
5852 / 7129
5853 / 7129
5854 / 7129
5855 / 7129
5856 / 7129
5857 / 7129
5858 / 7129
5859 / 7129
5860 / 7129
5861 / 7129
5862 / 7129
5863 / 7129
5864 / 7129
5865 / 7129
5866 / 7129
5867 / 7129
5868 / 7129
5869 / 7129
5870 / 7129
5871 / 7129
5872 / 7129
5873 / 7129
5874 / 7129
5875 / 7129
5876 / 7129
5877 / 7129
5878 / 7129
5879 / 7129
5880 / 7129
5881 / 7129
5882 / 7129
5883 / 7129
5884 / 7129
5885 / 7129
5886 / 7129
5887 / 7129
5888 / 7129
5889 / 7129
5890 / 7129
5891 / 7129
5892 / 7129
5893 / 7129
5894 / 7129
5895 / 7129
5896 / 7129
5897 / 7129
5898 / 7129
5899 / 7129
5900 / 7129
5901 / 7129
5902 / 7129
5903 / 7129
5904 / 7129
5905 / 7129
5906 / 7129
5907 / 7129
5908 / 7129
5909 / 7129
5910 / 7129
5911 / 7129
5912 / 7129
5913 / 7129
5914 / 7129
5915 / 7129
5916 / 7129
5917 / 7129
5918 / 7129
5919 / 7129
5920 / 7129
5921 / 7129
5922 / 7129
5923 / 7129
5924 / 7129
5925 / 7129
5926 / 7129
5927 / 7129
5928 / 7129
5929 / 7129
5930 / 7129
5931 / 7129
5932 / 7129
5933 / 7129
5934 / 7129
5935 / 7129
5936 / 7129
5937 / 7129
5938 / 7129
5939 / 7129
5940 / 7129
5941 / 7129
5942 / 7129
5943 / 7129
5944 / 7129
5945 / 7129
5946 / 7129
5947 / 7129
5948 / 7129
5949 / 7129
5950 / 7129
5951 / 7129
5952 / 7129
5953 / 7129
5954 / 7129
5955 / 7129
5956 / 7129
5957 / 7129
5958 / 7129
5959 / 7129
5960 / 7129
5961 / 7129
5962 / 7129
5963 / 7129
5964 / 7129
5965 / 7129
5966 / 7129
5967 / 7129
5968 / 7129
5969 / 7129
5970 / 7129
5971 / 7129
5972 / 7129
5973 / 7129
5974 / 7129
5975 / 7129
5976 / 7129
5977 / 7129
5978 / 7129
5979 / 7129
5980 / 7129
5981 / 7129
5982 / 7129
5983 / 7129
5984 / 7129
5985 / 7129
5986 / 7129
5987 / 7129
5988 / 7129
5989 / 7129
5990 / 7129
5991 / 7129
5992 / 7129
5993 / 7129
5994 / 7129
5995 / 7129
5996 / 7129
5997 / 7129
5998 / 7129
5999 / 7129
6000 / 7129
6001 / 7129
6002 / 7129
6003 / 7129
6004 / 7129
6005 / 7129
6006 / 7129
6007 / 7129
6008 / 7129
6009 / 7129
6010 / 7129
6011 / 7129
6012 / 7129
6013 / 7129
6014 / 7129
6015 / 7129
6016 / 7129
6017 / 7129
6018 / 7129
6019 / 7129
6020 / 7129
6021 / 7129
6022 / 7129
6023 / 7129
6024 / 7129
6025 / 7129
6026 / 7129
6027 / 7129
6028 / 7129
6029 / 7129
6030 / 7129
6031 / 7129
6032 / 7129
6033 / 7129
6034 / 7129
6035 / 7129
6036 / 7129
6037 / 7129
6038 / 7129
6039 / 7129
6040 / 7129
6041 / 7129
6042 / 7129
6043 / 7129
6044 / 7129
6045 / 7129
6046 / 7129
6047 / 7129
6048 / 7129
6049 / 7129
6050 / 7129
6051 / 7129
6052 / 7129
6053 / 7129
6054 / 7129
6055 / 7129
6056 / 7129
6057 / 7129
6058 / 7129
6059 / 7129
6060 / 7129
6061 / 7129
6062 / 7129
6063 / 7129
6064 / 7129
6065 / 7129
6066 / 7129
6067 / 7129
6068 / 7129
6069 / 7129
6070 / 7129
6071 / 7129
6072 / 7129
6073 / 7129
6074 / 7129
6075 / 7129
6076 / 7129
6077 / 7129
6078 / 7129
6079 / 7129
6080 / 7129
6081 / 7129
6082 / 7129
6083 / 7129
6084 / 7129
6085 / 7129
6086 / 7129
6087 / 7129
6088 / 7129
6089 / 7129
6090 / 7129
6091 / 7129
6092 / 7129
6093 / 7129
6094 / 7129
6095 / 7129
6096 / 7129
6097 / 7129
6098 / 7129
6099 / 7129
6100 / 7129
6101 / 7129
6102 / 7129
6103 / 7129
6104 / 7129
6105 / 7129
6106 / 7129
6107 / 7129
6108 / 7129
6109 / 7129
6110 / 7129
6111 / 7129
6112 / 7129
6113 / 7129
6114 / 7129
6115 / 7129
6116 / 7129
6117 / 7129
6118 / 7129
6119 / 7129
6120 / 7129
6121 / 7129
6122 / 7129
6123 / 7129
6124 / 7129
6125 / 7129
6126 / 7129
6127 / 7129
6128 / 7129
6129 / 7129
6130 / 7129
6131 / 7129
6132 / 7129
6133 / 7129
6134 / 7129
6135 / 7129
6136 / 7129
6137 / 7129
6138 / 7129
6139 / 7129
6140 / 7129
6141 / 7129
6142 / 7129
6143 / 7129
6144 / 7129
6145 / 7129
6146 / 7129
6147 / 7129
6148 / 7129
6149 / 7129
6150 / 7129
6151 / 7129
6152 / 7129
6153 / 7129
6154 / 7129
6155 / 7129
6156 / 7129
6157 / 7129
6158 / 7129
6159 / 7129
6160 / 7129
6161 / 7129
6162 / 7129
6163 / 7129
6164 / 7129
6165 / 7129
6166 / 7129
6167 / 7129
6168 / 7129
6169 / 7129
6170 / 7129
6171 / 7129
6172 / 7129
6173 / 7129
6174 / 7129
6175 / 7129
6176 / 7129
6177 / 7129
6178 / 7129
6179 / 7129
6180 / 7129
6181 / 7129
6182 / 7129
6183 / 7129
6184 / 7129
6185 / 7129
6186 / 7129
6187 / 7129
6188 / 7129
6189 / 7129
6190 / 7129
6191 / 7129
6192 / 7129
6193 / 7129
6194 / 7129
6195 / 7129
6196 / 7129
6197 / 7129
6198 / 7129
6199 / 7129
6200 / 7129
6201 / 7129
6202 / 7129
6203 / 7129
6204 / 7129
6205 / 7129
6206 / 7129
6207 / 7129
6208 / 7129
6209 / 7129
6210 / 7129
6211 / 7129
6212 / 7129
6213 / 7129
6214 / 7129
6215 / 7129
6216 / 7129
6217 / 7129
6218 / 7129
6219 / 7129
6220 / 7129
6221 / 7129
6222 / 7129
6223 / 7129
6224 / 7129
6225 / 7129
6226 / 7129
6227 / 7129
6228 / 7129
6229 / 7129
6230 / 7129
6231 / 7129
6232 / 7129
6233 / 7129
6234 / 7129
6235 / 7129
6236 / 7129
6237 / 7129
6238 / 7129
6239 / 7129
6240 / 7129
6241 / 7129
6242 / 7129
6243 / 7129
6244 / 7129
6245 / 7129
6246 / 7129
6247 / 7129
6248 / 7129
6249 / 7129
6250 / 7129
6251 / 7129
6252 / 7129
6253 / 7129
6254 / 7129
6255 / 7129
6256 / 7129
6257 / 7129
6258 / 7129
6259 / 7129
6260 / 7129
6261 / 7129
6262 / 7129
6263 / 7129
6264 / 7129
6265 / 7129
6266 / 7129
6267 / 7129
6268 / 7129
6269 / 7129
6270 / 7129
6271 / 7129
6272 / 7129
6273 / 7129
6274 / 7129
6275 / 7129
6276 / 7129
6277 / 7129
6278 / 7129
6279 / 7129
6280 / 7129
6281 / 7129
6282 / 7129
6283 / 7129
6284 / 7129
6285 / 7129
6286 / 7129
6287 / 7129
6288 / 7129
6289 / 7129
6290 / 7129
6291 / 7129
6292 / 7129
6293 / 7129
6294 / 7129
6295 / 7129
6296 / 7129
6297 / 7129
6298 / 7129
6299 / 7129
6300 / 7129
6301 / 7129
6302 / 7129
6303 / 7129
6304 / 7129
6305 / 7129
6306 / 7129
6307 / 7129
6308 / 7129
6309 / 7129
6310 / 7129
6311 / 7129
6312 / 7129
6313 / 7129
6314 / 7129
6315 / 7129
6316 / 7129
6317 / 7129
6318 / 7129
6319 / 7129
6320 / 7129
6321 / 7129
6322 / 7129
6323 / 7129
6324 / 7129
6325 / 7129
6326 / 7129
6327 / 7129
6328 / 7129
6329 / 7129
6330 / 7129
6331 / 7129
6332 / 7129
6333 / 7129
6334 / 7129
6335 / 7129
6336 / 7129
6337 / 7129
6338 / 7129
6339 / 7129
6340 / 7129
6341 / 7129
6342 / 7129
6343 / 7129
6344 / 7129
6345 / 7129
6346 / 7129
6347 / 7129
6348 / 7129
6349 / 7129
6350 / 7129
6351 / 7129
6352 / 7129
6353 / 7129
6354 / 7129
6355 / 7129
6356 / 7129
6357 / 7129
6358 / 7129
6359 / 7129
6360 / 7129
6361 / 7129
6362 / 7129
6363 / 7129
6364 / 7129
6365 / 7129
6366 / 7129
6367 / 7129
6368 / 7129
6369 / 7129
6370 / 7129
6371 / 7129
6372 / 7129
6373 / 7129
6374 / 7129
6375 / 7129
6376 / 7129
6377 / 7129
6378 / 7129
6379 / 7129
6380 / 7129
6381 / 7129
6382 / 7129
6383 / 7129
6384 / 7129
6385 / 7129
6386 / 7129
6387 / 7129
6388 / 7129
6389 / 7129
6390 / 7129
6391 / 7129
6392 / 7129
6393 / 7129
6394 / 7129
6395 / 7129
6396 / 7129
6397 / 7129
6398 / 7129
6399 / 7129
6400 / 7129
6401 / 7129
6402 / 7129
6403 / 7129
6404 / 7129
6405 / 7129
6406 / 7129
6407 / 7129
6408 / 7129
6409 / 7129
6410 / 7129
6411 / 7129
6412 / 7129
6413 / 7129
6414 / 7129
6415 / 7129
6416 / 7129
6417 / 7129
6418 / 7129
6419 / 7129
6420 / 7129
6421 / 7129
6422 / 7129
6423 / 7129
6424 / 7129
6425 / 7129
6426 / 7129
6427 / 7129
6428 / 7129
6429 / 7129
6430 / 7129
6431 / 7129
6432 / 7129
6433 / 7129
6434 / 7129
6435 / 7129
6436 / 7129
6437 / 7129
6438 / 7129
6439 / 7129
6440 / 7129
6441 / 7129
6442 / 7129
6443 / 7129
6444 / 7129
6445 / 7129
6446 / 7129
6447 / 7129
6448 / 7129
6449 / 7129
6450 / 7129
6451 / 7129
6452 / 7129
6453 / 7129
6454 / 7129
6455 / 7129
6456 / 7129
6457 / 7129
6458 / 7129
6459 / 7129
6460 / 7129
6461 / 7129
6462 / 7129
6463 / 7129
6464 / 7129
6465 / 7129
6466 / 7129
6467 / 7129
6468 / 7129
6469 / 7129
6470 / 7129
6471 / 7129
6472 / 7129
6473 / 7129
6474 / 7129
6475 / 7129
6476 / 7129
6477 / 7129
6478 / 7129
6479 / 7129
6480 / 7129
6481 / 7129
6482 / 7129
6483 / 7129
6484 / 7129
6485 / 7129
6486 / 7129
6487 / 7129
6488 / 7129
6489 / 7129
6490 / 7129
6491 / 7129
6492 / 7129
6493 / 7129
6494 / 7129
6495 / 7129
6496 / 7129
6497 / 7129
6498 / 7129
6499 / 7129
6500 / 7129
6501 / 7129
6502 / 7129
6503 / 7129
6504 / 7129
6505 / 7129
6506 / 7129
6507 / 7129
6508 / 7129
6509 / 7129
6510 / 7129
6511 / 7129
6512 / 7129
6513 / 7129
6514 / 7129
6515 / 7129
6516 / 7129
6517 / 7129
6518 / 7129
6519 / 7129
6520 / 7129
6521 / 7129
6522 / 7129
6523 / 7129
6524 / 7129
6525 / 7129
6526 / 7129
6527 / 7129
6528 / 7129
6529 / 7129
6530 / 7129
6531 / 7129
6532 / 7129
6533 / 7129
6534 / 7129
6535 / 7129
6536 / 7129
6537 / 7129
6538 / 7129
6539 / 7129
6540 / 7129
6541 / 7129
6542 / 7129
6543 / 7129
6544 / 7129
6545 / 7129
6546 / 7129
6547 / 7129
6548 / 7129
6549 / 7129
6550 / 7129
6551 / 7129
6552 / 7129
6553 / 7129
6554 / 7129
6555 / 7129
6556 / 7129
6557 / 7129
6558 / 7129
6559 / 7129
6560 / 7129
6561 / 7129
6562 / 7129
6563 / 7129
6564 / 7129
6565 / 7129
6566 / 7129
6567 / 7129
6568 / 7129
6569 / 7129
6570 / 7129
6571 / 7129
6572 / 7129
6573 / 7129
6574 / 7129
6575 / 7129
6576 / 7129
6577 / 7129
6578 / 7129
6579 / 7129
6580 / 7129
6581 / 7129
6582 / 7129
6583 / 7129
6584 / 7129
6585 / 7129
6586 / 7129
6587 / 7129
6588 / 7129
6589 / 7129
6590 / 7129
6591 / 7129
6592 / 7129
6593 / 7129
6594 / 7129
6595 / 7129
6596 / 7129
6597 / 7129
6598 / 7129
6599 / 7129
6600 / 7129
6601 / 7129
6602 / 7129
6603 / 7129
6604 / 7129
6605 / 7129
6606 / 7129
6607 / 7129
6608 / 7129
6609 / 7129
6610 / 7129
6611 / 7129
6612 / 7129
6613 / 7129
6614 / 7129
6615 / 7129
6616 / 7129
6617 / 7129
6618 / 7129
6619 / 7129
6620 / 7129
6621 / 7129
6622 / 7129
6623 / 7129
6624 / 7129
6625 / 7129
6626 / 7129
6627 / 7129
6628 / 7129
6629 / 7129
6630 / 7129
6631 / 7129
6632 / 7129
6633 / 7129
6634 / 7129
6635 / 7129
6636 / 7129
6637 / 7129
6638 / 7129
6639 / 7129
6640 / 7129
6641 / 7129
6642 / 7129
6643 / 7129
6644 / 7129
6645 / 7129
6646 / 7129
6647 / 7129
6648 / 7129
6649 / 7129
6650 / 7129
6651 / 7129
6652 / 7129
6653 / 7129
6654 / 7129
6655 / 7129
6656 / 7129
6657 / 7129
6658 / 7129
6659 / 7129
6660 / 7129
6661 / 7129
6662 / 7129
6663 / 7129
6664 / 7129
6665 / 7129
6666 / 7129
6667 / 7129
6668 / 7129
6669 / 7129
6670 / 7129
6671 / 7129
6672 / 7129
6673 / 7129
6674 / 7129
6675 / 7129
6676 / 7129
6677 / 7129
6678 / 7129
6679 / 7129
6680 / 7129
6681 / 7129
6682 / 7129
6683 / 7129
6684 / 7129
6685 / 7129
6686 / 7129
6687 / 7129
6688 / 7129
6689 / 7129
6690 / 7129
6691 / 7129
6692 / 7129
6693 / 7129
6694 / 7129
6695 / 7129
6696 / 7129
6697 / 7129
6698 / 7129
6699 / 7129
6700 / 7129
6701 / 7129
6702 / 7129
6703 / 7129
6704 / 7129
6705 / 7129
6706 / 7129
6707 / 7129
6708 / 7129
6709 / 7129
6710 / 7129
6711 / 7129
6712 / 7129
6713 / 7129
6714 / 7129
6715 / 7129
6716 / 7129
6717 / 7129
6718 / 7129
6719 / 7129
6720 / 7129
6721 / 7129
6722 / 7129
6723 / 7129
6724 / 7129
6725 / 7129
6726 / 7129
6727 / 7129
6728 / 7129
6729 / 7129
6730 / 7129
6731 / 7129
6732 / 7129
6733 / 7129
6734 / 7129
6735 / 7129
6736 / 7129
6737 / 7129
6738 / 7129
6739 / 7129
6740 / 7129
6741 / 7129
6742 / 7129
6743 / 7129
6744 / 7129
6745 / 7129
6746 / 7129
6747 / 7129
6748 / 7129
6749 / 7129
6750 / 7129
6751 / 7129
6752 / 7129
6753 / 7129
6754 / 7129
6755 / 7129
6756 / 7129
6757 / 7129
6758 / 7129
6759 / 7129
6760 / 7129
6761 / 7129
6762 / 7129
6763 / 7129
6764 / 7129
6765 / 7129
6766 / 7129
6767 / 7129
6768 / 7129
6769 / 7129
6770 / 7129
6771 / 7129
6772 / 7129
6773 / 7129
6774 / 7129
6775 / 7129
6776 / 7129
6777 / 7129
6778 / 7129
6779 / 7129
6780 / 7129
6781 / 7129
6782 / 7129
6783 / 7129
6784 / 7129
6785 / 7129
6786 / 7129
6787 / 7129
6788 / 7129
6789 / 7129
6790 / 7129
6791 / 7129
6792 / 7129
6793 / 7129
6794 / 7129
6795 / 7129
6796 / 7129
6797 / 7129
6798 / 7129
6799 / 7129
6800 / 7129
6801 / 7129
6802 / 7129
6803 / 7129
6804 / 7129
6805 / 7129
6806 / 7129
6807 / 7129
6808 / 7129
6809 / 7129
6810 / 7129
6811 / 7129
6812 / 7129
6813 / 7129
6814 / 7129
6815 / 7129
6816 / 7129
6817 / 7129
6818 / 7129
6819 / 7129
6820 / 7129
6821 / 7129
6822 / 7129
6823 / 7129
6824 / 7129
6825 / 7129
6826 / 7129
6827 / 7129
6828 / 7129
6829 / 7129
6830 / 7129
6831 / 7129
6832 / 7129
6833 / 7129
6834 / 7129
6835 / 7129
6836 / 7129
6837 / 7129
6838 / 7129
6839 / 7129
6840 / 7129
6841 / 7129
6842 / 7129
6843 / 7129
6844 / 7129
6845 / 7129
6846 / 7129
6847 / 7129
6848 / 7129
6849 / 7129
6850 / 7129
6851 / 7129
6852 / 7129
6853 / 7129
6854 / 7129
6855 / 7129
6856 / 7129
6857 / 7129
6858 / 7129
6859 / 7129
6860 / 7129
6861 / 7129
6862 / 7129
6863 / 7129
6864 / 7129
6865 / 7129
6866 / 7129
6867 / 7129
6868 / 7129
6869 / 7129
6870 / 7129
6871 / 7129
6872 / 7129
6873 / 7129
6874 / 7129
6875 / 7129
6876 / 7129
6877 / 7129
6878 / 7129
6879 / 7129
6880 / 7129
6881 / 7129
6882 / 7129
6883 / 7129
6884 / 7129
6885 / 7129
6886 / 7129
6887 / 7129
6888 / 7129
6889 / 7129
6890 / 7129
6891 / 7129
6892 / 7129
6893 / 7129
6894 / 7129
6895 / 7129
6896 / 7129
6897 / 7129
6898 / 7129
6899 / 7129
6900 / 7129
6901 / 7129
6902 / 7129
6903 / 7129
6904 / 7129
6905 / 7129
6906 / 7129
6907 / 7129
6908 / 7129
6909 / 7129
6910 / 7129
6911 / 7129
6912 / 7129
6913 / 7129
6914 / 7129
6915 / 7129
6916 / 7129
6917 / 7129
6918 / 7129
6919 / 7129
6920 / 7129
6921 / 7129
6922 / 7129
6923 / 7129
6924 / 7129
6925 / 7129
6926 / 7129
6927 / 7129
6928 / 7129
6929 / 7129
6930 / 7129
6931 / 7129
6932 / 7129
6933 / 7129
6934 / 7129
6935 / 7129
6936 / 7129
6937 / 7129
6938 / 7129
6939 / 7129
6940 / 7129
6941 / 7129
6942 / 7129
6943 / 7129
6944 / 7129
6945 / 7129
6946 / 7129
6947 / 7129
6948 / 7129
6949 / 7129
6950 / 7129
6951 / 7129
6952 / 7129
6953 / 7129
6954 / 7129
6955 / 7129
6956 / 7129
6957 / 7129
6958 / 7129
6959 / 7129
6960 / 7129
6961 / 7129
6962 / 7129
6963 / 7129
6964 / 7129
6965 / 7129
6966 / 7129
6967 / 7129
6968 / 7129
6969 / 7129
6970 / 7129
6971 / 7129
6972 / 7129
6973 / 7129
6974 / 7129
6975 / 7129
6976 / 7129
6977 / 7129
6978 / 7129
6979 / 7129
6980 / 7129
6981 / 7129
6982 / 7129
6983 / 7129
6984 / 7129
6985 / 7129
6986 / 7129
6987 / 7129
6988 / 7129
6989 / 7129
6990 / 7129
6991 / 7129
6992 / 7129
6993 / 7129
6994 / 7129
6995 / 7129
6996 / 7129
6997 / 7129
6998 / 7129
6999 / 7129
7000 / 7129
7001 / 7129
7002 / 7129
7003 / 7129
7004 / 7129
7005 / 7129
7006 / 7129
7007 / 7129
7008 / 7129
7009 / 7129
7010 / 7129
7011 / 7129
7012 / 7129
7013 / 7129
7014 / 7129
7015 / 7129
7016 / 7129
7017 / 7129
7018 / 7129
7019 / 7129
7020 / 7129
7021 / 7129
7022 / 7129
7023 / 7129
7024 / 7129
7025 / 7129
7026 / 7129
7027 / 7129
7028 / 7129
7029 / 7129
7030 / 7129
7031 / 7129
7032 / 7129
7033 / 7129
7034 / 7129
7035 / 7129
7036 / 7129
7037 / 7129
7038 / 7129
7039 / 7129
7040 / 7129
7041 / 7129
7042 / 7129
7043 / 7129
7044 / 7129
7045 / 7129
7046 / 7129
7047 / 7129
7048 / 7129
7049 / 7129
7050 / 7129
7051 / 7129
7052 / 7129
7053 / 7129
7054 / 7129
7055 / 7129
7056 / 7129
7057 / 7129
7058 / 7129
7059 / 7129
7060 / 7129
7061 / 7129
7062 / 7129
7063 / 7129
7064 / 7129
7065 / 7129
7066 / 7129
7067 / 7129
7068 / 7129
7069 / 7129
7070 / 7129
7071 / 7129
7072 / 7129
7073 / 7129
7074 / 7129
7075 / 7129
7076 / 7129
7077 / 7129
7078 / 7129
7079 / 7129
7080 / 7129
7081 / 7129
7082 / 7129
7083 / 7129
7084 / 7129
7085 / 7129
7086 / 7129
7087 / 7129
7088 / 7129
7089 / 7129
7090 / 7129
7091 / 7129
7092 / 7129
7093 / 7129
7094 / 7129
7095 / 7129
7096 / 7129
7097 / 7129
7098 / 7129
7099 / 7129
7100 / 7129
7101 / 7129
7102 / 7129
7103 / 7129
7104 / 7129
7105 / 7129
7106 / 7129
7107 / 7129
7108 / 7129
7109 / 7129
7110 / 7129
7111 / 7129
7112 / 7129
7113 / 7129
7114 / 7129
7115 / 7129
7116 / 7129
7117 / 7129
7118 / 7129
7119 / 7129
7120 / 7129
7121 / 7129
7122 / 7129
7123 / 7129
7124 / 7129
7125 / 7129
7126 / 7129
7127 / 7129
7128 / 7129
7129 / 7129
JOBSFINISHED
