using old odv file for bgRN
using old odv file for bgDM
1 / 1415
2 / 1415
3 / 1415
4 / 1415
5 / 1415
6 / 1415
7 / 1415
8 / 1415
9 / 1415
10 / 1415
11 / 1415
12 / 1415
13 / 1415
14 / 1415
15 / 1415
16 / 1415
17 / 1415
18 / 1415
19 / 1415
20 / 1415
21 / 1415
22 / 1415
23 / 1415
24 / 1415
25 / 1415
26 / 1415
27 / 1415
28 / 1415
29 / 1415
30 / 1415
31 / 1415
32 / 1415
33 / 1415
34 / 1415
35 / 1415
36 / 1415
37 / 1415
38 / 1415
39 / 1415
40 / 1415
41 / 1415
42 / 1415
43 / 1415
44 / 1415
45 / 1415
46 / 1415
47 / 1415
48 / 1415
49 / 1415
50 / 1415
51 / 1415
52 / 1415
53 / 1415
54 / 1415
55 / 1415
56 / 1415
57 / 1415
58 / 1415
59 / 1415
60 / 1415
61 / 1415
62 / 1415
63 / 1415
64 / 1415
65 / 1415
66 / 1415
67 / 1415
68 / 1415
69 / 1415
70 / 1415
71 / 1415
72 / 1415
73 / 1415
74 / 1415
75 / 1415
76 / 1415
77 / 1415
78 / 1415
79 / 1415
80 / 1415
81 / 1415
82 / 1415
83 / 1415
84 / 1415
85 / 1415
86 / 1415
87 / 1415
88 / 1415
89 / 1415
90 / 1415
91 / 1415
92 / 1415
93 / 1415
94 / 1415
95 / 1415
96 / 1415
97 / 1415
98 / 1415
99 / 1415
100 / 1415
101 / 1415
102 / 1415
103 / 1415
104 / 1415
105 / 1415
106 / 1415
107 / 1415
108 / 1415
109 / 1415
110 / 1415
111 / 1415
112 / 1415
113 / 1415
114 / 1415
115 / 1415
116 / 1415
117 / 1415
118 / 1415
119 / 1415
120 / 1415
121 / 1415
122 / 1415
123 / 1415
124 / 1415
125 / 1415
126 / 1415
127 / 1415
128 / 1415
129 / 1415
130 / 1415
131 / 1415
132 / 1415
133 / 1415
134 / 1415
135 / 1415
136 / 1415
137 / 1415
138 / 1415
139 / 1415
140 / 1415
141 / 1415
142 / 1415
143 / 1415
144 / 1415
145 / 1415
146 / 1415
147 / 1415
148 / 1415
149 / 1415
150 / 1415
151 / 1415
152 / 1415
153 / 1415
154 / 1415
155 / 1415
156 / 1415
157 / 1415
158 / 1415
159 / 1415
160 / 1415
161 / 1415
162 / 1415
163 / 1415
164 / 1415
165 / 1415
166 / 1415
167 / 1415
168 / 1415
169 / 1415
170 / 1415
171 / 1415
172 / 1415
173 / 1415
174 / 1415
175 / 1415
176 / 1415
177 / 1415
178 / 1415
179 / 1415
180 / 1415
181 / 1415
182 / 1415
183 / 1415
184 / 1415
185 / 1415
186 / 1415
187 / 1415
188 / 1415
189 / 1415
190 / 1415
191 / 1415
192 / 1415
193 / 1415
194 / 1415
195 / 1415
196 / 1415
197 / 1415
198 / 1415
199 / 1415
200 / 1415
201 / 1415
202 / 1415
203 / 1415
204 / 1415
205 / 1415
206 / 1415
207 / 1415
208 / 1415
209 / 1415
210 / 1415
211 / 1415
212 / 1415
213 / 1415
214 / 1415
215 / 1415
216 / 1415
217 / 1415
218 / 1415
219 / 1415
220 / 1415
221 / 1415
222 / 1415
223 / 1415
224 / 1415
225 / 1415
226 / 1415
227 / 1415
228 / 1415
229 / 1415
230 / 1415
231 / 1415
232 / 1415
233 / 1415
234 / 1415
235 / 1415
236 / 1415
237 / 1415
238 / 1415
239 / 1415
240 / 1415
241 / 1415
242 / 1415
243 / 1415
244 / 1415
245 / 1415
246 / 1415
247 / 1415
248 / 1415
249 / 1415
250 / 1415
251 / 1415
252 / 1415
253 / 1415
254 / 1415
255 / 1415
256 / 1415
257 / 1415
258 / 1415
259 / 1415
260 / 1415
261 / 1415
262 / 1415
263 / 1415
264 / 1415
265 / 1415
266 / 1415
267 / 1415
268 / 1415
269 / 1415
270 / 1415
271 / 1415
272 / 1415
273 / 1415
274 / 1415
275 / 1415
276 / 1415
277 / 1415
278 / 1415
279 / 1415
280 / 1415
281 / 1415
282 / 1415
283 / 1415
284 / 1415
285 / 1415
286 / 1415
287 / 1415
288 / 1415
289 / 1415
290 / 1415
291 / 1415
292 / 1415
293 / 1415
294 / 1415
295 / 1415
296 / 1415
297 / 1415
298 / 1415
299 / 1415
300 / 1415
301 / 1415
302 / 1415
303 / 1415
304 / 1415
305 / 1415
306 / 1415
307 / 1415
308 / 1415
309 / 1415
310 / 1415
311 / 1415
312 / 1415
313 / 1415
314 / 1415
315 / 1415
316 / 1415
317 / 1415
318 / 1415
319 / 1415
320 / 1415
321 / 1415
322 / 1415
323 / 1415
324 / 1415
325 / 1415
326 / 1415
327 / 1415
328 / 1415
329 / 1415
330 / 1415
331 / 1415
332 / 1415
333 / 1415
334 / 1415
335 / 1415
336 / 1415
337 / 1415
338 / 1415
339 / 1415
340 / 1415
341 / 1415
342 / 1415
343 / 1415
344 / 1415
345 / 1415
346 / 1415
347 / 1415
348 / 1415
349 / 1415
350 / 1415
351 / 1415
352 / 1415
353 / 1415
354 / 1415
355 / 1415
356 / 1415
357 / 1415
358 / 1415
359 / 1415
360 / 1415
361 / 1415
362 / 1415
363 / 1415
364 / 1415
365 / 1415
366 / 1415
367 / 1415
368 / 1415
369 / 1415
370 / 1415
371 / 1415
372 / 1415
373 / 1415
374 / 1415
375 / 1415
376 / 1415
377 / 1415
378 / 1415
379 / 1415
380 / 1415
381 / 1415
382 / 1415
383 / 1415
384 / 1415
385 / 1415
386 / 1415
387 / 1415
388 / 1415
389 / 1415
390 / 1415
391 / 1415
392 / 1415
393 / 1415
394 / 1415
395 / 1415
396 / 1415
397 / 1415
398 / 1415
399 / 1415
400 / 1415
401 / 1415
402 / 1415
403 / 1415
404 / 1415
405 / 1415
406 / 1415
407 / 1415
408 / 1415
409 / 1415
410 / 1415
411 / 1415
412 / 1415
413 / 1415
414 / 1415
415 / 1415
416 / 1415
417 / 1415
418 / 1415
419 / 1415
420 / 1415
421 / 1415
422 / 1415
423 / 1415
424 / 1415
425 / 1415
426 / 1415
427 / 1415
428 / 1415
429 / 1415
430 / 1415
431 / 1415
432 / 1415
433 / 1415
434 / 1415
435 / 1415
436 / 1415
437 / 1415
438 / 1415
439 / 1415
440 / 1415
441 / 1415
442 / 1415
443 / 1415
444 / 1415
445 / 1415
446 / 1415
447 / 1415
448 / 1415
449 / 1415
450 / 1415
451 / 1415
452 / 1415
453 / 1415
454 / 1415
455 / 1415
456 / 1415
457 / 1415
458 / 1415
459 / 1415
460 / 1415
461 / 1415
462 / 1415
463 / 1415
464 / 1415
465 / 1415
466 / 1415
467 / 1415
468 / 1415
469 / 1415
470 / 1415
471 / 1415
472 / 1415
473 / 1415
474 / 1415
475 / 1415
476 / 1415
477 / 1415
478 / 1415
479 / 1415
480 / 1415
481 / 1415
482 / 1415
483 / 1415
484 / 1415
485 / 1415
486 / 1415
487 / 1415
488 / 1415
489 / 1415
490 / 1415
491 / 1415
492 / 1415
493 / 1415
494 / 1415
495 / 1415
496 / 1415
497 / 1415
498 / 1415
499 / 1415
500 / 1415
501 / 1415
502 / 1415
503 / 1415
504 / 1415
505 / 1415
506 / 1415
507 / 1415
508 / 1415
509 / 1415
510 / 1415
511 / 1415
512 / 1415
513 / 1415
514 / 1415
515 / 1415
516 / 1415
517 / 1415
518 / 1415
519 / 1415
520 / 1415
521 / 1415
522 / 1415
523 / 1415
524 / 1415
525 / 1415
526 / 1415
527 / 1415
528 / 1415
529 / 1415
530 / 1415
531 / 1415
532 / 1415
533 / 1415
534 / 1415
535 / 1415
536 / 1415
537 / 1415
538 / 1415
539 / 1415
540 / 1415
541 / 1415
542 / 1415
543 / 1415
544 / 1415
545 / 1415
546 / 1415
547 / 1415
548 / 1415
549 / 1415
550 / 1415
551 / 1415
552 / 1415
553 / 1415
554 / 1415
555 / 1415
556 / 1415
557 / 1415
558 / 1415
559 / 1415
560 / 1415
561 / 1415
562 / 1415
563 / 1415
564 / 1415
565 / 1415
566 / 1415
567 / 1415
568 / 1415
569 / 1415
570 / 1415
571 / 1415
572 / 1415
573 / 1415
574 / 1415
575 / 1415
576 / 1415
577 / 1415
578 / 1415
579 / 1415
580 / 1415
581 / 1415
582 / 1415
583 / 1415
584 / 1415
585 / 1415
586 / 1415
587 / 1415
588 / 1415
589 / 1415
590 / 1415
591 / 1415
592 / 1415
593 / 1415
594 / 1415
595 / 1415
596 / 1415
597 / 1415
598 / 1415
599 / 1415
600 / 1415
601 / 1415
602 / 1415
603 / 1415
604 / 1415
605 / 1415
606 / 1415
607 / 1415
608 / 1415
609 / 1415
610 / 1415
611 / 1415
612 / 1415
613 / 1415
614 / 1415
615 / 1415
616 / 1415
617 / 1415
618 / 1415
619 / 1415
620 / 1415
621 / 1415
622 / 1415
623 / 1415
624 / 1415
625 / 1415
626 / 1415
627 / 1415
628 / 1415
629 / 1415
630 / 1415
631 / 1415
632 / 1415
633 / 1415
634 / 1415
635 / 1415
636 / 1415
637 / 1415
638 / 1415
639 / 1415
640 / 1415
641 / 1415
642 / 1415
643 / 1415
644 / 1415
645 / 1415
646 / 1415
647 / 1415
648 / 1415
649 / 1415
650 / 1415
651 / 1415
652 / 1415
653 / 1415
654 / 1415
655 / 1415
656 / 1415
657 / 1415
658 / 1415
659 / 1415
660 / 1415
661 / 1415
662 / 1415
663 / 1415
664 / 1415
665 / 1415
666 / 1415
667 / 1415
668 / 1415
669 / 1415
670 / 1415
671 / 1415
672 / 1415
673 / 1415
674 / 1415
675 / 1415
676 / 1415
677 / 1415
678 / 1415
679 / 1415
680 / 1415
681 / 1415
682 / 1415
683 / 1415
684 / 1415
685 / 1415
686 / 1415
687 / 1415
688 / 1415
689 / 1415
690 / 1415
691 / 1415
692 / 1415
693 / 1415
694 / 1415
695 / 1415
696 / 1415
697 / 1415
698 / 1415
699 / 1415
700 / 1415
701 / 1415
702 / 1415
703 / 1415
704 / 1415
705 / 1415
706 / 1415
707 / 1415
708 / 1415
709 / 1415
710 / 1415
711 / 1415
712 / 1415
713 / 1415
714 / 1415
715 / 1415
716 / 1415
717 / 1415
718 / 1415
719 / 1415
720 / 1415
721 / 1415
722 / 1415
723 / 1415
724 / 1415
725 / 1415
726 / 1415
727 / 1415
728 / 1415
729 / 1415
730 / 1415
731 / 1415
732 / 1415
733 / 1415
734 / 1415
735 / 1415
736 / 1415
737 / 1415
738 / 1415
739 / 1415
740 / 1415
741 / 1415
742 / 1415
743 / 1415
744 / 1415
745 / 1415
746 / 1415
747 / 1415
748 / 1415
749 / 1415
750 / 1415
751 / 1415
752 / 1415
753 / 1415
754 / 1415
755 / 1415
756 / 1415
757 / 1415
758 / 1415
759 / 1415
760 / 1415
761 / 1415
762 / 1415
763 / 1415
764 / 1415
765 / 1415
766 / 1415
767 / 1415
768 / 1415
769 / 1415
770 / 1415
771 / 1415
772 / 1415
773 / 1415
774 / 1415
775 / 1415
776 / 1415
777 / 1415
778 / 1415
779 / 1415
780 / 1415
781 / 1415
782 / 1415
783 / 1415
784 / 1415
785 / 1415
786 / 1415
787 / 1415
788 / 1415
789 / 1415
790 / 1415
791 / 1415
792 / 1415
793 / 1415
794 / 1415
795 / 1415
796 / 1415
797 / 1415
798 / 1415
799 / 1415
800 / 1415
801 / 1415
802 / 1415
803 / 1415
804 / 1415
805 / 1415
806 / 1415
807 / 1415
808 / 1415
809 / 1415
810 / 1415
811 / 1415
812 / 1415
813 / 1415
814 / 1415
815 / 1415
816 / 1415
817 / 1415
818 / 1415
819 / 1415
820 / 1415
821 / 1415
822 / 1415
823 / 1415
824 / 1415
825 / 1415
826 / 1415
827 / 1415
828 / 1415
829 / 1415
830 / 1415
831 / 1415
832 / 1415
833 / 1415
834 / 1415
835 / 1415
836 / 1415
837 / 1415
838 / 1415
839 / 1415
840 / 1415
841 / 1415
842 / 1415
843 / 1415
844 / 1415
845 / 1415
846 / 1415
847 / 1415
848 / 1415
849 / 1415
850 / 1415
851 / 1415
852 / 1415
853 / 1415
854 / 1415
855 / 1415
856 / 1415
857 / 1415
858 / 1415
859 / 1415
860 / 1415
861 / 1415
862 / 1415
863 / 1415
864 / 1415
865 / 1415
866 / 1415
867 / 1415
868 / 1415
869 / 1415
870 / 1415
871 / 1415
872 / 1415
873 / 1415
874 / 1415
875 / 1415
876 / 1415
877 / 1415
878 / 1415
879 / 1415
880 / 1415
881 / 1415
882 / 1415
883 / 1415
884 / 1415
885 / 1415
886 / 1415
887 / 1415
888 / 1415
889 / 1415
890 / 1415
891 / 1415
892 / 1415
893 / 1415
894 / 1415
895 / 1415
896 / 1415
897 / 1415
898 / 1415
899 / 1415
900 / 1415
901 / 1415
902 / 1415
903 / 1415
904 / 1415
905 / 1415
906 / 1415
907 / 1415
908 / 1415
909 / 1415
910 / 1415
911 / 1415
912 / 1415
913 / 1415
914 / 1415
915 / 1415
916 / 1415
917 / 1415
918 / 1415
919 / 1415
920 / 1415
921 / 1415
922 / 1415
923 / 1415
924 / 1415
925 / 1415
926 / 1415
927 / 1415
928 / 1415
929 / 1415
930 / 1415
931 / 1415
932 / 1415
933 / 1415
934 / 1415
935 / 1415
936 / 1415
937 / 1415
938 / 1415
939 / 1415
940 / 1415
941 / 1415
942 / 1415
943 / 1415
944 / 1415
945 / 1415
946 / 1415
947 / 1415
948 / 1415
949 / 1415
950 / 1415
951 / 1415
952 / 1415
953 / 1415
954 / 1415
955 / 1415
956 / 1415
957 / 1415
958 / 1415
959 / 1415
960 / 1415
961 / 1415
962 / 1415
963 / 1415
964 / 1415
965 / 1415
966 / 1415
967 / 1415
968 / 1415
969 / 1415
970 / 1415
971 / 1415
972 / 1415
973 / 1415
974 / 1415
975 / 1415
976 / 1415
977 / 1415
978 / 1415
979 / 1415
980 / 1415
981 / 1415
982 / 1415
983 / 1415
984 / 1415
985 / 1415
986 / 1415
987 / 1415
988 / 1415
989 / 1415
990 / 1415
991 / 1415
992 / 1415
993 / 1415
994 / 1415
995 / 1415
996 / 1415
997 / 1415
998 / 1415
999 / 1415
1000 / 1415
1001 / 1415
1002 / 1415
1003 / 1415
1004 / 1415
1005 / 1415
1006 / 1415
1007 / 1415
1008 / 1415
1009 / 1415
1010 / 1415
1011 / 1415
1012 / 1415
1013 / 1415
1014 / 1415
1015 / 1415
1016 / 1415
1017 / 1415
1018 / 1415
1019 / 1415
1020 / 1415
1021 / 1415
1022 / 1415
1023 / 1415
1024 / 1415
1025 / 1415
1026 / 1415
1027 / 1415
1028 / 1415
1029 / 1415
1030 / 1415
1031 / 1415
1032 / 1415
1033 / 1415
1034 / 1415
1035 / 1415
1036 / 1415
1037 / 1415
1038 / 1415
1039 / 1415
1040 / 1415
1041 / 1415
1042 / 1415
1043 / 1415
1044 / 1415
1045 / 1415
1046 / 1415
1047 / 1415
1048 / 1415
1049 / 1415
1050 / 1415
1051 / 1415
1052 / 1415
1053 / 1415
1054 / 1415
1055 / 1415
1056 / 1415
1057 / 1415
1058 / 1415
1059 / 1415
1060 / 1415
1061 / 1415
1062 / 1415
1063 / 1415
1064 / 1415
1065 / 1415
1066 / 1415
1067 / 1415
1068 / 1415
1069 / 1415
1070 / 1415
1071 / 1415
1072 / 1415
1073 / 1415
1074 / 1415
1075 / 1415
1076 / 1415
1077 / 1415
1078 / 1415
1079 / 1415
1080 / 1415
1081 / 1415
1082 / 1415
1083 / 1415
1084 / 1415
1085 / 1415
1086 / 1415
1087 / 1415
1088 / 1415
1089 / 1415
1090 / 1415
1091 / 1415
1092 / 1415
1093 / 1415
1094 / 1415
1095 / 1415
1096 / 1415
1097 / 1415
1098 / 1415
1099 / 1415
1100 / 1415
1101 / 1415
1102 / 1415
1103 / 1415
1104 / 1415
1105 / 1415
1106 / 1415
1107 / 1415
1108 / 1415
1109 / 1415
1110 / 1415
1111 / 1415
1112 / 1415
1113 / 1415
1114 / 1415
1115 / 1415
1116 / 1415
1117 / 1415
1118 / 1415
1119 / 1415
1120 / 1415
1121 / 1415
1122 / 1415
1123 / 1415
1124 / 1415
1125 / 1415
1126 / 1415
1127 / 1415
1128 / 1415
1129 / 1415
1130 / 1415
1131 / 1415
1132 / 1415
1133 / 1415
1134 / 1415
1135 / 1415
1136 / 1415
1137 / 1415
1138 / 1415
1139 / 1415
1140 / 1415
1141 / 1415
1142 / 1415
1143 / 1415
1144 / 1415
1145 / 1415
1146 / 1415
1147 / 1415
1148 / 1415
1149 / 1415
1150 / 1415
1151 / 1415
1152 / 1415
1153 / 1415
1154 / 1415
1155 / 1415
1156 / 1415
1157 / 1415
1158 / 1415
1159 / 1415
1160 / 1415
1161 / 1415
1162 / 1415
1163 / 1415
1164 / 1415
1165 / 1415
1166 / 1415
1167 / 1415
1168 / 1415
1169 / 1415
1170 / 1415
1171 / 1415
1172 / 1415
1173 / 1415
1174 / 1415
1175 / 1415
1176 / 1415
1177 / 1415
1178 / 1415
1179 / 1415
1180 / 1415
1181 / 1415
1182 / 1415
1183 / 1415
1184 / 1415
1185 / 1415
1186 / 1415
1187 / 1415
1188 / 1415
1189 / 1415
1190 / 1415
1191 / 1415
1192 / 1415
1193 / 1415
1194 / 1415
1195 / 1415
1196 / 1415
1197 / 1415
1198 / 1415
1199 / 1415
1200 / 1415
1201 / 1415
1202 / 1415
1203 / 1415
1204 / 1415
1205 / 1415
1206 / 1415
1207 / 1415
1208 / 1415
1209 / 1415
1210 / 1415
1211 / 1415
1212 / 1415
1213 / 1415
1214 / 1415
1215 / 1415
1216 / 1415
1217 / 1415
1218 / 1415
1219 / 1415
1220 / 1415
1221 / 1415
1222 / 1415
1223 / 1415
1224 / 1415
1225 / 1415
1226 / 1415
1227 / 1415
1228 / 1415
1229 / 1415
1230 / 1415
1231 / 1415
1232 / 1415
1233 / 1415
1234 / 1415
1235 / 1415
1236 / 1415
1237 / 1415
1238 / 1415
1239 / 1415
1240 / 1415
1241 / 1415
1242 / 1415
1243 / 1415
1244 / 1415
1245 / 1415
1246 / 1415
1247 / 1415
1248 / 1415
1249 / 1415
1250 / 1415
1251 / 1415
1252 / 1415
1253 / 1415
1254 / 1415
1255 / 1415
1256 / 1415
1257 / 1415
1258 / 1415
1259 / 1415
1260 / 1415
1261 / 1415
1262 / 1415
1263 / 1415
1264 / 1415
1265 / 1415
1266 / 1415
1267 / 1415
1268 / 1415
1269 / 1415
1270 / 1415
1271 / 1415
1272 / 1415
1273 / 1415
1274 / 1415
1275 / 1415
1276 / 1415
1277 / 1415
1278 / 1415
1279 / 1415
1280 / 1415
1281 / 1415
1282 / 1415
1283 / 1415
1284 / 1415
1285 / 1415
1286 / 1415
1287 / 1415
1288 / 1415
1289 / 1415
1290 / 1415
1291 / 1415
1292 / 1415
1293 / 1415
1294 / 1415
1295 / 1415
1296 / 1415
1297 / 1415
1298 / 1415
1299 / 1415
1300 / 1415
1301 / 1415
1302 / 1415
1303 / 1415
1304 / 1415
1305 / 1415
1306 / 1415
1307 / 1415
1308 / 1415
1309 / 1415
1310 / 1415
1311 / 1415
1312 / 1415
1313 / 1415
1314 / 1415
1315 / 1415
1316 / 1415
1317 / 1415
1318 / 1415
1319 / 1415
1320 / 1415
1321 / 1415
1322 / 1415
1323 / 1415
1324 / 1415
1325 / 1415
1326 / 1415
1327 / 1415
1328 / 1415
1329 / 1415
1330 / 1415
1331 / 1415
1332 / 1415
1333 / 1415
1334 / 1415
1335 / 1415
1336 / 1415
1337 / 1415
1338 / 1415
1339 / 1415
1340 / 1415
1341 / 1415
1342 / 1415
1343 / 1415
1344 / 1415
1345 / 1415
1346 / 1415
1347 / 1415
1348 / 1415
1349 / 1415
1350 / 1415
1351 / 1415
1352 / 1415
1353 / 1415
1354 / 1415
1355 / 1415
1356 / 1415
1357 / 1415
1358 / 1415
1359 / 1415
1360 / 1415
1361 / 1415
1362 / 1415
1363 / 1415
1364 / 1415
1365 / 1415
1366 / 1415
1367 / 1415
1368 / 1415
1369 / 1415
1370 / 1415
1371 / 1415
1372 / 1415
1373 / 1415
1374 / 1415
1375 / 1415
1376 / 1415
1377 / 1415
1378 / 1415
1379 / 1415
1380 / 1415
1381 / 1415
1382 / 1415
1383 / 1415
1384 / 1415
1385 / 1415
1386 / 1415
1387 / 1415
1388 / 1415
1389 / 1415
1390 / 1415
1391 / 1415
1392 / 1415
1393 / 1415
1394 / 1415
1395 / 1415
1396 / 1415
1397 / 1415
1398 / 1415
1399 / 1415
1400 / 1415
1401 / 1415
1402 / 1415
1403 / 1415
1404 / 1415
1405 / 1415
1406 / 1415
1407 / 1415
1408 / 1415
1409 / 1415
1410 / 1415
1411 / 1415
1412 / 1415
1413 / 1415
1414 / 1415
1415 / 1415
JOBSFINISHED
