1 / 467
2 / 467
3 / 467
4 / 467
5 / 467
6 / 467
7 / 467
8 / 467
9 / 467
10 / 467
11 / 467
12 / 467
13 / 467
14 / 467
15 / 467
16 / 467
17 / 467
18 / 467
19 / 467
20 / 467
21 / 467
22 / 467
23 / 467
24 / 467
25 / 467
26 / 467
27 / 467
28 / 467
29 / 467
30 / 467
31 / 467
32 / 467
33 / 467
34 / 467
35 / 467
36 / 467
37 / 467
38 / 467
39 / 467
40 / 467
41 / 467
42 / 467
43 / 467
44 / 467
45 / 467
46 / 467
47 / 467
48 / 467
49 / 467
50 / 467
51 / 467
52 / 467
53 / 467
54 / 467
55 / 467
56 / 467
57 / 467
58 / 467
59 / 467
60 / 467
61 / 467
62 / 467
63 / 467
64 / 467
65 / 467
66 / 467
67 / 467
68 / 467
69 / 467
70 / 467
71 / 467
72 / 467
73 / 467
74 / 467
75 / 467
76 / 467
77 / 467
78 / 467
79 / 467
80 / 467
81 / 467
82 / 467
83 / 467
84 / 467
85 / 467
86 / 467
87 / 467
88 / 467
89 / 467
90 / 467
91 / 467
92 / 467
93 / 467
94 / 467
95 / 467
96 / 467
97 / 467
98 / 467
99 / 467
100 / 467
101 / 467
102 / 467
103 / 467
104 / 467
105 / 467
106 / 467
107 / 467
108 / 467
109 / 467
110 / 467
111 / 467
112 / 467
113 / 467
114 / 467
115 / 467
116 / 467
117 / 467
118 / 467
119 / 467
120 / 467
121 / 467
122 / 467
123 / 467
124 / 467
125 / 467
126 / 467
127 / 467
128 / 467
129 / 467
130 / 467
131 / 467
132 / 467
133 / 467
134 / 467
135 / 467
136 / 467
137 / 467
138 / 467
139 / 467
140 / 467
141 / 467
142 / 467
143 / 467
144 / 467
145 / 467
146 / 467
147 / 467
148 / 467
149 / 467
150 / 467
151 / 467
152 / 467
153 / 467
154 / 467
155 / 467
156 / 467
157 / 467
158 / 467
159 / 467
160 / 467
161 / 467
162 / 467
163 / 467
164 / 467
165 / 467
166 / 467
167 / 467
168 / 467
169 / 467
170 / 467
171 / 467
172 / 467
173 / 467
174 / 467
175 / 467
176 / 467
177 / 467
178 / 467
179 / 467
180 / 467
181 / 467
182 / 467
183 / 467
184 / 467
185 / 467
186 / 467
187 / 467
188 / 467
189 / 467
190 / 467
191 / 467
192 / 467
193 / 467
194 / 467
195 / 467
196 / 467
197 / 467
198 / 467
199 / 467
200 / 467
201 / 467
202 / 467
203 / 467
204 / 467
205 / 467
206 / 467
207 / 467
208 / 467
209 / 467
210 / 467
211 / 467
212 / 467
213 / 467
214 / 467
215 / 467
216 / 467
217 / 467
218 / 467
219 / 467
220 / 467
221 / 467
222 / 467
223 / 467
224 / 467
225 / 467
226 / 467
227 / 467
228 / 467
229 / 467
230 / 467
231 / 467
232 / 467
233 / 467
234 / 467
235 / 467
236 / 467
237 / 467
238 / 467
239 / 467
240 / 467
241 / 467
242 / 467
243 / 467
244 / 467
245 / 467
246 / 467
247 / 467
248 / 467
249 / 467
250 / 467
251 / 467
252 / 467
253 / 467
254 / 467
255 / 467
256 / 467
257 / 467
258 / 467
259 / 467
260 / 467
261 / 467
262 / 467
263 / 467
264 / 467
265 / 467
266 / 467
267 / 467
268 / 467
269 / 467
270 / 467
271 / 467
272 / 467
273 / 467
274 / 467
275 / 467
276 / 467
277 / 467
278 / 467
279 / 467
280 / 467
281 / 467
282 / 467
283 / 467
284 / 467
285 / 467
286 / 467
287 / 467
288 / 467
289 / 467
290 / 467
291 / 467
292 / 467
293 / 467
294 / 467
295 / 467
296 / 467
297 / 467
298 / 467
299 / 467
300 / 467
301 / 467
302 / 467
303 / 467
304 / 467
305 / 467
306 / 467
307 / 467
308 / 467
309 / 467
310 / 467
311 / 467
312 / 467
313 / 467
314 / 467
315 / 467
316 / 467
317 / 467
318 / 467
319 / 467
320 / 467
321 / 467
322 / 467
323 / 467
324 / 467
325 / 467
326 / 467
327 / 467
328 / 467
329 / 467
330 / 467
331 / 467
332 / 467
333 / 467
334 / 467
335 / 467
336 / 467
337 / 467
338 / 467
339 / 467
340 / 467
341 / 467
342 / 467
343 / 467
344 / 467
345 / 467
346 / 467
347 / 467
348 / 467
349 / 467
350 / 467
351 / 467
352 / 467
353 / 467
354 / 467
355 / 467
356 / 467
357 / 467
358 / 467
359 / 467
360 / 467
361 / 467
362 / 467
363 / 467
364 / 467
365 / 467
366 / 467
367 / 467
368 / 467
369 / 467
370 / 467
371 / 467
372 / 467
373 / 467
374 / 467
375 / 467
376 / 467
377 / 467
378 / 467
379 / 467
380 / 467
381 / 467
382 / 467
383 / 467
384 / 467
385 / 467
386 / 467
387 / 467
388 / 467
389 / 467
390 / 467
391 / 467
392 / 467
393 / 467
394 / 467
395 / 467
396 / 467
397 / 467
398 / 467
399 / 467
400 / 467
401 / 467
402 / 467
403 / 467
404 / 467
405 / 467
406 / 467
407 / 467
408 / 467
409 / 467
410 / 467
411 / 467
412 / 467
413 / 467
414 / 467
415 / 467
416 / 467
417 / 467
418 / 467
419 / 467
420 / 467
421 / 467
422 / 467
423 / 467
424 / 467
425 / 467
426 / 467
427 / 467
428 / 467
429 / 467
430 / 467
431 / 467
432 / 467
433 / 467
434 / 467
435 / 467
436 / 467
437 / 467
438 / 467
439 / 467
440 / 467
441 / 467
442 / 467
443 / 467
444 / 467
445 / 467
446 / 467
447 / 467
448 / 467
449 / 467
450 / 467
451 / 467
452 / 467
453 / 467
454 / 467
455 / 467
456 / 467
457 / 467
458 / 467
459 / 467
460 / 467
461 / 467
462 / 467
463 / 467
464 / 467
465 / 467
466 / 467
467 / 467
JOBSFINISHED
