1 / 414
2 / 414
3 / 414
4 / 414
5 / 414
6 / 414
7 / 414
8 / 414
9 / 414
10 / 414
11 / 414
12 / 414
13 / 414
14 / 414
15 / 414
16 / 414
17 / 414
18 / 414
19 / 414
20 / 414
21 / 414
22 / 414
23 / 414
24 / 414
25 / 414
26 / 414
27 / 414
28 / 414
29 / 414
30 / 414
31 / 414
32 / 414
33 / 414
34 / 414
35 / 414
36 / 414
37 / 414
38 / 414
39 / 414
40 / 414
41 / 414
42 / 414
43 / 414
44 / 414
45 / 414
46 / 414
47 / 414
48 / 414
49 / 414
50 / 414
51 / 414
52 / 414
53 / 414
54 / 414
55 / 414
56 / 414
57 / 414
58 / 414
59 / 414
60 / 414
61 / 414
62 / 414
63 / 414
64 / 414
65 / 414
66 / 414
67 / 414
68 / 414
69 / 414
70 / 414
71 / 414
72 / 414
73 / 414
74 / 414
75 / 414
76 / 414
77 / 414
78 / 414
79 / 414
80 / 414
81 / 414
82 / 414
83 / 414
84 / 414
85 / 414
86 / 414
87 / 414
88 / 414
89 / 414
90 / 414
91 / 414
92 / 414
93 / 414
94 / 414
95 / 414
96 / 414
97 / 414
98 / 414
99 / 414
100 / 414
101 / 414
102 / 414
103 / 414
104 / 414
105 / 414
106 / 414
107 / 414
108 / 414
109 / 414
110 / 414
111 / 414
112 / 414
113 / 414
114 / 414
115 / 414
116 / 414
117 / 414
118 / 414
119 / 414
120 / 414
121 / 414
122 / 414
123 / 414
124 / 414
125 / 414
126 / 414
127 / 414
128 / 414
129 / 414
130 / 414
131 / 414
132 / 414
133 / 414
134 / 414
135 / 414
136 / 414
137 / 414
138 / 414
139 / 414
140 / 414
141 / 414
142 / 414
143 / 414
144 / 414
145 / 414
146 / 414
147 / 414
148 / 414
149 / 414
150 / 414
151 / 414
152 / 414
153 / 414
154 / 414
155 / 414
156 / 414
157 / 414
158 / 414
159 / 414
160 / 414
161 / 414
162 / 414
163 / 414
164 / 414
165 / 414
166 / 414
167 / 414
168 / 414
169 / 414
170 / 414
171 / 414
172 / 414
173 / 414
174 / 414
175 / 414
176 / 414
177 / 414
178 / 414
179 / 414
180 / 414
181 / 414
182 / 414
183 / 414
184 / 414
185 / 414
186 / 414
187 / 414
188 / 414
189 / 414
190 / 414
191 / 414
192 / 414
193 / 414
194 / 414
195 / 414
196 / 414
197 / 414
198 / 414
199 / 414
200 / 414
201 / 414
202 / 414
203 / 414
204 / 414
205 / 414
206 / 414
207 / 414
208 / 414
209 / 414
210 / 414
211 / 414
212 / 414
213 / 414
214 / 414
215 / 414
216 / 414
217 / 414
218 / 414
219 / 414
220 / 414
221 / 414
222 / 414
223 / 414
224 / 414
225 / 414
226 / 414
227 / 414
228 / 414
229 / 414
230 / 414
231 / 414
232 / 414
233 / 414
234 / 414
235 / 414
236 / 414
237 / 414
238 / 414
239 / 414
240 / 414
241 / 414
242 / 414
243 / 414
244 / 414
245 / 414
246 / 414
247 / 414
248 / 414
249 / 414
250 / 414
251 / 414
252 / 414
253 / 414
254 / 414
255 / 414
256 / 414
257 / 414
258 / 414
259 / 414
260 / 414
261 / 414
262 / 414
263 / 414
264 / 414
265 / 414
266 / 414
267 / 414
268 / 414
269 / 414
270 / 414
271 / 414
272 / 414
273 / 414
274 / 414
275 / 414
276 / 414
277 / 414
278 / 414
279 / 414
280 / 414
281 / 414
282 / 414
283 / 414
284 / 414
285 / 414
286 / 414
287 / 414
288 / 414
289 / 414
290 / 414
291 / 414
292 / 414
293 / 414
294 / 414
295 / 414
296 / 414
297 / 414
298 / 414
299 / 414
300 / 414
301 / 414
302 / 414
303 / 414
304 / 414
305 / 414
306 / 414
307 / 414
308 / 414
309 / 414
310 / 414
311 / 414
312 / 414
313 / 414
314 / 414
315 / 414
316 / 414
317 / 414
318 / 414
319 / 414
320 / 414
321 / 414
322 / 414
323 / 414
324 / 414
325 / 414
326 / 414
327 / 414
328 / 414
329 / 414
330 / 414
331 / 414
332 / 414
333 / 414
334 / 414
335 / 414
336 / 414
337 / 414
338 / 414
339 / 414
340 / 414
341 / 414
342 / 414
343 / 414
344 / 414
345 / 414
346 / 414
347 / 414
348 / 414
349 / 414
350 / 414
351 / 414
352 / 414
353 / 414
354 / 414
355 / 414
356 / 414
357 / 414
358 / 414
359 / 414
360 / 414
361 / 414
362 / 414
363 / 414
364 / 414
365 / 414
366 / 414
367 / 414
368 / 414
369 / 414
370 / 414
371 / 414
372 / 414
373 / 414
374 / 414
375 / 414
376 / 414
377 / 414
378 / 414
379 / 414
380 / 414
381 / 414
382 / 414
383 / 414
384 / 414
385 / 414
386 / 414
387 / 414
388 / 414
389 / 414
390 / 414
391 / 414
392 / 414
393 / 414
394 / 414
395 / 414
396 / 414
397 / 414
398 / 414
399 / 414
400 / 414
401 / 414
402 / 414
403 / 414
404 / 414
405 / 414
406 / 414
407 / 414
408 / 414
409 / 414
410 / 414
411 / 414
412 / 414
413 / 414
414 / 414
JOBSFINISHED
