using old nif file for bgAT
using old odv file for bgAT
1 / 7899
2 / 7899
3 / 7899
4 / 7899
5 / 7899
6 / 7899
7 / 7899
8 / 7899
9 / 7899
10 / 7899
11 / 7899
12 / 7899
13 / 7899
14 / 7899
15 / 7899
16 / 7899
17 / 7899
18 / 7899
19 / 7899
20 / 7899
21 / 7899
22 / 7899
23 / 7899
24 / 7899
25 / 7899
26 / 7899
27 / 7899
28 / 7899
29 / 7899
30 / 7899
31 / 7899
32 / 7899
33 / 7899
34 / 7899
35 / 7899
36 / 7899
37 / 7899
38 / 7899
39 / 7899
40 / 7899
41 / 7899
42 / 7899
43 / 7899
44 / 7899
45 / 7899
46 / 7899
47 / 7899
48 / 7899
49 / 7899
50 / 7899
51 / 7899
52 / 7899
53 / 7899
54 / 7899
55 / 7899
56 / 7899
57 / 7899
58 / 7899
59 / 7899
60 / 7899
61 / 7899
62 / 7899
63 / 7899
64 / 7899
65 / 7899
66 / 7899
67 / 7899
68 / 7899
69 / 7899
70 / 7899
71 / 7899
72 / 7899
73 / 7899
74 / 7899
75 / 7899
76 / 7899
77 / 7899
78 / 7899
79 / 7899
80 / 7899
81 / 7899
82 / 7899
83 / 7899
84 / 7899
85 / 7899
86 / 7899
87 / 7899
88 / 7899
89 / 7899
90 / 7899
91 / 7899
92 / 7899
93 / 7899
94 / 7899
95 / 7899
96 / 7899
97 / 7899
98 / 7899
99 / 7899
100 / 7899
101 / 7899
102 / 7899
103 / 7899
104 / 7899
105 / 7899
106 / 7899
107 / 7899
108 / 7899
109 / 7899
110 / 7899
111 / 7899
112 / 7899
113 / 7899
114 / 7899
115 / 7899
116 / 7899
117 / 7899
118 / 7899
119 / 7899
120 / 7899
121 / 7899
122 / 7899
123 / 7899
124 / 7899
125 / 7899
126 / 7899
127 / 7899
128 / 7899
129 / 7899
130 / 7899
131 / 7899
132 / 7899
133 / 7899
134 / 7899
135 / 7899
136 / 7899
137 / 7899
138 / 7899
139 / 7899
140 / 7899
141 / 7899
142 / 7899
143 / 7899
144 / 7899
145 / 7899
146 / 7899
147 / 7899
148 / 7899
149 / 7899
150 / 7899
151 / 7899
152 / 7899
153 / 7899
154 / 7899
155 / 7899
156 / 7899
157 / 7899
158 / 7899
159 / 7899
160 / 7899
161 / 7899
162 / 7899
163 / 7899
164 / 7899
165 / 7899
166 / 7899
167 / 7899
168 / 7899
169 / 7899
170 / 7899
171 / 7899
172 / 7899
173 / 7899
174 / 7899
175 / 7899
176 / 7899
177 / 7899
178 / 7899
179 / 7899
180 / 7899
181 / 7899
182 / 7899
183 / 7899
184 / 7899
185 / 7899
186 / 7899
187 / 7899
188 / 7899
189 / 7899
190 / 7899
191 / 7899
192 / 7899
193 / 7899
194 / 7899
195 / 7899
196 / 7899
197 / 7899
198 / 7899
199 / 7899
200 / 7899
201 / 7899
202 / 7899
203 / 7899
204 / 7899
205 / 7899
206 / 7899
207 / 7899
208 / 7899
209 / 7899
210 / 7899
211 / 7899
212 / 7899
213 / 7899
214 / 7899
215 / 7899
216 / 7899
217 / 7899
218 / 7899
219 / 7899
220 / 7899
221 / 7899
222 / 7899
223 / 7899
224 / 7899
225 / 7899
226 / 7899
227 / 7899
228 / 7899
229 / 7899
230 / 7899
231 / 7899
232 / 7899
233 / 7899
234 / 7899
235 / 7899
236 / 7899
237 / 7899
238 / 7899
239 / 7899
240 / 7899
241 / 7899
242 / 7899
243 / 7899
244 / 7899
245 / 7899
246 / 7899
247 / 7899
248 / 7899
249 / 7899
250 / 7899
251 / 7899
252 / 7899
253 / 7899
254 / 7899
255 / 7899
256 / 7899
257 / 7899
258 / 7899
259 / 7899
260 / 7899
261 / 7899
262 / 7899
263 / 7899
264 / 7899
265 / 7899
266 / 7899
267 / 7899
268 / 7899
269 / 7899
270 / 7899
271 / 7899
272 / 7899
273 / 7899
274 / 7899
275 / 7899
276 / 7899
277 / 7899
278 / 7899
279 / 7899
280 / 7899
281 / 7899
282 / 7899
283 / 7899
284 / 7899
285 / 7899
286 / 7899
287 / 7899
288 / 7899
289 / 7899
290 / 7899
291 / 7899
292 / 7899
293 / 7899
294 / 7899
295 / 7899
296 / 7899
297 / 7899
298 / 7899
299 / 7899
300 / 7899
301 / 7899
302 / 7899
303 / 7899
304 / 7899
305 / 7899
306 / 7899
307 / 7899
308 / 7899
309 / 7899
310 / 7899
311 / 7899
312 / 7899
313 / 7899
314 / 7899
315 / 7899
316 / 7899
317 / 7899
318 / 7899
319 / 7899
320 / 7899
321 / 7899
322 / 7899
323 / 7899
324 / 7899
325 / 7899
326 / 7899
327 / 7899
328 / 7899
329 / 7899
330 / 7899
331 / 7899
332 / 7899
333 / 7899
334 / 7899
335 / 7899
336 / 7899
337 / 7899
338 / 7899
339 / 7899
340 / 7899
341 / 7899
342 / 7899
343 / 7899
344 / 7899
345 / 7899
346 / 7899
347 / 7899
348 / 7899
349 / 7899
350 / 7899
351 / 7899
352 / 7899
353 / 7899
354 / 7899
355 / 7899
356 / 7899
357 / 7899
358 / 7899
359 / 7899
360 / 7899
361 / 7899
362 / 7899
363 / 7899
364 / 7899
365 / 7899
366 / 7899
367 / 7899
368 / 7899
369 / 7899
370 / 7899
371 / 7899
372 / 7899
373 / 7899
374 / 7899
375 / 7899
376 / 7899
377 / 7899
378 / 7899
379 / 7899
380 / 7899
381 / 7899
382 / 7899
383 / 7899
384 / 7899
385 / 7899
386 / 7899
387 / 7899
388 / 7899
389 / 7899
390 / 7899
391 / 7899
392 / 7899
393 / 7899
394 / 7899
395 / 7899
396 / 7899
397 / 7899
398 / 7899
399 / 7899
400 / 7899
401 / 7899
402 / 7899
403 / 7899
404 / 7899
405 / 7899
406 / 7899
407 / 7899
408 / 7899
409 / 7899
410 / 7899
411 / 7899
412 / 7899
413 / 7899
414 / 7899
415 / 7899
416 / 7899
417 / 7899
418 / 7899
419 / 7899
420 / 7899
421 / 7899
422 / 7899
423 / 7899
424 / 7899
425 / 7899
426 / 7899
427 / 7899
428 / 7899
429 / 7899
430 / 7899
431 / 7899
432 / 7899
433 / 7899
434 / 7899
435 / 7899
436 / 7899
437 / 7899
438 / 7899
439 / 7899
440 / 7899
441 / 7899
442 / 7899
443 / 7899
444 / 7899
445 / 7899
446 / 7899
447 / 7899
448 / 7899
449 / 7899
450 / 7899
451 / 7899
452 / 7899
453 / 7899
454 / 7899
455 / 7899
456 / 7899
457 / 7899
458 / 7899
459 / 7899
460 / 7899
461 / 7899
462 / 7899
463 / 7899
464 / 7899
465 / 7899
466 / 7899
467 / 7899
468 / 7899
469 / 7899
470 / 7899
471 / 7899
472 / 7899
473 / 7899
474 / 7899
475 / 7899
476 / 7899
477 / 7899
478 / 7899
479 / 7899
480 / 7899
481 / 7899
482 / 7899
483 / 7899
484 / 7899
485 / 7899
486 / 7899
487 / 7899
488 / 7899
489 / 7899
490 / 7899
491 / 7899
492 / 7899
493 / 7899
494 / 7899
495 / 7899
496 / 7899
497 / 7899
498 / 7899
499 / 7899
500 / 7899
501 / 7899
502 / 7899
503 / 7899
504 / 7899
505 / 7899
506 / 7899
507 / 7899
508 / 7899
509 / 7899
510 / 7899
511 / 7899
512 / 7899
513 / 7899
514 / 7899
515 / 7899
516 / 7899
517 / 7899
518 / 7899
519 / 7899
520 / 7899
521 / 7899
522 / 7899
523 / 7899
524 / 7899
525 / 7899
526 / 7899
527 / 7899
528 / 7899
529 / 7899
530 / 7899
531 / 7899
532 / 7899
533 / 7899
534 / 7899
535 / 7899
536 / 7899
537 / 7899
538 / 7899
539 / 7899
540 / 7899
541 / 7899
542 / 7899
543 / 7899
544 / 7899
545 / 7899
546 / 7899
547 / 7899
548 / 7899
549 / 7899
550 / 7899
551 / 7899
552 / 7899
553 / 7899
554 / 7899
555 / 7899
556 / 7899
557 / 7899
558 / 7899
559 / 7899
560 / 7899
561 / 7899
562 / 7899
563 / 7899
564 / 7899
565 / 7899
566 / 7899
567 / 7899
568 / 7899
569 / 7899
570 / 7899
571 / 7899
572 / 7899
573 / 7899
574 / 7899
575 / 7899
576 / 7899
577 / 7899
578 / 7899
579 / 7899
580 / 7899
581 / 7899
582 / 7899
583 / 7899
584 / 7899
585 / 7899
586 / 7899
587 / 7899
588 / 7899
589 / 7899
590 / 7899
591 / 7899
592 / 7899
593 / 7899
594 / 7899
595 / 7899
596 / 7899
597 / 7899
598 / 7899
599 / 7899
600 / 7899
601 / 7899
602 / 7899
603 / 7899
604 / 7899
605 / 7899
606 / 7899
607 / 7899
608 / 7899
609 / 7899
610 / 7899
611 / 7899
612 / 7899
613 / 7899
614 / 7899
615 / 7899
616 / 7899
617 / 7899
618 / 7899
619 / 7899
620 / 7899
621 / 7899
622 / 7899
623 / 7899
624 / 7899
625 / 7899
626 / 7899
627 / 7899
628 / 7899
629 / 7899
630 / 7899
631 / 7899
632 / 7899
633 / 7899
634 / 7899
635 / 7899
636 / 7899
637 / 7899
638 / 7899
639 / 7899
640 / 7899
641 / 7899
642 / 7899
643 / 7899
644 / 7899
645 / 7899
646 / 7899
647 / 7899
648 / 7899
649 / 7899
650 / 7899
651 / 7899
652 / 7899
653 / 7899
654 / 7899
655 / 7899
656 / 7899
657 / 7899
658 / 7899
659 / 7899
660 / 7899
661 / 7899
662 / 7899
663 / 7899
664 / 7899
665 / 7899
666 / 7899
667 / 7899
668 / 7899
669 / 7899
670 / 7899
671 / 7899
672 / 7899
673 / 7899
674 / 7899
675 / 7899
676 / 7899
677 / 7899
678 / 7899
679 / 7899
680 / 7899
681 / 7899
682 / 7899
683 / 7899
684 / 7899
685 / 7899
686 / 7899
687 / 7899
688 / 7899
689 / 7899
690 / 7899
691 / 7899
692 / 7899
693 / 7899
694 / 7899
695 / 7899
696 / 7899
697 / 7899
698 / 7899
699 / 7899
700 / 7899
701 / 7899
702 / 7899
703 / 7899
704 / 7899
705 / 7899
706 / 7899
707 / 7899
708 / 7899
709 / 7899
710 / 7899
711 / 7899
712 / 7899
713 / 7899
714 / 7899
715 / 7899
716 / 7899
717 / 7899
718 / 7899
719 / 7899
720 / 7899
721 / 7899
722 / 7899
723 / 7899
724 / 7899
725 / 7899
726 / 7899
727 / 7899
728 / 7899
729 / 7899
730 / 7899
731 / 7899
732 / 7899
733 / 7899
734 / 7899
735 / 7899
736 / 7899
737 / 7899
738 / 7899
739 / 7899
740 / 7899
741 / 7899
742 / 7899
743 / 7899
744 / 7899
745 / 7899
746 / 7899
747 / 7899
748 / 7899
749 / 7899
750 / 7899
751 / 7899
752 / 7899
753 / 7899
754 / 7899
755 / 7899
756 / 7899
757 / 7899
758 / 7899
759 / 7899
760 / 7899
761 / 7899
762 / 7899
763 / 7899
764 / 7899
765 / 7899
766 / 7899
767 / 7899
768 / 7899
769 / 7899
770 / 7899
771 / 7899
772 / 7899
773 / 7899
774 / 7899
775 / 7899
776 / 7899
777 / 7899
778 / 7899
779 / 7899
780 / 7899
781 / 7899
782 / 7899
783 / 7899
784 / 7899
785 / 7899
786 / 7899
787 / 7899
788 / 7899
789 / 7899
790 / 7899
791 / 7899
792 / 7899
793 / 7899
794 / 7899
795 / 7899
796 / 7899
797 / 7899
798 / 7899
799 / 7899
800 / 7899
801 / 7899
802 / 7899
803 / 7899
804 / 7899
805 / 7899
806 / 7899
807 / 7899
808 / 7899
809 / 7899
810 / 7899
811 / 7899
812 / 7899
813 / 7899
814 / 7899
815 / 7899
816 / 7899
817 / 7899
818 / 7899
819 / 7899
820 / 7899
821 / 7899
822 / 7899
823 / 7899
824 / 7899
825 / 7899
826 / 7899
827 / 7899
828 / 7899
829 / 7899
830 / 7899
831 / 7899
832 / 7899
833 / 7899
834 / 7899
835 / 7899
836 / 7899
837 / 7899
838 / 7899
839 / 7899
840 / 7899
841 / 7899
842 / 7899
843 / 7899
844 / 7899
845 / 7899
846 / 7899
847 / 7899
848 / 7899
849 / 7899
850 / 7899
851 / 7899
852 / 7899
853 / 7899
854 / 7899
855 / 7899
856 / 7899
857 / 7899
858 / 7899
859 / 7899
860 / 7899
861 / 7899
862 / 7899
863 / 7899
864 / 7899
865 / 7899
866 / 7899
867 / 7899
868 / 7899
869 / 7899
870 / 7899
871 / 7899
872 / 7899
873 / 7899
874 / 7899
875 / 7899
876 / 7899
877 / 7899
878 / 7899
879 / 7899
880 / 7899
881 / 7899
882 / 7899
883 / 7899
884 / 7899
885 / 7899
886 / 7899
887 / 7899
888 / 7899
889 / 7899
890 / 7899
891 / 7899
892 / 7899
893 / 7899
894 / 7899
895 / 7899
896 / 7899
897 / 7899
898 / 7899
899 / 7899
900 / 7899
901 / 7899
902 / 7899
903 / 7899
904 / 7899
905 / 7899
906 / 7899
907 / 7899
908 / 7899
909 / 7899
910 / 7899
911 / 7899
912 / 7899
913 / 7899
914 / 7899
915 / 7899
916 / 7899
917 / 7899
918 / 7899
919 / 7899
920 / 7899
921 / 7899
922 / 7899
923 / 7899
924 / 7899
925 / 7899
926 / 7899
927 / 7899
928 / 7899
929 / 7899
930 / 7899
931 / 7899
932 / 7899
933 / 7899
934 / 7899
935 / 7899
936 / 7899
937 / 7899
938 / 7899
939 / 7899
940 / 7899
941 / 7899
942 / 7899
943 / 7899
944 / 7899
945 / 7899
946 / 7899
947 / 7899
948 / 7899
949 / 7899
950 / 7899
951 / 7899
952 / 7899
953 / 7899
954 / 7899
955 / 7899
956 / 7899
957 / 7899
958 / 7899
959 / 7899
960 / 7899
961 / 7899
962 / 7899
963 / 7899
964 / 7899
965 / 7899
966 / 7899
967 / 7899
968 / 7899
969 / 7899
970 / 7899
971 / 7899
972 / 7899
973 / 7899
974 / 7899
975 / 7899
976 / 7899
977 / 7899
978 / 7899
979 / 7899
980 / 7899
981 / 7899
982 / 7899
983 / 7899
984 / 7899
985 / 7899
986 / 7899
987 / 7899
988 / 7899
989 / 7899
990 / 7899
991 / 7899
992 / 7899
993 / 7899
994 / 7899
995 / 7899
996 / 7899
997 / 7899
998 / 7899
999 / 7899
1000 / 7899
1001 / 7899
1002 / 7899
1003 / 7899
1004 / 7899
1005 / 7899
1006 / 7899
1007 / 7899
1008 / 7899
1009 / 7899
1010 / 7899
1011 / 7899
1012 / 7899
1013 / 7899
1014 / 7899
1015 / 7899
1016 / 7899
1017 / 7899
1018 / 7899
1019 / 7899
1020 / 7899
1021 / 7899
1022 / 7899
1023 / 7899
1024 / 7899
1025 / 7899
1026 / 7899
1027 / 7899
1028 / 7899
1029 / 7899
1030 / 7899
1031 / 7899
1032 / 7899
1033 / 7899
1034 / 7899
1035 / 7899
1036 / 7899
1037 / 7899
1038 / 7899
1039 / 7899
1040 / 7899
1041 / 7899
1042 / 7899
1043 / 7899
1044 / 7899
1045 / 7899
1046 / 7899
1047 / 7899
1048 / 7899
1049 / 7899
1050 / 7899
1051 / 7899
1052 / 7899
1053 / 7899
1054 / 7899
1055 / 7899
1056 / 7899
1057 / 7899
1058 / 7899
1059 / 7899
1060 / 7899
1061 / 7899
1062 / 7899
1063 / 7899
1064 / 7899
1065 / 7899
1066 / 7899
1067 / 7899
1068 / 7899
1069 / 7899
1070 / 7899
1071 / 7899
1072 / 7899
1073 / 7899
1074 / 7899
1075 / 7899
1076 / 7899
1077 / 7899
1078 / 7899
1079 / 7899
1080 / 7899
1081 / 7899
1082 / 7899
1083 / 7899
1084 / 7899
1085 / 7899
1086 / 7899
1087 / 7899
1088 / 7899
1089 / 7899
1090 / 7899
1091 / 7899
1092 / 7899
1093 / 7899
1094 / 7899
1095 / 7899
1096 / 7899
1097 / 7899
1098 / 7899
1099 / 7899
1100 / 7899
1101 / 7899
1102 / 7899
1103 / 7899
1104 / 7899
1105 / 7899
1106 / 7899
1107 / 7899
1108 / 7899
1109 / 7899
1110 / 7899
1111 / 7899
1112 / 7899
1113 / 7899
1114 / 7899
1115 / 7899
1116 / 7899
1117 / 7899
1118 / 7899
1119 / 7899
1120 / 7899
1121 / 7899
1122 / 7899
1123 / 7899
1124 / 7899
1125 / 7899
1126 / 7899
1127 / 7899
1128 / 7899
1129 / 7899
1130 / 7899
1131 / 7899
1132 / 7899
1133 / 7899
1134 / 7899
1135 / 7899
1136 / 7899
1137 / 7899
1138 / 7899
1139 / 7899
1140 / 7899
1141 / 7899
1142 / 7899
1143 / 7899
1144 / 7899
1145 / 7899
1146 / 7899
1147 / 7899
1148 / 7899
1149 / 7899
1150 / 7899
1151 / 7899
1152 / 7899
1153 / 7899
1154 / 7899
1155 / 7899
1156 / 7899
1157 / 7899
1158 / 7899
1159 / 7899
1160 / 7899
1161 / 7899
1162 / 7899
1163 / 7899
1164 / 7899
1165 / 7899
1166 / 7899
1167 / 7899
1168 / 7899
1169 / 7899
1170 / 7899
1171 / 7899
1172 / 7899
1173 / 7899
1174 / 7899
1175 / 7899
1176 / 7899
1177 / 7899
1178 / 7899
1179 / 7899
1180 / 7899
1181 / 7899
1182 / 7899
1183 / 7899
1184 / 7899
1185 / 7899
1186 / 7899
1187 / 7899
1188 / 7899
1189 / 7899
1190 / 7899
1191 / 7899
1192 / 7899
1193 / 7899
1194 / 7899
1195 / 7899
1196 / 7899
1197 / 7899
1198 / 7899
1199 / 7899
1200 / 7899
1201 / 7899
1202 / 7899
1203 / 7899
1204 / 7899
1205 / 7899
1206 / 7899
1207 / 7899
1208 / 7899
1209 / 7899
1210 / 7899
1211 / 7899
1212 / 7899
1213 / 7899
1214 / 7899
1215 / 7899
1216 / 7899
1217 / 7899
1218 / 7899
1219 / 7899
1220 / 7899
1221 / 7899
1222 / 7899
1223 / 7899
1224 / 7899
1225 / 7899
1226 / 7899
1227 / 7899
1228 / 7899
1229 / 7899
1230 / 7899
1231 / 7899
1232 / 7899
1233 / 7899
1234 / 7899
1235 / 7899
1236 / 7899
1237 / 7899
1238 / 7899
1239 / 7899
1240 / 7899
1241 / 7899
1242 / 7899
1243 / 7899
1244 / 7899
1245 / 7899
1246 / 7899
1247 / 7899
1248 / 7899
1249 / 7899
1250 / 7899
1251 / 7899
1252 / 7899
1253 / 7899
1254 / 7899
1255 / 7899
1256 / 7899
1257 / 7899
1258 / 7899
1259 / 7899
1260 / 7899
1261 / 7899
1262 / 7899
1263 / 7899
1264 / 7899
1265 / 7899
1266 / 7899
1267 / 7899
1268 / 7899
1269 / 7899
1270 / 7899
1271 / 7899
1272 / 7899
1273 / 7899
1274 / 7899
1275 / 7899
1276 / 7899
1277 / 7899
1278 / 7899
1279 / 7899
1280 / 7899
1281 / 7899
1282 / 7899
1283 / 7899
1284 / 7899
1285 / 7899
1286 / 7899
1287 / 7899
1288 / 7899
1289 / 7899
1290 / 7899
1291 / 7899
1292 / 7899
1293 / 7899
1294 / 7899
1295 / 7899
1296 / 7899
1297 / 7899
1298 / 7899
1299 / 7899
1300 / 7899
1301 / 7899
1302 / 7899
1303 / 7899
1304 / 7899
1305 / 7899
1306 / 7899
1307 / 7899
1308 / 7899
1309 / 7899
1310 / 7899
1311 / 7899
1312 / 7899
1313 / 7899
1314 / 7899
1315 / 7899
1316 / 7899
1317 / 7899
1318 / 7899
1319 / 7899
1320 / 7899
1321 / 7899
1322 / 7899
1323 / 7899
1324 / 7899
1325 / 7899
1326 / 7899
1327 / 7899
1328 / 7899
1329 / 7899
1330 / 7899
1331 / 7899
1332 / 7899
1333 / 7899
1334 / 7899
1335 / 7899
1336 / 7899
1337 / 7899
1338 / 7899
1339 / 7899
1340 / 7899
1341 / 7899
1342 / 7899
1343 / 7899
1344 / 7899
1345 / 7899
1346 / 7899
1347 / 7899
1348 / 7899
1349 / 7899
1350 / 7899
1351 / 7899
1352 / 7899
1353 / 7899
1354 / 7899
1355 / 7899
1356 / 7899
1357 / 7899
1358 / 7899
1359 / 7899
1360 / 7899
1361 / 7899
1362 / 7899
1363 / 7899
1364 / 7899
1365 / 7899
1366 / 7899
1367 / 7899
1368 / 7899
1369 / 7899
1370 / 7899
1371 / 7899
1372 / 7899
1373 / 7899
1374 / 7899
1375 / 7899
1376 / 7899
1377 / 7899
1378 / 7899
1379 / 7899
1380 / 7899
1381 / 7899
1382 / 7899
1383 / 7899
1384 / 7899
1385 / 7899
1386 / 7899
1387 / 7899
1388 / 7899
1389 / 7899
1390 / 7899
1391 / 7899
1392 / 7899
1393 / 7899
1394 / 7899
1395 / 7899
1396 / 7899
1397 / 7899
1398 / 7899
1399 / 7899
1400 / 7899
1401 / 7899
1402 / 7899
1403 / 7899
1404 / 7899
1405 / 7899
1406 / 7899
1407 / 7899
1408 / 7899
1409 / 7899
1410 / 7899
1411 / 7899
1412 / 7899
1413 / 7899
1414 / 7899
1415 / 7899
1416 / 7899
1417 / 7899
1418 / 7899
1419 / 7899
1420 / 7899
1421 / 7899
1422 / 7899
1423 / 7899
1424 / 7899
1425 / 7899
1426 / 7899
1427 / 7899
1428 / 7899
1429 / 7899
1430 / 7899
1431 / 7899
1432 / 7899
1433 / 7899
1434 / 7899
1435 / 7899
1436 / 7899
1437 / 7899
1438 / 7899
1439 / 7899
1440 / 7899
1441 / 7899
1442 / 7899
1443 / 7899
1444 / 7899
1445 / 7899
1446 / 7899
1447 / 7899
1448 / 7899
1449 / 7899
1450 / 7899
1451 / 7899
1452 / 7899
1453 / 7899
1454 / 7899
1455 / 7899
1456 / 7899
1457 / 7899
1458 / 7899
1459 / 7899
1460 / 7899
1461 / 7899
1462 / 7899
1463 / 7899
1464 / 7899
1465 / 7899
1466 / 7899
1467 / 7899
1468 / 7899
1469 / 7899
1470 / 7899
1471 / 7899
1472 / 7899
1473 / 7899
1474 / 7899
1475 / 7899
1476 / 7899
1477 / 7899
1478 / 7899
1479 / 7899
1480 / 7899
1481 / 7899
1482 / 7899
1483 / 7899
1484 / 7899
1485 / 7899
1486 / 7899
1487 / 7899
1488 / 7899
1489 / 7899
1490 / 7899
1491 / 7899
1492 / 7899
1493 / 7899
1494 / 7899
1495 / 7899
1496 / 7899
1497 / 7899
1498 / 7899
1499 / 7899
1500 / 7899
1501 / 7899
1502 / 7899
1503 / 7899
1504 / 7899
1505 / 7899
1506 / 7899
1507 / 7899
1508 / 7899
1509 / 7899
1510 / 7899
1511 / 7899
1512 / 7899
1513 / 7899
1514 / 7899
1515 / 7899
1516 / 7899
1517 / 7899
1518 / 7899
1519 / 7899
1520 / 7899
1521 / 7899
1522 / 7899
1523 / 7899
1524 / 7899
1525 / 7899
1526 / 7899
1527 / 7899
1528 / 7899
1529 / 7899
1530 / 7899
1531 / 7899
1532 / 7899
1533 / 7899
1534 / 7899
1535 / 7899
1536 / 7899
1537 / 7899
1538 / 7899
1539 / 7899
1540 / 7899
1541 / 7899
1542 / 7899
1543 / 7899
1544 / 7899
1545 / 7899
1546 / 7899
1547 / 7899
1548 / 7899
1549 / 7899
1550 / 7899
1551 / 7899
1552 / 7899
1553 / 7899
1554 / 7899
1555 / 7899
1556 / 7899
1557 / 7899
1558 / 7899
1559 / 7899
1560 / 7899
1561 / 7899
1562 / 7899
1563 / 7899
1564 / 7899
1565 / 7899
1566 / 7899
1567 / 7899
1568 / 7899
1569 / 7899
1570 / 7899
1571 / 7899
1572 / 7899
1573 / 7899
1574 / 7899
1575 / 7899
1576 / 7899
1577 / 7899
1578 / 7899
1579 / 7899
1580 / 7899
1581 / 7899
1582 / 7899
1583 / 7899
1584 / 7899
1585 / 7899
1586 / 7899
1587 / 7899
1588 / 7899
1589 / 7899
1590 / 7899
1591 / 7899
1592 / 7899
1593 / 7899
1594 / 7899
1595 / 7899
1596 / 7899
1597 / 7899
1598 / 7899
1599 / 7899
1600 / 7899
1601 / 7899
1602 / 7899
1603 / 7899
1604 / 7899
1605 / 7899
1606 / 7899
1607 / 7899
1608 / 7899
1609 / 7899
1610 / 7899
1611 / 7899
1612 / 7899
1613 / 7899
1614 / 7899
1615 / 7899
1616 / 7899
1617 / 7899
1618 / 7899
1619 / 7899
1620 / 7899
1621 / 7899
1622 / 7899
1623 / 7899
1624 / 7899
1625 / 7899
1626 / 7899
1627 / 7899
1628 / 7899
1629 / 7899
1630 / 7899
1631 / 7899
1632 / 7899
1633 / 7899
1634 / 7899
1635 / 7899
1636 / 7899
1637 / 7899
1638 / 7899
1639 / 7899
1640 / 7899
1641 / 7899
1642 / 7899
1643 / 7899
1644 / 7899
1645 / 7899
1646 / 7899
1647 / 7899
1648 / 7899
1649 / 7899
1650 / 7899
1651 / 7899
1652 / 7899
1653 / 7899
1654 / 7899
1655 / 7899
1656 / 7899
1657 / 7899
1658 / 7899
1659 / 7899
1660 / 7899
1661 / 7899
1662 / 7899
1663 / 7899
1664 / 7899
1665 / 7899
1666 / 7899
1667 / 7899
1668 / 7899
1669 / 7899
1670 / 7899
1671 / 7899
1672 / 7899
1673 / 7899
1674 / 7899
1675 / 7899
1676 / 7899
1677 / 7899
1678 / 7899
1679 / 7899
1680 / 7899
1681 / 7899
1682 / 7899
1683 / 7899
1684 / 7899
1685 / 7899
1686 / 7899
1687 / 7899
1688 / 7899
1689 / 7899
1690 / 7899
1691 / 7899
1692 / 7899
1693 / 7899
1694 / 7899
1695 / 7899
1696 / 7899
1697 / 7899
1698 / 7899
1699 / 7899
1700 / 7899
1701 / 7899
1702 / 7899
1703 / 7899
1704 / 7899
1705 / 7899
1706 / 7899
1707 / 7899
1708 / 7899
1709 / 7899
1710 / 7899
1711 / 7899
1712 / 7899
1713 / 7899
1714 / 7899
1715 / 7899
1716 / 7899
1717 / 7899
1718 / 7899
1719 / 7899
1720 / 7899
1721 / 7899
1722 / 7899
1723 / 7899
1724 / 7899
1725 / 7899
1726 / 7899
1727 / 7899
1728 / 7899
1729 / 7899
1730 / 7899
1731 / 7899
1732 / 7899
1733 / 7899
1734 / 7899
1735 / 7899
1736 / 7899
1737 / 7899
1738 / 7899
1739 / 7899
1740 / 7899
1741 / 7899
1742 / 7899
1743 / 7899
1744 / 7899
1745 / 7899
1746 / 7899
1747 / 7899
1748 / 7899
1749 / 7899
1750 / 7899
1751 / 7899
1752 / 7899
1753 / 7899
1754 / 7899
1755 / 7899
1756 / 7899
1757 / 7899
1758 / 7899
1759 / 7899
1760 / 7899
1761 / 7899
1762 / 7899
1763 / 7899
1764 / 7899
1765 / 7899
1766 / 7899
1767 / 7899
1768 / 7899
1769 / 7899
1770 / 7899
1771 / 7899
1772 / 7899
1773 / 7899
1774 / 7899
1775 / 7899
1776 / 7899
1777 / 7899
1778 / 7899
1779 / 7899
1780 / 7899
1781 / 7899
1782 / 7899
1783 / 7899
1784 / 7899
1785 / 7899
1786 / 7899
1787 / 7899
1788 / 7899
1789 / 7899
1790 / 7899
1791 / 7899
1792 / 7899
1793 / 7899
1794 / 7899
1795 / 7899
1796 / 7899
1797 / 7899
1798 / 7899
1799 / 7899
1800 / 7899
1801 / 7899
1802 / 7899
1803 / 7899
1804 / 7899
1805 / 7899
1806 / 7899
1807 / 7899
1808 / 7899
1809 / 7899
1810 / 7899
1811 / 7899
1812 / 7899
1813 / 7899
1814 / 7899
1815 / 7899
1816 / 7899
1817 / 7899
1818 / 7899
1819 / 7899
1820 / 7899
1821 / 7899
1822 / 7899
1823 / 7899
1824 / 7899
1825 / 7899
1826 / 7899
1827 / 7899
1828 / 7899
1829 / 7899
1830 / 7899
1831 / 7899
1832 / 7899
1833 / 7899
1834 / 7899
1835 / 7899
1836 / 7899
1837 / 7899
1838 / 7899
1839 / 7899
1840 / 7899
1841 / 7899
1842 / 7899
1843 / 7899
1844 / 7899
1845 / 7899
1846 / 7899
1847 / 7899
1848 / 7899
1849 / 7899
1850 / 7899
1851 / 7899
1852 / 7899
1853 / 7899
1854 / 7899
1855 / 7899
1856 / 7899
1857 / 7899
1858 / 7899
1859 / 7899
1860 / 7899
1861 / 7899
1862 / 7899
1863 / 7899
1864 / 7899
1865 / 7899
1866 / 7899
1867 / 7899
1868 / 7899
1869 / 7899
1870 / 7899
1871 / 7899
1872 / 7899
1873 / 7899
1874 / 7899
1875 / 7899
1876 / 7899
1877 / 7899
1878 / 7899
1879 / 7899
1880 / 7899
1881 / 7899
1882 / 7899
1883 / 7899
1884 / 7899
1885 / 7899
1886 / 7899
1887 / 7899
1888 / 7899
1889 / 7899
1890 / 7899
1891 / 7899
1892 / 7899
1893 / 7899
1894 / 7899
1895 / 7899
1896 / 7899
1897 / 7899
1898 / 7899
1899 / 7899
1900 / 7899
1901 / 7899
1902 / 7899
1903 / 7899
1904 / 7899
1905 / 7899
1906 / 7899
1907 / 7899
1908 / 7899
1909 / 7899
1910 / 7899
1911 / 7899
1912 / 7899
1913 / 7899
1914 / 7899
1915 / 7899
1916 / 7899
1917 / 7899
1918 / 7899
1919 / 7899
1920 / 7899
1921 / 7899
1922 / 7899
1923 / 7899
1924 / 7899
1925 / 7899
1926 / 7899
1927 / 7899
1928 / 7899
1929 / 7899
1930 / 7899
1931 / 7899
1932 / 7899
1933 / 7899
1934 / 7899
1935 / 7899
1936 / 7899
1937 / 7899
1938 / 7899
1939 / 7899
1940 / 7899
1941 / 7899
1942 / 7899
1943 / 7899
1944 / 7899
1945 / 7899
1946 / 7899
1947 / 7899
1948 / 7899
1949 / 7899
1950 / 7899
1951 / 7899
1952 / 7899
1953 / 7899
1954 / 7899
1955 / 7899
1956 / 7899
1957 / 7899
1958 / 7899
1959 / 7899
1960 / 7899
1961 / 7899
1962 / 7899
1963 / 7899
1964 / 7899
1965 / 7899
1966 / 7899
1967 / 7899
1968 / 7899
1969 / 7899
1970 / 7899
1971 / 7899
1972 / 7899
1973 / 7899
1974 / 7899
1975 / 7899
1976 / 7899
1977 / 7899
1978 / 7899
1979 / 7899
1980 / 7899
1981 / 7899
1982 / 7899
1983 / 7899
1984 / 7899
1985 / 7899
1986 / 7899
1987 / 7899
1988 / 7899
1989 / 7899
1990 / 7899
1991 / 7899
1992 / 7899
1993 / 7899
1994 / 7899
1995 / 7899
1996 / 7899
1997 / 7899
1998 / 7899
1999 / 7899
2000 / 7899
2001 / 7899
2002 / 7899
2003 / 7899
2004 / 7899
2005 / 7899
2006 / 7899
2007 / 7899
2008 / 7899
2009 / 7899
2010 / 7899
2011 / 7899
2012 / 7899
2013 / 7899
2014 / 7899
2015 / 7899
2016 / 7899
2017 / 7899
2018 / 7899
2019 / 7899
2020 / 7899
2021 / 7899
2022 / 7899
2023 / 7899
2024 / 7899
2025 / 7899
2026 / 7899
2027 / 7899
2028 / 7899
2029 / 7899
2030 / 7899
2031 / 7899
2032 / 7899
2033 / 7899
2034 / 7899
2035 / 7899
2036 / 7899
2037 / 7899
2038 / 7899
2039 / 7899
2040 / 7899
2041 / 7899
2042 / 7899
2043 / 7899
2044 / 7899
2045 / 7899
2046 / 7899
2047 / 7899
2048 / 7899
2049 / 7899
2050 / 7899
2051 / 7899
2052 / 7899
2053 / 7899
2054 / 7899
2055 / 7899
2056 / 7899
2057 / 7899
2058 / 7899
2059 / 7899
2060 / 7899
2061 / 7899
2062 / 7899
2063 / 7899
2064 / 7899
2065 / 7899
2066 / 7899
2067 / 7899
2068 / 7899
2069 / 7899
2070 / 7899
2071 / 7899
2072 / 7899
2073 / 7899
2074 / 7899
2075 / 7899
2076 / 7899
2077 / 7899
2078 / 7899
2079 / 7899
2080 / 7899
2081 / 7899
2082 / 7899
2083 / 7899
2084 / 7899
2085 / 7899
2086 / 7899
2087 / 7899
2088 / 7899
2089 / 7899
2090 / 7899
2091 / 7899
2092 / 7899
2093 / 7899
2094 / 7899
2095 / 7899
2096 / 7899
2097 / 7899
2098 / 7899
2099 / 7899
2100 / 7899
2101 / 7899
2102 / 7899
2103 / 7899
2104 / 7899
2105 / 7899
2106 / 7899
2107 / 7899
2108 / 7899
2109 / 7899
2110 / 7899
2111 / 7899
2112 / 7899
2113 / 7899
2114 / 7899
2115 / 7899
2116 / 7899
2117 / 7899
2118 / 7899
2119 / 7899
2120 / 7899
2121 / 7899
2122 / 7899
2123 / 7899
2124 / 7899
2125 / 7899
2126 / 7899
2127 / 7899
2128 / 7899
2129 / 7899
2130 / 7899
2131 / 7899
2132 / 7899
2133 / 7899
2134 / 7899
2135 / 7899
2136 / 7899
2137 / 7899
2138 / 7899
2139 / 7899
2140 / 7899
2141 / 7899
2142 / 7899
2143 / 7899
2144 / 7899
2145 / 7899
2146 / 7899
2147 / 7899
2148 / 7899
2149 / 7899
2150 / 7899
2151 / 7899
2152 / 7899
2153 / 7899
2154 / 7899
2155 / 7899
2156 / 7899
2157 / 7899
2158 / 7899
2159 / 7899
2160 / 7899
2161 / 7899
2162 / 7899
2163 / 7899
2164 / 7899
2165 / 7899
2166 / 7899
2167 / 7899
2168 / 7899
2169 / 7899
2170 / 7899
2171 / 7899
2172 / 7899
2173 / 7899
2174 / 7899
2175 / 7899
2176 / 7899
2177 / 7899
2178 / 7899
2179 / 7899
2180 / 7899
2181 / 7899
2182 / 7899
2183 / 7899
2184 / 7899
2185 / 7899
2186 / 7899
2187 / 7899
2188 / 7899
2189 / 7899
2190 / 7899
2191 / 7899
2192 / 7899
2193 / 7899
2194 / 7899
2195 / 7899
2196 / 7899
2197 / 7899
2198 / 7899
2199 / 7899
2200 / 7899
2201 / 7899
2202 / 7899
2203 / 7899
2204 / 7899
2205 / 7899
2206 / 7899
2207 / 7899
2208 / 7899
2209 / 7899
2210 / 7899
2211 / 7899
2212 / 7899
2213 / 7899
2214 / 7899
2215 / 7899
2216 / 7899
2217 / 7899
2218 / 7899
2219 / 7899
2220 / 7899
2221 / 7899
2222 / 7899
2223 / 7899
2224 / 7899
2225 / 7899
2226 / 7899
2227 / 7899
2228 / 7899
2229 / 7899
2230 / 7899
2231 / 7899
2232 / 7899
2233 / 7899
2234 / 7899
2235 / 7899
2236 / 7899
2237 / 7899
2238 / 7899
2239 / 7899
2240 / 7899
2241 / 7899
2242 / 7899
2243 / 7899
2244 / 7899
2245 / 7899
2246 / 7899
2247 / 7899
2248 / 7899
2249 / 7899
2250 / 7899
2251 / 7899
2252 / 7899
2253 / 7899
2254 / 7899
2255 / 7899
2256 / 7899
2257 / 7899
2258 / 7899
2259 / 7899
2260 / 7899
2261 / 7899
2262 / 7899
2263 / 7899
2264 / 7899
2265 / 7899
2266 / 7899
2267 / 7899
2268 / 7899
2269 / 7899
2270 / 7899
2271 / 7899
2272 / 7899
2273 / 7899
2274 / 7899
2275 / 7899
2276 / 7899
2277 / 7899
2278 / 7899
2279 / 7899
2280 / 7899
2281 / 7899
2282 / 7899
2283 / 7899
2284 / 7899
2285 / 7899
2286 / 7899
2287 / 7899
2288 / 7899
2289 / 7899
2290 / 7899
2291 / 7899
2292 / 7899
2293 / 7899
2294 / 7899
2295 / 7899
2296 / 7899
2297 / 7899
2298 / 7899
2299 / 7899
2300 / 7899
2301 / 7899
2302 / 7899
2303 / 7899
2304 / 7899
2305 / 7899
2306 / 7899
2307 / 7899
2308 / 7899
2309 / 7899
2310 / 7899
2311 / 7899
2312 / 7899
2313 / 7899
2314 / 7899
2315 / 7899
2316 / 7899
2317 / 7899
2318 / 7899
2319 / 7899
2320 / 7899
2321 / 7899
2322 / 7899
2323 / 7899
2324 / 7899
2325 / 7899
2326 / 7899
2327 / 7899
2328 / 7899
2329 / 7899
2330 / 7899
2331 / 7899
2332 / 7899
2333 / 7899
2334 / 7899
2335 / 7899
2336 / 7899
2337 / 7899
2338 / 7899
2339 / 7899
2340 / 7899
2341 / 7899
2342 / 7899
2343 / 7899
2344 / 7899
2345 / 7899
2346 / 7899
2347 / 7899
2348 / 7899
2349 / 7899
2350 / 7899
2351 / 7899
2352 / 7899
2353 / 7899
2354 / 7899
2355 / 7899
2356 / 7899
2357 / 7899
2358 / 7899
2359 / 7899
2360 / 7899
2361 / 7899
2362 / 7899
2363 / 7899
2364 / 7899
2365 / 7899
2366 / 7899
2367 / 7899
2368 / 7899
2369 / 7899
2370 / 7899
2371 / 7899
2372 / 7899
2373 / 7899
2374 / 7899
2375 / 7899
2376 / 7899
2377 / 7899
2378 / 7899
2379 / 7899
2380 / 7899
2381 / 7899
2382 / 7899
2383 / 7899
2384 / 7899
2385 / 7899
2386 / 7899
2387 / 7899
2388 / 7899
2389 / 7899
2390 / 7899
2391 / 7899
2392 / 7899
2393 / 7899
2394 / 7899
2395 / 7899
2396 / 7899
2397 / 7899
2398 / 7899
2399 / 7899
2400 / 7899
2401 / 7899
2402 / 7899
2403 / 7899
2404 / 7899
2405 / 7899
2406 / 7899
2407 / 7899
2408 / 7899
2409 / 7899
2410 / 7899
2411 / 7899
2412 / 7899
2413 / 7899
2414 / 7899
2415 / 7899
2416 / 7899
2417 / 7899
2418 / 7899
2419 / 7899
2420 / 7899
2421 / 7899
2422 / 7899
2423 / 7899
2424 / 7899
2425 / 7899
2426 / 7899
2427 / 7899
2428 / 7899
2429 / 7899
2430 / 7899
2431 / 7899
2432 / 7899
2433 / 7899
2434 / 7899
2435 / 7899
2436 / 7899
2437 / 7899
2438 / 7899
2439 / 7899
2440 / 7899
2441 / 7899
2442 / 7899
2443 / 7899
2444 / 7899
2445 / 7899
2446 / 7899
2447 / 7899
2448 / 7899
2449 / 7899
2450 / 7899
2451 / 7899
2452 / 7899
2453 / 7899
2454 / 7899
2455 / 7899
2456 / 7899
2457 / 7899
2458 / 7899
2459 / 7899
2460 / 7899
2461 / 7899
2462 / 7899
2463 / 7899
2464 / 7899
2465 / 7899
2466 / 7899
2467 / 7899
2468 / 7899
2469 / 7899
2470 / 7899
2471 / 7899
2472 / 7899
2473 / 7899
2474 / 7899
2475 / 7899
2476 / 7899
2477 / 7899
2478 / 7899
2479 / 7899
2480 / 7899
2481 / 7899
2482 / 7899
2483 / 7899
2484 / 7899
2485 / 7899
2486 / 7899
2487 / 7899
2488 / 7899
2489 / 7899
2490 / 7899
2491 / 7899
2492 / 7899
2493 / 7899
2494 / 7899
2495 / 7899
2496 / 7899
2497 / 7899
2498 / 7899
2499 / 7899
2500 / 7899
2501 / 7899
2502 / 7899
2503 / 7899
2504 / 7899
2505 / 7899
2506 / 7899
2507 / 7899
2508 / 7899
2509 / 7899
2510 / 7899
2511 / 7899
2512 / 7899
2513 / 7899
2514 / 7899
2515 / 7899
2516 / 7899
2517 / 7899
2518 / 7899
2519 / 7899
2520 / 7899
2521 / 7899
2522 / 7899
2523 / 7899
2524 / 7899
2525 / 7899
2526 / 7899
2527 / 7899
2528 / 7899
2529 / 7899
2530 / 7899
2531 / 7899
2532 / 7899
2533 / 7899
2534 / 7899
2535 / 7899
2536 / 7899
2537 / 7899
2538 / 7899
2539 / 7899
2540 / 7899
2541 / 7899
2542 / 7899
2543 / 7899
2544 / 7899
2545 / 7899
2546 / 7899
2547 / 7899
2548 / 7899
2549 / 7899
2550 / 7899
2551 / 7899
2552 / 7899
2553 / 7899
2554 / 7899
2555 / 7899
2556 / 7899
2557 / 7899
2558 / 7899
2559 / 7899
2560 / 7899
2561 / 7899
2562 / 7899
2563 / 7899
2564 / 7899
2565 / 7899
2566 / 7899
2567 / 7899
2568 / 7899
2569 / 7899
2570 / 7899
2571 / 7899
2572 / 7899
2573 / 7899
2574 / 7899
2575 / 7899
2576 / 7899
2577 / 7899
2578 / 7899
2579 / 7899
2580 / 7899
2581 / 7899
2582 / 7899
2583 / 7899
2584 / 7899
2585 / 7899
2586 / 7899
2587 / 7899
2588 / 7899
2589 / 7899
2590 / 7899
2591 / 7899
2592 / 7899
2593 / 7899
2594 / 7899
2595 / 7899
2596 / 7899
2597 / 7899
2598 / 7899
2599 / 7899
2600 / 7899
2601 / 7899
2602 / 7899
2603 / 7899
2604 / 7899
2605 / 7899
2606 / 7899
2607 / 7899
2608 / 7899
2609 / 7899
2610 / 7899
2611 / 7899
2612 / 7899
2613 / 7899
2614 / 7899
2615 / 7899
2616 / 7899
2617 / 7899
2618 / 7899
2619 / 7899
2620 / 7899
2621 / 7899
2622 / 7899
2623 / 7899
2624 / 7899
2625 / 7899
2626 / 7899
2627 / 7899
2628 / 7899
2629 / 7899
2630 / 7899
2631 / 7899
2632 / 7899
2633 / 7899
2634 / 7899
2635 / 7899
2636 / 7899
2637 / 7899
2638 / 7899
2639 / 7899
2640 / 7899
2641 / 7899
2642 / 7899
2643 / 7899
2644 / 7899
2645 / 7899
2646 / 7899
2647 / 7899
2648 / 7899
2649 / 7899
2650 / 7899
2651 / 7899
2652 / 7899
2653 / 7899
2654 / 7899
2655 / 7899
2656 / 7899
2657 / 7899
2658 / 7899
2659 / 7899
2660 / 7899
2661 / 7899
2662 / 7899
2663 / 7899
2664 / 7899
2665 / 7899
2666 / 7899
2667 / 7899
2668 / 7899
2669 / 7899
2670 / 7899
2671 / 7899
2672 / 7899
2673 / 7899
2674 / 7899
2675 / 7899
2676 / 7899
2677 / 7899
2678 / 7899
2679 / 7899
2680 / 7899
2681 / 7899
2682 / 7899
2683 / 7899
2684 / 7899
2685 / 7899
2686 / 7899
2687 / 7899
2688 / 7899
2689 / 7899
2690 / 7899
2691 / 7899
2692 / 7899
2693 / 7899
2694 / 7899
2695 / 7899
2696 / 7899
2697 / 7899
2698 / 7899
2699 / 7899
2700 / 7899
2701 / 7899
2702 / 7899
2703 / 7899
2704 / 7899
2705 / 7899
2706 / 7899
2707 / 7899
2708 / 7899
2709 / 7899
2710 / 7899
2711 / 7899
2712 / 7899
2713 / 7899
2714 / 7899
2715 / 7899
2716 / 7899
2717 / 7899
2718 / 7899
2719 / 7899
2720 / 7899
2721 / 7899
2722 / 7899
2723 / 7899
2724 / 7899
2725 / 7899
2726 / 7899
2727 / 7899
2728 / 7899
2729 / 7899
2730 / 7899
2731 / 7899
2732 / 7899
2733 / 7899
2734 / 7899
2735 / 7899
2736 / 7899
2737 / 7899
2738 / 7899
2739 / 7899
2740 / 7899
2741 / 7899
2742 / 7899
2743 / 7899
2744 / 7899
2745 / 7899
2746 / 7899
2747 / 7899
2748 / 7899
2749 / 7899
2750 / 7899
2751 / 7899
2752 / 7899
2753 / 7899
2754 / 7899
2755 / 7899
2756 / 7899
2757 / 7899
2758 / 7899
2759 / 7899
2760 / 7899
2761 / 7899
2762 / 7899
2763 / 7899
2764 / 7899
2765 / 7899
2766 / 7899
2767 / 7899
2768 / 7899
2769 / 7899
2770 / 7899
2771 / 7899
2772 / 7899
2773 / 7899
2774 / 7899
2775 / 7899
2776 / 7899
2777 / 7899
2778 / 7899
2779 / 7899
2780 / 7899
2781 / 7899
2782 / 7899
2783 / 7899
2784 / 7899
2785 / 7899
2786 / 7899
2787 / 7899
2788 / 7899
2789 / 7899
2790 / 7899
2791 / 7899
2792 / 7899
2793 / 7899
2794 / 7899
2795 / 7899
2796 / 7899
2797 / 7899
2798 / 7899
2799 / 7899
2800 / 7899
2801 / 7899
2802 / 7899
2803 / 7899
2804 / 7899
2805 / 7899
2806 / 7899
2807 / 7899
2808 / 7899
2809 / 7899
2810 / 7899
2811 / 7899
2812 / 7899
2813 / 7899
2814 / 7899
2815 / 7899
2816 / 7899
2817 / 7899
2818 / 7899
2819 / 7899
2820 / 7899
2821 / 7899
2822 / 7899
2823 / 7899
2824 / 7899
2825 / 7899
2826 / 7899
2827 / 7899
2828 / 7899
2829 / 7899
2830 / 7899
2831 / 7899
2832 / 7899
2833 / 7899
2834 / 7899
2835 / 7899
2836 / 7899
2837 / 7899
2838 / 7899
2839 / 7899
2840 / 7899
2841 / 7899
2842 / 7899
2843 / 7899
2844 / 7899
2845 / 7899
2846 / 7899
2847 / 7899
2848 / 7899
2849 / 7899
2850 / 7899
2851 / 7899
2852 / 7899
2853 / 7899
2854 / 7899
2855 / 7899
2856 / 7899
2857 / 7899
2858 / 7899
2859 / 7899
2860 / 7899
2861 / 7899
2862 / 7899
2863 / 7899
2864 / 7899
2865 / 7899
2866 / 7899
2867 / 7899
2868 / 7899
2869 / 7899
2870 / 7899
2871 / 7899
2872 / 7899
2873 / 7899
2874 / 7899
2875 / 7899
2876 / 7899
2877 / 7899
2878 / 7899
2879 / 7899
2880 / 7899
2881 / 7899
2882 / 7899
2883 / 7899
2884 / 7899
2885 / 7899
2886 / 7899
2887 / 7899
2888 / 7899
2889 / 7899
2890 / 7899
2891 / 7899
2892 / 7899
2893 / 7899
2894 / 7899
2895 / 7899
2896 / 7899
2897 / 7899
2898 / 7899
2899 / 7899
2900 / 7899
2901 / 7899
2902 / 7899
2903 / 7899
2904 / 7899
2905 / 7899
2906 / 7899
2907 / 7899
2908 / 7899
2909 / 7899
2910 / 7899
2911 / 7899
2912 / 7899
2913 / 7899
2914 / 7899
2915 / 7899
2916 / 7899
2917 / 7899
2918 / 7899
2919 / 7899
2920 / 7899
2921 / 7899
2922 / 7899
2923 / 7899
2924 / 7899
2925 / 7899
2926 / 7899
2927 / 7899
2928 / 7899
2929 / 7899
2930 / 7899
2931 / 7899
2932 / 7899
2933 / 7899
2934 / 7899
2935 / 7899
2936 / 7899
2937 / 7899
2938 / 7899
2939 / 7899
2940 / 7899
2941 / 7899
2942 / 7899
2943 / 7899
2944 / 7899
2945 / 7899
2946 / 7899
2947 / 7899
2948 / 7899
2949 / 7899
2950 / 7899
2951 / 7899
2952 / 7899
2953 / 7899
2954 / 7899
2955 / 7899
2956 / 7899
2957 / 7899
2958 / 7899
2959 / 7899
2960 / 7899
2961 / 7899
2962 / 7899
2963 / 7899
2964 / 7899
2965 / 7899
2966 / 7899
2967 / 7899
2968 / 7899
2969 / 7899
2970 / 7899
2971 / 7899
2972 / 7899
2973 / 7899
2974 / 7899
2975 / 7899
2976 / 7899
2977 / 7899
2978 / 7899
2979 / 7899
2980 / 7899
2981 / 7899
2982 / 7899
2983 / 7899
2984 / 7899
2985 / 7899
2986 / 7899
2987 / 7899
2988 / 7899
2989 / 7899
2990 / 7899
2991 / 7899
2992 / 7899
2993 / 7899
2994 / 7899
2995 / 7899
2996 / 7899
2997 / 7899
2998 / 7899
2999 / 7899
3000 / 7899
3001 / 7899
3002 / 7899
3003 / 7899
3004 / 7899
3005 / 7899
3006 / 7899
3007 / 7899
3008 / 7899
3009 / 7899
3010 / 7899
3011 / 7899
3012 / 7899
3013 / 7899
3014 / 7899
3015 / 7899
3016 / 7899
3017 / 7899
3018 / 7899
3019 / 7899
3020 / 7899
3021 / 7899
3022 / 7899
3023 / 7899
3024 / 7899
3025 / 7899
3026 / 7899
3027 / 7899
3028 / 7899
3029 / 7899
3030 / 7899
3031 / 7899
3032 / 7899
3033 / 7899
3034 / 7899
3035 / 7899
3036 / 7899
3037 / 7899
3038 / 7899
3039 / 7899
3040 / 7899
3041 / 7899
3042 / 7899
3043 / 7899
3044 / 7899
3045 / 7899
3046 / 7899
3047 / 7899
3048 / 7899
3049 / 7899
3050 / 7899
3051 / 7899
3052 / 7899
3053 / 7899
3054 / 7899
3055 / 7899
3056 / 7899
3057 / 7899
3058 / 7899
3059 / 7899
3060 / 7899
3061 / 7899
3062 / 7899
3063 / 7899
3064 / 7899
3065 / 7899
3066 / 7899
3067 / 7899
3068 / 7899
3069 / 7899
3070 / 7899
3071 / 7899
3072 / 7899
3073 / 7899
3074 / 7899
3075 / 7899
3076 / 7899
3077 / 7899
3078 / 7899
3079 / 7899
3080 / 7899
3081 / 7899
3082 / 7899
3083 / 7899
3084 / 7899
3085 / 7899
3086 / 7899
3087 / 7899
3088 / 7899
3089 / 7899
3090 / 7899
3091 / 7899
3092 / 7899
3093 / 7899
3094 / 7899
3095 / 7899
3096 / 7899
3097 / 7899
3098 / 7899
3099 / 7899
3100 / 7899
3101 / 7899
3102 / 7899
3103 / 7899
3104 / 7899
3105 / 7899
3106 / 7899
3107 / 7899
3108 / 7899
3109 / 7899
3110 / 7899
3111 / 7899
3112 / 7899
3113 / 7899
3114 / 7899
3115 / 7899
3116 / 7899
3117 / 7899
3118 / 7899
3119 / 7899
3120 / 7899
3121 / 7899
3122 / 7899
3123 / 7899
3124 / 7899
3125 / 7899
3126 / 7899
3127 / 7899
3128 / 7899
3129 / 7899
3130 / 7899
3131 / 7899
3132 / 7899
3133 / 7899
3134 / 7899
3135 / 7899
3136 / 7899
3137 / 7899
3138 / 7899
3139 / 7899
3140 / 7899
3141 / 7899
3142 / 7899
3143 / 7899
3144 / 7899
3145 / 7899
3146 / 7899
3147 / 7899
3148 / 7899
3149 / 7899
3150 / 7899
3151 / 7899
3152 / 7899
3153 / 7899
3154 / 7899
3155 / 7899
3156 / 7899
3157 / 7899
3158 / 7899
3159 / 7899
3160 / 7899
3161 / 7899
3162 / 7899
3163 / 7899
3164 / 7899
3165 / 7899
3166 / 7899
3167 / 7899
3168 / 7899
3169 / 7899
3170 / 7899
3171 / 7899
3172 / 7899
3173 / 7899
3174 / 7899
3175 / 7899
3176 / 7899
3177 / 7899
3178 / 7899
3179 / 7899
3180 / 7899
3181 / 7899
3182 / 7899
3183 / 7899
3184 / 7899
3185 / 7899
3186 / 7899
3187 / 7899
3188 / 7899
3189 / 7899
3190 / 7899
3191 / 7899
3192 / 7899
3193 / 7899
3194 / 7899
3195 / 7899
3196 / 7899
3197 / 7899
3198 / 7899
3199 / 7899
3200 / 7899
3201 / 7899
3202 / 7899
3203 / 7899
3204 / 7899
3205 / 7899
3206 / 7899
3207 / 7899
3208 / 7899
3209 / 7899
3210 / 7899
3211 / 7899
3212 / 7899
3213 / 7899
3214 / 7899
3215 / 7899
3216 / 7899
3217 / 7899
3218 / 7899
3219 / 7899
3220 / 7899
3221 / 7899
3222 / 7899
3223 / 7899
3224 / 7899
3225 / 7899
3226 / 7899
3227 / 7899
3228 / 7899
3229 / 7899
3230 / 7899
3231 / 7899
3232 / 7899
3233 / 7899
3234 / 7899
3235 / 7899
3236 / 7899
3237 / 7899
3238 / 7899
3239 / 7899
3240 / 7899
3241 / 7899
3242 / 7899
3243 / 7899
3244 / 7899
3245 / 7899
3246 / 7899
3247 / 7899
3248 / 7899
3249 / 7899
3250 / 7899
3251 / 7899
3252 / 7899
3253 / 7899
3254 / 7899
3255 / 7899
3256 / 7899
3257 / 7899
3258 / 7899
3259 / 7899
3260 / 7899
3261 / 7899
3262 / 7899
3263 / 7899
3264 / 7899
3265 / 7899
3266 / 7899
3267 / 7899
3268 / 7899
3269 / 7899
3270 / 7899
3271 / 7899
3272 / 7899
3273 / 7899
3274 / 7899
3275 / 7899
3276 / 7899
3277 / 7899
3278 / 7899
3279 / 7899
3280 / 7899
3281 / 7899
3282 / 7899
3283 / 7899
3284 / 7899
3285 / 7899
3286 / 7899
3287 / 7899
3288 / 7899
3289 / 7899
3290 / 7899
3291 / 7899
3292 / 7899
3293 / 7899
3294 / 7899
3295 / 7899
3296 / 7899
3297 / 7899
3298 / 7899
3299 / 7899
3300 / 7899
3301 / 7899
3302 / 7899
3303 / 7899
3304 / 7899
3305 / 7899
3306 / 7899
3307 / 7899
3308 / 7899
3309 / 7899
3310 / 7899
3311 / 7899
3312 / 7899
3313 / 7899
3314 / 7899
3315 / 7899
3316 / 7899
3317 / 7899
3318 / 7899
3319 / 7899
3320 / 7899
3321 / 7899
3322 / 7899
3323 / 7899
3324 / 7899
3325 / 7899
3326 / 7899
3327 / 7899
3328 / 7899
3329 / 7899
3330 / 7899
3331 / 7899
3332 / 7899
3333 / 7899
3334 / 7899
3335 / 7899
3336 / 7899
3337 / 7899
3338 / 7899
3339 / 7899
3340 / 7899
3341 / 7899
3342 / 7899
3343 / 7899
3344 / 7899
3345 / 7899
3346 / 7899
3347 / 7899
3348 / 7899
3349 / 7899
3350 / 7899
3351 / 7899
3352 / 7899
3353 / 7899
3354 / 7899
3355 / 7899
3356 / 7899
3357 / 7899
3358 / 7899
3359 / 7899
3360 / 7899
3361 / 7899
3362 / 7899
3363 / 7899
3364 / 7899
3365 / 7899
3366 / 7899
3367 / 7899
3368 / 7899
3369 / 7899
3370 / 7899
3371 / 7899
3372 / 7899
3373 / 7899
3374 / 7899
3375 / 7899
3376 / 7899
3377 / 7899
3378 / 7899
3379 / 7899
3380 / 7899
3381 / 7899
3382 / 7899
3383 / 7899
3384 / 7899
3385 / 7899
3386 / 7899
3387 / 7899
3388 / 7899
3389 / 7899
3390 / 7899
3391 / 7899
3392 / 7899
3393 / 7899
3394 / 7899
3395 / 7899
3396 / 7899
3397 / 7899
3398 / 7899
3399 / 7899
3400 / 7899
3401 / 7899
3402 / 7899
3403 / 7899
3404 / 7899
3405 / 7899
3406 / 7899
3407 / 7899
3408 / 7899
3409 / 7899
3410 / 7899
3411 / 7899
3412 / 7899
3413 / 7899
3414 / 7899
3415 / 7899
3416 / 7899
3417 / 7899
3418 / 7899
3419 / 7899
3420 / 7899
3421 / 7899
3422 / 7899
3423 / 7899
3424 / 7899
3425 / 7899
3426 / 7899
3427 / 7899
3428 / 7899
3429 / 7899
3430 / 7899
3431 / 7899
3432 / 7899
3433 / 7899
3434 / 7899
3435 / 7899
3436 / 7899
3437 / 7899
3438 / 7899
3439 / 7899
3440 / 7899
3441 / 7899
3442 / 7899
3443 / 7899
3444 / 7899
3445 / 7899
3446 / 7899
3447 / 7899
3448 / 7899
3449 / 7899
3450 / 7899
3451 / 7899
3452 / 7899
3453 / 7899
3454 / 7899
3455 / 7899
3456 / 7899
3457 / 7899
3458 / 7899
3459 / 7899
3460 / 7899
3461 / 7899
3462 / 7899
3463 / 7899
3464 / 7899
3465 / 7899
3466 / 7899
3467 / 7899
3468 / 7899
3469 / 7899
3470 / 7899
3471 / 7899
3472 / 7899
3473 / 7899
3474 / 7899
3475 / 7899
3476 / 7899
3477 / 7899
3478 / 7899
3479 / 7899
3480 / 7899
3481 / 7899
3482 / 7899
3483 / 7899
3484 / 7899
3485 / 7899
3486 / 7899
3487 / 7899
3488 / 7899
3489 / 7899
3490 / 7899
3491 / 7899
3492 / 7899
3493 / 7899
3494 / 7899
3495 / 7899
3496 / 7899
3497 / 7899
3498 / 7899
3499 / 7899
3500 / 7899
3501 / 7899
3502 / 7899
3503 / 7899
3504 / 7899
3505 / 7899
3506 / 7899
3507 / 7899
3508 / 7899
3509 / 7899
3510 / 7899
3511 / 7899
3512 / 7899
3513 / 7899
3514 / 7899
3515 / 7899
3516 / 7899
3517 / 7899
3518 / 7899
3519 / 7899
3520 / 7899
3521 / 7899
3522 / 7899
3523 / 7899
3524 / 7899
3525 / 7899
3526 / 7899
3527 / 7899
3528 / 7899
3529 / 7899
3530 / 7899
3531 / 7899
3532 / 7899
3533 / 7899
3534 / 7899
3535 / 7899
3536 / 7899
3537 / 7899
3538 / 7899
3539 / 7899
3540 / 7899
3541 / 7899
3542 / 7899
3543 / 7899
3544 / 7899
3545 / 7899
3546 / 7899
3547 / 7899
3548 / 7899
3549 / 7899
3550 / 7899
3551 / 7899
3552 / 7899
3553 / 7899
3554 / 7899
3555 / 7899
3556 / 7899
3557 / 7899
3558 / 7899
3559 / 7899
3560 / 7899
3561 / 7899
3562 / 7899
3563 / 7899
3564 / 7899
3565 / 7899
3566 / 7899
3567 / 7899
3568 / 7899
3569 / 7899
3570 / 7899
3571 / 7899
3572 / 7899
3573 / 7899
3574 / 7899
3575 / 7899
3576 / 7899
3577 / 7899
3578 / 7899
3579 / 7899
3580 / 7899
3581 / 7899
3582 / 7899
3583 / 7899
3584 / 7899
3585 / 7899
3586 / 7899
3587 / 7899
3588 / 7899
3589 / 7899
3590 / 7899
3591 / 7899
3592 / 7899
3593 / 7899
3594 / 7899
3595 / 7899
3596 / 7899
3597 / 7899
3598 / 7899
3599 / 7899
3600 / 7899
3601 / 7899
3602 / 7899
3603 / 7899
3604 / 7899
3605 / 7899
3606 / 7899
3607 / 7899
3608 / 7899
3609 / 7899
3610 / 7899
3611 / 7899
3612 / 7899
3613 / 7899
3614 / 7899
3615 / 7899
3616 / 7899
3617 / 7899
3618 / 7899
3619 / 7899
3620 / 7899
3621 / 7899
3622 / 7899
3623 / 7899
3624 / 7899
3625 / 7899
3626 / 7899
3627 / 7899
3628 / 7899
3629 / 7899
3630 / 7899
3631 / 7899
3632 / 7899
3633 / 7899
3634 / 7899
3635 / 7899
3636 / 7899
3637 / 7899
3638 / 7899
3639 / 7899
3640 / 7899
3641 / 7899
3642 / 7899
3643 / 7899
3644 / 7899
3645 / 7899
3646 / 7899
3647 / 7899
3648 / 7899
3649 / 7899
3650 / 7899
3651 / 7899
3652 / 7899
3653 / 7899
3654 / 7899
3655 / 7899
3656 / 7899
3657 / 7899
3658 / 7899
3659 / 7899
3660 / 7899
3661 / 7899
3662 / 7899
3663 / 7899
3664 / 7899
3665 / 7899
3666 / 7899
3667 / 7899
3668 / 7899
3669 / 7899
3670 / 7899
3671 / 7899
3672 / 7899
3673 / 7899
3674 / 7899
3675 / 7899
3676 / 7899
3677 / 7899
3678 / 7899
3679 / 7899
3680 / 7899
3681 / 7899
3682 / 7899
3683 / 7899
3684 / 7899
3685 / 7899
3686 / 7899
3687 / 7899
3688 / 7899
3689 / 7899
3690 / 7899
3691 / 7899
3692 / 7899
3693 / 7899
3694 / 7899
3695 / 7899
3696 / 7899
3697 / 7899
3698 / 7899
3699 / 7899
3700 / 7899
3701 / 7899
3702 / 7899
3703 / 7899
3704 / 7899
3705 / 7899
3706 / 7899
3707 / 7899
3708 / 7899
3709 / 7899
3710 / 7899
3711 / 7899
3712 / 7899
3713 / 7899
3714 / 7899
3715 / 7899
3716 / 7899
3717 / 7899
3718 / 7899
3719 / 7899
3720 / 7899
3721 / 7899
3722 / 7899
3723 / 7899
3724 / 7899
3725 / 7899
3726 / 7899
3727 / 7899
3728 / 7899
3729 / 7899
3730 / 7899
3731 / 7899
3732 / 7899
3733 / 7899
3734 / 7899
3735 / 7899
3736 / 7899
3737 / 7899
3738 / 7899
3739 / 7899
3740 / 7899
3741 / 7899
3742 / 7899
3743 / 7899
3744 / 7899
3745 / 7899
3746 / 7899
3747 / 7899
3748 / 7899
3749 / 7899
3750 / 7899
3751 / 7899
3752 / 7899
3753 / 7899
3754 / 7899
3755 / 7899
3756 / 7899
3757 / 7899
3758 / 7899
3759 / 7899
3760 / 7899
3761 / 7899
3762 / 7899
3763 / 7899
3764 / 7899
3765 / 7899
3766 / 7899
3767 / 7899
3768 / 7899
3769 / 7899
3770 / 7899
3771 / 7899
3772 / 7899
3773 / 7899
3774 / 7899
3775 / 7899
3776 / 7899
3777 / 7899
3778 / 7899
3779 / 7899
3780 / 7899
3781 / 7899
3782 / 7899
3783 / 7899
3784 / 7899
3785 / 7899
3786 / 7899
3787 / 7899
3788 / 7899
3789 / 7899
3790 / 7899
3791 / 7899
3792 / 7899
3793 / 7899
3794 / 7899
3795 / 7899
3796 / 7899
3797 / 7899
3798 / 7899
3799 / 7899
3800 / 7899
3801 / 7899
3802 / 7899
3803 / 7899
3804 / 7899
3805 / 7899
3806 / 7899
3807 / 7899
3808 / 7899
3809 / 7899
3810 / 7899
3811 / 7899
3812 / 7899
3813 / 7899
3814 / 7899
3815 / 7899
3816 / 7899
3817 / 7899
3818 / 7899
3819 / 7899
3820 / 7899
3821 / 7899
3822 / 7899
3823 / 7899
3824 / 7899
3825 / 7899
3826 / 7899
3827 / 7899
3828 / 7899
3829 / 7899
3830 / 7899
3831 / 7899
3832 / 7899
3833 / 7899
3834 / 7899
3835 / 7899
3836 / 7899
3837 / 7899
3838 / 7899
3839 / 7899
3840 / 7899
3841 / 7899
3842 / 7899
3843 / 7899
3844 / 7899
3845 / 7899
3846 / 7899
3847 / 7899
3848 / 7899
3849 / 7899
3850 / 7899
3851 / 7899
3852 / 7899
3853 / 7899
3854 / 7899
3855 / 7899
3856 / 7899
3857 / 7899
3858 / 7899
3859 / 7899
3860 / 7899
3861 / 7899
3862 / 7899
3863 / 7899
3864 / 7899
3865 / 7899
3866 / 7899
3867 / 7899
3868 / 7899
3869 / 7899
3870 / 7899
3871 / 7899
3872 / 7899
3873 / 7899
3874 / 7899
3875 / 7899
3876 / 7899
3877 / 7899
3878 / 7899
3879 / 7899
3880 / 7899
3881 / 7899
3882 / 7899
3883 / 7899
3884 / 7899
3885 / 7899
3886 / 7899
3887 / 7899
3888 / 7899
3889 / 7899
3890 / 7899
3891 / 7899
3892 / 7899
3893 / 7899
3894 / 7899
3895 / 7899
3896 / 7899
3897 / 7899
3898 / 7899
3899 / 7899
3900 / 7899
3901 / 7899
3902 / 7899
3903 / 7899
3904 / 7899
3905 / 7899
3906 / 7899
3907 / 7899
3908 / 7899
3909 / 7899
3910 / 7899
3911 / 7899
3912 / 7899
3913 / 7899
3914 / 7899
3915 / 7899
3916 / 7899
3917 / 7899
3918 / 7899
3919 / 7899
3920 / 7899
3921 / 7899
3922 / 7899
3923 / 7899
3924 / 7899
3925 / 7899
3926 / 7899
3927 / 7899
3928 / 7899
3929 / 7899
3930 / 7899
3931 / 7899
3932 / 7899
3933 / 7899
3934 / 7899
3935 / 7899
3936 / 7899
3937 / 7899
3938 / 7899
3939 / 7899
3940 / 7899
3941 / 7899
3942 / 7899
3943 / 7899
3944 / 7899
3945 / 7899
3946 / 7899
3947 / 7899
3948 / 7899
3949 / 7899
3950 / 7899
3951 / 7899
3952 / 7899
3953 / 7899
3954 / 7899
3955 / 7899
3956 / 7899
3957 / 7899
3958 / 7899
3959 / 7899
3960 / 7899
3961 / 7899
3962 / 7899
3963 / 7899
3964 / 7899
3965 / 7899
3966 / 7899
3967 / 7899
3968 / 7899
3969 / 7899
3970 / 7899
3971 / 7899
3972 / 7899
3973 / 7899
3974 / 7899
3975 / 7899
3976 / 7899
3977 / 7899
3978 / 7899
3979 / 7899
3980 / 7899
3981 / 7899
3982 / 7899
3983 / 7899
3984 / 7899
3985 / 7899
3986 / 7899
3987 / 7899
3988 / 7899
3989 / 7899
3990 / 7899
3991 / 7899
3992 / 7899
3993 / 7899
3994 / 7899
3995 / 7899
3996 / 7899
3997 / 7899
3998 / 7899
3999 / 7899
4000 / 7899
4001 / 7899
4002 / 7899
4003 / 7899
4004 / 7899
4005 / 7899
4006 / 7899
4007 / 7899
4008 / 7899
4009 / 7899
4010 / 7899
4011 / 7899
4012 / 7899
4013 / 7899
4014 / 7899
4015 / 7899
4016 / 7899
4017 / 7899
4018 / 7899
4019 / 7899
4020 / 7899
4021 / 7899
4022 / 7899
4023 / 7899
4024 / 7899
4025 / 7899
4026 / 7899
4027 / 7899
4028 / 7899
4029 / 7899
4030 / 7899
4031 / 7899
4032 / 7899
4033 / 7899
4034 / 7899
4035 / 7899
4036 / 7899
4037 / 7899
4038 / 7899
4039 / 7899
4040 / 7899
4041 / 7899
4042 / 7899
4043 / 7899
4044 / 7899
4045 / 7899
4046 / 7899
4047 / 7899
4048 / 7899
4049 / 7899
4050 / 7899
4051 / 7899
4052 / 7899
4053 / 7899
4054 / 7899
4055 / 7899
4056 / 7899
4057 / 7899
4058 / 7899
4059 / 7899
4060 / 7899
4061 / 7899
4062 / 7899
4063 / 7899
4064 / 7899
4065 / 7899
4066 / 7899
4067 / 7899
4068 / 7899
4069 / 7899
4070 / 7899
4071 / 7899
4072 / 7899
4073 / 7899
4074 / 7899
4075 / 7899
4076 / 7899
4077 / 7899
4078 / 7899
4079 / 7899
4080 / 7899
4081 / 7899
4082 / 7899
4083 / 7899
4084 / 7899
4085 / 7899
4086 / 7899
4087 / 7899
4088 / 7899
4089 / 7899
4090 / 7899
4091 / 7899
4092 / 7899
4093 / 7899
4094 / 7899
4095 / 7899
4096 / 7899
4097 / 7899
4098 / 7899
4099 / 7899
4100 / 7899
4101 / 7899
4102 / 7899
4103 / 7899
4104 / 7899
4105 / 7899
4106 / 7899
4107 / 7899
4108 / 7899
4109 / 7899
4110 / 7899
4111 / 7899
4112 / 7899
4113 / 7899
4114 / 7899
4115 / 7899
4116 / 7899
4117 / 7899
4118 / 7899
4119 / 7899
4120 / 7899
4121 / 7899
4122 / 7899
4123 / 7899
4124 / 7899
4125 / 7899
4126 / 7899
4127 / 7899
4128 / 7899
4129 / 7899
4130 / 7899
4131 / 7899
4132 / 7899
4133 / 7899
4134 / 7899
4135 / 7899
4136 / 7899
4137 / 7899
4138 / 7899
4139 / 7899
4140 / 7899
4141 / 7899
4142 / 7899
4143 / 7899
4144 / 7899
4145 / 7899
4146 / 7899
4147 / 7899
4148 / 7899
4149 / 7899
4150 / 7899
4151 / 7899
4152 / 7899
4153 / 7899
4154 / 7899
4155 / 7899
4156 / 7899
4157 / 7899
4158 / 7899
4159 / 7899
4160 / 7899
4161 / 7899
4162 / 7899
4163 / 7899
4164 / 7899
4165 / 7899
4166 / 7899
4167 / 7899
4168 / 7899
4169 / 7899
4170 / 7899
4171 / 7899
4172 / 7899
4173 / 7899
4174 / 7899
4175 / 7899
4176 / 7899
4177 / 7899
4178 / 7899
4179 / 7899
4180 / 7899
4181 / 7899
4182 / 7899
4183 / 7899
4184 / 7899
4185 / 7899
4186 / 7899
4187 / 7899
4188 / 7899
4189 / 7899
4190 / 7899
4191 / 7899
4192 / 7899
4193 / 7899
4194 / 7899
4195 / 7899
4196 / 7899
4197 / 7899
4198 / 7899
4199 / 7899
4200 / 7899
4201 / 7899
4202 / 7899
4203 / 7899
4204 / 7899
4205 / 7899
4206 / 7899
4207 / 7899
4208 / 7899
4209 / 7899
4210 / 7899
4211 / 7899
4212 / 7899
4213 / 7899
4214 / 7899
4215 / 7899
4216 / 7899
4217 / 7899
4218 / 7899
4219 / 7899
4220 / 7899
4221 / 7899
4222 / 7899
4223 / 7899
4224 / 7899
4225 / 7899
4226 / 7899
4227 / 7899
4228 / 7899
4229 / 7899
4230 / 7899
4231 / 7899
4232 / 7899
4233 / 7899
4234 / 7899
4235 / 7899
4236 / 7899
4237 / 7899
4238 / 7899
4239 / 7899
4240 / 7899
4241 / 7899
4242 / 7899
4243 / 7899
4244 / 7899
4245 / 7899
4246 / 7899
4247 / 7899
4248 / 7899
4249 / 7899
4250 / 7899
4251 / 7899
4252 / 7899
4253 / 7899
4254 / 7899
4255 / 7899
4256 / 7899
4257 / 7899
4258 / 7899
4259 / 7899
4260 / 7899
4261 / 7899
4262 / 7899
4263 / 7899
4264 / 7899
4265 / 7899
4266 / 7899
4267 / 7899
4268 / 7899
4269 / 7899
4270 / 7899
4271 / 7899
4272 / 7899
4273 / 7899
4274 / 7899
4275 / 7899
4276 / 7899
4277 / 7899
4278 / 7899
4279 / 7899
4280 / 7899
4281 / 7899
4282 / 7899
4283 / 7899
4284 / 7899
4285 / 7899
4286 / 7899
4287 / 7899
4288 / 7899
4289 / 7899
4290 / 7899
4291 / 7899
4292 / 7899
4293 / 7899
4294 / 7899
4295 / 7899
4296 / 7899
4297 / 7899
4298 / 7899
4299 / 7899
4300 / 7899
4301 / 7899
4302 / 7899
4303 / 7899
4304 / 7899
4305 / 7899
4306 / 7899
4307 / 7899
4308 / 7899
4309 / 7899
4310 / 7899
4311 / 7899
4312 / 7899
4313 / 7899
4314 / 7899
4315 / 7899
4316 / 7899
4317 / 7899
4318 / 7899
4319 / 7899
4320 / 7899
4321 / 7899
4322 / 7899
4323 / 7899
4324 / 7899
4325 / 7899
4326 / 7899
4327 / 7899
4328 / 7899
4329 / 7899
4330 / 7899
4331 / 7899
4332 / 7899
4333 / 7899
4334 / 7899
4335 / 7899
4336 / 7899
4337 / 7899
4338 / 7899
4339 / 7899
4340 / 7899
4341 / 7899
4342 / 7899
4343 / 7899
4344 / 7899
4345 / 7899
4346 / 7899
4347 / 7899
4348 / 7899
4349 / 7899
4350 / 7899
4351 / 7899
4352 / 7899
4353 / 7899
4354 / 7899
4355 / 7899
4356 / 7899
4357 / 7899
4358 / 7899
4359 / 7899
4360 / 7899
4361 / 7899
4362 / 7899
4363 / 7899
4364 / 7899
4365 / 7899
4366 / 7899
4367 / 7899
4368 / 7899
4369 / 7899
4370 / 7899
4371 / 7899
4372 / 7899
4373 / 7899
4374 / 7899
4375 / 7899
4376 / 7899
4377 / 7899
4378 / 7899
4379 / 7899
4380 / 7899
4381 / 7899
4382 / 7899
4383 / 7899
4384 / 7899
4385 / 7899
4386 / 7899
4387 / 7899
4388 / 7899
4389 / 7899
4390 / 7899
4391 / 7899
4392 / 7899
4393 / 7899
4394 / 7899
4395 / 7899
4396 / 7899
4397 / 7899
4398 / 7899
4399 / 7899
4400 / 7899
4401 / 7899
4402 / 7899
4403 / 7899
4404 / 7899
4405 / 7899
4406 / 7899
4407 / 7899
4408 / 7899
4409 / 7899
4410 / 7899
4411 / 7899
4412 / 7899
4413 / 7899
4414 / 7899
4415 / 7899
4416 / 7899
4417 / 7899
4418 / 7899
4419 / 7899
4420 / 7899
4421 / 7899
4422 / 7899
4423 / 7899
4424 / 7899
4425 / 7899
4426 / 7899
4427 / 7899
4428 / 7899
4429 / 7899
4430 / 7899
4431 / 7899
4432 / 7899
4433 / 7899
4434 / 7899
4435 / 7899
4436 / 7899
4437 / 7899
4438 / 7899
4439 / 7899
4440 / 7899
4441 / 7899
4442 / 7899
4443 / 7899
4444 / 7899
4445 / 7899
4446 / 7899
4447 / 7899
4448 / 7899
4449 / 7899
4450 / 7899
4451 / 7899
4452 / 7899
4453 / 7899
4454 / 7899
4455 / 7899
4456 / 7899
4457 / 7899
4458 / 7899
4459 / 7899
4460 / 7899
4461 / 7899
4462 / 7899
4463 / 7899
4464 / 7899
4465 / 7899
4466 / 7899
4467 / 7899
4468 / 7899
4469 / 7899
4470 / 7899
4471 / 7899
4472 / 7899
4473 / 7899
4474 / 7899
4475 / 7899
4476 / 7899
4477 / 7899
4478 / 7899
4479 / 7899
4480 / 7899
4481 / 7899
4482 / 7899
4483 / 7899
4484 / 7899
4485 / 7899
4486 / 7899
4487 / 7899
4488 / 7899
4489 / 7899
4490 / 7899
4491 / 7899
4492 / 7899
4493 / 7899
4494 / 7899
4495 / 7899
4496 / 7899
4497 / 7899
4498 / 7899
4499 / 7899
4500 / 7899
4501 / 7899
4502 / 7899
4503 / 7899
4504 / 7899
4505 / 7899
4506 / 7899
4507 / 7899
4508 / 7899
4509 / 7899
4510 / 7899
4511 / 7899
4512 / 7899
4513 / 7899
4514 / 7899
4515 / 7899
4516 / 7899
4517 / 7899
4518 / 7899
4519 / 7899
4520 / 7899
4521 / 7899
4522 / 7899
4523 / 7899
4524 / 7899
4525 / 7899
4526 / 7899
4527 / 7899
4528 / 7899
4529 / 7899
4530 / 7899
4531 / 7899
4532 / 7899
4533 / 7899
4534 / 7899
4535 / 7899
4536 / 7899
4537 / 7899
4538 / 7899
4539 / 7899
4540 / 7899
4541 / 7899
4542 / 7899
4543 / 7899
4544 / 7899
4545 / 7899
4546 / 7899
4547 / 7899
4548 / 7899
4549 / 7899
4550 / 7899
4551 / 7899
4552 / 7899
4553 / 7899
4554 / 7899
4555 / 7899
4556 / 7899
4557 / 7899
4558 / 7899
4559 / 7899
4560 / 7899
4561 / 7899
4562 / 7899
4563 / 7899
4564 / 7899
4565 / 7899
4566 / 7899
4567 / 7899
4568 / 7899
4569 / 7899
4570 / 7899
4571 / 7899
4572 / 7899
4573 / 7899
4574 / 7899
4575 / 7899
4576 / 7899
4577 / 7899
4578 / 7899
4579 / 7899
4580 / 7899
4581 / 7899
4582 / 7899
4583 / 7899
4584 / 7899
4585 / 7899
4586 / 7899
4587 / 7899
4588 / 7899
4589 / 7899
4590 / 7899
4591 / 7899
4592 / 7899
4593 / 7899
4594 / 7899
4595 / 7899
4596 / 7899
4597 / 7899
4598 / 7899
4599 / 7899
4600 / 7899
4601 / 7899
4602 / 7899
4603 / 7899
4604 / 7899
4605 / 7899
4606 / 7899
4607 / 7899
4608 / 7899
4609 / 7899
4610 / 7899
4611 / 7899
4612 / 7899
4613 / 7899
4614 / 7899
4615 / 7899
4616 / 7899
4617 / 7899
4618 / 7899
4619 / 7899
4620 / 7899
4621 / 7899
4622 / 7899
4623 / 7899
4624 / 7899
4625 / 7899
4626 / 7899
4627 / 7899
4628 / 7899
4629 / 7899
4630 / 7899
4631 / 7899
4632 / 7899
4633 / 7899
4634 / 7899
4635 / 7899
4636 / 7899
4637 / 7899
4638 / 7899
4639 / 7899
4640 / 7899
4641 / 7899
4642 / 7899
4643 / 7899
4644 / 7899
4645 / 7899
4646 / 7899
4647 / 7899
4648 / 7899
4649 / 7899
4650 / 7899
4651 / 7899
4652 / 7899
4653 / 7899
4654 / 7899
4655 / 7899
4656 / 7899
4657 / 7899
4658 / 7899
4659 / 7899
4660 / 7899
4661 / 7899
4662 / 7899
4663 / 7899
4664 / 7899
4665 / 7899
4666 / 7899
4667 / 7899
4668 / 7899
4669 / 7899
4670 / 7899
4671 / 7899
4672 / 7899
4673 / 7899
4674 / 7899
4675 / 7899
4676 / 7899
4677 / 7899
4678 / 7899
4679 / 7899
4680 / 7899
4681 / 7899
4682 / 7899
4683 / 7899
4684 / 7899
4685 / 7899
4686 / 7899
4687 / 7899
4688 / 7899
4689 / 7899
4690 / 7899
4691 / 7899
4692 / 7899
4693 / 7899
4694 / 7899
4695 / 7899
4696 / 7899
4697 / 7899
4698 / 7899
4699 / 7899
4700 / 7899
4701 / 7899
4702 / 7899
4703 / 7899
4704 / 7899
4705 / 7899
4706 / 7899
4707 / 7899
4708 / 7899
4709 / 7899
4710 / 7899
4711 / 7899
4712 / 7899
4713 / 7899
4714 / 7899
4715 / 7899
4716 / 7899
4717 / 7899
4718 / 7899
4719 / 7899
4720 / 7899
4721 / 7899
4722 / 7899
4723 / 7899
4724 / 7899
4725 / 7899
4726 / 7899
4727 / 7899
4728 / 7899
4729 / 7899
4730 / 7899
4731 / 7899
4732 / 7899
4733 / 7899
4734 / 7899
4735 / 7899
4736 / 7899
4737 / 7899
4738 / 7899
4739 / 7899
4740 / 7899
4741 / 7899
4742 / 7899
4743 / 7899
4744 / 7899
4745 / 7899
4746 / 7899
4747 / 7899
4748 / 7899
4749 / 7899
4750 / 7899
4751 / 7899
4752 / 7899
4753 / 7899
4754 / 7899
4755 / 7899
4756 / 7899
4757 / 7899
4758 / 7899
4759 / 7899
4760 / 7899
4761 / 7899
4762 / 7899
4763 / 7899
4764 / 7899
4765 / 7899
4766 / 7899
4767 / 7899
4768 / 7899
4769 / 7899
4770 / 7899
4771 / 7899
4772 / 7899
4773 / 7899
4774 / 7899
4775 / 7899
4776 / 7899
4777 / 7899
4778 / 7899
4779 / 7899
4780 / 7899
4781 / 7899
4782 / 7899
4783 / 7899
4784 / 7899
4785 / 7899
4786 / 7899
4787 / 7899
4788 / 7899
4789 / 7899
4790 / 7899
4791 / 7899
4792 / 7899
4793 / 7899
4794 / 7899
4795 / 7899
4796 / 7899
4797 / 7899
4798 / 7899
4799 / 7899
4800 / 7899
4801 / 7899
4802 / 7899
4803 / 7899
4804 / 7899
4805 / 7899
4806 / 7899
4807 / 7899
4808 / 7899
4809 / 7899
4810 / 7899
4811 / 7899
4812 / 7899
4813 / 7899
4814 / 7899
4815 / 7899
4816 / 7899
4817 / 7899
4818 / 7899
4819 / 7899
4820 / 7899
4821 / 7899
4822 / 7899
4823 / 7899
4824 / 7899
4825 / 7899
4826 / 7899
4827 / 7899
4828 / 7899
4829 / 7899
4830 / 7899
4831 / 7899
4832 / 7899
4833 / 7899
4834 / 7899
4835 / 7899
4836 / 7899
4837 / 7899
4838 / 7899
4839 / 7899
4840 / 7899
4841 / 7899
4842 / 7899
4843 / 7899
4844 / 7899
4845 / 7899
4846 / 7899
4847 / 7899
4848 / 7899
4849 / 7899
4850 / 7899
4851 / 7899
4852 / 7899
4853 / 7899
4854 / 7899
4855 / 7899
4856 / 7899
4857 / 7899
4858 / 7899
4859 / 7899
4860 / 7899
4861 / 7899
4862 / 7899
4863 / 7899
4864 / 7899
4865 / 7899
4866 / 7899
4867 / 7899
4868 / 7899
4869 / 7899
4870 / 7899
4871 / 7899
4872 / 7899
4873 / 7899
4874 / 7899
4875 / 7899
4876 / 7899
4877 / 7899
4878 / 7899
4879 / 7899
4880 / 7899
4881 / 7899
4882 / 7899
4883 / 7899
4884 / 7899
4885 / 7899
4886 / 7899
4887 / 7899
4888 / 7899
4889 / 7899
4890 / 7899
4891 / 7899
4892 / 7899
4893 / 7899
4894 / 7899
4895 / 7899
4896 / 7899
4897 / 7899
4898 / 7899
4899 / 7899
4900 / 7899
4901 / 7899
4902 / 7899
4903 / 7899
4904 / 7899
4905 / 7899
4906 / 7899
4907 / 7899
4908 / 7899
4909 / 7899
4910 / 7899
4911 / 7899
4912 / 7899
4913 / 7899
4914 / 7899
4915 / 7899
4916 / 7899
4917 / 7899
4918 / 7899
4919 / 7899
4920 / 7899
4921 / 7899
4922 / 7899
4923 / 7899
4924 / 7899
4925 / 7899
4926 / 7899
4927 / 7899
4928 / 7899
4929 / 7899
4930 / 7899
4931 / 7899
4932 / 7899
4933 / 7899
4934 / 7899
4935 / 7899
4936 / 7899
4937 / 7899
4938 / 7899
4939 / 7899
4940 / 7899
4941 / 7899
4942 / 7899
4943 / 7899
4944 / 7899
4945 / 7899
4946 / 7899
4947 / 7899
4948 / 7899
4949 / 7899
4950 / 7899
4951 / 7899
4952 / 7899
4953 / 7899
4954 / 7899
4955 / 7899
4956 / 7899
4957 / 7899
4958 / 7899
4959 / 7899
4960 / 7899
4961 / 7899
4962 / 7899
4963 / 7899
4964 / 7899
4965 / 7899
4966 / 7899
4967 / 7899
4968 / 7899
4969 / 7899
4970 / 7899
4971 / 7899
4972 / 7899
4973 / 7899
4974 / 7899
4975 / 7899
4976 / 7899
4977 / 7899
4978 / 7899
4979 / 7899
4980 / 7899
4981 / 7899
4982 / 7899
4983 / 7899
4984 / 7899
4985 / 7899
4986 / 7899
4987 / 7899
4988 / 7899
4989 / 7899
4990 / 7899
4991 / 7899
4992 / 7899
4993 / 7899
4994 / 7899
4995 / 7899
4996 / 7899
4997 / 7899
4998 / 7899
4999 / 7899
5000 / 7899
5001 / 7899
5002 / 7899
5003 / 7899
5004 / 7899
5005 / 7899
5006 / 7899
5007 / 7899
5008 / 7899
5009 / 7899
5010 / 7899
5011 / 7899
5012 / 7899
5013 / 7899
5014 / 7899
5015 / 7899
5016 / 7899
5017 / 7899
5018 / 7899
5019 / 7899
5020 / 7899
5021 / 7899
5022 / 7899
5023 / 7899
5024 / 7899
5025 / 7899
5026 / 7899
5027 / 7899
5028 / 7899
5029 / 7899
5030 / 7899
5031 / 7899
5032 / 7899
5033 / 7899
5034 / 7899
5035 / 7899
5036 / 7899
5037 / 7899
5038 / 7899
5039 / 7899
5040 / 7899
5041 / 7899
5042 / 7899
5043 / 7899
5044 / 7899
5045 / 7899
5046 / 7899
5047 / 7899
5048 / 7899
5049 / 7899
5050 / 7899
5051 / 7899
5052 / 7899
5053 / 7899
5054 / 7899
5055 / 7899
5056 / 7899
5057 / 7899
5058 / 7899
5059 / 7899
5060 / 7899
5061 / 7899
5062 / 7899
5063 / 7899
5064 / 7899
5065 / 7899
5066 / 7899
5067 / 7899
5068 / 7899
5069 / 7899
5070 / 7899
5071 / 7899
5072 / 7899
5073 / 7899
5074 / 7899
5075 / 7899
5076 / 7899
5077 / 7899
5078 / 7899
5079 / 7899
5080 / 7899
5081 / 7899
5082 / 7899
5083 / 7899
5084 / 7899
5085 / 7899
5086 / 7899
5087 / 7899
5088 / 7899
5089 / 7899
5090 / 7899
5091 / 7899
5092 / 7899
5093 / 7899
5094 / 7899
5095 / 7899
5096 / 7899
5097 / 7899
5098 / 7899
5099 / 7899
5100 / 7899
5101 / 7899
5102 / 7899
5103 / 7899
5104 / 7899
5105 / 7899
5106 / 7899
5107 / 7899
5108 / 7899
5109 / 7899
5110 / 7899
5111 / 7899
5112 / 7899
5113 / 7899
5114 / 7899
5115 / 7899
5116 / 7899
5117 / 7899
5118 / 7899
5119 / 7899
5120 / 7899
5121 / 7899
5122 / 7899
5123 / 7899
5124 / 7899
5125 / 7899
5126 / 7899
5127 / 7899
5128 / 7899
5129 / 7899
5130 / 7899
5131 / 7899
5132 / 7899
5133 / 7899
5134 / 7899
5135 / 7899
5136 / 7899
5137 / 7899
5138 / 7899
5139 / 7899
5140 / 7899
5141 / 7899
5142 / 7899
5143 / 7899
5144 / 7899
5145 / 7899
5146 / 7899
5147 / 7899
5148 / 7899
5149 / 7899
5150 / 7899
5151 / 7899
5152 / 7899
5153 / 7899
5154 / 7899
5155 / 7899
5156 / 7899
5157 / 7899
5158 / 7899
5159 / 7899
5160 / 7899
5161 / 7899
5162 / 7899
5163 / 7899
5164 / 7899
5165 / 7899
5166 / 7899
5167 / 7899
5168 / 7899
5169 / 7899
5170 / 7899
5171 / 7899
5172 / 7899
5173 / 7899
5174 / 7899
5175 / 7899
5176 / 7899
5177 / 7899
5178 / 7899
5179 / 7899
5180 / 7899
5181 / 7899
5182 / 7899
5183 / 7899
5184 / 7899
5185 / 7899
5186 / 7899
5187 / 7899
5188 / 7899
5189 / 7899
5190 / 7899
5191 / 7899
5192 / 7899
5193 / 7899
5194 / 7899
5195 / 7899
5196 / 7899
5197 / 7899
5198 / 7899
5199 / 7899
5200 / 7899
5201 / 7899
5202 / 7899
5203 / 7899
5204 / 7899
5205 / 7899
5206 / 7899
5207 / 7899
5208 / 7899
5209 / 7899
5210 / 7899
5211 / 7899
5212 / 7899
5213 / 7899
5214 / 7899
5215 / 7899
5216 / 7899
5217 / 7899
5218 / 7899
5219 / 7899
5220 / 7899
5221 / 7899
5222 / 7899
5223 / 7899
5224 / 7899
5225 / 7899
5226 / 7899
5227 / 7899
5228 / 7899
5229 / 7899
5230 / 7899
5231 / 7899
5232 / 7899
5233 / 7899
5234 / 7899
5235 / 7899
5236 / 7899
5237 / 7899
5238 / 7899
5239 / 7899
5240 / 7899
5241 / 7899
5242 / 7899
5243 / 7899
5244 / 7899
5245 / 7899
5246 / 7899
5247 / 7899
5248 / 7899
5249 / 7899
5250 / 7899
5251 / 7899
5252 / 7899
5253 / 7899
5254 / 7899
5255 / 7899
5256 / 7899
5257 / 7899
5258 / 7899
5259 / 7899
5260 / 7899
5261 / 7899
5262 / 7899
5263 / 7899
5264 / 7899
5265 / 7899
5266 / 7899
5267 / 7899
5268 / 7899
5269 / 7899
5270 / 7899
5271 / 7899
5272 / 7899
5273 / 7899
5274 / 7899
5275 / 7899
5276 / 7899
5277 / 7899
5278 / 7899
5279 / 7899
5280 / 7899
5281 / 7899
5282 / 7899
5283 / 7899
5284 / 7899
5285 / 7899
5286 / 7899
5287 / 7899
5288 / 7899
5289 / 7899
5290 / 7899
5291 / 7899
5292 / 7899
5293 / 7899
5294 / 7899
5295 / 7899
5296 / 7899
5297 / 7899
5298 / 7899
5299 / 7899
5300 / 7899
5301 / 7899
5302 / 7899
5303 / 7899
5304 / 7899
5305 / 7899
5306 / 7899
5307 / 7899
5308 / 7899
5309 / 7899
5310 / 7899
5311 / 7899
5312 / 7899
5313 / 7899
5314 / 7899
5315 / 7899
5316 / 7899
5317 / 7899
5318 / 7899
5319 / 7899
5320 / 7899
5321 / 7899
5322 / 7899
5323 / 7899
5324 / 7899
5325 / 7899
5326 / 7899
5327 / 7899
5328 / 7899
5329 / 7899
5330 / 7899
5331 / 7899
5332 / 7899
5333 / 7899
5334 / 7899
5335 / 7899
5336 / 7899
5337 / 7899
5338 / 7899
5339 / 7899
5340 / 7899
5341 / 7899
5342 / 7899
5343 / 7899
5344 / 7899
5345 / 7899
5346 / 7899
5347 / 7899
5348 / 7899
5349 / 7899
5350 / 7899
5351 / 7899
5352 / 7899
5353 / 7899
5354 / 7899
5355 / 7899
5356 / 7899
5357 / 7899
5358 / 7899
5359 / 7899
5360 / 7899
5361 / 7899
5362 / 7899
5363 / 7899
5364 / 7899
5365 / 7899
5366 / 7899
5367 / 7899
5368 / 7899
5369 / 7899
5370 / 7899
5371 / 7899
5372 / 7899
5373 / 7899
5374 / 7899
5375 / 7899
5376 / 7899
5377 / 7899
5378 / 7899
5379 / 7899
5380 / 7899
5381 / 7899
5382 / 7899
5383 / 7899
5384 / 7899
5385 / 7899
5386 / 7899
5387 / 7899
5388 / 7899
5389 / 7899
5390 / 7899
5391 / 7899
5392 / 7899
5393 / 7899
5394 / 7899
5395 / 7899
5396 / 7899
5397 / 7899
5398 / 7899
5399 / 7899
5400 / 7899
5401 / 7899
5402 / 7899
5403 / 7899
5404 / 7899
5405 / 7899
5406 / 7899
5407 / 7899
5408 / 7899
5409 / 7899
5410 / 7899
5411 / 7899
5412 / 7899
5413 / 7899
5414 / 7899
5415 / 7899
5416 / 7899
5417 / 7899
5418 / 7899
5419 / 7899
5420 / 7899
5421 / 7899
5422 / 7899
5423 / 7899
5424 / 7899
5425 / 7899
5426 / 7899
5427 / 7899
5428 / 7899
5429 / 7899
5430 / 7899
5431 / 7899
5432 / 7899
5433 / 7899
5434 / 7899
5435 / 7899
5436 / 7899
5437 / 7899
5438 / 7899
5439 / 7899
5440 / 7899
5441 / 7899
5442 / 7899
5443 / 7899
5444 / 7899
5445 / 7899
5446 / 7899
5447 / 7899
5448 / 7899
5449 / 7899
5450 / 7899
5451 / 7899
5452 / 7899
5453 / 7899
5454 / 7899
5455 / 7899
5456 / 7899
5457 / 7899
5458 / 7899
5459 / 7899
5460 / 7899
5461 / 7899
5462 / 7899
5463 / 7899
5464 / 7899
5465 / 7899
5466 / 7899
5467 / 7899
5468 / 7899
5469 / 7899
5470 / 7899
5471 / 7899
5472 / 7899
5473 / 7899
5474 / 7899
5475 / 7899
5476 / 7899
5477 / 7899
5478 / 7899
5479 / 7899
5480 / 7899
5481 / 7899
5482 / 7899
5483 / 7899
5484 / 7899
5485 / 7899
5486 / 7899
5487 / 7899
5488 / 7899
5489 / 7899
5490 / 7899
5491 / 7899
5492 / 7899
5493 / 7899
5494 / 7899
5495 / 7899
5496 / 7899
5497 / 7899
5498 / 7899
5499 / 7899
5500 / 7899
5501 / 7899
5502 / 7899
5503 / 7899
5504 / 7899
5505 / 7899
5506 / 7899
5507 / 7899
5508 / 7899
5509 / 7899
5510 / 7899
5511 / 7899
5512 / 7899
5513 / 7899
5514 / 7899
5515 / 7899
5516 / 7899
5517 / 7899
5518 / 7899
5519 / 7899
5520 / 7899
5521 / 7899
5522 / 7899
5523 / 7899
5524 / 7899
5525 / 7899
5526 / 7899
5527 / 7899
5528 / 7899
5529 / 7899
5530 / 7899
5531 / 7899
5532 / 7899
5533 / 7899
5534 / 7899
5535 / 7899
5536 / 7899
5537 / 7899
5538 / 7899
5539 / 7899
5540 / 7899
5541 / 7899
5542 / 7899
5543 / 7899
5544 / 7899
5545 / 7899
5546 / 7899
5547 / 7899
5548 / 7899
5549 / 7899
5550 / 7899
5551 / 7899
5552 / 7899
5553 / 7899
5554 / 7899
5555 / 7899
5556 / 7899
5557 / 7899
5558 / 7899
5559 / 7899
5560 / 7899
5561 / 7899
5562 / 7899
5563 / 7899
5564 / 7899
5565 / 7899
5566 / 7899
5567 / 7899
5568 / 7899
5569 / 7899
5570 / 7899
5571 / 7899
5572 / 7899
5573 / 7899
5574 / 7899
5575 / 7899
5576 / 7899
5577 / 7899
5578 / 7899
5579 / 7899
5580 / 7899
5581 / 7899
5582 / 7899
5583 / 7899
5584 / 7899
5585 / 7899
5586 / 7899
5587 / 7899
5588 / 7899
5589 / 7899
5590 / 7899
5591 / 7899
5592 / 7899
5593 / 7899
5594 / 7899
5595 / 7899
5596 / 7899
5597 / 7899
5598 / 7899
5599 / 7899
5600 / 7899
5601 / 7899
5602 / 7899
5603 / 7899
5604 / 7899
5605 / 7899
5606 / 7899
5607 / 7899
5608 / 7899
5609 / 7899
5610 / 7899
5611 / 7899
5612 / 7899
5613 / 7899
5614 / 7899
5615 / 7899
5616 / 7899
5617 / 7899
5618 / 7899
5619 / 7899
5620 / 7899
5621 / 7899
5622 / 7899
5623 / 7899
5624 / 7899
5625 / 7899
5626 / 7899
5627 / 7899
5628 / 7899
5629 / 7899
5630 / 7899
5631 / 7899
5632 / 7899
5633 / 7899
5634 / 7899
5635 / 7899
5636 / 7899
5637 / 7899
5638 / 7899
5639 / 7899
5640 / 7899
5641 / 7899
5642 / 7899
5643 / 7899
5644 / 7899
5645 / 7899
5646 / 7899
5647 / 7899
5648 / 7899
5649 / 7899
5650 / 7899
5651 / 7899
5652 / 7899
5653 / 7899
5654 / 7899
5655 / 7899
5656 / 7899
5657 / 7899
5658 / 7899
5659 / 7899
5660 / 7899
5661 / 7899
5662 / 7899
5663 / 7899
5664 / 7899
5665 / 7899
5666 / 7899
5667 / 7899
5668 / 7899
5669 / 7899
5670 / 7899
5671 / 7899
5672 / 7899
5673 / 7899
5674 / 7899
5675 / 7899
5676 / 7899
5677 / 7899
5678 / 7899
5679 / 7899
5680 / 7899
5681 / 7899
5682 / 7899
5683 / 7899
5684 / 7899
5685 / 7899
5686 / 7899
5687 / 7899
5688 / 7899
5689 / 7899
5690 / 7899
5691 / 7899
5692 / 7899
5693 / 7899
5694 / 7899
5695 / 7899
5696 / 7899
5697 / 7899
5698 / 7899
5699 / 7899
5700 / 7899
5701 / 7899
5702 / 7899
5703 / 7899
5704 / 7899
5705 / 7899
5706 / 7899
5707 / 7899
5708 / 7899
5709 / 7899
5710 / 7899
5711 / 7899
5712 / 7899
5713 / 7899
5714 / 7899
5715 / 7899
5716 / 7899
5717 / 7899
5718 / 7899
5719 / 7899
5720 / 7899
5721 / 7899
5722 / 7899
5723 / 7899
5724 / 7899
5725 / 7899
5726 / 7899
5727 / 7899
5728 / 7899
5729 / 7899
5730 / 7899
5731 / 7899
5732 / 7899
5733 / 7899
5734 / 7899
5735 / 7899
5736 / 7899
5737 / 7899
5738 / 7899
5739 / 7899
5740 / 7899
5741 / 7899
5742 / 7899
5743 / 7899
5744 / 7899
5745 / 7899
5746 / 7899
5747 / 7899
5748 / 7899
5749 / 7899
5750 / 7899
5751 / 7899
5752 / 7899
5753 / 7899
5754 / 7899
5755 / 7899
5756 / 7899
5757 / 7899
5758 / 7899
5759 / 7899
5760 / 7899
5761 / 7899
5762 / 7899
5763 / 7899
5764 / 7899
5765 / 7899
5766 / 7899
5767 / 7899
5768 / 7899
5769 / 7899
5770 / 7899
5771 / 7899
5772 / 7899
5773 / 7899
5774 / 7899
5775 / 7899
5776 / 7899
5777 / 7899
5778 / 7899
5779 / 7899
5780 / 7899
5781 / 7899
5782 / 7899
5783 / 7899
5784 / 7899
5785 / 7899
5786 / 7899
5787 / 7899
5788 / 7899
5789 / 7899
5790 / 7899
5791 / 7899
5792 / 7899
5793 / 7899
5794 / 7899
5795 / 7899
5796 / 7899
5797 / 7899
5798 / 7899
5799 / 7899
5800 / 7899
5801 / 7899
5802 / 7899
5803 / 7899
5804 / 7899
5805 / 7899
5806 / 7899
5807 / 7899
5808 / 7899
5809 / 7899
5810 / 7899
5811 / 7899
5812 / 7899
5813 / 7899
5814 / 7899
5815 / 7899
5816 / 7899
5817 / 7899
5818 / 7899
5819 / 7899
5820 / 7899
5821 / 7899
5822 / 7899
5823 / 7899
5824 / 7899
5825 / 7899
5826 / 7899
5827 / 7899
5828 / 7899
5829 / 7899
5830 / 7899
5831 / 7899
5832 / 7899
5833 / 7899
5834 / 7899
5835 / 7899
5836 / 7899
5837 / 7899
5838 / 7899
5839 / 7899
5840 / 7899
5841 / 7899
5842 / 7899
5843 / 7899
5844 / 7899
5845 / 7899
5846 / 7899
5847 / 7899
5848 / 7899
5849 / 7899
5850 / 7899
5851 / 7899
5852 / 7899
5853 / 7899
5854 / 7899
5855 / 7899
5856 / 7899
5857 / 7899
5858 / 7899
5859 / 7899
5860 / 7899
5861 / 7899
5862 / 7899
5863 / 7899
5864 / 7899
5865 / 7899
5866 / 7899
5867 / 7899
5868 / 7899
5869 / 7899
5870 / 7899
5871 / 7899
5872 / 7899
5873 / 7899
5874 / 7899
5875 / 7899
5876 / 7899
5877 / 7899
5878 / 7899
5879 / 7899
5880 / 7899
5881 / 7899
5882 / 7899
5883 / 7899
5884 / 7899
5885 / 7899
5886 / 7899
5887 / 7899
5888 / 7899
5889 / 7899
5890 / 7899
5891 / 7899
5892 / 7899
5893 / 7899
5894 / 7899
5895 / 7899
5896 / 7899
5897 / 7899
5898 / 7899
5899 / 7899
5900 / 7899
5901 / 7899
5902 / 7899
5903 / 7899
5904 / 7899
5905 / 7899
5906 / 7899
5907 / 7899
5908 / 7899
5909 / 7899
5910 / 7899
5911 / 7899
5912 / 7899
5913 / 7899
5914 / 7899
5915 / 7899
5916 / 7899
5917 / 7899
5918 / 7899
5919 / 7899
5920 / 7899
5921 / 7899
5922 / 7899
5923 / 7899
5924 / 7899
5925 / 7899
5926 / 7899
5927 / 7899
5928 / 7899
5929 / 7899
5930 / 7899
5931 / 7899
5932 / 7899
5933 / 7899
5934 / 7899
5935 / 7899
5936 / 7899
5937 / 7899
5938 / 7899
5939 / 7899
5940 / 7899
5941 / 7899
5942 / 7899
5943 / 7899
5944 / 7899
5945 / 7899
5946 / 7899
5947 / 7899
5948 / 7899
5949 / 7899
5950 / 7899
5951 / 7899
5952 / 7899
5953 / 7899
5954 / 7899
5955 / 7899
5956 / 7899
5957 / 7899
5958 / 7899
5959 / 7899
5960 / 7899
5961 / 7899
5962 / 7899
5963 / 7899
5964 / 7899
5965 / 7899
5966 / 7899
5967 / 7899
5968 / 7899
5969 / 7899
5970 / 7899
5971 / 7899
5972 / 7899
5973 / 7899
5974 / 7899
5975 / 7899
5976 / 7899
5977 / 7899
5978 / 7899
5979 / 7899
5980 / 7899
5981 / 7899
5982 / 7899
5983 / 7899
5984 / 7899
5985 / 7899
5986 / 7899
5987 / 7899
5988 / 7899
5989 / 7899
5990 / 7899
5991 / 7899
5992 / 7899
5993 / 7899
5994 / 7899
5995 / 7899
5996 / 7899
5997 / 7899
5998 / 7899
5999 / 7899
6000 / 7899
6001 / 7899
6002 / 7899
6003 / 7899
6004 / 7899
6005 / 7899
6006 / 7899
6007 / 7899
6008 / 7899
6009 / 7899
6010 / 7899
6011 / 7899
6012 / 7899
6013 / 7899
6014 / 7899
6015 / 7899
6016 / 7899
6017 / 7899
6018 / 7899
6019 / 7899
6020 / 7899
6021 / 7899
6022 / 7899
6023 / 7899
6024 / 7899
6025 / 7899
6026 / 7899
6027 / 7899
6028 / 7899
6029 / 7899
6030 / 7899
6031 / 7899
6032 / 7899
6033 / 7899
6034 / 7899
6035 / 7899
6036 / 7899
6037 / 7899
6038 / 7899
6039 / 7899
6040 / 7899
6041 / 7899
6042 / 7899
6043 / 7899
6044 / 7899
6045 / 7899
6046 / 7899
6047 / 7899
6048 / 7899
6049 / 7899
6050 / 7899
6051 / 7899
6052 / 7899
6053 / 7899
6054 / 7899
6055 / 7899
6056 / 7899
6057 / 7899
6058 / 7899
6059 / 7899
6060 / 7899
6061 / 7899
6062 / 7899
6063 / 7899
6064 / 7899
6065 / 7899
6066 / 7899
6067 / 7899
6068 / 7899
6069 / 7899
6070 / 7899
6071 / 7899
6072 / 7899
6073 / 7899
6074 / 7899
6075 / 7899
6076 / 7899
6077 / 7899
6078 / 7899
6079 / 7899
6080 / 7899
6081 / 7899
6082 / 7899
6083 / 7899
6084 / 7899
6085 / 7899
6086 / 7899
6087 / 7899
6088 / 7899
6089 / 7899
6090 / 7899
6091 / 7899
6092 / 7899
6093 / 7899
6094 / 7899
6095 / 7899
6096 / 7899
6097 / 7899
6098 / 7899
6099 / 7899
6100 / 7899
6101 / 7899
6102 / 7899
6103 / 7899
6104 / 7899
6105 / 7899
6106 / 7899
6107 / 7899
6108 / 7899
6109 / 7899
6110 / 7899
6111 / 7899
6112 / 7899
6113 / 7899
6114 / 7899
6115 / 7899
6116 / 7899
6117 / 7899
6118 / 7899
6119 / 7899
6120 / 7899
6121 / 7899
6122 / 7899
6123 / 7899
6124 / 7899
6125 / 7899
6126 / 7899
6127 / 7899
6128 / 7899
6129 / 7899
6130 / 7899
6131 / 7899
6132 / 7899
6133 / 7899
6134 / 7899
6135 / 7899
6136 / 7899
6137 / 7899
6138 / 7899
6139 / 7899
6140 / 7899
6141 / 7899
6142 / 7899
6143 / 7899
6144 / 7899
6145 / 7899
6146 / 7899
6147 / 7899
6148 / 7899
6149 / 7899
6150 / 7899
6151 / 7899
6152 / 7899
6153 / 7899
6154 / 7899
6155 / 7899
6156 / 7899
6157 / 7899
6158 / 7899
6159 / 7899
6160 / 7899
6161 / 7899
6162 / 7899
6163 / 7899
6164 / 7899
6165 / 7899
6166 / 7899
6167 / 7899
6168 / 7899
6169 / 7899
6170 / 7899
6171 / 7899
6172 / 7899
6173 / 7899
6174 / 7899
6175 / 7899
6176 / 7899
6177 / 7899
6178 / 7899
6179 / 7899
6180 / 7899
6181 / 7899
6182 / 7899
6183 / 7899
6184 / 7899
6185 / 7899
6186 / 7899
6187 / 7899
6188 / 7899
6189 / 7899
6190 / 7899
6191 / 7899
6192 / 7899
6193 / 7899
6194 / 7899
6195 / 7899
6196 / 7899
6197 / 7899
6198 / 7899
6199 / 7899
6200 / 7899
6201 / 7899
6202 / 7899
6203 / 7899
6204 / 7899
6205 / 7899
6206 / 7899
6207 / 7899
6208 / 7899
6209 / 7899
6210 / 7899
6211 / 7899
6212 / 7899
6213 / 7899
6214 / 7899
6215 / 7899
6216 / 7899
6217 / 7899
6218 / 7899
6219 / 7899
6220 / 7899
6221 / 7899
6222 / 7899
6223 / 7899
6224 / 7899
6225 / 7899
6226 / 7899
6227 / 7899
6228 / 7899
6229 / 7899
6230 / 7899
6231 / 7899
6232 / 7899
6233 / 7899
6234 / 7899
6235 / 7899
6236 / 7899
6237 / 7899
6238 / 7899
6239 / 7899
6240 / 7899
6241 / 7899
6242 / 7899
6243 / 7899
6244 / 7899
6245 / 7899
6246 / 7899
6247 / 7899
6248 / 7899
6249 / 7899
6250 / 7899
6251 / 7899
6252 / 7899
6253 / 7899
6254 / 7899
6255 / 7899
6256 / 7899
6257 / 7899
6258 / 7899
6259 / 7899
6260 / 7899
6261 / 7899
6262 / 7899
6263 / 7899
6264 / 7899
6265 / 7899
6266 / 7899
6267 / 7899
6268 / 7899
6269 / 7899
6270 / 7899
6271 / 7899
6272 / 7899
6273 / 7899
6274 / 7899
6275 / 7899
6276 / 7899
6277 / 7899
6278 / 7899
6279 / 7899
6280 / 7899
6281 / 7899
6282 / 7899
6283 / 7899
6284 / 7899
6285 / 7899
6286 / 7899
6287 / 7899
6288 / 7899
6289 / 7899
6290 / 7899
6291 / 7899
6292 / 7899
6293 / 7899
6294 / 7899
6295 / 7899
6296 / 7899
6297 / 7899
6298 / 7899
6299 / 7899
6300 / 7899
6301 / 7899
6302 / 7899
6303 / 7899
6304 / 7899
6305 / 7899
6306 / 7899
6307 / 7899
6308 / 7899
6309 / 7899
6310 / 7899
6311 / 7899
6312 / 7899
6313 / 7899
6314 / 7899
6315 / 7899
6316 / 7899
6317 / 7899
6318 / 7899
6319 / 7899
6320 / 7899
6321 / 7899
6322 / 7899
6323 / 7899
6324 / 7899
6325 / 7899
6326 / 7899
6327 / 7899
6328 / 7899
6329 / 7899
6330 / 7899
6331 / 7899
6332 / 7899
6333 / 7899
6334 / 7899
6335 / 7899
6336 / 7899
6337 / 7899
6338 / 7899
6339 / 7899
6340 / 7899
6341 / 7899
6342 / 7899
6343 / 7899
6344 / 7899
6345 / 7899
6346 / 7899
6347 / 7899
6348 / 7899
6349 / 7899
6350 / 7899
6351 / 7899
6352 / 7899
6353 / 7899
6354 / 7899
6355 / 7899
6356 / 7899
6357 / 7899
6358 / 7899
6359 / 7899
6360 / 7899
6361 / 7899
6362 / 7899
6363 / 7899
6364 / 7899
6365 / 7899
6366 / 7899
6367 / 7899
6368 / 7899
6369 / 7899
6370 / 7899
6371 / 7899
6372 / 7899
6373 / 7899
6374 / 7899
6375 / 7899
6376 / 7899
6377 / 7899
6378 / 7899
6379 / 7899
6380 / 7899
6381 / 7899
6382 / 7899
6383 / 7899
6384 / 7899
6385 / 7899
6386 / 7899
6387 / 7899
6388 / 7899
6389 / 7899
6390 / 7899
6391 / 7899
6392 / 7899
6393 / 7899
6394 / 7899
6395 / 7899
6396 / 7899
6397 / 7899
6398 / 7899
6399 / 7899
6400 / 7899
6401 / 7899
6402 / 7899
6403 / 7899
6404 / 7899
6405 / 7899
6406 / 7899
6407 / 7899
6408 / 7899
6409 / 7899
6410 / 7899
6411 / 7899
6412 / 7899
6413 / 7899
6414 / 7899
6415 / 7899
6416 / 7899
6417 / 7899
6418 / 7899
6419 / 7899
6420 / 7899
6421 / 7899
6422 / 7899
6423 / 7899
6424 / 7899
6425 / 7899
6426 / 7899
6427 / 7899
6428 / 7899
6429 / 7899
6430 / 7899
6431 / 7899
6432 / 7899
6433 / 7899
6434 / 7899
6435 / 7899
6436 / 7899
6437 / 7899
6438 / 7899
6439 / 7899
6440 / 7899
6441 / 7899
6442 / 7899
6443 / 7899
6444 / 7899
6445 / 7899
6446 / 7899
6447 / 7899
6448 / 7899
6449 / 7899
6450 / 7899
6451 / 7899
6452 / 7899
6453 / 7899
6454 / 7899
6455 / 7899
6456 / 7899
6457 / 7899
6458 / 7899
6459 / 7899
6460 / 7899
6461 / 7899
6462 / 7899
6463 / 7899
6464 / 7899
6465 / 7899
6466 / 7899
6467 / 7899
6468 / 7899
6469 / 7899
6470 / 7899
6471 / 7899
6472 / 7899
6473 / 7899
6474 / 7899
6475 / 7899
6476 / 7899
6477 / 7899
6478 / 7899
6479 / 7899
6480 / 7899
6481 / 7899
6482 / 7899
6483 / 7899
6484 / 7899
6485 / 7899
6486 / 7899
6487 / 7899
6488 / 7899
6489 / 7899
6490 / 7899
6491 / 7899
6492 / 7899
6493 / 7899
6494 / 7899
6495 / 7899
6496 / 7899
6497 / 7899
6498 / 7899
6499 / 7899
6500 / 7899
6501 / 7899
6502 / 7899
6503 / 7899
6504 / 7899
6505 / 7899
6506 / 7899
6507 / 7899
6508 / 7899
6509 / 7899
6510 / 7899
6511 / 7899
6512 / 7899
6513 / 7899
6514 / 7899
6515 / 7899
6516 / 7899
6517 / 7899
6518 / 7899
6519 / 7899
6520 / 7899
6521 / 7899
6522 / 7899
6523 / 7899
6524 / 7899
6525 / 7899
6526 / 7899
6527 / 7899
6528 / 7899
6529 / 7899
6530 / 7899
6531 / 7899
6532 / 7899
6533 / 7899
6534 / 7899
6535 / 7899
6536 / 7899
6537 / 7899
6538 / 7899
6539 / 7899
6540 / 7899
6541 / 7899
6542 / 7899
6543 / 7899
6544 / 7899
6545 / 7899
6546 / 7899
6547 / 7899
6548 / 7899
6549 / 7899
6550 / 7899
6551 / 7899
6552 / 7899
6553 / 7899
6554 / 7899
6555 / 7899
6556 / 7899
6557 / 7899
6558 / 7899
6559 / 7899
6560 / 7899
6561 / 7899
6562 / 7899
6563 / 7899
6564 / 7899
6565 / 7899
6566 / 7899
6567 / 7899
6568 / 7899
6569 / 7899
6570 / 7899
6571 / 7899
6572 / 7899
6573 / 7899
6574 / 7899
6575 / 7899
6576 / 7899
6577 / 7899
6578 / 7899
6579 / 7899
6580 / 7899
6581 / 7899
6582 / 7899
6583 / 7899
6584 / 7899
6585 / 7899
6586 / 7899
6587 / 7899
6588 / 7899
6589 / 7899
6590 / 7899
6591 / 7899
6592 / 7899
6593 / 7899
6594 / 7899
6595 / 7899
6596 / 7899
6597 / 7899
6598 / 7899
6599 / 7899
6600 / 7899
6601 / 7899
6602 / 7899
6603 / 7899
6604 / 7899
6605 / 7899
6606 / 7899
6607 / 7899
6608 / 7899
6609 / 7899
6610 / 7899
6611 / 7899
6612 / 7899
6613 / 7899
6614 / 7899
6615 / 7899
6616 / 7899
6617 / 7899
6618 / 7899
6619 / 7899
6620 / 7899
6621 / 7899
6622 / 7899
6623 / 7899
6624 / 7899
6625 / 7899
6626 / 7899
6627 / 7899
6628 / 7899
6629 / 7899
6630 / 7899
6631 / 7899
6632 / 7899
6633 / 7899
6634 / 7899
6635 / 7899
6636 / 7899
6637 / 7899
6638 / 7899
6639 / 7899
6640 / 7899
6641 / 7899
6642 / 7899
6643 / 7899
6644 / 7899
6645 / 7899
6646 / 7899
6647 / 7899
6648 / 7899
6649 / 7899
6650 / 7899
6651 / 7899
6652 / 7899
6653 / 7899
6654 / 7899
6655 / 7899
6656 / 7899
6657 / 7899
6658 / 7899
6659 / 7899
6660 / 7899
6661 / 7899
6662 / 7899
6663 / 7899
6664 / 7899
6665 / 7899
6666 / 7899
6667 / 7899
6668 / 7899
6669 / 7899
6670 / 7899
6671 / 7899
6672 / 7899
6673 / 7899
6674 / 7899
6675 / 7899
6676 / 7899
6677 / 7899
6678 / 7899
6679 / 7899
6680 / 7899
6681 / 7899
6682 / 7899
6683 / 7899
6684 / 7899
6685 / 7899
6686 / 7899
6687 / 7899
6688 / 7899
6689 / 7899
6690 / 7899
6691 / 7899
6692 / 7899
6693 / 7899
6694 / 7899
6695 / 7899
6696 / 7899
6697 / 7899
6698 / 7899
6699 / 7899
6700 / 7899
6701 / 7899
6702 / 7899
6703 / 7899
6704 / 7899
6705 / 7899
6706 / 7899
6707 / 7899
6708 / 7899
6709 / 7899
6710 / 7899
6711 / 7899
6712 / 7899
6713 / 7899
6714 / 7899
6715 / 7899
6716 / 7899
6717 / 7899
6718 / 7899
6719 / 7899
6720 / 7899
6721 / 7899
6722 / 7899
6723 / 7899
6724 / 7899
6725 / 7899
6726 / 7899
6727 / 7899
6728 / 7899
6729 / 7899
6730 / 7899
6731 / 7899
6732 / 7899
6733 / 7899
6734 / 7899
6735 / 7899
6736 / 7899
6737 / 7899
6738 / 7899
6739 / 7899
6740 / 7899
6741 / 7899
6742 / 7899
6743 / 7899
6744 / 7899
6745 / 7899
6746 / 7899
6747 / 7899
6748 / 7899
6749 / 7899
6750 / 7899
6751 / 7899
6752 / 7899
6753 / 7899
6754 / 7899
6755 / 7899
6756 / 7899
6757 / 7899
6758 / 7899
6759 / 7899
6760 / 7899
6761 / 7899
6762 / 7899
6763 / 7899
6764 / 7899
6765 / 7899
6766 / 7899
6767 / 7899
6768 / 7899
6769 / 7899
6770 / 7899
6771 / 7899
6772 / 7899
6773 / 7899
6774 / 7899
6775 / 7899
6776 / 7899
6777 / 7899
6778 / 7899
6779 / 7899
6780 / 7899
6781 / 7899
6782 / 7899
6783 / 7899
6784 / 7899
6785 / 7899
6786 / 7899
6787 / 7899
6788 / 7899
6789 / 7899
6790 / 7899
6791 / 7899
6792 / 7899
6793 / 7899
6794 / 7899
6795 / 7899
6796 / 7899
6797 / 7899
6798 / 7899
6799 / 7899
6800 / 7899
6801 / 7899
6802 / 7899
6803 / 7899
6804 / 7899
6805 / 7899
6806 / 7899
6807 / 7899
6808 / 7899
6809 / 7899
6810 / 7899
6811 / 7899
6812 / 7899
6813 / 7899
6814 / 7899
6815 / 7899
6816 / 7899
6817 / 7899
6818 / 7899
6819 / 7899
6820 / 7899
6821 / 7899
6822 / 7899
6823 / 7899
6824 / 7899
6825 / 7899
6826 / 7899
6827 / 7899
6828 / 7899
6829 / 7899
6830 / 7899
6831 / 7899
6832 / 7899
6833 / 7899
6834 / 7899
6835 / 7899
6836 / 7899
6837 / 7899
6838 / 7899
6839 / 7899
6840 / 7899
6841 / 7899
6842 / 7899
6843 / 7899
6844 / 7899
6845 / 7899
6846 / 7899
6847 / 7899
6848 / 7899
6849 / 7899
6850 / 7899
6851 / 7899
6852 / 7899
6853 / 7899
6854 / 7899
6855 / 7899
6856 / 7899
6857 / 7899
6858 / 7899
6859 / 7899
6860 / 7899
6861 / 7899
6862 / 7899
6863 / 7899
6864 / 7899
6865 / 7899
6866 / 7899
6867 / 7899
6868 / 7899
6869 / 7899
6870 / 7899
6871 / 7899
6872 / 7899
6873 / 7899
6874 / 7899
6875 / 7899
6876 / 7899
6877 / 7899
6878 / 7899
6879 / 7899
6880 / 7899
6881 / 7899
6882 / 7899
6883 / 7899
6884 / 7899
6885 / 7899
6886 / 7899
6887 / 7899
6888 / 7899
6889 / 7899
6890 / 7899
6891 / 7899
6892 / 7899
6893 / 7899
6894 / 7899
6895 / 7899
6896 / 7899
6897 / 7899
6898 / 7899
6899 / 7899
6900 / 7899
6901 / 7899
6902 / 7899
6903 / 7899
6904 / 7899
6905 / 7899
6906 / 7899
6907 / 7899
6908 / 7899
6909 / 7899
6910 / 7899
6911 / 7899
6912 / 7899
6913 / 7899
6914 / 7899
6915 / 7899
6916 / 7899
6917 / 7899
6918 / 7899
6919 / 7899
6920 / 7899
6921 / 7899
6922 / 7899
6923 / 7899
6924 / 7899
6925 / 7899
6926 / 7899
6927 / 7899
6928 / 7899
6929 / 7899
6930 / 7899
6931 / 7899
6932 / 7899
6933 / 7899
6934 / 7899
6935 / 7899
6936 / 7899
6937 / 7899
6938 / 7899
6939 / 7899
6940 / 7899
6941 / 7899
6942 / 7899
6943 / 7899
6944 / 7899
6945 / 7899
6946 / 7899
6947 / 7899
6948 / 7899
6949 / 7899
6950 / 7899
6951 / 7899
6952 / 7899
6953 / 7899
6954 / 7899
6955 / 7899
6956 / 7899
6957 / 7899
6958 / 7899
6959 / 7899
6960 / 7899
6961 / 7899
6962 / 7899
6963 / 7899
6964 / 7899
6965 / 7899
6966 / 7899
6967 / 7899
6968 / 7899
6969 / 7899
6970 / 7899
6971 / 7899
6972 / 7899
6973 / 7899
6974 / 7899
6975 / 7899
6976 / 7899
6977 / 7899
6978 / 7899
6979 / 7899
6980 / 7899
6981 / 7899
6982 / 7899
6983 / 7899
6984 / 7899
6985 / 7899
6986 / 7899
6987 / 7899
6988 / 7899
6989 / 7899
6990 / 7899
6991 / 7899
6992 / 7899
6993 / 7899
6994 / 7899
6995 / 7899
6996 / 7899
6997 / 7899
6998 / 7899
6999 / 7899
7000 / 7899
7001 / 7899
7002 / 7899
7003 / 7899
7004 / 7899
7005 / 7899
7006 / 7899
7007 / 7899
7008 / 7899
7009 / 7899
7010 / 7899
7011 / 7899
7012 / 7899
7013 / 7899
7014 / 7899
7015 / 7899
7016 / 7899
7017 / 7899
7018 / 7899
7019 / 7899
7020 / 7899
7021 / 7899
7022 / 7899
7023 / 7899
7024 / 7899
7025 / 7899
7026 / 7899
7027 / 7899
7028 / 7899
7029 / 7899
7030 / 7899
7031 / 7899
7032 / 7899
7033 / 7899
7034 / 7899
7035 / 7899
7036 / 7899
7037 / 7899
7038 / 7899
7039 / 7899
7040 / 7899
7041 / 7899
7042 / 7899
7043 / 7899
7044 / 7899
7045 / 7899
7046 / 7899
7047 / 7899
7048 / 7899
7049 / 7899
7050 / 7899
7051 / 7899
7052 / 7899
7053 / 7899
7054 / 7899
7055 / 7899
7056 / 7899
7057 / 7899
7058 / 7899
7059 / 7899
7060 / 7899
7061 / 7899
7062 / 7899
7063 / 7899
7064 / 7899
7065 / 7899
7066 / 7899
7067 / 7899
7068 / 7899
7069 / 7899
7070 / 7899
7071 / 7899
7072 / 7899
7073 / 7899
7074 / 7899
7075 / 7899
7076 / 7899
7077 / 7899
7078 / 7899
7079 / 7899
7080 / 7899
7081 / 7899
7082 / 7899
7083 / 7899
7084 / 7899
7085 / 7899
7086 / 7899
7087 / 7899
7088 / 7899
7089 / 7899
7090 / 7899
7091 / 7899
7092 / 7899
7093 / 7899
7094 / 7899
7095 / 7899
7096 / 7899
7097 / 7899
7098 / 7899
7099 / 7899
7100 / 7899
7101 / 7899
7102 / 7899
7103 / 7899
7104 / 7899
7105 / 7899
7106 / 7899
7107 / 7899
7108 / 7899
7109 / 7899
7110 / 7899
7111 / 7899
7112 / 7899
7113 / 7899
7114 / 7899
7115 / 7899
7116 / 7899
7117 / 7899
7118 / 7899
7119 / 7899
7120 / 7899
7121 / 7899
7122 / 7899
7123 / 7899
7124 / 7899
7125 / 7899
7126 / 7899
7127 / 7899
7128 / 7899
7129 / 7899
7130 / 7899
7131 / 7899
7132 / 7899
7133 / 7899
7134 / 7899
7135 / 7899
7136 / 7899
7137 / 7899
7138 / 7899
7139 / 7899
7140 / 7899
7141 / 7899
7142 / 7899
7143 / 7899
7144 / 7899
7145 / 7899
7146 / 7899
7147 / 7899
7148 / 7899
7149 / 7899
7150 / 7899
7151 / 7899
7152 / 7899
7153 / 7899
7154 / 7899
7155 / 7899
7156 / 7899
7157 / 7899
7158 / 7899
7159 / 7899
7160 / 7899
7161 / 7899
7162 / 7899
7163 / 7899
7164 / 7899
7165 / 7899
7166 / 7899
7167 / 7899
7168 / 7899
7169 / 7899
7170 / 7899
7171 / 7899
7172 / 7899
7173 / 7899
7174 / 7899
7175 / 7899
7176 / 7899
7177 / 7899
7178 / 7899
7179 / 7899
7180 / 7899
7181 / 7899
7182 / 7899
7183 / 7899
7184 / 7899
7185 / 7899
7186 / 7899
7187 / 7899
7188 / 7899
7189 / 7899
7190 / 7899
7191 / 7899
7192 / 7899
7193 / 7899
7194 / 7899
7195 / 7899
7196 / 7899
7197 / 7899
7198 / 7899
7199 / 7899
7200 / 7899
7201 / 7899
7202 / 7899
7203 / 7899
7204 / 7899
7205 / 7899
7206 / 7899
7207 / 7899
7208 / 7899
7209 / 7899
7210 / 7899
7211 / 7899
7212 / 7899
7213 / 7899
7214 / 7899
7215 / 7899
7216 / 7899
7217 / 7899
7218 / 7899
7219 / 7899
7220 / 7899
7221 / 7899
7222 / 7899
7223 / 7899
7224 / 7899
7225 / 7899
7226 / 7899
7227 / 7899
7228 / 7899
7229 / 7899
7230 / 7899
7231 / 7899
7232 / 7899
7233 / 7899
7234 / 7899
7235 / 7899
7236 / 7899
7237 / 7899
7238 / 7899
7239 / 7899
7240 / 7899
7241 / 7899
7242 / 7899
7243 / 7899
7244 / 7899
7245 / 7899
7246 / 7899
7247 / 7899
7248 / 7899
7249 / 7899
7250 / 7899
7251 / 7899
7252 / 7899
7253 / 7899
7254 / 7899
7255 / 7899
7256 / 7899
7257 / 7899
7258 / 7899
7259 / 7899
7260 / 7899
7261 / 7899
7262 / 7899
7263 / 7899
7264 / 7899
7265 / 7899
7266 / 7899
7267 / 7899
7268 / 7899
7269 / 7899
7270 / 7899
7271 / 7899
7272 / 7899
7273 / 7899
7274 / 7899
7275 / 7899
7276 / 7899
7277 / 7899
7278 / 7899
7279 / 7899
7280 / 7899
7281 / 7899
7282 / 7899
7283 / 7899
7284 / 7899
7285 / 7899
7286 / 7899
7287 / 7899
7288 / 7899
7289 / 7899
7290 / 7899
7291 / 7899
7292 / 7899
7293 / 7899
7294 / 7899
7295 / 7899
7296 / 7899
7297 / 7899
7298 / 7899
7299 / 7899
7300 / 7899
7301 / 7899
7302 / 7899
7303 / 7899
7304 / 7899
7305 / 7899
7306 / 7899
7307 / 7899
7308 / 7899
7309 / 7899
7310 / 7899
7311 / 7899
7312 / 7899
7313 / 7899
7314 / 7899
7315 / 7899
7316 / 7899
7317 / 7899
7318 / 7899
7319 / 7899
7320 / 7899
7321 / 7899
7322 / 7899
7323 / 7899
7324 / 7899
7325 / 7899
7326 / 7899
7327 / 7899
7328 / 7899
7329 / 7899
7330 / 7899
7331 / 7899
7332 / 7899
7333 / 7899
7334 / 7899
7335 / 7899
7336 / 7899
7337 / 7899
7338 / 7899
7339 / 7899
7340 / 7899
7341 / 7899
7342 / 7899
7343 / 7899
7344 / 7899
7345 / 7899
7346 / 7899
7347 / 7899
7348 / 7899
7349 / 7899
7350 / 7899
7351 / 7899
7352 / 7899
7353 / 7899
7354 / 7899
7355 / 7899
7356 / 7899
7357 / 7899
7358 / 7899
7359 / 7899
7360 / 7899
7361 / 7899
7362 / 7899
7363 / 7899
7364 / 7899
7365 / 7899
7366 / 7899
7367 / 7899
7368 / 7899
7369 / 7899
7370 / 7899
7371 / 7899
7372 / 7899
7373 / 7899
7374 / 7899
7375 / 7899
7376 / 7899
7377 / 7899
7378 / 7899
7379 / 7899
7380 / 7899
7381 / 7899
7382 / 7899
7383 / 7899
7384 / 7899
7385 / 7899
7386 / 7899
7387 / 7899
7388 / 7899
7389 / 7899
7390 / 7899
7391 / 7899
7392 / 7899
7393 / 7899
7394 / 7899
7395 / 7899
7396 / 7899
7397 / 7899
7398 / 7899
7399 / 7899
7400 / 7899
7401 / 7899
7402 / 7899
7403 / 7899
7404 / 7899
7405 / 7899
7406 / 7899
7407 / 7899
7408 / 7899
7409 / 7899
7410 / 7899
7411 / 7899
7412 / 7899
7413 / 7899
7414 / 7899
7415 / 7899
7416 / 7899
7417 / 7899
7418 / 7899
7419 / 7899
7420 / 7899
7421 / 7899
7422 / 7899
7423 / 7899
7424 / 7899
7425 / 7899
7426 / 7899
7427 / 7899
7428 / 7899
7429 / 7899
7430 / 7899
7431 / 7899
7432 / 7899
7433 / 7899
7434 / 7899
7435 / 7899
7436 / 7899
7437 / 7899
7438 / 7899
7439 / 7899
7440 / 7899
7441 / 7899
7442 / 7899
7443 / 7899
7444 / 7899
7445 / 7899
7446 / 7899
7447 / 7899
7448 / 7899
7449 / 7899
7450 / 7899
7451 / 7899
7452 / 7899
7453 / 7899
7454 / 7899
7455 / 7899
7456 / 7899
7457 / 7899
7458 / 7899
7459 / 7899
7460 / 7899
7461 / 7899
7462 / 7899
7463 / 7899
7464 / 7899
7465 / 7899
7466 / 7899
7467 / 7899
7468 / 7899
7469 / 7899
7470 / 7899
7471 / 7899
7472 / 7899
7473 / 7899
7474 / 7899
7475 / 7899
7476 / 7899
7477 / 7899
7478 / 7899
7479 / 7899
7480 / 7899
7481 / 7899
7482 / 7899
7483 / 7899
7484 / 7899
7485 / 7899
7486 / 7899
7487 / 7899
7488 / 7899
7489 / 7899
7490 / 7899
7491 / 7899
7492 / 7899
7493 / 7899
7494 / 7899
7495 / 7899
7496 / 7899
7497 / 7899
7498 / 7899
7499 / 7899
7500 / 7899
7501 / 7899
7502 / 7899
7503 / 7899
7504 / 7899
7505 / 7899
7506 / 7899
7507 / 7899
7508 / 7899
7509 / 7899
7510 / 7899
7511 / 7899
7512 / 7899
7513 / 7899
7514 / 7899
7515 / 7899
7516 / 7899
7517 / 7899
7518 / 7899
7519 / 7899
7520 / 7899
7521 / 7899
7522 / 7899
7523 / 7899
7524 / 7899
7525 / 7899
7526 / 7899
7527 / 7899
7528 / 7899
7529 / 7899
7530 / 7899
7531 / 7899
7532 / 7899
7533 / 7899
7534 / 7899
7535 / 7899
7536 / 7899
7537 / 7899
7538 / 7899
7539 / 7899
7540 / 7899
7541 / 7899
7542 / 7899
7543 / 7899
7544 / 7899
7545 / 7899
7546 / 7899
7547 / 7899
7548 / 7899
7549 / 7899
7550 / 7899
7551 / 7899
7552 / 7899
7553 / 7899
7554 / 7899
7555 / 7899
7556 / 7899
7557 / 7899
7558 / 7899
7559 / 7899
7560 / 7899
7561 / 7899
7562 / 7899
7563 / 7899
7564 / 7899
7565 / 7899
7566 / 7899
7567 / 7899
7568 / 7899
7569 / 7899
7570 / 7899
7571 / 7899
7572 / 7899
7573 / 7899
7574 / 7899
7575 / 7899
7576 / 7899
7577 / 7899
7578 / 7899
7579 / 7899
7580 / 7899
7581 / 7899
7582 / 7899
7583 / 7899
7584 / 7899
7585 / 7899
7586 / 7899
7587 / 7899
7588 / 7899
7589 / 7899
7590 / 7899
7591 / 7899
7592 / 7899
7593 / 7899
7594 / 7899
7595 / 7899
7596 / 7899
7597 / 7899
7598 / 7899
7599 / 7899
7600 / 7899
7601 / 7899
7602 / 7899
7603 / 7899
7604 / 7899
7605 / 7899
7606 / 7899
7607 / 7899
7608 / 7899
7609 / 7899
7610 / 7899
7611 / 7899
7612 / 7899
7613 / 7899
7614 / 7899
7615 / 7899
7616 / 7899
7617 / 7899
7618 / 7899
7619 / 7899
7620 / 7899
7621 / 7899
7622 / 7899
7623 / 7899
7624 / 7899
7625 / 7899
7626 / 7899
7627 / 7899
7628 / 7899
7629 / 7899
7630 / 7899
7631 / 7899
7632 / 7899
7633 / 7899
7634 / 7899
7635 / 7899
7636 / 7899
7637 / 7899
7638 / 7899
7639 / 7899
7640 / 7899
7641 / 7899
7642 / 7899
7643 / 7899
7644 / 7899
7645 / 7899
7646 / 7899
7647 / 7899
7648 / 7899
7649 / 7899
7650 / 7899
7651 / 7899
7652 / 7899
7653 / 7899
7654 / 7899
7655 / 7899
7656 / 7899
7657 / 7899
7658 / 7899
7659 / 7899
7660 / 7899
7661 / 7899
7662 / 7899
7663 / 7899
7664 / 7899
7665 / 7899
7666 / 7899
7667 / 7899
7668 / 7899
7669 / 7899
7670 / 7899
7671 / 7899
7672 / 7899
7673 / 7899
7674 / 7899
7675 / 7899
7676 / 7899
7677 / 7899
7678 / 7899
7679 / 7899
7680 / 7899
7681 / 7899
7682 / 7899
7683 / 7899
7684 / 7899
7685 / 7899
7686 / 7899
7687 / 7899
7688 / 7899
7689 / 7899
7690 / 7899
7691 / 7899
7692 / 7899
7693 / 7899
7694 / 7899
7695 / 7899
7696 / 7899
7697 / 7899
7698 / 7899
7699 / 7899
7700 / 7899
7701 / 7899
7702 / 7899
7703 / 7899
7704 / 7899
7705 / 7899
7706 / 7899
7707 / 7899
7708 / 7899
7709 / 7899
7710 / 7899
7711 / 7899
7712 / 7899
7713 / 7899
7714 / 7899
7715 / 7899
7716 / 7899
7717 / 7899
7718 / 7899
7719 / 7899
7720 / 7899
7721 / 7899
7722 / 7899
7723 / 7899
7724 / 7899
7725 / 7899
7726 / 7899
7727 / 7899
7728 / 7899
7729 / 7899
7730 / 7899
7731 / 7899
7732 / 7899
7733 / 7899
7734 / 7899
7735 / 7899
7736 / 7899
7737 / 7899
7738 / 7899
7739 / 7899
7740 / 7899
7741 / 7899
7742 / 7899
7743 / 7899
7744 / 7899
7745 / 7899
7746 / 7899
7747 / 7899
7748 / 7899
7749 / 7899
7750 / 7899
7751 / 7899
7752 / 7899
7753 / 7899
7754 / 7899
7755 / 7899
7756 / 7899
7757 / 7899
7758 / 7899
7759 / 7899
7760 / 7899
7761 / 7899
7762 / 7899
7763 / 7899
7764 / 7899
7765 / 7899
7766 / 7899
7767 / 7899
7768 / 7899
7769 / 7899
7770 / 7899
7771 / 7899
7772 / 7899
7773 / 7899
7774 / 7899
7775 / 7899
7776 / 7899
7777 / 7899
7778 / 7899
7779 / 7899
7780 / 7899
7781 / 7899
7782 / 7899
7783 / 7899
7784 / 7899
7785 / 7899
7786 / 7899
7787 / 7899
7788 / 7899
7789 / 7899
7790 / 7899
7791 / 7899
7792 / 7899
7793 / 7899
7794 / 7899
7795 / 7899
7796 / 7899
7797 / 7899
7798 / 7899
7799 / 7899
7800 / 7899
7801 / 7899
7802 / 7899
7803 / 7899
7804 / 7899
7805 / 7899
7806 / 7899
7807 / 7899
7808 / 7899
7809 / 7899
7810 / 7899
7811 / 7899
7812 / 7899
7813 / 7899
7814 / 7899
7815 / 7899
7816 / 7899
7817 / 7899
7818 / 7899
7819 / 7899
7820 / 7899
7821 / 7899
7822 / 7899
7823 / 7899
7824 / 7899
7825 / 7899
7826 / 7899
7827 / 7899
7828 / 7899
7829 / 7899
7830 / 7899
7831 / 7899
7832 / 7899
7833 / 7899
7834 / 7899
7835 / 7899
7836 / 7899
7837 / 7899
7838 / 7899
7839 / 7899
7840 / 7899
7841 / 7899
7842 / 7899
7843 / 7899
7844 / 7899
7845 / 7899
7846 / 7899
7847 / 7899
7848 / 7899
7849 / 7899
7850 / 7899
7851 / 7899
7852 / 7899
7853 / 7899
7854 / 7899
7855 / 7899
7856 / 7899
7857 / 7899
7858 / 7899
7859 / 7899
7860 / 7899
7861 / 7899
7862 / 7899
7863 / 7899
7864 / 7899
7865 / 7899
7866 / 7899
7867 / 7899
7868 / 7899
7869 / 7899
7870 / 7899
7871 / 7899
7872 / 7899
7873 / 7899
7874 / 7899
7875 / 7899
7876 / 7899
7877 / 7899
7878 / 7899
7879 / 7899
7880 / 7899
7881 / 7899
7882 / 7899
7883 / 7899
7884 / 7899
7885 / 7899
7886 / 7899
7887 / 7899
7888 / 7899
7889 / 7899
7890 / 7899
7891 / 7899
7892 / 7899
7893 / 7899
7894 / 7899
7895 / 7899
7896 / 7899
7897 / 7899
7898 / 7899
7899 / 7899
JOBSFINISHED
