1 / 1148
2 / 1148
3 / 1148
4 / 1148
5 / 1148
6 / 1148
7 / 1148
8 / 1148
9 / 1148
10 / 1148
11 / 1148
12 / 1148
13 / 1148
14 / 1148
15 / 1148
16 / 1148
17 / 1148
18 / 1148
19 / 1148
20 / 1148
21 / 1148
22 / 1148
23 / 1148
24 / 1148
25 / 1148
26 / 1148
27 / 1148
28 / 1148
29 / 1148
30 / 1148
31 / 1148
32 / 1148
33 / 1148
34 / 1148
35 / 1148
36 / 1148
37 / 1148
38 / 1148
39 / 1148
40 / 1148
41 / 1148
42 / 1148
43 / 1148
44 / 1148
45 / 1148
46 / 1148
47 / 1148
48 / 1148
49 / 1148
50 / 1148
51 / 1148
52 / 1148
53 / 1148
54 / 1148
55 / 1148
56 / 1148
57 / 1148
58 / 1148
59 / 1148
60 / 1148
61 / 1148
62 / 1148
63 / 1148
64 / 1148
65 / 1148
66 / 1148
67 / 1148
68 / 1148
69 / 1148
70 / 1148
71 / 1148
72 / 1148
73 / 1148
74 / 1148
75 / 1148
76 / 1148
77 / 1148
78 / 1148
79 / 1148
80 / 1148
81 / 1148
82 / 1148
83 / 1148
84 / 1148
85 / 1148
86 / 1148
87 / 1148
88 / 1148
89 / 1148
90 / 1148
91 / 1148
92 / 1148
93 / 1148
94 / 1148
95 / 1148
96 / 1148
97 / 1148
98 / 1148
99 / 1148
100 / 1148
101 / 1148
102 / 1148
103 / 1148
104 / 1148
105 / 1148
106 / 1148
107 / 1148
108 / 1148
109 / 1148
110 / 1148
111 / 1148
112 / 1148
113 / 1148
114 / 1148
115 / 1148
116 / 1148
117 / 1148
118 / 1148
119 / 1148
120 / 1148
121 / 1148
122 / 1148
123 / 1148
124 / 1148
125 / 1148
126 / 1148
127 / 1148
128 / 1148
129 / 1148
130 / 1148
131 / 1148
132 / 1148
133 / 1148
134 / 1148
135 / 1148
136 / 1148
137 / 1148
138 / 1148
139 / 1148
140 / 1148
141 / 1148
142 / 1148
143 / 1148
144 / 1148
145 / 1148
146 / 1148
147 / 1148
148 / 1148
149 / 1148
150 / 1148
151 / 1148
152 / 1148
153 / 1148
154 / 1148
155 / 1148
156 / 1148
157 / 1148
158 / 1148
159 / 1148
160 / 1148
161 / 1148
162 / 1148
163 / 1148
164 / 1148
165 / 1148
166 / 1148
167 / 1148
168 / 1148
169 / 1148
170 / 1148
171 / 1148
172 / 1148
173 / 1148
174 / 1148
175 / 1148
176 / 1148
177 / 1148
178 / 1148
179 / 1148
180 / 1148
181 / 1148
182 / 1148
183 / 1148
184 / 1148
185 / 1148
186 / 1148
187 / 1148
188 / 1148
189 / 1148
190 / 1148
191 / 1148
192 / 1148
193 / 1148
194 / 1148
195 / 1148
196 / 1148
197 / 1148
198 / 1148
199 / 1148
200 / 1148
201 / 1148
202 / 1148
203 / 1148
204 / 1148
205 / 1148
206 / 1148
207 / 1148
208 / 1148
209 / 1148
210 / 1148
211 / 1148
212 / 1148
213 / 1148
214 / 1148
215 / 1148
216 / 1148
217 / 1148
218 / 1148
219 / 1148
220 / 1148
221 / 1148
222 / 1148
223 / 1148
224 / 1148
225 / 1148
226 / 1148
227 / 1148
228 / 1148
229 / 1148
230 / 1148
231 / 1148
232 / 1148
233 / 1148
234 / 1148
235 / 1148
236 / 1148
237 / 1148
238 / 1148
239 / 1148
240 / 1148
241 / 1148
242 / 1148
243 / 1148
244 / 1148
245 / 1148
246 / 1148
247 / 1148
248 / 1148
249 / 1148
250 / 1148
251 / 1148
252 / 1148
253 / 1148
254 / 1148
255 / 1148
256 / 1148
257 / 1148
258 / 1148
259 / 1148
260 / 1148
261 / 1148
262 / 1148
263 / 1148
264 / 1148
265 / 1148
266 / 1148
267 / 1148
268 / 1148
269 / 1148
270 / 1148
271 / 1148
272 / 1148
273 / 1148
274 / 1148
275 / 1148
276 / 1148
277 / 1148
278 / 1148
279 / 1148
280 / 1148
281 / 1148
282 / 1148
283 / 1148
284 / 1148
285 / 1148
286 / 1148
287 / 1148
288 / 1148
289 / 1148
290 / 1148
291 / 1148
292 / 1148
293 / 1148
294 / 1148
295 / 1148
296 / 1148
297 / 1148
298 / 1148
299 / 1148
300 / 1148
301 / 1148
302 / 1148
303 / 1148
304 / 1148
305 / 1148
306 / 1148
307 / 1148
308 / 1148
309 / 1148
310 / 1148
311 / 1148
312 / 1148
313 / 1148
314 / 1148
315 / 1148
316 / 1148
317 / 1148
318 / 1148
319 / 1148
320 / 1148
321 / 1148
322 / 1148
323 / 1148
324 / 1148
325 / 1148
326 / 1148
327 / 1148
328 / 1148
329 / 1148
330 / 1148
331 / 1148
332 / 1148
333 / 1148
334 / 1148
335 / 1148
336 / 1148
337 / 1148
338 / 1148
339 / 1148
340 / 1148
341 / 1148
342 / 1148
343 / 1148
344 / 1148
345 / 1148
346 / 1148
347 / 1148
348 / 1148
349 / 1148
350 / 1148
351 / 1148
352 / 1148
353 / 1148
354 / 1148
355 / 1148
356 / 1148
357 / 1148
358 / 1148
359 / 1148
360 / 1148
361 / 1148
362 / 1148
363 / 1148
364 / 1148
365 / 1148
366 / 1148
367 / 1148
368 / 1148
369 / 1148
370 / 1148
371 / 1148
372 / 1148
373 / 1148
374 / 1148
375 / 1148
376 / 1148
377 / 1148
378 / 1148
379 / 1148
380 / 1148
381 / 1148
382 / 1148
383 / 1148
384 / 1148
385 / 1148
386 / 1148
387 / 1148
388 / 1148
389 / 1148
390 / 1148
391 / 1148
392 / 1148
393 / 1148
394 / 1148
395 / 1148
396 / 1148
397 / 1148
398 / 1148
399 / 1148
400 / 1148
401 / 1148
402 / 1148
403 / 1148
404 / 1148
405 / 1148
406 / 1148
407 / 1148
408 / 1148
409 / 1148
410 / 1148
411 / 1148
412 / 1148
413 / 1148
414 / 1148
415 / 1148
416 / 1148
417 / 1148
418 / 1148
419 / 1148
420 / 1148
421 / 1148
422 / 1148
423 / 1148
424 / 1148
425 / 1148
426 / 1148
427 / 1148
428 / 1148
429 / 1148
430 / 1148
431 / 1148
432 / 1148
433 / 1148
434 / 1148
435 / 1148
436 / 1148
437 / 1148
438 / 1148
439 / 1148
440 / 1148
441 / 1148
442 / 1148
443 / 1148
444 / 1148
445 / 1148
446 / 1148
447 / 1148
448 / 1148
449 / 1148
450 / 1148
451 / 1148
452 / 1148
453 / 1148
454 / 1148
455 / 1148
456 / 1148
457 / 1148
458 / 1148
459 / 1148
460 / 1148
461 / 1148
462 / 1148
463 / 1148
464 / 1148
465 / 1148
466 / 1148
467 / 1148
468 / 1148
469 / 1148
470 / 1148
471 / 1148
472 / 1148
473 / 1148
474 / 1148
475 / 1148
476 / 1148
477 / 1148
478 / 1148
479 / 1148
480 / 1148
481 / 1148
482 / 1148
483 / 1148
484 / 1148
485 / 1148
486 / 1148
487 / 1148
488 / 1148
489 / 1148
490 / 1148
491 / 1148
492 / 1148
493 / 1148
494 / 1148
495 / 1148
496 / 1148
497 / 1148
498 / 1148
499 / 1148
500 / 1148
501 / 1148
502 / 1148
503 / 1148
504 / 1148
505 / 1148
506 / 1148
507 / 1148
508 / 1148
509 / 1148
510 / 1148
511 / 1148
512 / 1148
513 / 1148
514 / 1148
515 / 1148
516 / 1148
517 / 1148
518 / 1148
519 / 1148
520 / 1148
521 / 1148
522 / 1148
523 / 1148
524 / 1148
525 / 1148
526 / 1148
527 / 1148
528 / 1148
529 / 1148
530 / 1148
531 / 1148
532 / 1148
533 / 1148
534 / 1148
535 / 1148
536 / 1148
537 / 1148
538 / 1148
539 / 1148
540 / 1148
541 / 1148
542 / 1148
543 / 1148
544 / 1148
545 / 1148
546 / 1148
547 / 1148
548 / 1148
549 / 1148
550 / 1148
551 / 1148
552 / 1148
553 / 1148
554 / 1148
555 / 1148
556 / 1148
557 / 1148
558 / 1148
559 / 1148
560 / 1148
561 / 1148
562 / 1148
563 / 1148
564 / 1148
565 / 1148
566 / 1148
567 / 1148
568 / 1148
569 / 1148
570 / 1148
571 / 1148
572 / 1148
573 / 1148
574 / 1148
575 / 1148
576 / 1148
577 / 1148
578 / 1148
579 / 1148
580 / 1148
581 / 1148
582 / 1148
583 / 1148
584 / 1148
585 / 1148
586 / 1148
587 / 1148
588 / 1148
589 / 1148
590 / 1148
591 / 1148
592 / 1148
593 / 1148
594 / 1148
595 / 1148
596 / 1148
597 / 1148
598 / 1148
599 / 1148
600 / 1148
601 / 1148
602 / 1148
603 / 1148
604 / 1148
605 / 1148
606 / 1148
607 / 1148
608 / 1148
609 / 1148
610 / 1148
611 / 1148
612 / 1148
613 / 1148
614 / 1148
615 / 1148
616 / 1148
617 / 1148
618 / 1148
619 / 1148
620 / 1148
621 / 1148
622 / 1148
623 / 1148
624 / 1148
625 / 1148
626 / 1148
627 / 1148
628 / 1148
629 / 1148
630 / 1148
631 / 1148
632 / 1148
633 / 1148
634 / 1148
635 / 1148
636 / 1148
637 / 1148
638 / 1148
639 / 1148
640 / 1148
641 / 1148
642 / 1148
643 / 1148
644 / 1148
645 / 1148
646 / 1148
647 / 1148
648 / 1148
649 / 1148
650 / 1148
651 / 1148
652 / 1148
653 / 1148
654 / 1148
655 / 1148
656 / 1148
657 / 1148
658 / 1148
659 / 1148
660 / 1148
661 / 1148
662 / 1148
663 / 1148
664 / 1148
665 / 1148
666 / 1148
667 / 1148
668 / 1148
669 / 1148
670 / 1148
671 / 1148
672 / 1148
673 / 1148
674 / 1148
675 / 1148
676 / 1148
677 / 1148
678 / 1148
679 / 1148
680 / 1148
681 / 1148
682 / 1148
683 / 1148
684 / 1148
685 / 1148
686 / 1148
687 / 1148
688 / 1148
689 / 1148
690 / 1148
691 / 1148
692 / 1148
693 / 1148
694 / 1148
695 / 1148
696 / 1148
697 / 1148
698 / 1148
699 / 1148
700 / 1148
701 / 1148
702 / 1148
703 / 1148
704 / 1148
705 / 1148
706 / 1148
707 / 1148
708 / 1148
709 / 1148
710 / 1148
711 / 1148
712 / 1148
713 / 1148
714 / 1148
715 / 1148
716 / 1148
717 / 1148
718 / 1148
719 / 1148
720 / 1148
721 / 1148
722 / 1148
723 / 1148
724 / 1148
725 / 1148
726 / 1148
727 / 1148
728 / 1148
729 / 1148
730 / 1148
731 / 1148
732 / 1148
733 / 1148
734 / 1148
735 / 1148
736 / 1148
737 / 1148
738 / 1148
739 / 1148
740 / 1148
741 / 1148
742 / 1148
743 / 1148
744 / 1148
745 / 1148
746 / 1148
747 / 1148
748 / 1148
749 / 1148
750 / 1148
751 / 1148
752 / 1148
753 / 1148
754 / 1148
755 / 1148
756 / 1148
757 / 1148
758 / 1148
759 / 1148
760 / 1148
761 / 1148
762 / 1148
763 / 1148
764 / 1148
765 / 1148
766 / 1148
767 / 1148
768 / 1148
769 / 1148
770 / 1148
771 / 1148
772 / 1148
773 / 1148
774 / 1148
775 / 1148
776 / 1148
777 / 1148
778 / 1148
779 / 1148
780 / 1148
781 / 1148
782 / 1148
783 / 1148
784 / 1148
785 / 1148
786 / 1148
787 / 1148
788 / 1148
789 / 1148
790 / 1148
791 / 1148
792 / 1148
793 / 1148
794 / 1148
795 / 1148
796 / 1148
797 / 1148
798 / 1148
799 / 1148
800 / 1148
801 / 1148
802 / 1148
803 / 1148
804 / 1148
805 / 1148
806 / 1148
807 / 1148
808 / 1148
809 / 1148
810 / 1148
811 / 1148
812 / 1148
813 / 1148
814 / 1148
815 / 1148
816 / 1148
817 / 1148
818 / 1148
819 / 1148
820 / 1148
821 / 1148
822 / 1148
823 / 1148
824 / 1148
825 / 1148
826 / 1148
827 / 1148
828 / 1148
829 / 1148
830 / 1148
831 / 1148
832 / 1148
833 / 1148
834 / 1148
835 / 1148
836 / 1148
837 / 1148
838 / 1148
839 / 1148
840 / 1148
841 / 1148
842 / 1148
843 / 1148
844 / 1148
845 / 1148
846 / 1148
847 / 1148
848 / 1148
849 / 1148
850 / 1148
851 / 1148
852 / 1148
853 / 1148
854 / 1148
855 / 1148
856 / 1148
857 / 1148
858 / 1148
859 / 1148
860 / 1148
861 / 1148
862 / 1148
863 / 1148
864 / 1148
865 / 1148
866 / 1148
867 / 1148
868 / 1148
869 / 1148
870 / 1148
871 / 1148
872 / 1148
873 / 1148
874 / 1148
875 / 1148
876 / 1148
877 / 1148
878 / 1148
879 / 1148
880 / 1148
881 / 1148
882 / 1148
883 / 1148
884 / 1148
885 / 1148
886 / 1148
887 / 1148
888 / 1148
889 / 1148
890 / 1148
891 / 1148
892 / 1148
893 / 1148
894 / 1148
895 / 1148
896 / 1148
897 / 1148
898 / 1148
899 / 1148
900 / 1148
901 / 1148
902 / 1148
903 / 1148
904 / 1148
905 / 1148
906 / 1148
907 / 1148
908 / 1148
909 / 1148
910 / 1148
911 / 1148
912 / 1148
913 / 1148
914 / 1148
915 / 1148
916 / 1148
917 / 1148
918 / 1148
919 / 1148
920 / 1148
921 / 1148
922 / 1148
923 / 1148
924 / 1148
925 / 1148
926 / 1148
927 / 1148
928 / 1148
929 / 1148
930 / 1148
931 / 1148
932 / 1148
933 / 1148
934 / 1148
935 / 1148
936 / 1148
937 / 1148
938 / 1148
939 / 1148
940 / 1148
941 / 1148
942 / 1148
943 / 1148
944 / 1148
945 / 1148
946 / 1148
947 / 1148
948 / 1148
949 / 1148
950 / 1148
951 / 1148
952 / 1148
953 / 1148
954 / 1148
955 / 1148
956 / 1148
957 / 1148
958 / 1148
959 / 1148
960 / 1148
961 / 1148
962 / 1148
963 / 1148
964 / 1148
965 / 1148
966 / 1148
967 / 1148
968 / 1148
969 / 1148
970 / 1148
971 / 1148
972 / 1148
973 / 1148
974 / 1148
975 / 1148
976 / 1148
977 / 1148
978 / 1148
979 / 1148
980 / 1148
981 / 1148
982 / 1148
983 / 1148
984 / 1148
985 / 1148
986 / 1148
987 / 1148
988 / 1148
989 / 1148
990 / 1148
991 / 1148
992 / 1148
993 / 1148
994 / 1148
995 / 1148
996 / 1148
997 / 1148
998 / 1148
999 / 1148
1000 / 1148
1001 / 1148
1002 / 1148
1003 / 1148
1004 / 1148
1005 / 1148
1006 / 1148
1007 / 1148
1008 / 1148
1009 / 1148
1010 / 1148
1011 / 1148
1012 / 1148
1013 / 1148
1014 / 1148
1015 / 1148
1016 / 1148
1017 / 1148
1018 / 1148
1019 / 1148
1020 / 1148
1021 / 1148
1022 / 1148
1023 / 1148
1024 / 1148
1025 / 1148
1026 / 1148
1027 / 1148
1028 / 1148
1029 / 1148
1030 / 1148
1031 / 1148
1032 / 1148
1033 / 1148
1034 / 1148
1035 / 1148
1036 / 1148
1037 / 1148
1038 / 1148
1039 / 1148
1040 / 1148
1041 / 1148
1042 / 1148
1043 / 1148
1044 / 1148
1045 / 1148
1046 / 1148
1047 / 1148
1048 / 1148
1049 / 1148
1050 / 1148
1051 / 1148
1052 / 1148
1053 / 1148
1054 / 1148
1055 / 1148
1056 / 1148
1057 / 1148
1058 / 1148
1059 / 1148
1060 / 1148
1061 / 1148
1062 / 1148
1063 / 1148
1064 / 1148
1065 / 1148
1066 / 1148
1067 / 1148
1068 / 1148
1069 / 1148
1070 / 1148
1071 / 1148
1072 / 1148
1073 / 1148
1074 / 1148
1075 / 1148
1076 / 1148
1077 / 1148
1078 / 1148
1079 / 1148
1080 / 1148
1081 / 1148
1082 / 1148
1083 / 1148
1084 / 1148
1085 / 1148
1086 / 1148
1087 / 1148
1088 / 1148
1089 / 1148
1090 / 1148
1091 / 1148
1092 / 1148
1093 / 1148
1094 / 1148
1095 / 1148
1096 / 1148
1097 / 1148
1098 / 1148
1099 / 1148
1100 / 1148
1101 / 1148
1102 / 1148
1103 / 1148
1104 / 1148
1105 / 1148
1106 / 1148
1107 / 1148
1108 / 1148
1109 / 1148
1110 / 1148
1111 / 1148
1112 / 1148
1113 / 1148
1114 / 1148
1115 / 1148
1116 / 1148
1117 / 1148
1118 / 1148
1119 / 1148
1120 / 1148
1121 / 1148
1122 / 1148
1123 / 1148
1124 / 1148
1125 / 1148
1126 / 1148
1127 / 1148
1128 / 1148
1129 / 1148
1130 / 1148
1131 / 1148
1132 / 1148
1133 / 1148
1134 / 1148
1135 / 1148
1136 / 1148
1137 / 1148
1138 / 1148
1139 / 1148
1140 / 1148
1141 / 1148
1142 / 1148
1143 / 1148
1144 / 1148
1145 / 1148
1146 / 1148
1147 / 1148
1148 / 1148
JOBSFINISHED
