1 / 788
2 / 788
3 / 788
4 / 788
5 / 788
6 / 788
7 / 788
8 / 788
9 / 788
10 / 788
11 / 788
12 / 788
13 / 788
14 / 788
15 / 788
16 / 788
17 / 788
18 / 788
19 / 788
20 / 788
21 / 788
22 / 788
23 / 788
24 / 788
25 / 788
26 / 788
27 / 788
28 / 788
29 / 788
30 / 788
31 / 788
32 / 788
33 / 788
34 / 788
35 / 788
36 / 788
37 / 788
38 / 788
39 / 788
40 / 788
41 / 788
42 / 788
43 / 788
44 / 788
45 / 788
46 / 788
47 / 788
48 / 788
49 / 788
50 / 788
51 / 788
52 / 788
53 / 788
54 / 788
55 / 788
56 / 788
57 / 788
58 / 788
59 / 788
60 / 788
61 / 788
62 / 788
63 / 788
64 / 788
65 / 788
66 / 788
67 / 788
68 / 788
69 / 788
70 / 788
71 / 788
72 / 788
73 / 788
74 / 788
75 / 788
76 / 788
77 / 788
78 / 788
79 / 788
80 / 788
81 / 788
82 / 788
83 / 788
84 / 788
85 / 788
86 / 788
87 / 788
88 / 788
89 / 788
90 / 788
91 / 788
92 / 788
93 / 788
94 / 788
95 / 788
96 / 788
97 / 788
98 / 788
99 / 788
100 / 788
101 / 788
102 / 788
103 / 788
104 / 788
105 / 788
106 / 788
107 / 788
108 / 788
109 / 788
110 / 788
111 / 788
112 / 788
113 / 788
114 / 788
115 / 788
116 / 788
117 / 788
118 / 788
119 / 788
120 / 788
121 / 788
122 / 788
123 / 788
124 / 788
125 / 788
126 / 788
127 / 788
128 / 788
129 / 788
130 / 788
131 / 788
132 / 788
133 / 788
134 / 788
135 / 788
136 / 788
137 / 788
138 / 788
139 / 788
140 / 788
141 / 788
142 / 788
143 / 788
144 / 788
145 / 788
146 / 788
147 / 788
148 / 788
149 / 788
150 / 788
151 / 788
152 / 788
153 / 788
154 / 788
155 / 788
156 / 788
157 / 788
158 / 788
159 / 788
160 / 788
161 / 788
162 / 788
163 / 788
164 / 788
165 / 788
166 / 788
167 / 788
168 / 788
169 / 788
170 / 788
171 / 788
172 / 788
173 / 788
174 / 788
175 / 788
176 / 788
177 / 788
178 / 788
179 / 788
180 / 788
181 / 788
182 / 788
183 / 788
184 / 788
185 / 788
186 / 788
187 / 788
188 / 788
189 / 788
190 / 788
191 / 788
192 / 788
193 / 788
194 / 788
195 / 788
196 / 788
197 / 788
198 / 788
199 / 788
200 / 788
201 / 788
202 / 788
203 / 788
204 / 788
205 / 788
206 / 788
207 / 788
208 / 788
209 / 788
210 / 788
211 / 788
212 / 788
213 / 788
214 / 788
215 / 788
216 / 788
217 / 788
218 / 788
219 / 788
220 / 788
221 / 788
222 / 788
223 / 788
224 / 788
225 / 788
226 / 788
227 / 788
228 / 788
229 / 788
230 / 788
231 / 788
232 / 788
233 / 788
234 / 788
235 / 788
236 / 788
237 / 788
238 / 788
239 / 788
240 / 788
241 / 788
242 / 788
243 / 788
244 / 788
245 / 788
246 / 788
247 / 788
248 / 788
249 / 788
250 / 788
251 / 788
252 / 788
253 / 788
254 / 788
255 / 788
256 / 788
257 / 788
258 / 788
259 / 788
260 / 788
261 / 788
262 / 788
263 / 788
264 / 788
265 / 788
266 / 788
267 / 788
268 / 788
269 / 788
270 / 788
271 / 788
272 / 788
273 / 788
274 / 788
275 / 788
276 / 788
277 / 788
278 / 788
279 / 788
280 / 788
281 / 788
282 / 788
283 / 788
284 / 788
285 / 788
286 / 788
287 / 788
288 / 788
289 / 788
290 / 788
291 / 788
292 / 788
293 / 788
294 / 788
295 / 788
296 / 788
297 / 788
298 / 788
299 / 788
300 / 788
301 / 788
302 / 788
303 / 788
304 / 788
305 / 788
306 / 788
307 / 788
308 / 788
309 / 788
310 / 788
311 / 788
312 / 788
313 / 788
314 / 788
315 / 788
316 / 788
317 / 788
318 / 788
319 / 788
320 / 788
321 / 788
322 / 788
323 / 788
324 / 788
325 / 788
326 / 788
327 / 788
328 / 788
329 / 788
330 / 788
331 / 788
332 / 788
333 / 788
334 / 788
335 / 788
336 / 788
337 / 788
338 / 788
339 / 788
340 / 788
341 / 788
342 / 788
343 / 788
344 / 788
345 / 788
346 / 788
347 / 788
348 / 788
349 / 788
350 / 788
351 / 788
352 / 788
353 / 788
354 / 788
355 / 788
356 / 788
357 / 788
358 / 788
359 / 788
360 / 788
361 / 788
362 / 788
363 / 788
364 / 788
365 / 788
366 / 788
367 / 788
368 / 788
369 / 788
370 / 788
371 / 788
372 / 788
373 / 788
374 / 788
375 / 788
376 / 788
377 / 788
378 / 788
379 / 788
380 / 788
381 / 788
382 / 788
383 / 788
384 / 788
385 / 788
386 / 788
387 / 788
388 / 788
389 / 788
390 / 788
391 / 788
392 / 788
393 / 788
394 / 788
395 / 788
396 / 788
397 / 788
398 / 788
399 / 788
400 / 788
401 / 788
402 / 788
403 / 788
404 / 788
405 / 788
406 / 788
407 / 788
408 / 788
409 / 788
410 / 788
411 / 788
412 / 788
413 / 788
414 / 788
415 / 788
416 / 788
417 / 788
418 / 788
419 / 788
420 / 788
421 / 788
422 / 788
423 / 788
424 / 788
425 / 788
426 / 788
427 / 788
428 / 788
429 / 788
430 / 788
431 / 788
432 / 788
433 / 788
434 / 788
435 / 788
436 / 788
437 / 788
438 / 788
439 / 788
440 / 788
441 / 788
442 / 788
443 / 788
444 / 788
445 / 788
446 / 788
447 / 788
448 / 788
449 / 788
450 / 788
451 / 788
452 / 788
453 / 788
454 / 788
455 / 788
456 / 788
457 / 788
458 / 788
459 / 788
460 / 788
461 / 788
462 / 788
463 / 788
464 / 788
465 / 788
466 / 788
467 / 788
468 / 788
469 / 788
470 / 788
471 / 788
472 / 788
473 / 788
474 / 788
475 / 788
476 / 788
477 / 788
478 / 788
479 / 788
480 / 788
481 / 788
482 / 788
483 / 788
484 / 788
485 / 788
486 / 788
487 / 788
488 / 788
489 / 788
490 / 788
491 / 788
492 / 788
493 / 788
494 / 788
495 / 788
496 / 788
497 / 788
498 / 788
499 / 788
500 / 788
501 / 788
502 / 788
503 / 788
504 / 788
505 / 788
506 / 788
507 / 788
508 / 788
509 / 788
510 / 788
511 / 788
512 / 788
513 / 788
514 / 788
515 / 788
516 / 788
517 / 788
518 / 788
519 / 788
520 / 788
521 / 788
522 / 788
523 / 788
524 / 788
525 / 788
526 / 788
527 / 788
528 / 788
529 / 788
530 / 788
531 / 788
532 / 788
533 / 788
534 / 788
535 / 788
536 / 788
537 / 788
538 / 788
539 / 788
540 / 788
541 / 788
542 / 788
543 / 788
544 / 788
545 / 788
546 / 788
547 / 788
548 / 788
549 / 788
550 / 788
551 / 788
552 / 788
553 / 788
554 / 788
555 / 788
556 / 788
557 / 788
558 / 788
559 / 788
560 / 788
561 / 788
562 / 788
563 / 788
564 / 788
565 / 788
566 / 788
567 / 788
568 / 788
569 / 788
570 / 788
571 / 788
572 / 788
573 / 788
574 / 788
575 / 788
576 / 788
577 / 788
578 / 788
579 / 788
580 / 788
581 / 788
582 / 788
583 / 788
584 / 788
585 / 788
586 / 788
587 / 788
588 / 788
589 / 788
590 / 788
591 / 788
592 / 788
593 / 788
594 / 788
595 / 788
596 / 788
597 / 788
598 / 788
599 / 788
600 / 788
601 / 788
602 / 788
603 / 788
604 / 788
605 / 788
606 / 788
607 / 788
608 / 788
609 / 788
610 / 788
611 / 788
612 / 788
613 / 788
614 / 788
615 / 788
616 / 788
617 / 788
618 / 788
619 / 788
620 / 788
621 / 788
622 / 788
623 / 788
624 / 788
625 / 788
626 / 788
627 / 788
628 / 788
629 / 788
630 / 788
631 / 788
632 / 788
633 / 788
634 / 788
635 / 788
636 / 788
637 / 788
638 / 788
639 / 788
640 / 788
641 / 788
642 / 788
643 / 788
644 / 788
645 / 788
646 / 788
647 / 788
648 / 788
649 / 788
650 / 788
651 / 788
652 / 788
653 / 788
654 / 788
655 / 788
656 / 788
657 / 788
658 / 788
659 / 788
660 / 788
661 / 788
662 / 788
663 / 788
664 / 788
665 / 788
666 / 788
667 / 788
668 / 788
669 / 788
670 / 788
671 / 788
672 / 788
673 / 788
674 / 788
675 / 788
676 / 788
677 / 788
678 / 788
679 / 788
680 / 788
681 / 788
682 / 788
683 / 788
684 / 788
685 / 788
686 / 788
687 / 788
688 / 788
689 / 788
690 / 788
691 / 788
692 / 788
693 / 788
694 / 788
695 / 788
696 / 788
697 / 788
698 / 788
699 / 788
700 / 788
701 / 788
702 / 788
703 / 788
704 / 788
705 / 788
706 / 788
707 / 788
708 / 788
709 / 788
710 / 788
711 / 788
712 / 788
713 / 788
714 / 788
715 / 788
716 / 788
717 / 788
718 / 788
719 / 788
720 / 788
721 / 788
722 / 788
723 / 788
724 / 788
725 / 788
726 / 788
727 / 788
728 / 788
729 / 788
730 / 788
731 / 788
732 / 788
733 / 788
734 / 788
735 / 788
736 / 788
737 / 788
738 / 788
739 / 788
740 / 788
741 / 788
742 / 788
743 / 788
744 / 788
745 / 788
746 / 788
747 / 788
748 / 788
749 / 788
750 / 788
751 / 788
752 / 788
753 / 788
754 / 788
755 / 788
756 / 788
757 / 788
758 / 788
759 / 788
760 / 788
761 / 788
762 / 788
763 / 788
764 / 788
765 / 788
766 / 788
767 / 788
768 / 788
769 / 788
770 / 788
771 / 788
772 / 788
773 / 788
774 / 788
775 / 788
776 / 788
777 / 788
778 / 788
779 / 788
780 / 788
781 / 788
782 / 788
783 / 788
784 / 788
785 / 788
786 / 788
787 / 788
788 / 788
JOBSFINISHED
