using old nif file for bgAT
using old nif file for bgHS
using old odv file for bgAT
using old odv file for bgHS
1 / 8356
2 / 8356
3 / 8356
4 / 8356
5 / 8356
6 / 8356
7 / 8356
8 / 8356
9 / 8356
10 / 8356
11 / 8356
12 / 8356
13 / 8356
14 / 8356
15 / 8356
16 / 8356
17 / 8356
18 / 8356
19 / 8356
20 / 8356
21 / 8356
22 / 8356
23 / 8356
24 / 8356
25 / 8356
26 / 8356
27 / 8356
28 / 8356
29 / 8356
30 / 8356
31 / 8356
32 / 8356
33 / 8356
34 / 8356
35 / 8356
36 / 8356
37 / 8356
38 / 8356
39 / 8356
40 / 8356
41 / 8356
42 / 8356
43 / 8356
44 / 8356
45 / 8356
46 / 8356
47 / 8356
48 / 8356
49 / 8356
50 / 8356
51 / 8356
52 / 8356
53 / 8356
54 / 8356
55 / 8356
56 / 8356
57 / 8356
58 / 8356
59 / 8356
60 / 8356
61 / 8356
62 / 8356
63 / 8356
64 / 8356
65 / 8356
66 / 8356
67 / 8356
68 / 8356
69 / 8356
70 / 8356
71 / 8356
72 / 8356
73 / 8356
74 / 8356
75 / 8356
76 / 8356
77 / 8356
78 / 8356
79 / 8356
80 / 8356
81 / 8356
82 / 8356
83 / 8356
84 / 8356
85 / 8356
86 / 8356
87 / 8356
88 / 8356
89 / 8356
90 / 8356
91 / 8356
92 / 8356
93 / 8356
94 / 8356
95 / 8356
96 / 8356
97 / 8356
98 / 8356
99 / 8356
100 / 8356
101 / 8356
102 / 8356
103 / 8356
104 / 8356
105 / 8356
106 / 8356
107 / 8356
108 / 8356
109 / 8356
110 / 8356
111 / 8356
112 / 8356
113 / 8356
114 / 8356
115 / 8356
116 / 8356
117 / 8356
118 / 8356
119 / 8356
120 / 8356
121 / 8356
122 / 8356
123 / 8356
124 / 8356
125 / 8356
126 / 8356
127 / 8356
128 / 8356
129 / 8356
130 / 8356
131 / 8356
132 / 8356
133 / 8356
134 / 8356
135 / 8356
136 / 8356
137 / 8356
138 / 8356
139 / 8356
140 / 8356
141 / 8356
142 / 8356
143 / 8356
144 / 8356
145 / 8356
146 / 8356
147 / 8356
148 / 8356
149 / 8356
150 / 8356
151 / 8356
152 / 8356
153 / 8356
154 / 8356
155 / 8356
156 / 8356
157 / 8356
158 / 8356
159 / 8356
160 / 8356
161 / 8356
162 / 8356
163 / 8356
164 / 8356
165 / 8356
166 / 8356
167 / 8356
168 / 8356
169 / 8356
170 / 8356
171 / 8356
172 / 8356
173 / 8356
174 / 8356
175 / 8356
176 / 8356
177 / 8356
178 / 8356
179 / 8356
180 / 8356
181 / 8356
182 / 8356
183 / 8356
184 / 8356
185 / 8356
186 / 8356
187 / 8356
188 / 8356
189 / 8356
190 / 8356
191 / 8356
192 / 8356
193 / 8356
194 / 8356
195 / 8356
196 / 8356
197 / 8356
198 / 8356
199 / 8356
200 / 8356
201 / 8356
202 / 8356
203 / 8356
204 / 8356
205 / 8356
206 / 8356
207 / 8356
208 / 8356
209 / 8356
210 / 8356
211 / 8356
212 / 8356
213 / 8356
214 / 8356
215 / 8356
216 / 8356
217 / 8356
218 / 8356
219 / 8356
220 / 8356
221 / 8356
222 / 8356
223 / 8356
224 / 8356
225 / 8356
226 / 8356
227 / 8356
228 / 8356
229 / 8356
230 / 8356
231 / 8356
232 / 8356
233 / 8356
234 / 8356
235 / 8356
236 / 8356
237 / 8356
238 / 8356
239 / 8356
240 / 8356
241 / 8356
242 / 8356
243 / 8356
244 / 8356
245 / 8356
246 / 8356
247 / 8356
248 / 8356
249 / 8356
250 / 8356
251 / 8356
252 / 8356
253 / 8356
254 / 8356
255 / 8356
256 / 8356
257 / 8356
258 / 8356
259 / 8356
260 / 8356
261 / 8356
262 / 8356
263 / 8356
264 / 8356
265 / 8356
266 / 8356
267 / 8356
268 / 8356
269 / 8356
270 / 8356
271 / 8356
272 / 8356
273 / 8356
274 / 8356
275 / 8356
276 / 8356
277 / 8356
278 / 8356
279 / 8356
280 / 8356
281 / 8356
282 / 8356
283 / 8356
284 / 8356
285 / 8356
286 / 8356
287 / 8356
288 / 8356
289 / 8356
290 / 8356
291 / 8356
292 / 8356
293 / 8356
294 / 8356
295 / 8356
296 / 8356
297 / 8356
298 / 8356
299 / 8356
300 / 8356
301 / 8356
302 / 8356
303 / 8356
304 / 8356
305 / 8356
306 / 8356
307 / 8356
308 / 8356
309 / 8356
310 / 8356
311 / 8356
312 / 8356
313 / 8356
314 / 8356
315 / 8356
316 / 8356
317 / 8356
318 / 8356
319 / 8356
320 / 8356
321 / 8356
322 / 8356
323 / 8356
324 / 8356
325 / 8356
326 / 8356
327 / 8356
328 / 8356
329 / 8356
330 / 8356
331 / 8356
332 / 8356
333 / 8356
334 / 8356
335 / 8356
336 / 8356
337 / 8356
338 / 8356
339 / 8356
340 / 8356
341 / 8356
342 / 8356
343 / 8356
344 / 8356
345 / 8356
346 / 8356
347 / 8356
348 / 8356
349 / 8356
350 / 8356
351 / 8356
352 / 8356
353 / 8356
354 / 8356
355 / 8356
356 / 8356
357 / 8356
358 / 8356
359 / 8356
360 / 8356
361 / 8356
362 / 8356
363 / 8356
364 / 8356
365 / 8356
366 / 8356
367 / 8356
368 / 8356
369 / 8356
370 / 8356
371 / 8356
372 / 8356
373 / 8356
374 / 8356
375 / 8356
376 / 8356
377 / 8356
378 / 8356
379 / 8356
380 / 8356
381 / 8356
382 / 8356
383 / 8356
384 / 8356
385 / 8356
386 / 8356
387 / 8356
388 / 8356
389 / 8356
390 / 8356
391 / 8356
392 / 8356
393 / 8356
394 / 8356
395 / 8356
396 / 8356
397 / 8356
398 / 8356
399 / 8356
400 / 8356
401 / 8356
402 / 8356
403 / 8356
404 / 8356
405 / 8356
406 / 8356
407 / 8356
408 / 8356
409 / 8356
410 / 8356
411 / 8356
412 / 8356
413 / 8356
414 / 8356
415 / 8356
416 / 8356
417 / 8356
418 / 8356
419 / 8356
420 / 8356
421 / 8356
422 / 8356
423 / 8356
424 / 8356
425 / 8356
426 / 8356
427 / 8356
428 / 8356
429 / 8356
430 / 8356
431 / 8356
432 / 8356
433 / 8356
434 / 8356
435 / 8356
436 / 8356
437 / 8356
438 / 8356
439 / 8356
440 / 8356
441 / 8356
442 / 8356
443 / 8356
444 / 8356
445 / 8356
446 / 8356
447 / 8356
448 / 8356
449 / 8356
450 / 8356
451 / 8356
452 / 8356
453 / 8356
454 / 8356
455 / 8356
456 / 8356
457 / 8356
458 / 8356
459 / 8356
460 / 8356
461 / 8356
462 / 8356
463 / 8356
464 / 8356
465 / 8356
466 / 8356
467 / 8356
468 / 8356
469 / 8356
470 / 8356
471 / 8356
472 / 8356
473 / 8356
474 / 8356
475 / 8356
476 / 8356
477 / 8356
478 / 8356
479 / 8356
480 / 8356
481 / 8356
482 / 8356
483 / 8356
484 / 8356
485 / 8356
486 / 8356
487 / 8356
488 / 8356
489 / 8356
490 / 8356
491 / 8356
492 / 8356
493 / 8356
494 / 8356
495 / 8356
496 / 8356
497 / 8356
498 / 8356
499 / 8356
500 / 8356
501 / 8356
502 / 8356
503 / 8356
504 / 8356
505 / 8356
506 / 8356
507 / 8356
508 / 8356
509 / 8356
510 / 8356
511 / 8356
512 / 8356
513 / 8356
514 / 8356
515 / 8356
516 / 8356
517 / 8356
518 / 8356
519 / 8356
520 / 8356
521 / 8356
522 / 8356
523 / 8356
524 / 8356
525 / 8356
526 / 8356
527 / 8356
528 / 8356
529 / 8356
530 / 8356
531 / 8356
532 / 8356
533 / 8356
534 / 8356
535 / 8356
536 / 8356
537 / 8356
538 / 8356
539 / 8356
540 / 8356
541 / 8356
542 / 8356
543 / 8356
544 / 8356
545 / 8356
546 / 8356
547 / 8356
548 / 8356
549 / 8356
550 / 8356
551 / 8356
552 / 8356
553 / 8356
554 / 8356
555 / 8356
556 / 8356
557 / 8356
558 / 8356
559 / 8356
560 / 8356
561 / 8356
562 / 8356
563 / 8356
564 / 8356
565 / 8356
566 / 8356
567 / 8356
568 / 8356
569 / 8356
570 / 8356
571 / 8356
572 / 8356
573 / 8356
574 / 8356
575 / 8356
576 / 8356
577 / 8356
578 / 8356
579 / 8356
580 / 8356
581 / 8356
582 / 8356
583 / 8356
584 / 8356
585 / 8356
586 / 8356
587 / 8356
588 / 8356
589 / 8356
590 / 8356
591 / 8356
592 / 8356
593 / 8356
594 / 8356
595 / 8356
596 / 8356
597 / 8356
598 / 8356
599 / 8356
600 / 8356
601 / 8356
602 / 8356
603 / 8356
604 / 8356
605 / 8356
606 / 8356
607 / 8356
608 / 8356
609 / 8356
610 / 8356
611 / 8356
612 / 8356
613 / 8356
614 / 8356
615 / 8356
616 / 8356
617 / 8356
618 / 8356
619 / 8356
620 / 8356
621 / 8356
622 / 8356
623 / 8356
624 / 8356
625 / 8356
626 / 8356
627 / 8356
628 / 8356
629 / 8356
630 / 8356
631 / 8356
632 / 8356
633 / 8356
634 / 8356
635 / 8356
636 / 8356
637 / 8356
638 / 8356
639 / 8356
640 / 8356
641 / 8356
642 / 8356
643 / 8356
644 / 8356
645 / 8356
646 / 8356
647 / 8356
648 / 8356
649 / 8356
650 / 8356
651 / 8356
652 / 8356
653 / 8356
654 / 8356
655 / 8356
656 / 8356
657 / 8356
658 / 8356
659 / 8356
660 / 8356
661 / 8356
662 / 8356
663 / 8356
664 / 8356
665 / 8356
666 / 8356
667 / 8356
668 / 8356
669 / 8356
670 / 8356
671 / 8356
672 / 8356
673 / 8356
674 / 8356
675 / 8356
676 / 8356
677 / 8356
678 / 8356
679 / 8356
680 / 8356
681 / 8356
682 / 8356
683 / 8356
684 / 8356
685 / 8356
686 / 8356
687 / 8356
688 / 8356
689 / 8356
690 / 8356
691 / 8356
692 / 8356
693 / 8356
694 / 8356
695 / 8356
696 / 8356
697 / 8356
698 / 8356
699 / 8356
700 / 8356
701 / 8356
702 / 8356
703 / 8356
704 / 8356
705 / 8356
706 / 8356
707 / 8356
708 / 8356
709 / 8356
710 / 8356
711 / 8356
712 / 8356
713 / 8356
714 / 8356
715 / 8356
716 / 8356
717 / 8356
718 / 8356
719 / 8356
720 / 8356
721 / 8356
722 / 8356
723 / 8356
724 / 8356
725 / 8356
726 / 8356
727 / 8356
728 / 8356
729 / 8356
730 / 8356
731 / 8356
732 / 8356
733 / 8356
734 / 8356
735 / 8356
736 / 8356
737 / 8356
738 / 8356
739 / 8356
740 / 8356
741 / 8356
742 / 8356
743 / 8356
744 / 8356
745 / 8356
746 / 8356
747 / 8356
748 / 8356
749 / 8356
750 / 8356
751 / 8356
752 / 8356
753 / 8356
754 / 8356
755 / 8356
756 / 8356
757 / 8356
758 / 8356
759 / 8356
760 / 8356
761 / 8356
762 / 8356
763 / 8356
764 / 8356
765 / 8356
766 / 8356
767 / 8356
768 / 8356
769 / 8356
770 / 8356
771 / 8356
772 / 8356
773 / 8356
774 / 8356
775 / 8356
776 / 8356
777 / 8356
778 / 8356
779 / 8356
780 / 8356
781 / 8356
782 / 8356
783 / 8356
784 / 8356
785 / 8356
786 / 8356
787 / 8356
788 / 8356
789 / 8356
790 / 8356
791 / 8356
792 / 8356
793 / 8356
794 / 8356
795 / 8356
796 / 8356
797 / 8356
798 / 8356
799 / 8356
800 / 8356
801 / 8356
802 / 8356
803 / 8356
804 / 8356
805 / 8356
806 / 8356
807 / 8356
808 / 8356
809 / 8356
810 / 8356
811 / 8356
812 / 8356
813 / 8356
814 / 8356
815 / 8356
816 / 8356
817 / 8356
818 / 8356
819 / 8356
820 / 8356
821 / 8356
822 / 8356
823 / 8356
824 / 8356
825 / 8356
826 / 8356
827 / 8356
828 / 8356
829 / 8356
830 / 8356
831 / 8356
832 / 8356
833 / 8356
834 / 8356
835 / 8356
836 / 8356
837 / 8356
838 / 8356
839 / 8356
840 / 8356
841 / 8356
842 / 8356
843 / 8356
844 / 8356
845 / 8356
846 / 8356
847 / 8356
848 / 8356
849 / 8356
850 / 8356
851 / 8356
852 / 8356
853 / 8356
854 / 8356
855 / 8356
856 / 8356
857 / 8356
858 / 8356
859 / 8356
860 / 8356
861 / 8356
862 / 8356
863 / 8356
864 / 8356
865 / 8356
866 / 8356
867 / 8356
868 / 8356
869 / 8356
870 / 8356
871 / 8356
872 / 8356
873 / 8356
874 / 8356
875 / 8356
876 / 8356
877 / 8356
878 / 8356
879 / 8356
880 / 8356
881 / 8356
882 / 8356
883 / 8356
884 / 8356
885 / 8356
886 / 8356
887 / 8356
888 / 8356
889 / 8356
890 / 8356
891 / 8356
892 / 8356
893 / 8356
894 / 8356
895 / 8356
896 / 8356
897 / 8356
898 / 8356
899 / 8356
900 / 8356
901 / 8356
902 / 8356
903 / 8356
904 / 8356
905 / 8356
906 / 8356
907 / 8356
908 / 8356
909 / 8356
910 / 8356
911 / 8356
912 / 8356
913 / 8356
914 / 8356
915 / 8356
916 / 8356
917 / 8356
918 / 8356
919 / 8356
920 / 8356
921 / 8356
922 / 8356
923 / 8356
924 / 8356
925 / 8356
926 / 8356
927 / 8356
928 / 8356
929 / 8356
930 / 8356
931 / 8356
932 / 8356
933 / 8356
934 / 8356
935 / 8356
936 / 8356
937 / 8356
938 / 8356
939 / 8356
940 / 8356
941 / 8356
942 / 8356
943 / 8356
944 / 8356
945 / 8356
946 / 8356
947 / 8356
948 / 8356
949 / 8356
950 / 8356
951 / 8356
952 / 8356
953 / 8356
954 / 8356
955 / 8356
956 / 8356
957 / 8356
958 / 8356
959 / 8356
960 / 8356
961 / 8356
962 / 8356
963 / 8356
964 / 8356
965 / 8356
966 / 8356
967 / 8356
968 / 8356
969 / 8356
970 / 8356
971 / 8356
972 / 8356
973 / 8356
974 / 8356
975 / 8356
976 / 8356
977 / 8356
978 / 8356
979 / 8356
980 / 8356
981 / 8356
982 / 8356
983 / 8356
984 / 8356
985 / 8356
986 / 8356
987 / 8356
988 / 8356
989 / 8356
990 / 8356
991 / 8356
992 / 8356
993 / 8356
994 / 8356
995 / 8356
996 / 8356
997 / 8356
998 / 8356
999 / 8356
1000 / 8356
1001 / 8356
1002 / 8356
1003 / 8356
1004 / 8356
1005 / 8356
1006 / 8356
1007 / 8356
1008 / 8356
1009 / 8356
1010 / 8356
1011 / 8356
1012 / 8356
1013 / 8356
1014 / 8356
1015 / 8356
1016 / 8356
1017 / 8356
1018 / 8356
1019 / 8356
1020 / 8356
1021 / 8356
1022 / 8356
1023 / 8356
1024 / 8356
1025 / 8356
1026 / 8356
1027 / 8356
1028 / 8356
1029 / 8356
1030 / 8356
1031 / 8356
1032 / 8356
1033 / 8356
1034 / 8356
1035 / 8356
1036 / 8356
1037 / 8356
1038 / 8356
1039 / 8356
1040 / 8356
1041 / 8356
1042 / 8356
1043 / 8356
1044 / 8356
1045 / 8356
1046 / 8356
1047 / 8356
1048 / 8356
1049 / 8356
1050 / 8356
1051 / 8356
1052 / 8356
1053 / 8356
1054 / 8356
1055 / 8356
1056 / 8356
1057 / 8356
1058 / 8356
1059 / 8356
1060 / 8356
1061 / 8356
1062 / 8356
1063 / 8356
1064 / 8356
1065 / 8356
1066 / 8356
1067 / 8356
1068 / 8356
1069 / 8356
1070 / 8356
1071 / 8356
1072 / 8356
1073 / 8356
1074 / 8356
1075 / 8356
1076 / 8356
1077 / 8356
1078 / 8356
1079 / 8356
1080 / 8356
1081 / 8356
1082 / 8356
1083 / 8356
1084 / 8356
1085 / 8356
1086 / 8356
1087 / 8356
1088 / 8356
1089 / 8356
1090 / 8356
1091 / 8356
1092 / 8356
1093 / 8356
1094 / 8356
1095 / 8356
1096 / 8356
1097 / 8356
1098 / 8356
1099 / 8356
1100 / 8356
1101 / 8356
1102 / 8356
1103 / 8356
1104 / 8356
1105 / 8356
1106 / 8356
1107 / 8356
1108 / 8356
1109 / 8356
1110 / 8356
1111 / 8356
1112 / 8356
1113 / 8356
1114 / 8356
1115 / 8356
1116 / 8356
1117 / 8356
1118 / 8356
1119 / 8356
1120 / 8356
1121 / 8356
1122 / 8356
1123 / 8356
1124 / 8356
1125 / 8356
1126 / 8356
1127 / 8356
1128 / 8356
1129 / 8356
1130 / 8356
1131 / 8356
1132 / 8356
1133 / 8356
1134 / 8356
1135 / 8356
1136 / 8356
1137 / 8356
1138 / 8356
1139 / 8356
1140 / 8356
1141 / 8356
1142 / 8356
1143 / 8356
1144 / 8356
1145 / 8356
1146 / 8356
1147 / 8356
1148 / 8356
1149 / 8356
1150 / 8356
1151 / 8356
1152 / 8356
1153 / 8356
1154 / 8356
1155 / 8356
1156 / 8356
1157 / 8356
1158 / 8356
1159 / 8356
1160 / 8356
1161 / 8356
1162 / 8356
1163 / 8356
1164 / 8356
1165 / 8356
1166 / 8356
1167 / 8356
1168 / 8356
1169 / 8356
1170 / 8356
1171 / 8356
1172 / 8356
1173 / 8356
1174 / 8356
1175 / 8356
1176 / 8356
1177 / 8356
1178 / 8356
1179 / 8356
1180 / 8356
1181 / 8356
1182 / 8356
1183 / 8356
1184 / 8356
1185 / 8356
1186 / 8356
1187 / 8356
1188 / 8356
1189 / 8356
1190 / 8356
1191 / 8356
1192 / 8356
1193 / 8356
1194 / 8356
1195 / 8356
1196 / 8356
1197 / 8356
1198 / 8356
1199 / 8356
1200 / 8356
1201 / 8356
1202 / 8356
1203 / 8356
1204 / 8356
1205 / 8356
1206 / 8356
1207 / 8356
1208 / 8356
1209 / 8356
1210 / 8356
1211 / 8356
1212 / 8356
1213 / 8356
1214 / 8356
1215 / 8356
1216 / 8356
1217 / 8356
1218 / 8356
1219 / 8356
1220 / 8356
1221 / 8356
1222 / 8356
1223 / 8356
1224 / 8356
1225 / 8356
1226 / 8356
1227 / 8356
1228 / 8356
1229 / 8356
1230 / 8356
1231 / 8356
1232 / 8356
1233 / 8356
1234 / 8356
1235 / 8356
1236 / 8356
1237 / 8356
1238 / 8356
1239 / 8356
1240 / 8356
1241 / 8356
1242 / 8356
1243 / 8356
1244 / 8356
1245 / 8356
1246 / 8356
1247 / 8356
1248 / 8356
1249 / 8356
1250 / 8356
1251 / 8356
1252 / 8356
1253 / 8356
1254 / 8356
1255 / 8356
1256 / 8356
1257 / 8356
1258 / 8356
1259 / 8356
1260 / 8356
1261 / 8356
1262 / 8356
1263 / 8356
1264 / 8356
1265 / 8356
1266 / 8356
1267 / 8356
1268 / 8356
1269 / 8356
1270 / 8356
1271 / 8356
1272 / 8356
1273 / 8356
1274 / 8356
1275 / 8356
1276 / 8356
1277 / 8356
1278 / 8356
1279 / 8356
1280 / 8356
1281 / 8356
1282 / 8356
1283 / 8356
1284 / 8356
1285 / 8356
1286 / 8356
1287 / 8356
1288 / 8356
1289 / 8356
1290 / 8356
1291 / 8356
1292 / 8356
1293 / 8356
1294 / 8356
1295 / 8356
1296 / 8356
1297 / 8356
1298 / 8356
1299 / 8356
1300 / 8356
1301 / 8356
1302 / 8356
1303 / 8356
1304 / 8356
1305 / 8356
1306 / 8356
1307 / 8356
1308 / 8356
1309 / 8356
1310 / 8356
1311 / 8356
1312 / 8356
1313 / 8356
1314 / 8356
1315 / 8356
1316 / 8356
1317 / 8356
1318 / 8356
1319 / 8356
1320 / 8356
1321 / 8356
1322 / 8356
1323 / 8356
1324 / 8356
1325 / 8356
1326 / 8356
1327 / 8356
1328 / 8356
1329 / 8356
1330 / 8356
1331 / 8356
1332 / 8356
1333 / 8356
1334 / 8356
1335 / 8356
1336 / 8356
1337 / 8356
1338 / 8356
1339 / 8356
1340 / 8356
1341 / 8356
1342 / 8356
1343 / 8356
1344 / 8356
1345 / 8356
1346 / 8356
1347 / 8356
1348 / 8356
1349 / 8356
1350 / 8356
1351 / 8356
1352 / 8356
1353 / 8356
1354 / 8356
1355 / 8356
1356 / 8356
1357 / 8356
1358 / 8356
1359 / 8356
1360 / 8356
1361 / 8356
1362 / 8356
1363 / 8356
1364 / 8356
1365 / 8356
1366 / 8356
1367 / 8356
1368 / 8356
1369 / 8356
1370 / 8356
1371 / 8356
1372 / 8356
1373 / 8356
1374 / 8356
1375 / 8356
1376 / 8356
1377 / 8356
1378 / 8356
1379 / 8356
1380 / 8356
1381 / 8356
1382 / 8356
1383 / 8356
1384 / 8356
1385 / 8356
1386 / 8356
1387 / 8356
1388 / 8356
1389 / 8356
1390 / 8356
1391 / 8356
1392 / 8356
1393 / 8356
1394 / 8356
1395 / 8356
1396 / 8356
1397 / 8356
1398 / 8356
1399 / 8356
1400 / 8356
1401 / 8356
1402 / 8356
1403 / 8356
1404 / 8356
1405 / 8356
1406 / 8356
1407 / 8356
1408 / 8356
1409 / 8356
1410 / 8356
1411 / 8356
1412 / 8356
1413 / 8356
1414 / 8356
1415 / 8356
1416 / 8356
1417 / 8356
1418 / 8356
1419 / 8356
1420 / 8356
1421 / 8356
1422 / 8356
1423 / 8356
1424 / 8356
1425 / 8356
1426 / 8356
1427 / 8356
1428 / 8356
1429 / 8356
1430 / 8356
1431 / 8356
1432 / 8356
1433 / 8356
1434 / 8356
1435 / 8356
1436 / 8356
1437 / 8356
1438 / 8356
1439 / 8356
1440 / 8356
1441 / 8356
1442 / 8356
1443 / 8356
1444 / 8356
1445 / 8356
1446 / 8356
1447 / 8356
1448 / 8356
1449 / 8356
1450 / 8356
1451 / 8356
1452 / 8356
1453 / 8356
1454 / 8356
1455 / 8356
1456 / 8356
1457 / 8356
1458 / 8356
1459 / 8356
1460 / 8356
1461 / 8356
1462 / 8356
1463 / 8356
1464 / 8356
1465 / 8356
1466 / 8356
1467 / 8356
1468 / 8356
1469 / 8356
1470 / 8356
1471 / 8356
1472 / 8356
1473 / 8356
1474 / 8356
1475 / 8356
1476 / 8356
1477 / 8356
1478 / 8356
1479 / 8356
1480 / 8356
1481 / 8356
1482 / 8356
1483 / 8356
1484 / 8356
1485 / 8356
1486 / 8356
1487 / 8356
1488 / 8356
1489 / 8356
1490 / 8356
1491 / 8356
1492 / 8356
1493 / 8356
1494 / 8356
1495 / 8356
1496 / 8356
1497 / 8356
1498 / 8356
1499 / 8356
1500 / 8356
1501 / 8356
1502 / 8356
1503 / 8356
1504 / 8356
1505 / 8356
1506 / 8356
1507 / 8356
1508 / 8356
1509 / 8356
1510 / 8356
1511 / 8356
1512 / 8356
1513 / 8356
1514 / 8356
1515 / 8356
1516 / 8356
1517 / 8356
1518 / 8356
1519 / 8356
1520 / 8356
1521 / 8356
1522 / 8356
1523 / 8356
1524 / 8356
1525 / 8356
1526 / 8356
1527 / 8356
1528 / 8356
1529 / 8356
1530 / 8356
1531 / 8356
1532 / 8356
1533 / 8356
1534 / 8356
1535 / 8356
1536 / 8356
1537 / 8356
1538 / 8356
1539 / 8356
1540 / 8356
1541 / 8356
1542 / 8356
1543 / 8356
1544 / 8356
1545 / 8356
1546 / 8356
1547 / 8356
1548 / 8356
1549 / 8356
1550 / 8356
1551 / 8356
1552 / 8356
1553 / 8356
1554 / 8356
1555 / 8356
1556 / 8356
1557 / 8356
1558 / 8356
1559 / 8356
1560 / 8356
1561 / 8356
1562 / 8356
1563 / 8356
1564 / 8356
1565 / 8356
1566 / 8356
1567 / 8356
1568 / 8356
1569 / 8356
1570 / 8356
1571 / 8356
1572 / 8356
1573 / 8356
1574 / 8356
1575 / 8356
1576 / 8356
1577 / 8356
1578 / 8356
1579 / 8356
1580 / 8356
1581 / 8356
1582 / 8356
1583 / 8356
1584 / 8356
1585 / 8356
1586 / 8356
1587 / 8356
1588 / 8356
1589 / 8356
1590 / 8356
1591 / 8356
1592 / 8356
1593 / 8356
1594 / 8356
1595 / 8356
1596 / 8356
1597 / 8356
1598 / 8356
1599 / 8356
1600 / 8356
1601 / 8356
1602 / 8356
1603 / 8356
1604 / 8356
1605 / 8356
1606 / 8356
1607 / 8356
1608 / 8356
1609 / 8356
1610 / 8356
1611 / 8356
1612 / 8356
1613 / 8356
1614 / 8356
1615 / 8356
1616 / 8356
1617 / 8356
1618 / 8356
1619 / 8356
1620 / 8356
1621 / 8356
1622 / 8356
1623 / 8356
1624 / 8356
1625 / 8356
1626 / 8356
1627 / 8356
1628 / 8356
1629 / 8356
1630 / 8356
1631 / 8356
1632 / 8356
1633 / 8356
1634 / 8356
1635 / 8356
1636 / 8356
1637 / 8356
1638 / 8356
1639 / 8356
1640 / 8356
1641 / 8356
1642 / 8356
1643 / 8356
1644 / 8356
1645 / 8356
1646 / 8356
1647 / 8356
1648 / 8356
1649 / 8356
1650 / 8356
1651 / 8356
1652 / 8356
1653 / 8356
1654 / 8356
1655 / 8356
1656 / 8356
1657 / 8356
1658 / 8356
1659 / 8356
1660 / 8356
1661 / 8356
1662 / 8356
1663 / 8356
1664 / 8356
1665 / 8356
1666 / 8356
1667 / 8356
1668 / 8356
1669 / 8356
1670 / 8356
1671 / 8356
1672 / 8356
1673 / 8356
1674 / 8356
1675 / 8356
1676 / 8356
1677 / 8356
1678 / 8356
1679 / 8356
1680 / 8356
1681 / 8356
1682 / 8356
1683 / 8356
1684 / 8356
1685 / 8356
1686 / 8356
1687 / 8356
1688 / 8356
1689 / 8356
1690 / 8356
1691 / 8356
1692 / 8356
1693 / 8356
1694 / 8356
1695 / 8356
1696 / 8356
1697 / 8356
1698 / 8356
1699 / 8356
1700 / 8356
1701 / 8356
1702 / 8356
1703 / 8356
1704 / 8356
1705 / 8356
1706 / 8356
1707 / 8356
1708 / 8356
1709 / 8356
1710 / 8356
1711 / 8356
1712 / 8356
1713 / 8356
1714 / 8356
1715 / 8356
1716 / 8356
1717 / 8356
1718 / 8356
1719 / 8356
1720 / 8356
1721 / 8356
1722 / 8356
1723 / 8356
1724 / 8356
1725 / 8356
1726 / 8356
1727 / 8356
1728 / 8356
1729 / 8356
1730 / 8356
1731 / 8356
1732 / 8356
1733 / 8356
1734 / 8356
1735 / 8356
1736 / 8356
1737 / 8356
1738 / 8356
1739 / 8356
1740 / 8356
1741 / 8356
1742 / 8356
1743 / 8356
1744 / 8356
1745 / 8356
1746 / 8356
1747 / 8356
1748 / 8356
1749 / 8356
1750 / 8356
1751 / 8356
1752 / 8356
1753 / 8356
1754 / 8356
1755 / 8356
1756 / 8356
1757 / 8356
1758 / 8356
1759 / 8356
1760 / 8356
1761 / 8356
1762 / 8356
1763 / 8356
1764 / 8356
1765 / 8356
1766 / 8356
1767 / 8356
1768 / 8356
1769 / 8356
1770 / 8356
1771 / 8356
1772 / 8356
1773 / 8356
1774 / 8356
1775 / 8356
1776 / 8356
1777 / 8356
1778 / 8356
1779 / 8356
1780 / 8356
1781 / 8356
1782 / 8356
1783 / 8356
1784 / 8356
1785 / 8356
1786 / 8356
1787 / 8356
1788 / 8356
1789 / 8356
1790 / 8356
1791 / 8356
1792 / 8356
1793 / 8356
1794 / 8356
1795 / 8356
1796 / 8356
1797 / 8356
1798 / 8356
1799 / 8356
1800 / 8356
1801 / 8356
1802 / 8356
1803 / 8356
1804 / 8356
1805 / 8356
1806 / 8356
1807 / 8356
1808 / 8356
1809 / 8356
1810 / 8356
1811 / 8356
1812 / 8356
1813 / 8356
1814 / 8356
1815 / 8356
1816 / 8356
1817 / 8356
1818 / 8356
1819 / 8356
1820 / 8356
1821 / 8356
1822 / 8356
1823 / 8356
1824 / 8356
1825 / 8356
1826 / 8356
1827 / 8356
1828 / 8356
1829 / 8356
1830 / 8356
1831 / 8356
1832 / 8356
1833 / 8356
1834 / 8356
1835 / 8356
1836 / 8356
1837 / 8356
1838 / 8356
1839 / 8356
1840 / 8356
1841 / 8356
1842 / 8356
1843 / 8356
1844 / 8356
1845 / 8356
1846 / 8356
1847 / 8356
1848 / 8356
1849 / 8356
1850 / 8356
1851 / 8356
1852 / 8356
1853 / 8356
1854 / 8356
1855 / 8356
1856 / 8356
1857 / 8356
1858 / 8356
1859 / 8356
1860 / 8356
1861 / 8356
1862 / 8356
1863 / 8356
1864 / 8356
1865 / 8356
1866 / 8356
1867 / 8356
1868 / 8356
1869 / 8356
1870 / 8356
1871 / 8356
1872 / 8356
1873 / 8356
1874 / 8356
1875 / 8356
1876 / 8356
1877 / 8356
1878 / 8356
1879 / 8356
1880 / 8356
1881 / 8356
1882 / 8356
1883 / 8356
1884 / 8356
1885 / 8356
1886 / 8356
1887 / 8356
1888 / 8356
1889 / 8356
1890 / 8356
1891 / 8356
1892 / 8356
1893 / 8356
1894 / 8356
1895 / 8356
1896 / 8356
1897 / 8356
1898 / 8356
1899 / 8356
1900 / 8356
1901 / 8356
1902 / 8356
1903 / 8356
1904 / 8356
1905 / 8356
1906 / 8356
1907 / 8356
1908 / 8356
1909 / 8356
1910 / 8356
1911 / 8356
1912 / 8356
1913 / 8356
1914 / 8356
1915 / 8356
1916 / 8356
1917 / 8356
1918 / 8356
1919 / 8356
1920 / 8356
1921 / 8356
1922 / 8356
1923 / 8356
1924 / 8356
1925 / 8356
1926 / 8356
1927 / 8356
1928 / 8356
1929 / 8356
1930 / 8356
1931 / 8356
1932 / 8356
1933 / 8356
1934 / 8356
1935 / 8356
1936 / 8356
1937 / 8356
1938 / 8356
1939 / 8356
1940 / 8356
1941 / 8356
1942 / 8356
1943 / 8356
1944 / 8356
1945 / 8356
1946 / 8356
1947 / 8356
1948 / 8356
1949 / 8356
1950 / 8356
1951 / 8356
1952 / 8356
1953 / 8356
1954 / 8356
1955 / 8356
1956 / 8356
1957 / 8356
1958 / 8356
1959 / 8356
1960 / 8356
1961 / 8356
1962 / 8356
1963 / 8356
1964 / 8356
1965 / 8356
1966 / 8356
1967 / 8356
1968 / 8356
1969 / 8356
1970 / 8356
1971 / 8356
1972 / 8356
1973 / 8356
1974 / 8356
1975 / 8356
1976 / 8356
1977 / 8356
1978 / 8356
1979 / 8356
1980 / 8356
1981 / 8356
1982 / 8356
1983 / 8356
1984 / 8356
1985 / 8356
1986 / 8356
1987 / 8356
1988 / 8356
1989 / 8356
1990 / 8356
1991 / 8356
1992 / 8356
1993 / 8356
1994 / 8356
1995 / 8356
1996 / 8356
1997 / 8356
1998 / 8356
1999 / 8356
2000 / 8356
2001 / 8356
2002 / 8356
2003 / 8356
2004 / 8356
2005 / 8356
2006 / 8356
2007 / 8356
2008 / 8356
2009 / 8356
2010 / 8356
2011 / 8356
2012 / 8356
2013 / 8356
2014 / 8356
2015 / 8356
2016 / 8356
2017 / 8356
2018 / 8356
2019 / 8356
2020 / 8356
2021 / 8356
2022 / 8356
2023 / 8356
2024 / 8356
2025 / 8356
2026 / 8356
2027 / 8356
2028 / 8356
2029 / 8356
2030 / 8356
2031 / 8356
2032 / 8356
2033 / 8356
2034 / 8356
2035 / 8356
2036 / 8356
2037 / 8356
2038 / 8356
2039 / 8356
2040 / 8356
2041 / 8356
2042 / 8356
2043 / 8356
2044 / 8356
2045 / 8356
2046 / 8356
2047 / 8356
2048 / 8356
2049 / 8356
2050 / 8356
2051 / 8356
2052 / 8356
2053 / 8356
2054 / 8356
2055 / 8356
2056 / 8356
2057 / 8356
2058 / 8356
2059 / 8356
2060 / 8356
2061 / 8356
2062 / 8356
2063 / 8356
2064 / 8356
2065 / 8356
2066 / 8356
2067 / 8356
2068 / 8356
2069 / 8356
2070 / 8356
2071 / 8356
2072 / 8356
2073 / 8356
2074 / 8356
2075 / 8356
2076 / 8356
2077 / 8356
2078 / 8356
2079 / 8356
2080 / 8356
2081 / 8356
2082 / 8356
2083 / 8356
2084 / 8356
2085 / 8356
2086 / 8356
2087 / 8356
2088 / 8356
2089 / 8356
2090 / 8356
2091 / 8356
2092 / 8356
2093 / 8356
2094 / 8356
2095 / 8356
2096 / 8356
2097 / 8356
2098 / 8356
2099 / 8356
2100 / 8356
2101 / 8356
2102 / 8356
2103 / 8356
2104 / 8356
2105 / 8356
2106 / 8356
2107 / 8356
2108 / 8356
2109 / 8356
2110 / 8356
2111 / 8356
2112 / 8356
2113 / 8356
2114 / 8356
2115 / 8356
2116 / 8356
2117 / 8356
2118 / 8356
2119 / 8356
2120 / 8356
2121 / 8356
2122 / 8356
2123 / 8356
2124 / 8356
2125 / 8356
2126 / 8356
2127 / 8356
2128 / 8356
2129 / 8356
2130 / 8356
2131 / 8356
2132 / 8356
2133 / 8356
2134 / 8356
2135 / 8356
2136 / 8356
2137 / 8356
2138 / 8356
2139 / 8356
2140 / 8356
2141 / 8356
2142 / 8356
2143 / 8356
2144 / 8356
2145 / 8356
2146 / 8356
2147 / 8356
2148 / 8356
2149 / 8356
2150 / 8356
2151 / 8356
2152 / 8356
2153 / 8356
2154 / 8356
2155 / 8356
2156 / 8356
2157 / 8356
2158 / 8356
2159 / 8356
2160 / 8356
2161 / 8356
2162 / 8356
2163 / 8356
2164 / 8356
2165 / 8356
2166 / 8356
2167 / 8356
2168 / 8356
2169 / 8356
2170 / 8356
2171 / 8356
2172 / 8356
2173 / 8356
2174 / 8356
2175 / 8356
2176 / 8356
2177 / 8356
2178 / 8356
2179 / 8356
2180 / 8356
2181 / 8356
2182 / 8356
2183 / 8356
2184 / 8356
2185 / 8356
2186 / 8356
2187 / 8356
2188 / 8356
2189 / 8356
2190 / 8356
2191 / 8356
2192 / 8356
2193 / 8356
2194 / 8356
2195 / 8356
2196 / 8356
2197 / 8356
2198 / 8356
2199 / 8356
2200 / 8356
2201 / 8356
2202 / 8356
2203 / 8356
2204 / 8356
2205 / 8356
2206 / 8356
2207 / 8356
2208 / 8356
2209 / 8356
2210 / 8356
2211 / 8356
2212 / 8356
2213 / 8356
2214 / 8356
2215 / 8356
2216 / 8356
2217 / 8356
2218 / 8356
2219 / 8356
2220 / 8356
2221 / 8356
2222 / 8356
2223 / 8356
2224 / 8356
2225 / 8356
2226 / 8356
2227 / 8356
2228 / 8356
2229 / 8356
2230 / 8356
2231 / 8356
2232 / 8356
2233 / 8356
2234 / 8356
2235 / 8356
2236 / 8356
2237 / 8356
2238 / 8356
2239 / 8356
2240 / 8356
2241 / 8356
2242 / 8356
2243 / 8356
2244 / 8356
2245 / 8356
2246 / 8356
2247 / 8356
2248 / 8356
2249 / 8356
2250 / 8356
2251 / 8356
2252 / 8356
2253 / 8356
2254 / 8356
2255 / 8356
2256 / 8356
2257 / 8356
2258 / 8356
2259 / 8356
2260 / 8356
2261 / 8356
2262 / 8356
2263 / 8356
2264 / 8356
2265 / 8356
2266 / 8356
2267 / 8356
2268 / 8356
2269 / 8356
2270 / 8356
2271 / 8356
2272 / 8356
2273 / 8356
2274 / 8356
2275 / 8356
2276 / 8356
2277 / 8356
2278 / 8356
2279 / 8356
2280 / 8356
2281 / 8356
2282 / 8356
2283 / 8356
2284 / 8356
2285 / 8356
2286 / 8356
2287 / 8356
2288 / 8356
2289 / 8356
2290 / 8356
2291 / 8356
2292 / 8356
2293 / 8356
2294 / 8356
2295 / 8356
2296 / 8356
2297 / 8356
2298 / 8356
2299 / 8356
2300 / 8356
2301 / 8356
2302 / 8356
2303 / 8356
2304 / 8356
2305 / 8356
2306 / 8356
2307 / 8356
2308 / 8356
2309 / 8356
2310 / 8356
2311 / 8356
2312 / 8356
2313 / 8356
2314 / 8356
2315 / 8356
2316 / 8356
2317 / 8356
2318 / 8356
2319 / 8356
2320 / 8356
2321 / 8356
2322 / 8356
2323 / 8356
2324 / 8356
2325 / 8356
2326 / 8356
2327 / 8356
2328 / 8356
2329 / 8356
2330 / 8356
2331 / 8356
2332 / 8356
2333 / 8356
2334 / 8356
2335 / 8356
2336 / 8356
2337 / 8356
2338 / 8356
2339 / 8356
2340 / 8356
2341 / 8356
2342 / 8356
2343 / 8356
2344 / 8356
2345 / 8356
2346 / 8356
2347 / 8356
2348 / 8356
2349 / 8356
2350 / 8356
2351 / 8356
2352 / 8356
2353 / 8356
2354 / 8356
2355 / 8356
2356 / 8356
2357 / 8356
2358 / 8356
2359 / 8356
2360 / 8356
2361 / 8356
2362 / 8356
2363 / 8356
2364 / 8356
2365 / 8356
2366 / 8356
2367 / 8356
2368 / 8356
2369 / 8356
2370 / 8356
2371 / 8356
2372 / 8356
2373 / 8356
2374 / 8356
2375 / 8356
2376 / 8356
2377 / 8356
2378 / 8356
2379 / 8356
2380 / 8356
2381 / 8356
2382 / 8356
2383 / 8356
2384 / 8356
2385 / 8356
2386 / 8356
2387 / 8356
2388 / 8356
2389 / 8356
2390 / 8356
2391 / 8356
2392 / 8356
2393 / 8356
2394 / 8356
2395 / 8356
2396 / 8356
2397 / 8356
2398 / 8356
2399 / 8356
2400 / 8356
2401 / 8356
2402 / 8356
2403 / 8356
2404 / 8356
2405 / 8356
2406 / 8356
2407 / 8356
2408 / 8356
2409 / 8356
2410 / 8356
2411 / 8356
2412 / 8356
2413 / 8356
2414 / 8356
2415 / 8356
2416 / 8356
2417 / 8356
2418 / 8356
2419 / 8356
2420 / 8356
2421 / 8356
2422 / 8356
2423 / 8356
2424 / 8356
2425 / 8356
2426 / 8356
2427 / 8356
2428 / 8356
2429 / 8356
2430 / 8356
2431 / 8356
2432 / 8356
2433 / 8356
2434 / 8356
2435 / 8356
2436 / 8356
2437 / 8356
2438 / 8356
2439 / 8356
2440 / 8356
2441 / 8356
2442 / 8356
2443 / 8356
2444 / 8356
2445 / 8356
2446 / 8356
2447 / 8356
2448 / 8356
2449 / 8356
2450 / 8356
2451 / 8356
2452 / 8356
2453 / 8356
2454 / 8356
2455 / 8356
2456 / 8356
2457 / 8356
2458 / 8356
2459 / 8356
2460 / 8356
2461 / 8356
2462 / 8356
2463 / 8356
2464 / 8356
2465 / 8356
2466 / 8356
2467 / 8356
2468 / 8356
2469 / 8356
2470 / 8356
2471 / 8356
2472 / 8356
2473 / 8356
2474 / 8356
2475 / 8356
2476 / 8356
2477 / 8356
2478 / 8356
2479 / 8356
2480 / 8356
2481 / 8356
2482 / 8356
2483 / 8356
2484 / 8356
2485 / 8356
2486 / 8356
2487 / 8356
2488 / 8356
2489 / 8356
2490 / 8356
2491 / 8356
2492 / 8356
2493 / 8356
2494 / 8356
2495 / 8356
2496 / 8356
2497 / 8356
2498 / 8356
2499 / 8356
2500 / 8356
2501 / 8356
2502 / 8356
2503 / 8356
2504 / 8356
2505 / 8356
2506 / 8356
2507 / 8356
2508 / 8356
2509 / 8356
2510 / 8356
2511 / 8356
2512 / 8356
2513 / 8356
2514 / 8356
2515 / 8356
2516 / 8356
2517 / 8356
2518 / 8356
2519 / 8356
2520 / 8356
2521 / 8356
2522 / 8356
2523 / 8356
2524 / 8356
2525 / 8356
2526 / 8356
2527 / 8356
2528 / 8356
2529 / 8356
2530 / 8356
2531 / 8356
2532 / 8356
2533 / 8356
2534 / 8356
2535 / 8356
2536 / 8356
2537 / 8356
2538 / 8356
2539 / 8356
2540 / 8356
2541 / 8356
2542 / 8356
2543 / 8356
2544 / 8356
2545 / 8356
2546 / 8356
2547 / 8356
2548 / 8356
2549 / 8356
2550 / 8356
2551 / 8356
2552 / 8356
2553 / 8356
2554 / 8356
2555 / 8356
2556 / 8356
2557 / 8356
2558 / 8356
2559 / 8356
2560 / 8356
2561 / 8356
2562 / 8356
2563 / 8356
2564 / 8356
2565 / 8356
2566 / 8356
2567 / 8356
2568 / 8356
2569 / 8356
2570 / 8356
2571 / 8356
2572 / 8356
2573 / 8356
2574 / 8356
2575 / 8356
2576 / 8356
2577 / 8356
2578 / 8356
2579 / 8356
2580 / 8356
2581 / 8356
2582 / 8356
2583 / 8356
2584 / 8356
2585 / 8356
2586 / 8356
2587 / 8356
2588 / 8356
2589 / 8356
2590 / 8356
2591 / 8356
2592 / 8356
2593 / 8356
2594 / 8356
2595 / 8356
2596 / 8356
2597 / 8356
2598 / 8356
2599 / 8356
2600 / 8356
2601 / 8356
2602 / 8356
2603 / 8356
2604 / 8356
2605 / 8356
2606 / 8356
2607 / 8356
2608 / 8356
2609 / 8356
2610 / 8356
2611 / 8356
2612 / 8356
2613 / 8356
2614 / 8356
2615 / 8356
2616 / 8356
2617 / 8356
2618 / 8356
2619 / 8356
2620 / 8356
2621 / 8356
2622 / 8356
2623 / 8356
2624 / 8356
2625 / 8356
2626 / 8356
2627 / 8356
2628 / 8356
2629 / 8356
2630 / 8356
2631 / 8356
2632 / 8356
2633 / 8356
2634 / 8356
2635 / 8356
2636 / 8356
2637 / 8356
2638 / 8356
2639 / 8356
2640 / 8356
2641 / 8356
2642 / 8356
2643 / 8356
2644 / 8356
2645 / 8356
2646 / 8356
2647 / 8356
2648 / 8356
2649 / 8356
2650 / 8356
2651 / 8356
2652 / 8356
2653 / 8356
2654 / 8356
2655 / 8356
2656 / 8356
2657 / 8356
2658 / 8356
2659 / 8356
2660 / 8356
2661 / 8356
2662 / 8356
2663 / 8356
2664 / 8356
2665 / 8356
2666 / 8356
2667 / 8356
2668 / 8356
2669 / 8356
2670 / 8356
2671 / 8356
2672 / 8356
2673 / 8356
2674 / 8356
2675 / 8356
2676 / 8356
2677 / 8356
2678 / 8356
2679 / 8356
2680 / 8356
2681 / 8356
2682 / 8356
2683 / 8356
2684 / 8356
2685 / 8356
2686 / 8356
2687 / 8356
2688 / 8356
2689 / 8356
2690 / 8356
2691 / 8356
2692 / 8356
2693 / 8356
2694 / 8356
2695 / 8356
2696 / 8356
2697 / 8356
2698 / 8356
2699 / 8356
2700 / 8356
2701 / 8356
2702 / 8356
2703 / 8356
2704 / 8356
2705 / 8356
2706 / 8356
2707 / 8356
2708 / 8356
2709 / 8356
2710 / 8356
2711 / 8356
2712 / 8356
2713 / 8356
2714 / 8356
2715 / 8356
2716 / 8356
2717 / 8356
2718 / 8356
2719 / 8356
2720 / 8356
2721 / 8356
2722 / 8356
2723 / 8356
2724 / 8356
2725 / 8356
2726 / 8356
2727 / 8356
2728 / 8356
2729 / 8356
2730 / 8356
2731 / 8356
2732 / 8356
2733 / 8356
2734 / 8356
2735 / 8356
2736 / 8356
2737 / 8356
2738 / 8356
2739 / 8356
2740 / 8356
2741 / 8356
2742 / 8356
2743 / 8356
2744 / 8356
2745 / 8356
2746 / 8356
2747 / 8356
2748 / 8356
2749 / 8356
2750 / 8356
2751 / 8356
2752 / 8356
2753 / 8356
2754 / 8356
2755 / 8356
2756 / 8356
2757 / 8356
2758 / 8356
2759 / 8356
2760 / 8356
2761 / 8356
2762 / 8356
2763 / 8356
2764 / 8356
2765 / 8356
2766 / 8356
2767 / 8356
2768 / 8356
2769 / 8356
2770 / 8356
2771 / 8356
2772 / 8356
2773 / 8356
2774 / 8356
2775 / 8356
2776 / 8356
2777 / 8356
2778 / 8356
2779 / 8356
2780 / 8356
2781 / 8356
2782 / 8356
2783 / 8356
2784 / 8356
2785 / 8356
2786 / 8356
2787 / 8356
2788 / 8356
2789 / 8356
2790 / 8356
2791 / 8356
2792 / 8356
2793 / 8356
2794 / 8356
2795 / 8356
2796 / 8356
2797 / 8356
2798 / 8356
2799 / 8356
2800 / 8356
2801 / 8356
2802 / 8356
2803 / 8356
2804 / 8356
2805 / 8356
2806 / 8356
2807 / 8356
2808 / 8356
2809 / 8356
2810 / 8356
2811 / 8356
2812 / 8356
2813 / 8356
2814 / 8356
2815 / 8356
2816 / 8356
2817 / 8356
2818 / 8356
2819 / 8356
2820 / 8356
2821 / 8356
2822 / 8356
2823 / 8356
2824 / 8356
2825 / 8356
2826 / 8356
2827 / 8356
2828 / 8356
2829 / 8356
2830 / 8356
2831 / 8356
2832 / 8356
2833 / 8356
2834 / 8356
2835 / 8356
2836 / 8356
2837 / 8356
2838 / 8356
2839 / 8356
2840 / 8356
2841 / 8356
2842 / 8356
2843 / 8356
2844 / 8356
2845 / 8356
2846 / 8356
2847 / 8356
2848 / 8356
2849 / 8356
2850 / 8356
2851 / 8356
2852 / 8356
2853 / 8356
2854 / 8356
2855 / 8356
2856 / 8356
2857 / 8356
2858 / 8356
2859 / 8356
2860 / 8356
2861 / 8356
2862 / 8356
2863 / 8356
2864 / 8356
2865 / 8356
2866 / 8356
2867 / 8356
2868 / 8356
2869 / 8356
2870 / 8356
2871 / 8356
2872 / 8356
2873 / 8356
2874 / 8356
2875 / 8356
2876 / 8356
2877 / 8356
2878 / 8356
2879 / 8356
2880 / 8356
2881 / 8356
2882 / 8356
2883 / 8356
2884 / 8356
2885 / 8356
2886 / 8356
2887 / 8356
2888 / 8356
2889 / 8356
2890 / 8356
2891 / 8356
2892 / 8356
2893 / 8356
2894 / 8356
2895 / 8356
2896 / 8356
2897 / 8356
2898 / 8356
2899 / 8356
2900 / 8356
2901 / 8356
2902 / 8356
2903 / 8356
2904 / 8356
2905 / 8356
2906 / 8356
2907 / 8356
2908 / 8356
2909 / 8356
2910 / 8356
2911 / 8356
2912 / 8356
2913 / 8356
2914 / 8356
2915 / 8356
2916 / 8356
2917 / 8356
2918 / 8356
2919 / 8356
2920 / 8356
2921 / 8356
2922 / 8356
2923 / 8356
2924 / 8356
2925 / 8356
2926 / 8356
2927 / 8356
2928 / 8356
2929 / 8356
2930 / 8356
2931 / 8356
2932 / 8356
2933 / 8356
2934 / 8356
2935 / 8356
2936 / 8356
2937 / 8356
2938 / 8356
2939 / 8356
2940 / 8356
2941 / 8356
2942 / 8356
2943 / 8356
2944 / 8356
2945 / 8356
2946 / 8356
2947 / 8356
2948 / 8356
2949 / 8356
2950 / 8356
2951 / 8356
2952 / 8356
2953 / 8356
2954 / 8356
2955 / 8356
2956 / 8356
2957 / 8356
2958 / 8356
2959 / 8356
2960 / 8356
2961 / 8356
2962 / 8356
2963 / 8356
2964 / 8356
2965 / 8356
2966 / 8356
2967 / 8356
2968 / 8356
2969 / 8356
2970 / 8356
2971 / 8356
2972 / 8356
2973 / 8356
2974 / 8356
2975 / 8356
2976 / 8356
2977 / 8356
2978 / 8356
2979 / 8356
2980 / 8356
2981 / 8356
2982 / 8356
2983 / 8356
2984 / 8356
2985 / 8356
2986 / 8356
2987 / 8356
2988 / 8356
2989 / 8356
2990 / 8356
2991 / 8356
2992 / 8356
2993 / 8356
2994 / 8356
2995 / 8356
2996 / 8356
2997 / 8356
2998 / 8356
2999 / 8356
3000 / 8356
3001 / 8356
3002 / 8356
3003 / 8356
3004 / 8356
3005 / 8356
3006 / 8356
3007 / 8356
3008 / 8356
3009 / 8356
3010 / 8356
3011 / 8356
3012 / 8356
3013 / 8356
3014 / 8356
3015 / 8356
3016 / 8356
3017 / 8356
3018 / 8356
3019 / 8356
3020 / 8356
3021 / 8356
3022 / 8356
3023 / 8356
3024 / 8356
3025 / 8356
3026 / 8356
3027 / 8356
3028 / 8356
3029 / 8356
3030 / 8356
3031 / 8356
3032 / 8356
3033 / 8356
3034 / 8356
3035 / 8356
3036 / 8356
3037 / 8356
3038 / 8356
3039 / 8356
3040 / 8356
3041 / 8356
3042 / 8356
3043 / 8356
3044 / 8356
3045 / 8356
3046 / 8356
3047 / 8356
3048 / 8356
3049 / 8356
3050 / 8356
3051 / 8356
3052 / 8356
3053 / 8356
3054 / 8356
3055 / 8356
3056 / 8356
3057 / 8356
3058 / 8356
3059 / 8356
3060 / 8356
3061 / 8356
3062 / 8356
3063 / 8356
3064 / 8356
3065 / 8356
3066 / 8356
3067 / 8356
3068 / 8356
3069 / 8356
3070 / 8356
3071 / 8356
3072 / 8356
3073 / 8356
3074 / 8356
3075 / 8356
3076 / 8356
3077 / 8356
3078 / 8356
3079 / 8356
3080 / 8356
3081 / 8356
3082 / 8356
3083 / 8356
3084 / 8356
3085 / 8356
3086 / 8356
3087 / 8356
3088 / 8356
3089 / 8356
3090 / 8356
3091 / 8356
3092 / 8356
3093 / 8356
3094 / 8356
3095 / 8356
3096 / 8356
3097 / 8356
3098 / 8356
3099 / 8356
3100 / 8356
3101 / 8356
3102 / 8356
3103 / 8356
3104 / 8356
3105 / 8356
3106 / 8356
3107 / 8356
3108 / 8356
3109 / 8356
3110 / 8356
3111 / 8356
3112 / 8356
3113 / 8356
3114 / 8356
3115 / 8356
3116 / 8356
3117 / 8356
3118 / 8356
3119 / 8356
3120 / 8356
3121 / 8356
3122 / 8356
3123 / 8356
3124 / 8356
3125 / 8356
3126 / 8356
3127 / 8356
3128 / 8356
3129 / 8356
3130 / 8356
3131 / 8356
3132 / 8356
3133 / 8356
3134 / 8356
3135 / 8356
3136 / 8356
3137 / 8356
3138 / 8356
3139 / 8356
3140 / 8356
3141 / 8356
3142 / 8356
3143 / 8356
3144 / 8356
3145 / 8356
3146 / 8356
3147 / 8356
3148 / 8356
3149 / 8356
3150 / 8356
3151 / 8356
3152 / 8356
3153 / 8356
3154 / 8356
3155 / 8356
3156 / 8356
3157 / 8356
3158 / 8356
3159 / 8356
3160 / 8356
3161 / 8356
3162 / 8356
3163 / 8356
3164 / 8356
3165 / 8356
3166 / 8356
3167 / 8356
3168 / 8356
3169 / 8356
3170 / 8356
3171 / 8356
3172 / 8356
3173 / 8356
3174 / 8356
3175 / 8356
3176 / 8356
3177 / 8356
3178 / 8356
3179 / 8356
3180 / 8356
3181 / 8356
3182 / 8356
3183 / 8356
3184 / 8356
3185 / 8356
3186 / 8356
3187 / 8356
3188 / 8356
3189 / 8356
3190 / 8356
3191 / 8356
3192 / 8356
3193 / 8356
3194 / 8356
3195 / 8356
3196 / 8356
3197 / 8356
3198 / 8356
3199 / 8356
3200 / 8356
3201 / 8356
3202 / 8356
3203 / 8356
3204 / 8356
3205 / 8356
3206 / 8356
3207 / 8356
3208 / 8356
3209 / 8356
3210 / 8356
3211 / 8356
3212 / 8356
3213 / 8356
3214 / 8356
3215 / 8356
3216 / 8356
3217 / 8356
3218 / 8356
3219 / 8356
3220 / 8356
3221 / 8356
3222 / 8356
3223 / 8356
3224 / 8356
3225 / 8356
3226 / 8356
3227 / 8356
3228 / 8356
3229 / 8356
3230 / 8356
3231 / 8356
3232 / 8356
3233 / 8356
3234 / 8356
3235 / 8356
3236 / 8356
3237 / 8356
3238 / 8356
3239 / 8356
3240 / 8356
3241 / 8356
3242 / 8356
3243 / 8356
3244 / 8356
3245 / 8356
3246 / 8356
3247 / 8356
3248 / 8356
3249 / 8356
3250 / 8356
3251 / 8356
3252 / 8356
3253 / 8356
3254 / 8356
3255 / 8356
3256 / 8356
3257 / 8356
3258 / 8356
3259 / 8356
3260 / 8356
3261 / 8356
3262 / 8356
3263 / 8356
3264 / 8356
3265 / 8356
3266 / 8356
3267 / 8356
3268 / 8356
3269 / 8356
3270 / 8356
3271 / 8356
3272 / 8356
3273 / 8356
3274 / 8356
3275 / 8356
3276 / 8356
3277 / 8356
3278 / 8356
3279 / 8356
3280 / 8356
3281 / 8356
3282 / 8356
3283 / 8356
3284 / 8356
3285 / 8356
3286 / 8356
3287 / 8356
3288 / 8356
3289 / 8356
3290 / 8356
3291 / 8356
3292 / 8356
3293 / 8356
3294 / 8356
3295 / 8356
3296 / 8356
3297 / 8356
3298 / 8356
3299 / 8356
3300 / 8356
3301 / 8356
3302 / 8356
3303 / 8356
3304 / 8356
3305 / 8356
3306 / 8356
3307 / 8356
3308 / 8356
3309 / 8356
3310 / 8356
3311 / 8356
3312 / 8356
3313 / 8356
3314 / 8356
3315 / 8356
3316 / 8356
3317 / 8356
3318 / 8356
3319 / 8356
3320 / 8356
3321 / 8356
3322 / 8356
3323 / 8356
3324 / 8356
3325 / 8356
3326 / 8356
3327 / 8356
3328 / 8356
3329 / 8356
3330 / 8356
3331 / 8356
3332 / 8356
3333 / 8356
3334 / 8356
3335 / 8356
3336 / 8356
3337 / 8356
3338 / 8356
3339 / 8356
3340 / 8356
3341 / 8356
3342 / 8356
3343 / 8356
3344 / 8356
3345 / 8356
3346 / 8356
3347 / 8356
3348 / 8356
3349 / 8356
3350 / 8356
3351 / 8356
3352 / 8356
3353 / 8356
3354 / 8356
3355 / 8356
3356 / 8356
3357 / 8356
3358 / 8356
3359 / 8356
3360 / 8356
3361 / 8356
3362 / 8356
3363 / 8356
3364 / 8356
3365 / 8356
3366 / 8356
3367 / 8356
3368 / 8356
3369 / 8356
3370 / 8356
3371 / 8356
3372 / 8356
3373 / 8356
3374 / 8356
3375 / 8356
3376 / 8356
3377 / 8356
3378 / 8356
3379 / 8356
3380 / 8356
3381 / 8356
3382 / 8356
3383 / 8356
3384 / 8356
3385 / 8356
3386 / 8356
3387 / 8356
3388 / 8356
3389 / 8356
3390 / 8356
3391 / 8356
3392 / 8356
3393 / 8356
3394 / 8356
3395 / 8356
3396 / 8356
3397 / 8356
3398 / 8356
3399 / 8356
3400 / 8356
3401 / 8356
3402 / 8356
3403 / 8356
3404 / 8356
3405 / 8356
3406 / 8356
3407 / 8356
3408 / 8356
3409 / 8356
3410 / 8356
3411 / 8356
3412 / 8356
3413 / 8356
3414 / 8356
3415 / 8356
3416 / 8356
3417 / 8356
3418 / 8356
3419 / 8356
3420 / 8356
3421 / 8356
3422 / 8356
3423 / 8356
3424 / 8356
3425 / 8356
3426 / 8356
3427 / 8356
3428 / 8356
3429 / 8356
3430 / 8356
3431 / 8356
3432 / 8356
3433 / 8356
3434 / 8356
3435 / 8356
3436 / 8356
3437 / 8356
3438 / 8356
3439 / 8356
3440 / 8356
3441 / 8356
3442 / 8356
3443 / 8356
3444 / 8356
3445 / 8356
3446 / 8356
3447 / 8356
3448 / 8356
3449 / 8356
3450 / 8356
3451 / 8356
3452 / 8356
3453 / 8356
3454 / 8356
3455 / 8356
3456 / 8356
3457 / 8356
3458 / 8356
3459 / 8356
3460 / 8356
3461 / 8356
3462 / 8356
3463 / 8356
3464 / 8356
3465 / 8356
3466 / 8356
3467 / 8356
3468 / 8356
3469 / 8356
3470 / 8356
3471 / 8356
3472 / 8356
3473 / 8356
3474 / 8356
3475 / 8356
3476 / 8356
3477 / 8356
3478 / 8356
3479 / 8356
3480 / 8356
3481 / 8356
3482 / 8356
3483 / 8356
3484 / 8356
3485 / 8356
3486 / 8356
3487 / 8356
3488 / 8356
3489 / 8356
3490 / 8356
3491 / 8356
3492 / 8356
3493 / 8356
3494 / 8356
3495 / 8356
3496 / 8356
3497 / 8356
3498 / 8356
3499 / 8356
3500 / 8356
3501 / 8356
3502 / 8356
3503 / 8356
3504 / 8356
3505 / 8356
3506 / 8356
3507 / 8356
3508 / 8356
3509 / 8356
3510 / 8356
3511 / 8356
3512 / 8356
3513 / 8356
3514 / 8356
3515 / 8356
3516 / 8356
3517 / 8356
3518 / 8356
3519 / 8356
3520 / 8356
3521 / 8356
3522 / 8356
3523 / 8356
3524 / 8356
3525 / 8356
3526 / 8356
3527 / 8356
3528 / 8356
3529 / 8356
3530 / 8356
3531 / 8356
3532 / 8356
3533 / 8356
3534 / 8356
3535 / 8356
3536 / 8356
3537 / 8356
3538 / 8356
3539 / 8356
3540 / 8356
3541 / 8356
3542 / 8356
3543 / 8356
3544 / 8356
3545 / 8356
3546 / 8356
3547 / 8356
3548 / 8356
3549 / 8356
3550 / 8356
3551 / 8356
3552 / 8356
3553 / 8356
3554 / 8356
3555 / 8356
3556 / 8356
3557 / 8356
3558 / 8356
3559 / 8356
3560 / 8356
3561 / 8356
3562 / 8356
3563 / 8356
3564 / 8356
3565 / 8356
3566 / 8356
3567 / 8356
3568 / 8356
3569 / 8356
3570 / 8356
3571 / 8356
3572 / 8356
3573 / 8356
3574 / 8356
3575 / 8356
3576 / 8356
3577 / 8356
3578 / 8356
3579 / 8356
3580 / 8356
3581 / 8356
3582 / 8356
3583 / 8356
3584 / 8356
3585 / 8356
3586 / 8356
3587 / 8356
3588 / 8356
3589 / 8356
3590 / 8356
3591 / 8356
3592 / 8356
3593 / 8356
3594 / 8356
3595 / 8356
3596 / 8356
3597 / 8356
3598 / 8356
3599 / 8356
3600 / 8356
3601 / 8356
3602 / 8356
3603 / 8356
3604 / 8356
3605 / 8356
3606 / 8356
3607 / 8356
3608 / 8356
3609 / 8356
3610 / 8356
3611 / 8356
3612 / 8356
3613 / 8356
3614 / 8356
3615 / 8356
3616 / 8356
3617 / 8356
3618 / 8356
3619 / 8356
3620 / 8356
3621 / 8356
3622 / 8356
3623 / 8356
3624 / 8356
3625 / 8356
3626 / 8356
3627 / 8356
3628 / 8356
3629 / 8356
3630 / 8356
3631 / 8356
3632 / 8356
3633 / 8356
3634 / 8356
3635 / 8356
3636 / 8356
3637 / 8356
3638 / 8356
3639 / 8356
3640 / 8356
3641 / 8356
3642 / 8356
3643 / 8356
3644 / 8356
3645 / 8356
3646 / 8356
3647 / 8356
3648 / 8356
3649 / 8356
3650 / 8356
3651 / 8356
3652 / 8356
3653 / 8356
3654 / 8356
3655 / 8356
3656 / 8356
3657 / 8356
3658 / 8356
3659 / 8356
3660 / 8356
3661 / 8356
3662 / 8356
3663 / 8356
3664 / 8356
3665 / 8356
3666 / 8356
3667 / 8356
3668 / 8356
3669 / 8356
3670 / 8356
3671 / 8356
3672 / 8356
3673 / 8356
3674 / 8356
3675 / 8356
3676 / 8356
3677 / 8356
3678 / 8356
3679 / 8356
3680 / 8356
3681 / 8356
3682 / 8356
3683 / 8356
3684 / 8356
3685 / 8356
3686 / 8356
3687 / 8356
3688 / 8356
3689 / 8356
3690 / 8356
3691 / 8356
3692 / 8356
3693 / 8356
3694 / 8356
3695 / 8356
3696 / 8356
3697 / 8356
3698 / 8356
3699 / 8356
3700 / 8356
3701 / 8356
3702 / 8356
3703 / 8356
3704 / 8356
3705 / 8356
3706 / 8356
3707 / 8356
3708 / 8356
3709 / 8356
3710 / 8356
3711 / 8356
3712 / 8356
3713 / 8356
3714 / 8356
3715 / 8356
3716 / 8356
3717 / 8356
3718 / 8356
3719 / 8356
3720 / 8356
3721 / 8356
3722 / 8356
3723 / 8356
3724 / 8356
3725 / 8356
3726 / 8356
3727 / 8356
3728 / 8356
3729 / 8356
3730 / 8356
3731 / 8356
3732 / 8356
3733 / 8356
3734 / 8356
3735 / 8356
3736 / 8356
3737 / 8356
3738 / 8356
3739 / 8356
3740 / 8356
3741 / 8356
3742 / 8356
3743 / 8356
3744 / 8356
3745 / 8356
3746 / 8356
3747 / 8356
3748 / 8356
3749 / 8356
3750 / 8356
3751 / 8356
3752 / 8356
3753 / 8356
3754 / 8356
3755 / 8356
3756 / 8356
3757 / 8356
3758 / 8356
3759 / 8356
3760 / 8356
3761 / 8356
3762 / 8356
3763 / 8356
3764 / 8356
3765 / 8356
3766 / 8356
3767 / 8356
3768 / 8356
3769 / 8356
3770 / 8356
3771 / 8356
3772 / 8356
3773 / 8356
3774 / 8356
3775 / 8356
3776 / 8356
3777 / 8356
3778 / 8356
3779 / 8356
3780 / 8356
3781 / 8356
3782 / 8356
3783 / 8356
3784 / 8356
3785 / 8356
3786 / 8356
3787 / 8356
3788 / 8356
3789 / 8356
3790 / 8356
3791 / 8356
3792 / 8356
3793 / 8356
3794 / 8356
3795 / 8356
3796 / 8356
3797 / 8356
3798 / 8356
3799 / 8356
3800 / 8356
3801 / 8356
3802 / 8356
3803 / 8356
3804 / 8356
3805 / 8356
3806 / 8356
3807 / 8356
3808 / 8356
3809 / 8356
3810 / 8356
3811 / 8356
3812 / 8356
3813 / 8356
3814 / 8356
3815 / 8356
3816 / 8356
3817 / 8356
3818 / 8356
3819 / 8356
3820 / 8356
3821 / 8356
3822 / 8356
3823 / 8356
3824 / 8356
3825 / 8356
3826 / 8356
3827 / 8356
3828 / 8356
3829 / 8356
3830 / 8356
3831 / 8356
3832 / 8356
3833 / 8356
3834 / 8356
3835 / 8356
3836 / 8356
3837 / 8356
3838 / 8356
3839 / 8356
3840 / 8356
3841 / 8356
3842 / 8356
3843 / 8356
3844 / 8356
3845 / 8356
3846 / 8356
3847 / 8356
3848 / 8356
3849 / 8356
3850 / 8356
3851 / 8356
3852 / 8356
3853 / 8356
3854 / 8356
3855 / 8356
3856 / 8356
3857 / 8356
3858 / 8356
3859 / 8356
3860 / 8356
3861 / 8356
3862 / 8356
3863 / 8356
3864 / 8356
3865 / 8356
3866 / 8356
3867 / 8356
3868 / 8356
3869 / 8356
3870 / 8356
3871 / 8356
3872 / 8356
3873 / 8356
3874 / 8356
3875 / 8356
3876 / 8356
3877 / 8356
3878 / 8356
3879 / 8356
3880 / 8356
3881 / 8356
3882 / 8356
3883 / 8356
3884 / 8356
3885 / 8356
3886 / 8356
3887 / 8356
3888 / 8356
3889 / 8356
3890 / 8356
3891 / 8356
3892 / 8356
3893 / 8356
3894 / 8356
3895 / 8356
3896 / 8356
3897 / 8356
3898 / 8356
3899 / 8356
3900 / 8356
3901 / 8356
3902 / 8356
3903 / 8356
3904 / 8356
3905 / 8356
3906 / 8356
3907 / 8356
3908 / 8356
3909 / 8356
3910 / 8356
3911 / 8356
3912 / 8356
3913 / 8356
3914 / 8356
3915 / 8356
3916 / 8356
3917 / 8356
3918 / 8356
3919 / 8356
3920 / 8356
3921 / 8356
3922 / 8356
3923 / 8356
3924 / 8356
3925 / 8356
3926 / 8356
3927 / 8356
3928 / 8356
3929 / 8356
3930 / 8356
3931 / 8356
3932 / 8356
3933 / 8356
3934 / 8356
3935 / 8356
3936 / 8356
3937 / 8356
3938 / 8356
3939 / 8356
3940 / 8356
3941 / 8356
3942 / 8356
3943 / 8356
3944 / 8356
3945 / 8356
3946 / 8356
3947 / 8356
3948 / 8356
3949 / 8356
3950 / 8356
3951 / 8356
3952 / 8356
3953 / 8356
3954 / 8356
3955 / 8356
3956 / 8356
3957 / 8356
3958 / 8356
3959 / 8356
3960 / 8356
3961 / 8356
3962 / 8356
3963 / 8356
3964 / 8356
3965 / 8356
3966 / 8356
3967 / 8356
3968 / 8356
3969 / 8356
3970 / 8356
3971 / 8356
3972 / 8356
3973 / 8356
3974 / 8356
3975 / 8356
3976 / 8356
3977 / 8356
3978 / 8356
3979 / 8356
3980 / 8356
3981 / 8356
3982 / 8356
3983 / 8356
3984 / 8356
3985 / 8356
3986 / 8356
3987 / 8356
3988 / 8356
3989 / 8356
3990 / 8356
3991 / 8356
3992 / 8356
3993 / 8356
3994 / 8356
3995 / 8356
3996 / 8356
3997 / 8356
3998 / 8356
3999 / 8356
4000 / 8356
4001 / 8356
4002 / 8356
4003 / 8356
4004 / 8356
4005 / 8356
4006 / 8356
4007 / 8356
4008 / 8356
4009 / 8356
4010 / 8356
4011 / 8356
4012 / 8356
4013 / 8356
4014 / 8356
4015 / 8356
4016 / 8356
4017 / 8356
4018 / 8356
4019 / 8356
4020 / 8356
4021 / 8356
4022 / 8356
4023 / 8356
4024 / 8356
4025 / 8356
4026 / 8356
4027 / 8356
4028 / 8356
4029 / 8356
4030 / 8356
4031 / 8356
4032 / 8356
4033 / 8356
4034 / 8356
4035 / 8356
4036 / 8356
4037 / 8356
4038 / 8356
4039 / 8356
4040 / 8356
4041 / 8356
4042 / 8356
4043 / 8356
4044 / 8356
4045 / 8356
4046 / 8356
4047 / 8356
4048 / 8356
4049 / 8356
4050 / 8356
4051 / 8356
4052 / 8356
4053 / 8356
4054 / 8356
4055 / 8356
4056 / 8356
4057 / 8356
4058 / 8356
4059 / 8356
4060 / 8356
4061 / 8356
4062 / 8356
4063 / 8356
4064 / 8356
4065 / 8356
4066 / 8356
4067 / 8356
4068 / 8356
4069 / 8356
4070 / 8356
4071 / 8356
4072 / 8356
4073 / 8356
4074 / 8356
4075 / 8356
4076 / 8356
4077 / 8356
4078 / 8356
4079 / 8356
4080 / 8356
4081 / 8356
4082 / 8356
4083 / 8356
4084 / 8356
4085 / 8356
4086 / 8356
4087 / 8356
4088 / 8356
4089 / 8356
4090 / 8356
4091 / 8356
4092 / 8356
4093 / 8356
4094 / 8356
4095 / 8356
4096 / 8356
4097 / 8356
4098 / 8356
4099 / 8356
4100 / 8356
4101 / 8356
4102 / 8356
4103 / 8356
4104 / 8356
4105 / 8356
4106 / 8356
4107 / 8356
4108 / 8356
4109 / 8356
4110 / 8356
4111 / 8356
4112 / 8356
4113 / 8356
4114 / 8356
4115 / 8356
4116 / 8356
4117 / 8356
4118 / 8356
4119 / 8356
4120 / 8356
4121 / 8356
4122 / 8356
4123 / 8356
4124 / 8356
4125 / 8356
4126 / 8356
4127 / 8356
4128 / 8356
4129 / 8356
4130 / 8356
4131 / 8356
4132 / 8356
4133 / 8356
4134 / 8356
4135 / 8356
4136 / 8356
4137 / 8356
4138 / 8356
4139 / 8356
4140 / 8356
4141 / 8356
4142 / 8356
4143 / 8356
4144 / 8356
4145 / 8356
4146 / 8356
4147 / 8356
4148 / 8356
4149 / 8356
4150 / 8356
4151 / 8356
4152 / 8356
4153 / 8356
4154 / 8356
4155 / 8356
4156 / 8356
4157 / 8356
4158 / 8356
4159 / 8356
4160 / 8356
4161 / 8356
4162 / 8356
4163 / 8356
4164 / 8356
4165 / 8356
4166 / 8356
4167 / 8356
4168 / 8356
4169 / 8356
4170 / 8356
4171 / 8356
4172 / 8356
4173 / 8356
4174 / 8356
4175 / 8356
4176 / 8356
4177 / 8356
4178 / 8356
4179 / 8356
4180 / 8356
4181 / 8356
4182 / 8356
4183 / 8356
4184 / 8356
4185 / 8356
4186 / 8356
4187 / 8356
4188 / 8356
4189 / 8356
4190 / 8356
4191 / 8356
4192 / 8356
4193 / 8356
4194 / 8356
4195 / 8356
4196 / 8356
4197 / 8356
4198 / 8356
4199 / 8356
4200 / 8356
4201 / 8356
4202 / 8356
4203 / 8356
4204 / 8356
4205 / 8356
4206 / 8356
4207 / 8356
4208 / 8356
4209 / 8356
4210 / 8356
4211 / 8356
4212 / 8356
4213 / 8356
4214 / 8356
4215 / 8356
4216 / 8356
4217 / 8356
4218 / 8356
4219 / 8356
4220 / 8356
4221 / 8356
4222 / 8356
4223 / 8356
4224 / 8356
4225 / 8356
4226 / 8356
4227 / 8356
4228 / 8356
4229 / 8356
4230 / 8356
4231 / 8356
4232 / 8356
4233 / 8356
4234 / 8356
4235 / 8356
4236 / 8356
4237 / 8356
4238 / 8356
4239 / 8356
4240 / 8356
4241 / 8356
4242 / 8356
4243 / 8356
4244 / 8356
4245 / 8356
4246 / 8356
4247 / 8356
4248 / 8356
4249 / 8356
4250 / 8356
4251 / 8356
4252 / 8356
4253 / 8356
4254 / 8356
4255 / 8356
4256 / 8356
4257 / 8356
4258 / 8356
4259 / 8356
4260 / 8356
4261 / 8356
4262 / 8356
4263 / 8356
4264 / 8356
4265 / 8356
4266 / 8356
4267 / 8356
4268 / 8356
4269 / 8356
4270 / 8356
4271 / 8356
4272 / 8356
4273 / 8356
4274 / 8356
4275 / 8356
4276 / 8356
4277 / 8356
4278 / 8356
4279 / 8356
4280 / 8356
4281 / 8356
4282 / 8356
4283 / 8356
4284 / 8356
4285 / 8356
4286 / 8356
4287 / 8356
4288 / 8356
4289 / 8356
4290 / 8356
4291 / 8356
4292 / 8356
4293 / 8356
4294 / 8356
4295 / 8356
4296 / 8356
4297 / 8356
4298 / 8356
4299 / 8356
4300 / 8356
4301 / 8356
4302 / 8356
4303 / 8356
4304 / 8356
4305 / 8356
4306 / 8356
4307 / 8356
4308 / 8356
4309 / 8356
4310 / 8356
4311 / 8356
4312 / 8356
4313 / 8356
4314 / 8356
4315 / 8356
4316 / 8356
4317 / 8356
4318 / 8356
4319 / 8356
4320 / 8356
4321 / 8356
4322 / 8356
4323 / 8356
4324 / 8356
4325 / 8356
4326 / 8356
4327 / 8356
4328 / 8356
4329 / 8356
4330 / 8356
4331 / 8356
4332 / 8356
4333 / 8356
4334 / 8356
4335 / 8356
4336 / 8356
4337 / 8356
4338 / 8356
4339 / 8356
4340 / 8356
4341 / 8356
4342 / 8356
4343 / 8356
4344 / 8356
4345 / 8356
4346 / 8356
4347 / 8356
4348 / 8356
4349 / 8356
4350 / 8356
4351 / 8356
4352 / 8356
4353 / 8356
4354 / 8356
4355 / 8356
4356 / 8356
4357 / 8356
4358 / 8356
4359 / 8356
4360 / 8356
4361 / 8356
4362 / 8356
4363 / 8356
4364 / 8356
4365 / 8356
4366 / 8356
4367 / 8356
4368 / 8356
4369 / 8356
4370 / 8356
4371 / 8356
4372 / 8356
4373 / 8356
4374 / 8356
4375 / 8356
4376 / 8356
4377 / 8356
4378 / 8356
4379 / 8356
4380 / 8356
4381 / 8356
4382 / 8356
4383 / 8356
4384 / 8356
4385 / 8356
4386 / 8356
4387 / 8356
4388 / 8356
4389 / 8356
4390 / 8356
4391 / 8356
4392 / 8356
4393 / 8356
4394 / 8356
4395 / 8356
4396 / 8356
4397 / 8356
4398 / 8356
4399 / 8356
4400 / 8356
4401 / 8356
4402 / 8356
4403 / 8356
4404 / 8356
4405 / 8356
4406 / 8356
4407 / 8356
4408 / 8356
4409 / 8356
4410 / 8356
4411 / 8356
4412 / 8356
4413 / 8356
4414 / 8356
4415 / 8356
4416 / 8356
4417 / 8356
4418 / 8356
4419 / 8356
4420 / 8356
4421 / 8356
4422 / 8356
4423 / 8356
4424 / 8356
4425 / 8356
4426 / 8356
4427 / 8356
4428 / 8356
4429 / 8356
4430 / 8356
4431 / 8356
4432 / 8356
4433 / 8356
4434 / 8356
4435 / 8356
4436 / 8356
4437 / 8356
4438 / 8356
4439 / 8356
4440 / 8356
4441 / 8356
4442 / 8356
4443 / 8356
4444 / 8356
4445 / 8356
4446 / 8356
4447 / 8356
4448 / 8356
4449 / 8356
4450 / 8356
4451 / 8356
4452 / 8356
4453 / 8356
4454 / 8356
4455 / 8356
4456 / 8356
4457 / 8356
4458 / 8356
4459 / 8356
4460 / 8356
4461 / 8356
4462 / 8356
4463 / 8356
4464 / 8356
4465 / 8356
4466 / 8356
4467 / 8356
4468 / 8356
4469 / 8356
4470 / 8356
4471 / 8356
4472 / 8356
4473 / 8356
4474 / 8356
4475 / 8356
4476 / 8356
4477 / 8356
4478 / 8356
4479 / 8356
4480 / 8356
4481 / 8356
4482 / 8356
4483 / 8356
4484 / 8356
4485 / 8356
4486 / 8356
4487 / 8356
4488 / 8356
4489 / 8356
4490 / 8356
4491 / 8356
4492 / 8356
4493 / 8356
4494 / 8356
4495 / 8356
4496 / 8356
4497 / 8356
4498 / 8356
4499 / 8356
4500 / 8356
4501 / 8356
4502 / 8356
4503 / 8356
4504 / 8356
4505 / 8356
4506 / 8356
4507 / 8356
4508 / 8356
4509 / 8356
4510 / 8356
4511 / 8356
4512 / 8356
4513 / 8356
4514 / 8356
4515 / 8356
4516 / 8356
4517 / 8356
4518 / 8356
4519 / 8356
4520 / 8356
4521 / 8356
4522 / 8356
4523 / 8356
4524 / 8356
4525 / 8356
4526 / 8356
4527 / 8356
4528 / 8356
4529 / 8356
4530 / 8356
4531 / 8356
4532 / 8356
4533 / 8356
4534 / 8356
4535 / 8356
4536 / 8356
4537 / 8356
4538 / 8356
4539 / 8356
4540 / 8356
4541 / 8356
4542 / 8356
4543 / 8356
4544 / 8356
4545 / 8356
4546 / 8356
4547 / 8356
4548 / 8356
4549 / 8356
4550 / 8356
4551 / 8356
4552 / 8356
4553 / 8356
4554 / 8356
4555 / 8356
4556 / 8356
4557 / 8356
4558 / 8356
4559 / 8356
4560 / 8356
4561 / 8356
4562 / 8356
4563 / 8356
4564 / 8356
4565 / 8356
4566 / 8356
4567 / 8356
4568 / 8356
4569 / 8356
4570 / 8356
4571 / 8356
4572 / 8356
4573 / 8356
4574 / 8356
4575 / 8356
4576 / 8356
4577 / 8356
4578 / 8356
4579 / 8356
4580 / 8356
4581 / 8356
4582 / 8356
4583 / 8356
4584 / 8356
4585 / 8356
4586 / 8356
4587 / 8356
4588 / 8356
4589 / 8356
4590 / 8356
4591 / 8356
4592 / 8356
4593 / 8356
4594 / 8356
4595 / 8356
4596 / 8356
4597 / 8356
4598 / 8356
4599 / 8356
4600 / 8356
4601 / 8356
4602 / 8356
4603 / 8356
4604 / 8356
4605 / 8356
4606 / 8356
4607 / 8356
4608 / 8356
4609 / 8356
4610 / 8356
4611 / 8356
4612 / 8356
4613 / 8356
4614 / 8356
4615 / 8356
4616 / 8356
4617 / 8356
4618 / 8356
4619 / 8356
4620 / 8356
4621 / 8356
4622 / 8356
4623 / 8356
4624 / 8356
4625 / 8356
4626 / 8356
4627 / 8356
4628 / 8356
4629 / 8356
4630 / 8356
4631 / 8356
4632 / 8356
4633 / 8356
4634 / 8356
4635 / 8356
4636 / 8356
4637 / 8356
4638 / 8356
4639 / 8356
4640 / 8356
4641 / 8356
4642 / 8356
4643 / 8356
4644 / 8356
4645 / 8356
4646 / 8356
4647 / 8356
4648 / 8356
4649 / 8356
4650 / 8356
4651 / 8356
4652 / 8356
4653 / 8356
4654 / 8356
4655 / 8356
4656 / 8356
4657 / 8356
4658 / 8356
4659 / 8356
4660 / 8356
4661 / 8356
4662 / 8356
4663 / 8356
4664 / 8356
4665 / 8356
4666 / 8356
4667 / 8356
4668 / 8356
4669 / 8356
4670 / 8356
4671 / 8356
4672 / 8356
4673 / 8356
4674 / 8356
4675 / 8356
4676 / 8356
4677 / 8356
4678 / 8356
4679 / 8356
4680 / 8356
4681 / 8356
4682 / 8356
4683 / 8356
4684 / 8356
4685 / 8356
4686 / 8356
4687 / 8356
4688 / 8356
4689 / 8356
4690 / 8356
4691 / 8356
4692 / 8356
4693 / 8356
4694 / 8356
4695 / 8356
4696 / 8356
4697 / 8356
4698 / 8356
4699 / 8356
4700 / 8356
4701 / 8356
4702 / 8356
4703 / 8356
4704 / 8356
4705 / 8356
4706 / 8356
4707 / 8356
4708 / 8356
4709 / 8356
4710 / 8356
4711 / 8356
4712 / 8356
4713 / 8356
4714 / 8356
4715 / 8356
4716 / 8356
4717 / 8356
4718 / 8356
4719 / 8356
4720 / 8356
4721 / 8356
4722 / 8356
4723 / 8356
4724 / 8356
4725 / 8356
4726 / 8356
4727 / 8356
4728 / 8356
4729 / 8356
4730 / 8356
4731 / 8356
4732 / 8356
4733 / 8356
4734 / 8356
4735 / 8356
4736 / 8356
4737 / 8356
4738 / 8356
4739 / 8356
4740 / 8356
4741 / 8356
4742 / 8356
4743 / 8356
4744 / 8356
4745 / 8356
4746 / 8356
4747 / 8356
4748 / 8356
4749 / 8356
4750 / 8356
4751 / 8356
4752 / 8356
4753 / 8356
4754 / 8356
4755 / 8356
4756 / 8356
4757 / 8356
4758 / 8356
4759 / 8356
4760 / 8356
4761 / 8356
4762 / 8356
4763 / 8356
4764 / 8356
4765 / 8356
4766 / 8356
4767 / 8356
4768 / 8356
4769 / 8356
4770 / 8356
4771 / 8356
4772 / 8356
4773 / 8356
4774 / 8356
4775 / 8356
4776 / 8356
4777 / 8356
4778 / 8356
4779 / 8356
4780 / 8356
4781 / 8356
4782 / 8356
4783 / 8356
4784 / 8356
4785 / 8356
4786 / 8356
4787 / 8356
4788 / 8356
4789 / 8356
4790 / 8356
4791 / 8356
4792 / 8356
4793 / 8356
4794 / 8356
4795 / 8356
4796 / 8356
4797 / 8356
4798 / 8356
4799 / 8356
4800 / 8356
4801 / 8356
4802 / 8356
4803 / 8356
4804 / 8356
4805 / 8356
4806 / 8356
4807 / 8356
4808 / 8356
4809 / 8356
4810 / 8356
4811 / 8356
4812 / 8356
4813 / 8356
4814 / 8356
4815 / 8356
4816 / 8356
4817 / 8356
4818 / 8356
4819 / 8356
4820 / 8356
4821 / 8356
4822 / 8356
4823 / 8356
4824 / 8356
4825 / 8356
4826 / 8356
4827 / 8356
4828 / 8356
4829 / 8356
4830 / 8356
4831 / 8356
4832 / 8356
4833 / 8356
4834 / 8356
4835 / 8356
4836 / 8356
4837 / 8356
4838 / 8356
4839 / 8356
4840 / 8356
4841 / 8356
4842 / 8356
4843 / 8356
4844 / 8356
4845 / 8356
4846 / 8356
4847 / 8356
4848 / 8356
4849 / 8356
4850 / 8356
4851 / 8356
4852 / 8356
4853 / 8356
4854 / 8356
4855 / 8356
4856 / 8356
4857 / 8356
4858 / 8356
4859 / 8356
4860 / 8356
4861 / 8356
4862 / 8356
4863 / 8356
4864 / 8356
4865 / 8356
4866 / 8356
4867 / 8356
4868 / 8356
4869 / 8356
4870 / 8356
4871 / 8356
4872 / 8356
4873 / 8356
4874 / 8356
4875 / 8356
4876 / 8356
4877 / 8356
4878 / 8356
4879 / 8356
4880 / 8356
4881 / 8356
4882 / 8356
4883 / 8356
4884 / 8356
4885 / 8356
4886 / 8356
4887 / 8356
4888 / 8356
4889 / 8356
4890 / 8356
4891 / 8356
4892 / 8356
4893 / 8356
4894 / 8356
4895 / 8356
4896 / 8356
4897 / 8356
4898 / 8356
4899 / 8356
4900 / 8356
4901 / 8356
4902 / 8356
4903 / 8356
4904 / 8356
4905 / 8356
4906 / 8356
4907 / 8356
4908 / 8356
4909 / 8356
4910 / 8356
4911 / 8356
4912 / 8356
4913 / 8356
4914 / 8356
4915 / 8356
4916 / 8356
4917 / 8356
4918 / 8356
4919 / 8356
4920 / 8356
4921 / 8356
4922 / 8356
4923 / 8356
4924 / 8356
4925 / 8356
4926 / 8356
4927 / 8356
4928 / 8356
4929 / 8356
4930 / 8356
4931 / 8356
4932 / 8356
4933 / 8356
4934 / 8356
4935 / 8356
4936 / 8356
4937 / 8356
4938 / 8356
4939 / 8356
4940 / 8356
4941 / 8356
4942 / 8356
4943 / 8356
4944 / 8356
4945 / 8356
4946 / 8356
4947 / 8356
4948 / 8356
4949 / 8356
4950 / 8356
4951 / 8356
4952 / 8356
4953 / 8356
4954 / 8356
4955 / 8356
4956 / 8356
4957 / 8356
4958 / 8356
4959 / 8356
4960 / 8356
4961 / 8356
4962 / 8356
4963 / 8356
4964 / 8356
4965 / 8356
4966 / 8356
4967 / 8356
4968 / 8356
4969 / 8356
4970 / 8356
4971 / 8356
4972 / 8356
4973 / 8356
4974 / 8356
4975 / 8356
4976 / 8356
4977 / 8356
4978 / 8356
4979 / 8356
4980 / 8356
4981 / 8356
4982 / 8356
4983 / 8356
4984 / 8356
4985 / 8356
4986 / 8356
4987 / 8356
4988 / 8356
4989 / 8356
4990 / 8356
4991 / 8356
4992 / 8356
4993 / 8356
4994 / 8356
4995 / 8356
4996 / 8356
4997 / 8356
4998 / 8356
4999 / 8356
5000 / 8356
5001 / 8356
5002 / 8356
5003 / 8356
5004 / 8356
5005 / 8356
5006 / 8356
5007 / 8356
5008 / 8356
5009 / 8356
5010 / 8356
5011 / 8356
5012 / 8356
5013 / 8356
5014 / 8356
5015 / 8356
5016 / 8356
5017 / 8356
5018 / 8356
5019 / 8356
5020 / 8356
5021 / 8356
5022 / 8356
5023 / 8356
5024 / 8356
5025 / 8356
5026 / 8356
5027 / 8356
5028 / 8356
5029 / 8356
5030 / 8356
5031 / 8356
5032 / 8356
5033 / 8356
5034 / 8356
5035 / 8356
5036 / 8356
5037 / 8356
5038 / 8356
5039 / 8356
5040 / 8356
5041 / 8356
5042 / 8356
5043 / 8356
5044 / 8356
5045 / 8356
5046 / 8356
5047 / 8356
5048 / 8356
5049 / 8356
5050 / 8356
5051 / 8356
5052 / 8356
5053 / 8356
5054 / 8356
5055 / 8356
5056 / 8356
5057 / 8356
5058 / 8356
5059 / 8356
5060 / 8356
5061 / 8356
5062 / 8356
5063 / 8356
5064 / 8356
5065 / 8356
5066 / 8356
5067 / 8356
5068 / 8356
5069 / 8356
5070 / 8356
5071 / 8356
5072 / 8356
5073 / 8356
5074 / 8356
5075 / 8356
5076 / 8356
5077 / 8356
5078 / 8356
5079 / 8356
5080 / 8356
5081 / 8356
5082 / 8356
5083 / 8356
5084 / 8356
5085 / 8356
5086 / 8356
5087 / 8356
5088 / 8356
5089 / 8356
5090 / 8356
5091 / 8356
5092 / 8356
5093 / 8356
5094 / 8356
5095 / 8356
5096 / 8356
5097 / 8356
5098 / 8356
5099 / 8356
5100 / 8356
5101 / 8356
5102 / 8356
5103 / 8356
5104 / 8356
5105 / 8356
5106 / 8356
5107 / 8356
5108 / 8356
5109 / 8356
5110 / 8356
5111 / 8356
5112 / 8356
5113 / 8356
5114 / 8356
5115 / 8356
5116 / 8356
5117 / 8356
5118 / 8356
5119 / 8356
5120 / 8356
5121 / 8356
5122 / 8356
5123 / 8356
5124 / 8356
5125 / 8356
5126 / 8356
5127 / 8356
5128 / 8356
5129 / 8356
5130 / 8356
5131 / 8356
5132 / 8356
5133 / 8356
5134 / 8356
5135 / 8356
5136 / 8356
5137 / 8356
5138 / 8356
5139 / 8356
5140 / 8356
5141 / 8356
5142 / 8356
5143 / 8356
5144 / 8356
5145 / 8356
5146 / 8356
5147 / 8356
5148 / 8356
5149 / 8356
5150 / 8356
5151 / 8356
5152 / 8356
5153 / 8356
5154 / 8356
5155 / 8356
5156 / 8356
5157 / 8356
5158 / 8356
5159 / 8356
5160 / 8356
5161 / 8356
5162 / 8356
5163 / 8356
5164 / 8356
5165 / 8356
5166 / 8356
5167 / 8356
5168 / 8356
5169 / 8356
5170 / 8356
5171 / 8356
5172 / 8356
5173 / 8356
5174 / 8356
5175 / 8356
5176 / 8356
5177 / 8356
5178 / 8356
5179 / 8356
5180 / 8356
5181 / 8356
5182 / 8356
5183 / 8356
5184 / 8356
5185 / 8356
5186 / 8356
5187 / 8356
5188 / 8356
5189 / 8356
5190 / 8356
5191 / 8356
5192 / 8356
5193 / 8356
5194 / 8356
5195 / 8356
5196 / 8356
5197 / 8356
5198 / 8356
5199 / 8356
5200 / 8356
5201 / 8356
5202 / 8356
5203 / 8356
5204 / 8356
5205 / 8356
5206 / 8356
5207 / 8356
5208 / 8356
5209 / 8356
5210 / 8356
5211 / 8356
5212 / 8356
5213 / 8356
5214 / 8356
5215 / 8356
5216 / 8356
5217 / 8356
5218 / 8356
5219 / 8356
5220 / 8356
5221 / 8356
5222 / 8356
5223 / 8356
5224 / 8356
5225 / 8356
5226 / 8356
5227 / 8356
5228 / 8356
5229 / 8356
5230 / 8356
5231 / 8356
5232 / 8356
5233 / 8356
5234 / 8356
5235 / 8356
5236 / 8356
5237 / 8356
5238 / 8356
5239 / 8356
5240 / 8356
5241 / 8356
5242 / 8356
5243 / 8356
5244 / 8356
5245 / 8356
5246 / 8356
5247 / 8356
5248 / 8356
5249 / 8356
5250 / 8356
5251 / 8356
5252 / 8356
5253 / 8356
5254 / 8356
5255 / 8356
5256 / 8356
5257 / 8356
5258 / 8356
5259 / 8356
5260 / 8356
5261 / 8356
5262 / 8356
5263 / 8356
5264 / 8356
5265 / 8356
5266 / 8356
5267 / 8356
5268 / 8356
5269 / 8356
5270 / 8356
5271 / 8356
5272 / 8356
5273 / 8356
5274 / 8356
5275 / 8356
5276 / 8356
5277 / 8356
5278 / 8356
5279 / 8356
5280 / 8356
5281 / 8356
5282 / 8356
5283 / 8356
5284 / 8356
5285 / 8356
5286 / 8356
5287 / 8356
5288 / 8356
5289 / 8356
5290 / 8356
5291 / 8356
5292 / 8356
5293 / 8356
5294 / 8356
5295 / 8356
5296 / 8356
5297 / 8356
5298 / 8356
5299 / 8356
5300 / 8356
5301 / 8356
5302 / 8356
5303 / 8356
5304 / 8356
5305 / 8356
5306 / 8356
5307 / 8356
5308 / 8356
5309 / 8356
5310 / 8356
5311 / 8356
5312 / 8356
5313 / 8356
5314 / 8356
5315 / 8356
5316 / 8356
5317 / 8356
5318 / 8356
5319 / 8356
5320 / 8356
5321 / 8356
5322 / 8356
5323 / 8356
5324 / 8356
5325 / 8356
5326 / 8356
5327 / 8356
5328 / 8356
5329 / 8356
5330 / 8356
5331 / 8356
5332 / 8356
5333 / 8356
5334 / 8356
5335 / 8356
5336 / 8356
5337 / 8356
5338 / 8356
5339 / 8356
5340 / 8356
5341 / 8356
5342 / 8356
5343 / 8356
5344 / 8356
5345 / 8356
5346 / 8356
5347 / 8356
5348 / 8356
5349 / 8356
5350 / 8356
5351 / 8356
5352 / 8356
5353 / 8356
5354 / 8356
5355 / 8356
5356 / 8356
5357 / 8356
5358 / 8356
5359 / 8356
5360 / 8356
5361 / 8356
5362 / 8356
5363 / 8356
5364 / 8356
5365 / 8356
5366 / 8356
5367 / 8356
5368 / 8356
5369 / 8356
5370 / 8356
5371 / 8356
5372 / 8356
5373 / 8356
5374 / 8356
5375 / 8356
5376 / 8356
5377 / 8356
5378 / 8356
5379 / 8356
5380 / 8356
5381 / 8356
5382 / 8356
5383 / 8356
5384 / 8356
5385 / 8356
5386 / 8356
5387 / 8356
5388 / 8356
5389 / 8356
5390 / 8356
5391 / 8356
5392 / 8356
5393 / 8356
5394 / 8356
5395 / 8356
5396 / 8356
5397 / 8356
5398 / 8356
5399 / 8356
5400 / 8356
5401 / 8356
5402 / 8356
5403 / 8356
5404 / 8356
5405 / 8356
5406 / 8356
5407 / 8356
5408 / 8356
5409 / 8356
5410 / 8356
5411 / 8356
5412 / 8356
5413 / 8356
5414 / 8356
5415 / 8356
5416 / 8356
5417 / 8356
5418 / 8356
5419 / 8356
5420 / 8356
5421 / 8356
5422 / 8356
5423 / 8356
5424 / 8356
5425 / 8356
5426 / 8356
5427 / 8356
5428 / 8356
5429 / 8356
5430 / 8356
5431 / 8356
5432 / 8356
5433 / 8356
5434 / 8356
5435 / 8356
5436 / 8356
5437 / 8356
5438 / 8356
5439 / 8356
5440 / 8356
5441 / 8356
5442 / 8356
5443 / 8356
5444 / 8356
5445 / 8356
5446 / 8356
5447 / 8356
5448 / 8356
5449 / 8356
5450 / 8356
5451 / 8356
5452 / 8356
5453 / 8356
5454 / 8356
5455 / 8356
5456 / 8356
5457 / 8356
5458 / 8356
5459 / 8356
5460 / 8356
5461 / 8356
5462 / 8356
5463 / 8356
5464 / 8356
5465 / 8356
5466 / 8356
5467 / 8356
5468 / 8356
5469 / 8356
5470 / 8356
5471 / 8356
5472 / 8356
5473 / 8356
5474 / 8356
5475 / 8356
5476 / 8356
5477 / 8356
5478 / 8356
5479 / 8356
5480 / 8356
5481 / 8356
5482 / 8356
5483 / 8356
5484 / 8356
5485 / 8356
5486 / 8356
5487 / 8356
5488 / 8356
5489 / 8356
5490 / 8356
5491 / 8356
5492 / 8356
5493 / 8356
5494 / 8356
5495 / 8356
5496 / 8356
5497 / 8356
5498 / 8356
5499 / 8356
5500 / 8356
5501 / 8356
5502 / 8356
5503 / 8356
5504 / 8356
5505 / 8356
5506 / 8356
5507 / 8356
5508 / 8356
5509 / 8356
5510 / 8356
5511 / 8356
5512 / 8356
5513 / 8356
5514 / 8356
5515 / 8356
5516 / 8356
5517 / 8356
5518 / 8356
5519 / 8356
5520 / 8356
5521 / 8356
5522 / 8356
5523 / 8356
5524 / 8356
5525 / 8356
5526 / 8356
5527 / 8356
5528 / 8356
5529 / 8356
5530 / 8356
5531 / 8356
5532 / 8356
5533 / 8356
5534 / 8356
5535 / 8356
5536 / 8356
5537 / 8356
5538 / 8356
5539 / 8356
5540 / 8356
5541 / 8356
5542 / 8356
5543 / 8356
5544 / 8356
5545 / 8356
5546 / 8356
5547 / 8356
5548 / 8356
5549 / 8356
5550 / 8356
5551 / 8356
5552 / 8356
5553 / 8356
5554 / 8356
5555 / 8356
5556 / 8356
5557 / 8356
5558 / 8356
5559 / 8356
5560 / 8356
5561 / 8356
5562 / 8356
5563 / 8356
5564 / 8356
5565 / 8356
5566 / 8356
5567 / 8356
5568 / 8356
5569 / 8356
5570 / 8356
5571 / 8356
5572 / 8356
5573 / 8356
5574 / 8356
5575 / 8356
5576 / 8356
5577 / 8356
5578 / 8356
5579 / 8356
5580 / 8356
5581 / 8356
5582 / 8356
5583 / 8356
5584 / 8356
5585 / 8356
5586 / 8356
5587 / 8356
5588 / 8356
5589 / 8356
5590 / 8356
5591 / 8356
5592 / 8356
5593 / 8356
5594 / 8356
5595 / 8356
5596 / 8356
5597 / 8356
5598 / 8356
5599 / 8356
5600 / 8356
5601 / 8356
5602 / 8356
5603 / 8356
5604 / 8356
5605 / 8356
5606 / 8356
5607 / 8356
5608 / 8356
5609 / 8356
5610 / 8356
5611 / 8356
5612 / 8356
5613 / 8356
5614 / 8356
5615 / 8356
5616 / 8356
5617 / 8356
5618 / 8356
5619 / 8356
5620 / 8356
5621 / 8356
5622 / 8356
5623 / 8356
5624 / 8356
5625 / 8356
5626 / 8356
5627 / 8356
5628 / 8356
5629 / 8356
5630 / 8356
5631 / 8356
5632 / 8356
5633 / 8356
5634 / 8356
5635 / 8356
5636 / 8356
5637 / 8356
5638 / 8356
5639 / 8356
5640 / 8356
5641 / 8356
5642 / 8356
5643 / 8356
5644 / 8356
5645 / 8356
5646 / 8356
5647 / 8356
5648 / 8356
5649 / 8356
5650 / 8356
5651 / 8356
5652 / 8356
5653 / 8356
5654 / 8356
5655 / 8356
5656 / 8356
5657 / 8356
5658 / 8356
5659 / 8356
5660 / 8356
5661 / 8356
5662 / 8356
5663 / 8356
5664 / 8356
5665 / 8356
5666 / 8356
5667 / 8356
5668 / 8356
5669 / 8356
5670 / 8356
5671 / 8356
5672 / 8356
5673 / 8356
5674 / 8356
5675 / 8356
5676 / 8356
5677 / 8356
5678 / 8356
5679 / 8356
5680 / 8356
5681 / 8356
5682 / 8356
5683 / 8356
5684 / 8356
5685 / 8356
5686 / 8356
5687 / 8356
5688 / 8356
5689 / 8356
5690 / 8356
5691 / 8356
5692 / 8356
5693 / 8356
5694 / 8356
5695 / 8356
5696 / 8356
5697 / 8356
5698 / 8356
5699 / 8356
5700 / 8356
5701 / 8356
5702 / 8356
5703 / 8356
5704 / 8356
5705 / 8356
5706 / 8356
5707 / 8356
5708 / 8356
5709 / 8356
5710 / 8356
5711 / 8356
5712 / 8356
5713 / 8356
5714 / 8356
5715 / 8356
5716 / 8356
5717 / 8356
5718 / 8356
5719 / 8356
5720 / 8356
5721 / 8356
5722 / 8356
5723 / 8356
5724 / 8356
5725 / 8356
5726 / 8356
5727 / 8356
5728 / 8356
5729 / 8356
5730 / 8356
5731 / 8356
5732 / 8356
5733 / 8356
5734 / 8356
5735 / 8356
5736 / 8356
5737 / 8356
5738 / 8356
5739 / 8356
5740 / 8356
5741 / 8356
5742 / 8356
5743 / 8356
5744 / 8356
5745 / 8356
5746 / 8356
5747 / 8356
5748 / 8356
5749 / 8356
5750 / 8356
5751 / 8356
5752 / 8356
5753 / 8356
5754 / 8356
5755 / 8356
5756 / 8356
5757 / 8356
5758 / 8356
5759 / 8356
5760 / 8356
5761 / 8356
5762 / 8356
5763 / 8356
5764 / 8356
5765 / 8356
5766 / 8356
5767 / 8356
5768 / 8356
5769 / 8356
5770 / 8356
5771 / 8356
5772 / 8356
5773 / 8356
5774 / 8356
5775 / 8356
5776 / 8356
5777 / 8356
5778 / 8356
5779 / 8356
5780 / 8356
5781 / 8356
5782 / 8356
5783 / 8356
5784 / 8356
5785 / 8356
5786 / 8356
5787 / 8356
5788 / 8356
5789 / 8356
5790 / 8356
5791 / 8356
5792 / 8356
5793 / 8356
5794 / 8356
5795 / 8356
5796 / 8356
5797 / 8356
5798 / 8356
5799 / 8356
5800 / 8356
5801 / 8356
5802 / 8356
5803 / 8356
5804 / 8356
5805 / 8356
5806 / 8356
5807 / 8356
5808 / 8356
5809 / 8356
5810 / 8356
5811 / 8356
5812 / 8356
5813 / 8356
5814 / 8356
5815 / 8356
5816 / 8356
5817 / 8356
5818 / 8356
5819 / 8356
5820 / 8356
5821 / 8356
5822 / 8356
5823 / 8356
5824 / 8356
5825 / 8356
5826 / 8356
5827 / 8356
5828 / 8356
5829 / 8356
5830 / 8356
5831 / 8356
5832 / 8356
5833 / 8356
5834 / 8356
5835 / 8356
5836 / 8356
5837 / 8356
5838 / 8356
5839 / 8356
5840 / 8356
5841 / 8356
5842 / 8356
5843 / 8356
5844 / 8356
5845 / 8356
5846 / 8356
5847 / 8356
5848 / 8356
5849 / 8356
5850 / 8356
5851 / 8356
5852 / 8356
5853 / 8356
5854 / 8356
5855 / 8356
5856 / 8356
5857 / 8356
5858 / 8356
5859 / 8356
5860 / 8356
5861 / 8356
5862 / 8356
5863 / 8356
5864 / 8356
5865 / 8356
5866 / 8356
5867 / 8356
5868 / 8356
5869 / 8356
5870 / 8356
5871 / 8356
5872 / 8356
5873 / 8356
5874 / 8356
5875 / 8356
5876 / 8356
5877 / 8356
5878 / 8356
5879 / 8356
5880 / 8356
5881 / 8356
5882 / 8356
5883 / 8356
5884 / 8356
5885 / 8356
5886 / 8356
5887 / 8356
5888 / 8356
5889 / 8356
5890 / 8356
5891 / 8356
5892 / 8356
5893 / 8356
5894 / 8356
5895 / 8356
5896 / 8356
5897 / 8356
5898 / 8356
5899 / 8356
5900 / 8356
5901 / 8356
5902 / 8356
5903 / 8356
5904 / 8356
5905 / 8356
5906 / 8356
5907 / 8356
5908 / 8356
5909 / 8356
5910 / 8356
5911 / 8356
5912 / 8356
5913 / 8356
5914 / 8356
5915 / 8356
5916 / 8356
5917 / 8356
5918 / 8356
5919 / 8356
5920 / 8356
5921 / 8356
5922 / 8356
5923 / 8356
5924 / 8356
5925 / 8356
5926 / 8356
5927 / 8356
5928 / 8356
5929 / 8356
5930 / 8356
5931 / 8356
5932 / 8356
5933 / 8356
5934 / 8356
5935 / 8356
5936 / 8356
5937 / 8356
5938 / 8356
5939 / 8356
5940 / 8356
5941 / 8356
5942 / 8356
5943 / 8356
5944 / 8356
5945 / 8356
5946 / 8356
5947 / 8356
5948 / 8356
5949 / 8356
5950 / 8356
5951 / 8356
5952 / 8356
5953 / 8356
5954 / 8356
5955 / 8356
5956 / 8356
5957 / 8356
5958 / 8356
5959 / 8356
5960 / 8356
5961 / 8356
5962 / 8356
5963 / 8356
5964 / 8356
5965 / 8356
5966 / 8356
5967 / 8356
5968 / 8356
5969 / 8356
5970 / 8356
5971 / 8356
5972 / 8356
5973 / 8356
5974 / 8356
5975 / 8356
5976 / 8356
5977 / 8356
5978 / 8356
5979 / 8356
5980 / 8356
5981 / 8356
5982 / 8356
5983 / 8356
5984 / 8356
5985 / 8356
5986 / 8356
5987 / 8356
5988 / 8356
5989 / 8356
5990 / 8356
5991 / 8356
5992 / 8356
5993 / 8356
5994 / 8356
5995 / 8356
5996 / 8356
5997 / 8356
5998 / 8356
5999 / 8356
6000 / 8356
6001 / 8356
6002 / 8356
6003 / 8356
6004 / 8356
6005 / 8356
6006 / 8356
6007 / 8356
6008 / 8356
6009 / 8356
6010 / 8356
6011 / 8356
6012 / 8356
6013 / 8356
6014 / 8356
6015 / 8356
6016 / 8356
6017 / 8356
6018 / 8356
6019 / 8356
6020 / 8356
6021 / 8356
6022 / 8356
6023 / 8356
6024 / 8356
6025 / 8356
6026 / 8356
6027 / 8356
6028 / 8356
6029 / 8356
6030 / 8356
6031 / 8356
6032 / 8356
6033 / 8356
6034 / 8356
6035 / 8356
6036 / 8356
6037 / 8356
6038 / 8356
6039 / 8356
6040 / 8356
6041 / 8356
6042 / 8356
6043 / 8356
6044 / 8356
6045 / 8356
6046 / 8356
6047 / 8356
6048 / 8356
6049 / 8356
6050 / 8356
6051 / 8356
6052 / 8356
6053 / 8356
6054 / 8356
6055 / 8356
6056 / 8356
6057 / 8356
6058 / 8356
6059 / 8356
6060 / 8356
6061 / 8356
6062 / 8356
6063 / 8356
6064 / 8356
6065 / 8356
6066 / 8356
6067 / 8356
6068 / 8356
6069 / 8356
6070 / 8356
6071 / 8356
6072 / 8356
6073 / 8356
6074 / 8356
6075 / 8356
6076 / 8356
6077 / 8356
6078 / 8356
6079 / 8356
6080 / 8356
6081 / 8356
6082 / 8356
6083 / 8356
6084 / 8356
6085 / 8356
6086 / 8356
6087 / 8356
6088 / 8356
6089 / 8356
6090 / 8356
6091 / 8356
6092 / 8356
6093 / 8356
6094 / 8356
6095 / 8356
6096 / 8356
6097 / 8356
6098 / 8356
6099 / 8356
6100 / 8356
6101 / 8356
6102 / 8356
6103 / 8356
6104 / 8356
6105 / 8356
6106 / 8356
6107 / 8356
6108 / 8356
6109 / 8356
6110 / 8356
6111 / 8356
6112 / 8356
6113 / 8356
6114 / 8356
6115 / 8356
6116 / 8356
6117 / 8356
6118 / 8356
6119 / 8356
6120 / 8356
6121 / 8356
6122 / 8356
6123 / 8356
6124 / 8356
6125 / 8356
6126 / 8356
6127 / 8356
6128 / 8356
6129 / 8356
6130 / 8356
6131 / 8356
6132 / 8356
6133 / 8356
6134 / 8356
6135 / 8356
6136 / 8356
6137 / 8356
6138 / 8356
6139 / 8356
6140 / 8356
6141 / 8356
6142 / 8356
6143 / 8356
6144 / 8356
6145 / 8356
6146 / 8356
6147 / 8356
6148 / 8356
6149 / 8356
6150 / 8356
6151 / 8356
6152 / 8356
6153 / 8356
6154 / 8356
6155 / 8356
6156 / 8356
6157 / 8356
6158 / 8356
6159 / 8356
6160 / 8356
6161 / 8356
6162 / 8356
6163 / 8356
6164 / 8356
6165 / 8356
6166 / 8356
6167 / 8356
6168 / 8356
6169 / 8356
6170 / 8356
6171 / 8356
6172 / 8356
6173 / 8356
6174 / 8356
6175 / 8356
6176 / 8356
6177 / 8356
6178 / 8356
6179 / 8356
6180 / 8356
6181 / 8356
6182 / 8356
6183 / 8356
6184 / 8356
6185 / 8356
6186 / 8356
6187 / 8356
6188 / 8356
6189 / 8356
6190 / 8356
6191 / 8356
6192 / 8356
6193 / 8356
6194 / 8356
6195 / 8356
6196 / 8356
6197 / 8356
6198 / 8356
6199 / 8356
6200 / 8356
6201 / 8356
6202 / 8356
6203 / 8356
6204 / 8356
6205 / 8356
6206 / 8356
6207 / 8356
6208 / 8356
6209 / 8356
6210 / 8356
6211 / 8356
6212 / 8356
6213 / 8356
6214 / 8356
6215 / 8356
6216 / 8356
6217 / 8356
6218 / 8356
6219 / 8356
6220 / 8356
6221 / 8356
6222 / 8356
6223 / 8356
6224 / 8356
6225 / 8356
6226 / 8356
6227 / 8356
6228 / 8356
6229 / 8356
6230 / 8356
6231 / 8356
6232 / 8356
6233 / 8356
6234 / 8356
6235 / 8356
6236 / 8356
6237 / 8356
6238 / 8356
6239 / 8356
6240 / 8356
6241 / 8356
6242 / 8356
6243 / 8356
6244 / 8356
6245 / 8356
6246 / 8356
6247 / 8356
6248 / 8356
6249 / 8356
6250 / 8356
6251 / 8356
6252 / 8356
6253 / 8356
6254 / 8356
6255 / 8356
6256 / 8356
6257 / 8356
6258 / 8356
6259 / 8356
6260 / 8356
6261 / 8356
6262 / 8356
6263 / 8356
6264 / 8356
6265 / 8356
6266 / 8356
6267 / 8356
6268 / 8356
6269 / 8356
6270 / 8356
6271 / 8356
6272 / 8356
6273 / 8356
6274 / 8356
6275 / 8356
6276 / 8356
6277 / 8356
6278 / 8356
6279 / 8356
6280 / 8356
6281 / 8356
6282 / 8356
6283 / 8356
6284 / 8356
6285 / 8356
6286 / 8356
6287 / 8356
6288 / 8356
6289 / 8356
6290 / 8356
6291 / 8356
6292 / 8356
6293 / 8356
6294 / 8356
6295 / 8356
6296 / 8356
6297 / 8356
6298 / 8356
6299 / 8356
6300 / 8356
6301 / 8356
6302 / 8356
6303 / 8356
6304 / 8356
6305 / 8356
6306 / 8356
6307 / 8356
6308 / 8356
6309 / 8356
6310 / 8356
6311 / 8356
6312 / 8356
6313 / 8356
6314 / 8356
6315 / 8356
6316 / 8356
6317 / 8356
6318 / 8356
6319 / 8356
6320 / 8356
6321 / 8356
6322 / 8356
6323 / 8356
6324 / 8356
6325 / 8356
6326 / 8356
6327 / 8356
6328 / 8356
6329 / 8356
6330 / 8356
6331 / 8356
6332 / 8356
6333 / 8356
6334 / 8356
6335 / 8356
6336 / 8356
6337 / 8356
6338 / 8356
6339 / 8356
6340 / 8356
6341 / 8356
6342 / 8356
6343 / 8356
6344 / 8356
6345 / 8356
6346 / 8356
6347 / 8356
6348 / 8356
6349 / 8356
6350 / 8356
6351 / 8356
6352 / 8356
6353 / 8356
6354 / 8356
6355 / 8356
6356 / 8356
6357 / 8356
6358 / 8356
6359 / 8356
6360 / 8356
6361 / 8356
6362 / 8356
6363 / 8356
6364 / 8356
6365 / 8356
6366 / 8356
6367 / 8356
6368 / 8356
6369 / 8356
6370 / 8356
6371 / 8356
6372 / 8356
6373 / 8356
6374 / 8356
6375 / 8356
6376 / 8356
6377 / 8356
6378 / 8356
6379 / 8356
6380 / 8356
6381 / 8356
6382 / 8356
6383 / 8356
6384 / 8356
6385 / 8356
6386 / 8356
6387 / 8356
6388 / 8356
6389 / 8356
6390 / 8356
6391 / 8356
6392 / 8356
6393 / 8356
6394 / 8356
6395 / 8356
6396 / 8356
6397 / 8356
6398 / 8356
6399 / 8356
6400 / 8356
6401 / 8356
6402 / 8356
6403 / 8356
6404 / 8356
6405 / 8356
6406 / 8356
6407 / 8356
6408 / 8356
6409 / 8356
6410 / 8356
6411 / 8356
6412 / 8356
6413 / 8356
6414 / 8356
6415 / 8356
6416 / 8356
6417 / 8356
6418 / 8356
6419 / 8356
6420 / 8356
6421 / 8356
6422 / 8356
6423 / 8356
6424 / 8356
6425 / 8356
6426 / 8356
6427 / 8356
6428 / 8356
6429 / 8356
6430 / 8356
6431 / 8356
6432 / 8356
6433 / 8356
6434 / 8356
6435 / 8356
6436 / 8356
6437 / 8356
6438 / 8356
6439 / 8356
6440 / 8356
6441 / 8356
6442 / 8356
6443 / 8356
6444 / 8356
6445 / 8356
6446 / 8356
6447 / 8356
6448 / 8356
6449 / 8356
6450 / 8356
6451 / 8356
6452 / 8356
6453 / 8356
6454 / 8356
6455 / 8356
6456 / 8356
6457 / 8356
6458 / 8356
6459 / 8356
6460 / 8356
6461 / 8356
6462 / 8356
6463 / 8356
6464 / 8356
6465 / 8356
6466 / 8356
6467 / 8356
6468 / 8356
6469 / 8356
6470 / 8356
6471 / 8356
6472 / 8356
6473 / 8356
6474 / 8356
6475 / 8356
6476 / 8356
6477 / 8356
6478 / 8356
6479 / 8356
6480 / 8356
6481 / 8356
6482 / 8356
6483 / 8356
6484 / 8356
6485 / 8356
6486 / 8356
6487 / 8356
6488 / 8356
6489 / 8356
6490 / 8356
6491 / 8356
6492 / 8356
6493 / 8356
6494 / 8356
6495 / 8356
6496 / 8356
6497 / 8356
6498 / 8356
6499 / 8356
6500 / 8356
6501 / 8356
6502 / 8356
6503 / 8356
6504 / 8356
6505 / 8356
6506 / 8356
6507 / 8356
6508 / 8356
6509 / 8356
6510 / 8356
6511 / 8356
6512 / 8356
6513 / 8356
6514 / 8356
6515 / 8356
6516 / 8356
6517 / 8356
6518 / 8356
6519 / 8356
6520 / 8356
6521 / 8356
6522 / 8356
6523 / 8356
6524 / 8356
6525 / 8356
6526 / 8356
6527 / 8356
6528 / 8356
6529 / 8356
6530 / 8356
6531 / 8356
6532 / 8356
6533 / 8356
6534 / 8356
6535 / 8356
6536 / 8356
6537 / 8356
6538 / 8356
6539 / 8356
6540 / 8356
6541 / 8356
6542 / 8356
6543 / 8356
6544 / 8356
6545 / 8356
6546 / 8356
6547 / 8356
6548 / 8356
6549 / 8356
6550 / 8356
6551 / 8356
6552 / 8356
6553 / 8356
6554 / 8356
6555 / 8356
6556 / 8356
6557 / 8356
6558 / 8356
6559 / 8356
6560 / 8356
6561 / 8356
6562 / 8356
6563 / 8356
6564 / 8356
6565 / 8356
6566 / 8356
6567 / 8356
6568 / 8356
6569 / 8356
6570 / 8356
6571 / 8356
6572 / 8356
6573 / 8356
6574 / 8356
6575 / 8356
6576 / 8356
6577 / 8356
6578 / 8356
6579 / 8356
6580 / 8356
6581 / 8356
6582 / 8356
6583 / 8356
6584 / 8356
6585 / 8356
6586 / 8356
6587 / 8356
6588 / 8356
6589 / 8356
6590 / 8356
6591 / 8356
6592 / 8356
6593 / 8356
6594 / 8356
6595 / 8356
6596 / 8356
6597 / 8356
6598 / 8356
6599 / 8356
6600 / 8356
6601 / 8356
6602 / 8356
6603 / 8356
6604 / 8356
6605 / 8356
6606 / 8356
6607 / 8356
6608 / 8356
6609 / 8356
6610 / 8356
6611 / 8356
6612 / 8356
6613 / 8356
6614 / 8356
6615 / 8356
6616 / 8356
6617 / 8356
6618 / 8356
6619 / 8356
6620 / 8356
6621 / 8356
6622 / 8356
6623 / 8356
6624 / 8356
6625 / 8356
6626 / 8356
6627 / 8356
6628 / 8356
6629 / 8356
6630 / 8356
6631 / 8356
6632 / 8356
6633 / 8356
6634 / 8356
6635 / 8356
6636 / 8356
6637 / 8356
6638 / 8356
6639 / 8356
6640 / 8356
6641 / 8356
6642 / 8356
6643 / 8356
6644 / 8356
6645 / 8356
6646 / 8356
6647 / 8356
6648 / 8356
6649 / 8356
6650 / 8356
6651 / 8356
6652 / 8356
6653 / 8356
6654 / 8356
6655 / 8356
6656 / 8356
6657 / 8356
6658 / 8356
6659 / 8356
6660 / 8356
6661 / 8356
6662 / 8356
6663 / 8356
6664 / 8356
6665 / 8356
6666 / 8356
6667 / 8356
6668 / 8356
6669 / 8356
6670 / 8356
6671 / 8356
6672 / 8356
6673 / 8356
6674 / 8356
6675 / 8356
6676 / 8356
6677 / 8356
6678 / 8356
6679 / 8356
6680 / 8356
6681 / 8356
6682 / 8356
6683 / 8356
6684 / 8356
6685 / 8356
6686 / 8356
6687 / 8356
6688 / 8356
6689 / 8356
6690 / 8356
6691 / 8356
6692 / 8356
6693 / 8356
6694 / 8356
6695 / 8356
6696 / 8356
6697 / 8356
6698 / 8356
6699 / 8356
6700 / 8356
6701 / 8356
6702 / 8356
6703 / 8356
6704 / 8356
6705 / 8356
6706 / 8356
6707 / 8356
6708 / 8356
6709 / 8356
6710 / 8356
6711 / 8356
6712 / 8356
6713 / 8356
6714 / 8356
6715 / 8356
6716 / 8356
6717 / 8356
6718 / 8356
6719 / 8356
6720 / 8356
6721 / 8356
6722 / 8356
6723 / 8356
6724 / 8356
6725 / 8356
6726 / 8356
6727 / 8356
6728 / 8356
6729 / 8356
6730 / 8356
6731 / 8356
6732 / 8356
6733 / 8356
6734 / 8356
6735 / 8356
6736 / 8356
6737 / 8356
6738 / 8356
6739 / 8356
6740 / 8356
6741 / 8356
6742 / 8356
6743 / 8356
6744 / 8356
6745 / 8356
6746 / 8356
6747 / 8356
6748 / 8356
6749 / 8356
6750 / 8356
6751 / 8356
6752 / 8356
6753 / 8356
6754 / 8356
6755 / 8356
6756 / 8356
6757 / 8356
6758 / 8356
6759 / 8356
6760 / 8356
6761 / 8356
6762 / 8356
6763 / 8356
6764 / 8356
6765 / 8356
6766 / 8356
6767 / 8356
6768 / 8356
6769 / 8356
6770 / 8356
6771 / 8356
6772 / 8356
6773 / 8356
6774 / 8356
6775 / 8356
6776 / 8356
6777 / 8356
6778 / 8356
6779 / 8356
6780 / 8356
6781 / 8356
6782 / 8356
6783 / 8356
6784 / 8356
6785 / 8356
6786 / 8356
6787 / 8356
6788 / 8356
6789 / 8356
6790 / 8356
6791 / 8356
6792 / 8356
6793 / 8356
6794 / 8356
6795 / 8356
6796 / 8356
6797 / 8356
6798 / 8356
6799 / 8356
6800 / 8356
6801 / 8356
6802 / 8356
6803 / 8356
6804 / 8356
6805 / 8356
6806 / 8356
6807 / 8356
6808 / 8356
6809 / 8356
6810 / 8356
6811 / 8356
6812 / 8356
6813 / 8356
6814 / 8356
6815 / 8356
6816 / 8356
6817 / 8356
6818 / 8356
6819 / 8356
6820 / 8356
6821 / 8356
6822 / 8356
6823 / 8356
6824 / 8356
6825 / 8356
6826 / 8356
6827 / 8356
6828 / 8356
6829 / 8356
6830 / 8356
6831 / 8356
6832 / 8356
6833 / 8356
6834 / 8356
6835 / 8356
6836 / 8356
6837 / 8356
6838 / 8356
6839 / 8356
6840 / 8356
6841 / 8356
6842 / 8356
6843 / 8356
6844 / 8356
6845 / 8356
6846 / 8356
6847 / 8356
6848 / 8356
6849 / 8356
6850 / 8356
6851 / 8356
6852 / 8356
6853 / 8356
6854 / 8356
6855 / 8356
6856 / 8356
6857 / 8356
6858 / 8356
6859 / 8356
6860 / 8356
6861 / 8356
6862 / 8356
6863 / 8356
6864 / 8356
6865 / 8356
6866 / 8356
6867 / 8356
6868 / 8356
6869 / 8356
6870 / 8356
6871 / 8356
6872 / 8356
6873 / 8356
6874 / 8356
6875 / 8356
6876 / 8356
6877 / 8356
6878 / 8356
6879 / 8356
6880 / 8356
6881 / 8356
6882 / 8356
6883 / 8356
6884 / 8356
6885 / 8356
6886 / 8356
6887 / 8356
6888 / 8356
6889 / 8356
6890 / 8356
6891 / 8356
6892 / 8356
6893 / 8356
6894 / 8356
6895 / 8356
6896 / 8356
6897 / 8356
6898 / 8356
6899 / 8356
6900 / 8356
6901 / 8356
6902 / 8356
6903 / 8356
6904 / 8356
6905 / 8356
6906 / 8356
6907 / 8356
6908 / 8356
6909 / 8356
6910 / 8356
6911 / 8356
6912 / 8356
6913 / 8356
6914 / 8356
6915 / 8356
6916 / 8356
6917 / 8356
6918 / 8356
6919 / 8356
6920 / 8356
6921 / 8356
6922 / 8356
6923 / 8356
6924 / 8356
6925 / 8356
6926 / 8356
6927 / 8356
6928 / 8356
6929 / 8356
6930 / 8356
6931 / 8356
6932 / 8356
6933 / 8356
6934 / 8356
6935 / 8356
6936 / 8356
6937 / 8356
6938 / 8356
6939 / 8356
6940 / 8356
6941 / 8356
6942 / 8356
6943 / 8356
6944 / 8356
6945 / 8356
6946 / 8356
6947 / 8356
6948 / 8356
6949 / 8356
6950 / 8356
6951 / 8356
6952 / 8356
6953 / 8356
6954 / 8356
6955 / 8356
6956 / 8356
6957 / 8356
6958 / 8356
6959 / 8356
6960 / 8356
6961 / 8356
6962 / 8356
6963 / 8356
6964 / 8356
6965 / 8356
6966 / 8356
6967 / 8356
6968 / 8356
6969 / 8356
6970 / 8356
6971 / 8356
6972 / 8356
6973 / 8356
6974 / 8356
6975 / 8356
6976 / 8356
6977 / 8356
6978 / 8356
6979 / 8356
6980 / 8356
6981 / 8356
6982 / 8356
6983 / 8356
6984 / 8356
6985 / 8356
6986 / 8356
6987 / 8356
6988 / 8356
6989 / 8356
6990 / 8356
6991 / 8356
6992 / 8356
6993 / 8356
6994 / 8356
6995 / 8356
6996 / 8356
6997 / 8356
6998 / 8356
6999 / 8356
7000 / 8356
7001 / 8356
7002 / 8356
7003 / 8356
7004 / 8356
7005 / 8356
7006 / 8356
7007 / 8356
7008 / 8356
7009 / 8356
7010 / 8356
7011 / 8356
7012 / 8356
7013 / 8356
7014 / 8356
7015 / 8356
7016 / 8356
7017 / 8356
7018 / 8356
7019 / 8356
7020 / 8356
7021 / 8356
7022 / 8356
7023 / 8356
7024 / 8356
7025 / 8356
7026 / 8356
7027 / 8356
7028 / 8356
7029 / 8356
7030 / 8356
7031 / 8356
7032 / 8356
7033 / 8356
7034 / 8356
7035 / 8356
7036 / 8356
7037 / 8356
7038 / 8356
7039 / 8356
7040 / 8356
7041 / 8356
7042 / 8356
7043 / 8356
7044 / 8356
7045 / 8356
7046 / 8356
7047 / 8356
7048 / 8356
7049 / 8356
7050 / 8356
7051 / 8356
7052 / 8356
7053 / 8356
7054 / 8356
7055 / 8356
7056 / 8356
7057 / 8356
7058 / 8356
7059 / 8356
7060 / 8356
7061 / 8356
7062 / 8356
7063 / 8356
7064 / 8356
7065 / 8356
7066 / 8356
7067 / 8356
7068 / 8356
7069 / 8356
7070 / 8356
7071 / 8356
7072 / 8356
7073 / 8356
7074 / 8356
7075 / 8356
7076 / 8356
7077 / 8356
7078 / 8356
7079 / 8356
7080 / 8356
7081 / 8356
7082 / 8356
7083 / 8356
7084 / 8356
7085 / 8356
7086 / 8356
7087 / 8356
7088 / 8356
7089 / 8356
7090 / 8356
7091 / 8356
7092 / 8356
7093 / 8356
7094 / 8356
7095 / 8356
7096 / 8356
7097 / 8356
7098 / 8356
7099 / 8356
7100 / 8356
7101 / 8356
7102 / 8356
7103 / 8356
7104 / 8356
7105 / 8356
7106 / 8356
7107 / 8356
7108 / 8356
7109 / 8356
7110 / 8356
7111 / 8356
7112 / 8356
7113 / 8356
7114 / 8356
7115 / 8356
7116 / 8356
7117 / 8356
7118 / 8356
7119 / 8356
7120 / 8356
7121 / 8356
7122 / 8356
7123 / 8356
7124 / 8356
7125 / 8356
7126 / 8356
7127 / 8356
7128 / 8356
7129 / 8356
7130 / 8356
7131 / 8356
7132 / 8356
7133 / 8356
7134 / 8356
7135 / 8356
7136 / 8356
7137 / 8356
7138 / 8356
7139 / 8356
7140 / 8356
7141 / 8356
7142 / 8356
7143 / 8356
7144 / 8356
7145 / 8356
7146 / 8356
7147 / 8356
7148 / 8356
7149 / 8356
7150 / 8356
7151 / 8356
7152 / 8356
7153 / 8356
7154 / 8356
7155 / 8356
7156 / 8356
7157 / 8356
7158 / 8356
7159 / 8356
7160 / 8356
7161 / 8356
7162 / 8356
7163 / 8356
7164 / 8356
7165 / 8356
7166 / 8356
7167 / 8356
7168 / 8356
7169 / 8356
7170 / 8356
7171 / 8356
7172 / 8356
7173 / 8356
7174 / 8356
7175 / 8356
7176 / 8356
7177 / 8356
7178 / 8356
7179 / 8356
7180 / 8356
7181 / 8356
7182 / 8356
7183 / 8356
7184 / 8356
7185 / 8356
7186 / 8356
7187 / 8356
7188 / 8356
7189 / 8356
7190 / 8356
7191 / 8356
7192 / 8356
7193 / 8356
7194 / 8356
7195 / 8356
7196 / 8356
7197 / 8356
7198 / 8356
7199 / 8356
7200 / 8356
7201 / 8356
7202 / 8356
7203 / 8356
7204 / 8356
7205 / 8356
7206 / 8356
7207 / 8356
7208 / 8356
7209 / 8356
7210 / 8356
7211 / 8356
7212 / 8356
7213 / 8356
7214 / 8356
7215 / 8356
7216 / 8356
7217 / 8356
7218 / 8356
7219 / 8356
7220 / 8356
7221 / 8356
7222 / 8356
7223 / 8356
7224 / 8356
7225 / 8356
7226 / 8356
7227 / 8356
7228 / 8356
7229 / 8356
7230 / 8356
7231 / 8356
7232 / 8356
7233 / 8356
7234 / 8356
7235 / 8356
7236 / 8356
7237 / 8356
7238 / 8356
7239 / 8356
7240 / 8356
7241 / 8356
7242 / 8356
7243 / 8356
7244 / 8356
7245 / 8356
7246 / 8356
7247 / 8356
7248 / 8356
7249 / 8356
7250 / 8356
7251 / 8356
7252 / 8356
7253 / 8356
7254 / 8356
7255 / 8356
7256 / 8356
7257 / 8356
7258 / 8356
7259 / 8356
7260 / 8356
7261 / 8356
7262 / 8356
7263 / 8356
7264 / 8356
7265 / 8356
7266 / 8356
7267 / 8356
7268 / 8356
7269 / 8356
7270 / 8356
7271 / 8356
7272 / 8356
7273 / 8356
7274 / 8356
7275 / 8356
7276 / 8356
7277 / 8356
7278 / 8356
7279 / 8356
7280 / 8356
7281 / 8356
7282 / 8356
7283 / 8356
7284 / 8356
7285 / 8356
7286 / 8356
7287 / 8356
7288 / 8356
7289 / 8356
7290 / 8356
7291 / 8356
7292 / 8356
7293 / 8356
7294 / 8356
7295 / 8356
7296 / 8356
7297 / 8356
7298 / 8356
7299 / 8356
7300 / 8356
7301 / 8356
7302 / 8356
7303 / 8356
7304 / 8356
7305 / 8356
7306 / 8356
7307 / 8356
7308 / 8356
7309 / 8356
7310 / 8356
7311 / 8356
7312 / 8356
7313 / 8356
7314 / 8356
7315 / 8356
7316 / 8356
7317 / 8356
7318 / 8356
7319 / 8356
7320 / 8356
7321 / 8356
7322 / 8356
7323 / 8356
7324 / 8356
7325 / 8356
7326 / 8356
7327 / 8356
7328 / 8356
7329 / 8356
7330 / 8356
7331 / 8356
7332 / 8356
7333 / 8356
7334 / 8356
7335 / 8356
7336 / 8356
7337 / 8356
7338 / 8356
7339 / 8356
7340 / 8356
7341 / 8356
7342 / 8356
7343 / 8356
7344 / 8356
7345 / 8356
7346 / 8356
7347 / 8356
7348 / 8356
7349 / 8356
7350 / 8356
7351 / 8356
7352 / 8356
7353 / 8356
7354 / 8356
7355 / 8356
7356 / 8356
7357 / 8356
7358 / 8356
7359 / 8356
7360 / 8356
7361 / 8356
7362 / 8356
7363 / 8356
7364 / 8356
7365 / 8356
7366 / 8356
7367 / 8356
7368 / 8356
7369 / 8356
7370 / 8356
7371 / 8356
7372 / 8356
7373 / 8356
7374 / 8356
7375 / 8356
7376 / 8356
7377 / 8356
7378 / 8356
7379 / 8356
7380 / 8356
7381 / 8356
7382 / 8356
7383 / 8356
7384 / 8356
7385 / 8356
7386 / 8356
7387 / 8356
7388 / 8356
7389 / 8356
7390 / 8356
7391 / 8356
7392 / 8356
7393 / 8356
7394 / 8356
7395 / 8356
7396 / 8356
7397 / 8356
7398 / 8356
7399 / 8356
7400 / 8356
7401 / 8356
7402 / 8356
7403 / 8356
7404 / 8356
7405 / 8356
7406 / 8356
7407 / 8356
7408 / 8356
7409 / 8356
7410 / 8356
7411 / 8356
7412 / 8356
7413 / 8356
7414 / 8356
7415 / 8356
7416 / 8356
7417 / 8356
7418 / 8356
7419 / 8356
7420 / 8356
7421 / 8356
7422 / 8356
7423 / 8356
7424 / 8356
7425 / 8356
7426 / 8356
7427 / 8356
7428 / 8356
7429 / 8356
7430 / 8356
7431 / 8356
7432 / 8356
7433 / 8356
7434 / 8356
7435 / 8356
7436 / 8356
7437 / 8356
7438 / 8356
7439 / 8356
7440 / 8356
7441 / 8356
7442 / 8356
7443 / 8356
7444 / 8356
7445 / 8356
7446 / 8356
7447 / 8356
7448 / 8356
7449 / 8356
7450 / 8356
7451 / 8356
7452 / 8356
7453 / 8356
7454 / 8356
7455 / 8356
7456 / 8356
7457 / 8356
7458 / 8356
7459 / 8356
7460 / 8356
7461 / 8356
7462 / 8356
7463 / 8356
7464 / 8356
7465 / 8356
7466 / 8356
7467 / 8356
7468 / 8356
7469 / 8356
7470 / 8356
7471 / 8356
7472 / 8356
7473 / 8356
7474 / 8356
7475 / 8356
7476 / 8356
7477 / 8356
7478 / 8356
7479 / 8356
7480 / 8356
7481 / 8356
7482 / 8356
7483 / 8356
7484 / 8356
7485 / 8356
7486 / 8356
7487 / 8356
7488 / 8356
7489 / 8356
7490 / 8356
7491 / 8356
7492 / 8356
7493 / 8356
7494 / 8356
7495 / 8356
7496 / 8356
7497 / 8356
7498 / 8356
7499 / 8356
7500 / 8356
7501 / 8356
7502 / 8356
7503 / 8356
7504 / 8356
7505 / 8356
7506 / 8356
7507 / 8356
7508 / 8356
7509 / 8356
7510 / 8356
7511 / 8356
7512 / 8356
7513 / 8356
7514 / 8356
7515 / 8356
7516 / 8356
7517 / 8356
7518 / 8356
7519 / 8356
7520 / 8356
7521 / 8356
7522 / 8356
7523 / 8356
7524 / 8356
7525 / 8356
7526 / 8356
7527 / 8356
7528 / 8356
7529 / 8356
7530 / 8356
7531 / 8356
7532 / 8356
7533 / 8356
7534 / 8356
7535 / 8356
7536 / 8356
7537 / 8356
7538 / 8356
7539 / 8356
7540 / 8356
7541 / 8356
7542 / 8356
7543 / 8356
7544 / 8356
7545 / 8356
7546 / 8356
7547 / 8356
7548 / 8356
7549 / 8356
7550 / 8356
7551 / 8356
7552 / 8356
7553 / 8356
7554 / 8356
7555 / 8356
7556 / 8356
7557 / 8356
7558 / 8356
7559 / 8356
7560 / 8356
7561 / 8356
7562 / 8356
7563 / 8356
7564 / 8356
7565 / 8356
7566 / 8356
7567 / 8356
7568 / 8356
7569 / 8356
7570 / 8356
7571 / 8356
7572 / 8356
7573 / 8356
7574 / 8356
7575 / 8356
7576 / 8356
7577 / 8356
7578 / 8356
7579 / 8356
7580 / 8356
7581 / 8356
7582 / 8356
7583 / 8356
7584 / 8356
7585 / 8356
7586 / 8356
7587 / 8356
7588 / 8356
7589 / 8356
7590 / 8356
7591 / 8356
7592 / 8356
7593 / 8356
7594 / 8356
7595 / 8356
7596 / 8356
7597 / 8356
7598 / 8356
7599 / 8356
7600 / 8356
7601 / 8356
7602 / 8356
7603 / 8356
7604 / 8356
7605 / 8356
7606 / 8356
7607 / 8356
7608 / 8356
7609 / 8356
7610 / 8356
7611 / 8356
7612 / 8356
7613 / 8356
7614 / 8356
7615 / 8356
7616 / 8356
7617 / 8356
7618 / 8356
7619 / 8356
7620 / 8356
7621 / 8356
7622 / 8356
7623 / 8356
7624 / 8356
7625 / 8356
7626 / 8356
7627 / 8356
7628 / 8356
7629 / 8356
7630 / 8356
7631 / 8356
7632 / 8356
7633 / 8356
7634 / 8356
7635 / 8356
7636 / 8356
7637 / 8356
7638 / 8356
7639 / 8356
7640 / 8356
7641 / 8356
7642 / 8356
7643 / 8356
7644 / 8356
7645 / 8356
7646 / 8356
7647 / 8356
7648 / 8356
7649 / 8356
7650 / 8356
7651 / 8356
7652 / 8356
7653 / 8356
7654 / 8356
7655 / 8356
7656 / 8356
7657 / 8356
7658 / 8356
7659 / 8356
7660 / 8356
7661 / 8356
7662 / 8356
7663 / 8356
7664 / 8356
7665 / 8356
7666 / 8356
7667 / 8356
7668 / 8356
7669 / 8356
7670 / 8356
7671 / 8356
7672 / 8356
7673 / 8356
7674 / 8356
7675 / 8356
7676 / 8356
7677 / 8356
7678 / 8356
7679 / 8356
7680 / 8356
7681 / 8356
7682 / 8356
7683 / 8356
7684 / 8356
7685 / 8356
7686 / 8356
7687 / 8356
7688 / 8356
7689 / 8356
7690 / 8356
7691 / 8356
7692 / 8356
7693 / 8356
7694 / 8356
7695 / 8356
7696 / 8356
7697 / 8356
7698 / 8356
7699 / 8356
7700 / 8356
7701 / 8356
7702 / 8356
7703 / 8356
7704 / 8356
7705 / 8356
7706 / 8356
7707 / 8356
7708 / 8356
7709 / 8356
7710 / 8356
7711 / 8356
7712 / 8356
7713 / 8356
7714 / 8356
7715 / 8356
7716 / 8356
7717 / 8356
7718 / 8356
7719 / 8356
7720 / 8356
7721 / 8356
7722 / 8356
7723 / 8356
7724 / 8356
7725 / 8356
7726 / 8356
7727 / 8356
7728 / 8356
7729 / 8356
7730 / 8356
7731 / 8356
7732 / 8356
7733 / 8356
7734 / 8356
7735 / 8356
7736 / 8356
7737 / 8356
7738 / 8356
7739 / 8356
7740 / 8356
7741 / 8356
7742 / 8356
7743 / 8356
7744 / 8356
7745 / 8356
7746 / 8356
7747 / 8356
7748 / 8356
7749 / 8356
7750 / 8356
7751 / 8356
7752 / 8356
7753 / 8356
7754 / 8356
7755 / 8356
7756 / 8356
7757 / 8356
7758 / 8356
7759 / 8356
7760 / 8356
7761 / 8356
7762 / 8356
7763 / 8356
7764 / 8356
7765 / 8356
7766 / 8356
7767 / 8356
7768 / 8356
7769 / 8356
7770 / 8356
7771 / 8356
7772 / 8356
7773 / 8356
7774 / 8356
7775 / 8356
7776 / 8356
7777 / 8356
7778 / 8356
7779 / 8356
7780 / 8356
7781 / 8356
7782 / 8356
7783 / 8356
7784 / 8356
7785 / 8356
7786 / 8356
7787 / 8356
7788 / 8356
7789 / 8356
7790 / 8356
7791 / 8356
7792 / 8356
7793 / 8356
7794 / 8356
7795 / 8356
7796 / 8356
7797 / 8356
7798 / 8356
7799 / 8356
7800 / 8356
7801 / 8356
7802 / 8356
7803 / 8356
7804 / 8356
7805 / 8356
7806 / 8356
7807 / 8356
7808 / 8356
7809 / 8356
7810 / 8356
7811 / 8356
7812 / 8356
7813 / 8356
7814 / 8356
7815 / 8356
7816 / 8356
7817 / 8356
7818 / 8356
7819 / 8356
7820 / 8356
7821 / 8356
7822 / 8356
7823 / 8356
7824 / 8356
7825 / 8356
7826 / 8356
7827 / 8356
7828 / 8356
7829 / 8356
7830 / 8356
7831 / 8356
7832 / 8356
7833 / 8356
7834 / 8356
7835 / 8356
7836 / 8356
7837 / 8356
7838 / 8356
7839 / 8356
7840 / 8356
7841 / 8356
7842 / 8356
7843 / 8356
7844 / 8356
7845 / 8356
7846 / 8356
7847 / 8356
7848 / 8356
7849 / 8356
7850 / 8356
7851 / 8356
7852 / 8356
7853 / 8356
7854 / 8356
7855 / 8356
7856 / 8356
7857 / 8356
7858 / 8356
7859 / 8356
7860 / 8356
7861 / 8356
7862 / 8356
7863 / 8356
7864 / 8356
7865 / 8356
7866 / 8356
7867 / 8356
7868 / 8356
7869 / 8356
7870 / 8356
7871 / 8356
7872 / 8356
7873 / 8356
7874 / 8356
7875 / 8356
7876 / 8356
7877 / 8356
7878 / 8356
7879 / 8356
7880 / 8356
7881 / 8356
7882 / 8356
7883 / 8356
7884 / 8356
7885 / 8356
7886 / 8356
7887 / 8356
7888 / 8356
7889 / 8356
7890 / 8356
7891 / 8356
7892 / 8356
7893 / 8356
7894 / 8356
7895 / 8356
7896 / 8356
7897 / 8356
7898 / 8356
7899 / 8356
7900 / 8356
7901 / 8356
7902 / 8356
7903 / 8356
7904 / 8356
7905 / 8356
7906 / 8356
7907 / 8356
7908 / 8356
7909 / 8356
7910 / 8356
7911 / 8356
7912 / 8356
7913 / 8356
7914 / 8356
7915 / 8356
7916 / 8356
7917 / 8356
7918 / 8356
7919 / 8356
7920 / 8356
7921 / 8356
7922 / 8356
7923 / 8356
7924 / 8356
7925 / 8356
7926 / 8356
7927 / 8356
7928 / 8356
7929 / 8356
7930 / 8356
7931 / 8356
7932 / 8356
7933 / 8356
7934 / 8356
7935 / 8356
7936 / 8356
7937 / 8356
7938 / 8356
7939 / 8356
7940 / 8356
7941 / 8356
7942 / 8356
7943 / 8356
7944 / 8356
7945 / 8356
7946 / 8356
7947 / 8356
7948 / 8356
7949 / 8356
7950 / 8356
7951 / 8356
7952 / 8356
7953 / 8356
7954 / 8356
7955 / 8356
7956 / 8356
7957 / 8356
7958 / 8356
7959 / 8356
7960 / 8356
7961 / 8356
7962 / 8356
7963 / 8356
7964 / 8356
7965 / 8356
7966 / 8356
7967 / 8356
7968 / 8356
7969 / 8356
7970 / 8356
7971 / 8356
7972 / 8356
7973 / 8356
7974 / 8356
7975 / 8356
7976 / 8356
7977 / 8356
7978 / 8356
7979 / 8356
7980 / 8356
7981 / 8356
7982 / 8356
7983 / 8356
7984 / 8356
7985 / 8356
7986 / 8356
7987 / 8356
7988 / 8356
7989 / 8356
7990 / 8356
7991 / 8356
7992 / 8356
7993 / 8356
7994 / 8356
7995 / 8356
7996 / 8356
7997 / 8356
7998 / 8356
7999 / 8356
8000 / 8356
8001 / 8356
8002 / 8356
8003 / 8356
8004 / 8356
8005 / 8356
8006 / 8356
8007 / 8356
8008 / 8356
8009 / 8356
8010 / 8356
8011 / 8356
8012 / 8356
8013 / 8356
8014 / 8356
8015 / 8356
8016 / 8356
8017 / 8356
8018 / 8356
8019 / 8356
8020 / 8356
8021 / 8356
8022 / 8356
8023 / 8356
8024 / 8356
8025 / 8356
8026 / 8356
8027 / 8356
8028 / 8356
8029 / 8356
8030 / 8356
8031 / 8356
8032 / 8356
8033 / 8356
8034 / 8356
8035 / 8356
8036 / 8356
8037 / 8356
8038 / 8356
8039 / 8356
8040 / 8356
8041 / 8356
8042 / 8356
8043 / 8356
8044 / 8356
8045 / 8356
8046 / 8356
8047 / 8356
8048 / 8356
8049 / 8356
8050 / 8356
8051 / 8356
8052 / 8356
8053 / 8356
8054 / 8356
8055 / 8356
8056 / 8356
8057 / 8356
8058 / 8356
8059 / 8356
8060 / 8356
8061 / 8356
8062 / 8356
8063 / 8356
8064 / 8356
8065 / 8356
8066 / 8356
8067 / 8356
8068 / 8356
8069 / 8356
8070 / 8356
8071 / 8356
8072 / 8356
8073 / 8356
8074 / 8356
8075 / 8356
8076 / 8356
8077 / 8356
8078 / 8356
8079 / 8356
8080 / 8356
8081 / 8356
8082 / 8356
8083 / 8356
8084 / 8356
8085 / 8356
8086 / 8356
8087 / 8356
8088 / 8356
8089 / 8356
8090 / 8356
8091 / 8356
8092 / 8356
8093 / 8356
8094 / 8356
8095 / 8356
8096 / 8356
8097 / 8356
8098 / 8356
8099 / 8356
8100 / 8356
8101 / 8356
8102 / 8356
8103 / 8356
8104 / 8356
8105 / 8356
8106 / 8356
8107 / 8356
8108 / 8356
8109 / 8356
8110 / 8356
8111 / 8356
8112 / 8356
8113 / 8356
8114 / 8356
8115 / 8356
8116 / 8356
8117 / 8356
8118 / 8356
8119 / 8356
8120 / 8356
8121 / 8356
8122 / 8356
8123 / 8356
8124 / 8356
8125 / 8356
8126 / 8356
8127 / 8356
8128 / 8356
8129 / 8356
8130 / 8356
8131 / 8356
8132 / 8356
8133 / 8356
8134 / 8356
8135 / 8356
8136 / 8356
8137 / 8356
8138 / 8356
8139 / 8356
8140 / 8356
8141 / 8356
8142 / 8356
8143 / 8356
8144 / 8356
8145 / 8356
8146 / 8356
8147 / 8356
8148 / 8356
8149 / 8356
8150 / 8356
8151 / 8356
8152 / 8356
8153 / 8356
8154 / 8356
8155 / 8356
8156 / 8356
8157 / 8356
8158 / 8356
8159 / 8356
8160 / 8356
8161 / 8356
8162 / 8356
8163 / 8356
8164 / 8356
8165 / 8356
8166 / 8356
8167 / 8356
8168 / 8356
8169 / 8356
8170 / 8356
8171 / 8356
8172 / 8356
8173 / 8356
8174 / 8356
8175 / 8356
8176 / 8356
8177 / 8356
8178 / 8356
8179 / 8356
8180 / 8356
8181 / 8356
8182 / 8356
8183 / 8356
8184 / 8356
8185 / 8356
8186 / 8356
8187 / 8356
8188 / 8356
8189 / 8356
8190 / 8356
8191 / 8356
8192 / 8356
8193 / 8356
8194 / 8356
8195 / 8356
8196 / 8356
8197 / 8356
8198 / 8356
8199 / 8356
8200 / 8356
8201 / 8356
8202 / 8356
8203 / 8356
8204 / 8356
8205 / 8356
8206 / 8356
8207 / 8356
8208 / 8356
8209 / 8356
8210 / 8356
8211 / 8356
8212 / 8356
8213 / 8356
8214 / 8356
8215 / 8356
8216 / 8356
8217 / 8356
8218 / 8356
8219 / 8356
8220 / 8356
8221 / 8356
8222 / 8356
8223 / 8356
8224 / 8356
8225 / 8356
8226 / 8356
8227 / 8356
8228 / 8356
8229 / 8356
8230 / 8356
8231 / 8356
8232 / 8356
8233 / 8356
8234 / 8356
8235 / 8356
8236 / 8356
8237 / 8356
8238 / 8356
8239 / 8356
8240 / 8356
8241 / 8356
8242 / 8356
8243 / 8356
8244 / 8356
8245 / 8356
8246 / 8356
8247 / 8356
8248 / 8356
8249 / 8356
8250 / 8356
8251 / 8356
8252 / 8356
8253 / 8356
8254 / 8356
8255 / 8356
8256 / 8356
8257 / 8356
8258 / 8356
8259 / 8356
8260 / 8356
8261 / 8356
8262 / 8356
8263 / 8356
8264 / 8356
8265 / 8356
8266 / 8356
8267 / 8356
8268 / 8356
8269 / 8356
8270 / 8356
8271 / 8356
8272 / 8356
8273 / 8356
8274 / 8356
8275 / 8356
8276 / 8356
8277 / 8356
8278 / 8356
8279 / 8356
8280 / 8356
8281 / 8356
8282 / 8356
8283 / 8356
8284 / 8356
8285 / 8356
8286 / 8356
8287 / 8356
8288 / 8356
8289 / 8356
8290 / 8356
8291 / 8356
8292 / 8356
8293 / 8356
8294 / 8356
8295 / 8356
8296 / 8356
8297 / 8356
8298 / 8356
8299 / 8356
8300 / 8356
8301 / 8356
8302 / 8356
8303 / 8356
8304 / 8356
8305 / 8356
8306 / 8356
8307 / 8356
8308 / 8356
8309 / 8356
8310 / 8356
8311 / 8356
8312 / 8356
8313 / 8356
8314 / 8356
8315 / 8356
8316 / 8356
8317 / 8356
8318 / 8356
8319 / 8356
8320 / 8356
8321 / 8356
8322 / 8356
8323 / 8356
8324 / 8356
8325 / 8356
8326 / 8356
8327 / 8356
8328 / 8356
8329 / 8356
8330 / 8356
8331 / 8356
8332 / 8356
8333 / 8356
8334 / 8356
8335 / 8356
8336 / 8356
8337 / 8356
8338 / 8356
8339 / 8356
8340 / 8356
8341 / 8356
8342 / 8356
8343 / 8356
8344 / 8356
8345 / 8356
8346 / 8356
8347 / 8356
8348 / 8356
8349 / 8356
8350 / 8356
8351 / 8356
8352 / 8356
8353 / 8356
8354 / 8356
8355 / 8356
8356 / 8356
JOBSFINISHED
