1 / 1757
2 / 1757
3 / 1757
4 / 1757
5 / 1757
6 / 1757
7 / 1757
8 / 1757
9 / 1757
10 / 1757
11 / 1757
12 / 1757
13 / 1757
14 / 1757
15 / 1757
16 / 1757
17 / 1757
18 / 1757
19 / 1757
20 / 1757
21 / 1757
22 / 1757
23 / 1757
24 / 1757
25 / 1757
26 / 1757
27 / 1757
28 / 1757
29 / 1757
30 / 1757
31 / 1757
32 / 1757
33 / 1757
34 / 1757
35 / 1757
36 / 1757
37 / 1757
38 / 1757
39 / 1757
40 / 1757
41 / 1757
42 / 1757
43 / 1757
44 / 1757
45 / 1757
46 / 1757
47 / 1757
48 / 1757
49 / 1757
50 / 1757
51 / 1757
52 / 1757
53 / 1757
54 / 1757
55 / 1757
56 / 1757
57 / 1757
58 / 1757
59 / 1757
60 / 1757
61 / 1757
62 / 1757
63 / 1757
64 / 1757
65 / 1757
66 / 1757
67 / 1757
68 / 1757
69 / 1757
70 / 1757
71 / 1757
72 / 1757
73 / 1757
74 / 1757
75 / 1757
76 / 1757
77 / 1757
78 / 1757
79 / 1757
80 / 1757
81 / 1757
82 / 1757
83 / 1757
84 / 1757
85 / 1757
86 / 1757
87 / 1757
88 / 1757
89 / 1757
90 / 1757
91 / 1757
92 / 1757
93 / 1757
94 / 1757
95 / 1757
96 / 1757
97 / 1757
98 / 1757
99 / 1757
100 / 1757
101 / 1757
102 / 1757
103 / 1757
104 / 1757
105 / 1757
106 / 1757
107 / 1757
108 / 1757
109 / 1757
110 / 1757
111 / 1757
112 / 1757
113 / 1757
114 / 1757
115 / 1757
116 / 1757
117 / 1757
118 / 1757
119 / 1757
120 / 1757
121 / 1757
122 / 1757
123 / 1757
124 / 1757
125 / 1757
126 / 1757
127 / 1757
128 / 1757
129 / 1757
130 / 1757
131 / 1757
132 / 1757
133 / 1757
134 / 1757
135 / 1757
136 / 1757
137 / 1757
138 / 1757
139 / 1757
140 / 1757
141 / 1757
142 / 1757
143 / 1757
144 / 1757
145 / 1757
146 / 1757
147 / 1757
148 / 1757
149 / 1757
150 / 1757
151 / 1757
152 / 1757
153 / 1757
154 / 1757
155 / 1757
156 / 1757
157 / 1757
158 / 1757
159 / 1757
160 / 1757
161 / 1757
162 / 1757
163 / 1757
164 / 1757
165 / 1757
166 / 1757
167 / 1757
168 / 1757
169 / 1757
170 / 1757
171 / 1757
172 / 1757
173 / 1757
174 / 1757
175 / 1757
176 / 1757
177 / 1757
178 / 1757
179 / 1757
180 / 1757
181 / 1757
182 / 1757
183 / 1757
184 / 1757
185 / 1757
186 / 1757
187 / 1757
188 / 1757
189 / 1757
190 / 1757
191 / 1757
192 / 1757
193 / 1757
194 / 1757
195 / 1757
196 / 1757
197 / 1757
198 / 1757
199 / 1757
200 / 1757
201 / 1757
202 / 1757
203 / 1757
204 / 1757
205 / 1757
206 / 1757
207 / 1757
208 / 1757
209 / 1757
210 / 1757
211 / 1757
212 / 1757
213 / 1757
214 / 1757
215 / 1757
216 / 1757
217 / 1757
218 / 1757
219 / 1757
220 / 1757
221 / 1757
222 / 1757
223 / 1757
224 / 1757
225 / 1757
226 / 1757
227 / 1757
228 / 1757
229 / 1757
230 / 1757
231 / 1757
232 / 1757
233 / 1757
234 / 1757
235 / 1757
236 / 1757
237 / 1757
238 / 1757
239 / 1757
240 / 1757
241 / 1757
242 / 1757
243 / 1757
244 / 1757
245 / 1757
246 / 1757
247 / 1757
248 / 1757
249 / 1757
250 / 1757
251 / 1757
252 / 1757
253 / 1757
254 / 1757
255 / 1757
256 / 1757
257 / 1757
258 / 1757
259 / 1757
260 / 1757
261 / 1757
262 / 1757
263 / 1757
264 / 1757
265 / 1757
266 / 1757
267 / 1757
268 / 1757
269 / 1757
270 / 1757
271 / 1757
272 / 1757
273 / 1757
274 / 1757
275 / 1757
276 / 1757
277 / 1757
278 / 1757
279 / 1757
280 / 1757
281 / 1757
282 / 1757
283 / 1757
284 / 1757
285 / 1757
286 / 1757
287 / 1757
288 / 1757
289 / 1757
290 / 1757
291 / 1757
292 / 1757
293 / 1757
294 / 1757
295 / 1757
296 / 1757
297 / 1757
298 / 1757
299 / 1757
300 / 1757
301 / 1757
302 / 1757
303 / 1757
304 / 1757
305 / 1757
306 / 1757
307 / 1757
308 / 1757
309 / 1757
310 / 1757
311 / 1757
312 / 1757
313 / 1757
314 / 1757
315 / 1757
316 / 1757
317 / 1757
318 / 1757
319 / 1757
320 / 1757
321 / 1757
322 / 1757
323 / 1757
324 / 1757
325 / 1757
326 / 1757
327 / 1757
328 / 1757
329 / 1757
330 / 1757
331 / 1757
332 / 1757
333 / 1757
334 / 1757
335 / 1757
336 / 1757
337 / 1757
338 / 1757
339 / 1757
340 / 1757
341 / 1757
342 / 1757
343 / 1757
344 / 1757
345 / 1757
346 / 1757
347 / 1757
348 / 1757
349 / 1757
350 / 1757
351 / 1757
352 / 1757
353 / 1757
354 / 1757
355 / 1757
356 / 1757
357 / 1757
358 / 1757
359 / 1757
360 / 1757
361 / 1757
362 / 1757
363 / 1757
364 / 1757
365 / 1757
366 / 1757
367 / 1757
368 / 1757
369 / 1757
370 / 1757
371 / 1757
372 / 1757
373 / 1757
374 / 1757
375 / 1757
376 / 1757
377 / 1757
378 / 1757
379 / 1757
380 / 1757
381 / 1757
382 / 1757
383 / 1757
384 / 1757
385 / 1757
386 / 1757
387 / 1757
388 / 1757
389 / 1757
390 / 1757
391 / 1757
392 / 1757
393 / 1757
394 / 1757
395 / 1757
396 / 1757
397 / 1757
398 / 1757
399 / 1757
400 / 1757
401 / 1757
402 / 1757
403 / 1757
404 / 1757
405 / 1757
406 / 1757
407 / 1757
408 / 1757
409 / 1757
410 / 1757
411 / 1757
412 / 1757
413 / 1757
414 / 1757
415 / 1757
416 / 1757
417 / 1757
418 / 1757
419 / 1757
420 / 1757
421 / 1757
422 / 1757
423 / 1757
424 / 1757
425 / 1757
426 / 1757
427 / 1757
428 / 1757
429 / 1757
430 / 1757
431 / 1757
432 / 1757
433 / 1757
434 / 1757
435 / 1757
436 / 1757
437 / 1757
438 / 1757
439 / 1757
440 / 1757
441 / 1757
442 / 1757
443 / 1757
444 / 1757
445 / 1757
446 / 1757
447 / 1757
448 / 1757
449 / 1757
450 / 1757
451 / 1757
452 / 1757
453 / 1757
454 / 1757
455 / 1757
456 / 1757
457 / 1757
458 / 1757
459 / 1757
460 / 1757
461 / 1757
462 / 1757
463 / 1757
464 / 1757
465 / 1757
466 / 1757
467 / 1757
468 / 1757
469 / 1757
470 / 1757
471 / 1757
472 / 1757
473 / 1757
474 / 1757
475 / 1757
476 / 1757
477 / 1757
478 / 1757
479 / 1757
480 / 1757
481 / 1757
482 / 1757
483 / 1757
484 / 1757
485 / 1757
486 / 1757
487 / 1757
488 / 1757
489 / 1757
490 / 1757
491 / 1757
492 / 1757
493 / 1757
494 / 1757
495 / 1757
496 / 1757
497 / 1757
498 / 1757
499 / 1757
500 / 1757
501 / 1757
502 / 1757
503 / 1757
504 / 1757
505 / 1757
506 / 1757
507 / 1757
508 / 1757
509 / 1757
510 / 1757
511 / 1757
512 / 1757
513 / 1757
514 / 1757
515 / 1757
516 / 1757
517 / 1757
518 / 1757
519 / 1757
520 / 1757
521 / 1757
522 / 1757
523 / 1757
524 / 1757
525 / 1757
526 / 1757
527 / 1757
528 / 1757
529 / 1757
530 / 1757
531 / 1757
532 / 1757
533 / 1757
534 / 1757
535 / 1757
536 / 1757
537 / 1757
538 / 1757
539 / 1757
540 / 1757
541 / 1757
542 / 1757
543 / 1757
544 / 1757
545 / 1757
546 / 1757
547 / 1757
548 / 1757
549 / 1757
550 / 1757
551 / 1757
552 / 1757
553 / 1757
554 / 1757
555 / 1757
556 / 1757
557 / 1757
558 / 1757
559 / 1757
560 / 1757
561 / 1757
562 / 1757
563 / 1757
564 / 1757
565 / 1757
566 / 1757
567 / 1757
568 / 1757
569 / 1757
570 / 1757
571 / 1757
572 / 1757
573 / 1757
574 / 1757
575 / 1757
576 / 1757
577 / 1757
578 / 1757
579 / 1757
580 / 1757
581 / 1757
582 / 1757
583 / 1757
584 / 1757
585 / 1757
586 / 1757
587 / 1757
588 / 1757
589 / 1757
590 / 1757
591 / 1757
592 / 1757
593 / 1757
594 / 1757
595 / 1757
596 / 1757
597 / 1757
598 / 1757
599 / 1757
600 / 1757
601 / 1757
602 / 1757
603 / 1757
604 / 1757
605 / 1757
606 / 1757
607 / 1757
608 / 1757
609 / 1757
610 / 1757
611 / 1757
612 / 1757
613 / 1757
614 / 1757
615 / 1757
616 / 1757
617 / 1757
618 / 1757
619 / 1757
620 / 1757
621 / 1757
622 / 1757
623 / 1757
624 / 1757
625 / 1757
626 / 1757
627 / 1757
628 / 1757
629 / 1757
630 / 1757
631 / 1757
632 / 1757
633 / 1757
634 / 1757
635 / 1757
636 / 1757
637 / 1757
638 / 1757
639 / 1757
640 / 1757
641 / 1757
642 / 1757
643 / 1757
644 / 1757
645 / 1757
646 / 1757
647 / 1757
648 / 1757
649 / 1757
650 / 1757
651 / 1757
652 / 1757
653 / 1757
654 / 1757
655 / 1757
656 / 1757
657 / 1757
658 / 1757
659 / 1757
660 / 1757
661 / 1757
662 / 1757
663 / 1757
664 / 1757
665 / 1757
666 / 1757
667 / 1757
668 / 1757
669 / 1757
670 / 1757
671 / 1757
672 / 1757
673 / 1757
674 / 1757
675 / 1757
676 / 1757
677 / 1757
678 / 1757
679 / 1757
680 / 1757
681 / 1757
682 / 1757
683 / 1757
684 / 1757
685 / 1757
686 / 1757
687 / 1757
688 / 1757
689 / 1757
690 / 1757
691 / 1757
692 / 1757
693 / 1757
694 / 1757
695 / 1757
696 / 1757
697 / 1757
698 / 1757
699 / 1757
700 / 1757
701 / 1757
702 / 1757
703 / 1757
704 / 1757
705 / 1757
706 / 1757
707 / 1757
708 / 1757
709 / 1757
710 / 1757
711 / 1757
712 / 1757
713 / 1757
714 / 1757
715 / 1757
716 / 1757
717 / 1757
718 / 1757
719 / 1757
720 / 1757
721 / 1757
722 / 1757
723 / 1757
724 / 1757
725 / 1757
726 / 1757
727 / 1757
728 / 1757
729 / 1757
730 / 1757
731 / 1757
732 / 1757
733 / 1757
734 / 1757
735 / 1757
736 / 1757
737 / 1757
738 / 1757
739 / 1757
740 / 1757
741 / 1757
742 / 1757
743 / 1757
744 / 1757
745 / 1757
746 / 1757
747 / 1757
748 / 1757
749 / 1757
750 / 1757
751 / 1757
752 / 1757
753 / 1757
754 / 1757
755 / 1757
756 / 1757
757 / 1757
758 / 1757
759 / 1757
760 / 1757
761 / 1757
762 / 1757
763 / 1757
764 / 1757
765 / 1757
766 / 1757
767 / 1757
768 / 1757
769 / 1757
770 / 1757
771 / 1757
772 / 1757
773 / 1757
774 / 1757
775 / 1757
776 / 1757
777 / 1757
778 / 1757
779 / 1757
780 / 1757
781 / 1757
782 / 1757
783 / 1757
784 / 1757
785 / 1757
786 / 1757
787 / 1757
788 / 1757
789 / 1757
790 / 1757
791 / 1757
792 / 1757
793 / 1757
794 / 1757
795 / 1757
796 / 1757
797 / 1757
798 / 1757
799 / 1757
800 / 1757
801 / 1757
802 / 1757
803 / 1757
804 / 1757
805 / 1757
806 / 1757
807 / 1757
808 / 1757
809 / 1757
810 / 1757
811 / 1757
812 / 1757
813 / 1757
814 / 1757
815 / 1757
816 / 1757
817 / 1757
818 / 1757
819 / 1757
820 / 1757
821 / 1757
822 / 1757
823 / 1757
824 / 1757
825 / 1757
826 / 1757
827 / 1757
828 / 1757
829 / 1757
830 / 1757
831 / 1757
832 / 1757
833 / 1757
834 / 1757
835 / 1757
836 / 1757
837 / 1757
838 / 1757
839 / 1757
840 / 1757
841 / 1757
842 / 1757
843 / 1757
844 / 1757
845 / 1757
846 / 1757
847 / 1757
848 / 1757
849 / 1757
850 / 1757
851 / 1757
852 / 1757
853 / 1757
854 / 1757
855 / 1757
856 / 1757
857 / 1757
858 / 1757
859 / 1757
860 / 1757
861 / 1757
862 / 1757
863 / 1757
864 / 1757
865 / 1757
866 / 1757
867 / 1757
868 / 1757
869 / 1757
870 / 1757
871 / 1757
872 / 1757
873 / 1757
874 / 1757
875 / 1757
876 / 1757
877 / 1757
878 / 1757
879 / 1757
880 / 1757
881 / 1757
882 / 1757
883 / 1757
884 / 1757
885 / 1757
886 / 1757
887 / 1757
888 / 1757
889 / 1757
890 / 1757
891 / 1757
892 / 1757
893 / 1757
894 / 1757
895 / 1757
896 / 1757
897 / 1757
898 / 1757
899 / 1757
900 / 1757
901 / 1757
902 / 1757
903 / 1757
904 / 1757
905 / 1757
906 / 1757
907 / 1757
908 / 1757
909 / 1757
910 / 1757
911 / 1757
912 / 1757
913 / 1757
914 / 1757
915 / 1757
916 / 1757
917 / 1757
918 / 1757
919 / 1757
920 / 1757
921 / 1757
922 / 1757
923 / 1757
924 / 1757
925 / 1757
926 / 1757
927 / 1757
928 / 1757
929 / 1757
930 / 1757
931 / 1757
932 / 1757
933 / 1757
934 / 1757
935 / 1757
936 / 1757
937 / 1757
938 / 1757
939 / 1757
940 / 1757
941 / 1757
942 / 1757
943 / 1757
944 / 1757
945 / 1757
946 / 1757
947 / 1757
948 / 1757
949 / 1757
950 / 1757
951 / 1757
952 / 1757
953 / 1757
954 / 1757
955 / 1757
956 / 1757
957 / 1757
958 / 1757
959 / 1757
960 / 1757
961 / 1757
962 / 1757
963 / 1757
964 / 1757
965 / 1757
966 / 1757
967 / 1757
968 / 1757
969 / 1757
970 / 1757
971 / 1757
972 / 1757
973 / 1757
974 / 1757
975 / 1757
976 / 1757
977 / 1757
978 / 1757
979 / 1757
980 / 1757
981 / 1757
982 / 1757
983 / 1757
984 / 1757
985 / 1757
986 / 1757
987 / 1757
988 / 1757
989 / 1757
990 / 1757
991 / 1757
992 / 1757
993 / 1757
994 / 1757
995 / 1757
996 / 1757
997 / 1757
998 / 1757
999 / 1757
1000 / 1757
1001 / 1757
1002 / 1757
1003 / 1757
1004 / 1757
1005 / 1757
1006 / 1757
1007 / 1757
1008 / 1757
1009 / 1757
1010 / 1757
1011 / 1757
1012 / 1757
1013 / 1757
1014 / 1757
1015 / 1757
1016 / 1757
1017 / 1757
1018 / 1757
1019 / 1757
1020 / 1757
1021 / 1757
1022 / 1757
1023 / 1757
1024 / 1757
1025 / 1757
1026 / 1757
1027 / 1757
1028 / 1757
1029 / 1757
1030 / 1757
1031 / 1757
1032 / 1757
1033 / 1757
1034 / 1757
1035 / 1757
1036 / 1757
1037 / 1757
1038 / 1757
1039 / 1757
1040 / 1757
1041 / 1757
1042 / 1757
1043 / 1757
1044 / 1757
1045 / 1757
1046 / 1757
1047 / 1757
1048 / 1757
1049 / 1757
1050 / 1757
1051 / 1757
1052 / 1757
1053 / 1757
1054 / 1757
1055 / 1757
1056 / 1757
1057 / 1757
1058 / 1757
1059 / 1757
1060 / 1757
1061 / 1757
1062 / 1757
1063 / 1757
1064 / 1757
1065 / 1757
1066 / 1757
1067 / 1757
1068 / 1757
1069 / 1757
1070 / 1757
1071 / 1757
1072 / 1757
1073 / 1757
1074 / 1757
1075 / 1757
1076 / 1757
1077 / 1757
1078 / 1757
1079 / 1757
1080 / 1757
1081 / 1757
1082 / 1757
1083 / 1757
1084 / 1757
1085 / 1757
1086 / 1757
1087 / 1757
1088 / 1757
1089 / 1757
1090 / 1757
1091 / 1757
1092 / 1757
1093 / 1757
1094 / 1757
1095 / 1757
1096 / 1757
1097 / 1757
1098 / 1757
1099 / 1757
1100 / 1757
1101 / 1757
1102 / 1757
1103 / 1757
1104 / 1757
1105 / 1757
1106 / 1757
1107 / 1757
1108 / 1757
1109 / 1757
1110 / 1757
1111 / 1757
1112 / 1757
1113 / 1757
1114 / 1757
1115 / 1757
1116 / 1757
1117 / 1757
1118 / 1757
1119 / 1757
1120 / 1757
1121 / 1757
1122 / 1757
1123 / 1757
1124 / 1757
1125 / 1757
1126 / 1757
1127 / 1757
1128 / 1757
1129 / 1757
1130 / 1757
1131 / 1757
1132 / 1757
1133 / 1757
1134 / 1757
1135 / 1757
1136 / 1757
1137 / 1757
1138 / 1757
1139 / 1757
1140 / 1757
1141 / 1757
1142 / 1757
1143 / 1757
1144 / 1757
1145 / 1757
1146 / 1757
1147 / 1757
1148 / 1757
1149 / 1757
1150 / 1757
1151 / 1757
1152 / 1757
1153 / 1757
1154 / 1757
1155 / 1757
1156 / 1757
1157 / 1757
1158 / 1757
1159 / 1757
1160 / 1757
1161 / 1757
1162 / 1757
1163 / 1757
1164 / 1757
1165 / 1757
1166 / 1757
1167 / 1757
1168 / 1757
1169 / 1757
1170 / 1757
1171 / 1757
1172 / 1757
1173 / 1757
1174 / 1757
1175 / 1757
1176 / 1757
1177 / 1757
1178 / 1757
1179 / 1757
1180 / 1757
1181 / 1757
1182 / 1757
1183 / 1757
1184 / 1757
1185 / 1757
1186 / 1757
1187 / 1757
1188 / 1757
1189 / 1757
1190 / 1757
1191 / 1757
1192 / 1757
1193 / 1757
1194 / 1757
1195 / 1757
1196 / 1757
1197 / 1757
1198 / 1757
1199 / 1757
1200 / 1757
1201 / 1757
1202 / 1757
1203 / 1757
1204 / 1757
1205 / 1757
1206 / 1757
1207 / 1757
1208 / 1757
1209 / 1757
1210 / 1757
1211 / 1757
1212 / 1757
1213 / 1757
1214 / 1757
1215 / 1757
1216 / 1757
1217 / 1757
1218 / 1757
1219 / 1757
1220 / 1757
1221 / 1757
1222 / 1757
1223 / 1757
1224 / 1757
1225 / 1757
1226 / 1757
1227 / 1757
1228 / 1757
1229 / 1757
1230 / 1757
1231 / 1757
1232 / 1757
1233 / 1757
1234 / 1757
1235 / 1757
1236 / 1757
1237 / 1757
1238 / 1757
1239 / 1757
1240 / 1757
1241 / 1757
1242 / 1757
1243 / 1757
1244 / 1757
1245 / 1757
1246 / 1757
1247 / 1757
1248 / 1757
1249 / 1757
1250 / 1757
1251 / 1757
1252 / 1757
1253 / 1757
1254 / 1757
1255 / 1757
1256 / 1757
1257 / 1757
1258 / 1757
1259 / 1757
1260 / 1757
1261 / 1757
1262 / 1757
1263 / 1757
1264 / 1757
1265 / 1757
1266 / 1757
1267 / 1757
1268 / 1757
1269 / 1757
1270 / 1757
1271 / 1757
1272 / 1757
1273 / 1757
1274 / 1757
1275 / 1757
1276 / 1757
1277 / 1757
1278 / 1757
1279 / 1757
1280 / 1757
1281 / 1757
1282 / 1757
1283 / 1757
1284 / 1757
1285 / 1757
1286 / 1757
1287 / 1757
1288 / 1757
1289 / 1757
1290 / 1757
1291 / 1757
1292 / 1757
1293 / 1757
1294 / 1757
1295 / 1757
1296 / 1757
1297 / 1757
1298 / 1757
1299 / 1757
1300 / 1757
1301 / 1757
1302 / 1757
1303 / 1757
1304 / 1757
1305 / 1757
1306 / 1757
1307 / 1757
1308 / 1757
1309 / 1757
1310 / 1757
1311 / 1757
1312 / 1757
1313 / 1757
1314 / 1757
1315 / 1757
1316 / 1757
1317 / 1757
1318 / 1757
1319 / 1757
1320 / 1757
1321 / 1757
1322 / 1757
1323 / 1757
1324 / 1757
1325 / 1757
1326 / 1757
1327 / 1757
1328 / 1757
1329 / 1757
1330 / 1757
1331 / 1757
1332 / 1757
1333 / 1757
1334 / 1757
1335 / 1757
1336 / 1757
1337 / 1757
1338 / 1757
1339 / 1757
1340 / 1757
1341 / 1757
1342 / 1757
1343 / 1757
1344 / 1757
1345 / 1757
1346 / 1757
1347 / 1757
1348 / 1757
1349 / 1757
1350 / 1757
1351 / 1757
1352 / 1757
1353 / 1757
1354 / 1757
1355 / 1757
1356 / 1757
1357 / 1757
1358 / 1757
1359 / 1757
1360 / 1757
1361 / 1757
1362 / 1757
1363 / 1757
1364 / 1757
1365 / 1757
1366 / 1757
1367 / 1757
1368 / 1757
1369 / 1757
1370 / 1757
1371 / 1757
1372 / 1757
1373 / 1757
1374 / 1757
1375 / 1757
1376 / 1757
1377 / 1757
1378 / 1757
1379 / 1757
1380 / 1757
1381 / 1757
1382 / 1757
1383 / 1757
1384 / 1757
1385 / 1757
1386 / 1757
1387 / 1757
1388 / 1757
1389 / 1757
1390 / 1757
1391 / 1757
1392 / 1757
1393 / 1757
1394 / 1757
1395 / 1757
1396 / 1757
1397 / 1757
1398 / 1757
1399 / 1757
1400 / 1757
1401 / 1757
1402 / 1757
1403 / 1757
1404 / 1757
1405 / 1757
1406 / 1757
1407 / 1757
1408 / 1757
1409 / 1757
1410 / 1757
1411 / 1757
1412 / 1757
1413 / 1757
1414 / 1757
1415 / 1757
1416 / 1757
1417 / 1757
1418 / 1757
1419 / 1757
1420 / 1757
1421 / 1757
1422 / 1757
1423 / 1757
1424 / 1757
1425 / 1757
1426 / 1757
1427 / 1757
1428 / 1757
1429 / 1757
1430 / 1757
1431 / 1757
1432 / 1757
1433 / 1757
1434 / 1757
1435 / 1757
1436 / 1757
1437 / 1757
1438 / 1757
1439 / 1757
1440 / 1757
1441 / 1757
1442 / 1757
1443 / 1757
1444 / 1757
1445 / 1757
1446 / 1757
1447 / 1757
1448 / 1757
1449 / 1757
1450 / 1757
1451 / 1757
1452 / 1757
1453 / 1757
1454 / 1757
1455 / 1757
1456 / 1757
1457 / 1757
1458 / 1757
1459 / 1757
1460 / 1757
1461 / 1757
1462 / 1757
1463 / 1757
1464 / 1757
1465 / 1757
1466 / 1757
1467 / 1757
1468 / 1757
1469 / 1757
1470 / 1757
1471 / 1757
1472 / 1757
1473 / 1757
1474 / 1757
1475 / 1757
1476 / 1757
1477 / 1757
1478 / 1757
1479 / 1757
1480 / 1757
1481 / 1757
1482 / 1757
1483 / 1757
1484 / 1757
1485 / 1757
1486 / 1757
1487 / 1757
1488 / 1757
1489 / 1757
1490 / 1757
1491 / 1757
1492 / 1757
1493 / 1757
1494 / 1757
1495 / 1757
1496 / 1757
1497 / 1757
1498 / 1757
1499 / 1757
1500 / 1757
1501 / 1757
1502 / 1757
1503 / 1757
1504 / 1757
1505 / 1757
1506 / 1757
1507 / 1757
1508 / 1757
1509 / 1757
1510 / 1757
1511 / 1757
1512 / 1757
1513 / 1757
1514 / 1757
1515 / 1757
1516 / 1757
1517 / 1757
1518 / 1757
1519 / 1757
1520 / 1757
1521 / 1757
1522 / 1757
1523 / 1757
1524 / 1757
1525 / 1757
1526 / 1757
1527 / 1757
1528 / 1757
1529 / 1757
1530 / 1757
1531 / 1757
1532 / 1757
1533 / 1757
1534 / 1757
1535 / 1757
1536 / 1757
1537 / 1757
1538 / 1757
1539 / 1757
1540 / 1757
1541 / 1757
1542 / 1757
1543 / 1757
1544 / 1757
1545 / 1757
1546 / 1757
1547 / 1757
1548 / 1757
1549 / 1757
1550 / 1757
1551 / 1757
1552 / 1757
1553 / 1757
1554 / 1757
1555 / 1757
1556 / 1757
1557 / 1757
1558 / 1757
1559 / 1757
1560 / 1757
1561 / 1757
1562 / 1757
1563 / 1757
1564 / 1757
1565 / 1757
1566 / 1757
1567 / 1757
1568 / 1757
1569 / 1757
1570 / 1757
1571 / 1757
1572 / 1757
1573 / 1757
1574 / 1757
1575 / 1757
1576 / 1757
1577 / 1757
1578 / 1757
1579 / 1757
1580 / 1757
1581 / 1757
1582 / 1757
1583 / 1757
1584 / 1757
1585 / 1757
1586 / 1757
1587 / 1757
1588 / 1757
1589 / 1757
1590 / 1757
1591 / 1757
1592 / 1757
1593 / 1757
1594 / 1757
1595 / 1757
1596 / 1757
1597 / 1757
1598 / 1757
1599 / 1757
1600 / 1757
1601 / 1757
1602 / 1757
1603 / 1757
1604 / 1757
1605 / 1757
1606 / 1757
1607 / 1757
1608 / 1757
1609 / 1757
1610 / 1757
1611 / 1757
1612 / 1757
1613 / 1757
1614 / 1757
1615 / 1757
1616 / 1757
1617 / 1757
1618 / 1757
1619 / 1757
1620 / 1757
1621 / 1757
1622 / 1757
1623 / 1757
1624 / 1757
1625 / 1757
1626 / 1757
1627 / 1757
1628 / 1757
1629 / 1757
1630 / 1757
1631 / 1757
1632 / 1757
1633 / 1757
1634 / 1757
1635 / 1757
1636 / 1757
1637 / 1757
1638 / 1757
1639 / 1757
1640 / 1757
1641 / 1757
1642 / 1757
1643 / 1757
1644 / 1757
1645 / 1757
1646 / 1757
1647 / 1757
1648 / 1757
1649 / 1757
1650 / 1757
1651 / 1757
1652 / 1757
1653 / 1757
1654 / 1757
1655 / 1757
1656 / 1757
1657 / 1757
1658 / 1757
1659 / 1757
1660 / 1757
1661 / 1757
1662 / 1757
1663 / 1757
1664 / 1757
1665 / 1757
1666 / 1757
1667 / 1757
1668 / 1757
1669 / 1757
1670 / 1757
1671 / 1757
1672 / 1757
1673 / 1757
1674 / 1757
1675 / 1757
1676 / 1757
1677 / 1757
1678 / 1757
1679 / 1757
1680 / 1757
1681 / 1757
1682 / 1757
1683 / 1757
1684 / 1757
1685 / 1757
1686 / 1757
1687 / 1757
1688 / 1757
1689 / 1757
1690 / 1757
1691 / 1757
1692 / 1757
1693 / 1757
1694 / 1757
1695 / 1757
1696 / 1757
1697 / 1757
1698 / 1757
1699 / 1757
1700 / 1757
1701 / 1757
1702 / 1757
1703 / 1757
1704 / 1757
1705 / 1757
1706 / 1757
1707 / 1757
1708 / 1757
1709 / 1757
1710 / 1757
1711 / 1757
1712 / 1757
1713 / 1757
1714 / 1757
1715 / 1757
1716 / 1757
1717 / 1757
1718 / 1757
1719 / 1757
1720 / 1757
1721 / 1757
1722 / 1757
1723 / 1757
1724 / 1757
1725 / 1757
1726 / 1757
1727 / 1757
1728 / 1757
1729 / 1757
1730 / 1757
1731 / 1757
1732 / 1757
1733 / 1757
1734 / 1757
1735 / 1757
1736 / 1757
1737 / 1757
1738 / 1757
1739 / 1757
1740 / 1757
1741 / 1757
1742 / 1757
1743 / 1757
1744 / 1757
1745 / 1757
1746 / 1757
1747 / 1757
1748 / 1757
1749 / 1757
1750 / 1757
1751 / 1757
1752 / 1757
1753 / 1757
1754 / 1757
1755 / 1757
1756 / 1757
1757 / 1757
JOBSFINISHED
