using old nif file for bgAT
using old odv file for bgAT
1 / 5762
2 / 5762
3 / 5762
4 / 5762
5 / 5762
6 / 5762
7 / 5762
8 / 5762
9 / 5762
10 / 5762
11 / 5762
12 / 5762
13 / 5762
14 / 5762
15 / 5762
16 / 5762
17 / 5762
18 / 5762
19 / 5762
20 / 5762
21 / 5762
22 / 5762
23 / 5762
24 / 5762
25 / 5762
26 / 5762
27 / 5762
28 / 5762
29 / 5762
30 / 5762
31 / 5762
32 / 5762
33 / 5762
34 / 5762
35 / 5762
36 / 5762
37 / 5762
38 / 5762
39 / 5762
40 / 5762
41 / 5762
42 / 5762
43 / 5762
44 / 5762
45 / 5762
46 / 5762
47 / 5762
48 / 5762
49 / 5762
50 / 5762
51 / 5762
52 / 5762
53 / 5762
54 / 5762
55 / 5762
56 / 5762
57 / 5762
58 / 5762
59 / 5762
60 / 5762
61 / 5762
62 / 5762
63 / 5762
64 / 5762
65 / 5762
66 / 5762
67 / 5762
68 / 5762
69 / 5762
70 / 5762
71 / 5762
72 / 5762
73 / 5762
74 / 5762
75 / 5762
76 / 5762
77 / 5762
78 / 5762
79 / 5762
80 / 5762
81 / 5762
82 / 5762
83 / 5762
84 / 5762
85 / 5762
86 / 5762
87 / 5762
88 / 5762
89 / 5762
90 / 5762
91 / 5762
92 / 5762
93 / 5762
94 / 5762
95 / 5762
96 / 5762
97 / 5762
98 / 5762
99 / 5762
100 / 5762
101 / 5762
102 / 5762
103 / 5762
104 / 5762
105 / 5762
106 / 5762
107 / 5762
108 / 5762
109 / 5762
110 / 5762
111 / 5762
112 / 5762
113 / 5762
114 / 5762
115 / 5762
116 / 5762
117 / 5762
118 / 5762
119 / 5762
120 / 5762
121 / 5762
122 / 5762
123 / 5762
124 / 5762
125 / 5762
126 / 5762
127 / 5762
128 / 5762
129 / 5762
130 / 5762
131 / 5762
132 / 5762
133 / 5762
134 / 5762
135 / 5762
136 / 5762
137 / 5762
138 / 5762
139 / 5762
140 / 5762
141 / 5762
142 / 5762
143 / 5762
144 / 5762
145 / 5762
146 / 5762
147 / 5762
148 / 5762
149 / 5762
150 / 5762
151 / 5762
152 / 5762
153 / 5762
154 / 5762
155 / 5762
156 / 5762
157 / 5762
158 / 5762
159 / 5762
160 / 5762
161 / 5762
162 / 5762
163 / 5762
164 / 5762
165 / 5762
166 / 5762
167 / 5762
168 / 5762
169 / 5762
170 / 5762
171 / 5762
172 / 5762
173 / 5762
174 / 5762
175 / 5762
176 / 5762
177 / 5762
178 / 5762
179 / 5762
180 / 5762
181 / 5762
182 / 5762
183 / 5762
184 / 5762
185 / 5762
186 / 5762
187 / 5762
188 / 5762
189 / 5762
190 / 5762
191 / 5762
192 / 5762
193 / 5762
194 / 5762
195 / 5762
196 / 5762
197 / 5762
198 / 5762
199 / 5762
200 / 5762
201 / 5762
202 / 5762
203 / 5762
204 / 5762
205 / 5762
206 / 5762
207 / 5762
208 / 5762
209 / 5762
210 / 5762
211 / 5762
212 / 5762
213 / 5762
214 / 5762
215 / 5762
216 / 5762
217 / 5762
218 / 5762
219 / 5762
220 / 5762
221 / 5762
222 / 5762
223 / 5762
224 / 5762
225 / 5762
226 / 5762
227 / 5762
228 / 5762
229 / 5762
230 / 5762
231 / 5762
232 / 5762
233 / 5762
234 / 5762
235 / 5762
236 / 5762
237 / 5762
238 / 5762
239 / 5762
240 / 5762
241 / 5762
242 / 5762
243 / 5762
244 / 5762
245 / 5762
246 / 5762
247 / 5762
248 / 5762
249 / 5762
250 / 5762
251 / 5762
252 / 5762
253 / 5762
254 / 5762
255 / 5762
256 / 5762
257 / 5762
258 / 5762
259 / 5762
260 / 5762
261 / 5762
262 / 5762
263 / 5762
264 / 5762
265 / 5762
266 / 5762
267 / 5762
268 / 5762
269 / 5762
270 / 5762
271 / 5762
272 / 5762
273 / 5762
274 / 5762
275 / 5762
276 / 5762
277 / 5762
278 / 5762
279 / 5762
280 / 5762
281 / 5762
282 / 5762
283 / 5762
284 / 5762
285 / 5762
286 / 5762
287 / 5762
288 / 5762
289 / 5762
290 / 5762
291 / 5762
292 / 5762
293 / 5762
294 / 5762
295 / 5762
296 / 5762
297 / 5762
298 / 5762
299 / 5762
300 / 5762
301 / 5762
302 / 5762
303 / 5762
304 / 5762
305 / 5762
306 / 5762
307 / 5762
308 / 5762
309 / 5762
310 / 5762
311 / 5762
312 / 5762
313 / 5762
314 / 5762
315 / 5762
316 / 5762
317 / 5762
318 / 5762
319 / 5762
320 / 5762
321 / 5762
322 / 5762
323 / 5762
324 / 5762
325 / 5762
326 / 5762
327 / 5762
328 / 5762
329 / 5762
330 / 5762
331 / 5762
332 / 5762
333 / 5762
334 / 5762
335 / 5762
336 / 5762
337 / 5762
338 / 5762
339 / 5762
340 / 5762
341 / 5762
342 / 5762
343 / 5762
344 / 5762
345 / 5762
346 / 5762
347 / 5762
348 / 5762
349 / 5762
350 / 5762
351 / 5762
352 / 5762
353 / 5762
354 / 5762
355 / 5762
356 / 5762
357 / 5762
358 / 5762
359 / 5762
360 / 5762
361 / 5762
362 / 5762
363 / 5762
364 / 5762
365 / 5762
366 / 5762
367 / 5762
368 / 5762
369 / 5762
370 / 5762
371 / 5762
372 / 5762
373 / 5762
374 / 5762
375 / 5762
376 / 5762
377 / 5762
378 / 5762
379 / 5762
380 / 5762
381 / 5762
382 / 5762
383 / 5762
384 / 5762
385 / 5762
386 / 5762
387 / 5762
388 / 5762
389 / 5762
390 / 5762
391 / 5762
392 / 5762
393 / 5762
394 / 5762
395 / 5762
396 / 5762
397 / 5762
398 / 5762
399 / 5762
400 / 5762
401 / 5762
402 / 5762
403 / 5762
404 / 5762
405 / 5762
406 / 5762
407 / 5762
408 / 5762
409 / 5762
410 / 5762
411 / 5762
412 / 5762
413 / 5762
414 / 5762
415 / 5762
416 / 5762
417 / 5762
418 / 5762
419 / 5762
420 / 5762
421 / 5762
422 / 5762
423 / 5762
424 / 5762
425 / 5762
426 / 5762
427 / 5762
428 / 5762
429 / 5762
430 / 5762
431 / 5762
432 / 5762
433 / 5762
434 / 5762
435 / 5762
436 / 5762
437 / 5762
438 / 5762
439 / 5762
440 / 5762
441 / 5762
442 / 5762
443 / 5762
444 / 5762
445 / 5762
446 / 5762
447 / 5762
448 / 5762
449 / 5762
450 / 5762
451 / 5762
452 / 5762
453 / 5762
454 / 5762
455 / 5762
456 / 5762
457 / 5762
458 / 5762
459 / 5762
460 / 5762
461 / 5762
462 / 5762
463 / 5762
464 / 5762
465 / 5762
466 / 5762
467 / 5762
468 / 5762
469 / 5762
470 / 5762
471 / 5762
472 / 5762
473 / 5762
474 / 5762
475 / 5762
476 / 5762
477 / 5762
478 / 5762
479 / 5762
480 / 5762
481 / 5762
482 / 5762
483 / 5762
484 / 5762
485 / 5762
486 / 5762
487 / 5762
488 / 5762
489 / 5762
490 / 5762
491 / 5762
492 / 5762
493 / 5762
494 / 5762
495 / 5762
496 / 5762
497 / 5762
498 / 5762
499 / 5762
500 / 5762
501 / 5762
502 / 5762
503 / 5762
504 / 5762
505 / 5762
506 / 5762
507 / 5762
508 / 5762
509 / 5762
510 / 5762
511 / 5762
512 / 5762
513 / 5762
514 / 5762
515 / 5762
516 / 5762
517 / 5762
518 / 5762
519 / 5762
520 / 5762
521 / 5762
522 / 5762
523 / 5762
524 / 5762
525 / 5762
526 / 5762
527 / 5762
528 / 5762
529 / 5762
530 / 5762
531 / 5762
532 / 5762
533 / 5762
534 / 5762
535 / 5762
536 / 5762
537 / 5762
538 / 5762
539 / 5762
540 / 5762
541 / 5762
542 / 5762
543 / 5762
544 / 5762
545 / 5762
546 / 5762
547 / 5762
548 / 5762
549 / 5762
550 / 5762
551 / 5762
552 / 5762
553 / 5762
554 / 5762
555 / 5762
556 / 5762
557 / 5762
558 / 5762
559 / 5762
560 / 5762
561 / 5762
562 / 5762
563 / 5762
564 / 5762
565 / 5762
566 / 5762
567 / 5762
568 / 5762
569 / 5762
570 / 5762
571 / 5762
572 / 5762
573 / 5762
574 / 5762
575 / 5762
576 / 5762
577 / 5762
578 / 5762
579 / 5762
580 / 5762
581 / 5762
582 / 5762
583 / 5762
584 / 5762
585 / 5762
586 / 5762
587 / 5762
588 / 5762
589 / 5762
590 / 5762
591 / 5762
592 / 5762
593 / 5762
594 / 5762
595 / 5762
596 / 5762
597 / 5762
598 / 5762
599 / 5762
600 / 5762
601 / 5762
602 / 5762
603 / 5762
604 / 5762
605 / 5762
606 / 5762
607 / 5762
608 / 5762
609 / 5762
610 / 5762
611 / 5762
612 / 5762
613 / 5762
614 / 5762
615 / 5762
616 / 5762
617 / 5762
618 / 5762
619 / 5762
620 / 5762
621 / 5762
622 / 5762
623 / 5762
624 / 5762
625 / 5762
626 / 5762
627 / 5762
628 / 5762
629 / 5762
630 / 5762
631 / 5762
632 / 5762
633 / 5762
634 / 5762
635 / 5762
636 / 5762
637 / 5762
638 / 5762
639 / 5762
640 / 5762
641 / 5762
642 / 5762
643 / 5762
644 / 5762
645 / 5762
646 / 5762
647 / 5762
648 / 5762
649 / 5762
650 / 5762
651 / 5762
652 / 5762
653 / 5762
654 / 5762
655 / 5762
656 / 5762
657 / 5762
658 / 5762
659 / 5762
660 / 5762
661 / 5762
662 / 5762
663 / 5762
664 / 5762
665 / 5762
666 / 5762
667 / 5762
668 / 5762
669 / 5762
670 / 5762
671 / 5762
672 / 5762
673 / 5762
674 / 5762
675 / 5762
676 / 5762
677 / 5762
678 / 5762
679 / 5762
680 / 5762
681 / 5762
682 / 5762
683 / 5762
684 / 5762
685 / 5762
686 / 5762
687 / 5762
688 / 5762
689 / 5762
690 / 5762
691 / 5762
692 / 5762
693 / 5762
694 / 5762
695 / 5762
696 / 5762
697 / 5762
698 / 5762
699 / 5762
700 / 5762
701 / 5762
702 / 5762
703 / 5762
704 / 5762
705 / 5762
706 / 5762
707 / 5762
708 / 5762
709 / 5762
710 / 5762
711 / 5762
712 / 5762
713 / 5762
714 / 5762
715 / 5762
716 / 5762
717 / 5762
718 / 5762
719 / 5762
720 / 5762
721 / 5762
722 / 5762
723 / 5762
724 / 5762
725 / 5762
726 / 5762
727 / 5762
728 / 5762
729 / 5762
730 / 5762
731 / 5762
732 / 5762
733 / 5762
734 / 5762
735 / 5762
736 / 5762
737 / 5762
738 / 5762
739 / 5762
740 / 5762
741 / 5762
742 / 5762
743 / 5762
744 / 5762
745 / 5762
746 / 5762
747 / 5762
748 / 5762
749 / 5762
750 / 5762
751 / 5762
752 / 5762
753 / 5762
754 / 5762
755 / 5762
756 / 5762
757 / 5762
758 / 5762
759 / 5762
760 / 5762
761 / 5762
762 / 5762
763 / 5762
764 / 5762
765 / 5762
766 / 5762
767 / 5762
768 / 5762
769 / 5762
770 / 5762
771 / 5762
772 / 5762
773 / 5762
774 / 5762
775 / 5762
776 / 5762
777 / 5762
778 / 5762
779 / 5762
780 / 5762
781 / 5762
782 / 5762
783 / 5762
784 / 5762
785 / 5762
786 / 5762
787 / 5762
788 / 5762
789 / 5762
790 / 5762
791 / 5762
792 / 5762
793 / 5762
794 / 5762
795 / 5762
796 / 5762
797 / 5762
798 / 5762
799 / 5762
800 / 5762
801 / 5762
802 / 5762
803 / 5762
804 / 5762
805 / 5762
806 / 5762
807 / 5762
808 / 5762
809 / 5762
810 / 5762
811 / 5762
812 / 5762
813 / 5762
814 / 5762
815 / 5762
816 / 5762
817 / 5762
818 / 5762
819 / 5762
820 / 5762
821 / 5762
822 / 5762
823 / 5762
824 / 5762
825 / 5762
826 / 5762
827 / 5762
828 / 5762
829 / 5762
830 / 5762
831 / 5762
832 / 5762
833 / 5762
834 / 5762
835 / 5762
836 / 5762
837 / 5762
838 / 5762
839 / 5762
840 / 5762
841 / 5762
842 / 5762
843 / 5762
844 / 5762
845 / 5762
846 / 5762
847 / 5762
848 / 5762
849 / 5762
850 / 5762
851 / 5762
852 / 5762
853 / 5762
854 / 5762
855 / 5762
856 / 5762
857 / 5762
858 / 5762
859 / 5762
860 / 5762
861 / 5762
862 / 5762
863 / 5762
864 / 5762
865 / 5762
866 / 5762
867 / 5762
868 / 5762
869 / 5762
870 / 5762
871 / 5762
872 / 5762
873 / 5762
874 / 5762
875 / 5762
876 / 5762
877 / 5762
878 / 5762
879 / 5762
880 / 5762
881 / 5762
882 / 5762
883 / 5762
884 / 5762
885 / 5762
886 / 5762
887 / 5762
888 / 5762
889 / 5762
890 / 5762
891 / 5762
892 / 5762
893 / 5762
894 / 5762
895 / 5762
896 / 5762
897 / 5762
898 / 5762
899 / 5762
900 / 5762
901 / 5762
902 / 5762
903 / 5762
904 / 5762
905 / 5762
906 / 5762
907 / 5762
908 / 5762
909 / 5762
910 / 5762
911 / 5762
912 / 5762
913 / 5762
914 / 5762
915 / 5762
916 / 5762
917 / 5762
918 / 5762
919 / 5762
920 / 5762
921 / 5762
922 / 5762
923 / 5762
924 / 5762
925 / 5762
926 / 5762
927 / 5762
928 / 5762
929 / 5762
930 / 5762
931 / 5762
932 / 5762
933 / 5762
934 / 5762
935 / 5762
936 / 5762
937 / 5762
938 / 5762
939 / 5762
940 / 5762
941 / 5762
942 / 5762
943 / 5762
944 / 5762
945 / 5762
946 / 5762
947 / 5762
948 / 5762
949 / 5762
950 / 5762
951 / 5762
952 / 5762
953 / 5762
954 / 5762
955 / 5762
956 / 5762
957 / 5762
958 / 5762
959 / 5762
960 / 5762
961 / 5762
962 / 5762
963 / 5762
964 / 5762
965 / 5762
966 / 5762
967 / 5762
968 / 5762
969 / 5762
970 / 5762
971 / 5762
972 / 5762
973 / 5762
974 / 5762
975 / 5762
976 / 5762
977 / 5762
978 / 5762
979 / 5762
980 / 5762
981 / 5762
982 / 5762
983 / 5762
984 / 5762
985 / 5762
986 / 5762
987 / 5762
988 / 5762
989 / 5762
990 / 5762
991 / 5762
992 / 5762
993 / 5762
994 / 5762
995 / 5762
996 / 5762
997 / 5762
998 / 5762
999 / 5762
1000 / 5762
1001 / 5762
1002 / 5762
1003 / 5762
1004 / 5762
1005 / 5762
1006 / 5762
1007 / 5762
1008 / 5762
1009 / 5762
1010 / 5762
1011 / 5762
1012 / 5762
1013 / 5762
1014 / 5762
1015 / 5762
1016 / 5762
1017 / 5762
1018 / 5762
1019 / 5762
1020 / 5762
1021 / 5762
1022 / 5762
1023 / 5762
1024 / 5762
1025 / 5762
1026 / 5762
1027 / 5762
1028 / 5762
1029 / 5762
1030 / 5762
1031 / 5762
1032 / 5762
1033 / 5762
1034 / 5762
1035 / 5762
1036 / 5762
1037 / 5762
1038 / 5762
1039 / 5762
1040 / 5762
1041 / 5762
1042 / 5762
1043 / 5762
1044 / 5762
1045 / 5762
1046 / 5762
1047 / 5762
1048 / 5762
1049 / 5762
1050 / 5762
1051 / 5762
1052 / 5762
1053 / 5762
1054 / 5762
1055 / 5762
1056 / 5762
1057 / 5762
1058 / 5762
1059 / 5762
1060 / 5762
1061 / 5762
1062 / 5762
1063 / 5762
1064 / 5762
1065 / 5762
1066 / 5762
1067 / 5762
1068 / 5762
1069 / 5762
1070 / 5762
1071 / 5762
1072 / 5762
1073 / 5762
1074 / 5762
1075 / 5762
1076 / 5762
1077 / 5762
1078 / 5762
1079 / 5762
1080 / 5762
1081 / 5762
1082 / 5762
1083 / 5762
1084 / 5762
1085 / 5762
1086 / 5762
1087 / 5762
1088 / 5762
1089 / 5762
1090 / 5762
1091 / 5762
1092 / 5762
1093 / 5762
1094 / 5762
1095 / 5762
1096 / 5762
1097 / 5762
1098 / 5762
1099 / 5762
1100 / 5762
1101 / 5762
1102 / 5762
1103 / 5762
1104 / 5762
1105 / 5762
1106 / 5762
1107 / 5762
1108 / 5762
1109 / 5762
1110 / 5762
1111 / 5762
1112 / 5762
1113 / 5762
1114 / 5762
1115 / 5762
1116 / 5762
1117 / 5762
1118 / 5762
1119 / 5762
1120 / 5762
1121 / 5762
1122 / 5762
1123 / 5762
1124 / 5762
1125 / 5762
1126 / 5762
1127 / 5762
1128 / 5762
1129 / 5762
1130 / 5762
1131 / 5762
1132 / 5762
1133 / 5762
1134 / 5762
1135 / 5762
1136 / 5762
1137 / 5762
1138 / 5762
1139 / 5762
1140 / 5762
1141 / 5762
1142 / 5762
1143 / 5762
1144 / 5762
1145 / 5762
1146 / 5762
1147 / 5762
1148 / 5762
1149 / 5762
1150 / 5762
1151 / 5762
1152 / 5762
1153 / 5762
1154 / 5762
1155 / 5762
1156 / 5762
1157 / 5762
1158 / 5762
1159 / 5762
1160 / 5762
1161 / 5762
1162 / 5762
1163 / 5762
1164 / 5762
1165 / 5762
1166 / 5762
1167 / 5762
1168 / 5762
1169 / 5762
1170 / 5762
1171 / 5762
1172 / 5762
1173 / 5762
1174 / 5762
1175 / 5762
1176 / 5762
1177 / 5762
1178 / 5762
1179 / 5762
1180 / 5762
1181 / 5762
1182 / 5762
1183 / 5762
1184 / 5762
1185 / 5762
1186 / 5762
1187 / 5762
1188 / 5762
1189 / 5762
1190 / 5762
1191 / 5762
1192 / 5762
1193 / 5762
1194 / 5762
1195 / 5762
1196 / 5762
1197 / 5762
1198 / 5762
1199 / 5762
1200 / 5762
1201 / 5762
1202 / 5762
1203 / 5762
1204 / 5762
1205 / 5762
1206 / 5762
1207 / 5762
1208 / 5762
1209 / 5762
1210 / 5762
1211 / 5762
1212 / 5762
1213 / 5762
1214 / 5762
1215 / 5762
1216 / 5762
1217 / 5762
1218 / 5762
1219 / 5762
1220 / 5762
1221 / 5762
1222 / 5762
1223 / 5762
1224 / 5762
1225 / 5762
1226 / 5762
1227 / 5762
1228 / 5762
1229 / 5762
1230 / 5762
1231 / 5762
1232 / 5762
1233 / 5762
1234 / 5762
1235 / 5762
1236 / 5762
1237 / 5762
1238 / 5762
1239 / 5762
1240 / 5762
1241 / 5762
1242 / 5762
1243 / 5762
1244 / 5762
1245 / 5762
1246 / 5762
1247 / 5762
1248 / 5762
1249 / 5762
1250 / 5762
1251 / 5762
1252 / 5762
1253 / 5762
1254 / 5762
1255 / 5762
1256 / 5762
1257 / 5762
1258 / 5762
1259 / 5762
1260 / 5762
1261 / 5762
1262 / 5762
1263 / 5762
1264 / 5762
1265 / 5762
1266 / 5762
1267 / 5762
1268 / 5762
1269 / 5762
1270 / 5762
1271 / 5762
1272 / 5762
1273 / 5762
1274 / 5762
1275 / 5762
1276 / 5762
1277 / 5762
1278 / 5762
1279 / 5762
1280 / 5762
1281 / 5762
1282 / 5762
1283 / 5762
1284 / 5762
1285 / 5762
1286 / 5762
1287 / 5762
1288 / 5762
1289 / 5762
1290 / 5762
1291 / 5762
1292 / 5762
1293 / 5762
1294 / 5762
1295 / 5762
1296 / 5762
1297 / 5762
1298 / 5762
1299 / 5762
1300 / 5762
1301 / 5762
1302 / 5762
1303 / 5762
1304 / 5762
1305 / 5762
1306 / 5762
1307 / 5762
1308 / 5762
1309 / 5762
1310 / 5762
1311 / 5762
1312 / 5762
1313 / 5762
1314 / 5762
1315 / 5762
1316 / 5762
1317 / 5762
1318 / 5762
1319 / 5762
1320 / 5762
1321 / 5762
1322 / 5762
1323 / 5762
1324 / 5762
1325 / 5762
1326 / 5762
1327 / 5762
1328 / 5762
1329 / 5762
1330 / 5762
1331 / 5762
1332 / 5762
1333 / 5762
1334 / 5762
1335 / 5762
1336 / 5762
1337 / 5762
1338 / 5762
1339 / 5762
1340 / 5762
1341 / 5762
1342 / 5762
1343 / 5762
1344 / 5762
1345 / 5762
1346 / 5762
1347 / 5762
1348 / 5762
1349 / 5762
1350 / 5762
1351 / 5762
1352 / 5762
1353 / 5762
1354 / 5762
1355 / 5762
1356 / 5762
1357 / 5762
1358 / 5762
1359 / 5762
1360 / 5762
1361 / 5762
1362 / 5762
1363 / 5762
1364 / 5762
1365 / 5762
1366 / 5762
1367 / 5762
1368 / 5762
1369 / 5762
1370 / 5762
1371 / 5762
1372 / 5762
1373 / 5762
1374 / 5762
1375 / 5762
1376 / 5762
1377 / 5762
1378 / 5762
1379 / 5762
1380 / 5762
1381 / 5762
1382 / 5762
1383 / 5762
1384 / 5762
1385 / 5762
1386 / 5762
1387 / 5762
1388 / 5762
1389 / 5762
1390 / 5762
1391 / 5762
1392 / 5762
1393 / 5762
1394 / 5762
1395 / 5762
1396 / 5762
1397 / 5762
1398 / 5762
1399 / 5762
1400 / 5762
1401 / 5762
1402 / 5762
1403 / 5762
1404 / 5762
1405 / 5762
1406 / 5762
1407 / 5762
1408 / 5762
1409 / 5762
1410 / 5762
1411 / 5762
1412 / 5762
1413 / 5762
1414 / 5762
1415 / 5762
1416 / 5762
1417 / 5762
1418 / 5762
1419 / 5762
1420 / 5762
1421 / 5762
1422 / 5762
1423 / 5762
1424 / 5762
1425 / 5762
1426 / 5762
1427 / 5762
1428 / 5762
1429 / 5762
1430 / 5762
1431 / 5762
1432 / 5762
1433 / 5762
1434 / 5762
1435 / 5762
1436 / 5762
1437 / 5762
1438 / 5762
1439 / 5762
1440 / 5762
1441 / 5762
1442 / 5762
1443 / 5762
1444 / 5762
1445 / 5762
1446 / 5762
1447 / 5762
1448 / 5762
1449 / 5762
1450 / 5762
1451 / 5762
1452 / 5762
1453 / 5762
1454 / 5762
1455 / 5762
1456 / 5762
1457 / 5762
1458 / 5762
1459 / 5762
1460 / 5762
1461 / 5762
1462 / 5762
1463 / 5762
1464 / 5762
1465 / 5762
1466 / 5762
1467 / 5762
1468 / 5762
1469 / 5762
1470 / 5762
1471 / 5762
1472 / 5762
1473 / 5762
1474 / 5762
1475 / 5762
1476 / 5762
1477 / 5762
1478 / 5762
1479 / 5762
1480 / 5762
1481 / 5762
1482 / 5762
1483 / 5762
1484 / 5762
1485 / 5762
1486 / 5762
1487 / 5762
1488 / 5762
1489 / 5762
1490 / 5762
1491 / 5762
1492 / 5762
1493 / 5762
1494 / 5762
1495 / 5762
1496 / 5762
1497 / 5762
1498 / 5762
1499 / 5762
1500 / 5762
1501 / 5762
1502 / 5762
1503 / 5762
1504 / 5762
1505 / 5762
1506 / 5762
1507 / 5762
1508 / 5762
1509 / 5762
1510 / 5762
1511 / 5762
1512 / 5762
1513 / 5762
1514 / 5762
1515 / 5762
1516 / 5762
1517 / 5762
1518 / 5762
1519 / 5762
1520 / 5762
1521 / 5762
1522 / 5762
1523 / 5762
1524 / 5762
1525 / 5762
1526 / 5762
1527 / 5762
1528 / 5762
1529 / 5762
1530 / 5762
1531 / 5762
1532 / 5762
1533 / 5762
1534 / 5762
1535 / 5762
1536 / 5762
1537 / 5762
1538 / 5762
1539 / 5762
1540 / 5762
1541 / 5762
1542 / 5762
1543 / 5762
1544 / 5762
1545 / 5762
1546 / 5762
1547 / 5762
1548 / 5762
1549 / 5762
1550 / 5762
1551 / 5762
1552 / 5762
1553 / 5762
1554 / 5762
1555 / 5762
1556 / 5762
1557 / 5762
1558 / 5762
1559 / 5762
1560 / 5762
1561 / 5762
1562 / 5762
1563 / 5762
1564 / 5762
1565 / 5762
1566 / 5762
1567 / 5762
1568 / 5762
1569 / 5762
1570 / 5762
1571 / 5762
1572 / 5762
1573 / 5762
1574 / 5762
1575 / 5762
1576 / 5762
1577 / 5762
1578 / 5762
1579 / 5762
1580 / 5762
1581 / 5762
1582 / 5762
1583 / 5762
1584 / 5762
1585 / 5762
1586 / 5762
1587 / 5762
1588 / 5762
1589 / 5762
1590 / 5762
1591 / 5762
1592 / 5762
1593 / 5762
1594 / 5762
1595 / 5762
1596 / 5762
1597 / 5762
1598 / 5762
1599 / 5762
1600 / 5762
1601 / 5762
1602 / 5762
1603 / 5762
1604 / 5762
1605 / 5762
1606 / 5762
1607 / 5762
1608 / 5762
1609 / 5762
1610 / 5762
1611 / 5762
1612 / 5762
1613 / 5762
1614 / 5762
1615 / 5762
1616 / 5762
1617 / 5762
1618 / 5762
1619 / 5762
1620 / 5762
1621 / 5762
1622 / 5762
1623 / 5762
1624 / 5762
1625 / 5762
1626 / 5762
1627 / 5762
1628 / 5762
1629 / 5762
1630 / 5762
1631 / 5762
1632 / 5762
1633 / 5762
1634 / 5762
1635 / 5762
1636 / 5762
1637 / 5762
1638 / 5762
1639 / 5762
1640 / 5762
1641 / 5762
1642 / 5762
1643 / 5762
1644 / 5762
1645 / 5762
1646 / 5762
1647 / 5762
1648 / 5762
1649 / 5762
1650 / 5762
1651 / 5762
1652 / 5762
1653 / 5762
1654 / 5762
1655 / 5762
1656 / 5762
1657 / 5762
1658 / 5762
1659 / 5762
1660 / 5762
1661 / 5762
1662 / 5762
1663 / 5762
1664 / 5762
1665 / 5762
1666 / 5762
1667 / 5762
1668 / 5762
1669 / 5762
1670 / 5762
1671 / 5762
1672 / 5762
1673 / 5762
1674 / 5762
1675 / 5762
1676 / 5762
1677 / 5762
1678 / 5762
1679 / 5762
1680 / 5762
1681 / 5762
1682 / 5762
1683 / 5762
1684 / 5762
1685 / 5762
1686 / 5762
1687 / 5762
1688 / 5762
1689 / 5762
1690 / 5762
1691 / 5762
1692 / 5762
1693 / 5762
1694 / 5762
1695 / 5762
1696 / 5762
1697 / 5762
1698 / 5762
1699 / 5762
1700 / 5762
1701 / 5762
1702 / 5762
1703 / 5762
1704 / 5762
1705 / 5762
1706 / 5762
1707 / 5762
1708 / 5762
1709 / 5762
1710 / 5762
1711 / 5762
1712 / 5762
1713 / 5762
1714 / 5762
1715 / 5762
1716 / 5762
1717 / 5762
1718 / 5762
1719 / 5762
1720 / 5762
1721 / 5762
1722 / 5762
1723 / 5762
1724 / 5762
1725 / 5762
1726 / 5762
1727 / 5762
1728 / 5762
1729 / 5762
1730 / 5762
1731 / 5762
1732 / 5762
1733 / 5762
1734 / 5762
1735 / 5762
1736 / 5762
1737 / 5762
1738 / 5762
1739 / 5762
1740 / 5762
1741 / 5762
1742 / 5762
1743 / 5762
1744 / 5762
1745 / 5762
1746 / 5762
1747 / 5762
1748 / 5762
1749 / 5762
1750 / 5762
1751 / 5762
1752 / 5762
1753 / 5762
1754 / 5762
1755 / 5762
1756 / 5762
1757 / 5762
1758 / 5762
1759 / 5762
1760 / 5762
1761 / 5762
1762 / 5762
1763 / 5762
1764 / 5762
1765 / 5762
1766 / 5762
1767 / 5762
1768 / 5762
1769 / 5762
1770 / 5762
1771 / 5762
1772 / 5762
1773 / 5762
1774 / 5762
1775 / 5762
1776 / 5762
1777 / 5762
1778 / 5762
1779 / 5762
1780 / 5762
1781 / 5762
1782 / 5762
1783 / 5762
1784 / 5762
1785 / 5762
1786 / 5762
1787 / 5762
1788 / 5762
1789 / 5762
1790 / 5762
1791 / 5762
1792 / 5762
1793 / 5762
1794 / 5762
1795 / 5762
1796 / 5762
1797 / 5762
1798 / 5762
1799 / 5762
1800 / 5762
1801 / 5762
1802 / 5762
1803 / 5762
1804 / 5762
1805 / 5762
1806 / 5762
1807 / 5762
1808 / 5762
1809 / 5762
1810 / 5762
1811 / 5762
1812 / 5762
1813 / 5762
1814 / 5762
1815 / 5762
1816 / 5762
1817 / 5762
1818 / 5762
1819 / 5762
1820 / 5762
1821 / 5762
1822 / 5762
1823 / 5762
1824 / 5762
1825 / 5762
1826 / 5762
1827 / 5762
1828 / 5762
1829 / 5762
1830 / 5762
1831 / 5762
1832 / 5762
1833 / 5762
1834 / 5762
1835 / 5762
1836 / 5762
1837 / 5762
1838 / 5762
1839 / 5762
1840 / 5762
1841 / 5762
1842 / 5762
1843 / 5762
1844 / 5762
1845 / 5762
1846 / 5762
1847 / 5762
1848 / 5762
1849 / 5762
1850 / 5762
1851 / 5762
1852 / 5762
1853 / 5762
1854 / 5762
1855 / 5762
1856 / 5762
1857 / 5762
1858 / 5762
1859 / 5762
1860 / 5762
1861 / 5762
1862 / 5762
1863 / 5762
1864 / 5762
1865 / 5762
1866 / 5762
1867 / 5762
1868 / 5762
1869 / 5762
1870 / 5762
1871 / 5762
1872 / 5762
1873 / 5762
1874 / 5762
1875 / 5762
1876 / 5762
1877 / 5762
1878 / 5762
1879 / 5762
1880 / 5762
1881 / 5762
1882 / 5762
1883 / 5762
1884 / 5762
1885 / 5762
1886 / 5762
1887 / 5762
1888 / 5762
1889 / 5762
1890 / 5762
1891 / 5762
1892 / 5762
1893 / 5762
1894 / 5762
1895 / 5762
1896 / 5762
1897 / 5762
1898 / 5762
1899 / 5762
1900 / 5762
1901 / 5762
1902 / 5762
1903 / 5762
1904 / 5762
1905 / 5762
1906 / 5762
1907 / 5762
1908 / 5762
1909 / 5762
1910 / 5762
1911 / 5762
1912 / 5762
1913 / 5762
1914 / 5762
1915 / 5762
1916 / 5762
1917 / 5762
1918 / 5762
1919 / 5762
1920 / 5762
1921 / 5762
1922 / 5762
1923 / 5762
1924 / 5762
1925 / 5762
1926 / 5762
1927 / 5762
1928 / 5762
1929 / 5762
1930 / 5762
1931 / 5762
1932 / 5762
1933 / 5762
1934 / 5762
1935 / 5762
1936 / 5762
1937 / 5762
1938 / 5762
1939 / 5762
1940 / 5762
1941 / 5762
1942 / 5762
1943 / 5762
1944 / 5762
1945 / 5762
1946 / 5762
1947 / 5762
1948 / 5762
1949 / 5762
1950 / 5762
1951 / 5762
1952 / 5762
1953 / 5762
1954 / 5762
1955 / 5762
1956 / 5762
1957 / 5762
1958 / 5762
1959 / 5762
1960 / 5762
1961 / 5762
1962 / 5762
1963 / 5762
1964 / 5762
1965 / 5762
1966 / 5762
1967 / 5762
1968 / 5762
1969 / 5762
1970 / 5762
1971 / 5762
1972 / 5762
1973 / 5762
1974 / 5762
1975 / 5762
1976 / 5762
1977 / 5762
1978 / 5762
1979 / 5762
1980 / 5762
1981 / 5762
1982 / 5762
1983 / 5762
1984 / 5762
1985 / 5762
1986 / 5762
1987 / 5762
1988 / 5762
1989 / 5762
1990 / 5762
1991 / 5762
1992 / 5762
1993 / 5762
1994 / 5762
1995 / 5762
1996 / 5762
1997 / 5762
1998 / 5762
1999 / 5762
2000 / 5762
2001 / 5762
2002 / 5762
2003 / 5762
2004 / 5762
2005 / 5762
2006 / 5762
2007 / 5762
2008 / 5762
2009 / 5762
2010 / 5762
2011 / 5762
2012 / 5762
2013 / 5762
2014 / 5762
2015 / 5762
2016 / 5762
2017 / 5762
2018 / 5762
2019 / 5762
2020 / 5762
2021 / 5762
2022 / 5762
2023 / 5762
2024 / 5762
2025 / 5762
2026 / 5762
2027 / 5762
2028 / 5762
2029 / 5762
2030 / 5762
2031 / 5762
2032 / 5762
2033 / 5762
2034 / 5762
2035 / 5762
2036 / 5762
2037 / 5762
2038 / 5762
2039 / 5762
2040 / 5762
2041 / 5762
2042 / 5762
2043 / 5762
2044 / 5762
2045 / 5762
2046 / 5762
2047 / 5762
2048 / 5762
2049 / 5762
2050 / 5762
2051 / 5762
2052 / 5762
2053 / 5762
2054 / 5762
2055 / 5762
2056 / 5762
2057 / 5762
2058 / 5762
2059 / 5762
2060 / 5762
2061 / 5762
2062 / 5762
2063 / 5762
2064 / 5762
2065 / 5762
2066 / 5762
2067 / 5762
2068 / 5762
2069 / 5762
2070 / 5762
2071 / 5762
2072 / 5762
2073 / 5762
2074 / 5762
2075 / 5762
2076 / 5762
2077 / 5762
2078 / 5762
2079 / 5762
2080 / 5762
2081 / 5762
2082 / 5762
2083 / 5762
2084 / 5762
2085 / 5762
2086 / 5762
2087 / 5762
2088 / 5762
2089 / 5762
2090 / 5762
2091 / 5762
2092 / 5762
2093 / 5762
2094 / 5762
2095 / 5762
2096 / 5762
2097 / 5762
2098 / 5762
2099 / 5762
2100 / 5762
2101 / 5762
2102 / 5762
2103 / 5762
2104 / 5762
2105 / 5762
2106 / 5762
2107 / 5762
2108 / 5762
2109 / 5762
2110 / 5762
2111 / 5762
2112 / 5762
2113 / 5762
2114 / 5762
2115 / 5762
2116 / 5762
2117 / 5762
2118 / 5762
2119 / 5762
2120 / 5762
2121 / 5762
2122 / 5762
2123 / 5762
2124 / 5762
2125 / 5762
2126 / 5762
2127 / 5762
2128 / 5762
2129 / 5762
2130 / 5762
2131 / 5762
2132 / 5762
2133 / 5762
2134 / 5762
2135 / 5762
2136 / 5762
2137 / 5762
2138 / 5762
2139 / 5762
2140 / 5762
2141 / 5762
2142 / 5762
2143 / 5762
2144 / 5762
2145 / 5762
2146 / 5762
2147 / 5762
2148 / 5762
2149 / 5762
2150 / 5762
2151 / 5762
2152 / 5762
2153 / 5762
2154 / 5762
2155 / 5762
2156 / 5762
2157 / 5762
2158 / 5762
2159 / 5762
2160 / 5762
2161 / 5762
2162 / 5762
2163 / 5762
2164 / 5762
2165 / 5762
2166 / 5762
2167 / 5762
2168 / 5762
2169 / 5762
2170 / 5762
2171 / 5762
2172 / 5762
2173 / 5762
2174 / 5762
2175 / 5762
2176 / 5762
2177 / 5762
2178 / 5762
2179 / 5762
2180 / 5762
2181 / 5762
2182 / 5762
2183 / 5762
2184 / 5762
2185 / 5762
2186 / 5762
2187 / 5762
2188 / 5762
2189 / 5762
2190 / 5762
2191 / 5762
2192 / 5762
2193 / 5762
2194 / 5762
2195 / 5762
2196 / 5762
2197 / 5762
2198 / 5762
2199 / 5762
2200 / 5762
2201 / 5762
2202 / 5762
2203 / 5762
2204 / 5762
2205 / 5762
2206 / 5762
2207 / 5762
2208 / 5762
2209 / 5762
2210 / 5762
2211 / 5762
2212 / 5762
2213 / 5762
2214 / 5762
2215 / 5762
2216 / 5762
2217 / 5762
2218 / 5762
2219 / 5762
2220 / 5762
2221 / 5762
2222 / 5762
2223 / 5762
2224 / 5762
2225 / 5762
2226 / 5762
2227 / 5762
2228 / 5762
2229 / 5762
2230 / 5762
2231 / 5762
2232 / 5762
2233 / 5762
2234 / 5762
2235 / 5762
2236 / 5762
2237 / 5762
2238 / 5762
2239 / 5762
2240 / 5762
2241 / 5762
2242 / 5762
2243 / 5762
2244 / 5762
2245 / 5762
2246 / 5762
2247 / 5762
2248 / 5762
2249 / 5762
2250 / 5762
2251 / 5762
2252 / 5762
2253 / 5762
2254 / 5762
2255 / 5762
2256 / 5762
2257 / 5762
2258 / 5762
2259 / 5762
2260 / 5762
2261 / 5762
2262 / 5762
2263 / 5762
2264 / 5762
2265 / 5762
2266 / 5762
2267 / 5762
2268 / 5762
2269 / 5762
2270 / 5762
2271 / 5762
2272 / 5762
2273 / 5762
2274 / 5762
2275 / 5762
2276 / 5762
2277 / 5762
2278 / 5762
2279 / 5762
2280 / 5762
2281 / 5762
2282 / 5762
2283 / 5762
2284 / 5762
2285 / 5762
2286 / 5762
2287 / 5762
2288 / 5762
2289 / 5762
2290 / 5762
2291 / 5762
2292 / 5762
2293 / 5762
2294 / 5762
2295 / 5762
2296 / 5762
2297 / 5762
2298 / 5762
2299 / 5762
2300 / 5762
2301 / 5762
2302 / 5762
2303 / 5762
2304 / 5762
2305 / 5762
2306 / 5762
2307 / 5762
2308 / 5762
2309 / 5762
2310 / 5762
2311 / 5762
2312 / 5762
2313 / 5762
2314 / 5762
2315 / 5762
2316 / 5762
2317 / 5762
2318 / 5762
2319 / 5762
2320 / 5762
2321 / 5762
2322 / 5762
2323 / 5762
2324 / 5762
2325 / 5762
2326 / 5762
2327 / 5762
2328 / 5762
2329 / 5762
2330 / 5762
2331 / 5762
2332 / 5762
2333 / 5762
2334 / 5762
2335 / 5762
2336 / 5762
2337 / 5762
2338 / 5762
2339 / 5762
2340 / 5762
2341 / 5762
2342 / 5762
2343 / 5762
2344 / 5762
2345 / 5762
2346 / 5762
2347 / 5762
2348 / 5762
2349 / 5762
2350 / 5762
2351 / 5762
2352 / 5762
2353 / 5762
2354 / 5762
2355 / 5762
2356 / 5762
2357 / 5762
2358 / 5762
2359 / 5762
2360 / 5762
2361 / 5762
2362 / 5762
2363 / 5762
2364 / 5762
2365 / 5762
2366 / 5762
2367 / 5762
2368 / 5762
2369 / 5762
2370 / 5762
2371 / 5762
2372 / 5762
2373 / 5762
2374 / 5762
2375 / 5762
2376 / 5762
2377 / 5762
2378 / 5762
2379 / 5762
2380 / 5762
2381 / 5762
2382 / 5762
2383 / 5762
2384 / 5762
2385 / 5762
2386 / 5762
2387 / 5762
2388 / 5762
2389 / 5762
2390 / 5762
2391 / 5762
2392 / 5762
2393 / 5762
2394 / 5762
2395 / 5762
2396 / 5762
2397 / 5762
2398 / 5762
2399 / 5762
2400 / 5762
2401 / 5762
2402 / 5762
2403 / 5762
2404 / 5762
2405 / 5762
2406 / 5762
2407 / 5762
2408 / 5762
2409 / 5762
2410 / 5762
2411 / 5762
2412 / 5762
2413 / 5762
2414 / 5762
2415 / 5762
2416 / 5762
2417 / 5762
2418 / 5762
2419 / 5762
2420 / 5762
2421 / 5762
2422 / 5762
2423 / 5762
2424 / 5762
2425 / 5762
2426 / 5762
2427 / 5762
2428 / 5762
2429 / 5762
2430 / 5762
2431 / 5762
2432 / 5762
2433 / 5762
2434 / 5762
2435 / 5762
2436 / 5762
2437 / 5762
2438 / 5762
2439 / 5762
2440 / 5762
2441 / 5762
2442 / 5762
2443 / 5762
2444 / 5762
2445 / 5762
2446 / 5762
2447 / 5762
2448 / 5762
2449 / 5762
2450 / 5762
2451 / 5762
2452 / 5762
2453 / 5762
2454 / 5762
2455 / 5762
2456 / 5762
2457 / 5762
2458 / 5762
2459 / 5762
2460 / 5762
2461 / 5762
2462 / 5762
2463 / 5762
2464 / 5762
2465 / 5762
2466 / 5762
2467 / 5762
2468 / 5762
2469 / 5762
2470 / 5762
2471 / 5762
2472 / 5762
2473 / 5762
2474 / 5762
2475 / 5762
2476 / 5762
2477 / 5762
2478 / 5762
2479 / 5762
2480 / 5762
2481 / 5762
2482 / 5762
2483 / 5762
2484 / 5762
2485 / 5762
2486 / 5762
2487 / 5762
2488 / 5762
2489 / 5762
2490 / 5762
2491 / 5762
2492 / 5762
2493 / 5762
2494 / 5762
2495 / 5762
2496 / 5762
2497 / 5762
2498 / 5762
2499 / 5762
2500 / 5762
2501 / 5762
2502 / 5762
2503 / 5762
2504 / 5762
2505 / 5762
2506 / 5762
2507 / 5762
2508 / 5762
2509 / 5762
2510 / 5762
2511 / 5762
2512 / 5762
2513 / 5762
2514 / 5762
2515 / 5762
2516 / 5762
2517 / 5762
2518 / 5762
2519 / 5762
2520 / 5762
2521 / 5762
2522 / 5762
2523 / 5762
2524 / 5762
2525 / 5762
2526 / 5762
2527 / 5762
2528 / 5762
2529 / 5762
2530 / 5762
2531 / 5762
2532 / 5762
2533 / 5762
2534 / 5762
2535 / 5762
2536 / 5762
2537 / 5762
2538 / 5762
2539 / 5762
2540 / 5762
2541 / 5762
2542 / 5762
2543 / 5762
2544 / 5762
2545 / 5762
2546 / 5762
2547 / 5762
2548 / 5762
2549 / 5762
2550 / 5762
2551 / 5762
2552 / 5762
2553 / 5762
2554 / 5762
2555 / 5762
2556 / 5762
2557 / 5762
2558 / 5762
2559 / 5762
2560 / 5762
2561 / 5762
2562 / 5762
2563 / 5762
2564 / 5762
2565 / 5762
2566 / 5762
2567 / 5762
2568 / 5762
2569 / 5762
2570 / 5762
2571 / 5762
2572 / 5762
2573 / 5762
2574 / 5762
2575 / 5762
2576 / 5762
2577 / 5762
2578 / 5762
2579 / 5762
2580 / 5762
2581 / 5762
2582 / 5762
2583 / 5762
2584 / 5762
2585 / 5762
2586 / 5762
2587 / 5762
2588 / 5762
2589 / 5762
2590 / 5762
2591 / 5762
2592 / 5762
2593 / 5762
2594 / 5762
2595 / 5762
2596 / 5762
2597 / 5762
2598 / 5762
2599 / 5762
2600 / 5762
2601 / 5762
2602 / 5762
2603 / 5762
2604 / 5762
2605 / 5762
2606 / 5762
2607 / 5762
2608 / 5762
2609 / 5762
2610 / 5762
2611 / 5762
2612 / 5762
2613 / 5762
2614 / 5762
2615 / 5762
2616 / 5762
2617 / 5762
2618 / 5762
2619 / 5762
2620 / 5762
2621 / 5762
2622 / 5762
2623 / 5762
2624 / 5762
2625 / 5762
2626 / 5762
2627 / 5762
2628 / 5762
2629 / 5762
2630 / 5762
2631 / 5762
2632 / 5762
2633 / 5762
2634 / 5762
2635 / 5762
2636 / 5762
2637 / 5762
2638 / 5762
2639 / 5762
2640 / 5762
2641 / 5762
2642 / 5762
2643 / 5762
2644 / 5762
2645 / 5762
2646 / 5762
2647 / 5762
2648 / 5762
2649 / 5762
2650 / 5762
2651 / 5762
2652 / 5762
2653 / 5762
2654 / 5762
2655 / 5762
2656 / 5762
2657 / 5762
2658 / 5762
2659 / 5762
2660 / 5762
2661 / 5762
2662 / 5762
2663 / 5762
2664 / 5762
2665 / 5762
2666 / 5762
2667 / 5762
2668 / 5762
2669 / 5762
2670 / 5762
2671 / 5762
2672 / 5762
2673 / 5762
2674 / 5762
2675 / 5762
2676 / 5762
2677 / 5762
2678 / 5762
2679 / 5762
2680 / 5762
2681 / 5762
2682 / 5762
2683 / 5762
2684 / 5762
2685 / 5762
2686 / 5762
2687 / 5762
2688 / 5762
2689 / 5762
2690 / 5762
2691 / 5762
2692 / 5762
2693 / 5762
2694 / 5762
2695 / 5762
2696 / 5762
2697 / 5762
2698 / 5762
2699 / 5762
2700 / 5762
2701 / 5762
2702 / 5762
2703 / 5762
2704 / 5762
2705 / 5762
2706 / 5762
2707 / 5762
2708 / 5762
2709 / 5762
2710 / 5762
2711 / 5762
2712 / 5762
2713 / 5762
2714 / 5762
2715 / 5762
2716 / 5762
2717 / 5762
2718 / 5762
2719 / 5762
2720 / 5762
2721 / 5762
2722 / 5762
2723 / 5762
2724 / 5762
2725 / 5762
2726 / 5762
2727 / 5762
2728 / 5762
2729 / 5762
2730 / 5762
2731 / 5762
2732 / 5762
2733 / 5762
2734 / 5762
2735 / 5762
2736 / 5762
2737 / 5762
2738 / 5762
2739 / 5762
2740 / 5762
2741 / 5762
2742 / 5762
2743 / 5762
2744 / 5762
2745 / 5762
2746 / 5762
2747 / 5762
2748 / 5762
2749 / 5762
2750 / 5762
2751 / 5762
2752 / 5762
2753 / 5762
2754 / 5762
2755 / 5762
2756 / 5762
2757 / 5762
2758 / 5762
2759 / 5762
2760 / 5762
2761 / 5762
2762 / 5762
2763 / 5762
2764 / 5762
2765 / 5762
2766 / 5762
2767 / 5762
2768 / 5762
2769 / 5762
2770 / 5762
2771 / 5762
2772 / 5762
2773 / 5762
2774 / 5762
2775 / 5762
2776 / 5762
2777 / 5762
2778 / 5762
2779 / 5762
2780 / 5762
2781 / 5762
2782 / 5762
2783 / 5762
2784 / 5762
2785 / 5762
2786 / 5762
2787 / 5762
2788 / 5762
2789 / 5762
2790 / 5762
2791 / 5762
2792 / 5762
2793 / 5762
2794 / 5762
2795 / 5762
2796 / 5762
2797 / 5762
2798 / 5762
2799 / 5762
2800 / 5762
2801 / 5762
2802 / 5762
2803 / 5762
2804 / 5762
2805 / 5762
2806 / 5762
2807 / 5762
2808 / 5762
2809 / 5762
2810 / 5762
2811 / 5762
2812 / 5762
2813 / 5762
2814 / 5762
2815 / 5762
2816 / 5762
2817 / 5762
2818 / 5762
2819 / 5762
2820 / 5762
2821 / 5762
2822 / 5762
2823 / 5762
2824 / 5762
2825 / 5762
2826 / 5762
2827 / 5762
2828 / 5762
2829 / 5762
2830 / 5762
2831 / 5762
2832 / 5762
2833 / 5762
2834 / 5762
2835 / 5762
2836 / 5762
2837 / 5762
2838 / 5762
2839 / 5762
2840 / 5762
2841 / 5762
2842 / 5762
2843 / 5762
2844 / 5762
2845 / 5762
2846 / 5762
2847 / 5762
2848 / 5762
2849 / 5762
2850 / 5762
2851 / 5762
2852 / 5762
2853 / 5762
2854 / 5762
2855 / 5762
2856 / 5762
2857 / 5762
2858 / 5762
2859 / 5762
2860 / 5762
2861 / 5762
2862 / 5762
2863 / 5762
2864 / 5762
2865 / 5762
2866 / 5762
2867 / 5762
2868 / 5762
2869 / 5762
2870 / 5762
2871 / 5762
2872 / 5762
2873 / 5762
2874 / 5762
2875 / 5762
2876 / 5762
2877 / 5762
2878 / 5762
2879 / 5762
2880 / 5762
2881 / 5762
2882 / 5762
2883 / 5762
2884 / 5762
2885 / 5762
2886 / 5762
2887 / 5762
2888 / 5762
2889 / 5762
2890 / 5762
2891 / 5762
2892 / 5762
2893 / 5762
2894 / 5762
2895 / 5762
2896 / 5762
2897 / 5762
2898 / 5762
2899 / 5762
2900 / 5762
2901 / 5762
2902 / 5762
2903 / 5762
2904 / 5762
2905 / 5762
2906 / 5762
2907 / 5762
2908 / 5762
2909 / 5762
2910 / 5762
2911 / 5762
2912 / 5762
2913 / 5762
2914 / 5762
2915 / 5762
2916 / 5762
2917 / 5762
2918 / 5762
2919 / 5762
2920 / 5762
2921 / 5762
2922 / 5762
2923 / 5762
2924 / 5762
2925 / 5762
2926 / 5762
2927 / 5762
2928 / 5762
2929 / 5762
2930 / 5762
2931 / 5762
2932 / 5762
2933 / 5762
2934 / 5762
2935 / 5762
2936 / 5762
2937 / 5762
2938 / 5762
2939 / 5762
2940 / 5762
2941 / 5762
2942 / 5762
2943 / 5762
2944 / 5762
2945 / 5762
2946 / 5762
2947 / 5762
2948 / 5762
2949 / 5762
2950 / 5762
2951 / 5762
2952 / 5762
2953 / 5762
2954 / 5762
2955 / 5762
2956 / 5762
2957 / 5762
2958 / 5762
2959 / 5762
2960 / 5762
2961 / 5762
2962 / 5762
2963 / 5762
2964 / 5762
2965 / 5762
2966 / 5762
2967 / 5762
2968 / 5762
2969 / 5762
2970 / 5762
2971 / 5762
2972 / 5762
2973 / 5762
2974 / 5762
2975 / 5762
2976 / 5762
2977 / 5762
2978 / 5762
2979 / 5762
2980 / 5762
2981 / 5762
2982 / 5762
2983 / 5762
2984 / 5762
2985 / 5762
2986 / 5762
2987 / 5762
2988 / 5762
2989 / 5762
2990 / 5762
2991 / 5762
2992 / 5762
2993 / 5762
2994 / 5762
2995 / 5762
2996 / 5762
2997 / 5762
2998 / 5762
2999 / 5762
3000 / 5762
3001 / 5762
3002 / 5762
3003 / 5762
3004 / 5762
3005 / 5762
3006 / 5762
3007 / 5762
3008 / 5762
3009 / 5762
3010 / 5762
3011 / 5762
3012 / 5762
3013 / 5762
3014 / 5762
3015 / 5762
3016 / 5762
3017 / 5762
3018 / 5762
3019 / 5762
3020 / 5762
3021 / 5762
3022 / 5762
3023 / 5762
3024 / 5762
3025 / 5762
3026 / 5762
3027 / 5762
3028 / 5762
3029 / 5762
3030 / 5762
3031 / 5762
3032 / 5762
3033 / 5762
3034 / 5762
3035 / 5762
3036 / 5762
3037 / 5762
3038 / 5762
3039 / 5762
3040 / 5762
3041 / 5762
3042 / 5762
3043 / 5762
3044 / 5762
3045 / 5762
3046 / 5762
3047 / 5762
3048 / 5762
3049 / 5762
3050 / 5762
3051 / 5762
3052 / 5762
3053 / 5762
3054 / 5762
3055 / 5762
3056 / 5762
3057 / 5762
3058 / 5762
3059 / 5762
3060 / 5762
3061 / 5762
3062 / 5762
3063 / 5762
3064 / 5762
3065 / 5762
3066 / 5762
3067 / 5762
3068 / 5762
3069 / 5762
3070 / 5762
3071 / 5762
3072 / 5762
3073 / 5762
3074 / 5762
3075 / 5762
3076 / 5762
3077 / 5762
3078 / 5762
3079 / 5762
3080 / 5762
3081 / 5762
3082 / 5762
3083 / 5762
3084 / 5762
3085 / 5762
3086 / 5762
3087 / 5762
3088 / 5762
3089 / 5762
3090 / 5762
3091 / 5762
3092 / 5762
3093 / 5762
3094 / 5762
3095 / 5762
3096 / 5762
3097 / 5762
3098 / 5762
3099 / 5762
3100 / 5762
3101 / 5762
3102 / 5762
3103 / 5762
3104 / 5762
3105 / 5762
3106 / 5762
3107 / 5762
3108 / 5762
3109 / 5762
3110 / 5762
3111 / 5762
3112 / 5762
3113 / 5762
3114 / 5762
3115 / 5762
3116 / 5762
3117 / 5762
3118 / 5762
3119 / 5762
3120 / 5762
3121 / 5762
3122 / 5762
3123 / 5762
3124 / 5762
3125 / 5762
3126 / 5762
3127 / 5762
3128 / 5762
3129 / 5762
3130 / 5762
3131 / 5762
3132 / 5762
3133 / 5762
3134 / 5762
3135 / 5762
3136 / 5762
3137 / 5762
3138 / 5762
3139 / 5762
3140 / 5762
3141 / 5762
3142 / 5762
3143 / 5762
3144 / 5762
3145 / 5762
3146 / 5762
3147 / 5762
3148 / 5762
3149 / 5762
3150 / 5762
3151 / 5762
3152 / 5762
3153 / 5762
3154 / 5762
3155 / 5762
3156 / 5762
3157 / 5762
3158 / 5762
3159 / 5762
3160 / 5762
3161 / 5762
3162 / 5762
3163 / 5762
3164 / 5762
3165 / 5762
3166 / 5762
3167 / 5762
3168 / 5762
3169 / 5762
3170 / 5762
3171 / 5762
3172 / 5762
3173 / 5762
3174 / 5762
3175 / 5762
3176 / 5762
3177 / 5762
3178 / 5762
3179 / 5762
3180 / 5762
3181 / 5762
3182 / 5762
3183 / 5762
3184 / 5762
3185 / 5762
3186 / 5762
3187 / 5762
3188 / 5762
3189 / 5762
3190 / 5762
3191 / 5762
3192 / 5762
3193 / 5762
3194 / 5762
3195 / 5762
3196 / 5762
3197 / 5762
3198 / 5762
3199 / 5762
3200 / 5762
3201 / 5762
3202 / 5762
3203 / 5762
3204 / 5762
3205 / 5762
3206 / 5762
3207 / 5762
3208 / 5762
3209 / 5762
3210 / 5762
3211 / 5762
3212 / 5762
3213 / 5762
3214 / 5762
3215 / 5762
3216 / 5762
3217 / 5762
3218 / 5762
3219 / 5762
3220 / 5762
3221 / 5762
3222 / 5762
3223 / 5762
3224 / 5762
3225 / 5762
3226 / 5762
3227 / 5762
3228 / 5762
3229 / 5762
3230 / 5762
3231 / 5762
3232 / 5762
3233 / 5762
3234 / 5762
3235 / 5762
3236 / 5762
3237 / 5762
3238 / 5762
3239 / 5762
3240 / 5762
3241 / 5762
3242 / 5762
3243 / 5762
3244 / 5762
3245 / 5762
3246 / 5762
3247 / 5762
3248 / 5762
3249 / 5762
3250 / 5762
3251 / 5762
3252 / 5762
3253 / 5762
3254 / 5762
3255 / 5762
3256 / 5762
3257 / 5762
3258 / 5762
3259 / 5762
3260 / 5762
3261 / 5762
3262 / 5762
3263 / 5762
3264 / 5762
3265 / 5762
3266 / 5762
3267 / 5762
3268 / 5762
3269 / 5762
3270 / 5762
3271 / 5762
3272 / 5762
3273 / 5762
3274 / 5762
3275 / 5762
3276 / 5762
3277 / 5762
3278 / 5762
3279 / 5762
3280 / 5762
3281 / 5762
3282 / 5762
3283 / 5762
3284 / 5762
3285 / 5762
3286 / 5762
3287 / 5762
3288 / 5762
3289 / 5762
3290 / 5762
3291 / 5762
3292 / 5762
3293 / 5762
3294 / 5762
3295 / 5762
3296 / 5762
3297 / 5762
3298 / 5762
3299 / 5762
3300 / 5762
3301 / 5762
3302 / 5762
3303 / 5762
3304 / 5762
3305 / 5762
3306 / 5762
3307 / 5762
3308 / 5762
3309 / 5762
3310 / 5762
3311 / 5762
3312 / 5762
3313 / 5762
3314 / 5762
3315 / 5762
3316 / 5762
3317 / 5762
3318 / 5762
3319 / 5762
3320 / 5762
3321 / 5762
3322 / 5762
3323 / 5762
3324 / 5762
3325 / 5762
3326 / 5762
3327 / 5762
3328 / 5762
3329 / 5762
3330 / 5762
3331 / 5762
3332 / 5762
3333 / 5762
3334 / 5762
3335 / 5762
3336 / 5762
3337 / 5762
3338 / 5762
3339 / 5762
3340 / 5762
3341 / 5762
3342 / 5762
3343 / 5762
3344 / 5762
3345 / 5762
3346 / 5762
3347 / 5762
3348 / 5762
3349 / 5762
3350 / 5762
3351 / 5762
3352 / 5762
3353 / 5762
3354 / 5762
3355 / 5762
3356 / 5762
3357 / 5762
3358 / 5762
3359 / 5762
3360 / 5762
3361 / 5762
3362 / 5762
3363 / 5762
3364 / 5762
3365 / 5762
3366 / 5762
3367 / 5762
3368 / 5762
3369 / 5762
3370 / 5762
3371 / 5762
3372 / 5762
3373 / 5762
3374 / 5762
3375 / 5762
3376 / 5762
3377 / 5762
3378 / 5762
3379 / 5762
3380 / 5762
3381 / 5762
3382 / 5762
3383 / 5762
3384 / 5762
3385 / 5762
3386 / 5762
3387 / 5762
3388 / 5762
3389 / 5762
3390 / 5762
3391 / 5762
3392 / 5762
3393 / 5762
3394 / 5762
3395 / 5762
3396 / 5762
3397 / 5762
3398 / 5762
3399 / 5762
3400 / 5762
3401 / 5762
3402 / 5762
3403 / 5762
3404 / 5762
3405 / 5762
3406 / 5762
3407 / 5762
3408 / 5762
3409 / 5762
3410 / 5762
3411 / 5762
3412 / 5762
3413 / 5762
3414 / 5762
3415 / 5762
3416 / 5762
3417 / 5762
3418 / 5762
3419 / 5762
3420 / 5762
3421 / 5762
3422 / 5762
3423 / 5762
3424 / 5762
3425 / 5762
3426 / 5762
3427 / 5762
3428 / 5762
3429 / 5762
3430 / 5762
3431 / 5762
3432 / 5762
3433 / 5762
3434 / 5762
3435 / 5762
3436 / 5762
3437 / 5762
3438 / 5762
3439 / 5762
3440 / 5762
3441 / 5762
3442 / 5762
3443 / 5762
3444 / 5762
3445 / 5762
3446 / 5762
3447 / 5762
3448 / 5762
3449 / 5762
3450 / 5762
3451 / 5762
3452 / 5762
3453 / 5762
3454 / 5762
3455 / 5762
3456 / 5762
3457 / 5762
3458 / 5762
3459 / 5762
3460 / 5762
3461 / 5762
3462 / 5762
3463 / 5762
3464 / 5762
3465 / 5762
3466 / 5762
3467 / 5762
3468 / 5762
3469 / 5762
3470 / 5762
3471 / 5762
3472 / 5762
3473 / 5762
3474 / 5762
3475 / 5762
3476 / 5762
3477 / 5762
3478 / 5762
3479 / 5762
3480 / 5762
3481 / 5762
3482 / 5762
3483 / 5762
3484 / 5762
3485 / 5762
3486 / 5762
3487 / 5762
3488 / 5762
3489 / 5762
3490 / 5762
3491 / 5762
3492 / 5762
3493 / 5762
3494 / 5762
3495 / 5762
3496 / 5762
3497 / 5762
3498 / 5762
3499 / 5762
3500 / 5762
3501 / 5762
3502 / 5762
3503 / 5762
3504 / 5762
3505 / 5762
3506 / 5762
3507 / 5762
3508 / 5762
3509 / 5762
3510 / 5762
3511 / 5762
3512 / 5762
3513 / 5762
3514 / 5762
3515 / 5762
3516 / 5762
3517 / 5762
3518 / 5762
3519 / 5762
3520 / 5762
3521 / 5762
3522 / 5762
3523 / 5762
3524 / 5762
3525 / 5762
3526 / 5762
3527 / 5762
3528 / 5762
3529 / 5762
3530 / 5762
3531 / 5762
3532 / 5762
3533 / 5762
3534 / 5762
3535 / 5762
3536 / 5762
3537 / 5762
3538 / 5762
3539 / 5762
3540 / 5762
3541 / 5762
3542 / 5762
3543 / 5762
3544 / 5762
3545 / 5762
3546 / 5762
3547 / 5762
3548 / 5762
3549 / 5762
3550 / 5762
3551 / 5762
3552 / 5762
3553 / 5762
3554 / 5762
3555 / 5762
3556 / 5762
3557 / 5762
3558 / 5762
3559 / 5762
3560 / 5762
3561 / 5762
3562 / 5762
3563 / 5762
3564 / 5762
3565 / 5762
3566 / 5762
3567 / 5762
3568 / 5762
3569 / 5762
3570 / 5762
3571 / 5762
3572 / 5762
3573 / 5762
3574 / 5762
3575 / 5762
3576 / 5762
3577 / 5762
3578 / 5762
3579 / 5762
3580 / 5762
3581 / 5762
3582 / 5762
3583 / 5762
3584 / 5762
3585 / 5762
3586 / 5762
3587 / 5762
3588 / 5762
3589 / 5762
3590 / 5762
3591 / 5762
3592 / 5762
3593 / 5762
3594 / 5762
3595 / 5762
3596 / 5762
3597 / 5762
3598 / 5762
3599 / 5762
3600 / 5762
3601 / 5762
3602 / 5762
3603 / 5762
3604 / 5762
3605 / 5762
3606 / 5762
3607 / 5762
3608 / 5762
3609 / 5762
3610 / 5762
3611 / 5762
3612 / 5762
3613 / 5762
3614 / 5762
3615 / 5762
3616 / 5762
3617 / 5762
3618 / 5762
3619 / 5762
3620 / 5762
3621 / 5762
3622 / 5762
3623 / 5762
3624 / 5762
3625 / 5762
3626 / 5762
3627 / 5762
3628 / 5762
3629 / 5762
3630 / 5762
3631 / 5762
3632 / 5762
3633 / 5762
3634 / 5762
3635 / 5762
3636 / 5762
3637 / 5762
3638 / 5762
3639 / 5762
3640 / 5762
3641 / 5762
3642 / 5762
3643 / 5762
3644 / 5762
3645 / 5762
3646 / 5762
3647 / 5762
3648 / 5762
3649 / 5762
3650 / 5762
3651 / 5762
3652 / 5762
3653 / 5762
3654 / 5762
3655 / 5762
3656 / 5762
3657 / 5762
3658 / 5762
3659 / 5762
3660 / 5762
3661 / 5762
3662 / 5762
3663 / 5762
3664 / 5762
3665 / 5762
3666 / 5762
3667 / 5762
3668 / 5762
3669 / 5762
3670 / 5762
3671 / 5762
3672 / 5762
3673 / 5762
3674 / 5762
3675 / 5762
3676 / 5762
3677 / 5762
3678 / 5762
3679 / 5762
3680 / 5762
3681 / 5762
3682 / 5762
3683 / 5762
3684 / 5762
3685 / 5762
3686 / 5762
3687 / 5762
3688 / 5762
3689 / 5762
3690 / 5762
3691 / 5762
3692 / 5762
3693 / 5762
3694 / 5762
3695 / 5762
3696 / 5762
3697 / 5762
3698 / 5762
3699 / 5762
3700 / 5762
3701 / 5762
3702 / 5762
3703 / 5762
3704 / 5762
3705 / 5762
3706 / 5762
3707 / 5762
3708 / 5762
3709 / 5762
3710 / 5762
3711 / 5762
3712 / 5762
3713 / 5762
3714 / 5762
3715 / 5762
3716 / 5762
3717 / 5762
3718 / 5762
3719 / 5762
3720 / 5762
3721 / 5762
3722 / 5762
3723 / 5762
3724 / 5762
3725 / 5762
3726 / 5762
3727 / 5762
3728 / 5762
3729 / 5762
3730 / 5762
3731 / 5762
3732 / 5762
3733 / 5762
3734 / 5762
3735 / 5762
3736 / 5762
3737 / 5762
3738 / 5762
3739 / 5762
3740 / 5762
3741 / 5762
3742 / 5762
3743 / 5762
3744 / 5762
3745 / 5762
3746 / 5762
3747 / 5762
3748 / 5762
3749 / 5762
3750 / 5762
3751 / 5762
3752 / 5762
3753 / 5762
3754 / 5762
3755 / 5762
3756 / 5762
3757 / 5762
3758 / 5762
3759 / 5762
3760 / 5762
3761 / 5762
3762 / 5762
3763 / 5762
3764 / 5762
3765 / 5762
3766 / 5762
3767 / 5762
3768 / 5762
3769 / 5762
3770 / 5762
3771 / 5762
3772 / 5762
3773 / 5762
3774 / 5762
3775 / 5762
3776 / 5762
3777 / 5762
3778 / 5762
3779 / 5762
3780 / 5762
3781 / 5762
3782 / 5762
3783 / 5762
3784 / 5762
3785 / 5762
3786 / 5762
3787 / 5762
3788 / 5762
3789 / 5762
3790 / 5762
3791 / 5762
3792 / 5762
3793 / 5762
3794 / 5762
3795 / 5762
3796 / 5762
3797 / 5762
3798 / 5762
3799 / 5762
3800 / 5762
3801 / 5762
3802 / 5762
3803 / 5762
3804 / 5762
3805 / 5762
3806 / 5762
3807 / 5762
3808 / 5762
3809 / 5762
3810 / 5762
3811 / 5762
3812 / 5762
3813 / 5762
3814 / 5762
3815 / 5762
3816 / 5762
3817 / 5762
3818 / 5762
3819 / 5762
3820 / 5762
3821 / 5762
3822 / 5762
3823 / 5762
3824 / 5762
3825 / 5762
3826 / 5762
3827 / 5762
3828 / 5762
3829 / 5762
3830 / 5762
3831 / 5762
3832 / 5762
3833 / 5762
3834 / 5762
3835 / 5762
3836 / 5762
3837 / 5762
3838 / 5762
3839 / 5762
3840 / 5762
3841 / 5762
3842 / 5762
3843 / 5762
3844 / 5762
3845 / 5762
3846 / 5762
3847 / 5762
3848 / 5762
3849 / 5762
3850 / 5762
3851 / 5762
3852 / 5762
3853 / 5762
3854 / 5762
3855 / 5762
3856 / 5762
3857 / 5762
3858 / 5762
3859 / 5762
3860 / 5762
3861 / 5762
3862 / 5762
3863 / 5762
3864 / 5762
3865 / 5762
3866 / 5762
3867 / 5762
3868 / 5762
3869 / 5762
3870 / 5762
3871 / 5762
3872 / 5762
3873 / 5762
3874 / 5762
3875 / 5762
3876 / 5762
3877 / 5762
3878 / 5762
3879 / 5762
3880 / 5762
3881 / 5762
3882 / 5762
3883 / 5762
3884 / 5762
3885 / 5762
3886 / 5762
3887 / 5762
3888 / 5762
3889 / 5762
3890 / 5762
3891 / 5762
3892 / 5762
3893 / 5762
3894 / 5762
3895 / 5762
3896 / 5762
3897 / 5762
3898 / 5762
3899 / 5762
3900 / 5762
3901 / 5762
3902 / 5762
3903 / 5762
3904 / 5762
3905 / 5762
3906 / 5762
3907 / 5762
3908 / 5762
3909 / 5762
3910 / 5762
3911 / 5762
3912 / 5762
3913 / 5762
3914 / 5762
3915 / 5762
3916 / 5762
3917 / 5762
3918 / 5762
3919 / 5762
3920 / 5762
3921 / 5762
3922 / 5762
3923 / 5762
3924 / 5762
3925 / 5762
3926 / 5762
3927 / 5762
3928 / 5762
3929 / 5762
3930 / 5762
3931 / 5762
3932 / 5762
3933 / 5762
3934 / 5762
3935 / 5762
3936 / 5762
3937 / 5762
3938 / 5762
3939 / 5762
3940 / 5762
3941 / 5762
3942 / 5762
3943 / 5762
3944 / 5762
3945 / 5762
3946 / 5762
3947 / 5762
3948 / 5762
3949 / 5762
3950 / 5762
3951 / 5762
3952 / 5762
3953 / 5762
3954 / 5762
3955 / 5762
3956 / 5762
3957 / 5762
3958 / 5762
3959 / 5762
3960 / 5762
3961 / 5762
3962 / 5762
3963 / 5762
3964 / 5762
3965 / 5762
3966 / 5762
3967 / 5762
3968 / 5762
3969 / 5762
3970 / 5762
3971 / 5762
3972 / 5762
3973 / 5762
3974 / 5762
3975 / 5762
3976 / 5762
3977 / 5762
3978 / 5762
3979 / 5762
3980 / 5762
3981 / 5762
3982 / 5762
3983 / 5762
3984 / 5762
3985 / 5762
3986 / 5762
3987 / 5762
3988 / 5762
3989 / 5762
3990 / 5762
3991 / 5762
3992 / 5762
3993 / 5762
3994 / 5762
3995 / 5762
3996 / 5762
3997 / 5762
3998 / 5762
3999 / 5762
4000 / 5762
4001 / 5762
4002 / 5762
4003 / 5762
4004 / 5762
4005 / 5762
4006 / 5762
4007 / 5762
4008 / 5762
4009 / 5762
4010 / 5762
4011 / 5762
4012 / 5762
4013 / 5762
4014 / 5762
4015 / 5762
4016 / 5762
4017 / 5762
4018 / 5762
4019 / 5762
4020 / 5762
4021 / 5762
4022 / 5762
4023 / 5762
4024 / 5762
4025 / 5762
4026 / 5762
4027 / 5762
4028 / 5762
4029 / 5762
4030 / 5762
4031 / 5762
4032 / 5762
4033 / 5762
4034 / 5762
4035 / 5762
4036 / 5762
4037 / 5762
4038 / 5762
4039 / 5762
4040 / 5762
4041 / 5762
4042 / 5762
4043 / 5762
4044 / 5762
4045 / 5762
4046 / 5762
4047 / 5762
4048 / 5762
4049 / 5762
4050 / 5762
4051 / 5762
4052 / 5762
4053 / 5762
4054 / 5762
4055 / 5762
4056 / 5762
4057 / 5762
4058 / 5762
4059 / 5762
4060 / 5762
4061 / 5762
4062 / 5762
4063 / 5762
4064 / 5762
4065 / 5762
4066 / 5762
4067 / 5762
4068 / 5762
4069 / 5762
4070 / 5762
4071 / 5762
4072 / 5762
4073 / 5762
4074 / 5762
4075 / 5762
4076 / 5762
4077 / 5762
4078 / 5762
4079 / 5762
4080 / 5762
4081 / 5762
4082 / 5762
4083 / 5762
4084 / 5762
4085 / 5762
4086 / 5762
4087 / 5762
4088 / 5762
4089 / 5762
4090 / 5762
4091 / 5762
4092 / 5762
4093 / 5762
4094 / 5762
4095 / 5762
4096 / 5762
4097 / 5762
4098 / 5762
4099 / 5762
4100 / 5762
4101 / 5762
4102 / 5762
4103 / 5762
4104 / 5762
4105 / 5762
4106 / 5762
4107 / 5762
4108 / 5762
4109 / 5762
4110 / 5762
4111 / 5762
4112 / 5762
4113 / 5762
4114 / 5762
4115 / 5762
4116 / 5762
4117 / 5762
4118 / 5762
4119 / 5762
4120 / 5762
4121 / 5762
4122 / 5762
4123 / 5762
4124 / 5762
4125 / 5762
4126 / 5762
4127 / 5762
4128 / 5762
4129 / 5762
4130 / 5762
4131 / 5762
4132 / 5762
4133 / 5762
4134 / 5762
4135 / 5762
4136 / 5762
4137 / 5762
4138 / 5762
4139 / 5762
4140 / 5762
4141 / 5762
4142 / 5762
4143 / 5762
4144 / 5762
4145 / 5762
4146 / 5762
4147 / 5762
4148 / 5762
4149 / 5762
4150 / 5762
4151 / 5762
4152 / 5762
4153 / 5762
4154 / 5762
4155 / 5762
4156 / 5762
4157 / 5762
4158 / 5762
4159 / 5762
4160 / 5762
4161 / 5762
4162 / 5762
4163 / 5762
4164 / 5762
4165 / 5762
4166 / 5762
4167 / 5762
4168 / 5762
4169 / 5762
4170 / 5762
4171 / 5762
4172 / 5762
4173 / 5762
4174 / 5762
4175 / 5762
4176 / 5762
4177 / 5762
4178 / 5762
4179 / 5762
4180 / 5762
4181 / 5762
4182 / 5762
4183 / 5762
4184 / 5762
4185 / 5762
4186 / 5762
4187 / 5762
4188 / 5762
4189 / 5762
4190 / 5762
4191 / 5762
4192 / 5762
4193 / 5762
4194 / 5762
4195 / 5762
4196 / 5762
4197 / 5762
4198 / 5762
4199 / 5762
4200 / 5762
4201 / 5762
4202 / 5762
4203 / 5762
4204 / 5762
4205 / 5762
4206 / 5762
4207 / 5762
4208 / 5762
4209 / 5762
4210 / 5762
4211 / 5762
4212 / 5762
4213 / 5762
4214 / 5762
4215 / 5762
4216 / 5762
4217 / 5762
4218 / 5762
4219 / 5762
4220 / 5762
4221 / 5762
4222 / 5762
4223 / 5762
4224 / 5762
4225 / 5762
4226 / 5762
4227 / 5762
4228 / 5762
4229 / 5762
4230 / 5762
4231 / 5762
4232 / 5762
4233 / 5762
4234 / 5762
4235 / 5762
4236 / 5762
4237 / 5762
4238 / 5762
4239 / 5762
4240 / 5762
4241 / 5762
4242 / 5762
4243 / 5762
4244 / 5762
4245 / 5762
4246 / 5762
4247 / 5762
4248 / 5762
4249 / 5762
4250 / 5762
4251 / 5762
4252 / 5762
4253 / 5762
4254 / 5762
4255 / 5762
4256 / 5762
4257 / 5762
4258 / 5762
4259 / 5762
4260 / 5762
4261 / 5762
4262 / 5762
4263 / 5762
4264 / 5762
4265 / 5762
4266 / 5762
4267 / 5762
4268 / 5762
4269 / 5762
4270 / 5762
4271 / 5762
4272 / 5762
4273 / 5762
4274 / 5762
4275 / 5762
4276 / 5762
4277 / 5762
4278 / 5762
4279 / 5762
4280 / 5762
4281 / 5762
4282 / 5762
4283 / 5762
4284 / 5762
4285 / 5762
4286 / 5762
4287 / 5762
4288 / 5762
4289 / 5762
4290 / 5762
4291 / 5762
4292 / 5762
4293 / 5762
4294 / 5762
4295 / 5762
4296 / 5762
4297 / 5762
4298 / 5762
4299 / 5762
4300 / 5762
4301 / 5762
4302 / 5762
4303 / 5762
4304 / 5762
4305 / 5762
4306 / 5762
4307 / 5762
4308 / 5762
4309 / 5762
4310 / 5762
4311 / 5762
4312 / 5762
4313 / 5762
4314 / 5762
4315 / 5762
4316 / 5762
4317 / 5762
4318 / 5762
4319 / 5762
4320 / 5762
4321 / 5762
4322 / 5762
4323 / 5762
4324 / 5762
4325 / 5762
4326 / 5762
4327 / 5762
4328 / 5762
4329 / 5762
4330 / 5762
4331 / 5762
4332 / 5762
4333 / 5762
4334 / 5762
4335 / 5762
4336 / 5762
4337 / 5762
4338 / 5762
4339 / 5762
4340 / 5762
4341 / 5762
4342 / 5762
4343 / 5762
4344 / 5762
4345 / 5762
4346 / 5762
4347 / 5762
4348 / 5762
4349 / 5762
4350 / 5762
4351 / 5762
4352 / 5762
4353 / 5762
4354 / 5762
4355 / 5762
4356 / 5762
4357 / 5762
4358 / 5762
4359 / 5762
4360 / 5762
4361 / 5762
4362 / 5762
4363 / 5762
4364 / 5762
4365 / 5762
4366 / 5762
4367 / 5762
4368 / 5762
4369 / 5762
4370 / 5762
4371 / 5762
4372 / 5762
4373 / 5762
4374 / 5762
4375 / 5762
4376 / 5762
4377 / 5762
4378 / 5762
4379 / 5762
4380 / 5762
4381 / 5762
4382 / 5762
4383 / 5762
4384 / 5762
4385 / 5762
4386 / 5762
4387 / 5762
4388 / 5762
4389 / 5762
4390 / 5762
4391 / 5762
4392 / 5762
4393 / 5762
4394 / 5762
4395 / 5762
4396 / 5762
4397 / 5762
4398 / 5762
4399 / 5762
4400 / 5762
4401 / 5762
4402 / 5762
4403 / 5762
4404 / 5762
4405 / 5762
4406 / 5762
4407 / 5762
4408 / 5762
4409 / 5762
4410 / 5762
4411 / 5762
4412 / 5762
4413 / 5762
4414 / 5762
4415 / 5762
4416 / 5762
4417 / 5762
4418 / 5762
4419 / 5762
4420 / 5762
4421 / 5762
4422 / 5762
4423 / 5762
4424 / 5762
4425 / 5762
4426 / 5762
4427 / 5762
4428 / 5762
4429 / 5762
4430 / 5762
4431 / 5762
4432 / 5762
4433 / 5762
4434 / 5762
4435 / 5762
4436 / 5762
4437 / 5762
4438 / 5762
4439 / 5762
4440 / 5762
4441 / 5762
4442 / 5762
4443 / 5762
4444 / 5762
4445 / 5762
4446 / 5762
4447 / 5762
4448 / 5762
4449 / 5762
4450 / 5762
4451 / 5762
4452 / 5762
4453 / 5762
4454 / 5762
4455 / 5762
4456 / 5762
4457 / 5762
4458 / 5762
4459 / 5762
4460 / 5762
4461 / 5762
4462 / 5762
4463 / 5762
4464 / 5762
4465 / 5762
4466 / 5762
4467 / 5762
4468 / 5762
4469 / 5762
4470 / 5762
4471 / 5762
4472 / 5762
4473 / 5762
4474 / 5762
4475 / 5762
4476 / 5762
4477 / 5762
4478 / 5762
4479 / 5762
4480 / 5762
4481 / 5762
4482 / 5762
4483 / 5762
4484 / 5762
4485 / 5762
4486 / 5762
4487 / 5762
4488 / 5762
4489 / 5762
4490 / 5762
4491 / 5762
4492 / 5762
4493 / 5762
4494 / 5762
4495 / 5762
4496 / 5762
4497 / 5762
4498 / 5762
4499 / 5762
4500 / 5762
4501 / 5762
4502 / 5762
4503 / 5762
4504 / 5762
4505 / 5762
4506 / 5762
4507 / 5762
4508 / 5762
4509 / 5762
4510 / 5762
4511 / 5762
4512 / 5762
4513 / 5762
4514 / 5762
4515 / 5762
4516 / 5762
4517 / 5762
4518 / 5762
4519 / 5762
4520 / 5762
4521 / 5762
4522 / 5762
4523 / 5762
4524 / 5762
4525 / 5762
4526 / 5762
4527 / 5762
4528 / 5762
4529 / 5762
4530 / 5762
4531 / 5762
4532 / 5762
4533 / 5762
4534 / 5762
4535 / 5762
4536 / 5762
4537 / 5762
4538 / 5762
4539 / 5762
4540 / 5762
4541 / 5762
4542 / 5762
4543 / 5762
4544 / 5762
4545 / 5762
4546 / 5762
4547 / 5762
4548 / 5762
4549 / 5762
4550 / 5762
4551 / 5762
4552 / 5762
4553 / 5762
4554 / 5762
4555 / 5762
4556 / 5762
4557 / 5762
4558 / 5762
4559 / 5762
4560 / 5762
4561 / 5762
4562 / 5762
4563 / 5762
4564 / 5762
4565 / 5762
4566 / 5762
4567 / 5762
4568 / 5762
4569 / 5762
4570 / 5762
4571 / 5762
4572 / 5762
4573 / 5762
4574 / 5762
4575 / 5762
4576 / 5762
4577 / 5762
4578 / 5762
4579 / 5762
4580 / 5762
4581 / 5762
4582 / 5762
4583 / 5762
4584 / 5762
4585 / 5762
4586 / 5762
4587 / 5762
4588 / 5762
4589 / 5762
4590 / 5762
4591 / 5762
4592 / 5762
4593 / 5762
4594 / 5762
4595 / 5762
4596 / 5762
4597 / 5762
4598 / 5762
4599 / 5762
4600 / 5762
4601 / 5762
4602 / 5762
4603 / 5762
4604 / 5762
4605 / 5762
4606 / 5762
4607 / 5762
4608 / 5762
4609 / 5762
4610 / 5762
4611 / 5762
4612 / 5762
4613 / 5762
4614 / 5762
4615 / 5762
4616 / 5762
4617 / 5762
4618 / 5762
4619 / 5762
4620 / 5762
4621 / 5762
4622 / 5762
4623 / 5762
4624 / 5762
4625 / 5762
4626 / 5762
4627 / 5762
4628 / 5762
4629 / 5762
4630 / 5762
4631 / 5762
4632 / 5762
4633 / 5762
4634 / 5762
4635 / 5762
4636 / 5762
4637 / 5762
4638 / 5762
4639 / 5762
4640 / 5762
4641 / 5762
4642 / 5762
4643 / 5762
4644 / 5762
4645 / 5762
4646 / 5762
4647 / 5762
4648 / 5762
4649 / 5762
4650 / 5762
4651 / 5762
4652 / 5762
4653 / 5762
4654 / 5762
4655 / 5762
4656 / 5762
4657 / 5762
4658 / 5762
4659 / 5762
4660 / 5762
4661 / 5762
4662 / 5762
4663 / 5762
4664 / 5762
4665 / 5762
4666 / 5762
4667 / 5762
4668 / 5762
4669 / 5762
4670 / 5762
4671 / 5762
4672 / 5762
4673 / 5762
4674 / 5762
4675 / 5762
4676 / 5762
4677 / 5762
4678 / 5762
4679 / 5762
4680 / 5762
4681 / 5762
4682 / 5762
4683 / 5762
4684 / 5762
4685 / 5762
4686 / 5762
4687 / 5762
4688 / 5762
4689 / 5762
4690 / 5762
4691 / 5762
4692 / 5762
4693 / 5762
4694 / 5762
4695 / 5762
4696 / 5762
4697 / 5762
4698 / 5762
4699 / 5762
4700 / 5762
4701 / 5762
4702 / 5762
4703 / 5762
4704 / 5762
4705 / 5762
4706 / 5762
4707 / 5762
4708 / 5762
4709 / 5762
4710 / 5762
4711 / 5762
4712 / 5762
4713 / 5762
4714 / 5762
4715 / 5762
4716 / 5762
4717 / 5762
4718 / 5762
4719 / 5762
4720 / 5762
4721 / 5762
4722 / 5762
4723 / 5762
4724 / 5762
4725 / 5762
4726 / 5762
4727 / 5762
4728 / 5762
4729 / 5762
4730 / 5762
4731 / 5762
4732 / 5762
4733 / 5762
4734 / 5762
4735 / 5762
4736 / 5762
4737 / 5762
4738 / 5762
4739 / 5762
4740 / 5762
4741 / 5762
4742 / 5762
4743 / 5762
4744 / 5762
4745 / 5762
4746 / 5762
4747 / 5762
4748 / 5762
4749 / 5762
4750 / 5762
4751 / 5762
4752 / 5762
4753 / 5762
4754 / 5762
4755 / 5762
4756 / 5762
4757 / 5762
4758 / 5762
4759 / 5762
4760 / 5762
4761 / 5762
4762 / 5762
4763 / 5762
4764 / 5762
4765 / 5762
4766 / 5762
4767 / 5762
4768 / 5762
4769 / 5762
4770 / 5762
4771 / 5762
4772 / 5762
4773 / 5762
4774 / 5762
4775 / 5762
4776 / 5762
4777 / 5762
4778 / 5762
4779 / 5762
4780 / 5762
4781 / 5762
4782 / 5762
4783 / 5762
4784 / 5762
4785 / 5762
4786 / 5762
4787 / 5762
4788 / 5762
4789 / 5762
4790 / 5762
4791 / 5762
4792 / 5762
4793 / 5762
4794 / 5762
4795 / 5762
4796 / 5762
4797 / 5762
4798 / 5762
4799 / 5762
4800 / 5762
4801 / 5762
4802 / 5762
4803 / 5762
4804 / 5762
4805 / 5762
4806 / 5762
4807 / 5762
4808 / 5762
4809 / 5762
4810 / 5762
4811 / 5762
4812 / 5762
4813 / 5762
4814 / 5762
4815 / 5762
4816 / 5762
4817 / 5762
4818 / 5762
4819 / 5762
4820 / 5762
4821 / 5762
4822 / 5762
4823 / 5762
4824 / 5762
4825 / 5762
4826 / 5762
4827 / 5762
4828 / 5762
4829 / 5762
4830 / 5762
4831 / 5762
4832 / 5762
4833 / 5762
4834 / 5762
4835 / 5762
4836 / 5762
4837 / 5762
4838 / 5762
4839 / 5762
4840 / 5762
4841 / 5762
4842 / 5762
4843 / 5762
4844 / 5762
4845 / 5762
4846 / 5762
4847 / 5762
4848 / 5762
4849 / 5762
4850 / 5762
4851 / 5762
4852 / 5762
4853 / 5762
4854 / 5762
4855 / 5762
4856 / 5762
4857 / 5762
4858 / 5762
4859 / 5762
4860 / 5762
4861 / 5762
4862 / 5762
4863 / 5762
4864 / 5762
4865 / 5762
4866 / 5762
4867 / 5762
4868 / 5762
4869 / 5762
4870 / 5762
4871 / 5762
4872 / 5762
4873 / 5762
4874 / 5762
4875 / 5762
4876 / 5762
4877 / 5762
4878 / 5762
4879 / 5762
4880 / 5762
4881 / 5762
4882 / 5762
4883 / 5762
4884 / 5762
4885 / 5762
4886 / 5762
4887 / 5762
4888 / 5762
4889 / 5762
4890 / 5762
4891 / 5762
4892 / 5762
4893 / 5762
4894 / 5762
4895 / 5762
4896 / 5762
4897 / 5762
4898 / 5762
4899 / 5762
4900 / 5762
4901 / 5762
4902 / 5762
4903 / 5762
4904 / 5762
4905 / 5762
4906 / 5762
4907 / 5762
4908 / 5762
4909 / 5762
4910 / 5762
4911 / 5762
4912 / 5762
4913 / 5762
4914 / 5762
4915 / 5762
4916 / 5762
4917 / 5762
4918 / 5762
4919 / 5762
4920 / 5762
4921 / 5762
4922 / 5762
4923 / 5762
4924 / 5762
4925 / 5762
4926 / 5762
4927 / 5762
4928 / 5762
4929 / 5762
4930 / 5762
4931 / 5762
4932 / 5762
4933 / 5762
4934 / 5762
4935 / 5762
4936 / 5762
4937 / 5762
4938 / 5762
4939 / 5762
4940 / 5762
4941 / 5762
4942 / 5762
4943 / 5762
4944 / 5762
4945 / 5762
4946 / 5762
4947 / 5762
4948 / 5762
4949 / 5762
4950 / 5762
4951 / 5762
4952 / 5762
4953 / 5762
4954 / 5762
4955 / 5762
4956 / 5762
4957 / 5762
4958 / 5762
4959 / 5762
4960 / 5762
4961 / 5762
4962 / 5762
4963 / 5762
4964 / 5762
4965 / 5762
4966 / 5762
4967 / 5762
4968 / 5762
4969 / 5762
4970 / 5762
4971 / 5762
4972 / 5762
4973 / 5762
4974 / 5762
4975 / 5762
4976 / 5762
4977 / 5762
4978 / 5762
4979 / 5762
4980 / 5762
4981 / 5762
4982 / 5762
4983 / 5762
4984 / 5762
4985 / 5762
4986 / 5762
4987 / 5762
4988 / 5762
4989 / 5762
4990 / 5762
4991 / 5762
4992 / 5762
4993 / 5762
4994 / 5762
4995 / 5762
4996 / 5762
4997 / 5762
4998 / 5762
4999 / 5762
5000 / 5762
5001 / 5762
5002 / 5762
5003 / 5762
5004 / 5762
5005 / 5762
5006 / 5762
5007 / 5762
5008 / 5762
5009 / 5762
5010 / 5762
5011 / 5762
5012 / 5762
5013 / 5762
5014 / 5762
5015 / 5762
5016 / 5762
5017 / 5762
5018 / 5762
5019 / 5762
5020 / 5762
5021 / 5762
5022 / 5762
5023 / 5762
5024 / 5762
5025 / 5762
5026 / 5762
5027 / 5762
5028 / 5762
5029 / 5762
5030 / 5762
5031 / 5762
5032 / 5762
5033 / 5762
5034 / 5762
5035 / 5762
5036 / 5762
5037 / 5762
5038 / 5762
5039 / 5762
5040 / 5762
5041 / 5762
5042 / 5762
5043 / 5762
5044 / 5762
5045 / 5762
5046 / 5762
5047 / 5762
5048 / 5762
5049 / 5762
5050 / 5762
5051 / 5762
5052 / 5762
5053 / 5762
5054 / 5762
5055 / 5762
5056 / 5762
5057 / 5762
5058 / 5762
5059 / 5762
5060 / 5762
5061 / 5762
5062 / 5762
5063 / 5762
5064 / 5762
5065 / 5762
5066 / 5762
5067 / 5762
5068 / 5762
5069 / 5762
5070 / 5762
5071 / 5762
5072 / 5762
5073 / 5762
5074 / 5762
5075 / 5762
5076 / 5762
5077 / 5762
5078 / 5762
5079 / 5762
5080 / 5762
5081 / 5762
5082 / 5762
5083 / 5762
5084 / 5762
5085 / 5762
5086 / 5762
5087 / 5762
5088 / 5762
5089 / 5762
5090 / 5762
5091 / 5762
5092 / 5762
5093 / 5762
5094 / 5762
5095 / 5762
5096 / 5762
5097 / 5762
5098 / 5762
5099 / 5762
5100 / 5762
5101 / 5762
5102 / 5762
5103 / 5762
5104 / 5762
5105 / 5762
5106 / 5762
5107 / 5762
5108 / 5762
5109 / 5762
5110 / 5762
5111 / 5762
5112 / 5762
5113 / 5762
5114 / 5762
5115 / 5762
5116 / 5762
5117 / 5762
5118 / 5762
5119 / 5762
5120 / 5762
5121 / 5762
5122 / 5762
5123 / 5762
5124 / 5762
5125 / 5762
5126 / 5762
5127 / 5762
5128 / 5762
5129 / 5762
5130 / 5762
5131 / 5762
5132 / 5762
5133 / 5762
5134 / 5762
5135 / 5762
5136 / 5762
5137 / 5762
5138 / 5762
5139 / 5762
5140 / 5762
5141 / 5762
5142 / 5762
5143 / 5762
5144 / 5762
5145 / 5762
5146 / 5762
5147 / 5762
5148 / 5762
5149 / 5762
5150 / 5762
5151 / 5762
5152 / 5762
5153 / 5762
5154 / 5762
5155 / 5762
5156 / 5762
5157 / 5762
5158 / 5762
5159 / 5762
5160 / 5762
5161 / 5762
5162 / 5762
5163 / 5762
5164 / 5762
5165 / 5762
5166 / 5762
5167 / 5762
5168 / 5762
5169 / 5762
5170 / 5762
5171 / 5762
5172 / 5762
5173 / 5762
5174 / 5762
5175 / 5762
5176 / 5762
5177 / 5762
5178 / 5762
5179 / 5762
5180 / 5762
5181 / 5762
5182 / 5762
5183 / 5762
5184 / 5762
5185 / 5762
5186 / 5762
5187 / 5762
5188 / 5762
5189 / 5762
5190 / 5762
5191 / 5762
5192 / 5762
5193 / 5762
5194 / 5762
5195 / 5762
5196 / 5762
5197 / 5762
5198 / 5762
5199 / 5762
5200 / 5762
5201 / 5762
5202 / 5762
5203 / 5762
5204 / 5762
5205 / 5762
5206 / 5762
5207 / 5762
5208 / 5762
5209 / 5762
5210 / 5762
5211 / 5762
5212 / 5762
5213 / 5762
5214 / 5762
5215 / 5762
5216 / 5762
5217 / 5762
5218 / 5762
5219 / 5762
5220 / 5762
5221 / 5762
5222 / 5762
5223 / 5762
5224 / 5762
5225 / 5762
5226 / 5762
5227 / 5762
5228 / 5762
5229 / 5762
5230 / 5762
5231 / 5762
5232 / 5762
5233 / 5762
5234 / 5762
5235 / 5762
5236 / 5762
5237 / 5762
5238 / 5762
5239 / 5762
5240 / 5762
5241 / 5762
5242 / 5762
5243 / 5762
5244 / 5762
5245 / 5762
5246 / 5762
5247 / 5762
5248 / 5762
5249 / 5762
5250 / 5762
5251 / 5762
5252 / 5762
5253 / 5762
5254 / 5762
5255 / 5762
5256 / 5762
5257 / 5762
5258 / 5762
5259 / 5762
5260 / 5762
5261 / 5762
5262 / 5762
5263 / 5762
5264 / 5762
5265 / 5762
5266 / 5762
5267 / 5762
5268 / 5762
5269 / 5762
5270 / 5762
5271 / 5762
5272 / 5762
5273 / 5762
5274 / 5762
5275 / 5762
5276 / 5762
5277 / 5762
5278 / 5762
5279 / 5762
5280 / 5762
5281 / 5762
5282 / 5762
5283 / 5762
5284 / 5762
5285 / 5762
5286 / 5762
5287 / 5762
5288 / 5762
5289 / 5762
5290 / 5762
5291 / 5762
5292 / 5762
5293 / 5762
5294 / 5762
5295 / 5762
5296 / 5762
5297 / 5762
5298 / 5762
5299 / 5762
5300 / 5762
5301 / 5762
5302 / 5762
5303 / 5762
5304 / 5762
5305 / 5762
5306 / 5762
5307 / 5762
5308 / 5762
5309 / 5762
5310 / 5762
5311 / 5762
5312 / 5762
5313 / 5762
5314 / 5762
5315 / 5762
5316 / 5762
5317 / 5762
5318 / 5762
5319 / 5762
5320 / 5762
5321 / 5762
5322 / 5762
5323 / 5762
5324 / 5762
5325 / 5762
5326 / 5762
5327 / 5762
5328 / 5762
5329 / 5762
5330 / 5762
5331 / 5762
5332 / 5762
5333 / 5762
5334 / 5762
5335 / 5762
5336 / 5762
5337 / 5762
5338 / 5762
5339 / 5762
5340 / 5762
5341 / 5762
5342 / 5762
5343 / 5762
5344 / 5762
5345 / 5762
5346 / 5762
5347 / 5762
5348 / 5762
5349 / 5762
5350 / 5762
5351 / 5762
5352 / 5762
5353 / 5762
5354 / 5762
5355 / 5762
5356 / 5762
5357 / 5762
5358 / 5762
5359 / 5762
5360 / 5762
5361 / 5762
5362 / 5762
5363 / 5762
5364 / 5762
5365 / 5762
5366 / 5762
5367 / 5762
5368 / 5762
5369 / 5762
5370 / 5762
5371 / 5762
5372 / 5762
5373 / 5762
5374 / 5762
5375 / 5762
5376 / 5762
5377 / 5762
5378 / 5762
5379 / 5762
5380 / 5762
5381 / 5762
5382 / 5762
5383 / 5762
5384 / 5762
5385 / 5762
5386 / 5762
5387 / 5762
5388 / 5762
5389 / 5762
5390 / 5762
5391 / 5762
5392 / 5762
5393 / 5762
5394 / 5762
5395 / 5762
5396 / 5762
5397 / 5762
5398 / 5762
5399 / 5762
5400 / 5762
5401 / 5762
5402 / 5762
5403 / 5762
5404 / 5762
5405 / 5762
5406 / 5762
5407 / 5762
5408 / 5762
5409 / 5762
5410 / 5762
5411 / 5762
5412 / 5762
5413 / 5762
5414 / 5762
5415 / 5762
5416 / 5762
5417 / 5762
5418 / 5762
5419 / 5762
5420 / 5762
5421 / 5762
5422 / 5762
5423 / 5762
5424 / 5762
5425 / 5762
5426 / 5762
5427 / 5762
5428 / 5762
5429 / 5762
5430 / 5762
5431 / 5762
5432 / 5762
5433 / 5762
5434 / 5762
5435 / 5762
5436 / 5762
5437 / 5762
5438 / 5762
5439 / 5762
5440 / 5762
5441 / 5762
5442 / 5762
5443 / 5762
5444 / 5762
5445 / 5762
5446 / 5762
5447 / 5762
5448 / 5762
5449 / 5762
5450 / 5762
5451 / 5762
5452 / 5762
5453 / 5762
5454 / 5762
5455 / 5762
5456 / 5762
5457 / 5762
5458 / 5762
5459 / 5762
5460 / 5762
5461 / 5762
5462 / 5762
5463 / 5762
5464 / 5762
5465 / 5762
5466 / 5762
5467 / 5762
5468 / 5762
5469 / 5762
5470 / 5762
5471 / 5762
5472 / 5762
5473 / 5762
5474 / 5762
5475 / 5762
5476 / 5762
5477 / 5762
5478 / 5762
5479 / 5762
5480 / 5762
5481 / 5762
5482 / 5762
5483 / 5762
5484 / 5762
5485 / 5762
5486 / 5762
5487 / 5762
5488 / 5762
5489 / 5762
5490 / 5762
5491 / 5762
5492 / 5762
5493 / 5762
5494 / 5762
5495 / 5762
5496 / 5762
5497 / 5762
5498 / 5762
5499 / 5762
5500 / 5762
5501 / 5762
5502 / 5762
5503 / 5762
5504 / 5762
5505 / 5762
5506 / 5762
5507 / 5762
5508 / 5762
5509 / 5762
5510 / 5762
5511 / 5762
5512 / 5762
5513 / 5762
5514 / 5762
5515 / 5762
5516 / 5762
5517 / 5762
5518 / 5762
5519 / 5762
5520 / 5762
5521 / 5762
5522 / 5762
5523 / 5762
5524 / 5762
5525 / 5762
5526 / 5762
5527 / 5762
5528 / 5762
5529 / 5762
5530 / 5762
5531 / 5762
5532 / 5762
5533 / 5762
5534 / 5762
5535 / 5762
5536 / 5762
5537 / 5762
5538 / 5762
5539 / 5762
5540 / 5762
5541 / 5762
5542 / 5762
5543 / 5762
5544 / 5762
5545 / 5762
5546 / 5762
5547 / 5762
5548 / 5762
5549 / 5762
5550 / 5762
5551 / 5762
5552 / 5762
5553 / 5762
5554 / 5762
5555 / 5762
5556 / 5762
5557 / 5762
5558 / 5762
5559 / 5762
5560 / 5762
5561 / 5762
5562 / 5762
5563 / 5762
5564 / 5762
5565 / 5762
5566 / 5762
5567 / 5762
5568 / 5762
5569 / 5762
5570 / 5762
5571 / 5762
5572 / 5762
5573 / 5762
5574 / 5762
5575 / 5762
5576 / 5762
5577 / 5762
5578 / 5762
5579 / 5762
5580 / 5762
5581 / 5762
5582 / 5762
5583 / 5762
5584 / 5762
5585 / 5762
5586 / 5762
5587 / 5762
5588 / 5762
5589 / 5762
5590 / 5762
5591 / 5762
5592 / 5762
5593 / 5762
5594 / 5762
5595 / 5762
5596 / 5762
5597 / 5762
5598 / 5762
5599 / 5762
5600 / 5762
5601 / 5762
5602 / 5762
5603 / 5762
5604 / 5762
5605 / 5762
5606 / 5762
5607 / 5762
5608 / 5762
5609 / 5762
5610 / 5762
5611 / 5762
5612 / 5762
5613 / 5762
5614 / 5762
5615 / 5762
5616 / 5762
5617 / 5762
5618 / 5762
5619 / 5762
5620 / 5762
5621 / 5762
5622 / 5762
5623 / 5762
5624 / 5762
5625 / 5762
5626 / 5762
5627 / 5762
5628 / 5762
5629 / 5762
5630 / 5762
5631 / 5762
5632 / 5762
5633 / 5762
5634 / 5762
5635 / 5762
5636 / 5762
5637 / 5762
5638 / 5762
5639 / 5762
5640 / 5762
5641 / 5762
5642 / 5762
5643 / 5762
5644 / 5762
5645 / 5762
5646 / 5762
5647 / 5762
5648 / 5762
5649 / 5762
5650 / 5762
5651 / 5762
5652 / 5762
5653 / 5762
5654 / 5762
5655 / 5762
5656 / 5762
5657 / 5762
5658 / 5762
5659 / 5762
5660 / 5762
5661 / 5762
5662 / 5762
5663 / 5762
5664 / 5762
5665 / 5762
5666 / 5762
5667 / 5762
5668 / 5762
5669 / 5762
5670 / 5762
5671 / 5762
5672 / 5762
5673 / 5762
5674 / 5762
5675 / 5762
5676 / 5762
5677 / 5762
5678 / 5762
5679 / 5762
5680 / 5762
5681 / 5762
5682 / 5762
5683 / 5762
5684 / 5762
5685 / 5762
5686 / 5762
5687 / 5762
5688 / 5762
5689 / 5762
5690 / 5762
5691 / 5762
5692 / 5762
5693 / 5762
5694 / 5762
5695 / 5762
5696 / 5762
5697 / 5762
5698 / 5762
5699 / 5762
5700 / 5762
5701 / 5762
5702 / 5762
5703 / 5762
5704 / 5762
5705 / 5762
5706 / 5762
5707 / 5762
5708 / 5762
5709 / 5762
5710 / 5762
5711 / 5762
5712 / 5762
5713 / 5762
5714 / 5762
5715 / 5762
5716 / 5762
5717 / 5762
5718 / 5762
5719 / 5762
5720 / 5762
5721 / 5762
5722 / 5762
5723 / 5762
5724 / 5762
5725 / 5762
5726 / 5762
5727 / 5762
5728 / 5762
5729 / 5762
5730 / 5762
5731 / 5762
5732 / 5762
5733 / 5762
5734 / 5762
5735 / 5762
5736 / 5762
5737 / 5762
5738 / 5762
5739 / 5762
5740 / 5762
5741 / 5762
5742 / 5762
5743 / 5762
5744 / 5762
5745 / 5762
5746 / 5762
5747 / 5762
5748 / 5762
5749 / 5762
5750 / 5762
5751 / 5762
5752 / 5762
5753 / 5762
5754 / 5762
5755 / 5762
5756 / 5762
5757 / 5762
5758 / 5762
5759 / 5762
5760 / 5762
5761 / 5762
5762 / 5762
JOBSFINISHED
