F6YPK5 G1T2P2
F6USJ9 G1SK64
F6X4N6 G1TEE8
F7BUA5 G1SL61
F7A7G2 G1T607
F6QL56 G1U9B4
F7DK71 G1TCA1
F7D9F8 G1STG2
F6SL12 G1SLQ8
F6SZX2 G1SLL5
F6VAI2 G1SDG8
F6UKX5 G1T7X7
F7CVB8 G1SF63
F6T9C1 G1T9P0
F6TBK5 G1SN07
F6SLQ7 G1TRI5
F7D355 G1TN11
F6Z6J3 G1TET2
F6U9M4 G1TG54
F6YNT2 G1SW67
F7AGL5 G1U6L9
F6UXD9 G1TEY7
F6ZYH8 G1SMG3
F6RRI6 G1SV90
F6SK46 G1T4R0
F7D4V9 G1T288
F7BFW6 G1TRI5
F6PWB8 G1T6L3
F6WHL3 G1TEY1
F6UJY8 G1TQT7
F6QSA6 G1TZJ5
F6PJ06 G1SWX5
F6XX61 G1SD02
F6XAV1 G1SYY7
F6YUX4 G1T7C0
F6UHC7 G1SZA8
F6YYN8 B7NZD2
F7D9F8 G1SSL4
F7DDB3 G1TAI8
F6WXA6 G1TD98
F6WA57 G1U469
F7D044 G1SHM5
F6ZBR3 G1TBA4
F6XL24 G1SX32
F6RNY1 G1T276
F7DTE9 G1THW9
F6XKY6 G1TMZ9
F7CPL3 G1TQI7
F6S466 G1SJI1
F7A0N8 G1TCZ8
F6QJC7 B7NZD2
F6ZPA5 G1SLQ0
F7C0J4 G1SH07
F6ZE24 G1U7F5
F6SH38 G1TRZ2
F7AV69 G1T1V0
F6T9G2 G1TA73
F7DIL5 G1SEW1
F7BC54 G1TY37
F6Z810 G1SZ36
F6TYM3 G1TXN2
F7D9K7 G1SZ81
F7DWY7 G1TWK7
F6UYJ8 G1T9K9
F6RT91 G1SSI5
F6ZBW3 G1STX3
F6TE92 G1T634
F6UG02 U3KPJ1
F7ACV1 G1SXS3
F6RAF9 G1SHA4
F7C788 G1SUX1
F7AHJ1 G1T9Z2
F7C446 G1TWE3
F6UM11 G1U290
F6SA77 G1U7F5
F6R8G3 G1SSL4
F6U4D9 G1T579
F7CLD2 G1TUJ5
F7DUN1 G1SK67
F6SC92 G1SK30
F6YJT5 G1SZU7
F6XD72 G1T4K4
F7CK81 G1STW6
F6VPT2 G1U8J6
F6WD43 G1T7C0
F6Y603 G1SCL1
F6U9M4 G1TBT4
F6YW17 G1T7J5
F6WD43 G1T9Q0
F6WPN5 G1T1R4
F6RKT2 G1ST56
F6U301 G1TR97
F6T8J7 G1TQ55
F6VQF0 G1T607
F6PKQ6 G1SEV9
F6S3X5 G1T6U3
F6SL61 G1T1L1
F6WBB0 G1SXJ0
F6ZDZ9 G1TA41
F6YPZ6 G1SSI3
F7DVA2 G1SWU8
F7DK19 G1T2S4
F7DPQ7 G1TCH3
F6XRF8 G1T4L6
F6WGC9 G1T3B9
F7C586 G1SYZ6
F7DTW5 G1TCN6
F6UW24 G1TN19
F6QHL9 G1SEN5
F6TS03 G1T7G3
F7D6A5 G1U391
F7DF72 G1SWN6
F7A2V7 G1TEW4
F6Q2Q4 G1SL22
F7CJF1 G1T0W1
F7DF45 G1TB31
F7BCF7 G1SZD6
F6U9I3 G1SE50
F6WFQ1 G1SX32
F6RHE9 U3KP45
F6YPK5 G1T7B5
F6RC90 G1T0G8
F6RMW1 G1TAA5
F7ABS8 G1TAA5
F6XEB4 G1SDY5
F7CW82 G1T082
F7CZ92 G1SPJ5
F6S535 G1SEF9
F7BCR2 G1TUL9
F6R5G1 G1TTV8
F6ZWY6 G1T866
F6VIJ3 G1SI03
F6QXT2 G1SVI9
F6VUA4 G1T421
F7E1I4 G1TG54
F6VMT4 G1T876
F6ZQ40 G1TFX1
F6UPU6 G1TQE5
F6QD46 U3KMD1
F6X3S7 G1SWA1
F7CCY6 G1TED9
F6QSA6 G1SJB6
F6XRF8 G1TWK7
F6RWL0 G1TPG5
F6V1T9 G1T6B3
F6RM37 G1T4L6
F6SQE6 U3KM50
F7CIM1 G1SSF7
F6ZAN5 G1SLC3
F7CLK8 U3KMX0
F6QR51 G1SQM7
F6QY78 G1SW61
F6QPW3 G1SZ72
F6XYY6 G1SN81
F6QE61 G1U6T0
F6V1T9 B7NZD2
F6WZY9 G1U3M5
F6WM19 G1SRC5
F7DZV9 G1SIT9
F6Y6F3 G1TKC1
F6TPH9 G1TAE4
F6VF95 G1TDK5
F7CMD3 G1SSV3
F6ZQX6 G1SMK8
F6UFG2 G1SZB4
F6Y9U1 G1SVS6
F6ZIW8 G1TIU4
F7DYE6 G1SYZ9
F6TBX0 G1T130
F6VA95 G1T2T1
F6YXG2 G1TEE8
F6Z6J3 G1SEF9
F7DMI6 G1TYN2
F6XL14 G1T734
F6VZT9 G1STG2
F6SIH2 G1SDG8
F6WBA2 G1TE66
F6PKP3 G1SE15
F7BXZ1 G1U419
F7C3V5 G1SI07
F7BZ88 G1SR65
F6SVV7 G1TXA7
F6V1T9 G1SKW5
F6YQZ0 G1T8P3
F6QFH2 G1SMY1
F7CCY6 G1TBT4
F7DE63 G1T742
F6YQZ0 G1TJ36
F6VD51 G1STI3
F7DQJ9 G1T4H1
F6QE61 G1T0D8
F6Z8J2 G1SLL5
F6QPW3 G1SP33
F7CE06 G1TI40
F7BLZ7 G1SWW8
F6ZBW3 G1T2F2
F6QR51 G1T8H7
F6WUE0 G1T1S9
F6SUD1 G1TAP7
F7E0S8 G1TZM2
F6QLW9 P79218
F7BDX2 G1T6G0
F7DSH8 G1SMQ9
F6Y3C8 G1T0T7
F7AK88 G1SP27
F6WIF5 G1SQC1
F6WTY0 G1SEH9
A0A0B4J1C5 G1U9C8
F6R0E4 G1SSL4
F7DEC9 G1TET3
F7D0Q4 G1SU08
F6S7Z8 G1SGM6
F6ZXA2 G1TT75
F7CJC6 G1SN13
Q2V905 G1U6X2
F6RNG4 G1SVI7
F7CW82 A0A0A0MQP7
F6R8G3 G1T657
F6XL14 G1T727
F6WA57 G1T2J6
F6TJZ6 G1SRY1
F7C432 B7NZD2
F7D7T6 A0A0A0MQP7
F6UYJ8 G1SE56
F7E1I4 G1TED9
F7CCD3 G1SDH7
F7BGU6 G1SLL5
F6X485 G1SL68
F7CIM1 G1SPJ5
F6SZX2 G1SEC7
F7BRV2 G1U051
F6ZLQ3 G1SKW5
F7AIX3 G1TD81
F7B4J6 G1U8V0
F7BEV6 G1SCZ0
F6R0H9 G1SGV5
F7B7T8 G1TDG0
F7CUY6 G1SL09
F7DPU4 G1SCE8
F6RHL6 G1SV63
F7DAK8 G1TWK7
F6X0H9 G1U7P9
F6WHV9 G1T852
F6SRY0 G1TAB1
F7C446 G1U110
F6Z8J2 G1SFB6
F7BGU6 G1SEC7
F6S1S0 G1SJT2
F7B1T3 G1SVF4
F7CEM4 G1TRQ7
F7ATP4 G1SQG4
F6UCC4 G1U9R2
F6Z4E8 G1TT75
F7DK60 G1TDN3
F6VEN0 G1SMP7
F6QJW2 G1STC9
F7A3F7 G1T4A5
F7C510 G1SX39
F7B297 G1T579
F6UDA8 G1SK15
F6QFQ3 G1T7H6
F6VZX7 G1SKC4
F7CMY7 G1SV10
F6ZDH8 G1TKP8
F6URY0 G1TI48
F6X756 G1SML4
F7A1K7 G1SD45
F6WJ65 G1T7T9
F6Y5X4 G1TT75
F6XMK4 G1TAU7
F7BG55 G1TCL2
F7BGU6 G1T4L6
F7DGM3 G1T184
F6Q666 U3KP46
F6V9L3 G1TEF4
F6TQ92 G1SLM0
F6XFN5 G1SCY4
F6U210 G1T5Z7
F7CEQ6 G1SN87
F6RRN3 G1T874
F6TLF1 A5A4K9
F6ZSN8 G1SDL0
F7DKM8 G1SFB6
F6T1Z3 G1T6B3
F6SBB1 G1TLF3
F6XCC6 G1SZA8
F6WFQ1 G1SLH7
F6VSC4 G1T2J6
F6V5R0 G1SWF7
F6WEM4 G1SPS9
F6QZX8 G1SZL7
F6S8L9 G1SMY6
F6ZWW8 G1T6D1
F7D355 G1SWN0
F7ATG1 G1U5C4
F7C450 G1SGQ5
F6TDH5 G1U6I7
F6W3M5 G1T3Y8
F6Q912 G1TIP3
F6TQR2 G1TAP3
F7CZ92 G1SL62
F6XL24 G1TIP3
F6RXJ7 G1TMD8
F6SX98 A0A0A0MQP7
F6SZX2 G1T4L6
F6Z8J2 G1SEC7
F6UPF3 G1SP64
F6PUQ2 G1T0P5
F7AKD0 G1U5C1
F6WTK3 G1T165
H9GZM9 G1U2E5
F7E4G6 G1T7H0
F7BWG5 G1T9C8
F6XK12 G1TRW0
F6STH6 G1T1S7
F6ZBH0 U3KN03
F6TWA5 G1TGU9
F6Z4E8 G1SML4
F6QAN6 G1TEY1
F7BFW6 G1T082
F6WPB4 G1T9T5
F6UMS3 G1T925
F6TRX8 G1TQM2
F6TK05 G1SCN8
F7AS83 G1T6B3
F6UVI3 U3KMK1
F6US96 G1U4R9
F6Y3I3 G1TIY7
F6XLU6 G1TMQ4
F7DKR0 G1SUK6
F6QNK6 G1TZY7
F6WFP6 G1U944
F7CQM8 G1T035
F6QW91 G1U0E9
F6QIH9 G1SVT3
F6S6Y3 G1T1N6
F7CNE1 G1TRL8
F6PPE5 G1TH06
F6SBB1 G1TTZ2
F6WT83 G1SSU8
F6YJP4 G1SQF8
F7A6R9 G1T8Y4
F7A883 G1SZD8
F7AGK2 G1TCA0
F6XXG1 G1THQ9
F7CE06 G1TDN3
F6VTZ7 G1SVQ9
F6S0D9 G1TVY5
F6V881 G1U415
F7ATH0 G1SNL7
F6QCI6 G1TUM1
F6PSJ9 G1TA93
H9GZN5 G1SY16
F6XCU4 G1TN11
F6ZAV3 G1TQT7
F7CJF1 G1SRL3
F6PVE6 G1TCI3
F7C2V0 G1TEU8
F6XY88 G1SV99
F7E1I4 G1TBT4
F6Z2D8 G1TWM4
F6X5K4 U3KM41
F6ZLR7 G1SVW7
F6TEU9 G1T4L6
H9GZM8 G1SSZ7
F6VSC4 G1SEF9
F7C1P1 G1T2L6
F6S0P5 G1SWH9
F7BQH8 G1SY00
F6RXV0 G1SFS5
F6Z5Q1 G1SIY1
F6RWQ1 G1SHN4
F6S0P5 G1TP25
F7BD89 G1SM05
F6XKN4 G1SUN2
F6YLA3 G1TD98
F6XTW3 P41035
F6WJB5 G1SMY1
F6V984 G1SZ41
F7DK60 G1TI40
F6SMZ4 G1TED9
F7BMY5 G1T8P3
F7CDD7 G1SYX2
F6YLA3 G1T1X7
F7D9J2 G1TAH7
F6QMT3 G1U391
F7D9F8 G1SWH9
F6Y6N2 G1TVF7
F6XEP5 G1SW57
F6ZMH3 G1SEU9
F6Q6U0 G1SEV3
F6QKV7 G1TW08
F6PUK4 G1TAA3
F6RGR8 G1SFY9
F6UHS4 G1T602
F6TTJ8 G1SV33
F6WL41 G1TW37
F6UFR0 G1TNF4
F7BD42 G1SPK9
F7DRB9 G1T8M2
F6SRZ6 G1T7G6
F6R810 G1U031
F6SJM8 G1SMK8
F7DAA4 G1TT55
Q2V905 G1T6B3
F6S891 G1T490
F6PZC1 G1SLV2
F6UFK4 G1T290
F7BWC3 G1U6D8
F7ADQ7 G1SQZ3
F6QF43 G1SDV9
F6Z4E8 G1U9B4
F6WFB5 G1STM8
F6S5X4 A0A0A0MQP7
F7BQG1 G1ST20
F7DKM8 G1TRF4
F6XFN5 G1SWA1
F6XFZ0 G1SJW3
F6Z579 G1TJM6
F7BN81 G1SWX6
F6YZ94 G1T996
F6SE67 G1T566
F7BIK2 G1T281
F6UY42 G1SV55
F6YFI8 G1TUC5
F6PUM0 G1SMQ5
F6TE92 G1TEZ1
F7CW82 G1TRI5
F7AQZ6 G1SE50
F6ZBW3 G1SF00
F6YEM4 G1U101
F6XRF8 G1SFB6
F7CPL3 G1TBJ3
F6WLC5 G1TD66
F6VHP0 G1U020
F6TEU9 G1TWK7
F6QNK6 G1TCM0
F7E1X2 G1TAF8
F6TZX8 G1SUQ9
F6VAM9 G1TNS9
F6XXS9 G1SDJ7
F7DC48 G1SZY2
F7DLU0 G1SD44
F7DQE7 G1SFX5
F7CRU0 G1SXM2
F7A2J7 G1SIC9
F7BU40 G1SQ93
F6WR88 G1TVM9
F6R1Z0 G1TBF1
F6QH40 G1SXH7
F6Q337 G1SNQ6
F7B7L7 U3KNR1
F6ZSB4 G1U466
F7CNQ9 G1TYZ3
F6RE78 U3KP67
F7C7T4 G1T1T5
F7D4R9 G1SL68
F6XV77 G1T6F4
F6UFM6 G1TQ35
F7D2X9 G1SUG3
F6SGJ7 G1SHS4
F6WXA6 G1STC9
F6VC20 G1TXQ9
F6SZX2 G1T9C8
F6QHL9 G1SZA8
F6XAQ3 G1TGD9
F6PKQ6 G1T0X6
F6W8H2 G1SQ55
F6Z8X4 G1TLS9
F7AQ43 G1U469
F6S8M6 G1U3I5
F6R0E4 G1STG2
F6ZSV4 G1TQD3
F6WQB7 G1U275
F7C4C2 P68105
F6Q3Y7 G1T6M1
F6TQ92 G1SQK0
F6WA57 G1TET2
F7BD42 G1SZG3
F6UQ47 G1SML6
F7BHP6 G1SWI9
F7BZW5 G1TBK2
F6Z5G2 G1SRY1
F6RGR8 G1TVT0
F6U832 U3KN10
F6TQ51 G1SR83
F6V099 G1SL26
F7C1M0 G1T250
F7DKM8 G1T9C8
F6VG24 G1TF42
F7DWY7 G1TRF4
F6XN76 G1T9A1
F6QP87 G1SJL2
F6PR27 G1SJA5
F6V7C1 U3KN85
F7DZ01 G1U6T0
F7DE88 P41035
F6RFS1 G1SQY8
F6SN62 G1T336
F6Z904 G1T2T9
F7A8D2 G1TS89
F6XB91 G1ST72
F6U3Q2 G1TTM2
F6QG75 G1SH29
F6ULH7 G1SLM0
F6YQU0 G1SL62
F7AK40 G1SZR6
F6SEX4 G1SZG3
F7BI34 G1U944
F6WNZ3 G1SS73
A0A1L1R2Y5 U3KMC5
F6SGP7 G1TZ08
F6RNG4 G1TQI7
F6SP02 G1SZD6
F6Y0C1 G1T925
F6RKT2 G1TVH9
F6XXS9 G1T4N4
F6UJY8 G1TD98
F6SBB1 G1TW21
F6UYJ8 G1TEZ1
F6ZAT6 G1TMZ6
F6S9Z1 G1T230
F6QPW3 G1SLD7
F6Q253 G1TP72
F7BGU6 G1T9C8
F6WHD4 G1TCP9
F6XSW1 G1SIZ9
F7DAQ8 G1SHL4
F6YK38 G1T7C2
F6RTR6 G1T9D0
F7AJ14 G1SYI5
F6QNK6 G1SL22
F6XB71 G1TIP3
F6RM37 G1SLL5
F6T775 G1SVQ9
F7A5X7 G1TX63
F6UNM1 G1TCC3
F7C9Y5 G1T5M0
F7D2A3 G1SYY1
F7ATQ2 G1SE83
F6XL78 G1SZM2
F6XB71 G1T225
F6YPZ6 G1SZL7
F6SKB7 G1SI38
F7D9F8 G1TP25
F7B6J9 G1U3B9
F7A7E6 G1SSG2
F7D8X8 G1U391
F6QFH2 G1T8P3
F7BQ20 G1TPN2
F6YUM4 G1SYG0
F6PTV7 G1SDW8
F6SK46 G1SVQ9
F6WJB5 G1T8P3
F6QZX8 G1SSI3
F7AYL6 G1T3Y6
F6QPV3 G1SUS6
F6XA04 G1TF91
F6TE92 G1TS42
F7CRU0 G1TCV3
F6SXK8 G1TUF8
F7E3E6 G1T5F0
F6TDG5 G1TBD3
F6R5B2 G1T617
F6S5X4 G1TRI5
F7BZW5 G1TET3
F6RL35 G1SJJ7
F7DKM8 G1SEC7
F6YYW6 G1TSN6
F6TE29 U3KPJ5
F6VVQ5 G1SP35
F6U1B7 G1SRW1
F7DBN1 G1TET8
F6T8X0 G1TD93
F6Z579 G1T0U6
F6RIW1 G1SKW5
F7CYJ4 G1TBZ1
F6VDT3 G1TJQ3
F6U4D9 G1SZ83
F6YZL0 G1U782
F6UYJ8 G1U0I7
F7A7G2 G1SE21
F7AMG5 G1TWX8
F6ZI51 G1SL62
F6R0E4 G1SZA8
F7CAX0 G1SGM5
F6ZEW5 G1T3Y0
F6RM37 G1TWK7
F6U1P4 G1SE64
F7B6P6 G1T7Z6
F7AM44 G1SRN9
F6YPX9 G1SJT1
F6V704 G1T2I0
F7DYY2 G1T4N6
F6WKC0 G1T5Z6
F6SZX2 G1SFB6
F7DR40 G1SSF7
F7AEV0 G1U391
F7BME5 G1SIG2
F6S0D9 G1ST56
F6ZWH8 G1TCV7
F6RM37 G1SEC7
F6VMG7 G1TSU1
F7CJM0 G1SHM5
F6RDF7 G1U7F0
F6YQU0 G1SPJ5
B7X6D7 G1SJJ7
F6TV92 G1SI62
F6ULH7 G1T1X4
F6W4Z3 G1SGZ9
F6UJY8 G1STC9
F6RIW1 G1T6B3
F6T0I0 G1SS19
F7BQS3 G1SF46
F6SQ43 G1SKM1
F7DKM8 G1T4L6
F6YXJ9 G1SPP0
F6VTW3 G1TAE2
F6ZI51 G1SSF7
F6Y3T7 G1TW21
F6PKQ6 G1T4R0
F6U1P4 G1TDU6
F6XW83 G1T0P5
F6TC63 G1T3U3
F6TL62 G1TGR9
F6ZPE1 G1TFL8
F6YW73 G1TIW9
F6T775 G1TGC0
F6VS33 G1T165
F7D7T6 G1TRI5
F7CBI3 G1TLN0
F6Y6S9 G1TC61
F6YW45 G1U652
F6YSI5 G1SH41
F6SRE2 G1T2V7
F6UYK9 G1TCP5
F6REN5 G1SE26
F6QWP4 G1T290
F7BVQ8 G1T421
F6U806 G1U1B4
F7DTN7 G1U187
F7AEV0 G1TZB9
F6TZ87 G1T1Q2
F6VZT9 G1SZA8
F6Z352 G1TNZ4
F7D2I6 G1SGM2
F6XR42 G1TIX5
F6WPW0 G1T8Y4
F6YQZ0 G1SMY1
F6R8M7 G1TU94
F6YYG4 G1TVU3
F7BUX8 G1TDN3
F7AK88 G1SF70
F6PP86 U3KN52
F6QWU1 G1SF87
F6VSB5 G1U300
F6ZQV4 G1U7F5
F6V3T0 G1TSN6
F6PPZ2 G1THQ9
F6S2X2 G1SSL5
F6VS33 G1T0X6
F7D0F2 G1STZ5
F6XIL8 G1U194
F6XL68 G1SR94
F6R3T6 G1T5B7
F6XRF8 G1SEC7
Q2V905 G1SKW5
F6UFK4 U3KP59
F6R2I7 G1SL62
F6VR43 G1SSU8
F6VSC4 G1U469
H9H002 G1TIP3
F7CYP7 G1SLT0
F6QY08 G1SUK9
F7AS83 G1SQG5
F6V3K2 G1SMK8
F7CM64 G1SZR0
F6S0P5 G1SE57
Q95LJ1 G1TXP6
F7E2A5 G1T856
F7BI34 G1T7H6
F6Y603 G1U290
F7AQM7 G1SH01
F6QQ77 G1SS73
F7BR74 G1SGM5
F6S1R4 G1TN11
F7E2W7 G1SUD3
F6WSH0 G1SFW6
F7AXK9 G1T7L2
F6S8X7 G1U3D6
F6VK74 G1SMK8
F6WIS6 G1SLH7
F6ZQQ4 G1T6Q2
F6QPD5 G1TRZ8
F6VTS1 G1SXD0
F6UM11 G1SCL1
F6PHF7 G1TEJ2
F6Q6U0 U3KM50
F6U2A1 G1STG2
F6UBL0 G1SDG8
F7A5L6 G1TRT3
F7A1K7 G1SXJ0
F6YM88 G1SSF7
F6ZM70 G1TI48
F6XIL8 G1TU12
F7AUW2 G1T9M9
F6ZS37 G1U3W2
F6W8C3 G1SSY8
F7BWU8 G1T870
F6SP74 G1U9S1
F6XIL8 G1SCZ4
F6YIZ5 G1SYP2
F7BLW8 G1SSZ6
F6YXG2 G1SZI3
F6Y3T7 G1TZ08
F6VRC2 G1SX32
F6ZXQ8 G1SWX6
F6QTJ6 G1THI1
F7BBI4 G1SK48
F6VPT2 G1SRY1
F6Z6Y4 G1T0H3
F6WTK3 G1T0X6
F7DKM8 G1TWK7
F7ACY5 G1TPA9
F6XIL8 G1SK32
F6T1Z3 B7NZD2
F6TB03 G1SV10
F6SMZ4 G1SRW4
F6PVB5 G1SMS1
F6UAN2 G1U6X6
F6YYN8 G1T6B3
F7E191 G1SXK9
F6TQL8 G1T0G3
F6XYX6 G1SM49
F6YRA8 G1SQV4
F7AWM3 Q0R4E4
F7BFW6 A0A0A0MQP7
F6V522 G1SZR1
F7AZ73 G1SYM2
F6WUM6 G1SZ83
F7C0M6 G1T5Z7
F7DE63 G1T186
F7DM52 G1TNH0
F6R6E3 G1SUF3
F7D7A5 G1TUQ4
F6PNX0 G1SMT8
F6ZUJ2 G1T3Y8
F6YZX2 G1TN62
F6ZAV3 G1T1X7
F7CPL3 G1SVI7
F6WPK8 G1SFS5
F6S642 G1TLB8
F6SZX2 G1TWK7
F7A4N1 G1U110
F7A9E9 G1SJJ8
F6WIG4 G1SGZ4
F6S0P5 G1STG2
F6QF00 A5A4K9
F6TE92 G1SNZ2
F6UZ99 G1SYY7
F6RR80 G1TJY6
F6RW42 G1SFH3
F7DAS1 G1TBB8
F6VS33 G1SEV9
F7E2V0 G1SUW9
F6YBH2 G1TZQ9
F6YX50 G1SKU6
F6Q2Q4 G1TZY7
F6YI14 G1T8R2
F6SCX8 G1T3U3
F6RQ49 G1T617
F7BLU1 G1TR82
F6QWB9 G1SM45
F7BD42 G1T6Y8
F6SWV0 G1TAV7
F6TEU9 G1T9C8
F6PIA4 G1SYT2
F6Z6J3 G1T2J6
F6XJE0 G1TE71
F7BK96 G1SNC8
F7D4M5 G1TC95
F7ANU2 G1TZB9
F7CYY7 G1T6W0
F6YW90 G1TNG2
F7CS60 G1U9R6
F6T1Z3 G1SKW5
F6X3S7 G1SCY4
F6UIB4 G1SEG0
F6XRF8 G1SLL5
F6ZQD3 G1T4X2
F6SVJ0 G1TKA8
F6S2X2 G1STC9
F6VM91 G1SE07
F7A9C6 G1SZI0
F6T0E1 G1SYX3
F7CGI6 G1U6Y4
F7D5J1 G1SRC5
F7CH72 G1T165
F6XAE8 G1T895
F6RNG4 U3KNV0
F6Y3T7 G1TTZ2
F6QM22 G1U631
F7B8B3 G1SE74
H9GZM9 G1TU12
F6VNY4 G1SZL0
F7DMZ7 G1SY15
F6RN24 G1SMJ8
F6WPR9 G1T3P3
F6QNC5 G1T937
F6RJN1 G1TP83
F6UQU2 G1SSL4
F7DAK8 G1T4L6
F6VTZ7 G1TGC0
F7A4E1 G1U8C1
F6RSH5 G1T2Q2
F6YI82 G1TEB8
F6Q800 G1TGZ4
F6WTK3 G1SEV9
F7CPL3 U3KNV0
F6U5M0 G1SI13
H9GZW5 G1T3J4
F6VB17 G1TQ35
F6STN9 G1SL10
F6UYD5 G1TIZ7
F6ZXQ8 G1SPK9
F7DFR6 G1SZE4
F6Q4I9 G1TVY8
F6VAF4 G1STG2
F6S5Z0 G1U9B2
F6ZLQ3 B7NZD2
F6RT09 G1TYL1
F6SUW6 G1TD25
F6Y3T7 G1TLF3
F6X3K0 G1TVT0
F6QFH2 G1TJ36
F6U6K1 G1T361
F6RXV0 G1T764
H9H002 G1SX32
F6QGL5 G1SXZ0
F7BWW6 G1SR03
F6WCE5 G1TCM0
F6YDA3 G1TEN7
F6SGP7 G1TW21
F7BUX8 G1T6D1
F7E3W0 G1TVH9
F6XYB5 G1SIL1
F6RH07 G1TAH3
F7AS83 G1T9H0
F6RAH7 G1U0E3
F6SEX4 G1SPK9
F6TR20 G1T7C0
F6SBB1 G1TZ08
F6WTM6 P13943
F6XIW6 G1T9U5
F6ZWH8 G1U119
F6UE43 G1TNE6
F7DXH9 U3KM97
F6WQ69 G1SVQ8
F7CCM9 G1U290
F6TLF1 G1TA77
F7B8E7 G1U634
F6Z5G2 G1SMA7
F6VU34 A0A0A0MQQ6
F7B439 G1T8N6
F6QWP4 U3KP59
F7DAK8 G1TRF4
F6TMB5 G1SSU8
F6V9P2 G1SKU6
F7AGE2 G1U215
F7BBI4 G1SSZ8
F6SSS0 G1TK65
F6XVV6 G1SM05
F6UCG9 G1SQ43
F7AUV5 G1SX29
F6R8P9 G1SUJ9
F6TEU9 G1SFB6
F6YLA3 G1TQT7
F6Z2D8 G1T566
F6YBQ6 G1T8P3
F7E1I4 G1SRW4
F6ZNP6 G1SRK1
F6R6E3 G1SXK9
F6Y6S9 G1T0H1
Q29482 G1SQ27
F6Z8J2 G1T4L6
F6ZI51 G1SPJ5
F6S535 G1U469
F7DPD1 G1U631
F7BQL5 G1SEN5
F6SBE1 G1U3T9
F6VVK8 G1U784
F7AQ43 G1SEF9
F6RM37 G1SFB6
F7BWG5 G1TWK7
F7A1L9 G1TJ92
F6YQZ0 G1T0H1
F7D3B4 G1SE21
F6RXX0 U3KMB3
F7AET6 G1T3Y0
F6Z0A9 G1SY93
F6ZGY3 G1TD22
F6UAP9 P79218
F6YPK5 G1ST56
F6SYI2 G1T4F9
F6X610 G1SLH7
F6ZXQ8 G1SZG3
F6QR51 G1THZ1
F6WYR4 G1T856
F6TG96 G1T664
F6XIL8 G1U2E5
F6WSM9 G1SMV4
F6WMX3 G1TAR0
F6QE38 G1SQW6
F6ZZA7 G1TJ26
F6V9A2 G1T5I9
F7CZ92 G1SSF7
F7B297 G1SZ83
F7CCF5 G1TYE2
F7AJ44 G1TWI8
F6W1M4 G1SHV3
F6RM37 G1T9C8
F6YLA3 G1STC9
F7CEH9 G1SEB9
F6VRC2 G1SLH7
F6VUR4 G1SCT0
F6PMR8 G1T5Y1
F6SEX4 G1T6Y8
F7C7N2 G1T1T1
F7CL86 G1SFY5
F6VDI5 G1SSW4
F7A1J9 G1TC83
F6PWE9 G1TXI4
F7B944 G1SG22
F6Q2Q4 G1TCM0
F6Z6J3 G1U469
F6SW18 G1SLC6
F7CY80 G1TI55
F6XF13 G1SVG4
Q9BDF6 B7NZM9
F7D7T6 G1T082
F7C0K8 Q6ECK6
F6RPR5 G1TTB8
F6UMX0 G1TME0
F7BRQ1 G1SFZ8
F6Q9W9 G1SDE9
F7CQ26 G1TZC7
F6UHR5 G1T5Y0
F6Q8K7 G1SCQ4
F6Q3Y7 G1TA58
F7DK60 G1T6D1
F6R5P5 G1TGB4
F7CAF4 G1TCW3
F6WIS6 G1SX32
F6YQU0 G1TCW1
F6SCF7 G1SDC9
F6X1N1 G1TTM4
F7DAK8 G1T9C8
F6ZZ24 G1SI67
F6S2X2 G1T421
F7DZT2 G1SJW2
F7BWG5 G1TRF4
F6ZAV3 G1STC9
F6SFP3 U3KNP5
F6Z8T7 G1SHY0
F6X756 G1U9B4
F7AMG5 G1TB52
F6SMZ4 G1TBT4
F7CS30 G1TJ26
F7DKR3 G1TT06
F6XIW6 G1T6M9
F6SQS6 G1T9U5
F6VAF4 G1SSL4
F6ZA94 G1T6E8
F7BHT1 G1TCV7
F6X610 G1TIP3
F6R2I7 G1SPJ5
F6PNM7 G1SS22
F6WRZ8 G1T6W8
F6RKM7 G1TR82
F7AZI4 G1SQL1
F6R166 G1TZJ5
F6QFH2 G1T0H1
F6U4Y1 G1T045
F7CCY6 G1SRW4
F6QL56 G1SML4
F6W815 G1SIC8
F6U6I2 G1TWI8
F6WCJ0 G1T303
F6Z5G2 G1U8J6
F6TME6 G1U2Y0
F7BGU6 G1TWK7
F6SB53 G1SWZ2
F6QG45 G1SI18
F7BQ20 G1SH00
H9H002 G1SLH7
F6Z1I4 G1SZT9
F6PUD8 G1T2W5
F7A860 P47845
F7AYW3 G1SWW8
F6YZZ3 G1TT75
F7BPU9 G1TNB4
F6PPE5 G1TTN9
F6ZK80 G1SV33
F6QTT9 G1U2U9
F6T7P5 G1SRA5
F6XVV6 G1SE21
F7APX2 G1SK65
F7A5X7 G1T0X9
F6R2I7 G1SSF7
F6SMZ4 G1TG54
F6ZPG5 G1T8G7
F6Y8T1 G1T5V9
F6SX98 G1TRI5
F6U2A1 G1SZA8
A0A0B4J1C4 G1U1S7
H9GZZ3 G1TUA3
F7CUH0 G1TMW5
F6QKV7 G1SJ47
F6R950 G1SKZ3
F6XAL3 G1SS92
F6WPB4 G1SL10
F6S7D4 G1SXC8
F7DNE5 G1T850
F6S7J5 G1TC79
F7C0S3 G1T607
F7AYL6 G1T1R6
F7CNX6 G1T9E5
F7AS83 G1SKW5
F6PJ06 G1SQT6
Q2V905 G1TCW1
F6QIR9 G1TU73
F6W196 G1TV09
F7BMY5 G1SV05
F7BI34 G1U0A2
F6Y9U1 G1SVH8
F6SGP7 G1TTZ2
F7AES8 U3KP46
F6RRU3 G1SH10
F7D8U2 G1SDP7
F6WF09 G1T7Y1
F6T775 G1T4R0
F7DG69 G1SWC1
F6VYL8 G1SMM6
F6PIK9 G1SXF3
F6ZGD8 G1SIW6
F6W2L2 G1TDE7
F6SE95 U3KNI6
F6ZLD4 G1T589
F6UYD5 G1TE71
F6YZH1 G1SFK3
F7CAI5 G1TJI4
F6UJY8 G1T9C2
F6YNT2 G1T7B5
F6PHF7 G1SJW2
F6Z3T6 G1T4N5
F7BAQ3 U3KN52
F6SKU5 G1TI07
F7BUX8 G1TI40
F6YZ64 G1U730
F6QPW3 G1T0F6
F7B9Q2 G1SV92
F7BG35 G1U0D5
F6VTZ7 G1T4R0
F6Z3I2 G1TN55
F6WUM6 G1T579
F6YG22 G1T440
F7BHX5 G1TCX1
F6Q0S8 G1SGY7
F6UP71 G1SYN1
F7CY85 G1T4J4
F6YKN9 G1U7J6
F6YYN8 G1SKW5
F6SGP7 G1TLF3
F6YXJ9 G1T277
F7A7Y4 G1SWM5
F6XI59 G1T9U5
F7CP74 Q3Y5G8
F6TE92 G1SG44
F6SK46 G1TGC0
F7B2P6 G1TBP7
F7BBI4 G1T8N1
F7E191 G1SUF3
F6VTM5 G1SG16
F6UJY8 G1T0P6
F7AYV0 G1TIF2
F7CKR6 G1SI62
F6V852 G1T221
F6V984 G1TB13
F6T858 G1SM30
F6PQP4 G1TJB2
F7DF40 G1SVM5
F7AIJ7 G1TXY7
F6XFJ1 G1T4I7
F7E4A3 G1SL10
F6RNU1 G1TCC7
F6U9M4 G1TED9
F6URD5 U3KNH2
F7AYN8 G1SK88
F6X4N6 G1SZI3
F7CQM3 G1SJ49
F6R5I3 G1TRX7
F7B9A4 G1TF11
F7BTP9 G1T5X9
F6YAJ2 G1T737
F7DGS2 G1TBY0
F6UJY8 G1T1X7
F7BD82 G1T1B1
F7CCM9 G1SCL1
F6XB71 G1SEN5
F6ZM05 U3KMP2
F6RQM5 G1TBM7
F6TJZ6 G1SMA7
F6XCU4 G1SWN0
F7BD89 G1SE21
F7E373 G1T5V5
F7B5W5 G1SY90
F6U9M4 G1SRW4
F7E3B2 G1U8J3
P29553 P04924
F6TE92 G1SRP7
F7B6J9 G1T440
F7E3W0 G1U2U9
F7A4J2 G1SLL8
F6QIH3 G1SHU9
F6X610 G1SX32
F7DZT2 G1TEJ2
F7ABF8 G1TC74
F6Q188 G1SYS2
F6VPT2 G1SMA7
F7BYR2 G1STB0
F6TE92 G1U0I7
F6PZX1 G1SK22
F6ZAV3 G1TD98
F7C2U3 G1SI26
F6YZJ4 G1SV05
F6QLW9 G1SXH5
F6ZQK7 G1SND5
F6T8H1 G1U198
F7CNU5 G1SKY3
F6V3G6 G1SVG9
F7DBY8 G1SDC7
F6RXS0 G1TDH0
F6XIW6 G1SWU8
F6TEU9 G1TRF4
F7D3B4 G1SM05
F7CV51 G1U2U5
F7DC92 G1T5J3
F6R0Z7 G1T4H5
F6RNG4 G1TBJ3
F7BGU6 G1SFB6
F7BAA7 U3KM00
F7C3Z3 G1SXQ6
F7BV85 G1SRE8
F7AU83 G1T1D9
H9GZM9 G1SK32
F7C695 G1SE26
F6R4M8 G1SSU8
F7B4P7 G1U7F5
F6Y987 G1SIX9
F6YZR5 G1SIJ3
F6Y0U3 G1SJK0
F6UQU2 G1T657
F7B0R5 G1T2Q4
F6QPW3 G1SQ45
F7CH72 G1SEV9
F6Q1W3 G1THP0
F7BL31 G1SVM7
F6Z9Q9 G1U763
F7DWY7 G1T9C8
F6TEU9 G1SEC7
F7AS48 G1TWH8
F6WLY6 G1T9F3
F6SX98 G1T082
F7AKZ2 G1SSM2
F6UFK4 G1TTT2
F6QWS4 G1TUF8
F6XMB2 P13943
F6SYG5 G1TLU5
F6Q0M8 G1T548
F6ZRE9 G1TQW1
F6YZI7 G1TEP5
F6XIY9 G1T9D9
F6VAI2 G1SE74
F6UAP9 G1SXH5
F6S5X4 G1T082
F7AAN5 G1TT28
F7AUF5 G1SL48
