O88321 G1SM52
P04961 G1SKZ3
P43138 G1SKJ8
P47196 G1T1B1
R4GNK3 G1SRV2
F1LRP7 U3KN58
A0A0G2KAD9 G1SHD1
P43138 G1SN16
P04961 G1SF46
P09495 G1T2F2
O88321 P27124
G3V913 U3KN03
F1LR10 G1SF00
F1LRP7 G1STG2
P04961 G1T6B3
Q63610 G1T221
E9PTN4 G1SMJ8
P09495 G1SF00
P04961 U3KN03
F7ENH8 G1SFV1
F1M4Q8 G1TT72
F1LR10 G1T2F2
F1LRP7 G1TP25
E9PTN4 G1U6H0
G3V8B6 G1SF46
D4ACN8 G1SUG3
P04785 G1SRV2
G3V913 G1SKZ3
P04961 G1TCW1
O88321 G1SSF7
F1LNG5 G1SN87
F1M9D6 G1TPN2
F1M9D6 G1SPJ5
Q7TP21 G1SF46
P10361 G1TVU3
A0A0G2JSP3 G1SZR6
Q07266 G1SRV2
O88321 B7NZD2
D3ZWG3 G1U300
P14659 G1T866
A0A0G2JX94 G1U6D8
F1LV96 G1T9U0
P43138 G1U8F0
P04961 G1SKW5
Q63610 G1TP25
D4A554 G1T9D9
Q64349 G1SJX7
F1LRV4 G1SSF7
P08592 G1SZM2
Q4KMA2 G1SFV1
Q9JHX0 G1TWD0
D3ZTN0 G1SFY9
F1LS29 G1SRV2
O88321 G1SV05
D4A4T0 G1T866
Q6MG07 G1TCP9
D4A9N5 G1T143
O88321 G1SVF2
P35739 G1SZT9
Q4KMA2 G1T568
D4A8L3 G1SUG3
P38438 G1TAL4
D3ZRN2 G1SFV1
D3ZNU1 G1SLS3
D3ZBL5 G1SJJ8
G3V913 G1TPN2
P04961 G1U6X2
A0A0G2K0D4 G1SML6
F1LR10 G1STX3
Q63610 U3KN58
B1WC05 G1TCP9
A0A140TAD2 G1SV90
Q63355 G1SRV2
B2RYG6 G1SRV2
G3V913 G1TCW1
Q4KMA2 G1TI39
P43138 U3KLT5
P09527 G1SRV2
P04961 G1SPJ5
D4A228 G1SK88
Q80U96 G1SMY6
P04961 G1SH00
Q3MIE4 G1SRV2
D3ZRN2 G1T568
P17046 G1T607
F1LRP7 G1SW77
F1LRV4 G1SM52
G3V913 G1U6X2
G3V6K6 G1SZE4
A0A0G2JWA2 G1TT75
P09495 G1T2N8
P04961 G1TPN2
F1M9D6 G1SKW5
F7ENH8 G1T568
F7F189 G1T9D9
D3ZU79 G1SEA4
G3V913 G1T6B3
F1LRV4 B7NZD2
F1M9D6 G1SH00
D3ZRN2 G1TI39
P43138 G1TP30
F1M987 G1SPU4
Q63610 G1STG2
P09495 G1STX3
Q6MG49 G1SRV2
P14659 G1TT75
D3ZNU1 G1T2F2
P09495 G1SLS3
P43138 G1SKS8
P85108 G1SF46
F1LRV4 G1U8Q8
Q9R010 G1TBZ4
Q5I0J5 G1SL26
F7ENH8 G1TI39
B5DF91 G1TAE2
O88321 G1U8Q8
D3Z8X7 G1TWD0
F1LRP7 G1T221
B5DF02 G1TIX5
D4A554 G1TR97
A0A0G2K5U0 G1SIC9
P60522 G1T9A1
F1M9D6 U3KN03
D3ZNU1 G1SF00
F1LRV4 G1SVF2
F1LNZ5 G1SV92
F1M9D6 G1TCW1
Q63610 G1SW77
F1M8V2 G1T617
G3V8S5 G1SKM1
Q6AZ64 G1SS22
D3ZNU1 G1STX3
F1LM09 G1SEW1
F1M9D6 G1U6X2
G3V913 G1SKW5
O88321 G1U636
F1M9D6 G1T6B3
F1M9D6 G1SKZ3
G3V913 G1SH00
Q5XIF6 G1TR82
G3V817 G1SRE8
Q3T1H6 G1TSQ5
G3V913 G1SPJ5
D3ZNU1 G1T2N8
F7ENH8 G1T9W3
F1LRV4 G1SV05
D3ZXZ1 G1SSS6
