Q767L0 P16546
Q06AS8 Q61286
F1SMZ8 G3UVW3
A0A287BJ79 P49183
A0A287B854 Q99JT2
A0A287BDY2 Q9CZJ6
F1S5Q2 Q9D300
A0A287AV47 E9PUK6
F2Z517 Q3UL36
A0A288CFV7 P05214
F1S0N7 Q9CYY7
F1SLW4 Q3TTL0
F1SH64 Q6NVF9
A0A286ZUL4 B2RRL2
A0A287BEQ8 F8VQ87
F1RHS7 O54786
F1S8W8 Q3U3I9
F1SCQ9 Q5Y5T3
A5GFR3 Q6PAR0
I3LQB2 Q9CR23
A0A287B0C9 O70273
F1SU46 E9QNX9
B7U2G9 Q91VD1
F2Z531 P63006
F1RF89 Q6PAL1
F1SG38 Q03173
I3LC11 Q922G7
F1RYA1 P47811
A0A286ZUN2 H3BJD7
F1S224 Q8BSK8
Q865K8 Q80ZE4
A0A287BSV9 Q8BW72
F1SNP9 B5B2N2
A0A287BHA0 Q58Y75
I3L7Y8 Q8BMU0
F2Z5C6 B2RUJ5
I3LUG5 Q8VHP6
I3LG73 Q7TMK9
A0A287B916 A2A7B5
F1SDW9 Q8VHQ3
A0A287BRX1 P52955
A0A287AKX1 E9Q774
A0A287AHZ5 Q8R0S4
A0A287BDL6 E9PUK6
F1RXU4 Q921I0
A0A287A991 Q8CAF4
A0A286ZNK2 Q99J56
E5Q8C6 A2APM2
F1SPF3 P97310
F1SEZ1 Q8CJ70
A0A287BPI7 F6VPT9
F1RX68 P62715
F1RX94 Q03160
F1RGS3 Q921S7
A0A287AT90 Q9ET30
I3LQ78 J3KMG9
A0A286ZLJ9 Q499D0
A0A287BIK4 Q8CHK4
A0A287BRV4 H3BJ52
A0A287AI88 P46935
Q8HZV3 P14152
K7GR08 Q811Q9
A0A287BM19 Q8R310
A0A287BRX1 Q3UV71
A0A287B7I6 Q3UFY8
F1RPK6 Q9WTV7
A0A287B294 Q9WV31
A0A287BF42 Q8R4G6
I3LBY1 Q9CYD3
A0A287BK29 F8VPX2
F1S0L9 Q922G7
F1SE73 O08811
F1RKY2 P49182
F1SP96 Q5Y5T3
F1S4K9 E9QP49
F1RKS0 G3X959
F1RN41 O88947
F1SDY7 Q8BQM8
F1SEX5 Q3B7Z2
F1SEZ2 Q8CJ70
A7TX82 P61080
F1RFX6 Q562E2
F1SHY4 Q76LW6
A0A287BNZ9 Q06180
F1RVT6 Q62311
I3LBY1 Q64151
F1SLA7 Q8C863
A0A287AS02 Q8BUR9
B6E241 Q60631
F1SC14 Q78WZ7
Q66X52 Q9D1L9
A0A287AFE5 Q8BJ51
A0A287AMU4 Q6PDL0
A0A287BK75 P31938
F2Z4Z6 Q3TJD7
F1RVZ4 P39429
F1S4K9 Q8K2J7
F1STR7 Q8BW72
A0A286ZS33 P48754
A5A8V7 Q9JLN9
A0A287AFJ7 J3KMG9
A0A287AB40 A2A7S8
F1RMN5 Q06180
A0A287ALQ4 Q61324
F1S6Z4 Q3V1N5
K7GNC6 Q8VIG1
F1RK76 A2RTU1
I3LKM6 Q99MV1
A0A287AM68 A2AWA9
F1S0N2 P16546
A0A287BSV9 P37242
F1S8V5 Q8VDF2
F1S484 Q9CXV9
A0A287BNT0 A0A087WSD0
I3LM39 Q8C6L5
F1SE75 Q8K249
F1SEV7 Q9D8T2
F1S3D0 A0A1D5RME2
F1STH9 B2RQE8
A0A287AAL7 Q61062
I3L5F7 Q3TLH4
A0A287AJ93 Q3U3I9
F1RM25 Q60676
F1RTZ5 A0A0R4J0M9
A0A287A273 Q3UKC1
I3LBP0 E9Q4P1
A0A287AEZ1 Q9ERK0
F1S360 Q9D6K5
A0A287B877 Q9ERI5
A0A287B321 Q8BG18
F1SPK0 Q69ZZ6
I3L7T2 Q61625
I3LN92 Q99MH5
A1X898 Q60715
A0A287BBC6 P62509
I3LFA7 Q8R5A3
F1STM9 Q3TE40
F2Z503 Q3TT38
F1SPR8 P47738
F1SFI7 P29699
A0A286ZXF3 Q9EQC1
A0A287AV73 A0A286YD96
G9M5N9 Q9EQX0
F1RJL2 Q8BH57
Q8HZV3 Q9Z1Z2
I3LR71 Q8BHI7
F1SKG4 F8VQ87
F1SEI1 Q9ERI5
Q6YT42 P51683
F1RVT6 Q8CFT3
F1SSH4 Q8R1N4
F1S5C5 Q99KG3
A0A287AV79 Q3U3I9
K7GRK2 Q9QY39
A0A287AC39 O55082
A0A286ZMX2 Q921J4
A0A287AJQ1 Q9CPN8
F1S4Y2 Q60665
F2Z562 P35550
I3LB10 Q9QYC7
F1S8K5 O88477
F1S1Z5 Q8CB14
A0A287BK91 E9Q6P5
F1RUP2 Q8CEC0
Q8SPR7 Q91W63
F1SFK0 Q8BP71
A5D9P0 Q8BG32
A0A287BPI7 A0A0R4J097
A0A287ACL1 Q61112
A0A287B487 P97812
F1S7K1 Q9JMH6
F1RYA4 Q8BMA6
F1RP24 E9Q7L6
M3UZ00 Q0P678
F1S9W2 Q9D9V4
B7U6F4 P62492
F1S4Y2 O70494
Q28987 Q8BZ33
F2Z5R9 A5D6P6
F1SC64 Q60848
A0A286ZYQ9 Q9JJN1
F1SJV7 Q05909
A0A287A4E5 Q8R0F9
F1RZ96 Q9JKL4
A0A287A7C6 Q9R229
A0A286ZW78 Q3U213
I3LBA7 Q99JB0
A0A286ZLI8 Q3U741
A0A286ZI78 Q6PDK0
A0A286ZI96 Q3UHC7
F1S010 Q6P9S1
F1RN44 P11438
F1S8T0 O35160
E5F1H9 O55013
F1RRI6 E9QP49
F1SHF6 Q62415
F1SG38 A2AWA9
A0A287AST0 Q8BXR5
I3LDL8 Q8K368
F1RSS9 A2AJW5
F1RHK6 Q3UFB7
I3LBT8 Q62311
F1SUK6 E9Q2I3
I3LP32 Q8VHZ7
A0A287BI89 Q9D906
A0A287BBL7 Q8BW72
A0A287ACX2 O70201
F1SKR9 P26450
Q2TJZ7 Q9JM51
F1SSL6 Q8R5L1
A0A287BBJ3 Q8BGU2
F1SIP3 G5E872
A0A286ZIV3 P27641
F1SJK5 Q8R3P6
Q8HYN8 Q64326
F1RWA0 Q7TS68
A0A287AKG6 A0A1L1SU00
A0A287A6T8 Q8BHB7
A0A287BRX1 Q8C708
A0A287B4V5 F8VPX2
A0A286ZUM8 Q01853
A0A287AAX2 D3YXJ5
Q56VC3 O89110
A0A287ATW2 Q3TLH4
F1SQT2 Q9QXJ1
A0A286ZWP6 Q99LH1
F1SU46 Q61187
F1RF93 Q9QZN4
F1SUE3 Q3U487
P79432 Q8BH57
A0A287ALZ2 Q3ULW6
F1SLC6 Q920G9
F1RUP2 O88342
A0A287ASJ4 Q03173
F1SIX8 E9Q2I3
A0A287AM94 P33896
A0A286ZSG5 F6VZ99
A0A287B621 O55047
I3LFS1 Q9WVS8
F1RNP8 Q8BTZ4
I3L6G1 Q9EQT3
A5GHK9 P35821
F1SQZ3 Q9Z248
F1SE75 O35679
K7GR08 Q9D6K5
F1SJD2 B2RUJ5
Q52NJ3 Q99JZ4
F1RM74 S4R2G5
F1S5P5 Q9JKN5
A0A287AKE2 Q8CFT3
F1RP05 P68254
K7GS69 Q8K1A5
F1SSC2 G5E829
A0A287B8J8 Q920Q2
I3LC77 A2ATK9
A0A287ARC5 G3X9F4
F1RKS0 P41969
A0A287BK49 E9PWG6
I3LBT8 Q8CFT3
A5GFR3 Q8C5Q4
I3LF48 O35385
A0A287BHL2 Q64347
F1SD76 Q8C7B8
F1RVR2 Q91XQ0
F1S525 Q9Z2X8
A0A286ZX89 Q6NS82
F1SIK8 G3X9F2
A0A287B007 A0A0R4IZZ1
A0A287AIA4 Q9Z1D8
A0A287BS85 A2AQ52
A0A286ZKK7 Q62311
F1RGS3 Q8C5Q4
M9NIX2 A0A0R4J100
A0A287AX48 P97855
A0A287AVQ6 Q32NY8
A0A287ARC5 A2ANX3
A0A287AV47 E9QKA4
I3LG10 O08688
A0A287AKE2 Q9D906
A0A287BI89 Q9CQ06
A0A287ARC5 A0A1B0GT63
A0A287AJW8 Q8VEL0
F1SB79 Q8VHV1
A0SEH3 Q8VCG4
F1SFF0 Q9R123
A0A287A0E5 Q68FH0
A0A287AKR9 Q99LH1
A0ENH4 Q99MB1
K7GT58 Q9JJG0
Q684M4 Q9Z2X8
F1SKG2 A0A1L1SSL9
A0A288CFU2 Q8CJ61
I3LLR6 Q8C7M3
A0A287B7T8 Q9JKN1
A7BJW1 P18762
I3LK59 P13405
K7GNC8 Q9CQA9
F1RUP2 O08582
R4JU57 Q8K2F8
F1RPV3 Q99ME7
I3LUG5 A0A1B0GT63
A0A287BHQ4 B7ZDF5
A0A287AKX1 Q6P3A8
A0A287ACB5 Q3TT38
F1RM52 Q8R0W6
A0A286ZS00 Q3U0V1
A0A287B976 Q8BMJ8
P79432 P63163
F1RX57 Q9JLN9
F1RXX3 Q8VHZ7
F1SJV7 O08614
I3LUA7 Q811M1
F1RF61 O88876
P80021 Q03265
A0A287BMW8 Q6A078
F1STE3 Q8VDV8
M3VK38 B2RTJ2
I3LS35 Q91V01
A0A286ZY83 Q78T81
K9IVF7 Q99LC8
A0A287AMJ5 Q64151
F1SIE6 Q9DB05
F1SID1 P09103
B5KFD7 Q60760
F1SQR4 P62307
A0A286ZQA1 Q80V62
F1SFL1 Q9CQW2
A0A287B7I6 D3Z3U5
A0A287AJL9 P26883
F1STD8 F6R4N2
B0LXP3 Q04207
A0A287AKX1 Q9D2V5
Q007T2 P15806
A0A287BBK4 P61080
Q767L9 A0A0R4J092
A0A287BE06 P62984
F1RSE6 P97313
I3LUG5 G3X9F4
A0A287B9N1 P35456
I3L9L7 Q920H1
A0A287BIC6 A2A7S8
F2Z503 Q9D6V8
D9U8D1 P63168
P22952 P50228
F1S5V0 Q3TMP1
F1S484 Q8C1Z7
I3LC62 Q9JJG0
A0A287AWQ9 O55013
A0A287AZQ1 Q65CL1
F1RQD6 Q8VIM0
P61291 P61290
A0A287AAX2 Q9CR78
A0A287AE72 Q9JMI7
F1SR95 Q3U1D0
O77735 Q8K021
F1SPR3 Q91V57
A0A287AHC8 G3UWB6
F1SIU0 Q9EPS3
A0A287BNZ9 P97504
I3LNZ6 Q4QQM5
A0A287B5S7 Q8CJG0
A0A287BSV9 P27782
F1S064 P37242
A0A286ZRE9 Q8BZ89
A0A287AQB6 P35235
I3LVJ1 Q9JMG9
A0A287AWK9 Q9CXV9
F1SLX2 Q6GQT1
A0A287B916 P26687
F1S603 Q9WV31
I3LT49 Q3UHQ6
F1SJU3 Q9D384
A0A287BRJ4 F8VQI6
F1RFX5 A0A1L1SU27
A0A287ATW2 A2AWA9
F1SJB5 P10107
I3LVJ1 Q60665
A0A287ARZ0 P61080
I3LNN4 Q6PDS3
F1RGL0 O35387
F2Z4Z6 P49698
F1RLE6 Q9JI48
I3LPU5 Q8C156
A0A287AKU1 Q8C1Z7
F1S4A6 Q9D6K5
A0A287BHL2 Q9R1M5
F1SQA7 Q9R0K7
A0A286ZWH8 Q3UH85
D3Y268 O08969
F1SGZ6 G3UYF5
A0A286ZNY1 P68368
A0A286ZS52 Q8BFZ9
K7GR08 A0A0R4J0I7
F1S1U5 Q99JX3
A0A287BR15 Q8BFW9
I3LPU5 Q3V1L4
F1RJ11 A2AJW5
A0A287AUM4 Q9Z2D1
A0A287BB52 Q9QXN5
A0A287BF71 P60670
A0A287AYT3 Q62035
A0A287ATW2 Q9JMH6
F1S203 Q8K298
F1CK17 E9QNX9
A0A286ZQS2 Q9CPX5
A0A287AW55 Q925H1
A0A286ZYD0 Q8C2K1
F1RUP2 A0A0R4J0W0
F1S9R4 A2APF3
A0A287AJQ1 Q6PHQ9
F1RMJ9 Q3B7Z2
A0A287AD86 Q920Q2
A0A287AXP9 Q8K297
A0A287AV79 P0C7N9
F1SH98 Q6NSU3
A6P7L6 P70160
A0A287A728 Q60954
F1RRE7 Q8BGF6
F1RK75 Q9D451
F1RYY5 Q8BZH4
A0A286ZLT0 Q3UFY8
F1SEI1 Q8BW72
I3LT46 P29121
F1S9R5 Q04750
I3LJP2 P70274
F1S360 Q80W04
F1RGM7 Q7TSS2
I3LC62 P58334
F1SEI1 P37242
I3LST1 Q3U7U4
F1RXU4 Q3UWW6
I3LPU5 E9QNX9
C0JPM4 Q6PI17
A0A286ZVC7 O08811
I3L6C0 Q4QQM5
F1RWM5 P70424
I3LG73 P16546
A0A287BMU4 Q9WTV7
K7GND6 Q7TPH6
F1SMP5 Q99J79
A0A287AB06 Q78J03
I3LMS3 Q5SWP3
I3LKS1 P97348
F1S001 Q9D906
F1S8F7 Q99LG4
D5KJI2 Q06180
F1S2Y6 Q8C6C9
F1SE73 Q60953
A0A286ZYG8 F6RGI3
A0A286ZZW4 Q9ET30
A0A287BST7 A3KFM7
A0A287B6R5 Q2QI47
F1RNA6 Q60634
A0A287BMU9 Q8BJQ4
I3LE63 Q921D9
A0A286ZWP6 O54946
F1RKW8 O35730
F1S4Y2 P27782
A0A287BA07 B1ASA5
F1SAZ7 E9Q2I3
K7GQA4 P41969
A0A287AZG6 Q8BX70
F2Z5J5 P26883
A0A287A8A4 Q8BTG7
F1STR7 O70494
F1SJV7 Q62203
F1SPR8 Q9CYA6
A0PFK5 Q9CR52
A0A287BI09 Q60722
F1SAG1 E9PWB8
I3LBA2 Q9DCX8
F1RN84 Q5F2E8
F1SFK5 Q8R5L3
A0A287AZZ6 Q9QZS3
Q8SPR7 Q8K3R3
P62844 Q04750
F1SG49 Q9ERK0
A0A287ADJ0 A0A1B0GQY9
F1RMV7 Q91YK8
A0A287ADE6 E9Q616
A0A286ZP75 Q9EQS9
A0A286ZPK2 Q03526
A0A287AX02 E9PXB7
A0A287B798 O08919
F1SRI4 E9QK83
I3L5F7 A2AWA9
A0A287ATW2 Q03173
F1RP24 Q9JHT5
A0A287AZJ9 Q8VBW6
P50131 G3UYL9
A0A288CG37 P49698
I3LDL8 Q9CYA6
F1RRH7 Q9D9V4
A0A286ZLT0 Q8C156
I3L5F7 Q8C8U0
Q007T2 Q61043
F1RG41 Q4QQM5
I3LDD9 Q8VED2
A0A287A377 Q8BZ33
Q29081 Q9D1G2
F1RWZ4 Q9WUR2
F1SBE6 Q03717
F1SKG2 O88700
F1SV57 P34960
F1RVF8 P49452
A0A286ZS00 Q78ZA7
F1RM41 P35584
A0A286ZVC7 Q3V1L4
F1SNE5 Q62420
A0A287B464 E9PUJ6
F1RVY7 Q9CYX7
F1RZA6 Q8BZ33
F1S0N7 Q91ZD1
A0A287A991 E9QP49
A0A287A6G5 F8VPK0
A0A287BM92 Q8JZM6
A0A287ACB5 Q9D6V8
F1RMN5 Q60634
P62272 P49615
I3L5F7 Q9JMH6
F1S3K9 P49769
Q95L23 P36898
F2Z4Y0 Q5SF07
A0A286ZU41 Q3ULA2
F1SCJ1 A2APF3
A0A287AM68 Q3TLH4
A0A288CFV7 P62307
F1RSW9 Q08AT1
A0A287A4Z1 Q1HL35
I3LR13 Q9EPS3
F1SCS4 Q924W5
I3L5K2 Q8BHE3
F1SJR3 Q64343
F1RM61 Q7TSA6
A0A287BN00 F8VQM2
F1RYY5 Q8VHZ7
F1SAG1 A0A0G2LB90
A0A287ARW8 Q3UL97
F1RNQ2 Q8C5T4
A0A287AB40 Q9ERS5
F1SIM2 Q8K298
K7GNC8 Q99KG3
A0A286ZZ81 Q9CQA5
F1S6A4 Q60769
A0A287AJB7 B9EII4
I3L9X2 G3X956
F1RV14 Q4VA93
A0A287BLV8 P47740
A0A286ZJ13 Q8VCM3
A0A287BSV9 Q60665
A0A287AX02 P60670
A0A287B519 P0C7N9
F1ST91 B2RSU7
F1S1Z5 O88199
A5GFN3 Q9CQA1
A0A287BM02 Q8CFE2
A0A287BIX3 Q9D032
A0A286ZP97 Q8JZL0
F1SSC2 O89112
A0A286ZVK1 Q91Y47
A0A287B7K4 Q8CEC4
A0A287B879 A0A140LJC7
A0A287BMY4 P30545
F1S603 P50149
A0A287BS85 E9PYR6
I3L9E6 E9Q3C1
F1SNZ3 O08919
A0A286ZYM6 Q7TT37
I3L9A0 Q9D939
A0A287B916 O70494
F1SH89 Q8BJ64
J9JIL2 Q6P9S1
F1RUM0 Q2QI47
F1SPW6 Q8BQR7
I3LVJ1 P26687
F1RGA9 P46414
A0A287B841 A2AQJ8
A0A287AXU2 Q9JJV5
F1SD58 A2TJV2
A0A287BI89 Q9WVS8
A0A287A144 P47873
Q8HYN8 G3UWB6
Q56VC2 Q61160
A0A287ARU6 Q9EST5
F1SHL9 P38647
A0A287AIW3 Q8R1Q8
I3LIH2 Q91UZ5
F1SUK6 F6V5B0
F1RJC5 P24788
A0A287B5T1 Q9D0A3
F1CK17 P07356
A0A286ZLA1 Q1HL35
Q2EHH8 P62137
A0A287B621 Q8VDF2
D2KQR0 Q91VR7
A0A287AH06 P06240
F1RFL5 Q6ZPL9
I3LTJ3 P56479
A0A287A9N8 Q99NC0
I3LMD0 Q58Y75
A0A287AMJ5 Q9QYC7
F1S364 Q64127
F1RRU8 Q9R123
A0A287A5S5 Q8JZV4
F1S525 P48025
F1RHJ1 P63163
F1RKY2 Q91Y47
A0A287B6U5 Q8BZH4
K7GP28 Q99N15
F1RYY5 Q8CFC7
F1SAI6 O08912
A0A287AZA7 P62983
Q3YLA6 Q6PDM2
Q29549 Q06890
F1RRI6 Q9ERS5
F1S7K1 Q8C8U0
A0A287BD11 O88597
A0A286ZLT0 D3Z3U5
F1RLB6 Q9DB05
F1RGS3 Q8CEC0
A0A286ZTD8 Q64010
F1RVT6 P63163
A0A287BJT4 A2ACG1
F1SNR6 P49582
A0A286ZYQ9 Q0VBF2
F1RX38 Q61982
A0A287BP73 P41969
F1SU46 Q3UFY8
F1RFX4 F6VPT9
I3LT49 E5FYH1
Q0PY11 P10126
A0A287BNK4 E9PVA8
A0A287ATW2 Q8VDF2
A0A287AQ63 Q810K9
F1RJH1 Q9CUS9
F1RMJ3 P62984
F1SL46 Q09200
I3LTQ7 Q64326
I3LIT1 Q80T69
A0A287B0C9 Q8K0Y7
A0A286ZX89 Q9CR13
F1S705 Q9R1A8
A0A287B098 P58334
F1SGS5 P25801
F1RRN3 Q8VE73
F1S8K5 Q78ZA7
A0A286ZUI2 Q7TSN6
A0A286ZMR3 Q9DA15
A0A287B2G8 Q9DB75
A0A287BBJ7 P47740
A0A287B5M8 O88992
I3LFR2 G3X914
F1S001 Q8CFT3
F1SUK6 Q9R1M5
A5GFN3 Q8BZ33
A0A287BNA8 B7ZBV9
A0A287ADM1 Q04744
F1SUE3 Q64701
K7GNK6 Q3V3I5
F1SH27 P37242
F1RRI6 Q8K2J7
F1RRI6 Q8CAF4
A0A286ZTN5 P97313
A0A287AW37 Q6NZB1
A0A286ZSI3 P57716
A0A286ZWP6 A2AGH6
I3L9U8 B2RWS6
I3LH61 P59240
F1S360 H3BJD7
F1S7P1 P59941
A0A287BKR1 Q9QXV3
F1RFD7 Q9CWQ8
F2Z540 O35864
F1RY10 Q9QZ28
A0A287AYD9 Q8CFC7
A5D9P0 Q99L45
F1SI41 Q8JZL0
I3LTD2 Q78WZ7
F1S4K9 Q9ERS5
F1SQH3 A2ANX3
A0A287A5L5 Q9JI48
F1RS19 Q9JIF3
A0A287B836 P17047
A5GFV8 Q64441
F1S3G7 Q9JLI2
I3LG10 F6V5B0
F1SDI6 E9QAS7
Q2EHH7 P63087
F1SSC2 O35382
F1STU2 Q793I8
F1SJV7 P31230
I3LQF8 Q8BP71
A0A287AAE5 Q8BHN9
F1SCF5 Q62311
K7GR70 Q61510
P79432 A2AEG2
F1SGZ6 Q9JKN5
K7GND6 P46414
F1RJR1 Q64387
F1RGU8 P52795
F1RG48 Q501J2
I3LEY2 Q07076
F1S4A6 Q80W04
F1S1F6 O88597
A0A286ZK79 Q6P5F7
A0A287AV79 Q3U309
F1SCJ1 Q8BZ33
F1S9R4 Q6KAQ7
F1RYU8 Q9Z2C5
F1SCW9 E9PXE2
A0A287BK93 Q9QUJ7
A0A287BRX1 Q8R373
I3LAM6 Q9QYK5
Q9GLN5 O70201
A0A287AFJ7 Q9ERI5
F1RSV8 Q99LH1
A0A286ZI96 Q8BKX6
F1RW85 A2ATK9
F1RXE4 Q8BZ33
A0A287AJL9 Q91XU3
I3L9K5 Q80XU3
F1S033 Q8K2F0
A0A286ZXQ9 Q8C1Q4
A0A287BE48 Q9DC11
A0A287ALK7 F6UC55
F1S8W8 F7BWJ7
A5GFY4 Q922L6
Q95250 Q9R1T2
F1SI16 O35607
F1RTW1 Q78IK4
A0A287B854 Q9D7X3
I3LDL8 Q99LL5
F1S8N9 Q3U309
I3LLL0 Q8C708
F1SV60 Q922G7
K7GT58 Q9WUL8
A0A286ZYG8 Q6A078
A0A287BLE1 Q64337
F1S215 Q5D078
F1S4Y2 Q62227
F1SCW9 Q3UES3
A0A287B6S0 Q61982
A0A287BLV8 O35465
M3VH47 Q9DC28
I3LB10 Q64151
A0A287AWN1 Q3UGS4
A0A287BJU1 Q8CE33
I3LTD6 Q9CUN6
A0A287BBY6 P28867
A0A287A4Z0 A3KGS3
A0A287ADE6 P10107
F1RJS5 Q91X60
A0A287B5B5 Q8R3P2
F1RKI8 Q80WJ1
F1SKH6 P26883
A0A287BDK5 A1Y9I9
A0A286ZID7 Q8K1A5
A0A287BEH6 P49698
A0A286ZJW1 Q3U487
A0A286ZYD0 Q9EPB5
A0A287A608 E9Q616
I3L5P4 Q80W22
D5KJI2 Q9QXJ1
F1SRN4 Q9DD03
F1REZ6 Q80TQ2
F1SUR6 A0A0J9YUA8
I3LKM6 Q9DC29
A0A287ASV0 Q9CXL1
P67937 Q6IRU2
F1SV35 A0A0R4J0M9
I3LFS1 Q8VBW6
F1SVB3 Q62313
F1S7K1 Q03173
P79288 Q8CEC4
F1RVT6 Q9WVS8
F1RM11 O88854
F1RFZ6 Q5HZH2
F1SIX8 F6V5B0
K7GS49 Q9CXY6
A0A286ZJW1 Q64701
A0A287AZ31 Q6PD29
A0A287APE0 Q8VIG1
F1SUW3 Q8C845
I3LLX4 Q9QZC7
A0A287B6U5 Q8VHZ7
F1SL15 Q3V1L4
A0A287BBF5 Q6P8W9
I3LMS7 Q62108
F1SG38 Q9JMH6
A0A287B531 Q9JJS7
A0A287B294 Q9QWW1
A0A286ZWR0 O08582
F1S4Y2 P37242
F1S4A8 Q9CR63
A3EX84 Q8C253
A0A287B7I6 Q8C156
A0A287AAE5 Q8BHB7
I3LG10 Q8CHP8
K7GT58 P33896
A0A286ZV36 E9Q6A7
F1S0T9 P63157
F1RGA9 Q7TPH6
A0A286ZRM0 Q9DBY5
F1RT51 Q9D850
F1SCR9 Q3UYH7
A0A286ZQN6 Q99PU7
F1SCL0 P15208
A0A287AH98 Q3TQQ9
F1STR7 Q60665
F1SRU8 Q8BHG3
F1RM08 F8WJE0
F1S9Y5 Q60996
F1S001 Q9WVS8
F1S073 P07356
A0A286ZZ23 Q9EQC5
A0A286ZUR0 A2A7S8
F1SRJ6 P56942
F1RVY0 Q8BH02
I3LUD1 Q8BGE6
A0A287A8G1 Q3V2D2
A0A287AKE2 Q9CQ06
F1RZW6 Q8JZS7
F1RXV9 Q6PAL0
F1RLG5 G3X8R0
A0A287AV79 F7BWJ7
A0A286ZMY6 Q3TDN2
F1SR82 Q8VC60
F1SR02 Q9CR60
A0A286ZJX9 Q99P72
I3LBT8 Q9CQ06
A0A287BNY8 Q9Z0V8
F1SG38 O55047
A0A287ARC5 Q8VHP6
B3TFD9 P32507
A0A287BBF5 Q0VDY1
F1SIX8 Q9R1M5
I3LLI0 P48787
A0A287B877 P27782
A0A287B1K1 Q8BQM8
A0A286ZX77 Q9CQJ4
A0A286ZKE4 Q99LI9
A5GFR3 Q8BZR9
A0A287ACI1 A2AH22
F1RWT7 Q8VHG2
F1RU99 P20263
F1S8D0 Q03366
A0A287B2F2 P70445
I3LG10 Q9R1M5
A0A287A4Z0 Q9CPN9
I3LCN0 Q3TLH4
F1RT51 A2BGN7
K7GQT5 Q99JB6
F1RZ96 Q9R1B9
A0A287BFQ5 Q9WUC3
I3L5T3 P35550
F1RVY7 Q9CYA6
K7GMR6 P52955
F1RXQ4 Q8CGN4
A0A287A3D8 Q64314
A0A287B2F2 Q1HL35
A0A287B294 P50149
I3L819 P58465
A0A286ZYD0 P24452
F1RK46 F8VPR5
F2Z4Y1 P68510
F1RSH8 Q64205
A0A287AHF0 Q9CQG3
A0A287A377 A2APF3
F1RM59 E9QNX7
F1SN65 A2AQ52
F1S8V5 Q3TLH4
F1SCS1 P10107
F1SJV7 Q9CQT2
F1S0Q0 Q9JHD2
F1SCF5 P63163
A0A287BBQ5 Q3U487
I3LHU4 O88992
F1SIC1 Q99J79
F1RU22 Q9WVJ9
A0A286ZUI2 O88854
A0A287A7I4 Q9D8U6
F1SM35 A2ANX3
A0A287B2S7 Q9QWW1
F1SCF5 Q9CQ06
F1SN65 Q9ESF1
I3LTQ7 P33033
F1S224 Q62074
F1SG38 Q3TLH4
F1RXV9 Q3U821
A0A286ZKK7 Q8VBW6
A0A287A1V5 Q9JLI8
F1RQU8 Q9R0Q3
F1RMJ3 Q9WTQ5
F1RVQ6 E9PX57
F1RIV2 H3BJM0
A0A287BBF5 Q9QY39
F1SGV8 Q9JHG1
I3LLK3 Q3U4G0
F1SB79 Q6P9S1
F1SU06 Q7TMK9
A0A287A2J9 Q9JLV5
A0A287AD26 Q4VGL6
I3LK04 P56484
O62640 A2CGA5
F1S215 D3YXR2
A0A286ZYD0 D3Z6Q9
A0A287BS85 Q80YE4
A0A286ZZS2 P29452
F1SIX8 Q8CHP8
F1RWM1 P55821
F1RQL3 Q6P3A8
F1S4K9 Q8CAF4
I3LMT5 Q9JJN1
I3LDL8 Q9DAW6
I3LMT5 A2BFE8
A0A287A4T0 Q9WVS6
F1S5U9 A7L9Z8
F1RI33 A0A140LHD2
F1SH89 Q8BGE6
F1SEZ1 Q9JKV9
F1SU46 Q3V1L4
A0A287AKR9 A2AGH6
F1SHY4 P97766
F1SMN1 O35887
A0A287BCR0 Q5SRY7
A0A287BA78 Q9CQX2
F1SMB6 Q99PR8
A0A287AMJ5 Q9CYD3
K7GNC6 Q99MV1
F1SDM2 D2J0Y4
F1RP05 Q9ERD7
I3LTQ7 Q9D159
F1SN51 Q69ZX8
A0A287AC39 D3YXR2
D7R811 P63157
A0A286ZS52 Q9EST5
F1S7K1 O55047
A0A287AE27 O70273
A0A287AXP1 P97377
A0A287AFJ7 Q9JMG9
A0A0R4J8D6 Q9CQ40
I3LP32 Q8CFC7
A0A287AB40 Q8CAF4
G3FNU6 P52927
A0A287BRP0 Q923J1
A0A287A3K3 Q9D1C3
B7U6F4 Q9D7X3
A0A287BHL2 O08688
F1SLW4 P51908
A0A286ZJP2 O08919
F1S794 Q640R3
A0A287A8S7 Q8BQY8
F1RJ53 Q61097
D3U7X2 Q8BWG9
A0A286ZKK7 Q9WVS8
I3LRW1 O35253
K7GND3 E9QNN1
A5GFS7 G3UWB6
A5GFR3 Q8CEC0
F1STD8 D3Z230
F1SCF5 Q8BH57
P62844 Q3UPF5
K7GL93 Q62312
F2Z5F2 P60824
Q28987 E9Q555
F1S4K9 A2A7S8
A0A286ZKM4 Q8C4Q6
A0A286ZSG5 E9Q6S0
I3L740 Q8VE98
F1SE06 P97477
I3LU32 Q91WC9
F1S5C5 E9PWG6
A0A286ZUR0 Q9ERS5
A0A287B531 Q9D9N5
I3LNZ6 Q9JI39
A0A287BSW5 F8VQB2
A0A287AKE2 P63163
A0A287BBL7 J3KMG9
F1S8N9 Q810A1
F1SC14 Q9JHT5
Q8HYN8 P33033
F1S1F3 Q9D2R6
K7GSF2 Q9Z2J6
A0A287AV73 Q32NY6
F1S4Q6 A0A0R4J046
F1SCF5 Q9D906
A0A287B2S7 O88602
F1SML3 P51576
A0A287BD71 Q9Z2C5
Q06AT9 Q91W82
K7GMR6 Q9QZ28
F1S1K0 Q61550
A0A287B6J8 P20181
A0A287BJP3 P19091
A0A287B1A2 Q62074
F1RJ01 B2RY56
A0A286ZIJ9 Q60953
A0A287B559 Q9CQ40
A0A287B877 O70494
A0A287A4L2 Q8BGK6
F1SS99 Q80ZJ1
F2Z5V5 Q8BH57
F1S103 Q91W10
F1S064 Q60665
F1RWA0 A0A1B0GR74
A0A287AZP6 Q9JIM3
Q28987 Q9CQA1
A0A287AFJ7 Q60665
A0A287ADJ0 F7BWJ7
F1SQT2 P97504
A0A286ZKR9 Q9DBF7
F1RV26 Q8K441
F1RRI6 A2A7S8
F1SIK8 P63157
F1RVE2 Q2VPA6
A0A286ZJV6 Q61187
F1RPQ3 P63001
F1RTW1 Q8VIG1
I3LG10 Q8BWY4
F1S064 P27782
Q9BDK6 Q99ME6
A0A287BRX1 Q2TV84
F1SFK0 Q5SF07
A0A286ZI96 P46467
A5GFN3 Q6KAQ7
A0A287A9R7 Q9R0N8
A0A287B621 A2AWA9
A7XUJ6 P70196
I3L5K2 Q8R1G1
I3LC09 Q9D880
F1SI76 Q6P8K8
A0A0R4J8D6 P97473
A0A287APV1 P62889
I3LVJ1 O70494
I3L5F7 O55047
A0A286ZUR0 E9QP49
I3LFS1 Q8CFT3
F1RI50 P42128
A0A287A5F6 P70340
F1S484 E9Q774
A0A287BNZ9 Q60634
F1SKG2 Q9WTQ5
A0A287B916 Q8BW72
D3K5M2 Q8VE19
F1S9R4 Q9CQA1
F1RTL0 P33174
F1RLB1 Q8BMI0
I6L6T2 E9QKM8
I3LCM7 Q80WQ8
I3LUP4 Q80XU3
I3LFS1 P63163
F1RY10 G3X9F2
A0A0G2KBD0 Q9R1W5
A0A287BHE0 Q8VIG3
F1SEV8 Q01705
F1RUP2 Q8C5Q4
A0A287BB06 F8VPK8
A0A287AMU4 Q3THW5
F1SHV1 Q9JIT1
Q29036 P61804
I3L740 Q9R0S3
F1RPM9 Q0HA38
A0A287AXH6 Q80X98
F1RLY4 Q0GGX2
I3L9F2 Q3TMP1
E5Q8C6 P28033
A0A287AZJ5 O70166
A0A287AM94 Q9WUL8
I3LK04 Q9CR63
F1S956 Q9CQ60
Q8HZV3 Q60953
A0A287BGY4 Q3TMP1
F1RF26 Q8BHJ6
A0A287B330 Q0VBL1
F1RVT6 Q8VBW6
F1RVL7 Q8K558
A0A287APW0 Q61545
I3LHU4 P21129
A0A286ZRE9 Q69ZZ6
A0A287BEL1 Q5M9N4
A0A286ZUN2 Q9D6K5
I3LBT8 P63163
A0A287BC40 Q8K0Y7
F1RSV8 G3X9K4
A0A286ZWR0 Q8BZR9
A0A287AKU1 Q9CXV9
A0A287BQ51 Q9DCX8
F1S9R4 Q8BZ33
F1SQH5 P23738
A0A287BI89 Q8CFT3
I3LG77 F6TVP2
Q9GLN5 Q61043
I3LVJ1 Q62227
F1SSH9 P52955
F1RZZ3 Q8K274
F1S106 Q9CYD3
A0A287AXD7 Q9D7I0
D7R811 Q9QZ28
A0A287A8S2 Q8BWC0
A5GFY4 Q99P69
F2Z558 P63101
I3LCN0 Q03173
A0A287B749 Q8R010
F1S073 E9QNX9
A5GFR3 O08582
F2Z556 Q8BTZ5
A0A287B916 P37242
A0A287AJQ1 Q6ZQ58
F1SEI1 P26687
F1SV16 P16546
F1SH27 Q9ERI5
A0A286ZNG8 Q6P9R2
P79432 Q9WVS8
A0A287AM68 Q8C8U0
F1S1F6 Q8BKX6
A0A287BIC6 Q9ERS5
A0A286ZYS4 O55013
I3LCX3 Q9D7X3
A0A287A461 O55226
A0A287AGK8 Q8R370
F1SPR3 Q9QZC7
I6L6T2 P11031
F1SJU3 Q9ERD8
I3L9X2 Q78ZA7
K7GM93 Q9CRA0
A0A287BSE8 Q3V1L4
K9IVJ6 Q52KB6
A0A287AM68 Q8VDF2
F1S001 Q8VBW6
F1SEI1 J3KMG9
A0A287AKX1 Q99KR8
F1S6G9 Q9Z265
B7U6F4 P32883
F1SF93 Q8VDG5
A0A287AMU4 Q91W82
A0A287B877 J3KMG9
F1RVT6 Q9D906
A0A287A950 Q61818
A0A287B519 Q8C761
I3L5F7 Q03173
I3LPU5 D3Z3U5
F1SEP9 Q8VHP6
A0A287ATW2 Q8C8U0
M3VK17 Q9R0S3
A0A287ACE1 Q3UIL6
A0A287BPQ8 Q80TN5
A0A286ZV44 Q3TMP1
A0A287A5I0 Q9ERD7
C6JWG4 Q9JJN1
A0A287A9J8 Q8R2Q8
A0A287AF76 A2AMI2
F1S360 A0A0R4J0I7
I3L8C8 D3YYZ1
Q6QAT1 P05214
K9IVE3 Q61187
K7GN38 E9QMA6
F1SAZ7 Q9Z2C5
A0A287A1V9 Q8VDP6
A0A287B2F2 O35740
K7GNR7 F6U5V1
A0A287AJL4 Q99K46
A0A287BM19 Q9DBP0
A0A286ZYS4 Q921J4
A0A287ALL3 Q8BQY8
A0A287BSE8 Q3UFY8
I3LDL8 G3X972
A0A286ZI26 Q9D3P8
A0A287AZA7 P62889
A0A286ZJ13 P41233
A0A287BIC6 Q8CAF4
A0A287BA12 P46467
F1RXE4 E9Q555
F1RMJ9 Q8K021
F1SGV8 Q5M9N4
A0A286ZN72 P35377
A0A287BDL6 Q9CY50
F1RQY4 A2AWT5
A0A287B1A2 Q8R2N2
F1RHJ1 Q9CQ06
K7GR08 H3BJD7
A0ZVR0 P70434
Q767L9 B1AZA5
A0A287BJ79 Q9Z0V8
F1SIU0 Q5IRJ6
A0A286ZV83 A2AIX1
A0A287B6L2 Q8VHV1
F1SLT6 O88838
A0A286ZVC7 Q8C156
A0A287AWK9 Q9D2V5
A0A287BLU9 Q9WVB0
I3LDS3 A2A513
K7GPW3 Q9DCZ4
A0A287B6U5 Q8CFC7
I3LFS1 Q9CQ06
A0A286ZQL9 Q99P69
F1SEX5 Q8K021
I3LK68 Q60953
F1SGQ3 O70303
F1RIG2 Q9ES00
A0A287B621 Q03173
A0A287B425 Q91YL2
A0A287BEL1 Q9Z324
F1RGS3 A0A0R4J0W0
F1RUP2 Q6PAR0
I3LNG8 Q60864
A0A287B1L8 Q01705
A0A287B916 P27782
A0A286ZZ61 Q9Z2X8
I3LB93 Q61982
A0A286ZUN2 Q811Q9
F1SMJ1 D3YXF5
I3LED1 P14142
F1S364 Q3U487
F1RGS3 Q8BZR9
A0A286ZV73 Q05769
F1SHN7 Q5S006
F1SDV1 A3KFM7
F1S5K7 P16054
F1SS06 Q3TYX8
A0A287B735 Q8VEI3
A0A286ZVC7 Q61187
I3L7B7 Q91YT7
P84024 Q8BUN5
K7GNX2 Q811Q9
F1RMJ3 O88700
I3LIP2 E9PXE2
F1SCF5 Q8CFT3
I3LBT8 Q9D906
A0A287AWA8 Q6GQT0
F1RJ68 Q3UZZ4
F1RFF8 Q9CXT6
F1SEI1 Q62227
F1RZA6 A2APF3
A0A286ZVH7 P25118
I3LVJ1 Q8BW72
F1RR25 Q9WUL6
I3L9X2 Q61666
F1SGH9 Q8VE97
F1SSH9 Q9ES03
A0A287ALK7 B7ZBV9
F1STG1 Q3U2C5
A0A287A6G5 Q80X98
A0A287ATR5 M9MMK0
A0A287BA39 P83510
I3LRL0 F8VQJ3
A0A287BAY9 P07724
A0A287BRJ4 Q6PAM1
F1SNR9 Q9QZ04
F1S5N6 Q64151
A0A287AHC8 P33033
F1RM20 Q8CG64
F1SP55 A2A8L1
F1SE73 P14152
A0A287BNK4 P09103
I3LLX4 Q91V57
A5GFR3 A2A4P0
F1SMW9 Q9JLN9
K7GNS9 P25799
I3LVB3 E9PYF7
F1SGZ6 Q69ZX8
A0A287BE42 Q9ES74
F1RXE4 A2APF3
A0A287BQ14 O08919
F1SH27 Q60665
A0A287A440 Q91W29
A0A287AM94 P58334
A0A286ZJG5 Q8BK63
I3LEL6 Q3UV71
A0A287BMW8 F6RGI3
I3L5F7 Q8VDF2
F1SI67 Q9JKL4
F1SSV2 Q80ZJ1
F1RXB8 Q61502
F1S224 Q08874
A0A287ASD5 Q3U145
F1SSH9 P63157
A0A287B5N1 Q9JKL4
F1SE23 Q8VEJ3
A0A287BKF0 O08919
Q27HK4 F7C846
F1RUP2 Q921S7
P79307 P12023
F1RHJ1 Q9D906
F1RSW8 P24161
F1S001 Q9CQ06
I3LDS3 A0A1B0GSR7
I3LAF3 Q8CJ69
F1RFS1 Q9CR63
A0A286ZKH9 O08992
F1RSN9 Q78IQ7
A0A286ZZ17 Q9JKN5
F1SCJ1 E9Q555
A0A287BKF0 O88888
A0A287BGT4 P20722
F1SLK9 Q64701
A0A287BDL6 E9QKA4
I3LRD1 Q76LS9
I3LTC6 Q80ZJ1
F1S064 O70494
A0A287A102 P30987
F1SAD7 Q9WTX6
I3LTQ7 G3UWB6
A0A286ZXK3 Q5SV02
F1SG80 Q9CQ39
A0A287B5N1 Q9R1B9
I3LEE9 P53690
F1S064 Q62227
F1S6I1 Q3UFS0
A0A286ZVC0 Q8CAF4
H2F098 Q60754
F1S215 O55082
A0A286ZYQ9 A2BFE8
F1RMJ3 A0A1L1SSL9
A0A287B856 E9QK16
F1RSB8 Q5SXC4
Q6QAT1 Q60715
A0A286ZWW2 P70333
F1RGG1 F8WJE0
F1S064 Q9ERI5
A0A287B8J8 P97929
F1SS53 Q3U309
F1SAJ5 P54823
F1RYU8 O35385
A8S2B8 Q9R171
A0A287AZJ9 Q8CFT3
Q867B9 Q9WUP0
F1S8G6 Q8BJU0
A0A287B6R5 Q8BJD1
A0A287B1K1 E9QM16
A0A287BEN5 Q08624
F1ST14 Q3UHD6
F1S7K1 A2AWA9
F1SKH6 Q91XU3
I3LSK3 E9Q9A6
F1SPR8 Q99LL5
P54612 Q76MZ3
A0A287ALS3 Q3UP88
A0A286ZQ22 P51908
F1RQY4 B1AR17
F1S0N2 Q7TMK9
F1RHJ1 Q62311
A0A287BS39 E9PVA8
F1RUP2 Q7TSQ8
F1S5A6 Q8R310
A0A287AIR5 A0A0R4J0T0
I3LB10 Q9CYD3
A0A287AZT0 Q9D976
F1S412 Q9JLL0
F1RY10 P63157
I3LCX3 P32883
A0A287AR18 Q69ZS7
I3LBT8 Q8VBW6
A0A286ZYD0 P42228
A0A287B877 P26687
I3LG10 Q64347
A0A287B854 P32883
A0A287BBQ5 Q64127
F1RXU4 P97376
A0A286ZIP7 Q8CJ61
F1SCF5 Q9WVS8
A0A287AP23 Q8CI61
I3LCN0 O55047
A0A287B0J6 G3X9X7
F1SRL7 Q5RJH3
A0A287AFJ7 P26687
A0A287B8H9 J3KMG9
A0A287BK49 Q9CQA9
P07480 P47212
A0A287A2R9 P62259
A0A287AHC8 Q9D159
F1STH9 G3X9Z0
F1SS53 F7BWJ7
A0A287BBL7 Q9JMG9
F1RUP2 A2A4P0
F1S417 Q8VEB1
F1RGS3 O88342
A0A287AR18 P47738
A0A287ASV1 Q9CZS3
I6L6T2 P28033
F1S9R4 E9Q555
A0A286ZWS8 P28481
A0A287BP73 G3X959
F1SML4 Q7TMK9
F1RUJ3 P54254
A0A287BAL0 Q9CPN9
A0A287B294 O88602
I3LKY7 Q8C033
F2Z4Y1 Q9Z108
F1SUK6 Q8BWY4
F1RR45 Q8C033
F1SLE8 G3UVW3
I3LPU5 Q3UFY8
A0A287AWK9 Q99KR8
A0A287B8S8 P17095
I3LQB7 Q3U2G2
P79432 Q62311
F1SAQ6 Q62415
Q28987 Q6KAQ7
I3LR13 Q32NY6
F1RL45 Q9R078
F1S041 Q64237
A0A287AJ18 Q61069
F1S8W8 Q3U309
F1RW30 E9Q921
A0A287AZY6 Q8K288
F1RZA6 E9Q555
F1SMJ4 O08919
I3LUD1 Q8BJ64
F1S715 Q6P3A8
F2Z4Y3 Q91VJ5
A0A287BSE8 O08811
A0A286ZUT3 Q80ZJ1
A0A286ZQ22 Q3TTL0
F1SIC1 Q6P5D4
A0A287AKG6 Q6GQT0
Q5S1U1 P14602
F1RLA7 Q9JKN5
F1RXE4 Q9CQA1
A0A287A5I0 P68254
I3LNR5 O08648
A0A287A9F5 Q91W52
A0A287BI89 Q8VBW6
F1SVA6 Q6PE01
F1SJU3 Q3TQQ9
F1RJC5 Q62189
F1STR7 Q62227
F1SCJ1 Q9CQA1
F1RY56 Q9Z238
Q8WNW2 Q9JKL4
A0A287BHL2 Q8BWY4
F1SNJ6 Q3U487
F1RSV8 O54946
A0A286ZSD7 P60670
F1SQR4 P05214
F1SQU5 Q64323
A0A287AA61 Q6P5D4
F1S0T9 Q9QZ28
A0A287AWK9 E9Q774
A0A286ZID2 P04184
F8SIP5 Q61043
A0A287B0M0 Q9DAY6
F1RFS1 P56484
F1S8W8 Q810A1
F1SIX8 Q64347
A0A287A4Z0 D3YZR2
F1SP95 Q8CI52
F8SIP5 O70201
F1SPF4 Q99MU1
F1RP49 Q80UW0
K7GRW1 Q00560
F1RI33 B2RRA7
A0A286ZWR0 Q6PAR0
F1S9R5 Q8BGG7
I3L9X2 O88477
F1S5C5 P52795
F1SPR8 Q9DAW6
A0A287AA35 A0A1Y7VLV0
B5KFD7 Q3TQ39
A0A287A9K0 Q6ZQ88
A0A287AB06 O70333
F1S009 Q3U4H6
F1RIV2 H3BLQ9
F1SIK8 Q9ES03
K7GMR6 G3X9F2
F1RY10 P52955
A0A287AFJ7 O70494
F1S2H7 Q3UQ44
F1SKG2 P62984
K7GRV6 P11247
F1SH27 Q8BW72
F1SN65 E9PYR6
F1SIS1 Q8BKN5
A0A287B621 Q9JMH6
F1S4J0 Q9D281
F1S4A8 Q8K0D7
K7GM45 P05480
F1SKI6 Q9JKL4
A0A286ZUR0 Q8K2J7
A0A287B540 A2A6A1
F2Z4Y0 Q8BP71
A0A286ZND4 Q9Z265
Q6KBX4 Q69ZZ6
A0A287BDL6 P59326
A0A287AV79 Q8C761
I3LH35 Q9D9W0
A0A287B979 Q99N11
Q767L9 D6RGR1
A0A286ZPK2 Q9ERE9
A0A287A555 O09118
F1S1Z5 E9PYF7
F1RM41 Q61575
F1SG38 Q8VDF2
F1SCF7 P35375
F1RT51 O88992
A0A286ZR64 Q6PAM1
I3LMD0 B1AZ99
A0A286ZZJ6 O89090
F1RFS1 Q8CE94
A0A287AM94 Q9JJG0
F1RVR8 A0A087WPY4
A0A287AC39 Q5D078
F1RHJ1 Q8CFT3
D3K5N7 P70372
F1S7K1 Q3TLH4
A0A286ZRB8 O09030
I6L6T2 A2APM2
K7GME7 Q64739
A0A288CG47 O35226
F1S224 Q8K4G5
A0A287B4J0 Q80X71
A0A286ZJV6 P07356
A0A287B8F9 Q99JY4
A7J149 Q61114
A0A287ANN0 Q8JZL7
F1SUT8 Q6P9R2
F1SEI1 Q9JMG9
A0A287B7I6 O08811
F1STR7 P27782
F1SMX9 Q8BM92
A0A287AL02 P31750
F1S4A8 Q8CE94
F2Z566 Q8C142
A0A287BAL0 A3KGS3
A0A287A5F6 P63280
F1SP25 Q9CYD3
F1S4Y2 Q8BW72
C3RZ98 Q8BH57
F1RM08 Q9ESU7
A0A287B877 P37242
A0A287A377 E9Q555
F1S415 Q9JLV1
F1SH27 O70494
A0A287AQ50 Q9D0F4
F1SRI1 Q9R0M6
F1RX98 D3YX87
F1RHE3 Q9CQZ0
A0A287BK63 Q8R422
A0A287A233 Q91YI4
F1S9S0 Q8BMF5
I3LTD2 E9Q7L6
F1SA99 Q9Z238
A0A287BHC9 Q6P5F9
I3L5M8 A2A432
F1RGS3 A2A4P0
A0A287BBB5 Q9WV55
A0A287AMU4 Q8VE92
F1RGG1 P04202
I3LRW1 P55200
Q8HYN8 Q9D159
A0A287BPL8 A0A0R4IZW5
F1RYU8 Q8CHP8
F1RFX4 A0A0R4J097
A0A287A407 Q9Z0H0
F1RMN5 P97504
F1SEZ2 Q9JKV9
A0A287B854 P62492
A0A287BIH8 Q3UCQ1
I3L9C8 O55222
A0A287BLM6 Q63844
A0A287BNZ9 Q9QXJ1
F1SUT8 Q91YD9
F1SCF7 A0A1L1SU27
F2Z5F2 P61027
A0A287B916 J3KMG9
A0A287B877 Q60665
A0A287AST0 Q3UA37
I3L9V1 Q61214
A0A287BI89 Q62311
A0A286ZVK1 P49182
K7GMR6 P63157
F1S5A6 Q9DBP0
A0A287BAL0 D3YZR2
F1SQH5 Q60664
I3LBT8 Q9WVS8
A0A287AGK8 A0A0J9YUA8
A0A287AV47 P59326
F1RQR3 Q8K2Z4
F1RP24 Q78WZ7
F1RGS3 Q7TSQ8
A0A287B3M4 Q61151
F1SNJ6 Q64127
F1RTH8 Q8K352
F1RQY4 Q9R1K5
F1RVD7 Q9JI48
F1RZR1 Q6K1E7
A0A287AKE2 Q62311
A0A287BSE8 D3Z3U5
A0A287AQR4 O35887
F1RFL9 P15920
F1SUR6 Q52KB6
I3LPI5 P61804
A0A0A0MY60 Q9WUL6
F1SL15 Q8C156
F1SKN8 P61219
A0A287AF76 A0A0N4SVL0
F1SGF6 Q80TJ1
B6V6V4 Q8K1A5
F1S8V0 A2A259
F1SAZ7 F6V5B0
F1SSM3 Q8R0B5
A0A287AJW5 Q80UG2
F1RGU8 Q9CQA9
A0A286ZQY1 Q8VHE6
F1RGY8 Q8R2E9
B6V6V4 Q8C025
A0A287BDL6 P28033
A0A287B144 Q8CA71
A0A287AV73 A0A0A0MQ97
A0A287BHL2 E9Q2I3
F1S475 Q8CIH5
F1S7P5 O08919
I3LMX3 Q8BP92
F1SIG2 Q9DBY4
A0A287B611 Q9WVF7
F1RZA6 Q9CQA1
F1RUP2 Q8BZR9
I3LQ74 Q62440
K7GRA1 Q6NVF0
A0A287AHC8 Q64326
F1S034 Q62311
I3LHB2 Q8VEE4
F1RHJ1 Q9WVS8
A0A287A377 Q9CQA1
F1SRZ3 P12961
I3LUA2 Q9CPX5
A0A286ZVC7 E9QNX9
F1RG41 Q9JI39
A0A286ZS52 Q8CCS6
F1RQL3 Q99KR8
Q864V7 P70340
A0A287BIL8 P20029
I3LQF8 Q5SF07
A0A287BK49 P52795
A0A287AFJ7 P37242
F1S141 Q793I8
F1SK87 Q91WI7
A0A287BFU1 Q9CQ33
A0A287BD82 Q5SUQ9
F1S3W3 Q91ZK4
F1SPJ4 Q9CQZ0
A0A287APE0 Q78IK4
A0A286ZZ61 P08103
K7GNC6 Q9DC29
A0A287BNA8 A2RSQ0
A0A287BBL7 A2A7B5
F1SN14 Q3TMP1
A0A287A3F5 Q09M02
A0A286ZYB5 Q8VCG1
A0A287B621 Q3TLH4
A0A287BC40 Q8VI78
F1SBX2 P70275
Q06AU6 Q9CQD1
F2Z5G4 Q9QYK7
I3LK04 Q8K0D7
A0A287BHA0 B1AZ99
I3L5K3 Q8VCR2
F2Z5D0 Q9JLR1
F1SSC2 P10852
I3LRC6 Q9CXL1
I3LBY1 Q9QYC7
F1SNI2 Q8BHZ5
P61288 P63028
K7GSM3 Q64729
F1SHB8 Q4ZJM9
A0A287AJJ1 Q9DBX7
I3LA60 Q6TYB5
F1RGS3 O08582
F1SSH9 Q9QZ28
F1S8Q2 Q9QZS2
F1SLE8 Q811W2
F1S715 Q99KR8
F1RYU5 Q8R2G4
F1RYQ5 Q45KJ6
I3LNP7 Q9CRA9
F1RVY7 Q9R0N0
A0A287B4W1 Q9QZ26
F1S9R5 Q3UPF5
I3LF48 Q9Z2C5
A0A286ZVC7 D3Z3U5
A0A287AYQ4 Q8CIV7
A0A286ZLA1 P70445
Q95254 Q99P50
A0A287AWA8 S4R1Y1
Q06AT9 Q8VE92
A0A287A991 Q8K2J7
Q684M4 P08103
I3LCN0 Q8VDF2
A0A286ZM09 Q8CG73
A5D9P0 O35730
A0A287BGY8 Q8JZZ7
A0A287AWK9 Q6P3A8
A0A287BAC0 Q505D1
A0A287BF49 Q8VDS4
F1RLB6 O35492
I3L897 A0A0B4J1E2
F1RF02 Q9ER75
F1S106 Q9QYC7
F1RVT6 Q9CQ06
F1RXA1 Q3U1F9
A0A287B1K1 D6RIL3
F1SMP5 Q8VBX6
A0A287B501 P62878
A0A286ZQ63 Q5SQ27
F1S4G0 H3BLQ9
F1SBT9 Q91UZ5
F1RPT5 Q68FH0
F1SRQ4 Q3UHG7
Q7M2W6 P23927
K7GRD8 Q7TNM2
F1S064 Q8BW72
A0A286ZWJ2 Q9D1M4
A0A287ALS3 E9Q5L4
F1RMM8 E9QAM5
A0A286ZID7 Q9JKN1
A0A286ZKM7 Q9JKQ4
F1S001 Q62311
I3LLR6 Q9CZB0
F1SGZ6 A2A7H5
A0A287BIK0 O70263
F1S9V9 Q3TMP8
A0A287A9H2 O54946
A0A287A9H2 G3X9K4
A0A287AGT7 Q8BQM4
F1RGS3 Q6PAR0
A0A286ZQL9 Q922L6
F1SI76 A2ARP1
F1RKW8 Q8BG32
A0A287ADN5 E9Q6A7
F1RWF7 A2A6M5
F1SJ31 Q9D850
F1RGU8 E9PWG6
F1RJH1 Q8BHI7
F1SC46 Q8R2Q6
I3L6Q2 Q8BP78
F1SSJ0 Q8BNE1
A0A287APV1 P62983
F1SL75 Q4FZG9
K7GS73 Q3TRM8
I3LNX4 Q99JX7
A0A287B5Q4 Q99P72
F1SA99 P97358
A0A287AKE2 Q9WVS8
F1RPX1 Q3U0V1
A0A286ZV23 Q01279
A0A287BQ36 Q8C8J0
A0A287AYU3 P01139
A0A287BE50 A2A8L1
A0A287BNY8 P49183
F1RU38 Q3UJB0
F1S0L5 P43407
F1SEX5 Q99LG2
F1SRV0 G3UVW3
I3LUP4 A7DTG3
F1SEX6 F8VPX2
A0A287AKU1 E9Q774
F1S021 O88207
A0A287A6T8 Q8BHN9
I3LCN0 Q9JMH6
A0A286ZUC3 Q6PI17
F1SU46 D3Z3U5
I3LK68 P14152
F1S0R5 Q61089
Q19ML6 Q64729
I3L6C0 Q9JI39
F1SEP9 G3X9F4
F1RF12 Q8BYI6
I3LRL0 P62340
P23563 P06804
A0A287A8Q7 Q9EQU3
A0A286ZIJ9 P14152
A0A286ZXL7 Q6NZQ4
F1SAZ7 Q9R1M5
A0A287AR18 Q9R0N0
F1RXR7 Q3TYX8
F1RZH1 E9PZ54
A0A287BHL2 F6V5B0
F1SEJ3 P32443
A0A287B798 O88888
F1S570 P63056
I3LFC7 P35802
F1RNC9 Q61575
A0A286ZZ96 P26361
I3LRD1 P51576
F1S1H4 P32442
F1RK76 Q925H1
A0A286ZLA1 O35740
A0A287AKX1 Q9CXV9
P79432 Q02257
F1S4A6 H3BJD7
F1S1F6 Q3UCQ1
I3LK04 Q8CE94
A0A287BNA8 F6UC55
A0A287AYD9 Q8BZH4
A0A287AJ93 P0C7N9
E5Q8C6 E9QKM8
I3LVN6 P58659
A0A287AB40 Q8BGB2
F1SRN9 Q8CHP8
I3LR13 A0A0A0MQ97
A0A287B3M4 Q9WUR9
I3LVB3 P59054
A0A287BSV9 P26687
I3LIX4 Q9Z1W9
F1SEP9 A0A1B0GT63
A0A287AQ50 Q923D4
F1SGD3 Q9R0N4
Q19S50 P42227
I3LL69 A0A140LI28
F1S5N6 Q9QYC7
A0A287BEY7 P23804
A0A287B5J4 E9Q411
Q684M6 Q61081
I3LQ78 A2A7B5
A0A287B5J4 Q3UYH7
F1SP25 Q64151
A0A286ZZ53 O08967
A0A287B098 Q9JJG0
A0A287AZJ9 Q9D906
A0A287BK63 Q3UES3
F1SEI1 O70494
F1RV73 Q9Z0L4
F1S7K1 Q8VDF2
F1RFX5 P35375
F1RTM6 P19091
A0A287BIH8 Q8BKX6
F1S850 Q91WU5
O77735 Q99LG2
F1SV20 Q62388
F1S8N5 G3X9H5
A0A286ZPE3 P49312
A0A287B1A2 Q8BSK8
F1RXR2 Q9CYA0
A0A287AFX1 Q99ME2
A0A287A4Z1 P70445
F1S034 Q9WVS8
I3LR13 A0A286YD96
F1SML4 P16546
A5GFS7 Q9D159
A0A286ZWR0 A0A0R4J0W0
F1RVY7 P47738
K7GP23 Q64385
A0A287BS85 Q9ESF1
A0A287AJ93 Q8C761
O62640 A2CGA3
A0A287B877 Q9JMG9
I3LMT5 O88199
A1Y2K0 P97318
F1RKN9 Q7TSG1
F1SP55 P41233
F1RV77 P69566
A0A287BSV9 Q62227
F1S663 Q9Z248
A0A287A116 P42866
A0A286ZMX2 O55013
F1RGX9 Q01114
Q684M4 P48025
F1SRE0 A0A0R4J187
A0A287AR18 Q9CYA6
A0A287ANE3 A2ABU4
A0A287BE50 Q8VCM3
F1SIX8 Q8BWY4
A0A287B9Q1 Q8BQM4
F1SUK6 O08688
F1S2I9 Q8C6C9
F1STR7 P26687
I3L5I1 Q91YK2
I3LF48 Q8CHP8
F1SV36 P70343
A0A287A0W6 Q9CQE7
F1SVD7 P10300
I3L5Q7 P51942
F1SQT2 Q06180
A0A286ZKK7 Q9CQ06
A0A287AR18 Q9CYX7
A0A287BHL2 Q8CHP8
F1SBP6 O70283
A0A287A9K0 P13405
A0A288CG37 Q3TJD7
A0A286ZWH8 Q65Z95
A0A287B8H9 A2A7B5
P15203 Q91YU7
A0A287AWH2 Q9JLN9
A0A287B493 Q9D2K4
F1RVR8 Q99JA5
I3LTD2 Q9JHT5
F1SEQ8 Q9D3X8
I3LVB3 Q64343
A0A287BQE5 Q9D309
F1RKW8 Q99L45
D5KJI2 Q60634
F1RM11 P56479
A0A287AE27 Q8K0Y7
F1SRB6 Q8JZL2
A0A287AZJ9 Q9CQ06
I3LDJ2 Q8C708
F1SS96 Q924Z4
A0A287A4Z1 O35740
A5D9M6 Q9Z1R2
A0A286ZS52 Q8K284
A0A286ZUG7 Q8BQY8
F1RFA9 F8WJF7
P22952 Q6W5C0
I3LTJ3 Q7TSN6
F1RUM0 Q8BJD1
I3LIP2 Q3UR70
A0A287B6L2 Q6P9S1
F1S9H0 D3Z4M6
A5GFN3 A2APF3
F1S001 P63163
F1SSC2 Q5SNZ0
F1RY92 P84104
F1SAZ7 Q64347
Q06AS8 Q9DC51
A0A287B9N3 Q61184
F1SJV7 Q9D868
A0A287AE86 Q62432
A5A8V7 P16627
A0A287B559 P97473
F1SAZ7 O35385
I3LF48 Q64347
F1SFM8 Q810K9
A0A286ZI96 O88597
F1STR7 Q9JMG9
A7LKB1 Q923E4
A0A287B098 P33896
A0A287AKR9 G3X9K4
F1S9B8 P31532
F6Q7U8 P07147
A0A287AVE0 P43021
Q19QT0 F8WJE0
A0A287B1K1 Q8BKN5
A0A287A377 Q6KAQ7
F1RJU1 Q80UN1
I3LKT7 Q8C263
I3LNU5 P31313
F1SP95 Q9QY39
A0A287BRV4 G3X9Z0
A0A286ZSG5 A0A0R4J0C0
A0A287BQ14 O88888
F1CK17 Q61187
F1RM11 Q7TSN6
A0A287BBJ7 O35465
F1RXR7 Q80WJ6
A0A287B0B0 Q6PAL0
F1RJ01 P30681
I3LEL6 Q8R373
F1RSS9 Q8BHT6
F1SIS1 E9QM16
A0A287B425 Q9CQA1
A0A287AV73 Q5IRJ6
A0A287ALL2 P70371
F1SEL5 P97737
A0A287A570 P00687
A0A287BD11 Q8BKX6
F1RVY7 Q8K368
A0A286ZVJ4 Q68FL6
A0A287A3Y0 Q62447
F1SNT8 O08788
F1RRR8 P01108
A0A287BCL8 Q3TD49
B1A9K1 P22518
F1SIE6 O35492
I3L6Q2 Q5HZH2
A0A287BAI1 Q9ERZ4
A0A286ZJP2 O88888
A0A287BIC6 E9QP49
A0A287AXQ4 Q8VHN8
F1S4A6 A0A0R4J0I7
F1RMJ9 Q99LG2
F1SKE4 Q8BZ00
F1RRP2 Q5SW46
C6JWG4 A2BFE8
I3L7B7 Q9D0B0
I3LPN4 Q8BZ36
F1RLA7 Q69ZX8
F1RR25 P42230
F1SIS1 D6RIL3
A0A287AZJ9 P63163
A0A287A608 P10107
F1SL57 Q3TY92
F1SSE1 Q61602
I3LP69 Q99M51
A0A286ZWF3 Q9D842
F1SKI6 Q9R1B9
F1SBQ7 Q9QZ09
A0A287B0B0 Q3U821
F1SMW9 P47857
F1SP32 P54728
F1SMW9 B1AWD9
A0A286ZKE4 Q8C142
F1SSH9 G3X9F2
P10612 Q9QZ82
F1S0T9 P52955
F1RXU4 Q9JLR9
A0A287B877 Q8BW72
F1S493 Q8VHV1
A0A287B621 Q8C8U0
I3LQ78 Q9JMG9
D0G6R6 Q8VDP6
A0A287A9H2 A2AGH6
K7GND3 Q3UR42
F1SS53 Q810A1
F1SV31 Q3V1U8
A0A286ZVC7 P07356
D7R811 P52955
I3LDL8 P47738
A0A286ZUI2 P56479
F1S9W2 Q8CD26
A0A286ZI96 P59326
A0A287BIH8 O88597
A0A287AFJ7 Q8BW72
A0A287B3N8 O54864
A0A287AST0 Q924N4
P23695 P09535
A0A287A450 E9Q6Y8
A0A287BST7 Q80ZW2
F1SP79 Q673H1
B9TRX0 O89013
F1SG38 Q8C8U0
A5GFN3 E9Q555
A0A286ZW96 P63157
A0A287A8Q7 Q8BJQ2
K7GT58 P58334
F1SL15 D3Z3U5
A0A287B098 Q9WUL8
A0A286ZW96 Q9QZ28
A0A287AZJ9 Q62311
F1RHJ1 Q8VBW6
F1SU06 P16546
A0A286ZJX3 Q8R015
F1RH71 Q8VCD6
F1SR85 Q99MV1
A0A287BSE8 Q8C156
F1S8K5 G3X956
K7GND2 Q62158
A0A287BK63 E9PXE2
F1S2R7 O08919
F1SPK3 Q6NWV3
F1SIC1 Q8VBX6
A0A286ZJB9 Q14DH7
A0A287BFL0 A2AT37
I3LC62 Q9WUL8
F1SB29 Q8VCR3
I3LUC3 Q9D0U1
A0A287AT90 Q76I79
A0A287ASC7 G3UVW3
F1SQH3 Q148W0
F1S5N6 Q9CYD3
F1SIG2 Q7TPS3
A0A287A991 A2A7S8
Q29036 Q9CQW1
A0A286ZWP6 G3X9K4
O77735 Q3B7Z2
A0A286ZW96 Q9ES03
A0A287B6S0 A0A286YCI8
A0A287B7T8 Q8C025
A0A287AV73 Q9EPS3
A0A287AR18 Q8K368
B6V6V4 Q9JKN1
A0A286ZS52 Q5SUH6
B7U6F1 Q99JF5
A0A287AAX2 Q8BUL6
A0A287A682 B1AWD9
A0A287AQR4 P39447
A5GFS7 P33033
A0A286ZJW1 Q64127
A0A287AWK9 Q8C1Z7
F1RRR7 Q8BUL6
A5GFR3 A0A0R4J0W0
A0A286ZWG1 P60670
A0A287A176 F6U5V1
A0A287AE68 Q91Z22
A0A287B5B5 P70227
F1SL75 Q61696
F1SN65 Q80YE4
A0A287BNT0 B2RPS7
F1RX98 E9PUB7
I3LVJ1 J3KMG9
F1SH27 Q62227
F1RF31 Q8BVR6
P28491 P35564
F1SNT8 Q64337
A0A287A4N6 Q8C152
A0A287AME4 P61514
A0A287A2U9 P62192
A0A287B2H8 P48301
I3LPU5 O08811
A0A286ZZ61 P48025
A0A286ZS00 G3X956
A0A286ZVC0 Q8BGB2
F1RRR7 D3YXJ5
F1SH27 Q9JMG9
F1S4A6 Q811Q9
A0A287BHL2 O35385
F1SEQ9 Q9D9T0
A0A286ZSC4 Q3UQ17
I3LVJ1 P37242
A0A287BSV9 Q9ERI5
F1S4W0 Q9JJF2
F1RXX3 Q8BZH4
A0A287AM68 Q9JMH6
A0A286ZJV6 E9QNX9
A0A287A9U8 Q3UKJ7
F1SRI8 D3YU50
A0A286ZWR0 Q7TSQ8
B7U6F4 Q99JT2
F1SAQ6 Q69ZR2
A0A287A570 Q8R1J3
A0A287B2F2 Q07235
A0A287A688 Q9CZ52
A0A286ZLT0 Q3V1L4
F1RGG1 F6TVP2
F1SFF0 Q62053
A0A286ZW96 G3X9F2
A0A286ZZW4 Q76I79
F1S4A8 P56484
F1ST66 A2AKB9
A5GFR3 Q7TSQ8
A7WLH8 P63166
A0A287A1S6 P11087
A0A287ADJ0 Q3U309
A0A287AGT7 Q9CPQ3
A5GFS7 Q64326
F1SID1 E9PVA8
F1S0N7 A0A0R4J066
A0A287A2U9 Q9ERG0
I3LFS1 Q62311
A0A287BNU5 P61021
A0A287BS39 Q64727
F1SCR9 E9Q411
A0A287AGK8 Q52KB6
Q06AT9 Q3THW5
F1SH27 P26687
A0A287AG28 O55013
F1RT53 P25911
A0A286ZV73 P62340
A0A286ZTE3 E0CZD6
A0A287AA35 A0A0R4J0G9
I3L5K2 P63056
F1SQ17 Q8BP00
F1S8N9 A0A1B0GQY9
A0A287BAM9 Q6PAM1
F1S525 P08103
A0A287APX0 O35427
I3LCX3 Q99JT2
I3LCN0 Q8C8U0
I3LR13 Q5IRJ6
F1S4P0 A2AQ07
Q28987 A2APF3
I3LBA2 Q3UB74
A0A287A407 Q63871
F1S287 Q8BJS8
A0A287AUF7 Q9DAT2
I3L5R5 Q61696
F1SUE3 Q64127
F1SPR8 Q8K368
A0A287BEH6 Q3TJD7
F1S5C5 Q9CQA9
F1RY92 Q8BP71
F1RH21 Q9CR30
I3LG77 F8WJE0
I3LLB5 Q8R007
F1S0F8 Q9D7F2
B5LX40 Q8K3H0
F1SEI1 P27782
A0A287BFM2 Q1RNF8
F1SGV8 Q9D1C3
I3LPJ3 E9Q6Y8
A0A287A041 Q9CQZ0
A0A287BE06 Q9WTQ5
M3VK17 Q8VE98
A0A286ZUN2 A0A0R4J0I7
A0A287BLE1 O08788
A7UNK0 Q8VHZ7
F1SH27 P27782
F1S4Y2 Q9ERI5
A0A287AA29 Q99LU8
A0A287B8H9 Q9JMG9
F1SNJ6 Q64701
A0A287BNE4 P61082
A0A287AB40 Q8K2J7
P05027 P14094
F1S982 Q9JIF7
A0A287AZJ9 Q9WVS8
K9IVV5 P16546
F1SL15 Q3UFY8
F1SAQ3 Q3U3M5
F1SS06 Q9D828
A0A286ZPF5 P63085
F1S064 Q9JMG9
A0A287BRV4 Q9ES03
F1SJ10 Q61488
F1S4Y2 P26687
I3LG10 E9Q2I3
A0A287AW55 A2RTU1
I3LAS8 Q99N57
F1SBC5 Q9D0F1
I3LBU8 Q80WM7
E3US74 Q6I6G8
D7R811 G3X9F2
A0A287AXH6 Q3UFY8
F1SAH1 Q9R1B9
A0A287B0L4 Q5SSH7
A0A287ANK9 P12813
I3LLX4 Q6PD10
F1SUW7 Q6P549
A0A287AG50 Q9CZ69
I3LVJ1 Q9ERI5
F1SGX3 E5FYH1
F1STR7 P37242
A0A287B2S7 P50149
F1S570 Q8BHE3
F1S493 Q9QYC1
A0A286ZKK7 Q8CFT3
F1SP29 Q9D2K4
A0A287BFS6 Q80V31
A0A287BI89 P63163
F1S8V5 Q03173
A0A287A531 P16546
K9IVJ6 A0A0J9YUA8
F1RYE9 Q5U4C1
K7GNC8 P52795
F1RJ11 Q8BHT6
F1SRR6 O08537
F2Z5G2 Q9CW03
F1S8W8 A0A1B0GQY9
F1RY56 P97358
A0A287B231 Q8R317
F1SI67 Q9R1B9
F1SPR8 G3X972
I3LF48 Q9R1M5
F1SH27 Q3UNH6
F1SAU2 P09084
F1S0T9 G3X9F2
F1SB63 P56480
F1SGX3 Q3UHQ6
B3VN02 Q8K3K7
A0A287BEW9 Q8R570
J9JIL2 Q8VHV1
A0A287AFY4 Q9CR33
I3LTJ3 O88854
A0A287BDW6 O08586
A0A287AXH6 F8VPK0
F1RMN5 Q9QXJ1
F1S0P4 Q9QYI3
A0A287BFS7 Q8JZM6
I3L5R5 Q4FZG9
A0A287BBQ5 Q64701
F1RQT4 Q9DB43
A0A287BEL1 Q9D1C3
F1SIU0 A0A0A0MQ97
K7GNC8 E9PWG6
F1RNV5 P63239
F1RSV8 A2AGH6
A0A287A536 Q9Z0R4
B5APV0 Q9CPW4
F1SGV8 Q9Z324
F1SM35 Q148W0
I3LDU2 Q9CYH5
A0A287AKU1 Q9D2V5
F1RWV1 P11680
A0A287A273 Q8K2V6
A0A286ZS00 O88477
F1S8W5 P97334
A0A287ACX2 Q61043
F1SF37 Q9CQE6
F1SNZ3 O88888
F1STR7 Q9ERI5
A0A287A2C8 Q8CFC7
A0A287B2S7 Q9WV31
A0A287AR48 Q80X98
A0A286ZKM4 D3Z4M6
I3LKM6 Q78IK4
A0A286ZMP7 P54728
Q29036 Q9D1G2
A0A287BL45 Q4KWH5
F1S484 Q9D2V5
K7GQA4 G3X959
F1RPE5 Q9EQ61
F1S034 P63163
F1SML3 Q76LS9
F1S106 Q64151
I3LG73 Q99LL5
I3LM80 Q8VCH6
A0A287A2C8 Q8BZH4
F1SEI1 Q60665
A0A287B916 Q9JMG9
F1SCJ1 Q6KAQ7
F1STH9 H3BJ52
A0A287AV79 A0A1B0GQY9
A0A287ASH2 Q9D2N8
F1RPK6 Q80ZW2
F1SPR3 Q6PD10
A0A287BA12 P59326
Q3ZDR4 O55237
F1RT53 Q6Y7W8
A0A286ZKK7 P63163
F1SME2 P39428
A0A287AZS2 Q8BKJ9
I3LB28 O35375
A0A287BDM0 Q8BSM7
F1RHC5 O35343
I3L6Z7 Q61526
F1RKZ6 E9PXY8
K7GRK2 Q0VDY1
A0A287A3K3 Q9Z324
A8S2C3 Q9JHG0
F1RQU8 Q9QY66
I3LFS1 Q9D906
F1RFV6 P97813
A0A286ZWP6 G3X972
F1SFR7 Q3UQV5
F1SR85 Q78IK4
F1SS24 P11276
F1S9H0 Q8C4Q6
F1SCF5 Q8VBW6
Q29040 P19785
Q6QAQ1 P60710
F1RY22 A2ANY6
F1SAH1 Q9JKL4
A0A287AU22 G3X924
F1RXX3 Q8CFC7
I3L828 P70390
A0A287BJH7 Q922R1
A0A287AB40 E9QP49
A0A287AKR9 O54946
F1S0T9 Q9ES03
A0A287BMU4 Q80ZW2
F2Z5N9 P97813
F1RFW5 Q9DD03
E7D6R3 Q91WS4
F1RQL2 P35761
F1SB09 O08547
F1SU46 O08811
A0A287AZJ5 Q62137
A0A287A5Z0 P97402
A0A287BA29 Q99L85
A0A287B877 Q62227
A0A287ATD3 P84089
I3L5P4 Q8VE97
A0A0A0MY60 P42230
F1S2K2 P97813
F1RFD7 Q8CAB8
F1RPX1 D3YXK2
F1S7L8 Q62419
F1SJB5 E9Q616
A0A287A3K3 Q9JHG1
Q9TUB2 P02340
O62807 O08919
F1ST91 Q99MW1
F1S8F9 O88554
F1SIK8 Q9QZ28
A0A287AFJ7 P27782
A0A287AKX1 Q8C1Z7
A0A287B4I1 O89013
A0A287A991 Q9ERS5
A0A287BRJ4 P25322
I3LII4 Q07832
A0A287AEX8 Q07409
F1SIX8 O08688
A0A287B9K7 Q07076
A0A287BE50 Q91XQ0
B1NI70 Q9WUR9
A0A287B4G4 P63001
F1S5N5 F8VPX2
F1SPK1 Q3UH93
A0A287BRD8 Q8CI32
F1SHF6 Q69ZR2
F1RYU8 Q64347
F1SP25 Q9QYC7
A0A287ARC5 Q148W0
A0A287AYD9 Q8VHZ7
Q19QT0 F6TVP2
K9J6K3 P28700
A5GFS8 Q8BH80
A0A287AXV6 Q920L5
F1RVR2 Q8VCM3
A0A287A4A0 D3Z1Q2
F1SJ93 Q8BP92
F1SUB0 Q8K1S3
A0A287AKE2 Q8VBW6
F1RVY7 Q69ZS7
F1S064 P26687
A0A287A3K3 Q5M9N4
A5JUQ8 Q921W4
A0A287A2C8 Q8VHZ7
F1SC14 E9Q7L6
A5A8X6 Q3U1Z5
A0A288CFV7 Q60715
I3LVJ1 P27782
F1S3V2 Q91X88
I3L7B7 Q8K363
I3LVF2 Q61115
A0A287B4M4 Q921E6
A0A287B8F0 D3YYU8
F1S8F9 O70237
Q06AT9 Q6PDL0
F1RFZ6 Q8BP78
F1S8N9 F7BWJ7
A0A287AM68 O55047
F1SS22 Q6NVG5
P62844 Q8BGG7
K9IWB2 Q9CZE3
A0A287B5Q4 Q61982
I3LP32 Q8BZH4
F1STU0 Q8C142
A0A287AVJ0 Q8C0M0
F1RYU8 E9Q2I3
F1RGM6 Q9ERK7
A0A287BSV9 O70494
F1S4G0 H3BJM0
F1SJV7 O70492
A0A287ARD1 Q922G2
F1RY92 Q5SF07
A0A286ZKI5 Q80WJ6
A0A286ZKK7 Q9D906
K7GNC6 Q78IK4
F1S073 Q61187
F1S047 D3YU50
Q8HZV3 Q9Z2U0
F1SBJ7 Q8BG54
A0A287BIC6 Q8K2J7
F1S834 Q3UX43
F1S7P5 O88888
F1SAZ7 Q8CHP8
I3L9N5 Q8BJY1
I3L9K5 A7DTG3
F2Z5J1 P62192
A5GFR3 Q921S7
A0A286ZTE3 E9QJU6
K7GRR9 Q7TSQ1
A0A286ZJ13 A2A8L1
F1SFW3 P18293
F1SR85 Q9DC29
A0A287A5F8 Q8C2R7
F1RX38 A0A286YCI8
F1RM08 F6TVP2
F1S3D0 A0A0R4J1C9
A0A287AFJ7 Q62227
A0A287BGG6 Q9WUD1
A0A286ZNG8 Q91YD9
A0A287B7K4 Q8VIG0
A0A287ACZ6 B2RUJ5
F1SJR3 P59054
F1SRN9 Q9R1M5
F1SU46 Q8C156
I3LCN0 A2AWA9
Q6QAT1 P62307
F1SDV1 Q80ZW2
A0A287AW55 A0A1B0GQY9
