Q99705 F1SRB6
P09683 A0A286ZRG5
Q99705 A0A287BEL1
P14373 K7GND2
Q9HC10 F1SN65
Q9Y4D7 F1SPK1
Q9UEW8 I3LIX4
Q13077 F1SME2
Q13621 A0A287BS85
P22736 A0A287ANK9
P32241 A0A287BT69
Q13621 F1SN65
Q66K14 F1RWZ4
P32241 D9IWC2
P13569 A0A286ZZ96
Q15717 D3K5N7
Q14258 K7GR70
Q8IWL3 A0A287AIR5
Q13315 A7LKB1
P04637 Q9TUB2
Q96I23 A0A287BEL1
B1AVT0 I3L5K3
P05067 P79307
Q96I23 F1SRB6
O75521 F1RWZ4
Q7Z7L7 A0A287AGJ6
Q96E35 A0A287AHF0
P57054 F1SGV8
P37287 F1SQU5
Q96I23 F1SGV8
P04629 F1RHK6
Q96LU5 F1S8V0
O15041 F1SBX2
O14980 A0A287BHC9
Q7Z5P4 I3L5K3
Q92905 F2Z540
P57054 A0A287A3K3
Q9HC10 A0A287BS85
P49736 F1SPF3
