A0A287B754 I3LQS1
P35496 P35496
F1RLG5 F1RLG5
A0A287B6Q4 A0A287B6Q4
A0A287A9H2 A0A287A9H2
F1SQL2 F1SQL2
F1RK18 F1S2T5
F1RVZ3 A0A287BLP2
A0A287A164 F1SBP3
F1RQN8 F1RQN8
A0A287B2H8 A0A287BKF2
A0A287BAP6 A0A287AEW3
B2ZDY9 B2ZDY9
A0A287AAX4 A0A287AAX4
A0A287AKU1 A0A287AKU1
A0A287A9U7 F1RVZ3
F1RQM6 I3LQS1
F1RXE3 I3L926
A0A287BG35 F1S7J9
I3LVJ0 I3LVJ0
F1RQM6 A2SW51
A0A287AAQ1 I3LQS1
A0A287B6Y4 A0A287B6Y4
F1S7M3 B3SP85
A5GFZ7 A0A287B2H8
A0A287AEW3 A0A287BAP6
I3LEW0 I3LEW0
A5GFZ7 A0A287B6Y4
A0A287B5F7 I3LEW0
F1RQM6 A0A287AAQ1
F1SAK8 F1RQM6
I3LQS1 A0A287B754
F1RKD4 I3LRU7
F1S2T5 F1RK18
A0A287AAQ1 F1RQM6
A0A287B3P0 A0A287B3P0
I3LFA7 I3LFA7
F1RJ27 F1RJ27
I3LAP5 A7LJT9
A0A287AH57 F1RL46
I3LG51 I3LG51
F1RF76 I3L7Z3
A0A286ZVH7 F1RIG2
A0A287AEW3 A0A287AY01
I3LH19 I3LH19
I3L5V9 F1RVZ3
F1SUV6 F1SUV6
P61958 P61958
I3L5V9 A0A287B0M8
I3L5V9 I3LCH3
A0A286ZI79 F1RQM6
F1S367 F1S367
F1SQ87 F1STU9
F1SAK8 A2SW51
F1SBC5 A0A287BFL6
A0A287APK5 A0A287BAP6
F1RN06 A0A287BFL6
A0A287AY01 A0A287APK5
F1RZS8 F1RVZ3
F1SBC5 F1RF76
F1SGM5 F1SGM5
F1S956 I3LJ87
F1RKD4 A0A287B2H8
F1S2T5 F1S7M3
I3LSI7 F1RL11
F1RKZ6 F1RKZ6
A0A287AKA9 A0A287B0H9
I3LIH2 I3LIH2
F1S2T5 F1RGW6
I3L6G1 I3L6G1
A0A286ZI79 A2SW51
A0A287A0F5 I3LAP5
I3LKI5 I3LKI5
A0A287AKA9 F1RKD4
A7LJT9 F1S2T5
A0A287BHC9 A0A287BHC9
I3LAK9 I3LAK9
F1RF76 F1RF76
F1STU2 F1RUU2
F1STU2 A0A287B2H8
A0A287AEW3 A0A287AEW3
F1S0H1 F1S0H1
K7GLJ5 A0A287B754
F1RIG2 A0A286ZMY6
A0A286ZNY1 A0A286ZNY1
A0A286ZS33 A0A286ZS33
A0A287AKA9 A0A287B6Y4
A0A287AL02 A0A287AL02
F1RKD4 A0A287B0H9
A0A287BLP2 F1RWE3
F2Z5L7 F2Z5L7
A0A287BLY4 A0A287BLY4
D3K5J4 D3K5J4
F1SQ87 I3L7Z3
I3L7Z3 A0A287AMV5
I3LNX4 I3LNX4
F1RKD4 F1RUU2
F1RF76 F1SQ87
F1RUU2 A5GFZ7
F1SBC5 I3L7Z3
I3LM60 I3LSI7
I3LAK9 A0A287B754
F1RKD4 A0A287BKF2
F1RVZ3 F1RWE3
K7GLJ5 I3LAK9
F1RF76 F1STU9
A0A287A9U7 A0A287BLP2
I3L5V9 I3LSI7
I3LG19 I3LG19
F1S4W8 F1S4W8
A0A287BLP2 A0A287BLP2
H2EZZ3 H2EZZ3
A0A286ZK81 A0A286ZK81
A7LJT9 F1RGW6
F1RL11 I3LCH3
A0A287AMV5 F1STU9
A0A287B3P0 F1S7J9
F1SAK8 I3LAK9
F1S196 I3LCH3
F1RL46 F1SC78
A0A287A9U7 F1RWE3
I3LRU7 A5GFZ7
A2SW51 F1RQM6
F1SQ87 F1RF76
A0A287B754 I3LAK9
F1SC78 F1SC78
F1RKD4 A0A287AKA9
A0A287B6Q4 F1RWE3
I3LUP6 I3LUP6
I3L7K3 I3L7K3
A0A287B0M8 A0A287A9U7
F1STU2 I3LRU7
K7GPW3 K7GPW3
A0A287BG35 A0A287B3P0
A0A287AY39 A0A287B754
F1SBC5 F1RN06
F1STU2 A0A287AKA9
F1S274 I3LI45
F1SEY9 F1SEY9
A0A286ZWE4 A0A287AH92
A0A287A164 F1SA70
A0A287BLP2 A0A287B0M8
A0A287B2H8 F1RKD4
A0A287BLP2 F1RVZ3
F1S956 F1S956
I3LII4 I3LII4
A0A287AEW3 A0A287APK5
A0A287B0H9 F1STU2
I3L7Z3 F1SBC5
A0A287B0M8 I3LM60
F1RL11 F1RZS8
F1RVZ3 F1RL11
I3LFR2 I3LFR2
A0A287BKF2 A5GFZ7
A0A287B3P0 A0A287BG35
A0A287B2H8 F1STU2
F1RQM6 K7GLJ5
I3L7Z3 F1STU9
F1RMV7 F1RMV7
A0A287BFL6 A0A287BFL6
A0A287AKA9 A0A287B2H8
F1S196 I3LM60
A0A287B0T4 A0A287B0T4
A0A287AIR5 A0A287AIR5
F1SC46 F1SC46
B3SP85 B3SP85
F1RIP8 F1RIP8
A0A287B3P0 F1SVD1
A0A286ZMY6 F1RIG2
F1SCQ9 F1SCQ9
A0A287B6Y4 A5GFZ7
I3LDX6 I3LDX6
F1RJ27 B3SP85
A0A287AKA9 I3LRU7
F1RWE3 A0A287BLP2
F1S196 I3L5V9
A0A286ZI79 A0A287AY39
I3LCH3 I3LCH3
F1RGW6 I3LAP5
F1RN06 A0A287AMV5
A0A286ZND9 A0A286ZND9
A0A286ZUC9 A0A286ZUC9
A0A287BFL6 F1STU9
F1SA70 F1SBP3
F1RRR8 F1RRR8
F1S614 F1RF76
A0A287B3N8 A0A287B3N8
A0A287BG35 A0A287BG35
F1S2T5 F1S2T5
F1S7J9 F1SVD1
F1S614 A0A287AMV5
A0A287A8L7 A0A287A8L7
F1RK18 F1RJ27
Q9TUB2 Q9TUB2
I3LM60 F1RVZ3
I3LG77 I3LG77
F1S614 F1SBC5
F1SBC5 F1STU9
I3LAP5 F1RK18
B0M1M6 F1SR02
A0A287AKA9 F1SLK8
F1S1P8 F1S1P8
A0A286ZRY0 A0A286ZRY0
A0A287B0M8 F1S196
K7GR70 K7GR70
A0A286ZMT8 F1RL46
I3LSI7 A0A287BLP2
F1RQM6 A0A286ZI79
A0A286ZU41 A0A286ZU41
F1RWE3 F1S196
A0A287ARV8 A0A287ARV8
F1RGW6 F1S2T5
F1RIG2 F1RIG2
A2SW51 I3LQS1
F1S868 F1S868
A0A287AAQ1 A2SW51
F1RQM6 I3LAK9
K7GQT5 K7GQT5
I3LRU7 F1STU2
F1S7M3 F1S7M3
A0A287BAP6 A0A287BAP6
A0A287BG88 A0A287BG88
I3LM60 F1S196
A0A287AAQ1 A0A287AAQ1
I3L9U8 I3L9U8
A0A287AAQ1 A0A287B754
F1RN06 I3L7Z3
A5GFZ7 I3LRU7
A0A287AAQ1 K7GLJ5
F1RZ96 F1RZ96
F1RWE3 F1RWE3
I3LAC4 I3LAC4
Q767L0 Q767L0
F1SAK8 K7GLJ5
A0A287AAX4 F1RI80
I3LQS1 I3LQS1
F1SAK8 I3LQS1
F1RIG2 A0A286ZVH7
A0A287BFL6 F1RN06
A0A287AY39 A0A287AAQ1
F1S5A6 F1S5A6
A0A287BKF2 A0A287BKF2
F1S7J9 A0A287BG35
A0A287B754 A0A287AAQ1
F1SV35 F1SV35
A0A287B0H9 A5GFZ7
I3LSI7 A0A287A9U7
A0A286ZVH7 A0A286ZMY6
F1S2T5 I3LAP5
Q9TU45 Q9TU45
F1SQ87 F1SBC5
I3LQ83 A0A287B5S7
A0A287A9H2 Q767L0
F1RGP5 F1RGP5
F1S2T5 B3SP85
Q8WNW3 Q8WNW3
A2SW51 A0A287AAQ1
F1RN06 F1RF76
F1S196 A0A287BLP2
F1RK46 F1RK46
A0A287A164 I3LG77
F1RGW6 A7LJT9
A2SW51 A2SW51
I3L897 I3L897
F1RL11 A0A287BLP2
F1SBP3 A0A287A164
F2Z5K2 F2Z5K2
A0A287BKF2 I3LRU7
A0A287B6Y4 F1RKD4
A0A287BFL6 F1SBC5
A0A287BLP2 I3LCH3
A0A287A0F5 F1RK18
A0A287BLP2 F1S196
A0A287B754 F1RQM6
F1STU9 F1RF76
B8XVN4 B8XVN4
F1SLC6 F1SLC6
I3LAP5 F1S2T5
F1RI80 A0A286ZUC9
I3L7Z3 F1S614
A0A287AKA9 A5GFZ7
F1RZ96 Q8WNW2
B3SP85 F1RK18
I3LQ83 I3LQ83
F1S196 F1RVZ3
A0A286ZUC9 F1RI80
F1RL11 F1RVZ3
F2Z540 F2Z540
F1RKD4 A5GFZ7
F1RUU2 A0A287BKF2
A0A287B2H8 A0A287B2H8
F1SQ87 F1S614
Q8WNW2 F1RZ96
F1S196 F1RWE3
A5GFZ7 A0A287BKF2
F1RNZ3 F1S868
F1RK18 I3LAP5
I3L5R5 I3L5R5
A0A287BKF2 F1RUU2
I3LRU7 A0A287B2H8
I3LM60 F1RWE3
F1S8N5 F1S8N5
I3LI45 F1S274
F1RK18 F1RK18
F1RK18 A7LJT9
A0A287A2R9 A0A287A2R9
F1S7M3 F1RGW6
I3L5V9 A0A287BLP2
A2SW51 I3LAK9
A7LJT9 F1RK18
A0A286ZX77 A0A286ZX77
F1RGW6 F1S7M3
I3LAP5 B3SP85
A0A287BLP2 I3LSI7
F1SNE8 F1SNE8
A0A287A0F5 B3SP85
F1SAK8 F1SAK8
A2SW51 K7GLJ5
I3LQS1 F1SAK8
A0A287B0M8 F1RZS8
F1RUU2 I3LRU7
F1RZS8 I3LSI7
F1SM93 F1SM93
I3LPS4 I3LPS4
A5GFZ7 A5GFZ7
I3LAK9 A0A287AY39
I3LJ87 F1S956
I3LG77 F1SBP3
F1RIN7 F1RIN7
Q8WNW2 Q8WNW2
A0A287BLP2 F1RL11
A0A287ARZ0 A0A287ARZ0
F1S196 F1RZS8
A0A287AMV5 A0A287BFL6
A2SW51 A0A287B754
I3LBE3 I3LBE3
F1RVZ3 F1RVZ3
A2SW51 F1SAK8
I3LQS1 K7GLJ5
I3LCH3 I3LSI7
F1RVZ3 A0A287B0M8
F1RZS8 F1S196
F1SNC8 F1SNC8
F1RVZ3 F1S196
I3LRU7 F1RKD4
F1S614 F1SQ87
F1RVZ3 I3LCH3
A0A287BG35 F1SVD1
F1S196 A0A287B0M8
F1RL11 I3L5V9
I3L5V9 F1S196
A0A287B5F7 A0A287B5F7
F1SQ87 F1RN06
F1STU2 A5GFZ7
F1SQ17 F1SQ17
F1RM74 F1RM74
I3LRU7 A0A287B6Y4
A0A287AY01 A0A287AEW3
F1S196 A0A287A9U7
F1RL13 A0A287AAQ1
F1SML3 F1SML3
A0A287B0M8 F1RL11
F1RVZ3 I3LM60
A5A770 A5A770
F1SVD1 A0A287BG35
A0A287B2H8 A5GFZ7
I3L5V9 I3LM60
A0A287B2H8 A0A287B6Y4
F1RL13 A0A287B754
I3LRU7 A0A287AKA9
F1RL11 A0A287A9U7
Q29081 Q29081
F1RWE3 I3L5V9
F1RUU2 F1RUU2
F1RQM6 A0A287AY39
F1RZS8 F1RL11
F1SVD1 F1SVD1
F1RGW6 F1RK18
F1RIP8 A0A286ZYS8
F1SSL6 F1SSL6
F1RKD4 F1RKD4
I3LG77 F1SA70
I3LAK9 A2SW51
A0A286ZK81 F2Z5T7
A0A287A9U7 F1S196
I3L7Z3 A0A287BFL6
K7GLJ5 K7GLJ5
I3LQS1 A0A286ZI79
A0A287BFL6 F1S614
A0A286ZMT8 F1SC78
A0A287AMV5 F1SBC5
F1S7J9 F1S7J9
F1S0V1 F1S0V1
A0A286ZVH7 A0A286ZVH7
F1RL46 F1RL46
F1S7M3 I3LAP5
F1RWE3 F1RL11
A0A286ZYS8 A0A286ZYS8
A0A287AY39 F1RQM6
Q19S50 Q19S50
I3LIT1 I3LIT1
A7UHZ5 A7UHZ5
A0A287BIL8 A0A287BIL8
F1RF76 F1RN06
I3LSI7 I3L5V9
F1RVZ3 I3L5V9
B3SP85 F1RJ27
A0A287ARZ0 A0A286ZPH4
F1SV20 F1SV20
F2Z5T7 A0A286ZK81
A0A287AMV5 I3L7Z3
F1RHK6 F1RHK6
I3L7Z3 F1SQ87
A0A287BAP6 A0A287AY01
A0A287AMV5 F1RN06
A0A287B0M8 A0A287BLP2
A0A287AAX4 A0A286ZUC9
I3LSI7 I3LSI7
D3K5N7 D3K5N7
I3LQS1 I3LAK9
A7LJT9 B3SP85
A0A287AFY4 F1S868
F1SBC5 A0A287AMV5
I3LCH3 F1S196
A0A286ZTI2 A0A286ZTI2
F1STU9 A0A287AMV5
F1RL11 F1RWE3
I3L926 I3L926
A0A287B6Y4 I3LRU7
A0A286ZV23 A0A286ZV23
F1SVD1 A0A287B3P0
F1STU9 F1SQ87
F1S047 F1S047
A0A287B754 A2SW51
F1S4G7 F1S4G7
F1S2T5 A7LJT9
B3SP85 F1S2T5
F1S868 F1RNZ3
K7GLJ5 A0A286ZI79
A0A286ZTN5 A0A286ZTN5
F1SQ87 A0A287BFL6
A0A287AKA9 A0A287BKF2
A0A287A9U7 I3LSI7
F1SQ87 A0A287AMV5
A0A287AMV5 F1SQ87
I3L7Z3 I3L7Z3
F1STU9 F1S614
I3LTD6 I3LTD6
F1SBC5 F1SQ87
A0A287B988 A0A287B988
A0A287B0M8 A0A287B0M8
F1S7M3 A0A287A0F5
A0A287BD71 A0A287BD71
B0M1M6 B0M1M6
I3L5V9 F1RL11
F1STU9 A0A287BFL6
F1STU2 F1STU2
K7GLJ5 F1RQM6
A0A287B754 A0A287AY39
F1RWV2 F1RWV2
I3LAP5 A0A287A0F5
A0A287BKF2 A0A287AKA9
F1SA70 A0A287A164
A0A287ACE1 A0A287ACE1
I3L7Z3 F1RN06
F1RNZ3 F1RNZ3
A0A287AFY4 F1RNZ3
F1SC78 A0A286ZMT8
F1RN06 F1SQ87
F1RL46 A0A286ZMT8
A0A287AH92 A0A286ZWE4
F1SC78 A0A287AH57
A0A287B0H9 I3LRU7
I3LSI7 F1RVZ3
A0A287BFL6 A0A287AMV5
F1RL11 A0A287B0M8
I3LCR1 F1S274
F1RL11 I3LSI7
I3LCH3 F1RVZ3
F1RMJ3 I3LPS4
F1SRD4 F1SRD4
F1RK18 F1RGW6
A0A287BLY4 I3LVJ0
F1RF76 A0A287BFL6
A0A287B2H8 I3LRU7
P35495 P35495
F1SBP3 F1SBP3
F1RUU2 A0A287B0H9
A0A286ZI79 A0A287B754
Q27HK4 Q27HK4
F1S7M3 F1S2T5
A0A287BLP2 F1RZS8
A0A287AY39 A0A286ZI79
I3L5M8 I3L5M8
A0A287AX48 A0A287AX48
F1S203 F1S203
F1RI80 F1RI80
A0A286ZYS8 F1RIP8
A0A287A9U7 F1RL11
A0A286ZZ61 A0A286ZZ61
A0A287AKA9 F1STU2
A0A287BFL6 F1SQ87
Q29040 Q29040
F1RM25 F1RM25
F1RK18 B3SP85
I3LQS1 F1RQM6
F1RVZ3 F1RZS8
A0A286ZI79 I3LAK9
A0A287B754 A0A287B754
I3LIH2 A0A287ADE1
A0A286ZR91 A0A286ZR91
F1RX98 F1RX98
I3LPS4 F1RMJ3
F2Z5T7 F2Z5T7
F1RQM6 F1RQM6
A0A287B0H9 A0A287B2H8
F1RZG2 F1RZG2
I3LAP5 I3LAP5
A0A287AVA7 F1SNE8
A0A287ANC0 A0A287ANC0
F1S614 I3L7Z3
F1RKD4 F1STU2
F1SR02 F1SR02
A0A287BAP6 A0A287APK5
A0A287B856 A0A287B856
A0A287BLP2 I3L5V9
F1RLQ4 F1RLQ4
F1RN06 F1SBC5
A0A287BKF2 A0A287B2H8
I3LRU7 F1RUU2
A0A287APK5 A0A287APK5
A5GHK6 A5GHK6
F1RUU2 A0A287AKA9
A0A287B6Y4 A0A287AKA9
B3SP85 F1RGW6
A0A287AH92 A0A287AH92
I3LSI7 I3LM60
Q9GKQ9 Q9GKQ9
A0A287AAQ1 F1SAK8
A5GFZ7 A0A287AKA9
F1SVD1 F1S7J9
F1STU9 F1RN06
F1RUU2 A0A287B6Y4
F1SA70 F1SA70
F1RQM6 F1SAK8
A0A287B4M4 A0A287B4M4
F1RZS8 A0A287B0M8
F1S274 F1S274
I3LSI7 I3LCH3
I3LSM2 I3LSM2
F1STC9 F1STC9
I3LSI7 F1S196
F1SQ87 F1SQ87
A0A287AMV5 A0A287AMV5
A0A287A0F5 F1S7M3
F1RUU2 F1RKD4
A0A287APK5 A0A287AY01
A0A287A2D4 A0A287A2D4
I3LSI7 A0A287B0M8
F1SRQ9 F1SRQ9
A0A287BKF2 A0A287B0H9
I3LKB6 I3LKB6
A5GFZ7 F1STU2
A0A286ZTD8 A0A286ZTD8
I3L926 F1RXE3
A7LJT9 A7LJT9
A0A287B6Y4 A0A287BKF2
I3LCH3 A0A287B0M8
A0A287AY39 I3LAK9
I3LCH3 F1RL11
I3LAK9 F1RQM6
F1RWM5 F1RWM5
A7LJT9 F1RJ27
A0A287B6Y4 F1RUU2
F1RWE3 I3LM60
F1S415 F1S415
I3LM60 A0A287BLP2
I3LI45 I3LI45
A0A287B6Y4 A0A287B0H9
I3LCH3 A0A287A9U7
F1S7J9 A0A287B3P0
I3LCH3 A0A287BLP2
A0A287AIM1 A0A287AIM1
A0A287AY01 A0A287BAP6
A0A286ZMT8 A0A286ZMT8
A0A287B0H9 A0A287AKA9
F1RN06 F1S614
A0A287A9U7 A0A287B0M8
A0A286ZUC9 A0A287AAX4
F1STU9 F1SBC5
F1STU2 A0A287B0H9
F1RL46 A0A287AH57
I3LAK9 A0A287AAQ1
F1S7P1 F1S7P1
F1RWE3 A0A287A9U7
F1RJ27 F1RK18
F1RVZ3 A0A287A9U7
A0A286ZPH4 A0A286ZPH4
F1S2T5 A0A287A0F5
A0A286ZQA1 A0A286ZQA1
F1RUU2 A0A287B2H8
A0A287B6Y4 A0A287B2H8
F1S7M3 F1RJ27
A0A287B2H8 A0A287B0H9
I3LI45 I3LCR1
A0A287B0M8 I3L5V9
I3LCH3 F1RZS8
K7GLJ5 A0A287AAQ1
I3LQS1 A0A287AY39
I3LCR1 I3LI45
A0A286ZPH4 A0A287ARZ0
A0A286ZWX5 A0A286ZWX5
A0A287BEY7 A0A287BEY7
F1STU9 F1STU9
A0A287BKF2 A0A287B6Y4
I3LSI7 F1RZS8
F1RQR6 F1RQR6
F1S196 I3LSI7
F1SC78 F1RL46
K7GLJ5 A2SW51
B3SP85 I3LAP5
I3LRU7 A0A287BKF2
F1SA70 I3LG77
A0A287AVA7 A0A287AVA7
F1RVZ3 I3LSI7
F1STU9 I3L7Z3
F1S868 A0A287AFY4
F1RKE4 F1RKE4
A0A287BKF2 F1RKD4
F1RZS8 F1RZS8
F1RL11 F1S196
A0A287A0F5 A7LJT9
I3L5V9 I3L5V9
F1S196 F1RL11
A7LJT9 I3LAP5
I3LEW0 A0A287B5F7
F1S2T5 F1RJ27
F1RL13 F1RL13
A0A286ZI79 K7GLJ5
F1S196 F1S196
A0A286ZI79 I3LQS1
B3SP85 A0A287A0F5
F1RKD4 A0A287B6Y4
A0A287BLP2 I3LM60
I3LM60 I3LCH3
A0A287AY39 A0A287AY39
F1RGW6 F1RGW6
A0A287B754 F1RL13
F1SNR6 F1SNR6
F1S614 F1RN06
A0A287BA39 A0A287BA39
F1SBC5 F1S614
A0A287B0H9 F1RKD4
F1SR02 B0M1M6
B3SP85 F1S7M3
A0A287B0H9 A0A287BKF2
A0A287AMV5 F1S614
A0A287B0H9 A0A287B0H9
F1RQM6 A0A287B754
F1RJ27 F1S7M3
F1RZS8 A0A287A9U7
F1SRU8 F1SRU8
A0A287A9U7 I3LCH3
A0A287AAQ1 F1RL13
A0A287A9U7 F1RZS8
A0A287AAQ1 I3LAK9
K7GLJ5 F1SAK8
F1RGW6 A0A287A0F5
A0A287A0F5 F1RGW6
F1SMB6 F1SMB6
F1SLK8 F1SLK8
I3LAK9 A0A286ZI79
F1RFL9 F1RFL9
F1SRU8 F1RSB1
A0A286ZMY6 A0A286ZMY6
I3LCH3 I3LM60
A0A287B2H8 F1RUU2
A0A287AKA9 A0A287AKA9
I3LM60 F1RZS8
A0A286ZI79 A0A286ZI79
A0A287AFY4 A0A287AFY4
A7LJT9 A0A287A0F5
I3LG77 A0A287A164
A0A287AY39 I3LQS1
I3LAK9 F1SAK8
F1SAK8 A0A287AAQ1
F1RJ83 F1RJ83
A0A287AAQ1 A0A286ZI79
A0A287A164 A0A287A164
A0A287AH57 F1SC78
F1SAK8 A0A286ZI79
F1RL11 F1RL11
F1S614 F1STU9
F1SBC5 F1SBC5
P79307 P79307
F1SKR9 F1SKR9
F1S2X6 F1S2X6
F1S614 F1S614
I3LAP5 F1RGW6
A0A287AXP1 A0A287AXP1
A0A286ZI79 A0A287AAQ1
B3SP85 A7LJT9
F1RK18 F1S7M3
A5GFN2 A5GFN2
A0A287A237 A0A287A237
I3LAK9 I3LQS1
I3LM60 F1RL11
I3LRU7 I3LRU7
A7XUJ6 A7XUJ6
I3LAK9 K7GLJ5
F1S614 A0A287BFL6
F1S2H2 F1S2H2
F1RF76 F1SBC5
F2Z5I0 F2Z5I0
F1RI80 A0A287AAX4
F1RJ27 A7LJT9
A0A287B0M8 F1RVZ3
A0A287BCF2 A0A287BCF2
I3L5V9 F1RWE3
F1RW75 F1RW75
A0A287B611 A0A287B611
F1RSB1 F1SRU8
A0A287ARD7 A0A287ARD7
F1SBQ7 F1SBQ7
A0A287BLP2 A0A287A9U7
I3LRU7 A0A287B0H9
F1RWE3 A0A287B6Q4
F1S7M3 F1RK18
K7GLJ5 I3LQS1
A0A287B5S7 I3LQ83
F1STU2 F1RKD4
F1STH9 F1STH9
I3L9C8 I3L9C8
A7LKB1 A7LKB1
F1RSB1 F1RSB1
A0A287BFL6 I3L7Z3
I3LCH3 I3L5V9
F1SEY6 F1SEY6
F1RN06 F1STU9
F1STU2 A0A287B6Y4
F2Z5I5 F2Z5I5
F1SG87 F1SG87
I3LCR1 I3LCR1
F1RZS8 I3LM60
A0A287AH52 A0A287AH52
F1SBP3 I3LG77
A0A287BKF2 F1STU2
A0A286ZI79 F1SAK8
A5GFZ7 A0A287B0H9
A0A286ZMT8 A0A287AH57
I3LUC3 I3LUC3
I3LM60 I3L5V9
A0A287A9U7 A0A287A9U7
A0A287AMV5 F1RF76
A5GFZ7 F1RUU2
F1RZS8 I3LCH3
F1RJ27 F1S2T5
I3LVJ0 A0A287BLY4
F1RF76 F1S614
A5GFZ7 F1RKD4
I3LJ87 I3LJ87
F1SHN7 F1SHN7
A0A287B0H9 F1RUU2
A0A287B5S7 A0A287B5S7
A0A287B754 A0A286ZI79
A0A287B6Y4 F1STU2
K7GND2 K7GND2
A0A287BFL6 F1RF76
A0A287B0M8 I3LSI7
F1STU2 A0A287BKF2
A0A287APK5 A0A287AEW3
A0A287B0M8 I3LCH3
A0A287B6J8 A0A287B6J8
F1RXR7 F1RXR7
I3LM60 A0A287A9U7
A0A287A9U7 I3L5V9
A0A287AY01 A0A287AY01
I3LM60 A0A287B0M8
A2SW51 A0A286ZI79
I3L5V9 A0A287A9U7
A0A287ADE1 I3LIH2
A0A287AH57 A0A286ZMT8
F1RL11 I3LM60
A0A287A9U7 I3LM60
I3L7Z3 F1RF76
A0A287AH57 A0A287AH57
F1SBP3 F1SA70
I3LQS1 A0A287AAQ1
A0A286ZWE4 A0A286ZWE4
F1RK18 A0A287A0F5
A0A287BPQ8 A0A287BPQ8
A0A287AAQ1 A0A287AY39
F1RN06 F1RN06
A0A287B0H9 A0A287B6Y4
F1SNE8 A0A287AVA7
F1S274 I3LCR1
A0A287A2J9 A0A287A2J9
A0A287AUV9 A0A287AUV9
F1RGW6 B3SP85
I3LAP5 F1S7M3
A0A287B9M1 A0A287B9M1
I3LM60 I3LM60
F1SEJ3 F1SEJ3
Q767L0 A0A287A9H2
I3LQS1 A2SW51
F1RZS8 A0A287BLP2
F1RMJ3 F1RMJ3
A0A287B2H8 A0A287AKA9
I3L5V9 F1RZS8
A0A287B754 K7GLJ5
F1RNZ3 A0A287AFY4
F1RZS8 I3L5V9
F1RF76 A0A287AMV5
A0A287AKA9 F1RUU2
F1RRD6 F1RRD6
F1RXE3 F1RXE3
F1RUU2 F1STU2
A0A286ZMY6 A0A286ZVH7
F1RWE3 F1RVZ3
A0A287ADE1 A0A287ADE1
A0A287A0F5 A0A287A0F5
F1RXQ6 F1RXQ6
A0A287A0F5 F1S2T5
A0A287AZJ5 A0A287AZJ5
F1SLK8 A0A287AKA9
