Q9NRN9 B0BNB3
O15041 D3Z8E2
P14373 B5DFI5
P0DP25 B5DFH7
Q9BV44 D3ZSV7
P57054 D4A0Z0
Q92905 F7EUU4
P78330 D3ZWG3
P53350 Q63429
P04637 P10361
P04629 P35739
Q14258 D4A9N5
O60716 F1LRL9
Q13621 Q5PQV1
P00533 G3V6K6
P05067 P08592
Q6P9H5 Q5FVN6
Q9UBU9 F1MA52
Q15717 B5DF91
O60359 B2GUZ7
O14980 A0A0G2K5U0
Q9HC10 Q5PQV1
Q96I23 Q5U1Z8
P37287 D4AAY7
P0CG48 Q80U96
P29353 P47196
P05412 P17325
Q7Z5P4 Q5M875
Q8WXI4 B0BNB3
Q9Y4D7 D4AA77
Q9BVG9 D3ZIL9
Q9Y5R2 A0A0G2KA10
Q12906 Q7TQN4
P22736 P22829
P35612 A0A0G2K721
P51116 B1H2A6
P60520 P60522
Q15726 Q7TSB7
P41223 O70454
P57054 B2GUT8
O43665 A0A0G2K721
P49736 D3ZP96
Q13618 P17325
O75521 Q5XIC0
Q96E35 Q7TSV3
Q8IWL3 D3ZME7
Q9UEW8 O88506
Q13077 M0R5V5
Q99705 P97639
