P62138 F7DW15
A0A0G2K0D4 F6UQ47
P62138 F7DPA6
O88600 F6V7I9
A0A0G2K435 F6Z8G6
Q5QD51 F6XA38
B2RYN1 F6SZ43
Q5U214 F6X4H0
D4A554 F6U301
D3ZMR2 F6RZR6
Q0D2L2 F7DMV6
Q9ESZ0 F6R8R0
P85108 F6R950
D4A8G7 F7AU83
F1M9B2 Q95LJ1
M0RBX7 F7C1C0
P09495 F6ZBW3
F1LQZ4 F6T1S2
B0BN68 F6ZMZ5
Q5FWT1 F6QIV1
Q9Z269 F7CY85
A0A0G2K5E4 F7B821
Q63610 F7CKI0
D3Z822 F6X8D2
O08658 F6PLL3
Q9Z269 F7BJR6
D4AEK7 F7DN83
Q6PCT9 F6XPL9
P04785 F7E030
Q5FWT1 F6ZQX6
O08658 F6VSR3
Q9ESZ0 F7DIL5
M0R8I8 F6VVQ5
A0A0G2K0W9 F6TBN7
Q56A27 F7CE06
D3Z9Y3 F6X5Q8
Q5FWT1 F6SX98
Q5U349 F6UWX4
Q63610 F6UGI4
Q9ESZ0 F6XPL9
A0A140TAI1 F6X5Q8
B2RYT6 F6VGS7
D4A5F5 F6YVG5
F1LM55 F6ZB53
D3ZY39 F7BPE3
M0RC57 F6XQL3
O35814 F7E1X2
Q4KLL9 F6XEA3
Q6PCT9 F6R8R0
Q0D2L2 F6T5N4
G3V913 F6R950
A0A0H2UHJ6 F7DDN9
P70501 F6R950
D4A1W5 F6ZVU0
A0A0H2UI20 F7CZ92
A0A0G2KAW5 F6S5X4
A0A0G2K3H2 F7CL38
Q8K4H4 F6QKY4
B1WC68 F6V7I9
Q6IMY8 F7E4G6
A0A0H2UHT5 F6T5N4
A0A0G2JU15 F6ZMZ5
P62138 F7DIL5
E9PTF0 F6WJS9
P04961 F6R950
Q5FWT1 F6Z4V6
D3ZYT8 F6X5Q8
P30936 F6ZDT6
A0A0G2K5E4 F6SX98
E9PTF0 F6XKQ4
A0A0H2UHT5 F7A4K0
Q0D2L2 F7CL38
Q9ER34 F7CRB4
A0A0G2K0W9 F6QBH0
F1LPF2 F7BZ41
F1MA52 F6S7D4
B2GUX4 F6XCS2
G3V8V1 F7AS83
M0RBS9 F7CRB4
Q68FX0 F7AQZ6
D3ZRJ0 F6ZBQ5
A0JPJ7 F6WGT1
A0A0G2JU49 F7CL86
D3ZTN0 F6X3K0
D3ZUY8 F6YPK5
F1M9D6 Q2V905
Q5FWT1 F7B821
P35289 F7B4L1
G3V7A4 F6ZI51
G3V7A4 F6UYW3
D3ZME7 F6WGR2
Q4KM87 F6ZMZ5
P35739 F6Z1I4
G3V8S5 F6SQ43
Q63429 F6QH40
G3V6P6 H9GZN5
B2RZ55 F6UHM0
G3V8M1 F6PLL3
P10361 F6TL72
D4A0E8 F7BEP7
C0JPT7 F7BEV6
B2RYN1 F7D398
A0A0G2K435 F7DMV6
Q6DGF2 F7DXU3
D3ZY39 F6RQX2
A0A0G2K435 F7AQB8
D4A1W5 F7BMY5
Q6DGF2 F6VSR3
A0A140TAG9 F6TBN7
Q9ESZ0 F6WGT1
D4A0Y2 F6V704
O35814 F6TYL7
B5DF71 F6YJV0
B0BN68 F7CL38
Q3KR94 F6W8C3
D3ZUY8 F6PV98
B2RYN1 F6UWX4
P30936 F6TB29
A0A0G2K435 F7A445
B5DF71 B2L109
A0A0G2KAW5 F7BEP7
Q63610 F6QM47
Q9WV48 F6ZND0
M0R6J0 F7CL38
A0A0G2KAW5 F7D2I6
P04961 F6ZBH0
Q5U349 F7D398
D3ZTN0 F6RGR8
Q4V8B4 F6XKQ4
D3Z837 F6R5E6
B0BN68 F6Z8G6
Q4FZT0 B2L109
Q4KM34 F6S1M3
Q6DGF2 F6PLL3
G3V913 Q2V905
B5DFE8 F6UV62
Q7TP47 F7E4G6
A0JPJ7 F7A2K4
D3ZBL5 F7A9E9
Q9JMJ4 F6X982
G3V8M1 F7DXU3
D4A1W5 F7DXU3
G3V9K0 F6X5Q8
D3ZZS8 F6ZND0
P18418 F7DP19
D3ZD80 F6WGT1
P97831 F6SCK3
D3Z9I2 F6ZDT6
Q9JLG9 F6ZDT6
Q9JLG9 F6SCK3
P20171 F6W5K2
D3ZAW2 F7AMB2
D4ACN8 F7D2X9
Q9WV48 F6T962
D3ZAW2 F6UGE6
Q9ER34 F6X5Q8
D3ZNU1 F7A2V7
M0R6J0 F6ZMZ5
F1LQZ4 F6XA38
Q6AXQ0 F6W365
Q5U2R8 F6Y2M6
P62138 F6WGT1
Q56A27 F6X4H0
D4AEK7 F7D398
D4A5F5 F7AD88
D4A8U7 F7DD35
Q4V8B4 F6X1H9
A0A1W2Q6L7 F6RLA7
A0JPJ7 F6R8R0
Q6DGF2 F7CE06
B1WC68 F6TB29
Q4KLL9 F6U8L2
Q5XIN7 F6UGE6
Q64620 F6VRC2
P43138 F6Z328
D3ZH41 F7BCF7
Q5I0C9 F6X1H9
Q0D2L2 F7AQB8
D3ZUY8 F6WYN1
A0A0G2KAW5 F6QM47
A0A0G2K3H2 F7AQB8
Q3KR94 F6V881
B1WC68 F6SCK3
Q0D2L2 F7BJA4
Q6DGF2 F6X4H0
M0RCL1 F6WMJ1
D4AC38 F6QQB3
D3Z822 F6XA38
D3ZDP9 F6U8L2
P60522 F6T8H1
P04785 F6QIV1
P08592 F6XL78
G3V9P7 F7BQH8
D3ZAY8 F6SLZ9
Q6AXQ0 F7CL38
F1M6T6 F7CRB4
F1LQZ4 F6X8D2
Q56A27 F7DXU3
F1MA31 F7A2K4
D3ZMR2 F6T962
M0R6J0 F7A4K0
D3ZLC6 F7B4L1
M0R8R8 F7D5X8
E9PTF0 F6XQL3
A0A0G2JU15 F7A4K0
A0A0G2KAW5 F6RMA4
P04785 F6TBN7
Q07014 F7CZ92
A0JPN4 F6YJG4
Q6AXQ0 F7BJA4
Q498R1 F6TRE4
Q5U2Y1 F7BV85
O88275 F6XY88
D4A6J4 F6TRI4
B5DFE8 F6Y2M6
D4A0Y2 F7AD88
D3ZZS8 F6RZR6
P83888 F6VV49
P30936 F6V7I9
Q5U2Y1 F7B7L7
A0A0G2K9F0 F6XKQ4
D3ZFY2 F6RZR6
D4A9U9 F6TNI8
A0A140TAD2 F6RRI6
D3ZUY8 F7AV85
P83888 F6XIL8
Q07014 F7CXT7
A0A096MKF8 F6SR05
F1LMD9 F6SR05
G3V826 F7D9J2
F1MA31 F6XPL9
Q6P0K8 F6V1T9
M0R6J0 F6W365
Q9QVC8 F6Z4V6
D3ZD80 F7DIL5
Q4V8B4 F7DMY1
A0A0G2JU15 F6T5N4
Q4V8B4 F7C1C0
A0A0G2K9F0 F7DMY1
A0A0G2K9T1 F6PZY6
Q6AXQ0 F6Z8G6
P18418 F7CKR6
M0R613 F6TRE4
D4AEC0 F6XKQ4
Q0D2L2 F6W365
A0A0G2JSS9 F6X5Q8
Q5FWT1 F7E030
Q6IM78 F6ZDT6
B1H282 F6RQX2
G3V7A4 F7AQZ6
Q4V8B4 F6XQL3
B2RYT6 F6X7E1
A0A0H2UHT5 F7CL38
P62994 F6Q3U8
P83888 F6PV98
O35814 F7CKR6
F1MA31 F6WGT1
P04785 F6SX98
F1LM09 F6VNC0
B5DF91 F6VTW3
D3ZUY8 F7DH20
Q5U214 F6ZVU0
Q80U96 F6S8L9
A0A0G2K3H2 F7BJA4
Q56A27 F6PLL3
Q80Z34 F6XHL7
Q6DGF2 F7BMY5
D3ZRJ0 F6T8R5
A0A0G2JU15 F6Z8G6
A0A140TAG9 F7E030
Q6AXQ0 F7A445
Q9QVC8 F6SX98
Q5M9G3 F7E030
A0A0G2JSJ5 F7CFZ8
Q4KLL9 F7BZ41
Q7TSB7 F7BUT3
D4ADC4 F6U4I9
Q5PQL7 F6U3Q2
Q6RUV5 F6Z0A9
Q6IM78 F6SCK3
Q9QVC8 F7E030
A0A0G2JSU7 F6X1H9
A0A140TAG9 F6SX98
D3ZMN4 F6R5I3
Q5FVN0 F6TS03
F1LM55 F6Z328
D4ACL8 F6X5V1
Q6AXQ0 F7AQB8
O35814 F7DYB4
P68136 F7CXT7
O88989 F7AS83
D3ZD80 F7DPA6
A0A0G2K5E4 F6ZQX6
D4A8G7 F6PSL5
B0BN68 F7DMV6
Q63046 F6QQB3
D4A1W5 F7CE06
G3V7P3 F7CRB4
A0A0G2JU15 F7A445
D4A0E8 F6ZTR4
D3ZLC6 F6YHD4
A0A0G2JU15 F6W365
A0A0G2K2R5 F6T962
M0R8I8 F7C0S3
G3V7T9 F7AAP3
A0A0G2JSI8 F6R5G1
O08658 F6X4H0
D3ZD80 F6R8R0
G3V6L8 F6XFZ0
Q63610 F7D2I6
A0A0G2K9F0 F7C1C0
A0A0G2K3H2 F6W365
Q4FZT0 F7DYB4
F1LPF2 F6U8L2
F1M6T6 F6X5Q8
D3Z822 F6T1S2
Q9JLG9 F6TB29
A0A0G2JSU7 F6XKQ4
B5DF45 F6URD5
F1LM55 F6VJ81
F1LNT0 F7DE98
A0A0G2K0W9 F7E030
D4ACX5 F6QE07
D3ZD80 F6XPL9
A0A0G2JSG8 F6V7I9
D3ZLC6 F6Q1B4
A0A140TAI1 F7CRB4
D4A8G7 F7ACV1
Q5M9G3 F6SX98
A0A0A0MY07 F7DMV6
H9KVE3 F6XCS2
G3V7P3 F6X5Q8
D3ZFY2 F6X7E1
Q68FX0 F7CXT7
P18418 F6TYL7
F1M9D6 F6ZBH0
D3ZMN4 F6VZD2
P18418 F6XTW3
Q5U214 F7CE06
Q9WV48 F6VGS7
F1LNG5 F7CEQ6
D3ZMN4 F6U3Q2
P18418 F7DYB4
G3V8M1 F6VSR3
Q56A27 F7DG19
Q5M9G3 F6TBN7
D4AEC0 F6WJS9
Q63046 F6QMT3
A0A0G2JU15 F7BJA4
D4A0E8 F6ZZI8
D3ZUY8 F6YII2
A0A0G2K5V8 F6X0W1
M0RB44 F6YBZ4
M0R6J0 F7AQB8
A0A0G2JU15 F7AQB8
Q6PCT9 F7DW15
F1LM55 F6PV98
Q6AXY8 F6YHD4
O08658 F7BMY5
Q6AXY8 F6S1M3
G3V6K6 F7DFR6
D4A1W5 F6VSR3
P83888 F7AV85
M0R6J0 F7BJA4
A0A0G2JSS9 F6SR05
D4AEK7 F6UWX4
A0A0G2JVH5 F6XFZ0
Q6PCT9 F7A2K4
Q5U214 F7DG19
F7FL53 F6TDJ5
P18418 F6YJV0
D3ZY39 H9GZV4
F1M9D6 F7BQ20
Q4FZT0 F6TYL7
A0A0A0MY07 F7AQB8
D3Z9I2 F6V7I9
P04961 Q2V905
A0A0A0MY07 F7A4K0
Q4FZT0 F6XTW3
Q8K4H4 F7CUM5
Q4QQV0 F6R950
D3Z9Y3 F7CRB4
P83888 F6YPK5
O88600 F6ZDT6
D3ZRJ0 F7D9R2
D3ZQW1 F6XA38
A0JPJ7 F6XPL9
A0A0A0MY07 F7A445
G3V8M1 F7DG19
A0A0H2UI20 F6ZI51
A0A0H2UI20 F6UYW3
F1LSE5 F6Y3C8
B2RZB7 F6R950
A0A0G2KAW5 F6ZZI8
O08658 F6SGX1
G3V852 F7AS83
Q63046 F7C0S3
F1M9B2 F6Y3C8
D4A1T1 F7AAP3
Q4KM87 F7DMV6
P43138 F6ZB53
P62138 F6R8R0
Q63610 F7BEP7
A0A096MKF8 F6X5Q8
Q9R010 F7CUM5
D3ZUY8 F7CZ04
G3V6P6 F6PZY6
G3V8M1 F7CE06
D4ADC4 F6SLZ9
A0JPN4 F6RK75
D3ZD80 F7DW15
D4AEC0 F6XY88
A0A0H2UHV5 F6S9I9
A0A0G2K5E4 F6Z4V6
Q5QD51 F6ZL78
Q9QVC8 F6QIV1
Q6P751 F6US96
D4A1T1 F6PUL2
P16086 F6UQC4
Q6AXQ0 F7A4K0
G3V826 F7BJR6
Q0D2L2 F7A4K0
G3V9K0 F7CRB4
D3ZYT8 F6SR05
G3V913 F6YM88
F7FL53 F6TYM3
Q498R1 F6XHL7
P35289 F6YHD4
G3V8M1 F6ZVU0
Q9Z269 F7D9J2
A0A0A0MY07 F7BJA4
A0A0G2K3H2 F7A4K0
P04785 F6ZQX6
M0R8I8 F6QMT3
F7F189 F6XIY9
Q0D2L2 F7A445
Q68FX0 F7CZ92
G3V826 F7CY85
F1M6T6 F6SR05
G3V7P3 F6SR05
Q5I0J2 F6ZU20
D4A1W5 F7DG19
Q6AXY8 F7B4L1
P17325 F6YYG4
M0RBX7 F6X1H9
A0A0H2UHT5 F7DMV6
F1LMD9 F7CRB4
A0A0G2JSU7 F7DMY1
M0RBX7 F6WJS9
O08658 F7DXU3
F1LNT0 F6WMJ1
G3V9K0 F6SR05
Q5U2R8 F7B8X2
M0R8I8 F6QQB3
F1LRV4 F6YZJ4
Q5U328 F6RGR8
A0A140TAG9 F6ZQX6
P30936 F6SCK3
P04961 F6YM88
P83888 F6WYN1
O08658 F7CE06
D3ZUY8 F6TPY8
A0A0G2JUU2 F6ZZ24
M0R6J0 F6T5N4
Q6AYA5 F6VZD2
A0A0G2K0W9 F7B821
Q9QVC8 F6ZQX6
Q6DGF2 F6SGX1
B0BN68 F7BJA4
A0A140TAI1 F6SR05
Q4FZT0 F7DP19
Q6PCT9 F7DPA6
D4A1W5 F6X4H0
Q5M9G3 F6QIV1
A0A0G2JU15 F7CL38
B2RYT6 F6RZR6
Q4KM87 F7CL38
Q5FVN0 F7B439
F1LNV4 F7CRB4
Q5FWT1 F6QBH0
B5DF71 F7DP19
A0A0G2K0W9 F6Z4V6
A0A0A0MY07 F6W365
P62260 F6XA04
M0RBX7 F6XKQ4
A0A0G2K9F0 F6X1H9
D4A1T7 F6ZU20
Q9ESZ0 F7A2K4
Q0D2L2 F6Z8G6
F1MA31 F6R8R0
D3ZDP9 F7BZ41
M0R8R8 F7D368
Q6AXQ0 F6ZMZ5
P62138 F6XPL9
P04961 F7BQ20
A0A0H2UHT5 F6W365
A0A0G2K435 F7A4K0
P43138 F6VJ81
D3ZUY8 F7B497
Q5PQL7 F6VZD2
Q4KLL9 H9GZW9
D4ADT3 F6XFZ0
G3V8M1 F6SGX1
M0RCL1 F7DE98
Q5U349 F6SEB6
A0A0G2K0W9 F6SX98
Q5FWT1 F6TBN7
Q63610 F6XXS9
D4A8L3 F7D2X9
M0RBS9 F6X5Q8
Q07014 F7AQZ6
M0RBX7 F6XY88
Q6AXQ0 F6T5N4
F1LNV4 F6X5Q8
Q4FZT0 F6YJV0
A0A0G2K0W9 F6ZQX6
Q9QVC8 F7B821
Q5U214 F7BMY5
B2RYN1 F6XJ51
A0A0G2JSS9 F7CRB4
G3V7T9 F6PUL2
A0A0G2K0W9 F6QIV1
Q5U349 F7DN83
D4A1W5 F6PLL3
Q6PCT9 F7DIL5
Q4KM34 F6Q1B4
Q6AXY8 F6Q1B4
D4A0E8 F6RMA4
A0A0G2JSG8 F6TB29
Q56A27 F7BMY5
Q63610 F7A5R3
D3ZQ41 F6WE15
P04785 F6QBH0
G3V913 F7BQ20
D3ZUA2 F7A883
A0A0H2UI20 F7AQZ6
D3ZUY8 F6XIL8
G3V7A4 F7CXT7
B2RYN1 F6U7S7
A0JPJ7 F7DW15
D3ZLC6 F6S1M3
F1LNT0 F6RVP2
P68136 F7CZ92
A0A0H2UHT5 F6ZMZ5
F1LQZ4 F6ZL78
D3ZMR2 F6X7E1
M0R8R8 F7CL86
A0A0H2UHT5 F7BJA4
G3V7A4 F7CZ92
A0A0G2KAW5 F6UGI4
D4A9V0 F6TDJ5
Q6AYA5 F6R5I3
D4A6J4 F6YMD1
D4A1W5 F6SGX1
A0A0G2JU15 F7DMV6
Q6IM78 F6Y2M6
A0A0A0MY07 F7CL38
Q56A27 F6SGX1
D3Z863 F6VGS7
Q56A27 F6ZVU0
A0A0G2KAL2 F6RLA7
P68136 F7AQZ6
P62994 F6YAJ2
D3ZAW2 F6VXS2
D3ZMR2 F6ZND0
D4A0E8 F6UGI4
F1MA31 F7DPA6
Q63610 F6ZZI8
D4AC38 F7C0S3
P62994 F6XEB4
Q4FZT0 F7CKR6
P35289 F6Q1B4
D4AEC0 F6XQL3
P04785 F6Z4V6
A0A0G2JWR1 F6PI03
M0RBX7 F7DMY1
O08623 F6WA05
Q63610 F6RMA4
B2RYQ2 F6XUE5
Q5XIC6 F6XT77
A0A0G2K5E4 F6QBH0
Q9ESZ0 F7DPA6
B2RZ84 F6X7E1
D3ZJ92 F6X982
D3Z822 F6ZL78
F1M9D6 F6YM88
M0RDF7 F6XY88
Q06486 F6X1H9
B2RZ84 F6T962
F1M9D6 F6R950
Q9R010 F6QKY4
P97831 F6TB29
B2RYN1 F7DN83
D3ZYT8 F7CRB4
Q5PQL7 F6R5I3
Q6IM78 F6V7I9
P35289 F6S1M3
B0BN68 F6W365
E9PT51 F6R950
P83888 F6TPY8
D4AC38 F6QMT3
Q4V8B4 F6WJS9
Q9QVC8 F6TBN7
Q5QD51 F6X8D2
B1H282 F6UJY8
A0A0G2KA75 F6UXD9
A0A0A0MY07 F6T5N4
Q4KM87 F7AQB8
M0R6J0 F7A445
A0A0G2K9T1 H9GZN5
Q5XIL3 F6Y987
A0A0H2UHT5 F7A445
D4A0E8 F7D2I6
Q4KM87 F7BJA4
D3Z863 F6X7E1
A0A0H2UH92 F6T8R5
Q6PCT9 F6WGT1
D4AEC0 F7DMY1
Q6DGF2 F7DG19
A0A140TAH3 F6XCS2
G3V9P7 F6YZI7
Q5FWT1 F7AS83
Q2EJA0 F6T8H1
P97831 F6ZDT6
Q6IM78 F7B8X2
D4A5F5 F6V704
Q5XIC6 F7BVJ7
A0A0G2K3H2 F6Z8G6
A0A0H2UHT5 F7AQB8
Q9ER34 F6SR05
Q5U2R8 F6UV62
Q80Z34 F6TRE4
Q5U328 F6X3K0
Q3B7U9 F6R950
P16086 F6ZRP5
M0R8R8 F7DLU0
E9PTF0 F6X1H9
F1MA31 F7DIL5
A0A140TAG9 F6QBH0
Q63610 F6ZTR4
P68035 F6TZQ5
Q6AZ64 F6PNM7
A0A0G2JU49 F7DLU0
Q5QD51 F6T1S2
M0RCL1 F6RVP2
P83888 F7B497
F1LM09 F7CG77
A0A0G2K435 F6ZMZ5
O35814 F7DP19
B1WC68 F6ZDT6
E9PTF0 F7C1C0
P20171 F6YMD1
F1LPF2 H9GZW9
Q6X9T8 F6RC81
A0JPJ7 F7DIL5
P20171 F6TRI4
D3ZDP9 H9GZW9
M0R6J0 F7DMV6
M0RBS9 F6SR05
Q9WV48 F6X7E1
P62994 Q9GKX7
F1LNV4 F6SR05
A0A0G2K3H2 F7DMV6
Q5U2Y1 F6VNC0
P97831 F6V7I9
A0A0G2K435 F7BJA4
G3V913 F7E3Y7
A0A0H2UI20 F7CXT7
A0A0G2JYV3 F6ZZT8
D4A554 F6XIY9
Q5U214 F7DXU3
Q4KM87 F6W365
Q6AYA5 F6U3Q2
Q5M9G3 F6Z4V6
D3Z9I2 F6TB29
B0BN68 F6T5N4
Q4KM87 F7A445
A0A096MKF8 F7CRB4
B5DF02 F6XR42
D4A0E8 F6S5X4
A0A0G2JSP3 F7AK40
Q07014 F6ZI51
Q07014 F6UYW3
D4A0E8 F6QM47
D4A0Y2 F6YVG5
D3ZUY8 F6VV49
Q498D8 F6YXJ9
F1LR10 F6ZBW3
A0A0G2JSG8 F6ZDT6
A0A0A0MY07 F6Z8G6
P83888 F6YII2
O08658 F7DG19
Q6P0K8 F6VJ81
A0A0H2UHT5 F6Z8G6
D3ZFY2 F6T962
D3Z9I2 F6SCK3
Q5M9G3 F7B821
G3V913 F6ZBH0
Q9ESZ0 F7DW15
B1H282 H9GZV4
B2GUZ0 F6UHM0
Q5M9G3 F6QBH0
P04785 F7B821
A0A0G2KAW5 F7A5R3
D3ZY39 F6UJY8
Q5M9F1 F6XY88
Q9WV48 F6RZR6
E9PTF0 F7DMY1
M0RBX7 F6XQL3
B0BN68 F7A4K0
D4A0E8 F7A5R3
Q6IM78 F6UV62
D4AC38 F6VVQ5
Q6DGF2 F6ZVU0
P62138 F7A2K4
D3ZB71 F7AU83
P43138 F6PV98
Q4KM87 F6Z8G6
F1LMD9 F6X5Q8
F1LM09 F7BV85
D3ZDP9 F6XEA3
A0JPJ7 F7DPA6
Q498D8 F6QR51
F1LMP9 F6X1H9
A0A0G2K0K7 F6Y3C8
M0RDJ3 F7BCF7
A0A140TAG9 F7B821
F1MA31 F7DW15
A0A0G2K435 F6W365
O88600 F6SCK3
B1H282 F7BPE3
P16086 F7CE01
P83888 F7DH20
P83888 F7CZ04
D4AEC0 F7C1C0
Q4KM34 F7B4L1
F1LPF2 F6XEA3
Q0D2L2 F6ZMZ5
Q9JLG9 F6V7I9
D3Z9Y3 F6SR05
Q68FX0 F6ZI51
Q68FX0 F6UYW3
A0A140TAG9 F6Z4V6
B0BN68 F7A445
Q4KM87 F6T5N4
A0A0G2JSG8 F6SCK3
A0A0G2K5E4 F6QIV1
Q5U214 F6SGX1
P68136 F6ZI51
P68136 F6UYW3
A0JPN0 F7DPU4
D3ZQW1 F6T1S2
B5DFE8 F7B8X2
Q63046 F6VVQ5
A0A0G2K3H2 F6T5N4
A0A0H2UH92 F7D9R2
Q63528 F6ZFZ4
D4A6J4 F6W5K2
D3ZB71 F7ACV1
P04961 F7E3Y7
Q5U349 F6XJ51
B5DF04 F6SWI3
A0A0G2KAW5 F7CKI0
Q63610 F6S5X4
D3ZSN7 F7CL02
M0R8R8 F7DCX4
Q4KM87 F7A4K0
A0A0G2K5E4 F7E030
D3Z863 F6RZR6
M0R6J0 F6Z8G6
Q5U214 F6VSR3
A0A0G2K3H2 F6ZMZ5
Q5U214 F6PLL3
Q5U2Y1 F7CG77
D4AEK7 F6XJ51
Q6X9T8 F7CL02
D3ZQW1 F6X8D2
A0A140TAG9 F6QIV1
A0A0G2KAW5 F6ZTR4
Q9QVC8 F6QBH0
Q4KM34 F6YHD4
D3ZUY8 F7BJ30
D3ZQW1 F6ZL78
D4AEC0 F6X1H9
A0A0A0MY07 F6ZMZ5
D3ZAW2 F6R2M0
B2RYN1 F6SEB6
Q56A27 F6VSR3
A0A0G2K435 F6T5N4
D4AEK7 F6U7S7
D4A0E8 F7CKI0
A0A0G2QC17 F6ZZT8
D3ZSN7 F6RC81
Q5M9G3 F6ZQX6
D3ZB71 F6PSL5
M0RC57 F6WJS9
D4A0E8 F6XXS9
A0A0G2KA10 F6RLA7
B0BN68 F7AQB8
A0A0H2UH92 F6ZBQ5
G3V8C0 F7CDN7
E9PTR3 F6XCS2
O08658 F6ZVU0
G3V8M1 F7BMY5
F1M9D6 F7E3Y7
A0A0G2K5E4 F6TBN7
F7F189 F6U301
F1LM09 F7B7L7
A0A0G2K435 F7CL38
Q6MGC8 F6XCS2
A0A0G2KAW5 F6XXS9
P30835 F7AS83
A0A0G2K3H2 F7A445
G3V8M1 F6X4H0
M0R613 F6XHL7
Q6AXQ0 F7DMV6
D3ZD80 F7A2K4
M0RB44 F7CEJ2
D3ZQ41 F6TRA1
A0A0G2K5U0 F7A2J7
M0R8Z5 F6XV77
P20417 F6U9W6
G3V9A3 F7CIM1
