Q922Q2 F6XB71
Q61733 F6YXL8
P70434 F6YQ51
Q6PEE3 F7DMT7
Q6NVF0 F6ZSV4
Q9CR52 F6XXS9
O88852 F6WJS9
Q99M80 F6Y6H0
Q8C156 F6SNB5
A2AHZ2 F6WSH9
Q921E6 F6XR42
A2AWT5 F7B6P6
Q9Z321 F6RH17
P47857 F6TBN7
A0A0R4J0H1 F7CKX3
B1ASA5 F6WGC9
Q8BFX1 F6SG49
Q3TTY5 F6YKI8
E9PYF7 F7BYR2
Q922L6 F7B297
Q9WUA3 F6SX98
Q9JIF0 F6WZY9
Q8C0M0 F6VSB5
Q91YH5 F7CZH3
Q9ERH4 F6XQL3
Q3UFY8 F6R6X2
Q99M80 F6XB91
P25446 F6SF14
Q3UJB0 F6TYL7
P57784 F7BUX8
Q8BFZ9 H9GZV4
Q9JK91 F6YSI5
Q61545 F7BQ20
P09103 F6ZBH0
O88712 F7B9G0
Q8C0D7 F6R5P5
Q8BFX1 F6YA77
Q5SYD0 F6YKI8
P61963 F6TPH9
Q61527 F7AKW6
Q8BZ36 F6U4D9
P04104 F6QTU8
P63166 F6SYG5
A0A0N4SV67 F6Z3I2
Q5SYD0 F6PJE5
P14602 F6R950
O35716 F7AKW6
Q8VDP6 F6SE67
Q8CJ67 F7CC90
P10751 F7AMU8
P57784 F7CE06
Q8R1N4 F7C0A5
E9QAP7 F6UFM6
Q9CQ73 F7AEP1
P32233 F7DY73
Q62280 F6Z4J4
Q03526 F6ZPE1
Q08024 F6WJS9
A0A087WSP5 F6ZBH0
O88852 F6XKQ4
P11725 F6RH17
O35980 F6QJA6
Q9DBR3 F6W7V0
P31001 F7AQ43
Q62351 F6SX98
Q9D6F9 F7BHV8
Q63871 F6TBX9
P62259 F6XA04
E9Q555 F6VKD2
P20263 F6Y386
Q8K021 F6QHL9
Q9WVS8 F7AKA4
A2AWT5 F6QQ77
E9QM16 F6XFE5
P68510 F7CYG2
Q9CQA1 F6YCC0
Q8BP71 F7A984
Q923E4 F7BPE3
Q6P8X1 F6QD46
P57784 F6Z328
Q99KI0 F6YB89
P62715 F7BBG2
Q9Z321 F6RXX0
P84091 F7B238
Q9DAM5 F6V8V4
Q8VHR0 F7DMZ7
Q9Z321 F6WCJ0
Q61464 F6RW70
Q9DAM5 F6YA77
P10751 F6YP44
A2CGA3 F6SJV8
Q78YY6 F7DH95
E9PYV1 F7BLZ7
O35345 F6XFN5
Q3UNH6 F7CDD7
Q7TNV0 F6RW70
Q3UZ64 F6V8V4
Q7TSS2 F6YWZ6
P11679 F7DWN5
A2AQ14 F6YXL8
Q9D2M8 F7AKW6
P20664 F6RD70
Q06219 F7CC90
P62340 F6U3N4
Q60634 F6QQL7
Q08024 F6X1H9
Q6IRU2 F6ZBW3
Q8BZ36 F6WUM6
Q9QUJ7 F7AYT5
P70399 F7DV29
Q8CEF1 F6VIL6
D3Z230 F7A9E9
P63163 F6S5L3
Q9JKN5 F6TYE4
Q91V01 F6TS03
Q3UZ64 F7C4M4
Q7TPD1 F6RAD7
Q9Z265 F7B9A4
Q922J9 F7BUJ3
P70372 F6VTW3
Q99M51 F6WFB5
P59999 F6UQU2
Q9Z321 F7DZ01
Q9JLV5 F7AK40
P62743 F6ZG42
Q62311 F6RB95
Q8BZ33 F6VKD2
Q8R0W1 F6VIL6
P25446 F6YR50
P14602 F6ZBH0
Q9ES00 F6RQ49
P62082 F7DBJ7
Q5SF07 F6YUX4
Q91XL2 F7AHJ1
Q3V1L4 F7CZS6
Q6P7F1 F6UMS3
Q9WVG6 F7AEV0
Q9WTQ5 F6X8D2
Q8BZ36 F7B297
A2ADB0 F6YMU8
P01101 F7AJ44
A0A286YDR3 F6Z4J4
P48453 F6QPD5
P62715 F7AEP1
Q99LH1 F6TYL7
Q8VBV3 F7C4M4
Q9D0I8 F6RA08
Q62383 F6UBL0
Q9D1G1 F6QLC6
P13405 F6U159
Q01279 F7DFR6
P61514 F7BQC9
Q7TMM9 F7BHV8
Q8VCH6 F6Q3U8
Q80UG5 F6QSL6
Q9D1G2 F6QPV3
Q3TDN2 F6UQU2
P0CG50 F6R950
P05784 F7AEP1
P28867 F7CQM8
A0A1L1SQI7 F6WEH3
Q99LH1 F7CKR6
Q61043 F7C0S3
P60824 F6ZWY6
Q9D0I8 F6PJE5
Q61069 O19183
Q64010 F7BME5
P00687 F6V2U5
Q80ZE4 F7DAQ8
Q62383 F6VAI2
Q9WVS8 F6YKY8
Q62432 F6SD05
P11725 F7A0Y8
G3X9X7 F6PQG5
Q9D850 F6ZGQ9
Q3TDN2 F6ZWY6
Q9DBR3 F6XB91
Q9CQ06 F6YKY8
Q9WVC6 F7BNS9
P56203 F6XVA3
Q8CHP8 F6XUW4
Q91VR7 F7B3R2
Q3TTY5 F7B7X0
Q61464 F6R8H3
P30681 F6RQ49
A0A0N4SVL0 F6U301
Q4ZJM9 F6U3Q2
B2RWS6 F7BD82
O54946 F7DYB4
Q60631 F7BQS3
Q8CFT3 F6RB95
Q8R0W1 F7AJU7
A0A0R4J291 F6PZJ8
Q8BX10 F7D5D9
P25446 F6YMU8
Q62311 F7CKI0
Q9WVS8 F7CI38
Q62425 F6PNU9
G3X9X7 Q08IE6
Q8CEF1 F7AJU7
Q9CQL5 F6SS95
Q61391 F7B8E7
Q9CZ52 F7CFZ8
Q8CHP8 F6VEG9
Q4U2R1 F7BBG2
Q9D0I8 F6YKI8
E9Q6A7 F7DCJ8
Q7TMM9 F6R2I7
P57784 F7DK60
P26516 F6QQ77
P62331 F6PNU9
Q04886 F6YEA3
Q922L6 F6WUM6
P97504 F6W8X2
Q61527 F6YR50
Q9EQT3 F7BU65
Q8CHB8 F6WL41
Q01114 F6PIK9
F8WJE0 F7C0A5
O35716 F6YR50
P70399 F6UBL0
Q9CX62 F6T7P5
P25446 F7AKW6
Q05769 F6PMR1
A2CGA5 F6SJV8
Q3UZG4 F7DY73
Q923E4 F7BG35
O08688 F7B2K9
P35585 F7E1T6
Q8VBX6 F6S559
O54950 F6Q9P8
Q80W47 F6YV33
Q9QXI6 Q9BDF6
Q91WR3 F6U4D9
Q3TTY5 F7DI53
H3BJM0 F6UI19
O09030 F6UHR5
Q3TTY5 F6RA08
P04104 F7B7X0
P62340 O19183
Q60755 F6YHG4
O88477 F6WKK9
G3X9X7 F6R6X2
Q9D0F1 F6XIY9
Q61188 F6WSH0
P16627 F7DBJ7
Q8BZM1 H9H020
Q8CEF1 F6ZRL4
P84091 F6Z328
Q9D9R0 F6R5P5
P70399 F6V7C1
Q3UZ64 F7ANZ7
Q9D099 F6R8M7
A2AWT5 F6WZY9
Q9DCC8 F6RAD7
A2AGH6 F7DP19
Q9QXS1 F6WRA4
Q6RHW0 F7ATL5
Q61527 F6SF14
O54950 F6RD70
Q8R2E9 F6UAA5
Q8CFT3 F7AKA4
Q61545 F6SP02
Q569L8 F7BLW8
Q8BGZ3 F7CC90
Q3UP88 F7AQV3
Q9DAM5 F7E0L8
A0A1L1SQI7 F6W836
Q8VBV3 F6QBM1
Q06180 F7DGI1
Q91Z22 F7ATP4
Q80W47 F6VE52
O35980 F6V3R9
Q6RHW0 F6XB91
Q61781 F7D6Y0
Q9CPQ3 F6QV03
Q8CCN1 F7A883
Q9WVC6 F6YUY8
E9Q555 F6YJA2
Q6RHW0 F7CYC8
P28658 F6PJE5
A2A6M5 F6TZQ5
E9Q555 F6VZB0
P25233 F7CCC6
Q8CHB8 F6Z492
A0A286YDR3 F6R8H3
Q60864 F7E1X2
Q99J79 F6RQB7
Q61503 F6XEP5
A0A1L1SSL9 F6ZL78
Q3TIX6 F6QSL6
Q9DAM5 F6SG49
D3YZV8 F6VVQ5
Q6PDS3 F6SXK8
Q8VBW6 F7A0C8
Q9QXJ1 F7D1Z0
Q8BU88 F6SS95
Q9WVG6 F7ANU2
E9QM16 F7E2F9
A0A0R4J033 F7DVA2
Q91XS1 F6X2L4
Q06890 Q29482
Q9D6F9 F6TLD9
Q61781 F6W7V0
Q9D9R0 F6V3R9
P84091 F7DK60
Q7TNS8 H9H020
Q9Z238 F6WE15
Q9QXJ1 F7DGI1
P39428 F6ZLL5
Q8K4F6 F6ZG42
Q6P5D4 F7CSP3
Q99ME2 F7AIP7
Q60634 F6YNS5
Q922U2 F7D6Y0
P13020 F7E2D1
Q8VE04 F6XJE0
A6PWE0 F6ZTM2
Q62431 F6WE15
P27577 F7BWC3
Q9D3P8 F7D2X9
Q62311 F7A0C8
Q61112 F6PNM1
Q9Z321 F6UBE8
Q7TNS8 F7DQ27
Q8BFX1 F7E0L8
O54946 F7B6P6
Q8VBW6 F6RB95
P14152 F7E030
Q9Z2U0 Q2V905
E9Q4P1 F7A4J2
Q99P69 F7B297
Q6PDK0 F6ZA78
P23804 F6ZS96
P35821 F6U9W6
O54946 F6QQ77
Q8BVE3 F7DYV0
Q8CEF1 F6YUE6
Q8BR90 F7DVA2
P26516 F7B6P6
O88199 F6TE29
A0A0R4J187 F6PNM7
Q62311 F6S5L3
Q8CFT3 F6UQV4
Q9ERH4 F6XKQ4
Q8CFT3 F6YKY8
Q925B0 F6UHS4
Q61464 F6X4H0
Q9D6F9 F6R2I7
Q9QYJ0 F6UQU2
Q62419 F6REN5
P68510 F6X7Q3
O08586 F7CAI5
Q62393 F7BAB4
P70196 F6URD5
Q9D906 F6QVR3
P61514 F6UAN2
Q61464 F7BPE3
Q4FZG9 F7CV51
P0CG50 F6U210
A0A286YDR3 F6X4H0
P14152 F6Z4V6
Q5SWU9 F6V1T9
A0A0R4J0E0 F7D9K7
Q9D0I8 F6QTU8
A2ADB0 F6Q9P8
Q99KI0 F7CZH3
O70343 F6YMU8
Q9DBZ1 F6X1H9
A2AGH6 F7DYB4
O35345 F7B9G0
Q8BFW9 F7DHN3
A2AQ14 F6PTX3
Q924K8 F6Z4J4
Q3TDN2 F6V5A0
Q3U741 F6Q4L3
Q8BYL4 F6YXL8
A2AJW5 F6QW91
Q8BWY4 F6T452
H3BLQ9 F6UI19
Q99P72 F7C4E7
Q5SYD0 F7DI53
P54728 F6XXS9
Q06180 F7D1Z0
Q07832 F6RRI6
P0CG50 F6SP02
A2ATK9 F6V0I7
Q9CQ06 F6QVR3
P16951 F7B0R5
E9QP00 F7AEV0
G3X9K4 B2L109
Q80V86 F6QPV3
Q9DBR3 F7D6Y0
Q8CCS6 F6RQX2
Q62431 F6TRA1
Q8BYL4 F7BQQ6
P29452 F6X8D2
Q80TQ2 F7E0S3
P54728 F6X3S7
Q6P8X1 F6QV03
Q91W52 H9GZW5
Q62440 F7CCD3
F8WJE0 F6VSN2
Q9D0B6 F7BQQ6
Q8R5L3 F6ZDS9
G3X9X7 F6ZA94
A2AQ14 F7BVG1
Q8R0W6 F6YQP8
Q8BG54 F6TDJ5
Q9WVS8 F6UQV4
Q8K3F7 F6Z2Z2
P43407 F6U5M0
Q8CCE9 F6PRN5
Q99JB6 F6UP71
Q99J83 F6ZLD4
Q9D906 F7AKA4
O08686 F7CBI3
Q60769 F7BNS9
Q9CQW2 F6RIG2
Q7TNS8 F6PHF7
Q62311 F7CI38
Q8BYL4 F6TV50
Q8BU88 F6V445
P70284 F6WJS9
Q9DBZ1 F6XKQ4
Q99JT2 F7BNN7
Q80W47 F7CFH4
P54116 F7B7X0
A2AMI2 F6U301
Q5SYD0 F7B7X0
A0A1B0GSR7 F7AV69
Q7TNV0 F6PMJ1
Q8BP71 F6YUX4
Q9Z321 F6UW24
Q60634 F7D1Z0
G3X9X7 F6VDS6
O35716 F6SF14
Q8VDS4 F7DWL6
Q80UG5 F6TGA5
Q8K274 F7BHX5
Q8CFE2 F7ARE5
Q7TSG1 F6X3W2
Q9CQ73 F7BBG2
Q61184 F7CZB3
Q5SUH6 F6RQX2
E9QAP7 F6VB17
Q6PEE3 F6Q892
Q6PHQ9 F6Z154
P54761 F7BG55
P06804 P29553
Q3UZ64 F6YA77
Q4ZJM9 F6VZD2
Q9D0B6 F7DEP9
Q99J83 F6ZSV4
Q99N11 F7DTE9
Q7TSI0 F6YP44
Q61545 F7BCF7
Q8BI22 F7CRZ2
Q9Z1Z2 Q2V905
Q8VD63 F6XMB2
O88532 F6QD46
O54946 F7D5D9
Q9CZJ6 F6S9I9
Q9Z0H0 F6WFR2
Q9ES00 F6R5B2
Q8BZ33 F6ULN8
P04104 F6RA08
P84091 F7BUX8
Q6IRU2 F7A2V7
P62315 F7CNE1
P70399 F7CG77
P0CG50 F7BCF7
G3X9H5 F7BQH8
Q8R1J3 F6V2U5
P70284 F7DMY1
Q3UJB0 F6WZY9
P70160 F6UCC4
Q3U9N4 F6RIW1
Q8BYL4 F6ZTM2
Q3UJB0 F6QQ77
Q5BU09 F7D9K7
P29452 F6XA38
P68510 F6U3F1
Q3UFY8 F6TVA0
F6V5B0 F6XUW4
A0A286YDR3 F6Z272
Q9DBC7 F7DX98
Q80UN1 F6ZQQ4
Q922U2 F7ATL5
A2AQ14 F7DEP9
Q922U2 F7AX06
Q3TE40 F6ZFZ4
Q9WUA3 F7E030
Q8R0W1 F6YUE6
A0A0R4J0G9 F6TRE4
Q9ERE9 F6ZPE1
Q08874 F6ZER1
Q8VBW6 F6YKY8
P54116 F6RA08
G5E8C3 F6VEY6
Q9JLB2 F7C695
Q05769 H9GZW8
Q9D906 F6YKY8
Q04207 F7B9X5
P16045 F7DYV0
Q920H1 F6R7P8
P11725 F6UBE8
Q8CD76 F7CZH3
Q9CQC9 F6QPV3
E9Q2I3 F6ZBD7
P35761 F6WLR2
O70472 F6PZJ8
E9Q555 F7D7I2
Q9DBZ1 F7DMY1
P61620 F6ZZ67
P16045 F7DWN5
P61082 F6ZZA7
Q8K4F6 F7BJ30
Q08874 F6X2L4
Q9WVS8 F7A0C8
P20664 F6QJA6
Q8K297 F6UJY8
A0A0U1RNL9 F7C4M4
Q7TSH3 F6R5P5
Q9ERZ4 F6XKY6
B1AWD9 F6S5X4
E9Q2I3 F6XUW4
P46662 F6U6I2
Q8R2U0 F6PHQ1
E9Q6A7 F6SP56
Q3UKJ7 F6QY78
A2AGH6 F6XTW3
P20664 F6YMU8
Q61781 F7AX06
O88700 F6ZL78
P28658 F6QTU8
Q8VEE4 F7BXZ1
Q8BZM1 F6PHF7
Q61781 F7CYC8
Q61627 F6S891
D3YXF5 F6Q7J3
P05627 F6YYG4
P34960 F7E2V0
P16627 F7D7T6
A0A0R4J046 F7A2V7
Q8BKN5 F6SZK9
P28658 F6YKI8
Q8BTZ5 F6ZI82
Q9WUA3 F6ZQX6
Q9R1M5 F6XUW4
O54946 F6XTW3
Q9Z0H0 F6TBX9
P23249 F7BEV6
Q9D906 F7CKI0
O88477 F7BG35
Q9CQ06 F7AKA4
D6RIL3 F6XFE5
P68368 F6R2I7
P54116 F6YKI8
P54116 F6PJE5
Q9D0B6 F6ZTM2
Q61464 F6RV24
P29452 F6ZL78
P47931 F6XPS4
P70284 F6XQL3
D2J0Y4 F7B477
P26516 F6WZY9
P48281 F6T9M0
P35564 F6V5A0
Q5SUH6 H9GZV4
Q9DBR3 F7ATL5
O35345 F6ZAL1
Q61069 H9GZW8
A2A791 F6XB91
Q9D0B6 F6TV50
Q9JI48 F6V6B4
Q5SWU9 F6RIW1
P04184 F6TNW5
A2A791 F7CYC8
Q3UFY8 F6S6H7
P39689 F6UL81
Q61545 F6R950
O35864 F7AU83
P68368 F7DNT0
Q4U2R1 F7AEP1
P54728 F6TQ92
P62340 H9GZW8
A2ADB0 F6SF14
A0A0B4J1E2 F7ACV1
Q6PDS3 F7ARE5
P63163 F7CI38
A2AEG2 F6QM47
P21275 F6QG82
P08752 F7DWN5
Q9D906 F6UQV4
Q8BYL4 F7DEP9
O89086 F6YEU3
Q7TNV0 F6X4H0
Q02257 F6RIW1
Q6GU14 F6Z3I2
Q06219 F6VIL6
P97358 F6TRA1
Q9D6F9 F7DNT0
Q91XS1 F6ZER1
Q3UJB0 F7B6P6
P20664 F6YR50
Q91YU6 F6ZIR0
P14602 F7E3Y7
Q91YK2 H9GZV4
A6PWE0 F6TV50
P29788 F6V881
Q9JHD2 F6QE07
A2AWT5 F7DY73
Q9ER69 F6UDJ9
P62340 F7DF13
O88273 F6XPS4
Q8BJY1 F6Z904
Q69ZX8 F6SRK4
Q8C0D7 F6QJA6
Q9CQA1 F6ULN8
Q8BJS8 F7DNY2
P35585 F7AS83
Q61598 F6RW70
Q3UL36 F6QSU1
Q924K8 F6R8H3
Q08024 F6XQL3
Q9D2M8 F6SF14
Q7TMM9 F6TLD9
O54946 F6W5K2
Q6PDS3 F6QWS4
Q9R1A8 F7BNS9
P11087 F7A3F7
O70343 F6SF14
Q3UPF5 F6S442
A0A286YD43 F6Z272
P63163 F7AH79
B1AWN8 F6V7A4
Q9CPN8 F6XXS9
Q5RL20 F6YV33
Q61598 F6PMJ1
Q08024 F6XKQ4
A0A1B0GR74 F6XAE8
Q9CR13 F6VEY6
P31313 F6PR27
Q8VCG4 F6Y0C1
Q8JZL7 F6UFG2
P09065 F7CNQ9
Q62280 F6RW70
E9QP00 F7ANU2
Q80UW0 F6XKN4
O35980 F6RD70
Q62311 F6WVK2
Q80V31 F6XK23
P27548 F6UI77
Q8BKN5 F6XFE5
E9Q6A7 F6STU2
Q810N5 F6XPS4
A0A1L1SQI7 F7A4F3
P49615 F7CCC6
D3Z3U5 Q08IE6
P62315 F7DBJ7
Q7TNV0 F6R8H3
O09172 F6WKI2
Q8BZ33 F7D7I2
A0A0U1RNL9 F7ANZ7
Q91YH5 F6YB89
B1AWD9 F7CZS6
Q8BQY8 F7BM24
Q9WVS8 F6WVK2
A2A791 F7AX06
Q99ME2 F6Z4V6
P97310 F7DDB3
Q8BH60 F6XLU6
P08752 F7DYV0
O35385 F6W4F0
A2AQ14 F6TV50
Q9CQ06 F6WVK2
Q4KWH5 F7AHL5
P43274 F6RA08
A0A0R4J033 F6XIW6
Q6PHQ9 F6YL06
Q62425 F6ZIP2
Q3U9N4 F7AS83
P62984 F6ZL78
A0A0U1RNL9 F7E0L8
Q62351 F6QBH0
Q924K8 F6X4H0
Q924K8 F6RV24
Q03265 F6YM88
O35980 F6R5P5
Q8K021 F6Y9U1
Q63871 F6WFR2
Q9D7X3 F7BNN7
Q62311 F6UQV4
Q9R1T2 F6W5K2
Q9QXV3 F6YUY8
Q9Z321 F7BIG8
P63163 F7CKI0
Q64368 F7BY91
Q3UIL6 F6VF95
Q05769 F6U3N4
A0A286YDR3 F6PMJ1
P20664 F7AKW6
P62715 F7AM44
P19091 F6R5G1
A6PWE0 F6PTX3
Q8BQ10 F7AF11
F6TVP2 F6R3Q3
Q6I6G8 F7BU40
Q9ERH4 F7DMY1
A0A1L1SSL9 F6T1S2
Q9D906 F6S5L3
Q9D1L9 F6Y761
Q8BYL4 F7BVG1
Q04750 F6TZX8
Q8R2Y0 F7BVL6
P50592 F7AR26
O88477 F6R8H3
Q64010 F6R0Q5
P35456 F6YW90
P11725 F6WCJ0
Q9CUN6 F6R1Z0
E9PYV1 F6WPN5
Q62351 F7B821
Q8K284 H9GZV4
A0A0R4J008 F7AF11
O35685 F6RFS1
Q9WTQ5 F6XA38
Q61655 F6V3P6
Q8K2G4 F6Z5Q1
D3Z3U5 F6PQG5
P47931 F6WWE9
Q922U2 F6W7V0
Q3UL97 F6ZK80
Q9DD03 F7CJF1
A0A0R4J046 F6ZBW3
Q9WUA3 F6QIV1
Q62280 F6PMJ1
Q8R5L1 F7DQW6
Q923E4 F7AF11
Q9CQ71 F7DBY8
Q02257 F6V1T9
Q8C0D7 F6RD70
P05784 F7BBG2
Q4U2R1 F7AM44
Q8BHT6 F6WHV9
Q7TSH3 F6V3R9
Q9DBR0 F7ANU2
Q91WR3 F6WUM6
Q6RHW0 F6W7V0
A2A432 F6TZX8
Q922G2 F6VMT4
P63163 F6QVR3
P0CG50 F7BQ20
Q8CJ67 F6PHQ1
Q8BQR7 F7CA12
Q924K8 F6PMJ1
Q9D906 F6RB95
Q80X50 F6VUA4
P04104 F6PJE5
O35492 F7DE75
A0A0U1RNL9 F6SG49
Q9CYX7 F6Y797
Q8VBW6 F7AKA4
Q8BP71 F7BN37
P54116 F6QTU8
Q9ESU7 F7AIP7
Q8BQM4 F7CYY7
Q9JIF0 F6QQ77
P30681 F6R5B2
A2AQ14 F6ZTM2
O35385 F6YKU1
Q6PEE3 F7BM06
Q9EPU0 F7D007
Q922L6 F6U4D9
B2RTJ2 F7ASN9
A2A513 F7AV69
P25233 F6TEA2
Q923E4 F6WKK9
O88379 F7D9K7
Q5SWP3 F6QFJ2
Q3ULA2 F6TKR5
Q8CCF0 F6T5B7
Q64441 F6YIY6
P27548 F7AR26
Q8C863 F6ZTR4
Q62311 F7AKA4
Q9DB05 F7DE75
Q8VDS4 F7CS04
Q61526 F6RXS0
P05480 F6QH40
A0A1L1SQI7 F6U0G2
P23798 F7CQD0
P09103 F7BQ20
O88477 F7BPE3
Q8VE73 F6WY43
P23927 F6SYI2
Q5SWU9 F7AS83
A0A286YD43 F6RV24
O35465 F7BHV8
Q3UZ64 F6QBM1
Q3TNH5 F7CUH0
Q3UFB7 F6Z1I4
P60521 F7CYJ4
Q9CQ06 F7CI38
P23927 F6WF09
Q641K5 F6TRA1
B7ZDF5 F6XF13
O88712 F6X3S7
O55111 F6ZG42
P28658 F6RA08
E9Q5D9 Q95LJ1
Q04886 F6W253
Q9CPQ3 F6QD46
Q06186 F6RH07
Q9WTJ5 F6YYM9
A2ADB0 F7AKW6
Q810N5 F6WWE9
Q9DBQ9 F6PVB5
O09172 F6Y6H0
Q9DBR3 F7CYC8
Q62280 F6X4H0
Q9DBR0 F7D8X8
Q9D2L9 F6VZZ2
P14211 F6TQR2
Q9QXV3 F7BNS9
Q8BFX1 F6V8V4
A2ADB0 F6YR50
Q9QZN4 F6Y0D9
A2AGH6 F6YJV0
Q8BU88 F6QBM1
Q4ZJM9 F6R5I3
Q62351 F6TBN7
P47811 F7DNE5
Q7TSA6 F6WF01
Q9WVG6 F7D6A5
P62315 F6PNM7
Q8BFZ9 F6RQX2
F6V5B0 F6VEG9
Q62280 F6RAD7
Q8BGZ3 F6YUE6
Q8C0P5 F6SSS0
P48754 F6SQ43
Q9WUA3 F6TBN7
Q61069 F7AXE8
Q8BI67 F6WAR9
Q9WVJ2 F6QQ77
A2AWT5 F7D5D9
Q8BZM1 F7DQ27
O70201 F6QMT3
P97358 F6WE15
Q8VCG1 F6WBT3
O54946 F7DP19
Q62388 F6X5V1
Q61598 F6R8H3
Q9CQ06 F7A0C8
A0A1Y7VLV0 F6TRE4
Q61733 F6PTX3
Q923E4 F6RV24
Q8CHP8 F6ZBD7
D3Z4M4 F6VIJ3
Q9Z321 F7A0Y8
Q8VBV3 F6V445
P47857 F7E030
P70333 F6UAN2
Q60760 F6XRD7
Q9D850 F6ZA78
Q8C863 F6WPN5
Q8C015 F7DC48
P62878 F6PZY6
Q9WUP0 F7DMI6
Q8BZ33 F6YCC0
Q9R1T2 F7B6P6
P32233 F7D5D9
Q69ZX8 F6YME5
Q9CWV7 F6UYD5
Q61464 F6WKK9
Q9D0D4 F6YNT2
A0A0U1RNL9 F6YA77
Q8BWY4 F7B2K9
O70343 F7AKW6
Q9Z265 F6PZY6
P63163 F7AKA4
Q9CWX9 F6YNT2
Q9D906 F7A0C8
Q922U2 F7CYC8
D3Z3U5 F6VDS6
F8WJE0 F6R3Q3
Q8BVE3 F7DWN5
P63163 F6WVK2
O08811 F6S5X4
A0A0U1RNL9 F6V8V4
P12023 F6XL78
O55237 F6XHL7
Q3V2D2 F6RX88
P14602 F6YM88
O88852 F7DMY1
Q9WUA3 F6QBH0
Q3UJB0 F7CKR6
Q61391 F7BLW8
O08688 F6V5B8
Q61527 F6YMU8
Q8R317 F7BRQ1
A2AQ14 F7BQQ6
O35716 F6YMU8
Q6NSU3 F7DMZ7
P02340 F6TL72
Q8CJ67 F6ZRL4
Q6ZPJ3 F7DDD6
E9Q555 F6WJE4
Q8BGZ3 F6ZRL4
Q5Y5T3 F7CNX6
Q9WVS8 F7CKI0
Q5SWU9 F7E1T6
Q3UFY8 F6UYB6
D6RIL3 F7E2F9
O35465 F6RVH1
P62082 F6PNM7
O88852 F6XQL3
Q6NVG5 F6TNI8
P97477 F6YZI7
P62331 F6ZIP2
Q99P91 F6ZK80
Q9DBR0 F7D6A5
Q9R1A8 F7AAM8
Q9WVS8 F6QVR3
D3Z3U5 F6ZA94
G3X956 F6Q4L3
Q8JZZ7 F6PZJ8
P14152 F6QIV1
O89090 F7BUA5
Q9QZS3 F6YXJ9
G3X972 F7DY73
Q5F2E8 F6ZDZ9
Q9ERH4 F6WJS9
A0A286YDR3 F6RV24
Q8BQM8 F6V0I7
Q9EST5 F6RQX2
Q9JJF2 F6YJT5
P43274 F6PJE5
P43274 F7B7X0
Q61781 F7ATL5
Q8BLI4 F6TYR9
B1AWD9 F6SNB5
O88712 F6ULH7
P35584 F7AAP3
Q9CQD1 F6Z904
Q7TMM9 F7DNT0
P47857 F6QIV1
Q9CQL5 F7C4M4
Q91YK2 F6RQX2
Q99JX7 F6S7D4
Q9JI48 F7D1W3
Q61733 F6TV50
O88273 F6WWE9
O54946 F6YJV0
Q9WVS6 F6RA22
O55111 F7BJ30
Q3TIX6 F6TGA5
P11725 F6UW24
P63101 F6XEB4
E9PYV1 F6ZTR4
Q9CQA1 F6YJA2
Q9CQL5 F6V445
Q8BGZ3 F7AJU7
Q6P5F9 F6S8L9
Q8BQM8 F6SGN1
Q8VBV3 F6SS95
P62874 F6YL06
P38647 F6YM88
P32883 F7DYP5
Q8C156 F7CZS6
O88712 F6XFN5
P42227 F6Z6Y4
Q9JIF0 F6U768
P39429 F7BIV4
Q3UFY8 F6PQG5
Q8C845 F6ZPY1
P39689 F6PZX1
Q9Z0J4 F7BCR2
F6TVP2 F6VSN2
Q924K8 F6RW70
E9QMA6 F7DIU4
Q8BP71 F6ZF77
Q9EST5 F6U224
Q60987 F6VQT2
O35280 F6WF09
Q9CUS9 F7BYQ4
O89013 F7C446
Q7TSI0 F7AMU8
P14602 F7BQ20
Q08024 F7C1C0
Q9ERH4 F7C1C0
Q60987 F6PRN5
Q6RHW0 F7AX06
E9PVA8 F6ZBH0
A6PWE0 F6YXL8
Q99P91 F6TTJ8
F7C846 F7DLU0
A0A087WSP5 F7BQ20
F6TVP2 F6RJN1
Q8VEB1 F6XW83
O88199 F7BYR2
P35278 F6QLC6
P29533 F6WUE0
E9Q555 F6ULN8
E9PVA8 F7BQ20
Q61598 F6Z4J4
P62743 F7BJ30
Q6RHW0 F7D6Y0
Q8R0W1 F6ZRL4
Q8R010 F7DY73
Q3TTY5 F6PJE5
Q3U9N4 F7E1T6
Q9D1G2 F6V984
P49312 F6YZ44
Q9D2M8 F6RD70
Q61598 F6X4H0
Q8BKN5 F7E2F9
Q62351 F6ZQX6
O88700 F6T1S2
Q8CFT3 F6S5L3
Q9D9R0 F6QJA6
Q7TNV0 F6Z4J4
P70284 F6XKQ4
E9Q1U6 F7BY74
Q9CQ06 F7CKI0
O09172 F6XB91
Q9CR52 F6XFN5
Q8BP71 F6TR20
Q8VHR0 F6V5R0
Q9D0I8 F7B7X0
Q9DAY6 F7C788
Q501J2 F6ZU20
Q64323 F6PYY3
P11679 F7DYV0
Q60754 F6RX36
Q5SRY7 F6VDZ9
P01592 A0A0B4J1C4
Q8VBW6 F6UQV4
Q91WG5 F6SMN4
Q9D906 F6WVK2
Q9DCC8 F6Z4J4
Q9QYJ0 F7B951
P62082 F7CNE1
P61290 F6UAN2
O08811 F6SNB5
Q5SYD0 F6RA08
Q05769 F7DF13
Q9DBR3 F7AX06
A2AEG2 F6U159
Q80V62 F7A2J7
P19785 F6UQ47
Q3UZG4 F7D5D9
Q61781 F6XB91
Q8BU88 F7C4M4
E9Q5L4 F7AQV3
A0A286YD43 F6X4H0
O70343 F6YR50
Q9CQW2 F7AG66
Q9D6Z1 F6Q8M6
Q8BGG7 F6XN76
P63280 F6UL81
Q8BGZ3 F6VIL6
P63163 F6QM47
A0A286YDR3 F6RW70
Q9DB05 F7B8B3
Q5RL20 F6VE52
Q61733 F7BVG1
O88852 F6X1H9
A2ADB0 F6ZS28
A0A286YD43 F6Z4J4
Q5SF07 F6ZF77
Q9D7I0 F6UAU0
Q62108 F6Z169
Q9CQ06 F6UQV4
Q8R2U0 F7CC90
Q6GQT0 F6XYD8
Q8K284 F6RQX2
Q8VEL0 F6YUM4
Q9Z238 F6TRA1
P54116 F7DI53
Q9D906 F7CI38
Q5SYD0 F6QTU8
Q9Z321 F7E107
Q9DAT2 F6VX33
Q8VDG5 F6PHL5
P28658 F7DI53
P70399 F6SCX8
P70284 F6X1H9
Q9WVS8 F6S5L3
Q6PEB6 F6SRT9
Q60769 F6YUY8
P46414 F7BNS9
Q61575 F6PUL2
P11725 F6TG68
Q06219 F6ZRL4
Q9DBR0 F7AEV0
P62878 F7B9A4
Q8CJG1 F6QQB3
Q99P69 F6U4D9
O70220 F6VQT2
P26450 F7CEQ6
Q99LU8 F7DPQ7
E9PY95 F6YDA3
Q99ME2 F7C0A5
O70220 F6PRN5
Q99M80 F6WKI2
P01108 F6YAJ2
Q9CQJ4 F7DSH8
P57784 F7B238
A2AEG2 F7CRZ2
Q62311 F6QVR3
Q6NZQ4 F6QIR9
P46938 F6T8H1
Q8CHK4 F6UXD9
Q8CFT3 F7CI38
Q9CQ06 F6RB95
Q9D6F9 F6RVH1
Q61733 F6ZTM2
Q05769 F7AXE8
Q8C2R7 F6QNC5
Q91WU5 F6Z8K8
A0A286YD43 F6PMJ1
P33610 F6UDJ9
Q9WVS8 F6RB95
P35585 F6RIW1
A0A0R4J0H1 F7BL38
Q9CQ73 F7AM44
O08586 F6WQ37
P42128 F7C4E7
Q8VBX6 F6WDK5
O54950 F6ZS28
Q9JJ93 F6ZYE9
E9Q2I3 F6VEG9
Q8VBW6 F6S5L3
A0A286YD43 F6RW70
Q3UZ64 F7E0L8
F6R4N2 F7A9E9
P20664 F6SF14
D3Z3U5 F6R6X2
E9QN68 F6VIJ3
P97471 F6RZ63
Q6PDK0 F6ZGQ9
Q8BZ00 F7B113
P62984 F6T1S2
E9Q0T8 F6SEI8
Q9DBZ1 F6WJS9
S4R1Y1 F6QQI1
A0A1L1SQI7 F6V076
O35345 F6RRU3
Q8C0D7 F6V3R9
P10300 F7C510
Q61069 F6PMR1
P35278 F6QSL6
Q9QYJ0 F6TVL2
P11725 F7BIG8
O88816 F7AXK9
P28658 F7B7X0
Q9D9R0 F6RD70
Q9D2M8 F6YR50
G3X972 F7D5D9
Q8BWY4 F6V5B8
Q8BP92 F6X7C1
Q05769 O19183
Q7TS68 F6XAE8
Q62383 F6SCX8
Q5SV02 F7AR56
Q9D1G1 F6TGA5
A2A432 F6SN62
Q91WR3 F7B297
A0A286YD43 F7BPE3
P54728 F6XFN5
Q6PEE3 F7CBK8
O88477 F6RV24
P63163 F7A0C8
Q08024 F7DMY1
Q9QYC1 F7AYN8
A6PWE0 F7BVG1
Q7TPD1 F6Z4J4
P70284 F7C1C0
Q8CCE9 F6VQT2
F8WJE0 F6RJN1
Q9DBZ1 F6XQL3
P97504 F7DGI1
Q99N94 F6W163
Q8CJG0 F7BU40
Q7TSH3 F6WWQ3
Q9QXV3 F6YSR6
Q08874 F6YSR6
P62137 F6R8R0
Q8BFX1 F7ANZ7
Q9CQL5 F6QBM1
O88199 F6WF01
A2APM2 F6PTV7
A2A791 F7ATL5
Q9CQA1 F6WJE4
Q711T7 F7BY91
Q62311 F6YKY8
P57784 F6PV98
Q641K5 F6WE15
O88852 F7C1C0
Q8BJY1 F7BBH3
Q9CQ06 F6S5L3
P46414 F6YUY8
F6TVP2 F7C0A5
P04104 F6YKI8
Q8BJA2 F6QCI6
P50207 F6Q6U0
Q9CQA1 F6VKD2
Q9DBZ1 F7C1C0
Q3UZ64 F6SG49
P62984 F6X8D2
Q9WVJ2 F7B6P6
P05784 F7AM44
Q8CEC4 F6PJ06
Q99P72 F7C2H1
Q61545 F6U210
Q8BZ33 F6VZB0
E9Q5C9 F6SIH2
Q62351 F6QIV1
Q3TTY5 F6QTU8
Q61464 F6PMJ1
Q8BG99 F6ZFA5
Q8BZ33 F6YJA2
Q03173 F6YL06
O08811 F7CZS6
E9Q6Y8 F7B1Y7
Q9R1T2 F7D5D9
Q8CFT3 F7A0C8
Q60634 F7DGI1
Q78RX3 F6USH3
Q499D0 F6ZPA5
O35492 F7B8B3
Q5SF07 F6TR20
P70333 F7BQC9
Q9D1G1 F6QSL6
P06240 F6USJ9
Q11011 F7D5D9
O88712 F6V852
Q5RL20 F7CFH4
A0A286YD43 F6R8H3
Q6PD29 F6QZJ3
Q99ME2 F6VSN2
O88532 F6QV03
P42128 F7C2H1
P25799 F6TME6
Q8R010 F7D5D9
Q9CR52 F6X3S7
P50592 F6UI77
Q9D2M8 F6YMU8
Q3UHQ6 F6UNM1
O54950 F6YMU8
Q9DAM5 F7ANZ7
