F6UAN2 P70333
F7BUX8 P57784
F6QHL9 Q8K021
F7CKR6 Q3UJB0
F7DYV0 P11679
F6XMB2 Q8VD63
F6XFE5 D6RIL3
F6RX36 Q60754
F7DE75 Q9DB05
F6UNM1 Q3UHQ6
F6TNW5 P04184
F6YV33 Q5RL20
F7DDD6 Q6ZPJ3
F7AM44 Q4U2R1
F6XUW4 Q9R1M5
F7D1Z0 Q06180
F6PMJ1 Q61598
F7D5D9 G3X972
F6XA04 P62259
F7E2F9 D6RIL3
F7DWN5 P08752
F6V445 Q8BU88
F7CZB3 Q61184
F7DBJ7 P62082
F7CYC8 A2A791
F7AKA4 Q8CFT3
F6X4H0 A0A286YDR3
F7D9K7 Q5BU09
F6ZF77 Q8BP71
F6TQR2 P14211
F6XK23 Q80V31
F6TR20 Q5SF07
F6XFE5 Q8BKN5
F6SS95 Q9CQL5
F6V8V4 A0A0U1RNL9
F7CFH4 Q5RL20
F6WF01 Q7TSA6
F7BQQ6 Q9D0B6
F6V5B8 O08688
F7CYC8 Q922U2
F7AQ43 P31001
F6RW70 Q7TNV0
F7CBI3 O08686
F7AEP1 P62715
F7AYT5 Q9QUJ7
F6YAJ2 P01108
F6XQL3 Q08024
F6WUM6 Q922L6
F7BNS9 P46414
F7B6P6 A2AWT5
F6WVK2 Q62311
F6QPV3 Q80V86
F7DY73 Q8R010
F6X2L4 Q91XS1
F7E030 P14152
F6ZL78 P29452
F6WJE4 E9Q555
F7AKA4 Q62311
F6WE15 P97358
F6YIY6 Q64441
F6XXS9 P54728
F6QBH0 Q62351
F6YSR6 Q9QXV3
F6YJV0 A2AGH6
F7CQD0 P23798
F6QBH0 Q9WUA3
F7BNS9 Q9QXV3
F6XHL7 O55237
F6PNM7 A0A0R4J187
F6SG49 A0A0U1RNL9
F6X1H9 O88852
F6V3R9 Q8C0D7
F7CQM8 P28867
F6ZIP2 Q62425
F7CRZ2 Q8BI22
F6UFM6 E9QAP7
F6XQL3 P70284
F7BVG1 Q61733
F7AM44 Q9CQ73
F6T452 Q8BWY4
F6SNB5 Q8C156
F6ZBW3 Q6IRU2
F6X4H0 Q61464
F6R0Q5 Q64010
F6ZFA5 Q8BG99
F7CKI0 Q9WVS8
F7A0C8 Q8VBW6
F7B6P6 Q3UJB0
F7DEP9 Q9D0B6
F6RW70 Q62280
F6R3Q3 F8WJE0
F6VE52 Q5RL20
F7C0A5 Q8R1N4
F6W4F0 O35385
F6S5L3 Q8VBW6
F6XXS9 Q9CR52
F6QPV3 Q9D1G2
F6Z6Y4 P42227
F7B9G0 O35345
F6WJS9 Q08024
F6YR50 P25446
F7BVG1 A6PWE0
F6X7Q3 P68510
F6UQ47 P19785
F6YUX4 Q5SF07
F6XKQ4 Q08024
F6ZGQ9 Q9D850
F6SJV8 A2CGA3
F7B6P6 Q9R1T2
F6RAD7 Q62280
F7BAB4 Q62393
F7CJF1 Q9DD03
F7AQV3 E9Q5L4
F7BYR2 O88199
F6ZTR4 Q8C863
F6YNT2 Q9CWX9
F6W7V0 Q6RHW0
F7BHX5 Q8K274
F6VQT2 Q60987
F7D5D9 Q11011
F6V3R9 Q9D9R0
F6ZU20 Q501J2
F6YMU8 Q61527
F7ARE5 Q6PDS3
F6VDS6 G3X9X7
F7A0Y8 P11725
F6PRN5 O70220
F7DBY8 Q9CQ71
F6W836 A0A1L1SQI7
F6XF13 B7ZDF5
Q95LJ1 E9Q5D9
F7AEP1 Q9CQ73
F6WKI2 O09172
F6U301 A2AMI2
F6ZRL4 Q8CJ67
F7ARE5 Q8CFE2
F7D8X8 Q9DBR0
F6YL06 Q03173
F6RV24 Q923E4
F6RW70 A0A286YDR3
F6TLD9 Q7TMM9
F6QVR3 Q9D906
F7AHJ1 Q91XL2
F6RV24 O88477
F7ATL5 Q9DBR3
F6WPN5 Q8C863
F7DZ01 Q9Z321
F6V984 Q9D1G2
F7D1Z0 Q9QXJ1
F6VQT2 Q8CCE9
F7BQQ6 A2AQ14
F7D5D9 Q9R1T2
F6S5L3 Q9CQ06
F6VSN2 F6TVP2
F7C446 O89013
F6TTJ8 Q99P91
F6TBX9 Q9Z0H0
F6SXK8 Q6PDS3
F7B8B3 Q9DB05
F6VSN2 Q99ME2
F7BQ20 P14602
F7AR26 P50592
F6Q9P8 A2ADB0
F7E0S3 Q80TQ2
F6SS95 Q8BU88
H9GZV4 Q91YK2
F7AKA4 Q9WVS8
F7CC90 Q8CJ67
F6RIW1 P35585
F7E3Y7 P14602
F6XAE8 A0A1B0GR74
F6PMJ1 Q62280
F6RQX2 Q8K284
F7B7X0 Q3TTY5
F7B2K9 O08688
F6XFN5 O35345
F7DMI6 Q9WUP0
F6UQU2 Q9QYJ0
F6YKI8 Q3TTY5
F6Y0D9 Q9QZN4
F6YR50 P20664
F6WVK2 Q9D906
F6YNS5 Q60634
F6ZBH0 A0A087WSP5
F7DI53 Q3TTY5
F7BME5 Q64010
F6VZB0 E9Q555
F6V5R0 Q8VHR0
F6QPV3 Q9CQC9
F7DMY1 Q9ERH4
F6PIK9 Q01114
F7DVA2 A0A0R4J033
F6U0G2 A0A1L1SQI7
F6ULN8 E9Q555
F6SGN1 Q8BQM8
F6YL06 P62874
F6R8H3 Q924K8
F6YR50 O35716
F6PNU9 P62331
F7DMY1 Q9DBZ1
F6TYR9 Q8BLI4
F7BCF7 P0CG50
F6YCC0 Q8BZ33
F6XKN4 Q80UW0
F6RB95 Q9CQ06
F6TZX8 Q04750
F6PTX3 A2AQ14
F7A0C8 Q8CFT3
F6WWQ3 Q7TSH3
F7DYB4 O54946
F6UI19 H3BLQ9
F7CYC8 Q9DBR3
F6VIL6 Q8CEF1
F6UQV4 Q8CFT3
F6Y797 Q9CYX7
F6YUX4 Q8BP71
Q9BDF6 Q9QXI6
F6UHR5 O09030
F6PNM7 P62082
F6XKQ4 P70284
F6QVR3 Q9CQ06
F6VEG9 F6V5B0
F7DLU0 F7C846
F6WFR2 Q63871
F6ZPE1 Q9ERE9
F6PVB5 Q9DBQ9
F6WUM6 Q91WR3
F7A2V7 A0A0R4J046
F7CFZ8 Q9CZ52
F7D5D9 Q8R010
F7DDB3 P97310
F6Q3U8 Q8VCH6
F6WJS9 Q9ERH4
F6TE29 O88199
F6XQL3 O88852
F6UCC4 P70160
F6X4H0 Q924K8
F6ZIP2 P62331
F7BQC9 P70333
F6PMJ1 Q7TNV0
F6XKY6 Q9ERZ4
F6TRA1 P97358
F7AKW6 Q9D2M8
F6ZRL4 Q8R0W1
F6QCI6 Q8BJA2
F6WJS9 Q9DBZ1
F6ZBD7 E9Q2I3
H9H020 Q7TNS8
F7CZH3 Q91YH5
F7BU40 Q8CJG0
F6ZZ67 P61620
F6XKQ4 Q9DBZ1
F7DC48 Q8C015
F7C4E7 P42128
F7CZS6 Q8C156
F6VKD2 E9Q555
F6TEA2 P25233
F6VQT2 O70220
F7BD82 B2RWS6
F6SF14 P25446
F6YMU8 O70343
F7A0C8 Q9D906
F6U768 Q9JIF0
F6XEB4 P63101
F7DMT7 Q6PEE3
F6YKI8 P04104
F6UI77 P50592
F6ZGQ9 Q6PDK0
H9H020 Q8BZM1
F6XFE5 E9QM16
F7D7I2 Q8BZ33
F6Y761 Q9D1L9
F7DF13 Q05769
F6W163 Q99N94
F6ZL78 A0A1L1SSL9
F6RH17 P11725
F6ZA78 Q6PDK0
F7CS04 Q8VDS4
F6YP44 P10751
F6R6X2 Q3UFY8
F7B8B3 O35492
F7C2H1 P42128
F6VUA4 Q80X50
F6Q4L3 Q3U741
F7BG35 Q923E4
F6YZ44 P49312
F6PRN5 Q8CCE9
F7AAM8 Q9R1A8
F6TGA5 Q9D1G1
F6X3S7 P54728
F6XB91 Q6RHW0
F6WKK9 O88477
F6QQ77 Q9JIF0
F7DEP9 Q8BYL4
F7AX06 Q61781
F6WQ37 O08586
F7DF13 P62340
F7C1C0 P70284
F7ANZ7 Q9DAM5
F7CV51 Q4FZG9
F6XIW6 A0A0R4J033
F7BNN7 Q99JT2
F6YMU8 Q9D2M8
F6ZYE9 Q9JJ93
F6VEY6 Q9CR13
F6R7P8 Q920H1
F6X3S7 Q9CR52
F6YL06 Q6PHQ9
F6ZER1 Q91XS1
F7BHV8 O35465
F6UW24 P11725
F6R6X2 D3Z3U5
F7CI38 Q9WVS8
F6V2U5 P00687
F6QD46 Q9CPQ3
F6UP71 Q99JB6
F7ANZ7 Q8BFX1
F6XKQ4 Q9ERH4
F6R2I7 P68368
F6VSN2 F8WJE0
F6RRU3 O35345
F7B9A4 P62878
F7B2K9 Q8BWY4
F7ATL5 A2A791
F7B9X5 Q04207
F6SCX8 P70399
F6YUE6 Q8BGZ3
F7AEV0 E9QP00
F6PJ06 Q8CEC4
F6RV24 A0A286YD43
F6Y9U1 Q8K021
F7AF11 Q923E4
F7B297 Q922L6
F7E0L8 A0A0U1RNL9
F7B6P6 Q9WVJ2
F6U210 P0CG50
F6YMU8 P20664
F7BQS3 Q60631
F6VAI2 Q62383
F6Z4J4 Q924K8
F6YKI8 Q9D0I8
H9GZW8 Q05769
F6V5A0 P35564
F6TL72 P02340
F7E1T6 Q5SWU9
F6XIY9 Q9D0F1
F6V0I7 Q8BQM8
F6YR50 Q9D2M8
F6YDA3 E9PY95
F6ZTM2 A2AQ14
F6R950 P0CG50
F7AX06 A2A791
F6XLU6 Q8BH60
F6RD70 Q9D2M8
F7DI53 Q5SYD0
F6X4H0 Q61598
F7DVA2 Q8BR90
F6UAA5 Q8R2E9
F6WF01 O88199
F6TRA1 Q62431
F6XEP5 Q61503
F7AIP7 Q9ESU7
F6QTU8 Q9D0I8
F6UI19 H3BJM0
F6TZQ5 A2A6M5
H9GZV4 Q8K284
F6WVK2 Q9WVS8
F6PNU9 Q62425
F7D6Y0 Q6RHW0
F6U3N4 P62340
F6W5K2 O54946
F6ZBW3 A0A0R4J046
F6ULN8 Q9CQA1
F6ZK80 Q3UL97
F7BM24 Q8BQY8
F7AKW6 O35716
F7AKA4 Q9D906
F7CUH0 Q3TNH5
F6Z492 Q8CHB8
F6RD70 Q8C0D7
F6U301 A0A0N4SVL0
F7BQC9 P61514
F7ANU2 Q9WVG6
F6QJA6 P20664
F6WWE9 P47931
F7BLW8 Q569L8
F6WKK9 Q923E4
F6SF14 Q61527
F7C0A5 F6TVP2
F6U210 Q61545
F6RQX2 Q8BFZ9
F6V1T9 Q5SWU9
F6WUM6 Q8BZ36
F7DWL6 Q8VDS4
F7BQ20 E9PVA8
F7AKW6 P20664
F6WJS9 O88852
F6YUY8 Q9WVC6
F6ZBD7 Q8CHP8
F7BN37 Q8BP71
F7AF11 A0A0R4J008
F6Z4V6 Q99ME2
F6SJV8 A2CGA5
F6PZJ8 Q8JZZ7
F6TBN7 Q9WUA3
F6W8X2 P97504
F6SF14 Q9D2M8
F6Z169 Q62108
F6UJY8 Q8K297
B2L109 G3X9K4
F7DH95 Q78YY6
F6VF95 Q3UIL6
F6ZPY1 Q8C845
F7BBG2 P05784
F6QVR3 Q9WVS8
F6ZDZ9 Q5F2E8
F6ZA78 Q9D850
F7CYJ4 P60521
F7CI38 Q62311
F6V881 P29788
F7BIV4 P39429
F6QM47 P63163
F6RA08 Q3TTY5
F7DNY2 Q8BJS8
F6XYD8 Q6GQT0
F6WKI2 Q99M80
F6ZS28 A2ADB0
F7CAI5 O08586
F7B9G0 O88712
F6SG49 Q3UZ64
F6RA22 Q9WVS6
F6VVQ5 D3YZV8
F6RIG2 Q9CQW2
F6RA08 Q5SYD0
F7BNS9 Q9WVC6
F6S5L3 P63163
F6VKD2 Q8BZ33
F6QBM1 Q8BU88
F6SX98 Q62351
F6YMU8 A2ADB0
F7E030 Q9WUA3
F6Z8K8 Q91WU5
F6QVR3 P63163
F6ZTM2 A6PWE0
F6TS03 Q91V01
F6XL78 P12023
F7E1T6 P35585
F6Y6H0 Q99M80
F7D2X9 Q9D3P8
F6YKY8 Q9CQ06
F6R8H3 A0A286YD43
F6PRN5 Q60987
F7CCC6 P25233
F6WAR9 Q8BI67
F6RVH1 Q9D6F9
F7DQ27 Q7TNS8
F7BLZ7 E9PYV1
F6WE15 Q641K5
F6ZPA5 Q499D0
F7DNT0 Q7TMM9
F6S442 Q3UPF5
F7B297 Q8BZ36
F7E2V0 P34960
F6UBL0 P70399
F6SIH2 E9Q5C9
F6ZAL1 O35345
F6WY43 Q8VE73
F7D7I2 E9Q555
F7CCC6 P49615
F6XAE8 Q7TS68
F6SQ43 P48754
F6XTW3 O54946
F6UHS4 Q925B0
F6PMJ1 A0A286YD43
F6XB91 Q61781
F7AX06 Q6RHW0
F6W7V0 Q9DBR3
F6VIL6 Q06219
F6QQI1 S4R1Y1
F7DYB4 A2AGH6
F6XQL3 Q9ERH4
F6VIJ3 D3Z4M4
F7BU65 Q9EQT3
F6Z272 A0A286YDR3
F6Z2Z2 Q8K3F7
H9GZW5 Q91W52
F6S9I9 Q9CZJ6
F7CYC8 Q6RHW0
F6XB91 Q99M80
F6XW83 Q8VEB1
F6RA08 P04104
F6QY78 Q3UKJ7
F6PJE5 Q3TTY5
F6YM88 Q03265
F6YKY8 Q8CFT3
F6RQ49 P30681
F7BVL6 Q8R2Y0
F6YQ51 P70434
F7C788 Q9DAY6
F7BY74 E9Q1U6
F7AH79 P63163
F6QW91 A2AJW5
F6U3N4 Q05769
F6V852 O88712
F6V8V4 Q9DAM5
F7BNS9 Q9R1A8
F7C4M4 A0A0U1RNL9
F6WWE9 O88273
F7A9E9 F6R4N2
F7BJ30 P62743
F6QSL6 Q3TIX6
F6SS95 Q8VBV3
F6X4H0 Q7TNV0
F6RW70 Q924K8
F7D6A5 Q9DBR0
A0A0B4J1C4 P01592
F6Z4J4 A0A286YDR3
F7C510 P10300
F6VZD2 Q4ZJM9
F6T5B7 Q8CCF0
F7CCD3 Q62440
F6PYY3 Q64323
F6YB89 Q91YH5
F6U159 A2AEG2
F7DGI1 Q9QXJ1
F6YXL8 Q8BYL4
F6S5L3 Q9WVS8
F6PJE5 P43274
F7ANZ7 Q3UZ64
F6WJS9 P70284
F6ZS28 O54950
F6U4D9 Q91WR3
F6WCJ0 Q9Z321
F6TV50 A6PWE0
F6QBM1 Q9CQL5
F6XJE0 Q8VE04
F6YKY8 Q9D906
F7B3R2 Q91VR7
F6Y0C1 Q8VCG4
F6SRK4 Q69ZX8
F7ATL5 Q61781
F7BYR2 E9PYF7
F6S5X4 O08811
F7BBG2 Q4U2R1
F7CKR6 Q99LH1
F6YUY8 Q60769
F6XKQ4 O88852
F6UAN2 P61290
F7B297 Q99P69
F6Q6U0 P50207
F6SYI2 P23927
F6W7V0 Q922U2
F7BQ20 P09103
F7E0L8 Q9DAM5
F6XB91 Q9DBR3
F6YB89 Q99KI0
F7AV69 A2A513
F7C695 Q9JLB2
F6UFG2 Q8JZL7
O19183 Q61069
F6PJE5 P04104
F6Z4J4 Q9DCC8
F7B7X0 P04104
F6WZY9 Q3UJB0
F6WKK9 Q61464
F7AKW6 A2ADB0
F7CI38 P63163
F6RD70 Q9D9R0
F6QH40 P05480
F7DCJ8 E9Q6A7
F6Z5Q1 Q8K2G4
F6VIL6 Q8R0W1
F6YP44 Q7TSI0
F7DMY1 P70284
F6XXS9 Q9CPN8
F6SP56 E9Q6A7
F6U159 P13405
F6VDS6 D3Z3U5
F6X3S7 O88712
F7CA12 Q8BQR7
F6X4H0 Q62280
F6TBN7 P47857
F6QLC6 P35278
F6QQ77 A2AWT5
F7A984 Q8BP71
F6XUW4 Q8CHP8
F6R5P5 Q7TSH3
F7CC90 Q06219
F6WFB5 Q99M51
F6RB95 Q9WVS8
F6WPN5 E9PYV1
F7B297 Q91WR3
F6ZRL4 Q06219
F6YUY8 P46414
F6QIV1 P14152
F6XVA3 P56203
F6RIW1 Q5SWU9
F7C4M4 Q8VBV3
F6ZA94 D3Z3U5
F6YMU8 O54950
F6PV98 P57784
F6WVK2 P63163
Q08IE6 D3Z3U5
F6ZBH0 P14602
F7CZS6 Q3V1L4
F6ZIR0 Q91YU6
F7BPE3 Q923E4
F7BVG1 Q8BYL4
F6YUE6 Q8R0W1
F6ZLD4 Q99J83
F7AXE8 Q05769
F7AEP1 P05784
F6ZQX6 Q9WUA3
F6R5P5 Q9D9R0
F6XPS4 Q810N5
F7DBJ7 P16627
F7B7X0 P43274
F6Y6H0 O09172
F6QFJ2 Q5SWP3
F6QLC6 Q9D1G1
F6RX88 Q3V2D2
F7DI53 P28658
F7BBG2 Q9CQ73
F6QSL6 P35278
F6TQ92 P54728
F6UL81 P63280
F6ZRL4 Q8BGZ3
F7BQ20 P0CG50
F7DAQ8 Q80ZE4
F6X8D2 Q9WTQ5
F7B8E7 Q61391
Q2V905 Q9Z2U0
F7C4E7 Q99P72
F7B113 Q8BZ00
F6QMT3 O70201
F7AXK9 O88816
F7DMY1 Q08024
F7DNT0 P68368
F7BUA5 O89090
F6QWS4 Q6PDS3
F6VMT4 Q922G2
F6Q7J3 D3YXF5
F6YKY8 Q9WVS8
F6TV50 A2AQ14
F6TNI8 Q6NVG5
F7D007 Q9EPU0
F6PJE5 Q9D0I8
F6Z4J4 Q7TNV0
F7E0L8 Q8BFX1
F6QQ77 Q9WVJ2
F6TZX8 A2A432
F6PMR1 Q61069
F6S5L3 Q9D906
F6RJN1 F8WJE0
F7B1Y7 E9Q6Y8
F7AMU8 Q7TSI0
F6SF14 A2ADB0
F7A4J2 E9Q4P1
F6SF14 O35716
F7AG66 Q9CQW2
F7CZH3 Q8CD76
F7ANZ7 A0A0U1RNL9
F6XRD7 Q60760
F6TRA1 Q9Z238
F7BRQ1 Q8R317
F6YKI8 Q5SYD0
F6WL41 Q8CHB8
F6QTU8 Q3TTY5
F7AV69 A0A1B0GSR7
F6ZG42 O55111
F6S6H7 Q3UFY8
F7AF11 Q8BQ10
F6PHF7 Q7TNS8
F6PHL5 Q8VDG5
F7AR26 P27548
F6YKI8 P54116
F6UQV4 Q9WVS8
F6VEG9 E9Q2I3
F6Z328 P84091
F6YM88 P38647
F6R8H3 Q7TNV0
F6QD46 O88532
F7DWN5 Q8BVE3
F6RV24 Q924K8
F7BCR2 Q9Z0J4
F6QJA6 Q9D9R0
H9GZW8 P62340
F6SMN4 Q91WG5
F7DQW6 Q8R5L1
F6R5B2 Q9ES00
F6ZS96 P23804
F7D5D9 P32233
F7BQH8 G3X9H5
F6ZER1 Q08874
F6UDJ9 P33610
F7CI38 Q9CQ06
F7C0A5 F8WJE0
F6XA38 P29452
F7E107 Q9Z321
F6V3R9 O35980
F6UQU2 P59999
F6S5L3 Q8CFT3
F6QVR3 Q62311
F7A3F7 P11087
F7D5D9 Q8BX10
F7ACV1 A0A0B4J1E2
F7AS83 Q5SWU9
F6V445 Q9CQL5
F7B7X0 Q9D0I8
F6RA08 P28658
F7A9E9 D3Z230
F6S8L9 Q6P5F9
F7E1X2 Q60864
F6XB91 A2A791
F7B951 Q9QYJ0
F6XB71 Q922Q2
F6TBN7 Q62351
F6QIR9 Q6NZQ4
F7CSP3 Q6P5D4
F6PHQ1 Q8CJ67
F6U3F1 P68510
F7D6Y0 Q9DBR3
F6RV24 Q61464
F6SX98 Q9WUA3
F6YJA2 Q9CQA1
F6TVL2 Q9QYJ0
F6WBT3 Q8VCG1
F6X5V1 Q62388
F6V5B8 Q8BWY4
F7D1W3 Q9JI48
F6TVA0 Q3UFY8
F6PHQ1 Q8R2U0
F7AJU7 Q8BGZ3
F6PJE5 Q5SYD0
F6SNB5 O08811
H9GZV4 Q5SUH6
F7BG55 P54761
F6QSU1 Q3UL36
F6YMU8 O35716
F6R950 P14602
F6RRI6 Q07832
F6RAD7 Q9DCC8
F6PZJ8 A0A0R4J291
F6PJE5 P54116
F6UMS3 Q6P7F1
F6ZFZ4 Q3TE40
F6YKU1 O35385
F7D6Y0 Q61781
F7CNE1 P62315
F7ANU2 E9QP00
F6Z154 Q6PHQ9
F7DMZ7 Q6NSU3
F7CKI0 P63163
F7CC90 Q8R2U0
F6PMJ1 Q61464
F6QBM1 Q3UZ64
F6V3R9 Q7TSH3
F6ZZA7 P61082
F6R6X2 G3X9X7
F6R5G1 P19091
F6U4D9 Q922L6
F6WE15 Q9Z238
F6S891 Q61627
F6ZDS9 Q8R5L3
F7DK60 P57784
F6Z4J4 Q62280
F6RFS1 O35685
F7B0R5 P16951
F7DSH8 Q9CQJ4
F6YQP8 Q8R0W6
F6T7P5 Q9CX62
F6RD70 O35980
F7BG35 O88477
F7BQ20 A0A087WSP5
Q08IE6 G3X9X7
F7B9A4 Q9Z265
F7AXE8 Q61069
F6RV24 A0A286YDR3
F6R2I7 Q7TMM9
F6RQ49 Q9ES00
F6S7D4 Q99JX7
F7BNN7 Q9D7X3
F7DYV0 P16045
F7B238 P84091
F6R8H3 Q61598
F7DE75 O35492
F6QBM1 Q8VBV3
F6VZB0 Q8BZ33
F7AJ44 P01101
F7BVG1 A2AQ14
F6V445 Q8VBV3
F6UBL0 Q62383
F6T1S2 P62984
F6QSL6 Q9D1G1
Q2V905 Q9Z1Z2
F6SF14 O70343
F6UYB6 Q3UFY8
F6RW70 A0A286YD43
F7DY73 A2AWT5
F7AAP3 P35584
F7AMU8 P10751
F7CC90 Q8BGZ3
F6VZZ2 Q9D2L9
F6SEI8 E9Q0T8
F6TG68 P11725
F6PQG5 Q3UFY8
F7ATP4 Q91Z22
F6W5K2 Q9R1T2
F6U4D9 Q99P69
F6PQG5 G3X9X7
F7CZS6 O08811
F6YEA3 Q04886
F6YJA2 Q8BZ33
F6PMJ1 A0A286YDR3
F6ZBH0 P09103
F6RD70 O54950
F7BCF7 Q61545
F7E2F9 E9QM16
F6WGC9 B1ASA5
F6PNM7 P62315
F6XFN5 O88712
F7AEV0 Q9WVG6
F6WF09 O35280
F7AX06 Q922U2
F6Z4J4 Q61598
F6T9M0 P48281
F6TRE4 A0A0R4J0G9
F6PR27 P31313
F6XUW4 F6V5B0
F7D5D9 Q3UZG4
F6YUY8 Q9QXV3
F7CRZ2 A2AEG2
F7DBJ7 P62315
F7AKW6 Q61527
F6ZSV4 Q6NVF0
F6WE15 Q62431
F7BHV8 Q9D6F9
F6SYG5 P63166
F7DGI1 Q60634
F6SP02 P0CG50
F6YR50 O70343
F6YMU8 P25446
F6PHF7 Q8BZM1
F6RA08 P43274
F6RQX2 Q91YK2
F7AHL5 Q4KWH5
F6X8D2 P62984
F6ZLL5 P39428
F7E2F9 Q8BKN5
F7DP19 A2AGH6
F6RZ63 P97471
F6SE67 Q8VDP6
F6X2L4 Q08874
F6QE07 Q9JHD2
F6RIW1 Q02257
F6QPD5 P48453
F6R5P5 Q8C0D7
F6WZY9 A2AWT5
F6R8R0 P62137
F6UBE8 P11725
F6ULH7 O88712
F6SN62 A2A432
F6UQU2 Q3TDN2
F6UQV4 Q9CQ06
F6RJN1 F6TVP2
F6Y386 P20263
F6YR50 A2ADB0
F7AQV3 Q3UP88
F6S5L3 Q62311
F6WJE4 Q9CQA1
F7C4M4 Q3UZ64
F6YHG4 Q60755
F6V7A4 B1AWN8
F6QQ77 Q3UJB0
F7A0C8 Q62311
F6YA77 A0A0U1RNL9
F6R5I3 Q4ZJM9
F6VIL6 Q8BGZ3
F7B821 Q62351
F7DNT0 Q9D6F9
F7CI38 Q9D906
F6UBE8 Q9Z321
F6ZSV4 Q99J83
F7E030 P47857
F7CEQ6 P26450
F6ZTM2 Q8BYL4
F7CKX3 A0A0R4J0H1
F6UDJ9 Q9ER69
F6X4H0 A0A286YD43
F6SG49 Q8BFX1
F7E2D1 P13020
F6UL81 P39689
F6R3Q3 F6TVP2
F6V7C1 P70399
F6RH17 Q9Z321
F6V2U5 Q8R1J3
F6SD05 Q62432
F6RQB7 Q99J79
F7A2V7 Q6IRU2
F6TV50 Q9D0B6
F7ATL5 Q922U2
F6WF09 P23927
F6QM47 A2AEG2
F7AKA4 Q8VBW6
F6SZK9 Q8BKN5
F7C0S3 Q61043
F6YXJ9 Q9QZS3
F7BIG8 P11725
F6RH07 Q06186
F6UW24 Q9Z321
F6QV03 Q6P8X1
F6TBX9 Q63871
F6V8V4 Q8BFX1
F7B7X0 Q5SYD0
F7A0C8 Q9WVS8
F7B238 P57784
F6XPS4 P47931
F6RQX2 Q5SUH6
F7BU40 Q6I6G8
Q29482 Q06890
F7DMY1 O88852
F6SNB5 B1AWD9
F6XTW3 A2AGH6
F6R1Z0 Q9CUN6
F7CNX6 Q5Y5T3
F6TV50 Q61733
F7BJ30 Q8K4F6
F7AS83 P35585
F6YJV0 O54946
F7A2J7 Q80V62
F7AJU7 Q8R0W1
F7AK40 Q9JLV5
F6R950 Q61545
F6UAU0 Q9D7I0
F6RXX0 Q9Z321
F6Z3I2 A0A0N4SV67
F6ZG42 Q8K4F6
F6YCC0 Q9CQA1
F6QIV1 P47857
F7D6A5 Q9WVG6
F7BBH3 Q8BJY1
F6TGA5 Q3TIX6
F7AX06 Q9DBR3
F6Z4J4 A0A286YD43
F7E1T6 Q3U9N4
F7C0A5 Q99ME2
F6WHV9 Q8BHT6
H9GZW8 Q61069
F6Z1I4 Q3UFB7
F7BPE3 A0A286YD43
F6RW70 Q61464
F7E0L8 Q3UZ64
F6U3Q2 Q4ZJM9
F6YKY8 Q62311
F7B477 D2J0Y4
F6XA38 Q9WTQ5
F7BWC3 P27577
F7AKW6 P25446
F7B6P6 P26516
F6YYG4 P05627
F6ZG42 P62743
F7BEV6 P23249
F7BM06 Q6PEE3
F7C1C0 Q9DBZ1
F6YUE6 Q8CEF1
F6TPH9 P61963
F6TRA1 Q641K5
F6QQ77 O54946
F7DYV0 Q8BVE3
F6QIV1 Q9WUA3
F6ZL78 O88700
F6YUM4 Q8VEL0
F6Z4V6 P14152
F6R5B2 P30681
F7CE06 P57784
F6WRA4 Q9QXS1
F6QG82 P21275
F6YXL8 A6PWE0
F6S5X4 B1AWD9
F7D5D9 O54946
F6R8H3 A0A286YDR3
F7AKW6 O70343
F7BJ30 O55111
F6TV50 Q8BYL4
F7D9K7 O88379
F6YJT5 Q9JJF2
F6YA77 Q9DAM5
F7D7T6 P16627
P29553 P06804
F6PMJ1 Q924K8
F6YZI7 P97477
F6Q892 Q6PEE3
F6YV33 Q80W47
F6VDZ9 Q5SRY7
F6X8D2 P29452
F6XB91 O09172
F7DPQ7 Q99LU8
F6YSR6 Q08874
F7DIU4 E9QMA6
F6U224 Q9EST5
F7CKI0 Q62311
F6WDK5 Q8VBX6
F6X1H9 Q9DBZ1
F6UQV4 Q62311
F7DMZ7 Q8VHR0
F6T8H1 P46938
F6TME6 P25799
F6QTU8 Q5SYD0
F7AR56 Q5SV02
F6R8M7 Q9D099
F7CFH4 Q80W47
F6RB95 Q8VBW6
F7BXZ1 Q8VEE4
F6U6I2 P46662
F6R8H3 Q61464
F7ANU2 Q9DBR0
F7BQ20 Q61545
F6V6B4 Q9JI48
F6YYM9 Q9WTJ5
O19183 Q05769
F6TGA5 Q80UG5
F6ZRL4 Q8CEF1
F6V0I7 A2ATK9
F7BIG8 Q9Z321
F7AEP1 Q4U2R1
F7CZS6 B1AWD9
F7BPE3 Q61464
F6WEH3 A0A1L1SQI7
F7BHV8 Q7TMM9
F7ATL5 Q6RHW0
F6YKI8 P28658
F7BLW8 Q61391
F6ULN8 Q8BZ33
F7AKA4 Q9CQ06
F6U5M0 P43407
F6QTU8 P04104
F6SP02 Q61545
F6ZPE1 Q03526
F6ZA94 G3X9X7
F6VSB5 Q8C0M0
F7C1C0 Q9ERH4
F6ZWY6 P60824
F6V5A0 Q3TDN2
F6RQX2 Q8CCS6
H9GZV4 Q8BFZ9
F6QQ77 P26516
F6PNM1 Q61112
F6ZBH0 E9PVA8
F6RQX2 Q9EST5
F6PMR1 Q05769
F6RA08 P54116
F6TLD9 Q9D6F9
F6YXL8 A2AQ14
F7DFR6 Q01279
F6YKY8 Q8VBW6
F7BYQ4 Q9CUS9
F6Q9P8 O54950
F7DWN5 P16045
F6VE52 Q80W47
F6X3W2 Q7TSG1
F6YEU3 O89086
F6V8V4 Q3UZ64
F6R2I7 Q9D6F9
F7BPE3 O88477
F6ZL78 P62984
F7D5D9 A2AWT5
F6WWE9 Q810N5
F6USJ9 P06240
F7DV29 P70399
F7CKI0 Q9D906
F6Q4L3 G3X956
F7DHN3 Q8BFW9
F6PTX3 A6PWE0
F6RVH1 O35465
F6R8H3 O88477
F6UAN2 P61514
F7A883 Q8CCN1
F6SG49 Q9DAM5
F7BNS9 Q60769
F6YR50 Q61527
F6TDJ5 Q8BG54
F6Z4J4 Q7TPD1
F6QTU8 P28658
F7DWN5 P11679
F6QV03 O88532
F7B7X0 P54116
F6U4D9 Q8BZ36
F7BY91 Q711T7
F7C4M4 Q9CQL5
F6UYD5 Q9CWV7
F6YNT2 Q9D0D4
F6Q8M6 Q9D6Z1
F6VKD2 Q9CQA1
F7A0C8 Q9CQ06
F7CYG2 P68510
F6UXD9 Q8CHK4
F7DY73 Q3UZG4
F7C1C0 Q08024
F7BBG2 P62715
F6URD5 P70196
F6XFN5 P54728
F7CBK8 Q6PEE3
F6ZK80 Q99P91
F7AS83 Q3U9N4
F6PZY6 Q9Z265
F7DYV0 P08752
F7BUX8 P84091
F6VB17 E9QAP7
F6PJE5 P28658
F6V076 A0A1L1SQI7
F7DY73 G3X972
F6PZY6 P62878
F6SCX8 Q62383
F6XUW4 E9Q2I3
F6VX33 Q9DAT2
F6WUE0 P29533
F7DTE9 Q99N11
F6YXL8 Q61733
F6QZJ3 Q6PD29
F7AM44 P05784
F6WSH0 Q61188
F6UQV4 Q9D906
F6Z272 A0A286YD43
F6YME5 Q69ZX8
F7DNE5 P47811
F6ZI82 Q8BTZ5
F6Z904 Q9CQD1
F6QD46 Q6P8X1
F6YWZ6 Q7TSS2
F6VEY6 G5E8C3
F6TKR5 Q3ULA2
F6VIJ3 E9QN68
F6QTU8 P54116
F6SRT9 Q6PEB6
F7AEV0 Q9DBR0
F7DI53 P54116
F6RIW1 Q3U9N4
F7DQ27 Q8BZM1
F7CNQ9 P09065
F6X7C1 Q8BP92
F6X1H9 Q08024
F6QJA6 O35980
F6YA77 Q8BFX1
F7AKA4 P63163
F6TYL7 Q3UJB0
F6TRE4 A0A1Y7VLV0
F7D9K7 A0A0R4J0E0
F6PUL2 Q61575
F7CKI0 Q9CQ06
F6VTW3 P70372
F6QNC5 Q8C2R7
F6RB95 Q8CFT3
F6TYE4 Q9JKN5
F6ZQQ4 Q80UN1
F6SSS0 Q8C0P5
F7C2H1 Q99P72
F6XQL3 Q9DBZ1
F7CYY7 Q8BQM4
F7DX98 Q9DBC7
O19183 P62340
F6XPS4 O88273
F6R5P5 O35980
F6W253 Q04886
F6PZX1 P39689
F6TR20 Q8BP71
F6SF14 P20664
F6ZQX6 Q62351
F6U9W6 P35821
F7DYP5 P32883
F6YJA2 E9Q555
F7AYN8 Q9QYC1
F6YM88 P14602
F7CG77 P70399
F7ASN9 B2RTJ2
F6XN76 Q8BGG7
F7CDD7 Q3UNH6
F7D6Y0 Q922U2
F6X1H9 P70284
F7DK60 P84091
F6ZTM2 Q9D0B6
F7B7X0 P28658
F6RB95 Q62311
F6RA08 Q9D0I8
F6VEG9 Q8CHP8
F6WCJ0 P11725
F7DEP9 A2AQ14
F6W7V0 Q61781
F6Z904 Q8BJY1
F6RXS0 Q61526
F6XR42 Q921E6
F7BL38 A0A0R4J0H1
F6STU2 E9Q6A7
F6RW70 Q61598
F6UQV4 Q8VBW6
F7DY73 P32233
F7DP19 O54946
F7CI38 Q8CFT3
F7C1C0 O88852
F6WLR2 P35761
F7BQQ6 Q8BYL4
F6PTV7 A2APM2
F6WFR2 Q9Z0H0
F6RB95 Q9D906
F6PTX3 Q61733
F6YA77 Q3UZ64
F6XFN5 Q9CR52
F7CNE1 P62082
F7BY91 Q64368
F6PZJ8 O70472
F7A0Y8 Q9Z321
F6USH3 Q78RX3
F6YW90 P35456
F6ZTM2 Q61733
F6QSL6 Q80UG5
F7A0C8 P63163
F6Z328 P57784
F7C4M4 Q8BU88
F6QV03 Q9CPQ3
F6QQL7 Q60634
F7DGI1 P97504
F6REN5 Q62419
F7D1Z0 Q60634
F6ZWY6 Q3TDN2
F6T1S2 A0A1L1SSL9
F7DGI1 Q06180
F6WVK2 Q9CQ06
F7AU83 O35864
F6YSI5 Q9JK91
F7AIP7 Q99ME2
F6ZTR4 E9PYV1
F6V1T9 Q02257
F6TYL7 Q99LH1
F7A4F3 A0A1L1SQI7
F6Z3I2 Q6GU14
F7CYC8 Q61781
F7CZH3 Q99KI0
F7B6P6 O54946
F7AM44 P62715
F6V3P6 Q61655
F6QIV1 Q62351
F6ZF77 Q5SF07
F6RD70 P20664
F6WZY9 Q9JIF0
F7BUJ3 Q922J9
F6QJA6 Q8C0D7
F6S559 Q8VBX6
F6UI77 P27548
F6WSH9 A2AHZ2
F6PQG5 D3Z3U5
F6RAD7 Q7TPD1
F6QQB3 Q8CJG1
F7AJU7 Q8CEF1
F6T1S2 O88700
F6WZY9 P26516
