F6VTZ7 G1TGC0
F6Q2Q4 G1TCM0
F7E3W0 G1TVH9
F7D9F8 G1SSL4
F6Z4E8 G1U9B4
F6PUQ2 G1T0P5
F6TQL8 G1TSU9
F6XFJ1 G1T4I7
F6TEU9 G1T9C8
F6X485 G1SL68
F6TEU9 G1TWK7
F6QNK6 G1TCM0
F7DGS2 G1TBY0
F6RRI6 G1SL68
F6ZRE9 G1TQW1
F6YZR5 G1SIJ3
F6RRU3 G1SH10
F6YZJ4 G1TBZ1
F6QWP4 U3KP59
F7BR74 G1SGM5
F7BBI4 G1T8N1
F6XKN4 G1SUN2
F6QKV7 G1TW08
F6X756 G1SML4
F6RXS0 G1TDH0
F6QFH2 G1TJ36
F7D9F8 G1TP25
F7BWG5 G1TWK7
F6SZX2 G1T4L6
F6SL12 G1SLQ8
F6SW18 G1SLC6
F6Q2Q4 G1SL22
F6QL56 G1SML4
F6X756 G1U9B4
F7AUW2 G1T9M9
F6SL61 G1T1L1
F6QR51 G1SQM7
F6XB91 G1ST72
F6RM37 G1T9C8
F6RM37 G1SFB6
F7C4C2 P68105
F7BQS3 G1SF46
F6WIF5 G1SQC1
F6XAQ3 G1TGD9
F6SWV0 G1TAV7
F7CYP7 G1SLT0
F7DKM8 G1TWK7
F6UA86 G1T6D1
F7ACV1 G1SXS3
F6PKQ6 G1T0X6
F6RL35 G1SJJ7
F6QFH2 G1T8P3
F6U1P4 G1SE64
F6S7D4 G1SXC8
F6ZYH8 G1SMG3
F6V881 G1U415
F7D0F2 G1STZ5
F6RRU3 G1SCT0
F7AKZ2 G1SSM2
F7CL86 G1TTM0
F7C788 G1SUX1
F6WZY9 G1U3M5
F7AET6 G1T3Y0
F6XRF8 G1SEC7
F7B1T3 G1SVF4
F6YZI7 G1TEP5
F6PQP4 G1TJB2
F6QWP4 G1T290
F6XTW3 G1T7B5
F6Q2Q4 G1TZY7
F7DKM8 G1T4L6
F7A2J7 G1SIC9
F6U1P4 G1TDU6
F6ZFZ4 G1TBZ1
F6VUR4 G1SH10
F6SE67 G1T566
F6ZUJ2 G1T3Y8
F6W3M5 G1T3Y8
F6YNT2 G1SW67
F6PPZ2 G1THQ9
F6ZWW8 G1T3Y8
F7AM44 G1SRN9
F6YYG4 G1TVU3
F6Z8J2 G1SLL5
F7BXZ1 G1U419
F6YPK5 G1T2P2
F6VS33 G1T165
F6QPW3 G1SLD7
F6XCU4 G1TN11
F6QAN6 G1TEY1
F7DBY8 G1SDC7
F7BWG5 G1TRF4
F7BPU9 G1TNB4
F6WIS6 G1SLH7
F6Q912 G1TIP3
F6Z2D8 G1T566
F6QFH2 G1SMY1
F7AJM6 G1SKZ3
F6TWD7 G1TUM1
F6S0P5 G1TP25
F6ZTR4 G1SV63
F6XXG1 G1THQ9
F6YW90 G1TNG2
F6XA04 G1TF91
F6UQU2 G1T221
F6Q3Y7 G1T6M1
F6QNK6 G1SL22
F6VUR4 G1SCT0
F7BQH8 G1U9C8
F6YBH2 G1TZQ9
F6WKC0 G1T5Z6
F6UFG2 G1SZB4
F6TEU9 G1SFB6
F6RHL6 G1SV63
F7D9K7 G1SZ81
F6PUD8 G1T2W5
F7CH72 G1SEV9
F6WMX3 G1TAR0
F6TTJ8 G1SV33
F6QCI6 G1TUM1
F6RM37 G1SEC7
F7BD82 G1T1B1
F6XL24 G1TIP3
F6ZLR7 G1SVW7
F6QLW9 G1SXH5
F6QKV7 G1SJ47
F6XL24 G1SX32
F7C2U3 G1SI26
F6YZL0 G1TP83
F6S0P5 G1STG2
F7DGM3 G1T184
F7CCF5 G1TYE2
F6SRZ6 G1T7G6
F6UCG9 G1SQ43
F7CQM8 G1T035
F6R8G3 G1SSL4
F6X610 G1SLH7
F6QMU5 G1SE50
F6QPW3 G1SZ72
F6UE43 G1TNE6
F6ZUJ2 G1T6D1
H9H002 G1SLH7
F6QR51 G1T8H7
F6ZBR3 G1TBA4
F6RJN1 G1TP83
F7C1M0 G1T250
F6QHL9 G1SEN5
F7BZW5 G1TET3
F7CKR6 G1SI62
F6WYR4 G1T856
F6YXJ9 G1T277
F7DAK8 G1T9C8
F7DWA2 G1T035
F6SSS0 G1TK65
F6PHF7 G1TEJ2
F7AK40 G1SZR6
F6WTY0 G1SEH9
F6WQ69 G1SVQ8
F6YNT2 G1T7B5
F7C450 G1SGQ5
F7E191 G1SUF3
F6S0P5 G1SE57
F7DFR6 G1SZE4
F6R8G3 G1T221
F6XR42 G1TIX5
F6UFK4 U3KP59
F6WCE5 G1TCM0
F7CEM4 G1TRQ7
F7CH72 G1T165
F6ZQD3 G1T4X2
F6TV92 G1SI62
F7D355 G1SWN0
A0A0B4J1C5 G1U9C8
F6TEU9 G1TRF4
F6R8G3 G1T657
F7A883 G1SZD8
F7D044 G1SHM5
F6S8L9 G1SMY6
F6V3G6 G1SVG9
F7DM52 G1TNH0
F6XCU4 G1SWN0
F6Z3I2 G1TN55
F7D2X9 G1SUG3
F6YQZ0 G1T0H1
F6VS33 G1T0X6
F7BAA7 U3KM00
F7D2A3 G1SYY1
F6SB53 G1SWZ2
F6YPK5 G1ST56
F6W4Z3 G1SGZ9
F6WSM9 G1SMV4
F6SKU5 G1TI07
F6WJB5 G1SMY1
F6TQ51 G1SR83
F6Z8J2 G1SEC7
F6PKQ6 G1SEV9
F6Z2D8 G1TWM4
F6XRF8 G1SLL5
F7DKM8 G1T9C8
F6WJB5 G1T8P3
F7AET6 G1TN55
F7DSH8 G1SMQ9
F6SPH9 G1TBZ1
F6TQR2 G1TAP3
F7BWW6 G1SR03
F6RM37 G1TWK7
F7E2A5 G1T856
F6XRF8 G1T4L6
F7DZT2 G1SJW2
F6RAH7 G1U0E3
F6QLW9 P79218
F7DKM8 G1SEC7
F6R6E3 G1SUF3
F6Z8J2 G1SFB6
F6Q3Y7 G1TA58
F7E2V0 G1SUW9
F7CAX0 G1SGM5
P29553 P04924
F6ZEW5 G1T3Y0
F6YQZ0 G1TJ36
F6ZTR4 G1T9A1
F6WLC5 G1T2Q2
F6R5P5 G1TGB4
F6PIK9 G1SXF3
F6Y3C8 G1T0T7
F6VRC2 G1SLH7
F6PHF7 G1SJW2
F6TQR2 G1T035
F6W196 G1TV09
F6QL56 G1U9B4
F6YXJ9 G1SPP0
F6S9Z1 G1T230
F7DWY7 G1TWK7
F6WEM4 G1SPS9
F7BGU6 G1SLL5
F6YEM4 G1U101
F6UFK4 G1TTT2
F6XN76 G1T4N8
F6W8H2 G1SQ55
F7BZW5 G1TBK2
F6YW73 G1TIW9
F7A1J9 G1TC83
F6Q188 G1SYS2
F7D9J2 G1TAH7
F6UQ47 G1SML6
F6T775 G1SVQ9
F7BGU6 G1T9C8
F7BC54 G1TY37
F6SJM8 G1T6D1
F7A8D2 G1TS89
F6WFQ1 G1SX32
F7BGU6 G1SFB6
F6X610 G1SX32
F6R6E3 G1SXK9
F6Y8U8 G1T6D1
F6UQU2 G1T657
F6XEB4 G1SDY5
F6RZ63 G1SL61
F7DIL5 G1SEW1
F7DAK8 G1T4L6
F6SZX2 G1TWK7
F6ZS37 G1U3W2
F6UQU2 G1SSL4
F6YQZ0 G1T8P3
F6Y0U3 G1SJK0
F6U806 G1U1B4
F7BBI4 G1SSZ8
F6YPK5 G1T7B5
F6SZX2 G1SFB6
B7X6D7 G1SJJ7
F6Z1I4 G1SZT9
F7ATQ2 G1SE83
A0A1L1R2Y5 U3KMC5
F6TE29 U3KPJ5
F7B7L7 U3KNR1
F6QPW3 G1SQ45
F6RM37 G1T4L6
F6RKT2 G1TVH9
F6VTZ7 G1SVQ9
F6UCC4 G1U9R2
F6SZX2 G1T9C8
F6SZX2 G1SEC7
F6ZTR4 G1T4N8
F6UXD9 G1TJ36
F7D8U2 G1TP83
F6XRF8 G1SFB6
F6YQZ0 G1SMY1
F6RFS1 G1SQY8
F6XRF8 G1TWK7
F7E191 G1SXK9
F6S0I9 G1TBZ1
H9H002 G1SX32
F7CQM8 G1TAP3
F7DAS1 G1TBB8
F6UHS4 G1T602
F7BME5 G1SIG2
F6VTZ7 G1T4R0
F7BWG5 G1T9C8
F7BBI4 G1SK48
F7B238 G1TP83
F6QFH2 G1T0H1
F7DZV9 G1SIT9
F7E2W7 G1SUD3
F6WTK3 G1T0X6
F6UXD9 G1SMY1
F6S0P5 G1SWH9
F7AMG5 G1TWX8
F6UXD9 G1TEY7
F6XB71 G1TIP3
F6UXD9 G1T8P3
F6XB71 G1SEN5
F7DDB3 G1TAI8
F6SK46 G1TGC0
F7E3E6 G1T5F0
F6SK46 G1SVQ9
F6PNM7 G1SS22
F6WHL3 G1TEY1
F7BG35 G1U0D5
F6UAP9 P79218
F6R5G1 G1TTV8
F7AWM3 Q0R4E4
F6ZS96 G1U2Y0
F6R950 G1SKZ3
F7BGU6 G1SEC7
F6ZPA5 G1SLQ0
F6UAP9 G1SXH5
F6YZR5 G1U5D4
F7CJM0 G1SHM5
F6WTK3 G1SEV9
F7BUA5 G1SL61
F6VS33 G1SEV9
F7BGU6 G1TWK7
F7DWY7 G1TRF4
F6T775 G1T4R0
F7BLZ7 U3KN87
F7A3F7 G1T4A5
F6WTK3 G1T165
F7CL86 G1SFY5
F6XX61 G1SD02
F7DAK8 G1TRF4
F7DWY7 G1T9C8
F7AU83 G1T1D9
F6WLY6 G1T9F3
F6RSH5 G1T2Q2
F6VF95 G1TDK5
F7DAK8 G1TWK7
F6YI14 G1T8R2
F6TEU9 G1T4L6
F6PKQ6 G1T4R0
F7D9F8 G1STG2
F7BGU6 G1T4L6
F7BQL5 G1SEN5
F7AMG5 G1TB52
F6Z8J2 G1T4L6
F7DKM8 G1SFB6
F6WFQ1 G1SLH7
F6S8M6 G1U3I5
F7A860 P47845
F6Z8X4 G1TLS9
F6VTW3 G1TAE2
F7D4R9 G1SL68
F6UFK4 G1T290
F7DMI6 G1TYN2
F7AYW3 G1SL68
F6QNK6 G1TZY7
F6YBQ6 G1T8P3
F6XK12 G1TRW0
F6SZX2 G1SLL5
F6XN76 G1T9A1
F6V5A0 G1TBZ1
F7D9F8 G1SWH9
F6VRC2 G1SX32
F7D4M5 G1TC95
F6T775 G1TGC0
F7BXZ1 G1SFK3
F6WIG4 G1SGZ4
F6ZK80 G1SV33
F6S1R4 G1TN11
F7D9F8 G1T221
F7DEC9 G1TET3
F7DZT2 G1TEJ2
F7D355 G1TN11
H9GZN5 G1T9D0
F6QPW3 G1SP33
F6Z4E8 G1SML4
F6X610 G1TIP3
F6T8J7 G1TQ55
F6RM37 G1SLL5
F6RNY1 G1T276
F6SGJ7 G1SHS4
F6RKT2 G1ST56
F7AZI4 G1SEH9
F6Z9Q9 G1U763
F6ZTR4 G1T221
F6YZ64 G1U730
F6TEU9 G1SEC7
F7DKM8 G1TRF4
F6URD5 U3KNH2
F6SK46 G1T4R0
F6Y0D9 G1TIW9
F7DYY2 G1T4N6
F6YPX9 G1SJT1
F6XL78 G1SZM2
F6TZX8 G1T6D1
H9H002 G1TIP3
F6RHL6 G1T221
F6ZWW8 G1T6D1
F6QPW3 G1T0F6
F6U832 U3KN10
F6YJP4 G1SQF8
F7C1S0 G1TZS4
Q9BDF6 B7NZM9
F6WIS6 G1SX32
