G1TQX1 B2RYW7
G1TIF8 Q63467
G1SV05 Q5XIP6
G1SQ94 Q7TNY1
G1U5D4 F1MAF2
G1SGY7 Q63396
G1SNN1 D3ZWG3
G1SLH7 F1MAL5
G1SHA2 F1LN88
G1U6H0 Q9Z270
G1T9T8 D4A228
G1T0W1 Q68FQ7
G1SV05 A0A140TAG9
G1T359 Q66HF1
G1TVH9 P83888
G1SXC8 F1MA52
G1U5H3 Q10739
G1TT72 D3Z863
G1SDT0 D3ZRN3
G1T0W1 M0R7E6
G1TJ27 D3ZHJ4
G1TIX5 B5DF02
G1TPN2 A0A140TAG9
G1U3L3 A0A0H2UHG1
U3KNH2 B5DF45
G1TPN2 Q5M9G3
G1SXX9 O70248
G1SXC5 D4A275
G1SU42 Q6P771
G1T8X8 Q2PWT8
G1T494 F1LQN6
G1SIX4 E2CWF0
G1T3C6 D4A7M3
G1SEY7 Q5BJP1
G1SWE7 B1WBV3
G1U843 D3ZWG3
G1SSF7 Q64350
G1T736 F7F172
G1ST56 P30835
G1SHA2 Q5PPI1
G1T391 Q5XIE1
G1TQ35 D3ZTG2
G1U074 F1M5C9
G1TIP3 B2GV58
G1TBC8 P53987
G1TY37 D4AA94
G1TP83 A0A0H2UHG0
G1U235 B2RZ60
G1SPE4 D3ZIX4
G1SEW1 Q3KR59
G1SQK0 Q9ET50
G1SJ23 A0A0G2K0X1
G1SQ17 F1LLW9
G1T964 P10037
G1TCX4 Q5FVJ5
G1T0X6 D3ZME7
G1U730 Q4KM37
G1SD81 A0A0G2JTY2
G1T4R0 D3ZME7
G1T5H5 D3ZG48
G1TGG7 B1WBW7
G1TJU2 M0R887
G1SZT9 P35739
G1TP83 F1M049
G1U843 P63016
G1SR03 P46462
G1SE50 Q5U2U2
G1T8E2 A0A0G2JVC1
G1U235 Q6P6R0
G1TZB1 A0A0G2K0K7
G1TC59 F1LSV1
G1SWR6 F1M7P1
G1U9B4 P16970
G1SSV3 Q6W3B0
G1SGZ8 D4A7E9
G1SUH7 Q4KM95
G1TS42 D4AEH9
G1U0L8 D4A4X5
G1U0L4 Q5M947
U3KMP1 A0A0G2K5E7
G1TWX0 D3Z9J4
G1TD30 G3V8G3
G1U235 Q63511
G1T1E3 D3ZZC1
G1SZM9 M0R4S2
G1U843 D3ZW24
G1T3R9 A0A0G2JYV3
G1T6I9 G3V9Y6
G1TE75 A0A0G2K3G1
G1SIN7 P47861
G1SCT4 Q6IML7
G1T1E3 Q5M947
U3KN10 D3ZIG2
G1SGM5 D3ZA02
G1SWW0 A0A096MJW8
G1TYJ9 Q5FVJ5
G1TIZ7 D3Z8X5
G1SCY8 A0A0G2JWX4
G1SQ27 A0A0G2JYJ1
P47823 Q64350
P47823 Q63396
G1U730 B0BNI2
G1TNH9 F1LTU4
G1T165 D3ZME7
G1SE63 F1M5C9
G1SIX4 A0A0G2K864
G1TPN2 Q99N27
G1TN01 F1LR39
G1TV09 D3Z863
G1T1V9 P14659
G1SCZ4 D3ZIX4
G1U2E0 Q4V7D8
G1SZK4 Q64350
G1T8H7 F7EVX2
G1THQ6 B1H227
G1SPV6 M0R4S2
G1TJU2 A0A0G2JYH7
G1SYV9 G3V852
G1SMS1 G3V7J3
G1SQ94 B5DEL1
G1TCJ6 D3ZUQ8
G1U7U5 Q3SWU0
G1SRZ8 A0A0G2K9C0
G1SIJ3 Q6MGB4
G1SH39 B1H268
G1T991 F1LMH8
G1TYK6 A0A0G2K9C0
G1SZA8 F1LW16
G1SCY6 M0R592
G1SML6 A0A0G2K0D4
G1SLH7 E9PSY8
G1T926 D4A8U7
G1THI9 D3ZXC6
G1SGZ8 F1LWN5
G1TPN2 Q5XIP6
G1U3B2 Q68FQ7
G1SVQ9 D3ZME7
U3KN58 A0A0G2K6L6
G1TJU2 Q4V7E0
G1STX3 F1LQP9
G1T680 Q66H66
G1TU23 E9PT13
G1THP0 F1M5C9
G1SXX9 A1L1I3
G1TF42 M0RC73
G1SIC9 A0A0G2K5U0
G1TP56 P51638
G1U9I8 A0A0G2JST3
G1T602 G3V6S1
G1T554 D4A6N8
G1SD81 A0A0G2JST6
G1SEN5 F1MAL5
G1SIJ3 Q5FVH4
G1SM76 D3ZJT1
G1SX32 D3ZCS4
G1TAB1 D3ZMN5
G1ST34 Q5M947
G1SX39 D3ZSF0
G1SVV6 A0A0H2UHI2
G1SMQ9 D3ZZ80
G1SZ89 F1LVT0
P63169 P63170
G1TIF8 D4A6N8
G1T0W1 A2VCX1
G1U6X6 Q5RJM0
G1U0L8 G3V8G3
G1SKZ3 P04961
G1TYY6 D3ZWG3
G1TZB1 F1LSE5
G1SJJ2 G3V8C0
G1SML4 P16970
G1SVM7 D4ABD5
G1U9I8 F7F9U6
U3KN56 D3ZQ06
G1THF6 D4A2A9
G1U9I8 F1LTU4
G1U0L8 D3Z9K9
G1U0H8 Q0ZFS4
G1SDA4 P23514
G1SU08 B1WBR8
G1SX32 Q5PQX1
G1TYY6 Q6P771
G1TPN2 F1LQ81
G1T184 B2GUZ0
G1SV81 G3V8C0
G1U3B2 A0A096MIX2
G1T7M3 Q5PPI1
G1SGY7 Q6MG13
G1U3B2 Q5RK09
G1SH24 G3V7D8
G1TV31 Q4KLF8
P47823 Q62785
G1SQK0 B2RZ74
G1SLH7 Q5PQL2
G1SIN7 G3V7K8
G1TC59 P63016
G1TF07 Q4KM37
G1T6D8 D3Z9L5
G1TZN2 Q3B7U9
G1U3B2 Q9WUC8
G1SMW3 D3ZB71
G1SD02 P21708
G1SHN4 Q641Z2
G1SUF4 P20417
G1SLH7 Q5U313
G1TZQ2 Q4V7E0
G1TCS8 Q6NYB7
G1SZB1 Q4KLJ4
G1SUY2 A2VCX1
G1TB84 A0A0G2JYS9
G1SLW2 D3ZA25
G1U3X6 P62138
G1T2J3 D3ZW24
B7NZN9 Q07984
G1T617 A0A0G2K5G8
G1STR3 B5DEL1
G1SNS0 F1M5C9
G1T0Y2 Q5QJV4
G1SZK4 Q6MG13
G1TC59 Q6P771
G1SLH7 Q91ZN7
G1SLH7 Q5PQX1
G1TP56 A0A0G2JYH7
G1SUY2 F1LN88
G1SEN5 Q5PQX1
G1T0B3 D4A548
G1SY48 O70521
G1T221 B2RYB3
G1SE18 M0R5A9
G1SZU2 Q7TP77
G1SQM7 Q6MG13
G1T0W1 Q5RK09
G1TBC8 Q66HF1
G1SMK6 A0A0G2JTX9
G1SJ89 D3ZMN5
G1SH25 P61212
G1TEG1 F1MAK3
U3KPN6 P18901
G1SWR6 F1LLW9
G1TNH9 A0A0G2JST3
G1TKT7 Q5QJV4
U3KNR1 F1LM09
G1TZ76 A0A0G2JWX4
G1SV63 B2RYB3
G1T359 P53987
G1T8H7 A1L1I3
G1SUY2 Q9WUC8
G1SZK4 Q63396
G1TP56 D3ZHJ4
G1SH86 Q6MG13
G1TV09 D4A7E1
G1SSM2 Q4V7D8
G1T494 A0A0G2JZU6
G1SEN5 Q64620
G1T0W1 Q5PPI1
G1SUY2 D3ZZC1
G1TP56 Q4L0E9
U3KN56 M0R8Z6
G1SEN5 B2GV58
G1SEG7 Q5RJQ7
G1T391 B2RZD1
G1SWE4 D3ZZS8
U3KPN6 A0A0G2JZU6
G1U0E9 A0A0G2JUT7
G1TD30 B2RZ60
G1TLA8 A0A140UHY0
G1SYE7 A0A0G2JTY6
G1SYE7 Q5U3Y0
G1TBK7 A0A0A0MY35
G1SZX7 D4A349
G1SGM5 D3ZMR2
G1STX3 F1MAK3
G1U6X6 F1LR39
G1TYY6 F1LSV1
G1SQM7 A0A140UHX0
G1SZM9 D3ZQF8
G1SLW2 A0A0G2K4R1
G1TSJ2 Q505I5
G1TZP0 P61983
G1TCY5 D3ZMN5
G1T617 F1LQP9
G1TG73 F1M5C9
G1SCI5 D3ZIX4
G1SQ94 A0A0G2JYJ7
G1T1E3 Q9WUC8
G1SHA2 Q68FQ7
G1T7B5 G3V727
G1TBC8 B1WC02
G1SIT9 F1LQ81
G1SZM9 Q63467
G1TBZ4 F1LSV1
G1T2P2 P83888
G1SYE7 A0A0G2JU59
G1U3B2 Q498M4
G1TUQ4 Q10739
G1SPE4 D4AAM0
G1TYY6 P16443
G1SU61 D3ZB71
U3KMP1 Q6P7B0
G1T481 Q5PQL2
G1T2Q1 D3ZZS8
G1SVU9 O54857
G1TYD5 Q498D8
G1T8X8 M0R8Z6
G1TP83 B2RYH5
G1SEG7 M0R7K6
G1SUH8 Q9ER24
G1T424 Q498D8
G1SRZ8 B1H227
G1TQX1 P20417
G1SI26 D4A305
P11611 P62716
G1SXC5 M0R7K6
G1TS42 B1H268
G1SZX7 F1LNK2
G1U194 D3ZIX4
G1T9T8 Q6MGB2
G1TSJ2 F1LVT0
G1TVH9 G3V727
G1T554 Q63467
G1T9H8 F1LMB5
G1SPE4 A0A0G2K5G8
G1T1E3 F1LN88
G1TNH9 Q66H50
G1T7M3 D3ZZC1
G1T481 Q9WTT7
G1ST34 Q6AY09
G1TN01 D3ZG48
G1SK67 F1M953
G1SKW5 F1LQ81
G1U5D4 G3V7K9
G1SQM7 Q62785
G1TBZ1 P60522
G1TUU4 Q10739
G1SRN9 A0A0G2JUC9
G1SMV4 P11506
G1T0W1 Q9WUC8
G1T7Q2 M0R7K6
G1U637 Q5XIE1
G1T0Y2 Q6IML7
G1SQ27 F7EVX2
G1U0H8 A0A0G2KB72
G1TZQ2 Q4L0E9
G1T3Y0 Q63396
G1T143 D4A9N5
G1U3B2 D3ZZC1
G1SQK0 Q498M4
G1TWI8 P12841
G1T646 Q4L0E9
U3KN58 F7F0B1
G1SLF7 F1M957
G1T7B5 O88656
G1T250 D3ZDJ3
G1SNN1 P16443
G1TGG7 D3ZXR7
G1U0H8 O55170
P27124 Q9QVC8
G1SLH7 B2GV58
G1STX3 A0A0G2K5G8
G1TIP3 Q5PQL2
G1TCC1 P53987
G1ST56 D4A857
G1U6X6 A1A5P2
G1TZ76 Q66H50
G1TAQ9 A0A0G2K562
G1SEN5 Q5U313
G1TZ76 Q9ER24
G1TC59 D3ZW24
G1SIT9 A0A0G2K2M9
G1TIP3 Q5U313
G1SN14 A0A096P6L8
G1TZM6 Q6P771
G1SQV5 A0A0G2K9C0
G1TVU3 P17325
G1T4I7 Q9Z336
G1SY48 D3Z9C0
G1TB39 E9PTS4
G1TQF8 Q9ESB5
G1SCY6 D4ACU0
G1T1I3 Q498D8
G1U5D4 Q6MGB4
G1TD30 Q6P6R0
G1TCU2 A0A0G2KAW9
G1TXY0 Q5M947
G1TBF1 A0A0G2K612
G1SZI0 Q7TT47
G1TIP3 Q9WTT7
G1TCK9 F7F0B1
G1TEU8 Q66H16
P13943 D3ZW33
G1SX32 Q9WTT7
G1SSF7 Q63396
G1SUH8 A0A0G2JST3
G1SU42 P63016
G1U235 G3V8G3
G1SF46 B2RYB3
G1SK06 F1LRQ5
G1T2P2 D4A857
G1U5C3 A0A0G2K8X5
G1T8X8 D3ZQ06
G1T1D9 F7EUU4
G1TJ27 Q4L0E9
G1T8P5 Q6AXT9
G1T9T8 D3ZB81
G1TR97 D4A554
G1TN01 A1A5P2
G1T1E3 Q5RK09
G1ST56 E9PTS4
G1T139 Q5XHZ0
G1SEN5 D3ZCS4
G1SIN7 Q62673
G1T0W1 D3ZZC1
G1SUY2 Q5PPI1
G1T8H7 Q66H76
G1SX32 F1MAL5
G1SRV2 D3ZIX4
G1TN01 Q5M947
G1T7M3 Q9WUC8
G1T737 P09416
G1TP56 G3V6Q2
G1TYF2 M0RC73
G1SU42 D3ZWG3
G1T3X4 G3V6I3
G1T481 Q91ZN7
G1TVH9 E9PTS4
G1TRM8 F1LSV1
G1U235 B3DM92
G1SQK0 P62193
G1SEY7 D3ZCS5
G1T646 D3ZHJ4
G1TRM8 D3ZW24
G1SE18 F1LRQ5
G1T1B1 A0A0G2QC09
G1TC59 D3ZLB7
Q8MK68 P60517
G1U637 D3ZA12
G1U6X6 Q5M947
G1SCY8 F7F9U6
G1TIF8 A0JPK9
G1TJU2 Q4L0E9
G1SQ43 A0A0G2K5R4
G1TSX0 Q63467
G1SCY8 F1LTU4
G1T3C6 D3Z8X5
G1SNN1 Q6P771
G1SLH2 Q6DGF9
G1SNK3 Q498D8
G1TSI3 Q7TNY1
G1SES5 A0A0G2K0X1
G1U2Y0 Q0VGK0
G1TAE2 B5DF91
G1SRL1 D4A228
G1SGY7 Q62785
G1U6X6 Q6AY09
G1U0H8 D4A6T2
G1SX32 Q5PQL2
G1SGY8 P70501
G1SPE4 F1MAK3
G1SXM6 Q6DGF9
G1STX3 D3ZIX4
U3KM97 B2RYW7
G1TZQ2 P51638
G1U235 A0A0G2JZU6
G1SWE7 D4AC45
G1TKT7 Q6IML7
G1T646 P51638
P47845 P08699
G1SLH7 Q9WTT7
G1T7V8 D3ZA12
G1SUL4 G3V920
G1TXN2 F7FL53
G1TVH9 D4A857
G1TPA8 M0R5A9
G1U0L4 D3ZG48
G1T8H7 A0A140UHX0
G1SQM7 Q64350
G1TRM8 D3ZWG3
G1TJ27 A0A0G2JYH7
G1T9M9 P60711
G1SFK3 P19139
G1T8W1 Q68FP9
G1ST34 A1A5P2
G1T359 B1WC02
G1T964 F1M972
G1SX32 Q91ZN7
U3KPN6 D4A4X5
G1U415 Q3KR94
G1U235 D4A4X5
G1SZE4 G3V6K6
G1TEI0 D3ZIX4
G1SIJ3 F1MAF2
G1TZS4 P31016
G1T5H5 F1LR39
G1SZD8 D3ZUA2
G1SLK4 F7F9U6
G1TZ76 F7F9U6
G1TIP3 Q5PQX1
G1T481 Q5U313
G1SI26 B5DFN1
G1SHA2 D3ZZC1
G1T2P2 D4AC36
G1SQ43 Q5BJP1
G1SM25 D3ZMN5
G1U5D4 Q5FVH4
G1U0L8 P18901
G1T646 A0A0G2JYH7
G1TP56 M0R887
G1TGR9 B8K1X9
G1TZM6 D3ZW24
G1SYS3 M0RC73
G1SEN5 E9PSY8
G1TES6 F1LQ81
G1U0H8 D4A349
U3KMP1 D3ZVQ0
G1SLK4 A0A0G2JWX4
G1TIZ5 Q3SWU0
G1SLK4 A0A0G2JST3
G1TSX0 D3ZQF8
G1TJU2 G3V6Q2
G1TJ27 P51638
A0A0B4J1Q4 F1M400
G1SU42 D3ZLB7
G1T0W1 Q498M4
G1U3B2 M0R7E6
G1T184 Q5FVM2
G1SD91 P61212
G1U0L4 Q6AY09
G1U2J7 D3ZJ91
G1ST34 Q5RJM0
G1TSI3 B5DEL1
G1TDF5 Q5QJV4
G1T919 R9PXS3
G1SXS3 D3ZU42
G1SYR9 D3ZIX4
G1U3B2 F1LN88
G1ST56 D4AC36
G1SEW1 F1MA31
G1SLD3 D3ZQ06
G1SLH7 D3ZCS4
G1SXS3 D3ZVN8
G1T602 A0A096MJC8
G1T7Q2 Q5RJQ7
U3KM97 D4A2H2
G1U0L4 A1A5P2
G1SUH8 F1LTU4
G1T4A5 P02454
G1SYS3 M0RCL1
G1U0H8 F1LNK2
G1SMQ1 A0A0G2JX94
G1TD30 D4A4X5
G1TFV2 A0A0U1RRU5
G1SKS8 F1LQP9
G1TIP3 Q91ZN7
G1SU42 D3ZW24
G1SEN5 Q5PQL2
G1SV83 D4A634
U3KMP1 D3ZBY5
G1TTV8 A0A0G2JSI8
G1U0L8 A0A0G2JZU6
G1TCU2 G3V8S0
G1TJU2 P51638
G1SXC5 Q5RJQ7
G1T7V8 Q5XIE1
G1SQV5 B1H227
G1SDZ3 M0RCA3
G1SNN1 P63016
G1TZJ2 F1M5C9
G1TIP3 D3ZCS4
G1SCZ4 F1LQP9
G1SIK3 P63016
G1TYY6 D3ZW24
G1SFK9 A0A140UHY0
G1U0E9 G3V6V7
G1SX39 A0A0G2JUT7
G1SIX4 B1H222
G1TRM8 Q6P771
G1TP56 Q4V7E0
G1SF41 M0R7I8
G1TZM6 P16443
G1T494 D4A4X5
G1TSJ2 D4A7E9
G1SHA2 B2RZ74
G1SDJ7 D3ZB71
G1TEG1 D3ZQI6
G1TS89 D3Z9L5
G1U235 F1LQN6
G1TIZ7 D4A7M3
G1T554 M0R4S2
G1STR3 Q7TNY1
G1SLF7 O54854
G1TZ76 F1LTU4
G1SR16 P61203
G1T494 G3V8G3
G1SPV6 D3ZQF8
G1TRM8 D3ZLB7
G1SK67 G3V6D3
G1SIJ3 G3V7K9
G1T8H7 P08644
U3KPN6 G3V8G3
G1SK67 D3ZUC2
G1TU23 A0A0G2JW85
G1TYY6 D3ZLB7
G1SQK0 A0A096MIX2
G1T607 Q2PQA9
G1TQ35 A4L9P7
G1SGY7 Q64350
G1SV05 Q5M9G3
G1SUH7 D3ZDG0
G1TPT0 M0R7K6
G1TD30 F1LQN6
G1SLM0 D3ZB71
U3KM97 P20417
G1SEN5 Q91ZN7
G1TPA8 D3ZFS1
G1TF91 P62260
G1TA93 Q498D8
G1T2J3 D3ZWG3
G1SX39 G3V6V7
G1SDY5 P62994
G1SZM9 D4A6N8
G1SMY6 Q80U96
G1SKS8 A0A0G2K5G8
G1TCC1 B1WC02
G1T2P2 E9PTS4
A0A0B4J1Q4 B2GV14
P47823 Q6MG13
G1TC59 P16443
G1SQ55 Q8K422
G1T481 Q5PQX1
G1SQ27 G3V836
G1SLK4 Q9ER24
G1SKJ6 Q9Z0T0
G1U427 A0A0G2K226
G1TZQ2 D3ZHJ4
G1SQK0 D4ACB8
G1SEG7 A0A0G2JWS3
G1T646 M0R887
G1SLD3 M0R8Z6
G1U198 Q2EJA0
G1SLK4 Q66H50
G1TJ27 M0R887
G1SQ17 F1M7P1
G1SF90 D3ZB71
G1T5Z6 Q6AYM1
G1SPE4 F1LQP9
G1SQ43 A0A0G2K7F0
U3KP66 Q6DGF9
G1TGD3 D3ZB71
G1SHA2 Q9WUC8
G1T1E3 Q68FQ7
G1U843 P16443
G1SUH8 A0A0G2JWX4
G1TIP3 E9PSY8
U3KN10 Q01134
B7NZN9 P61212
G1U3B2 A2VCX1
G1U7U9 G3V6J8
G1TSJ2 F1LWN5
G1TCC1 Q66HF1
G1SIX4 D3ZQL7
G1T5H5 A1A5P2
G1TT72 D4A7E1
G1SSB9 P51657
G1U194 F1LQP9
G1U0L8 Q6P6R0
G1SZM2 P08592
G1SVF4 D4A0A0
G1T1Q0 P61169
G1SD58 E9PTR3
G1SK73 Q5FVJ5
G1TD30 B3DM92
G1SZB4 D3ZJN7
G1TZM6 D3ZLB7
G1TSI3 A0A0G2JYJ7
G1T0W1 F1LN88
G1TF42 M0RCL1
G1SNN1 F1LSV1
U3KPN6 D3Z9K9
G1TVH9 O88656
G1TEG1 D3ZIX4
G1T2T1 P27704
G1SLK4 F1LTU4
G1TIZ5 Q7TP77
G1SCR4 Q498D8
G1SJ30 G3V920
G1STR3 A0A0G2JYJ7
G1T0H3 P63088
G1TBH9 P20793
G1TZQ2 A0A0G2JYH7
G1T617 D3ZIX4
U3KPN6 F1LQN6
G1SQM7 Q63396
G1SIC8 Q6MGB2
G1U637 B2RZD1
G1TMP5 A0A0A0MY35
G1SPV6 D4A6N8
G1U0L4 F1LR39
G1T8H7 A0A0G2JYJ1
G1T481 D3ZCS4
G1SXH8 M0R7K6
G1SEY7 B2RYV8
G1TBM2 D3ZB71
G1TNH9 Q9ER24
G1TD30 A0A0G2JZU6
G1TCU2 Q5BJP1
G1SNN1 D3ZLB7
G1TIP3 Q64620
G1TD30 D3Z9K9
G1T850 O54857
G1T481 F1MAL5
G1SIG2 Q63768
G1THQ3 D3ZSQ1
G1TZM6 D3ZWG3
G1TU23 Q6AXT9
G1TD30 P18901
G1TZM6 F1LSV1
G1T5H5 Q5M947
G1SPX4 A0A0G2K8X5
G1TAR0 P23514
G1SZX7 D4A6T2
U3KN58 F1LQ81
B7NZM9 P53790
G1U9B4 P62997
G1T646 Q4V7E0
G1TN01 Q5RJM0
G1U7G6 D3ZB71
G1SU32 D3ZCS5
G1SKS8 D3ZIX4
U3KMC5 Q6MGC7
G1TD30 Q63511
G1U235 P18901
G1U6X6 D3ZG48
G1SHA2 Q5RK09
G1SNN1 D3ZW24
G1SGZ8 Q505I5
G1TYY6 P63016
G1SZ89 D4A7E9
G1U0H8 D4A8C5
G1T359 P14659
G1U194 F1MAK3
G1SX32 B2GV58
G1T7R9 D4A7K0
G1SZK4 Q62785
G1T4S7 D4A7E1
G1SHA2 M0R7E6
G1T7M3 F1LN88
U3KMP5 Q3KR59
G1TSX0 A0JPK9
G1TIF8 M0R4S2
G1SLF7 D3ZUU6
G1SK67 Q6IMY8
G1THQ6 A0A0G2K9C0
G1SE48 D3Z8K2
G1SMK6 D3ZZS8
G1SXH8 Q5RJQ7
G1T554 D3ZQF8
G1SF41 Q5BK21
G1T481 Q64620
G1SV05 Q99N27
G1TP83 D3ZH12
G1TIP3 F1MAL5
G1T494 D3Z9K9
G1TYK6 B1H227
G1SEY7 Q4V7D8
G1T7M3 M0R7E6
G1TC59 D3ZWG3
G1SXH8 A0A0G2JWS3
G1TE36 Q7TQ24
G1TNH9 F7F9U6
G1U9I8 Q66H50
G1SSF7 Q6MG13
G1TC79 F7F7Q9
G1SYN1 D3Z8P1
G1SM05 A0A1B0GWW0
G1U9I8 Q9ER24
U3KMC5 A0A0G2JU99
G1SEN5 Q9WTT7
G1SCZ4 F1MAK3
G1T5H5 Q5RJM0
G1SU42 P16443
G1SLF7 B1H244
G1SCT5 F1M5C9
G1SYR5 F7EVX2
G1TCG7 Q0VGK0
G1T0L0 G3V6Y9
G1T2P2 P30835
G1T9S6 Q5FVJ5
G1SXS3 D3ZB71
G1SCT4 Q5QJV4
G1SML4 P62997
G1TW52 D3ZMN5
G1SEV9 D3ZME7
G1TLB1 Q7TSY2
G1TVH9 P30835
G1SX32 Q5U313
G1SH25 Q07984
U3KM00 D3ZT51
G1SWE9 G3V8H8
G1U843 D3ZLB7
G1TTB8 D3ZUQ8
G1U0L8 F1LQN6
G1TZQ2 M0R887
G1T7V8 B2RZD1
G1TIF8 D3ZQF8
G1SHA2 A2VCX1
G1T2J3 Q6P771
G1SZ89 F1LWN5
G1T8P5 E9PT13
G1U4R9 Q6P751
G1TRM8 P63016
G1SJ30 G3V7Z1
G1TSX0 M0R4S2
G1TGC0 D3ZME7
G1T481 E9PSY8
G1SZU2 Q3SWU0
G1T2J3 F1LSV1
G1T8H3 Q7TP77
G1T1E3 Q5PPI1
G1SJJ7 Q10739
G1SX32 Q64620
G1ST56 P83888
G1TJU2 D3ZHJ4
G1TEL4 Q7TP77
G1THF6 A0A0G2K8U5
G1STM8 G3V7X3
G1TRM8 P16443
G1TQ29 A0A0G2K1A2
G1TZN2 P70501
B7NZM9 D4A1L2
G1T494 Q6P6R0
G1SIX4 Q5PQW4
G1T494 B3DM92
G1U235 D3Z9K9
G1SMV8 D3ZR99
U3KPN6 B3DM92
G1SU42 F1LSV1
G1SYE7 D3ZXL5
G1SGZ8 F1LVT0
G1SXS3 A0A0H2UI22
G1SQ43 A0A0G2KAW9
G1TSX0 D4A6N8
G1ST34 D3ZG48
G1TN01 Q6AY09
G1T607 B1H269
G1SUH8 F7F9U6
G1TQ29 D4A7V0
G1SHA2 A0A096MIX2
G1SSF7 Q62785
G1TDF5 Q6IML7
G1T1E3 M0R7E6
G1T216 D4A3A1
G1STM0 D3ZFS1
G1T554 A0JPK9
G1SUL4 G3V7Z1
G1SLH7 Q64620
G1SPV6 Q63467
U3KMG8 G3V6J8
G1TQ35 Q6P7R8
G1SH39 D4AEH9
G1STZ8 O88321
G1TXP6 F1M9B2
G1SCY6 A0A0G2K857
G1TZQ2 G3V6Q2
G1T3H5 P70541
G1SX32 E9PSY8
G1SL68 D4ACB8
G1T7M3 A2VCX1
G1SH29 G3V9Y6
G1SZ89 Q505I5
G1U0L4 Q5RJM0
G1SLC6 A0A0G2JTM3
G1U9I8 A0A0G2JWX4
G1TVH9 D4AC36
G1SE18 D3ZFS1
G1SZM9 A0JPK9
G1TEL4 Q3SWU0
G1TRW0 Q5U3Z7
P63169 Q4KLH7
G1ST34 F1LR39
G1TJ27 G3V6Q2
G1SZU2 F1LNZ2
G1SIX4 Q6AXW4
G1SXH7 Q9WUD9
G1T7M3 Q68FQ7
G1SQM7 P08644
G1T494 Q63511
G1T4S7 D3Z863
G1U0E9 D3ZSF0
G1U843 Q6P771
G1T391 D3ZA12
U3KPN6 Q63511
G1SWM5 Q498D8
U3KP66 D3ZJ91
G1TAH7 G3V826
G1T646 G3V6Q2
G1SUH8 Q66H50
G1TCU2 D3ZCS5
G1TLN0 D4A7E7
G1SXH8 D4A275
G1SW61 Q6P7R8
G1T494 P18901
G1T1E3 A2VCX1
G1TVY5 F1LQ81
U3KPN6 Q6P6R0
G1TBC8 P14659
G1SZR6 A0A0G2JSP3
G1SLF7 Q9WTQ6
G1TRN0 Q5XHY0
G1U3B2 Q5PPI1
G1SUF4 D4A2H2
G1SH24 F7FLN8
G1U652 D3ZZS8
G1SXS3 B5DFN2
G1T494 B2RZ60
G1SZL0 G3V717
G1TJ27 Q4V7E0
G1U8U5 D4A1B2
G1SCY8 A0A0G2JST3
U3KPN6 B2RZ60
G1TLN0 P15207
G1T0W1 A0A096MIX2
G1SIN7 R9PXS2
G1SQ43 B2RYV8
G1T5H5 Q6AY09
G1T481 B2GV58
G1TPT0 Q5RJQ7
G1SD91 Q07984
G1SPV6 A0JPK9
G1SCY8 Q9ER24
G1T7M3 Q5RK09
G1U0L8 B3DM92
G1SWR6 A0A096MIY3
G1SXS3 D4A9B0
G1TZ76 A0A0G2JST3
G1U843 F1LSV1
G1TNH9 A0A0G2JWX4
G1SCY8 Q66H50
G1T8P5 A0A0G2JW85
G1T9Q8 D3ZES7
G1SZX7 D4A8C5
G1SHA2 Q498M4
