A0A287BK29 M0R7R2
K9IVK6 Q9WUS0
Q864V7 Q5M865
E7EI20 P25235
K7GMR6 G3V7D5
I3LAG7 Q8R424
I3LH19 G3V7T9
F1RP05 Q5M9H7
F1SIS1 D4A2A9
F1RUA7 A0A0G2JXI1
F1RJ83 D4A3G2
Q3ZDQ5 P51638
A0A287B642 Q5PQX1
A0A287BQ36 A1A5R9
F1SF78 O88989
F1SEZ1 D4A2T8
A0A286ZQP7 F1M8E5
F1SB42 A0A0G2K8K0
F1RJ83 A0A096MIS7
F1RV73 E9PTU9
I3LQS1 E9PT58
F1SEA4 Q8R424
A0A287B6S0 F1LQX7
F1RZH1 Q5EB94
F2Z5E6 D4A2B7
P05027 P07340
A0A286ZQE2 D4ABC4
F1SJI1 Q3MHU5
A0A287AE72 G3V8N9
F1CK19 G3V8M1
A0A287BT02 F1MAK3
A0A287A6E8 F1MAK3
F1RL90 Q5QJV7
F1SEX6 M0R7R2
C3RZ98 D4A0E8
F1RT51 Q5RJP6
A0A287AD86 Q66MH4
I3LRD5 G3V963
F1RS27 D4A100
A0A287AKU1 D4A8B1
F1RJ01 P43138
I3LT46 D3ZKU8
F1SF78 G3V852
A0A287BES3 A1A5S1
A0A287AFM0 D3ZCS4
A0A286ZZW4 F1LWM1
F1SEZ2 D4A2T8
F1RN64 Q5FVQ7
A0A288CFV7 G3V8M5
A8U4R4 G3V826
F1SAM0 F1M9Q8
Q29081 Q5RK24
I3LLL0 Q6IRH4
A0A287AQJ0 Q76IC5
F1SHV1 F7ENQ2
A0A286ZYH6 D3ZVM4
A0A286ZYH6 D4A9W0
F1RMY9 Q9R080
Q29549 G3V836
F1SCF5 P35426
A0A287AZ31 D3ZXX8
F1SUL0 A0A0G2JXQ5
F1S8N5 G3V9P7
I3LUA7 D3ZIM5
F1RY10 P63156
A0A286ZRN9 Q924S5
F1S4A6 P16599
A0A287AU22 D4A5F5
A0A286ZZW3 D3ZD03
F1SNG6 F1LW16
A0A287AX48 Q9QXQ0
A0A287AJQ6 D3ZB71
F1S103 Q5FVQ0
F1RX40 F1LRV1
A0A286ZJB9 A0A0G2K047
A0A286ZPM2 F1M5J1
A0A288CFV7 F1M8E5
A0A287BRD8 A0A0G2JY43
A0A286ZMB2 D4ABC4
F1SAH1 O08776
F1S715 D4A8B1
F1SGI2 A0A0G2K0I4
F1SMV6 D3ZTN0
A0A286ZTB1 G3V8N3
F2Z5N6 D3ZCS4
F1S8U4 Q6AY57
D7RA36 F1M9Q8
A0A287A9N8 A0A0G2K772
A0A287AH52 D4AD02
F1SP32 F1M8E5
E5Q8C6 D3ZBQ1
F1SNR6 P12389
I3L7L2 Q6AXT8
F1SNG6 P11505
F1SR72 Q07936
A0A287BPQ1 F1LXF5
F1S8K5 Q9JJ54
I3L6Q6 F1LNW8
A0A287AU26 F1M062
Q8HZV3 A0A140TAG9
F1SGN4 Q5RKH2
F1RUA0 Q4KM87
A0A286ZZW4 O35552
F1RUY8 Q4KLN5
F1S1V1 B2RZD6
F1STY9 Q924S5
A0A287APS7 Q5I0E7
D0G0C6 Q6P7R8
F1RRH7 Q5M954
A0A287BDP7 P63055
F1SAI8 P43138
A0A287AJJ6 B2GV58
A0A287APX6 Q6AYH3
A0A287BT02 G3V815
A0A287A6E8 G3V815
F1SA70 A0A140TAB8
F1RY10 F1M9X0
A0A287BL20 Q5BJS0
A0A287AFZ3 P70580
A6N8P5 F1LXU0
D7RA36 D3ZE01
F1SI67 O08776
A0A287AIX3 Q5U214
A0A287AW46 D4A2B7
I3LAS8 P11345
I3LDJ2 P63156
F1SV14 G3V6T7
A0A287B1W2 P18864
F1SIP3 M0RA44
F1RPW2 B0K014
A0A286ZP43 Q6AYA2
A0A287AFM0 D3Z8L5
I3LTZ8 Q68G31
F1SP95 D3ZSJ1
K9IVV5 D3ZBY5
F1SA57 P35289
A0A287B4V5 A0A0H2UHU4
F1S4J0 Q5BK64
F1SGG3 F1LTU4
A0A287B5K1 Q6P736
A0A287BKF2 F1LQR5
F1RPH0 F1MAK9
F1RR45 M0R3X3
A0A286ZRN9 M0R711
F1RNV5 Q00715
A0A286ZS00 B1H282
F1SHV8 A0A1B0GWW0
I3LKT7 Q3B7C9
A0A287AHQ8 Q66H56
F1SCF5 Q498D8
F1SEX6 Q66HA1
F1SEA4 D3ZFJ0
A0A286ZQP7 Q6AXT8
A0A287BNE4 Q32PX2
F1S956 G3V8D5
I3LEL6 Q5BK39
F1S7Q6 D3Z8G7
F1S8U4 P49000
A0A287B5K1 P62142
A0A287A4H2 D3ZFY0
A0A287ARC5 D4AA47
F1RT51 Q9QXY8
F1SR89 P19969
F1S461 D4A0L1
D2DGZ0 B2GUZ0
F1RVY1 F1MA97
A0A286ZTB1 Q811R2
A0A286ZRG1 F1MA97
A0A287B4P7 F1M1W4
F1SDY7 F1LSA8
A0A287ATN9 A0A0G2K8U5
K7GSF2 Q6XKD3
F1SSU6 B5DFJ4
F1S3W3 D4A5D6
F1RXE4 G3V8W6
F1SUL0 I7GAZ6
A0A287B0Y7 Q64620
A0A286ZSF6 D3ZTM7
F1S0T9 D3ZCC7
F1RTH8 B5DFK2
A0A287BRX1 F1M9X0
F1SPZ4 Q924S5
A0A287BPN6 B2RYC7
I3L9L7 Q71MM7
A0A287B726 E9PSY8
I3LIB1 P38983
F1SBF0 F1M8E5
F1SUF6 Q6AYN8
A0A287ACE1 A0A0G2K6Z8
Q2EN79 D3ZVM4
F1SH28 P27704
F1S9R5 F1LV21
F2Z5N6 E9PSY8
A0A287BES3 A0A0H2UHA6
F1SDX4 E9PSK7
F1S073 Q5XIW8
F1SKG4 D3ZWS0
A0A287ASV0 B1WBU7
F1RL90 M0RB75
F1S041 G3V9S4
A0A287A3U2 F1M9Q8
F1SBK5 F1MA97
A0A286ZQP7 G3V8M5
A0A287AN25 Q5XIN4
F1RV56 D3ZDG0
F1SAQ6 D4A6A8
F1RFI0 D4A631
F1RFX5 P70597
A0A287BNK4 F1M9D6
F1S395 F1LPP8
F1RY22 A0A0G2K9L9
I3LCM6 D3Z8I2
A0A287AKX1 A0A0A0MXW1
F1SG88 Q62785
I3L7L2 F1LQH2
F1RQP2 Q811R2
F1RX38 Q9WUC8
K9IVK6 D3ZUD8
F1S475 A0A0G2JWA2
A0A286ZT47 Q6AYH3
K9IVV5 Q6P7B0
F1RUL1 G3V8M5
F1RQC5 D4A4J0
F1S222 B1WC22
A0A287ASF2 M0RD54
A0A286ZWH8 D3ZHS3
F1CK19 F1LMV6
A0A287AN25 G3V8M5
Q28987 F7ESD4
A0A287ABH5 F1LV96
I3LTU2 P35563
F1SR01 M0RCL1
A0A286ZQP7 Q5XIN4
A0A286ZZW3 A0A0G2K659
F1S4P6 Q5XIM9
A0A287BNE4 D3ZNQ6
A0A287A270 A0A0H2UH94
F1S141 Q99JC6
F1SD58 D4A1J3
F1SFM8 D4A275
K7GMR6 P49950
I3LDM6 D3ZXX3
A0A287B726 B2GV58
F1S2Z9 D3ZAG0
F1S1F1 D3ZE01
A0A286ZQP7 D3ZAB6
I3LH72 D3ZB81
A0A287BJH4 Q64620
A0A287AIA4 A0A0G2K008
A0A287A7J2 F1M4Q8
A7BJW1 Q8VBU7
F1S8F9 G3V749
Q8WNW2 A0A0G2K1Q1
A0A286ZSL7 Q6PCT8
A0A287A3U2 A0A0G2K5H7
F1SAM0 A0A0G2K5H7
A0A287BK49 D4A478
A0A286ZLB3 Q2TA68
F1RQB0 F1M6E5
F1S0N7 Q6AY34
A0A287A9I8 Q64232
R4JU57 Q5U313
A0A287AHV7 D4A631
I3LI05 M0R7E6
K7GR16 B1WC24
I3LEE9 Q10739
A0A287AG50 A0A0G2JXD5
A0A287A687 Q62862
A0A287AC99 D3ZPZ3
D7R811 F1M2Q1
A0A287B4M4 B5DF02
A0A286ZP43 D3ZMY7
F1SCJ1 G3V8W6
A0A287AT18 Q3MID6
F1RFL9 Q3B7D3
F1S525 B5DFI9
F1RQP2 B1WC22
A0A287AJ61 Q5PQL2
I3LDL4 D3ZXF8
A0A286ZYG8 A0A0G2K929
F1S1F6 P70541
A0A287A4H2 D3ZAB6
F1RSE6 D3ZTN0
I3LFH6 F1M5J1
F1S8L6 D4ADC4
F1RFI0 M0R9L3
F1S1D9 B1WC22
F1RQL3 Q5PPL2
A0A287AEW3 D3ZIN7
F1SF72 B2RYK0
A0A287AYD9 A0A0G2JY58
I3L8Z6 B5DFC0
A0A287ATR5 D3ZHJ3
A0A287ARD1 D3ZEU8
A0A286ZP69 D3ZSX6
F1S0W9 Q5BJS0
I3LTU7 D4A0V7
F1SSD4 A0A0G2K449
A0A287A4F2 P31977
A5GFY8 P06761
F1SF42 D4A050
A0A287BBY6 A0A140UHX0
F1RPH0 F1LRC6
F1SRE0 Q6AZ64
F1S9I0 D3Z962
F1RQC5 F1M062
F1RXM2 D4A1T1
F1SI41 D3Z9J4
I3LDL4 Q6AY57
Q0MUU2 Q925F0
F1STB7 Q9ESV7
I3LSK3 B8K1X9
F1SML4 G3V888
F1RWW3 D3Z9Z9
F1SJV7 F1M8F0
A0A140TAJ7 Q8CH01
F1S412 D3ZU83
A5GFS8 D4ABN8
Q8WNW2 O08776
I3LDL4 D3ZXX3
F1SGC8 Q5BJS0
Q9TUB2 P10361
A0A287BFY7 F1LRC6
F1S8D0 Q5BJY8
I3LBP0 A0A0G2K3L8
A0A286ZJV6 Q5XIW8
A0A287A9K0 F1MA31
A0A286ZRT7 Q924T8
A0A287AQ36 F1LRJ6
A0A287AF08 P16612
F1SAQ6 P62744
A0A287A041 B2GV22
P79307 P08592
F1RZ96 F1MA79
A0A286ZTN4 D4A2B7
F1RVY1 A0A0G2JXQ5
I3LCM4 F1LTU4
A0A287B1A7 M0RB65
I3L7L2 Q63364
A0A287B3M4 A0A0G2JTA1
F1SEV3 D3ZGM8
F1SIA3 A0A0G2JUQ3
A0A287BEL1 D4A0Z0
A0A286ZUN2 A0A096MK76
F1RU02 D4A631
Q56VC3 Q9JHX4
F1S0S8 Q5U2Y1
F1RFD3 Q4KM87
I3LJE1 A0A0G2K2J0
Q3ZDQ5 M0R887
A0A286ZPM2 F1MA97
F1SNX8 F1MAK9
I3LCP8 Q62867
F1RUL1 F1M8E5
A0A287A6N8 Q5RK08
F1SV60 Q5U1W4
A0A286ZT47 Q62636
I3LBD8 Q9QY10
F1SGF1 Q6PCT9
A0A287BLV8 P35815
I3LEL6 P22909
F1RP15 O70540
A0A286ZK26 F1M1W4
F1SEL6 M0RB87
A0A286ZN72 P35370
A0A287B0I0 P27704
F1RR63 D4A333
A0A287AXQ4 B0BNG7
A0A287AF83 D3ZS29
A0A287BFS7 Q5BK67
A0A286ZRN9 D3Z8L5
Q95250 P85108
K7GR08 G3V877
A0A287BBC6 D3ZQP2
F1RY10 F1M9B7
F1SGQ0 Q4KM34
A0A287B2L2 D3ZLQ6
F1SBH1 B0K014
F1SNX8 P38983
F1S1F1 D4A5U3
A0A287AJ28 A0A0H2UI02
A0A287BHE0 A0A0G2K8M2
I3LP11 A0A0G2KAW5
Q2EN79 F1LP04
B1NI70 A0A0G2JSZ1
F1SDT3 P35289
A0A287AB60 Q5QJV7
F1SJU3 Q5XI94
F1S5A8 Q6IMY8
I3LVL0 Q4KM95
A0A287BE48 Q5M7T9
A0A287BBF5 D3ZLI9
A0A287ASL6 P51638
F1SP15 D3ZR99
F1SEA4 B2RYC7
A0A287A6N8 F1LRL9
F1S1D9 Q5QJV7
F1SJI1 A1A5R2
F1RUM0 M0RAR2
I3LRN2 A0A0G2JSZ1
A0A287AZS2 B2RZ55
I3LLL0 D4A2M3
A0A287APS7 D3ZQB7
F1SL46 Q10468
A0A287BLE1 O08623
I3LDJ2 Q5BK39
A0A287B4X1 A0A0G2K3V9
A0A287ARA4 F1MAL5
I3LAG7 B2RYC7
F1SJI1 Q5RJQ7
A0A287AU22 Q9WV78
F1RMJ3 D3ZQW1
F1S668 Q4V7E0
C3RZ98 A0A0G2KAW5
A0A287ACM5 D3ZS29
F1RUA7 F1M944
A5GFU7 M0R711
Q8SPR7 F1LMG2
F1SIT2 B2RZ84
A0A287BNE4 F1M7B8
A0A287BRD8 D3ZH12
F1SMT1 A0A0G2JSQ6
F1SRM3 Q5FVN6
A0A287AU26 D4A4J0
F1S1D9 F1LXU0
A0A286ZRN2 D4A1L2
F2Z5R6 P97536
F1SJ23 D3ZRL2
Q2EN79 D3ZLQ6
A0A287AJ85 Q00969
F1SLB6 Q3B7L1
F1RVC9 D4A4J0
F1ST67 D3ZT51
I3LKY7 D3ZTL5
B6E241 P62994
A0A287A5X3 F1LSC3
D7RA34 P08644
A0A287BQ36 Q66H33
A0A286ZQP7 Q6AY02
A0A287AHQ8 A0A0G2JSZ1
A0A288CFV7 Q6AY02
A0A287B879 Q5M7T9
A0A286ZMB2 F1MAF8
Q2TJZ7 Q9JHF3
F1SUL0 F1M5J1
A0A287ABT2 M0RDJ3
Q8HZV3 Q6AYA2
F8T0U2 D4A6C5
A0A287AZJ5 D3ZI49
I3LFH6 A0A0H2UHU2
A0A287AQ36 D3ZQB7
F1SEP9 Q91XU7
F1S0N2 Q641Y8
F1RWG2 M0RBT9
F1RY91 B1WBP4
A0A287AJQ1 D4A0E8
I3LIT1 D4A1U7
A0A287B443 A0A0H2UHU4
I3LGD6 D4AEB3
A0A287AU99 P51842
F1S0N2 Q6P9V6
F1SNG6 D3Z8L5
A0A287AWN6 P38983
A0A287B2L2 A0A0G2K8Q8
A0A287AH15 B1WC24
B2ZDY9 P10980
F1S1F1 A0A0G2K5H7
A0A287APS7 P05982
F1SJI1 Q68FT9
A0A287BL20 B0BN81
A0A287BFY7 B1H269
A0A287AXW5 F1M062
A0A287AGR2 A0A0G2K437
A0A287AX48 P11507
A0A287AXW5 Q6P736
F1SKI5 G3V7M0
F1SUT8 B2GV58
A0A287AVJ0 D3ZGZ9
A0A287B1Q0 E9PT65
A0A287BDE6 Q62862
F1S403 F1LS72
F1SD90 A0A0G2K5H7
A0A286ZRG1 A0A0H2UHU2
I3LNG4 D4A4Q7
A0A287ACM5 A0A0G2K331
F1RJS5 A0A0G2K5T5
A0A287B443 F1MAM1
A0A287BPN6 F1LMV3
F1S8U4 D3ZXF8
F1SP29 F1LSK6
F1RUA7 P14173
A0A287BR15 D3ZNG4
F2Z5I0 P60522
F1RX40 Q9Z158
A0A287A4F2 E9PT65
K7GR08 G3V7M5
F1SNY1 A0A0G2K8Q8
F1SGI2 Q5M971
I3LCP8 F1MAF8
F1SKK1 M0R8R8
D0G0C6 P49088
F1RT23 P21272
A0A286ZLT0 F1LSA1
F6PY91 D4AD02
F1RY10 P49950
A0A287B1Q0 F1LQP9
A0A286ZPM2 D4A9E7
F1STH9 D4A2M3
F1S1F1 E9PTS7
A0A023PN04 A0A0G2JXI4
I3LIB1 A0A0H2UHA6
F1SE06 Q5M947
A0A287BRX1 Q8K1G0
Q8WNW2 G3V8M9
I3LP11 D4A0E8
F1SF93 D4A6X7
F1RNV5 D3Z9R9
A5GFS8 Q9Z269
A0A287B8F9 D3ZML4
I3LQB7 B2RZ74
A0A287AKX1 B1WC03
I3LE63 P36372
A0A287BRV4 P49950
I3L9K6 I7GAZ6
A0A286ZW78 B5DFI9
F1SGQ0 P35289
A0A287AVE2 F1LPG6
I3LS35 Q5FVN0
R4JU57 B2GV58
A0A287AZ57 B5DEL1
F1S0W9 D3ZD97
F1S3R8 D3ZN47
K9IVF7 O54975
F1SRI8 A0A0G2JUE5
Q8HZV3 A0A0G2K5E4
I3L9K6 F1M5J1
A0A287B726 Q5PQL2
Q9BDK6 D0V9T4
A0A287BQ14 Q63396
F1RVR8 A0A140TAF4
F1SHV8 D3ZBY5
A0A287BHY5 Q07984
I3LBN0 B1WC22
A0A287AJ61 Q91ZN7
I3L7T4 Q6P9X1
F1RU22 B2RZ84
A0A287API2 D4AD02
P30555 P12346
A0A287AQ36 Q5PQK4
A0A287A570 E9PSQ1
A0A287BR84 Q56R20
A0A287AQB6 D3ZV15
A0A287BPN6 Q8R424
I3LQI9 A0A0H2UHJ1
A0A287B2L2 D3ZVM4
A0A287A041 M0R5F5
F1S5N5 F1MAM1
A0A286ZZ23 D4A7D3
I3LGE9 D3Z8L5
A0A287AF83 F1LP04
F1SNY1 Q5FVI6
D3K5N7 B5DF91
F1SGH9 B5DEZ8
A0A287BRV4 F1M2Q1
I3L7T4 M0R711
A0A286ZYH6 F1LP04
F1RSB8 D4A1U7
I3LLQ8 Q63151
F1RQP2 F1LS62
A0A0U2ETD0 Q6PCU4
A0A287B3N8 G3V6S6
I3LDM6 P49000
F1RFL5 D3ZX56
F1S5A8 D3ZQM0
A0A287BM92 A0A0G2JTY1
A0A287A3K3 D4A0Z0
I3LSJ5 F1LR76
A0A287AKX1 Q6AYS4
A0A287AFZ3 P85108
I3LBA6 D4A5U3
F1RL90 G3V8N3
F1S0T9 P63156
F1S5N5 Q5M808
A0A287A9Y2 E9PSY8
F1SAN7 A0A0G2KBA2
A0A287BRV4 F7FN89
F1SJX5 Q8K4H4
A0A287AU22 D4A0Y2
A0A286ZNK2 F7FNS3
F1SSH9 Q1XID0
F1RWV1 B0BNN4
A0A287ARZ1 Q5XHY0
I3L592 B1WC74
F1SAH4 Q76IC5
A5A770 M0RC42
F1STS4 F1M5N4
A0A287AT90 F1LWM1
F1RP15 Q66H78
A0A287AN25 F1LQH2
F1SFC1 A0A0G2K2W8
F1RTM6 A0A0G2JSI8
R4JU57 Q9WTT7
I3LEI5 Q569D2
A0A287BFM2 D3ZMX5
I3L7L2 Q5XIN4
A0A287AFG3 D3ZRJ0
I3LBA6 D4ABC4
A0A286ZWJ2 B2RYN3
F1SFM8 Q4G012
M3VH47 Q5M865
K7GM93 F1MA10
A0A287A7N7 Q9Z2S9
A0A286ZRN9 P11505
F1RJ68 D3ZMI6
A0A287APX6 Q62636
A0A287BBF5 D4A135
A0A287ASL6 Q4V7E0
F1RJC5 A0A096MIS7
A0A287B3H4 P53987
F1RR89 G3V852
I3LRS0 A0A0G2K605
A0A286ZMP7 D3ZRN2
A0A287B5K1 Q9JJ54
K7GNX2 P16599
F1RFI0 Q5XFW6
F1S222 G3V8N3
A0A287B8J8 D3ZRU9
A0A287ACM5 D4A9W0
F1SRK8 Q5PQK4
I3LBN0 G3V8N3
F1SAX3 Q64232
A0A287AFG3 A0A0H2UH92
F1RX40 A0A0G2K449
A0A287AHC7 F1MAF2
A0A287A146 F1M4T6
E7CXS0 D3ZE75
I3L9K6 A0A0H2UHU2
I3L5R5 Q6W3B0
F1RXE4 F1M0R1
A0A287BT17 D4A4J0
A0A287ADQ6 P01244
M3VH47 P41156
F1SLC6 Q5I287
F1S5U9 M0RAF9
K9IVK6 Q63016
A0A287B1Q0 A0A0G2K8K0
F1RU02 M0R9L3
D7RA36 D4ABC4
A0A287B1W2 Q62762
A0A286ZZW4 A0A0G2JSJ5
F1S4A6 G3V7M5
F1SUW3 Q4FZY0
F1SDH5 M0RBT9
I3LCA2 Q6MGB6
I3LBA6 F1MAF8
I3LPP4 F1M953
Q867B9 Q9JHJ1
F1SGX2 D4AEB3
Q8HZV3 A0A0G2JWA2
I3LBD8 Q63434
F1SNX8 A0A0H2UHA6
A0A287BL28 A0JN29
A0A287B443 Q66HA1
A0A287AT90 Q63016
Q9BDK6 Q5U2T1
A0A287BPP8 P49000
I3LKT7 B2GUZ2
F1RVY1 Q6AXZ5
A0A286ZXS0 P16086
F1SR72 F1LN92
A0A287BL20 Q5RK08
F1RP15 D4A3D4
A0A287AQ63 A0A0G2JV07
A0A287A608 A0A0G2JUA5
A0A287BA39 A0A0G2K490
F1SGG3 P61212
F1S715 Q5PPL2
F1RVZ4 B5DFH7
A0A286ZJM4 P11980
F1RMJ3 D3Z822
Q8WNW4 A0A0G2JT93
A0A287B726 Q9WTT7
P28491 O35346
F1S8G6 O70593
A0A286ZQN6 A0A0A0MXZ5
F1SDX4 B1H2A2
F1SUL0 F1MA97
K7GMR6 F1M9X0
F1S4T0 P20417
I3LUA2 Q4KLN5
A0A287BNY8 O35092
Q2EN79 P60889
A0A286ZW96 P63156
I3LB93 Q9JK11
B5KFA0 P14173
D7R811 P63156
A0A286ZLI8 A0A096MIX2
A7XUJ6 B5DF45
K7GPY3 A0A096MIW0
F1RFW8 D4A0L1
F1RZ02 P43138
F1SR72 Q63151
B1A9K1 D4ADG3
F1SLB6 A0A0G2K5H7
A0A287ARU6 Q5PPI1
Q29081 Q5EGY4
F1SUE2 G3V8X6
F1SAG1 Q62762
F1SNY1 D3ZUJ5
F1RIA3 A0A0G2JWG0
F1S8K5 D4A4J0
A0A287AT18 A0A0G2K0W9
K7GP23 Q99MF4
A0A287ATD3 B0BNG7
F1RKZ6 F1LM09
A0A287BRV4 F1M9X0
A0A287BBJ3 P98087
D7RA31 D3ZXX3
F1SPJ4 A0A0G2KAS0
I6L6T2 Q62785
I3LNG8 O35814
A0A287A9H2 Q6MG08
A0A287A3K3 M0R6Q6
F1SDT3 Q6AXY8
F1SUF6 F1M3U4
A0A287B642 E9PSY8
I3LN88 M0R7R2
F1RF02 D4A7R4
A0A287ANP5 D3ZA45
A0A286ZIJ9 P04961
F1SP18 G3V852
A0A287AF76 D4A554
K9J6K3 Q0VJ96
F1SAY9 G3V9Q4
A0A287AFM0 M0RBF8
A0A287ARZ1 D3ZZC1
F1S5K9 G3V8D5
O19063 B1WC24
F1SRR6 Q59IV8
A0A287B330 F1LVC4
A0A286ZIV3 G3V817
Q28987 G3V8W6
A0A286ZTN4 Q4KM87
F1SLF9 P63140
A0A286ZQ22 P38483
Q29024 B5DFB2
F1S8L6 D3ZAY8
F1RY10 D3ZCC7
I3LC09 D3ZJX5
F1S9I0 F1LR42
F1SGQ3 A0A0G2JSU2
F1SUE2 P21677
A5D9P0 D4ACB8
F1SUL0 D4A9E7
F1S8W8 M0R740
K7GNS9 Q6AXT8
F1RF23 A0A0G2K3W4
F1RP05 P68255
F1SGP7 Q9Z158
A0A287B749 F1MAK3
D7RA31 D3ZXF8
A0A287BNE4 A0A0G2JWX1
F1SI67 F1MA79
A0A287ATD3 F1M7B8
F1RP15 Q3T1H8
I3LC25 D3ZLC1
A0A287A7M2 Q5FVL4
A0A287AZZ1 P55213
A0A287AAL7 D4ADV8
I3LLB5 D3ZET1
A0A287B0I6 O55162
F1S488 D3ZDZ0
A0A287BK93 O35547
B5KFA0 A0A0G2K4P5
A0A287A4F2 A0A0G2K8K0
F1SGC8 Q6IMY8
F1SEZ1 D3ZFI7
A0A286ZWR0 A0A0G2JTY6
A0A286ZV44 Q9ESZ0
F1S0F8 D3ZUF1
A0A287BNE4 B0BNG7
A0A287BRX1 P56700
A0A287B9L2 D3Z8D3
K7GRP4 Q5XFX8
F1RSW8 D3ZRH6
A0A286ZKC0 Q64349
F1RY10 F1M2Q1
F1SHY4 D3ZGN3
F1RVF8 E9PSW8
F1STS4 P01244
F1S057 G3V9Q4
A0A287AR18 Q5M947
I3L6G1 A0A0G2JW83
I3L6C0 A0A0G2JWR1
F1RJS5 Q5UMH9
A0A286ZW78 D4ACP8
F1SE72 Q9R010
I3LJY8 Q6P7R8
F1RK26 B2RZ94
D0G0B2 D3ZBN4
A0A286ZP72 D4A704
I3LRS0 Q5FVQ7
F1RY10 Q1XID0
F1RKY2 A0A0G2K4I9
I3LJC2 Q63364
A0A287AW46 B0BN81
A0A287BT02 B2RYW8
A0A287A6E8 B2RYW8
A0A287ASV0 A0A0G2JSU2
A0A287AJJ6 Q91ZN7
F1SCL0 G3V826
A0A287B0B0 A0A0G2K9A7
F1SCL0 Q9Z269
F1S8D0 Q9QXY8
A0A286ZS52 B1H282
A0A287BN54 M0RCL1
F1SRM3 A0A0G2JUQ3
A0A287BFY7 P38983
F1SML3 Q66H33
F1SRK8 A0A096MIY3
F1SP55 D3ZF50
F1STU2 Q5XIB9
A0A286ZW96 Q8K1G0
A0A287AQ50 D3ZCL3
F1S4U8 F1LMM4
I3LHU4 Q5RJP6
F1SV16 A0A0G2K5E7
D7RA36 Q62867
A0A287B2B4 D3ZUY8
A0A287BPQ1 Q2PQA9
A0A287BH46 M0R8Z5
F1S7Q6 A0A1W2Q693
F1SUL0 Q6AXZ5
F1SC46 Q66HL7
F1S7P1 Q4FZY2
F1RHJ1 P35426
A0A286ZRG1 G3V7D5
F1S0U6 G3V9Q4
F1SBK5 G3V8X6
A0A287BES3 F1MAK9
F1RP15 A0A0G2JXP6
F1S3E0 P05982
I3LRN2 F1M1W4
P54612 Q5XI34
F1RYG4 Q496Z2
Q8WNW2 D3ZWI4
P61288 P14659
A0A286ZP43 A0A0G2JWA2
F1RPH0 Q2PQA9
F1SLF9 Q62755
A0A286ZJX9 Q9JK11
K7GMR6 Q6AXZ5
I3LKI5 D3ZZN9
K7GKF8 Q63769
F1SU46 D3ZLS5
P36968 G3V9Q4
A0A286ZPM2 A0A0H2UHU2
A0A287AF83 D3ZVM4
O62640 F7FLN8
A0A287BIN4 A0A0G2K0K8
A0A287BJX4 Q5XIV0
F1RL45 P80386
E7D6R3 Q5XIU7
F1S4F7 D3ZKQ3
F1S1H4 A0A0H2UHK4
F1SJY2 D4AEB3
F1SEV7 A0A096MJ11
A0A287A682 P08081
F1S103 A0A0G2JSU2
A0A286ZRG1 D3Z9S9
A0A023PN04 Q7TP47
F1RLJ4 Q07936
K7GNX2 G3V877
F1STG0 F1LWZ7
F1RF12 F1LN03
A0A287A997 D3Z8I4
A0A0R4J8D6 Q3SWU0
F1S3E0 F1LPP8
F1RSN9 A0A0H2UHY4
A5GHK6 D3Z8D3
F1SPP8 D3ZH41
A0A023PN04 Q5XHZ0
A0A286ZPM2 D3ZRL2
F1SSH9 P63156
F1SPW6 G3V932
F1RSV8 Q4FZT0
A0A287AU26 P97536
K7GK90 P61212
I3LTU7 F1LWZ7
A0A287B2B4 Q9QXQ0
A0A287AQ63 Q3MHU5
A0A287AC99 Q5XIU7
A0A286ZZC6 Q63750
F1SLR5 B5DFB2
F1SRK8 D3ZQB7
F1SAH6 D3ZPK4
O97969 Q76IC5
F1RNQ2 M0R7B3
A0A287AJJ6 Q5PQX1
A0A287BMZ8 D3ZUX5
F1SAM0 Q3B7L1
D7R811 Q5BK39
D7RA36 A0A0G2KA90
F1RF26 A0A140TAJ2
A0A286ZL14 A0A0G2K9T1
A0A287BJH4 Q5PQX1
A0A287BES3 D3ZTT7
A0A287BS85 Q9ERC5
A0A287ACM5 D3ZVM4
F1S4Q6 D3ZNU1
A0A287AQ63 Q4G012
F1S360 G3V7M5
F1SGH9 D4A3G2
A0A288CFV7 Q6AXT8
F1SKN8 O88828
F1SMN1 Q3MID6
I3LBN0 Q811R2
A0A287B231 A0A140TAI1
A8S2B8 P63182
Q8WNW2 F1MA79
I3LAU5 D3ZKW6
A0A287BKQ1 A0A0G2K4B6
F1RQY4 A0A0A0MY07
F1SSH9 A0A0G2KAH3
P84024 P84025
A0A287AQ36 Q5I0E7
F1SIT2 A0A0G2K2R5
I3LMX3 E9PT51
I3LH38 Q5XIL3
A0A286ZJZ2 D3ZCS3
H2F098 M0R9F7
F1S488 P05982
Q8HZV3 D4A8M7
A0A287AWK9 A0A0A0MXW1
A0A287B8J8 Q66MH4
I3L6Z7 G3V9Y6
A0A287AW55 M0R740
I3LK68 P04961
A0A287BPN6 O88764
A0A287A4H2 Q5XIN4
F1S1H2 F1LRD7
Q3ZDQ5 Q4L0E9
F1RXC6 Q5U2S0
F1SEX6 F1MAM1
F1RVE2 E9PT19
A0A287A164 F1LN88
Q29024 A0A140TA98
F1RL90 F1LXU0
I3LDU2 B1WBV3
F1RHU6 P25977
A0A286ZRN9 Q6P9X1
I3L6Q6 B1H260
F1RGP5 Q66H76
F1SFM8 Q5RJQ7
I3LGE9 P11505
F1SJ69 Q3MHS9
F1SGF1 D3ZD80
F1SKG4 D4ABN8
A0A287ADY7 F1M038
I3L7L2 G3V8M5
A0A287AV79 A0A0G2K1X3
F1SKI6 G3V8M9
K7GR08 D3ZE26
D7RA36 Q3B7L1
B5KFD7 Q66H76
I3LUH8 Q9Z158
F1RTL0 E9PSJ3
I3LGE9 F1LW16
A0A287B726 F1MAL5
A0A286ZQE2 D3ZE01
F1RF31 A0A0G2K1G4
A0ZVR0 Q8R424
K9IVV5 A0A0G2K5E7
F1SSH9 Q8K1G0
I3LCA2 D4ACB8
A0A287ATD3 D3ZNQ6
F1SGH9 F1LNW3
R4JU57 Q5PQL2
F1RQU8 B5DEI7
A0A286ZMR3 Q5PQR6
A0A287BJH4 Q5PQL2
F1RL85 B5DEL1
A0A286ZR64 P05982
I3LSD5 B2RYW8
A0A287B2L2 A0JPN1
F1SBF0 G3V8M5
A0A287ASD5 B2GUY0
I3L592 G3V6D8
A0A287A041 F1M8I9
Q2QLE3 P27704
F1S360 P16599
B5KFD7 P08644
A0A287AXP9 B1H282
K7GR08 A0A096MK76
F2Z5E6 F1LRL9
K7GMR6 F1MA97
A0A287BBK4 D3ZGS7
F1RMJ9 D4A9D8
K7GL93 P38438
F1RLY4 D3Z8I0
A0A288CFV7 Q63364
D7RA36 F1MAF8
F1S5A6 A0A0H2UHZ0
I3LIB1 Q2PQA9
F1SUT8 D3ZCS4
A0A286ZZ53 D3ZKF6
F1RU60 D3ZGK2
F1RT23 D3ZBQ1
F1ST61 Q5FVJ5
F8T0U2 A0A0G2JTT2
F1RYA1 B2RZB7
F1RUL1 D3ZAB6
A0A287B2B4 D4A6C5
F1S4P6 Q63570
A0A287A4H2 Q6AXT8
A0A286ZLT0 D3ZMY7
I3LR66 O35303
F1RY55 P60889
I3LIB1 B1H269
F1RRU8 A0A0H2UHC9
A0A287BLV8 P04157
F1RVC9 P62142
Q29024 F1LQS1
A0A287BI99 A0A0G2JWR1
A0A287BPQ1 F1MAK9
F1S475 F1LSA1
A0A287B2L2 D3ZUJ5
A0A287APS7 F1LRJ6
A0A287A2Y6 Q5FVK8
F1SP55 Q6P7P5
A0A287AJJ6 Q5U313
F1SDW9 D4AA72
F1SAM0 D4A5U3
F1S5D3 F1MAF8
A0A286ZUN2 P16599
F1RY10 D4A2M3
I3L5T1 F1LPB0
A0A287BRX1 F1M2Q1
I3LM60 A0A0G2JYJ7
K7GSM3 D4A3X3
F1RVC9 P97536
A0A287A041 Q63632
F2Z5E6 Q5RK08
Q06AV2 P20417
F1SKI5 Q6P3V8
I3LJY8 F1LS72
F1SIG5 D3ZZW2
F1SMJ1 A0A0G2K7X7
I3LA17 D4AD02
A0A287AWN6 B1H269
F1S103 B1WBU7
F1RVY1 D4A9E7
A0A287A3D8 B1PLB1
A0A287A041 Q9ESM0
A0A287BRV4 D4A2M3
R4JU57 D3ZCS4
A0A287AWK9 B1WC03
F1SV31 D3ZDJ3
A0A287AQ36 A0A096MIY3
F1RVY7 B2RZD6
F1RL85 Q7TNY1
A0A287AHC7 G3V7K9
F2Z5V1 A0JPP6
F1SBJ7 D4A9V0
F1RWH6 Q642E3
A0A287B0Y7 Q5U313
A0A286ZQ22 A1A5R9
G8ENM4 Q66H50
I3LLL0 P22909
F1RPH0 A1A5S1
F1S8K5 F1M062
I3LHB2 Q7TP21
F1SAH6 Q5FVL4
F1RUU3 D3ZID7
F1RRH7 A0A0G2KAS0
A0A286ZRN9 F1LW16
F1S2Z9 D3ZV63
I3LE63 Q5BK67
A0A287BRX1 P49950
A0A287A273 V9GZ88
A0A287AV79 D3ZQX4
A0A286ZN42 A0A0G2JYJ7
F1RSY4 Q9ET64
F1SGV8 M0R6Q6
F1S8U4 D3ZXX3
F1SD90 D4A5U3
F1SBW5 Q6AXY9
Q3ZDQ5 D3ZHJ4
I3LK59 A0A0G2K4Y2
A0A286ZYH6 D3ZLQ6
F1SBF0 F1LQH2
F1ST14 M0RBS9
I3LJC2 D3ZAB6
A0ZVR0 Q62755
A0A287BJR3 D3Z962
A0A287AS02 D3ZZK8
A0A287B665 D4AE96
I3LCM4 P61212
F1RMC2 D3ZHJ4
I3LBD8 F7FHT4
F1ST49 Q56A27
A0A287A7M2 D3Z8D3
F1SJ69 A0A140TA98
A0A287ARA4 Q5PQL2
A0A286ZQE2 E9PTS7
D7RA36 E9PTS7
F1SU27 A0A0H2UH94
A0A287A1V5 D3ZAS8
A0A286ZUN2 G3V7M5
F1S395 D3ZDZ0
F1SNE5 O35179
F1STH9 F1M2Q1
A0A287B856 B2RZB8
A0A287BEQ8 D4ABN8
A0A287AC99 Q65Z15
A0A287B5K1 F1M062
I3LCK3 Q4QQW4
F1SG36 O88764
A0A287AN18 Q68SB1
I3LBA7 F1M8Z3
F1SV14 F1LQP9
I3LJC2 G3V8M5
F1STY9 P11505
A0A287B642 D3ZCS4
A0A287BQG6 F1LRD7
Q06AT4 A0A0H2UHB6
F1RUA0 D4A929
A5GFY8 Q6AYN8
I3LLL0 F1M9B7
F1RTZ5 Q8CF97
I3LUD5 Q499N6
F1RF93 Q923V4
A0A286ZXE1 Q3L472
F1SNR6 A0A0G2K5T5
A0A287B0Y7 Q5PQX1
A6M928 G3V7M0
A0A286ZR64 D3ZQB7
B6VAQ0 P27704
Q06AS8 Q66HC5
A0A287BT17 M0R7E6
F1RY10 A0A0G2KAH3
A0A287AZ21 D3ZGS7
F1STH9 P63156
F1SIK8 P49950
B5LX40 F1LW16
A0A287B1Q0 P31977
I3LBN0 F1LS62
D7R811 Q8K1G0
A0A286ZKM7 A0A0G2K2M1
F1RL85 P17955
A0A287B879 G3V670
F2Z4Y1 P68511
I3LBN0 M0RB75
A0A287AVJ0 D3ZMW3
F1RHZ5 D3ZPX3
F1RVY1 D3Z9S9
I3L9K6 A0A0G2JXQ5
F1RRU8 Q3SWT5
F1RVY1 G3V7D5
F1SU06 F1M6V1
I3LUH8 F1LRV1
K7GRK2 D3ZSJ1
A0A287AU26 P62142
A0A287AC99 Q5BK82
F1RP05 D4A8A0
F1SIA4 D4A6C5
A0A286ZTB1 F1LS62
M3VK32 D3ZFY0
F1S403 Q6P7R8
F1SI16 F1LQC5
A0A286ZJ26 D3ZER6
I3LSD5 G3V815
F1SEM2 A0A0G2K2C2
F1RWG2 Q62762
A0A286ZRH4 Q5XIT0
I3LU32 P0C1S9
I3L7T4 P11505
F1SU27 G3V729
I3L9K6 Q6AXZ5
A0A286ZRB3 F1LMI6
A5GHK9 P20417
A0A287BT17 P97536
A0A287BPQ8 E9PTT0
I3LB28 O35276
I3LRC6 B1WBU7
F1S1D9 Q811R2
F1S0T9 F1M2Q1
A0A287AFM0 Q5PQL2
A0A287A5X3 Q3B8Q2
A0A286ZTN4 Q5RK08
A0A287B443 M0R7R2
A0A287AWK9 Q5PPL2
F1SPZ4 P11505
F1S5D3 Q62867
F2Z5J5 B2RYQ5
F1RJY4 D4A6B3
F1RXQ4 O35274
F1RF61 Q3B7V0
F1SUL0 P21677
A6M928 E9PU28
F1RJE3 B2RZ94
F1RN84 F1M9G6
A0A287BLV8 G3V9W2
F1SJ69 Q811S9
A5GHK6 D3ZPK4
F1SEX6 A0A0H2UHU4
E5Q8C6 P21272
A0A287AZ57 P17955
A0A287A8Q7 Q569C3
F1RVY1 A0A0H2UHU2
F1SA57 Q6AXY8
I3LKY7 M0R3X3
A0A286ZPM2 A0A0G2JXQ5
I3LD41 D4A704
A0A287B2L2 D3ZS29
E7EI20 A0A0G2K2C2
F1ST78 F1LN91
Q29024 Q63413
A0A287A688 Q63016
I3LDT9 B2RZ84
K7GQ93 D3Z8G7
K9IVL0 H9KVE3
F1RL85 Q499N6
A0A287A997 G3V9W2
F1SD90 D3ZE01
F1RU31 Q5XIW8
I3LCM4 Q07984
F1SRJ6 G3V6L0
A0A286ZTN4 F1LRL9
F1SE75 D3ZKI8
A0A286ZKV2 F1LXU0
F1RMY9 A0A0G2K3V9
F1RZ96 A0A0G2K1Q1
F1S360 A0A096MK76
I3LIB1 D3ZTT7
F1SG36 Q8R424
F1SSH9 D4A2M3
I3LRD5 D3ZBN4
F1S403 D3ZUX5
A0A286ZIJ9 Q9QVC8
A0A286ZX89 Q68FT9
A5GFS8 A0A0G2K1M2
F1SNX8 B1H269
A0A287B0M4 Q5PPL1
F1RZA6 G3V8W6
A0A287AF08 Q9QY10
F1S8Q2 O88846
F1SGC8 B0BN81
A6N8P5 Q811R2
F1RVC9 F1M3H8
F1S4P6 Q5U2Y6
A0A286ZRN2 P53790
A0A287AIX3 F1LMV6
A0A287AYT3 P46002
A0A287B854 P08644
F1SAG1 P18864
A0A287AW55 F1M0M3
F1SRQ4 Q0PGW2
A0A287AYU6 F1LXC7
F1S668 Q4L0E9
A0A286ZW96 A0A0G2KAH3
A0A287AZX4 Q3T1H6
F1SER5 D4A4Q7
I3LH61 G3V9Y6
A0A287AWN6 F1MAK9
A0A287B5K1 F1M3H8
A0A287BFL0 D3ZT03
A0A287BEL1 Q5U1Z8
I3LLS1 F7FHT4
A0A286ZK26 A0A0G2JSJ5
F1SPZ4 M0RBF8
I3LEZ7 Q5FVC2
A0A287BE06 Q5QD51
A0A287AXW5 P97536
F1S570 Q1M168
F1SCF7 P70597
A0A287AA29 Q7TP28
F1S0W9 B0BN81
A0A287BPQ1 A1A5S1
K7GQT5 D4Q8I2
A0A287B976 D3ZQL2
A0A287AW46 Q5RK08
F1SFM8 Q3MHU5
F1SLB6 F1M9Q8
A0A287A997 D4A9V4
A3EX84 P08699
F1RLT7 F1LRQ5
F1RN41 A0A0H2UHR6
F2Z5E6 D4A929
F1S525 D4ACP8
A0A287ARA4 Q5PQX1
I3LMS3 F1M6E5
Q29036 Q5RK24
F1S484 Q5PPL2
Q29081 P61805
F1RIA4 Q5XI72
A0A287A176 Q66HE8
A0A287BE06 D3Z822
F1RVY1 P21677
F1SSH9 F1M9X0
F1RX38 F1M820
Q95L23 M0R3J4
A0A287BRV4 D3ZCC7
A0A287B2B4 D4AE96
F1SIA4 D3ZUY8
A0A286ZRB3 Q8R522
A0A287ACT6 D4A0L1
F1SH28 G3V8D5
F1S5K9 P27704
A0A286ZP43 O88989
A0A286ZR64 F1LRJ6
F1RVY1 A0A0G2K2W8
A0A287B4P7 A0A0G2JSZ1
F1RTH8 Q3B7C9
I3LFR2 A0A0H2UHG3
A0A287B749 G3V815
K7GSU4 D3ZKF6
A0A287BIK0 B6RHI6
F1SNF6 P49088
F1SN65 Q5PQV1
F1SN45 Q5RK08
A0A287AF83 D4A9W0
A0A287AD78 D3Z840
F1SPK3 A0A0G2JZL6
F1S009 G3V7K9
F1S5N5 A0A0H2UHU4
F1SK86 M0R9L3
A5GHK9 G3V8S2
P61291 Q5FVM2
F1STH9 F7FN89
A0A287AQJ0 D3ZCS3
I3LCM4 A0A0G2JST3
F1RW85 D4A7Y4
B7U2G9 D3ZBX1
F1RXE4 F7ESD4
F1SR02 B0BNB0
A0A286ZPE3 Q5U328
F1SUT8 Q91ZN7
F1RVY1 I7GAZ6
A0A287AQ50 D4A5T1
A0A287BNZ9 P12841
A0A286ZRG1 I7GAZ6
M3VK32 F1M8E5
A0A286ZYH6 A0A0G2K331
I3LR45 Q641X9
A0A286ZQE2 F1MAF8
F1SGP7 F1LRV1
A0A287B8S8 Q924T9
I3L8C8 D4A460
A0A287A570 Q5XII6
F1RUH7 Q6DGF9
A0A287AZ57 A0A0G2JYJ7
A0A287B531 D3ZX64
D7R811 D4A2M3
F1SPZ4 M0R711
F1SRK8 Q5I0E7
I3L9N5 G3V8G2
A0A287A144 G3V890
F1RVC9 F1M062
A0A287B6J8 P18280
A0A287AA59 D3ZUC2
F1SF37 D3ZFM1
F1SKD5 P25977
I3LC25 E9PU01
A0A287A3U2 F1MAF8
F1SUL0 A0A0H2UHU2
I3L5P4 Q5M7T9
F1RGH2 F1M391
A0A287BE06 D3ZQW1
F1SP18 G3V8V1
F1SNF6 D3ZUX5
F1SGC8 F1LRL9
A0A287BRV4 A0A0G2KAH3
F1SV16 A0A1B0GWW0
F1RZZ1 F1M1D5
K7GNX2 A0A096MK76
A0A0B5CYA5 A0JPN4
F1SAG1 D3ZCQ7
F1RSB8 D3ZEU8
F1SAD7 B1WBY1
A0A287BFY7 A0A0H2UHA6
A0A287BEQ8 A0A0G2K1M2
F1SH97 Q5U367
A0A287ARA4 Q91ZN7
F1RLQ2 G3V8L3
A0A286ZQM7 P22831
I3LE63 A0A0G2JTY1
P36968 D4AEB3
F1RZP9 D3ZBP4
I3LLL0 Q8K1G0
P80021 F1M953
F1SEM2 P25235
A0A287ARA4 Q64620
F1RF23 Q5EB96
A0A287A3U2 D3ZE01
A0A286ZRN9 M0RBF8
A0A287BM19 A0A0H2UHZ0
F1RNV5 Q4FZT6
A0A287BES3 B1H269
F1SRK8 D3ZDZ0
A0A286ZZ61 B5DFI9
F1SNY1 A0A0G2K331
A0A287BAL0 D3ZKI6
A0A287BC80 Q924V4
F1SEZ2 D3ZFI7
F1RX38 F1LQX7
A0A023PN04 P16086
F1RY55 A0A0G2K8Q8
A0A287AT18 A0A0H2UHM5
F1SEX5 Q5FVC2
F1RWM1 Q5U1W6
F1SHV8 A0A0G2K5E7
I3LIX4 O88506
A0A287A3U2 A0A0G2KA90
I3LB93 F1LQX7
F1STU0 Q5PQL4
A0A287AT90 O35552
F1SUW7 V9GZ88
F1SNX8 F1LRC6
F1S033 B5DF71
A5GFU7 P11505
K9IVK6 F1M1W4
A0A286ZJG5 A0A096MKC0
A0A286ZK26 Q66H56
I4IYB5 Q8CH01
A0A286ZY20 Q9WV97
I3LBB2 E9PTF3
F1RQC5 F1M3H8
B0JFC7 Q2A121
D0G0C6 F1LS72
A0A286ZUN2 D3ZE26
F1S5D3 E9PTS7
I3LM39 A0A0G2JVC4
I3LCM6 F1LMG2
F1RL66 D4A206
I3LCP8 F1M9Q8
A0A287AMU0 Q7TNZ9
A0A286ZTD8 Q63768
A0A287BPL8 Q9R0T4
F1SP29 A0A0G2K4U9
F1SGP7 A0A0G2K449
A0A286ZYH6 P60889
A0A286ZKL8 Q3B7L3
Q2EN79 D3ZUJ5
I3LPV8 F1LRJ6
I3LCM6 D4A304
F1SS22 D4A9U9
F1S5D3 F1M9Q8
F1S715 A0A0A0MXW1
I3LLL0 P56700
A0A287B735 A0A0G2JSP4
A0A286ZIN7 D3ZBU8
F1SMG4 Q6AYM1
F1SUL0 D3Z9S9
I3LJY8 P49088
A0A287AJQ1 P68255
A0A287AWK9 D3ZS99
F1S7Q6 Q9Z2Z8
F1SNR6 P09483
F1STD8 D3ZBL5
M3VK32 Q63364
A0A287AEQ9 D3ZX50
F1RXU4 D4A4N1
A0A287B0Y7 E9PSY8
F1RZK8 F7ENH8
A0A287APB0 A0A0G2JYS9
F1SGC8 Q5RK08
F1SGS5 Q4V7G0
F1SBK5 Q6AXZ5
A0A287AG50 Q7TNZ9
A0A287AMB2 Q68FP1
Q6QAQ1 P60711
A0A287ANP5 Q5FVN6
A0A287BGA2 P27704
A0A286ZWS8 F1LRM7
F1RMN5 P12841
F1RRP2 D4A400
F1SNR6 Q5UMH9
A0A287AKU1 A0A0A0MXW1
A0A287BJ79 P21704
F1SB42 F1LQP9
A0A287AZZ6 F1LNZ2
F1SUL0 A0A0G2K2W8
A0A286ZI26 D4A8L3
A0ENH4 F1LN63
F2Z5E6 Q4KM87
A0A287B665 Q9QXQ0
F1SGH9 Q5M7T9
A0A287ACM5 A0JPN1
F1STG6 P17105
A0A287BMZ8 D3ZTG2
A0A287B6R5 M0RAR2
F1SNT8 D4A8U7
F1RL90 B1WC22
I6YP72 P31016
F1RFD3 Q5BJS0
I3LLT2 D4A8A0
A0A287BMZ8 P49088
M3VK32 F1LQH2
A0A286ZX26 Q6P6T6
F1SAU2 D4A5D6
B9TRX0 Q9JLS8
A0A286ZT34 Q5PQL2
A0A287B5N1 D3ZWI4
F1RP15 F1M1G2
A0A287A536 D3ZV52
F1S3G7 Q9JI04
M3VK28 O35410
F1STG0 D4A0V7
Q95254 O08725
F1RUL1 Q5XIN4
F1RUP2 D3ZXL5
A0A287AHV7 Q5XFW6
D4P3C2 F7F0B1
I3L638 Q3KR94
A0A286ZUL4 M0R5M5
A0A287AF83 A0A0G2K331
I3LCP8 D4A5U3
A0A287AIR5 D3ZME7
F1RFD3 D4A929
A0A287BJ79 O35092
A0A286ZXS0 Q68FR9
F1S5D3 D4A5U3
F1STY9 D3Z8L5
D7RA31 P49000
K7GRR9 Q66HE2
I3L9C8 Q99J82
F1SSH9 D3ZCC7
Q06AA7 P62997
A0A287AXF5 P35565
F1SIS1 A0A0G2K8U5
K7GQZ2 G3V7R8
F1SLF9 Q8R424
F1S3E0 D3ZDZ0
F1SJA3 A0A0H2UHK4
I3LDM6 D3ZXF8
I3LJY8 D3ZTG2
A0A287BAL0 D4A078
A0A287ATP8 A0A0U1RS33
A0A286ZSJ2 A0JPP6
A0A287ASL6 M0R887
I3LI59 Q27W01
I3LG73 Q66X93
A0A287BFQ5 F1LNW6
F1RFD3 B0BN81
K7GNS9 G3V8M5
F1S0N2 G3V888
I3LGD6 G3V9Q4
F1RYQ5 D3ZIK1
A0A287AFM0 Q64620
A0A287A6N8 Q6IMY8
F1SN45 D4A2B7
A0A287B9W3 Q64232
A0A287AJJ6 F1MAL5
I3L9K6 G3V7D5
A0A287AJJ6 Q5PQL2
K7GRK2 D4A135
F1RPT5 O35274
F1SDH7 Q924V4
A0A287AWN6 D3ZTT7
A0A287ATD3 Q6AXQ0
A0A286ZN42 A0A140TAH3
F1RNV5 A0A0G2JXZ4
A0A286ZRG1 A0A0G2JXQ5
A0A287AX48 D3ZRE3
A0A287B2K5 Q9Z217
F1RG82 A0A0H2UHQ7
F1RZA6 F7ESD4
I3LBN0 Q5QJV7
A0A287B2B4 F1LZW6
A0A286ZX89 Q3MHU5
F1SA57 D3ZLC6
A0A287BPP8 Q6AY57
I3LJY8 A4L9P7
I3L9K6 D4A9E7
A0A287AXQ4 Q56R17
F1RJQ6 B1WC24
I3LCX3 G3V9L3
F1SJV7 D4A5T1
F1RPE5 Q68FP1
A0A287B9L2 Q5FVL4
A0A287AH06 A0A0H2UHH7
F1RQC5 Q9JJ54
A0A286ZV23 G3V6K6
F1SMW9 G3V8B6
A0A287BCR0 D3ZXC6
A0A287BK29 F1MAM1
F1SSL4 G3V681
F1RKW0 R9PXS3
F1RWM5 G3V717
F1SAH1 G3V8M9
A0A287A555 F1LPC8
F1RXV9 M0RCL1
A0A286ZX89 Q4G012
F1RLG5 B2RZ37
F1RX98 D3ZMW3
F1SAH4 D3ZCS3
F1RP69 F1M1W4
P62197 Q5M9H7
A0A287AYU6 D3ZM82
F1SN45 D4A929
A0A287AJ28 Q62636
K7GMR6 D4A9E7
I3LLL0 Q1XID0
I3LEL6 P56700
A0A287A4Z0 D3ZKI6
F1SME2 M0R5V5
I3LRN2 Q9WUS0
A0A286ZIN7 P24392
A1XSY8 D4A1T1
A0A287B3H4 D3ZVT2
A0A287B749 B2RYW8
A0A287AWK9 Q6AYS4
A0A287ADJ0 M0R740
F1SBK5 I7GAZ6
F1S1F1 A0A0G2KA90
F1SP38 E9PTR3
F1RMB0 G3V6D8
A0A287AJ61 Q64620
A0A287A3U2 Q62867
F1SIA4 A0A0G2JTT2
A0A287BM92 P36372
I3LRN2 Q66H56
F1RUA7 B0K014
A0A287BQ14 Q64350
A0A287B4X1 Q9R080
F1RT53 A0A0H2UI20
A5GHK6 Q5FVL4
F1STH9 P49950
A0A287ARU6 Q5XHY0
F1SAI5 A0A0G2KBA2
A0A287B5N1 O08776
A0A287AB60 G3V8N3
A5D9M6 P63086
M3VK28 B5DEX9
F1SED9 D4A1T1
F1S1F1 F1MAF8
A0A287A2R9 P62260
F1SJ31 A0A0G2JYS9
F1S827 Q6AXS5
F1SPF4 G3V859
F1SNY1 A0JPN1
M3VK28 D3ZQN8
A0A287ARZ1 Q5PPI1
F1SV14 A0A0G2K8K0
F1S0S8 D3ZD80
A0A287B8Q0 Q66HJ7
A0A287A9Y2 Q5PQX1
A0A286ZSG5 Q6AZ70
F1S956 P27704
F1RPH0 F1LXF5
F1SKI6 D3ZWI4
F1SK86 Q5XFW6
F1S0T9 F1M9X0
F1RJL2 Q5U2Y1
Q864V7 B0BNL2
F1S0S8 A0JPJ7
F1SFC1 D4A9E7
A0A287AN25 Q6AXT8
A0A287ADM1 D3ZCK7
F1SJV7 D3ZCL3
D7R811 D3ZCC7
F1RPW2 A0A0G2K4P5
F1S4Y9 G3V681
F1SDT3 Q4KM34
A0A287B642 Q5PQL2
A0A287BPP8 D3ZXX3
F1RIA4 G3V963
F1RT51 Q5BJY8
A0A287AXW5 F1M3H8
I3LCU3 G3V8N3
A0A287AFM0 Q9WTT7
A0A287AB60 F1LS62
F1SNF6 Q6P7R8
A0A287A4H2 Q6AY02
A0A287AKX1 D4A8B1
K7GMR6 G3V8X6
F1SA70 P17246
A0A287B6A9 D3ZER6
F1RUP2 Q5U3Y0
F1RFD3 Q6IMY8
A0A287ADQ6 F1M5N4
A0A287B642 B2GV58
A0A286ZP65 P35213
Q29036 P61805
A0A287BAY9 A0A0G2JSH5
K7GQ93 D3ZZN9
A0A287B642 Q5U313
I3LLL0 Q5BK39
K7GK90 A0A0G2JST3
A0A287AU26 Q9JJ54
M3VH47 Q9R019
A0A287AFZ3 B4F7C2
A0A287AF83 Q5FVI6
F1RZW6 D4A5C3
A5GFS8 D3ZWS0
A0A286ZWP6 A0A0A0MY07
A0A0R4J8D6 Q7TP77
K7GNC8 P70501
F1S668 M0R887
Q684M4 D4ACP8
F1S8K5 Q6P736
F1RRR8 P09416
F1SEV8 Q66HH8
I3LCU3 F1LS62
A0A287AF08 Q04589
F1SCF7 D3ZQ60
A0A287B9V7 Q64232
A0A287BEQ8 Q9Z269
I3LBB2 B0BN82
F1RZQ3 Q5XIB4
F1SE23 D4ADQ6
F1S222 M0RB75
A5GFV8 Q09128
R4JU57 Q91ZN7
A0A286ZWR0 Q5U3Y0
K7GMR6 Q8K1G0
I3LDL4 P49000
F1SFM8 A0A0G2JV07
A0A287AJ93 Q642B9
A0A286ZTB1 M0RB75
A0A287AJL4 Q5D006
K7GRA1 D3ZGS3
A0A286ZKH9 Q9JI92
A0A287A6N8 Q5BJS0
A0A287B425 A0A0G2K1V9
F1SUT8 E9PSY8
F1S0T9 P49950
A0A287BRX1 D4A2M3
A0A287AQ36 P05982
F1SEA4 O88764
A0PFK5 Q6TQE1
A0A287B0Y7 Q9WTT7
F1RT51 A0A0G2JYS9
A0A286ZKB5 D4ADZ0
A0A286ZJV0 G3V865
A0A287BT99 A0A0G2JTR4
K7GND3 P62997
K7GS69 P10980
A0A286ZTN4 D4A929
I3LNF6 Q496Z3
A0A287B2B4 Q498N4
F1SP55 F1M9Q3
A0A286ZU72 A0A0G2K3V9
F1SFM8 D3ZSQ1
I3L9K6 F1MA97
F8T0U2 Q498N4
F1S360 D3ZE26
A0A287AMJ2 Q62711
A0A287B321 Q9ESB5
F1SNG6 Q924S5
F1RGU8 D4A478
I3L5I1 D3ZY39
F1RMM8 D4ADC2
F1RVY1 D3ZRL2
A0A287BRX1 P22909
F1S4P6 C0JPT7
A0A287BRX1 Q6IRH4
A0A287B0Y7 B2GV58
A0A287B1W2 D3ZCQ7
F1RQC5 P62142
F1SJ31 Q5BJY8
A0A287BFU1 D4A280
I3LLQ8 Q07936
F1RR89 G3V8V1
A0A287AT90 D3ZUD8
I3LDJ2 Q6IRH4
M9MMN1 Q6MGB4
A0A287AKX1 Q5PPL2
A0A287ANP5 A0A0G2JUQ3
M3VH47 A0A0G2JSQ6
F8T0U2 D3ZUY8
A0A287A3U2 E9PTS7
A0A287B425 G3V8W6
A0A287AHQ8 F1M1W4
A0A287BK29 Q5M808
F1SKG2 Q5QD51
A0A287B519 M0R740
K7GS49 B2RZC6
F1SHF6 D3ZLS5
A0A287AJ61 Q5U313
F1SJI1 D3ZSQ1
I3LJC2 Q5XIN4
F1SNF6 D3ZTG2
A0A286ZQE1 B0BN85
F1S4W0 D3ZB81
F1SPF3 D3ZP96
Q2EHH8 P62138
F1S395 P05982
F1SGD3 O08625
A0A286ZLH7 Q9ER24
A0A287AFM0 F1LW16
A0A287AR18 B2RZD6
A5GFU7 Q6P9X1
F1SIK8 P63156
A0A286ZZS2 F1LQZ4
F1RV56 Q4KM95
I3L7L2 F1M8E5
A0A287B1W2 M0RBT9
I3LKI5 Q9Z2Z8
K7GMR6 A0A0G2KAH3
F1RVY1 G3V8X6
A0A287AZ57 A0A140TAH3
F1SMV6 Q5U328
A0A286ZT34 Q91ZN7
J9JIK8 A0A0G2KAW5
F2Z5V1 D3ZZW2
F1S5P5 Q56AP7
A0A286ZT34 Q9WTT7
F1RJU1 Q6IFW6
A0A287BJH7 G3V7W8
F1SFM8 A1A5R2
A0A287ARA4 D3ZCS4
F1SP95 D3ZLI9
F1S057 D4AEB3
P80021 A0A0G2K099
A0A286ZLT0 O88989
A0A286ZN42 Q7TNY1
I3LBB2 B0BNK1
F1RP69 A0A0G2JSZ1
F1SDH5 P18864
F1SV14 E9PT65
F1SMN1 A0A0G2K0W9
C3S7K6 A0A0H2UHJ1
A0A286ZP43 D4A8M7
F1S0U6 D4AEB3
F1SV14 P31977
I3LBA6 E9PTS7
A5A8V7 H9KVE3
F1RFD3 D4A2B7
A0A287BFS6 D3Z8X7
I3LSJ5 D3ZQR6
F1S3Z9 D3Z9L5
A0A286ZRJ9 A0A0G2K449
A0A286ZR64 F1LPP8
A0A287BIG4 Q5BJY9
B5KFA0 F1M944
A5GFR3 Q6AYI2
Q864V7 P41156
A0A287A9Y2 F1MAL5
A0A286ZQS2 Q4KLN5
D4P3C2 A0A0G2K6L6
F1RJC5 D4A3G2
A0A286ZUN2 G3V877
I3L5T3 A0A0G2K099
I3LNN4 A0A0G2K8U5
A0A287ACM5 A0A0G2K8Q8
A0A287BGT9 D4A0L1
Q52QT8 A0A0G2JTR4
F1RUA0 F1LRL9
A0A286ZW96 F1M9X0
K7GMR6 D3ZCC7
F1SIK8 Q8K1G0
K7GQ93 A0A1W2Q693
F1SR95 D3ZVQ9
A0A287B5N1 A0A0G2K1Q1
A0A287BPF3 Q5XIC0
F1SJX5 Q9R010
A0A287B1A2 Q5I0C9
D3K5M2 D3Z9C0
I3LQN8 M0R8R8
F1SEM2 Q5XI73
A0A287B6A9 Q5FVC2
I3LG73 Q6P9V6
A0A287AQ36 D3ZDZ0
A0A286ZYM9 Q66HL7
A0A287BBC3 A0A0G2K2M9
F1RFW5 P35286
A0A287AKU1 D3ZS99
A0A287APS7 A0A096MIY3
F1SCS4 D4AB26
A6N8P5 Q5QJV7
F1SBF2 Q3L472
A0A287BMZ8 Q6P7R8
P79288 P10980
A0A286ZK26 O35552
A0A287BHY5 Q9ER24
F1SDX4 A0A0G2K0K8
A0A287AC99 P08932
F1SEM2 Q63570
I3LUG5 D3ZSD8
Q2EN79 Q5FVI6
F1RKW8 D4ACB8
A0A287B6K3 D3ZV63
F1RXR2 Q4G063
F1RPH0 A0A0H2UHA6
A0A287A3K3 B2GUT8
F1RZZ3 B2RYN1
F1SS06 A0A0G2JUI2
A0A286ZN42 B5DEL1
E7CXS0 B2RYW8
R4JU57 E9PSY8
A0A287BHY5 P61212
F1RRD6 A0A140TAA4
A0A287AN25 D3ZAB6
A0A287BFS7 A0A0G2JTY1
F2Z5S6 P58200
I3LBD8 P16612
I3L9F7 Q56R20
F1RQP2 M0RB75
A0A286ZRG1 D3ZRL2
I3LBN0 F1LXU0
I3LVG6 F1LWZ7
F2Z5N6 Q5PQL2
F1RHU6 Q68FR9
A0A287AZ31 Q5FWU5
F1SUL0 G3V8X6
F1S5A8 Q4KM87
I3LEI5 F1LPZ7
I3LA84 Q5U367
K7GR08 P16599
I3L9V1 Q63470
K7GNS9 Q6AY02
F1SBC5 F7F189
K7GNS9 F1LQH2
A0A287APS7 D3ZDZ0
D7RA36 D4A5U3
A0A286ZZH7 D3ZAW2
I3LKI5 D3Z8G7
A0A287B0M4 O35078
F1RQP2 F1LXU0
A0A286ZP75 F7EL93
Q8HZV3 D3ZMY7
I3LJB7 D3ZFJ0
A0A287BT17 Q9JJ54
A0A287B685 D3ZD47
F1SAH1 D3ZWI4
A0A287B5M8 D3ZEN8
F1RFD3 D3ZQM0
A0A287AB60 B1WC22
F1RVY1 F1M5J1
A0A287AP23 F1M3K6
I3LRH4 Q63377
F1SGQ0 D3ZLC6
A0A286ZMB2 A0A0G2K5H7
K7GT60 P27704
A0A287BM02 D3ZMN2
F1SFC1 D3Z9S9
A0A287AFM0 Q91ZN7
A0A286ZQE2 Q3B7L1
A0A286ZK26 F1LWM1
A0A287AWN1 B0BN72
A0A286ZQA1 A0A0G2K5U0
I3LTD6 A0A0G2K612
A0A287A3F5 B2GV17
A0A287AHF0 Q7TSV3
Q8HZV3 P04785
F1SJ93 Q62703
A0A287A6N8 D3ZD97
F1SJS3 F1M987
A0A287BC80 A0A0G2JWG0
F1S593 P39052
I3LAG7 P63140
F1SJ31 D3ZF19
B1NI70 Q66H56
A0A287AIX3 G3V8M1
A0A287AYD9 P41777
A0A286ZPM2 Q6AXZ5
A0A287B052 D3ZBT2
F1SS24 A0A096P6L8
A0A286ZP72 Q6AXY9
A0A287B6R5 F1M2F9
F1RU02 Q62985
I3LPX5 A0A0G2JYV3
A0A287BPP1 Q80WD0
A0A286ZP43 F1LSA1
K9IVK6 A0A0G2JSZ1
A0A287B749 Q4QQV0
F1RKW8 Q6MGB6
I3LCU3 B1WC22
F1SBF2 Q569D2
A0A287BAC0 F1M400
I3LDS3 D3ZE91
I3LCU3 F1LXU0
A5GFY8 F1M3U4
F1S222 F1LXU0
D0G0B2 G3V963
I3LM88 G3V6L8
A0A287BCL8 Q5PQL3
A0A287A440 Q569D2
K7GP99 A0A0G2K2T6
A0A287B856 F1LMF4
A0A286ZRH4 Q5XIU7
A0A287AHL5 A0A0G2JYD0
F1SB42 G3V6T7
J9JIK8 D4A0E8
I3LVL0 D3ZDG0
A0A287A2U9 F1LR10
M3VK28 Q5M865
A0A287AQ50 F1M8F0
F1RRK1 D3ZEH8
I3LCP8 E9PTS7
A0A287ARV3 Q5EB94
F2Z5N6 Q64620
F1RUZ5 D3ZM22
K7GRK2 D3ZLI9
Q06AS8 B1WC25
A0A287BBJ7 Q5U2U0
F1S8K5 F1M3H8
Q27HK4 A0A0G2JU49
F1SAI8 Q66HM2
A0A287AXU2 Q8VHX0
A0A287B2B4 A0A0G2JTT2
I3LNG4 Q496Z2
F2Z5E6 Q6IMY8
A0A287AV79 M0R740
F1SNY1 D3ZVM4
I3LUG5 Q6AXQ1
A0A287BES3 P38983
A0A287A997 P35815
A0A287B5K1 D4A4J0
A0A287BL20 Q4KM87
F1SLW4 Q66H33
A0A287AB60 F1LXU0
B7UCT2 A0A140TAD2
F1SJ23 F1MA97
F1S7J9 B1H278
A0A286ZHZ1 P24392
F1S662 D3ZPK4
I3LD41 F7EWN2
Q28987 A0A0G2K1V9
A0A286ZYH6 Q5FVI6
F1RLB1 D3ZIK8
Q767K6 Q6MG13
A0A023PN04 M0RDR7
I3LTK3 D3ZTV3
M9MMN1 F1MAF2
A0A286ZKI4 D4ADX7
A0A287BHY5 A0A0G2JST3
A0A286ZI78 F1LN90
F1SS22 P22086
F1S047 A0A0G2JUE5
Q95250 F1M9X5
A0A287BLU9 F1M9Y9
F1STG0 B2RZ94
F1SGV8 Q5U1Z8
I3L9N5 B2RYQ5
A0A287B2L4 Q56R20
F1SS53 A0A0G2K1X3
F1S0W9 D4A929
I3LM60 Q7TNY1
I3LEL6 P63156
F1S5N5 M0R7R2
F1SSH9 P49950
F1RPW2 A0A0G2JXI1
F1S1F1 F1M9Q8
A0A286ZXF3 D3ZPY2
E7CXS0 G3V815
I3LIF1 Q9QYW5
A0A286ZSJ2 D3ZZW2
F1SRZ3 G3V714
A0A286ZRH4 P08932
A0A286ZT34 Q5PQX1
A0A287AZ57 Q7TNY1
F1SBF0 Q5XIN4
A0A287AJ61 E9PSY8
I3LNX4 F1MA52
F1RUP2 A0A0G2JU59
F1SJI1 Q4G012
Q8HZV3 F1LSA1
A0A287B6L2 P38483
F1SKG2 D3Z822
I3LLF1 P20417
F1SFC1 G3V8X6
A0A287AL65 Q6P6G2
M3VK32 Q6AXT8
A0A287B540 F1M4M5
I3LKI5 A0A1W2Q693
F1SEM2 C0JPT7
A0A287AJ61 Q5PQX1
A0A287AJJ1 D3ZIH3
A0A287AQ63 D4A275
F1SU27 B1WC24
A0A287BJH4 D3ZCS4
I3LE63 P36370
F1S062 A0JPJ7
F1SM35 D4AA47
A0A287B726 Q5PQX1
F1RJL2 D3ZD80
I3LUD5 P17955
F1SD90 A0A0G2KA90
A0A286ZR64 Q5I0E7
A0A286ZTN4 Q5BJS0
F1RJ01 F1M8V2
I3LC11 F1LNZ5
A0A287AN25 Q63364
K7GNR7 D3ZYE1
Q864V7 A0A0G2JSQ6
A0A287AQR4 P30835
F1SS53 M0R740
I3L5Q7 Q5XI24
F1RLJ4 Q63151
F1RGU8 Q6P7B6
F1RRK1 D3ZSQ1
A0A287BIK4 A0A0G2KA75
A0A287AZY6 M0R7K3
A0A287A5F6 Q63528
F1SSL4 A0A096MIV5
K7GP99 A0A0G2JVW5
F1SSX7 A0A0G2K0I4
F1SED9 G3V7T9
I3L598 Q56R20
F1S3E0 Q5PQK4
I3L9K6 D3Z9S9
K7GQ93 A0A0G2KBA2
I3L5K3 Q5M875
F1RXV9 A0A0G2K9A7
I3LEL6 D3ZCC7
A0A287AQ50 P31430
A0A287BR84 Q4FZS2
I3LG77 D3Z898
A0A286ZJG5 A0A0H2UI20
F1SFC1 P21677
A0A287ANH9 P16970
K7GMR6 I7GAZ6
F1SA70 D3ZAZ0
F1SUT8 Q5PQL2
A0A286ZR64 A0A096MIY3
A0A287B841 D4A7G5
A0A287B559 Q7TP77
A0A286ZRM8 G3V8D5
A0A287ARC2 Q6DGF9
A0A286ZT47 A0A0H2UI02
F1SGN4 Q5M947
A0A286ZX89 A1A5R2
A0A286ZKE4 Q5PQL4
A0A287BPQ1 F1LRC6
I3LLQ8 F1LN92
A0A286ZHZ1 D3ZBU8
F1RFI0 Q62985
F1RSB8 F1M8R0
F1SD90 F1M9Q8
F1SML3 P47824
A0A286ZRH4 Q65Z15
F1SBE6 A0A0H2UI34
F1RV14 F1LS98
F2Z5V5 D4A0E8
F1SBH1 A0A0G2JXI1
F1STY9 Q6P9X1
F1S488 Q5PQK4
A0A286ZIG4 Q4KLL7
A0A287BIN4 E9PSK7
B5APU6 O88656
F1S8U0 Q6AYM4
F1S668 D3ZHJ4
K7GM45 Q9WUD9
A0A287BJH4 F1MAL5
K7GMR6 D4A2M3
F1RW78 A0A0G2K075
A0A286ZMB2 D4A5U3
A0A287AWN6 A1A5S1
Q1G1K7 Q496Z3
A0A287BAL0 G3V7Q8
F1SUQ5 A0A0G2QC27
F6QAM9 D3ZW08
A0A287BTJ4 Q66H76
A0A287B9L2 D3ZPK4
A5GFT5 D3ZSQ1
E7D6R3 F1LMG2
F1SE75 G3V6V5
F1RQD6 P0C0K5
A0A287AWK9 D4A8B1
A0A287B573 D3ZJ70
F1RK46 F1M9G7
F2Z5E6 D3ZQM0
F1RHS7 A0A0G2K1M2
I3LUH8 A0A0G2K449
F1SFC1 Q6AXZ5
A0A286ZQE2 D4A5U3
F1RMN5 F1LP66
I3LCP8 Q3B7L1
F1S4V1 F1LQV8
A0A287B726 Q91ZN7
F2Z5F3 Q56R20
F1SSM3 A0A0H2UHK4
A0A287BFY7 D3ZTT7
F1RJQ6 A0A0H2UH94
F1SP18 O88989
C3S7K6 F1M7Y3
A0A287AT18 Q2TA68
I3LRD5 Q5XI72
Q0PY11 B2RYG6
F1SI41 Q5RJR4
M3VK28 P35355
A0ZVR0 O88764
A0A287BNY8 P21704
F1RFX5 D3ZQ60
Q9BDK6 E9PU35
I3LIB1 A1A5S1
A0A286ZU41 F1LMH8
F1S3K9 P97887
P01248 F1M5N4
I3LN88 A0A0H2UHU4
A0A287BJR3 F1LR42
F1SA04 Q63014
A0A287B4X2 Q7TT49
A0A287BPQ1 D3ZTT7
A0A287B4D6 Q3ZAU5
A0A287B836 P17046
A0A287ACM5 P60889
A0A286ZIJ9 A0A0G2KBC7
A0A286ZJP2 A1L1I3
A0A286ZQE2 Q62867
F1SLU6 D3ZVQ0
B5KFA0 A0A0G2JXI1
A0A287B726 Q64620
P10612 A0A0H2UHG1
K7GRV6 A0A0G2K1A2
D7RA36 A0A0G2K5H7
F1RQ12 Q9ESV6
F1SJB5 P07150
Q2EN79 A0JPN1
F1SEJ3 G3V6T9
A0A287BGA2 G3V8D5
D7R811 F1M9X0
F1RQY4 P25977
F1SAM0 A0A0G2KA90
A0A287BAM9 B2GV14
A0A287AFM0 Q5PQX1
F1RJL2 A0JPJ7
F1RT51 D3ZF19
F1SIK8 D3ZCC7
A0A287B5N1 G3V8M9
A0A287AFY2 O70521
I6L6T2 Q63396
F1SAY9 D4AEB3
F1S715 Q6AYS4
F1S5D3 A0A0G2KA90
F1S5A8 Q5BJS0
I3LFH6 A0A0G2JXQ5
A0A287AB60 M0RB75
F2Z5N6 Q91ZN7
F1S0S8 Q6PCT9
A0A286ZMB2 F1M9Q8
A0A287B6S0 F1M820
Q8HZV3 A0A0G2K0W9
F2Z5N6 Q9WTT7
F1S484 D3ZS99
F1SRI1 Q99P75
A5D9P0 Q6MGB6
F2Z566 Q5PQL4
I3LGE9 M0RBF8
I3LD41 A0A0G2K3W4
I3L9N5 O35547
I3L7T4 Q924S5
F1SRU8 D3Z9E9
A0A287BBF5 D3ZSJ1
Q52NJ5 Q66H50
F1SB42 E9PT65
A0A287AR90 Q498R3
A0A287A5I0 F7FG31
A0A286ZRH4 D3ZPZ3
F1SML4 Q66X93
A0A287B519 A0A0G2K1X3
D0G0C6 D3ZUX5
A0A287AD86 D3ZRU9
F1RVY7 Q5RKH2
A0A287AXP1 Q6P751
A0A287BT02 D3ZE75
A0A287A6E8 D3ZE75
A0A286ZKV2 Q811R2
K7GR70 D4A9N5
F1RVT3 Q64315
A0A286ZV27 D3ZTV3
A0A287ARA4 Q9WTT7
A0A286ZVK1 Q64268
I3LUD5 A0A140TAH3
A0A287A9Y2 Q5U313
F1SMN1 A0A0H2UHM5
I3LRC6 D4A447
A0A287BEL1 B2GUT8
F1SFC1 G3V7D5
A6P7L6 P01257
F1SMW9 F1LRV4
A0A287A7J8 B1WC90
F1S715 B1WC03
A0A286ZMB2 A0A0G2KA90
I3LH72 Q9ER31
A0A287BIN4 B1H2A2
F1S4Y9 A0A096MIV5
F1SHV8 Q6P7B0
F1SSL6 O35796
A0A287B9N1 M0R3P2
F1SN65 Q9ERC5
F1STY9 F1LW16
A5GFU7 F1LW16
F1SAH1 F1MA79
F1S475 D3ZMY7
F1S488 A0A096MIY3
A0A287AMJ2 D3Z8I2
A0A287B425 F1M0R1
F1SGC8 D3ZD97
F1SU46 D4A6A8
F1SSX7 Q5M971
A0A287BIH8 P70541
I3L7L2 D3ZAB6
F1SV36 E9PSM0
F1RJR1 Q62923
A0A287ARD1 D4A1U7
A0A287A7C6 A0A0H2UHH4
A0A286ZPM2 P21677
A0A286ZMB2 D3ZE01
F1RS27 G3V8S7
F1SNX8 Q2PQA9
A0A287AU87 D4AA66
A0A0G2KBD0 Q63118
F1RJ55 F7EYB9
A0A286ZX89 Q5RJQ7
A0A287BBJ7 F1LM47
F1RVV1 D3ZTY5
I3LBB2 G3V8A5
F1SVB3 Q4V7G0
F1S047 A0A0G2K7Q0
A0A287BMZ8 A4L9P7
F1SFC1 F1MA97
F1SQ55 Q4QQS7
F1RX98 D3ZGZ9
A0A287A116 P33535
A0A286ZU72 Q9R080
I3LM60 B5DEL1
F1RJ91 P0C5H6
A0ZVR0 P63140
A0A287AHV7 Q62985
F1SSD4 Q9Z158
F1RWG2 D3ZCQ7
I3LDJ2 P22909
F1SVB7 Q6AXU4
I3LJC2 F1M8E5
A0A287BJP3 A0A0G2JSI8
I3LKI5 A0A0G2KBA2
F1SQT2 F1LP66
I3LPV8 A0A096MIY3
A0A287B0Y7 D3ZCS4
F1SGN4 B2RZD6
A0A287BFS7 P36372
I3L9K6 G3V8X6
F1S3E0 F1LRJ6
B7U6F4 F1LXV3
A0A287BA12 Q4KLL7
F1S4A6 G3V877
A0A287ASL6 Q4L0E9
A0A287A688 D3ZUD8
A0A287AWN6 A0A0H2UHA6
A0A287AL02 P47196
I3LC77 D4A7Y4
P62197 D4A8A0
A0A287AA01 Q496Z3
A0A286ZUC5 D3ZCM4
F1SLW4 P38483
A0A287BEL1 M0R6Q6
I3LPV8 Q5PQK4
A6N8P5 F1LS62
O02826 P97580
F1SR72 F1LN88
A0A287BT17 Q6QI44
A0A287AF83 D3ZUJ5
A0A286ZQE2 A0A0G2KA90
F1SLB6 D4A5U3
F1S4A6 A0A096MK76
F1SD90 Q62867
F1SG36 F1LMV3
K7GS36 Q9QWJ9
A0A287B0Y7 F1MAL5
A0A286ZRN5 Q569D2
F1SJ88 P27704
I3LEL6 Q1XID0
I3LKT7 B5DFK2
A0A286ZYH6 D3ZS29
A0A287BPQ1 B1H269
A0A287AHT1 B5DFI9
A0A286ZZ53 D4A9U9
I3LEQ7 Q99JD4
A0A287B4V5 F1MAM1
A0A287AH15 A0A0H2UH94
F1RP69 Q9WUS0
A0A286ZP72 Q5EB96
F1SUT8 Q9WTT7
K9IVK6 F1LWM1
Q29036 Q5EGY4
F1SI67 G3V8M9
A0A287ARA4 B2GV58
F1S3E0 Q5I0E7
A0A286ZTB1 Q5QJV7
I3LUY4 D3ZSB9
I3LBU8 D4AB49
A0A287AC99 Q5XIT0
D5KJI2 P12841
A0A286ZKE4 D3ZAR1
A0A287B519 D3ZQX4
A0A286ZS33 G3V8S5
A6N8P5 B1WC22
F1SID1 F1M589
I3LEL6 F1M9B7
F1SNR9 Q6P734
F1RYU5 Q6AYJ9
I3LEL6 D4A2M3
F1RXF9 D3ZDI4
F1SLW4 A1A5R9
A0A286ZJX9 Q9WUC8
A0A287AKU1 Q6AYS4
A0A286ZI01 D4A321
F1SDH5 D3ZCQ7
A0A287ACM5 D3ZUJ5
F1SAK9 D3ZMN5
F1SEM2 Q5U2Y6
A0A287ARA4 E9PSY8
F1SIK8 Q1XID0
A0A286ZW96 Q1XID0
F1RNV5 B2RYK7
F1RL90 F1LS62
A0A287BFY7 A1A5S1
F1SIG2 Q496Z2
A0A286ZP43 O70509
F1RIG2 F1M8V2
I3LAG7 Q62755
D7R811 Q1XID0
A0A287B0Y7 Q5PQL2
I3LUA7 Q6AYC5
A0A287BLV8 F1LM47
K7GK90 Q9ER24
I3LN88 Q66HA1
F1RLC1 B2RZ94
A0A286ZYH6 A0JPN1
I3LA48 A0A0G2JT93
A0A286ZLT0 A0A0G2JWA2
F1STS0 Q5BJZ5
A0A286ZQP7 D3ZFY0
A0A286ZRG1 Q6AXZ5
F1SBF0 D3ZFY0
A0A287BQ14 Q62785
I3LG73 G3V888
A0A286ZMY6 Q5BK32
Q2EN79 A0A0G2K331
F1SUL0 G3V7D5
F1S3R8 Q5XIV0
A0A286ZZW4 Q63016
F1SQG2 G3V6D8
F1RPM9 D4A333
A0A287BB06 F1LS01
F1SRM3 D3ZA45
A0A286ZT34 Q64620
A0A287B749 D3ZGS7
F1S0W9 D4A2B7
F1S021 G3V763
F1SB16 Q68FW9
F1S488 Q5I0E7
F1SRI8 A0A0G2K7Q0
A0A287BRX1 P63156
F1SJ69 A0A0G2K3H5
F1SDI9 F1LNT0
F1S1S3 D3ZN47
A0A287A688 F1LWM1
A0A287A041 B3DM89
A0A286ZMB2 Q62867
K7GNX2 D3ZE26
A0A287ARZ0 D3ZDK2
A6M928 Q6P3V8
A0A287AQ63 Q5RJQ7
F1S222 Q811R2
M3VK28 A0A0G2JSQ6
I3LVN6 D4A895
A0A288CFV7 F1LQH2
F1SBK5 D4A9E7
F1SML3 A1A5R9
F1SNR6 P20420
Q2XVP4 P68370
F1RZ96 D3ZWI4
F1S5C5 A0A0G2JY43
F1RUL1 Q6AXT8
F1RMC2 P51638
F2Z5F3 Q4FZS2
F1SNY1 D3ZS29
I3LLL0 F1M9X0
F1RJ01 Q66HM2
A0A287AKU1 B1WC03
I3LPV8 F1LPP8
A0A287AMU0 D3ZWP8
I3LSD5 F1MAK3
I3LNK6 B2RZ94
E7D6R3 D3Z8I2
A0A287B425 F7ESD4
A0A286ZRG1 F1M5J1
A0A286ZZW4 D3ZUD8
A0A287AQ50 P63219
F1RKX9 Q5FVC2
I3LJC2 Q6AXT8
I3LBA6 F1M9Q8
A0A286ZKL8 D3ZTM7
F2Z5N6 Q5PQX1
A0A287BL20 D3ZQM0
A0A287ADW4 P01346
F1S5D3 D4ABC4
F1RK76 F1M0M3
F1SGF1 A0JPJ7
F1SLR5 A0A140TA98
I3LNP7 Q6TA25
F1RJY4 D3ZBA3
F1SFF0 Q62928
I3LEL6 F1M2Q1
F1SD90 Q3B7L1
A0A286ZW96 D3ZCC7
I3LTQ6 G3V804
F1SIK8 D4A2M3
A0A287AB58 G3V8D5
A0A287A6N8 D3ZQM0
R4JU57 F1MAL5
F1S5N5 Q66HA1
A6N8P5 G3V8N3
F1SQ17 D4A6J0
F1RUL1 F1LQH2
A0A287B6S0 Q9WUC8
A0A287B2L2 P60889
A5D9M6 A0A0G2K8P3
A0A287B7T8 P10980
A0A287AFM0 P11505
A0A287B2L2 F1LP04
F1SLF9 O88764
F1RLJ4 F1LN92
I3L7T2 F1LXB6
A0A286ZLH7 A0A0G2JST3
A0A287BDY2 A0A0H2UHV5
Q2I373 D3ZSD8
I3LBA6 Q3B7L1
F1STY9 M0R711
F1SFC1 I7GAZ6
F1SJ70 D4A5D6
F1STH9 Q8K1G0
F1STE5 P0C2C1
F1STU0 D3ZAR1
I3LPV8 Q5I0E7
A0A287BS85 Q5PQV1
F1SAN7 D3Z8G7
A0A287ALF8 Q5FVJ5
A0A286ZTB1 F1LXU0
F1SV80 D4AD02
F1RQL3 A0A0A0MXW1
A0A287B5K1 P97536
I3LEL6 P49950
F1SIA3 D3ZA45
F1S668 P51638
I3L9U8 A0A0G2QC09
F1RY55 A0JPN1
F1RQL3 B1WC03
I3LLK3 D3ZYC4
A0A287B0I0 G3V8D5
A0A287B1K1 D4A2A9
A0A287BHY5 F1LTU4
A0A287APX0 F8WFG9
A0A287BT17 P62142
I3LFA7 D3ZDZ1
B6VAQ0 G3V8D5
F1RT23 Q2EJA0
F1S222 F1LS62
A0A287BPP8 D3ZXF8
Q95250 P70580
F1SBX2 D3Z8E2
A0A287B1A7 D4AE10
F1SF78 G3V8V1
F1SKI6 F1MA79
A0A287AS02 D4A4N1
F1S5A8 D3ZD97
F1SAJ5 D3ZD73
I3LG19 F1LPT7
F1SML4 Q6P9V6
F1RGS3 Q4KM95
F1S488 F1LPP8
I3LB93 Q9WUC8
F1SD90 F1MAF8
F1SNG6 M0R711
F2Z5J5 G3V8G2
A0A286ZX89 D4A275
K9IVK6 Q66H56
I3LCP8 A0A0G2KA90
F1SJ23 A0A0G2JXQ5
A0A287A9Y2 Q64620
F1RU02 Q5XFW6
F1S062 Q6PCT9
F1SKG4 A0A0G2K1M2
F1S5D3 A0A0G2K5H7
F1SCJ1 A0A0G2K1V9
I3LVG6 D4A0V7
A0A287AF83 A0JPN1
Q6RVA9 Q2IBC6
F1SJ73 Q68FP5
A0A287BB52 A0A0H2UHH0
I3LCP8 A0A0G2K5H7
F1SEX6 Q5M808
A0A287B4V5 Q66HA1
A0A287B2L4 Q4FZS2
A0A287A9N8 D4ADC7
I3LDM6 Q6AY57
P62844 H9KVE3
K7GMR6 Q1XID0
F1S794 D3ZEI4
Q864V7 Q9R019
A0A286ZN42 P17955
A0A287BFY7 F1MAK9
F1S367 B0BMU7
A0A287B2L2 A0A0G2K331
A0A286ZV83 D3ZN76
A0A287B443 Q5M808
A0A287A997 P04157
A0A287BGG6 D4A4T0
Q8HZV3 O70509
F1SAI5 Q9Z2Z8
F1SDQ5 D3Z9E1
B2ZCZ8 A0A0G2KAS0
A0A287AX02 G3V8D5
K7GT60 G3V8D5
A0A286ZSG5 Q499U6
F1RQR3 D3Z837
K7GR16 A0A0H2UH94
F1RHU6 A0A0A0MY07
F1SAN7 A0A1W2Q693
A0A286ZYH6 A0A0G2K8Q8
A0A287ATD3 Q32PX2
F1SJY2 G3V9Q4
I3LGE9 M0R711
F1S395 D3ZQB7
F1SQG2 B1WC74
F1S265 F1LRD7
F1SLB6 E9PTS7
A0A023PN04 A0A0G2JSR4
F1SKI5 E9PU28
A0A287A7H6 G3V727
I3LN88 F1MAM1
D2JYW4 P63086
F1SKI6 O08776
A0A287AJ61 Q9WTT7
A5GFU7 D3Z8L5
D2KQR0 Q6XVN8
A0A287BT17 F1M3H8
F1SL57 D3ZCX1
A0A287BQF8 D3ZF21
F1RR45 D3ZTL5
A0A287AU26 Q6P736
F1RG48 D4A1T7
F1RZA6 A0A0G2K1V9
A0A286ZR64 B2GUZ0
F1RXR7 F1M7G9
A0A287A041 D3ZL11
F1SUT8 Q64620
A0A287AJJ6 Q9WTT7
I3LRD1 P47824
A0A287BJH4 Q91ZN7
F1RUP2 A0A0G2JTY6
F1STE3 Q5I0J5
F1RUL1 Q63364
F1RU38 P25977
F2Z5S6 F1LSG8
F2Z540 F7EUU4
A0A287BJH4 B2GV58
A0A287ARD1 F1M8R0
A0A287BM92 D4ADC7
F1SAM0 F1MAF8
A0A287AJ85 M0R7E6
A0A287BL20 D3ZD97
Q52QT8 P39950
I3LM60 A0A140TAH3
P50131 G3V7D9
I3LEL6 F1M9X0
F1RUA0 Q6IMY8
F1RWZ4 Q5XIC0
F1RI50 D3ZU55
I3LDJ2 F1M9B7
F1RQC5 Q6P736
A0A286ZJ26 Q5FVC2
I3LIB1 F1LRC6
I3LDS3 Q6IFW6
I3LDJ2 D4A2M3
Q19S50 P52631
F1RXE4 A0A0G2K1V9
A0A286ZTN4 D3ZQM0
F1SGC8 D3ZQM0
F1RPH0 D3ZTT7
A0A287BPQ1 P38983
F1RZ02 Q66HM2
F1S475 Q6AYA2
F1RM20 Q4KLJ4
F1SPP2 A0A0G2KAD9
F1SKG2 D3ZQW1
A0A287B4W1 A5HKJ1
A0A286ZZU8 P27704
B8Y650 Q9Z336
F1RUA0 D3ZD97
A0A286ZI26 D4ACN8
F1RIA3 Q924V4
A0A287BJH4 Q9WTT7
A0A287B0M0 D4AEK7
A0A287AJF5 D3ZU79
A0A287B4I1 Q9JLS8
F2Z5E6 D3ZD97
F1S0T9 A0A0G2KAH3
A0A287BL20 Q6IMY8
A0A286ZT34 B2GV58
K7GNS9 F1M8E5
A0A287BB27 O88321
F1RRT8 M0RB87
F1RGF7 Q76IC5
A0A286ZRH4 Q5BK82
F1RJL2 Q6PCT9
F1SG36 B2RYC7
A0ZVR0 D3ZFJ0
I3LAG7 O88764
F1RUM0 F1M2F9
A0A286ZLH7 F1LTU4
F1S3E0 D3ZQB7
F1SA70 P14659
F1S112 P16177
B2ZCZ8 P61131
F1S0T9 Q8K1G0
A0A287BK29 A0A0H2UHU4
F1S0Q0 D4ACX5
I3LST1 D4AA19
A0A287A4F2 G3V6T7
F1RVY7 Q5M947
A0A286ZZ95 D3ZMN5
D0G0B2 Q5XI72
F1S0W9 D3ZQM0
I3LCM6 Q65Z15
A0A286ZRJ9 Q9Z158
A0A287AJ61 B2GV58
A0A287B0Y7 Q91ZN7
A0A287AXW5 D4A4J0
I3L9F7 Q4FZS2
I3LU32 D4A3E2
F1SEA4 Q62755
F1RLJ4 F1LN88
A0A287A531 Q66HH8
I3LPN4 D4A4T6
A0A287BES3 F1LXF5
F1RX85 A0A0G2K772
F1RP69 Q66H56
F1SQT2 P12841
A0A287B611 D3Z8X4
I3L897 D4A8G7
A0A287ARB3 A0A096MJC8
F1S1D9 M0RB75
A0A286ZKV2 M0RB75
F1RHJ1 Q498D8
I3LEL6 A0A0G2KAH3
F1SHF6 D4A6A8
Q2QLE3 E9PT11
A0A286ZVK1 A0A0G2K4I9
A0A287AVF4 G3V829
F1SJ23 I7GAZ6
I3L7T4 D3Z8L5
A0A287ASN9 D4A031
A0A287BRX1 Q1XID0
P01248 P01244
F1SLB6 D4ABC4
F1S662 D3Z8D3
F1SRB6 P97639
I3LRD1 P38483
Q2EN79 A0A0G2K8Q8
F1SAQ6 F1LYX9
I3LP11 Q68FR9
F1S0D9 Q64232
A0A287A3U2 Q3B7L1
A0A287B1K1 A0A0G2K8U5
A0A287AH98 Q5XI94
I3LU80 Q5BK64
A0A287A4Z0 D4A078
A0A286ZMB2 E9PTS7
A0A287ARB3 G3V6S1
F1SLF9 B2RYC7
M3UZ00 Q6TQE1
F1S3D0 D3ZLS2
A0A023PN04 G3V7Q4
A0A286ZMP7 Q4KMA2
F1S222 Q5QJV7
F1SAH1 A0A0G2K1Q1
B1NI70 F1M1W4
F1SUT8 Q5U313
A0A287A164 D4A4A9
I3L7T4 F1LW16
I3LJY8 D3ZUX5
K7GNS9 Q63364
A0A287A3K3 Q5U1Z8
F1SRK8 F1LRJ6
F1RU23 Q6I8Q6
A0A286ZW96 D4A2M3
A0A287BS39 Q00969
F1RXU4 Q8VH49
A0A286ZZU8 G3V8D5
D0G0C6 D3ZTG2
F1RKI8 Q66HC8
F2Z566 D3ZAR1
F1S834 D3ZMJ4
F1S403 D3ZTG2
F1SG36 Q62755
I3L9K6 P21677
D9U8D1 P63170
A0A287ACM5 Q5FVI6
A0A287A728 B1WC31
A0A287BE48 F1LNW3
A0A287BK93 B2RYQ5
F1RVC9 Q6P736
Q8HZV3 O88989
A0A287BT02 Q4QQV0
A0A287A6E8 Q4QQV0
I3LJP2 Q6AZ54
A0A286ZKR9 G3V6I3
A0A287BFY7 F1LXF5
K7GNX2 G3V7M5
A0A287AJ28 Q6AYH3
F1RL85 A0A0G2JYJ7
A0A287AWN6 Q2PQA9
F1S484 A0A0A0MXW1
I3LN88 Q5M808
A0A023PN04 A0A0G2K0W9
A0A287AI68 D3ZGS7
I3LPV8 D3ZDZ0
A0A286ZPM2 G3V8X6
F1SEA4 P63140
F1S0W9 Q4KM87
F1S103 F1M3J4
A0A286ZRG1 D4A9E7
A0A286ZJX9 D3ZW08
F1SAI5 D3ZZN9
F1RR89 O88989
K7GND2 B5DFI5
F1S475 O88989
F1S009 F1MAF2
F1RF23 D4A704
F1SP32 P39948
F1SN45 D3ZQM0
A0A287B642 Q9WTT7
A0A287BPN6 P63140
A0A287BMZ8 F1LS72
F1SG80 D4AA11
I3LCP8 D4ABC4
A0A287A9Y2 D3ZCS4
A0A286ZRJ9 F1LRV1
A0A286ZWP6 Q4FZT0
F1SSL4 E9PTI6
A0A286ZRN5 Q3L472
F1SE91 F1LQI5
E7CR01 A0A0G2K0W9
F1SIK8 A0A0G2KAH3
F1SGC8 Q4KM87
A0A286ZQP7 Q63364
F1SJ69 F1LQS1
F1SPJ4 F1LSX1
A0A287ASH1 Q5PQL8
F1STU2 F1LNL6
I3LM60 P17955
A5D9M6 Q6MG49
A0A286ZSF6 Q3B7L3
A0A287BBB5 Q9Z270
F1S4J0 A0A0G2K2P3
P67776 A0A0A0MY07
F2Z5N6 F1MAL5
A0A287BK93 G3V8G2
A0A287AFM0 Q6P9X1
I3LGE9 Q924S5
F1SAM0 Q62867
F1RFX6 F1LYX1
K7GK90 Q07984
F1RQL3 D4A8B1
A0SEH3 D3ZPI8
F1RU38 A0A0A0MY07
F1SNY1 D4A9W0
A0A287AT90 A0A0G2JSJ5
A0A286ZID7 P10980
F1SK86 D4A631
A0A286ZLT0 D4A8M7
A0A286ZI78 Q9Z1J8
A0A287AXW5 P62142
F1RJS5 P09483
F1SG36 P63140
F1RHJ1 D3ZUU5
M3VK32 D3ZAB6
F1SNY1 F1LP04
A0A287AN25 D3ZFY0
F1RZR1 Q5J2D6
O62640 G3V7D8
A0A287ABY4 D4A0A0
A0A287B757 D3ZMN5
F1SD90 D4ABC4
I3LPP4 A0A0G2K099
F2Z5J5 O35547
F1SKD5 A0A0A0MY07
F1RMC2 Q4V7E0
A0A286ZK26 Q9WUS0
F1SH27 P97947
F1RFD3 F1LRL9
F1RWG2 P18864
I3L828 G3V7M9
A0A287BRJ4 H9KVE3
F1STY9 M0RBF8
F1SCS1 G3V8T5
F1RF89 D3ZDG4
A0A287B2K5 Q3L472
F1S103 F1LS35
Q9BDK6 D3ZKI8
F1S062 Q5U2Y1
A6N8P5 M0RB75
F1SV35 Q8CF97
I3LCM4 Q9ER24
I3L7Y8 Q99JC6
F1S484 D4A8B1
A0A286ZRB3 Q6AYU0
F1RQB0 F1LRV5
F1SGV8 B2GUT8
A0A287A4H2 A0A0G2JUX5
A0A286ZNY1 Q5XIF6
Q767L0 Q6MG08
I3LU32 Q66H66
K7GP99 G3V8T4
A0A286ZKI5 F1M7G9
A0A287AFY4 D4AE21
F1SS53 F1M0M3
F1RQL2 A0A0G2K2S5
A0A287BKI1 P61983
A0A287B1Q0 G3V6T7
A0A287A4Z0 G3V7Q8
A0A287A997 A0A0G2K659
F1SNX8 F1LXF5
F1RIP4 G3V8T5
F1RRH7 F1LSX1
A0A287BM92 Q5BK67
A0A287A9Y2 Q5PQL2
F1RXU4 D3ZZK8
A0A287BPN6 Q62755
A0A287B5S7 F1LRP7
F1SIK8 F1M9X0
F1S488 D3ZQB7
F1SRK8 F1LPP8
F1S8D0 G3V8W0
F1S1F1 Q3B7L1
F1SP29 D3ZB55
A0A287A461 A0A0H2UHB8
A0A287BEY7 A0A0G2JVC1
A0A287BK29 Q66HA1
A0A287AW46 D4A929
F1SRN4 P35286
A0A287A3U2 D4ABC4
A0A287A233 P29067
A0A287AJ93 F1LMF4
F1SNG6 M0RBF8
A0A287BH84 A0A0G2K659
I3LAG7 F1LMV3
A0A287AKR9 Q4KLJ3
A0A287A9Y2 Q9WTT7
F1S8Y2 A0A0G2K8P3
A0A287AF83 A0A0G2K8Q8
F1SJ23 Q6AXZ5
A0A287AFX1 Q5FWT1
A0A287AU26 F1M3H8
F1SJ23 A0A0H2UHU2
F1SE06 B2RZD6
A0A287B3H4 Q64232
A0A287AH15 G3V729
F1RGS3 D3ZDG0
A0A287BBJ7 D4ACG2
F1SNX8 A1A5S1
A0A287AS02 Q8VH49
A0A286ZR64 D3ZDZ0
F1RPH0 B1H269
F1SN45 B0BN81
A0A287BK49 Q6P7B6
F2Z562 P83888
E7CXS0 F1MAK3
A0A286ZY83 D3ZXJ0
K7GMR6 F1M2Q1
A0A287ASV1 P10980
F1RVL7 A0A0G2JVW0
A0A287B856 A0A0G2JXZ4
A0A287AX48 O35346
A0A287BPQ1 A0A0H2UHA6
I3LD41 Q6AXY9
Q3ZDQ5 Q4V7E0
F1SUF6 P06761
A0A287AMJ2 F1LMG2
A0A287AHV7 M0R9L3
I3L5T3 F1M953
Q8SPR7 D4A304
F1RUA0 D4A2B7
A0A286ZT34 Q5U313
I3LH72 O70595
I3LLS1 Q5XIM4
A0A286ZWF3 F6Q5G6
F1RJS5 P12389
A0A287B4P7 Q66H56
A0A287BES3 Q2PQA9
A0A286ZI78 D3ZC02
P67776 P25977
A0A287AWN6 F1LRC6
F1SJ23 D4A9E7
A0A286ZW96 P49950
F1SML4 Q641Y8
F1SGG3 Q07984
A0A287AEW3 Q66H79
A0ZVR0 B2RYC7
D7R811 P49950
I3LDJ2 P56700
A0A287B6S0 D3Z8X4
F1CK19 Q5U214
A0A286ZRM8 P27704
A0A287A041 B2GUY9
B1NI70 Q9WUS0
A0A286ZI78 M0R583
Q767L7 P69897
A0A287AFM0 E9PSY8
F1SUT8 F1MAL5
F1S0N2 Q66X93
I3LBA6 D3ZE01
Q684M4 B5DFI9
I3LG73 Q641Y8
A0A288CG47 O88321
A0A287AZ57 Q499N6
A0A287B6K3 D3ZAG0
F1ST39 D3Z9Z9
A0A286ZJX9 F1LQX7
A0A286ZKV2 B1WC22
B5KFA0 B0K014
A0A287AYD9 B0BN82
F1SQA7 P11506
Q2QLE3 Q9Z118
Q8WNW8 G3V7Z4
A0A287AZG6 D4A4K4
F1RY55 D3ZUJ5
F1SA57 Q4KM34
A0A287ATD3 Q56R17
K7GND3 D4A9D6
F1RM61 P10980
F1S1S3 Q5XIV0
A0A287A9R7 Q62746
K9IVK6 O35552
I3LEL6 Q8K1G0
F1SBH1 P14173
I3LBA6 A0A0G2KA90
A0A287AQ36 F1LPP8
F1SLR5 F1LQS1
F1SBK5 D3Z9S9
A0A286ZWR0 A0A0G2JU59
F1SKI6 A0A0G2K1Q1
A0A287AF08 Q5XIM4
A0A287A8G1 D3ZIS7
F1S5B5 D3ZF50
F1SPJ4 D4A2I4
I3LDJ2 Q8K1G0
A0A287BE48 B5DEZ8
A0A287AQR4 D4AC36
F1SKR9 F1LNG5
D3U7X2 F1LNX2
A0A286ZWP6 P25977
F1S484 B1WC03
F1RFD3 D3ZD97
A0A287A997 A0A0U1RRU5
F1RT53 Q07014
I3LRC6 A0A0G2JSU2
A0A287ASV0 Q5FVQ0
F1SV16 Q6P7B0
A0A287AQ63 D3ZSQ1
F1RRH7 F1M8D3
B6V6V4 P10980
A0A287B856 B2RYK7
F1SEX5 D3ZER6
K7GRW1 F1LPK1
F1SBF0 Q63364
A0A287AWN6 F1LXF5
F1RUL1 Q6AY02
A0A286ZY83 M0RAC2
F1SG88 Q64350
A0A287AKX1 D3ZS99
F1SG88 Q63396
A0A287B4G4 Q6RUV5
F1RF23 Q6AXY9
F1SAM0 D3ZE01
A0A287AE68 A0A0G2K349
F1SPK1 D4AA77
F1SBF0 Q6AY02
I3LPV8 P05982
F1SGF1 Q5U2Y1
A0A287A2J9 A0A0G2JSP3
A0A287AFM0 B2GV58
F1SE06 Q5RKH2
A0A287B749 D3ZE75
F1S5D3 D3ZE01
F1RIA4 D3ZBN4
F1S488 F1LRJ6
F1SPT4 Q4V7C4
F1S7Q6 D3ZZN9
I3LVB2 D4AA94
F1S5D3 Q3B7L1
A0A287BH84 D4A9V4
F1SI67 D3ZWI4
K9IVV5 A0A1B0GWW0
I3LJC2 Q6AY02
F1S9F2 B3DM97
F1RI50 D3ZUD5
F1S367 Q5XIH9
E7EI20 Q5U2Y6
A0A287ASD5 D3ZV19
A0A287A997 D3ZD03
A0A287BP89 Q6TUD5
F1RGF7 D3ZCS3
Q2EN79 D4A9W0
A0A286ZQ22 Q66H33
Q19ML6 D4A3X3
F1SLF9 F1LMV3
F1SJ88 G3V8D5
Q28987 F1M0R1
A0A287B2K5 Q569D2
A0A287BHC9 Q80U96
F1SHY4 F1LV65
A0A287APX6 A0A0H2UI02
I3LBA6 A0A0G2K5H7
I3LCU3 M0RB75
F1SNY1 D3ZLQ6
A0A287BJX4 D3ZN47
A0A287BT99 P39950
A0A286ZTN4 B0BN81
I3L5P4 F1LNW3
I3LBA6 Q62867
F1SP95 D4A135
A0A287B4V5 Q5M808
F1S395 Q5I0E7
E3US74 D4ADD3
F1SJ23 D3Z9S9
F1SBW5 D4A704
F1SUT8 Q5PQX1
A0A287AHT1 D4ACP8
F2Z5N6 B2GV58
F1SJ23 G3V7D5
A0A287BH84 D3ZD03
A0A286ZK26 D3ZUD8
A0A287B642 F1MAL5
F1S484 Q6AYS4
A0A287B0B0 M0RCL1
I3LBD8 Q5XIM4
F1RSB1 Q5XI94
A0A287AB58 P27704
F1SNF6 F1LS72
F1SAM0 E9PTS7
F1S3E0 A0A096MIY3
E7EI20 Q5XI73
F1S8K5 P97536
I3LM88 D4ADT3
I3LCU3 Q5QJV7
F1RZA6 F1M0R1
A0A287AX02 P27704
F2Z5J1 D4ACB8
F1SSD4 F1LRV1
A5GFU7 Q924S5
A0A287AEW3 Q5PQJ6
Q8SPR7 Q5XIU7
A0A287AYL9 B2RZD6
A0A287AJ93 B2RZB8
F1RP15 Q99PR0
F1SAQ6 D3ZLS5
A0A287AJJ6 D3ZCS4
F1ST66 D4A8G6
F1RRS6 P35353
A0A286ZMB2 Q3B7L1
F1SE72 Q8K4H4
A0A287AN25 F1M8E5
A0A287BES3 F1LRC6
A0A286ZYH6 D3ZUJ5
I3LQI9 F1M7Y3
F1S475 D4A8M7
K7GMR6 A0A0G2K2W8
A0A287B642 Q64620
F1SCF5 Q66H47
Q8SPR7 Q62711
A0A287B5J4 A0A0G2K9S3
A0A287AW46 D3ZQM0
F1SLB6 F1MAF8
A0A286ZVJ4 D3Z941
I3LIB1 F1MAK9
F1SA99 D3ZQ41
I3LPU3 D2XV59
D7R811 P22909
F1S8K5 P62142
A0A287AHZ5 D4A055
F1RZ96 G3V8M9
A0A287BTM5 P63086
F1RQL3 Q6AYS4
A0A286ZTE3 Q9JHX4
F1SSH9 F1M2Q1
A0A286ZK26 Q63016
A0A287B2L2 Q5FVI6
F2Z5J1 Q6MGB6
F1SNY1 P60889
I3L7L2 D3ZFY0
F1SE91 A0A0G2QC27
F1SDX2 Q63634
K7GK90 F1LTU4
F1S3I3 Q5RK09
F1RJS5 P20420
A0A287B559 Q3SWU0
F1RUA0 Q5BJS0
F1S850 G3V8P2
B7U2G9 D4A5C3
F1SKG4 Q66HR2
I3LVF2 Q6UY90
A0A287AYD9 E9PTF3
F1S360 G3V877
I3LSD5 D3ZE75
F1RU38 P18418
Q95250 B4F7C2
A0A287A3U2 D4A5U3
F1RPW2 F1M944
A0A288CFV7 D3ZFY0
D7R811 Q6IRH4
F1SMT1 Q9R019
A0A286ZLH7 Q07984
A0A287AJQ1 A0A0G2KAW5
A0A287AXQ4 D3ZNQ6
F1S475 O70509
A0A287ALI6 G3V8Z4
I3LEZ7 D3ZER6
F1SAG1 M0RBT9
K7GMR6 P63156
F1RQL3 D3ZS99
A0A288CFV7 A0A0G2JUX5
F1SP55 G3V8V1
F1S0W9 F1LRL9
I3LIT1 F1M8R0
A0A286ZQL9 D3ZPJ9
I3LRC6 F1M3J4
F1RUA7 A0A0G2K4P5
F1RFD7 G3V665
F1SPJ4 P61131
R4JU57 Q64620
A0A287A041 Q63406
A0A287B665 F1LZW6
A0A287B726 Q5U313
I6L6T2 Q64350
F1RQP2 G3V8N3
F1S570 P63057
F1RHK6 P35739
I3LEQ7 Q6IRE4
Q007T2 Q8CFN2
F1SGV8 D4A0Z0
F1SFI7 Q7TP75
A0A287ANK9 P22829
A0A286ZQE2 F1M9Q8
A0A287A4F2 F1LQP9
A0A287ASL6 D3ZHJ4
F1RL90 Q811R2
A0A287AFM0 Q924S5
I3LGE9 Q6P9X1
A0A287BDL6 Q63610
A0A287A9Y2 Q91ZN7
A0A287APS7 F1LPP8
A0A287BJH4 Q5U313
A0A287AFM0 M0R711
I3LEL6 Q6IRH4
I3LCU3 Q811R2
I3LB93 F1M820
F8R6K7 P55090
F1SMT1 P41156
I3LM88 A0A0G2JVH5
F1SGS6 Q5M9G3
F1RTH8 B2GUZ2
F1RUA0 Q5RK08
A0A286ZZ23 Q5M9F8
F1SMT1 Q5M865
F1S009 Q6MGB4
Q29040 A0A0G2K0D4
F1SAI5 A0A1W2Q693
A0A287A5F9 Q4V7E0
F1RSE6 Q5U328
F1SRK8 P05982
A5GFS8 Q66HR2
F1STS0 A0A0G2K605
A0A287A688 A0A0G2JSJ5
A0A287A273 M0R8E8
P23695 P01346
A8S2C3 D3Z9H1
Q2EHH7 P63088
F1RQP2 Q5QJV7
A0A287A2Y6 D3ZXM4
F1SAM0 D4ABC4
Q9BDK6 G3V6V5
F1RY56 D3ZQ41
F1SIG5 A0JPP6
F1S395 A0A096MIY3
A0A023PN04 Q68FR9
F1SE75 D0V9T4
I3LV81 Q5FVH4
F1S403 P49088
A0A287AJ61 F1MAL5
A0A286ZPM2 I7GAZ6
I3L7L2 Q6AY02
A0A287AMJ2 D4A304
A0A286ZT34 D3ZCS4
F1RY55 D3ZLQ6
F1RYG4 D4A4Q7
F1SUQ5 F1LQI5
A0A286ZUG7 Q5HZA2
Q2I373 Q6AXQ1
A0A287B7H5 G3V7D4
A5A8X6 Q6MG88
A0A287AB60 Q811R2
F1S9B8 G3V670
F1SLR5 Q63413
F2Z5E6 Q5BJS0
F1SJ23 P21677
A0A286ZT34 F1MAL5
F1S0W9 Q5RK08
A0A287AF83 P60889
A0A286ZN41 F1LR31
A0A287B5N1 F1MA79
A0A287AJ61 D3ZCS4
F1SAI5 D3Z8G7
D7RA28 P60517
A0A286ZRG1 P21677
F1SJ23 A0A0G2K2W8
A0A287B726 D3ZCS4
I3LBB2 P41777
F1S1D9 G3V8N3
F1SBH1 F1M944
A0A287BNZ9 F1LP66
I3LBE3 Q5HZE5
G3FNU6 O88791
A0A287AHC7 Q6MGB4
A0A287AFM0 Q5U313
F1RL85 A0A140TAH3
F1S103 D4A447
A0A286ZKV2 F1LS62
I3LG34 D3ZHK4
F1SBF0 D3ZAB6
A0A286ZKV2 Q5QJV7
F1RKY2 Q64268
F1S395 F1LRJ6
F1SCJ1 F7ESD4
F1SB42 P31977
F2Z5I5 P19139
F1SE75 Q5U2T1
R4JU57 Q5PQX1
F1SAH6 D3Z8D3
A0A286ZZ61 D4ACP8
F1SUL0 D3ZRL2
M9MMN1 G3V7K9
F1RPW2 P14173
F1S4Y9 E9PTI6
I3LPV8 D3ZQB7
I3L5M8 D3ZK73
F1SK86 Q62985
A0A287A0E5 O35274
A0A286ZWR0 D3ZXL5
A0A286ZJZ2 Q76IC5
A5D9M6 A0A0G2K0B4
B3CL06 P12346
A0A287BGY8 D3ZNG0
M3VK32 Q5XIN4
A0A287BL20 F1LRL9
A0A287AN25 Q6AY02
F1SJV7 P63219
F1S1F1 D4ABC4
I3L7E5 Q64232
I3LUU8 D4A9U9
F1RMJ3 Q5QD51
F1SJ23 F1M5J1
F1SNR9 D3ZTL5
F1SBF0 Q6AXT8
A0A286ZVH7 A0A0G2JSU9
F1SPZ4 Q6P9X1
A0A287BNE4 Q56R17
A0A286ZLH7 P61212
I3LRS0 Q5BJZ5
F1SAN7 D3ZZN9
F1SJ12 Q7TNZ5
F2Z4Y3 G3V705
A0A286ZKV2 G3V8N3
I3LQ74 D3ZCM7
F1S715 D3ZS99
F1RY10 Q8K1G0
F1S062 D3ZD80
F1SQH3 D4AA47
A0A287B642 Q91ZN7
I3LJC2 D3ZFY0
F1SUE2 A0A0G2JXQ5
A0A287BFS7 P36370
F1RI50 Q8K1Q0
F1SBK5 D3ZRL2
A0A287ARU6 D3ZZC1
F1S1F1 Q62867
I3L9K6 D3ZRL2
F1SLI0 D3ZDX5
A0A287AR18 Q5RKH2
A0A287AVE0 D3ZGK9
A0A286ZXL7 P31016
D5KJI2 F1LP66
A0A287BIG4 B2GV73
G9M5N9 Q9QYH7
F1RPH0 P38983
F1SDT3 D3ZLC6
A0A287BGY8 F1M7T0
F1SLB6 Q62867
A0A287A4H2 G3V8M5
F1SC64 P39052
P67937 P09495
D7RA31 Q6AY57
F1RYE9 M0R9R0
A0A287BRX1 Q5BK39
A0A287BDP7 B1WC83
I3LIB1 F1LXF5
A0A287AH53 G3V8T0
F1SBK5 P21677
F1SNF6 A4L9P7
F1S403 A4L9P7
A0A287AFZ3 F1M9X5
A0A286ZT34 E9PSY8
F1RVC9 Q9JJ54
F1RX38 Q9JK11
A0A287B0L4 D3ZG78
F1S5A8 F1LRL9
F1SE75 E9PU35
A0A287ACM5 D3ZLQ6
A0A286ZJL1 F1LPP8
F1SAN7 Q9Z2Z8
A1Y2K0 Q8CJH2
F1SGQ0 Q6AXY8
A0A287B613 D3ZA62
A0A286ZLD7 Q4V8A9
F2Z5N6 Q5U313
F2Z5V5 A0A0G2KAW5
I3LED1 P19357
A0A286ZX89 D3ZSQ1
F1RWF7 A0A0G2JUH9
M3VK32 G3V8M5
F1SV60 D3ZMN5
A0A287A9Y2 B2GV58
I3L8Q6 B2RZ94
A0A286ZK26 A0A0G2JSZ1
A0A286ZZW3 D4A9V4
F1S395 Q5PQK4
A0A287AXW5 Q9JJ54
D7R811 P56700
F1SH98 Q6AYF6
F1S0T9 Q1XID0
A0A287ALZ2 Q5XIR4
I3LBD8 Q04589
F1SV16 D3ZBY5
F1S9Y5 A0A0G2JZD1
B3VN02 D4AC45
F1S662 Q5FVL4
A0A287B2L2 D4A9W0
A0A287BFY7 Q2PQA9
A0A286ZXS0 Q7TP47
F1SF72 Q4V893
F1SUF1 P16610
I3LCP8 D3ZE01
I3L7T4 M0RBF8
A0A287APS7 Q5PQK4
F1SCF5 D3ZUU5
A0A287BJH7 M0R8P6
F1S0L9 Q5U1W4
A5GFU7 M0RBF8
F1RUL1 D3ZFY0
A0A287ARA4 Q5U313
A0A286ZXE1 Q569D2
A0A287BIG4 F1M455
A0A287BT17 F1M062
A0A287BMY4 Q5RKL4
A0A286ZRG1 A0A0G2K2W8
A0A287BPW4 Q64232
F1SCL0 T2CB11
A0A287BT17 Q6P736
F2Z5E6 B0BN81
F1SPZ4 D3Z8L5
A6M931 Q3B8Q2
F1SGX2 G3V9Q4
F1SBP6 G3V7U3
A0A286ZP72 A0A0G2K3W4
F1SSE1 F1M9H1
A0A287ALL3 Q5HZA2
A0A287ACM5 F1LP04
A0A287A4H2 Q63364
A5GFS8 B4F7A9
F1SI67 A0A0G2K1Q1
A0A286ZSU9 D3ZKU8
I3LL69 F1M276
I3LUC3 D3ZGK2
A0A287A6N8 B0BN81
A0A286ZLT0 O70509
F1SDD7 Q5XIL3
B2ZCZ8 D4A2I4
A0A287AQR4 D4A857
F1SPZ4 F1LW16
D0G0C6 A4L9P7
F1RLY4 F1LXC7
A0A286ZSV2 F1M5Y6
F1SCJ1 F1M0R1
F1RU22 A0A0G2K2R5
I3LJP2 A0A0G2JU99
F1RGM6 P12390
A0A287BQA2 Q7TQ24
M3VK32 Q6AY02
F1RFD7 Q5BJZ0
F1RX85 D4ADC7
A0A286ZQE2 A0A0G2K5H7
Q2EN79 D3ZS29
F1RZ96 O08776
A7J149 A0A140TAH2
I3L9K6 A0A0G2K2W8
F1SGR7 A0A0G2K0K6
F1SJ67 Q4KLM0
F1S0T9 D4A2M3
A0A287AV47 B2RYB3
F1RFD3 Q5RK08
A0A287A6N8 Q4KM87
I6YP72 A0A0G2KB98
I3LTZ8 Q63540
F1S4A6 D3ZE26
F1SNG6 Q6P9X1
A0A287A7M2 D3ZPK4
F1RHJ1 Q66H47
I3LLT2 Q5M9H7
Q5S1U1 G3V913
A0A286ZLT0 Q6AYA2
F1RQC5 P97536
A0A287AKU1 Q5PPL2
F1SUB0 F1LNE2
F1RY55 D3ZVM4
A0A286ZR64 Q5PQK4
A0A286ZRG1 G3V8X6
A0A286ZW96 F1M2Q1
A0A287AEP8 P62986
A0A287B4V5 M0R7R2
F1SJ23 G3V8X6
A0A287AM25 Q5U2P1
A0A287BDM0 F7FL53
I3LMS3 F1LRV5
F1SDH5 Q62762
F1SLB6 A0A0G2KA90
I3LAM6 D4A6E6
F1RMB0 B1WC74
A0A286ZUL1 Q920M9
F1SNX8 D3ZTT7
I3LU80 A0A0G2K2P3
F1RMC2 M0R887
F1RMC2 Q4L0E9
K9IVK6 A0A0G2JSJ5
A0A287A8Q7 M0RAA8
F1RJU1 D3ZE91
F1SJG9 M0R7E6
D7R811 A0A0G2KAH3
K7GNS9 D3ZFY0
A0A287A688 O35552
F1S1D9 F1LS62
F1RZW6 D3ZBX1
A0A287A1R7 Q5M875
F1SPJ4 F1M8D3
E5Q8C6 Q2EJA0
A0A287A4H2 F1M8E5
F1SQU5 D4AAY7
F1S7Q6 A0A0G2KBA2
F1RI50 A0A0G2JWU7
A0A287B0I5 A2IBE0
E7CXS0 Q4QQV0
F1SLB6 D3ZE01
A0A286ZTB1 B1WC22
K7GQ93 Q9Z2Z8
I3LBB2 A0A0G2JY58
A0ZVR0 F1LMV3
A0A286ZQC1 B0BN85
F1SGG3 A0A0G2JST3
F1SBH1 A0A0G2K4P5
F1SIA4 Q498N4
Q06AV2 D4A2H2
F1STH9 F1M9X0
F1SBW5 F7EWN2
F1SD90 E9PTS7
F1SGG3 Q9ER24
F1S5A8 B0BN81
I3LIT1 D3ZEU8
F1S8T0 P81062
A0A287AFM0 F1MAL5
F1RVF8 Q63540
B3TFD9 Q5FVC5
