Q63570 F1S4P6
B1WBU7 I3LRC6
F1M062 A0A287BAM9
F1M5J1 F1RVY1
G3V7D5 A0A286ZRG1
A0A0G2JUC9 F1S9Y5
D3Z9S9 F1SBK5
D4A1J3 F1SD58
D3ZLC1 Q29024
F1M3J4 F1S103
P18418 A0A287AKR9
Q8R424 I3LAG7
Q6PCT9 F2Z5F5
F1MA97 F1SBK5
A0A0G2K099 I3L5T3
Q811R2 I3LBN0
Q9ESZ0 A0A286ZV44
B2RZ84 F1RU22
A0A0G2JXQ5 I3LFH6
A0A0H2UHU2 A0A286ZRG1
B5DF04 B0M1M6
P84025 P84024
D3ZEN8 F1SJ31
D3ZGS7 A0A287ARZ0
M0RB75 A0A286ZTB1
Q6PCU4 I3LLF1
M0RB75 F1RL90
A0A0G2K9T1 A0A286ZL14
A0JPN4 A0A0B5CYA5
F1LMV3 I3LAG7
G3V8N3 F1S1D9
G3V8N3 F1S222
P0C0K5 F1RQD6
Q6P7P5 F1SP55
F1LSX1 F1SPJ4
F1LQS1 I3LC25
P62138 A0A286ZIV3
D4A631 F1RU02
A0A0G2KAW5 F2Z5V5
D4A8A0 I3LLT2
Q66HR2 A5GFS8
F7FG31 I3LHB2
G3V6T7 I3LM93
F1LXU0 A0A286ZKV2
F1LMV6 F1CK19
D3ZLS5 F1RIG2
A0A0G2JVW5 K7GP99
M0R887 Q3ZDQ5
P07340 F1SV14
A0A0G2K2R5 F1RU22
A0A140TAI1 A0A287B231
P51638 F1S668
D4A9E7 F1SBK5
E9PSJ3 F1RTL0
F1MA97 F1SJ23
P52631 P05027
A0A0G2JSU2 I3LRC6
Q5U367 F1SB16
D4A5F5 A0A287AU22
D3ZLC1 I3LC25
V9GZ88 I3LQI9
F1M7Y3 C3S7K6
V9GZ88 C3S7K6
Q63570 F1SEM2
P30835 F1SSL4
O88764 F1SLF9
F1LNG5 F1SKR9
Q5XFX8 K7GRP4
M0R8E8 I3LQI9
P16086 A0A023PN04
Q5U2Y1 F1SGF1
D3ZHJ4 F1S668
D3ZD80 F1S0S8
P97536 F1RVC9
D3ZF19 F1SJ31
B2RZB7 F1RYA1
O88321 I3LQB7
M0RBS9 I3L9V1
Q811R2 A0A286ZKV2
A0A0G2JTR4 A0A287APX6
D3ZN76 F1SK86
O88764 F1SEA4
M0R887 A0A287ASL6
F1MA31 F1SGF1
Q9ESM0 A0A287A041
Q6AYH3 A0A286ZT47
F1LS62 F1RQP2
D3Z822 F1RMJ3
A0A0G2K8K0 A0A287A4F2
Q5BK82 A0A287AC99
A0A0H2UHJ1 F1SUW7
Q6AZ54 I3LJP2
I7GAZ6 A0A286ZPM2
A0A0G2JWR1 I3L6C0
Q6AYH3 A0A287AJ28
Q5RK09 A0A287A531
D3ZSQ1 A0A287AQ63
D4AC45 F1SPJ4
A0A0G2KAW5 C3RZ98
Q66HE8 A0A287A176
F1MA97 I3L9K6
F1M7Y3 A0A287A273
M0RDJ3 F1SPP8
G3V8V1 F1RR89
G3V9L3 I3LCX3
P52631 A0A287B1Q0
B0BN85 A0A286ZQE1
A0JPJ7 F2Z5F5
G3V8N3 F1RQP2
I7GAZ6 F1SFC1
Q99J82 I3L9C8
D3ZLS5 F1SU46
Q56R20 I3L598
B2GV14 F1S8K5
Q9Z269 A0A287BEQ8
D3Z8I2 E7D6R3
Q65Z15 A0A286ZRH4
Q5QD51 F1RMJ3
G3V7D5 F1RVY1
D3ZNU1 F1S4Q6
B0BN85 A0A286ZQC1
D4A275 A0A287AQ63
Q9R0T4 A0A287BPL8
D3ZLC6 F1SA57
Q4KM34 F1SA57
D4A4J0 A0A287BT17
Q63470 F1S033
G3V729 F1SU27
Q5QJV7 F1S8Q2
P39950 A0A287AJ28
G3V8P2 F1S850
Q5XFW6 A0A287AHV7
F1M8D3 F1RRH7
B1WC24 K7GR16
P31977 A0A287A4F2
P30835 F1RR89
D3ZSQ1 F1SFM8
P61131 A0A287B4D6
F1LN88 F1RLJ4
I7GAZ6 F1RVY1
A0A0H2UHU2 F1SUL0
Q5XFW6 F1SK86
D3ZRU9 P61291
P04157 A0A287BLV8
Q5M9H7 F1RP05
Q6AYN8 A5GFY8
F1LXU0 A6N8P5
Q6P736 F1S8K5
D3ZAW2 A0A286ZZH7
F1LR76 A0A286ZSV2
D4ACP8 A0A286ZW78
F1LMV6 A0A287AIX3
B2RYC7 A0A287BPN6
Q8K4H4 F1SE72
G3V913 Q5S1U1
Q8K1Q0 F1RI50
E9PT11 Q2QLE3
A0A0H2UH94 A0A287AH15
F1LNT0 F1SDI9
Q9WUD9 K7GM45
F1M8I9 A0A287A041
Q5U2Y1 A0A286ZV44
Q4G012 A0A286ZX89
Q5QJV7 I3LBN0
B5DF71 F1ST14
F1LR10 F1S4Q6
D3ZTN0 F1SMV6
P21708 A0A287BLM6
Q68FR9 A0A286ZXS0
A0A0G2KA75 A0A287BIK4
G3V8S5 A0A286ZS33
G3V7Q4 A0A023PN04
F1LQZ4 A0A286ZZS2
Q5U2Y1 F2Z5F5
F1M820 A0A287B6S0
A0A140TA98 I3LC25
F1LQX7 A0A286ZJX9
D3ZQW1 A0A286ZZS2
D3ZTN0 F2Z5I5
F1LQZ4 F1SKG2
Q5XIH9 F1S367
Q4FZT0 F1RSV8
G3V8W0 F1S8D0
F1M9Q3 F1SP55
F1MA31 F2Z5F5
D3ZFJ0 I3LJB7
F1M062 F1RQC5
Q56R20 I3LM93
Q5I0J5 F1STE3
A0A0G2JU49 Q27HK4
P68255 A0A287AJQ1
P68255 A0A287B5S7
G3V8N3 I3LCU3
F1M3H8 A0A287AU26
M0RB75 A0A286ZKV2
F1M953 I3LPP4
D4A9E7 A0A286ZPM2
O88764 I3LAG7
D3ZFJ0 A0ZVR0
P08592 P79307
Q62985 F1RU02
A0A0G2QC09 I3L9U8
G3V6L8 I3LM88
P52631 F1SB42
Q68FR9 A0A023PN04
Q4G012 F1SFM8
Q63610 A0A287BDL6
A0A0U1RRU5 A0A287A997
B2RZ84 I3LDT9
Q5XIU7 A0A286ZRH4
Q9WUC8 I3LB93
F1LMG2 I3LCM6
A0A0G2JTR4 A0A286ZT47
D3ZF19 F1SR95
O88989 F1SSL4
D3ZQW1 F1SKG2
B1WBU7 F1S103
Q6AY34 F1S0N7
F1LSA8 A0A287AIX7
Q7TP47 A0A023PN04
P63140 A0A287BPN6
A0A0G2K2W8 F1SJ23
D4A9E7 F1SFC1
P62142 A0A287BAM9
D3ZKF6 A0A286ZZ53
D4A4J0 F1RVC9
B5DFB2 I3LC25
F1LXU0 F1S8Q2
D4A447 F1S103
E9PT65 P05027
E9PU01 F1SLR5
A0A0H2UHU2 A0A286ZPM2
Q5U328 A0A286ZPE3
D3Z9S9 F1RVY1
P35815 A0A287BLV8
Q5FVH4 A0A287AHC7
M0RAR2 F1RUM0
D3ZU79 A0A287AJF5
E9PSQ1 A0A287A570
F1MA97 F1RVY1
A0A0G2KAW5 A0A287AJQ1
A1A5R2 A0A286ZX89
Q5U214 A0A287AIX3
F1LXU0 I3LCU3
Q5XFW6 A0A286ZV83
Q4L0E9 F1RMC2
P18422 F1SSL6
Q6P736 A0A287AU26
Q5XI73 F1SEM2
Q6TUD5 A0A287BP89
D3ZLC1 F1SLR5
Q5BK82 A0A286ZRH4
P62142 A0A287BT17
F7F189 F1SBC5
D4A1T1 A1XSY8
M0R8R8 F1SKK1
B1WC22 F1S8Q2
B2GV17 A0A287A3F5
P31977 F1SB42
P35289 F1SA57
D3ZEN8 F1RT51
Q7TP47 A0A286ZXS0
P21677 A0A286ZRG1
B1WC24 A0A287AH15
A0A0G2KAW5 J9JIK8
Q6AXY8 F1SDT3
B1WC24 A0A287A8Q7
Q4KM34 F1SDT3
Q4KM34 F1SGQ0
B5DF04 A0A286ZNY1
O35346 A0A287AX48
G3V8N3 A0A286ZTB1
F1M5J1 A0A286ZRG1
P21677 F1RVY1
Q63413 F1SLR5
D4A447 I3LRC6
F1M062 F1S8K5
Q9JJ54 A0A287AU26
B2GV14 A0A287BT17
D4A275 A0A286ZX89
A0A0G2JYV3 I3LPX5
Q62636 Q52QT8
Q9JHX4 A0A286ZTE3
Q5RJP6 F1RT51
P39950 A0A286ZT47
Q8R424 F1SLF9
D4A9E7 F1RVY1
B5DFI9 A0A286ZZ61
Q9Z158 F1RX40
B5DFI9 Q684M4
Q9JJ54 F1S8K5
F1LSC3 A0A287A5X3
F1LRV1 A0A286ZRJ9
D4A8A0 F1S6M7
D3ZDK2 A0A287ADE6
P35815 A0A287A997
B1WC22 F1RL90
F1LXU0 A0A287A3Y0
Q5QJV7 F1RQP2
G3V7T9 F1SED9
B1WC24 F1SU27
G3V852 F1RR89
G3V7D5 K7GMR6
A0A0G2JXQ5 F1RVY1
F1LQS1 Q29024
F1M7Y3 I3LQI9
E9PT65 F1SV14
P62138 Q2EHH8
M0RB75 A6N8P5
B5DFB2 F1SLR5
Q66HR2 F1SKG4
Q5D006 A0A287AJL4
Q5XIM9 F1S4P6
Q6AXZ5 F1RVY1
Q5HZA2 A0A286ZUG7
Q4FZT0 A0A286ZWP6
B1WC22 I3LBN0
D4ACN8 A0A286ZI26
B2RYG6 Q0PY11
G3V852 F1SSL4
F1M2F9 A0A287B6R5
F1LQX7 I3LB93
D4AEK7 A0A287B0M0
Q8R424 A0ZVR0
F1LXU0 F1S1D9
A0A0G2K099 F2Z562
F1LXU0 F1S222
Q56AP7 F1S5P5
A0A0G2JYS9 F1SJ31
F1LS62 I3LCU3
Q6P736 A0A287BAM9
D3ZUD5 F1RI50
Q63470 I3L9V1
D4ABN8 A0A287BEQ8
P52631 A0A287A4F2
A0JPJ7 F1RJL2
Q6PCT9 A0A286ZV44
D4A4J0 A0A287AU26
A0A0G2KBC7 A0A286ZV83
Q5BJY8 F1RT51
F1LMG2 Q8SPR7
A0A0G2KAW5 I3LP11
A0A0H2UHG1 P10612
F1LRV1 F1RX40
Q4V7E0 F1S668
D3Z9L5 A0A287B6H5
Q9QVC8 A0A286ZIJ9
D3ZN76 A0A287AHV7
G3V8N3 A0A287A3Y0
Q63528 A0A287A5F6
D3ZY39 I3L5I1
D3ZVQ9 A0A287B5M8
P21677 I3L9K6
D3Z898 I3LG77
P31977 F1SV14
G3V6T7 P05027
Q63470 F1ST14
Q5M9H7 I3LLT2
A0A0G2JU99 I3LJP2
M0RB75 A0A287AB60
D3ZGS7 A0A287AI68
Q5XIU7 Q8SPR7
Q6PCT9 F1SGF1
A0A140TAD2 A0A286ZRV2
E9PT65 I3LM93
F1LRV1 I3LUH8
P21677 A0A286ZPM2
A0A0G2K4U9 F1SP29
Q5U2Y6 F1S4P6
Q66HH8 F1S3I3
O88321 A0A288CG47
B1H282 A0A286ZS00
D4A8G7 A0A287BLE1
F1LSK6 F1SP29
P63088 F1S9Y5
P25235 F1SEM2
F1LRD7 F1S265
F7FL53 A0A287BDM0
A0A0G2K8U5 F1SIS1
M0R9L3 F1SK86
Q10468 F1SL46
Q9JJ54 A0A287AXW5
D3ZW08 A0A286ZJX9
Q6P736 F1RQC5
Q9ESZ0 F1S0S8
A0A0G2JSP3 A0A287A2J9
D3ZLS5 F1SHF6
O35303 I3LR66
D3ZD80 F1S062
A1A5R2 F1SJI1
O70593 F1S8G6
Q5M9H7 F1S6M7
Q4G012 F1SJI1
D3ZW08 F6QAM9
Q64349 A0A286ZKC0
P20417 I3LLF1
G3V8X6 F1SUE2
F1LV96 A0A287ABH5
D3ZRL2 F1SJ23
Q9ESZ0 F1RJL2
D3ZEN8 A0A287B5M8
M0R8R8 I3LQN8
Q5U2S0 A0A287AC99
A0A0G2JXQ5 F1SUL0
P04157 A0A287A997
P39052 F1S593
A0A140TAD2 F1RGJ2
D4ADC4 F1S8L6
G3V8X6 F1SBK5
D4A4T0 A0A287BGG6
Q5XIU7 A0A287AC99
B2GV14 A0A287BAM9
Q6P736 A0A287AXW5
F1M9D6 F1SID1
D3ZVQ9 F1RT51
Q66HJ7 A0A287B8Q0
G3V9W2 A0A287A997
Q5RK09 F1S3I3
B1H282 F1SLR5
Q5QJV7 A0A287A3Y0
A0A0G2KAS0 F1SPJ4
D3Z9S9 A0A286ZRG1
G3V6T7 A0A287A4F2
D4A2A9 A0A287B1K1
Q62755 A0A287BPN6
Q5I0J2 F1RG48
Q6AXZ5 I3L9K6
P35289 F1SDT3
Q5PQJ6 A0A287AEW3
D3ZXX8 A0A287AZ31
A0A0G2JVW0 I3LTK3
G3V8N3 A6N8P5
P51638 Q3ZDQ5
D4A9E7 F1SUL0
P07340 F1SB42
Q62636 A0A287BT99
Q68FW9 F1SB16
D3ZIN7 A0A287AEW3
Q63406 A0A287A041
G3V8N3 A0A286ZKV2
E9PTR3 F1SP38
M0RB75 I3LCU3
A0A0G2K449 F1SSD4
D3ZBT2 A0A287B052
B5DFI9 A0A287AL02
P63140 F1SLF9
P20417 A5GHK9
D4A304 Q8SPR7
P31977 P05027
G3V6T7 F1SV14
F1MA31 F1S0S8
B1WC22 F1S1D9
B1WC22 F1S222
A0A0G2JYS9 F1RT51
D4A0E8 A0A287AJQ1
Q6MG49 A0A287AJL4
A0JPJ7 F1S0S8
D4A4J0 F1S8K5
F1LQP9 I3LM93
F1LS62 A0A287AB60
Q3MHU5 A0A286ZX89
D4A1T1 F1SED9
A0A0G2K1M2 F1RHS7
Q9QXQ0 A0A287AX48
F1M062 F1RVC9
Q5M9G3 I3L995
D3ZRL2 A0A286ZPM2
A0A0H2UHU2 F1SJ23
Q5HZA2 A0A287ALL3
P11507 A0A287AX48
Q5M9G3 A0A286ZIJ9
Q3B8Q2 A0A287A5X3
F1M8E5 F1SP32
P04961 A0A286ZIJ9
A0A0G2JVH5 I3LM88
G3V8M1 A0A287AIX3
D3ZRL2 A0A286ZRG1
F1LXU0 I3LBN0
Q0PGW2 F1SRQ4
I7GAZ6 F1SUL0
Q66H79 A0A287AEW3
A0A0G2JSU2 F1S103
F1LXU0 F1RL90
A0A0G2JSR4 A0A023PN04
D4A631 A0A287AHV7
Q5FVH4 I3LBW5
D3ZDK2 A0A287AI68
D3ZHJ4 A0A287ASL6
G3V6K6 A0A286ZV23
Q9JK11 I3LB93
P06761 A5GFY8
P21677 F1SJ23
F1MA31 F1S062
D3Z9S9 I3L9K6
B1H282 Q29024
Q8K4H4 F1SJX5
F1M3H8 F1RVC9
D4A6A8 F1SU46
P27704 Q2QLE3
Q64315 F1RVT3
Q9JJ54 A0A287B5K1
Q5XIT0 A0A287AC99
D3ZRL2 F1SUL0
A0A0G2JSI8 A0A287BJP3
P51638 A0A287ASL6
Q5RJP6 I3LHU4
P16086 A0A286ZXS0
Q68FT9 F1SJI1
D3Z9L5 F1RP07
P68255 F1RP05
Q5RK09 F1SEV8
B1WC22 A0A286ZTB1
A0A0G2K2C2 F1SEM2
F1LQP9 F1SB42
V9GZ88 A0A287A273
B2RYC7 F1SLF9
Q5U367 I3LA84
Q9Z269 A5GFS8
Q3ZAU5 B2ZCZ8
F1M062 A0A287AU26
P04785 Q8HZV3
Q6AXY8 F1SA57
A0A096MKC0 A0A286ZJG5
A0A0G2K0W9 E7CR01
F1LQX7 A0A287B6S0
Q5RJQ7 A0A287AQ63
P24392 A0A286ZIN7
D3ZF21 A0A287BQF8
Q62985 F1S408
P31977 I3LM93
Q8R424 F1SG36
B1WBU7 A0A287ASV0
F1LNW8 A0A287B052
G3V8X6 K7GMR6
G3V8X6 A0A286ZRG1
Q63632 A0A287A041
D3ZTV3 A0A286ZV27
Q59IV8 F1SRR6
G3V8N3 F1RL90
G3V6T7 F1SB42
P30835 F1SP18
P21677 F1SBK5
D4A0E8 J9JIK8
F1LXV3 B7U6F4
E9PT65 A0A287A4F2
D3ZVQ9 I3LHU4
P24392 A0A286ZHZ1
D3ZN47 F1S3R8
D3ZAY8 F1S8L6
A0A0G2K5U0 A0A286ZQA1
D3ZR99 F1SP15
P63170 D9U8D1
Q4L0E9 F1S668
D4A206 F1RL66
P20417 F1S4T0
D3Z8I2 I3LCM6
D4A4J0 A0A287B5K1
Q5FVQ0 A0A287ASV0
Q6AXZ5 K7GMR6
M0RB75 F1S8Q2
E9PU01 I3LC25
D3ZQ41 F1SA99
Q3ZAU5 A0A287B4D6
B2RZ84 F1SIT2
P39052 F1SC64
Q5QJV7 I3LCU3
M0RDJ3 A0A287ABT2
Q9ESZ0 F1S062
P39950 A0A287APX6
D3ZSQ1 A0A286ZX89
Q9WV78 A0A287AU22
D4A9U9 I3LUU8
A0A0H2UH94 A0A287A8Q7
Q6AXZ5 F1SBK5
G3V7D5 F1SJ23
P10361 Q9TUB2
Q5U2Y1 F1S0S8
F1MA31 A0A287A9K0
Q66MH4 P61291
M0R8R8 Q27HK4
D3ZME7 A0A287AIR5
P30835 F1SF78
B1WC22 A0A287A3Y0
D4A9U9 F1SS22
Q5XIU7 E7D6R3
D3ZD80 A0A286ZV44
G3V7R8 K7GQZ2
Q5FVM2 A0A287B8J8
F1LMV3 A0A287BPN6
F1M820 I3LB93
Q5M954 F1RRH7
A0A0G2K2R5 F1SIT2
D3ZQ41 F1RY56
Q4V7G0 F1SVB3
Q5U2S0 A0A286ZRH4
D4A8L3 A0A286ZI26
A0JPJ7 A0A287A9K0
Q811R2 F1S1D9
Q811R2 F1S222
P18418 F1RU38
B2RYC7 I3LAG7
Q4L0E9 A0A287ASL6
P22086 F1SS22
P08932 A0A286ZRH4
F1LMG2 E7D6R3
M0R8E8 A0A287A273
B5DFI9 A0A287AHT1
Q3ZAU5 F1SPJ4
O88764 F1SG36
Q8R424 F1SEA4
F1M9D6 A0A287BNK4
D4A304 A0A287AMJ2
D3ZN47 F1S1S3
G3V852 F1SF78
D3ZH41 A0A287ABT2
F1LS62 I3LBN0
B1WC24 O19063
D3ZHJ4 F1RMC2
B5DF04 O46374
D3Z822 F1SKG2
G3V8X6 A0A286ZPM2
G3V8T4 K7GP99
Q5U2U0 A0A287BBJ7
Q9WUC8 F1RX38
Q5U2Y6 F1SEM2
D4A9E7 K7GMR6
P62142 A0A287AXW5
Q63413 Q29024
M0RBS9 F1ST14
P63140 F1SEA4
Q498R3 A0A287AR90
A0A0G2K2C2 E7EI20
D3ZHJ3 A0A287ATR5
A0A0G2JV07 F1SFM8
B1WC22 I3LCU3
Q5QJV7 A0A286ZKV2
P62994 B6E241
D4A631 F1S408
Q63014 F1SA04
D3Z9L5 F1RT12
F1LRV1 F1SGP7
A0A0H2UHU2 I3LFH6
Q9ET64 F1RSY4
F1M4Q8 A0A287A7J2
Q9QXY8 F1RT51
Q5XFW6 F1RU02
A0A0G2K8U5 F1SDY7
P07340 I3LM93
P08081 A0A287A682
M0RB75 I3LBN0
F1LP76 F1RL66
D3Z822 A0A287BE06
M0R5F5 A0A287A041
A0A0H2UHC9 F1RRU8
B1WC22 A6N8P5
Q5QJV7 A0A287AB60
O88764 A0A287BPN6
Q5XIL3 F1SDD7
Q6AZ64 F1SRE0
G3V8X6 F1RVY1
F1LM09 F1RKZ6
P97536 A0A287BT17
B1WC22 A0A286ZKV2
F1M5Y6 A0A286ZSV2
A0A0G2K2W8 K7GMR6
F1LMV3 A0ZVR0
V9GZ88 F1SUW7
I7GAZ6 A0A286ZRG1
Q6PCT9 A0A287A9K0
Q9Z158 I3LUH8
A0A0G2KBC7 F1RU02
D4A4J0 A0A287AXW5
P62142 F1RQC5
P63140 I3LAG7
A0A140TAA4 I3LM93
B1H260 A0A287B052
A0A0H2UH94 A0A287A270
B1H260 I3L6Q6
Q6MG49 A5D9M6
P52631 I3LM93
F1LXU0 A0A286ZTB1
M0R887 F1S668
A2IBE0 A0A287B0I5
D3ZWS0 F1SKG4
A0A0G2K449 A0A286ZRJ9
Q9JK11 A0A286ZJX9
Q5XIL3 I3LH38
F1MA97 K7GMR6
Q66MH4 A0A287AD86
F1M589 A0A287A1V5
Q811R2 F1S8Q2
I7GAZ6 I3L9K6
Q9JJ54 F1RVC9
D3Z9S9 F1SUL0
P35565 P28491
E9PT65 A0A287B1Q0
F7FNS3 A0A286ZNK2
A0A0G2K2W8 F1SUL0
B5DF71 F1S033
Q811R2 A0A287AB60
G3V852 F1SP18
Q5U367 F1SH97
Q6AXZ5 A0A286ZPM2
G3V8X6 F1SFC1
A0A0G2KBC7 F1SK86
Q62985 F1RFI0
A0A0G2JTR4 Q52QT8
A0A0G2KAS0 B2ZCZ8
Q6P6T6 A0A286ZX26
D4A0E8 C3RZ98
B5DF02 A0A287B4M4
Q62711 A0A287AMJ2
F1MA97 F1SFC1
Q5PQR6 A0A286ZMR3
A0A0G2K349 A0A287AE68
F1M3U4 A5GFY8
D3ZVQ9 F1SR95
P55213 A0A287AZZ1
F1M8V2 F1RIG2
E9PT65 F1SB42
A0A0G2K8U5 A0A287B1K1
Q63413 I3LC25
Q6TUD5 A0A287B4D6
A0A0G2JW83 I3L6G1
Q5XIV0 F1S1S3
A0A0G2K3L8 I3LBP0
D3ZFJ0 F1SEA4
P17046 A0A287B836
Q5BJY8 F1SJ31
A0A0H2UHV5 A0A287BDY2
Q8R424 A0A287BPN6
Q9ESZ0 F2Z5F5
F1MA31 A0A286ZV44
D3ZQW1 A0A287BE06
F1M820 F1RX38
Q62711 Q8SPR7
I7GAZ6 F1SJ23
G3V8B6 A0A287A682
F1LQZ4 F1RMJ3
G3V8N3 I3LBN0
G3V8T0 A0A287AH53
O08623 A0A287BLE1
M0R583 A0A286ZI78
Q5M9G3 A0A287A1V5
D4A2I4 A0A287B4D6
P04961 A0A287A1V5
P25235 E7EI20
D3ZN47 A0A287BJX4
F1M589 I3LK68
P07340 P05027
F1M5J1 A0A286ZPM2
G3V8P2 A0A287AEL1
P38438 K7GL93
A0A0G2K1M2 F1SKG4
A0A0G2K2W8 I3L9K6
D3ZBL5 F1STD8
D4A8A0 P62197
D3ZML4 A0A287B8F9
G3V729 A0A287A8Q7
B2GV14 A0A287AXW5
A0A0G2KBC7 F1S408
D4ABN8 A5GFS8
A0A0G2JSU2 A0A287ASV0
Q6AYH3 A0A287BT99
O88764 A0ZVR0
F1M3H8 A0A287B5K1
G3V705 F2Z4Y3
Q68FW9 I3LA84
D4A304 I3LCM6
A0JPJ7 F1S062
A0A0G2K8K0 P05027
Q5QJV7 A0A286ZTB1
Q3SWT5 F1RRU8
F1MA97 A0A286ZPM2
F1LQP9 A0A287B1Q0
A0A0H2UH94 K7GR16
Q4V7E0 A0A287ASL6
E9PU01 Q29024
Q9Z158 F1SGP7
I7GAZ6 K7GMR6
Q5XFW6 F1S408
Q5RJP6 F1SR95
Q9JJ54 A0A287BT17
Q5M9H7 P62197
Q6AY73 F1SRQ4
Q6AYH3 A0A287APX6
A0A0H2UHJ1 C3S7K6
A0A0G2K099 P80021
B5DF71 I3L9V1
D4A631 A0A286ZV83
Q5QD51 A0A286ZZS2
F1LNZ2 D7RA34
D3ZN76 F1RFI0
A0A0G2JTR4 A0A287BT99
D4A4A9 A0A287A164
A0A0H2UH94 F1SU27
A0A0G2JWU7 F1RI50
P07340 A0A287B1Q0
A0A0G2KBC7 A0A287AHV7
Q62755 A0ZVR0
D3ZD80 F1RJL2
Q4KMA2 A0A286ZMP7
F1M3J4 I3LRC6
A0A0H2UHU2 F1RVY1
A0A140TAG9 Q8HZV3
Q62755 F1SLF9
D3ZPZ3 A0A286ZRH4
P68255 D4P3C2
B1H282 A0A286ZS52
D3ZQR6 A0A286ZSV2
D3ZTN0 F1RSE6
A0A0G2JXQ5 A0A286ZRG1
P61131 B2ZCZ8
P52631 F1SV14
F1LN90 A0A286ZI78
F1M062 A0A287AXW5
Q6AXZ5 F1SFC1
A0A0G2JSI8 F1RTM6
F1LQP9 P05027
D4A2A9 F1SDY7
P62744 F1SAQ6
Q6P736 F1RVC9
Q62755 F1SG36
Q5RJQ7 F1SJI1
Q3MHU5 F1SFM8
Q5FWU5 A0A287AZ31
B1WC22 A0A287AB60
Q5FVQ0 F1S103
D4A9E7 I3L9K6
A0A0G2KAD9 F1SPP2
B1H282 I3LC25
Q811R2 A0A286ZTB1
Q66HC5 I3LM93
Q5BJY8 F1SR95
A0A0G2K5E4 Q8HZV3
A0A0G2K8P3 F1S8Y2
D3ZRE3 A0A287AX48
Q5QD51 F1SKG2
P09495 P67937
Q5U2Y1 F1S062
A0A0G2K0W9 Q8HZV3
D4A0E8 I3LP11
Q62755 I3LAG7
B5DFI9 F1S525
D3ZDK2 P67985
F1M953 I3L5T3
A0A0G2JWR1 A0A287BI99
D4A9N5 K7GR70
D4A2I4 F1SPJ4
Q9R010 F1SJX5
Q07014 F1RT53
A0A0G2K449 I3LUH8
Q6AYN8 F1SUF6
B5DFI5 K7GND2
D3Z8I2 A0A287AMJ2
F1LMV3 F1SLF9
Q4V7G0 F1SGS5
B2GV14 F1RVC9
P06761 F1SUF6
Q9QXY8 F1S8D0
A0A0G2JXQ5 A0A286ZPM2
D3ZGS7 A0A287BBK4
Q9Z118 Q2QLE3
A0A0G2K1M2 A5GFS8
P39948 F1SP32
F1M5Y6 I3LK82
D4A6A8 F1SHF6
M0RBS9 F1S033
D4A9E7 F1SJ23
A0A0H2UI02 A0A286ZT47
P97536 F1RQC5
G3V8X6 I3L9K6
P11980 A0A286ZJM4
F1M3H8 F1S8K5
P97580 O02826
F1M8V2 F1RJ01
Q5XIW8 F1S073
M0R9L3 F1RU02
Q5U2Y6 E7EI20
D3ZTV3 I3LTK3
F1M3H8 A0A287AXW5
M0R9L3 F1RFI0
D3Z9S9 F1SFC1
G3V8V1 F1SP18
P63086 D2JYW4
F1M8D3 A0A287B4D6
A0A0G2K0W9 A0A023PN04
P97536 A0A287AU26
P63086 A0A287BTM5
A0A0G2JZD1 F1S9Y5
A0A0H2UHJ1 I3LQI9
D4A0Y2 A0A287AU22
B3DM89 A0A287A041
A0A0G2JVC4 I3LM39
F1LNW8 I3L6Q6
A0A0G2K0D4 Q29040
P14659 P61288
Q6AY73 F1SL46
M0RB75 F1S1D9
D3ZB71 I3L897
M0RB75 F1S222
A0A0H2UI02 A0A287BT99
M0R887 F1RMC2
Q5XHZ0 A0A023PN04
B2RYC7 A0ZVR0
A0A0G2KAS0 F1RRH7
Q5XIT0 A0A286ZRH4
B2GUY9 A0A287A041
A0A0G2JXI4 A0A023PN04
D4A631 F1RFI0
Q6PCT9 F1RJL2
F1LS62 A6N8P5
A0A0G2K449 F1SGP7
O88321 A0A287BB27
Q9WUC8 A0A286ZJX9
P62142 A0A287AU26
A0A0G2JV07 A0A287AQ63
P97536 A0A287AXW5
A0A0G2JYS9 A0A287APB0
G3V9P7 F1S8N5
F1M5J1 I3L9K6
Q6P736 A0A287BT17
A0A0H2UI02 A0A287AJ28
Q6P751 A0A287AXP1
F1LXU0 A0A287AB60
F1MA31 F1RJL2
Q62985 A0A287AHV7
D4A2I4 B2ZCZ8
F1LS35 F1S103
D3ZTA4 I3LK82
Q5U328 F1RSE6
B4F7A9 A5GFS8
D4A9U9 A0A286ZZ53
P68370 Q2XVP4
G3V9W2 A0A287BLV8
G3V826 F1SCL0
Q8K593 A0A287ATR5
P04961 I3LK68
D3ZPZ3 A0A287AC99
G3V729 A0A287AH15
A0A0G2JW83 F1SE53
P68255 I3LQ83
F1M062 A0A287B5K1
D4A224 F1SRQ4
M0RDR7 A0A023PN04
A0A0G2K929 A0A286ZYG8
D3ZWS0 A5GFS8
B2GUZ0 D2DGZ0
M0R9L3 A0A286ZV83
Q811R2 F1RL90
Q811R2 A6N8P5
Q9JK11 F1RX38
Q5XFW6 F1RFI0
P97536 A0A287BAM9
B1WC22 F1RQP2
A0A0G2JSU2 F1SGQ3
A0A0G2K1M2 A0A287BEQ8
Q7TP21 I3LHB2
G3V8V1 F1SF78
Q62636 A0A287APX6
D3ZYE1 K7GNR7
D3ZB71 A0A287AJQ6
F1LQS1 F1SLR5
Q9Z1J8 A0A286ZI78
Q9JJ54 A0A287BAM9
Q5BJY8 F1S8D0
Q5RJQ7 A0A286ZX89
D3ZRL2 F1RVY1
B2GV14 A0A287AU26
G3V8V1 F1SP55
F1M5J1 F1SJ23
D3ZKF6 K7GSU4
Q6AXZ5 F1SUL0
Q6PCT9 F1S062
B1H282 A0A287AXP9
D4ACP8 A0A287AHT1
P53042 F1RM25
G3V6T7 A0A287B1Q0
Q9ESZ0 A0A287A9K0
Q4KLH7 F1S1K0
Q5U2Y1 A0A287A9K0
P63140 A0ZVR0
D3ZN76 F1RU02
D3ZGS7 A0A287B749
F1LXU0 F1RQP2
D4A275 F1SFM8
D4A7U8 F1RZZ3
G3V7T9 I3LH19
Q5RJQ7 F1SFM8
F1LSX1 F1RRH7
Q62755 F1SEA4
G3V8X6 F1SUL0
F1LQP9 F1SV14
F1LYX9 F1SAQ6
O35796 F1SSL6
F2Z3T9 A0A287AX48
B2GV14 F1RQC5
D4A8U7 F1SNT8
D4ACP8 A0A286ZZ61
D4A4J0 F1RQC5
O88989 F1RR89
G3V8X6 F1SJ23
D3ZGS7 A0A287AZ21
D4A1T7 F1RG48
Q6P736 A0A287B5K1
P63140 F1SG36
P61131 F1SPJ4
D4AC45 B2ZCZ8
Q9Z158 F1SSD4
D3ZBU8 A0A286ZHZ1
Q65Z15 I3LCM6
P08932 A0A287AC99
P35289 F1SGQ0
G3V8M1 F1CK19
A0A0G2K8K0 A0A287B1Q0
Q5XIV0 A0A287ASV1
D2XV59 I3LPU3
Q5QJV7 F1S1D9
Q5QJV7 F1S222
F1M8D3 F1SPJ4
Q811R2 F1RQP2
A1A5R2 F1SFM8
G3V7D5 F1SUL0
Q6PCT9 F1S0S8
O88989 F1SP18
A0A140TA98 F1SLR5
D4A8G7 I3L897
Q3B7U1 A0A287A682
F1LS62 A0A286ZKV2
D3ZYI3 F1SL46
F1LN88 F1SR72
Q5QD51 A0A287BE06
P68035 F1RWF7
Q5FVM2 P61291
D3ZBU8 A0A286ZIN7
P62142 F1RVC9
A0A0G2K437 A0A287AGR2
F1LPG6 A0A287AVE2
D3ZH41 F1SPP8
D4A4J0 A0A287BAM9
D3ZD80 F2Z5F5
A0A0H2UI02 Q52QT8
D3ZNU1 A0A287A2U9
F1M589 A0A286ZIJ9
Q811R2 I3LCU3
A0A0G2KBC7 F1RFI0
Q62985 F1SK86
F1LQZ4 A0A287BE06
Q68FW9 F1SH97
A0A0G2K2W8 F1RVY1
A0A0G2K8K0 F1SV14
D4ACP8 Q684M4
D3ZDK2 A0A287B749
G3V8S2 A5GHK9
P97536 A0A287B5K1
D4A2A9 F1SIS1
P21677 F1SUL0
A0A0G2K2T6 K7GP99
Q5U214 F1CK19
F1M3U4 F1SUF6
P31977 A0A287B1Q0
F1LS62 F1RL90
D3Z822 A0A286ZZS2
D3ZF19 A0A287B5M8
Q811R2 A0A287A3Y0
P97947 F1SH27
D4A6A8 I3LPU5
F1LRV1 F1SSD4
O08623 I3L897
B2RYC7 F1SG36
D4ACP8 F1S525
Q66HH8 A0A287A531
Q4G012 A0A287AQ63
F1LN88 A0A287A164
Q9ESZ0 F1SGF1
A0A0G2K8K0 I3LM93
D4A8G7 A0A287AJQ6
B5DFB2 Q29024
P07340 A0A287A4F2
Q9QVC8 A0A287A1V5
Q62636 A0A286ZT47
P39950 Q52QT8
B1WC24 F1RJQ6
Q9ET64 A0A287B0I5
A0A0G2JTR4 A0A287AJ28
Q4V7E0 Q3ZDQ5
C0JPT7 F1S4P6
G3V7D5 I3L9K6
D3ZN76 F1S408
P21677 F1SUE2
Q5U2Y1 F1RJL2
Q5FWT1 A0A287AFX1
D4A8A0 F1RP05
Q9WUC8 A0A287B6S0
A0A0G2K6Z8 A0A287ACE1
A0A0G2JXQ5 I3L9K6
Q5XIV0 F1S3R8
Q5XII6 A0A287A570
F1M2F9 F1RUM0
Q68FT9 A0A286ZX89
F1LMH8 A0A286ZU41
F1LQX7 F1RX38
Q5U328 F1SMV6
D3ZN76 A0A286ZV83
Q6AXZ5 A0A286ZRG1
P62142 A0A287B5K1
F1LMV3 F1SG36
F1LQP9 A0A287A4F2
Q7TP21 A0A287A5I0
O35814 I3LNG8
A0A0G2K099 I3LPP4
G3V8N3 F1S8Q2
Q5QJV7 A6N8P5
A0A0H2UI02 A0A287APX6
A0A0H2UH94 F1RJQ6
A0A0G2JXQ5 F1SUE2
A0A0G2K449 F1RX40
D3ZDK2 A0A287ARZ0
B0BMU7 F1S367
A2IBE0 F1RSY4
D4A554 A0A287AF76
F1M5J1 I3LFH6
D3ZLC6 F1SDT3
P21677 F1SFC1
D3ZRL2 I3L9K6
D3ZB55 F1SP29
A0A140TA98 Q29024
F1M9D6 Q8HZV3
O08623 A0A287AJQ6
D3ZLS5 I3LPU5
Q5XIW8 A0A286ZJV6
D4A631 F1SK86
M0R9L3 A0A287AHV7
B0BN31 A0A287ASV1
D3ZB71 A0A287BLE1
D3ZF50 F1SP55
Q80U96 A0A287BHC9
Q7TP75 F1SFI7
Q66MH4 A0A287B8J8
D4A1T1 F1RXM2
A0A0G2JXQ5 F1SJ23
F1LS62 F1S8Q2
D4A224 F1SL46
Q5RJP6 A0A287B5M8
Q3MHU5 F1SJI1
Q4L0E9 Q3ZDQ5
Q6AXY8 F1SGQ0
F7FG31 A0A287A5I0
M0RB75 F1RQP2
F1M5J1 F1SUL0
Q6AXZ5 F1SJ23
Q9Z158 A0A286ZRJ9
Q5QJV7 F1RL90
Q62985 A0A286ZV83
D3ZD80 F1SGF1
D4ABN8 F1SKG4
Q5FVM2 A0A287AD86
A0A0G2K2W8 F1SFC1
F1LMG2 A0A287AMJ2
G3V8V1 F1SSL4
I7GAZ6 F1SBK5
Q5XI73 E7EI20
F1MA97 F1SUL0
F1LR76 I3LK82
D3ZF50 F1S5B5
F1LSX1 A0A287B4D6
F1M3H8 A0A287BAM9
F1M3H8 A0A287BT17
D3ZAZ0 F1SA70
Q62636 A0A287AJ28
B2RYC7 F1SEA4
D3Z8I4 A0A287A997
B1WBP4 F1RY91
Q6AYH3 Q52QT8
F7ENH8 F1RZK8
M0RAR2 A0A287B6R5
Q9JJ54 F1RQC5
D3ZBT2 I3L6Q6
D4ADT3 I3LM88
P35739 F1RHK6
F1M4M5 A0A287B540
F1LRD7 F1S1H2
M0R9L3 F1S408
G3V817 A0A286ZIV3
F1LR10 A0A287A2U9
D3ZF19 F1RT51
D3ZRN2 A0A286ZMP7
F1M987 F1SJS3
P62260 A0A287A2R9
Q9Z269 F1SCL0
F1LS62 A0A286ZTB1
B5DFI9 A0A286ZW78
D3ZL11 A0A287A041
D3ZD80 A0A287A9K0
A0A0H2UI20 A0A286ZJG5
Q6PCU4 A0A0U2ETD0
A0A0H2UHU2 I3L9K6
D3ZQR6 I3LK82
Q65Z15 A0A287AC99
A0JPJ7 A0A286ZV44
Q5XIV0 A0A287BJX4
T2CB11 F1SCL0
D4A9E7 A0A286ZRG1
D4ACP8 A0A287AL02
P62142 F1S8K5
Q9R010 F1SE72
F1LS62 F1S1D9
F1LS62 F1S222
M0RB75 A0A287A3Y0
G3V7D5 F1SFC1
A0A0G2K2W8 A0A286ZRG1
O88989 F1SF78
D3ZRU9 A0A287B8J8
D3ZDK2 A0A287AFI9
Q3ZAU5 F1RRH7
Q4V7E0 F1RMC2
P39950 A0A287BT99
D3ZRL2 F1SBK5
G3V7U3 F1SBP6
D3ZDK2 A0A287BBK4
F1M953 P80021
D4A0E8 F2Z5V5
D3ZHJ4 Q3ZDQ5
D3ZRU9 A0A287AD86
D3Z9S9 F1SJ23
B5DF91 D3K5N7
F1M062 A0A287BT17
Q3MHU5 A0A287AQ63
A0A0G2K8K0 F1SB42
P51638 F1RMC2
Q5M9G3 F1SGS6
Q6P7A7 A0A287AX48
F1MA97 A0A286ZRG1
D3ZEN8 F1SR95
A0A0G2JSI8 P61288
D3ZEN8 I3LHU4
F1LS62 A0A287A3Y0
D3ZVQ9 F1SJ31
G3V8N3 A0A287AB60
D3ZSQ1 F1SJI1
A0A0G2JUI2 F1SS06
O35346 P28491
D3ZC02 A0A286ZI78
D3ZLC6 F1SGQ0
F1LRD7 A0A287BQG6
Q66HH8 F1SEV8
B2GV22 A0A287A041
P97536 F1S8K5
D3ZQW1 F1RMJ3
C0JPT7 F1SEM2
Q4V7E0 A0A287A5F9
A0JPJ7 F1SGF1
F1M3H8 F1RQC5
D3ZU55 F1RI50
B2GV14 A0A287B5K1
