G3V734 F7CYC1
E9PTS4 F7E3W0
B2RZ74 F7E4H2
Q5U313 F6Q912
D4A554 F6U301
A0A0G2KAW9 F6TD27
Q4V7D8 F7DQN7
A0A0G2JU59 F7D9J2
E9PSY8 F6X610
D4AAV4 F6YPT0
Q8CFN2 F6R449
Q3SWU0 F6ZPY1
D3ZCU8 F7CQV7
Q5M9F8 F7D721
F1LP66 F6XF44
E9PT13 F6V531
P12841 F6WGT1
Q66HM2 F7CVC4
D3ZIL9 F6U4I9
B1WC26 F6QPI5
F7FL53 F6TYM3
G3V8B6 F7C5G3
G3V6S2 F6VU34
A0A0G2K0W9 F6SL95
P24368 F6TEA2
D4A7E8 F6PHR4
F1LS98 F6Y6W9
G3V6S2 F7CPH9
A0A0G2JYD0 F7ATS5
D3ZUU6 F7A331
D3ZT85 F6XW48
P60889 F7BUS2
P69897 F6UQ25
P36364 F7B6A2
D3ZXM4 F7AUG2
D4A4T6 F6ZDZ9
D3ZUA2 F7A883
Q4V7D8 F6QT97
D3ZD72 F7CM57
E9PU02 F6PJZ6
Q498M4 F6TC63
P83888 F7E3W0
A0A096MIX2 F7E4H2
F1LQH2 F6QZ21
A0A0G2K2S5 F7CPH9
Q80U96 F6S8L9
Q68FQ7 F7E0B9
F1MA52 F6S7D4
D3Z962 F6SRC6
Q8K422 F6W8H2
Q6AY58 F7CYC1
G3V8C3 F6YG82
E9PSY8 F6QHL9
D3ZJX5 F6W8S4
Q91Z84 F6XW48
B2GV58 F6WIS6
D3ZU21 F7CYC1
A0A0G2K5R4 F6VG75
O55099 F6Y8U8
Q5M7U6 F7B951
P29067 F7ACY5
Q64232 A2Q127
Q9Z2S9 F6ZJW3
E9PT44 F6WGT1
G3V8S0 F6VG75
P29066 F7C1S0
G3V845 F7D1R8
Q5U2Q7 F6SCX8
Q4V7D8 F6WM02
F1LM28 F6ZGT4
A0A0G2K9T1 F6VM50
G3V8S0 F6XT89
M0R4H8 F7BZ50
Q4V8C2 F6TEA2
F1LM28 F6XRN7
Q64232 F7CM75
F7FEU1 F6YNY6
A0A0G2JSI8 F6R5G1
A0A0G2K5R4 F6XT89
Q3B7U1 F7BUD9
A0A0G2JX16 F6ZNU4
P12841 F6XF44
Q3SWU0 F7AGA5
F1LM28 F6RXJ7
G3V6S2 F6PJZ6
Q7TPB4 F7CU03
A0JPN1 F6XP39
M0R7E6 F6QDP0
D4A062 F7D5P1
A0A0G2K9T1 F6W702
F1LPJ5 F6PP86
F1MAF2 F6YZR5
Q9Z2Z8 F6TQP5
P62193 F6QLY4
G3V8M5 F6R1C8
Q5PQX1 F6WIS6
Q4V7D8 F6XT89
Q5PQX1 F6XL24
Q9WVK7 F7DLK0
A0A0G2K2S5 F7DLK0
D3ZUJ5 F6UFI8
D3ZLQ6 F6SUQ1
F1LVR4 F7BKP2
Q99P75 A0A0B4J1C4
D3ZU21 F6U0H9
Q9Z270 F6QXT2
O35078 F7DTW5
B2RYV8 F7C687
Q5PQX1 F7BQL5
G3V8H8 F6SQ67
Q5BK21 F7CT58
Q64232 F7D0U2
A0A0G2QC27 F6V7C1
M0RDA4 F7E1X2
Q64620 F7BQL5
Q498M4 F7AH79
B0BNG7 F6Y8U8
D3ZQL0 F6TST3
Q6IRJ7 F7CMK6
P62986 F6RW70
P12841 F6Y6W2
Q07984 F6V3K2
D4A4A9 F6S2X2
Q5FVC2 F7DY95
G3V8H8 F7C687
D3ZT01 F6Q188
A0A0G2KBA2 F6TQP5
Q91ZN7 F6X610
D3ZVM4 F7DH54
Q64620 F6XL24
Q5U3Z7 F6ZUG4
Q64620 F6WIS6
Q6MGB4 F6SL61
Q5U313 F7BQL5
P60889 F6UFI8
D3ZA02 F7BR74
M0R7E6 F6YE64
Q4V7D8 F6XW20
D3ZZ95 F6UQ25
Q6AXS5 F6ZUG4
Q5U313 F6WFQ1
Q3MHU2 F7AH79
Q9WVK7 F7CYC1
D3ZME7 F6VTZ7
Q5RKH2 F6SE67
E9PTS4 F6RKT2
Q5RK09 F7E4H2
D4AAV4 F6PJZ6
F1LQ81 F6QLY4
A0A140TAH1 F7ALM2
D3ZT01 F6VSB5
V9GZ88 F6PU05
B0BN63 F7E4H2
M0RDA4 F7BG55
B5DF02 F6XR42
Q3SWU0 F7CVC4
G3V7R8 F6XDP3
Q9WVK7 F6PJZ6
P62997 F6X756
P16970 F6UUX5
Q5M9F8 F7AMM0
F1LNZ2 F7AGA5
F1MAB8 F6YZ50
Q6AY58 F7DLK0
D4A7E8 F6XW48
Q5PPL1 F7DTW5
A0A0G2QC27 H9GZW7
D3ZZ95 F7AH79
Q66H76 F6W711
Q63827 F6V0C7
Q91ZN7 F6QHL9
F1LPK7 A5YBL8
F1LNZ2 F6RKT2
Q3B7V0 F6PLT9
F1LNG5 F7CEQ6
Q5U349 Q2QLB0
Q6IRJ7 F6TKR5
D3ZMR2 F7BR74
B2RZD6 F7DHW2
Q66H76 F7D2Z3
D4ACB8 F7E4H2
E9PU02 F7CPH9
F1LP66 F7BG35
A0A0G2K2I0 F6RA22
Q7TP77 F7AGA5
D4AA11 F6ZNY8
G3V7X9 F7CPK1
Q5FVI6 F7DH54
B2GV31 F6RW70
Q9Z2Z8 F6WF73
G3V845 F6R0E4
F1M957 F7BCZ6
Q9WTT7 F6WIS6
D3ZZ95 F6Y8U8
D2XV59 F6XJY4
Q6PCU4 F7D7T6
Q9Z2S9 F7E3W0
A0A0G2K5R4 F7C687
P60889 F7DH54
F1LR39 H9GZW7
F1LPQ4 F7DM52
G3V7M9 F6TE29
D4AC36 F7E3W0
P17325 F6YYG4
D3ZVM4 F6T413
M0R4H8 F6Q4S1
G3V7R8 F6UNR3
G3V660 F6YAP3
Q3SWU0 F6RHD5
Q5RKH2 F6Q4X9
G3V8H8 F6XW20
G3V943 F6R0E4
M0RDR7 F6QLY4
A0A0H2UHG0 F6S9J8
Q5FVI6 F6SUQ1
Q63768 F7BME5
O55099 F7AH79
D3Z8G7 F6TQP5
Q5RK09 F6YE64
G3V8T0 F6Z2C8
D4A9D8 F6Y6W9
D4AAV4 F7CPH9
D4A4A9 F6SL95
B0BN63 F6YE64
P24368 F7D721
Q5PQL2 F6VRC2
D3ZCS4 F6WFQ1
D3ZK34 F6Y8U8
G3V845 F6YM24
Q5RKH2 F6XJR7
A0A0G2JWA2 F7BBH3
F1LNZ5 F7BTP9
G3V804 F7DY95
Q6AY02 F6X854
Q6XVN8 F7B3R2
P09416 F6YAJ2
E9PU02 F7DLK0
D3ZLQ6 F6Q795
E9PU02 F6U0H9
Q6DGF9 F7C7Q1
D4AE95 F7BRV2
M0R4H8 F6SMB9
F1LNZ2 F6YNS5
Q5RK09 F6QDP0
D3ZB71 F6WQM7
Q5XI34 F6TP72
D4AA94 F7BC54
M0RDA4 F6TQR2
Q5BJP1 P02758
D4ACB8 F6YE64
Q5FVI6 F6QHT5
Q5U2Q7 F6VS95
Q5PPI1 F7E4H2
B0BNG7 F6UQ25
E9PSY8 H9H002
Q5PPI1 F6UQ25
G3V8H8 F6SPS0
D3ZD72 F6Z4L0
F1LPJ6 F7E0S3
Q3SWU0 F6ZJW3
A0A0G2K2S5 F7CYC1
G3V660 F6PU05
P04692 F6XF44
D3ZAZ0 F7E030
P16086 F6YBQ6
G3V7R8 F6YE97
D3ZU21 F6YPT0
P61621 F6X1S0
Q6IMY8 F7C4C2
F1LR42 F6SRC6
F1M6X7 F6YPT0
D4A321 F6WXF6
P60889 F6Q795
P60522 F6ZFZ4
P41777 F6SIH2
Q64232 F6VR95
D3Z9C0 F7E0S8
D4ACG2 H9GZM9
G3V7M6 F6Z7W3
Q5BJP1 F6XW20
Q62760 F6TKR5
G3V6S2 F6U0H9
P62260 F6XA04
Q9WVK7 F6VU34
D3ZI07 F6YPT0
Q6P7B6 F6W380
D3ZLQ6 F6XP39
F1LNZ2 F7DK89
B2RZ74 F6YE64
B2GV58 F6VRC2
B4F7E8 F6Z073
D4AA19 F7AMD4
D3ZZ62 F6Z073
F1MAL5 F6Q912
D3ZN76 F6Z4L0
D3ZJX5 H9GZL8
D4AB71 F6QBK9
Q64232 F6SJM8
A0A140TAG9 F6Y8U8
D4A7D3 F7D721
A0A096MIX2 F6QLY4
Q5M7U6 F6TP72
F1LP66 F7B7L7
D3ZHH8 F6WU14
F1LM28 F6W711
A0JPN1 F6QHT5
D4A8H3 F6YZ50
D4AA11 F6VIS6
A0A0G2K8Q8 F6SUQ1
D3ZZC1 F6QLY4
Q5FVC2 F7DTZ1
G3V734 F6PJZ6
P68511 F7CYG2
Q5RKH2 F7DHW2
Q5U2N1 F6QE94
D3ZCU8 F6SHQ3
D3ZUV3 F6PZJ0
D3ZCU8 F6QX70
F7FNS3 F6VNA3
Q3SWU0 F6YNS5
A0JPN1 F7BUS2
P35739 F6Z1I4
Q9Z2S9 F6RKT2
D3ZCK4 F7D5T3
D4A4A9 F6ZUG4
G3V8T5 F6UA86
A0A0G2K2S5 F6QE94
F1LWZ7 F6WVE0
Q6DGF9 F7AT10
D3ZZ95 F7E4H2
D4AC33 F6Z5Y6
D3ZZN9 F6TQP5
E9PSY8 F6XL24
P69897 F6SJM8
Q0ZFS4 F7DH14
F1LNZ2 F6ZJW3
D3ZJX5 F6TLD9
Q64620 F6WFQ1
P53987 F6VR95
Q4KM95 F6XP14
A0A0G2K9T1 F7BG35
Q5U214 F6TCA0
G3V6S2 F6QE94
D4AAV4 F6U0H9
F1LP66 F6QV31
A0A096MIX2 F6QDP0
P30835 F6RKT2
A0A0G2K0W9 F6S2X2
A0A0G2K6L6 F7BJQ7
D3ZT85 F6PHR4
F1LQ81 F6YE64
P14659 F6ZI51
D3ZME7 F6VS33
B2RYH5 F6U286
Q91ZN7 F6VRC2
D3ZT85 Q64FU1
P52631 F6Z6Y4
E9PT44 F6W702
P08644 F6QR51
Q5FVI6 F7BUS2
F1LQH2 F6X854
F1LM28 F7D2Z3
A0A0G2JTM3 F6ZXR5
D3ZUJ5 F6SUQ1
A0A0G2K0I4 F6R6C2
D3ZU21 F7CPH9
Q64620 F6VRC2
D3ZCS5 F6SPS0
Q6IMY8 F7DTB6
M0RDR7 F6XJY4
G3V734 F7CPH9
Q5BK32 F6R8G3
F1LZD2 F7CFK0
Q3B7V0 F6TE29
Q66H47 F7AKA4
A0A1W2Q693 F6TA13
D4A4V3 F6TKF9
F1LM47 F6RNY1
D4A7D3 A5YBL8
D3ZCS4 F6XB71
D4A857 F6RKT2
Q5U2N1 F6VU34
D3ZVM4 F6QHT5
Q6IFW2 F6QSZ1
Q5RKH2 F6VEA3
Q5U1W4 F7B9Q2
M0R4H8 F7ANS3
A0A0G2K0D4 F6UQ47
D4A895 F7B674
Q63769 F7AC64
D4A997 F6TIH5
Q4KLJ3 F6TYL7
Q9Z2Z8 F6TA13
F1LP66 F6V9A2
D3ZUJ5 F6QHT5
Q3SWU0 F6SE67
D3ZJX5 F6RVH1
A0A0G2K6G9 F7CZ11
F7FNS3 F7D9E5
E9PSY8 F7BQL5
Q3KR94 F6V881
P68370 F7BCF7
Q64620 F6Q912
D4AAV4 F6QE94
Q91Z84 F7CPK1
Q4V8C2 F7AMM0
Q62703 F6X7C1
A0A0G2K075 F6S2X2
Q5U2Q7 F6YMD9
P27881 F6YZ50
O70436 F7A2U2
F1LQ81 F7E4H2
A0A0G2K2C2 F6X3P7
B1WC26 F6R0E4
B0BN63 F6QLY4
D3ZVM4 F6UFI8
F1MAL5 F7BQL5
D3ZCS4 F6WIS6
P62986 F6WGT1
D4A321 F7DMB6
F1M8E5 F6X854
Q3B7V0 F7BHA9
P83888 F6QI90
Q9WTT7 F6VRC2
D3ZHH8 F6R643
G3V7R8 A5YBL8
B2GV58 F6WFQ1
D4ACG2 F6TIH5
Q5FVI6 F6Q795
D3ZU21 F6PJZ6
Q62760 F7CMK6
P62997 F7D0U2
A0A0G2JX16 F7DLK0
Q9Z0L5 F7AG33
G3V7X9 Q64FU1
P14659 F7DK89
D4ACG2 F7CM57
A0A0G2QC27 F7ANS3
Q5PQL2 F6WIS6
A0A096MIX2 F6U567
E9PT44 F6RW70
Q07936 F6ZI51
Q6MGB4 F6WPK8
F1LNZ2 F6TEA2
D3ZRN3 F7AHF3
B2RZ74 F6PZ47
Q66H76 F6XRN7
D3Z9J4 F6V9P2
Q6PCU4 F6TLD9
A0A0G2K7F0 F7C687
A0A140TAG9 F6V5A0
Q5PQL2 F7BQL5
A0A0G2K9T1 F6WGT1
M0RDR7 F7E4H2
P63088 F7AYW3
F1LNZ2 F7D9E5
P62986 F6W702
A0A0G2JUU7 F6UC37
Q6IN24 F6TMY5
Q5PQL2 F6WFQ1
P60889 F6T413
A0A140TAG9 F7E2L8
P04692 F6RW70
P60889 F6SUQ1
A0A0G2K8Q8 F6XP39
A0A0G2JSQ6 F6SDK6
D3ZD03 F7AJD4
D3ZCK4 F7CFK0
B2RZ70 F6TC79
G3V8H8 F7AKZ2
Q62760 F7DCG7
A0A0G2JTM3 Q64FU1
P19139 F7BXZ1
A0A0G2K2M9 F6UQ25
P62986 F6VM50
Q5U313 F6WIS6
F1LPK7 F7AUK1
A0JPN1 F6T413
Q62923 F6U143
P62997 F6UUX5
Q5U1W4 F7BTP9
D3ZME7 F6SK46
Q5M7U6 F6WM79
A0A0G2K7F0 F6VG75
Q5EB77 H9GZW7
Q5M971 F6R6C2
D3ZZN9 F6WF73
Q5U313 H9H002
Q6AY58 F6QE94
D3ZZR5 F7DK60
B1WC90 F7ATQ2
A0A0G2K099 F6Z587
F7FNS3 F7DK89
P63088 F6RRI6
P08644 F6XB71
D3ZCK4 F6ZFB4
P04692 F6QV31
F7FNS3 F6YXJ9
A0A0G2K5U0 F7A2J7
Q7TP77 F6RHD5
D3ZK34 F7DPL7
Q498M4 F7E4H2
Q62760 F7ALC9
A0A0G2JX16 F7CPH9
A0A0G2KA75 F6R0Q5
Q3MHU2 F6YZI7
Q64620 H9H002
Q5U313 F6XL24
D4A321 F7BN08
D3ZZB2 F6YEB4
Q6AY02 F6QZ21
Q66H76 F6ZGT4
Q5U2Q7 F7BZ50
A0A0G2KA10 F6RLA7
G3V826 F7D9J2
D3ZCS5 F6QT97
F1M6X7 F6QE94
D4A997 H9GZM9
Q91ZN7 F6XL24
E9PU02 F7CYC1
P63074 F7DLK0
G3V734 F6VU34
A0A1W2Q693 F6QF43
A0A0G2JY43 F7E010
M0RDR7 F7CIG3
A0A0G2K7F0 F6XT89
Q5FVI6 F6UFI8
B2GV58 F6XL24
F7FNS3 F6TEA2
P70541 F7AMW4
A0A140TAG9 F7DGE2
G3V734 F6QE94
Q9WVR7 F6YZ50
M0RCA3 F7CH45
D4A997 F7CM57
F1LM47 F6RVH1
D3ZZC1 F7E4H2
A0A0G2JTM3 F6XW48
Q9Z2S9 F6RHD5
F1M953 F6TZX8
D3ZMR2 F7BVS7
A0A096MIX2 F6PZ47
Q9WTT7 F6QHL9
P41777 F6Y6S9
Q5XI34 F6WM79
Q9WTT7 F6WFQ1
D4A9D8 F6W6Q5
A0A0G2K9T1 F6XF44
A0A140TAG9 F6ZQX6
M0R4H8 F6VS95
M0R9R0 F6W4Z3
D4A321 F6ZUJ7
Q4V7D8 F6SQ67
M0RDJ3 F7D9F8
Q8CFN2 F6U3F1
Q5PQX1 F6XB71
A0JPN1 F6Q795
F1LP66 F6Y6W2
Q62760 F6WA92
F1LM28 F7BTM1
Q5XI34 F7A0N8
A0A0G2K8Q8 F7DH54
P63074 F6QE94
G3V9A0 F6ZFB4
Q5RK09 F7CZH3
O55099 F6YZI7
A0A096MIX2 F6YE64
D3ZCK4 F7BRV2
Q9WVK7 F6ZNU4
Q5PQL2 F6Q912
P20417 F6TRI4
A0A0G2K6L6 F7DP19
G3V8S0 F6QT97
P04692 F6V9A2
Q5M865 F6SDK6
D4A321 F6Z4V6
G3V8V1 F6RIW1
A0A140TAG9 F6UA86
D3ZYK8 F6ZND0
M0R835 A5YBL8
D2XV59 F6ZAA0
A0A0G2KBA2 F6QF43
Q6AY58 F6VU34
P63074 F7CPH9
D3ZZZ9 F7E030
A0A0G2JX16 F6VU34
D3ZME7 F7CH72
G3V8H8 F6Z6I4
D4A069 F6XB91
P12841 F6W702
Q3MHU2 F7DPL7
E9PT44 F7BG35
M0RDR7 F6PZ47
D4A4V3 F7BIA2
A0A0G2JY43 F7B1A9
Q5U3Z7 F6S2X2
A0A0G2K9T1 F6Y6W2
F1LNZ2 F6ZPY1
G3V8H8 F6WM02
Q5PQX1 F6X610
Q5U2U2 F6QMU5
M0R4H8 F6SCX8
P16970 F6QHW7
D3Z9C0 F6WKN2
D3ZZC1 F6YE64
D3ZCU8 F7BJ62
G3V734 F6U0H9
M0R3J4 F6SYZ2
B0BMW2 F6ZUG4
P24368 F7AUK1
F1MAL5 F6QHL9
A0A096MIX2 F7CZH3
Q6AXS5 F6S2X2
D3Z8G7 F7B944
P63074 F6VU34
G3V734 F7DLK0
D3ZNQ6 F6UQ25
B5DFH7 F7DIL5
A0A0G2QC27 F7C7G0
D3ZCS5 F6XT89
R9PXV5 F6U159
D3ZUU5 F6ZUG4
F7FNS3 F6YNS5
P20417 F7DXH9
D3ZDG0 F7BE18
P62193 F6UQ25
A0A0G2KBA2 F6TA13
P04692 F7BG35
G3V8H8 P02758
Q6AXT8 F6X854
Q5U2Q7 F7C7G0
D4ACB8 F6QLY4
Q9WTT7 F6XB71
E9PSY8 F6VRC2
Q5FVI6 F6T413
Q9Z2S9 F6QQL7
Q5M7U6 F7A0N8
M0R7E6 F6XJY4
F1LM47 F7CM57
A0A0G2K8R7 F6W702
F1LNZ2 F6XJR7
Q7TQ24 F6R8D3
F8WFZ9 F7DFH1
P16970 F6X756
Q5PQX1 F6QHL9
D4A321 F6TZF2
D4AEK7 F7C788
A0A0G2K099 F6ZWW8
F1LNZ5 F7B9Q2
F1MAL5 F6VRC2
D4ACB8 F7D4R9
Q91Z84 F6PHR4
Q3B7U1 F7CM57
P70541 F6U6I2
D3ZN76 F7BUD9
F1MAL5 F6X610
Q5U2N1 F7CPH9
F1M6X7 F6VU34
B5DFN1 F7BAQ3
A0A140TAH3 F7CC43
P54645 F6YZ50
F1LNZ2 F6QQL7
O55099 F7DPL7
D3ZQE8 F6ZZ67
Q66H76 Q2QLB0
Q9WVK7 F6YPT0
P24368 F7AGA5
Q5BJP1 F7AKZ2
A0A0G2K2S5 F6YPT0
D4ACN8 F7CZB9
O55099 F7E4H2
A0A0G2K2S5 F6ZNU4
A0A0G2K075 F6ZWY6
P12841 F6QV31
D2XV59 F7CIG3
D3ZUJ5 F6XP39
Q5BJP1 F6TD27
D3ZT01 F6SW28
Q9Z270 F6YPK5
D4AAV4 F6VU34
F1MAL5 F6XB71
D4A4V3 F6YCK0
Q5PQL2 H9H002
Q9Z2S9 F6ZPY1
P12841 F6RW70
D4A8G7 F7ACV1
Q32WR5 F7BCZ6
A0A0G2JTJ9 F6TYZ0
A0A0G2KBA2 F7B944
E9PU02 F6QE94
Q9WVK7 F6U0H9
F1M6X7 F6PJZ6
Q66H76 F6RXJ7
Q7TSB7 F7BUT3
D3ZE49 F7B5F6
A0JPN1 F6UFI8
A0A0A0MY09 F6ZUJ2
D3ZU21 F7DLK0
Q5U313 F6VRC2
Q7TP77 F6YNS5
Q9Z2S9 F6XJR7
D3ZK34 F6UQ25
Q6IRJ7 F7DCG7
D4ADZ0 F6XB91
A0A0G2QC27 F6SCX8
P62986 F6Y6W2
E9PT44 F7B7L7
M0RDJ3 F6ZWY6
Q91ZN7 F6Q912
F1LM47 F7BUD9
Q5U2N1 F6PJZ6
Q5M9F8 F7AGA5
G3V9A0 F7D5T3
B2RZ70 F7D5T3
D4A0V7 F6WVE0
O70454 F6XUE5
Q9WTT7 F6X610
Q5PQL2 F6XB71
B2RYB3 F6RHL6
F1MAL5 F6WIS6
D3ZCS4 F7BQL5
F7FNS3 F6RHD5
P04692 F6W702
E9PT44 F6QV31
P35370 F7DFS4
G3V6K6 F7DFR6
Q5M9F8 F6TEA2
F1LNZ2 F6YXJ9
Q5EB77 F6SMB9
Q498M4 F6YZI7
D3ZJX5 F7BLU1
D3ZCS5 F6WM02
D3ZI07 F7CYC1
P16970 F7D0U2
A0A0G2QC17 F7D5L5
A0A1W2Q693 F7B944
P60889 F6XP39
A0A0G2K8Q8 F6Q795
D4AAV4 F7CYC1
D3ZCS5 P02758
Q9WTQ1 F6RAD7
B1WC49 F6S9J8
D4A898 F6SDK6
Q5PQL2 F6X610
A0A0G2QC27 F6VS95
D3ZZC1 F6UQ25
D3ZME7 F6WTK3
F1LWZ7 F6XPE5
D4AAV4 F7DLK0
D3ZQE8 F6X1S0
F7FNS3 F7AGA5
F7FNS3 F6RKT2
D3ZA02 F7BVS7
O70521 F7E0S8
Q9Z2S9 F6VNA3
A0A0G2K8R7 F6YAP3
P70541 F6Z3T6
O55099 F6TC63
A0A0G2JY43 F6WPT4
Q63151 F6ZH19
Q0VGK0 F7C0F1
D3ZJX5 F6RKM7
P53987 F6SJM8
G3V845 F6QPI5
A0A140UHX0 F6XB71
G3V8H8 F6QBK9
G3V6S2 F7DLK0
B1WC26 F6Y0Y4
Q5U2Q7 H9GZW7
Q91ZN7 F6WIS6
G3V8T5 F7C432
E9PSY8 F6XB71
B0BN63 F6UQ25
F1LNZ2 F6YKY8
F1LN88 F6SL95
Q7TQN4 F7B9X5
Q9WTT7 H9H002
G3V8U2 F6VZG9
F1M7W7 F7A0C8
D3ZI07 F6VU34
A0A0G2K0K6 F7BYR2
D3ZLQ6 F6QHT5
Q5PQL2 F6QHL9
D3ZME7 F6PKQ6
D3ZZZ9 F6UQ25
B2RYV8 F6XT89
M0R7I8 F7ATS5
P70501 F6X7R7
F1LM47 F6TIH5
F1LN88 F6S2X2
D3Z8G7 F6WZE7
B2RYV8 F6SPS0
Q7TP77 F6QQL7
G3V8S0 P02758
D3ZCU8 F6T6R9
E9PT44 F6V9A2
D3ZCS5 F7DQN7
G3V9A0 F7CFK0
Q9WTT7 F6XL24
D4ACB8 F6UQ25
Q5U2N1 F7DLK0
Q5M9F8 F7AUK1
Q9WVK7 F6QE94
A0A140TAG9 F7C432
Q6AZ64 F6PNM7
F1LPK7 F6TEA2
A0A0G2K8Q8 F7BUS2
Q99N27 F6ZN26
Q99P75 F6QIK1
B2GV58 F6QHL9
A0A0G2KBA2 F6WF73
Q5BJP1 F6QT97
Q5BJP1 F6XT89
D4A4V3 F6Y7H1
Q5M971 F6VH14
D3ZK34 F7E4H2
F1M6X7 F7DLK0
D4ACG2 F6RNY1
D3Z8G7 F6TA13
G3V943 F6Y0Y4
D3ZME7 F6T775
Q3MHU2 F6TC63
B1WC49 F6Z073
B0BMW2 F6S2X2
F7FNS3 F6ZPY1
G3V8M5 F6QZ21
D4AE95 F6UFE6
D4ACG2 F6Z4L0
A0A096P6L8 F6ZS96
D4A321 F6S5X4
B2RYV8 F6XW20
Q9Z2Z8 F6QF43
B2RYN1 F7BHX5
D3ZMR2 F7CAX0
Q5RKH2 F6ZPY1
F1LZD2 F6ZFB4
G3V734 F6ZNU4
Q5M9F8 A5YBL8
A0A0H2UHG1 F7BRR9
D3ZZN9 F6QF43
G3V8Y8 F6Z073
G3V6S2 F6ZNU4
Q91ZN7 H9H002
A2VCX1 F6YE97
Q4V7D8 F7AKZ2
B2GV58 F6X610
A0A0G2JTM3 F6PHR4
E9PTT0 F7D9K7
D4A7D3 F7AGA5
A0A0G2K6Z8 F6VF95
D3ZZ95 F7DPL7
B1H282 F6YZ50
F1LS98 F6W6Q5
F7FNS3 F6XJR7
A0A1W2Q693 F6TQP5
A0A0G2JX16 F6YPT0
O70436 F6R449
Q8CFN2 F7A2U2
A0A0G2K331 F7CDD7
E9PT51 F6ZXA2
D3ZU21 F6ZNU4
D3ZCS5 F7AKZ2
D4A0V7 F6XPE5
E9PTU9 F7B674
E9PT58 F6SMM5
D3ZCS5 F6TD27
Q4KM95 F6VW27
A0A0G2K8Q8 F6UFI8
F1M1D5 F7CNL3
D3ZA02 F7CAX0
D3ZUC2 F7BEV6
Q91ZN7 F6WFQ1
F1M6X7 F7CPH9
B2RYH5 F6YZL0
D3Z9L5 F7DBS4
D3ZD72 F7BUD9
Q4V7D8 F6TD27
D3ZUJ5 F6Q795
Q4V7D8 P02758
D3ZF45 F6WD43
Q9Z2S9 F7D9E5
Q5U2N1 F6ZNU4
A0A0G2K0W9 F6ZUG4
G3V6S2 F7CYC1
Q5FVK8 F7AUG2
Q6AXS5 F6SL95
A0A1W2Q693 F6WF73
B2GV58 F6XB71
D3ZH12 F6SN22
D3ZI07 F7CPH9
A0A0G2QC27 F6SMB9
P62193 F6YE64
P24368 A5YBL8
Q5EB77 F7E3T8
E9PU02 F6VU34
D4A997 F7BUD9
A0A0G2K2M9 F7BPV6
Q64620 F6QHL9
Q91ZN7 F6XB71
A0A0G2K8R7 F6T629
Q5U3Z7 F6SL95
A0A0G2K1A9 F6UNR3
D3ZNQ6 F6Y8U8
B1WC26 F7D1R8
A0A0G2K2S5 F6U0H9
P12841 F6VM50
O70436 F6U3F1
Q5RKH2 F7AGA5
F7EKI5 F7BHA9
E9PSY8 F6Q912
G3V8S0 F6TD27
A0A0G2K8Q8 F6QHT5
B2GV58 H9H002
Q5U313 F6X610
G3V943 F6UHC7
M0R835 F6UNR3
B2RYV8 P02758
Q6AY02 F6R1C8
Q63528 F6ZFZ4
Q5U2Q7 F7ANS3
D4A321 F7C0A5
D4A7E8 F7CPK1
B2RYV8 F6WM02
F1LZD2 F7D5T3
G3V943 F6QPI5
F1LN88 F6ZUG4
P61983 F6XXB5
Q3B7U1 F6TIH5
D4A478 F6RPT6
D4A7E8 Q64FU1
D4A7D3 F6TEA2
Q64620 F6X610
D3ZD72 H9GZM9
Q66H50 F7BUJ3
F1LPK7 F7D721
A0A0G2K9T1 F7B7L7
E9PT44 F6XF44
A0A140UHX0 F6QR51
A0A0G2K7F0 F6TD27
Q91Z84 Q64FU1
Q5FVI6 F6XP39
Q3B7U1 F6Z4L0
Q4V8C2 F7AGA5
D3ZI07 F6PJZ6
E9PTR4 F6VUA4
D3ZUK4 F6WD43
D3ZZN9 F7B944
Q5U2Q7 F6SMB9
P62193 F7E4H2
D3ZCS4 F6QHL9
F1LPJ5 F7BYR2
D3ZVM4 F7BUS2
E9PT44 F6VM50
P83888 F6RKT2
P12841 F7B7L7
G3V8M1 F6R810
D3ZS29 F6PXN9
Q3SWU0 F6TEA2
P30835 F7E3W0
A0A0G2JX16 F6U0H9
E9PU11 F6WD43
D4A7D3 F7AMM0
F1MAL5 F6XL24
P29066 F7CKI0
B1WC26 F6YM24
Q6AY58 F6U0H9
A0A0G2JX16 F7CYC1
B2RZ74 F6QDP0
M0R835 F7E0B9
F1LPT7 F6U218
D3ZN76 H9GZM9
Q64620 F6XB71
Q5BJP1 F7C687
P62986 F7BG35
F1LPJ5 F7ALT2
A0A0G2K075 F6V5A0
Q3SWU0 F6QQL7
F1LR10 F6R5B2
A0JPN1 F6SUQ1
Q5U2N1 F7CYC1
P63074 F6PJZ6
Q64350 F6ZEW5
Q5U2Q7 F6Q4S1
P16970 F6Z4E8
Q498M4 F7DPL7
A0A0G2KAW9 F6XT89
D3ZN76 F7D7T6
E9PT44 F6Y6W2
P62986 F7B7L7
B2RZD6 F6Q4X9
P85108 F6ZB53
F1LP66 F6WGT1
D3ZCS4 F6X610
D3ZT85 F7CPK1
Q6AY58 F6ZNU4
B1WC26 F6UHC7
G3V660 F6W702
E9PSY8 F6WFQ1
D4AAV4 F6ZNU4
M0R4H8 F6YMD9
F1M6X7 F7CYC1
F1M6X7 F6U0H9
Q3MHU2 F6SER6
A0A0G2K9T1 F6RW70
Q5XIP6 F6ZN26
Q4V7D8 F6SPS0
A0A0G2K8R7 F6PU05
P61983 F6ZFH9
A0A140TAG9 F6SL95
B2RYV8 F6TD27
P10361 F6TL72
P04961 F6R950
A0A140TAG9 F6X756
D3ZLQ6 F6UFI8
Q9R0Q2 F6WP79
Q5U349 F6ZGT4
A0A0G2K5R4 F6TD27
F7FEU1 F7BPU9
D3Z9C0 F7ATH0
P04692 F6Y6W2
G3V8C3 F7AUW2
P24368 F7AMM0
Q9Z2S9 F7DK89
D4A062 F6SKB7
Q5U2N1 F6U0H9
P25961 F6Z5Y6
D3ZZN9 F6TA13
Q5U2Q7 F7E3T8
B2GV58 F7BQL5
D3Z8G7 F6WF73
G3V804 F7DTZ1
D4A478 F6W380
F1LNZ2 F6VNA3
Q5PQX1 H9H002
A0A0G2K099 F6XUJ2
D3ZUJ5 F7DH54
P62994 F7BQS3
D4A4T6 F7B297
A0A0G2K9T1 F6V9A2
Q9WTT7 F6Q912
A0A0G2K8Q8 F6T413
P63074 F7CYC1
D3Z962 F6XWJ6
A0A0G2K2M9 F6SJM8
D3ZDZ1 F6WEM4
P24368 F6RSE3
Q5U2N1 F6YPT0
F1LM47 H9GZM9
A0A0G2QC27 F7BZ50
F1LP66 F6VM50
A0A140TAA4 F7B9G0
P12841 F7BG35
P04692 F6RAD7
M0R7E6 F7CZH3
P12841 F6V9A2
A0A0G2K612 F6SDK6
M0RDJ3 F6V5A0
Q3SWU0 F6XJR7
G3V7K9 F6WPK8
Q5U349 F7D2Z3
G3V734 F6YPT0
A0A0G2K0I4 F6VH14
D3Z8I0 F6UIB4
M0RDJ3 F6S2X2
Q5M9G3 F7E030
Q7TP77 F6ZPY1
Q7TP77 F6TEA2
B2RYV8 F7AKZ2
Q4V8C2 F7AUK1
Q5U349 F6RXJ7
E9PSY8 F6WIS6
A0A0G2KAW9 F6VG75
F1LP66 F6W702
A0A0G2JSP3 F7AK40
P08592 F6XL78
P62986 F6QV31
A0A0G2JY58 F6Y797
A0A0G2K075 F7D9F8
D3ZVM4 F6SUQ1
Q64232 F6QWZ5
A0A0G2K6G9 F6Z904
Q6IRJ7 F6WA92
M0R7E6 F6PZ47
Q5U349 F7BTM1
D3ZUJ5 F6T413
Q4V8C2 F7D721
P29066 F6S0I9
D4A6X9 F6WKC0
Q5RKH2 F6ZJW3
F1LM47 F6Z4L0
B2GV31 F6RAD7
F1LN92 F6VU10
F1LPK7 F7AMM0
Q5U313 F6QHL9
D3ZN76 F7CM57
F1LQ81 F6UQ25
P14659 F7D5D9
F1M6E5 F6QFJ2
P16970 F6QL56
Q91ZN7 F7BQL5
P62997 F6QHW7
Q6AYM1 F6WKC0
Q4V8C2 A5YBL8
D3ZP93 F6W6U5
Q5U349 F7BBI4
F1LQH2 F6R1C8
A0A0H2UHG0 F7BHK6
B2RZD6 F6ZIP2
B0BMW2 F6SL95
G3V845 F6UHC7
A0A0G2K9T1 F6QV31
P68370 F6ZSB4
Q09167 F6WD43
F1LM28 Q2QLB0
Q6AY58 F6YPT0
Q7TP77 F6XJR7
D3ZUJ5 F7BUS2
Q5EB77 F6Q4S1
D3ZDG0 F6XP14
A0A0G2QC27 F6YMD9
D3ZCU8 F7DUF7
F1LNZ2 F6RHD5
D3ZNQ6 F7E4H2
P63074 F6ZNU4
Q2IBC6 F7ALM2
F7FNS3 F7E3W0
F1M8V2 F6YZ50
A0A140TAG9 F6SJM8
Q6IRJ7 F7ALC9
G3V660 F6T629
E9PT13 F6X404
M0R7E6 F6QLY4
D3ZUU5 F6S2X2
D3ZI07 F6U0H9
B0BNG7 F7E4H2
D3ZVM4 F6XP39
G3V6S2 F6YPT0
P62986 F6V9A2
F7EUU4 F7AU83
B2RYV8 F6QT97
D4A4V3 F6QCF7
Q9Z2S9 F6YNS5
G3V8V1 F6STY7
Q5PQX1 F6Q912
A0A0G2JX16 F6PJZ6
M0RD31 H9H020
D4A895 F6V249
Q6AY58 F6PJZ6
G3V7X9 F6XW48
Q5M9G3 F6UQ25
D3ZD03 F6WC83
P60889 F6QHT5
F1LP66 F6RW70
Q498M4 F6Y8U8
D4A997 F6Z4L0
Q5RK09 F6XJY4
P84025 F7BLZ7
M0R4H8 F7C7G0
D3ZDG0 F6VW27
B2RZD6 F6VEA3
Q9WTT7 F7BQL5
P04692 F6WGT1
Q5U313 F6XB71
D3ZCS5 F7C687
G3V943 F6YM24
F1M6X7 F6ZNU4
B2RZ74 F6QLY4
Q6P7B6 F6RPT6
D3ZVT2 F6VR95
F1M8E5 F6R1C8
F1M9G6 F6ZDZ9
A0A140TAG9 F6SPH9
Q7TP77 F6ZJW3
P62997 F6Z4E8
A0A0H2UHG0 F6Z073
D4A8L3 F7CZB9
D3ZU21 F6VU34
F7FNS3 F6QQL7
Q4KM95 F7BE18
A0A0G2K2M9 F7APA1
A0A0G2K2S5 F6VU34
Q7TP77 F6SE67
Q3B7U1 H9GZM9
M0R7E6 F7E4H2
D3ZYK8 F6R643
Q9Z1Z9 F6Y797
Q5XI34 F7B951
Q5PQX1 F6VRC2
D3ZVM4 F6Q795
F1LPK7 F7AGA5
D3Z8G7 F6QF43
Q5RKH2 F6TEA2
D4ACG2 F7BUD9
P62997 F6QL56
A0A0G2K1A9 A5YBL8
O54854 F7BCZ6
D3ZZ95 F6TC63
D3ZI07 F6QE94
A0A0G2JWX4 F7BUJ3
D4A321 F7BSK7
G3V845 F6Y0Y4
E9PU02 F6ZNU4
M0R4H8 H9GZW7
F1M9G6 F7B297
Q5PQX1 F6WFQ1
Q6MG13 F6Q0S8
G3V8M5 F6X854
Q6AY58 F7CPH9
G3V8S0 F7C687
A0A0G2K2S5 F6PJZ6
F1MAL5 F6WFQ1
D4AC36 F6RKT2
Q5M7U6 F6UHP9
A0A0H2UHG0 F6Z6Y4
F1LNZ2 F7E3W0
D3ZI07 F7DLK0
D3ZN76 F6TIH5
D3ZZ62 F6S9J8
D3ZUU5 F6SL95
D3ZCS4 H9H002
A0A0G2K099 F7AKJ4
Q6AXT8 F6QZ21
G3V7A4 F6VIS6
D3ZU21 F6QE94
M0RDR7 F6YE64
D3ZLQ6 F6T413
P61212 F7D482
Q5RKH2 F6ZIP2
P70501 F6XCF2
Q6AXT8 F6R1C8
P11762 F7D5C0
P08644 F6Z2C8
F1MAL5 H9H002
G3V8Z4 F6W997
Q6AXT9 F6X404
F1LN45 F6WRZ8
P61621 F6ZZ67
Q5RK09 F6PZ47
G3V8S2 F7ALM2
G3V7X9 F6PHR4
D3ZCS4 F6Q912
Q9Z2S9 F7AGA5
F7FNS3 F6ZJW3
F1LR42 F6XWJ6
E9PT58 F6V4S9
D4A7D3 F7AUK1
A0JPN1 F7DH54
Q5PQL2 F6XL24
P62986 F6XF44
Q9Z2Z8 F7B944
D4A2B8 F7A891
Q66H76 F7BTM1
Q4QQS7 F6YZZ3
Q9Z2S9 F6TEA2
Q6AYE7 F6VG75
A0A0G2JTM3 F6SW18
Q5U349 F6XRN7
Q5FVH4 F6SL61
A0A096P6L8 F6SI74
E9PSW8 F7DKR0
D3ZLQ6 F7BUS2
B2RYB3 F6ZTR4
Q5XI34 F6UHP9
M0RDR7 F6ZAA0
Q5RKH2 F6RHD5
D3ZCK4 F6TC79
B2RZ70 F7CFK0
Q07936 F6VSN9
B5DF45 F6URD5
Q9WVK7 F7CPH9
Q5PPI1 F6YE64
G3V7M9 F7BHA9
P63074 F6YPT0
A0A140TAG9 F6SER6
D3ZCS4 F6VRC2
P63074 F6U0H9
Q5U349 F6W711
Q64232 F6QHW7
E9PTU9 F6V249
D3ZD72 F6TIH5
G3V7K9 F6SL61
D3ZCS5 F6XW20
D4A321 F7AFD6
B5DF91 F6VTW3
F1M8E5 F6QZ21
E9PU02 F6YPT0
D4A857 F7E3W0
B2GV58 F6Q912
Q4V7D8 F7C687
D3ZI07 F6ZNU4
A0A0G2JVC1 F7CYJ4
Q5PPI1 F6QLY4
Q9Z2S9 F6YXJ9
D4ACN8 F7D2X9
D3ZCS4 F6XL24
A0A0G2JX16 F6QE94
G3V943 F7D1R8
D4A8L3 F7D2X9
F1LNZ2 F7A0C8
Q5RK09 F6QLY4
P29066 F6YZJ4
D4A2B8 F7D9S0
F1M7W7 F6YKY8
B2RZ70 F6ZFB4
A0A0G2KB72 F7DH14
Q6AXT9 F6V531
B2RZ74 F7CZH3
