F6SEB6 Q5U349
F7AS83 P30835
F6ZDT6 P97831
F6XV77 M0R8Z5
F7DYB4 Q4FZT0
F7A4K0 A0A0G2K435
F7AS83 Q5FWT1
F6X4H0 Q6DGF2
F6UWX4 B2RYN1
F7A445 Q4KM87
F6XUE5 B2RYQ2
F7BMY5 O08658
F6TYL7 P18418
F6T8R5 D3ZRJ0
F6SCK3 D3Z9I2
F6WJS9 D4AEC0
F6YJV0 P18418
F6SCK3 P30936
F7DH20 D3ZUY8
Q2V905 G3V913
F6XT77 Q5XIC6
F7AQB8 A0A0A0MY07
F6QR51 Q498D8
F7DIL5 Q9ESZ0
F7B821 P04785
B2L109 Q4FZT0
F6X5Q8 Q9ER34
F7CE06 Q6DGF2
F7DMY1 Q4V8B4
F7CRB4 M0RBS9
F7CY85 Q9Z269
F7DIL5 Q6PCT9
F7CXT7 Q68FX0
F6V704 D4A0Y2
F6Y2M6 Q5U2R8
F6Z8G6 A0A0A0MY07
F6X1H9 A0A0G2K9F0
F6XQL3 M0RC57
F7AU83 D3ZB71
F6T5N4 A0A0G2K3H2
F7D2X9 D4A8L3
F7DXU3 O08658
F6RLA7 A0A0G2KAL2
F6T5N4 Q6AXQ0
F7CKI0 A0A0G2KAW5
F6QBH0 A0A0G2K5E4
F7CKI0 D4A0E8
F7CIM1 G3V9A3
F7E030 A0A0G2K0W9
F7DMY1 A0A0G2JSU7
F6X8D2 D3Z822
F6UQC4 P16086
F6XEA3 D3ZDP9
F7DPA6 P62138
F6U8L2 F1LPF2
F6XXS9 D4A0E8
F7CRB4 D3Z9Y3
F6ZTR4 A0A0G2KAW5
F7E030 A0A0G2K5E4
F7CL86 A0A0G2JU49
F6V881 Q3KR94
F6YM88 P04961
F7D9J2 G3V826
F6UGE6 D3ZAW2
F7A2K4 D3ZD80
F6ZND0 D3ZZS8
F6YHD4 D3ZLC6
F6SX98 Q5FWT1
F7B821 Q5FWT1
F6VVQ5 Q63046
F6WJS9 E9PTF0
F6QQB3 M0R8I8
F7DMV6 A0A0G2K435
F6U3Q2 Q6AYA5
F6ZMZ5 A0A0G2JU15
F6V7I9 Q6IM78
F6R950 B2RZB7
F6ZVU0 O08658
F7A2J7 A0A0G2K5U0
F7B8X2 B5DFE8
F6X982 Q9JMJ4
F7BMY5 D4A1W5
F7A2K4 Q9ESZ0
F6SX98 A0A0G2K0W9
F6Z4V6 A0A140TAG9
F7CXT7 P68136
F6Z8G6 B0BN68
F6XJ51 B2RYN1
F6XCS2 H9KVE3
F6UGE6 Q5XIN7
F6X7E1 D3ZFY2
F6X0W1 A0A0G2K5V8
F6UYW3 Q07014
F6R8R0 Q9ESZ0
F6U3Q2 D3ZMN4
F6ZI51 Q68FX0
F6W365 A0A0H2UHT5
F6XIY9 D4A554
F7BEP7 D4A0E8
F6VSR3 O08658
F7AQB8 Q6AXQ0
F7BEP7 A0A0G2KAW5
F6UGI4 A0A0G2KAW5
F7CRB4 D3ZYT8
F6WMJ1 M0RCL1
F6R5I3 Q5PQL7
F6SLZ9 D4ADC4
F6RC81 D3ZSN7
F7DPA6 Q6PCT9
F7CE06 G3V8M1
F6T962 A0A0G2K2R5
F6S1M3 P35289
F6XPL9 P62138
F7B4L1 D3ZLC6
F7AQB8 A0A0G2K435
F6UYW3 G3V7A4
F6PLL3 Q6DGF2
F6W8C3 Q3KR94
F6QMT3 Q63046
F6QBH0 A0A0G2K0W9
F6SEB6 B2RYN1
F7DDN9 A0A0H2UHJ6
F6Y987 Q5XIL3
F6XEA3 F1LPF2
F6XA38 Q5QD51
F7DMV6 Q0D2L2
F7CRB4 A0A140TAI1
F6V7I9 A0A0G2JSG8
F6ZZT8 A0A0G2QC17
F6XKQ4 A0A0G2K9F0
F6RMA4 A0A0G2KAW5
F6ZMZ5 A0A0G2K3H2
F7DMY1 M0RBX7
F6SR05 D3ZYT8
F6VJ81 F1LM55
F6ZQX6 Q5M9G3
F6T1S2 F1LQZ4
F7C0S3 M0R8I8
F6XPL9 D3ZD80
F6XKQ4 M0RBX7
F6YVG5 D4A5F5
F6ZZI8 Q63610
F6RMA4 Q63610
F6XPL9 F1MA31
F6TPY8 D3ZUY8
F7BJA4 M0R6J0
F7BZ41 D3ZDP9
F6X7E1 B2RZ84
F6TYL7 O35814
F7CRB4 F1LNV4
F6YPK5 D3ZUY8
B2L109 B5DF71
F7BZ41 F1LPF2
F6SCK3 A0A0G2JSG8
F6ZVU0 Q6DGF2
F7CL38 Q4KM87
F6X1H9 M0RBX7
F7CDN7 G3V8C0
F6V7I9 P97831
F7DXU3 D4A1W5
F6ZBW3 P09495
F7DMV6 A0A0A0MY07
F7E4G6 Q6IMY8
F6WGT1 A0JPJ7
F7ACV1 D4A8G7
F7D368 M0R8R8
F6SGX1 G3V8M1
F7A4K0 A0A0H2UHT5
F6VGS7 D3Z863
F6Z8G6 A0A0G2K3H2
F6T1S2 Q5QD51
F6XA38 F1LQZ4
F6Z8G6 Q6AXQ0
F7BJA4 A0A0H2UHT5
H9GZW9 D3ZDP9
F6QM47 D4A0E8
F6VNC0 Q5U2Y1
F6Z4V6 P04785
F6ZU20 D4A1T7
F6ZQX6 Q5FWT1
F7CZ92 Q07014
F6PUL2 D4A1T1
F6W365 A0A0G2K435
F6SR05 M0RBS9
F6R950 P85108
F6PV98 P83888
F6X7E1 D3ZMR2
F6SGX1 D4A1W5
F7A4K0 Q4KM87
F6PV98 D3ZUY8
F6W365 A0A0G2K3H2
F7C1C0 D4AEC0
F6ZMZ5 Q4KM87
F6RZR6 D3Z863
F7ACV1 D3ZB71
F6X5Q8 F1M6T6
F6XPL9 A0JPJ7
F6UYW3 Q68FX0
F6T5N4 A0A0G2JU15
F7DPA6 D3ZD80
F6S5X4 D4A0E8
F6XKQ4 D4AEC0
F6XIY9 F7F189
F6XCS2 E9PTR3
F6Z8G6 A0A0G2K435
F7DIL5 D3ZD80
F6ZQX6 Q9QVC8
F6Z4V6 Q9QVC8
F6ZVU0 G3V8M1
F6U4I9 D4ADC4
F6T5N4 M0R6J0
F7DW15 Q9ESZ0
F7E3Y7 G3V913
F7A9E9 D3ZBL5
F6ZDT6 A0A0G2JSG8
F7CL02 D3ZSN7
F7DP19 Q4FZT0
F7DMY1 D4AEC0
F7AQB8 Q4KM87
F7BEP7 Q63610
F7A445 A0A0H2UHT5
F6YYG4 P17325
F6XFZ0 G3V6L8
F7C1C0 Q4V8B4
F6Z4V6 A0A0G2K0W9
F6ZTR4 Q63610
F7A445 A0A0G2K3H2
F6T962 B2RZ84
F6VSR3 Q56A27
F6T5N4 Q4KM87
F6XA38 D3ZQW1
F7DP19 P18418
F7D9J2 Q9Z269
F6W5K2 D4A6J4
F6X1H9 Q06486
F6VSR3 D4A1W5
F6ZBQ5 D3ZRJ0
F6R5G1 A0A0G2JSI8
F7E030 Q9QVC8
F7DIL5 P62138
F6UYW3 P68136
H9GZW9 Q4KLL9
F6QM47 Q63610
F7D9R2 D3ZRJ0
F6VVQ5 D4AC38
F7BUT3 Q7TSB7
F6ZVU0 Q56A27
F6X5Q8 M0RBS9
F7AD88 D4A0Y2
F6WYN1 D3ZUY8
F7AQB8 M0R6J0
F6XJ51 D4AEK7
F6RZR6 B2RYT6
F6XHL7 Q80Z34
F6Z8G6 Q0D2L2
F6XY88 M0RDF7
F6S9I9 A0A0H2UHV5
F6PSL5 D3ZB71
F7CRB4 F1LMD9
F6RLA7 A0A1W2Q6L7
F7DH20 P83888
F6XXS9 Q63610
H9GZV4 B1H282
Q2V905 P04961
F6ZND0 Q9WV48
F6TDJ5 F7FL53
F6SR05 A0A096MKF8
F7BPE3 B1H282
F7BQ20 P04961
F7C1C0 A0A0G2K9F0
F6TRA1 D3ZQ41
F7CFZ8 A0A0G2JSJ5
F7DG19 Q6DGF2
F7CRB4 G3V7P3
F6RC81 Q6X9T8
F7E3Y7 F1M9D6
F7A445 Q0D2L2
F7B7L7 F1LM09
F6T1S2 D3ZQW1
F6YJG4 A0JPN4
F7BJA4 B0BN68
F6XQL3 D4AEC0
F7AS83 G3V8V1
F7DPA6 F1MA31
F6ZZ24 A0A0G2JUU2
F6XFZ0 A0A0G2JVH5
F7A4K0 B0BN68
F6RQX2 B1H282
F6TB29 B1WC68
F7AAP3 G3V7T9
F6RZR6 D3ZMR2
F6W5K2 P20171
F7BPE3 D3ZY39
F6ZDT6 Q6IM78
F6Y3C8 F1M9B2
F6PLL3 D4A1W5
F6R8R0 A0JPJ7
F7BJA4 A0A0G2JU15
F6SWI3 B5DF04
F6SZ43 B2RYN1
F6TNI8 D4A9U9
F7A2V7 D3ZNU1
F7DXU3 Q56A27
F7CRB4 A0A096MKF8
F6X5Q8 A0A096MKF8
F6SGX1 O08658
F6ZL78 Q5QD51
F6R950 G3V913
F6R8R0 P62138
F6XTW3 P18418
F6X3K0 Q5U328
F7A445 B0BN68
F7DW15 P62138
F6VNC0 F1LM09
F7CXT7 Q07014
F7CL38 M0R6J0
F7AQB8 A0A0G2JU15
F6SR05 F1M6T6
F6SX98 P04785
F7CRB4 F1M6T6
F7DD35 D4A8U7
F6PLL3 G3V8M1
F6TYL7 Q4FZT0
F6QIV1 A0A140TAG9
F6T5N4 A0A0A0MY07
F7AQB8 A0A0H2UHT5
F7B821 A0A140TAG9
F6SX98 A0A140TAG9
F6PZY6 A0A0G2K9T1
F6UWX4 D4AEK7
F7AQB8 B0BN68
F6X5Q8 D3ZYT8
F6WMJ1 F1LNT0
F6SGX1 Q5U214
F7A883 D3ZUA2
F6Z8G6 M0R6J0
F7BJR6 G3V826
F6ZDT6 P30936
F6Z4V6 Q5FWT1
F7B7L7 Q5U2Y1
F6U8L2 D3ZDP9
F6SCK3 Q9JLG9
F7CZ04 P83888
F7CKR6 P18418
F6WJS9 Q4V8B4
F6X7E1 B2RYT6
F6RZR6 D3ZFY2
F7A445 A0A0A0MY07
F6Z1I4 P35739
F6W365 M0R6J0
F6Q3U8 P62994
F6QH40 Q63429
F6PLL3 Q56A27
F6Z8G6 A0A0H2UHT5
F7BCF7 M0RDJ3
F7A4K0 A0A0G2K3H2
F7CG77 Q5U2Y1
F7CKI0 Q63610
F7CXT7 A0A0H2UI20
F6ZVU0 Q5U214
F7DG19 Q5U214
F6WA05 O08623
F6T962 D3ZMR2
F6TBN7 Q9QVC8
F6SR05 A0A0G2JSS9
F7BMY5 Q56A27
F7CRB4 A0A0G2JSS9
F7A2K4 P62138
F6S5X4 Q63610
F7D5X8 M0R8R8
F7A445 M0R6J0
F7AK40 A0A0G2JSP3
F6XCS2 Q6MGC8
F6ZL78 D3Z822
F6VZD2 Q5PQL7
F6X5V1 D4ACL8
F6TB29 P97831
F6X5Q8 A0A140TAI1
F6X5Q8 A0A0G2JSS9
F6VTW3 B5DF91
F6U3Q2 Q5PQL7
F6XFZ0 D4ADT3
F6ZBH0 P04961
F6X1H9 A0A0G2JSU7
F6XY88 O88275
F6X982 D3ZJ92
F7CE06 O08658
F7BJA4 A0A0G2K435
F6S1M3 Q6AXY8
F7DMV6 Q4KM87
F6XA04 P62260
F6SX98 A0A0G2K5E4
F7B497 P83888
F6ZDT6 Q9JLG9
F6UXD9 A0A0G2KA75
F6R8R0 F1MA31
F6VVQ5 M0R8I8
F6SCK3 O88600
F7CE06 Q5U214
F6QIV1 Q9QVC8
F7BQ20 G3V913
F6XHL7 M0R613
F7BJ30 D3ZUY8
F7B821 Q5M9G3
F6XKQ4 E9PTF0
F7DG19 D4A1W5
F6ZVU0 D4A1W5
F6PUL2 G3V7T9
F6R5I3 Q6AYA5
F6ZI51 Q07014
F6QBH0 P04785
F6VXS2 D3ZAW2
F6V7I9 D3Z9I2
F6SR05 F1LNV4
F7AQB8 A0A0G2K3H2
F7BCF7 D3ZH41
F7CL38 Q0D2L2
F6XY88 M0RBX7
F6YJV0 B5DF71
F6X5Q8 F1LMD9
F6X1H9 D4AEC0
F6YZJ4 F1LRV4
F6QE07 D4ACX5
F6X3K0 D3ZTN0
F6TRI4 D4A6J4
F6PI03 A0A0G2JWR1
F7DXU3 Q5U214
F6X1H9 Q5I0C9
F6R950 P04961
F7A5R3 D4A0E8
F7C0S3 Q63046
F6VGS7 B2RYT6
F6U301 D4A554
F7BJA4 Q0D2L2
F7A4K0 Q0D2L2
H9GZW9 F1LPF2
F6R2M0 D3ZAW2
F6QBH0 Q5FWT1
F7AU83 D4A8G7
F6VJ81 P43138
F6SCK3 Q6IM78
F7B439 Q5FVN0
F6XQL3 E9PTF0
F7DE98 F1LNT0
F7DIL5 F1MA31
F7D2I6 Q63610
F6RLA7 A0A0G2KA10
F7DN83 D4AEK7
F6ZDT6 B1WC68
F6XIL8 P83888
F7C1C0 M0RBX7
F6SGX1 Q56A27
F6QMT3 M0R8I8
F6U301 F7F189
F7B4L1 Q6AXY8
F7CY85 G3V826
F6W365 A0A0A0MY07
F6XA38 D3Z822
F6SLZ9 D3ZAY8
F6XCS2 B2GUX4
F6XXS9 A0A0G2KAW5
F6YXJ9 Q498D8
F7DG19 O08658
F6VV49 P83888
F7BV85 F1LM09
F6WGR2 D3ZME7
F6SX98 Q9QVC8
F6W365 B0BN68
F6Z8G6 A0A0G2JU15
F6X8D2 D3ZQW1
F7B4L1 P35289
F6TRI4 P20171
F6PLL3 Q5U214
F7CKR6 O35814
F6T5N4 A0A0G2K435
F7CL38 A0A0G2K435
F6R5E6 D3Z837
F7E030 Q5FWT1
F6Z0A9 Q6RUV5
F6XY88 Q5M9F1
F7A4K0 Q6AXQ0
F7AQZ6 Q07014
F6PSL5 D4A8G7
F6T5N4 A0A0H2UHT5
F6X4H0 Q56A27
F7DYB4 P18418
F7B4L1 Q4KM34
F6W365 A0A0G2JU15
F6T8R5 A0A0H2UH92
F6URD5 B5DF45
F6XEA3 Q4KLL9
F7AD88 D4A5F5
F7DMV6 A0A0G2K3H2
F6VRC2 Q64620
F7CE06 D4A1W5
F6TBN7 A0A140TAG9
F7DMV6 Q6AXQ0
F6UJY8 B1H282
F7A445 A0A0G2K435
F6US96 Q6P751
F6Z8G6 Q4KM87
F7DN83 B2RYN1
F6UHM0 B2RZ55
F7DW15 A0JPJ7
F6Z4V6 Q5M9G3
F6W365 Q0D2L2
F6UHM0 B2GUZ0
F6ZND0 D3ZMR2
F7E030 P04785
F7E030 Q5M9G3
F6X1H9 Q4V8B4
F6YHD4 P35289
F6PV98 F1LM55
F6QIV1 A0A0G2K0W9
F6ZB53 F1LM55
F7BZ41 Q4KLL9
F6XEB4 P62994
F6Q1B4 Q6AXY8
F6WGT1 P62138
F6U7S7 B2RYN1
F7A445 Q6AXQ0
F6RGR8 Q5U328
F7DLU0 M0R8R8
F7DN83 Q5U349
F7DE98 M0RCL1
F7AV85 D3ZUY8
F6TRE4 Q80Z34
F7A4K0 A0A0A0MY07
F6ZBW3 F1LR10
F6U9W6 P20417
F6ZZI8 D4A0E8
F6RZR6 Q9WV48
F6ZZI8 A0A0G2KAW5
F6R8R0 D3ZD80
F6VJ81 Q6P0K8
F6V7I9 P30936
F6WJS9 M0RC57
F7A5R3 Q63610
F6S1M3 D3ZLC6
F6U7S7 D4AEK7
F6ZQX6 P04785
F6WGT1 Q9ESZ0
F6TBN7 A0A0G2K0W9
F7AAP3 D4A1T1
F7BMY5 Q5U214
F7DMY1 A0A0G2K9F0
F6UJY8 D3ZY39
F6X5Q8 G3V7P3
F6R950 E9PT51
F6Q1B4 D3ZLC6
F6S8L9 Q80U96
F6QIV1 Q5M9G3
F6VGS7 Q9WV48
F7B821 Q9QVC8
F7DLU0 A0A0G2JU49
F6WGT1 F1MA31
F7B8X2 Q5U2R8
F6XR42 B5DF02
F7AMB2 D3ZAW2
F6VV49 D3ZUY8
F7DPU4 A0JPN0
F6X8D2 Q5QD51
F6WYN1 P83888
F6QIV1 Q5FWT1
F6XJ51 Q5U349
F6ZFZ4 Q63528
F6Z328 P43138
F7CXT7 G3V7A4
F7DMV6 B0BN68
F6WJS9 M0RBX7
F6QM47 A0A0G2KAW5
F6YJV0 Q4FZT0
F6UV62 B5DFE8
F6TB29 P30936
F7DXU3 G3V8M1
F7A5R3 A0A0G2KAW5
F6YZI7 G3V9P7
F6YII2 D3ZUY8
F6V7I9 Q9JLG9
F6ZMZ5 A0A0G2K435
F6S7D4 F1MA52
F7BQH8 G3V9P7
F6QIV1 A0A0G2K5E4
F7CEJ2 M0RB44
F6RVP2 F1LNT0
F7DMV6 A0A0G2JU15
Q2V905 F1M9D6
F6XPL9 Q9ESZ0
F7E4G6 Q7TP47
H9GZV4 D3ZY39
F7BV85 Q5U2Y1
F6RRI6 A0A140TAD2
F6RZR6 D3ZZS8
F6R950 Q3B7U9
F7BVJ7 Q5XIC6
F6UGI4 D4A0E8
F7AQZ6 G3V7A4
F6ZB53 P43138
F6X8D2 F1LQZ4
F7CL02 Q6X9T8
F6R5I3 D3ZMN4
F7B497 D3ZUY8
F6ZMZ5 A0A0A0MY07
F6X4H0 Q5U214
F6TBN7 A0A0G2K5E4
F6TRE4 M0R613
F6ZI51 G3V7A4
F7AQZ6 Q68FX0
F7CL38 B0BN68
F6UGI4 Q63610
F6SR05 F1LMD9
F7AQZ6 P68136
F7A2K4 A0JPJ7
F7CUM5 Q9R010
F7CL38 A0A0A0MY07
F6R8R0 Q6PCT9
F7E3Y7 P04961
F6TPY8 P83888
F6RMA4 D4A0E8
F6WGT1 Q6PCT9
F7CRB4 Q9ER34
F6XIL8 D3ZUY8
F6ZL78 F1LQZ4
F7CE01 P16086
H9GZN5 A0A0G2K9T1
F7BMY5 Q6DGF2
F6TB29 D3Z9I2
F7CZ92 G3V7A4
F6T962 Q9WV48
F6ZMZ5 Q6AXQ0
F7AS83 G3V852
H9GZN5 G3V6P6
F6X4H0 O08658
F6YVG5 D4A0Y2
F7DW15 F1MA31
F7DG19 G3V8M1
F6RVP2 M0RCL1
F6XHL7 Q498R1
F7A4K0 M0R6J0
F6YAJ2 P62994
F7CUM5 Q8K4H4
F6VSR3 Q5U214
F6TL72 P10361
F7DCX4 M0R8R8
F6RQX2 D3ZY39
F7DMV6 M0R6J0
F7BEV6 C0JPT7
F6Y3C8 A0A0G2K0K7
F6TB29 A0A0G2JSG8
F6Z4V6 A0A0G2K5E4
F6XL78 P08592
F6ZI51 A0A0H2UI20
F7A4K0 A0A0G2JU15
F6ZMZ5 B0BN68
F6YM88 F1M9D6
F6ZU20 Q5I0J2
F6VZD2 Q6AYA5
F6SR05 G3V7P3
F6Y2M6 Q6IM78
F6X5Q8 G3V9K0
F7BJA4 A0A0A0MY07
F7DP19 O35814
F7DW15 Q6PCT9
F6QKY4 Q9R010
F7B821 A0A0G2K5E4
F6X5Q8 F1LNV4
F6YHD4 Q4KM34
F6UV62 Q6IM78
F6UV62 Q5U2R8
F6XY88 D4AEC0
F7CKR6 Q4FZT0
F6TDJ5 D4A9V0
F6SX98 Q5M9G3
F6PNM7 Q6AZ64
F6QQB3 D4AC38
F6T8H1 Q2EJA0
F7DMV6 A0A0H2UHT5
F7CEQ6 F1LNG5
F6X5Q8 D3Z9Y3
F6YII2 P83888
F7BJA4 Q4KM87
F6R950 Q4QQV0
F7DMY1 E9PTF0
F7DFR6 G3V6K6
F6W365 Q6AXQ0
F6QMT3 D4AC38
F6X7E1 D3Z863
F6QBH0 A0A140TAG9
F6YM88 G3V913
F7CL38 Q6AXQ0
F6R950 P70501
F6ZBH0 F1M9D6
F6PV98 P43138
F7CL38 A0A0G2K3H2
F6ZBQ5 A0A0H2UH92
F6XQL3 M0RBX7
F6ZRP5 P16086
F6XTW3 Q4FZT0
F7DP19 B5DF71
F6VSR3 Q6DGF2
F6V7I9 O88600
F7B8X2 Q6IM78
F7BQ20 F1M9D6
F6ZDT6 D3Z9I2
F7A2K4 F1MA31
F7BMY5 G3V8M1
F6TBN7 P04785
F6ZTR4 D4A0E8
F6X1H9 E9PTF0
F7D398 B2RYN1
F7AS83 O88989
F6U8L2 Q4KLL9
F6SCK3 B1WC68
F6SR05 D3Z9Y3
F6YMD1 D4A6J4
F6ZMZ5 M0R6J0
F6WGT1 D3ZD80
F6XKQ4 A0A0G2JSU7
F6V704 D4A5F5
F6SCK3 P97831
F6Y3C8 F1LSE5
F6TRE4 Q498R1
F7D2X9 D4ACN8
F7D398 D4AEK7
F6RGR8 D3ZTN0
F7A445 A0A0G2JU15
F7E030 A0A140TAG9
F7CZ92 A0A0H2UI20
F6SQ43 G3V8S5
F6QIV1 P04785
F6ZQX6 A0A140TAG9
F6QKY4 Q8K4H4
F7D398 Q5U349
F7DG19 Q56A27
F7AQZ6 A0A0H2UI20
F7B821 A0A0G2K0W9
F6T8H1 P60522
F6QQB3 Q63046
F6Q1B4 Q4KM34
F6QBH0 Q9QVC8
F6ZMZ5 Q0D2L2
F6X1H9 F1LMP9
F6TBN7 Q5FWT1
F6SGX1 Q6DGF2
F6ZZT8 A0A0G2JYV3
F7DXU3 Q6DGF2
F6VZD2 D3ZMN4
F7DPA6 A0JPJ7
F6PZY6 G3V6P6
F6TB29 Q9JLG9
F6RK75 A0JPN4
Q95LJ1 F1M9B2
F6T962 D3ZFY2
F7CL38 A0A0G2JU15
F6YPK5 P83888
F7DIL5 A0JPJ7
F6UYW3 A0A0H2UI20
F6S1M3 Q4KM34
F7DW15 D3ZD80
F6S5X4 A0A0G2KAW5
F7CL38 A0A0H2UHT5
F6W365 Q4KM87
F6Y2M6 B5DFE8
F6ZL78 D3ZQW1
F6R950 F1M9D6
F6ZBH0 G3V913
F7C0S3 D4AC38
F7D2I6 A0A0G2KAW5
F7CE06 Q56A27
F7BJR6 Q9Z269
F7D2I6 D4A0E8
F6QBH0 Q5M9G3
F7DPA6 Q9ESZ0
F7AQB8 Q0D2L2
F7CZ92 P68136
F6T5N4 B0BN68
F6YMD1 P20171
F6X4H0 G3V8M1
F6TS03 Q5FVN0
F7CZ92 Q68FX0
F6Q1B4 P35289
F6X4H0 D4A1W5
F6PLL3 O08658
F7CL86 M0R8R8
F7CZ04 D3ZUY8
F6ZQX6 A0A0G2K5E4
F6XKQ4 Q4V8B4
F6T5N4 Q0D2L2
F7D9R2 A0A0H2UH92
F6XQL3 Q4V8B4
F7AV85 P83888
F6SR05 Q9ER34
F6ZDT6 O88600
F6YHD4 Q6AXY8
F6V1T9 Q6P0K8
F6TBN7 Q5M9G3
F6ZQX6 A0A0G2K0W9
F6XPL9 Q6PCT9
F6X7E1 Q9WV48
F7A2K4 Q6PCT9
F6SR05 A0A140TAI1
F6TYM3 F7FL53
F6ZI51 P68136
F6ZMZ5 A0A0H2UHT5
F7E1X2 O35814
F6TZQ5 P68035
Q9GKX7 P62994
F7BJA4 A0A0G2K3H2
F6Z328 F1LM55
F6WE15 D3ZQ41
F6UWX4 Q5U349
F7BJA4 Q6AXQ0
F6YBZ4 M0RB44
F7DYB4 O35814
F7CG77 F1LM09
F6XCS2 A0A140TAH3
F6UQ47 A0A0G2K0D4
F6V7I9 B1WC68
F7CRB4 G3V9K0
F7C1C0 E9PTF0
F6T1S2 D3Z822
F6SR05 G3V9K0
F6VSR3 G3V8M1
