G1U9B2 F6S5Z0
G1T1S9 F6WUE0
U3KPJ5 F6TE29
G1TE66 F6WBA2
G1SPP0 F6YXJ9
G1SUF3 F6R6E3
G1U290 F6UM11
G1TVU3 F6YYG4
G1SX32 F6WFQ1
G1TAA3 F6PUK4
G1T6Y8 F6SEX4
G1TAP3 F6TQR2
G1TZM2 F7E0S8
G1SW67 F6YNT2
G1TIX5 F6XR42
G1T1T5 F7C7T4
G1T082 F7D7T6
G1TAV7 F6SWV0
G1SGZ9 F6W4Z3
G1U9R2 F6UCC4
G1U9B4 F6QL56
G1T0H1 F6Y6S9
G1SN07 F6TBK5
U3KNI6 F6SE95
G1T7X7 F6UKX5
G1TUL9 F7BCR2
G1T4H1 F7DQJ9
G1T165 F7CH72
G1SXD0 F6VTS1
G1TYE2 F7CCF5
G1SS19 F6T0I0
G1T579 F6WUM6
G1SMS1 F6PVB5
G1TUJ5 F7CLD2
G1SL26 F6V099
G1T876 F6VMT4
G1TN62 F6YZX2
G1SVH8 F6Y9U1
G1T2W5 F6PUD8
G1SE83 F7ATQ2
G1TUM1 F6QCI6
G1TAE4 F6TPH9
G1SIW6 F6ZGD8
G1T1S7 F6STH6
G1T165 F6WTK3
G1TMZ9 F6XKY6
G1TCA0 F7AGK2
G1SDC7 F7DBY8
G1SSF7 F6R2I7
G1TBY0 F7DGS2
G1TTM2 F6U3Q2
G1T7G6 F6SRZ6
G1TKP8 F6ZDH8
G1TF11 F7B9A4
G1TTZ2 F6SGP7
P13943 F6WTM6
G1SM49 F6XYX6
G1SK64 F6USJ9
G1SI38 F6SKB7
G1STC9 F6UJY8
U3KP59 F6UFK4
G1SYY7 F6XAV1
G1T3Y6 F7AYL6
U3KP46 F7AES8
G1U6X2 Q2V905
G1SYX3 F6T0E1
G1TME0 F6UMX0
G1T1R4 F6WPN5
G1SNL7 F7ATH0
U3KP67 F6RE78
G1T0P6 F6UJY8
G1TN11 F6XCU4
G1T4I7 F6XFJ1
G1SY15 F7DMZ7
G1SZG3 F6SEX4
G1U198 F6T8H1
G1U469 F6S535
G1SUW9 F7E2V0
G1T1T1 F7C7N2
G1T440 F6YG22
G1TGR9 F6TL62
G1SPS9 F6WEM4
G1T4R0 F6PKQ6
G1TD98 F6WXA6
G1U0E3 F6RAH7
G1T866 F6ZWY6
G1TRX7 F6R5I3
G1TU73 F6QIR9
G1TBJ3 F7CPL3
G1TQ35 F6VB17
G1TRI5 F6SX98
U3KNP5 F6SFP3
G1TAE2 F6VTW3
G1TJB2 F6PQP4
G1TN19 F6UW24
G1TCH3 F7DPQ7
G1T6M1 F6Q3Y7
G1SCY4 F6X3S7
G1U215 F7AGE2
G1SSW4 F6VDI5
G1SR94 F6XL68
G1SXZ0 F6QGL5
G1SFB6 F7DKM8
G1SSY8 F6W8C3
G1T7Y1 F6WF09
G1U466 F6ZSB4
G1TMW5 F7CUH0
G1SS22 F6PNM7
G1SEC7 F6RM37
G1SIJ3 F6YZR5
G1ST72 F6XB91
G1TTT2 F6UFK4
A5A4K9 F6TLF1
G1TTV8 F6R5G1
G1STC9 F6YLA3
G1TCW1 Q2V905
G1T6Y8 F7BD42
G1SVI9 F6QXT2
G1TEW4 F7A2V7
G1SPK9 F6ZXQ8
U3KMX0 F7CLK8
G1SUQ9 F6TZX8
G1T579 F7B297
G1TTZ2 F6Y3T7
G1TT75 F6YZZ3
G1SE64 F6U1P4
G1SH41 F6YSI5
G1T1X4 F6ULH7
G1TBT4 F7CCY6
G1TLF3 F6SGP7
G1TQT7 F6UJY8
G1SCZ0 F7BEV6
G1SEB9 F7CEH9
G1SFB6 F6TEU9
G1TK65 F6SSS0
G1SK32 F6XIL8
G1TJM6 F6Z579
G1TF42 F6VG24
G1TQT7 F6ZAV3
U3KPJ1 F6UG02
G1U3D6 F6S8X7
G1U391 F6QMT3
G1TET3 F7DEC9
G1T6B3 F6RIW1
G1U6T0 F7DZ01
G1SX32 F6WIS6
G1T6B3 F6YYN8
G1TET2 F6WA57
G1SKY3 F7CNU5
G1TBF1 F6R1Z0
U3KMD1 F6QD46
G1T5Z6 F6WKC0
G1TR82 F7BLU1
G1SQV4 F6YRA8
U3KMP2 F6ZM05
G1SEF9 F7AQ43
G1U187 F7DTN7
G1TRI5 F7CW82
G1TRI5 F7D7T6
G1SYI5 F7AJ14
G1SDW8 F6PTV7
G1SFB6 F6RM37
G1U7F5 F7B4P7
G1STG2 F6VAF4
G1SZT9 F6Z1I4
G1SY93 F6Z0A9
G1TWK7 F7BWG5
G1TC74 F7ABF8
G1U300 F6VSB5
G1T276 F6RNY1
G1SHM5 F7D044
G1TQE5 F6UPU6
G1TBD3 F6TDG5
G1T3Y0 F6ZEW5
G1SLL5 F6SZX2
G1TRF4 F7DKM8
G1U7F5 F6SA77
G1T045 F6U4Y1
G1TPG5 F6RWL0
G1TCC7 F6RNU1
G1SYP2 F6YIZ5
G1TH06 F6PPE5
G1SSV3 F7CMD3
G1SQK0 F6TQ92
G1SV55 F6UY42
G1TJ36 F6QFH2
G1SFH3 F6RW42
G1T082 F6SX98
G1SH01 F7AQM7
G1SX32 F6X610
G1SEN5 F7BQL5
G1T4L6 F7DAK8
G1TC95 F7D4M5
G1T0F6 F6QPW3
G1TJ26 F6ZZA7
G1T186 F7DE63
G1T5F0 F7E3E6
G1TTN9 F6PPE5
A0A0A0MQP7 F7D7T6
G1SFY9 F6RGR8
G1SZL7 F6YPZ6
G1U290 F7CCM9
G1T7T9 F6WJ65
G1T4R0 F6T775
G1SY90 F7B5W5
G1TNE6 F6UE43
G1T421 F6VUA4
B7NZD2 F6T1Z3
G1SMK8 F6SJM8
G1SQG5 F7AS83
G1U631 F6QM22
G1TWK7 F7DAK8
G1SLQ0 F6ZPA5
P79218 F6UAP9
G1TCM0 F6Q2Q4
G1SE07 F6VM91
G1T4N6 F7DYY2
G1U110 F7A4N1
G1TCP9 F6WHD4
G1T6M9 F6XIW6
G1U275 F6WQB7
G1TD25 F6SUW6
G1SLD7 F6QPW3
G1STM8 F6WFB5
G1SE21 F7BD89
G1SEV9 F6WTK3
G1TS42 F6TE92
G1SFW6 F6WSH0
G1U6Y4 F7CGI6
G1SK30 F6SC92
G1TI55 F7CY80
G1SEW1 F7DIL5
G1U1B4 F6U806
G1SJW2 F7DZT2
G1SY16 H9GZN5
G1U3B9 F7B6J9
G1TIW9 F6YW73
G1T4N4 F6XXS9
G1SEC7 F6SZX2
G1SMY6 F6S8L9
G1U9S1 F6SP74
G1TEP5 F6YZI7
G1T7H0 F7E4G6
G1TCI3 F6PVE6
G1TSN6 F6V3T0
G1SZR6 F7AK40
G1T764 F6RXV0
G1SW57 F6XEP5
G1T225 F6XB71
G1SYY1 F7D2A3
G1THI1 F6QTJ6
G1STG2 F7D9F8
G1TCV3 F7CRU0
G1TGB4 F6R5P5
G1T5I9 F6V9A2
G1SXH5 F6UAP9
G1T8N1 F7BBI4
G1TMZ6 F6ZAT6
G1TQD3 F6ZSV4
G1SL68 F7D4R9
G1SLH7 F6VRC2
G1SM45 F6QWB9
G1T3U3 F6TC63
G1T0X9 F7A5X7
G1STG2 F6R0E4
G1T856 F7E2A5
G1SJL2 F6QP87
G1SNQ6 F6Q337
G1SZA8 F6UHC7
G1SYZ9 F7DYE6
G1U101 F6YEM4
B7NZD2 F6V1T9
G1TT75 F6ZXA2
G1U020 F6VHP0
Q3Y5G8 F7CP74
G1SPK9 F7BD42
G1TDE7 F6W2L2
G1TNB4 F7BPU9
G1SL62 F6ZI51
G1SYG0 F6YUM4
G1SPJ5 F6R2I7
G1SYT2 F6PIA4
G1TT06 F7DKR3
G1SZ83 F6WUM6
G1T2T1 F6VA95
U3KP59 F6QWP4
G1TIP3 H9H002
B7NZD2 F6YYN8
G1SRA5 F6T7P5
U3KNV0 F6RNG4
G1TC83 F7A1J9
G1SVQ9 F6T775
G1T7C2 F6YK38
G1TU12 H9GZM9
G1TT55 F7DAA4
G1TEY7 F6UXD9
G1TDG0 F7B7T8
G1SE50 F7AQZ6
G1T230 F6S9Z1
G1SXK9 F6R6E3
G1TED9 F7CCY6
G1T8P3 F6QFH2
G1SK22 F6PZX1
G1TCV7 F7BHT1
G1T9C8 F7DWY7
G1SEF9 F6S535
G1SU08 F7D0Q4
G1SZ72 F6QPW3
G1U7F0 F6RDF7
G1T1N6 F6S6Y3
U3KN10 F6U832
G1SWH9 F6S0P5
G1T8Y4 F7A6R9
G1SHU9 F6QIH3
G1T1D9 F7AU83
G1SWC1 F7DG69
G1TP25 F7D9F8
G1SPJ5 F6YQU0
G1U6X6 F6UAN2
G1U3M5 F6WZY9
G1TLB8 F6S642
G1SUK6 F7DKR0
G1SVQ9 F6SK46
G1TAR0 F6WMX3
G1TIP3 F6XB71
G1SV92 F7B9Q2
G1ST56 F6YPK5
G1TXQ9 F6VC20
G1T2J6 F6Z6J3
G1T0D8 F6QE61
G1SMT8 F6PNX0
G1SZM2 F6XL78
G1SUK9 F6QY08
G1TPN2 F7BQ20
G1TRF4 F7DAK8
G1TET8 F7DBN1
G1U119 F6ZWH8
G1SV33 F6TTJ8
G1TRI5 F7BFW6
G1TZC7 F7CQ26
G1T0H1 F6QFH2
G1SZI0 F7A9C6
G1TX63 F7A5X7
G1T6D1 F7DK60
G1SSL4 F6VAF4
G1TLS9 F6Z8X4
Q0R4E4 F7AWM3
G1T4L6 F6Z8J2
G1T0P5 F6XW83
G1SLC6 F6SW18
G1T9D9 F6XIY9
G1U194 F6XIL8
G1T184 F7DGM3
G1SSF7 F6YM88
G1T5Y0 F6UHR5
G1SVQ9 F6VTZ7
G1SN87 F7CEQ6
G1SDE9 F6Q9W9
G1T657 F6R8G3
G1SQY8 F6RFS1
G1U2Y0 F6TME6
G1SJT2 F6S1S0
G1U8C1 F7A4E1
G1T7C0 F6WD43
G1T566 F6SE67
G1TD22 F6ZGY3
G1SWW8 F7AYW3
U3KNR1 F7B7L7
G1SKZ3 F6R950
G1SV63 F6RHL6
G1SI62 F7CKR6
U3KNV0 F7CPL3
G1TZY7 F6QNK6
G1TRF4 F6TEU9
G1SEV9 F6VS33
G1T277 F6YXJ9
G1T4L6 F6SZX2
G1T8H7 F6QR51
G1SF63 F7CVB8
G1TDN3 F7BUX8
G1T1X7 F6YLA3
G1T0H3 F6Z6Y4
G1TJ26 F7CS30
G1SZ83 F7B297
G1SSU8 F6WT83
G1TDN3 F7DK60
G1SK15 F6UDA8
G1STZ5 F7D0F2
G1U3I5 F6S8M6
G1SWZ2 F6SB53
G1T0X6 F6PKQ6
G1SEC7 F6Z8J2
A0A0A0MQP7 F7CW82
G1SYY7 F6UZ99
G1TLU5 F6SYG5
U3KNH2 F6URD5
G1T1R6 F7AYL6
G1SXJ0 F6WBB0
G1SML4 F6QL56
G1U944 F7BI34
G1SMK8 F6ZQX6
G1T9K9 F6UYJ8
G1U6L9 F7AGL5
G1SUS6 F6QPV3
G1SZD8 F7A883
G1SFS5 F6WPK8
G1T9E5 F7CNX6
G1SZL7 F6QZX8
G1T9U5 F6XIW6
G1TEB8 F6YI82
G1TQ35 F6UFM6
G1T7H6 F7BI34
G1SI18 F6QG45
G1SWF7 F6V5R0
G1TCW3 F7CAF4
U3KMB3 F6RXX0
G1TZB9 F7ANU2
G1SIX9 F6Y987
G1T421 F7BVQ8
G1TGZ4 F6Q800
G1TD81 F7AIX3
G1SLH7 F6X610
G1TI48 F6URY0
G1SMQ5 F6PUM0
G1TT75 F6Y5X4
U3KN52 F6PP86
G1T0W1 F7CJF1
G1SZA8 F6U2A1
G1SGM5 F7BR74
G1SRW4 F6U9M4
G1TC79 F6S7J5
G1SI26 F7C2U3
G1TBK2 F7BZW5
G1SCL1 F6Y603
G1SZA8 F6QHL9
G1SP64 F6UPF3
G1TZJ5 F6R166
G1TJ36 F6YQZ0
G1SSL4 F6UQU2
G1SR03 F7BWW6
G1STC9 F6QJW2
G1SVI7 F6RNG4
G1SH29 F6QG75
G1T2I0 F6V704
G1TSN6 F6YYW6
G1SL09 F7CUY6
G1SMK8 F6VK74
G1TVT0 F6X3K0
G1SIY1 F6Z5Q1
G1TN11 F7D355
G1T4A5 F7A3F7
G1TIP3 F6X610
G1SMA7 F6VPT2
G1U2U9 F6QTT9
G1SMY1 F6QFH2
G1SI13 F6U5M0
G1T0X6 F6WTK3
G1T9C8 F6SZX2
G1SLM0 F6ULH7
G1SNZ2 F6TE92
G1THQ9 F6XXG1
G1SCL1 F6UM11
G1SSU8 F6TMB5
G1SXM2 F7CRU0
G1T8G7 F6ZPG5
G1SRY1 F6TJZ6
G1SVF4 F7B1T3
G1T035 F7CQM8
G1SPJ5 F7CZ92
G1U634 F7B8E7
G1SZR0 F7CM64
G1TVH9 F6RKT2
G1SFB6 F6Z8J2
G1SGZ4 F6WIG4
Q6ECK6 F7C0K8
G1T1Q2 F6TZ87
G1SL62 F7CZ92
G1U391 F7D6A5
G1U419 F7BXZ1
G1U469 F7AQ43
G1SXH5 F6QLW9
G1TW08 F6QKV7
G1SCE8 F7DPU4
G1SMP7 F6VEN0
G1TUC5 F6YFI8
G1SND5 F6ZQK7
G1TKA8 F6SVJ0
G1TNG2 F6YW90
G1T1L1 F6SL61
G1SQL1 F7AZI4
G1SZL0 F6VNY4
G1SXC8 F6S7D4
G1SV10 F7CMY7
G1SSL5 F6S2X2
G1T548 F6Q0M8
G1SRP7 F6TE92
G1SIL1 F6XYB5
G1SWM5 F7A7Y4
G1T7L2 F7AXK9
G1TI40 F7DK60
G1U8J6 F6VPT2
G1SJI1 F6S466
G1TJY6 F6RR80
G1U9C8 A0A0B4J1C5
G1T9F3 F6WLY6
G1SE56 F6UYJ8
G1SNC8 F7BK96
G1SDJ7 F6XXS9
G1T5Z7 F7C0M6
G1SR65 F7BZ88
G1SSF7 F6ZI51
G1T303 F6WCJ0
G1SIC9 F7A2J7
G1SE21 F6XVV6
G1SD45 F7A1K7
G1TFL8 F6ZPE1
P04924 P29553
G1SPJ5 F7CIM1
G1TF91 F6XA04
G1T1B1 F7BD82
G1SV33 F6ZK80
A0A0A0MQP7 F6S5X4
G1SWN0 F6XCU4
G1TG54 F6U9M4
G1SKW5 F7AS83
G1T9C8 F7BGU6
G1SE57 F6S0P5
G1SE74 F7B8B3
G1SQG4 F7ATP4
G1T4H5 F6R0Z7
G1SCN8 F6TK05
G1SSU8 F6R4M8
G1SVG4 F6XF13
G1TC61 F6Y6S9
G1TWK7 F7DWY7
P47845 F7A860
U3KM50 F6SQE6
G1T8P3 F6YQZ0
G1T3Y0 F7AET6
G1T937 F6QNC5
G1U469 F6VSC4
G1SRW4 F6SMZ4
G1T727 F6XL14
U3KM97 F7DXH9
G1T8P3 F6YBQ6
G1U469 F6WA57
G1TD98 F6UJY8
G1T664 F6TG96
G1TW21 F6SGP7
G1T221 F6V852
G1SZ81 F7D9K7
G1SZB4 F6UFG2
G1TET3 F7BZW5
B7NZD2 F6ZLQ3
G1TNS9 F6VAM9
G1TEJ2 F7DZT2
G1SUG3 F7D2X9
G1TGD9 F6XAQ3
G1TAI8 F7DDB3
P41035 F6XTW3
G1T9Q0 F6WD43
G1SVS6 F6Y9U1
G1TEN7 F6YDA3
G1SVW7 F6ZLR7
G1U8V0 F7B4J6
G1SLH7 F6WIS6
G1SK48 F7BBI4
G1SWA1 F6XFN5
G1U3W2 F6ZS37
G1TZB9 F7AEV0
G1TXA7 F6SVV7
G1SI03 F6VIJ3
G1TP72 F6Q253
G1T0U6 F6Z579
G1SX32 H9H002
G1T895 F6XAE8
G1SHL4 F7DAQ8
G1SLH7 H9H002
G1TRI5 F6SLQ7
G1SDC9 F6SCF7
G1T6B3 Q2V905
G1T607 F7A7G2
G1SK32 H9GZM9
G1TRL8 F7CNE1
G1SJA5 F6PR27
G1SDH7 F7CCD3
G1THQ9 F6PPZ2
G1T8Y4 F6WPW0
G1SRC5 F7D5J1
G1T7B5 F6YPK5
G1TDN3 F7CE06
G1T617 F6R5B2
G1U7F5 F6ZQV4
G1TD66 F6WLC5
G1SE21 F7A7G2
G1TE71 F6XJE0
G1SYN1 F6UP71
G1T6W8 F6WRZ8
G1U4R9 F6US96
G1T7J5 F6YW17
G1T852 F6WHV9
B7NZM9 Q9BDF6
G1TZQ9 F6YBH2
A0A0A0MQP7 F6SX98
G1T579 F6U4D9
G1TWH8 F7AS48
G1SLH7 F6WFQ1
G1T9M9 F7AUW2
G1U391 F7D8X8
G1SFB6 F6XRF8
G1SZ41 F6V984
G1SL22 F6QNK6
G1TDU6 F6U1P4
G1SJB6 F6QSA6
G1SMK8 F6V3K2
G1TBM7 F6RQM5
G1T2J6 F6VSC4
G1TT75 F6Z4E8
G1TGC0 F6SK46
G1U2U9 F7E3W0
G1TB52 F7AMG5
G1SWA1 F6X3S7
G1SSF7 F7DR40
G1SWN6 F7DF72
G1SLL5 F6Z8J2
G1SZG3 F6ZXQ8
G1T870 F7BWU8
G1T361 F6U6K1
G1SDP7 F7D8U2
G1SYX2 F7CDD7
G1SLM0 F6TQ92
G1T4L6 F6RM37
G1SMV4 F6WSM9
G1SZR1 F6V522
G1T6B3 F7AS83
G1SZ83 F6U4D9
G1U391 F7AEV0
G1SHS4 F6SGJ7
G1T8N6 F7B439
G1SSZ8 F7BBI4
B7NZD2 F6QJC7
G1TJQ3 F6VDT3
G1SMJ8 F6RN24
G1T1X7 F6ZAV3
G1TEJ2 F6PHF7
G1SRW4 F7E1I4
G1TB31 F7DF45
G1SZ36 F6Z810
G1TVT0 F6RGR8
G1T290 F6UFK4
G1TIF2 F7AYV0
G1U0A2 F7BI34
G1SIT9 F7DZV9
G1TRI5 F6S5X4
G1SSZ6 F7BLW8
G1SEV9 F7CH72
G1TRF4 F7BWG5
G1U1S7 A0A0B4J1C4
G1T6U3 F6S3X5
G1T0G8 F6RC90
G1T4K4 F6XD72
G1TVF7 F6Y6N2
G1SML6 F6UQ47
G1T7G3 F6TS03
G1SW61 F6QY78
G1SUD3 F7E2W7
G1SYS2 F6Q188
G1SL22 F6Q2Q4
G1SEF9 F6VSC4
G1T607 F6VQF0
G1SDG8 F6UBL0
G1SCY4 F6XFN5
U3KP45 F6RHE9
G1SX32 F6VRC2
G1T7C0 F6TR20
G1TED9 F6U9M4
G1U0I7 F6UYJ8
G1SPK9 F6SEX4
G1SL61 F7BUA5
G1TD98 F6YLA3
G1TP25 F6S0P5
G1SIG2 F7BME5
G1U7F5 F6ZE24
G1T0P5 F6PUQ2
G1U9B4 F6X756
G1SD44 F7DLU0
G1SZD6 F6SP02
G1SLV2 F6PZC1
G1T874 F6RRN3
G1SI67 F6ZZ24
G1TAP7 F6SUD1
G1SG22 F7B944
G1T336 F6SN62
G1SQF8 F6YJP4
U3KN52 F7BAQ3
G1T602 F6UHS4
G1SH00 F7BQ20
G1SZG3 F7BD42
G1SMG3 F6ZYH8
G1TNF4 F6UFR0
G1TA58 F6Q3Y7
G1T8P3 F6WJB5
G1TG54 F7E1I4
P68105 F7C4C2
G1STC9 F6WXA6
G1SML4 F6Z4E8
G1TEE8 F6X4N6
G1TNH0 F7DM52
G1SKU6 F6V9P2
G1SJ47 F6QKV7
G1SSF7 F7CIM1
G1TSU1 F6VMG7
G1SQM7 F6QR51
G1TQM2 F6TRX8
G1TCM0 F6WCE5
G1T082 F6S5X4
G1TUA3 H9GZZ3
G1T421 F6S2X2
P41035 F7DE88
G1T9C2 F6UJY8
G1TWK7 F6RM37
G1SSI5 F6RT91
G1SQ55 F6W8H2
G1SF70 F7AK88
G1T6G0 F7BDX2
G1SZA8 F6R0E4
G1T734 F6XL14
G1T4L6 F6XRF8
G1SHN4 F6RWQ1
G1SMQ9 F7DSH8
G1TIP3 F6Q912
G1T9C8 F6RM37
G1SVM5 F7DF40
G1TW21 F6Y3T7
G1TV09 F6W196
U3KMK1 F6UVI3
G1TLF3 F6SBB1
G1SCQ4 F6Q8K7
G1SUF3 F7E191
G1SRN9 F7AM44
G1SVG9 F6V3G6
G1SSL4 F6R8G3
G1SZA8 F6VZT9
G1TRF4 F7DWY7
G1SRC5 F6WM19
G1SGM5 F7CAX0
G1SXH7 F6QH40
G1THZ1 F6QR51
G1TWK7 F6SZX2
G1TAB1 F6SRY0
G1SL10 F6WPB4
G1U730 F6YZ64
G1TWK7 F7BGU6
G1TFX1 F6ZQ40
G1SP35 F6VVQ5
G1U9R6 F7CS60
G1T7Z6 F7B6P6
G1TZJ5 F6QSA6
G1STB0 F7BYR2
G1SQZ3 F7ADQ7
G1TI07 F6SKU5
G1SSF7 F7CZ92
G1T2J6 F6WA57
G1TQI7 F7CPL3
G1T2T9 F6Z904
G1TA93 F6PSJ9
G1TCM0 F6QNK6
G1T5J3 F7DC92
G1T9A1 F6XN76
G1SKW5 F6YYN8
G1SE50 F6U9I3
G1T742 F7DE63
G1T850 F7DNE5
G1TD93 F6T8X0
G1SQC1 F6WIF5
G1TR82 F6RKM7
G1TCP5 F6UYK9
G1TI48 F6ZM70
G1SM30 F6T858
G1SHV3 F6W1M4
G1SN13 F7CJC6
G1TUQ4 F7D7A5
G1TKC1 F6Y6F3
G1TUF8 F6QWS4
G1TA73 F6T9G2
G1SSL4 F7D9F8
G1TA41 F6ZDZ9
G1SLT0 F7CYP7
G1T1X7 F6UJY8
G1TMQ4 F6XLU6
G1T5V9 F6Y8T1
G1T0G3 F6TQL8
A0A0A0MQQ6 F6VU34
G1TGC0 F6T775
G1U5C1 F7AKD0
G1STX3 F6ZBW3
G1T9Z2 F7AHJ1
G1TNZ4 F6Z352
G1SLL8 F7A4J2
G1U2E5 F6XIL8
G1T607 F7C0S3
G1ST20 F7BQG1
G1TCZ8 F7A0N8
G1ST56 F6S0D9
G1T5X9 F7BTP9
G1T8M2 F7DRB9
G1SKM1 F6SQ43
G1T4J4 F7CY85
U3KP46 F6Q666
G1SXQ6 F7C3Z3
G1T250 F7C1M0
G1T4F9 F6SYI2
G1TED9 F7E1I4
G1SY00 F7BQH8
G1T3Y8 F6ZUJ2
G1TPA9 F7ACY5
G1SWI9 F7BHP6
G1U6T0 F6QE61
G1TRW0 F6XK12
G1TVH9 F7E3W0
G1TI40 F7CE06
G1SKW5 F6RIW1
G1SFS5 F6RXV0
G1U8J3 F7E3B2
G1SV05 F6YZJ4
G1SDL0 F6ZSN8
G1T4L6 F7BGU6
G1TWI8 F7AJ44
G1TAU7 F6XMK4
G1T288 F7D4V9
G1SDV9 F6QF43
G1TT28 F7AAN5
G1SCL1 F7CCM9
G1SUJ9 F6R8P9
G1TCC3 F6UNM1
G1SIC8 F6W815
G1TIY7 F6Y3I3
G1T6B3 F6V1T9
G1SV90 F6RRI6
G1SZU7 F6YJT5
U3KN03 F6ZBH0
G1U782 F6YZL0
G1T589 F6ZLD4
G1SQ93 F7BU40
G1U7J6 F6YKN9
G1SSI3 F6YPZ6
G1SHA4 F6RAF9
G1TBP7 F7B2P6
G1T5Y1 F6PMR8
U3KN85 F6V7C1
G1U0D5 F7BG35
G1TS89 F7A8D2
G1TEY1 F6QAN6
A5A4K9 F6QF00
G1TWK7 F6XRF8
G1TEF4 F6V9L3
G1TI40 F7BUX8
G1T9U5 F6SQS6
G1TLN0 F7CBI3
G1U415 F6V881
G1TXY7 F7AIJ7
G1SEN5 F6XB71
G1TQW1 F6ZRE9
G1TEU8 F7C2V0
G1T4X2 F6ZQD3
G1STI3 F6VD51
G1T8P3 F7BMY5
G1TMD8 F6RXJ7
G1TTZ2 F6SBB1
G1SJ49 F7CQM3
G1SWN0 F7D355
G1SEC7 F6XRF8
G1TN55 F6Z3I2
G1SJJ7 F6RL35
G1T8R2 F6YI14
G1TZ08 F6SGP7
G1T6W0 F7CYY7
G1SL48 F7AUF5
G1U8J6 F6Z5G2
G1STW6 F7CK81
G1SN81 F6XYY6
G1TCV7 F6ZWH8
G1U9B4 F6Z4E8
G1SXF3 F6PIK9
G1SG16 F6VTM5
G1STC9 F6S2X2
G1SEC7 F7BGU6
G1SSU8 F6VR43
G1TAH7 F7D9J2
G1TB13 F6V984
G1SGY7 F6Q0S8
G1SFZ8 F7BRQ1
G1T925 F6UMS3
G1SVI7 F7CPL3
G1SRE8 F7BV85
U3KMC5 A0A1L1R2Y5
G1T2L6 F7C1P1
G1SWU8 F6XIW6
G1SRK1 F6ZNP6
G1TBZ1 F7CYJ4
G1SGV5 F6R0H9
G1T7H6 F6QFQ3
G1SV99 F6XY88
G1U110 F7C446
G1SZI3 F6X4N6
G1T566 F6Z2D8
G1T9C8 F7DKM8
P79218 F6QLW9
G1SMY1 F6YQZ0
G1U944 F6WFP6
G1SGQ5 F7C450
G1TU12 F6XIL8
G1T3U3 F6SCX8
G1SDG8 F6VAI2
G1SEC7 F6TEU9
G1TVY8 F6Q4I9
G1T6D1 F7BUX8
G1U784 F6VVK8
G1U0I7 F6TE92
G1SMY1 F6WJB5
G1TVY5 F6S0D9
G1SR83 F6TQ51
G1SJW3 F6XFZ0
G1T5B7 F6R3T6
G1T6B3 F6T1Z3
G1TN11 F6S1R4
B7NZD2 F7C432
G1TR97 F6U301
G1SDG8 F6SIH2
G1SQ43 F6UCG9
G1SYM2 F7AZ73
G1U652 F6YW45
G1SS92 F6XAL3
G1TDH0 F6RXS0
G1T996 F6YZ94
G1TBT4 F6U9M4
G1TET2 F6Z6J3
G1T9U5 F6XI59
G1SJJ7 B7X6D7
G1T9C8 F6TEU9
G1T0T7 F6Y3C8
G1T7C0 F6YUX4
G1SKW5 F6V1T9
G1TIZ7 F6UYD5
G1SEC7 F7DKM8
G1SXK9 F7E191
G1SP33 F6QPW3
G1SSG2 F7A7E6
G1SXJ0 F7A1K7
G1T281 F7BIK2
G1TAA5 F6RMW1
G1U7P9 F6X0H9
G1SJT1 F6YPX9
G1TWK7 F6TEU9
G1TP83 F6RJN1
G1SWU8 F7DVA2
G1SWX6 F7BN81
G1SX29 F7AUV5
G1T4N5 F6Z3T6
G1T3B9 F6WGC9
G1SSL4 F6R0E4
G1SFB6 F7BGU6
G1T4R0 F6VTZ7
G1SFB6 F6SZX2
G1SKU6 F6YX50
G1SJW2 F6PHF7
G1TEY1 F6WHL3
G1T0X6 F6VS33
G1T6L3 F6PWB8
G1U631 F7DPD1
G1TBB8 F7DAS1
G1SMA7 F6TJZ6
G1T6D1 F6ZWW8
G1TJI4 F7CAI5
G1SEH9 F6WTY0
P13943 F6XMB2
G1T9H0 F7AS83
G1TXN2 F6TYM3
G1TUF8 F6SXK8
G1SE74 F6VAI2
G1SKW5 Q2V905
G1SM05 F7D3B4
G1SJJ8 F7A9E9
G1TEE8 F6YXG2
G1SVM7 F7BL31
G1T2V7 F6SRE2
G1TBT4 F6SMZ4
G1SRY1 F6VPT2
G1SPJ5 F6ZI51
G1U6I7 F6TDH5
G1TXP6 Q95LJ1
G1T130 F6TBX0
G1T490 F6S891
G1TWE3 F7C446
G1STG2 F6VZT9
G1TCX1 F7BHX5
G1SF46 F7BQS3
G1SQ27 Q29482
G1SEV9 F6PKQ6
G1SL10 F7E4A3
G1TBJ3 F6RNG4
G1T925 F6Y0C1
G1SKC4 F6VZX7
G1TBA4 F6ZBR3
G1SCT0 F6VUR4
G1TQT7 F6YLA3
G1SFY5 F7CL86
G1TYL1 F6RT09
G1SE21 F7D3B4
G1SKW5 F6T1Z3
G1TRZ2 F6SH38
G1SEF9 F6Z6J3
G1TD98 F6ZAV3
G1SX39 F7C510
G1TU94 F6R8M7
G1SX32 F6XL24
G1TWX8 F7AMG5
G1SK88 F7AYN8
G1SK67 F7DUN1
G1SDY5 F6XEB4
G1TGC0 F6VTZ7
G1SEU9 F6ZMH3
G1TTM4 F6X1N1
G1TWI8 F6U6I2
G1TBT4 F7E1I4
G1T9T5 F6WPB4
G1SZD6 F7BCF7
U3KM41 F6X5K4
G1T2Q2 F6RSH5
G1SI62 F6TV92
G1U3T9 F6SBE1
G1TAF8 F7E1X2
G1T082 F7BFW6
G1SH07 F7C0J4
G1SKW5 F6ZLQ3
G1SSZ7 H9GZM8
G1SEV3 F6Q6U0
G1TG54 F6SMZ4
G1TAA5 F7ABS8
G1SVT3 F6QIH9
G1T165 F6VS33
G1SRL3 F7CJF1
G1SD02 F6XX61
G1SF00 F6ZBW3
G1TYN2 F7DMI6
G1TCW1 F6YQU0
G1T9P0 F6T9C1
G1T2P2 F6YPK5
G1T6F4 F6XV77
G1SV10 F6TB03
G1SFX5 F7DQE7
G1T5Z7 F6U210
G1TJ92 F7A1L9
G1TIP3 F6XL24
G1T737 F6YAJ2
G1T6E8 F6ZA94
G1SE26 F6REN5
G1SE26 F7C695
G1T634 F6TE92
G1SZA8 F6XCC6
G1U2U5 F7CV51
G1SZE4 F7DFR6
U3KM50 F6Q6U0
U3KM00 F7BAA7
G1SWW8 F7BLZ7
G1SQW6 F6QE38
G1SL62 F6YQU0
G1T1V0 F7AV69
G1T2S4 F7DK19
G1SWX5 F6PJ06
G1TRT3 F7A5L6
G1T4L6 F6TEU9
G1SLL5 F6RM37
G1TXI4 F6PWE9
G1SM05 F7BD89
G1SS73 F6WNZ3
G1TCN6 F7DTW5
G1TQ55 F6T8J7
G1T7B5 F6YNT2
G1TRZ8 F6QPD5
G1SIZ9 F6XSW1
G1T6Q2 F6ZQQ4
G1T9D0 F6RTR6
G1TZ08 F6Y3T7
G1T2Q4 F7B0R5
G1T440 F7B6J9
G1TIU4 F6ZIW8
G1TQI7 F6RNG4
G1SGM2 F7D2I6
G1U051 F7BRV2
G1T856 F6WYR4
G1TCA1 F7DK71
G1TED9 F6SMZ4
G1SMM6 F6VYL8
G1SZI3 F6YXG2
G1T0H1 F6YQZ0
G1T3Y8 F6W3M5
G1T4R0 F6SK46
G1SML4 F6X756
G1SLQ8 F6SL12
G1T290 F6QWP4
G1SRY1 F6Z5G2
G1T4L6 F7DKM8
G1SS73 F6QQ77
G1SYZ6 F7C586
G1T082 F7CW82
G1TY37 F7BC54
G1SL62 F6R2I7
G1SZY2 F7DC48
G1T5V5 F7E373
G1SL68 F6X485
G1TE71 F6UYD5
G1SP27 F7AK88
G1TA77 F6TLF1
G1TWM4 F6Z2D8
G1SUN2 F6XKN4
G1SJK0 F6Y0U3
A0A0A0MQP7 F7BFW6
G1SXS3 F7ACV1
G1T5M0 F7C9Y5
G1SEG0 F6UIB4
G1SLL5 F6XRF8
G1STC9 F6ZAV3
G1SSI3 F6QZX8
G1SWH9 F7D9F8
G1TZ08 F6SBB1
G1SE15 F6PKP3
G1T657 F6UQU2
G1T9C8 F7BWG5
G1SLL5 F7BGU6
G1TRQ7 F7CEM4
G1TVM9 F6WR88
G1TDK5 F6VF95
G1SLC3 F6ZAN5
G1SCZ4 F6XIL8
G1THP0 F6Q1W3
G1SK65 F7APX2
G1TCL2 F7BG55
G1T617 F6RQ49
G1SQT6 F6PJ06
G1TAH3 F6RH07
G1SWX6 F6ZXQ8
G1SF87 F6QWU1
G1TW37 F6WL41
G1TZY7 F6Q2Q4
G1U6D8 F7BWC3
G1SV05 F7BMY5
G1SH10 F6RRU3
G1U469 F6Z6J3
G1TEZ1 F6TE92
G1STG2 F6U2A1
G1T3P3 F6WPR9
G1U2E5 H9GZM9
G1SHY0 F6Z8T7
G1SGM6 F6S7Z8
G1TWK7 F7DKM8
G1SG44 F6TE92
G1TEZ1 F6UYJ8
G1SL10 F6STN9
G1T3J4 H9GZW5
G1U0E9 F6QW91
G1THW9 F7DTE9
G1T2F2 F6ZBW3
G1U031 F6R810
G1SFK3 F6YZH1
G1TLF3 F6Y3T7
G1SRW1 F6U1B7
G1U763 F6Z9Q9
G1SM05 F6XVV6
G1TW21 F6SBB1
G1U290 F6Y603
G1ST56 F6RKT2
G1SUX1 F7C788
G1SMA7 F6Z5G2
G1SEN5 F6QHL9
G1TYZ3 F7CNQ9
G1TGU9 F6TWA5
G1SVQ8 F6WQ69
G1SI07 F7C3V5
G1TTB8 F6RPR5
G1T9C8 F7DAK8
G1SSM2 F7AKZ2
G1SHM5 F7CJM0
G1SRW4 F7CCY6
G1U5C4 F7ATG1
G1SQ45 F6QPW3
G1STG2 F6S0P5
