F6YL70 F6XMS1
F7C9J0 F6Z640
F7DJN1 F6YKF7
F6VQF0 F6VQF0
F6XIY9 F6Q5I6
F6ZPC6 F6X8C3
F7CU51 F6ZDB7
F6TMY5 F6TMY5
F6ZDB7 F7CU51
F6Z640 F7DWT9
F6YII8 F6YII8
F6VZX7 F6VZX7
F6ZIS4 F6YKF7
F7B7A1 F7B7A1
F7ASB8 F6Q1F8
F6XNR9 F7E4N4
F7BWC9 F6XCS2
F6QUF7 F6XXW5
F6TEQ6 F6XIY9
F6PHQ1 F6ZIS4
F6URN2 F6RTR6
F7BN81 F7BD42
F6YPK5 F6YPK5
F7DWT9 F7DWT9
F7A6Y6 F7A6Y6
F7D2X3 F7D2X3
F6Q5I6 F6Q5I6
F6ZCT4 F6YKF7
F6Q7G1 F6ZHS6
F6XD62 F6RTR6
F6SIR5 F6SIR5
F6VMW1 F6T562
F6TJZ6 F6XMS1
F6UMD8 F6ZHS6
F7DHF1 F7DHF1
F6V740 F6XFJ1
F6Y6S9 F6R0H9
F6T562 F6VMW1
F7CKK3 F6SA77
F7BHK6 F6RGR8
F6S7Z8 F6SWI3
F7A2M6 F7A2M6
F7D2X3 F7D765
F6ZCG4 F6SA77
F6ZHS6 F6ZCT4
F6UQB8 F6UQB8
F7B4L1 F7B4L1
F6ZIS4 F6UWR2
F7DYW9 F7DYW9
F7CRZ2 F7CRZ2
F7DHK6 F6Z4Z8
F6T562 F6VK89
F6TEQ6 F7CKK3
F6PHQ1 F7CID9
F7DHK6 F6VMW1
F6ZLL5 F6ZLL5
F6Q7G1 F6UQB8
F6W4S0 F6W4S0
F6S0E7 F6SS95
F6UMD8 F7CID9
F7DJN1 F6UWR2
F7AWG1 F7AHE6
F6Z1I4 F6Z1I4
F7BUA5 F7BUA5
F7B7A1 F7AHE6
F6QZB7 F6QZB7
F6VK89 F7DHK6
F7DHK6 F6VK89
F7DWT9 F7BWC9
F6U255 F6U255
F6UCM7 F6URN2
F7C247 F7C247
F6XXW5 F6QUF7
F6WKN7 F6XMS1
F6UQB8 F6ZHR4
F6TZX8 F6TZX8
F6ZH40 F6ZH40
F6X2R5 F6T835
F6XD62 F6XD62
F6UY53 F6SQI1
F6TLT3 F6TLT3
F6R0H9 F6R0H9
F7DJN1 F6ZHS6
F6YL70 F6WKN7
F6RWQ1 F6RWQ1
F7AMG5 F7AMG5
F6SQI1 F6SQI1
F6UMD8 F6TDX5
F6ZIS4 F6UQB8
F6TQR2 F6TZX8
F6QZD7 F7A3C7
F6QBM1 F6YA77
F6Z640 F7BWC9
F6ZHY6 F7BD42
F6Q5I6 F7CKK3
F6UQB8 F6Q7G1
F7CID9 F6YKF7
F6UWR2 F6ZIS4
F6ZHS6 F6Q7G1
F6Q7G1 F6UWR2
F6URN2 F6UCM7
F6ZDB7 F6VWZ3
F7B7A1 F7AWG1
F6XNR9 F6XNR9
F6X0H9 F6X0H9
F6Z4Z8 F6Z4Z8
F6TDX5 F6Q7G1
F6VK89 F6VMW1
F6Q1F8 F6QUF7
F6PW29 F7DJN1
F7ASB8 F7ASB8
F7C9J0 F7DWT9
F6TZX8 F6TQR2
F6SQI1 F6RL66
F7AA16 F7AA16
F6TJZ6 F7A081
F6YL70 F6YL70
F6ZTR4 F6X8C3
F6UMD8 F6UWR2
F7DJN1 F7CID9
F6SS95 F6S0E7
F6TDX5 F6PW29
F7AW80 F7AW80
F6YAJ2 F6YAJ2
F6ZLR7 F6ZLR7
F6SA77 F6WKN7
F7BWC9 F7C9J0
F6XIY9 F6ZCG4
F6Q5I6 F6ZCG4
F7CKK3 F6TJZ6
F7AHJ9 F7AHJ9
F6XCS2 F7BWC9
F6XD62 F6UCM7
F6S7Q1 F7A3W3
F6QUF7 F6Q1F8
F6XNR9 F6WY50
F7CID9 F6Q7G1
F7A3W3 F7A3W3
F7DDB3 F7DDB3
F6YL70 F6SA77
F6ZHY6 F6ZHY6
F6V740 F7ASB8
F7A081 F6TJZ6
F7B4P7 F6TJZ6
F6T659 F6SWI3
F7CSQ5 F7CSQ5
F6YTZ0 F6WFP6
F6XMS1 F6TEQ6
F6Y5A4 F6SS95
F6S0E7 F6V445
F7BXZ1 F7BXZ1
F6PKV9 F6ZLR7
F6WKN7 F7CKK3
F6ZBR3 F6ZBR3
F7CKK3 F6WKN7
F6UWR2 F6Q7G1
F7CII9 F7CII9
F6Q7G1 F7DJN1
F7CS17 F6Q4L3
F6PHQ1 F6TDX5
F6ZCG4 F7CKK3
F6PXM9 F6PXM9
F6ZCG4 F6WKN7
F6S0D9 F6S0D9
F6WKN7 F6TJZ6
F6U721 F6U721
F7DFR6 F7DFR6
F6XD62 F6URN2
F6UY53 F6UY53
F6VR43 F7DWT9
F6SWI3 F6T659
F6UCM7 F6UCM7
F6YA77 F6Y5A4
F7BMW1 F7BMS0
F6T562 F7D2X3
F7E4G6 F7E4G6
F6Q1F8 F6XXW5
F6Q7G1 F6UMD8
F6ZHR4 F6TDX5
F6VMW1 F7DP46
F6YL70 F6Q5I6
F6UMD8 F7DJN1
F6T562 F6Z4Z8
P29553 P29553
F7D6J7 F7D6J7
F6S7Q1 F6S7Q1
F6ZTR4 F6RGR8
F6SWI3 F6S7Z8
F7DQW6 F7DQW6
F7A081 F7A081
F7B4P7 F7A081
F6TEQ6 F6ZCG4
F6ZCG4 F6TEQ6
F6PW29 F7CID9
F6U0D1 F6U0D1
F6ZHS6 F7DJN1
F7D765 F7D765
F6ZHR4 F6Q7G1
F6SA77 F7A081
F6QZD7 F6QZD7
F6PNL4 F7B157
F6RGR8 F6X8C3
F6V740 F6V740
F6XMS1 F7A081
F6TP32 F6TP32
F6SS28 F6SS28
F7BHK6 F7BHK6
F6XIY9 F7CKK3
F7B7A1 F6PNL4
F6WBA2 F6VZX7
F6ZCG4 F6XIY9
F6S0E7 F6YA77
F6XMS1 F6YL70
F7A081 F6ZCG4
F7B4P7 F6ZCG4
F7CKK3 F6XIY9
F6R0Z1 F7E4N4
F7CJM0 F7CJM0
F7CHS5 F7CHS5
F6VR43 F7C9J0
F6YKF7 F6Q7G1
F6WY43 F6WY43
F6R430 F6R430
F6SA77 F6SA77
F6XIY9 F6YL70
F6ZCT4 F6ZCT4
F6XMS1 F6SA77
F6SQI1 F6UY53
F6WF09 F6WF09
F6SS95 F6SS95
F6SA77 F6XMS1
F6UH91 F6UH91
F6SS95 F6Q7I1
F6T1S2 F6T1S2
F7DP46 F7DP46
F6PKV9 F6PKV9
F7CID9 F7CID9
F6V1V0 F6V1V0
F6ZHR4 F6ZIS4
F7BN81 F6ZHY6
F6ZDB7 F6T2P2
F6UQB8 F7DJN1
F6XA04 F6XA04
F7A081 F6XMS1
F7B4P7 F6XMS1
F7DWT9 F7C9J0
F6UJT7 F7DWC8
F7D0K8 F6V1V0
F6QZD7 F6SQI1
F6TJZ6 F6ZCG4
F7CKK3 F7A081
F7DWT9 F6VR43
F6T835 F6X2R5
F6ZHS6 F6UWR2
F6V1V0 F7D0K8
F7AUW2 F7AUW2
F6XXW5 F6V740
F6ZCG4 F7A081
F6UWR2 F6PHQ1
F7DR40 F7DR40
F6RL66 F6UY53
F6ZPC6 F7BHK6
F6VK89 F7DP46
F7A3C7 F6SQI1
F6Q7I1 F6YA77
F6TEQ6 F6XMS1
F7CRU8 F7CRU8
F7BIX7 F7BIX7
F6RY70 F6RY70
F6UQB8 F6PW29
F6TR80 F6TR80
F6X8C3 F6ZPC6
F6VMW1 F7DHK6
F7CZ11 F7CZ11
F6WGR2 F6WGR2
F6ZHS6 F6TDX5
F6RTR6 F6RTR6
F6X700 F6X700
F6YL70 F6XIY9
F6PHQ1 F6PW29
F6ZXR5 F6ZXR5
F7A3C7 F6UY53
F6ZHR4 F6ZHR4
F6UWR2 F6UWR2
F6UWR2 F7DJN1
F6Y5B4 F6Y5B4
F6TDX5 F6PHQ1
F6ZHS6 F6UQB8
F6XCS2 F6XCS2
F6UGE6 F6UGE6
F6Q7G1 F6YKF7
F6RL66 F6SQI1
F7CID9 F6UWR2
F7DWV7 F7DWV7
F6UQB8 F6PHQ1
F6S0E7 F6Q7I1
F6Z4Z8 F7DP46
F6PHQ1 F7DJN1
F6UMD8 F6UMD8
F7BHY0 F7C247
F7CL72 F7CL72
F6YA77 F6SS95
F7C2W7 F7C2W7
F6Q5I6 F6XMS1
F6ZHS6 F6PW29
F6XIY9 F6XIY9
F6YL70 F7B4P7
F6SA01 F6SA01
F6XXW5 F6XFJ1
F6TJZ6 F6TEQ6
F7CID9 F6ZHR4
F7B157 F7B157
F6T1S2 F6VLN6
F7CSQ5 F6TQR2
F6Q4L3 F7CS17
F7BWC9 F6VR43
F6YPX9 F6YPX9
F7AWG1 F7B7A1
F6XIY9 F7B4P7
F6PW29 F6ZHS6
F6T562 F7DP46
F6R0H9 F6Y6S9
F6ZHS6 F6ZIS4
F6Q1F8 F7ASB8
F6XIY9 F6WKN7
F6TIV6 F6TIV6
F7BU65 F7BU65
F6YKF7 F6TDX5
F7CS60 F7CS60
F7BHK6 F6ZTR4
F6QE76 F6QE76
F6ZHR4 F6PW29
F6W7I4 F7DBA2
F7C9J0 F6VR43
F6WKN7 F6XIY9
F6PHQ1 F6UWR2
F7BHK6 F6ZPC6
F7ASB8 F6XFJ1
F6UWR2 F6PW29
F6V445 F6YA77
F6Z640 F6Z640
F6WKN7 F6TEQ6
F6TJZ6 F6YL70
F6Z5Q1 F6Z5Q1
F7DJN1 F6UMD8
F6ZWQ2 F6ZWQ2
F7A081 F6YL70
F7B4P7 F6YL70
F6XXW5 F7ASB8
F6Q7G1 F6PHQ1
F7DP46 F6VK89
F6S7D4 F6S7D4
F6UQB8 F6TDX5
F7D765 F7D2X3
F6WG43 F6WG43
F6VMW1 F6VK89
F7BD42 F7BD42
F7CRU8 F7DM47
F6ZCG4 F7B4P7
F7CQM8 F7CQM8
F6XCS2 F6Z640
F6PHQ1 F6PHQ1
F6TEQ6 F6YL70
F6TJZ6 F6SA77
F6R1Z0 F6R1Z0
F7DQH8 F7DQH8
F6W7I4 F6W7I4
F7CNU5 F7CNU5
F7A081 F6SA77
F7B4P7 F6SA77
F7DP46 F6VMW1
F6PW29 F6UMD8
F6YKF7 F6ZHR4
F7DP46 F6Z4Z8
F6QBM1 F6Q7I1
F6RGR8 F6RGR8
F6YA77 F6V445
F6XMS1 F6ZCG4
F6YKF7 F6ZIS4
F7BQS3 F7BQS3
F6PHQ1 F6UQB8
F6UJT7 F6XSD1
F7DBA2 F6W7I4
F7DWC8 F6UJT7
F7CMX2 F7CMX2
F6Q5I6 F6WKN7
F6TEQ6 F6SA77
F7D872 F7D872
F6Q7G1 F7CID9
F6V445 F6V445
F6SWI3 F6SWI3
F6WFP6 F6WXQ1
F6UL16 F6UL16
F6PSJ9 F6PSJ9
F6WLY6 F6WLY6
F6WKN7 F6YL70
F6YTZ0 F6WXQ1
F7DM47 F7CRU8
F6S0E7 F6Y5A4
F6V740 F6XXW5
F6TDX5 F6UQB8
F6SE95 F6SE95
F6PW29 F6PHQ1
F7B157 F6PNL4
F6UQB8 F6UWR2
F6Y5A4 F6V445
F6WKN7 F7A081
F6UMD8 F6ZHR4
F7BMW1 F7CUF8
F6Z640 F6VR43
F6ZHS6 F6ZHR4
F7CUF8 F7BMS0
F6PHQ1 F6Q7G1
F7CUF8 F7CUF8
F6XFJ1 F7ASB8
F6TDX5 F6YKF7
F6QBM1 F6QBM1
F6TEQ6 F6Q5I6
F6UQB8 F6ZIS4
F6VVC6 F6VVC6
F6YA77 F6S0E7
F6YL70 F7CKK3
F6QZD7 F6RL66
F6XSD1 F6XSD1
F7CKK3 F7CKK3
F7DJN1 F6PHQ1
F6RGR8 F6ZTR4
F6T3L9 F6T3L9
F7E4N4 F6WY50
F7BMS0 F7BMW1
F6ZIS4 F6ZHR4
F7CII4 F7CII4
F7D0K8 F7D0K8
F6YL70 F6ZCG4
F7C9J0 F6XCS2
F6ZPC6 F6RGR8
F6YKF7 F6UWR2
F6TL72 F6TL72
F6Q5I6 F6SA77
F6Y5A4 F6S0E7
F6X2R5 F6X2R5
F6XIY9 F7A081
F7E4N4 F7E4N4
F6XXW5 F6XXW5
F6Q7I1 F6Q7I1
F6ZIS4 F6PW29
F6PYY3 F6PYY3
F6URD5 F6URD5
F7CKK3 F6XMS1
F6V445 F6QBM1
F6PNL4 F6PNL4
F6XSD1 F6UJT7
F6VR43 F6VR43
F6ZCG4 F6XMS1
F6YTZ0 F6YTZ0
F7DHK6 F6T562
F6ZIS4 F6Q7G1
F6T562 F6T562
F7DK06 F7DK06
F7CKK3 F6YL70
F6ZHR4 F6UQB8
F6PW29 F6ZHR4
F6YKF7 F6UMD8
F6UQB8 F7CID9
F6SS95 F6Y5A4
F6VK89 F6T562
F6VWZ3 F6ZDB7
F6WXQ1 F6WXQ1
F6ZCG4 F6YL70
F7C190 F7C190
F6Q5I6 F7A081
F6Q253 F6Q253
F6XMS1 F6WKN7
F6ZIS4 F6ZIS4
F6TDX5 F7CID9
F7DP46 F7DHK6
F6YZ87 F7CUF8
F6Z2K2 F6V1V0
F7CID9 F6UMD8
F6QBM1 F6Y5A4
F7AHE6 F6PNL4
F7BII4 F7BII4
F6V445 F6SS95
F6RTR6 F6URN2
F6ZCG4 F6TJZ6
F6ZHY6 F7BN81
F6V445 F6Q7I1
F6TJZ6 F7CKK3
F6YKF7 F6UQB8
F6X8C3 F7BHK6
F6Y5A4 F6QBM1
F6UMD8 F6PHQ1
F6Q7I1 F6Y5A4
F6TIG6 F6TIG6
F7CU51 F6T2P2
F6UWR2 F6UMD8
F6XFJ1 F6QUF7
F6Z4Z8 F6VK89
F6Z640 F7C9J0
F6YKF7 F7CID9
F6VLN6 F6T1S2
F6WKN7 F7B4P7
F6XFJ1 F6XFJ1
F6VR43 F7BWC9
P48656 P48656
F6YA77 F6QBM1
F6XIY9 F6TEQ6
F6QBM1 F6S0E7
F6Z4Z8 F6VMW1
F6ZHR4 F6ZHS6
F7BHY0 F7BHY0
F6Z4Z8 F6T562
F6U218 F6U218
F7DWT9 F6Z640
F6V740 F6QUF7
F6X8C3 F6ZTR4
F7DM47 F7DM47
F6YZ87 F6YZ87
F6PNL4 F7AWG1
F7B9G0 F7B9G0
F7BME5 F7BME5
F6XXW5 F6Q1F8
F6SA77 F6ZCG4
F7A081 F6WKN7
F7B4P7 F6WKN7
F6Q1F8 F6Q1F8
F6ZHS6 F6UMD8
F7ACV1 F7ACV1
F7A081 F7B4P7
F7B4P7 F7B4P7
F6TDX5 F6UWR2
F7BWC9 F7DWT9
F7BMW1 F6YZ87
F7CSQ5 F6TZX8
F6Q5I6 F6TJZ6
F7CID9 F6ZHS6
F6Z640 F6XCS2
F6SA77 F7B4P7
F6Q1F8 F6XFJ1
F6TEQ6 F6WKN7
F6X8C3 F6RGR8
F6VA95 F6VA95
F6XIY9 F6TJZ6
F6UQB8 F6YKF7
F6Y5A4 F6Y5A4
F6WFP6 F6YTZ0
F6ZS96 F6ZS96
F6V445 F6S0E7
F6SA77 F7CKK3
F6WXQ1 F6WFP6
F6XMS1 F6XIY9
F7DBE9 F7DBE9
F7DQF6 F7DQF6
F6QZD7 F6UY53
F6XMS1 F7CKK3
F6WY50 F6R0Z1
F7A3W3 F6X4H9
F6UWR2 F7CID9
F7DV29 F7DV29
F6S7Q1 F6X4H9
F6QUF7 F6V740
F7DJN1 F6ZIS4
F6UQT2 F6UQT2
F6PHQ1 F6UMD8
F7CUF8 F7BMW1
F6RGR8 F7BHK6
F7AHE6 F7AWG1
F6TJZ6 F6Q5I6
F6X4H9 F6S7Q1
F7E4N4 F6XNR9
F7DBA2 F7DBA2
F6Q5I6 F6TEQ6
F6X4H9 F7A3W3
F6ZHR4 F6UMD8
F7CID9 F6PW29
F6Q7G1 F6TDX5
F6UCM7 F6XD62
F6X103 F6X103
F7D9K7 F7D9K7
F7CS17 F7CS17
F6TQR2 F7CSQ5
F6TXY1 F6TXY1
F7ASB8 F6XXW5
F6TDX5 F6TDX5
F6YL70 F6TJZ6
F6TDX5 F7DJN1
F6PHQ1 F6ZHR4
F6VWZ3 F6T2P2
F6US96 F6US96
F7BGY5 F7BGY5
F6SQI1 F6QZD7
F6Q7I1 F6S0E7
F6Y5A4 F6Q7I1
F6Q7G1 F6Q7G1
F6Z0L1 F6Z0L1
F6RCL2 F6RCL2
F6ZHR4 F6UWR2
F7DJN1 F6UQB8
F6X4H9 F6X4H9
F7C9J0 F7C9J0
F6TJZ6 F6TJZ6
F6XR42 F6XR42
F6UY53 F7A3C7
F7AHE6 F7AHE6
F7E4N4 F6R0Z1
F6SS95 F6YA77
F6UMD8 F6PW29
F7BWC9 F7BWC9
F6QBM1 F6SS95
F6XSD1 F7DWC8
F6ZIS4 F6TDX5
F6YL70 F6TEQ6
F6YL70 F7A081
F6TDX5 F6ZHR4
F6YZ87 F7BMW1
F6T0T3 F6T0T3
F6SWV0 F6SWV0
F7CU51 F6VWZ3
F6TJZ6 F6XIY9
F6ZTR4 F6ZPC6
F6S7Z8 F6S7Z8
F6TJZ6 F6WKN7
F6Q4L3 F6Q4L3
F7A3C7 F6QZD7
F7A081 F6Q5I6
F6UWR2 F6UQB8
F7B4P7 F6Q5I6
F6Q7I1 F6V445
F6PHM2 F6PHM2
F6QTT9 F6QTT9
F7ASB8 F6QUF7
F6SA77 F6Q5I6
F7CKK3 F7B4P7
F6XMS1 F6Q5I6
F6TDX5 F6ZIS4
F6XIY9 F6SA77
F7CID9 F6UQB8
F6WFP6 F6WFP6
F6UL81 F6UL81
F6ZHR4 F7DJN1
F6T659 F6S7Z8
F6ZLA4 F6ZLA4
F6X8C3 F6X8C3
F6T2P2 F7CU51
F6VMW1 F6Z4Z8
F7AQ72 F7AQ72
F7BWC9 F6Z640
F7AJ44 F7AJ44
F6YZ44 F6YZ44
F6XCS2 F6VR43
F6VMW1 F6VMW1
F7BD42 F7BN81
H9GZW3 H9GZW3
F6XFJ1 F6V740
F6ZIS4 F7CID9
F6PW29 F6UQB8
F6XNR9 F6R0Z1
F7BRQ1 F7BRQ1
F6WXQ1 F6YTZ0
F6WBA2 F6WBA2
F7CUF8 F6YZ87
F7CYG2 F7CYG2
F7BMS0 F7CUF8
F7BMS0 F6YZ87
F7AHE6 F7B7A1
F6YKF7 F7DJN1
F7DJN1 F6PW29
F6SQI1 F7A3C7
F6XMS1 F6TJZ6
F6R0Z1 F6WY50
F6ZHS6 F6PHQ1
F6UY53 F6RL66
F7CKK3 F6Q5I6
F6XMS1 F7B4P7
F7CID9 F6ZIS4
F6UWR2 F6YKF7
F6SA77 F6YL70
F6YA77 F6YA77
F6Z6Y4 F6Z6Y4
F6YZ87 F7BMS0
F6ZCG4 F6Q5I6
F6UY53 F6QZD7
F6VLN6 F6VLN6
F6Z2K2 F6Z2K2
F6ZHR4 F6YKF7
F7D2X3 F6T562
F6RGR8 F6ZPC6
F7DJN1 F6ZHR4
F6SA77 F6XIY9
F6RL66 F7A3C7
F6YA77 F6Q7I1
F6YKF7 F6ZCT4
F7A2M6 F6QV31
F6ZCG4 F6ZCG4
F6YYG4 F6YYG4
F6QBM1 F6V445
F6PW29 F6TDX5
F7A081 F6XIY9
F7B4P7 F6XIY9
F6PNL4 F7AHE6
F6S0I9 F6S0I9
F6TNW5 F6TNW5
F7CKK3 F6ZCG4
F7DJN1 F6TDX5
F7AK40 F7AK40
F6VWZ3 F6VWZ3
F7AGG0 F7AGG0
F6PHQ1 F6ZHS6
F6UQB8 F6ZHS6
F6WKN7 F6WKN7
F6YKF7 F6PW29
F7A3C7 F7A3C7
F7D0K8 F6Z2K2
F6TDX5 F6ZHS6
F6ZIS4 F6UMD8
F6Q7G1 F6ZIS4
F6PW29 F6Q7G1
F6Q7I1 F6SS95
F7DHK6 F7DHK6
F6YW73 F6YW73
F7CU51 F7CU51
F6ZTR4 F6ZTR4
F6T562 F7DHK6
F7DIL5 F7DIL5
F6UP71 F6UP71
F6XFJ1 F6Q1F8
F7CKK3 F6TEQ6
F6V445 F6Y5A4
F6UJT7 F6UJT7
F6ZIS4 F7DJN1
F7DWC8 F6XSD1
F6SD05 F6SD05
F7C9J0 F7BWC9
F6Z2K2 F7D0K8
F6U5K3 F6U5K3
F7DP46 F6T562
F6T835 F6T835
F6RTR6 F6XD62
F7CID9 F6TDX5
F7CID9 F7DJN1
F6Q7G1 F6PW29
F6YKF7 F6PHQ1
F6Z4Z8 F7DHK6
F6V740 F6Q1F8
F7C247 F7BHY0
F6S0E7 F6S0E7
F6XL78 F6XL78
F6QUF7 F7ASB8
F6XCS2 F7C9J0
F6T2P2 F6VWZ3
F6T659 F6T659
F6ZWU1 F6ZWU1
F6UWR2 F6ZHS6
F6ZLR1 F6ZLR1
F6Q7G1 F6ZHR4
F6PW29 F6ZIS4
F6PQR7 F6PQR7
F6TQR2 F6TQR2
F6UYG1 F6UYG1
F6ZHR4 F6PHQ1
F6UQB8 F6UMD8
F7DHK6 F7DP46
F6XMS1 F6XMS1
F7BMW1 F7BMW1
F6V1V0 F6Z2K2
F7B9X5 F7B9X5
F6TDX5 F6UMD8
F6URN2 F6URN2
F7AWG1 F7AWG1
F6TZX8 F7CSQ5
F6RL66 F6QZD7
F7C1S0 F7C1S0
F7DJN1 F7DJN1
F6PHQ1 F6YKF7
F6XIY9 F6XMS1
F6Y5A4 F6YA77
F6VZX7 F6WBA2
F7ASB8 F6V740
F6QV31 F7A2M6
F7BD42 F6ZHY6
F7A3W3 F6S7Q1
F6PW29 F6UWR2
F6ZDB7 F6ZDB7
F7A2J7 F7A2J7
F6YEL0 F6YEL0
F6UMD8 F6Q7G1
F7DGY6 F7DGY6
F6S0E7 F6QBM1
F7DWT9 F6XCS2
F6ZLR7 F6PKV9
F7B3R2 F7B3R2
F6YKF7 F6ZHS6
F6VWZ3 F7CU51
F6R0Z1 F6XNR9
F7CID9 F6PHQ1
F6VUA4 F6VUA4
F6T2P2 F6ZDB7
F7AWG1 F6PNL4
F6RL66 F6RL66
F6VK89 F6Z4Z8
F6TEQ6 F7B4P7
F6Q7I1 F6QBM1
F6VTW3 F6VTW3
F6WKN7 F6SA77
F6ZPC6 F6ZTR4
F6ZIS4 F6PHQ1
F6VR43 F6XCS2
F6UMD8 F6YKF7
F6TEQ6 F6TJZ6
F7BMS0 F7BMS0
F6TJZ6 F7B4P7
F6ZPC6 F6ZPC6
F7CEQ6 F7CEQ6
F6S8L9 F6S8L9
F6WKN7 F6ZCG4
F6VR43 F6Z640
F6PNL4 F7B7A1
F6SA77 F6TEQ6
F6ZCT4 F6ZHS6
F6WY50 F7E4N4
F6ZHS6 F7CID9
F7BHK6 F6X8C3
F7BN81 F7BN81
F6UMD8 F6ZIS4
F6W4Z3 F6W4Z3
H9GZU7 H9GZU7
F6Q1F8 F6V740
F7AYV0 F7AYV0
F6VVQ5 F6VVQ5
F6Z9I6 F6Z9I6
F7A081 F6TEQ6
F6R0Z1 F6R0Z1
F7B4P7 F6TEQ6
F6YKF7 F6YKF7
F6URN2 F6XD62
F7DJE8 F7DJE8
F6WKN7 F6Q5I6
F6WY50 F6WY50
F6VK89 F6VK89
F6YI82 F6YI82
F6ZTR4 F7BHK6
F6Q5I6 F6XIY9
F6UWR2 F6TDX5
F6SS95 F6V445
F6ZIS4 F6ZHS6
F7DJN1 F6Q7G1
F7AU83 F7AU83
F6S7Z8 F6T659
F6SF66 F6SF66
F6USJ9 F6USJ9
F6QUF7 F6XFJ1
F6PW29 F6PW29
F6TEQ6 F6TEQ6
F6TEQ6 F7A081
F6XFJ1 F6XXW5
F6Q5I6 F6YL70
F6VUG1 F6VUG1
F6T2P2 F6T2P2
F6Q5I6 F7B4P7
F6W1P9 F6W1P9
F6ZHS6 F6ZHS6
F6SA77 F6TJZ6
F7A3C7 F6RL66
F6UWR2 F6ZHR4
F6SS95 F6QBM1
F7A081 F7CKK3
F7B4P7 F7CKK3
F6ZHR4 F7CID9
F6XCS2 F7DWT9
F6WY50 F6XNR9
F7ACY5 F7ACY5
F6UMD8 F6UQB8
F6TLD0 F6TLD0
F6Y6S9 F6Y6S9
F7ARE5 F7ARE5
F6ZHS6 F6YKF7
F6QV31 F6QV31
F6PW29 F6YKF7
F6PKP3 F6PKP3
F7DWC8 F7DWC8
F6QUF7 F6QUF7
F6ZK93 F6ZK93
