I3L855 F7B4V6
F1SEX5 F6SRZ6
I3LU08 F6W365
F1SKD5 F7DMV6
C5H0C6 F6UGK7
A0A286ZQ27 F6PXA5
F2Z4Y0 F6YUX4
F1SNW8 F6R0E4
A0A287ANH9 F6VK74
A0A287A4H3 F6QJC7
A0A287AN25 F7CCR9
A0A286ZV44 F6VNC0
F1S062 F6XPL9
I3LPJ3 F7B1Y7
A0A287ABT2 F6ZMZ5
F1SAU5 F6V1T9
A0A287BF06 F6STU2
F1SIX8 F6ZZ33
O02799 F6XL24
F1SKP8 F6WEH3
F1SCF5 F7CI38
A0A287A9K0 F7DPA6
K7GR11 F6UKI1
A0A287AU36 F6XUW4
A0A287AJU8 F6PJ06
F2Z5I5 F7BXZ1
I3LBT8 F6YKY8
A0A287BNZ9 F7DGI1
A0A287BNT0 F7CWR6
I3LVB8 F7C4H2
I3LVL1 F6Q1Y2
A0A287ARA4 F6SRZ6
A0A287A450 F7B1Y7
F1RT67 F7B4V6
A0A286ZV44 F7A2K4
F1S0S8 F6VNC0
K7GRS5 F6SLQ7
A0A287ABT2 F6T5N4
A0A287ADN5 F7DCJ8
F1SA57 F6Q1B4
A0A287AX48 F6S2X2
F1RR63 F6YEB4
F1SB61 F6X2L4
F1SEV4 F6Y2M6
A0A287B0J6 F6PQG5
A0A286ZS42 F6UV62
A0A287BFR0 F6RBD1
F1S4Q6 F7A2V7
A0A287AJ61 F6X782
A0A287B749 F6SJM8
F1SBP6 F6ZFX9
F1SG38 F7BY97
A0A287APW0 F6V852
F1S5P5 F6Z4E2
I3L855 F6PUI6
I3LPN4 F6U4D9
A0A287B8F0 F6T8H1
A0A287BQX1 F7B748
F2Z5G2 F6V1T9
F2Z5G2 F7BMY5
F1ST91 F6YQR2
A0A287AKQ7 F7CFZ8
A0A287AHF0 F6VMT4
F1SUB2 F7AQZ6
I3LDL3 F6SZM7
A0A287ATR5 F6VGS7
A0A287ASV1 F6VVL8
F1S0P4 F7DMV6
A0A286ZIJ9 F6SX98
F1SC57 F6PUI6
F2Z4X9 F6VAI2
F1RL04 F6XCC6
I3LBT8 F7CI38
A0A287A5Z0 F7DQE7
F1RKZ6 F7DW15
A1XSY8 F6YS83
Q865K8 F6UHR5
A0A287A447 F6UGU4
I3L5M8 F6WLY6
F1S0P4 F7BJA4
A0A287BQX1 F6SRZ6
A0A286ZI45 F6Q1Y2
A1XSY8 F6T0G4
A0A287AZJ9 F7AH79
F1RY56 F6WE15
A5GHK9 F6U9W6
F1SGC8 F7A445
I3LHI3 F6WEH3
F1SG38 F6ZAV3
A0A287B621 F7BY97
F1S0Q0 F6QE07
F1RKZ6 F7DPA6
A0A287BNM0 F7AQB2
B1A9K1 F7BRL2
F1SQT2 F7DGI1
A0A286ZQC1 F6RB95
A0A287BHC9 F6S8L9
A0A287BI89 F7AKA4
F1RGM8 F6UHC7
F1RU77 F7DM65
F1SPE5 F7C0F1
I3LMS3 F6QFJ2
F1S8V5 F7AK88
F1SV57 F7E2V0
A0A287AHF0 F6W815
A0A287B0Y3 F7BRL2
F1SGC8 F7DMV6
A0A287BHL2 F6VEG9
A0A287BMU9 F6W0V3
F1S1S3 F6ZGQ9
K7GN38 F6Z1A0
F1SN51 F7BRL2
Q95250 F6X7R7
F1S3Z9 F7DBS4
J9JIK8 F6ZZI8
F1SPP8 F7BCF7
A5A8V7 F7D7T6
P82460 F7CZ92
I3L5F7 F6YSV2
A0A286ZID2 F6TNW5
F1SBJ7 F6TDJ5
A0A287AGR7 F6VEY6
F1SKT4 F6VWF8
I3LT49 F6UNM1
Q197W4 F6VDS6
F1SDC8 F6YZL0
F1RVL9 F7BVE8
F1SHP6 F6ZMZ5
F1SM69 F7AKU2
A0A287ANH9 F6X7R7
F1RJL2 F6XPL9
A0A287BKF3 F7BCR2
O02799 F6YPC4
F1RJX8 F6QJC7
F1SJ31 F6ZGQ9
F1SBC5 F6XIY9
A0A286ZWP6 F7CKR6
F1SAU5 F7C432
A0A287B5K5 F6QJC7
A0A287BBV4 F7CWR6
D5KJI2 F7DGI1
A0A286ZV44 F7DPA6
Q8HZV3 F7E030
A0A287AE63 F6UBL0
F1S001 F7CKI0
F1RNN1 F6WJN6
A0A287A6L4 F7AS83
F1RSD6 F6R2E1
F1RKZ6 F7DIL5
A0A287AMN8 F7A1K7
A0A287AQT5 F6W365
B1NI70 F6S2X2
A0A287ARA4 F6U1D9
F1S7K1 F7AK88
F1SPP6 F6RDF7
Q864V7 F6YCM3
F1SDT3 F6S1M3
I3LFG4 F6YDC3
F1RVT6 F7A0C8
F1SEX5 F6T061
A0A287B4I1 F7C446
Q8HZV3 F7B821
F1SKT4 F7A4F3
F1SJV7 F7DLA4
A0A287BKD3 F6UBS3
F1RFX5 F7D0L5
I3LCA2 F7DY73
F2Z5F2 F6QJW2
F1S3R8 F6VVL8
F2Z5V5 F7D2I6
F1SAU5 F7AS83
P51461 F7CGI6
A0A287AZ90 F6TCZ6
Q197W4 F6UYB6
A0A286ZJP5 F6YKX2
F1RJU1 F6ZQQ4
I3L9H8 F6WGL8
A0A286ZQ27 F7D9Q5
F1SHP6 F7AQB8
I3LCA2 F7AE75
F1RMC2 F7BRQ6
I3LQF8 F6TZ46
F1RHU6 F6WZY9
I3LCA2 F7AL87
F1SJ31 F6VVL8
A0A287AV76 F6Y5X4
A0A287AFY2 F7E0S8
I3LII4 F6RRI6
F1SCF5 F7AH79
A0A287AR90 F6SUQ1
A0A286ZT06 F6U0G2
F1SEX5 F6U1D9
F1SMI4 F6PJ06
Q8HZV3 F6Z4V6
F1S8V5 F7AF11
I3LLX9 F6PUI6
O02799 F6U1D9
F1ST13 F7CVV0
F1RJL2 F7BV85
M3VK28 F7DM52
F1SG38 F7AF11
A0A287AM51 F6X1V6
A0A287AJ61 F6SRZ6
I3LHI3 F7A4F3
F1S439 F7E3E6
A0A140TAJ8 F6YNS5
F1RJ11 F7DST1
A0A287AUT9 F6USH3
I3LR45 F6W163
A0A287AM68 F6U2I2
F1SMW9 F6S5X4
F1S6I1 F7BAX0
A0A287BBM7 F6V4Y8
F1RU38 F7DYB4
A0A287BNT0 F7DA59
F1SSJ8 F7DM65
A0A287AC51 F6UGU4
F1RSV8 F6YJV0
I3LM88 F6XFZ0
F1S062 F6YLB4
I3LU08 F7A445
A0A287A4H3 F6YYN8
F1RYP8 F6X5P0
A0A287AA61 F6RQB7
F1SHB8 F6U3Q2
F1RFB7 F7DM65
A0A286ZPR1 F7D8U2
F1RM08 F7AIP7
A0A287BNE4 F6WQ61
A0A287BE94 F6TYE4
A0A287BF06 F7DCJ8
A0A287B749 F6YZZ3
O02799 F7B748
A0A287AE63 F7A2Q9
A0A287BBP6 F6SRZ6
F1SKP8 F6X5P0
I3L9N5 F6Z904
F1RGM8 F6VZT9
F1SKD5 F7A445
I3LVL1 F6Z4E2
F1RYU8 F6T452
A0A287A096 F6ZAL1
F2Z4Y3 F6QU77
F1S034 F7AKA4
A0A286ZV44 F7B7L7
A0A287BF49 F7CS04
B9TRX0 F6ZZ24
F1RR89 F7AS83
I3L5F7 F6U2I2
F1SRN9 F6VEG9
F1RNN1 F7D0L5
A0A286ZPR1 F6Q4I9
A0A287BR93 F6X9T7
F1RN84 F6U4D9
I3LF48 F6V5B8
F1RNA6 F7DGI1
F1SNW8 F6U2A1
A0A287AC51 F7DLA4
F1RHJ1 F7CI38
A0A287A1V5 F6QBH0
Q01580 F6RH07
F1S034 F6UQV4
F1SCF5 F6RB95
A0A287AUP1 F6WQM7
A0A286ZZ17 F6Z4E2
A0A286ZKK7 F6S5L3
Q06AK6 F6QA97
F1S0D9 F7AS83
A0A286ZV44 F7DW15
I3LG10 F6YKU1
A0A287ALR6 F6UKI1
A0A287AM51 F6YZZ3
A0A287B024 F7B4V6
A0A286ZZJ6 F7BUA5
K7GR70 F6YYG4
A0A287ACY5 F7CR58
A0A287A582 F6VM67
F1SN51 F6Q1Y2
F1SLZ3 F7DCX4
A0A287AZ81 F6UEG9
I3LQF8 F7A984
I3LCX0 F7D809
F1RW85 F6V0I7
F1SJ31 F7A6R9
F1S062 F7AES8
F1S9G0 F6XPS4
F1RZC9 F6T027
A0A286ZS52 H9GZV4
F1S062 F7A2K4
F1RYU8 F7B2K9
F1RMJ3 F6XA38
F2Z5J1 F7B6P6
Q95250 F6VK74
A0A286ZWD3 F6V3U9
A0A287BM99 F6Q4I9
R4JU57 F6QHL9
F1SS22 F6TNI8
F1S621 F7BSJ6
I3LU08 F7A4K0
A0A286ZI45 F6Z4E2
F1S8G6 F7CDD7
I3L7H6 F7C446
F1SMI2 F6QPW3
A0A287ARA4 F7D587
A0A287BNM0 F6YME5
I3LNN4 F6SXK8
A0A287BR93 F7DFG1
A0A287BHL2 F6V5B8
F1RKW8 F7AVY8
A0A286ZLT0 F6R6X2
F1S0D9 F6RIW1
F1SJ69 F6XF44
F1SHF7 F6YJ88
A0A287A8G1 F6RX88
Q2QLE3 F6SKU5
A0A287ASF2 F6YJ88
A0A287B5K5 F7C432
I3LUE7 F7DBN1
I3LCN0 F6WXA6
F1SSJ8 F6PUI6
A0A286ZLT0 F6S6H7
A0A287BI89 F6RB95
I3LR86 F6QJC7
A0A286ZQ27 F6RB67
A0A286ZQC1 F6Q2R7
A0A286ZVJ4 F6T1Z3
A0A287ASV1 F6TD42
F1RFG5 F7C4H2
F1RXM2 F7CBF3
I3LR86 F6ZLQ3
A0A287AQT5 F6T5N4
A0A287AEW3 F6QPW3
F1S3R8 F6TD42
F1RTJ7 F6VM67
F1SUK6 F6W4F0
F1SRZ3 F6X9T7
A0A287A5W0 F7B6P6
F1RT53 F6VZT9
A0A287B4I1 F7A6R9
I3LUX4 F7CCF5
C3RZ98 F7A5R3
F1SLH2 F6RDF7
A0A287ALR6 F7D0L5
F1SA99 F6WE15
A0A287AM68 F6X2S3
F1S034 F6QM47
F1SMV6 F6X3K0
A0A286ZKK7 F6UQV4
A0A287ADN5 F6STU2
A0A287B6Q2 F7DQE7
A0A287AJ61 F7BQL5
I3LDS3 F6ZQQ4
P68137 F7CIM1
A0A287AMN8 F7DFG1
A0A286ZJP5 F6SAR8
F1SL15 F6S6H7
F1RSV8 F6XTW3
M3VK38 F7ASN9
Q9BDC3 F7DEW5
F1S0S2 F6UVS7
O02799 F7A746
Q864V7 F6YQH6
F1S4G0 F6UI19
F1SA70 F7DNP2
F1SD66 F7BS54
A0A287A9K0 F7DIL5
I3LK68 F7AS83
A0A287A9U8 F6PLL3
A0A287A5N9 F6S963
I3LCN0 F6YLA3
A0A287B4M4 F6XR42
F1RHK8 F6RB67
I3LH88 F7D9Q5
F1RT67 F6Z0N7
I3LPU5 F6UYB6
P13222 F6WEH3
Q06AK6 F6VY84
F1RF12 F6ZNP6
I3L5M8 F6TZX8
F1RSV8 F7DYB4
A0A287AFX1 F7E030
A0A287B7I6 F6PQG5
A0A287BE06 F6X8D2
F1S8V5 F6YLA3
Q3ZDR4 F6QKQ9
A0A287B749 F6ZQX6
A0A287BI89 F6S5L3
F1RJL2 F7B7L7
A0A287A447 F7DFG1
A0A287ABT2 F6UHC7
A0A287BPV4 F7E0M4
A0A286ZI45 F6RUY8
I3LID0 F6PR27
P80021 F6UYW3
F1RU31 F6Y6S9
F2Z4X9 F7B8B3
F1RU38 F6TYL7
F1SAZ7 F6ZZ33
I3LUP6 F7DBJ7
B3SP85 F6SRK4
I3LHI3 F6S9A7
A0A287AZJ9 F7AKA4
A0A287AM51 F6X7R7
Q27HK4 F7DLU0
F1SNW8 F6VAF4
A0A287ACL1 F6PNM1
F1RYU8 F6W4F0
F1RTJ7 F7CB77
F1RP44 F6YYN8
F1SMI2 F6UGK7
I3LUX4 F7DLA4
A0A287ATW2 F6X2S3
F1RT67 F6T0T3
A0A287AM51 F6SJM8
I3LFS1 F7AH79
A0A287AMN8 F7DLA4
F1RYU8 F6YKU1
A0A287BJP3 F6R5G1
F1S8D4 F6ZMZ5
F1SA98 F6U210
A0A286ZKK7 F6WVK2
F1S0P4 F7AQB8
F1RMN5 F7D1Z0
I3LLX9 F7DM65
A0A287A447 F6VSI3
F1RYP8 F6WEH3
F1S1S3 F6TD42
F1CK19 F7CJW8
F1S062 F7DPA6
A0A287A447 F6X9T7
A0A287A4H3 F7C432
F1RVT4 F6YJ88
F1RU77 F6RL28
O46374 F6SWI3
F1RL04 F6UHC7
F2Z5F5 F7B7L7
A0A287B024 F7AER3
A0PFK5 F6VUK6
F1S5P5 F6TYE4
A0A287B401 F6ULH7
A0A286ZV44 F6XPL9
Q197W4 Q08IE6
F2Z4X9 F7A2Q9
A0A286ZLT0 F6PQG5
F1SKD5 F6W365
A0A286ZYW0 F7CNX6
F1SGC8 F6T5N4
A0A287BBP6 F7B748
A0A287BBM7 F7C4H2
A0A287AIM1 F6W8X2
A0A286ZKK7 F7CKI0
A0A287B4Q5 F6UEG9
A0A286ZXK3 F7AR56
A0A140TAJ8 F7D1Z0
K7GN38 F6W171
A0A287AQT5 F7A4K0
F1S0P4 F6TCA0
A0A286ZQL9 F6U4D9
G9K122 F6VSI3
F1SCL0 F7CY85
A0A286ZUG7 F7BM24
A0A287AUF7 F6WQB7
A0A286ZQA5 F6PV98
F1RK92 F7A1K7
F1SA04 F7B9G0
F1S8D4 F7AQB8
F1SL15 F6PQG5
A0A287AE68 F7ATP4
K7GRS5 F6Z3T6
F1SAZ7 F6YKU1
F1SSJ8 F6T0T3
F1SRQ9 F7BQH4
F1S0P4 F6ZMZ5
F2Z5F5 F7DIL5
F1RK92 F7CCF5
A0A287BLB3 F6ULH7
F1RVT4 F6T027
F1SR88 F7DGF7
A0A287AMD1 F6YKX2
F2Z5J1 F7AE75
A0A287A5N9 F6SP74
Q2XVP4 F6ZSB4
F1S493 F7AYN8
A0A287B9Q1 F7B570
F1RMC2 F6SR43
F1RPH3 F6RQM5
F1RYU5 F6X5P0
A0A287AP08 F6UV62
I3LPQ4 F7DRA2
F1RFG5 F7D8U2
I3LLX9 F6RL28
A0A287B501 F6PZY6
I3LU08 F7AQB8
F1RKZ6 F7CG77
F2Z5F2 F6VQF0
O02799 F7BQL5
G9K122 F7A1K7
A0A287B4G4 F6RGL2
F1SBK7 F7BCR2
F1RXM2 F7A4I6
A0A287BBP6 F7D587
I3LK68 F7E030
A0A287ACY5 F6WKC9
A0A286ZVF4 F6UBS3
A0A287A9H2 F6YJV0
I3L9N5 F6RIG2
F1S0D9 F6ZLQ3
A0A287AWA9 F6X8K1
K7GP24 F6ZF46
A0A287B2X3 F6WEH3
D7RA34 F6XB71
A0A287ABT2 F7A4K0
F1SI81 F6X4N6
F1S0D9 F6QJC7
F1RVT6 F6S5L3
P79307 F6XL78
P80021 F7ALV0
G9K122 F6TND5
I3LVL1 F6TYE4
F1S5P5 F7BRL2
F1SFK0 F6TZ46
A1XSY8 F7CBF3
A0A286ZZ17 F7BRL2
A0A287B0J6 F6R6X2
I3L5F7 F6X2S3
F1SEX5 F7A746
A0A287APW0 F6ULH7
I3L828 F7CMX2
A0A286ZT52 F7B6P6
I3LU08 F6ZMZ5
A0A287BF19 F6U6I2
K7GRA1 F6ZSV4
F1RHK6 F6Z1I4
F1RU38 F6YJV0
A0A287BBP6 F6T061
Q197W4 F6YF11
F1RJX8 F6V1T9
A0A287B749 F6XCF2
A0A287B024 F6Z0N7
I3LQN4 F7BMY5
I3LUX4 F6VSI3
I3LP11 F6UJ03
A0A287AGR7 F7E443
A0A287ALL2 F6XK12
A0A286ZJM4 F6ZUJ2
A0A287A9Y2 F6XB71
F1RJX8 F6RIW1
B3SP85 F6TYE4
A0A286ZN63 F7DRA2
I3LGU6 F6UZK9
F1SVD7 F7C510
A0A287B5K1 F6UDF2
F1S062 F7CG77
I3LR71 F6XJE0
F1RYU8 F6V5B8
K7GN38 F6U3Y5
A0A140TAJ8 F6W8X2
I3LEZ7 F6TUR2
F1S1S3 F7A6R9
F2Z5V5 F6RMA4
F1S668 F6SUX5
F1S062 F6VNC0
F1SJV7 F6UGU4
F1SEX5 F7D587
Q95250 F6ZXA2
A0A287BR15 F7DHN3
A0A287BKD3 F6YCJ3
Q6RVA9 Q2QLB0
F1RM41 F7AAP3
A0A287APB0 F7BSJ6
A0A286ZI26 F7D2X9
A0A287AXD7 F6RQB7
A0A287BQX1 F7BQL5
A0A287AJW8 F6YUM4
F1RL04 F6VAF4
I3LUI7 F6PUI6
A0A287A3W3 F7B1A9
F1RVT6 F6RB95
F1SA41 F7C695
F1SHN7 F7D0F2
A0A287AJ61 F6XL24
A0A287AU26 F6ZAL1
F1RK92 F7DFG1
F1S8D0 Q9TTQ3
A0A287BNK4 F6ZBH0
A0A287A3D8 F6U0G2
A0A287B749 F6V3K2
F1SED9 F6YS83
Q29040 F6UQ47
A0A287B0Y3 F7AQB2
F1SL15 Q08IE6
I3LVL1 F7BRL2
A0A287ACE1 F6VF95
F1RVT6 F6UQV4
F1S001 F6QM47
F1RP44 F6RIW1
A1XSY8 F7A4I6
F1RNA6 F7D1Z0
A0A287A6L4 F6ZLQ3
F1RU38 F7CKR6
J9JIK8 F6QM47
F1RQI7 F6XN96
A0A287AZJ1 F6XLU6
I3L5J9 F6QQB3
A0A287B4G4 F7E0H9
F1SLM7 F6U5X9
A0A287BSE8 F6PQG5
I3LF48 F6YKU1
A0A286ZZ17 F6RUY8
F1RNN1 F6UKI1
A0A287A6L4 F6QJC7
F1S7K1 F6WXA6
A0A287B7I6 F6UYB6
A0A287BM99 F7C4H2
A0A287AKR9 B2L109
I3LR86 F6V1T9
F1S668 F6SR43
A0A287AKA3 F7BKD4
A0A287B3M4 F6S2X2
F1RFW5 F7DPU4
F1SHP6 F6TCA0
A0A286ZRB8 F7DAQ8
F1SMP5 F6UAU0
A0A286ZVC7 F7BME5
A0A287B401 F6ZAL1
I3LCN0 F6ZAV3
A0A286ZMR3 F6QML4
I3LF48 F6ZBD7
F1RKZ6 F7B7L7
F1SED9 F7CBF3
A0A287B0J6 F7BME5
F1SU25 F6ZQK7
F1S8Y2 F6RXJ7
F1S034 F6YKY8
K7GR11 F6WJN6
F1SUH2 F6QA97
F1RL99 F6QA97
I3LG10 F6T452
A0A287B231 F7BRQ1
I3LLX9 F7AER3
I3LLX9 F7B4V6
A0A287B621 F6YLA3
A0A287ARV8 F7BRL2
A0A287B749 F6Z4E8
I3L5M8 F6SN62
I3LH88 F7D454
I3LCN0 F7AF11
A0A287BBP6 F7BQL5
I3LMZ3 F6YGI2
F1SF93 F6PHL5
A0A287AR90 F7CJW8
A0A287B621 F7AK88
F1SU46 F7BME5
A0A287AKV5 F6QSA6
A0A287AKE2 F6WVK2
F1RJX8 F7C432
A0A287BQX1 F7D587
F1RTM6 F6R5G1
F1S001 F6UQV4
F1S7K1 F6YLA3
F1S7K1 F6ZAV3
F1SP96 F6T7P5
A0A287A570 F6V2U5
Q95250 F6V3K2
I3LU89 F7DLC0
A0A287A3D8 F6S9A7
F1RS02 F7C592
F2Z5F5 F7BV85
I6L6T2 F6ZWY6
B4YSE7 F7DJB1
F1S6G8 F6V076
A0A286ZX26 H9GZZ3
A5GFY4 F6ZDZ9
F1SFU2 F7CDD7
F1SED9 F6Z492
F1RU38 B2L109
F1RMM8 F7BRR9
A0A286ZVC7 F6VDS6
A0A287A4H3 F6ZLQ3
I3LQN8 F7BL77
K7GN38 F7E449
A0A287BSE8 Q08IE6
I3LK68 F6Z4V6
A0A286ZLT0 F7BME5
K7GN34 F7DFG1
A0A286ZVC7 F6R6X2
F1SLE8 F6UP94
A0A287AUF7 F6VX33
A0A287AKR9 F7CKR6
A0A287A9H2 F7DYB4
F1S034 F7CI38
F1SJV7 F6VAM9
F1RHK8 F7D9Q5
F1S287 F6W7W6
F1SQT2 F7D1Z0
F1SUB2 F6U2A1
K7GN34 F6X9T7
A0A286ZWP6 B2L109
A0A287AJ61 F6T061
A0A287BHL2 F6T452
F1SA57 F7B4L1
F1RYP8 F7A4F3
I3LJC2 F7CCR9
A0A287BDW6 F6WQ37
F1RT53 F6VAF4
F1RLA7 F6TYE4
M9MMN1 F6SL61
F1SEX5 F7B748
F1RMC2 F6SUX5
A0A287AA61 F6WDK5
F1RM61 F6PJ06
A0A287A3D8 F6WEH3
A0A287AV76 F6Z4E8
F2Z5G2 F7C432
A0A286ZMR3 F7A883
F1SKP8 F6W836
A0A287BE94 F7BRL2
F1SIC1 F6WDK5
A0A287AXD7 F6WDK5
F1SKD5 F6ZWY6
F1SR88 H9H027
F1SKG2 F6ZL78
A0A287AXP9 F6UJY8
A0A286ZIJ9 F7B821
F1SKD5 F7BJA4
A0A286ZQ27 F7D454
A0A287AHF0 F7CQ26
I6L6T2 F6VB17
F1RJU1 F7AV69
F1RY56 F6TRA1
F1S1S3 F7C446
Q3ZDR4 F6XHL7
F1SE72 F6QKY4
F1SID1 F6R950
A0A286ZK81 F6WXS3
F1S774 F6WF09
A0A287B621 F7AF11
F1SGF1 F7B7L7
F1SGC8 F7A4K0
F1SGZ6 F7BRL2
A0A286ZV44 F7BV85
A0A287AIM1 F7D1Z0
F1S5P5 F7CH20
F2Z5G2 F7AS83
F1RT53 F7AQZ6
A0A287AEW3 F7B1A9
Q06AU1 F6R2E1
F1SUH2 F6XF44
A0A287ABT2 F7A445
A0A286ZLT0 F6UYB6
A0A287AH55 F6TRE4
F1SP55 F6W7W6
F1RW05 F6SU26
A0A287BAE1 H9GZW5
O02799 F7D587
I3LVB8 F6YZL0
F1SEX5 F7BQL5
A0A287ANH9 F6XCF2
A0A287ABE3 F6UYD5
A0A286ZI45 F7BRL2
A0A286ZRB8 F6W110
F1RXM2 F6T0G4
A0A286ZIJ9 F6TBN7
F1S668 F6WCN4
F1RVT6 F6YKY8
F1S7K1 F7BY97
F1RFA3 F6X3P7
I3LG10 F6ZZ33
A0A287BQX1 F6X782
K7GND3 F7DBJ7
A0A287A4H3 F7AS83
A0A286ZXK3 F7DJB1
A0A287ABT2 F6VZT9
I3LBT8 F6WVK2
F1S8D4 F6TCA0
A0A286ZXK3 F6SUQ1
A0A287AJ61 F6U1D9
P13222 F7A4F3
I3LBT8 F7AH79
F1S3V2 F6UAA5
I3LHI3 F6VWF8
I3LUE7 F7CIY9
A0A286ZVC7 F6PQG5
I3LNN4 F6QWS4
F1RP44 F7AS83
F1SKP8 F6V076
A0A287A9J8 F7C0E6
F1SCF5 F6S5L3
F1S5S8 F6VM67
F1SRE0 F6PNM7
F1RRS6 F7CLK8
A0A287A2J9 F7AK40
F1S3R0 F7BPQ4
F1SBC5 F6U301
F1S5V0 F6YLB4
A0A286ZJM4 F6TCZ6
F1SHP6 F7DMV6
F1RGG1 F6Z328
A0A287A4Z0 F7DBN1
A0A287BLB3 F6ZAL1
F1RT53 F6R0E4
F1SMH8 F7DT29
F1S5S8 F7DJB1
F1SN62 F7BP61
F1RNA5 F7CSY5
A0A286ZVJ4 F6ZLQ3
I3LPU5 F6TVA0
A0A287BQX1 F7A746
F1SKK1 F7D368
F2Z5F5 F7A2K4
F1SQT2 F6W8X2
A0A287AM51 F6Z4E8
F1SMP5 F6WDK5
F1RL04 F6VZT9
A0A287AA35 F6TRE4
F1RVT6 F7CI38
F1SRN9 F6T452
P80021 F7CZ92
A0A287A4Z0 F6ZQ40
I3LVL1 F7CH20
A0A287BKD3 F6WXS3
A0A287BP46 H9GZX3
F1SFK0 F7BN37
A0A287B2X3 F6X5P0
F1SKK1 F7DCX4
F1RMA3 F6VJ81
A0A287B0X1 F6XN96
I3LFX5 F6YQH6
I3LPU5 F6VDS6
I3LCA2 F7B6P6
F1RF93 F6WGH2
A0A286ZWP6 F6YJV0
I3LM39 F6RVT9
I3LFS1 F6QM47
F1STD8 F7A9E9
A0A287BKU0 F7CHX5
A0A287BAL0 F7CIY9
F1SKT4 F6WEH3
F1S9Q1 F7AUW2
F1RFX5 F7CGI6
A0A287B9K7 F7BG35
C9E1C9 F6PZC1
F1RK84 F6TE92
F1SIC1 F6UAU0
F1RFG5 F6YZL0
A0A286ZQA5 F6VJ81
P51461 F7D0L5
A0A287ANH9 F6ZQX6
A0A287B0J6 F6TVA0
F1RMN5 F7DGI1
F1SHP6 F7A4K0
A0A287AV76 F6ZQX6
F1SJV7 F7DFG1
F1S5P5 F6YME5
K7GL45 F6PTV7
G9K122 F6UGU4
F1SG38 F7AK88
A0A287ARA4 F6T061
M3TYJ4 F6YYN8
F1SR95 Q9TTQ3
A0A287AX02 F6R7J2
F1RGM8 F6XCC6
I3LVB8 F6V4Y8
F2Z5G2 F6ZLQ3
F1RQI7 F6QA97
I3LK68 F6QIV1
F1RNN1 F6UZC9
A0A287A582 F7CB77
F1RWF7 F6TZQ5
A0A287BHL1 F6VMT4
F1SCF5 F7A0C8
F1RNC9 F6PUL2
A0A287AF76 F6U301
I3LP11 F6SJL8
A0A287BNM0 F6SRK4
I3LU08 F6ZWY6
A0A286ZLT0 Q08IE6
A0A287AGP9 F6WF89
K7GND6 F7AQM7
A0A287ABT2 F6ZWY6
F1SQT2 F6YNS5
F2Z4Y0 F7A984
A0A286ZT06 F7A4F3
A0A287AM51 F6V3K2
A0A286ZIJ9 F7E030
P68137 F7CZ92
F1SGZ6 F6RUY8
F1SGF1 F7DPA6
A0A286ZZS2 F6X8D2
F1RVV6 F7D809
A0A287BAM9 F6S3E5
I3LP11 F6ZR68
F1RN84 F7B297
F1SPW6 F7CA12
A0A287BKR2 F6XK12
F1RJL2 F6WGT1
K7GKS8 F6ZWY6
I3LPX5 F6ZZT8
F1S8V5 F7BY97
Q2EHH7 F7AYW3
F1RYU8 F6ZBD7
A0A287ATP8 F7BBN3
F1SAU5 F6ZLQ3
F1SS96 F7CKX3
Q95250 F6Z4E8
F1SFK0 F7A984
F1RRR8 F7DSH8
A0A287BAI1 F6UBS3
F1RLB6 F7CWP1
I3LNG8 F7E1X2
A0A287AHF0 F6SRE2
A0A287AQT5 F6TCA0
A0A287AMJ5 F7DPI5
F1SKD5 F6T5N4
I3LBW5 F6YZR5
I3LBD6 F6VL27
I3LVL1 F6YME5
F1RNA6 F6YNS5
A0A287AG87 F6SKU5
A0A287A2R9 F6XA04
A0A287ANH9 F6V3K2
F1SJ69 F6VY84
A0A286ZVC7 F6TVA0
A0A287AVJ0 F6VSB5
K7GL45 F6WQ37
F1SIX8 F6W4F0
F1RTL0 F6ZGY3
F1SMP5 F6RQB7
A0A287ATW2 F6U2I2
A0A287A4H3 F6RIW1
A0A287A9U8 F6XL68
F1SCF5 F7CKI0
F1RYP8 F6S9A7
M3VK28 F6Y797
A0A287BQX1 F6XL24
I3LHI3 F6W836
I3LG10 F6V5B8
I3LU08 F7BJA4
I3LCA2 F7AVY8
A0A287A6L4 F7C432
O18831 F6VWF8
A0A287BSE8 F6TVA0
A0A287B7I6 F6VDS6
A0A286ZZH7 F6UGE6
A0A286ZI45 F7AQB2
I3LID0 F7C4S9
A5A4L7 F6R282
A0A287BI89 F7CKI0
F1RKZ6 F6WGT1
F1SKD5 F7A4K0
M3VK38 F6ZV22
F1RHJ1 F6YKY8
F1SQU5 F6WGC9
P28491 F6TQR2
G9K122 F6RDF7
A0A287AQT5 F7AQB8
A0A287BCR0 F6VDZ9
F1SUK6 F6YKU1
I3LFX5 F7E0N3
F1SJ31 F6TD42
F1SKT4 F6W836
A0A287B5K5 F6T1Z3
F1SEX5 F6X782
F1RUS8 F7C2V0
F1SGZ6 F6Z4E2
F1RSS9 F6WHV9
F1S5P5 F7AQB2
A0A287B0I5 F6XXV8
P79288 F6T3I3
F2Z4Y0 F7BN37
A0A287AFX1 F6TBN7
I3LC77 F7ARE5
F1RP49 F6XKN4
F1RZ97 F7BQH4
A0A286ZQL9 F6WUM6
I3L5I1 F6RQX2
A0A287APX6 F7DZT2
F1RP44 F7C432
O02799 F6SRZ6
I3LH52 F7DT29
A0A287ALR6 F6WJN6
F1RP44 F6QJC7
A0A287A5W0 F7AVY8
A0A287AKE2 F7A0C8
F1SA58 F6ZTG6
A0A287AV76 F6X7R7
F1SRZ3 F6TND5
I3L8K4 F6VJ81
F1S1K0 F6W1M4
F6QAM9 F6X5J6
A0A286ZIJ9 F6QBH0
F1RKZ6 F7A2K4
F1RLA7 F6QKH3
A0A287ARA4 F7B748
A0A287A6L4 F6RIW1
C9K505 F7BVE8
A0A287ACY5 F7C2S1
A0A286ZIJ9 F6QIV1
A0A287B0X1 F6QA97
F1S668 F7BRQ6
F1RGA9 F6TKR5
F2Z5F2 F7BD89
F1SC57 F7B4V6
A0A287B4I1 F6ZGQ9
A0A287AQT5 F6ZMZ5
A0A287A9K0 F7BV85
J9JIK8 F6RMA4
F1RJH1 F7BYQ4
K7GN34 F7CCF5
A0A286ZZ17 F6SRK4
F1SL15 F6UYB6
Q6RVA9 F6QQG2
A0A287ABT2 F6XCC6
F1RKZ6 F6XPL9
A0A287B0Y3 F6SRK4
A0A286ZT06 F6W836
A0A287ATW2 F6UWT0
A0A287ABT2 F6W365
A0A287B024 F7DM65
I3LBT8 F6QM47
A0A286ZKN9 F7C1M0
F1SJ31 F7C446
I3LBW5 F6SL61
F2Z5V5 F6ZZI8
F1RQZ0 F6QJC7
I3L9N5 F7AG66
F1S0S8 F7A2K4
F1SGZ6 F6SRK4
F1SIE6 F7B8B3
I3LH38 F6Y987
F1SU46 F6UYB6
I3LFS1 F6UQV4
A0A286ZLT0 F6VDS6
A0A286ZWZ7 F6TE92
A0A287A447 F7DLA4
K7GRV6 F7BZ88
O02799 F6X782
F1SGX3 F6UNM1
A0A287AM51 F6VK74
Q3ZDR4 F6TRE4
P67776 F6WZY9
F1RQB0 F6YGI2
I3LDU2 F7C592
F1RFB7 F6Z0N7
B1NI70 F7BG55
F1S0S8 F7BV85
A0A287A9K0 F7CG77
A0A287ASV1 F6Z319
F1S0D9 F7C432
F1SN51 F6QKH3
F1RKN9 F6X3W2
A0A287AKR9 F7DYB4
A0A287A9H2 F7CKR6
A0A286ZWP6 F6XTW3
Q06AK6 F7CYW9
A0A287B749 F6X7R7
A0A287ABT2 F7AQZ6
A0A287B5K1 F6ZAL1
A0A287BEY7 F6ZS96
F1SN51 F6Z4E2
A0A287AZJ9 F6YKY8
A0A287BM02 F6V0I7
F1SLM7 F6PXA5
F1S5V0 F6R0Z7
D5KJI2 F6SP56
F1SI81 F6VY32
F1SGF1 F7DIL5
A0A287A9K0 F7A2K4
F1RM52 F6ZK80
A0A287B621 F6WXA6
A0A287BDM0 F6TYM3
F1SU46 F6VDS6
F1SA70 F6Q3U8
A0A286ZKK7 F6RB95
I3LVB8 F7D8U2
F1RVT6 F7CKI0
A0A286ZQL9 F7B297
A0A286ZS00 F6RQX2
A0A286ZK81 F6PR27
F1SED9 F7A4I6
I3LVL1 F6SRK4
F1SGQ0 F7B4L1
A0A286ZV44 F7CG77
F1SGF1 F6WGT1
I3LGU6 F6RH07
F1SUH2 F7CYW9
F1RL99 F7CYW9
A0A287BR44 F6ZZ33
F1RZZ3 F7BHX5
F1SLZ3 F7D368
F1RQC5 F6S3E5
A0A287AA35 F6RA82
A0A287BNM0 F6RUY8
A0A286ZWZ7 F6UYJ8
F2Z4Y0 F6TZ46
A0A286ZXS0 F6ZI51
F1RGM8 F6R0E4
A0A287AKA3 F6ZPX5
A0A287BE06 F6T1S2
A0A287B0Y3 F6YME5
F1RKW8 F7AL87
I3LH19 F7CBF3
I3LPW1 F6SYN3
F1SU46 F6R6X2
F1SCF5 F6WVK2
A0A286ZPK2 F6ZPE1
I3LFX5 F6YCM3
B7U6F1 F6VEY6
A0A287B024 F6PUI6
A0A287BRD8 F6QPW3
I3LDS3 F7DBY8
A0A287B621 F6ZAV3
F1SMH8 F7D2H3
I3LPU5 F6R6X2
A0A286ZWP6 F7DYB4
F1S3R0 F7CJ96
Q95250 F6SJM8
A0A287B1Q0 F6WGL8
F1RZK1 F6XMB2
A0A286ZVC7 F6S6H7
F1SKP8 F6VWF8
A0A287AZJ9 F6UQV4
A0A287B1I0 F7C1P1
F1S0P4 F6W365
F1RU77 F6Z0N7
O18831 F6U0G2
F1RJ11 F6XMK4
F1RMN5 F6QQL7
A0A286ZZS2 F6XA38
P13222 F6U0G2
F1SRZ3 F7DFG1
F1S0D9 F6T1Z3
K7GKS8 F6ZMZ5
F1SJ93 F6Q3U8
A0A287AM51 F6ZQX6
A0A287ASF2 F7D809
C3RZ98 F6QM47
A0A286ZZ53 F6TNI8
F1RQR3 F7AP50
A0A287AZJ9 F6RB95
A0A287BKD3 F7C4S9
F1SCF1 F7B7B7
F1RQB0 F6S3X5
F1S8F9 F7A654
F1SPK3 F6XD72
F1S9E2 F6ZW68
I3LU08 F6T5N4
F1S001 F7AH79
Q3ZDQ5 F6SUX5
A0A287ALR6 F6SU26
A0A140TAJ8 F6QQL7
P13222 F6S9A7
F1RHJ1 F7CKI0
A0A287AWA9 F6QA97
F1S0S2 F7A654
A0A287A9H2 F6XTW3
A0A287A1V5 F6SX98
A0A287AN25 F7AQ87
D2KQR0 F6RA22
A0A287A1V5 F6Z4V6
A0A287BSE8 F7BME5
F1RMT4 F7C1P1
A0A287AA61 F6S559
F1S034 F7AH79
M3TYJ4 F7C432
I3LH52 F7D2H3
B7U6F1 F7E443
F1SRN9 F6ZZ33
P67776 F7BCF7
F1S689 F6TZF9
I3LJC2 F7AQ87
I3LMX3 F6Q3U8
F1RMJ3 F6T1S2
A0A287AMN8 F6X9T7
P68137 F7ALV0
F1RZB9 F6YDC3
I3LG10 F6VEG9
F1SFL1 F6RIG2
F1RNN1 F6VK19
F1RHJ1 F7AH79
P51461 F6ULL2
F1RYU5 F6S9A7
K7GKS8 F7AQB8
F1RQR3 F6T962
I3LF48 F6W4F0
A0A286ZQP7 F7CCR9
A0A286ZN63 F7BKD4
A0A287B0J6 Q08IE6
A0A287ASL6 F6WCN4
I3LLX9 F6Z0N7
A0A287AQ50 F7A1K7
F1RNN1 F6ULL2
F1SFL1 F6Z904
F1SN51 F6TYE4
A0A287BE94 F6SRK4
A0A286ZPR1 F6V4Y8
M3TYJ4 F7AS83
F1SAZ7 F6ZBD7
A0A287AHC7 F7E3Z1
F1SH68 F6TZF9
A0A287B7I6 F6ZA94
A0A287AFX1 F6ZQX6
I3LNZ6 F6VXS2
A0A287ABT2 F7BCF7
D5KJI2 F6STU2
F1RXM2 F6Z492
A0A287BSZ9 F6W0X2
F1RL99 F6XF44
I3L5T2 F7CT58
F1SDN2 F6TCZ6
F2Z517 F6YZ50
Q684M6 F6TE92
A0A287BRD8 F6UGK7
A0A287B0X1 F7CYW9
F1RN84 F6WUM6
F1S2H4 F6QIH3
A0A287ASV1 F6ZGQ9
A0A287AC51 F7CCF5
F1SSJ8 F7AER3
F1SKT4 F6S9A7
A0A286ZPR1 F6YZL0
Q5S1U1 F6YM88
A0A287AZJ9 F7CKI0
A0A287BFZ4 F6UBS3
A0A287ABT2 F7BJA4
I3LPU5 Q08IE6
F1SDT3 F7B4L1
A0A287AXP9 H9GZV4
F1RSV8 F6TYL7
F1RK92 F6X9T7
A0A286ZNY1 F6ZL78
A0A286ZK81 F6UBS3
F1SGC8 F6W365
K7GR11 F6ULL2
A0A286ZLT0 F6TVA0
I3LR71 F6USH3
A0A287A5W0 F7AE75
F1RT67 F7DM65
F1RW85 F7ARE5
F1SQ90 F7CVT9
A0A287BQX1 F6U1D9
I3L9V2 F6Q666
A0A287B024 F6T0T3
F1SEX5 F6YPC4
D5KJI2 F7DCJ8
F1SAU5 F6YYN8
F1SKG2 F6X8D2
P51461 F6UZC9
F2Z4X9 F6UBL0
A0A286ZLI8 F6Q4L3
F1S062 F6Q666
A0A287B5K5 F6RIW1
P50131 F7CIY9
A0A287AC51 F7CZ46
F1S0S8 F7B7L7
A0A287AV76 F6YZZ3
P07480 F6VMT4
A0A287BI99 F6PI03
A0A287BQX1 F6T061
O62640 F6SJV8
A0A286ZT52 F7DY73
F1RFB7 F6T0T3
O02799 F6T061
F1SEX5 F6XL24
F1S0P4 F6T5N4
K7GND6 F6WQM7
I3L6C0 F7AMB2
I3L9H8 F6S3E5
I3LU08 F6TCA0
A0A287A3D8 F6V076
K7GLC2 F6RWQ1
F1RZB9 F7BMG0
A0A287BE50 F6ZH82
F1SN51 F6RUY8
I3LQN8 F7D5X8
I3LVL1 F7AQB2
F1S034 F7A0C8
A0A287BBF5 H9GZT2
A0A287B3F4 F6UYJ8
F1SKR9 F7CEQ6
F1S5V0 F6UGK7
F1SC57 F7DM65
Q95250 F6YZZ3
A0A287AZJ9 F6S5L3
A0A287AA61 F6UAU0
A0A287B0J6 F6ZA94
I3LU89 F7BKD4
A0A287APW0 F6RRU3
A0A287AJ61 F6YPC4
F1S668 F7BTP9
F1RNA6 F6QQL7
A0A287BKJ3 F6T027
A0A287AHC7 F6SL61
A0A287B0Y3 F6Z4E2
A0A287B7I6 F7BME5
I3LRY4 F6ULH7
F1RFX5 F6UKI1
F1SRI8 F6RPR5
I3LH88 F6U5X9
F2Z5G2 F6YYN8
A0A287A447 F7CZ46
I3LFS1 F6WVK2
F1SL15 F6TVA0
F1RFB7 F6RL28
H2F098 F6RX36
A0A286ZT06 F6VWF8
M3TYJ4 F6ZLQ3
A0A287AIA1 F6QQG2
F1SKT4 F6V076
F1RZB9 F7E0K7
F1RRP2 F7C3Z3
F1RJU1 F7DBY8
I3LR86 F6YYN8
F1RMJ3 F6X8D2
A0A287A3D8 F6W836
B4YSE7 F6VM67
F1S6G8 F7A4F3
F1RHJ1 F6S5L3
F1SIX8 F6V5B8
F1SQ90 F7B113
F1RU77 F7AER3
A0A286ZYB5 F6WBT3
F1S4T0 F6U9W6
F1RGX9 F6PIK9
I3LQN8 F7D368
J9JIK8 F7BEP7
F1SD58 F7DQE7
F1SRV9 F7DZB2
F1SKP8 F6S9A7
A0A287BP46 F6Z985
F1SU46 F6TVA0
A0A286ZMP7 F6XFN5
A0A287ASF2 F6T027
A0A287B1Q0 F6ZAL1
I3LK68 F6QBH0
A0A287AKE2 F7AH79
Q7M2W6 F6SYI2
F1S7K1 F7AF11
A0A287A582 F7A4X7
F1RT67 F7AER3
A0A287BKU0 F6WUQ0
I3LPU5 F6ZA94
F1SSQ2 F6TKR5
F1SHP6 F6W365
A0A287ALR6 F6YYW6
F1RMC2 F6WCN4
F1RLA7 F6RUY8
I3LUI7 F7AER3
F1RP44 F6V1T9
I3LDS3 F7AV69
F1SEV4 F6UV62
B0M1M6 F6SWI3
K7GN38 F6Z1G8
A0A287BAI1 F7C4S9
F1RU77 F6T0T3
B7UCT2 F7C1S0
A0A287ANH9 F6Y5X4
F1S0P4 F7A445
A0A287A5V7 F7CFZ8
F1SPP6 F7DFG1
A0A287BNM0 F6QKH3
A0A287AQT5 F6ZWY6
A0A287BSE8 F6S6H7
A0A287AKE2 F7CKI0
F1SAU5 F6T1Z3
F1S062 F6UGK7
A0A286ZID2 F6WF09
I3LH19 F7ASX6
F1SGZ6 F6QKH3
A0A287AWA9 F7CYW9
I3LQF8 F6TR20
A0A287BNM0 F6Q1Y2
A0A286ZS52 F6UJY8
F1SL15 F6R6X2
A0A287AKE2 F6RB95
F1SED9 F6T0G4
A0A287BA07 F6T3I3
F1RUL1 F7AQ87
O18831 F6W836
F1SQT2 F6QQL7
I3LJP2 F6TF18
A0A287A5W0 F7AL87
A0A287ARA4 F7A746
I3L855 F6T0T3
P82460 F6UYW3
F1S8V5 F6ZAV3
A0A287BI89 F6YKY8
F1SE72 F7CUM5
F1SL15 F7BME5
A0A287A6L4 F6YYN8
F1SJ69 F6X8K1
F1RQZ0 F6T1Z3
F1S5P5 F6SRK4
F2Z4X9 F6SIH2
F1S0P4 F7A4K0
Q06AU6 F6RIG2
I3LNP8 F6PMH6
A0A287A5W0 F7DY73
A0A287AZJ9 F6WVK2
F1RM98 F7BMG0
I3LP69 F6WFB5
I3LPU5 F6PQG5
F1RJL2 F7DW15
I3LM80 F7DNP2
A0A286ZS00 F7BPE3
I3LH19 F6TM98
F1RKW8 F7B6P6
I3LBP0 F7A4J2
Q197W4 F7DKB2
F1SRZ3 F6VSI3
F1SN51 F7CH20
A0A286ZYW0 F6T7P5
I3LFG4 F7E0K7
F2Z5G2 F6T1Z3
I3LR86 F6RIW1
I3L9U8 F7BD82
F1SIX8 F6ZBD7
I3LQF8 F7BN37
A0A287APW0 F7B9G0
F1SDT3 F6Q1B4
A0A287AIM1 F6QQL7
I3LM80 F6Q3U8
F1RW05 F6S4D5
I3L9H8 F6S1R4
F1S5S8 F6ZTG6
A0A286ZIJ9 F6ZQX6
A0A287BI89 F6UQV4
A0A286ZKN9 F7CIY9
F1RLA7 F7AQB2
A0A287AKE2 F6S5L3
F1SBE6 F6YQ13
A0A287ASL6 F7BRQ6
A0A287BBF5 F6XRI3
A0PFK5 F7BAX0
A0A286ZJM4 F6ZQE2
F1RYU5 F6W836
A0A287BBP6 F6YPC4
A0A286ZK81 F7C4S9
A0A286ZVJ4 F6V1T9
F1RVT6 F7AH79
I3LPN4 F7B297
A0A287B5K5 F6ZLQ3
A0A287AWH2 F6TNW5
Q9BDC3 F6U567
I3LR86 F7AS83
F1RJY2 F6SC92
B3XXC2 F7E0K7
F1RG41 F6R2M0
D3K5N7 F6VTW3
F2Z5J1 F7AVY8
A0A287A3B7 F7E3E6
F2Z540 F7AU83
F1RQL2 F6WLR2
I3L9V2 F7AES8
J9JIK8 F6UGI4
F1RYU5 F6VWF8
A0A286ZKK7 F7A0C8
F1RGM8 F6VAF4
A0A287BM99 F6YZL0
F1SCF5 F7AKA4
A0A287AKE2 F6UQV4
A0A287AFL9 F7BVE8
C5H0C6 F6YLB4
I3LQF8 F6YUX4
F1RJL2 F7DPA6
F1SC89 F7DF61
K7GKS8 F6TCA0
F1SMP5 F6S559
I3LQ19 F6R166
I3LFS1 F6RB95
A0A286ZP65 F7DZV9
A0A287AIX3 F7CJW8
Q864V7 F6Y797
I3LBY1 F7DPI5
K7GN38 F6VMK5
F1SJ31 F6Z319
D5KJI2 F6QQL7
A0A287A5N9 F6Q243
A0A287BM79 F6QY89
F1RMN5 F6YNS5
F2Z4Y0 F6ZF77
F1RJX8 F6YYN8
F1S034 F6RB95
F1RQC5 F6S1R4
F1S8D4 F6ZWY6
A0A287AX02 F6XJ99
A0A287AUP1 F7AQM7
C5H0C6 F6R0Z7
F1SKT4 F6U0G2
F1S0D9 F6YYN8
I3L570 F6S891
I3LUI7 F6T0T3
A0A287BDY2 F6S9I9
F1SGF1 F6VNC0
K7GKS8 F7DMV6
A0A287BE94 F7AQB2
A0A287AC51 F7DFG1
I3LUX4 F7DFG1
A0A287ADN5 F6SP56
D5KJI2 F6YNS5
A0A287AZJ9 F7CI38
A0A287AMD1 F6SAR8
F1SGZ6 F6TYE4
I3LFG4 F7BMG0
F1RKW8 F7DY73
A0A287A9K0 F6WGT1
F1S062 F7B7L7
A0A287BR93 F6VSI3
A0A287BNZ9 F6QQL7
A0A286ZZS2 F6T1S2
A0A286ZKK7 F6YKY8
A0A287BSE8 F6R6X2
K7GKS8 F7A445
A0A286ZXK3 F7CJW8
F1SAW7 F6W0V3
A0A287A9H2 F6TYL7
K7GRK2 F6XRI3
Q29036 F7E3B2
A0A287A447 F6TND5
C3RZ98 F6ZZI8
F1RYP8 F6VWF8
C3RZ98 F6RMA4
F1SFK0 F6TR20
F1S5Q2 F6RPR5
A0A287AMN8 F7CCF5
A0A287B4I1 F6VVL8
F1RX16 F6TZX8
F1S009 F7CT58
I3LUI7 F6Z0N7
F1RIP4 F6YM88
A0A287AWA9 F6XN96
A0A287BDM0 F7CL86
F1SDM2 F7B477
F1S001 F7A0C8
F1SGF1 F7CG77
A0A286ZRM0 F6U5M0
M3TYJ4 F6QJC7
I3LUI7 F7B4V6
A0A287AFX1 F7B821
A0A287BBM7 F6Q4I9
A0A287BE94 F7CH20
F1RQZ0 F6V1T9
F1S5V0 F6XC16
A0A287A737 F6SU91
F1S4P6 F6XE64
F1RQI7 F7CYW9
F1SU46 F6ZA94
F1RZK8 F6YLA3
A0A286ZZ17 F7AQB2
R4JU57 F6U9I3
A0A287BDL6 F6ZTR4
I3LHU4 F7BBG7
I3LR86 F6T1Z3
A0A287AKR9 F6XTW3
A0A286ZK79 F7CMX2
F1SSL4 F7AS83
A0A287AX02 F6YKN9
A0A287ABT2 F6TCA0
A0A287BBM7 F7D8U2
A0A287BAM9 F6WGL8
A0A287ALS3 F7AQV3
A0A287BPQ8 F7D9K7
F1S8F9 F6UVS7
A0A287B5K5 F7AS83
I3LP11 F6QBA4
A0A287B5M8 F6ZIW8
F1RU31 F7E4H2
Q3ZDQ5 F7BRQ6
A0A286ZL61 F7CIM1
A0A286ZKV2 F7CDD7
F1RYU5 F6V076
A0A287AFX1 F6Z4V6
A0A287ARA4 F6XL24
I3LFX5 F6Y797
F1RFG5 F6V4Y8
F1RLA7 F6Z4E2
I3LF48 F6VEG9
Q01580 F6UZK9
F1SKD5 F7AQB8
F1SUB2 F6XCC6
F1SJ12 F6TWQ8
F1S0S8 F7DW15
F1RT53 F6U2A1
F1SGF1 F7BV85
A0A286ZJ13 F6ZH82
P51461 F6UKI1
F1S5S8 F6SUQ1
F2Z5F5 F7DW15
F1RYP8 F6U0G2
B3SP85 F6YME5
O18831 F7A4F3
F1RHJ1 F6QM47
A0A287B3M4 F7BG55
Q29549 Q29482
F1RZK8 F7AF11
F1SPP6 F7CZ46
Q95250 F6X1V6
F1RVV6 F6YJ88
F1SAZ7 F6VEG9
F1RZK8 F6WXA6
F1RMM8 F7BMC4
A0A287AM68 F6YSV2
K7GKS8 F6T5N4
F1RN84 F6ZDZ9
F1SGC8 F7BJA4
A0A287ARD1 F6PJ06
A0A286ZI45 F6SRK4
F1RJX8 F7AS83
P82460 F7CIM1
A0A287AV76 F6SJM8
I3LTD6 F6R1Z0
I3LVL1 F6RUY8
F1RLA7 F7CH20
A0A286ZJM4 F6XUJ2
F1RGY8 F6S8H7
A0A287AJQ1 F6XXS9
F1SHP6 F6ZWY6
F1SSJ8 F6RL28
F1SC57 F6RL28
F1SMV6 F6RGR8
F1SAQ6 F7CKX3
F1S6G8 F6S9A7
K7GL45 F7CAI5
F1S0S8 F6WGT1
F1SNW8 F6UHC7
I3LBD6 F6W0X2
A0A287BKJ3 F7D809
A0A287BAI1 F6YCJ3
A0A287AUV9 F7BSD3
F1SUV6 F6RVP2
A0A287AQ63 F7D2G7
A0A286ZT06 F6WEH3
F1SED9 F6WZU9
F1RYA1 F7DNE5
F1RFX5 F6UZC9
A0A287AC51 F6X9T7
I3LH88 F6PXA5
K7GRS5 F7CW82
F1SA98 F6WZY9
F2Z5F5 F6VNC0
F1SED9 F6TM98
F1RQR3 F6V6X5
F1RYU5 F6U0G2
A0A287BR93 F7DLA4
F1RFX5 F6S4D5
A0A287ABE3 F6XJE0
F1S6G8 F6U0G2
F1S0L5 F6U5M0
F1CK17 F6TCZ6
G9K122 F7DFG1
A0A287B0Y3 F6TYE4
A0A287AU22 F7AD88
F1RQZ0 F6ZLQ3
F1RHJ1 F6UQV4
A0A287BEB8 F7CGI6
A0A287BE94 F6YME5
A0A287B6S0 F7E373
F1SMP5 F7CSP3
A0A287BNM0 F6TYE4
I3LFS1 F7AKA4
A0A287AU26 F6UDF2
I3LPI5 F6YEB4
A0A286ZKR9 F7A8D2
F1SED9 F7ASX6
F1SP95 F6TI68
A0A287AHF0 F7CMX2
F1S062 F7DW15
I3LID0 F6WXS3
A0A287BF06 F6SP56
A0A287BN54 F7DBS4
F1S8L6 F6SLZ9
A0A286ZT52 F7AL87
G9K122 F6X9T7
I3L855 F6Z0N7
A0A286ZT52 F7AE75
F1SGZ6 F6YME5
A0A287AEI6 F6ULH7
F1RPH3 F6YGI2
F1SMI2 F7B1A9
A0A286ZN63 F6ZPX5
F1RJX8 F6ZLQ3
A0A287BHL2 F6ZBD7
A0A287BBP6 F6U1D9
A0A287A3D8 F7A4F3
F2Z5F5 F6XPL9
A0A287BIK0 F6WQB7
F1S6G8 F6W836
F1S5P5 F6RUY8
F1SGQ0 F6Q1B4
F1SG07 F6Q4I9
I3LPN4 F6WUM6
A0A287A9K0 F6XPL9
B3XXC2 F6YDC3
F1SIE6 F7DE75
A0A182B7B1 F6UKX5
F1RQR6 F7D809
A0A287B0J6 F6UYB6
I3LC77 F6V0I7
A0A287B7I6 F6TVA0
A0A287B1Q0 F6S3E5
Q3ZDQ5 F6SR43
F1RK92 F6VSI3
B5LX40 F6PPE5
A0A286ZS42 F6Y2M6
G9K122 F7CCF5
A0A287B4G4 F6ZLV2
A0A287AKR9 F6YJV0
A0A287B1Q0 F6S1R4
A0A286ZVC7 F6UYB6
F2Z4Y3 F6VBE9
A0A287AXD7 F6S559
F1SA70 F6X7C1
J9JIK8 F7D2I6
A0A286ZT06 F6X5P0
A0A287AKA3 F7DRA2
A0A286ZPR1 F7BMY5
A0A287BM99 F6V4Y8
F1SUK6 F7B2K9
A0A287ANH9 F7D482
F1RLA7 F7BRL2
F1S001 F6WVK2
A0A287AQT5 F7BJA4
F1SEV4 F7B8X2
A0A286ZNY1 F6SWI3
A0A287AV76 F6V3K2
A0A287ALL3 F7BM24
F1SME2 F6SYG5
Q8HZV3 F6SX98
F1RZK8 F7BY97
I3LU08 F7DMV6
F1RKZ6 F7BV85
F1SGZ6 F6Q1Y2
M3TYJ4 F6RIW1
F1RKW8 F7AE75
F1SPP6 F6VSI3
F1SA04 F6ZAL1
A0A286ZXK3 F6VM67
F1SC57 F6T0T3
A0A287AV76 F6X1V6
F1SIX8 F6VEG9
F1SNW8 F6VZT9
A0A287BSE8 F6ZA94
I3LBT8 F6RB95
F1SA57 F6YHD4
A0A287B2X3 F6VWF8
A0A286ZWD3 F7C1P1
A0A287A9K0 F6VNC0
A0A286ZQP7 F7AQ87
A5GFY4 F6WUM6
F1SAZ7 F6W4F0
I3LJP2 F6WFD3
I3L9F2 F6Y6S9
F1S6G8 F6X5P0
I3L7L2 F7CCR9
A0A287BS39 F6X756
A0A287B749 F6ZXA2
F1SJ69 F7CYW9
I3LG10 F7B2K9
A0A287BLE1 F6WA05
F1SPP6 F7CCF5
A0A287AJL4 F6X982
F1RVT4 F7D809
I3LHI3 F6V076
F1SGF1 F7A2K4
F1SUK6 F6ZBD7
A0A287ALS3 F7BS54
A0A287BBP6 F6XL24
I3LR86 F7C432
I3LPU5 F6S6H7
I3L9V2 F6UGK7
K7GN34 F7DLA4
Q197W4 F6R6X2
F1SEZ4 F6X3P7
F1SUK6 F6T452
F1RL04 F7AQZ6
F2Z4Y0 F6TR20
F1SG38 F6YLA3
F1SG07 F6YZL0
I3LBW5 F7E3Z1
A0A287ANH9 F6SJM8
A1XSY8 F7ASX6
M3VK28 F6YQH6
F1SKE4 F7B113
F1SFK0 F6YUX4
F1RYU5 F6WEH3
I3LCM7 F6T3I3
I3LMX3 F6X7C1
F1S1S3 F6Z319
F2Z5F2 F6YSU4
A0A286ZV27 F6R830
A0A286ZVC7 F6ZA94
Q95250 F6Y5X4
K7GR11 F7C8S9
A0A287B2X3 F7A4F3
A0A286ZPP8 F7DF72
F1SRZ3 F7CCF5
J9JIK8 F7A5R3
F1S8D4 F7A445
A0A287A3D8 F6X5P0
F1RHU6 F6U210
F1RL04 F6U2A1
F1RQR6 F6YJ88
K7GN38 F6S6U7
A0A286ZXK3 F6ZTG6
P79432 F7DNE5
F1SP15 F6V7A4
F1SJ93 F7DNP2
F1SA04 F6V852
F1SV14 F7DLG7
K7GKS8 F7A4K0
A0A287A3D8 F6VWF8
K7GKS8 F7BJA4
A0A287BI89 F7A0C8
I3LH19 F7A4I6
A0A286ZKK7 F7CI38
F1RQZ0 F6YYN8
F2Z517 F6U224
A0A287AEW3 F6UGK7
F1RJR1 F6U143
A0A287A6L4 F6T1Z3
F1S8D4 F7DMV6
A0A287ABJ3 F6RPR5
A0A287B2X3 F6U0G2
A0A286ZVJ4 F6QJC7
F1RLB6 F7B8B3
A0A286ZZ17 F7CH20
F1SGX1 F6R2E1
A0A287BMU9 F6WAA8
F1SG38 F6WXA6
A0A286ZN63 F7DLC0
Q197W4 F6YQU0
F1RPH3 F6S3X5
A0A287AV76 F6ZXA2
A0A287AJ61 F7B748
F1RV14 F6W6Q5
F1SHP6 F7A445
A0A287ANH9 F6ZXA2
A0A286ZV27 F7DY53
F1SN51 F6SRK4
F1S6G8 F6VWF8
Q3ZDQ5 F6WCN4
A0A287BI89 F7CI38
I3L5I1 F7BPE3
A0A286ZK81 F6YCJ3
P68137 F6UYW3
P13222 F6X5P0
F2Z5V5 F7A5R3
A0A287BKJ3 F6YJ88
F1SA98 F6SP02
A0A287BL45 F7AHL5
A0A287AKR9 F6TYL7
B4YSE7 F7CJW8
F1SFQ4 F6ZAL1
F1SUH2 F6X8K1
F1RL99 F6VY84
F1S001 F6YKY8
F1SNT8 F7DD35
F1SU46 Q08IE6
F2Z5F2 F6R2L2
I3L855 F7AER3
F1RMM8 F6YJT5
I3LCX0 F6YG35
A0A287APB0 F6Z5F4
G3FNU6 F6ZLV2
A0A287B749 F7D482
F1RGM7 F6YWZ6
A0A286ZPE3 F6YZ44
A0A287B7I6 F6R6X2
A0A287AZJ9 F6QM47
A0A287BE06 F6XA38
A0A287BNZ9 F6YNS5
A0A287A9K0 F7B7L7
A0A287AU22 F6V704
F1RT51 F7A4N1
I3LNZ6 F7AMB2
A0A287BBM7 F6YZL0
F1SPP6 F7DLA4
F1SG07 F7C4H2
A0A287AM68 F6UWT0
A0A287ARA4 F6YPC4
Q197W4 F6TVA0
F1RHU6 F6SP02
Q3ZDQ5 F7BTP9
I3LBD6 F6UUN5
F1SHF7 F7D809
M9MMN1 F7DNV3
A0A287ASV1 F7A6R9
A0A287ABT2 F6R0E4
F1SV14 F6WGL8
A0A287A233 F7ACY5
A0A287AH55 F6QKQ9
I3LQ19 F6QSA6
F2Z558 F6XEB4
A5GFY4 F6U4D9
A0A287AE63 F6SIH2
F1RJL2 F7DIL5
I3LPN4 F6ZDZ9
F1SDT3 F6YHD4
F1SI81 F6YXG2
Q95250 F6ZQX6
I3LBT8 F6S5L3
I3L9F2 F7E4H2
A0A287B0B0 F6SXK8
F1SG07 F6V4Y8
F1RNC9 F7AAP3
I3LID0 F6UBS3
A0A287AR90 F7DJB1
A0ZVR0 F6YQ51
F1RQR6 F6YQ13
A0A287BNM0 F7BRL2
F1SJ31 F6ZZ24
A0A287ATW2 F6YSV2
A0A287ARA4 F7BQL5
P67937 F6ZBW3
F1RHK8 F6PXA5
A0A287ARB3 F6PH15
A0A287ABT2 F6U2A1
A0A286ZXK3 F7CB77
I3LK68 F6TBN7
F1SFM8 F7D2G7
F1SG80 F6ZNY8
F1SMZ8 F6UP94
A0A287BAM9 F6S1R4
F1SHL9 F6YM88
F1SQ17 F7A7Y4
I3LU89 F6ZPX5
Q06AU6 F7AG66
A0A287B2X3 F6W836
A0A287BI89 F7AH79
A0A287AV76 F7D482
F1S1S3 F6VVL8
A0A287ASL6 F6SUX5
F1SFL1 F7AG66
F1RGM8 F7AQZ6
F1S001 F6S5L3
F1SH98 F7DMZ7
G9K122 F7DLA4
F1RHJ1 F7AKA4
A0A287BHL2 F6YKU1
F1RV77 F6QVR3
P67776 F6U210
F1S5S8 F7CB77
A0A287BBP6 F7A746
A0A287BSZ9 F6VL27
F8R6K7 F7CAF4
I3L8K4 F6PV98
A0A286ZI45 F6TYE4
K7GN34 F6UGU4
A0A287AFX1 F6SX98
I3LG49 F6YDC3
I3LPQ4 F7BKD4
I3LM39 F7CHG3
F1SEV8 F7DD35
F1RIG2 F6RQ49
A0A287BM99 F7D8U2
F1SDD7 F6Y987
F1SA58 F7A4X7
A0A287AF76 F6XIY9
A0A287BAE1 F6VMT4
F1SF78 F7AS83
I3LH19 F6YS83
I3L9F2 F6WQ61
A0A287B0Y3 F6RUY8
I3LPU5 F7BME5
I3LFS1 F6S5L3
F1S062 F7DIL5
F1SUB2 F6UHC7
F1RS76 F7BMG0
I3L6C0 F6VXS2
A0A287AJ61 F7A746
F1SNW8 F6XCC6
I3LUP6 F6YM88
K7GS49 F6R7X1
K7GND6 F6TKR5
A0A287A3W3 F6QPW3
I3LAS8 F6XK12
I3LUX4 F6UGU4
F1SAW7 F6WAA8
A0A287ARU6 F6U224
F1RSE6 F6RGR8
F1RTJ7 F6ZTG6
A0A286ZXK3 F7A4X7
F1RJL2 F7A2K4
A0A287A6L4 F6V1T9
A0A287AM51 F6XCF2
A0A287A1V5 F7E030
F1RL99 F6XN96
F1RJX8 F6T1Z3
A0A287B749 F6VK74
F1SU46 F6PQG5
A0A287B0X1 F6XF44
F1S062 F6R0Z7
A0A287A3W3 F6UGK7
F1SPK3 F6ZNP6
A0A287AMN8 F6TND5
F1RM41 F6PUL2
A0A287AQT5 F7A445
F1S415 F6STH6
F1S0P4 F6ZWY6
F1S001 F7AKA4
I3L9V2 F6R0Z7
O18831 F6X5P0
F1SGZ6 F7CH20
I3LK68 F6ZQX6
F1SA98 F7BCF7
F1RJL2 F7CG77
A0A287A1V5 F6TBN7
A0A286ZV36 F6SP56
I3LM80 F6X7C1
F1RQZ0 F7C432
I3LB10 F7DPI5
A0A286ZLJ9 F6ZPA5
F2Z5G2 F6QJC7
F1SN51 F7AQB2
F1S0S8 F7DPA6
F1SUB2 F6VAF4
F1RYU5 F7A4F3
I3LUI7 F6RL28
F1RW05 F7CST8
F1SKK1 F7BL77
F1SCF5 F6QM47
A0A287BMU9 F6RV05
F1RQI7 F6VY84
A0A287BM02 F7ARE5
F1S062 F6WGT1
A0A287BNM0 F7CH20
F1SRZ3 F7DLA4
F1RSE6 F6X3K0
F1SKD5 F6ZMZ5
A0A286ZQC1 F6U8W8
F1RSV8 F7CKR6
F1S0L9 F7BRQ6
A0A287BP89 F6ZGY3
F1RQR3 F6TF68
A0A286ZI45 F7CH20
F1RZK1 F7CSC1
A0A287ABT2 F7DMV6
F1RLB6 F7DE75
F1S0L9 F6SR43
I3LID0 F6YCJ3
F1SPP6 F6TND5
A0A287A9J8 F7D4M5
A0A287AJ61 F7D587
A0A287B0J6 F6VDS6
F1SJ69 F6XN96
F1SID1 F7BQ20
F1SMJ1 F6Q7J3
F2Z5F5 F7CG77
I3LH19 F6WZU9
F1STM9 F6ZFZ4
F1RS76 F7E0K7
A0A287BE06 F6ZL78
F1RLA7 F6YME5
F1SRZ3 F7CZ46
A0A286ZNY1 F6XA38
F1RFB7 F7B4V6
F1S5P5 F6QKH3
I3LLX9 F6T0T3
I3LBT8 F7A0C8
F1RK92 F7DLA4
I3LFS1 F7A0C8
I3LCN0 F7BY97
F1SSJ8 F7B4V6
A0A287BE94 F6Z4E2
A0A287ASC7 F6W110
Q5I2M3 Q2EEY0
A0A287ANH9 F6YZZ3
A0A287BS98 F6ZSN8
A0A287ARA4 F6X782
A0A287A233 F7BI80
F1RHJ1 F6WVK2
F1RJX6 F7C8S9
F1RM98 F6YDC3
I3LP37 F6ULH7
A0A287B3F4 F6TE92
A0A286ZQA1 F7A2J7
F1RL99 F6X8K1
D5KJI2 F6W8X2
B4YSE7 F7CB77
A0A286ZZ17 F6Q1Y2
A0A287B0Y3 F7CH20
Q06AK6 F6XN96
F1SMZ8 F7C0H4
F1RXU4 F7AP50
I3LPQ4 F6ZPX5
A0A286ZI45 F6QKH3
A0A287B0Y3 F6Q1Y2
F1RQI7 F6X8K1
F1SUB2 F6VZT9
F1S0D9 F6V1T9
A0A287AV76 F6XCF2
K7GKS8 F6W365
A0A287A4Z0 F7C1M0
F1SL15 F6ZA94
A0A287BDW6 F6PTV7
F1SGQ0 F6S1M3
A7XUJ6 F6URD5
F1S287 F6ZH82
F1SHB8 F6VZD2
F1RXC9 F6YZL0
F1RYU8 F6ZZ33
F1SJX5 F7CUM5
I3LFR2 F6SD05
A0A287BQX1 F6YPC4
K7GR11 F6VK19
F1SC57 F6Z0N7
F1S0S8 F7CG77
F1SGC8 F6ZMZ5
F1S0L9 F6SUX5
F1SU46 F6S6H7
I3LQN8 F7DCX4
F1RHK8 F6U5X9
A0A287A1V5 F6QIV1
F1SUK6 F6V5B8
F1RIP4 F6X277
A0A287AA35 F6QKQ9
Q19S50 F6Z6Y4
I3L6Z7 F6RXS0
I3L9V2 F6XC16
A0A287BDW6 F7CAI5
A0A287A9H2 B2L109
F1RMN5 F6W8X2
A0A287AKE2 F7AKA4
D3U7X2 F6QFJ2
I3LFS1 F6YKY8
P61292 F6ULH7
F1SKK1 F7D5X8
A0A287BR93 F7CCF5
A0A287AHC7 F6YZR5
A0A287BHL2 F7B2K9
A0A286ZJ13 F6W7W6
F1RY92 F7AVB5
A0A287AKE2 F6YKY8
A0A287AZJ9 F7A0C8
F1S8D4 F6T5N4
F1SCH1 F7A1K7
F1RT67 F6PUI6
F1SIC1 F6RQB7
I3LG10 F6ZBD7
F1SIC1 F7CSP3
F1S8D4 F6W365
I3LFS1 F7CKI0
A0A286ZZ17 F6YME5
F1RJX6 F6WJN6
I3LF48 F6T452
A0A287A096 F6ULH7
A0A286ZNY1 F6X8D2
I3LVL1 F6QKH3
K7GM45 F6QH40
F1SGF1 F7DW15
A0A286ZV36 F6STU2
Q06AU6 F6Z904
A0A287AWA9 F6XF44
F2Z562 A2Q127
A0A140TAJ8 F7DGI1
F1SGC8 F7AQB8
A0A286ZS33 F6SQ43
F1RVT6 F7AKA4
A0A287BI89 F6QM47
A0A287BNM0 F6Z4E2
F1RVT6 F6WVK2
I3LUI7 F7DM65
F1SAZ7 F6T452
A0A287BBY6 F7CQM8
Q8HZV3 F6YM88
F1S705 F7BNS9
A0A287ASC7 F6UHR5
K7GSZ7 F6Y0D9
A0A286ZLT0 F6ZA94
F2Z5V5 F6UGI4
F1SAU5 F6RIW1
A0A287ARW8 F6ZK80
I3L855 F6RL28
A0A286ZVV5 F6SLZ9
I3L7B7 F7AG66
A0A287AXD7 F7CSP3
P51461 F6VK19
F1SHP6 F6T5N4
A0A287A1V5 F6ZQX6
I3L7L2 F7AQ87
F1RQB0 F6RQM5
F1SCH1 F7CCF5
A0A287B979 F7DTE9
F1SLM7 F6RB67
P51461 F6WJN6
B0LXP3 F7B9X5
F1RSY4 F6XXV8
B0LY42 F6X5J6
A0A287BR93 F7A1K7
A0A286ZV44 F7DIL5
F1SLZ3 F7D5X8
A0A286ZT52 F7AVY8
A0A287BKA4 F7AZE4
I3LPI5 F7E3B2
A0A287AE63 F7B8B3
Q8HZV3 F6TBN7
F1SV16 F7D3T6
Q865K8 F6W110
F1RJU1 F7A7E6
D5KJI2 F7D1Z0
F1SC57 F7AER3
A0A287B4G4 F6ZRP5
A0A287ASC7 F7DAQ8
F2Z5V5 F7BEP7
F1RF61 F6PLT9
A0A287B2X3 F6S9A7
A0A287AIA1 Q2QLB0
F1RFG5 F6Q4I9
A0A286ZV44 F6WGT1
A0A286ZUM8 F7BWW6
I3LG49 F7E0K7
A0A287AM51 F7D482
F1SMZ8 F7C6W0
I3LBW5 F7DNV3
F1SAZ7 F7B2K9
A0A287B4I1 F6TD42
A0A286ZV36 F7DCJ8
F1RQI7 F6XF44
F1SV14 F6S3E5
F1SDI9 F6WMJ1
M3TYJ4 F6V1T9
F1S0S8 F7DIL5
F1S567 F6WUE0
F1SQZ3 F6UDA8
I3LQB7 F7DBJ7
I3LDS3 F7A7E6
O18831 F6WEH3
A0A287AA59 F7BEV6
C3RZ98 F7CKI0
F2Z5G2 F6RIW1
F1SDD5 F6ZYG3
A0A287B749 F6X1V6
A0A286ZVJ4 F6RIW1
A0A286ZVL1 F6S7B6
A0A287B9N1 F6YW90
A0A286ZN72 F7DFS4
I3L5F7 F6UWT0
A0A287AQT5 F7DMV6
F1S663 F6UDA8
A0A287AZS2 F6UHM0
A0A287A3D8 F7DMX0
F1RWA0 F6XAE8
F1ST01 F7DKR3
A0A287BKF3 F7DC48
A0A286ZL61 F6UYW3
F1RIV2 F6UI19
F1SJ93 F6X7C1
F1SAW7 F6RV05
A0A287BNZ9 F7D1Z0
M3VK28 F6PIA4
A0A287B0X1 F6VY84
F1RXM2 F7ASX6
F1S3R8 F6ZGQ9
A0A287AXP1 F6US96
A0A286ZQZ8 F7ABS8
A0A287ASL6 F7BTP9
F1RHJ1 F7A0C8
I3LUX4 F7CZ46
I3LHI3 F6U0G2
A0A287AH55 F6XHL7
F1RXM2 F6YS83
F1SUB2 F6R0E4
G3FNU6 F6XL68
A0A286ZRB8 F6UHR5
F1SKP8 F6U0G2
F1SHB8 F6R5I3
I3LH88 F6RB67
F1SKG2 F6T1S2
F1RGA9 F6U567
F1SCF5 F6UQV4
F1SLM7 F7D9Q5
A0A286ZT06 F6V076
I3LUU8 F6TNI8
A0A287AKA3 F7DLC0
A0A287AA52 F7CUW0
I3LK68 F6SX98
F1RQR6 F6T027
I3L828 F6XJE0
F2Z517 F6QSU1
Q95250 F7D482
F1SUH2 F6VY84
F1SA57 F6S1M3
F2Z5V5 F6QM47
A0A287BHL2 F6W4F0
F1SNW8 F7AQZ6
I3LUX4 F7A1K7
I3LBT8 F7AKA4
A0A287BE94 F6Q1Y2
I3LN58 F6S5Q6
F1SCL0 F7BJR6
K7GNS9 F6Y386
Q9TUB2 F6TL72
F1RGY8 F6UAA5
A0A287A582 F6ZTG6
A0A286ZPR1 F7C4H2
C5H0C6 F6XC16
A0A286ZQL9 F6ZDZ9
F1SG07 F7D8U2
F1RU77 F7B4V6
I3LQF8 F6ZF77
A0A286ZS42 F7B8X2
A0A287AZ31 F6QZJ3
A0A286ZKK7 F7AKA4
K7GN38 F7BEZ7
Q684M6 F6UYJ8
F1SB61 F6ZER1
A0A287A1V5 F7B821
F1RYU8 F6VEG9
A0A287BR93 F6TND5
A0A287B7I6 Q08IE6
A0A287BIK4 F6UXD9
F1RHK8 F7D454
I3LHI3 F6X5P0
F1RR63 F7E3B2
A0A287AEI6 F6ZAL1
A0A287ALR6 F6VK19
A0A287BPV4 F6UCD9
A0A287B2X3 F6V076
F1RU38 F6XTW3
A0A287BHL1 H9GZW5
F2Z5V5 F7CKI0
A0A287A9K0 F7DW15
F1SP18 F7AS83
F1RNA6 F6W8X2
A0A287BAM9 F6RW70
A0A286ZKK7 F7AH79
F1RG48 F6ZU20
I3LP37 F6ZAL1
A0A287AM51 F6ZXA2
F1SGF1 F6XPL9
A0A287BAL0 F6ZQ40
F1SIX8 F6T452
F1RYP8 F6V076
F1SJ69 F6QA97
A0A286ZMP7 F6X3S7
Q865K8 F7DAQ8
F1RQR3 F6RIS5
A0A286ZVJ4 F7C432
I3LEY2 F7BG35
F1SLM7 F7D454
F1SLE8 F7C0H4
K7GN38 F7DIU4
F1RZC9 F7D809
F1SA99 F6TRA1
A0A286ZZ17 F6TYE4
A0A286ZMR3 F7CML2
F1S3R8 F6Z319
A0A286ZT06 F6S9A7
F1RKZ6 F6VNC0
F1RZK8 F6ZAV3
F1S774 F6TNW5
F1SJA2 F7C2V0
A0A287BI89 F6WVK2
A0A287ANH9 F6Z4E8
P13222 F6W836
F1SUK6 F6VEG9
A0A286ZI78 F6Z7H8
I3LRY4 F6ZAL1
I3LU89 F7DRA2
F1SCF5 F6YKY8
P07480 H9GZW5
A0A287B749 F6Y5X4
F1SSJ8 F6Z0N7
F1S062 F7BV85
A1XSY8 F6WZU9
I3L9L7 F6R7P8
F1RQZ0 F7AS83
F1RJL2 F6VNC0
A0A287BAL0 F7DBN1
F1RZ28 F6XRD7
A0A287BS98 F7DFD9
I3LP11 F6U4J8
F1RYP8 F6W836
F1S0L9 F7BTP9
A0A286ZL61 F7CZ92
F1RXM2 F6WZU9
F1RK84 F6UYJ8
F1SHF7 F6T027
F1SIX8 F7B2K9
A0A286ZI45 F6YME5
A0A287AIM1 F7DGI1
F1SV14 F6S1R4
I3LNP8 F6SPL7
F1SKP8 F7A4F3
A7LJT9 F6QG82
A0A287B0B0 F6QWS4
P13222 F6V076
F1RUL1 F7CCR9
F1S6G8 F6WEH3
F1RLA7 F6Q1Y2
A0A286ZWP6 F6TYL7
M3TYJ4 F6T1Z3
A0A287B836 F6ZAT6
F1SHP6 F7BJA4
F1SUH2 F6XN96
F1S034 F7CKI0
A0A287B0J6 F6S6H7
A0A287A6C1 F6UBS3
I3L570 F6ZXS2
F1S3R8 F7C446
K7GR11 F7D0L5
I3LUE7 F7C1M0
F1SAZ7 F6V5B8
K7GRK2 H9GZT2
A0A286ZV27 F7B332
F1S9G0 F6WWE9
A0A287BBP6 F6X782
Q8HZV3 F6QIV1
F1SGC8 F6ZWY6
G9K122 F7CZ46
K7GN34 F6VSI3
A0A287B247 F6UBS3
F1SFK0 F6ZF77
A0A287ABT2 F6VAF4
Q8HZV3 F6QBH0
F1RLA7 F6SRK4
F1RVV6 F6T027
A0A287A4H3 F6T1Z3
F1SN51 F6YME5
F1RHU6 F7BCF7
A0A287AHC7 F7DNV3
I6L6T2 F6UFM6
A0A286ZVJ4 F6YYN8
F1RMA3 F6PV98
A0A287ASL6 F6SR43
A0A287B5K5 F6YYN8
F1S8D4 F7A4K0
F1RVR2 F6ZH82
I3L9V2 F6YLB4
F1RFB7 F6PUI6
A0A287AM51 F6Y5X4
I3LFS1 F7CI38
A0A286ZQ27 F6U5X9
F1SKT4 F6X5P0
A0A287B024 F6RL28
A0A287B5K5 F6V1T9
I3LL77 F7B1Y7
B4YSE7 F6SUQ1
A0A287A233 F7A860
F1RVT6 F6QM47
I3L5T3 A2Q127
F1SIE6 F7CWP1
A0A287B7I6 F6S6H7
F1RHJ1 F6RB95
F1SLE8 F7C6W0
I3LLF1 F6U9W6
A0A287BJL0 F6Z2Z2
I3LPQ4 F7DLC0
I3LK68 F7B821
F1SGC8 F6TCA0
A0A287APX1 F6YYP6
F1S034 F6S5L3
A0A287AX02 F6WJX8
F1S001 F6RB95
A0A287A5H3 F6YK14
A0A287AFX1 F7AS83
A7LKB1 F7BG35
A0A287AV76 F6VK74
A0A287B0Y3 F6QKH3
A0A287AA35 F6XHL7
F1S034 F6WVK2
K7GQZ2 F7B3H1
I3L855 F7DM65
A0A286ZNY1 F6T1S2
F1SFQ4 F6ULH7
A0A286ZZ17 F6QKH3
F1SDI9 F7DE98
F1RSY4 F6YLU5
I3LR66 F6Z122
F1SCH1 F6TND5
F1SHL9 F6X277
A0A287BK93 F7AYT5
F1S0S8 F6XPL9
B3XXC2 F7BMG0
F1SKD5 F6TCA0
A0A286ZVC7 Q08IE6
A0A287AWA9 F6VY84
I3LVB8 F6Q4I9
I3LCN0 F7AK88
F1S5P5 F6Q1Y2
Q5S1U1 F7E3Y7
F1RM25 F6RXJ7
F1RT53 F6XCC6
F1SIX8 F6YKU1
F1RT67 F6RL28
A0A286ZIJ9 F6Z4V6
A0A287AE72 F7CM64
B9TRX0 F7C446
F1RGA9 F7DEW5
I3LBT8 F7CKI0
I3LMX3 F7DNP2
F1RK92 F6TND5
P13222 F6VWF8
P82460 F7ALV0
F1SBK7 F7DC48
A0A287BE94 F6RUY8
A0A287ARU6 F6QSU1
F1RP44 F6T1Z3
A0A287AKV5 F6R166
F1RQC5 F6WGL8
I3LP11 F7AUY9
M9MMN1 F6YZR5
F1SPP6 F6X9T7
Q95250 F6XCF2
A0A286ZQZ8 F6RMW1
F2Z5J1 F7DY73
F1RU77 F6PUI6
P80021 F7CIM1
A0A286ZV23 F7DFR6
F1S6I1 F6VUK6
A0A287BHL2 F6ZZ33
I3LUX4 F6X9T7
F1RTJ7 F7A4X7
I3L828 F6UYD5
F1SGZ6 F7AQB2
J9JIK8 F7CKI0
M3VK28 F6YCM3
A0A287A8S7 F7BM24
F1RFB7 F7AER3
F1S8D4 F7BJA4
A0A287BRD8 F7B1A9
A0A286ZKK7 F6QM47
A0A287BNZ9 F6W8X2
F2Z5F5 F7DPA6
F2Z5J1 F7AL87
A0A287BSZ9 F6UUN5
F1SD66 F7AQV3
Q06AK6 F6XF44
F1RQZ0 F6RIW1
A0A287BE94 F6QKH3
M9MMN1 F7E3Z1
A0A287ABE3 F7CMX2
A0A286ZL61 F7ALV0
F1SLH2 F6VAM9
F1RP44 F6ZLQ3
O18831 F6V076
C3RZ98 F7BEP7
F1RSV8 B2L109
F1S062 F6XC16
Q8HZV3 Q2V905
Q29036 F6YEB4
F1S8V5 F6WXA6
A0A287B7K4 F6PJ06
A0A287ANH9 F6X1V6
F1SA04 F6RRU3
F1RMJ3 F6ZL78
F1RGM8 F6U2A1
C3RZ98 F6UGI4
F6QAM9 F7DDD6
C3RZ98 F7D2I6
F1RL04 F6R0E4
A0A287AIM1 F6YNS5
A0A287BAL0 F7C1M0
A5GFY4 F7B297
F2Z5F5 F6WGT1
F1SJ31 F6TE29
F1SP96 F7CNX6
F1RIG2 F6R5B2
A0A287B1Q0 F6UDF2
A0A287A5F6 F6UL81
A0A287B0X1 F6X8K1
F1S3R8 F7A6R9
I3LEH3 F6RWQ1
A0A287AKE2 F6QM47
F1SPP6 F7A1K7
K7GN34 F7CZ46
A0A287B0I5 F6YLU5
P67776 F6SP02
A0A286ZVJ4 F7AS83
F1S5B5 F6W7W6
A0A287A1S6 F7A3F7
I3LP69 F7AMZ3
A0A287BSE8 F6UYB6
Q5S1U1 Q2V905
K7GP99 F7BMY5
F1SLZ3 F7BL77
F1SL15 F6VDS6
F1S001 F7CI38
F2Z5F2 F6YE64
F1SRN9 F6ZBD7
F1S8N5 F7BQH8
A0A287AF83 F6VEY6
F1RX16 F6SN62
F1SAU5 F6QJC7
A0A287A682 F6SNB5
F2Z4X9 F6X756
F1RT53 F6UHC7
A0A287BT17 F6YAJ2
F1RJ11 F6QW91
F1RS76 F6YDC3
F1SJX5 F6QKY4
F1ST13 F7BP52
A0A286ZJE5 H9H027
A0A287A4H3 F6V1T9
A1XSY8 F6Z492
F1SLX2 F6RI47
A0A288CG47 F7DNE5
A0A286ZZS2 F6ZL78
F1S5N6 F7DPI5
F1S287 F7DNY2
I3LG49 F7BMG0
I3L897 F7ACV1
Q8HZV3 F6ZQX6
F1RM98 F7E0K7
A0A286ZZJ6 F7CHK8
A0A287ABT2 F7AQB8
A0A287AA61 F7CSP3
A0A287BBV4 F7DA59
A0A287AKE2 F7CI38
F1SV20 F6X5V1
A0A287ARU6 F6YZ50
F1SPE5 F6VA95
F1SIC1 F6S559
A0A287AXD7 F6UAU0
I3LF48 F7B2K9
I3LBT8 F6UQV4
P61292 F6ZAL1
F1SGQ0 F6YHD4
F1RZC9 F6YJ88
A0A287AIR5 F6WGR2
F1RZK8 F7AK88
F1SKG2 F6XA38
A0A287BSE8 F6VDS6
A0A287A447 F7CCF5
F1SRZ3 F7A1K7
Q8HZV3 F7E3Y7
A0A287B9N3 F7CZB3
Q06AK6 F6X8K1
A0A287AFX1 F6QIV1
O18831 F6S9A7
I3LC30 F6UMS3
F1RF12 F6XD72
A0A286ZND1 F6PNM1
A0A287ANN0 F6UFG2
A0A287AFX1 F6QBH0
I3LG10 F6W4F0
