F6ZND0 E9QAF4
F6RPT6 E9PWG6
F6ZI51 P07356
F6SAF6 Q8BJW5
F7AH79 O70126
F7CQM8 Q9D0F3
F6PZY6 Q3U741
F6ZPY1 Q8C845
F6VEA3 Q8VI75
F6QQ77 O70126
F7BNN7 P26883
F6XCS2 A0A0R4J1F5
F6XB91 Q8R1N4
F6PUV4 Q60715
F7AZI4 A2AT37
F7DG86 Q8R0X7
F6UHM0 Q8BKJ9
F6X1H9 Q3THW5
F6Y6H0 O09172
F6W702 Q6NVF9
F6ZDZ9 O70405
F6SB21 F6ZFU0
F7DFR6 Q01279
F7BG35 Q923E4
F6RIG2 Q8C845
F7DM52 P52795
F6WRY8 Q9CYY7
F6WNZ3 Q8C0C7
F7A4N1 Q3U1D0
F6PR27 P31313
F6R1C8 O54941
F7AFH8 Q3U0P1
F7D6A5 Q9DBR0
F7DIL5 E9PXY8
F6XXU8 Q8R0X7
F7D5D9 Q8R010
F7CDJ8 Q3UJB0
F6Y6H0 A2A791
F7CPK1 Q9EQ14
F6WNZ3 E9QNN1
F7BWA6 P41272
F6SP65 Q91ZD1
F6ZS79 A2APF3
F7D1P9 A0A0A0MQ97
F6RSM6 Q32NY6
F7DIL5 Q6ZQ88
F6XKN4 Q80UW0
F7C5L5 Q9CXT6
F7D4D8 Q9CXC9
F6RB95 Q9D906
F6T8B1 O08919
F6Z4W3 Q8K3A2
F6T1I9 E9Q6P5
F6YCR4 Q8CH72
F6ZKQ8 Q3UJB0
F6VUA4 Q8BK67
F6QXT2 Q9WV55
F6TC79 Q99PE9
F6QCV1 P59708
F7CPT0 Q8C0J2
F6TYM3 Q8BSM7
F6X0W1 A0A1L1SSL9
F6TME6 P25799
F6SB21 Q8K4L0
F6XB71 Q9D7X3
F6X8C3 Q80X50
F7CYI0 Q80UW8
F6RB95 Q9R0P9
F6QV03 Q6P8X1
F6VCH7 Q80XU3
F6XB91 O09172
F6S1R4 Q99JZ4
F7CYI0 O54941
Q0PVU7 Q68EF4
F6UH40 Q9D9W0
F7D8C2 F6VPT9
F7D5T3 Q8BI79
F7CAP8 Q3UNA4
F6SQ60 A0A0R4J1E2
F6W5K2 Q62311
H9GZN5 Q8CI61
F7CQM8 Q9D1Q6
F6X8C3 Q8BK67
F6ZDM5 Q9EQ61
F7D3T6 Q60760
F7AK40 Q9JLV5
F7BBH3 P13020
F6R810 P05214
F7BAA7 Q9D0D4
F6XB91 Q99M80
F7DNE2 Q9WUL6
F6QD46 Q6P8X1
F6TCA0 P05214
F7BUT3 Q6Y4S4
F6WNW0 Q9CXC9
F7CYI0 Q810D6
F6QF43 Q921G9
F7AU30 O08599
F6U2R6 Q8K3A2
F6XR42 Q921E6
F7D3T6 Q9D1Q6
F7DF72 O54833
F6X3P7 Q8BK72
F6Z4W3 Q8BKX7
F6YBQ6 Q3UJB0
F6RB95 Q8CFT3
F6WBL0 G3X959
F6PPE5 Q60992
F6XCS2 Q3UKR0
F7AFM7 Q9JI99
F6WGR2 A0A0R4J0T0
A5YBL8 P24369
F6VSG0 Q3THW5
F6SU04 O35350
F6Z000 Q9EPB5
F6PR27 Q3TPJ7
F6R1C8 Q80UW8
F7C3V5 Q640R3
F6UNR3 Q8K4L0
F7ATH0 Q8VE19
F7DNH4 A8Y5H7
F7D9E5 Q60996
F7BHK6 P62827
F6XB91 Q6RHW0
F7A8D2 Q9DBF7
F6SYZ2 P36898
F6R8R0 E9PXY8
F6YVG5 Q80WC9
F6Z4W3 Q9QYH9
F6WCE5 Q08874
F6W4V5 Q80UW8
F7BXZ1 Q80TQ2
F7BJR6 Q8BH80
F7AU83 O35864
F6ZFP3 A0A286YD96
F6QI48 Q99MU1
F6Z154 P05214
F6UYW3 O88700
F7ALC9 Q07076
F7A3F7 P11087
F7CAF4 P81615
F6U301 A0A0N4SVL0
F7APA1 Q8BTI8
F6WIF5 A0A1B0GT63
F6QFH2 P62192
F6S7D4 Q99JX7
F7AAY0 Q810D6
F6WY40 Q08874
F6TQP5 Q14CH1
F6VZG9 P48964
F6YE64 Q8VE92
F6RB95 Q62311
F6RVH1 O35465
F6T746 Q6ZWZ4
F6YXJ9 Q9QZS3
F6YZH1 Q8VEE4
F6WNZ3 Q8JZQ9
F7CE06 P57784
F6RC09 Q9EQH3
F6XL78 P12023
F6X0W1 P29452
F6U9I3 P30681
F6QSU1 Q91XU3
F7AD88 H7BWZ9
F6ZS96 P23804
F6YI03 Q7TMG8
F6XCS2 G3UX50
F7E249 Q68EF4
F6QR51 Q99JT2
F6XWA8 Q9JIT1
F6W7V0 Q9DBR3
F7CXB5 Q5IRJ6
F7CV04 Q9Z248
F6Z0A9 P63001
F7D007 G5E866
F7BDV0 Q8K4L0
F7AUD4 P84089
F7AEV0 Q9WVG6
F6PHR8 Q60925
F6X8C3 P34022
F7BEQ4 Q8BWZ3
F6T1R5 Q60925
F7D9K7 Q80TN5
F6WNZ3 Q8BFR5
F6TMY5 Q9JL15
P29553 P06804
F6QR51 P30681
F6RIG2 Q91XU3
F6ZFB4 A0A0R4J1S3
F6TKF9 A2AWT3
F7A2J7 Q80V62
F7B944 G3X960
F7BTP9 Q91XQ6
F7DAS1 Q64729
F7E249 Q9D2F7
F6W702 Q3UM33
F6WNW0 Q3U2J5
F6X4N6 Q8BW74
F6QCI6 Q8BJA2
F6YZI7 P97477
F7D1P9 Q5IRJ6
F6V8I5 Q9WV60
F6WZ91 O08919
F7BDV0 A0A0R4J1E2
F6QCV1 Q6ZWZ4
F7DZV9 Q9CQV8
F6U224 Q3UH68
F7DA59 Q9JHQ5
F7BBH3 Q8BJY1
F7BN37 A2AQ07
F6Y6W2 Q6NVF9
F7D1P9 Q9EPS3
F6ZXR5 Q9DAJ4
F6X4N6 Q00286
F6W5K2 Q9R1T2
F7BUD9 Q99KG3
F6ZFB4 D3Z5N8
F6PV98 Q8BWY3
F6YUX4 P40630
F6RKM7 A2AQ07
F6WNZ3 G5E866
F7CYI0 Q9CQI7
F6U224 P26883
A5YBL8 Q9D0D4
F6X854 Q7TMG8
F7D4D8 Q3UNA4
F6WPT4 P52795
F7D007 Q91V55
F6YZJ4 P60521
F7D3T6 Q6NZM9
F6RPH0 Q5SV85
F6ZKQ8 Q9EQ61
F7DBY8 Q9CQ71
F7DKH8 G3X959
F7B7L7 E9PXY8
F6SER6 Q61081
F6YBQ6 P62192
F6SQ60 A0A0N4SUH4
F6RAT7 Q9EST5
F7C0S3 Q3UM65
F6W5K2 P63163
F7CPT0 Q8CIK8
F7CRZ2 Q60722
F7B297 Q91WR3
F6TPT6 P20615
F6XMN0 P40237
F6XWC6 Q9EST5
F6ZXA2 Q91VA6
F6ZUR6 F8VQJ3
F7AVB5 F6ZFU0
F6XEB4 P63101
F7DUH4 Q3UKR0
F6WNZ3 Q3UR42
F6Z2D8 Q99J47
F7DBJ7 P57784
F6REN5 Q62420
F7CC29 P62307
F7BJ30 P22892
F6PH57 Q9CPQ3
F6Z344 Q8BJW5
F7BKP2 Q9DAY6
F6QVR3 Q60722
F7BN37 Q9DBR0
F6V852 Q8CJG0
F6W7V0 Q922U2
F6YBQ6 Q9EQ61
F6WZ91 O88888
F6Y6W2 Q3UM33
F6PSV5 O88888
F6WIF5 Q8VHP6
F7BEQ4 Q3UH68
F6T1S2 P25233
F6SD05 G3X914
F6U301 A2AMI2
F6R6E3 Q148W0
F6TPT6 Q9JL10
F6W380 Q9CQA9
F6SPH9 P60521
F6XUE5 Q6PGH1
F6UBT9 E9PUE2
F7BDV0 A0A0N4SUH4
F6QFH2 Q3UJB0
F6XXU8 B2RY56
F6XCP3 O08599
H9H002 Q80X50
F7CNX6 Q5Y5T3
F6Z344 Q9CYX7
F7DUH4 G3UX50
F6SC67 Q91ZY2
F6XF79 Q8C0J2
F6ZEW5 G3X8X0
F6XCS2 E9PUE2
F6W0X2 F6U5V1
F6QNK6 P53668
F6YVN4 P70245
F6S6Y3 O09051
F6SP74 P11680
F6XB91 A2A791
F7CV04 Q91XU3
F6VF95 Q3UIL6
F6UMS3 P32037
F6W6V2 P54843
F6ZP14 P42230
H9H006 Q921R8
F6QXT2 P28352
F7C5Y4 Q9JLI8
F6SN79 Q5SVQ0
F6Y797 Q3UH68
F6USV6 Q80ZH7
H9H002 Q8BK67
F6T8J7 Q91YK8
F6XCF2 Q99KG3
F6VK59 Q91V01
F7CVC4 P30681
H9H006 Q8BKE6
F7DIM1 Q921K2
F6V249 Q9Z0L4
F6UYW3 A0A1L1SSL9
F6TZX8 P62270
F6YHN4 Q6PDM2
F7BMC4 E9QAM5
F6Z3I2 F6TQN9
F7BD82 B2RWS6
F7CAP8 Q9D6V8
F6X8D2 P29452
F6UAN2 P70333
F6PSV5 O08919
F6Q243 Q9JJR8
F7A0Q9 Q91ZY2
F7D5D9 P07356
F7CMX2 Q8K4K4
F6UFG2 Q8JZL7
F7DPI5 P58334
F7CFK0 A0A0R4J1S3
F6YPR7 A0A0R4J097
F7AVB5 Q6ZWZ4
F6ZTS1 Q9Z1B5
F6X0H9 Q8R2Q6
F7ACV1 A0A0B4J1E2
F7DIM1 P62827
F6XF79 Q61471
F6WK68 Q9QYH9
F6ZGY3 Q9QWT9
F7DKK1 A0A0R4J0I0
F7A984 P40630
F6X8D2 P25233
F6R1C8 P97760
F6Q666 Q8BY71
F6XAH7 F6TVP2
F6YQC6 P24369
F6WPT4 E9PWG6
F6SQ60 F6ZFU0
F6TP24 Q8R4K8
F6TL72 P02340
F7BD89 Q9CY57
F7AV69 A2A513
F7DPI5 Q9JJG0
B1MV73 P60521
F6ZQQ4 Q80UN1
F7CUS0 Q8VC60
F6QMU5 P47941
F7CC72 Q9CQX2
F6W0X2 Q6PDL0
F6WWB9 P43120
F7D355 Q99JZ4
F6SQ60 Q8K4L0
F6YV33 Q80W47
F6ZAA0 Q9QZS3
F6XRL6 Q8CJG0
F7DQW6 F6ZFU0
F6RGC6 P33896
F7CU03 Q921R7
F6YZ50 Q8BWZ3
F7DZT2 Q80YE7
F6PH57 Q6P8X1
F6ZFB4 Q8BI79
F6RIG2 Q9Z248
F6W6V2 P41164
F6WPT4 Q9CQA9
F7BDV0 Q6ZWZ4
F6W4V5 P97760
F6WBL0 Q8CIK8
F6QVE6 A6BLY7
F7AVB5 A0A0N4SUH4
F6Q4A3 P62192
F6PZC1 F8VPR5
F6RBE2 S4R2G5
F6ZI51 P0CG49
F7AET6 F6TQN9
F6R449 P60766
F6YJT5 Q9JJF2
F6S8L9 Q6P5F9
F6ZL78 A0A1L1SSL9
F7AAY0 Q9CQI7
F6WHP7 O08919
F7BHK6 Q8R0X7
F6ZS79 Q6KAQ7
F6T1S2 O88700
F6QI90 P83887
F7DG86 B2RY56
F6QQ77 Q3UJB0
F6Q0S8 G3X8X0
F7D007 Q8BFR5
F6QG45 Q60722
F7DK89 P63028
F6RGC6 P54843
F7BX20 Q80UW8
F6ZFP3 Q32NY6
F6Z904 P26883
F7DPZ6 Q3UZZ4
F6SB21 A0A0R4J1E2
F6U4I9 Q8CI75
F6U1N5 Q8C7B8
F6ZWY6 Q03963
F6VEQ6 Q921R8
F6WNZ3 Q8CGC7
F6R994 A0A1B0GR87
F7CV04 Q8BWZ3
F7C450 P29699
F6W7V0 Q61781
F6WJB5 P62192
F7CQM8 Q8VDS4
F6ZDZ9 Q8VI93
F6YG16 D3YYZ1
F7CVC4 Q99JT2
F7BU40 Q3UPF5
F6VEN0 P52785
F6R1W8 Q8BWZ3
F7DXH9 P35821
F6XB91 Q9DBR3
F6RB95 Q9R1T2
F7AEV0 D3YXK2
F7CAP8 Q9CXC9
F7C788 Q9DAY6
F6USV6 Q9CYX7
F7B674 P58659
F7ANR3 O70435
F7D9J2 Q8BH80
F6W5K2 P35761
F6QD46 Q8BQM4
F7E030 P60824
F6PU05 Q05D44
F6ZUY5 P18872
F6WLR2 Q60722
F7AYW3 P63087
F7BEQ4 Q91XU3
F7BEQ4 Q8C845
F6SAF6 Q80ZH7
F6QIR9 Q6NZQ4
F7CGX4 Q9CYA6
F6UNR3 A0A0R4J1E2
F6U567 P62858
F7E191 A2ANX3
F6RB95 P63163
F6QSU1 Q8C845
F7CL86 Q61080
F7AVB5 Q8K4L0
F6VEA3 Q62425
F6ZZB5 Q9D7F2
F6R6E3 A2ANX3
F6QVE6 Q9D067
F6UKH0 Q80ZW2
F6USV6 Q8BJW5
F6PPE5 P34022
F6TPT6 P54843
F6R0H0 O08759
F7DXG8 P28352
F6PR27 Q91X45
F7A0Q9 Q7TNF0
F7CGX4 Q9D706
F7A0C8 E9Q612
F6WBL0 Q3U2J5
F7E2D1 P13020
F6ZS79 Q9CQA1
F6ZUR6 Q8C845
F6W702 P01101
F7BDV0 Q80ZH7
F6XF79 Q8CIK8
F7B7L7 Q91Y86
F7BYE2 P62878
F6X854 Q810D6
F7E174 Q9CQI7
F6Q2Q4 E9PV14
F6T746 A0A0N4SUH4
F7DKH8 Q3U2J5
F6ZIP2 Q62425
F6YQZ0 P62192
F6ZSN8 Q8BVR6
Q64FU1 Q8R1H8
F7CXB5 Q9EPS3
F7D8U2 E9PWG6
F6YYG4 P05627
F6W7V0 Q8R1N4
F6V881 P29788
F7BHX5 Q8K274
F6WJB5 Q9EQ61
F6WKI2 A2A791
F7BX20 O54941
F7DPL7 O70126
F7E4G6 P23249
F6WY40 Q9D0F3
F7CM97 O88888
F6Q243 P41272
F7D5T3 D3Z5N8
F7D5T3 Q8VCM4
F7E010 P52795
F6W196 O35284
F6S7J5 P43120
F6WNZ3 Q91V55
F7ATL5 A2A791
F7AES8 A2AQ07
F6SC67 Q7TNF0
F6Q4A3 Q3UJB0
F6YVN4 Q9CXC9
F6XA38 Q9WTQ5
F7CYY7 Q8BQM4
F6ZFZ4 Q3TE40
F7AV69 A0A1B0GSR7
F6U224 Q9EST5
F7CV04 F8VQJ3
F6X1H9 Q8VE92
F6ZDM5 Q3UJB0
F6QZ21 P97760
F6QF43 Q14CH1
F7AAY0 Q80UW8
F6TKF9 P61208
F6ZPA5 A0A0R4J0E0
F6UUQ3 Q9CY57
F7AC64 Q9R0M3
F7E174 Q7TMG8
F6PZY6 O35343
F7D007 Q8CGC7
F6QFP5 Q60960
F7AET6 A0A0R4J104
F7A3Z7 Q08874
F6W5K2 P49615
F6Y0C1 Q8VCG4
F6VUA4 Q80X50
F6YQP8 Q8R0W6
F7DPI5 Q9WUL8
F6YVN4 Q3U2J5
F7AH79 P61965
F6TA13 G3X960
F6YAQ9 Q8BM89
F6WVD1 P62858
A5A4S9 Q9QYH9
F7D8C2 A0A0R4J097
F6UE43 E9Q3H6
F6X854 Q9CQI7
F6U832 P10168
F7B9X5 Q04207
F6ZL78 O88700
F6WNZ3 Q9WVA3
F6ZFB4 Q8VCM4
F6WCE5 Q9D1Q6
F6U2R6 Q9QYH9
F7C1S0 Q3U741
A5A4S9 Q8VCZ3
F7DKH8 Q9CXC9
F6V522 P22518
F6QR51 P32883
F6T8B1 O88888
F7BPU9 Q3ULW8
A5A4S9 Q8BKX7
F6PHR4 Q9EQ14
F6QPW3 Q8VE22
F7DUH4 A0A0R4J1F5
F6PPE5 Q8BK67
F6WLY6 A2A432
F6ZIP2 Q8VI75
F6X7C1 Q8BP92
F7BBI4 Q99JX3
F6YQC6 P28352
F6QQ77 Q9EQ61
F6W6V2 Q9JL10
F6WHP7 O88888
F6U2R6 Q8BKX7
A5A4S9 Q61324
F6QCV1 Q8K4L0
F6Z5A2 E9Q555
F6W196 P43120
F6R994 G3X975
F6WNZ3 O35326
F6XB71 P32883
F6X8D2 Q9WTQ5
F6SRL9 P54841
F6W8H2 P01193
F7C592 Q9CYH5
F6S0P5 P61750
F7E249 Q91ZY2
F7DKH8 Q9D6V8
F7C0S3 Q61043
F6UL81 P63280
F7BRV2 D3Z1Q2
F6W380 P52795
F7A0Q9 Q9D2F7
F7E174 Q810D6
F6PR27 Q8R4K8
F7E0B9 Q9D706
F6RW70 Q6PAM1
F7D8U2 Q99KG3
F6T7D8 Q80ZW2
F6ZGY3 P33174
F6TP24 P31313
F7D5D9 P17156
F6SQ60 P59708
F6SW18 Q9WU20
F6Z3I2 A0A0R4J104
F6T746 P59708
F6TZQ5 A2A6M5
F6YXG2 Q8BW74
F6Z000 Q99MS7
F6RAT7 Q3UH68
F6TS03 Q91V01
F6ZIW8 O88992
F7D9J2 P40142
F7E010 E9PWG6
F6U806 Q9Z1W4
F6SER6 Q9CY58
F7CFK0 D3Z5N8
F6UEP2 Q9WVB0
F7DQW6 A0A0N4SUH4
F6YZ50 Q9Z248
F7CRZ2 P13405
F6QZ21 Q80UW8
F7DGG7 P62878
F6R810 Q8BK72
F7BU40 P35235
F6VZG9 Q9Z2X8
F7CP22 A2ALW2
F7B1Y7 E9Q6Y8
F6TRI4 Q61411
F6TCA0 Q8BK72
F6YKY8 Q9WVS8
F6TTJ8 Q99P91
F6TD10 E9Q395
F7CGX4 Q69ZS7
F6Z5A2 Q6KAQ7
F6VM50 Q91Y86
F7AMD4 Q3U7U4
F6Q2Q4 P53668
F7DM52 Q9CQA9
F6QUY7 A7DTG3
F7CQM8 Q60760
F6SQ60 Q6ZWZ4
F6VUA4 P34022
Q0PVU7 Q91ZY2
F7B7L7 P01101
Q0PVU7 Q9D2F7
F7BG55 P54761
F7CDJ8 P62192
F7ATL5 Q6RHW0
F7DKK1 D3YXK6
F7AJ44 P01101
F7BKP2 Q8BW96
F7D007 E9QNN1
F6ZUR6 Q8BWZ3
F6QFP5 P62307
F7AES8 Q8BY71
F6T746 A0A0R4J1E2
F6QCV1 A0A0N4SUH4
F6ZKQ8 P62192
F6Q4I9 Q9CQA9
F6UBT9 Q3UKR0
F6WIF5 G3X9F4
F6QNK6 E9PV14
F7BBH3 Q9EST5
F7CNL3 Q8BYA0
F6YZ50 F8VQJ3
F6RSM6 A0A286YD96
F7ASX6 P41164
F6VTT0 Q9Z2D1
F6Q666 A2AQ07
F6T7D8 A3KFM7
F6YZP7 Q9JIF7
F7A0C8 Q8VBW6
F6ZL78 P25233
F6XB91 Q61781
F6QUY7 Q80XU3
F7AVB5 P59708
F6XRL6 Q8K3H0
F6Z000 Q9D067
F6R1W8 Q9Z248
F6ZUR6 Q3UH68
F6TQP5 O88455
F6XRL6 Q3UPF5
H9H002 P34022
F6RB95 P35761
F6SC67 Q68EF4
F6RLA7 Q9R0S2
F6ZLR7 Q9CR60
F6T746 Q8K4L0
F6XCU4 Q99JZ4
F6XA38 P29452
F6X5V1 Q62388
F6Z344 P59708
F6UKH0 A3KFM7
F6TP49 Q8CIK8
Q8HZM6 P62984
F7ATL5 Q61781
F6UNR3 A0A0N4SUH4
F6UR46 Q4VA93
F6ZPY1 Q69ZS7
F6W0X2 Q91W82
F6YI03 Q810D6
F6Q4I9 E9PWG6
F6YVX2 P17433
F6WQB7 O70263
F7BYE2 Q91W82
F6YAJ2 P01108
F6R643 E9QAF4
F7B9Q2 P26049
F6WF73 Q921G9
F7A0C8 P18872
F7DQW6 Q8K4L0
F7BPV6 P60521
F7E4A6 O35988
F6W380 E9PWG6
F6S442 P60824
F7C0M6 Q63844
F7A0C8 Q9WVS8
F6QNK6 A2AUK5
F6TIV6 Q9CQ49
F7DGG7 O35343
F7BX20 P97760
F6Y2U1 P58465
F7DF72 P67871
F6R1C8 G3UVU2
F7CFN5 Q8K182
F7CQM8 Q6NZM9
F6QMT3 Q61043
F6TRI4 Q60722
F6UNR3 Q6ZWZ4
F7B9Q2 Q91XQ6
F6T629 Q8K4F6
F6UQU2 D3YTQ3
F6RNY1 P47740
F6WNW0 Q3UNA4
F6TP49 G3X959
F6XF79 G3X959
F6QSU1 Q3UH68
F6T1S2 A0A1L1SSL9
F6RPT6 Q9CQA9
F6QZ21 Q9CQI7
F6ZPY1 Q9Z248
F7DK89 Q60996
F7D5T3 A0A0R4J1S3
F6XA04 P62259
F6ZFP3 A0A0A0MQ97
F7D007 Q8C0C7
F6PU05 Q8BWY3
F6WD43 Q9WVA3
F6SB21 A0A0N4SUH4
F6Z5A2 A2APF3
F6SAF6 Q9CYX7
F6W702 Q91Y86
F7DHW2 Q9R0N0
F6ZU02 Q8BKE6
F6RAT7 P26883
F7AAY0 O54941
F7BWC3 P27577
F6UG02 Q8BUN5
F7E191 Q148W0
F6TD10 A0A0R4J090
H9H002 Q80U78
F7BD55 Q9JJT9
F6PPE5 Q8K3H0
F6R1C8 Q8JZX4
F7D007 Q3UR42
F6YVN4 Q3UNA4
F7AT10 E9Q289
F6V9A2 Q3UM33
F6ZU02 Q921R8
F6RA60 Q9WTV7
F6SK96 O88566
F6U3P3 D3Z1S8
F7BEQ4 Q69ZS7
F6QZ21 O54941
F6ZDZ9 Q9CX84
F7AYN8 Q9QYC1
F6R643 Q9D2R8
F6V036 P81615
F7ATL5 Q8R1N4
F6Y6H0 Q99M80
F6QQ77 P62192
F7C4H2 P52795
F6UBT9 A0A0R4J1F5
F7DK60 P57784
F6Z000 A6BLY7
F7DPI5 P56280
F6QFH2 Q9EQ61
F6PWV8 P19324
F6WCE5 Q9D0F3
F6X0W1 P25233
F7AET6 A0A0N4SV67
F7BHK6 B2RY56
F6W5K2 Q8CFT3
F7D007 Q8JZQ9
F6R6R8 Q3TQ39
F6V045 Q8C033
F6UGK7 Q9DCC4
F6SB21 Q6ZWZ4
F6STU8 P56480
F6VS25 Q99KG3
F7BYE2 O35343
F6WD43 Q5SUH6
F6WJB5 Q3UJB0
F6VSG0 Q8VE92
F6QVE6 Q99MS7
F6QSU1 P26883
F7AET6 Q6GU14
F6XXB5 Q9Z1D1
F7BIV4 P39429
F6VVQ5 D3YZV8
F6URD5 P70196
F6UYW3 P29452
F6VTW3 P70372
F7AJD4 P62984
F6ZFK6 Q69ZS7
F6ZPA5 Q499D0
F7C1P1 Q924Z5
F6V9A2 Q6NVF9
F7AJT0 Q3TVC7
F6Q4X9 Q8VI75
F6TE29 P70390
F7A984 Q3U0V1
F6TP49 Q8C0J2
F6PPE5 Q80X50
F6R6R8 Q4VA93
F6QVE6 Q9EPB5
F6RIG2 Q8BWZ3
F6T8G3 Q9JJR8
F6WKN2 Q8VE19
F6QMT3 Q3UM65
F6PUD8 Q8BHG3
F6WKI2 Q99M80
F6Z1I4 Q3UFB7
F6Z154 Q8BK72
F6TR20 P40630
F6SD05 F8VQI6
F6Q4I9 P52795
F6Q2Q4 A2AUK5
F6ZI51 Q8R010
F7AQQ9 O88566
F7ANU2 E9QP00
F6QJW2 Q3UL36
F6WKI2 O09172
F7DKH8 P70245
F7ASX6 P56280
F6S2X2 G3X9Q6
F7CC29 Q60960
F6YPR7 F6VPT9
F6T9G2 P39688
F7CYH5 Q9D032
F6ZND0 Q9D2R8
F7C1S0 P62878
F6S9J8 P41241
F7BBH3 P26883
F6VA95 Q61532
F6WNW0 P70245
F6SRL9 Q00286
F6RIG2 F8VQJ3
F7DPL7 P61965
F6V852 Q8K3H0
F6YQZ0 Q3UJB0
F6X7R7 Q99KG3
F6Z3I2 A0A0N4SV67
F7BEQ4 F8VQJ3
F7D3T6 Q9D0F3
F6XAH7 F8WJE0
F6VEQ6 Q8BKE6
F7BNN7 Q3UH68
A5YBL8 P28352
F6YZL0 Q99KG3
F7CDJ8 Q9EQ61
F6YXG2 Q00286
F7BCF7 Q61545
F6W5K2 Q9R0P9
F6WK68 Q8K3A2
F6VCH7 A7DTG3
F6Z3I2 Q6GU14
F7E010 Q9CQA9
A0A1L1R2Y5 P70274
F7CEQ6 P26450
F6YQZ0 Q9EQ61
F7BX20 Q9CQI7
F6RPT6 P52795
F6QV03 Q8BQM4
F6T746 Q80ZH7
F6W3Y4 Q8BL80
F6PHR8 P13346
F6T1R5 P13346
F7D9F8 Q9CY50
F6WY40 Q9D1Q6
F6ZF77 D3YXK2
F6ZDM5 P62192
F6UNR3 P59708
F7ACY5 Q91YI4
F6ZXR5 Q9R059
F6WLC5 Q9CRA0
F7A0Q9 Q68EF4
F7B1A9 Q8CI32
F7AM44 P19091
F6R1Z0 Q9CUN6
F7DM52 E9PWG6
F6XX61 O88545
F7BPD5 O08919
F6ZGY3 Q9CRC8
F6Q4X9 Q62425
F6WP79 O88855
F6QD46 Q9CPQ3
F6WK68 Q8BKX7
F7D3T6 Q08874
F6V5A0 Q60864
F6XU06 Q8JZV4
F6TPT6 Q9JJG0
F6YVG5 H7BWZ9
F7CM97 O08919
F6QCV1 Q80ZH7
F7BDV0 F6ZFU0
F7DM52 P97813
F6ZHM0 Q497H0
F6S2Z9 Q9QYK7
F7BTP9 P26049
F6R5G1 P19091
F6YCP0 Q8C7U1
F6TP49 Q61471
F6WBL0 Q61471
F6UFE6 Q60695
F6V852 Q3UPF5
F7CJP5 Q9CXG9
F7B5K5 Q9Z1W9
F6YE97 Q8BH58
F7B3R2 Q91VR7
F6SC67 Q9D2F7
F6QQ77 P61965
F7CV04 Q8C845
F6PZY6 P62878
F6PV98 Q05D44
F6Q4A3 Q9EQ61
F6PHR4 Q8R1H8
F6RSX0 Q8BUY8
F6WKD7 Q5Y5T3
F6ZFH9 P61982
F6UR46 Q3TQ39
F6UYW3 P25233
F6SQX3 Q9EST5
F6SB21 P59708
F6ZPY1 Q91XU3
F6W5K2 Q9D906
F7ASX6 P54843
F6YIZ5 O08992
F7BPD5 O88888
F6TD10 Q9CQ52
F7BXZ1 Q8CJG0
F7CP22 Q2WG77
F6WD43 O35218
F7AVB5 A0A0R4J1E2
F7DNE2 P42230
F7BBT1 Q61502
F7DGM3 P16872
F7DUN1 O09106
F6X4C1 Q8BTZ4
F7DUH4 E9PUE2
F7D7A5 E9QLC0
F6YI29 P84244
F7B0R5 G3UVU2
F7BDV0 P59708
F6ZUY5 E9Q612
F6UP71 Q99JB6
F6W7V0 Q6RHW0
F6QV03 Q9CPQ3
F6ZI51 P17156
F6WF73 Q14CH1
F6ZUR6 Q91XU3
F6WD43 Q99MU3
F7DWL6 Q8VDS4
F6ZPY1 F8VQJ3
F7ATL5 Q922U2
F6X0W1 O88700
F7B944 Q8CFZ4
F7ATL5 Q9DBR3
F6YKY8 Q8VBW6
F7BUX8 P57784
F7E2D1 Q8BJY1
F6ZFK6 Q9D706
F6WPT4 Q99KG3
F6ZPY1 Q3UH68
F6Z344 Q80ZH7
F6SER6 Q8R5L1
F6UNR3 F6ZFU0
F6WBL0 P70245
F6UAZ7 Q8BKX7
F6TP24 Q91X45
F6VTK5 Q9WTV7
F7DQW6 Q6ZWZ4
F6VB17 E9QAP7
F7D5T3 A0A0R4IZX1
F7BNN7 Q9EST5
F6YZX2 Q9QYJ3
F6R1W8 F8VQJ3
Q64FU1 Q9EQ14
F6RZ63 P97471
F6SW18 P97303
F6TWD7 Q8BJA2
F6ZFK6 Q9CYA6
F7D4D8 Q3U2J5
F6W4V5 O54941
F7CS04 Q8VDS4
F6S8M6 O35459
F6UQ47 P19785
F6XHL7 O55237
F6UBT9 G3UX50
F6QR51 P62492
F6SB21 Q80ZH7
F6SQ43 P48754
F7BU40 Q8CJG0
F6R5B2 P30681
F6T746 F6ZFU0
F7DQW6 A0A0R4J1E2
