G3V9M2 Q9ERE9
F1LMF4 Q3U3I9
Q66H78 Q8BHA9
G3V6S6 O54864
D3ZG84 Q9DCN7
Q68FR9 A0A0R4J1E2
Q5FVQ0 Q91W10
Q5RJQ4 Q8VDQ8
Q9JK11 Q99P72
Q6UY90 Q61115
M0R887 Q8R0L1
F1M369 Q56A06
D4AA14 Q8BUE4
P63140 P63139
D4A7G5 A2AQJ8
F8WFH6 Q3TY60
F1LZI7 Q60841
A0A0G2K2M9 Q8BTI8
G3V665 Q8CAB8
Q5XI34 Q76MZ3
D3ZUD5 A2AEG2
D3ZGN3 Q76LW6
P53042 Q60676
Q62651 O35459
G3V6V7 P10300
F1MAS4 D3Z2Z3
P63057 P63056
D3ZSC1 G3UW60
Q6IE50 A0A0R4J1E4
G3V6N1 Q61526
A0A140TAD2 Q07832
Q9ERC5 Q80YE4
D4A8U7 O08788
P17325 P05627
A0A0G2K047 Q14DH7
D3ZB55 Q99M07
G3V9A8 A0A286YD43
P70597 P35375
Q5PQV1 A2AQ52
M0RAF9 A7L9Z8
Q5XIU7 E0CXC6
D3ZDK2 P61080
Q4V8I4 Q99J78
B1H244 Q7TPG5
F1M2Q1 B2RQE8
Q3KQW8 A2A891
E9PSM0 P70343
F1M590 Q3V1N5
Q63377 P97370
G3V8S5 P48754
M0RBM9 A2AWP8
F1LR10 Q9ERG0
D4A5C3 Q8JZS7
Q4KLJ4 Q8CG64
Q53E76 Q8BW56
F1LS93 E9QJU7
D3ZG78 Q5SSH7
Q9JHJ1 Q9WUP0
D3ZCM3 Q91WA9
F1LXV9 Q9JLI7
A0A0G2JXP6 B7ZCC9
A0A0G2JXZ4 Q3U309
A0A0G2JTK0 O08747
D3ZHJ4 O70469
F1LN48 A2AQ92
A0A0G2JSI8 P19091
Q4KLY4 Q9CQJ4
M0RAR2 Q8BJD1
B5DF45 P70196
A0A0G2JSP4 Q8VEI3
D3Z9R9 Q925H1
Q99MF4 Q64385
A0JPP8 Q3UJV1
Q4V8E2 O35593
Q71MM7 Q920H1
P68035 P68033
D3ZT03 A2AT37
B0BNN4 P11680
Q63645 P55086
Q5FWU5 Q6PD29
D3ZX56 Q6ZPL9
M0R3M8 Q6P5B0
D3ZZ79 Q5F289
F1LRS5 A0A0R4IZZ1
Q6AYF6 Q6NSU3
D4A1J3 A2TJV2
P25961 P41593
D4Q8I2 Q99JB6
O55162 Q91YK8
A0A0G2JTY1 Q921D9
Q498R1 A0A0R4J0G9
D3Z9I3 P61407
Q5M875 Q8VCR2
O88321 O35226
D4A1B2 Q9D0A3
D4A7E8 Q9WU20
D3ZSQ1 Q8VI59
D4A7T2 Q8VIG1
B2RYC7 Q3U436
G3V932 Q8BQR7
Q7TSN5 P56479
D3ZGS3 Q6NVF0
D4A7R4 Q9ER75
D4AA02 Q9CQ25
D3ZHJ4 Q62120
G3V6C6 P12850
A0A0G2K2I0 Q80U70
F1M9X0 Q2TV84
F1M6X3 F6UC55
D3ZDZ1 Q8R5A3
D3ZJW0 A0A0R4J0I0
D3ZDJ3 Q3V1U8
A0A0G2K1G4 Q8BVR6
D3ZS99 E9Q774
D4AE48 Q3TPJ7
Q498R1 A0A1Y7VLV0
O70540 Q61826
Q5PQL4 Q99LI9
D4A634 Q8BIV3
M0R5V5 P39428
A0A0G2JSH5 P07724
E9PSJ1 P54751
A0A0G2JXZ4 F7BWJ7
F1LS98 Q4VA93
D4A9U9 Q6NVG5
D3ZDN9 Q9CPV2
G3V890 P47873
Q5U3Z7 Q9CZN7
A0A096MIT4 Q8BVZ5
O09018 P43135
D3ZP27 Q8CHY3
A0A0G2JYT8 Q499D0
D3ZFM1 Q9CQE6
Q6TA25 Q9CRA9
Q8K422 P01193
B2RYB1 Q8K2W3
Q0VGK5 Q8R1G1
G3V836 Q06890
Q62923 Q64387
Q4FZY2 P59941
Q4KLF8 Q9CPW4
A0A096MK76 Q811Q9
F1LVZ9 Q3U487
F1LQX9 P60670
Q66HC8 Q80WJ1
Q0PGW2 Q3UHG7
A0A0G2K331 Q3UNH6
P35370 P35377
A0A0G2K9S2 Q9WVK5
P81062 O35160
B5DFK2 Q8K352
B0BNB0 Q9CR60
M0R6D8 Q9QZW9
Q59IV8 O08537
Q5XIS4 Q9CR89
M0R8B6 A2AQ07
F6Q5G6 Q9D842
O70595 Q9DC29
A0A0G2JSI4 E9QJS7
P97639 Q8JZL2
P47196 P31750
M0R8G5 A0A1B0GR74
D4ABD5 Q6EBV9
Q3KR94 P29788
Q5RJZ6 Q78YZ6
A0A0H2UHJ2 Q3TVC7
Q562C6 Q9JHQ5
M0RA44 G5E872
D4A261 Q5SUQ9
O88763 Q6PDS3
B0BN72 Q3UGS4
Q9R0T4 A0A0R4IZW5
Q6MG88 Q3U1Z5
D4A0Q3 E9Q156
D4A460 D3YYZ1
Q63768 Q64010
D3ZAJ7 Q61321
A0A0G2JZW3 Q91WI7
A0A0G2K349 Q91Z22
B2RYC7 D6RJM5
P33535 P42866
P11506 Q9R0K7
F1MA31 Q6ZQ88
D4A9D6 E9QNN1
F8WFG9 O35427
A0A0G2K9Y9 D3YXQ7
Q10746 P50228
G3V9Y6 P59240
A1L1L5 Q3U3M5
P63086 P63085
A0A0G2K8X4 A2RRY8
B0BNB3 Q8K1A0
F1LNX2 Q8BWG9
Q91XU7 Q8VHP6
M0R4W4 P58465
G3V7X3 Q99M51
Q6IRE4 Q61187
P62138 P62137
D3ZKR9 A0A286YDD7
G3V9A0 D3Z5N8
F1LRB5 Q61502
Q5U1Z8 Q9D1C3
F1M7V6 Q8R464
F1LR39 Q4VBE8
Q5XIC0 Q9WUR2
D3ZKR9 E9PUA2
Q7TNZ9 Q9CZ69
A0A182DWI7 Q923E4
D3ZE49 Q8K2L8
Q4KM74 O08547
P26260 P18828
Q3MHS2 Q8R1N0
P68255 P68254
G3V749 O88554
E9PTT0 Q80TN5
F1MAS4 G5E8C4
D3ZNG4 Q8BFW9
Q7TSU1 A2A5R2
D3ZUF1 Q9D7F2
D4A2J9 Q8CGN4
B1WC31 Q60954
A0A0G2JSP3 Q9JLV5
D4A8H8 Q7TMB8
G3V7D9 G3UYL9
D3ZBL5 D3Z230
P01257 P70160
F1LMF4 E9QK16
Q642B9 Q810A1
Q5BK17 Q9DCX8
F1LP66 Q91Y86
P01346 P09535
O88846 Q9QZS2
G3V9P7 G3X9H5
A0A0G2JVC1 P23804
Q6MG27 P20263
D4A7M3 Q58Y75
D3ZM22 Q8BJA2
G3V6J8 Q8K4K4
Q6AYJ9 Q8R2G4
P97887 P49769
Q9QYH7 Q9EQX0
D3ZU64 Q8R0J7
Q5BK21 Q71KT5
P81155 Q9D554
B2RZD1 Q9WTV7
P10683 P47212
M0RC73 Q9DBB4
D3ZD73 P54823
Q9R0C5 Q80VA0
A0A0G2K6Z8 Q3UIL6
G3V6I3 Q9DBF7
A0A0G2JWR1 E9QKG3
Q3MHU2 P97477
Q8CF97 A0A0R4J0M9
B0BNG7 Q8VHN8
A0A0G2K9F0 Q5SVQ0
Q2EJA0 P46938
Q64268 P49182
P29066 Q8BWG8
G3V642 Q64343
A0A0H2UHH4 Q9R229
E9PTN4 O70551
D3ZXP4 Q5S003
F1M9Y9 Q9WVB0
Q5XHZ9 Q3UA06
D4A7H1 Q8BZ00
D3ZKU8 P29121
Q66H63 Q9DBL2
Q5U367 Q920Q6
F1LRM7 P28481
F1LV65 Q76LW6
F1LVR4 Q8BW96
M0RAT6 Q3UHI4
M0R5M5 B2RRL2
A0A0G2JUT7 Q8BHT6
D4A7K0 Q8VCR3
M0R3P2 P35456
G3V612 Q9EQW6
D4A0U9 P54276
A0A0G2JSZ5 Q3TML0
D3ZSU6 E9Q4F7
A0A0H2UHR6 O88947
M0R8C5 Q8C460
F1LNG5 P26450
G3V6C8 Q6W5C0
F1LSA8 Q8BQM8
Q4KLH4 Q8R326
F7FL53 Q8BSM7
F1LR42 Q8BIJ7
G3V7Y0 Q61488
F1LYX1 Q562E2
M0RBS0 Q9CYY7
D3ZBL5 F6R4N2
D3ZCC2 B2KFW1
A0A0G2JXJ6 E9Q6P5
Q5FVJ5 Q8R1Y2
P27768 P13412
F1LNT0 Q3TMU8
Q56R17 O35343
Q66HC5 Q8BJ71
G3V784 A0A1L1SSF2
A0A0G2K5U0 Q80V62
P62994 Q60631
Q68FW7 Q3UQ84
F1LVC4 Q0VBL1
Q09128 Q64441
G3V7J3 Q80TG9
D4AC45 Q8K3K7
D3ZMI6 Q3UZZ4
P12841 P01101
Q5U2S0 Q3UC65
Q91Z84 Q9EQ14
D3ZCM7 Q62440
F1LNW6 Q9WUC3
P27704 Q61532
D4ADQ6 Q8VEJ3
Q5BK64 Q8R1F9
D3ZF21 Q8BWS5
Q62928 Q62053
M0R887 Q9QZS8
Q642E3 Q99LM2
D4AEG0 O08674
B2GV31 A0A0R4J0H1
Q80U96 Q6P5F9
P52631 P42227
D3ZU55 P42128
Q8CJH2 P97318
Q5PPL2 Q9CXV9
F1LV65 P97766
D3ZB71 Q60838
D3ZGN3 P97766
B5DF02 Q921E6
F7F6T5 O08804
P08592 P12023
F1M173 P68500
D4A898 P62340
P04692 Q9JM05
Q8K593 Q9DAX2
F1M2K6 Q68FH0
G3V877 H3BJD7
Q5BK67 Q8JZM6
Q62785 Q3UHX2
P35286 Q9DD03
A0A0G2K2S5 P35761
D3ZSV7 P97770
Q07984 Q62186
A0A0G2K008 Q9Z1D8
P35739 Q3UFB7
D3ZXM2 Q9Z0F6
F1M3K6 Q8CI61
Q99J82 O55222
D3ZME7 A0A0R4J0T0
D4AA47 A2ANX3
P70668 O09051
Q9JI92 O08992
Q5BK32 Q3TDN2
G3V7M9 P70390
P63170 P63168
F1LN48 P35419
Q1XID0 P52955
F7EL93 Q9EQS9
D3ZSF0 A2AJW5
A0A0G2K3H5 Q60520
Q3SWU0 P97473
P21708 Q63844
P63278 P63277
Q0VJ96 P28700
D3ZEI4 Q640R3
P08699 Q8C253
A0A0G2JYQ8 Q32NY8
A0A0G2JW83 Q9EQT3
Q6IRG9 Q9JKC8
D3ZUA2 Q8CCN1
F1LPQ4 P97813
Q6AZ60 Q3UTJ7
D3ZQL2 Q8BMJ8
F1LXT3 E9QK83
D4A7W7 Q03526
Q5XI94 Q3TQQ9
Q6XVN8 Q91VR7
Q5BJY4 Q9DBJ6
Q496Z2 Q9DBY4
Q3B7V0 O88876
D3ZEU8 Q922G2
Q62844 P39688
F7FLN8 A2CGA5
M0R975 P86045
B1WBS6 Q8VC60
Q6IRK3 P43407
D3ZDG4 Q6PAL1
B1H2A6 Q6P5B5
D3ZP96 P97310
G3V8N9 Q9JMI7
F1M1L9 P59108
B2RYN3 Q9D1M4
P80386 Q9R078
Q5I0N4 P51658
P10361 P02340
A0A0H2UHQ7 Q6P8G8
R9PXT7 P34960
A0A0G2KAH3 Q9ES03
B6RHI6 O70263
D4A135 Q8CI52
Q5XIB9 Q793I8
G3V6Q2 Q8K093
O70509 A2APM2
G3V672 Q8CBD1
P0C1S9 Q91WC9
D3ZGK9 P43021
Q5RJQ7 Q6NS82
P62716 P62715
A0A0H2UH97 Q8BTZ4
D4A4K4 Q8BX70
Q9JLY8 P51675
Q6AY91 Q91W63
Q6AY02 Q8JZX4
D3ZIG2 Q9D976
D4A8C5 Q91UZ1
M0RBS9 Q3UHD6
D4A206 O08784
B4F7A9 O54833
Q6IRH4 Q8C708
A0A0G2JYY3 G3X9X7
P13832 P42582
Q9JLS8 O89013
F1MA52 Q99JX7
E9PU35 Q8K249
Q66MH4 P97929
D4A1H8 Q99LL5
B5DF36 Q9JI48
A0A096MJ11 Q9D8T2
Q6IE50 D3Z3A3
D3ZEX7 Q52KF3
Q5PQL3 Q3TD49
D3ZW33 P97303
D3ZH14 Q69ZZ6
D4A7E7 O08686
D3ZF19 Q9D850
A0A0H2UHZ0 Q9DBP0
Q01714 O89090
F1M9B2 E9Q5D9
D4A7E1 O35284
Q6AZ60 E9Q4M7
M0R8R8 Q61080
Q3B7D3 P15920
D3ZJW0 D3YXK6
D3ZTL2 Q8K3I4
B1WBR8 Q8BH70
A0A0G2QC60 P25801
F1LN63 Q99MB1
G3V660 Q8K4F6
F2Z3Q8 P70168
D4A7Y4 A2ATK9
D4A1U7 Q80T69
D4A0E3 Q9EPW4
P70705 Q64430
P62260 P62259
P06907 E9QK82
Q9Z2H4 A2ARI4
A0A0G2K8M2 Q8VIG3
D3ZBX1 Q91VD1
D3Z8X5 B1AZ99
Q66H33 Q3TTL0
Q4QQW4 O09106
F1LRY2 G3UVW3
D4AA72 Q8VHQ3
D4A2M3 Q3UV71
A0A0G2K2M1 Q9JKQ4
B0BNN3 P13634
P18422 O70435
Q4V7B0 Q0VFX2
F7EUU4 O35864
F1LMM4 Q5RJI4
E9PU35 O35679
Q9Z118 Q8BHD7
M0RCA3 Q9DB43
B2RYW8 Q7TNS2
A0A0H2UI34 Q03717
D4A0Q3 E9Q1H7
Q5BJZ0 Q9CWQ8
A5HKJ1 Q9QZ26
D4AEK7 Q9DAY6
P41499 P35235
P61983 P61982
D4A7E9 A0A0B4J1F1
D4AE95 D3Z1Q2
F1LNK2 Q91UZ1
Q10746 Q6W5C0
A0A0G2K099 P08113
Q9ERW3 P70377
F1LXF1 Q6PAJ1
M0R740 E9QK16
O54857 O08586
B2GUT8 Q5M9N4
A0A0G2KA75 Q8CHK4
D3ZSC1 P0C192
A0A0G2K9L9 A2ANY6
B5DFH7 P39429
D3ZHJ3 M9MMK0
G3V6M6 O55144
Q6IMY8 Q8VEK3
B2RZ55 Q8BKJ9
B2GUV8 P41183
D3ZXC6 Q5SRY7
O35274 Q68FH0
Q02644 P32082
V9GZ79 P52785
Q9R066 P97792
D4A2T8 Q8CJ70
A0A0G2KBB3 Q9JIY0
F1LR26 O35544
D4A9D6 Q3UR42
D3ZIQ3 Q91V79
B2GUT8 Q9JHG1
A0A0G2JXD9 Q3UHQ6
Q5EB94 E9PZ54
O88828 P61219
Q5XIR4 Q3ULW6
Q5FVM2 P61290
P61212 P61211
A0JPP1 Q9D6N5
F1M6V7 A2AQ92
M0R740 Q3U3I9
A0A096MIX2 Q3U741
Q66HJ7 P18052
G3V8T5 Q9WTM5
Q4QQU9 Q8BGT0
F1LWN5 Q80VP5
D4A9N5 Q61510
F1LNL6 Q8BMU0
Q8K1G0 Q8R373
Q06175 Q06186
Q64270 Q99LC8
P06761 P20029
D0V9T4 Q8K249
B5DFJ7 Q9CR23
D4A4T0 Q9WUD1
F1MAM1 F8VPX2
D3ZCK7 Q04744
G3V8Z7 Q9CQQ0
F1M7G9 Q80WJ6
Q62910 D3Z656
D4A7M3 B1AZ99
A0A0G2K612 Q9CUN6
F1M9G7 F8VPR5
P19814 Q62313
F1LVJ1 A0A087WSB9
Q4QRB4 Q9ERD7
Q66H66 Q8CHD8
Q4KLN5 Q9CPX5
Q8CFN2 P60766
P19357 P14142
A0A0G2K435 Q9QYI3
F1LR18 G3X932
G3V6C9 Q3UU96
Q5U2Z2 Q8R0J7
A0A0H2UI37 B9EKE5
F1MA10 Q9CRA0
A0A0G2QC09 B2RWS6
F1LMH8 Q3ULA2
B1WC03 Q9D2V5
B2RYW7 P16254
D3Z9R9 A2RTU1
G3V7M5 Q811Q9
P68511 P68510
D3ZCR1 P17553
D3Z8I9 Q5SV80
D3ZIH3 Q9DBX7
Q00969 P16951
Q4V7E0 Q562D6
A0A0G2JX94 Q8VHG2
A0A096MJK1 Q8BG99
Q9R0Q2 O88855
D4A8G7 A0A0B4J1E2
M0R613 O55237
Q6AXS5 P28352
D3ZMW3 E9PUB7
P84025 Q8BUN5
D3ZQ38 A2ACG1
F1M400 Q505D1
D4AB49 Q80WM7
D4A3N0 Q99MV1
D3ZET1 Q8R007
D4A6E6 Q9QYK5
D3ZEI8 Q8BJ51
D3ZEN8 O88992
D3ZPF0 Q9R059
Q62703 Q8BP92
D4A0Z0 Q5M9N4
A0A0G2JSI4 S4R1V8
B2RZ37 G3X8R0
D4A1C2 Q80UL9
A4L691 Q9CZX5
D4AAA5 Q3UN58
A0A140TAI1 Q8R317
Q8VBU7 P18762
A0A0G2KB72 E9QAF4
D3ZX74 E9Q3H6
F1LPC8 O09118
Q6AZ64 A0A0R4J187
A0A140TAH3 Q810D6
Q62805 Q7TSN6
F1M7P1 Q6PAC3
A0A140UHX4 Q91WG5
P20417 P35821
Q5U2U8 Q9JLV1
P35565 P35564
D3ZS54 M0QW46
A0A0G2K6D6 Q9WUV0
Q6P751 P97377
D3ZVQ1 Q9D3R3
D4A8L7 Q9D979
O35796 Q8R5L1
O88506 Q9Z1W9
P60711 P60710
D3ZHR0 Q9DBQ9
P04055 Q9Z0Y2
F1MAK0 Q7TN31
Q9ERC5 E9PYR6
Q9JKR5 P59267
F1M8G0 Q9QZ09
D3ZMX5 Q1RNF8
P35355 Q05769
G3V738 Q62447
Q04906 P20722
Q2MCP5 Q9CR39
A0A0G2JWS3 F7AC58
G3V9A0 A0A0R4J1S3
O70436 Q62432
A0A0G2JYH7 Q8R0L1
G3V8M5 P97470
Q9ERC5 Q9ESF1
Q6PED1 P30882
O70454 Q6PGH1
P18280 P20181
D3ZWK2 Q9ERD8
D3ZJC1 Q3TZ65
Q7TSB7 Q6Y4S4
A0A0G2K9K6 Q8K450
Q3ZAU5 D6RH62
P38438 Q62312
D3ZQ60 A0A1L1SU27
Q63118 Q9R1W5
P31016 Q62108
F1M6V7 P35419
Q6DGF9 E9Q289
D4AE81 Q3UJV1
O35276 O35375
A4L9P8 A0A1N9NPH8
O08725 Q99P50
P35563 E9QLC0
D3ZFR9 Q8CEE7
A0A0G2K7X7 D3YXF5
M0R3J4 P36898
A0A0G2JUI2 Q3TYX8
Q6AY34 Q91ZD1
D3ZYC4 Q3U4G0
D4A228 A2ABU4
Q6W3B0 Q7TMD7
D4A7E9 A0A1L1STX8
D3ZFI7 Q8CJ70
P60825 P60824
M0R7K3 Q8K288
F1LRV5 Q62556
Q6P689 Q6DID7
B5DFI5 Q62158
Q7TSV3 Q9CQG3
G3V6T9 P32443
P60522 P60521
Q62805 P56479
D4A2T8 Q9JKV9
Q5BJY8 A2BGN7
A0A0G2K4K7 Q69ZS0
P0C5H6 Q05BQ1
F1LQZ4 P29452
D4ACL8 Q62388
B1WC69 Q7TS68
P62986 E9PYV1
D3ZIL9 Q8CI75
F1M953 Q03265
G3V7E2 O35310
F1LS01 F8VPK8
A0A0G2KA10 Q9R0S2
Q7TP21 Q8VEE4
D4ADV8 Q61062
D3ZT51 Q7TQK4
D3ZJ04 Q8BZ89
P09416 P01108
G3V8A3 A2AQ99
P54842 P54841
Q5BQE6 Q8VCH6
Q9Z269 Q8BH80
Q9Z270 Q9WV55
P63156 P63157
M0RBE6 Q3U595
M0R9F7 Q60754
A0A0G2JWU7 Q60722
Q505I5 Q9CVI2
A0A0G2K0Q6 Q9WU62
V9GZ88 Q6P549
D3ZW38 Q8BTW3
F2Z3T9 P26369
A0A0G2JYH7 Q9QZS8
G3V6L0 P56942
Q6RUV5 P63001
G3V8P2 Q91WU5
D3ZPJ9 Q91WR3
F1M8E5 Q05BA5
P29067 Q91YI4
B2RZ74 Q62376
F1LZD2 D3Z5T8
D4A3W9 P22727
A0A0H2UI22 P53566
D3Z9E9 Q8BHG3
F1LPK1 Q00560
Q10468 Q09200
G3V729 Q61878
D3ZJB8 Q9Z1K6
G3V6C8 P50228
P68370 P68369
F1LS98 Q3TQ39
A0A0A0MXY5 Q8R010
D3ZT85 Q8R1H8
M0R462 Q9ERL0
P63088 P63087
P35213 Q9CQV8
A0A0H2UHB8 O55226
O70509 E9QKM8
F1LMG2 Q91WS4
Q5M845 Q8BGN2
F1LNQ2 A2AH22
D4AC23 P80313
D3Z8X5 Q58Y75
B2GV41 Q3TIX9
Q5D006 Q99K46
Q9JIM4 Q9D0T2
F1LSK6 Q8BKE6
D3ZC02 Q6PDK0
Q5U2R4 Q3UFY8
D3ZGZ9 Q8C0M0
M0R9R0 Q5U4C1
F1MAS4 O35161
A0A0H2UH92 Q6ZQJ5
M0R7B3 Q8C5T4
F1LQC5 O35607
A0A0G2JST6 Q3TRM8
Q5J2D6 Q6K1E7
D3ZMW3 D3YX87
F1M6X3 B7ZBV9
A0A0G2JWR1 A0A1L1SVA9
A0A0G2K3L8 E9Q4P1
G3V6K6 Q01279
Q62755 Q9CQ26
Q3ZAU5 F8WIJ5
D3ZDT6 A2A259
F1M8F4 Q9ERL7
Q5S3S9 Q3UQ17
B5DF91 P70372
D3ZXM2 Q9CPX9
Q5BK39 Q8C708
F1LNE2 Q8K1S3
D3ZFI7 Q9JKV9
O08726 O88854
Q8VHX0 Q9JJV5
Q4V8A9 Q3TUA9
M0R5T3 Q8CB76
D4AA47 Q148W0
D4ADG3 P22518
Q7TT47 Q3ULF4
P38483 P51908
D4AAE7 Q9CPU9
F7FLN8 A2CGA3
Q5M947 Q9CYX7
D4A2A9 Q8BKN5
Q7TQN4 Q04207
D3ZY89 Q9EQH4
D3Z9C0 Q8VE19
A0A0G2JSU9 P25118
Q4L0E9 P97428
D3Z837 Q80UW5
Q8CH33 Q9WUT7
O35410 Q61069
Q6MG49 Q9Z1R2
B5DEK8 Q8R1C3
Q66HA4 Q3UKC1
D3ZBW4 Q3V2J9
B5DFJ2 Q9D8T0
D3ZSJ1 Q0VDY1
Q6AXU3 A0A0R4J0R3
D4AA11 Q9CQ39
D4A3X6 P98200
P62250 P63325
D3ZR96 Q04886
B8K1X9 E9Q9A6
A0A0G2K9V0 Q64131
A0A140TA97 Q9JMB7
F7F189 Q9D0F1
A0A0G2JU49 F7C846
B1WBY1 Q9WTX6
Q9WUD9 P05480
Q9JHF3 Q9JM51
A0A0G2JT82 P09065
Q5M7T9 Q80W22
D3Z941 Q68FL6
D4A895 P58659
D4AAY7 Q64323
D4A8G6 A2AKB9
P51638 P51637
Q32PX4 O35903
Q6IFW2 Q6IFX3
Q5RKH2 Q9R0N0
D3ZVQ9 Q3U1D0
D4A3G2 P24788
O70593 Q8BJU0
D3ZMN2 Q8CFE2
G3V877 A0A0R4J0I7
Q5U2M8 E9QK89
A0A096P6L8 P11276
Q7TP28 Q99LU8
Q7TSN5 Q7TSN6
P41156 P27577
D4A548 Q3UZB0
D3ZBE5 Q9ES74
Q68FR9 F6ZFU0
A0A0H2UHY4 Q78IQ7
A0A0G2K0D4 P19785
Q5XIW8 Q9Z315
A0A0G2K1Z2 Q8C0D4
