11379 P62879,P05067,Q15717,Q13618,P62993,O14980,P04637,P00533 F6RW70,F6XL78,F7A2J7,F7DFR6,F6XEB4,F6VTW3,F6XR42,F6YYG4
11379 P62879,P05067,Q15717,Q13618,P62993,O14980,P04637,P00533 F6X4H0,F6XL78,F7A2J7,F7DFR6,F6XEB4,F6VTW3,F6XR42,F6YYG4
11379 P42345,P05067,Q15717,Q13618,P62993,O14980,P04637,P00533 F7BG35,F6XL78,F7A2J7,F7DFR6,F6XEB4,F6VTW3,F6XR42,F6YYG4
11379 P42345,P05067,Q15717,Q13618,P62993,O14980,P04637,P00533 F6WKK9,F6XL78,F7A2J7,F7DFR6,F6XEB4,F6VTW3,F6XR42,F6YYG4
11379 P42345,P05067,Q15717,Q13618,P62993,O14980,P04637,P00533 F7BPE3,F6XL78,F7A2J7,F7DFR6,F6XEB4,F6VTW3,F6XR42,F6YYG4
11379 P35240,P05067,Q15717,Q13618,P62993,O14980,P04637,P00533 F7BG35,F6XL78,F7A2J7,F7DFR6,F6XEB4,F6VTW3,F6XR42,F6YYG4
11379 P35240,P05067,Q15717,Q13618,P62993,O14980,P04637,P00533 F6WKK9,F6XL78,F7A2J7,F7DFR6,F6XEB4,F6VTW3,F6XR42,F6YYG4
11379 Q14457,P05067,Q15717,Q13618,P62993,O14980,P04637,P00533 F6RW70,F6XL78,F7A2J7,F7DFR6,F6XEB4,F6VTW3,F6XR42,F6YYG4
11379 Q14457,P05067,Q15717,Q13618,P62993,O14980,P04637,P00533 F6X4H0,F6XL78,F7A2J7,F7DFR6,F6XEB4,F6VTW3,F6XR42,F6YYG4
11418 P05067,Q14457,Q15717,P04637,O14980,Q13618,P00533,P07900 F6XL78,F7DYV0,F6VTW3,F6XR42,F7A2J7,F6YYG4,F7DFR6,F6XEB4
11418 P05067,Q14457,Q15717,P04637,O14980,Q13618,P00533,P07900 F6XL78,F6ZZ67,F6VTW3,F6XR42,F7A2J7,F6YYG4,F7DFR6,F6XEB4
11418 P05067,Q14457,Q15717,P04637,O14980,Q13618,P00533,P07900 F6XL78,F7DWN5,F6VTW3,F6XR42,F7A2J7,F6YYG4,F7DFR6,F6XEB4
10316 P12931,Q13618,O14980,P05412,Q15717,P04637,P05067,P07900 F7DFR6,F7AK40,F6TL72,F6YYG4,F6VTW3,F6S8L9,F6XL78,Q9GKX7
11172 Q13618,O14980,Q9UHB6,P04637,P00533,P05067,P62993,Q15717 F7DFR6,F6VTW3,F7B0R5,F6XR42,F6YYG4,F6XL78,F6XEB4,F7A2J7
9500 P62987,P05067,O14980,Q15717,Q13618,P04637,P62993,P00533 F6V7C1,F6XL78,F6VTW3,F7A2J7,F7DFR6,F6XR42,F6XEB4,F6YYG4
9500 P62987,P05067,O14980,Q15717,Q13618,P04637,P62993,P00533 F7CG77,F6XL78,F6VTW3,F7A2J7,F7DFR6,F6XR42,F6XEB4,F6YYG4
9500 P62987,P05067,O14980,Q15717,Q13618,P04637,P62993,P00533 F7BV85,F6XL78,F6VTW3,F7A2J7,F7DFR6,F6XR42,F6XEB4,F6YYG4
9500 P62987,P05067,O14980,Q15717,Q13618,P04637,P62993,P00533 F7DV29,F6XL78,F6VTW3,F7A2J7,F7DFR6,F6XR42,F6XEB4,F6YYG4
9500 P10275,P05067,O14980,Q15717,Q13618,P04637,P62993,P00533 F6V7C1,F6XL78,F6VTW3,F7A2J7,F7DFR6,F6XR42,F6XEB4,F6YYG4
9500 P10275,P05067,O14980,Q15717,Q13618,P04637,P62993,P00533 F7CG77,F6XL78,F6VTW3,F7A2J7,F7DFR6,F6XR42,F6XEB4,F6YYG4
9500 P10275,P05067,O14980,Q15717,Q13618,P04637,P62993,P00533 F7BV85,F6XL78,F6VTW3,F7A2J7,F7DFR6,F6XR42,F6XEB4,F6YYG4
9500 P10275,P05067,O14980,Q15717,Q13618,P04637,P62993,P00533 F7DV29,F6XL78,F6VTW3,F7A2J7,F7DFR6,F6XR42,F6XEB4,F6YYG4
9500 Q07912,P05067,O14980,Q15717,Q13618,P04637,P62993,P00533 F6VAI2,F6XL78,F6VTW3,F7A2J7,F7DFR6,F6XR42,F6XEB4,F6YYG4
9500 Q5T4S7,P05067,O14980,Q15717,Q13618,P04637,P62993,P00533 F6VAI2,F6XL78,F6VTW3,F7A2J7,F7DFR6,F6XR42,F6XEB4,F6YYG4
9500 P42858,P05067,O14980,Q15717,Q13618,P04637,P62993,P00533 F6V7C1,F6XL78,F6VTW3,F7A2J7,F7DFR6,F6XR42,F6XEB4,F6YYG4
9500 O15524,P05067,O14980,Q15717,Q13618,P04637,P62993,P00533 F6VAI2,F6XL78,F6VTW3,F7A2J7,F7DFR6,F6XR42,F6XEB4,F6YYG4
9500 Q15303,P05067,O14980,Q15717,Q13618,P04637,P62993,P00533 F6VAI2,F6XL78,F6VTW3,F7A2J7,F7DFR6,F6XR42,F6XEB4,F6YYG4
12219 P38398,Q13618,P04629,Q15717,P04637,O14980,P10809,P07900 F6SQ43,F7AK40,F6Z1I4,F6VTW3,F6TL72,F6S8L9,F7BEV6,F6XEB4
12219 P38398,Q13618,P04629,Q15717,P04637,O14980,P39023,P07900 F6SQ43,F7AK40,F6Z1I4,F6VTW3,F6TL72,F6S8L9,F7BEV6,F6XEB4
12219 P38398,Q13618,P04629,Q15717,P04637,O14980,P34932,P07900 F6SQ43,F7AK40,F6Z1I4,F6VTW3,F6TL72,F6S8L9,F7BEV6,F6XEB4
12219 P38398,Q13618,P04629,Q15717,P04637,O14980,P18124,P07900 F6SQ43,F7AK40,F6Z1I4,F6VTW3,F6TL72,F6S8L9,F7BEV6,F6XEB4
9508 P16885,P05067,O14980,P03372,Q13618,P04637,P62993,Q14258 F6V4Y8,F6VTW3,F6XL78,F6XEB4,F6XR42,F7DFR6,F6S8L9,F6YYG4
4403 P00533,Q13618,P38398,Q8NC44,Q14258,Q9H0R8,O14980,P0CG48 F6XR42,F7DFR6,F6TL72,F7C0E6,F6YYG4,F6VF95,F6VTW3,F6XEB4
4403 P00533,Q13618,P38398,Q8NC44,Q14258,Q9H0R8,O14980,P0CG48 F6XR42,F7DFR6,F6TL72,F7D4M5,F6YYG4,F6VF95,F6VTW3,F6XEB4
9520 P54132,P05067,O14980,Q15717,Q13618,P04637,P00533,P07900 F7AEP1,F6XL78,F7A2J7,F6VTW3,F6YYG4,F6XR42,F7DFR6,F6XEB4
9520 P54132,P05067,O14980,Q15717,Q13618,P04637,P00533,P07900 F7BBG2,F6XL78,F7A2J7,F6VTW3,F6YYG4,F6XR42,F7DFR6,F6XEB4
9520 P14174,P05067,O14980,Q15717,Q13618,P04637,P00533,P07900 F7BBG2,F6XL78,F7A2J7,F6VTW3,F6YYG4,F6XR42,F7DFR6,F6XEB4
9520 Q07912,P05067,O14980,Q15717,Q13618,P04637,P00533,P07900 F7BBG2,F6XL78,F7A2J7,F6VTW3,F6YYG4,F6XR42,F7DFR6,F6XEB4
9520 P30307,P05067,O14980,Q15717,Q13618,P04637,P00533,P07900 F7AEP1,F6XL78,F7A2J7,F6VTW3,F6YYG4,F6XR42,F7DFR6,F6XEB4
9520 P30307,P05067,O14980,Q15717,Q13618,P04637,P00533,P07900 F7BBG2,F6XL78,F7A2J7,F6VTW3,F6YYG4,F6XR42,F7DFR6,F6XEB4
9520 P0DMV8,P05067,O14980,Q15717,Q13618,P04637,P00533,P07900 F7AEP1,F6XL78,F7A2J7,F6VTW3,F6YYG4,F6XR42,F7DFR6,F6XEB4
9520 P0DMV8,P05067,O14980,Q15717,Q13618,P04637,P00533,P07900 F7AM44,F6XL78,F7A2J7,F6VTW3,F6YYG4,F6XR42,F7DFR6,F6XEB4
9520 Q13535,P05067,O14980,Q15717,Q13618,P04637,P00533,P07900 F7AEP1,F6XL78,F7A2J7,F6VTW3,F6YYG4,F6XR42,F7DFR6,F6XEB4
9520 Q13535,P05067,O14980,Q15717,Q13618,P04637,P00533,P07900 F7BBG2,F6XL78,F7A2J7,F6VTW3,F6YYG4,F6XR42,F7DFR6,F6XEB4
9520 Q15303,P05067,O14980,Q15717,Q13618,P04637,P00533,P07900 F7BBG2,F6XL78,F7A2J7,F6VTW3,F6YYG4,F6XR42,F7DFR6,F6XEB4
11154 P06396,Q15717,P07900,Q13618,O14980,P00533,P05067,P04637 F6QQL7,F6VTW3,F6XEB4,F6YYG4,F7A2J7,F7DFR6,F6XL78,F6XR42
11154 P06396,Q15717,P07900,Q13618,O14980,P00533,P05067,P04637 F6YNS5,F6VTW3,F6XEB4,F6YYG4,F7A2J7,F7DFR6,F6XL78,F6XR42
11154 P06396,Q15717,P07900,Q13618,O14980,P00533,P05067,P04637 F7DK89,F6VTW3,F6XEB4,F6YYG4,F7A2J7,F7DFR6,F6XL78,F6XR42
11154 P01137,Q15717,P07900,Q13618,O14980,P00533,P05067,P04637 F6QQL7,F6VTW3,F6XEB4,F6YYG4,F7A2J7,F7DFR6,F6XL78,F6XR42
11154 P01137,Q15717,P07900,Q13618,O14980,P00533,P05067,P04637 F6YNS5,F6VTW3,F6XEB4,F6YYG4,F7A2J7,F7DFR6,F6XL78,F6XR42
11154 Q13362,Q15717,P07900,Q13618,O14980,P00533,P05067,P04637 F6TEA2,F6VTW3,F6XEB4,F6YYG4,F7A2J7,F7DFR6,F6XL78,F6XR42
11154 Q13362,Q15717,P07900,Q13618,O14980,P00533,P05067,P04637 F6ZJW3,F6VTW3,F6XEB4,F6YYG4,F7A2J7,F7DFR6,F6XL78,F6XR42
11154 Q13362,Q15717,P07900,Q13618,O14980,P00533,P05067,P04637 F7E3W0,F6VTW3,F6XEB4,F6YYG4,F7A2J7,F7DFR6,F6XL78,F6XR42
11154 P13693,Q15717,P07900,Q13618,O14980,P00533,P05067,P04637 F6TEA2,F6VTW3,F6XEB4,F6YYG4,F7A2J7,F7DFR6,F6XL78,F6XR42
11154 P13693,Q15717,P07900,Q13618,O14980,P00533,P05067,P04637 F6ZJW3,F6VTW3,F6XEB4,F6YYG4,F7A2J7,F7DFR6,F6XL78,F6XR42
11154 P13693,Q15717,P07900,Q13618,O14980,P00533,P05067,P04637 F7E3W0,F6VTW3,F6XEB4,F6YYG4,F7A2J7,F7DFR6,F6XL78,F6XR42
11154 P17706,Q15717,P07900,Q13618,O14980,P00533,P05067,P04637 F6QQL7,F6VTW3,F6XEB4,F6YYG4,F7A2J7,F7DFR6,F6XL78,F6XR42
11154 P17706,Q15717,P07900,Q13618,O14980,P00533,P05067,P04637 F6YNS5,F6VTW3,F6XEB4,F6YYG4,F7A2J7,F7DFR6,F6XL78,F6XR42
11154 P17706,Q15717,P07900,Q13618,O14980,P00533,P05067,P04637 F7DK89,F6VTW3,F6XEB4,F6YYG4,F7A2J7,F7DFR6,F6XL78,F6XR42
11434 P04637,Q13618,P00533,P05067,P60520,O14980,Q15717,P07900 F6XR42,F6YYG4,F7DFR6,F6XL78,F7CYJ4,F7A2J7,F6VTW3,F6XEB4
11573 O14980,P49407,P62993,P05067,Q13618,Q15717,P04637,P00533 F6VTW3,F6ZWW8,F6XEB4,F6XL78,F7DFR6,F7A2J7,F6XR42,F6YYG4
11573 Q15717,P62829,P07900,P05067,P00533,O14980,P04637,Q13618 F6VTW3,F6ZWW8,F6XEB4,F6XL78,F7DFR6,F7A2J7,F6XR42,F6YYG4
8641 Q5VT25,Q15717,P03372,P00533,P0CG48,Q13618,Q13547,P04629 F7ARE5,F7DFR6,F6TL72,F6VTW3,F7A2J7,F6XEB4,F6ZS96,F6Z1I4
8641 Q5VT25,Q15717,P03372,P00533,P0CG48,Q13618,Q13547,P04629 F7DE98,F7DFR6,F6TL72,F6VTW3,F7A2J7,F6XEB4,F6UHM0,F6Z1I4
8641 Q5VT25,Q15717,P03372,P00533,P0CG48,Q13618,Q13547,P04629 F6WMJ1,F7DFR6,F6TL72,F6VTW3,F7A2J7,F6XEB4,F6UHM0,F6Z1I4
11089 P82979,Q15717,P38398,P0CG48,O14980,P04637,P03372,P02751 F6Z4E2,F6Z1I4,F6TL72,F6VTW3,F6XEB4,F6S8L9,F6SQ43,F7AK40
11089 P82979,Q15717,P38398,P0CG48,O14980,P04637,P03372,P02751 F6RUY8,F6Z1I4,F6TL72,F6VTW3,F6XEB4,F6S8L9,F6SQ43,F7AK40
11089 P12757,Q15717,P38398,P0CG48,O14980,P04637,P03372,P02751 F7AQB2,F6Z1I4,F6TL72,F6VTW3,F6XEB4,F6S8L9,F6SQ43,F7AK40
11089 P12757,Q15717,P38398,P0CG48,O14980,P04637,P03372,P02751 F7CH20,F6Z1I4,F6TL72,F6VTW3,F6XEB4,F6S8L9,F6SQ43,F7AK40
11522 Q13618,P00533,P04637,P49757,O14980,Q15717,P05067,P07900 F6YYG4,F7DFR6,F6XR42,F7AUK1,F7A2J7,F6VTW3,F6XL78,F6XEB4
11522 Q13618,P00533,P04637,P10909,O14980,Q15717,P05067,P07900 F6YYG4,F7DFR6,F6XR42,F6ZIP2,F7A2J7,F6VTW3,F6XL78,F6XEB4
4481 P0CG48,Q9NUQ2,O14980,P05067,P07900,Q8IWL3,P00533,Q15717 F6TL72,F7AMB2,F7A2J7,F6XL78,F7DFR6,F6WGR2,F6XEB4,F6VTW3
4481 P0CG48,Q9NUQ2,O14980,P05067,P07900,Q8IWL3,P00533,Q15717 F6TL72,F6VXS2,F7A2J7,F6XL78,F7DFR6,F6WGR2,F6XEB4,F6VTW3
4481 P0CG48,Q8NAN2,O14980,P05067,P07900,Q8IWL3,P00533,Q15717 F6TL72,F7AMB2,F7A2J7,F6XL78,F7DFR6,F6WGR2,F6XEB4,F6VTW3
4481 P0CG48,Q8NAN2,O14980,P05067,P07900,Q8IWL3,P00533,Q15717 F6TL72,F6R2M0,F7A2J7,F6XL78,F7DFR6,F6WGR2,F6XEB4,F6VTW3
4481 P0CG48,Q8NAN2,O14980,P05067,P07900,Q8IWL3,P00533,Q15717 F6TL72,F6VXS2,F7A2J7,F6XL78,F7DFR6,F6WGR2,F6XEB4,F6VTW3
4481 P0CG48,Q86UY8,O14980,P05067,P07900,Q8IWL3,P00533,Q15717 F6TL72,F7AMB2,F7A2J7,F6XL78,F7DFR6,F6WGR2,F6XEB4,F6VTW3
4481 P0CG48,Q86UY8,O14980,P05067,P07900,Q8IWL3,P00533,Q15717 F6TL72,F6VXS2,F7A2J7,F6XL78,F7DFR6,F6WGR2,F6XEB4,F6VTW3
4481 P0CG48,Q9NRK6,O14980,P05067,P07900,Q8IWL3,P00533,Q15717 F6TL72,F6R2M0,F7A2J7,F6XL78,F7DFR6,F6WGR2,F6XEB4,F6VTW3
4361 Q13618,Q15726,P04637,P41223,P05412,Q9Y5R2,P0CG48,P05067 F7DFR6,F7BUT3,F6TL72,F6XUE5,F6YYG4,F6RLA7,F6S8L9,F6XL78
4361 P00533,Q15726,P04637,P41223,P05412,Q9Y5R2,P0CG48,P05067 F7DFR6,F7BUT3,F6TL72,F6XUE5,F6YYG4,F6RLA7,F6S8L9,F6XL78
