8572 A0A287A2J9,A0A287BHC9,F1SV31,A3EX84,A0A286ZV23,A0A286ZQA1,P79307,F2Z558 G1TVU3,G1SZT9,G1T250,P47845,G1SZE4,G1SIC9,G1SZM2,G1SDY5
4747 A0A287BGY8,A0A287A2J9,A0A286ZV23,K7GR70,A0A287BHC9,A0A287B4M4,A0A287BPL8,F1RHK6 G1T5U9,G1SZR6,G1SZE4,G1T143,G1SMY6,G1TIX5,G1TYT3,G1SZT9
12090 F1S0S4,K7GR70,D3K5N7,A0A287BHC9,A0A287B4M4,I3LNX4,A0A287A2J9,F2Z558 U3KP67,G1T143,G1TAE2,G1SMY6,G1TIX5,G1SXC8,G1SZR6,G1SDY5
12090 A0A287BIR6,K7GR70,D3K5N7,A0A287BHC9,A0A287B4M4,I3LNX4,A0A287A2J9,F2Z558 G1T839,G1T143,G1TAE2,G1SMY6,G1TIX5,G1SXC8,G1SZR6,G1SDY5
10403 A0A287A2J9,A0A286ZQA1,A0A287AHC7,F2Z5I5,A0A286ZV23,A0A287B4M4,D3K5N7,F1RHK6 G1SZR6,G1SMY6,G1SIJ3,G1SFK3,G1SZE4,G1TIX5,G1TAE2,G1SZT9
10403 A0A287A2J9,A0A287BHC9,I3LVB2,F1RKX9,A0A286ZV23,A0A287B4M4,D3K5N7,F1RHK6 G1SZR6,G1SMY6,G1TY37,G1SE50,G1SZE4,G1TIX5,G1TAE2,G1SZT9
10403 A0A287A2J9,A0A287BHC9,I3LV81,I3LHB2,A0A286ZV23,A0A287B4M4,D3K5N7,F1RHK6 G1SZR6,G1SMY6,G1SIJ3,G1SFK3,G1SZE4,G1TIX5,G1TAE2,G1SZT9
10403 A0A287A2J9,A0A287BHC9,I3LV81,I3LHB2,A0A286ZV23,A0A287B4M4,D3K5N7,F1RHK6 G1SZR6,G1SMY6,G1U5D4,G1SFK3,G1SZE4,G1TIX5,G1TAE2,G1SZT9
10064 F1ST61,A0A287B4M4,A0A286ZV23,F1RHK6,A0A286ZQA1,F2Z558,K7GR70,A0A287A5X3 G1TYJ9,G1TIX5,G1SZE4,G1SZT9,G1SIC9,G1SMY6,G1T143,U3KNR1
4463 A0A287AMU0,A0A286ZV23,K7GR70,A0A287A2J9,A0A287B4M4,F1RHK6,I3LFR2,A0A287BHC9 G1TWA4,G1SZE4,G1T143,G1SZR6,G1TIX5,G1SZT9,G1T087,G1SMY6
11651 F1RGS3,D3K5N7,F2Z558,A0A286ZQA1,A0A287BHC9,I3LNX4,A0A287A2J9,K7GR70 G1SYE7,G1TAE2,G1SDY5,G1SIC9,G1SMY6,G1SXC8,G1SZR6,G1T143
11651 F1RUP2,D3K5N7,F2Z558,A0A286ZQA1,A0A287BHC9,I3LNX4,A0A287A2J9,K7GR70 G1SYE7,G1TAE2,G1SDY5,G1SIC9,G1SMY6,G1SXC8,G1SZR6,G1T143
11390 A0A286ZV23,I3LNX4,D3K5N7,A0A287B4M4,A0A287A2J9,A0A287B726,F1RHK6,A0A287BHC9 G1SZE4,G1SXC8,G1TAE2,G1TIX5,G1SZR6,G1SX32,G1SZT9,G1SMY6
11390 A0A286ZV23,I3LNX4,D3K5N7,A0A287B4M4,A0A287A2J9,A0A287B726,F1RHK6,A0A287BHC9 G1SZE4,G1SXC8,G1TAE2,G1TIX5,G1SZR6,G1TIP3,G1SZT9,G1SMY6
11390 A0A286ZV23,I3LNX4,D3K5N7,A0A287B4M4,A0A287A2J9,I3LHB2,F1RHK6,A0A286ZQA1 G1SZE4,G1SXC8,G1TAE2,G1TIX5,G1SZR6,G1T481,G1SZT9,G1SMY6
11390 A0A286ZV23,I3LNX4,D3K5N7,A0A287B4M4,A0A287A2J9,F2Z5N6,F1RHK6,A0A287BHC9 G1SZE4,G1SXC8,G1TAE2,G1TIX5,G1SZR6,G1SX32,G1SZT9,G1SMY6
11390 A0A286ZV23,I3LNX4,D3K5N7,A0A287B4M4,A0A287A2J9,F2Z5N6,F1RHK6,A0A287BHC9 G1SZE4,G1SXC8,G1TAE2,G1TIX5,G1SZR6,G1SLH7,G1SZT9,G1SMY6
11390 A0A286ZV23,I3LNX4,D3K5N7,A0A287B4M4,A0A287A2J9,F1REZ6,F1RHK6,A0A287BHC9 G1SZE4,G1SXC8,G1TAE2,G1TIX5,G1SZR6,G1T481,G1SZT9,G1SMY6
11390 A0A286ZV23,I3LNX4,D3K5N7,A0A287B4M4,A0A287A2J9,A0A287B0Y7,F1RHK6,A0A287BHC9 G1SZE4,G1SXC8,G1TAE2,G1TIX5,G1SZR6,G1SX32,G1SZT9,G1SMY6
11390 A0A286ZV23,I3LNX4,D3K5N7,A0A287B4M4,A0A287A2J9,A0A287B0Y7,F1RHK6,A0A287BHC9 G1SZE4,G1SXC8,G1TAE2,G1TIX5,G1SZR6,G1SLH7,G1SZT9,G1SMY6
11390 A0A286ZV23,I3LNX4,D3K5N7,A0A287B4M4,A0A287A2J9,F1SUT8,F1RHK6,A0A286ZQA1 G1SZE4,G1SXC8,G1TAE2,G1TIX5,G1SZR6,G1SX32,G1SZT9,G1SMY6
11390 A0A286ZV23,I3LNX4,D3K5N7,A0A287B4M4,A0A287A2J9,F1SUT8,F1RHK6,A0A286ZQA1 G1SZE4,G1SXC8,G1TAE2,G1TIX5,G1SZR6,G1SLH7,G1SZT9,G1SMY6
11390 A0A286ZV23,I3LNX4,D3K5N7,A0A287B4M4,A0A287A2J9,A0A287B642,F1RHK6,A0A286ZQA1 G1SZE4,G1SXC8,G1TAE2,G1TIX5,G1SZR6,G1TIP3,G1SZT9,G1SMY6
11390 A0A286ZV23,I3LNX4,D3K5N7,A0A287B4M4,A0A287A2J9,A0A286ZT34,F1RHK6,A0A286ZQA1 G1SZE4,G1SXC8,G1TAE2,G1TIX5,G1SZR6,G1TIP3,G1SZT9,G1SMY6
11390 A0A286ZV23,I3LNX4,D3K5N7,A0A287B4M4,A0A287A2J9,A0A287AJJ6,F1RHK6,A0A286ZQA1 G1SZE4,G1SXC8,G1TAE2,G1TIX5,G1SZR6,G1SEN5,G1SZT9,G1SMY6
11390 A0A286ZV23,I3LNX4,D3K5N7,A0A287B4M4,A0A287A2J9,A0A287ARA4,F1RHK6,A0A287BHC9 G1SZE4,G1SXC8,G1TAE2,G1TIX5,G1SZR6,G1SX32,G1SZT9,G1SMY6
11390 A0A286ZV23,I3LNX4,D3K5N7,A0A287B4M4,A0A287A2J9,A0A287ARA4,F1RHK6,A0A287BHC9 G1SZE4,G1SXC8,G1TAE2,G1TIX5,G1SZR6,G1TIP3,G1SZT9,G1SMY6
11390 A0A286ZV23,I3LNX4,D3K5N7,A0A287B4M4,A0A287A2J9,A0A287A9Y2,F1RHK6,A0A287BHC9 G1SZE4,G1SXC8,G1TAE2,G1TIX5,G1SZR6,G1TIP3,G1SZT9,G1SMY6
11390 A0A286ZV23,I3LNX4,D3K5N7,A0A287B4M4,A0A287A2J9,A0A287AJ61,F1RHK6,A0A287BHC9 G1SZE4,G1SXC8,G1TAE2,G1TIX5,G1SZR6,G1SEN5,G1SZT9,G1SMY6
11390 A0A286ZV23,I3LNX4,D3K5N7,A0A287B4M4,A0A287A2J9,A0A287BJH4,F1RHK6,A0A286ZQA1 G1SZE4,G1SXC8,G1TAE2,G1TIX5,G1SZR6,G1SEN5,G1SZT9,G1SMY6
11390 A0A286ZV23,I3LNX4,D3K5N7,A0A287B4M4,A0A287A2J9,R4JU57,F1RHK6,A0A287BHC9 G1SZE4,G1SXC8,G1TAE2,G1TIX5,G1SZR6,G1SEN5,G1SZT9,G1SMY6
4318 A0A286ZV23,Q08353,A0A287A2J9,K7GR70,A0A287B4M4,A0A286ZM08,F1RHK6,A0A287BHC9 G1SZE4,G1SZW1,G1SZR6,G1T143,G1TIX5,G1T4R1,G1SZT9,G1SMY6
4318 A0A286ZV23,Q08353,A0A287A2J9,K7GR70,A0A287B4M4,A0A286ZM08,F1RHK6,A0A287BHC9 G1SZE4,G1T9W2,G1SZR6,G1T143,G1TIX5,G1U6Y3,G1SZT9,G1SMY6
4318 A0A286ZV23,A0A287ANK9,A0A287A2J9,K7GR70,A0A287B4M4,F1SPK1,F1RHK6,A0A287BHC9 G1SZE4,G1T1W2,G1SZR6,G1T143,G1TIX5,G1T4M5,G1SZT9,G1SMY6
4318 A0A286ZV23,Q08353,A0A287A2J9,K7GR70,A0A287B4M4,F1SUY6,F1RHK6,A0A287BHC9 G1SZE4,G1T9W2,G1SZR6,G1T143,G1TIX5,G1T318,G1SZT9,G1SMY6
4318 A0A286ZV23,F1SV13,A0A287A2J9,K7GR70,A0A287B4M4,A0A287AF06,F1RHK6,A0A287BHC9 G1SZE4,G1SNL0,G1SZR6,G1T143,G1TIX5,G1SID9,G1SZT9,G1SMY6
11522 A0A286ZV23,D3K5N7,I3LNX4,A0A287A2J9,A0A287B4M4,F1SE91,F1RHK6,A0A287BHC9 G1SZE4,G1TAE2,G1SXC8,G1SZR6,G1TIX5,G1U998,G1SZT9,G1SMY6
9048 I3LNX4,A1Y2K0,F1RHK6,A0A286ZV23,P79307,K7GM45,A0A286ZQA1,F2Z558 G1TIX5,G1TD81,G1SZT9,G1SZE4,G1SZM2,G1SXH7,G1SIC9,G1SDY5
9048 I3LNX4,A1Y2K0,F1RHK6,A0A286ZV23,P79307,K7GM45,A0A286ZQA1,F2Z558 G1TIX5,G1TD81,G1SZT9,G1SZE4,G1SZM2,G1SXH7,G1SMY6,G1SDY5
9048 I3LNX4,A1Y2K0,F1RHK6,A0A286ZV23,P79307,K7GM45,A0A287BHC9,F2Z558 G1TIX5,G1TD81,G1SZT9,G1SZE4,G1SZM2,G1SXH7,G1SIC9,G1SDY5
9048 I3LNX4,A1Y2K0,F1RHK6,A0A286ZV23,P79307,K7GM45,A0A287BHC9,F2Z558 G1TIX5,G1TD81,G1SZT9,G1SZE4,G1SZM2,G1SXH7,G1SMY6,G1SDY5
9048 A0A287B4M4,F1RS27,F1RHK6,A0A286ZV23,P79307,Q6RVA9,A0A286ZQA1,F2Z558 G1TIX5,G1TMN2,G1SZT9,G1SZE4,G1SZM2,Q09YN6,G1SMY6,G1SDY5
9048 A0A287B4M4,F1RS27,F1RHK6,A0A286ZV23,P79307,Q6RVA9,A0A287BHC9,F2Z558 G1TIX5,G1TMN2,G1SZT9,G1SZE4,G1SZM2,Q09YN6,G1SMY6,G1SDY5
9048 I3LNX4,F1RSW9,F1RHK6,A0A286ZV23,P79307,K7GM45,A0A286ZQA1,F2Z558 G1TIX5,G1TMB8,G1SZT9,G1SZE4,G1SZM2,G1SXH7,G1SIC9,G1SDY5
9048 I3LNX4,F1RSW9,F1RHK6,A0A286ZV23,P79307,K7GM45,A0A287BHC9,F2Z558 G1TIX5,G1TMB8,G1SZT9,G1SZE4,G1SZM2,G1SXH7,G1SIC9,G1SDY5
9048 I3LNX4,F1RSW9,F1RHK6,A0A286ZV23,P79307,K7GM45,A0A287BHC9,F2Z558 G1TIX5,G1TMB8,G1SZT9,G1SZE4,G1SZM2,G1SXH7,G1SMY6,G1SDY5
9048 I3LNX4,F1SFF0,F1RHK6,A0A286ZV23,P79307,K7GM45,A0A286ZQA1,F2Z558 G1TIX5,G1T3P3,G1SZT9,G1SZE4,G1SZM2,G1SXH7,G1SIC9,G1SDY5
9048 I3LNX4,F1SFF0,F1RHK6,A0A286ZV23,P79307,K7GM45,A0A286ZQA1,F2Z558 G1TIX5,G1T3P3,G1SZT9,G1SZE4,G1SZM2,G1SXH7,G1SMY6,G1SDY5
9048 I3LNX4,F1SFF0,F1RHK6,A0A286ZV23,P79307,K7GM45,A0A287BHC9,F2Z558 G1TIX5,G1T3P3,G1SZT9,G1SZE4,G1SZM2,G1SXH7,G1SIC9,G1SDY5
9048 I3LNX4,F1SFF0,F1RHK6,A0A286ZV23,P79307,K7GM45,A0A287BHC9,F2Z558 G1TIX5,G1T3P3,G1SZT9,G1SZE4,G1SZM2,G1SXH7,G1SMY6,G1SDY5
5013 A0A286ZV23,F1RJG8,A0A287A2J9,K7GR70,D3K5N7,A0A286ZVL0,F2Z558,A0A287BHC9 G1SZE4,G1U4S3,G1SZR6,G1T143,G1TAE2,G1T7H0,G1SDY5,G1SMY6
5013 I3LIL0,A0A287B4M4,P79307,F1RHK6,A0A286ZV23,A0A287A2J9,F2Z540,A0A287BHC9 G1T856,G1TIX5,G1SZM2,G1SZT9,G1SZE4,G1SZR6,G1T1D9,G1SMY6
9475 Q9TUB2,A0A286ZQA1,A0A287A2J9,P79307,A0A286ZV23,F1S034,A0A287BHC9,F2Z558 G1TIX5,G1SZT9,G1TVU3,G1SZM2,G1SZE4,G1TEZ2,G1SIC9,G1SDY5
9475 Q9TUB2,A0A286ZQA1,A0A287A2J9,P79307,A0A286ZV23,F1S034,A0A287BHC9,F2Z558 G1TIX5,G1SZT9,G1TVU3,G1SZM2,G1SZE4,G1TAR0,G1SIC9,G1SDY5
9475 Q9TUB2,A0A286ZQA1,A0A287A2J9,P79307,A0A286ZV23,F1S034,A0A287BHC9,F2Z558 G1TIX5,G1SZT9,G1TVU3,G1SZM2,G1SZE4,G1SGX4,G1SIC9,G1SDY5
9475 Q9TUB2,A0A286ZQA1,A0A287A2J9,P79307,A0A286ZV23,F1S034,A0A287BHC9,F2Z558 G1TIX5,G1SZT9,G1TVU3,G1SZM2,G1SZE4,G1TRM4,G1SIC9,G1SDY5
9475 Q9TUB2,A0A286ZQA1,A0A287A2J9,P79307,A0A286ZV23,F1S034,A0A287BHC9,F2Z558 G1TIX5,G1SZT9,G1TVU3,G1SZM2,G1SZE4,G1T168,G1SIC9,G1SDY5
9475 Q9TUB2,A0A286ZQA1,A0A287A2J9,P79307,A0A286ZV23,I3LFX5,A0A287BHC9,F2Z558 G1TIX5,G1SZT9,G1TVU3,G1SZM2,G1SZE4,G1TEZ2,G1SIC9,G1SDY5
9475 Q9TUB2,A0A286ZQA1,A0A287A2J9,P79307,A0A286ZV23,I3LFX5,A0A287BHC9,F2Z558 G1TIX5,G1SZT9,G1TVU3,G1SZM2,G1SZE4,G1TAR0,G1SIC9,G1SDY5
9475 Q9TUB2,A0A286ZQA1,A0A287A2J9,P79307,A0A286ZV23,I3LFX5,A0A287BHC9,F2Z558 G1TIX5,G1SZT9,G1TVU3,G1SZM2,G1SZE4,G1SGX4,G1SIC9,G1SDY5
9475 Q9TUB2,A0A286ZQA1,A0A287A2J9,P79307,A0A286ZV23,I3LFX5,A0A287BHC9,F2Z558 G1TIX5,G1SZT9,G1TVU3,G1SZM2,G1SZE4,G1TRM4,G1SIC9,G1SDY5
9475 Q9TUB2,A0A286ZQA1,A0A287A2J9,P79307,A0A286ZV23,I3LFX5,A0A287BHC9,F2Z558 G1TIX5,G1SZT9,G1TVU3,G1SZM2,G1SZE4,G1T168,G1SIC9,G1SDY5
9475 Q9TUB2,A0A286ZQA1,A0A287A2J9,P79307,A0A286ZV23,I3LFX5,A0A287BHC9,F2Z558 G1TIX5,G1SZT9,G1TVU3,G1SZM2,G1SZE4,G1U4L6,G1SIC9,G1SDY5
8684 Q9TUB2,A0A287A2J9,A0A286ZQA1,A0A286ZV23,P79307,F1SPR8,A0A287BHC9,F2Z558 G1TIX5,G1TVU3,G1SZT9,G1SZE4,G1SZM2,G1U1M3,G1SIC9,G1SDY5
8684 Q9TUB2,A0A287A2J9,A0A286ZQA1,A0A286ZV23,P79307,F1SPR8,A0A287BHC9,F2Z558 G1TIX5,G1TVU3,G1SZT9,G1SZE4,G1SZM2,G1SN37,G1SIC9,G1SDY5
8684 Q9TUB2,A0A287A2J9,A0A286ZQA1,A0A286ZV23,P79307,F1SPR8,A0A287BHC9,F2Z558 G1TIX5,G1TVU3,G1SZT9,G1SZE4,G1SZM2,G1T062,G1SIC9,G1SDY5
8684 Q9TUB2,A0A287A2J9,A0A286ZQA1,A0A286ZV23,P79307,F1SPR8,A0A287BHC9,F2Z558 G1TIX5,G1TVU3,G1SZT9,G1SZE4,G1SZM2,G1T3N8,G1SIC9,G1SDY5
8684 Q9TUB2,A0A287A2J9,A0A286ZQA1,A0A286ZV23,P79307,I3LDL8,A0A287BHC9,F2Z558 G1TIX5,G1TVU3,G1SZT9,G1SZE4,G1SZM2,G1SN37,G1SIC9,G1SDY5
8684 Q9TUB2,A0A287A2J9,A0A286ZQA1,A0A286ZV23,P79307,I3LDL8,A0A287BHC9,F2Z558 G1TIX5,G1TVU3,G1SZT9,G1SZE4,G1SZM2,G1T062,G1SIC9,G1SDY5
11592 A0A286ZV23,I3LNX4,D3K5N7,A0A287B4M4,A0A287A2J9,F1RHK6,A0A287BDL6,A0A287BHC9 G1SZE4,G1SXC8,G1TAE2,G1TIX5,G1SZR6,G1SZT9,G1T221,G1SMY6
11592 A0A286ZV23,I3LNX4,D3K5N7,A0A287B4M4,A0A287A2J9,F1RHK6,A0A287BDL6,A0A287BHC9 G1SZE4,G1SXC8,G1TAE2,G1TIX5,G1SZR6,G1SZT9,G1SV63,G1SMY6
11592 A0A286ZV23,I3LNX4,D3K5N7,A0A287B4M4,A0A287A2J9,F1RHK6,A0A287BDL6,A0A286ZQA1 G1SZE4,G1SXC8,G1TAE2,G1TIX5,G1SZR6,G1SZT9,G1T221,G1SMY6
11592 A0A286ZV23,I3LNX4,D3K5N7,A0A287B4M4,A0A287A2J9,F1RHK6,A0A287BDL6,A0A286ZQA1 G1SZE4,G1SXC8,G1TAE2,G1TIX5,G1SZR6,G1SZT9,G1SV63,G1SMY6
11592 A0A286ZV23,I3LNX4,D3K5N7,A0A287B4M4,A0A287A2J9,F1RHK6,A0A287AV47,A0A287BHC9 G1SZE4,G1SXC8,G1TAE2,G1TIX5,G1SZR6,G1SZT9,G1T221,G1SMY6
11592 A0A286ZV23,I3LNX4,D3K5N7,A0A287B4M4,A0A287A2J9,F1RHK6,A0A287AV47,A0A287BHC9 G1SZE4,G1SXC8,G1TAE2,G1TIX5,G1SZR6,G1SZT9,G1SV63,G1SMY6
11592 A0A286ZV23,I3LNX4,D3K5N7,A0A287B4M4,A0A287A2J9,F1RHK6,A0A287AV47,A0A286ZQA1 G1SZE4,G1SXC8,G1TAE2,G1TIX5,G1SZR6,G1SZT9,G1SV63,G1SMY6
10526 P79307,F1RHK6,I3LNX4,A0A287B4M4,A0A286ZQA1,A0A286ZV23,A0A287BBB5,A0A287A2J9 G1SZM2,G1SZT9,G1SXC8,G1TIX5,G1SMY6,G1SZE4,G1T2P2,G1SZR6
10526 P79307,F1RHK6,A0A287B4M4,I3LNX4,A0A287BHC9,A0A286ZV23,F1RGP5,A0A287A2J9 G1SZM2,G1SZT9,G1TIX5,G1SXC8,G1SMY6,G1SZE4,G1TB39,G1SZR6
10526 P79307,F1RHK6,A0A287B4M4,I3LNX4,A0A287BHC9,A0A286ZV23,F1RGP5,A0A287A2J9 G1SZM2,G1SZT9,G1TIX5,G1SXC8,G1SMY6,G1SZE4,G1U419,G1SZR6
10526 P79307,F1RHK6,I3LNX4,A0A287B4M4,A0A286ZQA1,A0A286ZV23,P10668,A0A287A2J9 G1SZM2,G1SZT9,G1SXC8,G1TIX5,G1SMY6,G1SZE4,G1T2P2,G1SZR6
10526 P79307,F1RHK6,I3LNX4,A0A287B4M4,A0A286ZQA1,A0A286ZV23,A0A287AQR4,A0A287A2J9 G1SZM2,G1SZT9,G1SXC8,G1TIX5,G1SMY6,G1SZE4,G1ST56,G1SZR6
10526 P79307,F1RHK6,I3LNX4,A0A287B4M4,A0A287BHC9,A0A286ZV23,A0A287AQR4,A0A287A2J9 G1SZM2,G1SZT9,G1SXC8,G1TIX5,G1SMY6,G1SZE4,G1ST56,G1SZR6
10526 P79307,F1RHK6,I3LNX4,A0A287B4M4,A0A287BHC9,A0A286ZV23,A0A287AQR4,A0A287A2J9 G1SZM2,G1SZT9,G1SXC8,G1TIX5,G1SMY6,G1SZE4,G1T2P2,G1SZR6
10526 P79307,F1RHK6,A0A287B4M4,I3LNX4,A0A287BHC9,A0A286ZV23,F2Z5I5,A0A287A2J9 G1SZM2,G1SZT9,G1TIX5,G1SXC8,G1SMY6,G1SZE4,G1TB39,G1SZR6
10526 P79307,F1RHK6,A0A287B4M4,I3LNX4,A0A287BHC9,A0A286ZV23,F2Z5I5,A0A287A2J9 G1SZM2,G1SZT9,G1TIX5,G1SXC8,G1SMY6,G1SZE4,G1U419,G1SZR6
10526 P79307,F1RHK6,I3LNX4,A0A287B4M4,A0A286ZQA1,A0A286ZV23,A0A287ARI1,A0A287A2J9 G1SZM2,G1SZT9,G1SXC8,G1TIX5,G1SMY6,G1SZE4,G1ST56,G1SZR6
10526 P79307,F1RHK6,I3LNX4,A0A287B4M4,A0A286ZQA1,A0A286ZV23,F1SC64,A0A287A2J9 G1SZM2,G1SZT9,G1SXC8,G1TIX5,G1SMY6,G1SZE4,G1TVH9,G1SZR6
10526 P79307,F1RHK6,I3LNX4,A0A287B4M4,A0A287BHC9,A0A286ZV23,A7UNK0,A0A287A2J9 G1SZM2,G1SZT9,G1SXC8,G1TIX5,G1SMY6,G1SZE4,G1T2P2,G1SZR6
10526 P79307,F1RHK6,I3LNX4,A0A287B4M4,A0A286ZQA1,A0A286ZV23,A0A286ZZL7,A0A287A2J9 G1SZM2,G1SZT9,G1SXC8,G1TIX5,G1SMY6,G1SZE4,G1TVH9,G1SZR6
8675 P79307,I3LNX4,F1RHK6,F1SI55,A0A287B4M4,A0A286ZQA1,A0A286ZV23,A0A287A2J9 G1SZM2,G1SXC8,G1SZT9,G1SZQ7,G1TIX5,G1SMY6,G1SZE4,G1SZR6
8675 P79307,I3LNX4,F1RHK6,F1SI55,A0A287B4M4,A0A286ZQA1,A0A286ZV23,A0A287A2J9 G1SZM2,G1SXC8,G1SZT9,G1T2N2,G1TIX5,G1SMY6,G1SZE4,G1SZR6
8675 P79307,I3LNX4,F1RHK6,F1SI55,A0A287B4M4,A0A287BHC9,A0A286ZV23,A0A287A2J9 G1SZM2,G1SXC8,G1SZT9,G1SZQ7,G1TIX5,G1SMY6,G1SZE4,G1SZR6
8675 P79307,I3LNX4,F1RHK6,F1SI55,A0A287B4M4,A0A287BHC9,A0A286ZV23,A0A287A2J9 G1SZM2,G1SXC8,G1SZT9,G1T2N2,G1TIX5,G1SMY6,G1SZE4,G1SZR6
8675 P79307,I3LNX4,F1RHK6,P67937,A0A287B4M4,A0A287BHC9,A0A286ZV23,A0A287A2J9 G1SZM2,G1SXC8,G1SZT9,G1SP98,G1TIX5,G1SMY6,G1SZE4,G1SZR6
8675 P79307,I3LNX4,F1RHK6,P67937,A0A287B4M4,A0A287BHC9,A0A286ZV23,A0A287A2J9 G1SZM2,G1SXC8,G1SZT9,G1SY36,G1TIX5,G1SMY6,G1SZE4,G1SZR6
8675 P79307,I3LNX4,F1RHK6,I3L7Q7,A0A287B4M4,A0A287BHC9,A0A286ZV23,A0A287A2J9 G1SZM2,G1SXC8,G1SZT9,G1SP98,G1TIX5,G1SMY6,G1SZE4,G1SZR6
8675 P79307,I3LNX4,F1RHK6,I3L7Q7,A0A287B4M4,A0A287BHC9,A0A286ZV23,A0A287A2J9 G1SZM2,G1SXC8,G1SZT9,G1SY36,G1TIX5,G1SMY6,G1SZE4,G1SZR6
8675 P79307,I3LNX4,F1RHK6,F1SPG1,A0A287B4M4,A0A287BHC9,A0A286ZV23,A0A287A2J9 G1SZM2,G1SXC8,G1SZT9,G1SY36,G1TIX5,G1SMY6,G1SZE4,G1SZR6
8675 P79307,I3LNX4,F1RHK6,I3L9S9,A0A287B4M4,A0A287BHC9,A0A286ZV23,A0A287A2J9 G1SZM2,G1SXC8,G1SZT9,G1SZQ7,G1TIX5,G1SMY6,G1SZE4,G1SZR6
8675 P79307,I3LNX4,F1RHK6,I3L9S9,A0A287B4M4,A0A287BHC9,A0A286ZV23,A0A287A2J9 G1SZM2,G1SXC8,G1SZT9,G1T2N2,G1TIX5,G1SMY6,G1SZE4,G1SZR6
2308 K7GSF2,A0A287AFY4,A0A286ZV23,K7GR70,D3K5N7,A0A287BHC9,A0A286ZKH9,F1S834 Q256T0,G1SKU2,G1SZE4,G1T143,G1TAE2,G1SMY6,G1TB50,U3KM17
11558 F1RJ53,K7GR70,A0A287A2J9,D3K5N7,A0A287B4M4,I3LNX4,A0A287BHC9,F2Z558 G1T1S7,G1SZT9,G1TVU3,G1TAE2,G1SMY6,G1SXC8,G1SIC9,G1SDY5
11558 P79307,I3LNX4,D3K5N7,A0A287BHC9,A0A287B4M4,Q6QAQ1,F2Z558,A0A287A2J9 G1SZM2,G1SXC8,G1TAE2,G1SMY6,G1TIX5,G1SIT9,G1SDY5,G1SZR6
11558 I3L8G0,K7GR70,A0A287A2J9,D3K5N7,A0A287B4M4,I3LNX4,A0A287BHC9,F2Z558 G1SD04,G1T143,G1SZR6,G1TAE2,G1TIX5,G1SXC8,G1SMY6,G1SDY5
11542 D3K5N7,A0A286ZV23,I3LNX4,A0A286ZNN4,F2Z558,A0A287B4M4,F1RHK6,A0A287BHC9 G1TAE2,G1SZE4,G1SXC8,G1T0Y9,G1SDY5,G1TIX5,G1SZT9,G1SMY6
11542 D3K5N7,A0A286ZV23,I3LNX4,A0A286ZNN4,F2Z558,A0A287B4M4,F1RHK6,A0A287BHC9 G1TAE2,G1SZE4,G1SXC8,G1SVF2,G1SDY5,G1TIX5,G1SZT9,G1SMY6
11542 D3K5N7,A0A286ZV23,I3LNX4,A0A286ZNN4,F2Z558,A0A287B4M4,F1RHK6,A0A287BHC9 G1TAE2,G1SZE4,G1SXC8,G1SQU6,G1SDY5,G1TIX5,G1SZT9,G1SMY6
11542 D3K5N7,A0A286ZV23,I3LNX4,F1SKF9,F2Z558,A0A287B4M4,F1RHK6,A0A287BHC9 G1TAE2,G1SZE4,G1SXC8,G1T0Y9,G1SDY5,G1TIX5,G1SZT9,G1SMY6
11542 D3K5N7,A0A286ZV23,I3LNX4,F1SKF9,F2Z558,A0A287B4M4,F1RHK6,A0A287BHC9 G1TAE2,G1SZE4,G1SXC8,G1SVF2,G1SDY5,G1TIX5,G1SZT9,G1SMY6
11542 D3K5N7,A0A286ZV23,I3LNX4,F1SKF9,F2Z558,A0A287B4M4,F1RHK6,A0A287BHC9 G1TAE2,G1SZE4,G1SXC8,G1SQU6,G1SDY5,G1TIX5,G1SZT9,G1SMY6
11542 D3K5N7,A0A286ZV23,I3LNX4,F1SKF9,F2Z558,A0A287B4M4,F1RHK6,A0A286ZQA1 G1TAE2,G1SZE4,G1SXC8,G1T0Y9,G1SDY5,G1TIX5,G1SZT9,G1SMY6
11542 D3K5N7,A0A286ZV23,I3LNX4,F1SKF9,F2Z558,A0A287B4M4,F1RHK6,A0A286ZQA1 G1TAE2,G1SZE4,G1SXC8,G1SQU6,G1SDY5,G1TIX5,G1SZT9,G1SMY6
11542 D3K5N7,A0A286ZV23,I3LNX4,F1SMW9,F2Z558,A0A287B4M4,F1RHK6,A0A287BHC9 G1TAE2,G1SZE4,G1SXC8,G1T0Y9,G1SDY5,G1TIX5,G1SZT9,G1SMY6
11542 D3K5N7,A0A286ZV23,I3LNX4,F1SMW9,F2Z558,A0A287B4M4,F1RHK6,A0A287BHC9 G1TAE2,G1SZE4,G1SXC8,G1SVF2,G1SDY5,G1TIX5,G1SZT9,G1SMY6
11542 D3K5N7,A0A286ZV23,I3LNX4,F1SMW9,F2Z558,A0A287B4M4,F1RHK6,A0A287BHC9 G1TAE2,G1SZE4,G1SXC8,G1SQU6,G1SDY5,G1TIX5,G1SZT9,G1SMY6
11542 D3K5N7,A0A286ZV23,I3LNX4,F1SMW9,F2Z558,A0A287B4M4,F1RHK6,A0A286ZQA1 G1TAE2,G1SZE4,G1SXC8,G1SVF2,G1SDY5,G1TIX5,G1SZT9,G1SMY6
11542 D3K5N7,A0A286ZV23,I3LNX4,Q1G1K7,F2Z558,A0A287B4M4,F1RHK6,A0A287BHC9 G1TAE2,G1SZE4,G1SXC8,G1TSL1,G1SDY5,G1TIX5,G1SZT9,G1SMY6
10334 I3LNX4,A0A286ZV23,D3K5N7,K7GR70,B5APV0,A0A287B4M4,F2Z558,A0A287BHC9 G1SXC8,G1SZE4,G1T143,G1TAE2,G1TV31,G1TIX5,G1SIC9,G1SMY6
10238 A0A287B4M4,Q9TUB2,A0A286ZV23,F1RHK6,A0A287BDL6,A0A286ZQA1,D3K5N7,F2Z558 G1TIX5,G1TVU3,G1SZE4,G1SZT9,G1T221,G1SIC9,G1TAE2,G1SDY5
10238 A0A287B4M4,Q9TUB2,A0A286ZV23,F1RHK6,F2Z5I5,A0A286ZQA1,D3K5N7,F2Z558 G1TIX5,G1TVU3,G1SZE4,G1SZT9,G1U419,G1SIC9,G1TAE2,G1SDY5
10238 A0A287B4M4,Q9TUB2,A0A286ZV23,F1RHK6,B5LX40,A0A286ZQA1,D3K5N7,F2Z558 G1TIX5,G1TVU3,G1SZE4,G1SZT9,G1STG2,G1SIC9,G1TAE2,G1SDY5
10238 A0A287B4M4,Q9TUB2,A0A286ZV23,F1RHK6,B5LX40,A0A286ZQA1,D3K5N7,F2Z558 G1TIX5,G1TVU3,G1SZE4,G1SZT9,G1TP25,G1SIC9,G1TAE2,G1SDY5
10238 A0A287B4M4,Q9TUB2,A0A286ZV23,F1RHK6,B5LX40,A0A286ZQA1,D3K5N7,F2Z558 G1TIX5,G1TVU3,G1SZE4,G1SZT9,G1T221,G1SIC9,G1TAE2,G1SDY5
4855 A0A287A3D8,A0A286ZV23,D3K5N7,I3LNX4,A0A287B4M4,F2Z558,A0A287BBY6,A0A287A2R9 G1SJT2,G1SZE4,G1TAE2,G1SXC8,G1TIX5,G1SDY5,G1T035,G1TF91
4855 A0A287A3D8,A0A286ZV23,D3K5N7,I3LNX4,A0A287A2J9,F2Z558,A0A287BBY6,A0A287A2R9 G1SJT2,G1SZE4,G1TAE2,G1SXC8,G1TIX5,G1SDY5,G1T035,G1TF91
4855 A0A287B5T1,D3K5N7,A0A286ZV23,I3LNX4,F2Z558,A0A287B4M4,B5APV0,A0A287A2R9 G1U8U5,G1TAE2,G1SZE4,G1SXC8,G1SDY5,G1TIX5,G1TV31,G1TF91
9670 A0A287A2J9,A0A286ZV23,K7GR70,K9IVV5,A0A286ZQA1,A0A287B4M4,B6E241,P79307 G1SZR6,G1SZE4,G1TVU3,U3KMP1,G1SIC9,G1TAE2,G1SDY5,G1SZM2
9234 A0A287B4M4,F1RHK6,I3LVL0,P79307,A0A286ZV23,I3LNX4,A0A286ZQA1,A0A287A2J9 G1TIX5,G1SZT9,G1SUH7,G1SZM2,G1SZE4,G1SXC8,G1SMY6,G1SZR6
9234 A0A287B4M4,F1RHK6,I3LVL0,P79307,A0A286ZV23,I3LNX4,A0A287BHC9,A0A287A2J9 G1TIX5,G1SZT9,G1SUH7,G1SZM2,G1SZE4,G1SXC8,G1SMY6,G1SZR6
9012 B1A9K1,A0A286ZV23,D3K5N7,K7GR70,F2Z558,A0A287BHC9,A0A287A2J9,F1RLQ2 G1SZR1,G1SZE4,G1TAE2,G1T143,G1SDY5,G1SMY6,G1SZR6,G1SYD6
8145 A0A287B4M4,A0A286ZV23,Q9TUB2,F1RZS8,F1RHK6,A0A287A2J9,D3K5N7,A0A287BHC9 G1TIX5,G1SZE4,G1TVU3,G1T8H5,G1SZT9,G1SZR6,G1TAE2,G1SMY6
8145 A0A287B4M4,A0A286ZV23,Q9TUB2,B0M1M6,F1RHK6,A0A287A2J9,D3K5N7,A0A287BHC9 G1TIX5,G1SZE4,G1TVU3,G1T8H5,G1SZT9,G1SZR6,G1TAE2,G1SMY6
8433 A0A286ZRB8,A0A286ZV23,A0A287B4M4,A0A287A2J9,P79307,A0A286ZQA1,I3LMS7,D3K5N7 G1SXR5,G1SZE4,G1TIX5,G1SZR6,G1SZM2,G1SMY6,G1TZS4,G1TAE2
8433 A0A286ZRB8,A0A286ZV23,A0A287B4M4,A0A287A2J9,P79307,A0A286ZQA1,I3LMS7,D3K5N7 G1T5Y0,G1SZE4,G1TIX5,G1SZR6,G1SZM2,G1SMY6,G1TZS4,G1TAE2
8433 A0A286ZRB8,A0A286ZV23,A0A287B4M4,A0A287A2J9,P79307,A0A287BHC9,I3LMS7,D3K5N7 G1SXR5,G1SZE4,G1TIX5,G1SZR6,G1SZM2,G1SMY6,G1TZS4,G1TAE2
8433 A0A286ZRB8,A0A286ZV23,A0A287B4M4,A0A287A2J9,P79307,A0A287BHC9,I3LMS7,D3K5N7 G1T5Y0,G1SZE4,G1TIX5,G1SZR6,G1SZM2,G1SMY6,G1TZS4,G1TAE2
8433 A0A287AB06,A0A286ZV23,A0A287B4M4,A0A287A2J9,P79307,A0A286ZQA1,I3LMS7,D3K5N7 G1SXR5,G1SZE4,G1TIX5,G1SZR6,G1SZM2,G1SMY6,G1TZS4,G1TAE2
8433 A0A287AB06,A0A286ZV23,A0A287B4M4,A0A287A2J9,P79307,A0A286ZQA1,I3LMS7,D3K5N7 G1T5Y0,G1SZE4,G1TIX5,G1SZR6,G1SZM2,G1SMY6,G1TZS4,G1TAE2
8433 A0A287AB06,A0A286ZV23,A0A287B4M4,A0A287A2J9,P79307,A0A287BHC9,I3LMS7,D3K5N7 G1SXR5,G1SZE4,G1TIX5,G1SZR6,G1SZM2,G1SMY6,G1TZS4,G1TAE2
8433 A0A287AB06,A0A286ZV23,A0A287B4M4,A0A287A2J9,P79307,A0A287BHC9,I3LMS7,D3K5N7 G1T5Y0,G1SZE4,G1TIX5,G1SZR6,G1SZM2,G1SMY6,G1TZS4,G1TAE2
6736 A0A286ZV23,F1SMG4,A0A287B4M4,D3K5N7,A0A287A2J9,A8U4R4,F1RHK6,A0A287BHC9 G1SZE4,G1T5Z6,G1TIX5,G1TAE2,G1SZR6,G1TAH7,G1SZT9,G1SMY6
6736 I3LIL0,A0A286ZV23,A0A287B4M4,D3K5N7,A0A287A2J9,P79307,F2Z540,A0A287BHC9 G1T856,G1SZE4,G1TIX5,G1TAE2,G1SZR6,G1SZM2,G1T1D9,G1SMY6
9024 F1ST01,A0A287A2J9,A0A286ZV23,A0A287BHC9,D3K5N7,F1RHK6,I3LHB2,A0A287B4M4 G1TT06,G1SZR6,G1SZE4,G1SMY6,G1TAE2,G1SZT9,G1SFK3,G1TIX5
8450 A0A287A2J9,A0A287BQM5,A0A286ZV23,A0A287BHC9,K7GR70,A0A287BBB5,A0A287B4M4,F1RHK6 G1SZR6,G1SSS6,G1SZE4,G1SMY6,G1T143,G1SRV2,G1TIX5,G1SZT9
8450 A0A287A2J9,F1SJL3,A0A286ZV23,A0A287BHC9,K7GR70,A0A287AI88,A0A287B4M4,F1RHK6 G1SZR6,G1SSS6,G1SZE4,G1SMY6,G1T143,G1SRV2,G1TIX5,G1SZT9
8450 F1RLT7,A0A287A2J9,A0A286ZV23,A0A287BHC9,A0A287B4M4,P79307,K7GR70,A0A286ZJP2 G1SK06,G1SZR6,G1SZE4,G1SMY6,G1TIX5,G1SZM2,G1T143,G1SXX9
9552 Q9TUB2,A0A287A2J9,A0A286ZQA1,A0A286ZV23,P79307,A0A287BHC9,A0A287BIK4,F2Z558 G1TIX5,G1TVU3,G1SZT9,G1SZE4,G1SZM2,G1SIC9,G1SMY1,G1SDY5
9552 Q9TUB2,A0A287A2J9,A0A286ZQA1,A0A286ZV23,P79307,A0A287BHC9,A0A287BIK4,F2Z558 G1TIX5,G1TVU3,G1SZT9,G1SZE4,G1SZM2,G1SIC9,G1T8P3,G1SDY5
9552 Q9TUB2,A0A287A2J9,A0A286ZQA1,A0A286ZV23,P79307,A0A287BHC9,F1RPE5,F2Z558 G1TIX5,G1TVU3,G1SZT9,G1SZE4,G1SZM2,G1SIC9,G1SMY1,G1SDY5
9552 Q9TUB2,A0A287A2J9,A0A286ZQA1,A0A286ZV23,P79307,A0A287BHC9,F1RPE5,F2Z558 G1TIX5,G1TVU3,G1SZT9,G1SZE4,G1SZM2,G1SIC9,G1T0H1,G1SDY5
9552 Q9TUB2,A0A287A2J9,A0A286ZQA1,A0A286ZV23,P79307,A0A287BHC9,F1RPE5,F2Z558 G1TIX5,G1TVU3,G1SZT9,G1SZE4,G1SZM2,G1SIC9,G1T8P3,G1SDY5
9552 Q9TUB2,A0A287A2J9,A0A286ZQA1,A0A286ZV23,P79307,A0A287BHC9,F1RPE5,F2Z558 G1TIX5,G1TVU3,G1SZT9,G1SZE4,G1SZM2,G1SIC9,G1TJ36,G1SDY5
9552 Q9TUB2,A0A287A2J9,A0A286ZQA1,A0A286ZV23,P79307,A0A287BHC9,F2Z5J1,F2Z558 G1TIX5,G1TVU3,G1SZT9,G1SZE4,G1SZM2,G1SIC9,G1SMY1,G1SDY5
9552 Q9TUB2,A0A287A2J9,A0A286ZQA1,A0A286ZV23,P79307,A0A287BHC9,F2Z5J1,F2Z558 G1TIX5,G1TVU3,G1SZT9,G1SZE4,G1SZM2,G1SIC9,G1T8P3,G1SDY5
4467 A0A287A2J9,A0A286ZV23,A0A287BCR0,K7GR70,F1SAY8,A0A287BHC9,D3K5N7,F2Z558 G1SZR6,G1SZE4,G1SYB4,G1T143,G1TXE3,G1SMY6,G1TAE2,G1SDY5
4467 A0A287A2J9,A0A286ZV23,Q007T2,K7GR70,A0A287B2D9,A0A287BHC9,D3K5N7,F2Z558 G1SZR6,G1SZE4,G1SYB4,G1T143,G1TXE3,G1SMY6,G1TAE2,G1SDY5
9557 A0A286ZV23,I3LNX4,K7GR70,D3K5N7,A0A287A2J9,F1RI39,F2Z558,A0A287BHC9 G1SZE4,G1SXC8,G1T143,G1TAE2,G1SZR6,G1SWW8,G1SDY5,G1SMY6
9557 A0A286ZV23,K7GR70,I3LNX4,A0A287A2J9,D3K5N7,F1RZU1,A0A287BHC9,F2Z558 G1SZE4,G1T143,G1SXC8,G1SZR6,G1TAE2,G1U782,G1SMY6,G1SDY5
9557 A0A286ZV23,I3LNX4,K7GR70,D3K5N7,A0A287A2J9,F1SB42,F2Z558,A0A287BHC9 G1SZE4,G1SXC8,G1T143,G1TAE2,G1SZR6,G1SWW8,G1SDY5,G1SMY6
9557 A0A286ZV23,I3LNX4,K7GR70,D3K5N7,A0A287A2J9,Q2EHH7,F2Z558,A0A287BHC9 G1SZE4,G1SXC8,G1T143,G1TAE2,G1SZR6,G1SWW8,G1SDY5,G1SMY6
6957 Q9TUB2,A0A286ZQA1,A0A287A2J9,F1S1U5,P79307,A0A286ZV23,A0A287BHC9,F2Z558 G1TIX5,G1SZT9,G1TVU3,G1T8N1,G1SZM2,G1SZE4,G1SIC9,G1SDY5
6957 Q9TUB2,A0A286ZQA1,A0A287A2J9,F1S1U5,P79307,A0A286ZV23,A0A287BHC9,F2Z558 G1TIX5,G1SZT9,G1TVU3,G1SK48,G1SZM2,G1SZE4,G1SIC9,G1SDY5
8617 I3LU32,A0A286ZV23,A0A287A2J9,D3K5N7,A0A287BHC9,F2Z558,K7GR70,A0A286ZMY6 G1SYA1,G1SZE4,G1SZR6,G1TAE2,G1SMY6,G1SDY5,G1T143,G1T866
9323 K7GR70,A0A286ZV23,A0A287A2J9,I3LNX4,A0A287A000,D3K5N7,A0A287BHC9,F2Z558 G1T143,G1SZE4,G1SZR6,G1SXC8,G1U7J6,G1TAE2,G1SMY6,G1SDY5
9323 K7GR70,A0A286ZV23,A0A287A2J9,I3LNX4,F1RV14,D3K5N7,A0A287BHC9,F2Z558 G1T143,G1SZE4,G1SZR6,G1SXC8,G1U7J6,G1TAE2,G1SMY6,G1SDY5
4358 A0A286ZV23,A0A287B6J8,A0A287B4M4,A7XUJ6,K7GR70,F1SEJ3,A0A287BHC9,F1RHK6 G1SZE4,G1U9B2,G1TVU3,U3KNH2,G1T143,G1TP72,G1SMY6,G1SZT9
4358 A0A286ZV23,A0A287B6J8,A0A287B4M4,A7XUJ6,K7GR70,F1SEJ3,A0A287BHC9,F1RHK6 G1SZE4,G1U9B2,G1TIX5,U3KNH2,G1T143,G1TP72,G1SMY6,G1SZT9
8934 A0A287BEV5,D3K5N7,P79307,F2Z558,A0A287B4M4,A0A287A2J9,A0A287A5F6,A0A287BHC9 G1TDJ9,G1TAE2,G1SZM2,G1SDY5,G1TIX5,G1SZR6,U3KN87,G1SMY6
8928 A0A287A7J8,A0A287BHC9,P79307,A0A287A2J9,A0A287B4M4,F2Z558,A7XUJ6,A0A286ZQA1 G1SE83,G1TIX5,G1SZM2,G1TVU3,G1SMY6,G1SDY5,U3KNH2,G1SIC9
4778 A0A286ZV23,Q9TUB2,F1SPF9,A0A287A2J9,A0A287B4M4,D3K5N7,F1RHK6,A0A287BHC9 G1SZE4,G1TVU3,G1ST95,G1SZR6,G1TIX5,G1TAE2,G1SZT9,G1SMY6
4778 A0A286ZV23,Q9TUB2,F1SFK5,A0A287A2J9,A0A287B4M4,D3K5N7,F1RHK6,A0A287BHC9 G1SZE4,G1TVU3,G1T0R4,G1SZR6,G1TIX5,G1TAE2,G1SZT9,G1SMY6
4778 A0A286ZV23,Q9TUB2,A0A287BNB0,A0A287A2J9,A0A287B4M4,D3K5N7,F1RHK6,A0A287BHC9 G1SZE4,G1TVU3,G1ST95,G1SZR6,G1TIX5,G1TAE2,G1SZT9,G1SMY6
4778 A0A286ZV23,Q9TUB2,A0A287ADD9,A0A287A2J9,A0A287B4M4,D3K5N7,F1RHK6,A0A287BHC9 G1SZE4,G1TVU3,G1T9W8,G1SZR6,G1TIX5,G1TAE2,G1SZT9,G1SMY6
4778 A0A286ZV23,Q9TUB2,A0A287ADD9,A0A287A2J9,A0A287B4M4,D3K5N7,F1RHK6,A0A287BHC9 G1SZE4,G1TVU3,G1U1V2,G1SZR6,G1TIX5,G1TAE2,G1SZT9,G1SMY6
4778 A0A286ZV23,F1RSD0,K7GR70,A0A287A2J9,D3K5N7,F1SPE5,F2Z558,A0A287BHC9 G1SZE4,G1T662,G1T143,G1SZR6,G1TAE2,G1TCG7,G1SDY5,G1SMY6
9336 Q9TUB2,A0A287B4M4,A0A286ZV23,F1RHK6,A0A287A2J9,A5A8V7,D3K5N7,A0A287BHC9 G1TVU3,G1TIX5,G1SZE4,G1SZT9,G1SZR6,G1U782,G1TAE2,G1SMY6
9336 A0A286ZV23,K7GR70,I3LNX4,A0A287A2J9,A0A287BBE4,A0A286ZQA1,P79307,F2Z558 G1SZE4,G1T143,G1SXC8,G1SZR6,G1T2K5,G1SIC9,G1SZM2,G1SDY5
9336 A0A286ZV23,K7GR70,I3LNX4,A0A287A2J9,A0A287BBE4,A0A286ZQA1,P79307,F2Z558 G1SZE4,G1T143,G1SXC8,G1SZR6,G1SGX4,G1SIC9,G1SZM2,G1SDY5
9336 A0A286ZV23,K7GR70,I3LNX4,A0A287A2J9,A0A287BBE4,A0A286ZQA1,P79307,F2Z558 G1SZE4,G1T143,G1SXC8,G1SZR6,G1TRM4,G1SIC9,G1SZM2,G1SDY5
9336 A0A286ZV23,K7GR70,I3LNX4,A0A287A2J9,A0A287BBE4,A0A286ZQA1,P79307,F2Z558 G1SZE4,G1T143,G1SXC8,G1SZR6,G1T168,G1SIC9,G1SZM2,G1SDY5
9336 A0A286ZV23,K7GR70,I3LNX4,A0A287A2J9,A0A287B1A7,A0A286ZQA1,P79307,F2Z558 G1SZE4,G1T143,G1SXC8,G1SZR6,G1T2K5,G1SIC9,G1SZM2,G1SDY5
9336 A0A286ZV23,K7GR70,I3LNX4,A0A287A2J9,A0A287B1A7,A0A286ZQA1,P79307,F2Z558 G1SZE4,G1T143,G1SXC8,G1SZR6,G1SGX4,G1SIC9,G1SZM2,G1SDY5
9336 A0A286ZV23,K7GR70,I3LNX4,A0A287A2J9,A0A287B1A7,A0A286ZQA1,P79307,F2Z558 G1SZE4,G1T143,G1SXC8,G1SZR6,G1TRM4,G1SIC9,G1SZM2,G1SDY5
9336 A0A286ZV23,K7GR70,I3LNX4,A0A287A2J9,A0A287B1A7,A0A286ZQA1,P79307,F2Z558 G1SZE4,G1T143,G1SXC8,G1SZR6,G1T168,G1SIC9,G1SZM2,G1SDY5
9336 A0A286ZV23,K7GR70,I3LNX4,A0A287A2J9,I3LG73,A0A286ZQA1,P79307,F2Z558 G1SZE4,G1T143,G1SXC8,G1SZR6,G1T2K5,G1SIC9,G1SZM2,G1SDY5
9336 A0A286ZV23,K7GR70,I3LNX4,A0A287A2J9,I3LG73,A0A286ZQA1,P79307,F2Z558 G1SZE4,G1T143,G1SXC8,G1SZR6,G1TXW7,G1SIC9,G1SZM2,G1SDY5
9336 A0A286ZV23,K7GR70,I3LNX4,A0A287A2J9,A0A286ZWP6,A0A286ZQA1,P79307,F2Z558 G1SZE4,G1T143,G1SXC8,G1SZR6,G1TXW7,G1SIC9,G1SZM2,G1SDY5
10697 Q9TUB2,A0A287B4M4,A0A286ZV23,F1RHK6,A0A286ZQA1,D3K5N7,F1RIG2,F2Z558 G1TVU3,G1TIX5,G1SZE4,G1SZT9,G1SIC9,G1TAE2,G1T617,G1SDY5
4374 A0A286ZV23,F1SHN7,K7GR70,A0A287A2J9,D3K5N7,Q56VC2,A0A287BHC9,F2Z558 G1SZE4,G1STZ5,G1T143,G1SZR6,G1TAE2,G1T8W9,G1SMY6,G1SDY5
10579 D3K5N7,I3LNX4,A0A286ZV23,P79307,F2Z558,A0A287A5J3,A0A287A2J9,A0A287BHC9 G1TAE2,G1SXC8,G1SZE4,G1SZM2,G1SDY5,G1TN11,G1SZR6,G1SMY6
10579 D3K5N7,I3LNX4,A0A286ZV23,P79307,F2Z558,A0A287A5J3,A0A287A2J9,A0A287BHC9 G1TAE2,G1SXC8,G1SZE4,G1SZM2,G1SDY5,G1SWN0,G1SZR6,G1SMY6
10579 D3K5N7,I3LNX4,A0A286ZV23,P79307,F2Z558,F1S439,A0A287A2J9,A0A287BHC9 G1TAE2,G1SXC8,G1SZE4,G1SZM2,G1SDY5,G1TN11,G1SZR6,G1SMY6
10579 D3K5N7,I3LNX4,A0A286ZV23,P79307,F2Z558,F1S439,A0A287A2J9,A0A287BHC9 G1TAE2,G1SXC8,G1SZE4,G1SZM2,G1SDY5,G1SWN0,G1SZR6,G1SMY6
10579 D3K5N7,I3LNX4,A0A286ZV23,P79307,F2Z558,Q52NJ3,A0A287A2J9,A0A286ZQA1 G1TAE2,G1SXC8,G1SZE4,G1SZM2,G1SDY5,G1SWN0,G1SZR6,G1SMY6
9053 A0A287ANE3,A0A287BHC9,A0A287A2J9,P79307,A0A286ZV23,F2Z558,F1RWT7,A0A286ZQA1 G1SRL1,G1SZT9,G1TVU3,G1SZM2,G1SZE4,G1SDY5,G1SMQ1,G1SIC9
9053 A0A287ANE3,A0A287BHC9,A0A287A2J9,P79307,A0A286ZV23,F2Z558,F1RWT7,A0A286ZQA1 G1SRL1,G1TIX5,G1SZM2,G1TVU3,G1SMY6,G1SDY5,G1SMQ1,G1SIC9
5402 A0A287ARD7,K7GR70,A0A286ZV23,A0A287A2J9,F1RHK6,F2Z558,F1RKZ6,A0A287BHC9 G1U730,G1T143,G1SZE4,G1SZR6,G1SZT9,G1SDY5,U3KNR1,G1SMY6
5402 A0A287AMU0,K7GR70,A0A286ZQA1,A0A287A2J9,F1RHK6,F2Z558,I3LFR2,A0A287BHC9 G1TWA4,G1T143,G1SZE4,G1SZR6,G1SZT9,G1SDY5,G1T087,G1SMY6
5402 A0A287AMU0,K7GR70,A0A286ZV23,A0A287A2J9,F1RHK6,F2Z558,I3LFR2,A0A287BHC9 G1TWA4,G1T143,G1SZE4,G1SZR6,G1SZT9,G1SDY5,G1T087,G1SMY6
10410 A0A286ZV23,K7GR70,I3LNX4,A0A287A2J9,A0A287B4M4,I6L6T2,P79307,A0A287BHC9 G1SZE4,G1T143,G1SXC8,G1SZR6,G1TIX5,P47823,G1SZM2,G1SMY6
10410 A0A286ZV23,K7GR70,I3LNX4,A0A287A2J9,A0A287B4M4,I6L6T2,P79307,A0A287BHC9 G1SZE4,G1T143,G1SXC8,G1SZR6,G1TIX5,G1SQM7,G1SZM2,G1SMY6
10410 I3LNX4,D3K5N7,P79307,A0A286ZV23,F1STM9,A0A287B4M4,A0A286ZQA1,A0A287A2J9 G1SXC8,G1TAE2,G1SZM2,G1SZE4,G1TBZ1,G1TIX5,G1SMY6,G1SZR6
10410 I3LNX4,D3K5N7,P79307,A0A286ZV23,F1STM9,A0A287B4M4,A0A287BHC9,A0A287A2J9 G1SXC8,G1TAE2,G1SZM2,G1SZE4,G1TBZ1,G1TIX5,G1SMY6,G1SZR6
10410 I3LNX4,D3K5N7,P79307,A0A286ZV23,F2Z5I0,A0A287B4M4,A0A286ZQA1,A0A287A2J9 G1SXC8,G1TAE2,G1SZM2,G1SZE4,G1TBZ1,G1TIX5,G1SMY6,G1SZR6
10410 I3LNX4,D3K5N7,P79307,A0A286ZV23,F2Z5I0,A0A287B4M4,A0A287BHC9,A0A287A2J9 G1SXC8,G1TAE2,G1SZM2,G1SZE4,G1SR27,G1TIX5,G1SMY6,G1SZR6
10410 I3LNX4,D3K5N7,P79307,A0A286ZV23,F2Z5I0,A0A287B4M4,A0A287BHC9,A0A287A2J9 G1SXC8,G1TAE2,G1SZM2,G1SZE4,G1TBZ1,G1TIX5,G1SMY6,G1SZR6
10410 I3LNX4,D3K5N7,A0A286ZV23,P79307,B5KFD7,A0A287B4M4,A0A287A2J9,A0A287BHC9 G1SXC8,G1TAE2,G1SZE4,G1SZM2,G1T8H7,G1TIX5,G1SZR6,G1SMY6
10410 I3LNX4,D3K5N7,A0A286ZV23,P79307,D7RA34,A0A287B4M4,A0A287A2J9,A0A287BHC9 G1SXC8,G1TAE2,G1SZE4,G1SZM2,G1SQM7,G1TIX5,G1SZR6,G1SMY6
10410 A0A286ZV23,K7GR70,I3LNX4,A0A287A2J9,A0A287B4M4,A0A287BQ14,P79307,A0A287BHC9 G1SZE4,G1T143,G1SXC8,G1SZR6,G1TIX5,G1SZK4,G1SZM2,G1SMY6
10410 A0A286ZV23,K7GR70,I3LNX4,A0A287A2J9,A0A287B4M4,F1SG88,P79307,A0A287BHC9 G1SZE4,G1T143,G1SXC8,G1SZR6,G1TIX5,G1SGY7,G1SZM2,G1SMY6
10410 A0A286ZV23,K7GR70,I3LNX4,A0A287A2J9,A0A287B4M4,F1SG88,P79307,A0A287BHC9 G1SZE4,G1T143,G1SXC8,G1SZR6,G1TIX5,P47823,G1SZM2,G1SMY6
10410 A0A286ZV23,K7GR70,I3LNX4,A0A287A2J9,A0A287B4M4,F1SG88,P79307,A0A287BHC9 G1SZE4,G1T143,G1SXC8,G1SZR6,G1TIX5,G1SQM7,G1SZM2,G1SMY6
10410 I3LNX4,D3K5N7,A0A286ZV23,P79307,A0A287BBY6,A0A287B4M4,A0A287A2J9,A0A286ZQA1 G1SXC8,G1TAE2,G1SZE4,G1SZM2,G1T8H7,G1TIX5,G1SZR6,G1SMY6
10410 A0A286ZV23,K7GR70,I3LNX4,A0A287A2J9,A0A287B4M4,Q767K6,P79307,A0A287BHC9 G1SZE4,G1T143,G1SXC8,G1SZR6,G1TIX5,G1SGY7,G1SZM2,G1SMY6
10410 A0A286ZV23,K7GR70,I3LNX4,A0A287A2J9,A0A287B4M4,Q767K6,P79307,A0A287BHC9 G1SZE4,G1T143,G1SXC8,G1SZR6,G1TIX5,P47823,G1SZM2,G1SMY6
8082 I3LNX4,K9IVL0,A0A286ZV23,F1RHK6,K7GR70,A0A287B4M4,A0A287A2J9,A0A287BHC9 G1SXC8,G1SVF3,G1SZE4,G1SZT9,G1T143,G1TIX5,G1SZR6,G1SMY6
8082 I3LNX4,F1SA91,A0A286ZV23,F1RHK6,K7GR70,A0A287B4M4,A0A287A2J9,A0A287BHC9 G1SXC8,G1SVF3,G1SZE4,G1SZT9,G1T143,G1TIX5,G1SZR6,G1SMY6
8082 I3LNX4,A0A287AI32,A0A286ZV23,F1RHK6,K7GR70,A0A287B4M4,A0A287A2J9,A0A287BHC9 G1SXC8,G1SR82,G1SZE4,G1SZT9,G1T143,G1TIX5,G1SZR6,G1SMY6
8082 I3LNX4,F1SD83,A0A286ZV23,F1RHK6,K7GR70,A0A287B4M4,A0A287A2J9,A0A287BHC9 G1SXC8,G1SR82,G1SZE4,G1SZT9,G1T143,G1TIX5,G1SZR6,G1SMY6
8082 I3LNX4,F1SGS8,A0A286ZV23,F1RHK6,K7GR70,A0A287B4M4,A0A287A2J9,A0A287BHC9 G1SXC8,G1TB09,G1SZE4,G1SZT9,G1T143,G1TIX5,G1SZR6,G1SMY6
8082 I3LNX4,F1SGS8,A0A286ZV23,F1RHK6,K7GR70,A0A287B4M4,A0A287A2J9,A0A287BHC9 G1SXC8,G1SFD1,G1SZE4,G1SZT9,G1T143,G1TIX5,G1SZR6,G1SMY6
8082 I3LNX4,A0A287BF41,A0A286ZV23,F1RHK6,K7GR70,A0A287B4M4,A0A287A2J9,A0A287BHC9 G1SXC8,G1TB09,G1SZE4,G1SZT9,G1T143,G1TIX5,G1SZR6,G1SMY6
4479 A0A287A2J9,A0A287A9W0,A0A286ZV23,K7GR70,A0A287BHC9,F1RK46,F2Z558,D3K5N7 G1SZR6,G1T2L6,G1SZE4,G1T143,G1SMY6,G1SLV2,G1SDY5,G1TAE2
11561 A0A286ZV23,I3LNX4,D3K5N7,A0A287B4M4,A0A287A2J9,F1RHK6,Q06AA7,A0A287BHC9 G1SZE4,G1SXC8,G1TAE2,G1TIX5,G1SZR6,G1SZT9,G1U9B4,G1SMY6
11561 A0A286ZV23,I3LNX4,D3K5N7,A0A287B4M4,A0A287A2J9,F1RHK6,A0A287ANH9,A0A287BHC9 G1SZE4,G1SXC8,G1TAE2,G1TIX5,G1SZR6,G1SZT9,G1U9B4,G1SMY6
11561 A0A286ZV23,I3LNX4,D3K5N7,A0A287B4M4,A0A287A2J9,F1RHK6,A0A287ANH9,A0A287BHC9 G1SZE4,G1SXC8,G1TAE2,G1TIX5,G1SZR6,G1SZT9,G1SML4,G1SMY6
8724 I3LSK3,A0A286ZV23,D3K5N7,A0A287A2J9,F2Z558,A0A286ZQA1,Q29549,P79307 G1TGR9,G1SZE4,G1TAE2,G1TVU3,G1SDY5,G1SIC9,G1SQ27,G1SZM2
8724 I3LSK3,A0A286ZV23,D3K5N7,A0A287A2J9,F2Z558,A0A287BHC9,Q29549,P79307 G1TGR9,G1SZE4,G1TAE2,G1TVU3,G1SDY5,G1SIC9,G1SQ27,G1SZM2
11449 P79307,I3LNX4,D3K5N7,A0A287BHC9,A0A287B4M4,A0A287APA5,F2Z558,A0A287A2J9 G1SZM2,G1SXC8,G1TAE2,G1TIX5,G1SMY6,G1T035,G1SDY5,G1TVU3
11449 P79307,I3LNX4,D3K5N7,A0A286ZQA1,A0A287B4M4,B5KFD7,F2Z558,A0A287A2J9 G1SZM2,G1SXC8,G1TAE2,G1TIX5,G1SMY6,G1T035,G1SDY5,G1TVU3
11449 P79307,I3LNX4,D3K5N7,A0A287BHC9,A0A287B4M4,A0A287BBY6,F2Z558,A0A287A2J9 G1SZM2,G1SXC8,G1TAE2,G1TIX5,G1SMY6,G1T035,G1SDY5,G1TVU3
11449 P79307,I3LNX4,D3K5N7,A0A287BHC9,A0A287B4M4,A0A287BBY6,F2Z558,A0A287A2J9 G1SZM2,G1SXC8,G1TAE2,G1TIX5,G1SMY6,G1TAP3,G1SDY5,G1TVU3
11449 P79307,I3LNX4,D3K5N7,A0A286ZQA1,A0A287B4M4,I3LM52,F2Z558,A0A287A2J9 G1SZM2,G1SXC8,G1TAE2,G1TIX5,G1SMY6,G1TAP3,G1SDY5,G1TVU3
11449 P79307,I3LNX4,D3K5N7,A0A287BHC9,A0A287B4M4,I3LM52,F2Z558,A0A287A2J9 G1SZM2,G1SXC8,G1TAE2,G1TIX5,G1SMY6,G1TAP3,G1SDY5,G1TVU3
11449 P79307,I3LNX4,D3K5N7,A0A286ZQA1,A0A287B4M4,A0A286ZJ88,F2Z558,A0A287A2J9 G1SZM2,G1SXC8,G1TAE2,G1TIX5,G1SMY6,G1TZY7,G1SDY5,G1TVU3
11449 P79307,I3LNX4,D3K5N7,A0A286ZQA1,A0A287B4M4,A0A286ZJ88,F2Z558,A0A287A2J9 G1SZM2,G1SXC8,G1TAE2,G1TIX5,G1SMY6,G1SL22,G1SDY5,G1TVU3
11449 P79307,I3LNX4,D3K5N7,A0A287BHC9,A0A287B4M4,A0A286ZJ88,F2Z558,A0A287A2J9 G1SZM2,G1SXC8,G1TAE2,G1TIX5,G1SMY6,G1TZY7,G1SDY5,G1TVU3
11449 P79307,I3LNX4,D3K5N7,A0A287BHC9,A0A287B4M4,A0A286ZJ88,F2Z558,A0A287A2J9 G1SZM2,G1SXC8,G1TAE2,G1TIX5,G1SMY6,G1SL22,G1SDY5,G1TVU3
11449 P79307,I3LNX4,D3K5N7,A0A286ZQA1,A0A287B4M4,I3LHP5,F2Z558,A0A287A2J9 G1SZM2,G1SXC8,G1TAE2,G1TIX5,G1SMY6,G1SL22,G1SDY5,G1TVU3
11449 P79307,I3LNX4,D3K5N7,A0A287BHC9,A0A287B4M4,I3LHP5,F2Z558,A0A287A2J9 G1SZM2,G1SXC8,G1TAE2,G1TIX5,G1SMY6,G1SL22,G1SDY5,G1TVU3
11449 P79307,I3LNX4,D3K5N7,A0A286ZQA1,A0A287B4M4,D2JUK3,F2Z558,A0A287A2J9 G1SZM2,G1SXC8,G1TAE2,G1TIX5,G1SMY6,G1SL22,G1SDY5,G1TVU3
5378 F1S1D3,A0A287A2J9,A0A286ZV23,K7GR70,A0A287BHC9,F2Z558,A0A286ZVL0,D3K5N7 G1SGJ3,G1SZR6,G1SZE4,G1T143,G1SMY6,G1SDY5,G1T7H0,G1TAE2
5378 F1S1D3,A0A287A2J9,A0A286ZV23,K7GR70,A0A287BHC9,F2Z558,A0A286ZVL0,D3K5N7 G1SGU6,G1SZR6,G1SZE4,G1T143,G1SMY6,G1SDY5,G1T7H0,G1TAE2
5378 F1S1D3,A0A287A2J9,A0A286ZV23,K7GR70,A0A287BHC9,F2Z558,A0A286ZVL0,D3K5N7 G1SWQ8,G1SZR6,G1SZE4,G1T143,G1SMY6,G1SDY5,G1T7H0,G1TAE2
5378 F1S1D3,A0A287A2J9,A0A286ZV23,K7GR70,A0A287BHC9,F2Z558,A0A286ZVL0,D3K5N7 G1TL87,G1SZR6,G1SZE4,G1T143,G1SMY6,G1SDY5,G1T7H0,G1TAE2
5378 A0A287A2J9,K7GR70,I3LV81,A0A286ZQA1,A0A286ZV23,I3LHB2,D3K5N7,F2Z558 G1TIX5,G1TVU3,G1SIJ3,G1SZT9,G1SZE4,G1SFK3,G1TAE2,G1SDY5
5378 A0A287A2J9,K7GR70,I3LV81,A0A286ZQA1,A0A286ZV23,I3LHB2,D3K5N7,F2Z558 G1TIX5,G1TVU3,G1U5D4,G1SZT9,G1SZE4,G1SFK3,G1TAE2,G1SDY5
5378 I3LPB3,A0A287A2J9,A0A286ZV23,K7GR70,A0A287BHC9,F2Z558,A0A286ZVL0,D3K5N7 G1SGJ3,G1SZR6,G1SZE4,G1T143,G1SMY6,G1SDY5,G1T7H0,G1TAE2
5378 I3LPB3,A0A287A2J9,A0A286ZV23,K7GR70,A0A287BHC9,F2Z558,A0A286ZVL0,D3K5N7 G1SWQ8,G1SZR6,G1SZE4,G1T143,G1SMY6,G1SDY5,G1T7H0,G1TAE2
5378 I3LPB3,A0A287A2J9,A0A286ZV23,K7GR70,A0A287BHC9,F2Z558,A0A286ZVL0,D3K5N7 G1TL87,G1SZR6,G1SZE4,G1T143,G1SMY6,G1SDY5,G1T7H0,G1TAE2
5378 K7GL66,A0A287A2J9,A0A286ZV23,K7GR70,A0A287BHC9,F2Z558,A0A286ZVL0,D3K5N7 G1SGJ3,G1SZR6,G1SZE4,G1T143,G1SMY6,G1SDY5,G1T7H0,G1TAE2
5378 K7GL66,A0A287A2J9,A0A286ZV23,K7GR70,A0A287BHC9,F2Z558,A0A286ZVL0,D3K5N7 G1SGU6,G1SZR6,G1SZE4,G1T143,G1SMY6,G1SDY5,G1T7H0,G1TAE2
5378 A0A287BEU1,A0A287A2J9,A0A286ZV23,K7GR70,A0A287BHC9,F2Z558,A0A286ZVL0,D3K5N7 G1SGJ3,G1SZR6,G1SZE4,G1T143,G1SMY6,G1SDY5,G1T7H0,G1TAE2
5378 A0A287BEU1,A0A287A2J9,A0A286ZV23,K7GR70,A0A287BHC9,F2Z558,A0A286ZVL0,D3K5N7 G1SGU6,G1SZR6,G1SZE4,G1T143,G1SMY6,G1SDY5,G1T7H0,G1TAE2
5378 A0A287BEU1,A0A287A2J9,A0A286ZV23,K7GR70,A0A287BHC9,F2Z558,A0A286ZVL0,D3K5N7 G1SWQ8,G1SZR6,G1SZE4,G1T143,G1SMY6,G1SDY5,G1T7H0,G1TAE2
8436 A0A287A2J9,F1RRK1,A0A286ZV23,A0A287BHC9,K7GR70,A0A287A2U9,D3K5N7,F2Z558 G1SZR6,G1TID3,G1SZE4,G1SMY6,G1T143,G1TIW9,G1TAE2,G1SDY5
8436 A0A287A2J9,F1SP25,A0A286ZV23,A0A287BHC9,K7GR70,F1RF93,D3K5N7,F2Z558 G1SZR6,G1SZJ7,G1SZE4,G1SMY6,G1T143,G1TIW9,G1TAE2,G1SDY5
8436 A0A287A2J9,F1SP25,A0A286ZV23,A0A287BHC9,K7GR70,F1RF93,D3K5N7,F2Z558 G1SZR6,G1SHE2,G1SZE4,G1SMY6,G1T143,G1TIW9,G1TAE2,G1SDY5
8436 A0A287A2J9,F1SP25,A0A286ZV23,A0A287BHC9,K7GR70,F1RF93,D3K5N7,F2Z558 G1SZR6,G1TID3,G1SZE4,G1SMY6,G1T143,G1TIW9,G1TAE2,G1SDY5
8436 A0A287A2J9,F1SP25,A0A286ZV23,A0A287BHC9,K7GR70,F1RF93,D3K5N7,F2Z558 G1SZR6,G1TSP4,G1SZE4,G1SMY6,G1T143,G1TIW9,G1TAE2,G1SDY5
8436 A0A287A2J9,F1SDY3,A0A286ZV23,A0A287BHC9,K7GR70,F1RF93,D3K5N7,F2Z558 G1SZR6,G1TGM9,G1SZE4,G1SMY6,G1T143,G1TIW9,G1TAE2,G1SDY5
8436 A0A287A2J9,I3LBY1,A0A286ZV23,A0A287BHC9,K7GR70,F1RF93,D3K5N7,F2Z558 G1SZR6,G1STP3,G1SZE4,G1SMY6,G1T143,G1TIW9,G1TAE2,G1SDY5
8436 A0A287A2J9,I3LBY1,A0A286ZV23,A0A287BHC9,K7GR70,F1RF93,D3K5N7,F2Z558 G1SZR6,G1SJI9,G1SZE4,G1SMY6,G1T143,G1TIW9,G1TAE2,G1SDY5
8436 A0A287A2J9,F1S106,A0A286ZV23,A0A287BHC9,K7GR70,F1RF93,D3K5N7,F2Z558 G1SZR6,G1SZJ7,G1SZE4,G1SMY6,G1T143,G1TIW9,G1TAE2,G1SDY5
8436 A0A287A2J9,F1S106,A0A286ZV23,A0A287BHC9,K7GR70,F1RF93,D3K5N7,F2Z558 G1SZR6,G1SHE2,G1SZE4,G1SMY6,G1T143,G1TIW9,G1TAE2,G1SDY5
8436 A0A287A2J9,F1S106,A0A286ZV23,A0A287BHC9,K7GR70,F1RF93,D3K5N7,F2Z558 G1SZR6,G1TID3,G1SZE4,G1SMY6,G1T143,G1TIW9,G1TAE2,G1SDY5
8436 A0A287A2J9,F1S106,A0A286ZV23,A0A287BHC9,K7GR70,F1RF93,D3K5N7,F2Z558 G1SZR6,G1TSP4,G1SZE4,G1SMY6,G1T143,G1TIW9,G1TAE2,G1SDY5
8436 A0A287A2J9,F1S5N6,A0A286ZV23,A0A287BHC9,K7GR70,F1RF93,D3K5N7,F2Z558 G1SZR6,G1STP3,G1SZE4,G1SMY6,G1T143,G1TIW9,G1TAE2,G1SDY5
8436 A0A287A2J9,F1S5N6,A0A286ZV23,A0A287BHC9,K7GR70,F1RF93,D3K5N7,F2Z558 G1SZR6,G1SJI9,G1SZE4,G1SMY6,G1T143,G1TIW9,G1TAE2,G1SDY5
8436 A0A287A2J9,F1S5N6,A0A286ZV23,A0A287BHC9,K7GR70,F1RF93,D3K5N7,F2Z558 G1SZR6,G1SZJ7,G1SZE4,G1SMY6,G1T143,G1TIW9,G1TAE2,G1SDY5
8436 A0A287A2J9,F1S5N6,A0A286ZV23,A0A287BHC9,K7GR70,F1RF93,D3K5N7,F2Z558 G1SZR6,G1TID3,G1SZE4,G1SMY6,G1T143,G1TIW9,G1TAE2,G1SDY5
4192 A0A286ZV23,K7GR70,I3LIT1,A0A287A2J9,K7GQT5,A0A287B4M4,D3K5N7,A0A287BHC9 G1SZE4,G1T143,G1SKC4,G1SZR6,G1SYN1,G1TIX5,G1TAE2,G1SMY6
4192 A0A286ZV23,K7GR70,F1RTL0,A0A287A2J9,K7GQT5,D3K5N7,A0A287B4M4,A0A287BHC9 G1SZE4,G1T143,G1TD22,G1SZR6,G1SYN1,G1TAE2,G1TIX5,G1SMY6
4192 A0A286ZV23,K7GR70,A0A287ARD1,A0A287A2J9,K7GQT5,A0A287B4M4,D3K5N7,A0A287BHC9 G1SZE4,G1T143,G1T876,G1SZR6,G1SYN1,G1TIX5,G1TAE2,G1SMY6
4192 A0A286ZV23,K7GR70,F1RSB8,A0A287A2J9,K7GQT5,A0A287B4M4,D3K5N7,A0A287BHC9 G1SZE4,G1T143,G1TE66,G1SZR6,G1SYN1,G1TIX5,G1TAE2,G1SMY6
3225 P79307,A0A287B4M4,F1RHK6,A0A287AQ46,F1RWM5,A0A287BHC9,A0A286ZV23,A0A287A2J9 G1SZM2,G1TIX5,G1SZT9,G1SM25,G1SZL0,G1SMY6,G1SZE4,G1SZR6
3225 P79307,A0A287B4M4,F1RHK6,A0A287AQ46,F1RWM5,A0A287BHC9,A0A286ZV23,A0A287A2J9 G1SZM2,G1TIX5,G1SZT9,G1TW52,G1SZL0,G1SMY6,G1SZE4,G1SZR6
3225 P79307,A0A287B4M4,F1RHK6,A0A286ZZ95,F1RWM5,A0A287BHC9,A0A286ZV23,A0A287A2J9 G1SZM2,G1TIX5,G1SZT9,G1SJ89,G1SZL0,G1SMY6,G1SZE4,G1SZR6
3225 P79307,A0A287B4M4,F1RHK6,A0A286ZZ95,F1RWM5,A0A287BHC9,A0A286ZV23,A0A287A2J9 G1SZM2,G1TIX5,G1SZT9,G1TAB1,G1SZL0,G1SMY6,G1SZE4,G1SZR6
3225 P79307,A0A287B4M4,F1RHK6,F1SAK9,F1RWM5,A0A287BHC9,A0A286ZV23,A0A287A2J9 G1SZM2,G1TIX5,G1SZT9,G1SM25,G1SZL0,G1SMY6,G1SZE4,G1SZR6
3225 P79307,A0A287B4M4,F1RHK6,F1SAK9,F1RWM5,A0A287BHC9,A0A286ZV23,A0A287A2J9 G1SZM2,G1TIX5,G1SZT9,G1SJ89,G1SZL0,G1SMY6,G1SZE4,G1SZR6
3225 P79307,A0A287B4M4,F1RHK6,F1SAK9,F1RWM5,A0A287BHC9,A0A286ZV23,A0A287A2J9 G1SZM2,G1TIX5,G1SZT9,G1TAB1,G1SZL0,G1SMY6,G1SZE4,G1SZR6
1799 D3K5N7,I3LNX4,F1RNP8,A0A286ZV23,P79307,I3L9U8,F2Z558,A0A287BHC9 G1TAE2,G1SXC8,G1SI60,G1SZE4,G1SZM2,G1T1B1,G1SDY5,G1SMY6
1799 D3K5N7,I3LNX4,F1RXB8,A0A286ZV23,P79307,I3L9U8,F2Z558,A0A287BHC9 G1TAE2,G1SXC8,G1T4A3,G1SZE4,G1SZM2,G1T1B1,G1SDY5,G1SMY6
1799 D3K5N7,I3LNX4,F1RXB8,A0A286ZV23,P79307,I3L9U8,F2Z558,A0A287BHC9 G1TAE2,G1SXC8,G1T8R0,G1SZE4,G1SZM2,G1T1B1,G1SDY5,G1SMY6
8740 K7GR70,I3LNX4,F1RHK6,A0A286ZV23,F1RZU1,A0A287A2J9,A0A287B4M4,A0A287BHC9 G1T143,G1SXC8,G1SZT9,G1SZE4,G1U782,G1SZR6,G1TIX5,G1SMY6
9421 K7GR70,A0A286ZV23,I3LNX4,A0A287A2J9,F1RHK6,A0A287B4M4,I3LFR2,A0A287BHC9 G1T143,G1SZE4,G1SXC8,G1SZR6,G1SZT9,G1TIX5,G1T087,G1SMY6
8766 A0A286ZV23,I3LNX4,K7GR70,D3K5N7,A0A287A2J9,A5GFR3,A0A286ZQA1,F2Z558 G1SZE4,G1SXC8,G1T143,G1TAE2,G1SZR6,G1SYE7,G1SIC9,G1SDY5
8766 A0A286ZV23,I3LNX4,K7GR70,D3K5N7,A0A287A2J9,F1RGS3,A0A286ZQA1,F2Z558 G1SZE4,G1SXC8,G1T143,G1TAE2,G1SZR6,G1SYE7,G1SIC9,G1SDY5
8766 F1RUH7,A0A286ZV23,A0A287B4M4,A0A287A2J9,F1RHK6,A0A287BHC9,P79307,A0A287AC34 G1SKJ6,G1SZE4,G1TIX5,G1SZR6,G1SZT9,G1SMY6,G1SZM2,G1SYV9
8766 A0A286ZV23,I3LNX4,K7GR70,D3K5N7,A0A287A2J9,F1RUP2,A0A286ZQA1,F2Z558 G1SZE4,G1SXC8,G1T143,G1TAE2,G1SZR6,G1SYE7,G1SIC9,G1SDY5
8766 A0A287ARC2,A0A286ZV23,A0A287B4M4,A0A287A2J9,F1RHK6,A0A287BHC9,P79307,A0A287BBB5 G1SRL8,G1SZE4,G1TIX5,G1SZR6,G1SZT9,G1SMY6,G1SZM2,G1SVI9
9508 Q9TUB2,A0A287B4M4,A0A286ZV23,F1RHK6,A0A287A2J9,I3LHB2,D3K5N7,A0A287BHC9 G1TVU3,G1TIX5,G1SZE4,G1SZT9,G1SZR6,G1SFK3,G1TAE2,G1SMY6
7561 A0A287BPQ8,A0A287A2J9,A0A286ZV23,A0A286ZQA1,A0A287BHC9,F2Z558,I3L897,D3K5N7 G1SZ81,G1TVU3,G1SZE4,G1SIC9,G1SZT9,G1SDY5,G1SXS3,G1TAE2
7561 A0A286ZLJ9,A0A287A2J9,A0A286ZV23,A0A286ZQA1,A0A287BHC9,F2Z558,I3L897,D3K5N7 G1SLQ0,G1TVU3,G1SZE4,G1SIC9,G1SZT9,G1SDY5,G1SXS3,G1TAE2
6613 A0A286ZV23,A0A287A2J9,I3LIH2,F1S956,K7GR70,A0A287B4M4,A0A287BHC9,F1RHK6 G1SZE4,G1SZR6,G1TGG7,U3KNH2,G1T143,G1TIX5,G1SMY6,G1SZT9
6613 A0A286ZV23,A0A287A2J9,A0A287BMU9,A7XUJ6,K7GR70,A0A287B4M4,A0A287BHC9,F1RHK6 G1SZE4,G1SZR6,G1TGG7,U3KNH2,G1T143,G1TIX5,G1SMY6,G1SZT9
6414 A0A286ZV23,A0A287A2J9,F1S412,Q19ML6,K7GR70,A0A287B4M4,D3K5N7,A0A287BHC9 G1SZE4,G1SZR6,G1SFR1,G1TBB8,G1T143,G1TIX5,G1TAE2,G1SMY6
6414 A0A286ZV23,A0A287A2J9,F1S412,K7GSM3,K7GR70,A0A287B4M4,D3K5N7,A0A287BHC9 G1SZE4,G1SZR6,G1SFR1,G1TBB8,G1T143,G1TIX5,G1TAE2,G1SMY6
9251 I3LNX4,A0A286ZV23,D3K5N7,K7GR70,F1SG07,A0A287A2J9,F2Z558,A0A287BHC9 G1SXC8,G1SZE4,G1TAE2,G1T143,G1T1J5,G1SZR6,G1SDY5,G1SMY6
9251 I3LNX4,A0A286ZV23,D3K5N7,K7GR70,F1SG07,A0A287A2J9,F2Z558,A0A287BHC9 G1SXC8,G1SZE4,G1TAE2,G1T143,G1U886,G1SZR6,G1SDY5,G1SMY6
9251 I3LNX4,A0A286ZV23,D3K5N7,K7GR70,A0A287BQ14,A0A287A2J9,F2Z558,A0A287BHC9 G1SXC8,G1SZE4,G1TAE2,G1T143,G1U886,G1SZR6,G1SDY5,G1SMY6
9251 I3LNX4,A0A286ZV23,D3K5N7,K7GR70,A0A287BBM7,A0A287A2J9,F2Z558,A0A287BHC9 G1SXC8,G1SZE4,G1TAE2,G1T143,G1SI70,G1SZR6,G1SDY5,G1SMY6
9251 I3LNX4,A0A286ZV23,D3K5N7,K7GR70,A0A287BBM7,A0A287A2J9,F2Z558,A0A287BHC9 G1SXC8,G1SZE4,G1TAE2,G1T143,G1TXL5,G1SZR6,G1SDY5,G1SMY6
9251 I3LNX4,A0A286ZV23,D3K5N7,K7GR70,I3LVB8,A0A287A2J9,F2Z558,A0A287BHC9 G1SXC8,G1SZE4,G1TAE2,G1T143,G1T1J5,G1SZR6,G1SDY5,G1SMY6
9251 I3LNX4,A0A286ZV23,D3K5N7,K7GR70,I3LVB8,A0A287A2J9,F2Z558,A0A287BHC9 G1SXC8,G1SZE4,G1TAE2,G1T143,G1U886,G1SZR6,G1SDY5,G1SMY6
9251 I3LNX4,A0A286ZV23,D3K5N7,K7GR70,F1RFG5,A0A287A2J9,F2Z558,A0A287BHC9 G1SXC8,G1SZE4,G1TAE2,G1T143,G1SI70,G1SZR6,G1SDY5,G1SMY6
9251 I3LNX4,A0A286ZV23,D3K5N7,K7GR70,F1RFG5,A0A287A2J9,F2Z558,A0A287BHC9 G1SXC8,G1SZE4,G1TAE2,G1T143,G1TXL5,G1SZR6,G1SDY5,G1SMY6
9251 K7GR70,A0A286ZV23,A0A287A2J9,I3LNX4,I3LLY4,D3K5N7,A0A287BHC9,F2Z558 G1T143,G1SZE4,G1SZR6,G1SXC8,G1TBR1,G1TAE2,G1SMY6,G1SDY5
9224 I3LNX4,K7GR70,F1RHK6,A0A286ZV23,F1SG07,A0A287A2J9,A0A287B4M4,A0A287BHC9 G1SXC8,G1T143,G1SZT9,G1SZE4,G1T1J5,G1SZR6,G1TIX5,G1SMY6
9224 I3LNX4,K7GR70,F1RHK6,A0A286ZV23,F1SG07,A0A287A2J9,A0A287B4M4,A0A287BHC9 G1SXC8,G1T143,G1SZT9,G1SZE4,G1U886,G1SZR6,G1TIX5,G1SMY6
9224 I3LNX4,K7GR70,F1RHK6,A0A286ZV23,A0A287BBM7,A0A287A2J9,A0A287B4M4,A0A287BHC9 G1SXC8,G1T143,G1SZT9,G1SZE4,G1SI70,G1SZR6,G1TIX5,G1SMY6
9224 I3LNX4,K7GR70,F1RHK6,A0A286ZV23,A0A287BBM7,A0A287A2J9,A0A287B4M4,A0A287BHC9 G1SXC8,G1T143,G1SZT9,G1SZE4,G1TXL5,G1SZR6,G1TIX5,G1SMY6
9224 I3LNX4,K7GR70,F1RHK6,A0A286ZV23,I3LVB8,A0A287A2J9,A0A287B4M4,A0A287BHC9 G1SXC8,G1T143,G1SZT9,G1SZE4,G1SI70,G1SZR6,G1TIX5,G1SMY6
9224 I3LNX4,K7GR70,F1RHK6,A0A286ZV23,I3LVB8,A0A287A2J9,A0A287B4M4,A0A287BHC9 G1SXC8,G1T143,G1SZT9,G1SZE4,G1T1J5,G1SZR6,G1TIX5,G1SMY6
9224 I3LNX4,K7GR70,F1RHK6,A0A286ZV23,I3LVB8,A0A287A2J9,A0A287B4M4,A0A287BHC9 G1SXC8,G1T143,G1SZT9,G1SZE4,G1U886,G1SZR6,G1TIX5,G1SMY6
9224 I3LNX4,K7GR70,F1RHK6,A0A286ZV23,F1RFG5,A0A287A2J9,A0A287B4M4,A0A287BHC9 G1SXC8,G1T143,G1SZT9,G1SZE4,G1SI70,G1SZR6,G1TIX5,G1SMY6
9224 I3LNX4,K7GR70,F1RHK6,A0A286ZV23,F1RFG5,A0A287A2J9,A0A287B4M4,A0A287BHC9 G1SXC8,G1T143,G1SZT9,G1SZE4,G1TXL5,G1SZR6,G1TIX5,G1SMY6
11674 F1RUP2,D3K5N7,F2Z558,A0A287BHC9,A0A287B4M4,I3LNX4,A0A287A2J9,K7GR70 G1SYE7,G1TAE2,G1SDY5,G1SMY6,G1TIX5,G1SXC8,G1SZR6,G1T143
4796 D3K5N7,F2Z566,I3LNX4,A0A286ZV23,F2Z558,P79307,A0A287BHC9,I3L897 G1TAE2,G1SUD3,G1SXC8,G1SZE4,G1SDY5,G1SZM2,G1SMY6,G1SXS3
4796 D3K5N7,F1STU0,I3LNX4,A0A286ZV23,F2Z558,P79307,A0A287BHC9,I3L897 G1TAE2,G1SUD3,G1SXC8,G1SZE4,G1SDY5,G1SZM2,G1SMY6,G1SXS3
7219 A0A286ZV23,F1RP49,A0A287A2J9,A0A287B4M4,D3K5N7,P23563,F1RHK6,F2Z558 G1SZM2,G1SUN2,G1SMY6,G1TIX5,G1TAE2,P04924,G1TVU3,G1SDY5
9087 I3LE14,A0A286ZQA1,A0A287A2J9,P79307,A0A286ZV23,F2Z558,A0A287BKR2,D3K5N7 G1SI26,G1SIC9,G1SZR6,G1SZM2,G1SZE4,G1SDY5,G1TRW0,G1TAE2
9087 I3LE14,A0A286ZQA1,A0A287A2J9,P79307,A0A286ZV23,F2Z558,A0A287BKR2,D3K5N7 G1SI26,G1SMY6,G1SZR6,G1SZM2,G1SZE4,G1SDY5,G1TRW0,G1TAE2
9087 I3LE14,A0A287BHC9,A0A287A2J9,P79307,A0A286ZV23,F2Z558,A0A287BKR2,D3K5N7 G1SI26,G1SIC9,G1SZR6,G1SZM2,G1SZE4,G1SDY5,G1TRW0,G1TAE2
9087 I3LE14,A0A287BHC9,A0A287A2J9,P79307,A0A286ZV23,F2Z558,A0A287BKR2,D3K5N7 G1SI26,G1SMY6,G1SZR6,G1SZM2,G1SZE4,G1SDY5,G1TRW0,G1TAE2
9087 A0A287AU22,K7GR70,F1RHK6,A0A286ZQA1,A0A287B4M4,F2Z558,A0A286ZV23,F1SCL0 G1SMV8,G1T143,G1SZT9,G1SIC9,G1TIX5,G1SMY6,G1SZE4,G1U105
9087 A0A287AU22,K7GR70,F1RHK6,A0A286ZQA1,A0A287B4M4,F2Z558,A0A286ZV23,F1SCL0 U3KPJ9,G1T143,G1SZT9,G1SIC9,G1TIX5,G1SMY6,G1SZE4,G1U0V9
4776 A0A286ZV23,F1SUV0,K7GR70,A0A287A2J9,D3K5N7,D7RA28,F2Z558,A0A287BHC9 G1SZE4,U3KMN9,G1T143,G1SZR6,G1TAE2,Q8MK68,G1SDY5,G1SMY6
4776 F1SUH8,A0A287A2J9,K7GR70,A0A286ZV23,A0A287BHC9,F1RHK6,F1RLQ2,A0A287B4M4 G1SSE2,G1SZR6,G1T143,G1SZE4,G1SMY6,G1SZT9,G1SYD6,G1TIX5
4776 I3LMS3,A0A287A2J9,A0A286ZV23,K7GR70,A0A287BHC9,A0A287B4M4,Q19S50,F1RHK6 G1U1Z6,G1SZR6,G1SZE4,G1T143,G1SMY6,G1TIX5,G1T0H3,G1SZT9
4776 A0A286ZI26,A0A287A2J9,K7GR70,A0A286ZV23,A0A287BHC9,F1RHK6,F1SRE0,A0A287B4M4 G1SUG3,G1SZR6,G1T143,G1SZE4,G1SMY6,G1SZT9,G1SS22,G1TIX5
4118 I3LCK2,A0A286ZV23,K7GR70,A0A287A2J9,A0A287B4M4,F1RHK6,A0A287BHC9,A0A287BRP0 G1TLK7,G1SZE4,G1T143,G1SZR6,G1TIX5,G1SZT9,G1SMY6,G1SJ36
4118 A0A286ZZ03,K7GR70,A0A286ZV23,A0A287A2J9,F1RHK6,A0A287B4M4,A0A287BHC9,F1SAL5 G1T1H3,G1T143,G1SZE4,G1SZR6,G1SZT9,G1TIX5,G1SMY6,G1T626
4118 A0A287BEW6,A0A286ZV23,K7GR70,A0A287A2J9,A0A287B4M4,F1RHK6,A0A287BHC9,A0A287BRP0 G1T6A2,G1SZE4,G1T143,G1SZR6,G1TIX5,G1SZT9,G1SMY6,G1SJ36
4118 A0A287BEW6,A0A286ZV23,K7GR70,A0A287A2J9,A0A287B4M4,F1RHK6,A0A287BHC9,A0A287BRP0 G1TCS7,G1SZE4,G1T143,G1SZR6,G1TIX5,G1SZT9,G1SMY6,G1SJ36
4118 A0A287BEW6,A0A286ZV23,K7GR70,A0A287A2J9,A0A287B4M4,F1RHK6,A0A287BHC9,A0A287BRP0 G1STW3,G1SZE4,G1T143,G1SZR6,G1TIX5,G1SZT9,G1SMY6,G1SJ36
4118 A0A287BEW6,A0A286ZV23,K7GR70,A0A287A2J9,A0A287B4M4,F1RHK6,A0A287BHC9,A0A287BRP0 G1TMG7,G1SZE4,G1T143,G1SZR6,G1TIX5,G1SZT9,G1SMY6,G1SJ36
4118 F1SB65,A0A286ZV23,K7GR70,A0A287A2J9,A0A287B4M4,F1RHK6,A0A287BHC9,A0A287BRP0 G1T6A2,G1SZE4,G1T143,G1SZR6,G1TIX5,G1SZT9,G1SMY6,G1SJ36
4118 F1SB65,A0A286ZV23,K7GR70,A0A287A2J9,A0A287B4M4,F1RHK6,A0A287BHC9,A0A287BRP0 G1TCS7,G1SZE4,G1T143,G1SZR6,G1TIX5,G1SZT9,G1SMY6,G1SJ36
4118 F1SB65,A0A286ZV23,K7GR70,A0A287A2J9,A0A287B4M4,F1RHK6,A0A287BHC9,A0A287BRP0 G1STW3,G1SZE4,G1T143,G1SZR6,G1TIX5,G1SZT9,G1SMY6,G1SJ36
4118 F1SB65,A0A286ZV23,K7GR70,A0A287A2J9,A0A287B4M4,F1RHK6,A0A287BHC9,A0A287BRP0 G1TMG7,G1SZE4,G1T143,G1SZR6,G1TIX5,G1SZT9,G1SMY6,G1SJ36
4118 F1SS65,A0A286ZV23,K7GR70,A0A287A2J9,A0A287B4M4,F1RHK6,A0A287BHC9,A0A287BRP0 G1T6A2,G1SZE4,G1T143,G1SZR6,G1TIX5,G1SZT9,G1SMY6,G1SJ36
4118 F1SS65,A0A286ZV23,K7GR70,A0A287A2J9,A0A287B4M4,F1RHK6,A0A287BHC9,A0A287BRP0 G1TCS7,G1SZE4,G1T143,G1SZR6,G1TIX5,G1SZT9,G1SMY6,G1SJ36
4118 F1SS65,A0A286ZV23,K7GR70,A0A287A2J9,A0A287B4M4,F1RHK6,A0A287BHC9,A0A287BRP0 G1TMG7,G1SZE4,G1T143,G1SZR6,G1TIX5,G1SZT9,G1SMY6,G1SJ36
4118 F1ST22,A0A286ZV23,K7GR70,A0A287A2J9,A0A287B4M4,F1RHK6,A0A287BHC9,A0A287BRP0 G1T6A2,G1SZE4,G1T143,G1SZR6,G1TIX5,G1SZT9,G1SMY6,G1SJ36
4118 F1ST22,A0A286ZV23,K7GR70,A0A287A2J9,A0A287B4M4,F1RHK6,A0A287BHC9,A0A287BRP0 G1TCS7,G1SZE4,G1T143,G1SZR6,G1TIX5,G1SZT9,G1SMY6,G1SJ36
4118 F1ST22,A0A286ZV23,K7GR70,A0A287A2J9,A0A287B4M4,F1RHK6,A0A287BHC9,A0A287BRP0 G1TMG7,G1SZE4,G1T143,G1SZR6,G1TIX5,G1SZT9,G1SMY6,G1SJ36
5190 A0A287B1Z3,A0A287B4M4,P79307,F1RHK6,A0A286ZV23,A0A287A2J9,A0A287BHC9,A0A287BBB5 G1SDE9,G1TIX5,G1SZM2,G1SZT9,G1SZE4,G1SZR6,G1SMY6,G1SVI9
4377 A0A287A2J9,F1SST2,K7GR70,A0A286ZV23,A0A287BHC9,F1S8N5,D3K5N7,F2Z558 G1SZR6,G1SP94,G1T143,G1SZE4,G1SMY6,G1SY00,G1TAE2,G1SDY5
9470 F1RHK6,A0A287B4M4,P79307,I3LI16,I3LNX4,A0A286ZV23,A0A287BHC9,A0A287A2J9 G1SZT9,G1TIX5,G1SZM2,G1STQ2,G1SXC8,G1SZE4,G1SMY6,G1SZR6
9470 F1RHK6,I3LNX4,P79307,A0A286ZNK2,A0A287B4M4,A0A286ZV23,A0A287BHC9,A0A287A2J9 G1SZT9,G1SXC8,G1SZM2,G1SP89,G1TIX5,G1SZE4,G1SMY6,G1SZR6
9470 F1RHK6,I3LNX4,P79307,F1RNA6,A0A287B4M4,A0A286ZV23,A0A287BHC9,A0A287A2J9 G1SZT9,G1SXC8,G1SZM2,G1SP89,G1TIX5,G1SZE4,G1SMY6,G1SZR6
9470 F1RHK6,I3LNX4,P79307,A0A287A7N7,A0A287B4M4,A0A286ZV23,A0A287BHC9,A0A287A2J9 G1SZT9,G1SXC8,G1SZM2,G1SP89,G1TIX5,G1SZE4,G1SMY6,G1SZR6
9470 F1RHK6,I3LNX4,P79307,P61288,A0A287B4M4,A0A286ZV23,A0A287BHC9,A0A287A2J9 G1SZT9,G1SXC8,G1SZM2,G1SP89,G1TIX5,G1SZE4,G1SMY6,G1SZR6
9470 F1RHK6,I3LNX4,P79307,F1S9Y5,A0A287B4M4,A0A286ZV23,A0A287BHC9,A0A287A2J9 G1SZT9,G1SXC8,G1SZM2,G1SP89,G1TIX5,G1SZE4,G1SMY6,G1SZR6
9470 F1RHK6,I3LNX4,P79307,F1S6K5,A0A287B4M4,A0A286ZV23,A0A287BHC9,A0A287A2J9 G1SZT9,G1SXC8,G1SZM2,G1SP89,G1TIX5,G1SZE4,G1SMY6,G1SZR6
9727 K7GR70,A0A286ZV23,A0A287A2J9,I3LNX4,A0A286ZQA1,P79307,F1RP05,F2Z558 G1T143,G1SZE4,G1SZR6,G1SXC8,G1SIC9,G1SZM2,G1T866,G1SDY5
9727 K7GR70,A0A286ZV23,A0A287A2J9,I3LNX4,A0A286ZQA1,P79307,F1RP05,F2Z558 G1T143,G1SZE4,G1SZR6,G1SXC8,G1SIC9,G1SZM2,G1SH00,G1SDY5
9727 K7GR70,A0A286ZV23,A0A287A2J9,I3LNX4,A0A286ZQA1,P79307,F1RP05,F2Z558 G1T143,G1SZE4,G1SZR6,G1SXC8,G1SIC9,G1SZM2,G1SMM5,G1SDY5
9727 K7GR70,A0A286ZV23,A0A287A2J9,I3LNX4,A0A286ZQA1,P79307,F1RP05,F2Z558 G1T143,G1SZE4,G1SZR6,G1SXC8,G1SIC9,G1SZM2,G1SMK8,G1SDY5
9727 K7GR70,A0A286ZV23,A0A287A2J9,I3LNX4,A0A286ZQA1,P79307,F1RP05,F2Z558 G1T143,G1SZE4,G1SZR6,G1SXC8,G1SIC9,G1SZM2,G1SGB3,G1SDY5
9727 K7GR70,A0A286ZV23,A0A287A2J9,I3LNX4,A0A286ZQA1,P79307,I3LAE8,F2Z558 G1T143,G1SZE4,G1SZR6,G1SXC8,G1SIC9,G1SZM2,G1TT75,G1SDY5
8764 F1SDH5,A0A286ZV23,A0A287A2J9,D3K5N7,A0A286ZQA1,F2Z558,F2Z5I5,P79307 G1U631,G1SZE4,G1SZR6,G1TAE2,G1SIC9,G1SDY5,G1U419,G1SZM2
8764 F1RWG2,A0A286ZV23,A0A287A2J9,D3K5N7,A0A286ZQA1,F2Z558,F2Z5I5,P79307 G1U215,G1SZE4,G1SZR6,G1TAE2,G1SIC9,G1SDY5,G1U419,G1SZM2
8764 F1RWG2,A0A286ZV23,A0A287A2J9,D3K5N7,A0A286ZQA1,F2Z558,F2Z5I5,P79307 G1U631,G1SZE4,G1SZR6,G1TAE2,G1SIC9,G1SDY5,G1U419,G1SZM2
8764 M9MMN1,P79307,A0A286ZQA1,D3K5N7,A0A287A2J9,F2Z558,F2Z5I5,A0A286ZV23 G1T1L1,G1SZM2,G1SIC9,G1TAE2,G1SZR6,G1SDY5,G1U419,G1SZE4
8764 A0A287B1W2,A0A286ZV23,A0A287A2J9,D3K5N7,A0A286ZQA1,F2Z558,F2Z5I5,P79307 G1U631,G1SZE4,G1SZR6,G1TAE2,G1SIC9,G1SDY5,G1U419,G1SZM2
8764 A0A287BBC6,A0A286ZV23,A0A287A2J9,D3K5N7,A0A286ZQA1,F2Z558,A0A287A4T0,P79307 G1SMN9,G1SZE4,G1SZR6,G1TAE2,G1SIC9,G1SDY5,G1U419,G1SZM2
8764 A0A287BBC6,A0A286ZV23,A0A287A2J9,D3K5N7,A0A286ZQA1,F2Z558,A0A287A4T0,P79307 G1U215,G1SZE4,G1SZR6,G1TAE2,G1SIC9,G1SDY5,G1U419,G1SZM2
8764 A0A287BBC6,A0A286ZV23,A0A287A2J9,D3K5N7,A0A286ZQA1,F2Z558,A0A287A4T0,P79307 G1U631,G1SZE4,G1SZR6,G1TAE2,G1SIC9,G1SDY5,G1U419,G1SZM2
8764 A0A287BBC6,A0A286ZV23,A0A287A2J9,D3K5N7,A0A287BHC9,F2Z558,A0A287A4T0,P79307 G1SMN9,G1SZE4,G1SZR6,G1TAE2,G1SIC9,G1SDY5,G1U419,G1SZM2
8764 A0A287BBC6,A0A286ZV23,A0A287A2J9,D3K5N7,A0A287BHC9,F2Z558,A0A287A4T0,P79307 G1U215,G1SZE4,G1SZR6,G1TAE2,G1SIC9,G1SDY5,G1U419,G1SZM2
8764 A0A287BBC6,A0A286ZV23,A0A287A2J9,D3K5N7,A0A287BHC9,F2Z558,A0A287A4T0,P79307 G1U631,G1SZE4,G1SZR6,G1TAE2,G1SIC9,G1SDY5,G1U419,G1SZM2
8764 F1SAG1,A0A286ZV23,A0A287A2J9,D3K5N7,A0A286ZQA1,F2Z558,F2Z5I5,P79307 G1SUJ9,G1SZE4,G1SZR6,G1TAE2,G1SIC9,G1SDY5,G1U419,G1SZM2
10500 I3LNX4,D3K5N7,P79307,A0A286ZV23,Q6QAQ1,A0A287B4M4,A0A287BHC9,A0A287A2J9 G1SXC8,G1TAE2,G1SZM2,G1SZE4,G1SIT9,G1TIX5,G1SMY6,G1SZR6
10500 A0A286ZV23,K7GR70,I3LNX4,A0A287A2J9,A0A287B4M4,A0A287A7H6,P79307,A0A287BHC9 G1SZE4,G1T143,G1SXC8,G1SZR6,G1TIX5,G1T7B5,G1SZM2,G1SMY6
10500 A0A286ZV23,K7GR70,I3LNX4,A0A287A2J9,A0A287B4M4,A0A287A7H6,P79307,A0A287BHC9 G1SZE4,G1T143,G1SXC8,G1SZR6,G1TIX5,G1TVH9,G1SZM2,G1SMY6
10500 A0A286ZV23,K7GR70,I3LNX4,A0A287A2J9,A0A287B4M4,B5APU6,P79307,A0A287BHC9 G1SZE4,G1T143,G1SXC8,G1SZR6,G1TIX5,G1T7B5,G1SZM2,G1SMY6
10500 A0A286ZV23,K7GR70,I3LNX4,A0A287A2J9,A0A287B4M4,B5APU6,P79307,A0A287BHC9 G1SZE4,G1T143,G1SXC8,G1SZR6,G1TIX5,G1TVH9,G1SZM2,G1SMY6
11628 P79307,I3LNX4,D3K5N7,A0A287BHC9,A0A287B4M4,A0A287BEY7,F2Z558,A0A287A2J9 G1SZM2,G1SXC8,G1TAE2,G1TIX5,G1SMY6,G1SMQ9,G1SDY5,G1TVU3
11628 P79307,I3LNX4,D3K5N7,A0A287BHC9,A0A287B4M4,A0A287BEY7,F2Z558,A0A287A2J9 G1SZM2,G1SXC8,G1TAE2,G1SMY6,G1TIX5,G1SMQ9,G1SDY5,G1SZR6
10633 Q9TUB2,A0A287A2J9,A0A286ZQA1,A0A286ZV23,F1RHK6,A0A286ZL14,D3K5N7,F2Z558 G1TVU3,G1SZR6,G1SIC9,G1SZE4,G1SZT9,G1T9A1,G1TAE2,G1SDY5
10633 Q9TUB2,A0A287A2J9,A0A286ZQA1,A0A286ZV23,F1RHK6,A0A286ZI96,D3K5N7,F2Z558 G1TVU3,G1SZR6,G1SIC9,G1SZE4,G1SZT9,G1T421,G1TAE2,G1SDY5
9246 I3LNX4,F1RHK6,K7GR70,F1SSH4,A0A286ZV23,A0A287B4M4,A0A287A2J9,A0A287BHC9 G1SXC8,G1SZT9,G1T143,G1U427,G1SZE4,G1TIX5,G1SZR6,G1SMY6
9246 I3LNX4,F1RHK6,F1RXX3,P79307,A0A286ZV23,A0A287B4M4,A0A287A2J9,A0A287BHC9 G1SXC8,G1SZT9,G1SIG3,G1SZM2,G1SZE4,G1TIX5,G1SZR6,G1SMY6
9246 I3LNX4,F1RHK6,A0A287A2C8,P79307,A0A286ZV23,A0A287B4M4,A0A287A2J9,A0A287BHC9 G1SXC8,G1SZT9,G1SMD5,G1SZM2,G1SZE4,G1TIX5,G1SZR6,G1SMY6
9246 I3LNX4,F1RHK6,I3LP32,P79307,A0A286ZV23,A0A287B4M4,A0A287A2J9,A0A287BHC9 G1SXC8,G1SZT9,G1SIG3,G1SZM2,G1SZE4,G1TIX5,G1SZR6,G1SMY6
9246 A0A287B4M4,F1RHK6,I3LJ47,P79307,A0A286ZV23,I3LNX4,A0A287A2J9,A0A287BHC9 G1TIX5,G1SZT9,G1STH6,G1SZM2,G1SZE4,G1SXC8,G1SZR6,G1SMY6
9246 A0A287B4M4,F1RHK6,I3LJ47,P79307,A0A286ZV23,I3LNX4,A0A287A2J9,A0A287BHC9 G1TIX5,G1SZT9,G1SQY1,G1SZM2,G1SZE4,G1SXC8,G1SZR6,G1SMY6
9246 A0A287B4M4,F1RHK6,I3LJ47,P79307,A0A286ZV23,I3LNX4,A0A287A2J9,A0A287BHC9 G1TIX5,G1SZT9,G1SV73,G1SZM2,G1SZE4,G1SXC8,G1SZR6,G1SMY6
9246 A0A287B4M4,F1RHK6,I3LJ47,P79307,A0A286ZV23,I3LNX4,A0A287A2J9,A0A287BHC9 G1TIX5,G1SZT9,G1SZF2,G1SZM2,G1SZE4,G1SXC8,G1SZR6,G1SMY6
9246 A0A287B4M4,F1RHK6,A0A286ZZX0,P79307,A0A286ZV23,I3LNX4,A0A287A2J9,A0A287BHC9 G1TIX5,G1SZT9,G1U0W2,G1SZM2,G1SZE4,G1SXC8,G1SZR6,G1SMY6
9246 A0A287B4M4,F1RHK6,A0A287B653,P79307,A0A286ZV23,I3LNX4,A0A287A2J9,A0A287BHC9 G1TIX5,G1SZT9,G1U0W2,G1SZM2,G1SZE4,G1SXC8,G1SZR6,G1SMY6
9246 A0A287B4M4,F1RHK6,A0A287B653,P79307,A0A286ZV23,I3LNX4,A0A287A2J9,A0A287BHC9 G1TIX5,G1SZT9,G1SV73,G1SZM2,G1SZE4,G1SXC8,G1SZR6,G1SMY6
9246 A0A287B4M4,F1RHK6,A0A287B653,P79307,A0A286ZV23,I3LNX4,A0A287A2J9,A0A287BHC9 G1TIX5,G1SZT9,G1SZF2,G1SZM2,G1SZE4,G1SXC8,G1SZR6,G1SMY6
8803 F1S9S0,P79307,D3K5N7,A0A286ZQA1,F2Z558,A0A287A2J9,A0A286ZV23,Q06AU6 G1SI38,G1SZM2,G1TAE2,G1SIC9,G1SDY5,G1TVU3,G1SZE4,G1T2T9
10422 D3K5N7,I3LNX4,P79307,A0A286ZV23,F2Z558,A0A287AP23,A0A287BHC9,A0A287A2J9 G1TAE2,G1SXC8,G1SZM2,G1SZE4,G1SDY5,G1T9D0,G1SIC9,G1SZR6
10422 D3K5N7,I3LNX4,P79307,A0A286ZV23,F2Z558,A0A287AP23,A0A287BHC9,A0A287A2J9 G1TAE2,G1SXC8,G1SZM2,G1SZE4,G1SDY5,G1T9D0,G1SMY6,G1SZR6
4815 Q9GJR5,A0A286ZV23,A0A287A2J9,K7GR70,A0A287B4M4,A0A287BHC9,D3K5N7,F1SKR9 G1SQN9,G1SZE4,G1SZR6,G1T143,G1TIX5,G1SMY6,G1TAE2,G1SN87
7252 K7GN73,P79307,A0A287B4M4,A0A287BHC9,A0A286ZQA1,A0A286ZV23,I3LNX4,A7XUJ6 G1SLT0,G1SZM2,G1TIX5,G1SMY6,G1SIC9,G1SZE4,G1TAE2,U3KNH2
7924 F1SPZ6,A0A286ZV23,K7GR70,A0A287B4M4,F1RHK6,A0A287BHC9,A0A287A2J9,A0A286ZVL0 G1TDU3,G1SZE4,G1T143,G1TIX5,G1SZT9,G1SMY6,G1SZR6,G1SN14
7924 F1SPZ6,A0A286ZV23,K7GR70,A0A287B4M4,F1RHK6,A0A287BHC9,A0A287A2J9,A0A286ZVL0 G1SUQ7,G1SZE4,G1T143,G1TIX5,G1SZT9,G1SMY6,G1SZR6,G1T7H0
7924 I3LR41,A0A286ZV23,K7GR70,A0A287B4M4,F1RHK6,A0A287BHC9,A0A287A2J9,A0A286ZUM8 G1TDU3,G1SZE4,G1T143,G1TIX5,G1SZT9,G1SMY6,G1SZR6,G1SN14
7924 F1SLL4,A0A286ZV23,K7GR70,A0A287B4M4,F1RHK6,A0A287BHC9,A0A287A2J9,F2Z5R6 G1SVI0,G1SZE4,G1T143,G1TIX5,G1SZT9,G1SMY6,G1SZR6,G1SN14
7924 F1RZQ1,A0A286ZV23,K7GR70,A0A287B4M4,F1RHK6,A0A287BHC9,A0A287A2J9,F2Z5R6 G1SPP5,G1SZE4,G1T143,G1TIX5,G1SZT9,G1SMY6,G1SZR6,G1SN14
10566 A0A286ZV23,K7GR70,I3LNX4,A0A287A2J9,A0A287B4M4,P79307,D4P3C2,A0A287BHC9 G1SZE4,G1T143,G1SXC8,G1SZR6,G1TIX5,G1SZM2,U3KN58,G1SMY6
9662 K7GR70,A0A286ZV23,A0A287A2J9,I3LNX4,A0A286ZQA1,F1SU06,P79307,F2Z558 G1T143,G1SZE4,G1SZR6,G1SXC8,G1SIC9,G1SW67,G1SZM2,G1SDY5
9662 K7GR70,A0A286ZV23,A0A287A2J9,I3LNX4,A0A286ZQA1,F1SU06,P79307,F2Z558 G1T143,G1SZE4,G1SZR6,G1SXC8,G1SIC9,G1SRH7,G1SZM2,G1SDY5
9662 K7GR70,A0A286ZV23,A0A287A2J9,I3LNX4,A0A286ZQA1,A0A287AD78,P79307,F2Z558 G1T143,G1SZE4,G1SZR6,G1SXC8,G1SIC9,G1SW67,G1SZM2,G1SDY5
9662 K7GR70,A0A286ZV23,A0A287A2J9,I3LNX4,A0A286ZQA1,A0A287AD78,P79307,F2Z558 G1T143,G1SZE4,G1SZR6,G1SXC8,G1SIC9,G1T1E3,G1SZM2,G1SDY5
4535 A0A287A2J9,A0A286ZQA1,K7GR70,A0A287ACE1,A0A287B6Q2,A0A286ZV23,F2Z558,D3K5N7 G1TIX5,G1SZT9,G1TVU3,G1TDK5,G1TC95,G1SZE4,G1SDY5,G1TAE2
4535 A0A287A2J9,A0A286ZQA1,K7GR70,F2Z5I5,A0A287AU87,A0A286ZV23,F2Z558,D3K5N7 G1TIX5,G1SZT9,G1TVU3,G1TDK5,G1TC95,G1SZE4,G1SDY5,G1TAE2
6430 A0A286ZV23,F1RKW0,K7GR70,A0A287B4M4,D3K5N7,D7RA28,A0A287A2J9,A0A287BHC9 G1SZE4,G1T919,G1T143,G1TIX5,G1TAE2,Q8MK68,G1SZR6,G1SMY6
8185 A0A287B4M4,F1RKW0,A0A286ZV23,F1RHK6,D7RA28,D3K5N7,A0A287BHC9,A0A287A2J9 G1TIX5,G1T919,G1SZE4,G1SZT9,Q8MK68,G1TAE2,G1SMY6,G1SZR6
8185 A0A287B4M4,F1RKW0,A0A286ZV23,F1RHK6,D7RA28,D3K5N7,A0A286ZQA1,A0A287A2J9 G1TIX5,G1T919,G1SZE4,G1SZT9,Q8MK68,G1TAE2,G1SMY6,G1SZR6
6396 D3K5N7,A0A286ZJV8,A0A286ZV23,P79307,F2Z558,I3LNX4,A0A287A5F6,A0A287BHC9 G1TAE2,G1SM20,G1SZE4,G1SZM2,G1SDY5,G1SXC8,U3KN87,G1SMY6
6396 D3K5N7,A0A287AJL7,A0A286ZV23,P79307,F2Z558,I3LNX4,A0A287A5F6,A0A287BHC9 G1TAE2,G1T6Z9,G1SZE4,G1SZM2,G1SDY5,G1SXC8,U3KN87,G1SMY6
8566 A0A287B4M4,F1SLZ5,P79307,A0A286ZV23,F1RHK6,A0A287AE42,A0A286ZQA1,F2Z558 G1TIX5,G1TNE6,G1SZM2,G1SZE4,G1SZT9,G1U3I5,G1SMY6,G1SDY5
8566 I3LNX4,F1SLZ5,P79307,A0A286ZV23,F1RHK6,A0A287AE42,A0A286ZQA1,F2Z558 G1TIX5,G1TNE6,G1SZM2,G1SZE4,G1SZT9,G1U3I5,G1SMY6,G1SDY5
8566 I3LNX4,F1SLZ5,P79307,A0A286ZV23,F1RHK6,A0A287AE42,A0A287BHC9,F2Z558 G1TIX5,G1TNE6,G1SZM2,G1SZE4,G1SZT9,G1U3I5,G1SMY6,G1SDY5
9088 A0A287AA49,A0A286ZQA1,A0A287A2J9,P79307,A0A286ZV23,F2Z558,F2Z540,D3K5N7 G1SIU3,G1SIC9,G1SZR6,G1SZM2,G1SZE4,G1SDY5,G1T1D9,G1TAE2
9088 A0A287AA49,A0A286ZQA1,A0A287A2J9,P79307,A0A286ZV23,F2Z558,F2Z540,D3K5N7 G1SE22,G1SIC9,G1SZR6,G1SZM2,G1SZE4,G1SDY5,G1T1D9,G1TAE2
9088 A0A286ZRB8,A0A286ZQA1,A0A287A2J9,P79307,A0A286ZV23,F2Z558,I3LMS7,D3K5N7 G1SXR5,G1SIC9,G1SZR6,G1SZM2,G1SZE4,G1SDY5,G1TZS4,G1TAE2
9088 A0A286ZRB8,A0A286ZQA1,A0A287A2J9,P79307,A0A286ZV23,F2Z558,I3LMS7,D3K5N7 G1SXR5,G1SMY6,G1SZR6,G1SZM2,G1SZE4,G1SDY5,G1TZS4,G1TAE2
9088 A0A286ZRB8,A0A286ZQA1,A0A287A2J9,P79307,A0A286ZV23,F2Z558,I3LMS7,D3K5N7 G1T5Y0,G1SIC9,G1SZR6,G1SZM2,G1SZE4,G1SDY5,G1TZS4,G1TAE2
9088 A0A286ZRB8,A0A286ZQA1,A0A287A2J9,P79307,A0A286ZV23,F2Z558,I3LMS7,D3K5N7 G1T5Y0,G1SMY6,G1SZR6,G1SZM2,G1SZE4,G1SDY5,G1TZS4,G1TAE2
9088 A0A286ZRB8,A0A287BHC9,A0A287A2J9,P79307,A0A286ZV23,F2Z558,I3LMS7,D3K5N7 G1SXR5,G1SIC9,G1SZR6,G1SZM2,G1SZE4,G1SDY5,G1TZS4,G1TAE2
9088 A0A286ZRB8,A0A287BHC9,A0A287A2J9,P79307,A0A286ZV23,F2Z558,I3LMS7,D3K5N7 G1SXR5,G1SMY6,G1SZR6,G1SZM2,G1SZE4,G1SDY5,G1TZS4,G1TAE2
9088 A0A286ZRB8,A0A287BHC9,A0A287A2J9,P79307,A0A286ZV23,F2Z558,I3LMS7,D3K5N7 G1T5Y0,G1SIC9,G1SZR6,G1SZM2,G1SZE4,G1SDY5,G1TZS4,G1TAE2
9088 A0A286ZRB8,A0A287BHC9,A0A287A2J9,P79307,A0A286ZV23,F2Z558,I3LMS7,D3K5N7 G1T5Y0,G1SMY6,G1SZR6,G1SZM2,G1SZE4,G1SDY5,G1TZS4,G1TAE2
9088 A0A287AB06,A0A286ZQA1,A0A287A2J9,P79307,A0A286ZV23,F2Z558,I3LMS7,D3K5N7 G1SXR5,G1SIC9,G1SZR6,G1SZM2,G1SZE4,G1SDY5,G1TZS4,G1TAE2
9088 A0A287AB06,A0A286ZQA1,A0A287A2J9,P79307,A0A286ZV23,F2Z558,I3LMS7,D3K5N7 G1SXR5,G1SMY6,G1SZR6,G1SZM2,G1SZE4,G1SDY5,G1TZS4,G1TAE2
9088 A0A287AB06,A0A286ZQA1,A0A287A2J9,P79307,A0A286ZV23,F2Z558,I3LMS7,D3K5N7 G1T5Y0,G1SIC9,G1SZR6,G1SZM2,G1SZE4,G1SDY5,G1TZS4,G1TAE2
9088 A0A287AB06,A0A286ZQA1,A0A287A2J9,P79307,A0A286ZV23,F2Z558,I3LMS7,D3K5N7 G1T5Y0,G1SMY6,G1SZR6,G1SZM2,G1SZE4,G1SDY5,G1TZS4,G1TAE2
9088 A0A287AB06,A0A287BHC9,A0A287A2J9,P79307,A0A286ZV23,F2Z558,I3LMS7,D3K5N7 G1SXR5,G1SIC9,G1SZR6,G1SZM2,G1SZE4,G1SDY5,G1TZS4,G1TAE2
9088 A0A287AB06,A0A287BHC9,A0A287A2J9,P79307,A0A286ZV23,F2Z558,I3LMS7,D3K5N7 G1SXR5,G1SMY6,G1SZR6,G1SZM2,G1SZE4,G1SDY5,G1TZS4,G1TAE2
9088 A0A287AB06,A0A287BHC9,A0A287A2J9,P79307,A0A286ZV23,F2Z558,I3LMS7,D3K5N7 G1T5Y0,G1SIC9,G1SZR6,G1SZM2,G1SZE4,G1SDY5,G1TZS4,G1TAE2
9088 A0A287AB06,A0A287BHC9,A0A287A2J9,P79307,A0A286ZV23,F2Z558,I3LMS7,D3K5N7 G1T5Y0,G1SMY6,G1SZR6,G1SZM2,G1SZE4,G1SDY5,G1TZS4,G1TAE2
9088 F1RVD7,A0A286ZQA1,A0A287A2J9,P79307,A0A286ZV23,F2Z558,F2Z540,D3K5N7 U3KPC9,G1SIC9,G1SZR6,G1SZM2,G1SZE4,G1SDY5,G1T1D9,G1TAE2
9088 F1RLE6,A0A286ZQA1,A0A287A2J9,P79307,A0A286ZV23,F2Z558,F2Z540,D3K5N7 G1T757,G1SIC9,G1SZR6,G1SZM2,G1SZE4,G1SDY5,G1T1D9,G1TAE2
9088 A0A287A5L5,A0A286ZQA1,A0A287A2J9,P79307,A0A286ZV23,F2Z558,F2Z540,D3K5N7 U3KPC9,G1SIC9,G1SZR6,G1SZM2,G1SZE4,G1SDY5,G1T1D9,G1TAE2
9000 F1SL61,A0A287A2J9,A0A287BHC9,A0A286ZV23,P79307,F2Z558,A0A287A5F6,D3K5N7 G1SLT0,G1SZR6,G1SIC9,G1SZE4,G1SZM2,G1SDY5,U3KNH2,G1TAE2
9000 F1SL61,A0A287A2J9,A0A287BHC9,A0A286ZV23,P79307,F2Z558,A0A287A5F6,D3K5N7 G1T4W8,G1SZR6,G1SMY6,G1SZE4,G1SZM2,G1SDY5,U3KN87,G1TAE2
9000 F1RXF7,A0A287A2J9,A0A287BHC9,A0A286ZV23,P79307,F2Z558,I3LTD6,D3K5N7 G1SCU8,G1SZR6,G1SMY6,G1SZE4,G1SZM2,G1SDY5,G1TBF1,G1TAE2
9000 F1ST82,A0A287A2J9,A0A287BHC9,A0A286ZV23,P79307,F2Z558,A0A287A5F6,D3K5N7 G1SLT0,G1SZR6,G1SIC9,G1SZE4,G1SZM2,G1SDY5,U3KNH2,G1TAE2
9000 A0A287AJU8,A0A287A2J9,A0A287BHC9,A0A286ZV23,P79307,F2Z558,I3LTD6,D3K5N7 G1SIC8,G1SZR6,G1SMY6,G1SZE4,G1SZM2,G1SDY5,G1TBF1,G1TAE2
9109 F1SSX7,A0A286ZV23,A0A287B4M4,D3K5N7,F1RHK6,A0A287BHC9,A0A287A2J9,F1REZ6 G1SHX4,G1SZE4,G1TIX5,G1TAE2,G1SZT9,G1SMY6,G1SZR6,G1T481
9109 F1SSX7,A0A286ZV23,A0A287B4M4,D3K5N7,F1RHK6,A0A287BHC9,A0A287A2J9,F1REZ6 E2J6N2,G1SZE4,G1TIX5,G1TAE2,G1SZT9,G1SMY6,G1SZR6,G1T481
9109 F1SGI2,A0A286ZV23,A0A287B4M4,D3K5N7,F1RHK6,A0A287BHC9,A0A287A2J9,F1REZ6 G1SHX4,G1SZE4,G1TIX5,G1TAE2,G1SZT9,G1SMY6,G1SZR6,G1T481
9109 F1SGI2,A0A286ZV23,A0A287B4M4,D3K5N7,F1RHK6,A0A287BHC9,A0A287A2J9,F1REZ6 E2J6N2,G1SZE4,G1TIX5,G1TAE2,G1SZT9,G1SMY6,G1SZR6,G1T481
9083 I3LE14,A0A286ZQA1,P79307,A0A287A2J9,A0A287B4M4,F2Z558,A0A287BKR2,D3K5N7 G1SI26,G1TIX5,G1SZM2,G1TVU3,G1SMY6,G1SDY5,G1TRW0,G1TAE2
9083 I3LE14,A0A287BHC9,P79307,A0A287A2J9,A0A287B4M4,F2Z558,A0A287BKR2,D3K5N7 G1SI26,G1TIX5,G1SZM2,G1TVU3,G1SMY6,G1SDY5,G1TRW0,G1TAE2
9083 A0A287BQA2,A0A287B4M4,A0A286ZV23,F1RHK6,D3K5N7,A0A287BHC9,A0A286ZTD8,A0A287A2J9 G1TE36,G1TIX5,G1SZE4,G1SZT9,G1TAE2,G1SMY6,G1SIG2,G1SZR6
3913 A0A286ZV23,F1RJG8,A0A287A2J9,K7GR70,D3K5N7,A0A287B4M4,A0A286ZVL0,A0A287BHC9 G1SZE4,G1U4S3,G1SZR6,G1T143,G1TAE2,G1TIX5,G1T7H0,G1SMY6
6757 P79307,F1SEJ3,A0A287B4M4,A0A286ZQA1,D3K5N7,A0A287BB06,F2Z558,A7XUJ6 G1SZM2,G1TP72,G1SMY6,G1SIC9,G1TAE2,G1SE15,G1SZE4,U3KNH2
6757 P79307,F1SEJ3,A0A287B4M4,A0A286ZQA1,D3K5N7,A0A287BB06,F2Z558,A7XUJ6 G1SZM2,G1TP72,G1SMY6,G1SIC9,G1TAE2,G1SE15,G1SDY5,U3KNH2
4143 A0A287B4M4,P79307,F1SEJ3,F1RHK6,A0A287B6J8,A0A286ZV23,A7XUJ6,A0A287BHC9 G1TIX5,G1SZM2,G1TP72,G1SZT9,G1U9B2,G1SZE4,U3KNH2,G1SMY6
9519 K7GR70,A0A286ZV23,I3LNX4,A0A287A2J9,F1RHK6,A0A287B4M4,I3LSD5,A0A287BHC9 G1T143,G1SZE4,G1SXC8,G1SZR6,G1SZT9,G1TIX5,G1THG0,G1SMY6
9519 K7GR70,A0A286ZV23,I3LNX4,A0A287A2J9,F1RHK6,A0A287B4M4,E7CXS0,A0A287BHC9 G1T143,G1SZE4,G1SXC8,G1SZR6,G1SZT9,G1TIX5,G1TGB4,G1SMY6
9519 K7GR70,A0A286ZV23,I3LNX4,A0A287A2J9,F1RHK6,A0A287B4M4,A0A287A6E8,A0A287BHC9 G1T143,G1SZE4,G1SXC8,G1SZR6,G1SZT9,G1TIX5,G1TGB4,G1SMY6
7410 I3LNC2,D3K5N7,A0A286ZV23,P79307,F2Z558,A0A287A2J9,F2Z540,A0A286ZQA1 U3KMD4,G1TAE2,G1SZE4,G1SZM2,G1SDY5,G1SZR6,G1T1D9,G1SIC9
7410 F1RRA6,D3K5N7,A0A286ZV23,P79307,F2Z558,A0A287A2J9,I3LMS7,A0A286ZQA1 G1T9T8,G1TAE2,G1SZE4,G1SZM2,G1SDY5,G1SZR6,G1TZS4,G1SIC9
8804 M9MMN1,P79307,D3K5N7,A0A287BHC9,F2Z558,A0A287A2J9,A0A286ZV23,F2Z5I5 G1T1L1,G1SZM2,G1TAE2,G1SMY6,G1SDY5,G1SZR6,G1SZE4,G1U419
8996 I3L5H9,A0A287A2J9,A0A286ZV23,A0A287BHC9,D3K5N7,F1RHK6,A0A287ACE1,A0A287B4M4 G1U8C1,G1SZR6,G1SZE4,G1SMY6,G1TAE2,G1SZT9,G1TDK5,G1TIX5
8996 I3L5H9,A0A287A2J9,A0A286ZV23,A0A286ZQA1,D3K5N7,F1RHK6,A0A287ACE1,A0A287B4M4 G1U8C1,G1SZR6,G1SZE4,G1SMY6,G1TAE2,G1SZT9,G1TDK5,G1TIX5
6820 A0A287A2J9,A0A287AWP7,A0A286ZV23,A0A287BHC9,A0A286ZQA1,F1SR02,F2Z558,D3K5N7 G1TVU3,U3KNV2,G1SZE4,G1SZT9,G1SIC9,G1SVW7,G1SDY5,G1TAE2
6820 D3K5N7,A0A287A4L2,A0A286ZV23,F2Z558,O02705,F1SRR6,A0A286ZQA1,K7GR70 G1TAE2,G1SVB7,G1SZE4,G1SDY5,A0A0G2JH20,G1SN63,G1SIC9,G1T143
8773 I3L7K2,A0A286ZV23,A0A287B4M4,A0A287A2J9,F1RHK6,A0A287BHC9,P79307,F1RWJ5 G1SSM2,G1SZE4,G1TIX5,G1SZR6,G1SZT9,G1SMY6,G1SZM2,P68105
8773 I3L7K2,A0A286ZV23,A0A287B4M4,A0A287A2J9,F1RHK6,A0A287BHC9,P79307,F1RWJ5 G1TWB1,G1SZE4,G1TIX5,G1SZR6,G1SZT9,G1SMY6,G1SZM2,G1T9F3
8773 F1S5K5,A0A286ZV23,A0A287B4M4,A0A287A2J9,F1RHK6,A0A287BHC9,P79307,F1RWJ5 G1TWB1,G1SZE4,G1TIX5,G1SZR6,G1SZT9,G1SMY6,G1SZM2,G1T9F3
1666 A0A286ZV23,A0A286ZQM7,A0A287B4M4,I3LBE3,F2Z4Y1,D3K5N7,A0A287BL28,A0A287A2R9 G1SZE4,G1T4C3,G1TIX5,G1SZD5,B7NZM8,G1TAE2,U3KN12,G1TF91
7232 A0A286ZV23,I3LN88,A0A287B4M4,A0A287A2J9,D3K5N7,F2Z540,A0A287BHC9,P79307 G1SZE4,G1SEV9,G1TIX5,G1SZR6,G1TAE2,G1T1D9,G1SMY6,G1SZM2
7232 A0A286ZV23,I3LN88,A0A287B4M4,A0A287A2J9,D3K5N7,F2Z540,A0A287BHC9,P79307 G1SZE4,G1T165,G1TIX5,G1SZR6,G1TAE2,G1T1D9,G1SMY6,G1SZM2
7232 A0A286ZV23,F1SEX6,A0A287B4M4,A0A287A2J9,D3K5N7,F2Z540,A0A287BHC9,P79307 G1SZE4,G1TGC0,G1TIX5,G1SZR6,G1TAE2,G1T1D9,G1SMY6,G1SZM2
7232 A0A286ZV23,F1SEX6,A0A287B4M4,A0A287A2J9,D3K5N7,F2Z540,A0A287BHC9,P79307 G1SZE4,G1SVQ9,G1TIX5,G1SZR6,G1TAE2,G1T1D9,G1SMY6,G1SZM2
7232 A0A286ZV23,F1SEX6,A0A287B4M4,A0A287A2J9,D3K5N7,F2Z540,A0A287BHC9,P79307 G1SZE4,G1T4R0,G1TIX5,G1SZR6,G1TAE2,G1T1D9,G1SMY6,G1SZM2
7232 A0A286ZV23,A0A287B4V5,A0A287B4M4,A0A287A2J9,D3K5N7,F2Z540,A0A287BHC9,P79307 G1SZE4,G1T4R0,G1TIX5,G1SZR6,G1TAE2,G1T1D9,G1SMY6,G1SZM2
7232 A0A286ZV23,A0A287BK29,A0A287B4M4,A0A287A2J9,D3K5N7,F2Z540,A0A287BHC9,P79307 G1SZE4,G1T0X6,G1TIX5,G1SZR6,G1TAE2,G1T1D9,G1SMY6,G1SZM2
7232 A0A286ZV23,F1S5N5,A0A287B4M4,A0A287A2J9,D3K5N7,F2Z540,A0A287BHC9,P79307 G1SZE4,G1TGC0,G1TIX5,G1SZR6,G1TAE2,G1T1D9,G1SMY6,G1SZM2
7232 A0A286ZV23,F1S5N5,A0A287B4M4,A0A287A2J9,D3K5N7,F2Z540,A0A287BHC9,P79307 G1SZE4,G1SVQ9,G1TIX5,G1SZR6,G1TAE2,G1T1D9,G1SMY6,G1SZM2
7232 A0A286ZV23,F1S5N5,A0A287B4M4,A0A287A2J9,D3K5N7,F2Z540,A0A287BHC9,P79307 G1SZE4,G1T4R0,G1TIX5,G1SZR6,G1TAE2,G1T1D9,G1SMY6,G1SZM2
599 P79307,A0A287B4M4,F1RHK6,A0A287BL78,F1RWM5,F1SAK9,A0A287BHC9,A0A286ZV23 G1SZM2,G1TIX5,G1SZT9,G1TAA3,G1SZL0,G1TAB1,G1SMY6,G1SZE4
8639 F2Z566,A0A286ZV23,D3K5N7,A0A287A2J9,F2Z558,A0A286ZQA1,I3L897,P79307 G1SUD3,G1SZE4,G1TAE2,G1SZR6,G1SDY5,G1SIC9,G1SXS3,G1SZM2
8639 F1STU0,A0A286ZV23,D3K5N7,A0A287A2J9,F2Z558,A0A286ZQA1,I3L897,P79307 G1SUD3,G1SZE4,G1TAE2,G1SZR6,G1SDY5,G1SIC9,G1SXS3,G1SZM2
6821 D3K5N7,A0A287A4L2,A0A286ZV23,F2Z558,O02705,F1SRR6,A0A287BHC9,K7GR70 G1TAE2,G1SVB7,G1SZE4,G1SDY5,A0A0G2JH20,G1SN63,G1SMY6,G1T143
8454 F1RGX9,D3K5N7,A0A286ZV23,P79307,A0A287A2J9,A0A286ZQA1,A0A287BIK4,F2Z558 G1SXF3,G1TAE2,G1SZE4,G1SZM2,G1SZR6,G1SIC9,G1TEY7,G1SDY5
6880 A0A287B4M4,F1RHK6,A0A287ABY4,B8Y650,P79307,A0A286ZV23,A0A287BHC9,A0A287A2J9 G1TIX5,G1SZT9,G1SVF4,G1T4I7,G1SZM2,G1SZE4,G1SMY6,G1SZR6
3805 A0A286ZV23,F1SUV0,K7GR70,A0A287A2J9,A0A287B4M4,D3K5N7,D7RA28,A0A287BHC9 G1SZE4,U3KMN9,G1T143,G1SZR6,G1TIX5,G1TAE2,Q8MK68,G1SMY6
1309 A0A287B4M4,A7BJW1,P34999,A0A286ZV23,F1RHK6,I3LHJ5,F1RYE9,A0A286ZQA1 G1TVU3,G1TAV7,G1TA77,G1SIC9,G1SZT9,A5A4K8,G1SGZ9,G1SMY6
1309 A0A287B4M4,A7BJW1,I4IYB5,A0A286ZV23,F1RHK6,F1SUF1,F1RYE9,A0A286ZQA1 G1TVU3,G1TAV7,Q6ECK6,G1SIC9,G1SZT9,G1SXH5,G1SGZ9,G1SMY6
1309 A0A287B4M4,A7BJW1,I4IYB5,A0A286ZV23,F1RHK6,F1SUF1,F1RYE9,A0A286ZQA1 G1TVU3,G1TAV7,Q6ECK6,G1SIC9,G1SZT9,P79218,G1SGZ9,G1SMY6
1309 A0A286ZV23,K7GND2,F1SRJ6,K7GR70,D3K5N7,F1SRB6,A0A287AHF0,A0A287BHC9 G1SZE4,G1SZ36,G1SIW6,G1T143,G1TAE2,G1U8V0,G1T2V7,G1SMY6
1309 A0A287B4M4,A7BJW1,A0A140TAJ7,A0A286ZV23,F1RHK6,I3LHJ5,F1RYE9,A0A286ZQA1 G1TVU3,G1TAV7,G1SPP9,G1SIC9,G1SZT9,A5A4K8,G1SGZ9,G1SMY6
8961 F1SFR7,D3K5N7,A0A286ZV23,F2Z558,K7GR70,A0A287BHC9,A0A287A233,A0A287A2J9 G1U907,G1TAE2,G1SZE4,G1SDY5,G1T143,G1SMY6,G1TPA9,G1SZR6
9047 F1S3R9,A0A286ZV23,A0A287B4M4,D3K5N7,F1RHK6,A0A287BHC9,A7LKB1,A0A287A2J9 G1TRQ7,G1SZE4,G1TIX5,G1TAE2,G1SZT9,G1SMY6,G1U0D5,G1SZR6
9047 F1S3R9,A0A286ZV23,A0A287B4M4,D3K5N7,F1RHK6,A0A286ZQA1,A7LKB1,A0A287A2J9 G1TRQ7,G1SZE4,G1TIX5,G1TAE2,G1SZT9,G1SMY6,G1U0D5,G1SZR6
5039 A0A287A2J9,A0A287BNT0,A0A286ZV23,K7GR70,A0A287BHC9,A0A286ZVH7,F2Z558,D3K5N7 G1SZR6,G1TE94,G1SZE4,G1T143,G1SMY6,G1SYP2,G1SDY5,G1TAE2
4459 A0A287A2J9,A0A286ZV23,D9U8D1,K7GR70,A0A287B4D6,A0A287BHC9,A0A287B4M4,F1RHK6 G1SZR6,G1SZE4,P63169,G1T143,G1TFN4,G1SMY6,G1TIX5,G1SZT9
1633 A0A287B4M4,F1SHD4,F1RHK6,F1RFL8,F1RF93,A0A286ZV23,F1RG69,D3K5N7 G1TVU3,G1U6P9,G1SZT9,G1SJT1,G1TIW9,G1SZE4,G1SG61,G1TAE2
1633 A0A287B4M4,F1SHD4,F1RHK6,F1RFL8,F1RF93,A0A286ZV23,F1RG69,D3K5N7 G1TVU3,G1T2X4,G1SZT9,G1SJT1,G1TIW9,G1SZE4,G1SG61,G1TAE2
1633 A0A287B4M4,F1SNC8,F1RHK6,F1RFL8,F1RF93,A0A286ZV23,F1S8W2,D3K5N7 G1TVU3,G1U0W0,G1SZT9,G1SJT1,G1TIW9,G1SZE4,G1T1R8,G1TAE2
1633 A0A287B4M4,A0A286ZQA8,F1RHK6,F1RFL8,F1RF93,A0A286ZV23,I3LF69,D3K5N7 G1TVU3,G1SXD4,G1SZT9,G1SJT1,G1TIW9,G1SZE4,G1SUI1,G1TAE2
1633 K7GR70,F1RRS6,A0A286ZQA1,A0A287B5M8,I3LTU2,A0A286ZV23,F8R6K7,D3K5N7 G1T143,U3KMX0,G1SZT9,G1TIU4,G1TUQ4,G1SZE4,G1TCW3,G1TAE2
1633 K7GR70,F1RRS6,A0A286ZQA1,A0A287B5M8,I3LTU2,A0A286ZV23,F8R6K7,D3K5N7 G1TVU3,U3KMX0,G1SZT9,G1TIU4,G1TUQ4,G1SZE4,G1TCW3,G1TAE2
1633 A0A287B4M4,B1PHQ8,F1RHK6,F1RFL8,F1RF93,A0A286ZV23,F1RG69,D3K5N7 G1TVU3,G1U6P9,G1SZT9,G1SJT1,G1TIW9,G1SZE4,G1SG61,G1TAE2
1633 A0A287B4M4,B1PHQ8,F1RHK6,F1RFL8,F1RF93,A0A286ZV23,F1RG69,D3K5N7 G1TVU3,G1T2X4,G1SZT9,G1SJT1,G1TIW9,G1SZE4,G1SG61,G1TAE2
6737 D3K5N7,A0A287AZ31,A0A286ZV23,F2Z558,P79307,A0A287BIK4,A0A287A2J9,A0A286ZQA1 G1TAE2,G1TCZ9,G1SZE4,G1SDY5,G1SZM2,G1TEY7,G1SZR6,G1SIC9
2805 P79307,A0A287B4M4,F1RHK6,F1S1M5,F1RP15,A0A287BHC9,A0A286ZV23,F1RNA6 G1SZM2,G1TIX5,G1SZT9,A6N4D0,G1T4A9,G1SMY6,G1SZE4,G1SP89
785 A0A287B4M4,I3L8A2,F1RHK6,P79307,F1RWM5,A0A286ZV23,A0A286ZSJ2,A0A287BHC9 G1TIX5,G1T632,G1SZT9,G1SZM2,G1SZL0,G1SZE4,G1U8A0,G1SMY6
785 A0A287B4M4,A0A287AMD7,F1RHK6,P79307,F1RWM5,A0A286ZV23,A0A286ZSJ2,A0A287BHC9 G1TIX5,G1T632,G1SZT9,G1SZM2,G1SZL0,G1SZE4,G1U8A0,G1SMY6
2304 F1SUZ6,F1RFL8,A0A287BHC9,P79307,B6E241,A0A286ZV23,D3K5N7,A0A286ZN56 G1TGD9,G1SJT1,G1TVU3,G1SZE4,G1SR27,G1SZM2,G1TAE2,G1SVQ8
2304 F1SUZ6,F1RFL8,A0A287BHC9,P79307,B6E241,A0A286ZV23,D3K5N7,A0A286ZN56 G1TGD9,G1SJT1,G1SMY6,G1SZM2,G1SR27,G1SZE4,G1TAE2,G1SVQ8
2304 F1SUZ6,F1RFL8,A0A287BHC9,P79307,B6E241,A0A286ZV23,D3K5N7,A0A286ZN56 G1TGD9,G1SJT1,G1SMY6,G1SZM2,G1SR27,G1SDY5,G1TAE2,G1SVQ8
