7934 G1SZR6,G1T143,G1SIC9,G1SZE4,G1TVU3,G1SMY6,G1T9A1,G1TAE2 A0A0G2JSP3,P10361,A0A0G2K5U0,G3V6K6,P17325,Q80U96,P60522,B5DF91
11856 G1T143,G1T9W3,G1SIC9,G1SZE4,G1SMY6,G1TIX5,G1TAE2,G1SF46 P62994,F7ENH8,Q80U96,G3V8S5,A0A0G2K5U0,P35739,B5DF91,P10361
8199 G1TIX5,G1TBZ4,G1SZE4,G1SZT9,G1TVU3,G1TAE2,G1SIC9,G1SFY9 B5DF02,Q9R010,G3V6K6,P35739,P10361,B5DF91,A0A0G2K5U0,D3ZTN0
8697 G1TVU3,G1SZE4,G1SZR6,G1TIX5,G1SIC9,G1SZT9,G1TAE2,G1TP30 P10361,G3V6K6,A0A0G2JSP3,B5DF02,A0A0G2K5U0,P35739,B5DF91,A0A140TAD2
8697 G1TVU3,G1SZE4,G1SZR6,G1TIX5,G1SIC9,G1SZT9,G1TAE2,G1TP30 P10361,G3V6K6,A0A0G2JSP3,B5DF02,A0A0G2K5U0,P35739,B5DF91,F1LR10
8697 G1TVU3,G1SZE4,G1SZR6,G1TIX5,G1SIC9,G1SZT9,G1TAE2,G1TP30 P10361,G3V6K6,A0A0G2JSP3,B5DF02,A0A0G2K5U0,P35739,B5DF91,P09495
8697 G1TVU3,G1SZE4,G1SZR6,G1TIX5,G1SIC9,G1SZT9,G1TAE2,G1TP30 P10361,G3V6K6,A0A0G2JSP3,B5DF02,A0A0G2K5U0,P35739,B5DF91,Q6AZ64
8697 G1TVU3,G1SZE4,G1SZR6,G1TIX5,G1SIC9,G1SZT9,G1TAE2,G1TP30 P10361,G3V6K6,A0A0G2JSP3,B5DF02,A0A0G2K5U0,P35739,B5DF91,P43138
8697 G1TVU3,G1SZE4,G1SZR6,G1TIX5,G1SIC9,G1SZT9,G1TAE2,G1TP30 P10361,G3V6K6,A0A0G2JSP3,B5DF02,A0A0G2K5U0,P35739,B5DF91,D3ZNU1
8697 G1TVU3,G1SZE4,G1SZR6,G1TIX5,G1SIC9,G1SZT9,G1TAE2,G1SN16 P10361,G3V6K6,A0A0G2JSP3,B5DF02,A0A0G2K5U0,P35739,B5DF91,A0A140TAD2
8697 G1TVU3,G1SZE4,G1SZR6,G1TIX5,G1SIC9,G1SZT9,G1TAE2,G1SN16 P10361,G3V6K6,A0A0G2JSP3,B5DF02,A0A0G2K5U0,P35739,B5DF91,F1LR10
8697 G1TVU3,G1SZE4,G1SZR6,G1TIX5,G1SIC9,G1SZT9,G1TAE2,G1SN16 P10361,G3V6K6,A0A0G2JSP3,B5DF02,A0A0G2K5U0,P35739,B5DF91,P09495
8697 G1TVU3,G1SZE4,G1SZR6,G1TIX5,G1SIC9,G1SZT9,G1TAE2,G1SN16 P10361,G3V6K6,A0A0G2JSP3,B5DF02,A0A0G2K5U0,P35739,B5DF91,Q6AZ64
8697 G1TVU3,G1SZE4,G1SZR6,G1TIX5,G1SIC9,G1SZT9,G1TAE2,G1SN16 P10361,G3V6K6,A0A0G2JSP3,B5DF02,A0A0G2K5U0,P35739,B5DF91,P43138
8697 G1TVU3,G1SZE4,G1SZR6,G1TIX5,G1SIC9,G1SZT9,G1TAE2,G1SN16 P10361,G3V6K6,A0A0G2JSP3,B5DF02,A0A0G2K5U0,P35739,B5DF91,D3ZNU1
8697 G1TVU3,G1SZE4,G1SZR6,G1TIX5,G1SIC9,G1SZT9,G1TAE2,G1SS22 P10361,G3V6K6,A0A0G2JSP3,B5DF02,A0A0G2K5U0,P35739,B5DF91,A0A140TAD2
8697 G1TVU3,G1SZE4,G1SZR6,G1TIX5,G1SIC9,G1SZT9,G1TAE2,G1SS22 P10361,G3V6K6,A0A0G2JSP3,B5DF02,A0A0G2K5U0,P35739,B5DF91,F1LR10
8697 G1TVU3,G1SZE4,G1SZR6,G1TIX5,G1SIC9,G1SZT9,G1TAE2,G1SS22 P10361,G3V6K6,A0A0G2JSP3,B5DF02,A0A0G2K5U0,P35739,B5DF91,Q6AZ64
8697 G1TVU3,G1SZE4,G1SZR6,G1TIX5,G1SIC9,G1SZT9,G1TAE2,G1SS22 P10361,G3V6K6,A0A0G2JSP3,B5DF02,A0A0G2K5U0,P35739,B5DF91,P43138
8697 G1TVU3,G1SZE4,G1SZR6,G1TIX5,G1SIC9,G1SZT9,G1TAE2,G1SS22 P10361,G3V6K6,A0A0G2JSP3,B5DF02,A0A0G2K5U0,P35739,B5DF91,D3ZNU1
8697 G1TVU3,G1SZE4,G1SZR6,G1TIX5,G1SIC9,G1SZT9,G1TAE2,G1T2F2 P10361,G3V6K6,A0A0G2JSP3,B5DF02,A0A0G2K5U0,P35739,B5DF91,A0A140TAD2
8697 G1TVU3,G1SZE4,G1SZR6,G1TIX5,G1SIC9,G1SZT9,G1TAE2,G1T2F2 P10361,G3V6K6,A0A0G2JSP3,B5DF02,A0A0G2K5U0,P35739,B5DF91,F1LR10
8697 G1TVU3,G1SZE4,G1SZR6,G1TIX5,G1SIC9,G1SZT9,G1TAE2,G1T2F2 P10361,G3V6K6,A0A0G2JSP3,B5DF02,A0A0G2K5U0,P35739,B5DF91,P09495
8697 G1TVU3,G1SZE4,G1SZR6,G1TIX5,G1SIC9,G1SZT9,G1TAE2,G1T2F2 P10361,G3V6K6,A0A0G2JSP3,B5DF02,A0A0G2K5U0,P35739,B5DF91,Q6AZ64
8697 G1TVU3,G1SZE4,G1SZR6,G1TIX5,G1SIC9,G1SZT9,G1TAE2,G1T2F2 P10361,G3V6K6,A0A0G2JSP3,B5DF02,A0A0G2K5U0,P35739,B5DF91,P43138
8697 G1TVU3,G1SZE4,G1SZR6,G1TIX5,G1SIC9,G1SZT9,G1TAE2,G1T2F2 P10361,G3V6K6,A0A0G2JSP3,B5DF02,A0A0G2K5U0,P35739,B5DF91,D3ZNU1
8697 G1TVU3,G1SZE4,G1SZR6,G1TIX5,G1SIC9,G1SZT9,G1TAE2,U3KLT5 P10361,G3V6K6,A0A0G2JSP3,B5DF02,A0A0G2K5U0,P35739,B5DF91,A0A140TAD2
8697 G1TVU3,G1SZE4,G1SZR6,G1TIX5,G1SIC9,G1SZT9,G1TAE2,U3KLT5 P10361,G3V6K6,A0A0G2JSP3,B5DF02,A0A0G2K5U0,P35739,B5DF91,F1LR10
8697 G1TVU3,G1SZE4,G1SZR6,G1TIX5,G1SIC9,G1SZT9,G1TAE2,U3KLT5 P10361,G3V6K6,A0A0G2JSP3,B5DF02,A0A0G2K5U0,P35739,B5DF91,P09495
8697 G1TVU3,G1SZE4,G1SZR6,G1TIX5,G1SIC9,G1SZT9,G1TAE2,U3KLT5 P10361,G3V6K6,A0A0G2JSP3,B5DF02,A0A0G2K5U0,P35739,B5DF91,Q6AZ64
8697 G1TVU3,G1SZE4,G1SZR6,G1TIX5,G1SIC9,G1SZT9,G1TAE2,U3KLT5 P10361,G3V6K6,A0A0G2JSP3,B5DF02,A0A0G2K5U0,P35739,B5DF91,P43138
8697 G1TVU3,G1SZE4,G1SZR6,G1TIX5,G1SIC9,G1SZT9,G1TAE2,U3KLT5 P10361,G3V6K6,A0A0G2JSP3,B5DF02,A0A0G2K5U0,P35739,B5DF91,D3ZNU1
8697 G1TVU3,G1SZE4,G1SZR6,G1TIX5,G1SIC9,G1SZT9,G1TAE2,G1U8F0 P10361,G3V6K6,A0A0G2JSP3,B5DF02,A0A0G2K5U0,P35739,B5DF91,A0A140TAD2
8697 G1TVU3,G1SZE4,G1SZR6,G1TIX5,G1SIC9,G1SZT9,G1TAE2,G1U8F0 P10361,G3V6K6,A0A0G2JSP3,B5DF02,A0A0G2K5U0,P35739,B5DF91,F1LR10
8697 G1TVU3,G1SZE4,G1SZR6,G1TIX5,G1SIC9,G1SZT9,G1TAE2,G1U8F0 P10361,G3V6K6,A0A0G2JSP3,B5DF02,A0A0G2K5U0,P35739,B5DF91,P09495
8697 G1TVU3,G1SZE4,G1SZR6,G1TIX5,G1SIC9,G1SZT9,G1TAE2,G1U8F0 P10361,G3V6K6,A0A0G2JSP3,B5DF02,A0A0G2K5U0,P35739,B5DF91,Q6AZ64
8697 G1TVU3,G1SZE4,G1SZR6,G1TIX5,G1SIC9,G1SZT9,G1TAE2,G1U8F0 P10361,G3V6K6,A0A0G2JSP3,B5DF02,A0A0G2K5U0,P35739,B5DF91,P43138
8697 G1TVU3,G1SZE4,G1SZR6,G1TIX5,G1SIC9,G1SZT9,G1TAE2,G1U8F0 P10361,G3V6K6,A0A0G2JSP3,B5DF02,A0A0G2K5U0,P35739,B5DF91,D3ZNU1
8697 G1TVU3,G1SZE4,G1SZR6,G1TIX5,G1SIC9,G1SZT9,G1TAE2,G1SF00 P10361,G3V6K6,A0A0G2JSP3,B5DF02,A0A0G2K5U0,P35739,B5DF91,A0A140TAD2
8697 G1TVU3,G1SZE4,G1SZR6,G1TIX5,G1SIC9,G1SZT9,G1TAE2,G1SF00 P10361,G3V6K6,A0A0G2JSP3,B5DF02,A0A0G2K5U0,P35739,B5DF91,F1LR10
8697 G1TVU3,G1SZE4,G1SZR6,G1TIX5,G1SIC9,G1SZT9,G1TAE2,G1SF00 P10361,G3V6K6,A0A0G2JSP3,B5DF02,A0A0G2K5U0,P35739,B5DF91,P09495
8697 G1TVU3,G1SZE4,G1SZR6,G1TIX5,G1SIC9,G1SZT9,G1TAE2,G1SF00 P10361,G3V6K6,A0A0G2JSP3,B5DF02,A0A0G2K5U0,P35739,B5DF91,Q6AZ64
8697 G1TVU3,G1SZE4,G1SZR6,G1TIX5,G1SIC9,G1SZT9,G1TAE2,G1SF00 P10361,G3V6K6,A0A0G2JSP3,B5DF02,A0A0G2K5U0,P35739,B5DF91,P43138
8697 G1TVU3,G1SZE4,G1SZR6,G1TIX5,G1SIC9,G1SZT9,G1TAE2,G1SF00 P10361,G3V6K6,A0A0G2JSP3,B5DF02,A0A0G2K5U0,P35739,B5DF91,D3ZNU1
8697 G1TVU3,G1SZE4,G1SZR6,G1TIX5,G1SIC9,G1SZT9,G1TAE2,G1SV90 P10361,G3V6K6,A0A0G2JSP3,B5DF02,A0A0G2K5U0,P35739,B5DF91,A0A140TAD2
8697 G1TVU3,G1SZE4,G1SZR6,G1TIX5,G1SIC9,G1SZT9,G1TAE2,G1SV90 P10361,G3V6K6,A0A0G2JSP3,B5DF02,A0A0G2K5U0,P35739,B5DF91,F1LR10
8697 G1TVU3,G1SZE4,G1SZR6,G1TIX5,G1SIC9,G1SZT9,G1TAE2,G1SV90 P10361,G3V6K6,A0A0G2JSP3,B5DF02,A0A0G2K5U0,P35739,B5DF91,P09495
8697 G1TVU3,G1SZE4,G1SZR6,G1TIX5,G1SIC9,G1SZT9,G1TAE2,G1SV90 P10361,G3V6K6,A0A0G2JSP3,B5DF02,A0A0G2K5U0,P35739,B5DF91,Q6AZ64
8697 G1TVU3,G1SZE4,G1SZR6,G1TIX5,G1SIC9,G1SZT9,G1TAE2,G1SV90 P10361,G3V6K6,A0A0G2JSP3,B5DF02,A0A0G2K5U0,P35739,B5DF91,P43138
8697 G1TVU3,G1SZE4,G1SZR6,G1TIX5,G1SIC9,G1SZT9,G1TAE2,G1SV90 P10361,G3V6K6,A0A0G2JSP3,B5DF02,A0A0G2K5U0,P35739,B5DF91,D3ZNU1
8697 G1TVU3,G1SZE4,G1SZR6,G1TIX5,G1SIC9,G1SZT9,G1TAE2,G1STX3 P10361,G3V6K6,A0A0G2JSP3,B5DF02,A0A0G2K5U0,P35739,B5DF91,F1LR10
8697 G1TVU3,G1SZE4,G1SZR6,G1TIX5,G1SIC9,G1SZT9,G1TAE2,G1STX3 P10361,G3V6K6,A0A0G2JSP3,B5DF02,A0A0G2K5U0,P35739,B5DF91,P09495
8697 G1TVU3,G1SZE4,G1SZR6,G1TIX5,G1SIC9,G1SZT9,G1TAE2,G1STX3 P10361,G3V6K6,A0A0G2JSP3,B5DF02,A0A0G2K5U0,P35739,B5DF91,P43138
8697 G1TVU3,G1SZE4,G1SZR6,G1TIX5,G1SIC9,G1SZT9,G1TAE2,G1STX3 P10361,G3V6K6,A0A0G2JSP3,B5DF02,A0A0G2K5U0,P35739,B5DF91,D3ZNU1
8697 G1TVU3,G1SZE4,G1SZR6,G1TIX5,G1SIC9,G1SZT9,G1TAE2,G1SKS8 P10361,G3V6K6,A0A0G2JSP3,B5DF02,A0A0G2K5U0,P35739,B5DF91,A0A140TAD2
8697 G1TVU3,G1SZE4,G1SZR6,G1TIX5,G1SIC9,G1SZT9,G1TAE2,G1SKS8 P10361,G3V6K6,A0A0G2JSP3,B5DF02,A0A0G2K5U0,P35739,B5DF91,F1LR10
8697 G1TVU3,G1SZE4,G1SZR6,G1TIX5,G1SIC9,G1SZT9,G1TAE2,G1SKS8 P10361,G3V6K6,A0A0G2JSP3,B5DF02,A0A0G2K5U0,P35739,B5DF91,P09495
8697 G1TVU3,G1SZE4,G1SZR6,G1TIX5,G1SIC9,G1SZT9,G1TAE2,G1SKS8 P10361,G3V6K6,A0A0G2JSP3,B5DF02,A0A0G2K5U0,P35739,B5DF91,Q6AZ64
8697 G1TVU3,G1SZE4,G1SZR6,G1TIX5,G1SIC9,G1SZT9,G1TAE2,G1SKS8 P10361,G3V6K6,A0A0G2JSP3,B5DF02,A0A0G2K5U0,P35739,B5DF91,P43138
8697 G1TVU3,G1SZE4,G1SZR6,G1TIX5,G1SIC9,G1SZT9,G1TAE2,G1SKS8 P10361,G3V6K6,A0A0G2JSP3,B5DF02,A0A0G2K5U0,P35739,B5DF91,D3ZNU1
8697 G1TVU3,G1SZE4,G1SZR6,G1TIX5,G1SIC9,G1SZT9,G1TAE2,G1SKJ8 P10361,G3V6K6,A0A0G2JSP3,B5DF02,A0A0G2K5U0,P35739,B5DF91,A0A140TAD2
8697 G1TVU3,G1SZE4,G1SZR6,G1TIX5,G1SIC9,G1SZT9,G1TAE2,G1SKJ8 P10361,G3V6K6,A0A0G2JSP3,B5DF02,A0A0G2K5U0,P35739,B5DF91,F1LR10
8697 G1TVU3,G1SZE4,G1SZR6,G1TIX5,G1SIC9,G1SZT9,G1TAE2,G1SKJ8 P10361,G3V6K6,A0A0G2JSP3,B5DF02,A0A0G2K5U0,P35739,B5DF91,P09495
8697 G1TVU3,G1SZE4,G1SZR6,G1TIX5,G1SIC9,G1SZT9,G1TAE2,G1SKJ8 P10361,G3V6K6,A0A0G2JSP3,B5DF02,A0A0G2K5U0,P35739,B5DF91,Q6AZ64
8697 G1TVU3,G1SZE4,G1SZR6,G1TIX5,G1SIC9,G1SZT9,G1TAE2,G1SKJ8 P10361,G3V6K6,A0A0G2JSP3,B5DF02,A0A0G2K5U0,P35739,B5DF91,P43138
8697 G1TVU3,G1SZE4,G1SZR6,G1TIX5,G1SIC9,G1SZT9,G1TAE2,G1SKJ8 P10361,G3V6K6,A0A0G2JSP3,B5DF02,A0A0G2K5U0,P35739,B5DF91,D3ZNU1
8697 G1TVU3,G1SZE4,G1SZR6,G1TIX5,G1SIC9,G1SZT9,G1TAE2,G1T2N8 P10361,G3V6K6,A0A0G2JSP3,B5DF02,A0A0G2K5U0,P35739,B5DF91,P09495
8697 G1TVU3,G1SZE4,G1SZR6,G1TIX5,G1SIC9,G1SZT9,G1TAE2,G1T2N8 P10361,G3V6K6,A0A0G2JSP3,B5DF02,A0A0G2K5U0,P35739,B5DF91,P43138
8697 G1TVU3,G1SZE4,G1SZR6,G1TIX5,G1SIC9,G1SZT9,G1TAE2,G1T2N8 P10361,G3V6K6,A0A0G2JSP3,B5DF02,A0A0G2K5U0,P35739,B5DF91,D3ZNU1
8697 G1TVU3,G1SZE4,G1SZR6,G1TIX5,G1SIC9,G1SZT9,G1TAE2,G1SLS3 P10361,G3V6K6,A0A0G2JSP3,B5DF02,A0A0G2K5U0,P35739,B5DF91,P09495
8697 G1TVU3,G1SZE4,G1SZR6,G1TIX5,G1SIC9,G1SZT9,G1TAE2,G1SLS3 P10361,G3V6K6,A0A0G2JSP3,B5DF02,A0A0G2K5U0,P35739,B5DF91,D3ZNU1
10585 G1SZM2,G1SF46,G1TIX5,G1SMY6,G1TAE2,G1SZE4,G1TVU3,G1T143 P08592,P04961,B5DF02,Q80U96,G3V8S5,G3V6K6,P17325,D4A9N5
10585 G1SZM2,G1SF46,G1TIX5,G1SMY6,G1TAE2,G1SZE4,G1TVU3,G1T143 P08592,G3V8B6,B5DF02,Q80U96,G3V8S5,G3V6K6,P17325,D4A9N5
10585 G1SZM2,G1SF46,G1TIX5,G1SMY6,G1TAE2,G1SZE4,G1TVU3,G1T143 P08592,Q7TP21,B5DF02,Q80U96,G3V8S5,G3V6K6,P17325,D4A9N5
10585 G1SZM2,G1SF46,G1TIX5,G1SMY6,G1TAE2,G1SZE4,G1TVU3,G1T143 P08592,P85108,B5DF02,Q80U96,G3V8S5,G3V6K6,P17325,D4A9N5
10273 G1SZE4,G1SZR6,G1SKM1,G1T143,G1TIX5,G1SMY6,G1SZT9,G1U6H0 P10361,P08592,A0A0G2K5U0,P35739,G3V6K6,Q80U96,P17325,E9PTN4
10273 G1SZE4,G1SZR6,G1SKM1,G1T143,G1TIX5,G1SMY6,G1SZT9,G1SMJ8 P10361,P08592,A0A0G2K5U0,P35739,G3V6K6,Q80U96,P17325,E9PTN4
10622 G1SZE4,G1TVU3,G1TIX5,G1SZR6,G1TAE2,G1SZM2,G1SMY6,G1SDY5 A0A0G2JSP3,D4A9N5,A0A0G2K5U0,G3V6K6,Q80U96,P08592,B5DF91,P62994
8700 G1TVU3,G1SZE4,G1TIX5,G1SZR6,G1SZT9,G1SIC9,G1TAE2,G1STG2 P10361,G3V6K6,B5DF02,A0A0G2JSP3,P35739,A0A0G2K5U0,B5DF91,Q63610
8700 G1TVU3,G1SZE4,G1TIX5,G1SZR6,G1SZT9,G1SIC9,G1TAE2,G1STG2 P10361,G3V6K6,B5DF02,A0A0G2JSP3,P35739,A0A0G2K5U0,B5DF91,F1LRP7
8700 G1TVU3,G1SZE4,G1TIX5,G1SZR6,G1SZT9,G1SIC9,G1TAE2,G1TP25 P10361,G3V6K6,B5DF02,A0A0G2JSP3,P35739,A0A0G2K5U0,B5DF91,Q63610
8700 G1TVU3,G1SZE4,G1TIX5,G1SZR6,G1SZT9,G1SIC9,G1TAE2,G1TP25 P10361,G3V6K6,B5DF02,A0A0G2JSP3,P35739,A0A0G2K5U0,B5DF91,F1LRP7
8700 G1TVU3,G1SZE4,G1TIX5,G1SZR6,G1SZT9,G1SIC9,G1TAE2,G1T221 P10361,G3V6K6,B5DF02,A0A0G2JSP3,P35739,A0A0G2K5U0,B5DF91,Q63610
8700 G1TVU3,G1SZE4,G1TIX5,G1SZR6,G1SZT9,G1SIC9,G1TAE2,G1T221 P10361,G3V6K6,B5DF02,A0A0G2JSP3,P35739,A0A0G2K5U0,B5DF91,F1LRP7
8700 G1TVU3,G1SZE4,G1TIX5,G1SZR6,G1SZT9,G1SIC9,G1TAE2,U3KN58 P10361,G3V6K6,B5DF02,A0A0G2JSP3,P35739,A0A0G2K5U0,B5DF91,Q63610
8700 G1TVU3,G1SZE4,G1TIX5,G1SZR6,G1SZT9,G1SIC9,G1TAE2,U3KN58 P10361,G3V6K6,B5DF02,A0A0G2JSP3,P35739,A0A0G2K5U0,B5DF91,F1LRP7
8700 G1TVU3,G1SZE4,G1TIX5,G1SZR6,G1SZT9,G1SIC9,G1TAE2,G1SW77 P10361,G3V6K6,B5DF02,A0A0G2JSP3,P35739,A0A0G2K5U0,B5DF91,Q63610
8700 G1TVU3,G1SZE4,G1TIX5,G1SZR6,G1SZT9,G1SIC9,G1TAE2,G1SW77 P10361,G3V6K6,B5DF02,A0A0G2JSP3,P35739,A0A0G2K5U0,B5DF91,F1LRP7
11567 G1SZE4,G1T143,G1SZR6,G1TIX5,G1TAE2,G1SZT9,G1SZM2,G1SDY5 G3V6K6,D4A9N5,A0A0G2JSP3,B5DF02,B5DF91,P35739,P08592,P11980
11567 G1SZE4,G1T143,G1SZR6,G1TIX5,G1TAE2,G1SZT9,G1SZM2,G1SDY5 G3V6K6,D4A9N5,A0A0G2JSP3,B5DF02,B5DF91,P35739,P08592,P06761
11567 G1SZE4,G1T143,G1SZR6,G1TIX5,G1TAE2,G1SZT9,G1SZM2,G1SDY5 G3V6K6,D4A9N5,A0A0G2JSP3,B5DF02,B5DF91,P35739,P08592,Q6AYN8
11567 G1SZE4,G1T143,G1SZR6,G1TIX5,G1TAE2,G1SZT9,G1SZM2,G1SDY5 G3V6K6,D4A9N5,A0A0G2JSP3,B5DF02,B5DF91,P35739,P08592,D3ZAZ0
11567 G1SZE4,G1T143,G1SZR6,G1TIX5,G1TAE2,G1SZT9,G1SZM2,G1SDY5 G3V6K6,D4A9N5,A0A0G2JSP3,B5DF02,B5DF91,P35739,P08592,O08651
11567 G1SZE4,G1T143,G1SZR6,G1TIX5,G1TAE2,G1SZT9,G1SZM2,G1SDY5 G3V6K6,D4A9N5,A0A0G2JSP3,B5DF02,B5DF91,P35739,P08592,F1M3U4
9261 G1SZM2,G1SKM1,G1SZT9,G1TAE2,G1TIX5,G1SZE4,G1T143,G1SDY5 P08592,G3V8S5,P35739,B5DF91,B5DF02,G3V6K6,D4A9N5,A0A140TAD2
9261 G1SZM2,G1SKM1,G1SZT9,G1TAE2,G1TIX5,G1SZE4,G1T143,G1SDY5 P08592,G3V8S5,P35739,B5DF91,B5DF02,G3V6K6,D4A9N5,P11980
9261 G1SZM2,G1SKM1,G1SZT9,G1TAE2,G1TIX5,G1SZE4,G1T143,G1SDY5 P08592,G3V8S5,P35739,B5DF91,B5DF02,G3V6K6,D4A9N5,P06761
9261 G1SZM2,G1SKM1,G1SZT9,G1TAE2,G1TIX5,G1SZE4,G1T143,G1SDY5 P08592,G3V8S5,P35739,B5DF91,B5DF02,G3V6K6,D4A9N5,Q6AYN8
9261 G1SZM2,G1SKM1,G1SZT9,G1TAE2,G1TIX5,G1SZE4,G1T143,G1SDY5 P08592,G3V8S5,P35739,B5DF91,B5DF02,G3V6K6,D4A9N5,F1M3U4
10189 G1TIX5,G1TVU3,G1SZE4,G1SZT9,G1SV05,G1SIC9,G1SKM1,G1TAE2 B5DF02,P10361,G3V6K6,P35739,F1LRV4,A0A0G2K5U0,G3V8S5,B5DF91
10189 G1TIX5,G1TVU3,G1SZE4,G1SZT9,G1SV05,G1SIC9,G1SKM1,G1TAE2 B5DF02,P10361,G3V6K6,P35739,O88321,A0A0G2K5U0,G3V8S5,B5DF91
10189 G1TIX5,G1TVU3,G1SZE4,G1SZT9,G1SM52,G1SIC9,G1SKM1,G1TAE2 B5DF02,P10361,G3V6K6,P35739,F1LRV4,A0A0G2K5U0,G3V8S5,B5DF91
10189 G1TIX5,G1TVU3,G1SZE4,G1SZT9,G1SM52,G1SIC9,G1SKM1,G1TAE2 B5DF02,P10361,G3V6K6,P35739,O88321,A0A0G2K5U0,G3V8S5,B5DF91
10189 G1TIX5,G1TVU3,G1SZE4,G1SZT9,G1SSF7,G1SIC9,G1SKM1,G1TAE2 B5DF02,P10361,G3V6K6,P35739,F1LRV4,A0A0G2K5U0,G3V8S5,B5DF91
10189 G1TIX5,G1TVU3,G1SZE4,G1SZT9,G1SSF7,G1SIC9,G1SKM1,G1TAE2 B5DF02,P10361,G3V6K6,P35739,O88321,A0A0G2K5U0,G3V8S5,B5DF91
10189 G1TIX5,G1TVU3,G1SZE4,G1SZT9,G1U8Q8,G1SIC9,G1SKM1,G1TAE2 B5DF02,P10361,G3V6K6,P35739,F1LRV4,A0A0G2K5U0,G3V8S5,B5DF91
10189 G1TIX5,G1TVU3,G1SZE4,G1SZT9,G1U8Q8,G1SIC9,G1SKM1,G1TAE2 B5DF02,P10361,G3V6K6,P35739,O88321,A0A0G2K5U0,G3V8S5,B5DF91
10189 G1TIX5,G1TVU3,G1SZE4,G1SZT9,B7NZD2,G1SIC9,G1SKM1,G1TAE2 B5DF02,P10361,G3V6K6,P35739,F1LRV4,A0A0G2K5U0,G3V8S5,B5DF91
10189 G1TIX5,G1TVU3,G1SZE4,G1SZT9,B7NZD2,G1SIC9,G1SKM1,G1TAE2 B5DF02,P10361,G3V6K6,P35739,O88321,A0A0G2K5U0,G3V8S5,B5DF91
10189 G1TIX5,G1TVU3,G1SZE4,G1SZT9,P27124,G1SIC9,G1SKM1,G1TAE2 B5DF02,P10361,G3V6K6,P35739,O88321,A0A0G2K5U0,G3V8S5,B5DF91
10189 G1TIX5,G1TVU3,G1SZE4,G1SZT9,G1SVF2,G1SIC9,G1SKM1,G1TAE2 B5DF02,P10361,G3V6K6,P35739,F1LRV4,A0A0G2K5U0,G3V8S5,B5DF91
10189 G1TIX5,G1TVU3,G1SZE4,G1SZT9,G1SVF2,G1SIC9,G1SKM1,G1TAE2 B5DF02,P10361,G3V6K6,P35739,O88321,A0A0G2K5U0,G3V8S5,B5DF91
10189 G1TIX5,G1TVU3,G1SZE4,G1SZT9,G1U636,G1SIC9,G1SKM1,G1TAE2 B5DF02,P10361,G3V6K6,P35739,O88321,A0A0G2K5U0,G3V8S5,B5DF91
9675 G1SZR6,G1SZE4,G1T143,G1SKM1,G1SIC9,G1TIX5,G1T866,G1SDY5 P10361,G3V6K6,D4A9N5,B5DF02,A0A0G2K5U0,G3V8S5,D4A4T0,Q80U96
9675 G1SZR6,G1SZE4,G1T143,G1SKM1,G1SIC9,G1TIX5,G1T866,G1SDY5 P10361,G3V6K6,D4A9N5,B5DF02,A0A0G2K5U0,G3V8S5,P14659,Q80U96
9675 G1SZR6,G1SZE4,G1T143,G1SKM1,G1SIC9,G1TIX5,G1TT75,G1SDY5 P10361,G3V6K6,D4A9N5,B5DF02,A0A0G2K5U0,G3V8S5,P14659,Q80U96
9675 G1SZR6,G1SZE4,G1T143,G1SKM1,G1SIC9,G1TIX5,G1TT75,G1SDY5 P10361,G3V6K6,D4A9N5,B5DF02,A0A0G2K5U0,G3V8S5,A0A0G2JWA2,Q80U96
9177 G1SZR6,G1SIC9,G1TI39,G1T143,G1SMY6,G1SKM1,G1SZT9,G1TAE2 A0A0G2JSP3,A0A0G2K5U0,Q4KMA2,P10361,Q80U96,G3V8S5,P35739,B5DF91
9177 G1SZR6,G1SIC9,G1TI39,G1T143,G1SMY6,G1SKM1,G1SZT9,G1TAE2 A0A0G2JSP3,A0A0G2K5U0,F7ENH8,P10361,Q80U96,G3V8S5,P35739,B5DF91
9177 G1SZR6,G1SIC9,G1TI39,G1T143,G1SMY6,G1SKM1,G1SZT9,G1TAE2 A0A0G2JSP3,A0A0G2K5U0,D3ZRN2,P10361,Q80U96,G3V8S5,P35739,B5DF91
9177 G1SZR6,G1SIC9,G1SFV1,G1T143,G1SMY6,G1SKM1,G1SZT9,G1TAE2 A0A0G2JSP3,A0A0G2K5U0,Q4KMA2,P10361,Q80U96,G3V8S5,P35739,B5DF91
9177 G1SZR6,G1SIC9,G1SFV1,G1T143,G1SMY6,G1SKM1,G1SZT9,G1TAE2 A0A0G2JSP3,A0A0G2K5U0,F7ENH8,P10361,Q80U96,G3V8S5,P35739,B5DF91
9177 G1SZR6,G1SIC9,G1SFV1,G1T143,G1SMY6,G1SKM1,G1SZT9,G1TAE2 A0A0G2JSP3,A0A0G2K5U0,D3ZRN2,P10361,Q80U96,G3V8S5,P35739,B5DF91
9177 G1SZR6,G1SIC9,G1T568,G1T143,G1SMY6,G1SKM1,G1SZT9,G1TAE2 A0A0G2JSP3,A0A0G2K5U0,Q4KMA2,P10361,Q80U96,G3V8S5,P35739,B5DF91
9177 G1SZR6,G1SIC9,G1T568,G1T143,G1SMY6,G1SKM1,G1SZT9,G1TAE2 A0A0G2JSP3,A0A0G2K5U0,F7ENH8,P10361,Q80U96,G3V8S5,P35739,B5DF91
9177 G1SZR6,G1SIC9,G1T568,G1T143,G1SMY6,G1SKM1,G1SZT9,G1TAE2 A0A0G2JSP3,A0A0G2K5U0,D3ZRN2,P10361,Q80U96,G3V8S5,P35739,B5DF91
10292 G1TIX5,G1TVU3,G1SZE4,G1SZT9,G1SH00,G1SIC9,G1SKM1,G1TAE2 B5DF02,P10361,G3V6K6,P35739,G3V913,A0A0G2K5U0,G3V8S5,B5DF91
10292 G1TIX5,G1TVU3,G1SZE4,G1SZT9,G1SH00,G1SIC9,G1SKM1,G1TAE2 B5DF02,P10361,G3V6K6,P35739,P04961,A0A0G2K5U0,G3V8S5,B5DF91
10292 G1TIX5,G1TVU3,G1SZE4,G1SZT9,G1SH00,G1SIC9,G1SKM1,G1TAE2 B5DF02,P10361,G3V6K6,P35739,F1M9D6,A0A0G2K5U0,G3V8S5,B5DF91
10292 G1TIX5,G1TVU3,G1SZE4,G1SZT9,G1U6X2,G1SIC9,G1SKM1,G1TAE2 B5DF02,P10361,G3V6K6,P35739,G3V913,A0A0G2K5U0,G3V8S5,B5DF91
10292 G1TIX5,G1TVU3,G1SZE4,G1SZT9,G1U6X2,G1SIC9,G1SKM1,G1TAE2 B5DF02,P10361,G3V6K6,P35739,P04961,A0A0G2K5U0,G3V8S5,B5DF91
10292 G1TIX5,G1TVU3,G1SZE4,G1SZT9,G1U6X2,G1SIC9,G1SKM1,G1TAE2 B5DF02,P10361,G3V6K6,P35739,F1M9D6,A0A0G2K5U0,G3V8S5,B5DF91
10292 G1TIX5,G1TVU3,G1SZE4,G1SZT9,G1SKZ3,G1SIC9,G1SKM1,G1TAE2 B5DF02,P10361,G3V6K6,P35739,G3V913,A0A0G2K5U0,G3V8S5,B5DF91
10292 G1TIX5,G1TVU3,G1SZE4,G1SZT9,G1SKZ3,G1SIC9,G1SKM1,G1TAE2 B5DF02,P10361,G3V6K6,P35739,P04961,A0A0G2K5U0,G3V8S5,B5DF91
10292 G1TIX5,G1TVU3,G1SZE4,G1SZT9,G1SKZ3,G1SIC9,G1SKM1,G1TAE2 B5DF02,P10361,G3V6K6,P35739,F1M9D6,A0A0G2K5U0,G3V8S5,B5DF91
10292 G1TIX5,G1TVU3,G1SZE4,G1SZT9,U3KN03,G1SIC9,G1SKM1,G1TAE2 B5DF02,P10361,G3V6K6,P35739,G3V913,A0A0G2K5U0,G3V8S5,B5DF91
10292 G1TIX5,G1TVU3,G1SZE4,G1SZT9,U3KN03,G1SIC9,G1SKM1,G1TAE2 B5DF02,P10361,G3V6K6,P35739,P04961,A0A0G2K5U0,G3V8S5,B5DF91
10292 G1TIX5,G1TVU3,G1SZE4,G1SZT9,U3KN03,G1SIC9,G1SKM1,G1TAE2 B5DF02,P10361,G3V6K6,P35739,F1M9D6,A0A0G2K5U0,G3V8S5,B5DF91
10292 G1TIX5,G1TVU3,G1SZE4,G1SZT9,G1TPN2,G1SIC9,G1SKM1,G1TAE2 B5DF02,P10361,G3V6K6,P35739,G3V913,A0A0G2K5U0,G3V8S5,B5DF91
10292 G1TIX5,G1TVU3,G1SZE4,G1SZT9,G1TPN2,G1SIC9,G1SKM1,G1TAE2 B5DF02,P10361,G3V6K6,P35739,P04961,A0A0G2K5U0,G3V8S5,B5DF91
10292 G1TIX5,G1TVU3,G1SZE4,G1SZT9,G1TPN2,G1SIC9,G1SKM1,G1TAE2 B5DF02,P10361,G3V6K6,P35739,F1M9D6,A0A0G2K5U0,G3V8S5,B5DF91
10292 G1TIX5,G1TVU3,G1SZE4,G1SZT9,G1SKW5,G1SIC9,G1SKM1,G1TAE2 B5DF02,P10361,G3V6K6,P35739,G3V913,A0A0G2K5U0,G3V8S5,B5DF91
10292 G1TIX5,G1TVU3,G1SZE4,G1SZT9,G1SKW5,G1SIC9,G1SKM1,G1TAE2 B5DF02,P10361,G3V6K6,P35739,P04961,A0A0G2K5U0,G3V8S5,B5DF91
10292 G1TIX5,G1TVU3,G1SZE4,G1SZT9,G1SKW5,G1SIC9,G1SKM1,G1TAE2 B5DF02,P10361,G3V6K6,P35739,F1M9D6,A0A0G2K5U0,G3V8S5,B5DF91
10292 G1TIX5,G1TVU3,G1SZE4,G1SZT9,G1SPJ5,G1SIC9,G1SKM1,G1TAE2 B5DF02,P10361,G3V6K6,P35739,G3V913,A0A0G2K5U0,G3V8S5,B5DF91
10292 G1TIX5,G1TVU3,G1SZE4,G1SZT9,G1SPJ5,G1SIC9,G1SKM1,G1TAE2 B5DF02,P10361,G3V6K6,P35739,P04961,A0A0G2K5U0,G3V8S5,B5DF91
10292 G1TIX5,G1TVU3,G1SZE4,G1SZT9,G1SPJ5,G1SIC9,G1SKM1,G1TAE2 B5DF02,P10361,G3V6K6,P35739,F1M9D6,A0A0G2K5U0,G3V8S5,B5DF91
10292 G1TIX5,G1TVU3,G1SZE4,G1SZT9,G1T6B3,G1SIC9,G1SKM1,G1TAE2 B5DF02,P10361,G3V6K6,P35739,G3V913,A0A0G2K5U0,G3V8S5,B5DF91
10292 G1TIX5,G1TVU3,G1SZE4,G1SZT9,G1T6B3,G1SIC9,G1SKM1,G1TAE2 B5DF02,P10361,G3V6K6,P35739,P04961,A0A0G2K5U0,G3V8S5,B5DF91
10292 G1TIX5,G1TVU3,G1SZE4,G1SZT9,G1T6B3,G1SIC9,G1SKM1,G1TAE2 B5DF02,P10361,G3V6K6,P35739,F1M9D6,A0A0G2K5U0,G3V8S5,B5DF91
10292 G1TIX5,G1TVU3,G1SZE4,G1SZT9,G1TCW1,G1SIC9,G1SKM1,G1TAE2 B5DF02,P10361,G3V6K6,P35739,G3V913,A0A0G2K5U0,G3V8S5,B5DF91
10292 G1TIX5,G1TVU3,G1SZE4,G1SZT9,G1TCW1,G1SIC9,G1SKM1,G1TAE2 B5DF02,P10361,G3V6K6,P35739,P04961,A0A0G2K5U0,G3V8S5,B5DF91
10292 G1TIX5,G1TVU3,G1SZE4,G1SZT9,G1TCW1,G1SIC9,G1SKM1,G1TAE2 B5DF02,P10361,G3V6K6,P35739,F1M9D6,A0A0G2K5U0,G3V8S5,B5DF91
4713 G1TVU3,G1T9D9,G1TIX5,G1SZE4,G1SIC9,G1SZT9,G1TAE2,G1SML6 P10361,D4A554,B5DF02,G3V6K6,A0A0G2K5U0,P35739,B5DF91,A0A0G2K0D4
4713 G1TVU3,G1T9D9,G1TIX5,G1SZE4,G1SIC9,G1SZT9,G1TAE2,G1SML6 P10361,F7F189,B5DF02,G3V6K6,A0A0G2K5U0,P35739,B5DF91,A0A0G2K0D4
4713 G1TVU3,G1TR97,G1TIX5,G1SZE4,G1SIC9,G1SZT9,G1TAE2,G1SML6 P10361,D4A554,B5DF02,G3V6K6,A0A0G2K5U0,P35739,B5DF91,A0A0G2K0D4
9229 G1TVU3,G1TIX5,G1U300,G1SZT9,G1SIC9,G1T1B1,G1SKM1,G1SMY6 G3V6K6,B5DF02,D3ZWG3,P17325,B5DF91,P47196,A0A0G2K5U0,Q80U96
9933 G1SZR6,G1SRV2,G1SKM1,G1SMY6,G1TVU3,G1SIC9,G1SZT9,G1TIX5 A0A0G2JSP3,F1LS29,G3V8S5,Q80U96,P10361,A0A0G2K5U0,P35739,B5DF02
9933 G1SZR6,G1SRV2,G1SKM1,G1SMY6,G1TVU3,G1SIC9,G1SZT9,G1TIX5 A0A0G2JSP3,B2RYG6,G3V8S5,Q80U96,P10361,A0A0G2K5U0,P35739,B5DF02
9933 G1SZR6,G1SRV2,G1SKM1,G1SMY6,G1TVU3,G1SIC9,G1SZT9,G1TIX5 A0A0G2JSP3,Q6MG49,G3V8S5,Q80U96,P10361,A0A0G2K5U0,P35739,B5DF02
9933 G1SZR6,G1SRV2,G1SKM1,G1SMY6,G1TVU3,G1SIC9,G1SZT9,G1TIX5 A0A0G2JSP3,Q07266,G3V8S5,Q80U96,P10361,A0A0G2K5U0,P35739,B5DF02
9933 G1SZR6,G1SRV2,G1SKM1,G1SMY6,G1TVU3,G1SIC9,G1SZT9,G1TIX5 A0A0G2JSP3,P09527,G3V8S5,Q80U96,P10361,A0A0G2K5U0,P35739,B5DF02
9933 G1SZR6,G1SRV2,G1SKM1,G1SMY6,G1TVU3,G1SIC9,G1SZT9,G1TIX5 A0A0G2JSP3,R4GNK3,G3V8S5,Q80U96,P10361,A0A0G2K5U0,P35739,B5DF02
9933 G1SZR6,G1SRV2,G1SKM1,G1SMY6,G1TVU3,G1SIC9,G1SZT9,G1TIX5 A0A0G2JSP3,Q63355,G3V8S5,Q80U96,P10361,A0A0G2K5U0,P35739,B5DF02
9933 G1SZR6,G1SRV2,G1SKM1,G1SMY6,G1TVU3,G1SIC9,G1SZT9,G1TIX5 A0A0G2JSP3,Q3MIE4,G3V8S5,Q80U96,P10361,A0A0G2K5U0,P35739,B5DF02
8698 G1TVU3,G1SZE4,G1SZR6,G1TIX5,G1SIC9,G1SZT9,G1TAE2,G1T617 P10361,G3V6K6,A0A0G2JSP3,B5DF02,A0A0G2K5U0,P35739,B5DF91,F1M8V2
10514 G1TVU3,G1TIX5,G1SZE4,G1SZT9,G1SIC9,G1SKM1,G1TAE2,G1T2F2 P10361,B5DF02,G3V6K6,P35739,A0A0G2K5U0,G3V8S5,B5DF91,F1LR10
10514 G1TVU3,G1TIX5,G1SZE4,G1SZT9,G1SIC9,G1SKM1,G1TAE2,G1T2F2 P10361,B5DF02,G3V6K6,P35739,A0A0G2K5U0,G3V8S5,B5DF91,P09495
10514 G1TVU3,G1TIX5,G1SZE4,G1SZT9,G1SIC9,G1SKM1,G1TAE2,G1T2F2 P10361,B5DF02,G3V6K6,P35739,A0A0G2K5U0,G3V8S5,B5DF91,D3ZNU1
10514 G1TVU3,G1TIX5,G1SZE4,G1SZT9,G1SIC9,G1SKM1,G1TAE2,G1SF00 P10361,B5DF02,G3V6K6,P35739,A0A0G2K5U0,G3V8S5,B5DF91,F1LR10
10514 G1TVU3,G1TIX5,G1SZE4,G1SZT9,G1SIC9,G1SKM1,G1TAE2,G1SF00 P10361,B5DF02,G3V6K6,P35739,A0A0G2K5U0,G3V8S5,B5DF91,P09495
10514 G1TVU3,G1TIX5,G1SZE4,G1SZT9,G1SIC9,G1SKM1,G1TAE2,G1SF00 P10361,B5DF02,G3V6K6,P35739,A0A0G2K5U0,G3V8S5,B5DF91,D3ZNU1
10514 G1TVU3,G1TIX5,G1SZE4,G1SZT9,G1SIC9,G1SKM1,G1TAE2,G1STX3 P10361,B5DF02,G3V6K6,P35739,A0A0G2K5U0,G3V8S5,B5DF91,F1LR10
10514 G1TVU3,G1TIX5,G1SZE4,G1SZT9,G1SIC9,G1SKM1,G1TAE2,G1STX3 P10361,B5DF02,G3V6K6,P35739,A0A0G2K5U0,G3V8S5,B5DF91,P09495
10514 G1TVU3,G1TIX5,G1SZE4,G1SZT9,G1SIC9,G1SKM1,G1TAE2,G1STX3 P10361,B5DF02,G3V6K6,P35739,A0A0G2K5U0,G3V8S5,B5DF91,D3ZNU1
10514 G1TVU3,G1TIX5,G1SZE4,G1SZT9,G1SIC9,G1SKM1,G1TAE2,G1TEW4 P10361,B5DF02,G3V6K6,P35739,A0A0G2K5U0,G3V8S5,B5DF91,F1LR10
10514 G1TVU3,G1TIX5,G1SZE4,G1SZT9,G1SIC9,G1SKM1,G1TAE2,G1TEW4 P10361,B5DF02,G3V6K6,P35739,A0A0G2K5U0,G3V8S5,B5DF91,P09495
10514 G1TVU3,G1TIX5,G1SZE4,G1SZT9,G1SIC9,G1SKM1,G1TAE2,G1TEW4 P10361,B5DF02,G3V6K6,P35739,A0A0G2K5U0,G3V8S5,B5DF91,D3ZNU1
10514 G1TVU3,G1TIX5,G1SZE4,G1SZT9,G1SIC9,G1SKM1,G1TAE2,G1SQF9 P10361,B5DF02,G3V6K6,P35739,A0A0G2K5U0,G3V8S5,B5DF91,P09495
10514 G1TVU3,G1TIX5,G1SZE4,G1SZT9,G1SIC9,G1SKM1,G1TAE2,G1SQF9 P10361,B5DF02,G3V6K6,P35739,A0A0G2K5U0,G3V8S5,B5DF91,D3ZNU1
10514 G1TVU3,G1TIX5,G1SZE4,G1SZT9,G1SIC9,G1SKM1,G1TAE2,G1T2N8 P10361,B5DF02,G3V6K6,P35739,A0A0G2K5U0,G3V8S5,B5DF91,P09495
10514 G1TVU3,G1TIX5,G1SZE4,G1SZT9,G1SIC9,G1SKM1,G1TAE2,G1T2N8 P10361,B5DF02,G3V6K6,P35739,A0A0G2K5U0,G3V8S5,B5DF91,D3ZNU1
10514 G1TVU3,G1TIX5,G1SZE4,G1SZT9,G1SIC9,G1SKM1,G1TAE2,G1SLS3 P10361,B5DF02,G3V6K6,P35739,A0A0G2K5U0,G3V8S5,B5DF91,P09495
10514 G1TVU3,G1TIX5,G1SZE4,G1SZT9,G1SIC9,G1SKM1,G1TAE2,G1SLS3 P10361,B5DF02,G3V6K6,P35739,A0A0G2K5U0,G3V8S5,B5DF91,D3ZNU1
8183 G1TIX5,G1TT72,G1SZE4,G1SZT9,G1TVU3,G1TAE2,G1SIC9,G1SEW1 B5DF02,F1M4Q8,G3V6K6,P35739,P10361,B5DF91,A0A0G2K5U0,F1LM09
8677 G1TSQ5,G1SZE4,G1TVU3,G1TAE2,G1SIC9,G1SDY5,G1T143,G1TR82 Q3T1H6,A0A0G2K5U0,P17325,P08592,G3V6K6,Q80U96,D4A9N5,Q5XIF6
5363 G1SJJ8,G1SZE4,G1TAE2,G1SKM1,G1TIX5,G1SIC9,G1SN87,G1SZT9 D3ZBL5,G3V6K6,B5DF91,G3V8S5,D4A9N5,Q80U96,F1LNG5,P35739
9228 G1SIC9,G1T143,G1SK88,G1U6D8,G1TVU3,G1SZE4,G1SDY5,G1TAE2 G3V6K6,D4A9N5,D4A228,A0A0G2JX94,P17325,A0A0G2K5U0,Q80U96,P08592
4805 G1TVU3,G1TWD0,G1TIX5,G1SZT9,G1SIC9,G1SZE4,G1TAE2,G1SV90 P10361,Q9JHX0,B5DF02,P35739,A0A0G2K5U0,G3V6K6,B5DF91,Q6AZ64
4805 G1TVU3,G1TWD0,G1TIX5,G1SZT9,G1SIC9,G1SZE4,G1TAE2,G1SV90 P10361,D3Z8X7,B5DF02,P35739,A0A0G2K5U0,G3V6K6,B5DF91,A0A140TAD2
6327 G1T607,G1SZE4,G1SKM1,G1T143,G1TIX5,G1SZT9,G1TAE2,G1SIC9 P17046,G3V6K6,G3V8S5,D4A9N5,B5DF02,P35739,B5DF91,P69897
6327 G1TCP9,G1SZE4,G1SKM1,G1T143,G1TIX5,G1SZT9,G1TAE2,G1SIC9 Q6MG07,G3V6K6,G3V8S5,D4A9N5,B5DF02,P35739,B5DF91,P61980
6327 G1TCP9,G1SZE4,G1SKM1,G1T143,G1TIX5,G1SZT9,G1TAE2,G1SIC9 B1WC05,G3V6K6,G3V8S5,D4A9N5,B5DF02,P35739,B5DF91,P69897
3237 G1SL26,G1TVU3,G1TIX5,G1SZE4,G1SZT9,G1TAE2,G1SIC9,G1SRE8 Q5I0J5,P10361,B5DF02,G3V6K6,P35739,B5DF91,A0A0G2K5U0,G3V817
6737 G1TVU3,G1SUG3,G1SZE4,G1SZT9,G1SIC9,G1TIX5,G1TAE2,G1SS22 P10361,D4ACN8,G3V6K6,P35739,A0A0G2K5U0,B5DF02,B5DF91,Q6AZ64
6737 G1TVU3,G1SUG3,G1SZE4,G1SZT9,G1SIC9,G1TIX5,G1TAE2,G1SS22 P10361,D4A8L3,G3V6K6,P35739,A0A0G2K5U0,B5DF02,B5DF91,Q6AZ64
9091 G1SSS6,G1SZE4,G1TIX5,G1TAE2,G1SZT9,G1SMY6,G1T143,G1SRV2 D3ZXZ1,G3V6K6,P17325,B5DF91,P35739,Q80U96,P10361,P04785
8323 G1TIX5,G1TT72,G1SZE4,G1SZT9,G1TVU3,G1SIC9,G1SMY6,G1SEW1 B5DF02,F1M4Q8,G3V6K6,P35739,P10361,A0A0G2K5U0,Q80U96,F1LM09
10064 G1TT72,G1SKM1,G1SZE4,G1SZT9,G1SIC9,G1SMY6,G1TVU3,G1SEW1 D4A739,G3V8S5,G3V6K6,P35739,A0A0G2K5U0,Q80U96,D4A9N5,F1LM09
4113 G1SPU4,G1TIX5,G1TAL4,G1SZE4,G1SZM2,G1SMY6,G1T143,G1T9U0 F1M987,B5DF91,P38438,G3V6K6,P08592,Q80U96,D4A9N5,F1LV96
8969 G1SV92,G1SKM1,G1SZT9,G1TAE2,G1TIX5,G1SIC9,G1SZE4,G1SN87 F1LNZ5,G3V8S5,P35739,B5DF91,D4A9N5,Q80U96,G3V6K6,F1LNG5
2301 G1SJX7,G1SHD1,G1TVU3,G1SIC9,G1SZE4,G1SMY6,G1SZM2,G1SEA4 Q64349,A0A0G2KAD9,G3V6K6,B5DF91,D4A9N5,Q80U96,P08592,D3ZU79
2301 G1SJX7,G1SHD1,G1SZE4,G1TIX5,G1T143,G1SMY6,G1SZM2,G1SEA4 Q64349,A0A0G2KAD9,G3V6K6,B5DF91,D4A9N5,Q80U96,P08592,D3ZU79
2301 G1SJX7,G1SHD1,G1T143,G1SIC9,G1SZE4,G1SMY6,G1SZM2,G1SEA4 Q64349,A0A0G2KAD9,G3V6K6,B5DF91,D4A9N5,Q80U96,P08592,D3ZU79
