8257 G1SZR6,G1T143,G1SIC9,G1SZE4,G1TVU3,G1TDN3,G1TAE2,G1SDY5 F7AK40,F6TL72,F7A2J7,F7DFR6,F6YYG4,F6YZL0,F6VTW3,F6XEB4
8257 G1SZR6,G1T143,G1SIC9,G1SZE4,G1TVU3,G1TDN3,G1TAE2,G1SDY5 F7AK40,F6TL72,F7A2J7,F7DFR6,F6YYG4,F7DK60,F6VTW3,F6XEB4
8257 G1SZR6,G1T143,G1SIC9,G1SZE4,G1TVU3,G1TDN3,G1TAE2,G1SDY5 F7AK40,F6TL72,F7A2J7,F7DFR6,F6YYG4,F7BUX8,F6VTW3,F6XEB4
8257 G1SZR6,G1T143,G1SIC9,G1SZE4,G1TVU3,G1TDN3,G1TAE2,G1SDY5 F7AK40,F6TL72,F7A2J7,F7DFR6,F6YYG4,F7CE06,F6VTW3,F6XEB4
8257 G1SZR6,G1T143,G1SIC9,G1SZE4,G1TVU3,G1TDN3,G1TAE2,G1SDY5 F7AK40,F6TL72,F7A2J7,F7DFR6,F6YYG4,F6RJN1,F6VTW3,F6XEB4
8257 G1SZR6,G1T143,G1SIC9,G1SZE4,G1TVU3,G1U782,G1TAE2,G1SDY5 F7AK40,F6TL72,F7A2J7,F7DFR6,F6YYG4,F6YZL0,F6VTW3,F6XEB4
8257 G1SZR6,G1T143,G1SIC9,G1SZE4,G1TVU3,G1U782,G1TAE2,G1SDY5 F7AK40,F6TL72,F7A2J7,F7DFR6,F6YYG4,F6R3Q3,F6VTW3,F6XEB4
8257 G1SZR6,G1T143,G1SIC9,G1SZE4,G1TVU3,G1U782,G1TAE2,G1SDY5 F7AK40,F6TL72,F7A2J7,F7DFR6,F6YYG4,F7DK60,F6VTW3,F6XEB4
8257 G1SZR6,G1T143,G1SIC9,G1SZE4,G1TVU3,G1U782,G1TAE2,G1SDY5 F7AK40,F6TL72,F7A2J7,F7DFR6,F6YYG4,F7BUX8,F6VTW3,F6XEB4
8257 G1SZR6,G1T143,G1SIC9,G1SZE4,G1TVU3,G1U782,G1TAE2,G1SDY5 F7AK40,F6TL72,F7A2J7,F7DFR6,F6YYG4,F7CE06,F6VTW3,F6XEB4
8257 G1SZR6,G1T143,G1SIC9,G1SZE4,G1TVU3,G1U782,G1TAE2,G1SDY5 F7AK40,F6TL72,F7A2J7,F7DFR6,F6YYG4,F6RJN1,F6VTW3,F6XEB4
8257 G1SZR6,G1T143,G1SIC9,G1SZE4,G1TVU3,G1TI40,G1TAE2,G1SDY5 F7AK40,F6TL72,F7A2J7,F7DFR6,F6YYG4,F6YZL0,F6VTW3,F6XEB4
8257 G1SZR6,G1T143,G1SIC9,G1SZE4,G1TVU3,G1TI40,G1TAE2,G1SDY5 F7AK40,F6TL72,F7A2J7,F7DFR6,F6YYG4,F7DK60,F6VTW3,F6XEB4
8257 G1SZR6,G1T143,G1SIC9,G1SZE4,G1TVU3,G1TI40,G1TAE2,G1SDY5 F7AK40,F6TL72,F7A2J7,F7DFR6,F6YYG4,F7BUX8,F6VTW3,F6XEB4
8257 G1SZR6,G1T143,G1SIC9,G1SZE4,G1TVU3,G1TI40,G1TAE2,G1SDY5 F7AK40,F6TL72,F7A2J7,F7DFR6,F6YYG4,F7CE06,F6VTW3,F6XEB4
8257 G1SZR6,G1T143,G1SIC9,G1SZE4,G1TVU3,G1TI40,G1TAE2,G1SDY5 F7AK40,F6TL72,F7A2J7,F7DFR6,F6YYG4,F6RJN1,F6VTW3,F6XEB4
8257 G1SZR6,G1T143,G1SIC9,G1SZE4,G1TVU3,G1T6D1,G1TAE2,G1SDY5 F7AK40,F6TL72,F7A2J7,F7DFR6,F6YYG4,F6YZL0,F6VTW3,F6XEB4
8257 G1SZR6,G1T143,G1SIC9,G1SZE4,G1TVU3,G1T6D1,G1TAE2,G1SDY5 F7AK40,F6TL72,F7A2J7,F7DFR6,F6YYG4,F7DK60,F6VTW3,F6XEB4
8257 G1SZR6,G1T143,G1SIC9,G1SZE4,G1TVU3,G1T6D1,G1TAE2,G1SDY5 F7AK40,F6TL72,F7A2J7,F7DFR6,F6YYG4,F7BUX8,F6VTW3,F6XEB4
8257 G1SZR6,G1T143,G1SIC9,G1SZE4,G1TVU3,G1TP83,G1TAE2,G1SDY5 F7AK40,F6TL72,F7A2J7,F7DFR6,F6YYG4,F6YZL0,F6VTW3,F6XEB4
8257 G1SZR6,G1T143,G1SIC9,G1SZE4,G1TVU3,G1TP83,G1TAE2,G1SDY5 F7AK40,F6TL72,F7A2J7,F7DFR6,F6YYG4,F7CE06,F6VTW3,F6XEB4
8257 G1SZR6,G1T143,G1SIC9,G1SZE4,G1TVU3,G1TP83,G1TAE2,G1SDY5 F7AK40,F6TL72,F7A2J7,F7DFR6,F6YYG4,F6RJN1,F6VTW3,F6XEB4
8257 G1SZR6,G1T143,G1SIC9,G1SZE4,G1TVU3,G1SDP7,G1TAE2,G1SDY5 F7AK40,F6TL72,F7A2J7,F7DFR6,F6YYG4,F6R3Q3,F6VTW3,F6XEB4
8257 G1SZR6,G1T143,G1SIC9,G1SZE4,G1TVU3,G1SDP7,G1TAE2,G1SDY5 F7AK40,F6TL72,F7A2J7,F7DFR6,F6YYG4,F7D8U2,F6VTW3,F6XEB4
8257 G1SZR6,G1T143,G1SIC9,G1SZE4,G1TVU3,G1SDP7,G1TAE2,G1SDY5 F7AK40,F6TL72,F7A2J7,F7DFR6,F6YYG4,F7AIP7,F6VTW3,F6XEB4
8257 G1SZR6,G1T143,G1SIC9,G1SZE4,G1TVU3,G1SDP7,G1TAE2,G1SDY5 F7AK40,F6TL72,F7A2J7,F7DFR6,F6YYG4,F7C0A5,F6VTW3,F6XEB4
8257 G1SZR6,G1T143,G1SIC9,G1SZE4,G1TVU3,G1TVY8,G1TAE2,G1SDY5 F7AK40,F6TL72,F7A2J7,F7DFR6,F6YYG4,F6Q4I9,F6VTW3,F6XEB4
8257 G1SZR6,G1T143,G1SIC9,G1SZE4,G1TVU3,G1TVY8,G1TAE2,G1SDY5 F7AK40,F6TL72,F7A2J7,F7DFR6,F6YYG4,F7AIP7,F6VTW3,F6XEB4
8257 G1SZR6,G1T143,G1SIC9,G1SZE4,G1TVU3,G1TVY8,G1TAE2,G1SDY5 F7AK40,F6TL72,F7A2J7,F7DFR6,F6YYG4,F6VSN2,F6VTW3,F6XEB4
8257 G1SZR6,G1T143,G1SIC9,G1SZE4,G1TVU3,G1TVY8,G1TAE2,G1SDY5 F7AK40,F6TL72,F7A2J7,F7DFR6,F6YYG4,F7C0A5,F6VTW3,F6XEB4
8257 G1SZR6,G1T143,G1SIC9,G1SZE4,G1TVU3,G1TVY8,G1TAE2,G1SDY5 F7AK40,F6YYG4,F7A2J7,F7DFR6,F6TL72,F6UYB6,F6VTW3,F6XEB4
9691 G1TVU3,G1SZE4,G1SZR6,G1TIX5,G1SIC9,G1TAE2,G1TDN3,G1SDY5 F6YYG4,F7DFR6,F7AK40,F6XR42,F7A2J7,F6VTW3,F6Z328,F6XEB4
9691 G1TVU3,G1SZE4,G1SZR6,G1TIX5,G1SIC9,G1TAE2,G1TDN3,G1SDY5 F6YYG4,F7DFR6,F7AK40,F6XR42,F7A2J7,F6VTW3,F7DK60,F6XEB4
9691 G1TVU3,G1SZE4,G1SZR6,G1TIX5,G1SIC9,G1TAE2,G1TDN3,G1SDY5 F6YYG4,F7DFR6,F7AK40,F6XR42,F7A2J7,F6VTW3,F7BUX8,F6XEB4
9691 G1TVU3,G1SZE4,G1SZR6,G1TIX5,G1SIC9,G1TAE2,G1TDN3,G1SDY5 F6YYG4,F7DFR6,F7AK40,F6XR42,F7A2J7,F6VTW3,F6ZWW8,F6XEB4
9691 G1TVU3,G1SZE4,G1SZR6,G1TIX5,G1SIC9,G1TAE2,G1TDN3,G1SDY5 F6YYG4,F7DFR6,F7AK40,F6XR42,F7A2J7,F6VTW3,F7CE06,F6XEB4
9691 G1TVU3,G1SZE4,G1SZR6,G1TIX5,G1SIC9,G1TAE2,G1TI40,G1SDY5 F6YYG4,F7DFR6,F7AK40,F6XR42,F7A2J7,F6VTW3,F6Z328,F6XEB4
9691 G1TVU3,G1SZE4,G1SZR6,G1TIX5,G1SIC9,G1TAE2,G1TI40,G1SDY5 F6YYG4,F7DFR6,F7AK40,F6XR42,F7A2J7,F6VTW3,F7DK60,F6XEB4
9691 G1TVU3,G1SZE4,G1SZR6,G1TIX5,G1SIC9,G1TAE2,G1TI40,G1SDY5 F6YYG4,F7DFR6,F7AK40,F6XR42,F7A2J7,F6VTW3,F7BUX8,F6XEB4
9691 G1TVU3,G1SZE4,G1SZR6,G1TIX5,G1SIC9,G1TAE2,G1TI40,G1SDY5 F6YYG4,F7DFR6,F7AK40,F6XR42,F7A2J7,F6VTW3,F6ZWW8,F6XEB4
9691 G1TVU3,G1SZE4,G1SZR6,G1TIX5,G1SIC9,G1TAE2,G1TI40,G1SDY5 F6YYG4,F7DFR6,F7AK40,F6XR42,F7A2J7,F6VTW3,F7CE06,F6XEB4
9691 G1TVU3,G1SZE4,G1SZR6,G1TIX5,G1SIC9,G1TAE2,G1T6D1,G1SDY5 F6YYG4,F7DFR6,F7AK40,F6XR42,F7A2J7,F6VTW3,F6Z328,F6XEB4
9691 G1TVU3,G1SZE4,G1SZR6,G1TIX5,G1SIC9,G1TAE2,G1T6D1,G1SDY5 F6YYG4,F7DFR6,F7AK40,F6XR42,F7A2J7,F6VTW3,F7DK60,F6XEB4
9691 G1TVU3,G1SZE4,G1SZR6,G1TIX5,G1SIC9,G1TAE2,G1T6D1,G1SDY5 F6YYG4,F7DFR6,F7AK40,F6XR42,F7A2J7,F6VTW3,F7BUX8,F6XEB4
9691 G1TVU3,G1SZE4,G1SZR6,G1TIX5,G1SIC9,G1TAE2,G1T6D1,G1SDY5 F6YYG4,F7DFR6,F7AK40,F6XR42,F7A2J7,F6VTW3,F6ZWW8,F6XEB4
9691 G1TVU3,G1SZE4,G1SZR6,G1TIX5,G1SIC9,G1TAE2,G1T6D1,G1SDY5 F6YYG4,F7DFR6,F7AK40,F6XR42,F7A2J7,F6VTW3,F7CE06,F6XEB4
9697 G1TVU3,G1SZE4,G1SZR6,G1TIX5,G1SIC9,G1TAE2,G1TCA0,G1SDY5 F6YYG4,F7DFR6,F7AK40,F6XR42,F7A2J7,F6VTW3,F7AGK2,F6XEB4
9661 G1TVU3,G1SZE4,G1SZR6,G1TIX5,G1SIC9,G1TAE2,G1T9A1,G1SDY5 F6YYG4,F7DFR6,F7AK40,F6XR42,F7A2J7,F6VTW3,F6VUA4,F6XEB4
9661 G1TVU3,G1SZE4,G1SZR6,G1TIX5,G1SIC9,G1TAE2,G1T9A1,G1SDY5 F6YYG4,F7DFR6,F7AK40,F6XR42,F7A2J7,F6VTW3,F6ZTR4,F6XEB4
9661 G1TVU3,G1SZE4,G1SZR6,G1TIX5,G1SIC9,G1TAE2,G1T9A1,G1SDY5 F6YYG4,F7DFR6,F7AK40,F6XR42,F7A2J7,F6VTW3,F6XN76,F6XEB4
9661 G1TVU3,G1SZE4,G1SZR6,G1TIX5,G1SIC9,G1TAE2,G1T9A1,G1SDY5 F6TL72,F7DFR6,F7AK40,F6XR42,F7A2J7,F6VTW3,F6XN76,F6XEB4
9661 G1TVU3,G1SZE4,G1SZR6,G1TIX5,G1SIC9,G1TAE2,G1T421,G1SDY5 F6YYG4,F7DFR6,F7AK40,F6XR42,F7A2J7,F6VTW3,F6VUA4,F6XEB4
9661 G1TVU3,G1SZE4,G1SZR6,G1TIX5,G1SIC9,G1TAE2,G1T421,G1SDY5 F6YYG4,F7DFR6,F7AK40,F6XR42,F7A2J7,F6VTW3,F7BVQ8,F6XEB4
9661 G1TVU3,G1SZE4,G1SZR6,G1TIX5,G1SIC9,G1TAE2,G1T421,G1SDY5 F6YYG4,F7DFR6,F7AK40,F6XR42,F7A2J7,F6VTW3,F6S2X2,F6XEB4
10633 G1SZR6,G1TVU3,G1SIC9,G1SZE4,G1SMY6,G1T9A1,G1TAE2,G1SDY5 F7AK40,F6YYG4,F7A2J7,F7DFR6,F6S8L9,F6ZTR4,F6VTW3,F6XEB4
10633 G1SZR6,G1TVU3,G1SIC9,G1SZE4,G1SMY6,G1T9A1,G1TAE2,G1SDY5 F7AK40,F6YYG4,F7A2J7,F7DFR6,F6S8L9,F6XN76,F6VTW3,F6XEB4
10633 G1SZR6,G1TVU3,G1SIC9,G1SZE4,G1SMY6,G1T9A1,G1TAE2,G1SDY5 F7AK40,F6TL72,F7A2J7,F7DFR6,F6S8L9,F6XN76,F6VTW3,F6XEB4
10633 G1SZR6,G1TVU3,G1SIC9,G1SZE4,G1SMY6,G1T9A1,G1TAE2,G1SDY5 F7AK40,F6YYG4,F7A2J7,F7DFR6,F6S8L9,F7AGK2,F6VTW3,F6XEB4
10633 G1SZR6,G1T143,G1SIC9,G1SZE4,G1SMY6,G1T4N8,G1TAE2,G1SDY5 F7AK40,F6YYG4,F7A2J7,F7DFR6,F6S8L9,F6XN76,F6VTW3,F6XEB4
10633 G1SZR6,G1T143,G1SIC9,G1SZE4,G1SMY6,G1T4N8,G1TAE2,G1SDY5 F7AK40,F6TL72,F7A2J7,F7DFR6,F6S8L9,F6XN76,F6VTW3,F6XEB4
10633 G1SZR6,G1T143,G1SIC9,G1SZE4,G1SMY6,G1T4N8,G1TAE2,G1SDY5 F7AK40,F6YYG4,F7A2J7,F7DFR6,F6S8L9,F7AGK2,F6VTW3,F6XEB4
11856 G1TIX5,G1SZT9,G1TVU3,G1SFK3,G1SKM1,G1SDY5,G1SMY6,G1TAE2 F6TL72,F6Z1I4,F6XR42,F6ULH7,F6SQ43,F6XEB4,F6S8L9,F6VTW3
11856 G1TIX5,G1SZT9,G1TVU3,G1SFK3,G1SKM1,G1SDY5,G1SMY6,G1TAE2 F6XR42,F6Z1I4,F6TL72,F6YZH1,F6SQ43,F6XEB4,F6S8L9,F6VTW3
11856 G1TIX5,G1SZT9,G1TVU3,G1SFK3,G1SKM1,G1SDY5,G1SMY6,G1TAE2 F6TL72,F6Z1I4,F6XR42,F6Z6Y4,F6SQ43,F6XEB4,F6S8L9,F6VTW3
11856 G1TIX5,G1SZT9,G1TVU3,G1SCY4,G1SKM1,G1SDY5,G1SMY6,G1TAE2 F6TL72,F6Z1I4,F6XR42,F6ZAL1,F6SQ43,F6XEB4,F6S8L9,F6VTW3
11856 G1TIX5,G1SZT9,G1TVU3,G1SCY4,G1SKM1,G1SDY5,G1SMY6,G1TAE2 F6TL72,F6Z1I4,F6XR42,F7B9G0,F6SQ43,F6XEB4,F6S8L9,F6VTW3
11856 G1TIX5,G1SZT9,G1TVU3,G1SCY4,G1SKM1,G1SDY5,G1SMY6,G1TAE2 F6TL72,F6Z1I4,F6XR42,F6RRU3,F6SQ43,F6XEB4,F6S8L9,F6VTW3
11856 G1TIX5,G1SZT9,G1TVU3,G1SCY4,G1SKM1,G1SDY5,G1SMY6,G1TAE2 F6XR42,F6Z1I4,F6TL72,F6XFN5,F6SQ43,F6XEB4,F6S8L9,F6VTW3
11856 G1TIX5,G1SZT9,G1TVU3,G1SCY4,G1SKM1,G1SDY5,G1SMY6,G1TAE2 F6XR42,F6Z1I4,F6TL72,F6X3S7,F6SQ43,F6XEB4,F6S8L9,F6VTW3
11856 G1TIX5,G1SZT9,G1TVU3,G1SCY4,G1SKM1,G1SDY5,G1SMY6,G1TAE2 F6XR42,F6Z1I4,F6TL72,F6V852,F6SQ43,F6XEB4,F6S8L9,F6VTW3
11856 G1TIX5,G1SZT9,G1TVU3,G1T221,G1SKM1,G1SDY5,G1SMY6,G1TAE2 F6TL72,F6Z1I4,F6XR42,F6ZAL1,F6SQ43,F6XEB4,F6S8L9,F6VTW3
11856 G1TIX5,G1SZT9,G1TVU3,G1T221,G1SKM1,G1SDY5,G1SMY6,G1TAE2 F6TL72,F6Z1I4,F6XR42,F7B9G0,F6SQ43,F6XEB4,F6S8L9,F6VTW3
11856 G1TIX5,G1SZT9,G1TVU3,G1T221,G1SKM1,G1SDY5,G1SMY6,G1TAE2 F6TL72,F6Z1I4,F6XR42,F6RRU3,F6SQ43,F6XEB4,F6S8L9,F6VTW3
11856 G1TIX5,G1SZT9,G1TVU3,G1T221,G1SKM1,G1SDY5,G1SMY6,G1TAE2 F6XR42,F6Z1I4,F6TL72,F6XFN5,F6SQ43,F6XEB4,F6S8L9,F6VTW3
11856 G1TIX5,G1SZT9,G1TVU3,G1T221,G1SKM1,G1SDY5,G1SMY6,G1TAE2 F6XR42,F6Z1I4,F6TL72,F6X3S7,F6SQ43,F6XEB4,F6S8L9,F6VTW3
11856 G1TIX5,G1SZT9,G1TVU3,G1T221,G1SKM1,G1SDY5,G1SMY6,G1TAE2 F6XR42,F6Z1I4,F6TL72,F6V852,F6SQ43,F6XEB4,F6S8L9,F6VTW3
11856 G1TIX5,G1SZT9,G1TVU3,G1TAF8,G1SKM1,G1SDY5,G1SMY6,G1TAE2 F6TL72,F6Z1I4,F6XR42,F6ULH7,F6SQ43,F6XEB4,F6S8L9,F6VTW3
11856 G1TIX5,G1SZT9,G1TVU3,G1TAF8,G1SKM1,G1SDY5,G1SMY6,G1TAE2 F6TL72,F6Z1I4,F6XR42,F6Z6Y4,F6SQ43,F6XEB4,F6S8L9,F6VTW3
11856 G1TIX5,G1SZT9,G1TVU3,G1TAF8,G1SKM1,G1SDY5,G1SMY6,G1TAE2 F6TL72,F6Z1I4,F6XR42,F7B9G0,F6SQ43,F6XEB4,F6S8L9,F6VTW3
11856 G1TIX5,G1SZT9,G1TVU3,G1TAF8,G1SKM1,G1SDY5,G1SMY6,G1TAE2 F6XR42,F6Z1I4,F6TL72,F6X3S7,F6SQ43,F6XEB4,F6S8L9,F6VTW3
11856 G1TIX5,G1SZT9,G1TVU3,G1TAF8,G1SKM1,G1SDY5,G1SMY6,G1TAE2 F6XR42,F6Z1I4,F6TL72,F6V852,F6SQ43,F6XEB4,F6S8L9,F6VTW3
11856 G1TIX5,G1SZT9,G1TVU3,G1SWA1,G1SKM1,G1SDY5,G1SMY6,G1TAE2 F6TL72,F6Z1I4,F6XR42,F6ZAL1,F6SQ43,F6XEB4,F6S8L9,F6VTW3
11856 G1TIX5,G1SZT9,G1TVU3,G1SWA1,G1SKM1,G1SDY5,G1SMY6,G1TAE2 F6TL72,F6Z1I4,F6XR42,F7B9G0,F6SQ43,F6XEB4,F6S8L9,F6VTW3
11856 G1TIX5,G1SZT9,G1TVU3,G1SWA1,G1SKM1,G1SDY5,G1SMY6,G1TAE2 F6TL72,F6Z1I4,F6XR42,F6RRU3,F6SQ43,F6XEB4,F6S8L9,F6VTW3
11856 G1TIX5,G1SZT9,G1TVU3,G1SWA1,G1SKM1,G1SDY5,G1SMY6,G1TAE2 F6XR42,F6Z1I4,F6TL72,F6XFN5,F6SQ43,F6XEB4,F6S8L9,F6VTW3
11856 G1TIX5,G1SZT9,G1TVU3,G1SWA1,G1SKM1,G1SDY5,G1SMY6,G1TAE2 F6XR42,F6Z1I4,F6TL72,F6X3S7,F6SQ43,F6XEB4,F6S8L9,F6VTW3
11856 G1TIX5,G1SZT9,G1TVU3,G1SWA1,G1SKM1,G1SDY5,G1SMY6,G1TAE2 F6XR42,F6Z1I4,F6TL72,F6V852,F6SQ43,F6XEB4,F6S8L9,F6VTW3
9511 G1TVU3,G1TIX5,G1SZE4,G1SZT9,G1SZR6,G1SFK3,G1TAE2,G1SDY5 F6TL72,F6XR42,F7DFR6,F6Z1I4,F7AK40,F6YZH1,F6VTW3,F6XEB4
9511 G1TVU3,G1TIX5,G1SZE4,G1SZT9,G1SZR6,G1SFK3,G1TAE2,G1SDY5 F6YYG4,F7AK40,F7DFR6,F7A2J7,F6XR42,F6YZH1,F6VTW3,F6XEB4
9511 G1TVU3,G1TIX5,G1SZE4,G1SZT9,G1SZR6,G1SFK3,G1TAE2,G1SDY5 F6TL72,F6XR42,F7DFR6,F6Z1I4,F7AK40,F7BXZ1,F6VTW3,F6XEB4
9511 G1TVU3,G1TIX5,G1SZE4,G1SZT9,G1SZR6,G1U419,G1TAE2,G1SDY5 F6TL72,F6XR42,F7DFR6,F6Z1I4,F7AK40,F6YZH1,F6VTW3,F6XEB4
9511 G1TVU3,G1TIX5,G1SZE4,G1SZT9,G1SZR6,G1U419,G1TAE2,G1SDY5 F6YYG4,F7AK40,F7DFR6,F7A2J7,F6XR42,F6YZH1,F6VTW3,F6XEB4
9511 G1TVU3,G1TIX5,G1SZE4,G1SZT9,G1SZR6,G1U419,G1TAE2,G1SDY5 F6TL72,F6XR42,F7DFR6,F6Z1I4,F7AK40,F7BXZ1,F6VTW3,F6XEB4
9511 G1TVU3,G1SZR6,G1SZE4,G1SIC9,G1TIX5,G1TQ35,G1TAE2,G1SDY5 F6YYG4,F7AK40,F7DFR6,F7A2J7,F6XR42,F6VB17,F6VTW3,F6XEB4
9511 G1TVU3,G1SZR6,G1SZE4,G1SIC9,G1TIX5,G1TQ35,G1TAE2,G1SDY5 F6YYG4,F7AK40,F7DFR6,F7A2J7,F6XR42,F6UFM6,F6VTW3,F6XEB4
9511 G1TVU3,G1TIX5,G1SZE4,G1SZT9,G1SZR6,G1SE50,G1TAE2,G1SDY5 F6TL72,F6XR42,F7DFR6,F6Z1I4,F7AK40,F6U9I3,F6VTW3,F6XEB4
9511 G1TVU3,G1TIX5,G1SZE4,G1SZT9,G1SZR6,G1SE50,G1TAE2,G1SDY5 F6TL72,F6XR42,F7DFR6,F6Z1I4,F7AK40,F7AQZ6,F6VTW3,F6XEB4
9511 G1TVU3,G1TIX5,G1SZE4,G1SZT9,G1SZR6,G1SE50,G1TAE2,G1SDY5 F6TL72,F6XR42,F7DFR6,F6Z1I4,F7AK40,F6V852,F6VTW3,F6XEB4
9511 G1TVU3,G1TIX5,G1SZE4,G1SZT9,G1SZR6,G1TAF8,G1TAE2,G1SDY5 F6TL72,F6XR42,F7DFR6,F6Z1I4,F7AK40,F6U9I3,F6VTW3,F6XEB4
9511 G1TVU3,G1TIX5,G1SZE4,G1SZT9,G1SZR6,G1TAF8,G1TAE2,G1SDY5 F6TL72,F6XR42,F7DFR6,F6Z1I4,F7AK40,F7AQZ6,F6VTW3,F6XEB4
9511 G1TVU3,G1TIX5,G1SZE4,G1SZT9,G1SZR6,G1TAF8,G1TAE2,G1SDY5 F6TL72,F6XR42,F7DFR6,F6Z1I4,F7AK40,F6V852,F6VTW3,F6XEB4
9511 G1TVU3,G1TIX5,G1SZE4,G1SZT9,G1SZR6,G1TTN9,G1TAE2,G1SDY5 F6TL72,F6XR42,F7DFR6,F6Z1I4,F7AK40,F6PPE5,F6VTW3,F6XEB4
9511 G1TVU3,G1TIX5,G1SZE4,G1SZT9,G1SZR6,G1TTN9,G1TAE2,G1SDY5 F6YYG4,F7AK40,F7DFR6,F7A2J7,F6XR42,F6UFM6,F6VTW3,F6XEB4
9511 G1TVU3,G1TIX5,G1SZE4,G1SZT9,G1SZR6,G1SZA8,G1TAE2,G1SDY5 F6YYG4,F7AK40,F7DFR6,F7A2J7,F6XR42,F6VB17,F6VTW3,F6XEB4
9511 G1TVU3,G1TIX5,G1SZE4,G1SZT9,G1SZR6,G1SZA8,G1TAE2,G1SDY5 F6YYG4,F7AK40,F7DFR6,F7A2J7,F6XR42,F6UFM6,F6VTW3,F6XEB4
9511 G1TVU3,G1TIX5,G1SZE4,G1SZT9,G1SZR6,G1TH06,G1TAE2,G1SDY5 F6TL72,F6XR42,F7DFR6,F6Z1I4,F7AK40,F6PPE5,F6VTW3,F6XEB4
9511 G1TVU3,G1TIX5,G1SZE4,G1SZT9,G1SZR6,G1TH06,G1TAE2,G1SDY5 F6YYG4,F7AK40,F7DFR6,F7A2J7,F6XR42,F6VB17,F6VTW3,F6XEB4
9511 G1TVU3,G1TIX5,G1SZE4,G1SZT9,G1SZR6,G1TH06,G1TAE2,G1SDY5 F6YYG4,F7AK40,F7DFR6,F7A2J7,F6XR42,F6UFM6,F6VTW3,F6XEB4
8389 G1SZR6,G1SZE4,G1T1X7,G1TVU3,G1SIC9,G1TAE2,G1SDY5,G1SZT9 F7AK40,F7DFR6,F6ZAV3,F6TL72,F7A2J7,F6VTW3,F6XEB4,F6Z1I4
8389 G1SZR6,G1SZE4,G1T1X7,G1TVU3,G1SIC9,G1TAE2,G1SDY5,G1SZT9 F7AK40,F7DFR6,F6UJY8,F6TL72,F7A2J7,F6VTW3,F6XEB4,F6Z1I4
8389 G1SZR6,G1SZE4,G1T1X7,G1TVU3,G1SIC9,G1TAE2,G1SDY5,G1SZT9 F7AK40,F7DFR6,F6YLA3,F6TL72,F7A2J7,F6VTW3,F6XEB4,F6Z1I4
8389 G1SZR6,G1SZE4,G1TD98,G1TVU3,G1SIC9,G1TAE2,G1SDY5,G1SZT9 F7AK40,F7DFR6,F6ZAV3,F6TL72,F7A2J7,F6VTW3,F6XEB4,F6Z1I4
8389 G1SZR6,G1SZE4,G1TD98,G1TVU3,G1SIC9,G1TAE2,G1SDY5,G1SZT9 F7AK40,F7DFR6,F6WXA6,F6TL72,F7A2J7,F6VTW3,F6XEB4,F6Z1I4
8389 G1SZR6,G1SZE4,G1TD98,G1TVU3,G1SIC9,G1TAE2,G1SDY5,G1SZT9 F7AK40,F7DFR6,F6UJY8,F6TL72,F7A2J7,F6VTW3,F6XEB4,F6Z1I4
8389 G1SZR6,G1SZE4,G1TD98,G1TVU3,G1SIC9,G1TAE2,G1SDY5,G1SZT9 F7AK40,F7DFR6,F6YLA3,F6TL72,F7A2J7,F6VTW3,F6XEB4,F6Z1I4
8389 G1SZR6,G1SZE4,G1STC9,G1TVU3,G1SIC9,G1TAE2,G1SDY5,G1SZT9 F7AK40,F7DFR6,F6ZAV3,F6TL72,F7A2J7,F6VTW3,F6XEB4,F6Z1I4
8389 G1SZR6,G1SZE4,G1STC9,G1TVU3,G1SIC9,G1TAE2,G1SDY5,G1SZT9 F7AK40,F7DFR6,F6WXA6,F6TL72,F7A2J7,F6VTW3,F6XEB4,F6Z1I4
8389 G1SZR6,G1SZE4,G1STC9,G1TVU3,G1SIC9,G1TAE2,G1SDY5,G1SZT9 F7AK40,F7DFR6,F6UJY8,F6TL72,F7A2J7,F6VTW3,F6XEB4,F6Z1I4
8389 G1SZR6,G1SZE4,G1STC9,G1TVU3,G1SIC9,G1TAE2,G1SDY5,G1SZT9 F7AK40,F7DFR6,F6YLA3,F6TL72,F7A2J7,F6VTW3,F6XEB4,F6Z1I4
8389 G1SZR6,G1SZE4,G1TQT7,G1TVU3,G1SIC9,G1TAE2,G1SDY5,G1SZT9 F7AK40,F7DFR6,F6ZAV3,F6TL72,F7A2J7,F6VTW3,F6XEB4,F6Z1I4
8389 G1SZR6,G1SZE4,G1TQT7,G1TVU3,G1SIC9,G1TAE2,G1SDY5,G1SZT9 F7AK40,F7DFR6,F6UJY8,F6TL72,F7A2J7,F6VTW3,F6XEB4,F6Z1I4
8389 G1SZR6,G1SZE4,G1TQT7,G1TVU3,G1SIC9,G1TAE2,G1SDY5,G1SZT9 F7AK40,F7DFR6,F6YLA3,F6TL72,F7A2J7,F6VTW3,F6XEB4,F6Z1I4
8389 G1SZR6,G1SZE4,G1SP27,G1TVU3,G1SIC9,G1TAE2,G1SDY5,G1SZT9 F7AK40,F7DFR6,F7AK88,F6TL72,F7A2J7,F6VTW3,F6XEB4,F6Z1I4
8389 G1SZR6,G1SZE4,G1SF70,G1TVU3,G1SIC9,G1TAE2,G1SDY5,G1SZT9 F7AK40,F7DFR6,F6XFN5,F6TL72,F7A2J7,F6VTW3,F6XEB4,F6Z1I4
8389 G1SZR6,G1SZE4,G1SF70,G1TVU3,G1SIC9,G1TAE2,G1SDY5,G1SZT9 F7AK40,F7DFR6,F7AK88,F6TL72,F7A2J7,F6VTW3,F6XEB4,F6Z1I4
8389 G1TVU3,G1SZE4,G1T0P6,G1SZR6,G1SIC9,G1TAE2,G1SDY5,G1SMY6 F7AK40,F7DFR6,F6UJY8,F6TL72,F7A2J7,F6VTW3,F6XEB4,F6Z1I4
8389 G1SZR6,G1SZE4,G1T9C2,G1TVU3,G1SIC9,G1TAE2,G1SDY5,G1SZT9 F7AK40,F7DFR6,F6UJY8,F6TL72,F7A2J7,F6VTW3,F6XEB4,F6Z1I4
9495 G1TVU3,G1TIX5,G1SZE4,G1SZT9,G1SZR6,G1SSF7,G1TAE2,G1SDY5 F6TL72,F6XR42,F7DFR6,F6Z1I4,F7AK40,F7DR40,F6VTW3,F6XEB4
9495 G1TVU3,G1TIX5,G1SZE4,G1SZT9,G1SZR6,G1SSF7,G1TAE2,G1SDY5 F6TL72,F6XR42,F7DFR6,F6Z1I4,F7AK40,F7CZ92,F6VTW3,F6XEB4
9495 G1TVU3,G1TIX5,G1SZE4,G1SZT9,G1SZR6,G1SSF7,G1TAE2,G1SDY5 F6TL72,F6XR42,F7DFR6,F6Z1I4,F7AK40,F7BME5,F6VTW3,F6XEB4
9495 G1TVU3,G1TIX5,G1SZE4,G1SZT9,G1SZR6,G1SSF7,G1TAE2,G1SDY5 F6TL72,F6XR42,F7DFR6,F6Z1I4,F7AK40,F7CIM1,F6VTW3,F6XEB4
9495 G1TVU3,G1TIX5,G1SZE4,G1SZT9,G1SZR6,G1SSF7,G1TAE2,G1SDY5 F6TL72,F6XR42,F7DFR6,F6Z1I4,F7AK40,F6YM88,F6VTW3,F6XEB4
9495 G1TVU3,G1TIX5,G1SZE4,G1SZT9,G1SZR6,G1SSF7,G1TAE2,G1SDY5 F6YYG4,F7AK40,F7DFR6,F7A2J7,F6XR42,F6ZI51,F6VTW3,F6XEB4
9495 G1TVU3,G1TIX5,G1SZE4,G1SZT9,G1SZR6,G1SSF7,G1TAE2,G1SDY5 F6YYG4,F7AK40,F7DFR6,F7A2J7,F6XR42,F6R2I7,F6VTW3,F6XEB4
9495 G1TVU3,G1TIX5,G1SZE4,G1SZT9,G1SZR6,G1SL62,G1TAE2,G1SDY5 F6TL72,F6XR42,F7DFR6,F6Z1I4,F7AK40,F7CZ92,F6VTW3,F6XEB4
9495 G1TVU3,G1TIX5,G1SZE4,G1SZT9,G1SZR6,G1SL62,G1TAE2,G1SDY5 F6TL72,F6XR42,F7DFR6,F6Z1I4,F7AK40,F6YQU0,F6VTW3,F6XEB4
9495 G1TVU3,G1TIX5,G1SZE4,G1SZT9,G1SZR6,G1SL62,G1TAE2,G1SDY5 F6YYG4,F7AK40,F7DFR6,F7A2J7,F6XR42,F6ZI51,F6VTW3,F6XEB4
9495 G1TVU3,G1TIX5,G1SZE4,G1SZT9,G1SZR6,G1SL62,G1TAE2,G1SDY5 F6YYG4,F7AK40,F7DFR6,F7A2J7,F6XR42,F6R2I7,F6VTW3,F6XEB4
9495 G1TVU3,G1TIX5,G1SZE4,G1SZT9,G1SZR6,G1SPJ5,G1TAE2,G1SDY5 F6TL72,F6XR42,F7DFR6,F6Z1I4,F7AK40,F7CZ92,F6VTW3,F6XEB4
9495 G1TVU3,G1TIX5,G1SZE4,G1SZT9,G1SZR6,G1SPJ5,G1TAE2,G1SDY5 F6TL72,F6XR42,F7DFR6,F6Z1I4,F7AK40,F6YQU0,F6VTW3,F6XEB4
9495 G1TVU3,G1TIX5,G1SZE4,G1SZT9,G1SZR6,G1SPJ5,G1TAE2,G1SDY5 F6TL72,F6XR42,F7DFR6,F6Z1I4,F7AK40,F7CIM1,F6VTW3,F6XEB4
9495 G1TVU3,G1TIX5,G1SZE4,G1SZT9,G1SZR6,G1SPJ5,G1TAE2,G1SDY5 F6YYG4,F7AK40,F7DFR6,F7A2J7,F6XR42,F6ZI51,F6VTW3,F6XEB4
9495 G1TVU3,G1TIX5,G1SZE4,G1SZT9,G1SZR6,G1SPJ5,G1TAE2,G1SDY5 F6YYG4,F7AK40,F7DFR6,F7A2J7,F6XR42,F6R2I7,F6VTW3,F6XEB4
9495 G1TVU3,G1TIX5,G1SZE4,G1SZT9,G1SZR6,G1TCW1,G1TAE2,G1SDY5 F6TL72,F6XR42,F7DFR6,F6Z1I4,F7AK40,F6YQU0,F6VTW3,F6XEB4
4547 G1SZR6,G1T143,G1SIC9,G1T1R4,G1SZE4,G1TVU3,G1SDY5,G1TAE2 F7AK40,F6YYG4,F7A2J7,F6WQ37,F7DFR6,F6TL72,F6XEB4,F6VTW3
4547 G1SZR6,G1T143,G1SIC9,G1T1R4,G1SZE4,G1TVU3,G1SDY5,G1TAE2 F7AK40,F6TL72,F7A2J7,F7BIV4,F7DFR6,F6YYG4,F6XEB4,F6VTW3
4547 G1SZR6,G1T143,G1SIC9,U3KMD1,G1SZE4,G1TVU3,G1SDY5,G1TAE2 F7AK40,F6TL72,F7A2J7,F6QV03,F7DFR6,F6YYG4,F6XEB4,F6VTW3
4547 G1SZR6,G1T143,G1SIC9,U3KMD1,G1SZE4,G1TVU3,G1SDY5,G1TAE2 F7AK40,F6TL72,F7A2J7,F6QD46,F7DFR6,F6YYG4,F6XEB4,F6VTW3
4547 G1SZR6,G1T143,G1SIC9,G1TJ26,G1SZE4,G1TVU3,G1SDY5,G1TAE2 F7AK40,F6TL72,F7A2J7,F7CS30,F7DFR6,F6YYG4,F6XEB4,F6VTW3
4547 G1SZR6,G1T143,G1SIC9,G1TJ26,G1SZE4,G1TVU3,G1SDY5,G1TAE2 F7AK40,F6TL72,F7A2J7,F6QV03,F7DFR6,F6YYG4,F6XEB4,F6VTW3
4547 G1SZR6,G1T143,G1SIC9,G1TJ26,G1SZE4,G1TVU3,G1SDY5,G1TAE2 F7AK40,F6TL72,F7A2J7,F6ZZA7,F7DFR6,F6YYG4,F6XEB4,F6VTW3
4547 G1SZR6,G1T143,G1SIC9,G1U315,G1SZE4,G1TVU3,G1SDY5,G1TAE2 F7AK40,F6TL72,F7A2J7,F7CS30,F7DFR6,F6YYG4,F6XEB4,F6VTW3
4547 G1SZR6,G1T143,G1SIC9,G1U315,G1SZE4,G1TVU3,G1SDY5,G1TAE2 F7AK40,F6TL72,F7A2J7,F6QV03,F7DFR6,F6YYG4,F6XEB4,F6VTW3
4547 G1SZR6,G1T143,G1SIC9,G1U315,G1SZE4,G1TVU3,G1SDY5,G1TAE2 F7AK40,F6TL72,F7A2J7,F6QD46,F7DFR6,F6YYG4,F6XEB4,F6VTW3
4547 G1SZR6,G1T143,G1SIC9,G1U315,G1SZE4,G1TVU3,G1SDY5,G1TAE2 F7AK40,F6TL72,F7A2J7,F6ZZA7,F7DFR6,F6YYG4,F6XEB4,F6VTW3
4547 G1SZR6,G1T143,G1SIC9,G1T6W0,G1SZE4,G1TVU3,G1SDY5,G1TAE2 F7AK40,F6TL72,F7A2J7,F7CYY7,F7DFR6,F6YYG4,F6XEB4,F6VTW3
4547 G1SZR6,G1T143,G1SIC9,G1T6W0,G1SZE4,G1TVU3,G1SDY5,G1TAE2 F7AK40,F6TL72,F7A2J7,F7BG55,F7DFR6,F6YYG4,F6XEB4,F6VTW3
4547 G1SZR6,G1T143,G1SIC9,G1TCL2,G1SZE4,G1TVU3,G1SDY5,G1TAE2 F7AK40,F6TL72,F7A2J7,F7CYY7,F7DFR6,F6YYG4,F6XEB4,F6VTW3
4547 G1SZR6,G1T143,G1SIC9,G1TCL2,G1SZE4,G1TVU3,G1SDY5,G1TAE2 F7AK40,F6TL72,F7A2J7,F7BG55,F7DFR6,F6YYG4,F6XEB4,F6VTW3
9278 G1TVU3,G1SZR6,G1SZE4,G1SIC9,G1TIX5,G1T1R4,G1TAE2,G1SDY5 F6TL72,F7AK40,F7DFR6,F7A2J7,F6XR42,F6WQ37,F6VTW3,F6XEB4
9278 G1TVU3,G1SZR6,G1SZE4,G1SIC9,G1TIX5,G1T1R4,G1TAE2,G1SDY5 F6TL72,F7AK40,F7DFR6,F7A2J7,F6XR42,F7CAI5,F6VTW3,F6XEB4
9278 G1TVU3,G1SZR6,G1SZE4,G1SIC9,G1TIX5,G1T1R4,G1TAE2,G1SDY5 F6YYG4,F7AK40,F7DFR6,F7A2J7,F6XR42,F6WPN5,F6VTW3,F6XEB4
9278 G1TVU3,G1SZR6,G1SZE4,G1SIC9,G1TIX5,G1T1R4,G1TAE2,G1SDY5 F6TL72,F7AK40,F7DFR6,F7A2J7,F6XR42,F6WPN5,F6VTW3,F6XEB4
9278 G1TVU3,G1SZR6,G1SZE4,G1SIC9,G1TIX5,G1TJ26,G1TAE2,G1SDY5 F6YYG4,F7AK40,F7DFR6,F7A2J7,F6XR42,F7CS30,F6VTW3,F6XEB4
9278 G1TVU3,G1SZR6,G1SZE4,G1SIC9,G1TIX5,G1TJ26,G1TAE2,G1SDY5 F6TL72,F7AK40,F7DFR6,F7A2J7,F6XR42,F6PTV7,F6VTW3,F6XEB4
9278 G1TVU3,G1SZR6,G1SZE4,G1SIC9,G1TIX5,G1TJ26,G1TAE2,G1SDY5 F6TL72,F7AK40,F7DFR6,F7A2J7,F6XR42,F6QR51,F6VTW3,F6XEB4
9278 G1TVU3,G1SZR6,G1SZE4,G1SIC9,G1TIX5,G1TJ26,G1TAE2,G1SDY5 F6YYG4,F7AK40,F7DFR6,F7A2J7,F6XR42,F6ZZA7,F6VTW3,F6XEB4
9278 G1TVU3,G1SZR6,G1SZE4,G1SIC9,G1TIX5,G1U315,G1TAE2,G1SDY5 F6YYG4,F7AK40,F7DFR6,F7A2J7,F6XR42,F7CS30,F6VTW3,F6XEB4
9278 G1TVU3,G1SZR6,G1SZE4,G1SIC9,G1TIX5,G1U315,G1TAE2,G1SDY5 F6TL72,F7AK40,F7DFR6,F7A2J7,F6XR42,F6PTV7,F6VTW3,F6XEB4
9278 G1TVU3,G1SZR6,G1SZE4,G1SIC9,G1TIX5,G1U315,G1TAE2,G1SDY5 F6TL72,F7AK40,F7DFR6,F7A2J7,F6XR42,F6QR51,F6VTW3,F6XEB4
9278 G1TVU3,G1SZR6,G1SZE4,G1SIC9,G1TIX5,G1U315,G1TAE2,G1SDY5 F6YYG4,F7AK40,F7DFR6,F7A2J7,F6XR42,F6ZZA7,F6VTW3,F6XEB4
9278 G1TVU3,G1SZR6,G1SZE4,G1SIC9,G1TIX5,G1THZ1,G1TAE2,G1SDY5 F6YYG4,F7AK40,F7DFR6,F7A2J7,F6XR42,F7CS30,F6VTW3,F6XEB4
9278 G1TVU3,G1SZR6,G1SZE4,G1SIC9,G1TIX5,G1THZ1,G1TAE2,G1SDY5 F6TL72,F7AK40,F7DFR6,F7A2J7,F6XR42,F6PTV7,F6VTW3,F6XEB4
9278 G1TVU3,G1SZR6,G1SZE4,G1SIC9,G1TIX5,G1THZ1,G1TAE2,G1SDY5 F6TL72,F7AK40,F7DFR6,F7A2J7,F6XR42,F6QR51,F6VTW3,F6XEB4
9278 G1TVU3,G1SZR6,G1SZE4,G1SIC9,G1TIX5,G1THZ1,G1TAE2,G1SDY5 F6YYG4,F7AK40,F7DFR6,F7A2J7,F6XR42,F6ZZA7,F6VTW3,F6XEB4
9278 G1TVU3,G1SZR6,G1SZE4,G1SIC9,G1TIX5,G1TCL2,G1TAE2,G1SDY5 F6YYG4,F7AK40,F7DFR6,F7A2J7,F6XR42,F7BG55,F6VTW3,F6XEB4
8819 G1SZR6,G1SIC9,G1T1R4,G1TVU3,G1SMY6,G1SZE4,G1SDY5,G1TAE2 F7AK40,F7A2J7,F6WQ37,F6TL72,F6S8L9,F7DFR6,F6XEB4,F6VTW3
8819 G1SZR6,G1SIC9,G1T1R4,G1TVU3,G1SMY6,G1SZE4,G1SDY5,G1TAE2 F7AK40,F7A2J7,F7BIV4,F6YYG4,F6S8L9,F7DFR6,F6XEB4,F6VTW3
8819 G1SZR6,G1SIC9,G1T1R4,G1TVU3,G1SMY6,G1SZE4,G1SDY5,G1TAE2 F7AK40,F7A2J7,F6WPN5,F6YYG4,F6S8L9,F7DFR6,F6XEB4,F6VTW3
8819 G1SZR6,G1SIC9,G1T1R4,G1TVU3,G1SMY6,G1SZE4,G1SDY5,G1TAE2 F7AK40,F7A2J7,F6WPN5,F6TL72,F6S8L9,F7DFR6,F6XEB4,F6VTW3
8819 G1SZR6,G1SIC9,G1SJX1,G1T143,G1SMY6,G1SZE4,G1SDY5,G1TAE2 F7AK40,F7A2J7,F6QD46,F6YYG4,F6S8L9,F7DFR6,F6XEB4,F6VTW3
8819 G1SZR6,G1SIC9,G1SDW8,G1T143,G1SMY6,G1SZE4,G1SDY5,G1TAE2 F7AK40,F7A2J7,F7CAI5,F6TL72,F6S8L9,F7DFR6,F6XEB4,F6VTW3
8819 G1SZR6,G1SIC9,G1SDW8,G1T143,G1SMY6,G1SZE4,G1SDY5,G1TAE2 F7AK40,F7A2J7,F7CS30,F6YYG4,F6S8L9,F7DFR6,F6XEB4,F6VTW3
8819 G1SZR6,G1SIC9,G1SDW8,G1T143,G1SMY6,G1SZE4,G1SDY5,G1TAE2 F7AK40,F7A2J7,F6QV03,F6YYG4,F6S8L9,F7DFR6,F6XEB4,F6VTW3
8819 G1SZR6,G1SIC9,G1SDW8,G1T143,G1SMY6,G1SZE4,G1SDY5,G1TAE2 F7AK40,F7A2J7,F6PTV7,F6TL72,F6S8L9,F7DFR6,F6XEB4,F6VTW3
8819 G1SZR6,G1SIC9,G1SDW8,G1T143,G1SMY6,G1SZE4,G1SDY5,G1TAE2 F7AK40,F7A2J7,F6ZZA7,F6YYG4,F6S8L9,F7DFR6,F6XEB4,F6VTW3
8819 G1SZR6,G1SIC9,G1TJ26,G1TVU3,G1SMY6,G1SZE4,G1SDY5,G1TAE2 F7AK40,F7A2J7,F7CS30,F6YYG4,F6S8L9,F7DFR6,F6XEB4,F6VTW3
8819 G1SZR6,G1SIC9,G1TJ26,G1TVU3,G1SMY6,G1SZE4,G1SDY5,G1TAE2 F7AK40,F7A2J7,F6QV03,F6YYG4,F6S8L9,F7DFR6,F6XEB4,F6VTW3
8819 G1SZR6,G1SIC9,G1TJ26,G1TVU3,G1SMY6,G1SZE4,G1SDY5,G1TAE2 F7AK40,F7A2J7,F6QD46,F6YYG4,F6S8L9,F7DFR6,F6XEB4,F6VTW3
8819 G1SZR6,G1SIC9,G1TJ26,G1TVU3,G1SMY6,G1SZE4,G1SDY5,G1TAE2 F7AK40,F7A2J7,F6PTV7,F6TL72,F6S8L9,F7DFR6,F6XEB4,F6VTW3
8819 G1SZR6,G1SIC9,G1TJ26,G1TVU3,G1SMY6,G1SZE4,G1SDY5,G1TAE2 F7AK40,F7A2J7,F6ZZA7,F6YYG4,F6S8L9,F7DFR6,F6XEB4,F6VTW3
8819 G1SZR6,G1SIC9,G1TV31,G1T143,G1SMY6,G1SZE4,G1SDY5,G1TAE2 F7AK40,F7A2J7,F7CYY7,F6YYG4,F6S8L9,F7DFR6,F6XEB4,F6VTW3
8819 G1SZR6,G1SIC9,G1TV31,G1T143,G1SMY6,G1SZE4,G1SDY5,G1TAE2 F7AK40,F7A2J7,F6QD46,F6YYG4,F6S8L9,F7DFR6,F6XEB4,F6VTW3
8819 G1SZR6,G1SIC9,G1TV31,G1T143,G1SMY6,G1SZE4,G1SDY5,G1TAE2 F7AK40,F7A2J7,F7BG55,F6YYG4,F6S8L9,F7DFR6,F6XEB4,F6VTW3
8819 G1SZR6,G1SIC9,G1TJI4,G1T143,G1SMY6,G1SZE4,G1SDY5,G1TAE2 F7AK40,F7A2J7,F7CAI5,F6TL72,F6S8L9,F7DFR6,F6XEB4,F6VTW3
8819 G1SZR6,G1SIC9,G1TJI4,G1T143,G1SMY6,G1SZE4,G1SDY5,G1TAE2 F7AK40,F7A2J7,F6PTV7,F6TL72,F6S8L9,F7DFR6,F6XEB4,F6VTW3
8819 G1SZR6,G1SIC9,G1TCL2,G1TVU3,G1SMY6,G1SZE4,G1SDY5,G1TAE2 F7AK40,F7A2J7,F7CYY7,F6YYG4,F6S8L9,F7DFR6,F6XEB4,F6VTW3
8819 G1SZR6,G1SIC9,G1TCL2,G1TVU3,G1SMY6,G1SZE4,G1SDY5,G1TAE2 F7AK40,F7A2J7,F7BG55,F6YYG4,F6S8L9,F7DFR6,F6XEB4,F6VTW3
9279 G1TVU3,G1SZE4,G1SZR6,G1TIX5,G1SIC9,G1U2Y0,G1SMY6,G1SDY5 F7DFR6,F6YYG4,F7AK40,F6XR42,F6SQ43,F7ACY5,F6S8L9,F6XEB4
9279 G1TVU3,G1SZE4,G1SZR6,G1TIX5,G1SIC9,G1SYT2,G1SMY6,G1SDY5 F7DFR6,F6YYG4,F7AK40,F6XR42,F6SQ43,F6PIA4,F6S8L9,F6XEB4
9648 G1TVU3,G1SZE4,G1SZR6,G1TIX5,G1SIC9,G1TAE2,G1SZM2,G1SDY5 F6YYG4,F7DFR6,F7AK40,F6XR42,F7A2J7,F6VTW3,F6XL78,F6XEB4
9648 G1TVU3,G1SZE4,G1SZR6,G1TIX5,G1SIC9,G1TAE2,G1SZM2,G1SDY5 F6YYG4,F7DFR6,F6WY43,F6XR42,F7A2J7,F6VTW3,F6XL78,F6XEB4
9648 G1TVU3,G1SZE4,G1SZR6,G1TIX5,G1SIC9,G1TAE2,G1T082,G1SDY5 F6YYG4,F7DFR6,F7AK40,F6XR42,F7A2J7,F6VTW3,F6S5X4,F6XEB4
9648 G1TVU3,G1SZE4,G1SZR6,G1TIX5,G1SIC9,G1TAE2,G1T082,G1SDY5 F6YYG4,F7DFR6,F7AK40,F6XR42,F7A2J7,F6VTW3,F7CW82,F6XEB4
9648 G1TVU3,G1SZE4,G1SZR6,G1TIX5,G1SIC9,G1TAE2,G1T082,G1SDY5 F6YYG4,F7DFR6,F7AK40,F6XR42,F7A2J7,F6VTW3,F7D7T6,F6XEB4
9648 G1TVU3,G1SZE4,G1SZR6,G1TIX5,G1SIC9,G1TAE2,G1T082,G1SDY5 F6YYG4,F7DFR6,F7AK40,F6XR42,F7A2J7,F6VTW3,F6SX98,F6XEB4
9648 G1TVU3,G1SZE4,G1SZR6,G1TIX5,G1SIC9,G1TAE2,G1T082,G1SDY5 F6YYG4,F7DFR6,F7AK40,F6XR42,F7A2J7,F6VTW3,F7BFW6,F6XEB4
9648 G1TVU3,G1SZE4,G1SZR6,G1TIX5,G1SIC9,G1TAE2,G1SML6,G1SDY5 F6YYG4,F7DFR6,F7AK40,F6XR42,F7A2J7,F6VTW3,F6XL78,F6XEB4
9648 G1TVU3,G1SZE4,G1SZR6,G1TIX5,G1SIC9,G1TAE2,A0A0A0MQP7,G1SDY5 F6YYG4,F7DFR6,F7AK40,F6XR42,F7A2J7,F6VTW3,F6S5X4,F6XEB4
9648 G1TVU3,G1SZE4,G1SZR6,G1TIX5,G1SIC9,G1TAE2,A0A0A0MQP7,G1SDY5 F6YYG4,F7DFR6,F7AK40,F6XR42,F7A2J7,F6VTW3,F7CW82,F6XEB4
9648 G1TVU3,G1SZE4,G1SZR6,G1TIX5,G1SIC9,G1TAE2,A0A0A0MQP7,G1SDY5 F6YYG4,F7DFR6,F7AK40,F6XR42,F7A2J7,F6VTW3,F7D7T6,F6XEB4
9648 G1TVU3,G1SZE4,G1SZR6,G1TIX5,G1SIC9,G1TAE2,A0A0A0MQP7,G1SDY5 F6YYG4,F7DFR6,F7AK40,F6XR42,F7A2J7,F6VTW3,F6SX98,F6XEB4
9648 G1TVU3,G1SZE4,G1SZR6,G1TIX5,G1SIC9,G1TAE2,A0A0A0MQP7,G1SDY5 F6YYG4,F7DFR6,F7AK40,F6XR42,F7A2J7,F6VTW3,F7BFW6,F6XEB4
9648 G1TVU3,G1SZE4,G1SZR6,G1TIX5,G1SIC9,G1TAE2,G1TRI5,G1SDY5 F6YYG4,F7DFR6,F7AK40,F6XR42,F7A2J7,F6VTW3,F6SLQ7,F6XEB4
9648 G1TVU3,G1SZE4,G1SZR6,G1TIX5,G1SIC9,G1TAE2,G1TRI5,G1SDY5 F6YYG4,F7DFR6,F7AK40,F6XR42,F7A2J7,F6VTW3,F6S5X4,F6XEB4
9648 G1TVU3,G1SZE4,G1SZR6,G1TIX5,G1SIC9,G1TAE2,G1TRI5,G1SDY5 F6YYG4,F7DFR6,F7AK40,F6XR42,F7A2J7,F6VTW3,F7CW82,F6XEB4
9648 G1TVU3,G1SZE4,G1SZR6,G1TIX5,G1SIC9,G1TAE2,G1TRI5,G1SDY5 F6YYG4,F7DFR6,F7AK40,F6XR42,F7A2J7,F6VTW3,F7D7T6,F6XEB4
9648 G1TVU3,G1SZE4,G1SZR6,G1TIX5,G1SIC9,G1TAE2,G1TRI5,G1SDY5 F6YYG4,F7DFR6,F7AK40,F6XR42,F7A2J7,F6VTW3,F6SX98,F6XEB4
9648 G1TVU3,G1SZE4,G1SZR6,G1TIX5,G1SIC9,G1TAE2,G1TRI5,G1SDY5 F6YYG4,F7DFR6,F7AK40,F6XR42,F7A2J7,F6VTW3,F7BFW6,F6XEB4
11552 G1SZE4,G1SKM1,G1TAE2,G1T143,G1TVU3,G1U198,G1SDY5,G1SIC9 F7DFR6,F6SQ43,F6VTW3,F6TL72,F6YYG4,F6T8H1,F6XEB4,F7A2J7
11552 G1SZE4,G1SKM1,G1TAE2,G1T143,G1TVU3,G1TBZ1,G1SDY5,G1SIC9 F7DFR6,F6SQ43,F6VTW3,F6TL72,F6YYG4,F7CYJ4,F6XEB4,F7A2J7
11552 G1SZE4,G1SKM1,G1TAE2,G1T143,G1TVU3,G1TRZ8,G1SDY5,G1SIC9 F7DFR6,F6SQ43,F6VTW3,F6TL72,F6YYG4,F6QPD5,F6XEB4,F7A2J7
10622 G1SZE4,G1TVU3,G1TIX5,G1SZR6,G1TAE2,G1SZM2,G1SMY6,G1SDY5 F7DFR6,F6YYG4,F6XR42,F7AK40,F6VTW3,F6XL78,F6S8L9,F6XEB4
10622 G1SZE4,G1TVU3,G1TIX5,G1SZR6,G1TAE2,G1SZM2,G1SMY6,G1SDY5 F7DFR6,F6YYG4,F6XR42,F7AK40,F6VTW3,F6XL78,F6S8L9,Q9GKX7
10623 G1SZR6,G1TVU3,G1SIC9,G1SZE4,G1SMY6,G1TP83,G1TAE2,G1SDY5 F7AK40,F6YYG4,F7A2J7,F7DFR6,F6S8L9,F6R3Q3,F6VTW3,F6XEB4
10623 G1SZR6,G1TVU3,G1SIC9,G1SZE4,G1SMY6,G1TP83,G1TAE2,G1SDY5 F7AK40,F6YYG4,F7A2J7,F7DFR6,F6S8L9,F6RJN1,F6VTW3,F6XEB4
10623 G1SZR6,G1TVU3,G1SIC9,G1SZE4,G1SMY6,G1TP83,G1TAE2,G1SDY5 F7AK40,F6YYG4,F7A2J7,F7DFR6,F6S8L9,F6PQG5,F6VTW3,F6XEB4
10623 G1SZR6,G1T143,G1SIC9,G1SZE4,G1SMY6,G1TN62,G1TAE2,G1SDY5 F7AK40,F6YYG4,F7A2J7,F7DFR6,F6S8L9,F6YZX2,F6VTW3,F6XEB4
9410 G1TIX5,G1SZE4,G1TVU3,G1SCY4,G1SZT9,G1SKM1,G1TAE2,G1SIC9 F6XR42,F7DFR6,F6TL72,F6XXS9,F6Z1I4,F6SQ43,F6VTW3,F7A2J7
9410 G1TIX5,G1SZE4,G1TVU3,G1SCY4,G1SZT9,G1SKM1,G1TAE2,G1SIC9 F6XR42,F7DFR6,F6TL72,F6XFN5,F6Z1I4,F6SQ43,F6VTW3,F7A2J7
9410 G1TIX5,G1SZE4,G1TVU3,G1SCY4,G1SZT9,G1SKM1,G1TAE2,G1SIC9 F6XR42,F7DFR6,F6TL72,F6X3S7,F6Z1I4,F6SQ43,F6VTW3,F7A2J7
9410 G1TIX5,G1SZE4,G1TVU3,G1SQK0,G1SZT9,G1SKM1,G1TAE2,G1SIC9 F6XR42,F7DFR6,F6TL72,F6TQ92,F6Z1I4,F6SQ43,F6VTW3,F7A2J7
9410 G1TIX5,G1SZE4,G1TVU3,G1SLM0,G1SZT9,G1SKM1,G1TAE2,G1SIC9 F6XR42,F7DFR6,F6TL72,F6TQ92,F6Z1I4,F6SQ43,F6VTW3,F7A2J7
9410 G1TIX5,G1SZE4,G1TVU3,G1SDJ7,G1SZT9,G1SKM1,G1TAE2,G1SIC9 F6XR42,F7DFR6,F6TL72,F6XXS9,F6Z1I4,F6SQ43,F6VTW3,F7A2J7
9410 G1TIX5,G1SZE4,G1TVU3,G1SDJ7,G1SZT9,G1SKM1,G1TAE2,G1SIC9 F6XR42,F7DFR6,F6TL72,F6XFN5,F6Z1I4,F6SQ43,F6VTW3,F7A2J7
9410 G1TIX5,G1SZE4,G1TVU3,G1SDJ7,G1SZT9,G1SKM1,G1TAE2,G1SIC9 F6XR42,F7DFR6,F6TL72,F6X3S7,F6Z1I4,F6SQ43,F6VTW3,F7A2J7
9410 G1TIX5,G1SZE4,G1TVU3,G1T4N4,G1SZT9,G1SKM1,G1TAE2,G1SIC9 F6XR42,F7DFR6,F6TL72,F6XXS9,F6Z1I4,F6SQ43,F6VTW3,F7A2J7
9410 G1TIX5,G1SZE4,G1TVU3,G1T4N4,G1SZT9,G1SKM1,G1TAE2,G1SIC9 F6XR42,F7DFR6,F6TL72,F6XFN5,F6Z1I4,F6SQ43,F6VTW3,F7A2J7
9410 G1TIX5,G1SZE4,G1TVU3,G1T4N4,G1SZT9,G1SKM1,G1TAE2,G1SIC9 F6XR42,F7DFR6,F6TL72,F6X3S7,F6Z1I4,F6SQ43,F6VTW3,F7A2J7
9410 G1TIX5,G1SZE4,G1TVU3,G1SWA1,G1SZT9,G1SKM1,G1TAE2,G1SIC9 F6XR42,F7DFR6,F6TL72,F6XXS9,F6Z1I4,F6SQ43,F6VTW3,F7A2J7
9410 G1TIX5,G1SZE4,G1TVU3,G1SWA1,G1SZT9,G1SKM1,G1TAE2,G1SIC9 F6XR42,F7DFR6,F6TL72,F6XFN5,F6Z1I4,F6SQ43,F6VTW3,F7A2J7
9410 G1TIX5,G1SZE4,G1TVU3,G1SWA1,G1SZT9,G1SKM1,G1TAE2,G1SIC9 F6XR42,F7DFR6,F6TL72,F6X3S7,F6Z1I4,F6SQ43,F6VTW3,F7A2J7
9421 G1TIX5,G1SZE4,G1TVU3,G1SCY4,G1SZT9,G1SKM1,G1TAE2,G1SDY5 F6TL72,F7DFR6,F6XR42,F6ZAL1,F6Z1I4,F6SQ43,F6VTW3,F6XEB4
9421 G1TIX5,G1SZE4,G1TVU3,G1SCY4,G1SZT9,G1SKM1,G1TAE2,G1SDY5 F6XR42,F7DFR6,F6TL72,F6XFN5,F6Z1I4,F6SQ43,F6VTW3,F6XEB4
9421 G1TIX5,G1SZE4,G1TVU3,G1SCY4,G1SZT9,G1SKM1,G1TAE2,G1SDY5 F6XR42,F7DFR6,F6TL72,F6X3S7,F6Z1I4,F6SQ43,F6VTW3,F6XEB4
9421 G1TIX5,G1SZE4,G1TVU3,G1T2C3,G1SZT9,G1SKM1,G1TAE2,G1SDY5 F6TL72,F7DFR6,F6XR42,F6ZAL1,F6Z1I4,F6SQ43,F6VTW3,F6XEB4
9421 G1TIX5,G1SZE4,G1TVU3,G1SLM0,G1SZT9,G1SKM1,G1TAE2,G1SDY5 F6TL72,F7DFR6,F6XR42,F6ULH7,F6Z1I4,F6SQ43,F6VTW3,F6XEB4
9421 G1TIX5,G1SZE4,G1TVU3,G1T1X4,G1SZT9,G1SKM1,G1TAE2,G1SDY5 F6TL72,F7DFR6,F6XR42,F6ULH7,F6Z1I4,F6SQ43,F6VTW3,F6XEB4
9421 G1TIX5,G1SZE4,G1TVU3,G1T1X4,G1SZT9,G1SKM1,G1TAE2,G1SDY5 F6XR42,F7DFR6,F6TL72,F6XFN5,F6Z1I4,F6SQ43,F6VTW3,F6XEB4
9421 G1TIX5,G1SZE4,G1TVU3,G1T1X4,G1SZT9,G1SKM1,G1TAE2,G1SDY5 F6XR42,F7DFR6,F6TL72,F6X3S7,F6Z1I4,F6SQ43,F6VTW3,F6XEB4
9421 G1TIX5,G1SZE4,G1TVU3,G1SWA1,G1SZT9,G1SKM1,G1TAE2,G1SDY5 F6TL72,F7DFR6,F6XR42,F6ZAL1,F6Z1I4,F6SQ43,F6VTW3,F6XEB4
9421 G1TIX5,G1SZE4,G1TVU3,G1SWA1,G1SZT9,G1SKM1,G1TAE2,G1SDY5 F6XR42,F7DFR6,F6TL72,F6XFN5,F6Z1I4,F6SQ43,F6VTW3,F6XEB4
9421 G1TIX5,G1SZE4,G1TVU3,G1SWA1,G1SZT9,G1SKM1,G1TAE2,G1SDY5 F6XR42,F7DFR6,F6TL72,F6X3S7,F6Z1I4,F6SQ43,F6VTW3,F6XEB4
10425 G1TIX5,G1TVU3,G1SZE4,G1SZT9,G1STG2,G1SKM1,G1TAE2,G1SDY5 F6TL72,F6XR42,F7DFR6,F6Z1I4,F6VAF4,F6SQ43,F6VTW3,F6XEB4
10425 G1TIX5,G1TVU3,G1SZE4,G1SZT9,G1STG2,G1SKM1,G1TAE2,G1SDY5 F6TL72,F6XR42,F7DFR6,F6Z1I4,F6R0E4,F6SQ43,F6VTW3,F6XEB4
10425 G1TIX5,G1TVU3,G1SZE4,G1SZT9,G1STG2,G1SKM1,G1TAE2,G1SDY5 F6XR42,F6TL72,F7DFR6,F6Z1I4,F6PPE5,F6SQ43,F6VTW3,F6XEB4
10425 G1TIX5,G1TVU3,G1SZE4,G1SZT9,G1STG2,G1SKM1,G1TAE2,G1SDY5 F6TL72,F6XR42,F7DFR6,F6Z1I4,F6VZT9,F6SQ43,F6VTW3,F6XEB4
10425 G1TIX5,G1TVU3,G1SZE4,G1SZT9,G1STG2,G1SKM1,G1TAE2,G1SDY5 F6TL72,F6XR42,F7DFR6,F6Z1I4,F6U2A1,F6SQ43,F6VTW3,F6XEB4
10425 G1TIX5,G1TVU3,G1SZE4,G1SZT9,G1SSL4,G1SKM1,G1TAE2,G1SDY5 F6TL72,F6XR42,F7DFR6,F6Z1I4,F6VAF4,F6SQ43,F6VTW3,F6XEB4
10425 G1TIX5,G1TVU3,G1SZE4,G1SZT9,G1SSL4,G1SKM1,G1TAE2,G1SDY5 F6TL72,F6XR42,F7DFR6,F6Z1I4,F6R0E4,F6SQ43,F6VTW3,F6XEB4
10425 G1TIX5,G1TVU3,G1SZE4,G1SZT9,G1SSL4,G1SKM1,G1TAE2,G1SDY5 F6XR42,F6TL72,F7DFR6,F6Z1I4,F6PPE5,F6SQ43,F6VTW3,F6XEB4
10425 G1TIX5,G1TVU3,G1SZE4,G1SZT9,G1TES6,G1SKM1,G1TAE2,G1SDY5 F6XR42,F6TL72,F7DFR6,F6Z1I4,F6U9I3,F6SQ43,F6VTW3,F6XEB4
10425 G1TIX5,G1TVU3,G1SZE4,G1SZT9,G1TES6,G1SKM1,G1TAE2,G1SDY5 F6XR42,F6TL72,F7DFR6,F6Z1I4,F7AQZ6,F6SQ43,F6VTW3,F6XEB4
10425 G1TIX5,G1TVU3,G1SZE4,G1SZT9,G1SE50,G1SKM1,G1TAE2,G1SDY5 F6TL72,F6XR42,F7DFR6,F6Z1I4,F6VAF4,F6SQ43,F6VTW3,F6XEB4
10425 G1TIX5,G1TVU3,G1SZE4,G1SZT9,G1SE50,G1SKM1,G1TAE2,G1SDY5 F6XR42,F6TL72,F7DFR6,F6Z1I4,F6U9I3,F6SQ43,F6VTW3,F6XEB4
10425 G1TIX5,G1TVU3,G1SZE4,G1SZT9,G1SE50,G1SKM1,G1TAE2,G1SDY5 F6XR42,F6TL72,F7DFR6,F6Z1I4,F7AQZ6,F6SQ43,F6VTW3,F6XEB4
10425 G1TIX5,G1TVU3,G1SZE4,G1SZT9,G1TTN9,G1SKM1,G1TAE2,G1SDY5 F6TL72,F6XR42,F7DFR6,F6Z1I4,F6VAF4,F6SQ43,F6VTW3,F6XEB4
10425 G1TIX5,G1TVU3,G1SZE4,G1SZT9,G1TTN9,G1SKM1,G1TAE2,G1SDY5 F6TL72,F6XR42,F7DFR6,F6Z1I4,F6R0E4,F6SQ43,F6VTW3,F6XEB4
10425 G1TIX5,G1TVU3,G1SZE4,G1SZT9,G1TTN9,G1SKM1,G1TAE2,G1SDY5 F6XR42,F6TL72,F7DFR6,F6Z1I4,F6PPE5,F6SQ43,F6VTW3,F6XEB4
10425 G1TIX5,G1TVU3,G1SZE4,G1SZT9,G1TTN9,G1SKM1,G1TAE2,G1SDY5 F6TL72,F6XR42,F7DFR6,F6Z1I4,F6VZT9,F6SQ43,F6VTW3,F6XEB4
10425 G1TIX5,G1TVU3,G1SZE4,G1SZT9,G1TTN9,G1SKM1,G1TAE2,G1SDY5 F6TL72,F6XR42,F7DFR6,F6Z1I4,F6U2A1,F6SQ43,F6VTW3,F6XEB4
10425 G1TIX5,G1TVU3,G1SZE4,G1SZT9,G1SZA8,G1SKM1,G1TAE2,G1SDY5 F6TL72,F6XR42,F7DFR6,F6Z1I4,F6R0E4,F6SQ43,F6VTW3,F6XEB4
10425 G1TIX5,G1TVU3,G1SZE4,G1SZT9,G1SZA8,G1SKM1,G1TAE2,G1SDY5 F6TL72,F6XR42,F7DFR6,F6Z1I4,F6VZT9,F6SQ43,F6VTW3,F6XEB4
10425 G1TIX5,G1TVU3,G1SZE4,G1SZT9,G1SZA8,G1SKM1,G1TAE2,G1SDY5 F6TL72,F6XR42,F7DFR6,F6Z1I4,F6XCC6,F6SQ43,F6VTW3,F6XEB4
10425 G1TIX5,G1TVU3,G1SZE4,G1SZT9,G1SZA8,G1SKM1,G1TAE2,G1SDY5 F6TL72,F6XR42,F7DFR6,F6Z1I4,F6UHC7,F6SQ43,F6VTW3,F6XEB4
10425 G1TIX5,G1TVU3,G1SZE4,G1SZT9,G1SZA8,G1SKM1,G1TAE2,G1SDY5 F6TL72,F6XR42,F7DFR6,F6Z1I4,F6U2A1,F6SQ43,F6VTW3,F6XEB4
10425 G1TIX5,G1TVU3,G1SZE4,G1SZT9,G1SZA8,G1SKM1,G1TAE2,G1SDY5 F6XR42,F6TL72,F7DFR6,F6Z1I4,F6QHL9,F6SQ43,F6VTW3,F6XEB4
10425 G1TIX5,G1TVU3,G1SZE4,G1SZT9,G1TH06,G1SKM1,G1TAE2,G1SDY5 F6TL72,F6XR42,F7DFR6,F6Z1I4,F6R0E4,F6SQ43,F6VTW3,F6XEB4
10425 G1TIX5,G1TVU3,G1SZE4,G1SZT9,G1TH06,G1SKM1,G1TAE2,G1SDY5 F6XR42,F6TL72,F7DFR6,F6Z1I4,F6PPE5,F6SQ43,F6VTW3,F6XEB4
10425 G1TIX5,G1TVU3,G1SZE4,G1SZT9,G1TH06,G1SKM1,G1TAE2,G1SDY5 F6TL72,F6XR42,F7DFR6,F6Z1I4,F6VZT9,F6SQ43,F6VTW3,F6XEB4
10425 G1TIX5,G1TVU3,G1SZE4,G1SZT9,G1TH06,G1SKM1,G1TAE2,G1SDY5 F6TL72,F6XR42,F7DFR6,F6Z1I4,F6XCC6,F6SQ43,F6VTW3,F6XEB4
10425 G1TIX5,G1TVU3,G1SZE4,G1SZT9,G1TH06,G1SKM1,G1TAE2,G1SDY5 F6TL72,F6XR42,F7DFR6,F6Z1I4,F6UHC7,F6SQ43,F6VTW3,F6XEB4
10425 G1TIX5,G1TVU3,G1SZE4,G1SZT9,G1TH06,G1SKM1,G1TAE2,G1SDY5 F6TL72,F6XR42,F7DFR6,F6Z1I4,F6U2A1,F6SQ43,F6VTW3,F6XEB4
11769 G1SZE4,G1SKM1,G1TAE2,G1TIX5,G1SZT9,G1SDY5,G1SX32,G1SIC9 F7DFR6,F6SQ43,F6VTW3,F6XR42,F6Z1I4,F6XEB4,F6V852,F6S8L9
11769 G1SZE4,G1SKM1,G1TAE2,G1TIX5,G1SZT9,G1SDY5,G1SQ93,G1SIC9 F7DFR6,F6SQ43,F7AK40,F6XR42,F6Z1I4,F6S8L9,F7BQ20,F6XEB4
11769 G1SZE4,G1SKM1,G1TAE2,G1TIX5,G1SZT9,G1SDY5,G1SQ93,G1SIC9 F7DFR6,F6SQ43,F6VTW3,F6XR42,F6Z1I4,F6XEB4,F6V852,F6S8L9
11769 G1SZE4,G1SKM1,G1TAE2,G1TIX5,G1SZT9,G1SDY5,G1T221,G1SIC9 F7DFR6,F6SQ43,F6VTW3,F6XR42,F6Z1I4,F6XEB4,F6V852,F6S8L9
11769 G1SZE4,G1SKM1,G1TAE2,G1T143,G1SZT9,G1SDY5,G1TEG8,G1SMY6 F7DFR6,F6SQ43,F6VTW3,F6XR42,F6Z1I4,F6XEB4,F6V852,F6S8L9
11769 G1SZE4,G1SKM1,G1TAE2,G1TIX5,G1SZT9,G1SDY5,G1U419,G1SIC9 F7DFR6,F6SQ43,F7AK40,F6XR42,F6Z1I4,F6S8L9,F6R950,F6XEB4
11769 G1SZE4,G1SKM1,G1TAE2,G1TIX5,G1SZT9,G1SDY5,G1U419,G1SIC9 F7DFR6,F6SQ43,F6VTW3,F6XR42,F6Z1I4,F6XEB4,F6YZH1,F6S8L9
9246 G1SZR6,G1T143,G1SZE4,G1SL48,G1SKM1,G1SZT9,G1TAE2,G1SDY5 F7AK40,F6TL72,F7DFR6,F7AUF5,F6SQ43,F6Z1I4,F6VTW3,F6XEB4
9675 G1TAE2,G1SKM1,G1SCZ4,G1SZE4,G1SDY5,G1SZT9,G1TVU3,G1SIC9 F6VTW3,F6SQ43,F6XIL8,F7DFR6,F6XEB4,F6Z1I4,F6TL72,F7A2J7
9675 G1TAE2,G1SKM1,G1U194,G1SZE4,G1SDY5,G1SZT9,G1TVU3,G1SIC9 F6VTW3,F6SQ43,F6XIL8,F7DFR6,F6XEB4,F6Z1I4,F6TL72,F7A2J7
9675 G1TAE2,G1SKM1,G1U2E5,G1SZE4,G1SDY5,G1SZT9,G1TVU3,G1SIC9 F6VTW3,F6SQ43,H9GZM9,F7DFR6,F6XEB4,F6Z1I4,F6TL72,F7A2J7
9675 G1TAE2,G1SKM1,G1U2E5,G1SZE4,G1SDY5,G1SZT9,G1TVU3,G1SIC9 F6VTW3,F6SQ43,F6XIL8,F7DFR6,F6XEB4,F6Z1I4,F6TL72,F7A2J7
9675 G1TAE2,G1SKM1,G1SK32,G1SZE4,G1SDY5,G1SZT9,G1TVU3,G1SIC9 F6VTW3,F6SQ43,H9GZM9,F7DFR6,F6XEB4,F6Z1I4,F6TL72,F7A2J7
9675 G1TAE2,G1SKM1,G1SK32,G1SZE4,G1SDY5,G1SZT9,G1TVU3,G1SIC9 F6VTW3,F6SQ43,F6XIL8,F7DFR6,F6XEB4,F6Z1I4,F6TL72,F7A2J7
9675 G1TAE2,G1SKM1,G1TU12,G1SZE4,G1SDY5,G1SZT9,G1TVU3,G1SIC9 F6VTW3,F6SQ43,H9GZM9,F7DFR6,F6XEB4,F6Z1I4,F6TL72,F7A2J7
9675 G1TAE2,G1SKM1,G1TU12,G1SZE4,G1SDY5,G1SZT9,G1TVU3,G1SIC9 F6VTW3,F6SQ43,F6XIL8,F7DFR6,F6XEB4,F6Z1I4,F6TL72,F7A2J7
10697 G1SZR6,G1T143,G1SZE4,G1SIC9,G1SMY6,G1TAE2,G1T866,G1SDY5 F7AK40,F6YYG4,F7DFR6,F7A2J7,F6S8L9,F6VTW3,F6ZWY6,F6XEB4
11518 G1T143,G1SZE4,G1SZR6,G1SN87,G1SZT9,G1TAE2,G1SMY6,G1SDY5 F6TL72,F7DFR6,F7AK40,F7CEQ6,F6Z1I4,F6VTW3,F6S8L9,F6XEB4
11518 G1SZR6,G1SIC9,G1TVU3,G1SKM1,G1SMY6,G1T5I9,G1SZT9,G1SDY5 F7AK40,F7A2J7,F6TL72,F6SQ43,F6S8L9,F6V9A2,F6Z1I4,F6XEB4
8239 G1SZR6,G1SZE4,G1T143,G1TVU3,G1SIC9,G1T7C0,G1TAE2,G1SDY5 F7AK40,F7DFR6,F6TL72,F6YYG4,F7A2J7,F6YUX4,F6VTW3,F6XEB4
8239 G1SZR6,G1SZE4,G1T143,G1TVU3,G1SIC9,G1T7C0,G1TAE2,G1SDY5 F7AK40,F7DFR6,F6TL72,F6YYG4,F7A2J7,F6TR20,F6VTW3,F6XEB4
8239 G1SZR6,G1SZE4,G1T143,G1TVU3,G1SIC9,G1T7C0,G1TAE2,G1SDY5 F7AK40,F7DFR6,F6TL72,F6YYG4,F7A2J7,F6WD43,F6VTW3,F6XEB4
10292 G1TIX5,G1TVU3,G1SZE4,G1SZT9,G1SH00,G1SIC9,G1SKM1,G1TAE2 F6XR42,F6TL72,F7DFR6,F6Z1I4,F6ZBH0,F7A2J7,F6SQ43,F6VTW3
10292 G1TIX5,G1TVU3,G1SZE4,G1SZT9,G1SH00,G1SIC9,G1SKM1,G1TAE2 F6XR42,F6TL72,F7DFR6,F6Z1I4,F7BQ20,F7A2J7,F6SQ43,F6VTW3
10292 G1TIX5,G1TVU3,G1SZE4,G1SZT9,G1U6X2,G1SIC9,G1SKM1,G1TAE2 F6XR42,F6TL72,F7DFR6,F6Z1I4,Q2V905,F7A2J7,F6SQ43,F6VTW3
10292 G1TIX5,G1TVU3,G1SZE4,G1SZT9,G1SKZ3,G1SIC9,G1SKM1,G1TAE2 F6XR42,F6TL72,F7DFR6,F6Z1I4,F6R950,F7A2J7,F6SQ43,F6VTW3
10292 G1TIX5,G1TVU3,G1SZE4,G1SZT9,G1SKZ3,G1SIC9,G1SKM1,G1TAE2 F6XR42,F6TL72,F7DFR6,F6Z1I4,F7E3Y7,F7A2J7,F6SQ43,F6VTW3
10292 G1TIX5,G1TVU3,G1SZE4,G1SZT9,G1SKZ3,G1SIC9,G1SKM1,G1TAE2 F6XR42,F6TL72,F7DFR6,F6Z1I4,F6ZBH0,F7A2J7,F6SQ43,F6VTW3
10292 G1TIX5,G1TVU3,G1SZE4,G1SZT9,G1SKZ3,G1SIC9,G1SKM1,G1TAE2 F6XR42,F6TL72,F7DFR6,F6Z1I4,F7BQ20,F7A2J7,F6SQ43,F6VTW3
10292 G1TIX5,G1TVU3,G1SZE4,G1SZT9,G1SKZ3,G1SIC9,G1SKM1,G1TAE2 F6XR42,F6TL72,F7DFR6,F6Z1I4,F6YM88,F7A2J7,F6SQ43,F6VTW3
10292 G1TIX5,G1TVU3,G1SZE4,G1SZT9,U3KN03,G1SIC9,G1SKM1,G1TAE2 F6XR42,F6TL72,F7DFR6,F6Z1I4,F6ZBH0,F7A2J7,F6SQ43,F6VTW3
10292 G1TIX5,G1TVU3,G1SZE4,G1SZT9,U3KN03,G1SIC9,G1SKM1,G1TAE2 F6XR42,F6TL72,F7DFR6,F6Z1I4,F7BQ20,F7A2J7,F6SQ43,F6VTW3
10292 G1TIX5,G1TVU3,G1SZE4,G1SZT9,G1TPN2,G1SIC9,G1SKM1,G1TAE2 F6XR42,F6TL72,F7DFR6,F6Z1I4,F6ZBH0,F7A2J7,F6SQ43,F6VTW3
10292 G1TIX5,G1TVU3,G1SZE4,G1SZT9,G1TPN2,G1SIC9,G1SKM1,G1TAE2 F6XR42,F6TL72,F7DFR6,F6Z1I4,F7BQ20,F7A2J7,F6SQ43,F6VTW3
10292 G1TIX5,G1TVU3,G1SZE4,G1SZT9,G1SKW5,G1SIC9,G1SKM1,G1TAE2 F6XR42,F6TL72,F7DFR6,F6Z1I4,Q2V905,F7A2J7,F6SQ43,F6VTW3
10292 G1TIX5,G1TVU3,G1SZE4,G1SZT9,G1SPJ5,G1SIC9,G1SKM1,G1TAE2 F6XR42,F6TL72,F7DFR6,F6Z1I4,F6ZBH0,F7A2J7,F6SQ43,F6VTW3
10292 G1TIX5,G1TVU3,G1SZE4,G1SZT9,G1SPJ5,G1SIC9,G1SKM1,G1TAE2 F6XR42,F6TL72,F7DFR6,F6Z1I4,F7BQ20,F7A2J7,F6SQ43,F6VTW3
10292 G1TIX5,G1TVU3,G1SZE4,G1SZT9,G1T6B3,G1SIC9,G1SKM1,G1TAE2 F6XR42,F6TL72,F7DFR6,F6Z1I4,Q2V905,F7A2J7,F6SQ43,F6VTW3
10292 G1TIX5,G1TVU3,G1SZE4,G1SZT9,G1TCW1,G1SIC9,G1SKM1,G1TAE2 F6XR42,F6TL72,F7DFR6,F6Z1I4,Q2V905,F7A2J7,F6SQ43,F6VTW3
10486 G1TIX5,G1TVU3,G1SZE4,G1SZT9,G1SH00,G1SKM1,G1TAE2,G1SDY5 F6TL72,F6XR42,F7DFR6,F6Z1I4,F6V1T9,F6SQ43,F6VTW3,F6XEB4
10486 G1TIX5,G1TVU3,G1SZE4,G1SZT9,G1SH00,G1SKM1,G1TAE2,G1SDY5 F6XR42,F6TL72,F7DFR6,F6Z1I4,F6ZBH0,F6SQ43,F6VTW3,F6XEB4
10486 G1TIX5,G1TVU3,G1SZE4,G1SZT9,G1SH00,G1SKM1,G1TAE2,G1SDY5 F6TL72,F6XR42,F7DFR6,F6Z1I4,F6YYN8,F6SQ43,F6VTW3,F6XEB4
10486 G1TIX5,G1TVU3,G1SZE4,G1SZT9,G1SH00,G1SKM1,G1TAE2,G1SDY5 F6XR42,F6TL72,F7DFR6,F6Z1I4,F7BQ20,F6SQ43,F6VTW3,F6XEB4
10486 G1TIX5,G1TVU3,G1SZE4,G1SZT9,G1SH00,G1SKM1,G1TAE2,G1SDY5 F6TL72,F6XR42,F7DFR6,F6Z1I4,F7C432,F6SQ43,F6VTW3,F6XEB4
10486 G1TIX5,G1TVU3,G1SZE4,G1SZT9,G1SH00,G1SKM1,G1TAE2,G1SDY5 F6TL72,F6XR42,F7DFR6,F6Z1I4,F6QJC7,F6SQ43,F6VTW3,F6XEB4
10486 G1TIX5,G1TVU3,G1SZE4,G1SZT9,G1SH00,G1SKM1,G1TAE2,G1SDY5 F6TL72,F6XR42,F7DFR6,F6Z1I4,F6ZLQ3,F6SQ43,F6VTW3,F6XEB4
10486 G1TIX5,G1TVU3,G1SZE4,G1SZT9,G1SH00,G1SKM1,G1TAE2,G1SDY5 F6TL72,F6XR42,F7DFR6,F6Z1I4,F6T1Z3,F6SQ43,F6VTW3,F6XEB4
10486 G1TIX5,G1TVU3,G1SZE4,G1SZT9,G1T9H0,G1SKM1,G1TAE2,G1SDY5 F6TL72,F6XR42,F7DFR6,F6Z1I4,F7AS83,F6SQ43,F6VTW3,F6XEB4
10486 G1TIX5,G1TVU3,G1SZE4,G1SZT9,G1SKZ3,G1SKM1,G1TAE2,G1SDY5 F6XR42,F6TL72,F7DFR6,F6Z1I4,F6R950,F6SQ43,F6VTW3,F6XEB4
10486 G1TIX5,G1TVU3,G1SZE4,G1SZT9,G1SKZ3,G1SKM1,G1TAE2,G1SDY5 F6TL72,F6XR42,F7DFR6,F6Z1I4,F6V1T9,F6SQ43,F6VTW3,F6XEB4
10486 G1TIX5,G1TVU3,G1SZE4,G1SZT9,G1SKZ3,G1SKM1,G1TAE2,G1SDY5 F6XR42,F6TL72,F7DFR6,F6Z1I4,F6ZBH0,F6SQ43,F6VTW3,F6XEB4
10486 G1TIX5,G1TVU3,G1SZE4,G1SZT9,G1SKZ3,G1SKM1,G1TAE2,G1SDY5 F6TL72,F6XR42,F7DFR6,F6Z1I4,F6YYN8,F6SQ43,F6VTW3,F6XEB4
10486 G1TIX5,G1TVU3,G1SZE4,G1SZT9,G1SKZ3,G1SKM1,G1TAE2,G1SDY5 F6XR42,F6TL72,F7DFR6,F6Z1I4,F7BQ20,F6SQ43,F6VTW3,F6XEB4
10486 G1TIX5,G1TVU3,G1SZE4,G1SZT9,G1SKZ3,G1SKM1,G1TAE2,G1SDY5 F6TL72,F6XR42,F7DFR6,F6Z1I4,F7C432,F6SQ43,F6VTW3,F6XEB4
10486 G1TIX5,G1TVU3,G1SZE4,G1SZT9,G1SKZ3,G1SKM1,G1TAE2,G1SDY5 F6TL72,F6XR42,F7DFR6,F6Z1I4,F6QJC7,F6SQ43,F6VTW3,F6XEB4
10486 G1TIX5,G1TVU3,G1SZE4,G1SZT9,G1SKZ3,G1SKM1,G1TAE2,G1SDY5 F6TL72,F6XR42,F7DFR6,F6Z1I4,F6ZLQ3,F6SQ43,F6VTW3,F6XEB4
10486 G1TIX5,G1TVU3,G1SZE4,G1SZT9,B7NZD2,G1SKM1,G1TAE2,G1SDY5 F6XR42,F6TL72,F7DFR6,F6Z1I4,F6R950,F6SQ43,F6VTW3,F6XEB4
10486 G1TIX5,G1TVU3,G1SZE4,G1SZT9,B7NZD2,G1SKM1,G1TAE2,G1SDY5 F6TL72,F6XR42,F7DFR6,F6Z1I4,F6V1T9,F6SQ43,F6VTW3,F6XEB4
10486 G1TIX5,G1TVU3,G1SZE4,G1SZT9,B7NZD2,G1SKM1,G1TAE2,G1SDY5 F6XR42,F6TL72,F7DFR6,F6Z1I4,F6ZBH0,F6SQ43,F6VTW3,F6XEB4
10486 G1TIX5,G1TVU3,G1SZE4,G1SZT9,B7NZD2,G1SKM1,G1TAE2,G1SDY5 F6TL72,F6XR42,F7DFR6,F6Z1I4,F6YYN8,F6SQ43,F6VTW3,F6XEB4
10486 G1TIX5,G1TVU3,G1SZE4,G1SZT9,B7NZD2,G1SKM1,G1TAE2,G1SDY5 F6XR42,F6TL72,F7DFR6,F6Z1I4,F7BQ20,F6SQ43,F6VTW3,F6XEB4
10486 G1TIX5,G1TVU3,G1SZE4,G1SZT9,B7NZD2,G1SKM1,G1TAE2,G1SDY5 F6TL72,F6XR42,F7DFR6,F6Z1I4,F7C432,F6SQ43,F6VTW3,F6XEB4
10486 G1TIX5,G1TVU3,G1SZE4,G1SZT9,B7NZD2,G1SKM1,G1TAE2,G1SDY5 F6TL72,F6XR42,F7DFR6,F6Z1I4,F6QJC7,F6SQ43,F6VTW3,F6XEB4
10486 G1TIX5,G1TVU3,G1SZE4,G1SZT9,B7NZD2,G1SKM1,G1TAE2,G1SDY5 F6TL72,F6XR42,F7DFR6,F6Z1I4,F6ZLQ3,F6SQ43,F6VTW3,F6XEB4
10486 G1TIX5,G1TVU3,G1SZE4,G1SZT9,B7NZD2,G1SKM1,G1TAE2,G1SDY5 F6TL72,F6XR42,F7DFR6,F6Z1I4,F6T1Z3,F6SQ43,F6VTW3,F6XEB4
10486 G1TIX5,G1TVU3,G1SZE4,G1SZT9,U3KN03,G1SKM1,G1TAE2,G1SDY5 F6TL72,F6XR42,F7DFR6,F6Z1I4,F6V1T9,F6SQ43,F6VTW3,F6XEB4
10486 G1TIX5,G1TVU3,G1SZE4,G1SZT9,U3KN03,G1SKM1,G1TAE2,G1SDY5 F6XR42,F6TL72,F7DFR6,F6Z1I4,F6ZBH0,F6SQ43,F6VTW3,F6XEB4
10486 G1TIX5,G1TVU3,G1SZE4,G1SZT9,U3KN03,G1SKM1,G1TAE2,G1SDY5 F6TL72,F6XR42,F7DFR6,F6Z1I4,F6YYN8,F6SQ43,F6VTW3,F6XEB4
10486 G1TIX5,G1TVU3,G1SZE4,G1SZT9,U3KN03,G1SKM1,G1TAE2,G1SDY5 F6XR42,F6TL72,F7DFR6,F6Z1I4,F7BQ20,F6SQ43,F6VTW3,F6XEB4
10486 G1TIX5,G1TVU3,G1SZE4,G1SZT9,U3KN03,G1SKM1,G1TAE2,G1SDY5 F6TL72,F6XR42,F7DFR6,F6Z1I4,F7C432,F6SQ43,F6VTW3,F6XEB4
10486 G1TIX5,G1TVU3,G1SZE4,G1SZT9,U3KN03,G1SKM1,G1TAE2,G1SDY5 F6TL72,F6XR42,F7DFR6,F6Z1I4,F6QJC7,F6SQ43,F6VTW3,F6XEB4
10486 G1TIX5,G1TVU3,G1SZE4,G1SZT9,U3KN03,G1SKM1,G1TAE2,G1SDY5 F6TL72,F6XR42,F7DFR6,F6Z1I4,F6ZLQ3,F6SQ43,F6VTW3,F6XEB4
10486 G1TIX5,G1TVU3,G1SZE4,G1SZT9,U3KN03,G1SKM1,G1TAE2,G1SDY5 F6TL72,F6XR42,F7DFR6,F6Z1I4,F6T1Z3,F6SQ43,F6VTW3,F6XEB4
10486 G1TIX5,G1TVU3,G1SZE4,G1SZT9,G1TPN2,G1SKM1,G1TAE2,G1SDY5 F6TL72,F6XR42,F7DFR6,F6Z1I4,F6V1T9,F6SQ43,F6VTW3,F6XEB4
10486 G1TIX5,G1TVU3,G1SZE4,G1SZT9,G1TPN2,G1SKM1,G1TAE2,G1SDY5 F6XR42,F6TL72,F7DFR6,F6Z1I4,F6ZBH0,F6SQ43,F6VTW3,F6XEB4
10486 G1TIX5,G1TVU3,G1SZE4,G1SZT9,G1TPN2,G1SKM1,G1TAE2,G1SDY5 F6TL72,F6XR42,F7DFR6,F6Z1I4,F6YYN8,F6SQ43,F6VTW3,F6XEB4
10486 G1TIX5,G1TVU3,G1SZE4,G1SZT9,G1TPN2,G1SKM1,G1TAE2,G1SDY5 F6XR42,F6TL72,F7DFR6,F6Z1I4,F7BQ20,F6SQ43,F6VTW3,F6XEB4
10486 G1TIX5,G1TVU3,G1SZE4,G1SZT9,G1TPN2,G1SKM1,G1TAE2,G1SDY5 F6TL72,F6XR42,F7DFR6,F6Z1I4,F7C432,F6SQ43,F6VTW3,F6XEB4
10486 G1TIX5,G1TVU3,G1SZE4,G1SZT9,G1TPN2,G1SKM1,G1TAE2,G1SDY5 F6TL72,F6XR42,F7DFR6,F6Z1I4,F6QJC7,F6SQ43,F6VTW3,F6XEB4
10486 G1TIX5,G1TVU3,G1SZE4,G1SZT9,G1TPN2,G1SKM1,G1TAE2,G1SDY5 F6TL72,F6XR42,F7DFR6,F6Z1I4,F6ZLQ3,F6SQ43,F6VTW3,F6XEB4
10486 G1TIX5,G1TVU3,G1SZE4,G1SZT9,G1TPN2,G1SKM1,G1TAE2,G1SDY5 F6TL72,F6XR42,F7DFR6,F6Z1I4,F6T1Z3,F6SQ43,F6VTW3,F6XEB4
10486 G1TIX5,G1TVU3,G1SZE4,G1SZT9,G1SKW5,G1SKM1,G1TAE2,G1SDY5 F6TL72,F6XR42,F7DFR6,F6Z1I4,F6V1T9,F6SQ43,F6VTW3,F6XEB4
10486 G1TIX5,G1TVU3,G1SZE4,G1SZT9,G1SKW5,G1SKM1,G1TAE2,G1SDY5 F6TL72,F6XR42,F7DFR6,F6Z1I4,F6YYN8,F6SQ43,F6VTW3,F6XEB4
10486 G1TIX5,G1TVU3,G1SZE4,G1SZT9,G1SKW5,G1SKM1,G1TAE2,G1SDY5 F6TL72,F6XR42,F7DFR6,F6Z1I4,F6ZLQ3,F6SQ43,F6VTW3,F6XEB4
10486 G1TIX5,G1TVU3,G1SZE4,G1SZT9,G1SKW5,G1SKM1,G1TAE2,G1SDY5 F6TL72,F6XR42,F7DFR6,F6Z1I4,F6RIW1,F6SQ43,F6VTW3,F6XEB4
10486 G1TIX5,G1TVU3,G1SZE4,G1SZT9,G1SKW5,G1SKM1,G1TAE2,G1SDY5 F6TL72,F6XR42,F7DFR6,F6Z1I4,F7AS83,F6SQ43,F6VTW3,F6XEB4
10486 G1TIX5,G1TVU3,G1SZE4,G1SZT9,G1SKW5,G1SKM1,G1TAE2,G1SDY5 F6TL72,F6XR42,F7DFR6,F6Z1I4,F6T1Z3,F6SQ43,F6VTW3,F6XEB4
10486 G1TIX5,G1TVU3,G1SZE4,G1SZT9,G1SQG5,G1SKM1,G1TAE2,G1SDY5 F6TL72,F6XR42,F7DFR6,F6Z1I4,F7AS83,F6SQ43,F6VTW3,F6XEB4
10486 G1TIX5,G1TVU3,G1SZE4,G1SZT9,G1T6B3,G1SKM1,G1TAE2,G1SDY5 F6TL72,F6XR42,F7DFR6,F6Z1I4,F6V1T9,F6SQ43,F6VTW3,F6XEB4
10486 G1TIX5,G1TVU3,G1SZE4,G1SZT9,G1T6B3,G1SKM1,G1TAE2,G1SDY5 F6TL72,F6XR42,F7DFR6,F6Z1I4,F6YYN8,F6SQ43,F6VTW3,F6XEB4
10486 G1TIX5,G1TVU3,G1SZE4,G1SZT9,G1T6B3,G1SKM1,G1TAE2,G1SDY5 F6TL72,F6XR42,F7DFR6,F6Z1I4,F6RIW1,F6SQ43,F6VTW3,F6XEB4
10486 G1TIX5,G1TVU3,G1SZE4,G1SZT9,G1T6B3,G1SKM1,G1TAE2,G1SDY5 F6TL72,F6XR42,F7DFR6,F6Z1I4,F7AS83,F6SQ43,F6VTW3,F6XEB4
10486 G1TIX5,G1TVU3,G1SZE4,G1SZT9,G1T6B3,G1SKM1,G1TAE2,G1SDY5 F6TL72,F6XR42,F7DFR6,F6Z1I4,F6T1Z3,F6SQ43,F6VTW3,F6XEB4
8728 G1SZE4,G1TIX5,G1TVU3,U3KM50,G1SFW6,G1TAE2,G1SIC9,G1SDY5 F7DFR6,F6XR42,F6TL72,F6SQE6,F6WSH0,F6VTW3,F7A2J7,F6XEB4
8728 G1SZE4,G1TIX5,G1TVU3,U3KM50,G1SFW6,G1TAE2,G1SIC9,G1SDY5 F7DFR6,F6XR42,F6YYG4,F6Q6U0,F6WSH0,F6VTW3,F7A2J7,F6XEB4
8728 G1SZE4,G1TIX5,G1TVU3,G1SEV3,G1SFW6,G1TAE2,G1SIC9,G1SDY5 F7DFR6,F6XR42,F6YYG4,F6Q6U0,F6WSH0,F6VTW3,F7A2J7,F6XEB4
9945 G1T9D9,G1SZR6,G1T143,G1SMY6,G1TAE2,G1SDY5,G1SZT9,G1SML6 F6XIY9,F7AK40,F6YYG4,F6S8L9,F6VTW3,F6XEB4,F6Z1I4,F6UQ47
9945 G1SZR6,G1T143,G1SZE4,G1SIC9,G1SYW6,G1SMY6,G1TAE2,G1SDY5 F7AK40,F6YYG4,F7DFR6,F7A2J7,F6VB17,F6S8L9,F6VTW3,F6XEB4
9945 G1SZR6,G1T143,G1SZE4,G1SIC9,G1SYW6,G1SMY6,G1TAE2,G1SDY5 F7AK40,F6YYG4,F7DFR6,F7A2J7,F6UFM6,F6S8L9,F6VTW3,F6XEB4
10332 G1SZR6,G1SJW3,G1T143,G1SMY6,G1SKM1,G1SDY5,G1SZT9,G1TAE2 F7AK40,F6XFZ0,F6TL72,F6S8L9,F6SQ43,F6XEB4,F6Z1I4,F6VTW3
10332 G1SZR6,G1TBS9,G1T143,G1SMY6,G1SKM1,G1SDY5,G1SZT9,G1TAE2 F7AK40,F6XFZ0,F6TL72,F6S8L9,F6SQ43,F6XEB4,F6Z1I4,F6VTW3
5167 G1SZE4,G1SZR6,G1T143,G1SJW3,G1SKM1,G1TAE2,G1SZT9,G1SDY5 F7DFR6,F7AK40,F6TL72,F6XFZ0,F6SQ43,F6VTW3,F6Z1I4,F6XEB4
4713 G1TVU3,G1T9D9,G1TIX5,G1SZE4,G1SIC9,G1SZT9,G1TAE2,G1SML6 F6TL72,F6XIY9,F6XR42,F7DFR6,F7A2J7,F6Z1I4,F6VTW3,F6UQ47
4713 G1TVU3,G1TR97,G1TIX5,G1SZE4,G1SIC9,G1SZT9,G1TAE2,G1SML6 F6TL72,F6U301,F6XR42,F7DFR6,F7A2J7,F6Z1I4,F6VTW3,F6UQ47
10527 G1U5C1,G1T143,G1SZR6,G1SZT9,G1SDY5,G1SKM1,G1SMY6,G1TAE2 F7AKD0,F6TL72,F7AK40,F6Z1I4,F6XEB4,F6SQ43,F6S8L9,F6VTW3
9338 G1SZR6,G1T143,G1SZE4,G1SIC9,G1SKM1,G1TCX1,G1TIX5,G1SDY5 F7DFR6,F6YYG4,F7AK40,F6XR42,F6SQ43,F7BHX5,F6S8L9,F6XEB4
10657 G1TAE2,G1SKM1,G1SZE4,G1TRL8,G1SDY5,G1TVU3,G1TIX5,G1SIC9 F6VTW3,F6SQ43,F7DFR6,F7CNE1,F6XEB4,F6YYG4,F6XR42,F7A2J7
8596 G1SZE4,G1TLN0,G1TAE2,G1TIX5,G1T2Q4,G1TVU3,G1SDY5,G1SIC9 F7DFR6,F7CBI3,F6VTW3,F6XR42,F7B0R5,F6YYG4,F6XEB4,F7A2J7
10222 G1SZE4,G1SKM1,G1TAE2,G1SZR6,G1TIX5,G1SZT9,G1SN87,G1SIC9 F7DFR6,F6SQ43,F6VTW3,F7AK40,F6XR42,F6Z1I4,F6VG02,F7A2J7
10222 G1SZE4,G1SKM1,G1TAE2,G1SZR6,G1TIX5,G1SZT9,G1SN87,G1SIC9 F7DFR6,F6SQ43,F6VTW3,F7AK40,F6XR42,F6Z1I4,F7BUD9,F7A2J7
10222 G1SZE4,G1SKM1,G1TAE2,G1SZR6,G1TIX5,G1SZT9,G1SN87,G1SIC9 F7DFR6,F6SQ43,F6VTW3,F7AK40,F6XR42,F6Z1I4,F6SX98,F7A2J7
8221 G1SZR6,G1SZE4,G1T143,G1TVU3,G1SIC9,G1U6X6,G1TAE2,G1SDY5 F7AK40,F7DFR6,F6TL72,F6YYG4,F7A2J7,F6UAN2,F6VTW3,F6XEB4
8221 G1SZR6,G1SZE4,G1T143,G1TVU3,G1SIC9,G1U6X6,G1TAE2,G1SDY5 F7AK40,F7DFR6,F6TL72,F6YYG4,F7A2J7,F6WNZ3,F6VTW3,F6XEB4
8221 G1SZR6,G1SZE4,G1T143,G1TVU3,G1SIC9,U3KP46,G1TAE2,G1SDY5 F7AK40,F7DFR6,F6TL72,F6YYG4,F7A2J7,F7AES8,F6VTW3,F6XEB4
8221 G1SZR6,G1SZE4,G1T143,G1TVU3,G1SIC9,U3KP46,G1TAE2,G1SDY5 F7AK40,F7DFR6,F6TL72,F6YYG4,F7A2J7,F6Q666,F6VTW3,F6XEB4
10515 G1TVU3,G1TIX5,G1SZE4,G1SZT9,G1SIC9,G1SKM1,G1TAE2,G1SUQ9 F6TL72,F6XR42,F7DFR6,F6Z1I4,F7A2J7,F6SQ43,F6VTW3,F6TZX8
10515 G1TVU3,G1TIX5,G1SZE4,G1SZT9,G1SIC9,G1SKM1,G1TAE2,G1T617 F6TL72,F6XR42,F7DFR6,F6Z1I4,F7A2J7,F6SQ43,F6VTW3,F6R5B2
10515 G1TVU3,G1TIX5,G1SZE4,G1SZT9,G1SIC9,G1SKM1,G1TAE2,G1T617 F6TL72,F6XR42,F7DFR6,F6Z1I4,F7A2J7,F6SQ43,F6VTW3,F6RQ49
10515 G1TVU3,G1TIX5,G1SZE4,G1SZT9,G1SIC9,G1SKM1,G1TAE2,G1T336 F6TL72,F6XR42,F7DFR6,F6Z1I4,F7A2J7,F6SQ43,F6VTW3,F6TZX8
10515 G1TVU3,G1TIX5,G1SZE4,G1SZT9,G1SIC9,G1SKM1,G1TAE2,G1T336 F6TL72,F6XR42,F7DFR6,F6Z1I4,F7A2J7,F6SQ43,F6VTW3,F6SN62
11183 G1T143,G1SSG2,G1SZT9,G1SZR6,G1SZE4,G1SMY6,G1SDY5,G1TAE2 F6TL72,F6ZQQ4,F6Z1I4,F7AK40,F7DFR6,F6S8L9,F6XEB4,F6VTW3
11183 G1T143,G1SSG2,G1SZT9,G1SZR6,G1SZE4,G1SMY6,G1SDY5,G1TAE2 F6TL72,F7A7E6,F6Z1I4,F7AK40,F7DFR6,F6S8L9,F6XEB4,F6VTW3
11183 G1T143,G1SDC7,G1SZT9,G1SZR6,G1SZE4,G1SMY6,G1SDY5,G1TAE2 F6TL72,F7DBY8,F6Z1I4,F7AK40,F7DFR6,F6S8L9,F6XEB4,F6VTW3
11183 G1T143,G1T1V0,G1SZT9,G1SZR6,G1SZE4,G1SMY6,G1SDY5,G1TAE2 F6TL72,F7AV69,F6Z1I4,F7AK40,F7DFR6,F6S8L9,F6XEB4,F6VTW3
11183 G1TVU3,G1SZR6,G1SIC9,G1SZT9,G1TIX5,G1SKM1,G1SMY6,G1SZD6 F6TL72,F7AK40,F7A2J7,F6Z1I4,F6XR42,F6SQ43,F6S8L9,F6R950
11183 G1TVU3,G1SZR6,G1SIC9,G1SZT9,G1TIX5,G1SKM1,G1SMY6,G1SZD6 F6TL72,F7AK40,F7A2J7,F6Z1I4,F6XR42,F6SQ43,F6S8L9,F7BCF7
11183 G1TVU3,G1SZR6,G1SIC9,G1SZT9,G1TIX5,G1SKM1,G1SMY6,G1SZD6 F6TL72,F7AK40,F7A2J7,F6Z1I4,F6XR42,F6SQ43,F6S8L9,F6SP02
11183 G1SZR6,G1SVS6,G1SMY6,G1T143,G1SZE4,G1SZT9,G1SDY5,G1TAE2 F7AK40,F6Y9U1,F6S8L9,F6TL72,F7DFR6,F6Z1I4,F6XEB4,F6VTW3
11183 G1SZR6,G1SVH8,G1SMY6,G1T143,G1SZE4,G1SZT9,G1SDY5,G1TAE2 F7AK40,F6Y9U1,F6S8L9,F6TL72,F7DFR6,F6Z1I4,F6XEB4,F6VTW3
11183 G1T143,G1T6Q2,G1SZT9,G1SZR6,G1SZE4,G1SMY6,G1SDY5,G1TAE2 F6TL72,F6ZQQ4,F6Z1I4,F7AK40,F7DFR6,F6S8L9,F6XEB4,F6VTW3
9558 G1TVU3,G1SZR6,G1SIC9,G1SZE4,G1SSG2,G1SMY6,G1TAE2,G1SDY5 F6TL72,F7AK40,F7A2J7,F7DFR6,F7A7E6,F6S8L9,F6VTW3,F6XEB4
9558 G1T143,G1SZR6,G1SIC9,G1SZE4,G1SSG2,G1SMY6,G1TAE2,G1SDY5 F6TL72,F7AK40,F7A2J7,F7DFR6,F6ZQQ4,F6S8L9,F6VTW3,F6XEB4
9558 G1T143,G1SZR6,G1SIC9,G1SZE4,G1SSG2,G1SMY6,G1TAE2,G1SDY5 F6TL72,F7AK40,F7A2J7,F7DFR6,F7A7E6,F6S8L9,F6VTW3,F6XEB4
9558 G1TVU3,G1SZR6,G1SIC9,G1SZE4,G1SDC7,G1SMY6,G1TAE2,G1SDY5 F6TL72,F7AK40,F7A2J7,F7DFR6,F7DBY8,F6S8L9,F6VTW3,F6XEB4
9558 G1T143,G1SZR6,G1SIC9,G1SZE4,G1SDC7,G1SMY6,G1TAE2,G1SDY5 F6TL72,F7AK40,F7A2J7,F7DFR6,F7DBY8,F6S8L9,F6VTW3,F6XEB4
9558 G1TVU3,G1SZR6,G1SIC9,G1SZE4,G1SV63,G1SMY6,G1TAE2,G1SDY5 F6TL72,F7AK40,F7A2J7,F7DFR6,F6RHL6,F6S8L9,F6VTW3,F6XEB4
9558 G1T143,G1SZR6,G1SIC9,G1SZE4,G1SV63,G1SMY6,G1TAE2,G1SDY5 F6TL72,F7AK40,F7A2J7,F7DFR6,F6RHL6,F6S8L9,F6VTW3,F6XEB4
9558 G1TVU3,G1SZR6,G1SIC9,G1SZE4,G1T1V0,G1SMY6,G1TAE2,G1SDY5 F6TL72,F7AK40,F7A2J7,F7DFR6,F7AV69,F6S8L9,F6VTW3,F6XEB4
9558 G1T143,G1SZR6,G1SIC9,G1SZE4,G1T1V0,G1SMY6,G1TAE2,G1SDY5 F6TL72,F7AK40,F7A2J7,F7DFR6,F7AV69,F6S8L9,F6VTW3,F6XEB4
9558 G1TVU3,G1SZR6,G1SIC9,G1SZE4,G1SGQ0,G1SMY6,G1TAE2,G1SDY5 F6TL72,F7AK40,F7A2J7,F7DFR6,F7AV69,F6S8L9,F6VTW3,F6XEB4
9558 G1T143,G1SZR6,G1SIC9,G1SZE4,G1SGQ0,G1SMY6,G1TAE2,G1SDY5 F6TL72,F7AK40,F7A2J7,F7DFR6,F7AV69,F6S8L9,F6VTW3,F6XEB4
9558 G1TVU3,G1SZR6,G1SIC9,G1SZE4,G1T6Q2,G1SMY6,G1TAE2,G1SDY5 F6TL72,F7AK40,F7A2J7,F7DFR6,F6ZQQ4,F6S8L9,F6VTW3,F6XEB4
9558 G1T143,G1SZR6,G1SIC9,G1SZE4,G1T6Q2,G1SMY6,G1TAE2,G1SDY5 F6TL72,F7AK40,F7A2J7,F7DFR6,F6ZQQ4,F6S8L9,F6VTW3,F6XEB4
9350 G1SZR6,G1SZE4,G1TVU3,G1T7Z6,G1SIC9,G1TAE2,G1SZT9,G1SDY5 F7AK40,F7DFR6,F6TL72,F7B6P6,F7A2J7,F6VTW3,F6Z1I4,F6XEB4
9350 G1TAE2,G1SZE4,G1SSU8,G1SKM1,G1SDY5,G1SZR6,G1TF91,G1SIC9 F6VTW3,F7DFR6,F6VR43,F6SQ43,F6XEB4,F7AK40,F6XA04,F6S8L9
9350 G1TAE2,G1SZE4,G1SSU8,G1SKM1,G1SDY5,G1SZR6,G1TF91,G1SIC9 F6VTW3,F7DFR6,F6WT83,F6SQ43,F6XEB4,F7AK40,F6XA04,F6S8L9
9350 G1TAE2,G1SZE4,G1SSU8,G1SKM1,G1SDY5,G1SZR6,G1TF91,G1SIC9 F6VTW3,F7DFR6,F6R4M8,F6SQ43,F6XEB4,F7AK40,F6XA04,F6S8L9
9350 G1TAE2,G1SZE4,G1SSU8,G1SKM1,G1SDY5,G1SZR6,G1TF91,G1SIC9 F6VTW3,F7DFR6,F6TMB5,F6SQ43,F6XEB4,F7AK40,F6XA04,F6S8L9
9627 G1TVU3,G1SZE4,G1SZR6,G1TIX5,G1SIC9,G1TAE2,G1SMY6,G1U782 F6YYG4,F7DFR6,F7AK40,F6XR42,F7A2J7,F6VTW3,F6S8L9,F6YZL0
9627 G1TVU3,G1SZE4,G1SZR6,G1TIX5,G1SIC9,G1TAE2,G1SMY6,G1U782 F6YYG4,F7DFR6,F7AK40,F6XR42,F7A2J7,F6VTW3,F6S8L9,F7D8U2
9627 G1TVU3,G1SZE4,G1SZR6,G1TIX5,G1SIC9,G1TAE2,G1SMY6,G1TEP5 F6YYG4,F7DFR6,F7AK40,F6XR42,F7A2J7,F6VTW3,F6S8L9,F6YZL0
10517 G1TVU3,G1TIX5,G1SZE4,G1SZT9,G1SIC9,G1SKM1,G1TAE2,G1TVT0 F6TL72,F6XR42,F7DFR6,F6Z1I4,F7A2J7,F6SQ43,F6VTW3,F6RGR8
10517 G1TVU3,G1TIX5,G1SZE4,G1SZT9,G1SIC9,G1SKM1,G1TAE2,G1TVT0 F6TL72,F6XR42,F7DFR6,F6Z1I4,F7A2J7,F6SQ43,F6VTW3,F6X3K0
10517 G1TVU3,G1TIX5,G1SZE4,G1SZT9,G1SIC9,G1SKM1,G1TAE2,G1SFY9 F6TL72,F6XR42,F7DFR6,F6Z1I4,F7A2J7,F6SQ43,F6VTW3,F6RGR8
10517 G1TVU3,G1TIX5,G1SZE4,G1SZT9,G1SIC9,G1SKM1,G1TAE2,G1T0H3 F6TL72,F6XR42,F7DFR6,F6Z1I4,F7A2J7,F6SQ43,F6VTW3,F6RGR8
8391 G1SZR6,G1SZE4,G1T143,G1TVU3,G1SIC9,G1TAE2,G1TR82,G1SDY5 F7AK40,F7DFR6,F6TL72,F6YYG4,F7A2J7,F6VTW3,F7BLU1,F6XEB4
8391 G1SZR6,G1SZE4,G1T143,G1TVU3,G1SIC9,G1TAE2,G1TR82,G1SDY5 F7AK40,F7DFR6,F6TL72,F6YYG4,F7A2J7,F6VTW3,F6RKM7,F6XEB4
9376 G1SZE4,G1SKM1,G1SZR6,G1TAE2,G1T143,G1SDC7,G1SZT9,G1SDY5 F7DFR6,F6SQ43,F7AK40,F6VTW3,F6TL72,F7DBY8,F6Z1I4,F6XEB4
9376 G1SZE4,G1SKM1,G1SZR6,G1TAE2,G1T143,G1T1V0,G1SZT9,G1SDY5 F7DFR6,F6SQ43,F7AK40,F6VTW3,F6TL72,F7AV69,F6Z1I4,F6XEB4
9376 G1SZE4,G1SKM1,G1SZR6,G1TAE2,G1T143,G1T6Q2,G1SZT9,G1SDY5 F7DFR6,F6SQ43,F7AK40,F6VTW3,F6TL72,F6ZQQ4,F6Z1I4,F6XEB4
8217 G1TVU3,G1TT06,G1SZE4,G1SZT9,G1TIX5,G1TAE2,G1SDY5,G1SFK3 F6TL72,F7DKR3,F7DFR6,F6Z1I4,F6XR42,F6VTW3,F6XEB4,F6YZH1
9053 G1U300,G1SZE4,G1T143,G1SKM1,G1SIC9,G1SMY6,G1T1B1,G1SZT9 F6VSB5,F7DFR6,F6TL72,F6SQ43,F7A2J7,F6S8L9,F7BD82,F6Z1I4
9924 G1U7F5,G1SZR6,G1T143,G1SMY6,G1TAE2,G1SDY5,G1SXC8,G1SZT9 F6SA77,F7AK40,F6TL72,F6S8L9,F6VTW3,F6XEB4,F6S7D4,F6Z1I4
9924 G1U7F5,G1SZR6,G1T143,G1SMY6,G1TAE2,G1SDY5,G1SXC8,G1SZT9 F7B4P7,F7AK40,F6TL72,F6S8L9,F6VTW3,F6XEB4,F6S7D4,F6Z1I4
9924 G1U7F5,G1SZR6,G1T143,G1SMY6,G1TAE2,G1SDY5,G1SXC8,G1SZT9 F6ZE24,F7AK40,F6TL72,F6S8L9,F6VTW3,F6XEB4,F6S7D4,F6Z1I4
9924 G1U7F5,G1SZR6,G1T143,G1SMY6,G1TAE2,G1SDY5,G1SXC8,G1SZT9 F6ZQV4,F7AK40,F6TL72,F6S8L9,F6VTW3,F6XEB4,F6S7D4,F6Z1I4
9924 G1SRY1,G1SZR6,G1T143,G1SMY6,G1TAE2,G1SDY5,G1SXC8,G1SZT9 F6TJZ6,F7AK40,F6TL72,F6S8L9,F6VTW3,F6XEB4,F6S7D4,F6Z1I4
9924 G1SRY1,G1SZR6,G1T143,G1SMY6,G1TAE2,G1SDY5,G1SXC8,G1SZT9 F6VPT2,F7AK40,F6TL72,F6S8L9,F6VTW3,F6XEB4,F6S7D4,F6Z1I4
9924 G1SRY1,G1SZR6,G1T143,G1SMY6,G1TAE2,G1SDY5,G1SXC8,G1SZT9 F6Z5G2,F7AK40,F6TL72,F6S8L9,F6VTW3,F6XEB4,F6S7D4,F6Z1I4
9924 G1SMA7,G1SZR6,G1T143,G1SMY6,G1TAE2,G1SDY5,G1SXC8,G1SZT9 F6TJZ6,F7AK40,F6TL72,F6S8L9,F6VTW3,F6XEB4,F6S7D4,F6Z1I4
9924 G1SMA7,G1SZR6,G1T143,G1SMY6,G1TAE2,G1SDY5,G1SXC8,G1SZT9 F6VPT2,F7AK40,F6TL72,F6S8L9,F6VTW3,F6XEB4,F6S7D4,F6Z1I4
9924 G1SMA7,G1SZR6,G1T143,G1SMY6,G1TAE2,G1SDY5,G1SXC8,G1SZT9 F6Z5G2,F7AK40,F6TL72,F6S8L9,F6VTW3,F6XEB4,F6S7D4,F6Z1I4
9924 G1U8J6,G1SZR6,G1T143,G1SMY6,G1TAE2,G1SDY5,G1SXC8,G1SZT9 F6VPT2,F7AK40,F6TL72,F6S8L9,F6VTW3,F6XEB4,F6S7D4,F6Z1I4
9924 G1U8J6,G1SZR6,G1T143,G1SMY6,G1TAE2,G1SDY5,G1SXC8,G1SZT9 F6Z5G2,F7AK40,F6TL72,F6S8L9,F6VTW3,F6XEB4,F6S7D4,F6Z1I4
3211 G1TIX5,G1SZ81,G1TVU3,G1SZE4,G1SZT9,G1SXS3,G1SDY5,G1TAE2 F6XR42,F7D9K7,F6TL72,F7DFR6,F6Z1I4,F7ACV1,F6XEB4,F6VTW3
3211 G1TIX5,G1SLQ0,G1TVU3,G1SZE4,G1SZT9,G1SXS3,G1SDY5,G1TAE2 F6XR42,F6ZPA5,F6TL72,F7DFR6,F6Z1I4,F7ACV1,F6XEB4,F6VTW3
9441 G1SKM1,G1U0E9,G1SZE4,G1SZT9,G1TAE2,G1SDY5,G1SIC9,G1STM8 F6SQ43,F6QW91,F7DFR6,F6Z1I4,F6VTW3,F6XEB4,F6S8L9,F6WFB5
4413 G1SZR6,G1SZE4,G1T143,G1T7Y1,G1TVU3,G1SIC9,G1TAE2,G1SDY5 F7AK40,F7DFR6,F6TL72,F6S535,F6YYG4,F7A2J7,F6VTW3,F6XEB4
4413 G1SZR6,G1SZE4,G1T143,G1T7Y1,G1TVU3,G1SIC9,G1TAE2,G1SDY5 F7AK40,F7DFR6,F6TL72,F7AX54,F6YYG4,F7A2J7,F6VTW3,F6XEB4
4413 G1SZR6,G1SZE4,G1T143,G1SEF9,G1TVU3,G1SIC9,G1TAE2,G1SDY5 F7AK40,F7DFR6,F6TL72,F6Z6J3,F6YYG4,F7A2J7,F6VTW3,F6XEB4
4413 G1SZR6,G1SZE4,G1T143,G1SEF9,G1TVU3,G1SIC9,G1TAE2,G1SDY5 F7AK40,F7DFR6,F6TL72,F6S535,F6YYG4,F7A2J7,F6VTW3,F6XEB4
4413 G1SZR6,G1SZE4,G1T143,G1SEF9,G1TVU3,G1SIC9,G1TAE2,G1SDY5 F7AK40,F7DFR6,F6TL72,F6VSC4,F6YYG4,F7A2J7,F6VTW3,F6XEB4
4413 G1SZR6,G1SZE4,G1T143,G1SEF9,G1TVU3,G1SIC9,G1TAE2,G1SDY5 F7AK40,F7DFR6,F6TL72,F7AQ43,F6YYG4,F7A2J7,F6VTW3,F6XEB4
4413 G1SZR6,G1SZE4,G1T143,G1T9T5,G1TVU3,G1SIC9,G1TAE2,G1SDY5 F7AK40,F7DFR6,F6YYG4,F6WPB4,F6TL72,F7A2J7,F6VTW3,F6XEB4
4413 G1SZR6,G1SZE4,G1T143,G1SL10,G1TVU3,G1SIC9,G1TAE2,G1SDY5 F7AK40,F7DFR6,F6YYG4,F6WPB4,F6TL72,F7A2J7,F6VTW3,F6XEB4
4413 G1SZR6,G1SZE4,G1T143,G1SL10,G1TVU3,G1SIC9,G1TAE2,G1SDY5 F7AK40,F7DFR6,F6YYG4,F6STN9,F6TL72,F7A2J7,F6VTW3,F6XEB4
4413 G1SZR6,G1SZE4,G1T143,G1SL10,G1TVU3,G1SIC9,G1TAE2,G1SDY5 F7AK40,F7DFR6,F6TL72,F7E4A3,F6YYG4,F7A2J7,F6VTW3,F6XEB4
4413 G1SZR6,G1SZE4,G1T143,G1TET2,G1TVU3,G1SIC9,G1TAE2,G1SDY5 F7AK40,F7DFR6,F6TL72,F6Z6J3,F6YYG4,F7A2J7,F6VTW3,F6XEB4
4413 G1SZR6,G1SZE4,G1T143,G1TET2,G1TVU3,G1SIC9,G1TAE2,G1SDY5 F7AK40,F7DFR6,F6TL72,F6WA57,F6YYG4,F7A2J7,F6VTW3,F6XEB4
4413 G1SZR6,G1SZE4,G1T143,G1T2J6,G1TVU3,G1SIC9,G1TAE2,G1SDY5 F7AK40,F7DFR6,F6TL72,F6Z6J3,F6YYG4,F7A2J7,F6VTW3,F6XEB4
4413 G1SZR6,G1SZE4,G1T143,G1T2J6,G1TVU3,G1SIC9,G1TAE2,G1SDY5 F7AK40,F7DFR6,F6TL72,F6WA57,F6YYG4,F7A2J7,F6VTW3,F6XEB4
4413 G1SZR6,G1SZE4,G1T143,G1T2J6,G1TVU3,G1SIC9,G1TAE2,G1SDY5 F7AK40,F7DFR6,F6TL72,F6VSC4,F6YYG4,F7A2J7,F6VTW3,F6XEB4
4413 G1SZR6,G1SZE4,G1T143,G1U469,G1TVU3,G1SIC9,G1TAE2,G1SDY5 F7AK40,F7DFR6,F6TL72,F6Z6J3,F6YYG4,F7A2J7,F6VTW3,F6XEB4
4413 G1SZR6,G1SZE4,G1T143,G1U469,G1TVU3,G1SIC9,G1TAE2,G1SDY5 F7AK40,F7DFR6,F6TL72,F6S535,F6YYG4,F7A2J7,F6VTW3,F6XEB4
4413 G1SZR6,G1SZE4,G1T143,G1U469,G1TVU3,G1SIC9,G1TAE2,G1SDY5 F7AK40,F7DFR6,F6TL72,F6WA57,F6YYG4,F7A2J7,F6VTW3,F6XEB4
4413 G1SZR6,G1SZE4,G1T143,G1U469,G1TVU3,G1SIC9,G1TAE2,G1SDY5 F7AK40,F7DFR6,F6TL72,F6VSC4,F6YYG4,F7A2J7,F6VTW3,F6XEB4
4413 G1SZR6,G1SZE4,G1T143,G1U469,G1TVU3,G1SIC9,G1TAE2,G1SDY5 F7AK40,F7DFR6,F6TL72,F7AQ43,F6YYG4,F7A2J7,F6VTW3,F6XEB4
8145 G1SZR6,G1SZE4,G1SE74,G1TVU3,G1SIC9,G1TAE2,G1TIX5,G1SDY5 F7AK40,F7DFR6,F7B8B3,F6TL72,F7A2J7,F6VTW3,F6XR42,F6XEB4
8145 G1SZR6,G1SZE4,G1SE74,G1TVU3,G1SIC9,G1TAE2,G1TIX5,G1SDY5 F7AK40,F7DFR6,F6VAI2,F6YYG4,F7A2J7,F6VTW3,F6XR42,F6XEB4
8145 G1SZR6,G1SZE4,G1SDG8,G1TVU3,G1SIC9,G1TAE2,G1TIX5,G1SDY5 F7AK40,F7DFR6,F6UBL0,F6YYG4,F7A2J7,F6VTW3,F6XR42,F6XEB4
8145 G1SZR6,G1SZE4,G1SDG8,G1TVU3,G1SIC9,G1TAE2,G1TIX5,G1SDY5 F7AK40,F7DFR6,F6SIH2,F6YYG4,F7A2J7,F6VTW3,F6XR42,F6XEB4
8145 G1SZR6,G1SZE4,G1SDG8,G1TVU3,G1SIC9,G1TAE2,G1TIX5,G1SDY5 F7AK40,F7DFR6,F6VAI2,F6YYG4,F7A2J7,F6VTW3,F6XR42,F6XEB4
8145 G1SZR6,G1SZE4,G1T4H5,G1TVU3,G1SIC9,G1TAE2,G1TIX5,G1SDY5 F7AK40,F7DFR6,F6R0Z7,F6YYG4,F7A2J7,F6VTW3,F6XR42,F6XEB4
6687 G1SZE4,G1T7G3,G1TAE2,G1T143,G1TVU3,G1U415,G1SDY5,G1SIC9 F7DFR6,F6TS03,F6VTW3,F6TL72,F6YYG4,F6V881,F6XEB4,F7A2J7
6687 G1SZE4,G1T6F4,G1TAE2,G1T143,G1TVU3,G1SY93,G1SDY5,G1SIC9 F7DFR6,F6XV77,F6VTW3,F6TL72,F6YYG4,F6Z0A9,F6XEB4,F7A2J7
6687 G1SZE4,G1T8N6,G1TAE2,G1T143,G1TVU3,G1SSY8,G1SDY5,G1SIC9 F7DFR6,F7B439,F6VTW3,F6TL72,F6YYG4,F6W8C3,F6XEB4,F7A2J7
11063 G1SI38,G1T143,G1SIC9,G1SDY5,G1TAE2,G1SMY6,G1T2T9,G1SZE4 F6SKB7,F6YYG4,F7A2J7,F6XEB4,F6VTW3,F6S8L9,F6Z904,F7DFR6
11063 U3KMC5,G1TAE2,G1SDY5,G1SIC9,G1TVU3,G1SMY6,G1T1B1,G1SZE4 A0A1L1R2Y5,F6VTW3,F6XEB4,F7A2J7,F6YYG4,F6S8L9,F7BD82,F7DFR6
11063 U3KMC5,G1TAE2,G1SDY5,G1SIC9,G1T143,G1SMY6,G1T1B1,G1SZE4 A0A1L1R2Y5,F6VTW3,F6XEB4,F7A2J7,F6YYG4,F6S8L9,F7BD82,F7DFR6
8082 G1T143,G1SZR6,G1SZE4,G1SIC9,G1T2Q4,G1TVU3,G1TAE2,G1SDY5 F6TL72,F7AK40,F7DFR6,F7A2J7,F6V7C1,F6YYG4,F6VTW3,F6XEB4
8082 G1T143,G1SZR6,G1SZE4,G1SIC9,G1T2Q4,G1TVU3,G1TAE2,G1SDY5 F6YYG4,F7AK40,F7DFR6,F7A2J7,F6YRE0,F6TL72,F6VTW3,F6XEB4
8082 G1T143,G1SZR6,G1SZE4,G1SIC9,G1T2Q4,G1TVU3,G1TAE2,G1SDY5 F6TL72,F7AK40,F7DFR6,F7A2J7,F7B0R5,F6YYG4,F6VTW3,F6XEB4
8082 G1T143,G1SZR6,G1SZE4,G1SIC9,G1T2Q4,G1TVU3,G1TAE2,G1SDY5 F6TL72,F7AK40,F7DFR6,F7A2J7,F7DV29,F6YYG4,F6VTW3,F6XEB4
8082 G1T143,G1SZR6,G1SZE4,G1SIC9,G1T2Q4,G1TVU3,G1TAE2,G1SDY5 F6TL72,F7AK40,F7DFR6,F7A2J7,F6SCX8,F6YYG4,F6VTW3,F6XEB4
8082 G1T143,G1SZR6,G1SZE4,G1SIC9,G1T3U3,G1TVU3,G1TAE2,G1SDY5 F6TL72,F7AK40,F7DFR6,F7A2J7,F7B0R5,F6YYG4,F6VTW3,F6XEB4
8082 G1T143,G1SZR6,G1SZE4,G1SIC9,G1T3U3,G1TVU3,G1TAE2,G1SDY5 F6TL72,F7AK40,F7DFR6,F7A2J7,F6SCX8,F6YYG4,F6VTW3,F6XEB4
4485 G1TVU3,G1T852,G1TIX5,G1SZE4,G1SIC9,G1TDH0,G1SDY5,G1TAE2 F6TL72,F6WHV9,F6XR42,F7DFR6,F7A2J7,F6RXS0,F6XEB4,F6VTW3
4485 G1TVU3,G1U0E9,G1TIX5,G1SZE4,G1SIC9,G1STM8,G1SDY5,G1TAE2 F6TL72,F6QW91,F6XR42,F7DFR6,F7A2J7,F6WFB5,F6XEB4,F6VTW3
4485 G1TVU3,G1T895,G1TIX5,G1SZE4,G1SIC9,G1TFL8,G1SDY5,G1TAE2 F6TL72,F6XAE8,F6XR42,F7DFR6,F7A2J7,F6ZPE1,F6XEB4,F6VTW3
4485 G1TVU3,G1TAU7,G1TIX5,G1SZE4,G1SIC9,P47845,G1SDY5,G1TAE2 F6TL72,F6XMK4,F6XR42,F7DFR6,F7A2J7,F7A860,F6XEB4,F6VTW3
4485 G1TVU3,G1SI13,G1TIX5,G1SZE4,G1SIC9,G1TCC3,G1SDY5,G1TAE2 F6TL72,F6U5M0,F6XR42,F7DFR6,F7A2J7,F6UNM1,F6XEB4,F6VTW3
8656 P13943,G1SZE4,G1T143,G1TAE2,G1SIC9,G1SDY5,G1TVU3,G1TWI8 F6XMB2,F7DFR6,F6YYG4,F6VTW3,F7A2J7,F6XEB4,F6TL72,F6U6I2
8930 P13943,G1TAE2,G1SZE4,G1SDY5,G1TIX5,G1SIC9,G1TWI8,G1TVU3 F6XMB2,F6VTW3,F7DFR6,F6XEB4,F6XR42,F7A2J7,F6U6I2,F6TL72
8930 P13943,G1TAE2,G1SZE4,G1SDY5,G1TIX5,G1SIC9,G1TWI8,G1TVU3 F6WTM6,F6VTW3,F7DFR6,F6XEB4,F6XR42,F7A2J7,F7AJ44,F6YYG4
9396 G1TAE2,P13943,G1SDY5,G1SZE4,G1TWI8,G1SIC9,G1SMY6,G1TVU3 F6VTW3,F6WTM6,F6XEB4,F7DFR6,F7AJ44,F7A2J7,F6S8L9,F6YYG4
9396 G1TIX5,G1SDL0,G1SZT9,G1SZE4,G1TDK5,G1SDY5,G1SIC9,G1TAE2 F6XR42,F6ZSN8,F6Z1I4,F7DFR6,F6VF95,F6XEB4,F6S8L9,F6VTW3
9396 G1TIX5,G1SDL0,G1SZT9,G1SZE4,G1TDK5,G1SDY5,G1SIC9,G1TAE2 F6TL72,F6ZSN8,F6Z1I4,F7DFR6,F6VF95,F6XEB4,F6S8L9,F6VTW3
9396 G1TIX5,G1SDL0,G1SZT9,G1SZE4,G1TDK5,G1SDY5,G1SIC9,G1TAE2 F6TL72,F6ZSN8,F7A2J7,F7DFR6,F6VF95,F6XEB4,F6S8L9,F6VTW3
9396 G1TIX5,G1SDL0,G1SZT9,G1SZE4,G1TDK5,G1SDY5,G1SIC9,G1TAE2 F6XR42,F6SMN4,F6Z1I4,F7DFR6,F7B3R2,F6XEB4,F6S8L9,F6VTW3
9396 G1TIX5,G1SDL0,G1SZT9,G1SZE4,G1TDK5,G1SDY5,G1SIC9,G1TAE2 F6TL72,F6SMN4,F6Z1I4,F7DFR6,F7B3R2,F6XEB4,F6S8L9,F6VTW3
9396 G1TIX5,G1SDL0,G1SZT9,G1SZE4,G1TDK5,G1SDY5,G1SMY6,G1TAE2 F6XR42,F6ZSN8,F6Z1I4,F7DFR6,F6VF95,F6XEB4,F6S8L9,F6VTW3
9396 G1TIX5,G1SDL0,G1SZT9,G1SZE4,G1TDK5,G1SDY5,G1SMY6,G1TAE2 F6TL72,F6ZSN8,F6Z1I4,F7DFR6,F6VF95,F6XEB4,F6S8L9,F6VTW3
9396 G1TIX5,G1SDL0,G1SZT9,G1SZE4,G1TDK5,G1SDY5,G1SMY6,G1TAE2 F6TL72,F6ZSN8,F7A2J7,F7DFR6,F6VF95,F6XEB4,F6S8L9,F6VTW3
9396 G1TIX5,G1SDL0,G1SZT9,G1SZE4,G1TDK5,G1SDY5,G1SMY6,G1TAE2 F6XR42,F6SMN4,F6Z1I4,F7DFR6,F7B3R2,F6XEB4,F6S8L9,F6VTW3
9396 G1TIX5,G1SDL0,G1SZT9,G1SZE4,G1TDK5,G1SDY5,G1SMY6,G1TAE2 F6TL72,F6SMN4,F6Z1I4,F7DFR6,F7B3R2,F6XEB4,F6S8L9,F6VTW3
9396 G1T143,G1SDL0,G1SIC9,G1SZE4,G1TDK5,G1SDY5,G1SMY6,G1TAE2 F6XR42,F6ZSN8,F6Z1I4,F7DFR6,F6VF95,F6XEB4,F6S8L9,F6VTW3
9396 G1T143,G1SDL0,G1SIC9,G1SZE4,G1TDK5,G1SDY5,G1SMY6,G1TAE2 F6TL72,F6ZSN8,F6Z1I4,F7DFR6,F6VF95,F6XEB4,F6S8L9,F6VTW3
9396 G1T143,G1SDL0,G1SIC9,G1SZE4,G1TDK5,G1SDY5,G1SMY6,G1TAE2 F6TL72,F6ZSN8,F7A2J7,F7DFR6,F6VF95,F6XEB4,F6S8L9,F6VTW3
11201 G1SZE4,G1TIX5,G1TVU3,G1SKM1,G1TAE2,G1U198,G1SIC9,G1SDY5 F7DFR6,F6XR42,F6YYG4,F6SQ43,F6VTW3,F6T8H1,F7A2J7,F6XEB4
11201 G1SZE4,G1TIX5,G1TVU3,G1SKM1,G1TAE2,G1TBZ1,G1SIC9,G1SDY5 F7DFR6,F6XR42,F6YYG4,F6SQ43,F6VTW3,F6T8H1,F7A2J7,F6XEB4
11201 G1SZE4,G1TIX5,G1TVU3,G1SKM1,G1TAE2,G1TBZ1,G1SIC9,G1SDY5 F7DFR6,F6XR42,F6YYG4,F6SQ43,F6VTW3,F7CYJ4,F7A2J7,F6XEB4
11201 G1SZE4,G1SKM1,G1TAE2,G1TIX5,G1TVU3,G1TQ35,G1SDY5,G1SIC9 F7DFR6,F6SQ43,F6VTW3,F6XR42,F6YYG4,F6VB17,F6XEB4,F7A2J7
11201 G1SZE4,G1SKM1,G1TAE2,G1TIX5,G1TVU3,G1TQ35,G1SDY5,G1SIC9 F7DFR6,F6SQ43,F6VTW3,F6XR42,F6YYG4,F6UFM6,F6XEB4,F7A2J7
11201 G1SZE4,G1TIX5,G1TVU3,G1SKM1,G1TAE2,G1TRZ8,G1SIC9,G1SDY5 F7DFR6,F6XR42,F6YYG4,F6SQ43,F6VTW3,F6QPD5,F7A2J7,F6XEB4
9005 G1TXP6,G1SZE4,G1TAE2,G1TIX5,G1SDY5,G1SIC9,G1TVU3,G1U198 Q95LJ1,F7DFR6,F6VTW3,F6XR42,F6XEB4,F7A2J7,F6YYG4,F6T8H1
3192 G1TVU3,G1SZE4,G1TIX5,G1SJB6,G1T1S7,G1SIC9,G1TAE2,G1SDY5 F6TL72,F7DFR6,F6XR42,F6QSA6,F6STH6,F7A2J7,F6VTW3,F6XEB4
3192 G1TVU3,G1SZE4,G1TIX5,G1TZJ5,G1T1S7,G1SIC9,G1TAE2,G1SDY5 F6TL72,F7DFR6,F6XR42,F6QSA6,F6STH6,F7A2J7,F6VTW3,F6XEB4
3192 G1TVU3,G1SZE4,G1TIX5,G1TZJ5,G1T1S7,G1SIC9,G1TAE2,G1SDY5 F6TL72,F7DFR6,F6XR42,F6R166,F6STH6,F7A2J7,F6VTW3,F6XEB4
8267 G1SZR6,G1T143,G1SIC9,G1SZE4,G1TVU3,G1TBZ1,G1TAE2,G1SDY5 F7AK40,F6TL72,F7A2J7,F7DFR6,F6YYG4,F7CYJ4,F6VTW3,F6XEB4
9662 G1TVU3,G1SZE4,G1SZR6,G1TIX5,G1SIC9,G1TAE2,G1TBZ1,G1SDY5 F6YYG4,F7DFR6,F7AK40,F6XR42,F7A2J7,F6VTW3,F7CYJ4,F6XEB4
11480 G1SKM1,G1SY16,G1SZT9,G1SZR6,G1TAE2,G1SMY6,G1SDY5,G1T143 F6SQ43,H9GZN5,F6Z1I4,F7AK40,F6VTW3,F6S8L9,F6XEB4,F6TL72
7213 G1SKM1,G1SZE4,G1SY16,G1SZR6,G1TAE2,G1SZT9,G1T143,G1SDY5 F6SQ43,F7DFR6,H9GZN5,F7AK40,F6VTW3,F6Z1I4,F6TL72,F6XEB4
4467 G1TVU3,G1SZE4,G1T1S9,G1TIX5,G1TB13,G1SIC9,G1TAE2,G1SDY5 F6YYG4,F7DFR6,F6WUE0,F6XR42,F6V984,F7A2J7,F6VTW3,F6XEB4
4467 G1TVU3,G1SZE4,G1TG06,G1TIX5,G1SZ41,G1SIC9,G1TAE2,G1SDY5 F6YYG4,F7DFR6,F6WUE0,F6XR42,F6V984,F7A2J7,F6VTW3,F6XEB4
4467 G1TVU3,G1SZE4,G1T1S9,G1TIX5,G1SUS6,G1SIC9,G1TAE2,G1SDY5 F6YYG4,F7DFR6,F6WUE0,F6XR42,F6QPV3,F7A2J7,F6VTW3,F6XEB4
10514 G1TVU3,G1TIX5,G1SZE4,G1SZT9,G1SIC9,G1SKM1,G1TAE2,G1T2F2 F6TL72,F6XR42,F7DFR6,F6Z1I4,F7A2J7,F6SQ43,F6VTW3,F6ZBW3
10514 G1TVU3,G1TIX5,G1SZE4,G1SZT9,G1SIC9,G1SKM1,G1TAE2,G1SF00 F6TL72,F6XR42,F7DFR6,F6Z1I4,F7A2J7,F6SQ43,F6VTW3,F6ZBW3
10514 G1TVU3,G1TIX5,G1SZE4,G1SZT9,G1SIC9,G1SKM1,G1TAE2,G1STX3 F6TL72,F6XR42,F7DFR6,F6Z1I4,F7A2J7,F6SQ43,F6VTW3,F6ZBW3
10514 G1TVU3,G1TIX5,G1SZE4,G1SZT9,G1SIC9,G1SKM1,G1TAE2,G1TEW4 F6TL72,F6XR42,F7DFR6,F6Z1I4,F7A2J7,F6SQ43,F6VTW3,F7A2V7
11644 G1T634,G1TAE2,G1SDY5,G1T143,G1SMY6,G1SKM1,G1SZR6,G1SZT9 F6TE92,F6VTW3,F6XEB4,F6TL72,F6S8L9,F6SQ43,F7AK40,F6Z1I4
11644 G1SG44,G1TAE2,G1SDY5,G1T143,G1SMY6,G1SKM1,G1SZR6,G1SZT9 F6TE92,F6VTW3,F6XEB4,F6TL72,F6S8L9,F6SQ43,F7AK40,F6Z1I4
11644 G1TS42,G1TAE2,G1SDY5,G1T143,G1SMY6,G1SKM1,G1SZR6,G1SZT9 F6TE92,F6VTW3,F6XEB4,F6TL72,F6S8L9,F6SQ43,F7AK40,F6Z1I4
11644 G1SNZ2,G1TAE2,G1SDY5,G1T143,G1SMY6,G1SKM1,G1SZR6,G1SZT9 F6TE92,F6VTW3,F6XEB4,F6TL72,F6S8L9,F6SQ43,F7AK40,F6Z1I4
11644 G1TEZ1,G1TAE2,G1SDY5,G1T143,G1SMY6,G1SKM1,G1SZR6,G1SZT9 F6TE92,F6VTW3,F6XEB4,F6TL72,F6S8L9,F6SQ43,F7AK40,F6Z1I4
11644 G1TEZ1,G1TAE2,G1SDY5,G1T143,G1SMY6,G1SKM1,G1SZR6,G1SZT9 F6UYJ8,F6VTW3,F6XEB4,F6TL72,F6S8L9,F6SQ43,F7AK40,F6Z1I4
11644 G1SRP7,G1TAE2,G1SDY5,G1T143,G1SMY6,G1SKM1,G1SZR6,G1SZT9 F6TE92,F6VTW3,F6XEB4,F6TL72,F6S8L9,F6SQ43,F7AK40,F6Z1I4
11644 G1U0I7,G1TAE2,G1SDY5,G1T143,G1SMY6,G1SKM1,G1SZR6,G1SZT9 F6TE92,F6VTW3,F6XEB4,F6TL72,F6S8L9,F6SQ43,F7AK40,F6Z1I4
11644 G1U0I7,G1TAE2,G1SDY5,G1T143,G1SMY6,G1SKM1,G1SZR6,G1SZT9 F6UYJ8,F6VTW3,F6XEB4,F6TL72,F6S8L9,F6SQ43,F7AK40,F6Z1I4
11644 G1T9K9,G1TAE2,G1SDY5,G1T143,G1SMY6,G1SKM1,G1SZR6,G1SZT9 F6UYJ8,F6VTW3,F6XEB4,F6TL72,F6S8L9,F6SQ43,F7AK40,F6Z1I4
11644 G1SE56,G1TAE2,G1SDY5,G1T143,G1SMY6,G1SKM1,G1SZR6,G1SZT9 F6UYJ8,F6VTW3,F6XEB4,F6TL72,F6S8L9,F6SQ43,F7AK40,F6Z1I4
4507 G1SZR6,G1SZE4,G1T143,G1SE21,G1TVU3,G1SIC9,G1TAE2,G1SDY5 F7AK40,F7DFR6,F6TL72,F6XVV6,F6YYG4,F7A2J7,F6VTW3,F6XEB4
4507 G1SZR6,G1SZE4,G1T143,G1SE21,G1TVU3,G1SIC9,G1TAE2,G1SDY5 F7AK40,F7DFR6,F6TL72,F7D3B4,F6YYG4,F7A2J7,F6VTW3,F6XEB4
4507 G1SZR6,G1SZE4,G1T143,G1SE21,G1TVU3,G1SIC9,G1TAE2,G1SDY5 F7AK40,F7DFR6,F6TL72,F7A7G2,F6YYG4,F7A2J7,F6VTW3,F6XEB4
4507 G1SZR6,G1SZE4,G1T143,G1SE21,G1TVU3,G1SIC9,G1TAE2,G1SDY5 F7AK40,F7DFR6,F6TL72,F7BD89,F6YYG4,F7A2J7,F6VTW3,F6XEB4
4507 G1SZR6,G1SZE4,G1T143,G1T607,G1TVU3,G1SIC9,G1TAE2,G1SDY5 F7AK40,F7DFR6,F6TL72,F6VQF0,F6YYG4,F7A2J7,F6VTW3,F6XEB4
4507 G1SZR6,G1SZE4,G1T143,G1T607,G1TVU3,G1SIC9,G1TAE2,G1SDY5 F7AK40,F7DFR6,F6YYG4,F7C0S3,F6TL72,F7A2J7,F6VTW3,F6XEB4
4507 G1SZR6,G1SZE4,G1T143,G1T607,G1TVU3,G1SIC9,G1TAE2,G1SDY5 F7AK40,F7DFR6,F6TL72,F7A7G2,F6YYG4,F7A2J7,F6VTW3,F6XEB4
4507 G1SZR6,G1SZE4,G1T143,G1TCP9,G1TVU3,G1SIC9,G1TAE2,G1SDY5 F7AK40,F7DFR6,F6TL72,F6WHD4,F6YYG4,F7A2J7,F6VTW3,F6XEB4
4507 G1TVU3,G1T186,G1TIX5,G1SZE4,G1SIC9,G1SM49,G1SDY5,G1TAE2 F6YYG4,F7DE63,F6XR42,F7DFR6,F7A2J7,F6XYX6,F6XEB4,F6VTW3
4507 G1SZR6,G1SZE4,G1T143,G1SM05,G1TVU3,G1SIC9,G1TAE2,G1SDY5 F7AK40,F7DFR6,F6TL72,F6XVV6,F6YYG4,F7A2J7,F6VTW3,F6XEB4
4507 G1SZR6,G1SZE4,G1T143,G1SM05,G1TVU3,G1SIC9,G1TAE2,G1SDY5 F7AK40,F7DFR6,F6TL72,F7D3B4,F6YYG4,F7A2J7,F6VTW3,F6XEB4
4507 G1SZR6,G1SZE4,G1T143,G1SM05,G1TVU3,G1SIC9,G1TAE2,G1SDY5 F7AK40,F7DFR6,F6TL72,F7BD89,F6YYG4,F7A2J7,F6VTW3,F6XEB4
4507 G1TVU3,G1T742,G1TIX5,G1SZE4,G1SIC9,G1SM49,G1SDY5,G1TAE2 F6YYG4,F7DE63,F6XR42,F7DFR6,F7A2J7,F6XYX6,F6XEB4,F6VTW3
7334 G1SZE4,G1SZR6,G1SKM1,G1SSZ7,G1T143,G1TAE2,G1SZT9,G1SDY5 F7DFR6,F7AK40,F6SQ43,H9GZM8,F6TL72,F6VTW3,F6Z1I4,F6XEB4
11651 G1SZE4,G1TAE2,G1SKM1,G1T143,G1TVU3,G1SDY5,G1SIC9,U3KMD1 F7DFR6,F6VTW3,F6SQ43,F6TL72,F6YYG4,F6XEB4,F7A2J7,F6VUA4
11651 G1SZE4,G1TAE2,G1SKM1,G1T143,G1TVU3,G1SDY5,G1SIC9,U3KMD1 F7DFR6,F6VTW3,F6SQ43,F6TL72,F6YYG4,F6XEB4,F7A2J7,F6QD46
9349 G1TVU3,G1SZR6,G1SZE4,G1SIC9,G1TIX5,U3KMD1,G1TAE2,G1SDY5 F6YYG4,F7AK40,F7DFR6,F7A2J7,F6XR42,F7CYY7,F6VTW3,F6XEB4
9349 G1TVU3,G1SZR6,G1SZE4,G1SIC9,G1TIX5,U3KMD1,G1TAE2,G1SDY5 F6YYG4,F7AK40,F7DFR6,F7A2J7,F6XR42,F6QV03,F6VTW3,F6XEB4
9349 G1TVU3,G1SZR6,G1SZE4,G1SIC9,G1TIX5,U3KMD1,G1TAE2,G1SDY5 F6YYG4,F7AK40,F7DFR6,F7A2J7,F6XR42,F6QD46,F6VTW3,F6XEB4
9349 G1TVU3,G1SZR6,G1SZE4,G1SIC9,G1TIX5,U3KMD1,G1TAE2,G1SDY5 F6TL72,F7AK40,F7DFR6,F7A2J7,F6XR42,F6RQ49,F6VTW3,F6XEB4
9349 G1TVU3,G1SZR6,G1SZE4,G1SIC9,G1TIX5,G1T6W0,G1TAE2,G1SDY5 F6YYG4,F7AK40,F7DFR6,F7A2J7,F6XR42,F7CYY7,F6VTW3,F6XEB4
8184 G1TIX5,G1U652,G1SZE4,G1SZT9,G1TVU3,G1TAE2,G1SIC9,G1T7H0 F6XR42,F6YW45,F7DFR6,F6Z1I4,F6TL72,F6VTW3,F7A2J7,F7E4G6
7211 G1SZE4,G1U1S7,G1T143,G1TAE2,G1TVU3,G1U2Y0,G1SDY5,G1SIC9 F7DFR6,A0A0B4J1C4,F6TL72,F6VTW3,F6YYG4,F6TME6,F6XEB4,F7A2J7
10100 G1TZJ6,G1TAE2,G1SDY5,G1SZE4,G1SIC9,G1SMY6,G1TDK5,G1T143 F7D4M5,F6VTW3,F6XEB4,F7DFR6,F7A2J7,F6S8L9,F6VF95,F6YYG4
10100 G1TC95,G1TAE2,G1SDY5,G1SZE4,G1SIC9,G1SMY6,G1TDK5,G1TVU3 F7C0E6,F6VTW3,F6XEB4,F7DFR6,F7A2J7,F6S8L9,F6VF95,F6YYG4
10100 G1TC95,G1TAE2,G1SDY5,G1SZE4,G1SIC9,G1SMY6,G1TDK5,G1TVU3 F7D4M5,F6VTW3,F6XEB4,F7DFR6,F7A2J7,F6S8L9,F6VF95,F6YYG4
9038 G1SFY5,G1TAE2,G1SZE4,G1SDY5,G1TVU3,G1SMY6,G1TEP5,G1SIC9 F7CL86,F6VTW3,F7DFR6,F6XEB4,F6YYG4,F6S8L9,F6YZI7,F7A2J7
9038 G1T0X9,G1TAE2,G1SZE4,G1SDY5,G1TIX5,G1SIC9,G1SK67,G1SZT9 F7A5X7,F6VTW3,F7DFR6,F6XEB4,F6XR42,F6S8L9,F7DUN1,F6Z1I4
9038 G1TX63,G1TAE2,G1SZE4,G1SDY5,G1TIX5,G1SIC9,G1SK67,G1SZT9 F7A5X7,F6VTW3,F7DFR6,F6XEB4,F6XR42,F6S8L9,F7DUN1,F6Z1I4
5081 G1T440,G1SZE4,G1TVU3,G1TIX5,G1TAE2,G1SDY5,G1TPA9,G1SIC9 F6YG22,F7DFR6,F6TL72,F6XR42,F6VTW3,F6XEB4,F7ACY5,F7A2J7
5081 G1T440,G1SZE4,G1TVU3,G1TIX5,G1TAE2,G1SDY5,G1TPA9,G1SIC9 F7B6J9,F7DFR6,F6TL72,F6XR42,F6VTW3,F6XEB4,F7ACY5,F7A2J7
5081 G1TET8,G1SZE4,G1TVU3,G1TIX5,G1TAE2,G1SDY5,G1SH29,G1SIC9 F7C1M0,F7DFR6,F6YYG4,F6XR42,F6VTW3,F6XEB4,F7A860,F7A2J7
5081 G1TET8,G1SZE4,G1TVU3,G1TIX5,G1TAE2,G1SDY5,G1SH29,G1SIC9 F7DBN1,F7DFR6,F6YYG4,F6XR42,F6VTW3,F6XEB4,F6QG75,F7A2J7
5081 G1TET8,G1SZE4,G1TVU3,G1TIX5,G1TAE2,G1SDY5,G1SH29,G1SIC9 F7DBN1,F7DFR6,F6TL72,F6XR42,F6VTW3,F6XEB4,F6QG75,F7A2J7
5081 G1T250,G1SZE4,G1TVU3,G1TIX5,G1TAE2,G1SDY5,P47845,G1SIC9 F7C1M0,F7DFR6,F6YYG4,F6XR42,F6VTW3,F6XEB4,F7A860,F7A2J7
5081 G1T250,G1SZE4,G1TVU3,G1TIX5,G1TAE2,G1SDY5,P47845,G1SIC9 F7C1M0,F7DFR6,F6TL72,F6XR42,F6VTW3,F6XEB4,F7A860,F7A2J7
5081 G1T250,G1SZE4,G1TVU3,G1TIX5,G1TAE2,G1SDY5,P47845,G1SIC9 F7DBN1,F7DFR6,F6YYG4,F6XR42,F6VTW3,F6XEB4,F6QG75,F7A2J7
5081 G1T250,G1SZE4,G1TVU3,G1TIX5,G1TAE2,G1SDY5,P47845,G1SIC9 F7DBN1,F7DFR6,F6TL72,F6XR42,F6VTW3,F6XEB4,F6QG75,F7A2J7
5081 G1TFX1,G1SZE4,G1TVU3,G1TIX5,G1TAE2,G1SDY5,G1TDH0,G1SIC9 F6ZQ40,F7DFR6,F6YYG4,F6XR42,F6VTW3,F6XEB4,F6RXS0,F7A2J7
5081 G1TFX1,G1SZE4,G1TVU3,G1TIX5,G1TAE2,G1SDY5,G1TDH0,G1SIC9 F6ZQ40,F7DFR6,F6TL72,F6XR42,F6VTW3,F6XEB4,F6RXS0,F7A2J7
5081 G1TFX1,G1SZE4,G1TVU3,G1TIX5,G1TAE2,G1SDY5,G1TDH0,G1SIC9 F7DBN1,F7DFR6,F6YYG4,F6XR42,F6VTW3,F6XEB4,F6QG75,F7A2J7
5081 G1U3B9,G1SZE4,G1TVU3,G1TIX5,G1TAE2,G1SDY5,G1TPA9,G1SIC9 F7B6J9,F7DFR6,F6TL72,F6XR42,F6VTW3,F6XEB4,F7ACY5,F7A2J7
8978 G1T440,G1TAE2,G1SZE4,G1SDY5,G1T143,G1SMY6,G1TPA9,G1SIC9 F6YG22,F6VTW3,F7DFR6,F6XEB4,F6YYG4,F6S8L9,F7ACY5,F7A2J7
8978 G1T440,G1TAE2,G1SZE4,G1SDY5,G1T143,G1SMY6,G1TPA9,G1SIC9 F7B6J9,F6VTW3,F7DFR6,F6XEB4,F6YYG4,F6S8L9,F7ACY5,F7A2J7
8978 G1U3B9,G1TAE2,G1SZE4,G1SDY5,G1T143,G1SMY6,G1TPA9,G1SIC9 F7B6J9,F6VTW3,F7DFR6,F6XEB4,F6YYG4,F6S8L9,F7ACY5,F7A2J7
8793 G1SDE9,G1SZE4,G1TAE2,G1TVU3,G1SDY5,G1SZT9,G1SVI9,G1SMY6 F6Q9W9,F7DFR6,F6VTW3,F6XR42,F6XEB4,F6Z1I4,F6QXT2,F6S8L9
8793 G1TBY0,G1SZE4,G1TAE2,G1TVU3,G1SDY5,G1SZT9,G1T5M0,G1SMY6 F7DGS2,F7DFR6,F6VTW3,F6YYG4,F6XEB4,F6Z1I4,F7C9Y5,F6S8L9
7878 G1SZE4,G1T143,G1TLN0,G1T2Q4,G1TAE2,G1TVU3,G1SIC9,G1SDY5 F7DFR6,F6TL72,F7CBI3,F7B0R5,F6VTW3,F6YYG4,F7A2J7,F6XEB4
6987 G1SZR6,G1T143,G1SZE4,G1SIC9,G1TQ35,G1TVU3,G1TAE2,G1SDY5 F7AK40,F6TL72,F7DFR6,F7A2J7,F6VB17,F6YYG4,F6VTW3,F6XEB4
6987 G1SZR6,G1T143,G1SZE4,G1SIC9,G1TQ35,G1TVU3,G1TAE2,G1SDY5 F7AK40,F6TL72,F7DFR6,F7A2J7,F6UFM6,F6YYG4,F6VTW3,F6XEB4
7923 G1SI67,G1SZE4,G1T143,G1TVU3,G1SIC9,G1SDY5,G1SCE8,G1TAE2 F6ZZ24,F7DFR6,F6TL72,F6YYG4,F7A2J7,F6XEB4,F7DPU4,F6VTW3
7923 G1T8Y4,G1SZE4,G1TIX5,G1T143,G1SZT9,G1SDY5,G1STI3,G1TAE2 F7A6R9,F7DFR6,F6TL72,F6YYG4,F6Z1I4,F6XEB4,F6VD51,F6VTW3
6685 G1SZE4,G1TJQ3,G1TAE2,G1T143,G1TVU3,G1SWC1,G1SDY5,G1SIC9 F7DFR6,F6VDT3,F6VTW3,F6TL72,F6YYG4,F7DG69,F6XEB4,F7A2J7
5091 G1SZE4,G1TIX5,G1SWX5,G1TVU3,U3KPJ1,G1TAE2,G1SIC9,G1SDY5 F7DFR6,F6XR42,F6W815,F6TL72,F6R1Z0,F6VTW3,F7A2J7,F6XEB4
5091 G1SZE4,G1TIX5,G1SWX5,G1TVU3,U3KPJ1,G1TAE2,G1SIC9,G1SDY5 F7DFR6,F6XR42,F6PJ06,F6YYG4,F7BUA5,F6VTW3,F7A2J7,F6XEB4
5091 G1SZE4,G1TIX5,G1SWX5,G1TVU3,U3KPJ1,G1TAE2,G1SIC9,G1SDY5 F7DFR6,F6XR42,F6PJ06,F6TL72,F7BUA5,F6VTW3,F7A2J7,F6XEB4
5091 G1SZE4,G1TIX5,G1SWX5,G1TVU3,U3KPJ1,G1TAE2,G1SIC9,G1SDY5 F7DFR6,F6XR42,F7BYR2,F6YYG4,F6U159,F6VTW3,F7A2J7,F6XEB4
5091 G1SZE4,G1TIX5,G1STB0,G1TVU3,G1SL61,G1TAE2,G1SIC9,G1SDY5 F7DFR6,F6XR42,F7BYR2,F6YYG4,F6U159,F6VTW3,F7A2J7,F6XEB4
5091 G1SZE4,G1TIX5,G1T3J4,G1TVU3,G1SYX2,G1TAE2,G1SIC9,G1SDY5 F7DFR6,F6XR42,F7CQ26,F6TL72,F6PVE6,F6VTW3,F7A2J7,F6XEB4
5091 G1SZE4,G1TIX5,G1T3J4,G1TVU3,G1SYX2,G1TAE2,G1SIC9,G1SDY5 F7DFR6,F6XR42,H9GZW5,F6YYG4,F7CDD7,F6VTW3,F7A2J7,F6XEB4
5091 G1SZE4,G1TIX5,G1TZC7,G1TVU3,G1TCI3,G1TAE2,G1SIC9,G1SDY5 F7DFR6,F6XR42,F7CQ26,F6TL72,F6PVE6,F6VTW3,F7A2J7,F6XEB4
5091 G1SZE4,G1TIX5,G1TZC7,G1TVU3,G1TCI3,G1TAE2,G1SIC9,G1SDY5 F7DFR6,F6XR42,H9GZW5,F6YYG4,F7CDD7,F6VTW3,F7A2J7,F6XEB4
5091 G1SZE4,G1TIX5,G1SQT6,G1TVU3,G1SL61,G1TAE2,G1SIC9,G1SDY5 F7DFR6,F6XR42,F6PJ06,F6YYG4,F7BUA5,F6VTW3,F7A2J7,F6XEB4
5091 G1SZE4,G1TIX5,G1SQT6,G1TVU3,G1SL61,G1TAE2,G1SIC9,G1SDY5 F7DFR6,F6XR42,F6PJ06,F6TL72,F7BUA5,F6VTW3,F7A2J7,F6XEB4
5091 G1SZE4,G1TIX5,G1SQT6,G1TVU3,G1SL61,G1TAE2,G1SIC9,G1SDY5 F7DFR6,F6XR42,F7BYR2,F6YYG4,F6U159,F6VTW3,F7A2J7,F6XEB4
5091 G1SZE4,G1TIX5,G1T3B9,G1TVU3,G1TLU5,G1TAE2,G1SIC9,G1SDY5 F7DFR6,F6XR42,H9GZW5,F6YYG4,F7CDD7,F6VTW3,F7A2J7,F6XEB4
5091 G1SZE4,G1TIX5,G1T3B9,G1TVU3,G1TLU5,G1TAE2,G1SIC9,G1SDY5 F7DFR6,F6XR42,F6T3I3,F6TL72,F7CHK8,F6VTW3,F7A2J7,F6XEB4
5091 G1SZE4,G1TIX5,G1T3B9,G1TVU3,G1TLU5,G1TAE2,G1SIC9,G1SDY5 F7DFR6,F6XR42,F6WGC9,F6YYG4,F6SYG5,F6VTW3,F7A2J7,F6XEB4
5091 G1SZE4,G1TIX5,G1T3B9,G1TVU3,G1TLU5,G1TAE2,G1SIC9,G1SDY5 F7DFR6,F6XR42,F6WGC9,F6TL72,F6SYG5,F6VTW3,F7A2J7,F6XEB4
9221 G1TIX5,G1TVU3,G1SZE4,G1SIL1,G1T3U3,G1SIC9,G1TAE2,G1SDY5 F6XR42,F6YYG4,F7DFR6,F6XYB5,F6TC63,F7A2J7,F6VTW3,F6XEB4
2884 G1TVU3,G1SZE4,G1TIX5,G1T0P5,G1TMZ9,G1SIC9,G1TAE2,G1SDY5 F6YYG4,F7DFR6,F6XR42,F6XW83,F6XKY6,F7A2J7,F6VTW3,F6XEB4
2884 G1TVU3,G1SZE4,G1TIX5,G1U634,G1T9U5,G1SIC9,G1TAE2,G1SDY5 F6YYG4,F7DFR6,F6XR42,F6PIE9,F6XI59,F7A2J7,F6VTW3,F6XEB4
2884 G1TVU3,G1SZE4,G1TIX5,G1U634,G1T9U5,G1SIC9,G1TAE2,G1SDY5 F6YYG4,F7DFR6,F6XR42,F7B8E7,F6XIW6,F7A2J7,F6VTW3,F6XEB4
2884 G1TVU3,G1SZE4,G1TIX5,G1U634,G1T9U5,G1SIC9,G1TAE2,G1SDY5 F6YYG4,F7DFR6,F6XR42,F7B8E7,F6SQS6,F7A2J7,F6VTW3,F6XEB4
2884 G1TVU3,G1SZE4,G1TIX5,G1SVG4,G1SJA5,G1SIC9,G1TAE2,G1SDY5 F6YYG4,F7DFR6,F6XR42,F6XF13,F6PR27,F7A2J7,F6VTW3,F6XEB4
2884 G1TVU3,G1SZE4,G1TIX5,G1SW57,G1TUM1,G1SIC9,G1TAE2,G1SDY5 F6YYG4,F7DFR6,F6XR42,F6XEP5,F6QCI6,F7A2J7,F6VTW3,F6XEB4
2884 G1TVU3,G1SZE4,G1TIX5,G1SSZ6,G1SWU8,G1SIC9,G1TAE2,G1SDY5 F6YYG4,F7DFR6,F6XR42,F7B8E7,F6XIW6,F7A2J7,F6VTW3,F6XEB4
2884 G1TVU3,G1SZE4,G1TIX5,G1SSZ6,G1SWU8,G1SIC9,G1TAE2,G1SDY5 F6YYG4,F7DFR6,F6XR42,F7BLW8,F7DVA2,F7A2J7,F6VTW3,F6XEB4
2884 G1TVU3,G1SZE4,G1TIX5,G1U634,G1T6M9,G1SIC9,G1TAE2,G1SDY5 F6YYG4,F7DFR6,F6XR42,F7B8E7,F6XIW6,F7A2J7,F6VTW3,F6XEB4
3163 G1SZE4,G1TVU3,G1TIX5,G1SCL1,G1U031,G1TAE2,G1SIC9,G1SDY5 F7DFR6,F6YYG4,F6XR42,F7CCM9,F6R810,F6VTW3,F7A2J7,F6XEB4
3163 G1SZE4,G1TVU3,G1TIX5,G1SCL1,G1U031,G1TAE2,G1SIC9,G1SDY5 F7DFR6,F6TL72,F6XR42,F7CCM9,F6R810,F6VTW3,F7A2J7,F6XEB4
3163 G1SZE4,G1TVU3,G1TIX5,G1SCL1,G1U031,G1TAE2,G1SIC9,G1SDY5 F7DFR6,F6YYG4,F6XR42,F6Y603,F6R810,F6VTW3,F7A2J7,F6XEB4
3163 G1SZE4,G1TVU3,G1TIX5,G1SCL1,G1U031,G1TAE2,G1SIC9,G1SDY5 F7DFR6,F6TL72,F6XR42,F6Y603,F6R810,F6VTW3,F7A2J7,F6XEB4
3163 G1SZE4,G1TVU3,G1TIX5,G1SCL1,G1U031,G1TAE2,G1SIC9,G1SDY5 F7DFR6,F6YYG4,F6XR42,F6UM11,F6R810,F6VTW3,F7A2J7,F6XEB4
3163 G1SZE4,G1TVU3,G1TIX5,G1SCL1,G1U031,G1TAE2,G1SIC9,G1SDY5 F7DFR6,F6TL72,F6XR42,F6UM11,F6R810,F6VTW3,F7A2J7,F6XEB4
3163 G1SZE4,G1TVU3,G1TIX5,G1SVI7,G1U031,G1TAE2,G1SIC9,G1SDY5 F7DFR6,F6YYG4,F6XR42,F7CCM9,F6R810,F6VTW3,F7A2J7,F6XEB4
3163 G1SZE4,G1TVU3,G1TIX5,G1SVI7,G1U031,G1TAE2,G1SIC9,G1SDY5 F7DFR6,F6YYG4,F6XR42,F7CPL3,F6R810,F6VTW3,F7A2J7,F6XEB4
3163 G1SZE4,G1TVU3,G1TIX5,G1SVI7,G1U031,G1TAE2,G1SIC9,G1SDY5 F7DFR6,F6TL72,F6XR42,F7CPL3,F6R810,F6VTW3,F7A2J7,F6XEB4
3163 G1SZE4,G1TVU3,G1TIX5,G1SVI7,G1U031,G1TAE2,G1SIC9,G1SDY5 F7DFR6,F6YYG4,F6XR42,F6Y603,F6R810,F6VTW3,F7A2J7,F6XEB4
3163 G1SZE4,G1TVU3,G1TIX5,G1SVI7,G1U031,G1TAE2,G1SIC9,G1SDY5 F7DFR6,F6YYG4,F6XR42,F6RNG4,F6R810,F6VTW3,F7A2J7,F6XEB4
3163 G1SZE4,G1TVU3,G1TIX5,G1SVI7,G1U031,G1TAE2,G1SIC9,G1SDY5 F7DFR6,F6TL72,F6XR42,F6RNG4,F6R810,F6VTW3,F7A2J7,F6XEB4
3163 G1SZE4,G1TVU3,G1TIX5,G1TQI7,G1U031,G1TAE2,G1SIC9,G1SDY5 F7DFR6,F6YYG4,F6XR42,F7CCM9,F6R810,F6VTW3,F7A2J7,F6XEB4
3163 G1SZE4,G1TVU3,G1TIX5,G1TQI7,G1U031,G1TAE2,G1SIC9,G1SDY5 F7DFR6,F6YYG4,F6XR42,F7CPL3,F6R810,F6VTW3,F7A2J7,F6XEB4
3163 G1SZE4,G1TVU3,G1TIX5,G1TQI7,G1U031,G1TAE2,G1SIC9,G1SDY5 F7DFR6,F6TL72,F6XR42,F7CPL3,F6R810,F6VTW3,F7A2J7,F6XEB4
3163 G1SZE4,G1TVU3,G1TIX5,G1TQI7,G1U031,G1TAE2,G1SIC9,G1SDY5 F7DFR6,F6YYG4,F6XR42,F6Y603,F6R810,F6VTW3,F7A2J7,F6XEB4
3163 G1SZE4,G1TVU3,G1TIX5,G1TQI7,G1U031,G1TAE2,G1SIC9,G1SDY5 F7DFR6,F6YYG4,F6XR42,F6RNG4,F6R810,F6VTW3,F7A2J7,F6XEB4
3163 G1SZE4,G1TVU3,G1TIX5,G1TQI7,G1U031,G1TAE2,G1SIC9,G1SDY5 F7DFR6,F6TL72,F6XR42,F6RNG4,F6R810,F6VTW3,F7A2J7,F6XEB4
3163 G1SZE4,G1TVU3,G1TIX5,U3KNV0,G1U031,G1TAE2,G1SIC9,G1SDY5 F7DFR6,F6YYG4,F6XR42,F7CPL3,F6R810,F6VTW3,F7A2J7,F6XEB4
3163 G1SZE4,G1TVU3,G1TIX5,U3KNV0,G1U031,G1TAE2,G1SIC9,G1SDY5 F7DFR6,F6TL72,F6XR42,F7CPL3,F6R810,F6VTW3,F7A2J7,F6XEB4
3163 G1SZE4,G1TVU3,G1TIX5,U3KNV0,G1U031,G1TAE2,G1SIC9,G1SDY5 F7DFR6,F6YYG4,F6XR42,F6RNG4,F6R810,F6VTW3,F7A2J7,F6XEB4
3163 G1SZE4,G1TVU3,G1TIX5,U3KNV0,G1U031,G1TAE2,G1SIC9,G1SDY5 F7DFR6,F6TL72,F6XR42,F6RNG4,F6R810,F6VTW3,F7A2J7,F6XEB4
3163 G1SZE4,G1TVU3,G1TIX5,G1U290,G1U031,G1TAE2,G1SIC9,G1SDY5 F7DFR6,F6YYG4,F6XR42,F7CCM9,F6R810,F6VTW3,F7A2J7,F6XEB4
3163 G1SZE4,G1TVU3,G1TIX5,G1U290,G1U031,G1TAE2,G1SIC9,G1SDY5 F7DFR6,F6TL72,F6XR42,F7CCM9,F6R810,F6VTW3,F7A2J7,F6XEB4
3163 G1SZE4,G1TVU3,G1TIX5,G1U290,G1U031,G1TAE2,G1SIC9,G1SDY5 F7DFR6,F6YYG4,F6XR42,F6Y603,F6R810,F6VTW3,F7A2J7,F6XEB4
3163 G1SZE4,G1TVU3,G1TIX5,G1U290,G1U031,G1TAE2,G1SIC9,G1SDY5 F7DFR6,F6TL72,F6XR42,F6Y603,F6R810,F6VTW3,F7A2J7,F6XEB4
3163 G1SZE4,G1TVU3,G1TIX5,G1U290,G1U031,G1TAE2,G1SIC9,G1SDY5 F7DFR6,F6YYG4,F6XR42,F6UM11,F6R810,F6VTW3,F7A2J7,F6XEB4
3163 G1SZE4,G1TVU3,G1TIX5,G1U290,G1U031,G1TAE2,G1SIC9,G1SDY5 F7DFR6,F6TL72,F6XR42,F6UM11,F6R810,F6VTW3,F7A2J7,F6XEB4
3163 G1SZE4,G1TVU3,G1TIX5,G1TBJ3,G1U031,G1TAE2,G1SIC9,G1SDY5 F7DFR6,F6YYG4,F6XR42,F7CPL3,F6R810,F6VTW3,F7A2J7,F6XEB4
3163 G1SZE4,G1TVU3,G1TIX5,G1TBJ3,G1U031,G1TAE2,G1SIC9,G1SDY5 F7DFR6,F6TL72,F6XR42,F7CPL3,F6R810,F6VTW3,F7A2J7,F6XEB4
3163 G1SZE4,G1TVU3,G1TIX5,G1TBJ3,G1U031,G1TAE2,G1SIC9,G1SDY5 F7DFR6,F6YYG4,F6XR42,F6RNG4,F6R810,F6VTW3,F7A2J7,F6XEB4
3163 G1SZE4,G1TVU3,G1TIX5,G1TBJ3,G1U031,G1TAE2,G1SIC9,G1SDY5 F7DFR6,F6TL72,F6XR42,F6RNG4,F6R810,F6VTW3,F7A2J7,F6XEB4
3163 G1SZE4,G1TVU3,G1TIX5,G1SMM6,G1SEU9,G1TAE2,G1SIC9,G1SDY5 F7DFR6,F6YYG4,F6XR42,F6VYL8,F6ZMH3,F6VTW3,F7A2J7,F6XEB4
3163 G1SZE4,G1TVU3,G1TIX5,G1SMM6,G1SEU9,G1TAE2,G1SIC9,G1SDY5 F7DFR6,F6TL72,F6XR42,F6VYL8,F6ZMH3,F6VTW3,F7A2J7,F6XEB4
9681 G1SZR6,G1TVU3,G1SIC9,G1SZE4,G1TTN9,G1SZT9,G1TAE2,G1SDY5 F7AK40,F6TL72,F7A2J7,F7DFR6,F6R5B2,F6Z1I4,F6VTW3,F6XEB4
9681 G1SZR6,G1TVU3,G1SIC9,G1SZE4,G1TTN9,G1SZT9,G1TAE2,G1SDY5 F7AK40,F6TL72,F7A2J7,F7DFR6,F6PPE5,F6Z1I4,F6VTW3,F6XEB4
9681 G1SZR6,G1TVU3,G1SIC9,G1SZE4,G1TTN9,G1SZT9,G1TAE2,G1SDY5 F7AK40,F6TL72,F7A2J7,F7DFR6,F6RQ49,F6Z1I4,F6VTW3,F6XEB4
9681 G1SZR6,G1TVU3,G1SIC9,G1SZE4,G1T617,G1SZT9,G1TAE2,G1SDY5 F7AK40,F6TL72,F7A2J7,F7DFR6,F6R5B2,F6Z1I4,F6VTW3,F6XEB4
9681 G1SZR6,G1TVU3,G1SIC9,G1SZE4,G1T617,G1SZT9,G1TAE2,G1SDY5 F7AK40,F6TL72,F7A2J7,F7DFR6,F6PPE5,F6Z1I4,F6VTW3,F6XEB4
9681 G1SZR6,G1TVU3,G1SIC9,G1SZE4,G1T617,G1SZT9,G1TAE2,G1SDY5 F7AK40,F6TL72,F7A2J7,F7DFR6,F6RQ49,F6Z1I4,F6VTW3,F6XEB4
9681 G1SZR6,G1TVU3,G1SIC9,G1SZE4,G1TH06,G1SZT9,G1TAE2,G1SDY5 F7AK40,F6TL72,F7A2J7,F7DFR6,F6R5B2,F6Z1I4,F6VTW3,F6XEB4
9681 G1SZR6,G1TVU3,G1SIC9,G1SZE4,G1TH06,G1SZT9,G1TAE2,G1SDY5 F7AK40,F6TL72,F7A2J7,F7DFR6,F6PPE5,F6Z1I4,F6VTW3,F6XEB4
2883 G1SZE4,G1TVU3,G1TIX5,G1SE26,G1T925,G1TAE2,G1SIC9,G1SDY5 F7DFR6,F6YYG4,F6XR42,F6REN5,F6Y0C1,F6VTW3,F7A2J7,F6XEB4
2883 G1SZE4,G1TVU3,G1TIX5,G1SE26,G1T925,G1TAE2,G1SIC9,G1SDY5 F7DFR6,F6YYG4,F6XR42,F7C695,F6UMS3,F6VTW3,F7A2J7,F6XEB4
2883 G1SZE4,G1TVU3,G1TIX5,G1SXF3,G1TEY7,G1TAE2,G1SIC9,G1SDY5 F7DFR6,F6YYG4,F6XR42,F6PIK9,F6UXD9,F6VTW3,F7A2J7,F6XEB4
2883 G1SZE4,G1TVU3,G1TIX5,G1T130,G1T361,G1TAE2,G1SIC9,G1SDY5 F7DFR6,F6YYG4,F6XR42,F6TBX0,F6U6K1,F6VTW3,F7A2J7,F6XEB4
2883 G1SZE4,G1TVU3,G1TIX5,G1T130,G1T361,G1TAE2,G1SIC9,G1SDY5 F7DFR6,F6TL72,F6XR42,F6TBX0,F6U6K1,F6VTW3,F7A2J7,F6XEB4
9065 G1SUN2,G1SZE4,G1TIX5,G1TAE2,G1SZT9,G1SIC9,P04924,G1SDY5 F6XKN4,F7DFR6,F6XR42,F6VTW3,F6Z1I4,F6S8L9,P29553,F6XEB4
9010 G1TXN2,G1TAE2,G1SZE4,G1SDY5,G1TVU3,G1SMY6,G1TTV8,G1SIC9 F6TYM3,F6VTW3,F7DFR6,F6XEB4,F6YYG4,F6S8L9,F6R5G1,F7A2J7
6758 G1SZE4,G1SUW9,G1TIX5,G1T143,G1TAE2,G1TNG2,G1SDY5,G1SZM2 F7DFR6,F7E2V0,F6TL72,F6YYG4,F6VTW3,F6YW90,F6XEB4,F6XL78
4336 G1SZE4,G1TIX5,G1U300,G1TVU3,G1T1B1,G1TAE2,G1SZT9,G1SDY5 F7DFR6,F6XR42,F6S404,F6TL72,F7CC35,F6VTW3,F6Z1I4,F6XEB4
4336 G1SZE4,G1TIX5,G1U300,G1TVU3,G1T1B1,G1TAE2,G1SZT9,G1SDY5 F7DFR6,F6XR42,F6VSB5,F6TL72,F7BD82,F6VTW3,F6Z1I4,F6XEB4
7434 G1SSV3,G1SZE4,G1TAE2,G1T143,G1TVU3,G1SDY5,G1SIC9,G1TBZ1 F7CMD3,F7DFR6,F6VTW3,F6TL72,F6YYG4,F6XEB4,F7A2J7,F7CYJ4
9228 G1TVU3,G1TIX5,G1SK88,G1SZE4,G1SIC9,G1U6D8,G1TAE2,G1SDY5 F6YYG4,F6XR42,F7AYN8,F7DFR6,F7A2J7,F7BWC3,F6VTW3,F6XEB4
9228 G1TVU3,G1TIX5,G1SK88,G1SZE4,G1SIC9,G1U6D8,G1TAE2,G1SDY5 F6TL72,F6XR42,F7AYN8,F7DFR6,F7A2J7,F7BWC3,F6VTW3,F6XEB4
9228 G1SIC9,G1T143,G1SQV4,G1SV99,G1TVU3,G1SZE4,G1SDY5,G1TAE2 F7A2J7,F6TL72,F6YRA8,F6XY88,F6YYG4,F7DFR6,F6XEB4,F6VTW3
9228 G1TVU3,G1TIX5,G1SQV4,G1SZE4,G1SIC9,G1SV99,G1TAE2,G1SDY5 F6YYG4,F6XR42,F6YRA8,F7DFR6,F7A2J7,F6XY88,F6VTW3,F6XEB4
7953 G1SZR6,G1T143,G1SIC9,G1SZE4,G1TVU3,G1SMY6,G1SDP7,G1TAE2 F7AK40,F6TL72,F7A2J7,F7DFR6,F6YYG4,F6S8L9,F7D8U2,F6VTW3
7953 G1SZR6,G1T143,G1SIC9,G1SZE4,G1TVU3,G1SMY6,G1TVY8,G1TAE2 F7AK40,F6TL72,F7A2J7,F7DFR6,F6YYG4,F6S8L9,F6Q4I9,F6VTW3
3230 G1TXQ9,G1TVU3,G1TIX5,G1SZE4,G1SZT9,G1TAE2,G1SIC9,G1SCN8 F6VC20,F6TL72,F6XR42,F7DFR6,F6Z1I4,F6VTW3,F7A2J7,F6TK05
5357 G1SMQ5,G1TVU3,G1SZE4,G1TIX5,G1SIC9,G1SDY5,G1U0D5,G1TAE2 F6PUM0,F6YYG4,F7DFR6,F6XR42,F7A2J7,F6XEB4,F7BG35,F6VTW3
5357 G1SMQ5,G1TVU3,G1SZE4,G1TIX5,G1SIC9,G1SDY5,G1U0D5,G1TAE2 F6PUM0,F6TL72,F7DFR6,F6XR42,F7A2J7,F6XEB4,F7BG35,F6VTW3
9152 G1SYZ6,G1SZE4,G1TAE2,G1T143,G1SDY5,G1SMY6,G1TRZ2,G1SIC9 F7C586,F7DFR6,F6VTW3,F6YYG4,F6XEB4,F6S8L9,F6SH38,F7A2J7
9152 G1SYZ6,G1SZE4,G1TAE2,G1T143,G1SDY5,G1SMY6,G1TRZ2,G1SIC9 F7C586,F7DFR6,F6VTW3,F6TL72,F6XEB4,F6S8L9,F6SH38,F7A2J7
9152 G1SYZ6,G1SZE4,G1TAE2,G1TVU3,G1SDY5,G1SMY6,G1TRZ2,G1SIC9 F7C586,F7DFR6,F6VTW3,F6YYG4,F6XEB4,F6S8L9,F6SH38,F7A2J7
9152 G1SYZ6,G1SZE4,G1TAE2,G1TVU3,G1SDY5,G1SMY6,G1TRZ2,G1SIC9 F7C586,F7DFR6,F6VTW3,F6TL72,F6XEB4,F6S8L9,F6SH38,F7A2J7
10691 G1SZR6,G1T143,G1SZE4,G1SIC9,G1SMY6,G1TAE2,G1SMK8,G1SDY5 F7AK40,F6YYG4,F7DFR6,F7A2J7,F6S8L9,F6VTW3,F6ZQX6,F6XEB4
10691 G1SZR6,G1T143,G1SZE4,G1SIC9,G1SMY6,G1TAE2,G1SMK8,G1SDY5 F7AK40,F6YYG4,F7DFR6,F7A2J7,F6S8L9,F6VTW3,F6VK74,F6XEB4
10691 G1SZR6,G1T143,G1SZE4,G1SIC9,G1SMY6,G1TAE2,G1SMK8,G1SDY5 F7AK40,F6YYG4,F7DFR6,F7A2J7,F6S8L9,F6VTW3,F6SJM8,F6XEB4
10691 G1SZR6,G1T143,G1SZE4,G1SIC9,G1SMY6,G1TAE2,G1SMK8,G1SDY5 F7AK40,F6YYG4,F7DFR6,F7A2J7,F6S8L9,F6VTW3,F6V3K2,F6XEB4
10691 G1SZR6,G1T143,G1SZE4,G1SIC9,G1SMY6,G1TAE2,G1TT75,G1SDY5 F7AK40,F6YYG4,F7DFR6,F7A2J7,F6S8L9,F6VTW3,F6Z4E8,F6XEB4
10691 G1SZR6,G1T143,G1SZE4,G1SIC9,G1SMY6,G1TAE2,G1TT75,G1SDY5 F7AK40,F6YYG4,F7DFR6,F7A2J7,F6S8L9,F6VTW3,F6ZXA2,F6XEB4
10691 G1SZR6,G1T143,G1SZE4,G1SIC9,G1SMY6,G1TAE2,G1TT75,G1SDY5 F7AK40,F6YYG4,F7DFR6,F7A2J7,F6S8L9,F6VTW3,F6Y5X4,F6XEB4
10691 G1SZR6,G1T143,G1SZE4,G1SIC9,G1SMY6,G1TAE2,G1TT75,G1SDY5 F7AK40,F6YYG4,F7DFR6,F7A2J7,F6S8L9,F6VTW3,F6YZZ3,F6XEB4
3191 G1SZE4,G1TVU3,G1TIX5,G1SF87,G1T1S9,G1TAE2,G1SIC9,G1SDY5 F7DFR6,F6TL72,F6XR42,F6QWU1,F6WUE0,F6VTW3,F7A2J7,F6XEB4
4303 G1TVU3,G1SZE4,G1SUN2,G1TIX5,P04924,G1SIC9,G1TAE2,G1SDY5 F6YYG4,F7DFR6,F6XKN4,F6XR42,P29553,F7A2J7,F6VTW3,F6XEB4
4303 G1TVU3,G1SZE4,G1SUN2,G1TIX5,P04924,G1SIC9,G1TAE2,G1SDY5 F6TL72,F7DFR6,F6XKN4,F6XR42,P29553,F7A2J7,F6VTW3,F6XEB4
10123 G1T5Y0,G1TVU3,G1SZE4,G1SZT9,G1SDY5,G1SMY6,G1TAE2,G1T0H3 F6UHR5,F6XR42,F7DFR6,F6Z1I4,F6XEB4,F6S8L9,F6VTW3,F6Z6Y4
10123 G1T5Y0,G1T143,G1SZE4,G1SZT9,G1SDY5,G1SMY6,G1TAE2,G1T0H3 F6UHR5,F6XR42,F7DFR6,F6Z1I4,F6XEB4,F6S8L9,F6VTW3,F6Z6Y4
10123 G1TXI4,G1TVU3,G1SZE4,G1SZT9,G1SDY5,G1SMY6,G1TAE2,G1SCT0 F6PWE9,F6YYG4,F7DFR6,F6Z1I4,F6XEB4,F6S8L9,F6VTW3,F6VUR4
10123 G1SHL4,G1TVU3,G1SZE4,G1SZT9,G1SDY5,G1SMY6,G1TAE2,G1T0H3 F7DAQ8,F6XR42,F7DFR6,F6Z1I4,F6XEB4,F6S8L9,F6VTW3,F6Z6Y4
10123 G1SHL4,G1T143,G1SZE4,G1SZT9,G1SDY5,G1SMY6,G1TAE2,G1T0H3 F7DAQ8,F6XR42,F7DFR6,F6Z1I4,F6XEB4,F6S8L9,F6VTW3,F6Z6Y4
10123 G1SHL4,G1SZT9,G1SKM1,G1T143,G1SDY5,G1SMY6,G1TAE2,G1T0H3 F7DAQ8,F6XR42,F7DFR6,F6Z1I4,F6XEB4,F6S8L9,F6VTW3,F6Z6Y4
5378 G1TIX5,G1TVU3,G1SIJ3,G1SZT9,G1SZE4,G1SFK3,G1TAE2,G1SDY5 F6XR42,F6TL72,F6YZR5,F6Z1I4,F7DFR6,F7BXZ1,F6VTW3,F6XEB4
5378 G1TIX5,G1TVU3,G1SIJ3,G1SZT9,G1SZE4,G1SFK3,G1TAE2,G1SDY5 F6XR42,F6TL72,F7E3Z1,F6Z1I4,F7DFR6,F6YZH1,F6VTW3,F6XEB4
5378 G1TIX5,G1TVU3,G1SIJ3,G1SZT9,G1SZE4,G1SFK3,G1TAE2,G1SDY5 F6XR42,F6TL72,F7DNV3,F6Z1I4,F7DFR6,F7BXZ1,F6VTW3,F6XEB4
5378 G1TIX5,G1TVU3,G1T1L1,G1SZT9,G1SZE4,G1U419,G1TAE2,G1SDY5 F6XR42,F6TL72,F6SL61,F6Z1I4,F7DFR6,F7BXZ1,F6VTW3,F6XEB4
10049 G1TEE8,G1TAE2,G1SZE4,G1SDY5,G1SIC9,G1SMY6,G1SLV2,G1TVU3 F6X4N6,F6VTW3,F7DFR6,F6XEB4,F7A2J7,F6S8L9,F6PZC1,F6YYG4
10049 G1TEE8,G1TAE2,G1SZE4,G1SDY5,G1SIC9,G1SMY6,G1SLV2,G1TVU3 F6YXG2,F6VTW3,F7DFR6,F6XEB4,F7A2J7,F6S8L9,F6PZC1,F6YYG4
10049 G1T2L6,G1TVU3,G1SZE4,G1SIC9,G1SDY5,G1SMY6,G1SLV2,G1TAE2 F7C1P1,F6YYG4,F7DFR6,F7A2J7,F6XEB4,F6S8L9,F6PZC1,F6VTW3
10049 G1T2L6,G1TVU3,G1SZE4,G1SIC9,G1SDY5,G1SMY6,G1SLV2,G1TAE2 F7C1P1,F6TL72,F7DFR6,F7A2J7,F6XEB4,F6S8L9,F6PZC1,F6VTW3
10049 G1T2L6,G1T143,G1SZE4,G1SIC9,G1SDY5,G1SMY6,G1SLV2,G1TAE2 F7C1P1,F6YYG4,F7DFR6,F7A2J7,F6XEB4,F6S8L9,F6PZC1,F6VTW3
10049 G1T2L6,G1T143,G1SZE4,G1SIC9,G1SDY5,G1SMY6,G1SLV2,G1TAE2 F7C1P1,F6TL72,F7DFR6,F7A2J7,F6XEB4,F6S8L9,F6PZC1,F6VTW3
10049 G1SZI3,G1TAE2,G1SZE4,G1SDY5,G1SIC9,G1SMY6,G1SLV2,G1TVU3 F6X4N6,F6VTW3,F7DFR6,F6XEB4,F7A2J7,F6S8L9,F6PZC1,F6YYG4
10049 G1SZI3,G1TAE2,G1SZE4,G1SDY5,G1SIC9,G1SMY6,G1SLV2,G1TVU3 F6YXG2,F6VTW3,F7DFR6,F6XEB4,F7A2J7,F6S8L9,F6PZC1,F6YYG4
4714 G1SZE4,G1TIX5,G1T579,G1TVU3,G1SXS3,G1TAE2,G1SZT9,G1SDY5 F7DFR6,F6XR42,F6U4D9,F6TL72,F7ACV1,F6VTW3,F6Z1I4,F6XEB4
4714 G1SZE4,G1TIX5,G1T579,G1TVU3,G1SXS3,G1TAE2,G1SZT9,G1SDY5 F7DFR6,F6XR42,F7B297,F6TL72,F7ACV1,F6VTW3,F6Z1I4,F6XEB4
4714 G1SZE4,G1TIX5,G1T579,G1TVU3,G1SXS3,G1TAE2,G1SZT9,G1SDY5 F7DFR6,F6XR42,F6WUM6,F6TL72,F7ACV1,F6VTW3,F6Z1I4,F6XEB4
4714 G1SZE4,G1TIX5,G1SZ83,G1TVU3,G1SXS3,G1TAE2,G1SZT9,G1SDY5 F7DFR6,F6XR42,F6U4D9,F6TL72,F7ACV1,F6VTW3,F6Z1I4,F6XEB4
4714 G1SZE4,G1TIX5,G1SZ83,G1TVU3,G1SXS3,G1TAE2,G1SZT9,G1SDY5 F7DFR6,F6XR42,F7B297,F6TL72,F7ACV1,F6VTW3,F6Z1I4,F6XEB4
4714 G1SZE4,G1TIX5,G1SZ83,G1TVU3,G1SXS3,G1TAE2,G1SZT9,G1SDY5 F7DFR6,F6XR42,F6WUM6,F6TL72,F7ACV1,F6VTW3,F6Z1I4,F6XEB4
4714 G1SZE4,G1TIX5,G1TA41,G1TVU3,G1SXS3,G1TAE2,G1SZT9,G1SDY5 F7DFR6,F6XR42,F6ZDZ9,F6TL72,F7ACV1,F6VTW3,F6Z1I4,F6XEB4
8110 G1TAE2,G1SZE4,G1SDH7,G1TYZ3,G1SDY5,G1TVU3,G1TIX5,G1SIC9 F6VTW3,F7DFR6,F7CCD3,F7CNQ9,F6XEB4,F6YYG4,F6XR42,F7A2J7
9419 G1TVU3,G1SZD8,G1TIX5,G1SIC9,G1SZE4,G1TAE2,G1SDY5,G1TTV8 F6TL72,F7A883,F6XR42,F7A2J7,F7DFR6,F6VTW3,F6XEB4,F6R5G1
10467 G1TAE2,G1SDY5,G1SZD8,G1TTV8,G1SZE4,G1SIC9,G1SMY6,G1TVU3 F6VTW3,F6XEB4,F7A883,F6R5G1,F7DFR6,F7A2J7,F6S8L9,F6YYG4
10467 G1TIX5,G1SZT9,G1TAH3,G1SDW8,G1SZE4,G1SDY5,G1SIC9,G1TAE2 F6XR42,F6Z1I4,F6RH07,F6PTV7,F7DFR6,F6XEB4,F6S8L9,F6VTW3
10467 G1TIX5,G1SZT9,G1TAH3,G1SDW8,G1SZE4,G1SDY5,G1SMY6,G1TAE2 F6XR42,F6Z1I4,F6RH07,F6PTV7,F7DFR6,F6XEB4,F6S8L9,F6VTW3
10467 G1TIX5,G1SZT9,G1SZB4,G1T4A5,G1SZE4,G1SDY5,G1SIC9,G1TAE2 F6XR42,F6Z1I4,F6UFG2,F7A3F7,F7DFR6,F6XEB4,F6S8L9,F6VTW3
10467 G1TIX5,G1SZT9,G1SZB4,G1T4A5,G1SZE4,G1SDY5,G1SIC9,G1TAE2 F6TL72,F6Z1I4,F6UFG2,F7A3F7,F7DFR6,F6XEB4,F6S8L9,F6VTW3
10467 G1TIX5,G1SZT9,G1SZB4,G1T4A5,G1SZE4,G1SDY5,G1SIC9,G1TAE2 F6TL72,F7A2J7,F6UFG2,F7A3F7,F7DFR6,F6XEB4,F6S8L9,F6VTW3
10467 G1TIX5,G1SZT9,G1SZB4,G1T4A5,G1SZE4,G1SDY5,G1SMY6,G1TAE2 F6XR42,F6Z1I4,F6UFG2,F7A3F7,F7DFR6,F6XEB4,F6S8L9,F6VTW3
10467 G1TIX5,G1SZT9,G1SZB4,G1T4A5,G1SZE4,G1SDY5,G1SMY6,G1TAE2 F6TL72,F6Z1I4,F6UFG2,F7A3F7,F7DFR6,F6XEB4,F6S8L9,F6VTW3
10467 G1TIX5,G1SZT9,G1SZB4,G1T4A5,G1SZE4,G1SDY5,G1SMY6,G1TAE2 F6TL72,F7A2J7,F6UFG2,F7A3F7,F7DFR6,F6XEB4,F6S8L9,F6VTW3
10467 G1TVU3,G1SIC9,G1SZB4,G1T4A5,G1SZE4,G1SDY5,G1SMY6,G1TAE2 F6XR42,F6Z1I4,F6UFG2,F7A3F7,F7DFR6,F6XEB4,F6S8L9,F6VTW3
10467 G1TVU3,G1SIC9,G1SZB4,G1T4A5,G1SZE4,G1SDY5,G1SMY6,G1TAE2 F6TL72,F6Z1I4,F6UFG2,F7A3F7,F7DFR6,F6XEB4,F6S8L9,F6VTW3
10467 G1TVU3,G1SIC9,G1SZB4,G1T4A5,G1SZE4,G1SDY5,G1SMY6,G1TAE2 F6TL72,F7A2J7,F6UFG2,F7A3F7,F7DFR6,F6XEB4,F6S8L9,F6VTW3
10467 G1T143,G1SIC9,G1SZB4,G1T4A5,G1SZE4,G1SDY5,G1SMY6,G1TAE2 F6XR42,F6Z1I4,F6UFG2,F7A3F7,F7DFR6,F6XEB4,F6S8L9,F6VTW3
10467 G1T143,G1SIC9,G1SZB4,G1T4A5,G1SZE4,G1SDY5,G1SMY6,G1TAE2 F6TL72,F6Z1I4,F6UFG2,F7A3F7,F7DFR6,F6XEB4,F6S8L9,F6VTW3
10467 G1T143,G1SIC9,G1SZB4,G1T4A5,G1SZE4,G1SDY5,G1SMY6,G1TAE2 F6TL72,F7A2J7,F6UFG2,F7A3F7,F7DFR6,F6XEB4,F6S8L9,F6VTW3
4377 G1TVU3,U3KP67,G1TIX5,G1SZE4,G1SIC9,G1TNF4,G1TAE2,G1SDY5 F6YYG4,F6RE78,F6XR42,F7DFR6,F7A2J7,F6UFR0,F6VTW3,F6XEB4
9887 G1SFS5,G1SZT9,G1TIX5,G1T143,G1TAE2,G1SDY5,G1SZE4,G1TAF8 F6RXV0,F6Z1I4,F6TL72,F6YYG4,F6VTW3,F6XEB4,F7DFR6,F7E1X2
9887 G1SFS5,G1SZT9,G1TIX5,G1T143,G1TAE2,G1SDY5,G1SZE4,G1TAF8 F6WPK8,F6Z1I4,F6TL72,F6YYG4,F6VTW3,F6XEB4,F7DFR6,F7E1X2
9887 G1T764,G1SZT9,G1TIX5,G1T143,G1TAE2,G1SDY5,G1SZE4,G1TAF8 F6RXV0,F6Z1I4,F6TL72,F6YYG4,F6VTW3,F6XEB4,F7DFR6,F7E1X2
9509 G1T143,G1SZR6,G1SZE4,G1SIC9,G1TZB9,G1SMY6,G1TAE2,G1SDY5 F6YYG4,F7AK40,F7DFR6,F7A2J7,F7AEV0,F6S8L9,F6VTW3,F6XEB4
9509 G1T143,G1SZR6,G1SZE4,G1SIC9,G1TZB9,G1SMY6,G1TAE2,G1SDY5 F6YYG4,F7AK40,F7DFR6,F7A2J7,F7ANU2,F6S8L9,F6VTW3,F6XEB4
9509 G1T143,G1SZR6,G1SZE4,G1SIC9,G1U391,G1SMY6,G1TAE2,G1SDY5 F7AK40,F6TL72,F7DFR6,F7A2J7,F6QMT3,F6Z1I4,F6VTW3,F6XEB4
9509 G1T143,G1SZR6,G1SZE4,G1SIC9,G1U391,G1SMY6,G1TAE2,G1SDY5 F6YYG4,F7AK40,F7DFR6,F7A2J7,F7AEV0,F6S8L9,F6VTW3,F6XEB4
9509 G1T143,G1SZR6,G1SZE4,G1SIC9,G1U391,G1SMY6,G1TAE2,G1SDY5 F6YYG4,F7AK40,F7DFR6,F7A2J7,F7D8X8,F6S8L9,F6VTW3,F6XEB4
9509 G1T143,G1SZR6,G1SZE4,G1SIC9,G1U391,G1SMY6,G1TAE2,G1SDY5 F6YYG4,F7AK40,F7DFR6,F7A2J7,F7D6A5,F6S8L9,F6VTW3,F6XEB4
8910 G1TAA5,G1SZT9,G1TVU3,G1SKM1,G1SIC9,G1SMY6,G1TIX5,G1U466 F6RMW1,F6Z1I4,F6TL72,F6SQ43,F7A2J7,F6S8L9,F6XR42,F6ZSB4
8910 G1TAA5,G1SZT9,G1TVU3,G1SKM1,G1SIC9,G1SMY6,G1TIX5,G1U466 F7ABS8,F6Z1I4,F6TL72,F6SQ43,F7A2J7,F6S8L9,F6XR42,F6ZSB4
4325 G1SZE4,G1T1S7,G1TAE2,G1SKM1,G1TIX5,G1SJL2,G1SZT9,G1SIC9 F7DFR6,F6STH6,F6VTW3,F6SQ43,F6XR42,F6QP87,F6Z1I4,F7A2J7
4325 G1SKM1,G1SD44,G1TAE2,G1SZE4,G1SZT9,G1SY00,G1TIX5,G1SIC9 F6SQ43,F7DLU0,F6VTW3,F7DFR6,F6Z1I4,F7BQH8,F6XR42,F7A2J7
4325 G1SKM1,G1TTM4,G1TAE2,G1SZE4,G1SZT9,G1TIW9,G1TIX5,G1SIC9 F6SQ43,F6X1N1,F6VTW3,F7DFR6,F6Z1I4,F6YW73,F6XR42,F7A2J7
4325 G1TAE2,G1SYG0,G1SDY5,G1T850,G1SZE4,G1THW9,G1TIX5,G1TF91 F6VTW3,F6YUM4,F6XEB4,F7DNE5,F7DFR6,F7DTE9,F6XR42,F6XA04
10067 G1TQM2,G1TVU3,G1SZE4,G1SIC9,G1SMY6,G1SDY5,G1T1B1,G1TAE2 F6TRX8,F6YYG4,F7DFR6,F7A2J7,F6S8L9,F6XEB4,F7BD82,F6VTW3
10067 G1TQM2,G1TVU3,G1SZE4,G1SIC9,G1SMY6,G1SDY5,G1T1B1,G1TAE2 F7DND6,F6YYG4,F7DFR6,F7A2J7,F6S8L9,F6XEB4,F7BV85,F6VTW3
10067 G1TQM2,G1T143,G1SZE4,G1SIC9,G1SMY6,G1SDY5,G1T1B1,G1TAE2 F6TRX8,F6YYG4,F7DFR6,F7A2J7,F6S8L9,F6XEB4,F7BD82,F6VTW3
3209 G1TIX5,U3KN52,G1TVU3,G1SZE4,G1SZT9,G1T5Z7,G1SDY5,G1TAE2 F6XR42,F6PP86,F6TL72,F7DFR6,F6Z1I4,F7C0M6,F6XEB4,F6VTW3
3209 G1TIX5,U3KN52,G1TVU3,G1SZE4,G1SZT9,G1T5Z7,G1SDY5,G1TAE2 F6XR42,F7BAQ3,F6TL72,F7DFR6,F6Z1I4,F6U210,F6XEB4,F6VTW3
3209 G1TIX5,G1U110,G1TVU3,G1SZE4,G1SZT9,G1T0W1,G1SDY5,G1TAE2 F6TL72,F7C446,F6XR42,F7DFR6,F6Z1I4,F7CJF1,F6XEB4,F6VTW3
3209 G1TIX5,G1TWE3,G1TVU3,G1SZE4,G1SZT9,G1SRL3,G1SDY5,G1TAE2 F6TL72,F7C446,F6XR42,F7DFR6,F6Z1I4,F7CJF1,F6XEB4,F6VTW3
6737 G1TVU3,G1SUG3,G1SZE4,G1SZT9,G1SIC9,G1TIX5,G1TAE2,G1SS22 F6TL72,F7D2X9,F7DFR6,F6Z1I4,F7A2J7,F6XR42,F6VTW3,F6PNM7
5121 G1SZE4,G1TIX5,G1SI67,G1TVU3,G1SCE8,G1TAE2,G1SIC9,G1SDY5 F7DFR6,F6XR42,F6ZZ24,F6YYG4,F7DPU4,F6VTW3,F7A2J7,F6XEB4
8618 G1SG16,G1SZE4,G1TVU3,G1TAE2,G1SIC9,G1SDY5,G1TIX5,G1TBZ1 F6VTM5,F7DFR6,F6YYG4,F6VTW3,F7A2J7,F6XEB4,F6XR42,F7CYJ4
4748 G1SZE4,G1U1S7,G1TIX5,G1TVU3,G1TAE2,G1U2Y0,G1SDY5,G1SIC9 F7DFR6,A0A0B4J1C4,F6XR42,F6YYG4,F6VTW3,F6TME6,F6XEB4,F7A2J7
7951 G1U9S1,G1TIX5,G1SZT9,G1SZE4,G1T143,G1SDY5,G1T4N5,G1TAE2 F6SP74,F6YYG4,F7A2J7,F7DFR6,F6TL72,F6XEB4,F6Z3T6,F6VTW3
7951 G1U9S1,G1TVU3,G1SIC9,G1SZE4,G1T143,G1SDY5,G1T4N5,G1TAE2 F6SP74,F6YYG4,F7A2J7,F7DFR6,F6TL72,F6XEB4,F6Z3T6,F6VTW3
4505 G1TVU3,G1U9S1,G1TIX5,G1SZE4,G1SIC9,G1T4N5,G1SDY5,G1TAE2 F6YYG4,F6SP74,F6XR42,F7DFR6,F7A2J7,F6Z3T6,F6XEB4,F6VTW3
4505 G1TVU3,G1U9S1,G1TIX5,G1SZE4,G1SIC9,G1T4N5,G1SDY5,G1TAE2 F6YYG4,F7CK03,F6XR42,F7DFR6,F7A2J7,F7D2Z3,F6XEB4,F6VTW3
5145 G1SZE4,G1TIX5,G1SP35,G1TVU3,G1SIY1,G1TAE2,G1SDY5,G1SIC9 F7DFR6,F6XR42,F6VVQ5,F6YYG4,F6Z5Q1,F6VTW3,F6XEB4,F7A2J7
8157 G1TAE2,G1TW37,G1SZE4,G1SDY5,G1SK22,G1TVU3,G1SIC9,G1T143 F6VTW3,F6WL41,F7DFR6,F6XEB4,F6PZX1,F6YYG4,F7A2J7,F6TL72
4722 G1T6U3,G1TVU3,G1SZE4,G1TIX5,G1SIC9,G1TAE2,G1SZT9,G1SV90 F6S3X5,F6TL72,F7DFR6,F6XR42,F7A2J7,F6VTW3,F6Z1I4,F6RRI6
4722 G1TBM7,G1TVU3,G1SZE4,G1TIX5,G1SIC9,G1TAE2,G1SZT9,G1SV90 F6RQM5,F6TL72,F7DFR6,F6XR42,F7A2J7,F6VTW3,F6Z1I4,F6RRI6
5148 G1SFY5,G1SZE4,G1TIX5,G1TVU3,G1TAE2,G1SDY5,G1TEP5,G1SIC9 F7DLU0,F7DFR6,F6XR42,F6TL72,F6VTW3,F6XEB4,F7BQH8,F7A2J7
3188 G1SZE4,G1TVU3,G1TIX5,G1SZU7,G1TU73,G1TAE2,G1SIC9,G1SDY5 F7DFR6,F6YYG4,F6XR42,F7DMZ7,F6ZSV4,F6VTW3,F7A2J7,F6XEB4
3188 G1SZE4,G1TVU3,G1TIX5,G1SZU7,G1TU73,G1TAE2,G1SIC9,G1SDY5 F7DFR6,F6YYG4,F6XR42,F6YJT5,F6QIR9,F6VTW3,F7A2J7,F6XEB4
3188 G1SZE4,G1TVU3,G1TIX5,G1U2U5,G1TCH3,G1TAE2,G1SIC9,G1SDY5 F7DFR6,F6YYG4,F6XR42,F7CV51,F7DPQ7,F6VTW3,F7A2J7,F6XEB4
3188 G1SZE4,G1TVU3,G1TIX5,G1U2U5,G1TCH3,G1TAE2,G1SIC9,G1SDY5 F7DFR6,F6TL72,F6XR42,F7CV51,F7DPQ7,F6VTW3,F7A2J7,F6XEB4
3188 G1SZE4,G1TVU3,G1TIX5,G1SY15,G1TQD3,G1TAE2,G1SIC9,G1SDY5 F7DFR6,F6YYG4,F6XR42,F7DMZ7,F6ZSV4,F6VTW3,F7A2J7,F6XEB4
3188 G1SZE4,G1TVU3,G1TIX5,G1SY15,G1TQD3,G1TAE2,G1SIC9,G1SDY5 F7DFR6,F6TL72,F6XR42,F7DMZ7,F6ZSV4,F6VTW3,F7A2J7,F6XEB4
3188 G1SZE4,G1TVU3,G1TIX5,G1SY15,G1TQD3,G1TAE2,G1SIC9,G1SDY5 F7DFR6,F6YYG4,F6XR42,F6V5R0,F6ZLD4,F6VTW3,F7A2J7,F6XEB4
3188 G1SZE4,G1TVU3,G1TIX5,G1SWF7,G1T589,G1TAE2,G1SIC9,G1SDY5 F7DFR6,F6YYG4,F6XR42,F6V5R0,F6ZLD4,F6VTW3,F7A2J7,F6XEB4
3188 G1SZE4,G1TVU3,G1TIX5,G1SWF7,G1T589,G1TAE2,G1SIC9,G1SDY5 F7DFR6,F6TL72,F6XR42,F6V5R0,F6ZLD4,F6VTW3,F7A2J7,F6XEB4
3188 G1SZE4,G1TVU3,G1TIX5,G1SH41,G1TU94,G1TAE2,G1SIC9,G1SDY5 F7DFR6,F6YYG4,F6XR42,F6YSI5,F6R8M7,F6VTW3,F7A2J7,F6XEB4
3188 G1SZE4,G1TVU3,G1TIX5,G1SH41,G1TU94,G1TAE2,G1SIC9,G1SDY5 F7DFR6,F6TL72,F6XR42,F6YSI5,F6R8M7,F6VTW3,F7A2J7,F6XEB4
3188 G1SZE4,G1TVU3,G1TIX5,G1SK64,G1SX39,G1TAE2,G1SIC9,G1SDY5 F7DFR6,F6YYG4,F6XR42,F6USJ9,F7C510,F6VTW3,F7A2J7,F6XEB4
3188 G1SZE4,G1TVU3,G1TIX5,G1SK64,G1SX39,G1TAE2,G1SIC9,G1SDY5 F7DFR6,F6TL72,F6XR42,F6USJ9,F7C510,F6VTW3,F7A2J7,F6XEB4
5124 G1TZM2,G1SZE4,G1TIX5,G1TVU3,G1TAE2,G1SDY5,G1SZT9,G1U419 F7E0S8,F7DFR6,F6XR42,F6TL72,F6VTW3,F6XEB4,F6Z1I4,F7BXZ1
5124 G1SZE4,G1TIX5,G1T937,G1TVU3,G1T7Y1,G1TAE2,G1SIC9,G1SDY5 F7DFR6,F6XR42,F6QNC5,F6YYG4,F6WF09,F6VTW3,F7A2J7,F6XEB4
8434 G1TVU3,G1T602,G1SZE4,G1SIC9,G1TIX5,B7NZM9,G1TAE2,G1SDY5 F6YYG4,F6UHS4,F7DFR6,F7A2J7,F6XR42,Q9BDF6,F6VTW3,F6XEB4
8434 G1TVU3,G1T602,G1SZE4,G1SIC9,G1TIX5,B7NZM9,G1TAE2,G1SDY5 F6TL72,F6UHS4,F7DFR6,F7A2J7,F6XR42,Q9BDF6,F6VTW3,F6XEB4
6719 G1TVU3,G1U8J3,G1SZE4,G1SZT9,G1SIC9,G1TIX5,G1TAE2,G1SWN6 F6TL72,F7E3B2,F7DFR6,F6Z1I4,F7A2J7,F6XR42,F6VTW3,F7DF72
7876 G1SK30,G1T143,G1SZE4,G1SZT9,G1SKM1,G1SDY5,G1T7X7,G1TAE2 F6SC92,F6XR42,F7DFR6,F6Z1I4,F6SQ43,F6XEB4,F6UKX5,F6VTW3
7876 G1SK30,G1T143,G1SZE4,G1SZT9,G1SKM1,G1SDY5,G1T7X7,G1TAE2 F6SC92,F6TL72,F7DFR6,F6Z1I4,F6SQ43,F6XEB4,F6UKX5,F6VTW3
4358 G1SZE4,G1TUA3,G1SKM1,G1TAE2,G1T143,G1TMZ6,G1SDY5,G1SZT9 F7DFR6,H9GZZ3,F6SQ43,F6VTW3,F6XR42,F6ZAT6,F6XEB4,F6Z1I4
4358 G1SZE4,G1TUA3,G1SKM1,G1TAE2,G1T143,G1TMZ6,G1SDY5,G1SZT9 F7DFR6,H9GZZ3,F6SQ43,F6VTW3,F6TL72,F6ZAT6,F6XEB4,F6Z1I4
4192 G1SZE4,G1SKM1,G1SYX2,G1TAE2,G1T3J4,G1T143,G1TVU3,G1SDY5 F7DFR6,F6SQ43,F7CDD7,F6VTW3,H9GZW5,F6TL72,F6YYG4,F6XEB4
5356 G1TMW5,G1TVU3,G1SZE4,G1TIX5,G1SIC9,G1SDY5,G1SW61,G1TAE2 F7CUH0,F6YYG4,F7DFR6,F6XR42,F7A2J7,F6XEB4,F6QY78,F6VTW3
5356 G1TIX5,G1TVU3,G1SYX4,G1SZT9,G1SZE4,G1SMJ8,G1TAE2,G1SDY5 F6TL72,F6XR42,F7BTP9,F6Z1I4,F7DFR6,F6RN24,F6VTW3,F6XEB4
6814 G1SZE4,G1SUW9,G1TIX5,G1T143,G1TAE2,G1TNG2,G1SMY6,G1SZM2 F7DFR6,F7E2V0,F6TL72,F6YYG4,F6VTW3,F6YW90,F6S8L9,F6XL78
8655 G1TMQ4,G1SZE4,G1T143,G1TAE2,G1SIC9,G1SDY5,G1TVU3,G1T490 F6XLU6,F7DFR6,F6TL72,F6VTW3,F7A2J7,F6XEB4,F6YYG4,F6S891
8655 G1SL61,G1SZE4,G1T143,G1TAE2,G1SIC9,G1SDY5,G1TVU3,G1SV33 F6RZ63,F7DFR6,F6TL72,F6VTW3,F7A2J7,F6XEB4,F6YYG4,F6TTJ8
8929 G1TMQ4,G1TAE2,G1SZE4,G1SDY5,G1TIX5,G1SIC9,G1T490,G1TVU3 F6XLU6,F6VTW3,F7DFR6,F6XEB4,F6XR42,F7A2J7,F6S891,F6YYG4
8929 G1SKR1,G1TAE2,G1SZE4,G1SDY5,G1TIX5,G1SIC9,G1TXW6,G1TVU3 F6RZ63,F6VTW3,F7DFR6,F6XEB4,F6XR42,F7A2J7,F6TTJ8,F6YYG4
8929 G1SKR1,G1TAE2,G1SZE4,G1SDY5,G1TIX5,G1SIC9,G1TXW6,G1TVU3 F7BUA5,F6VTW3,F7DFR6,F6XEB4,F6XR42,F7A2J7,F6ZK80,F6YYG4
8929 G1SL61,G1TAE2,G1SZE4,G1SDY5,G1TIX5,G1SIC9,G1SV33,G1TVU3 F6RZ63,F6VTW3,F7DFR6,F6XEB4,F6XR42,F7A2J7,F6TTJ8,F6YYG4
8929 G1SL61,G1TAE2,G1SZE4,G1SDY5,G1TIX5,G1SIC9,G1SV33,G1TVU3 F7BUA5,F6VTW3,F7DFR6,F6XEB4,F6XR42,F7A2J7,F6ZK80,F6YYG4
8929 G1SL61,G1TAE2,G1SZE4,G1SDY5,G1TIX5,G1SIC9,G1SV33,G1TVU3 F7BUA5,F6VTW3,F7DFR6,F6XEB4,F6XR42,F7A2J7,F6ZK80,F6TL72
4280 G1SZE4,G1TVU3,G1T9Z2,G1TIX5,G1TEN7,G1TAE2,G1SIC9,G1SDY5 F7DFR6,F6YYG4,F7AHJ1,F6XR42,F6YDA3,F6VTW3,F7A2J7,F6XEB4
4280 G1SZE4,G1TVU3,G1T9Z2,G1TIX5,G1TEN7,G1TAE2,G1SIC9,G1SDY5 F7DFR6,F6TL72,F7AHJ1,F6XR42,F6YDA3,F6VTW3,F7A2J7,F6XEB4
1632 G1TVU3,G1SVM5,G1TIX5,G1TDK5,G1SZE4,G1SIC9,G1SG22,G1SMY6 F6YYG4,F7DF40,F6XR42,F6VF95,F7DFR6,F7A2J7,F7B944,F6S8L9
1632 G1TVU3,G1TRT3,G1TIX5,G1TDK5,G1SZE4,G1SIC9,G1SDV9,G1SMY6 F6YYG4,F7A5L6,F6XR42,F6VF95,F7DFR6,F7A2J7,F6QF43,F6S8L9
1632 G1TVU3,G1SVM7,G1TIX5,P47845,G1SZE4,G1SIC9,G1SU08,G1SMY6 F6YYG4,F7BL31,F6XR42,F7A860,F7DFR6,F7A2J7,F7D0Q4,F6S8L9
6274 G1SZE4,G1TUL9,G1TAE2,G1TIX5,G1T143,G1T9E5,G1SZM2,G1SDY5 F7DFR6,F7BCR2,F6VTW3,F6TL72,F6YYG4,F7CNX6,F6XL78,F6XEB4
6274 G1SZE4,G1SZY2,G1TAE2,G1TIX5,G1T143,G1SRA5,G1SZM2,G1SDY5 F7DFR6,F7DC48,F6VTW3,F6TL72,F6YYG4,F6T7P5,F6XL78,F6XEB4
9262 G1T4J4,G1TAE2,G1SZE4,G1SDY5,G1TIX5,G1T2I0,G1T143,G1SZT9 F7CY85,F6VTW3,F7DFR6,F6XEB4,F6TL72,F6V704,F6YYG4,F6Z1I4
9370 G1SIC9,G1SI03,G1T143,G1TVU3,G1TN55,G1TAE2,G1SDY5,G1SZE4 F7A2J7,F6VIJ3,F6TL72,F6YYG4,F6Z3I2,F6VTW3,F6XEB4,F7DFR6
9407 G1TVU3,G1SI03,G1TIX5,G1SIC9,G1SZE4,G1TAE2,G1SDY5,G1TN55 F6YYG4,F6VIJ3,F6XR42,F7A2J7,F7DFR6,F6VTW3,F6XEB4,F6Z3I2
9407 G1TVU3,G1SMS1,G1TIX5,G1SIC9,G1SZE4,G1TAE2,G1SDY5,G1TEP5 F6TL72,F6PVB5,F6XR42,F7A2J7,F7DFR6,F6VTW3,F6XEB4,F6YZI7
4434 G1SZE4,G1TJQ3,G1TIX5,G1TVU3,G1TAE2,G1SWC1,G1SDY5,G1SIC9 F7DFR6,F6VDT3,F6XR42,F6YYG4,F6VTW3,F7DG69,F6XEB4,F7A2J7
4379 G1TVU3,G1TEF4,G1TIX5,G1SZE4,G1SIC9,G1T1Q2,G1TAE2,G1SDY5 F6YYG4,F6V9L3,F6XR42,F7DFR6,F7A2J7,F6TZ87,F6VTW3,F6XEB4
4379 G1TVU3,G1TEF4,G1TIX5,G1SZE4,G1SIC9,G1T1Q2,G1TAE2,G1SDY5 F6TL72,F6V9L3,F6XR42,F7DFR6,F7A2J7,F6TZ87,F6VTW3,F6XEB4
3193 G1TAE2,G1SZE4,G1SKM1,G1TTB8,G1TRW0,G1SDY5,G1TIX5,G1TF91 F6VTW3,F7DFR6,F6SQ43,F6RPR5,F6XK12,F6XEB4,F6XR42,F6XA04
8452 G1TVU3,G1SFX5,G1SZE4,G1SIC9,G1TIX5,G1TDK5,G1TAE2,G1SDY5 F6TL72,F7DQE7,F7DFR6,F7A2J7,F6XR42,F6VF95,F6VTW3,F6XEB4
5364 G1TIZ7,G1TVU3,G1TIX5,G1SZE4,G1SIC9,G1SDY5,G1T850,G1TAE2 F6UYD5,F6YYG4,F6XR42,F7DFR6,F7A2J7,F6XEB4,F7DNE5,F6VTW3
5364 G1TE71,G1TVU3,G1TIX5,G1SZE4,G1SIC9,G1SDY5,G1T850,G1TAE2 F6PNX0,F6YYG4,F6XR42,F7DFR6,F7A2J7,F6XEB4,F6ZA94,F6VTW3
5364 G1TE71,G1TVU3,G1TIX5,G1SZE4,G1SIC9,G1SDY5,G1T850,G1TAE2 F6XJE0,F6YYG4,F6XR42,F7DFR6,F7A2J7,F6XEB4,F7DNE5,F6VTW3
5364 G1TE71,G1TVU3,G1TIX5,G1SZE4,G1SIC9,G1SDY5,G1T850,G1TAE2 F6UYD5,F6YYG4,F6XR42,F7DFR6,F7A2J7,F6XEB4,F7DNE5,F6VTW3
6910 G1TVU3,G1TIX5,G1SZB4,G1T4A5,G1SZE4,G1SIC9,G1SDY5,G1TAE2 F6TL72,F6XR42,F6UFG2,F7A3F7,F7DFR6,F7A2J7,F6XEB4,F6VTW3
1708 G1TVU3,G1TAA3,G1TIX5,G1SZL0,G1SZE4,G1SIC9,G1TAB1,G1SDY5 F6TL72,F6PUK4,F6XR42,F6VNY4,F7DFR6,F7A2J7,F6SRY0,F6XEB4
4756 G1U101,G1TVU3,G1SZE4,G1TIX5,G1SIC9,G1TAE2,G1SRN9,G1SDY5 F6YEM4,F6YYG4,F7DFR6,F6XR42,F7A2J7,F6VTW3,F7AM44,F6XEB4
2661 G1TIX5,G1SZM2,G1SZT9,G1SL09,G1U020,G1SZE4,A0A0A0MQQ6,G1SIC9 F6XR42,F6XL78,F6Z1I4,F7CUY6,F6VHP0,F7DFR6,F6VU34,F6S8L9
2661 G1TIX5,G1SZM2,G1SZT9,G1SL09,G1U020,G1SZE4,A0A0A0MQQ6,G1SIC9 F6TL72,F6XL78,F6Z1I4,F7CUY6,F6VHP0,F7DFR6,F6VU34,F6S8L9
6711 G1SHN4,G1SZM2,G1TIX5,G1TAE2,G1SIC9,G1SZE4,G1SZT9,G1TEU8 F6RWQ1,F6XL78,F6XR42,F6VTW3,F6S8L9,F7DFR6,F6Z1I4,F7C2V0
6711 G1SHN4,G1SZM2,G1TIX5,G1TAE2,G1SIC9,G1SZE4,G1SZT9,G1TEU8 F6RWQ1,F6XL78,F6TL72,F6VTW3,F6S8L9,F7DFR6,F6Z1I4,F7C2V0
6634 G1SHN4,G1TAE2,G1SZE4,G1SZM2,G1SDY5,G1TIX5,G1TEU8,G1SZT9 F6RWQ1,F6VTW3,F7DFR6,F6XL78,F6XEB4,F6TL72,F7C2V0,F6Z1I4
4410 G1SZE4,G1T7L2,G1TIX5,G1TVU3,G1TAE2,G1TAE4,G1SIC9,G1SDY5 F7DFR6,F7AXK9,F6XR42,F6YYG4,F6VTW3,F6TPH9,F7A2J7,F6XEB4
8433 G1SKM1,G1T6W8,G1SZT9,G1TAE2,G1SK15,G1SZE4,G1TIX5,G1SIC9 F6SQ43,F6WRZ8,F6Z1I4,F6VTW3,F6UDA8,F7DFR6,F6XR42,F6S8L9
4482 G1SKM1,G1T602,G1TAE2,G1SZE4,G1SZT9,B7NZM9,G1SIC9,G1TIX5 F6SQ43,F6UHS4,F6VTW3,F7DFR6,F6Z1I4,Q9BDF6,F6S8L9,F6XR42
