7942 A0A0R4J0T0,Q80V62,Q61510,P05627,Q3UFB7,P70372,O35864,P12023 D3ZME7,A0A0G2K5U0,D4A9N5,P17325,P35739,B5DF91,F7EUU4,P08592
7942 Q811Q9,Q3UFB7,Q61510,P05627,Q80V62,P70372,P60710,P12023 A0A096MK76,P35739,D4A9N5,P17325,A0A0G2K5U0,B5DF91,P60711,P08592
7942 Q811Q9,Q3UFB7,Q61510,P05627,Q80V62,P70372,P60710,P12023 G3V7M5,P35739,D4A9N5,P17325,A0A0G2K5U0,B5DF91,P60711,P08592
7942 A0A0R4J0I7,Q3UFB7,Q61510,P05627,Q80V62,P70372,P60710,P12023 G3V877,P35739,D4A9N5,P17325,A0A0G2K5U0,B5DF91,P60711,P08592
7942 F8VPX2,Q80V62,Q61510,P05627,Q3UFB7,P70372,O35864,P12023 F1MAM1,A0A0G2K5U0,D4A9N5,P17325,P35739,B5DF91,F7EUU4,P08592
7942 F6UL52,Q80V62,Q61510,P05627,Q3UFB7,P70372,O35864,P12023 D3ZME7,A0A0G2K5U0,D4A9N5,P17325,P35739,B5DF91,F7EUU4,P08592
7942 H3BJD7,Q3UFB7,Q61510,P05627,Q80V62,P70372,P60710,P12023 G3V877,P35739,D4A9N5,P17325,A0A0G2K5U0,B5DF91,P60711,P08592
4320 Q9R229,Q3UFB7,A0A0R4J0T0,Q61510,P12023,P70372,O35607,P62259 A0A0H2UHH4,P35739,D3ZME7,D4A9N5,P08592,B5DF91,F1LQC5,P62260
4320 Q9R229,Q80V62,A0A0R4J0T0,Q61510,P12023,P70372,O35607,P62259 A0A0H2UHH4,P35739,D3ZME7,D4A9N5,P08592,B5DF91,F1LQC5,P62260
7291 Q80V62,A2BGN7,P05627,P12023,Q61510,Q8R317,P62259,P70372 A0A0G2K5U0,Q5BJY8,P17325,P08592,D4A9N5,A0A140TAI1,P62260,B5DF91
7291 Q3UFB7,Q9DBJ6,P05627,P12023,Q61510,Q9WUD1,P62259,P70372 P35739,Q5BJY4,P17325,P08592,D4A9N5,D4A4T0,P62260,B5DF91
4316 Q61510,Q3UFB7,B9EKE5,Q99JX7,Q6IFX3,Q80V62,P12023,P62259 D4A9N5,P35739,A0A0H2UI37,F1MA52,Q6IFW2,A0A0G2K5U0,P08592,P62260
4316 Q61510,Q3UFB7,Q8BW56,Q99JX7,Q7TN31,Q80V62,P12023,P62259 D4A9N5,P35739,Q53E76,F1MA52,F1MAK0,A0A0G2K5U0,P08592,P62260
4316 P12023,Q80V62,G5E872,Q9WTX6,Q8VEJ3,Q3UFB7,Q61510,P62259 P08592,A0A0G2K5U0,M0RA44,B1WBY1,D4ADQ6,P35739,D4A9N5,P62260
4316 Q61510,Q3UFB7,Q8CB76,Q9JLV1,B2KFW1,Q80V62,P12023,P62259 D4A9N5,P35739,M0R5T3,Q5U2U8,D3ZCC2,A0A0G2K5U0,P08592,P62260
2212 Q3UN58,P97477,Q61510,Q3UFB7,Q80V62,P70372,P12023,Q61080 D4AAA5,Q3MHU2,D4A9N5,P35739,A0A0G2K5U0,B5DF91,P08592,M0R8R8
6711 Q9QZ09,P97477,Q3UFB7,P70372,P62259,P12023,Q61510,Q91YK8 F1M8G0,Q3MHU2,P35739,B5DF91,P62260,P08592,D4A9N5,O55162
6711 Q9QZ09,P97477,Q80V62,P70372,P62259,P12023,Q61510,Q91YK8 F1M8G0,Q3MHU2,P35739,B5DF91,P62260,P08592,D4A9N5,O55162
6711 Q5RJI4,A0A0R4J0T0,Q3UFB7,P70372,P62259,P12023,Q61510,Q3TUA9 F1LMM4,D3ZME7,P35739,B5DF91,P62260,P08592,D4A9N5,Q4V8A9
6711 Q5RJI4,A0A0R4J0T0,Q80V62,P70372,P62259,P12023,Q61510,Q3TUA9 F1LMM4,D3ZME7,P35739,B5DF91,P62260,P08592,D4A9N5,Q4V8A9
6914 Q60841,P12023,Q80V62,Q3UFB7,P70372,P05627,Q61510,O35864 F1LZI7,P08592,A0A0G2K5U0,P35739,B5DF91,P17325,D4A9N5,F7EUU4
6914 Q9CPX9,P12023,Q80V62,Q3UFB7,P70372,P05627,Q61510,O35864 D3ZXM2,P08592,A0A0G2K5U0,P35739,B5DF91,P17325,D4A9N5,F7EUU4
6914 Q9Z0F6,P12023,Q80V62,Q3UFB7,P70372,P05627,Q61510,O35864 D3ZXM2,P08592,A0A0G2K5U0,P35739,B5DF91,P17325,D4A9N5,F7EUU4
6914 Q9QZW9,P12023,Q80V62,Q3UFB7,P70372,P05627,Q61510,O35864 M0R6D8,P08592,A0A0G2K5U0,P35739,B5DF91,P17325,D4A9N5,F7EUU4
7563 Q80TN5,Q3UFB7,P12023,Q61510,P05627,P62259,A0A0B4J1E2,P70372 E9PTT0,P35739,P08592,D4A9N5,P17325,P62260,D4A8G7,B5DF91
7563 Q9CPV2,Q80V62,P12023,Q61510,P05627,P62259,E9QK89,P70372 D3ZDN9,A0A0G2K5U0,P08592,D4A9N5,P17325,P62260,Q5U2M8,B5DF91
7563 Q499D0,Q3UFB7,P12023,Q61510,P05627,P62259,A0A0B4J1E2,P70372 A0A0G2JYT8,P35739,P08592,D4A9N5,P17325,P62260,D4A8G7,B5DF91
7563 G3UVW3,Q3UFB7,P12023,P05627,Q61510,P62259,P60670,P70372 F1LRY2,P35739,P08592,P17325,D4A9N5,P62260,F1LQX9,B5DF91
3708 P12023,P63157,Q3UFB7,Q921E6,Q80V62,P70372,Q62440,Q61510 P08592,P63156,P35739,B5DF02,A0A0G2K5U0,B5DF91,D3ZCM7,D4A9N5
3708 P12023,B2RQE8,Q3UFB7,Q921E6,Q80V62,P70372,Q5SV80,Q61510 P08592,F1M2Q1,P35739,B5DF02,A0A0G2K5U0,B5DF91,D3Z8I9,D4A9N5
3708 P12023,Q9ES03,Q3UFB7,Q921E6,Q80V62,P70372,Q62440,Q61510 P08592,A0A0G2KAH3,P35739,B5DF02,A0A0G2K5U0,B5DF91,D3ZCM7,D4A9N5
3708 P12023,Q8R373,Q3UFB7,Q921E6,Q80V62,P70372,E9QK83,Q61510 P08592,Q8K1G0,P35739,B5DF02,A0A0G2K5U0,B5DF91,F1LXT3,D4A9N5
3708 P12023,Q2TV84,Q3UFB7,Q921E6,Q80V62,P70372,Q8CGN4,Q61510 P08592,F1M9X0,P35739,B5DF02,A0A0G2K5U0,B5DF91,D4A2J9,D4A9N5
3708 P12023,Q3UV71,Q3UFB7,Q921E6,Q80V62,P70372,Q8CGN4,Q61510 P08592,D4A2M3,P35739,B5DF02,A0A0G2K5U0,B5DF91,D4A2J9,D4A9N5
3708 P12023,P52955,Q3UFB7,Q921E6,Q80V62,P70372,Q62440,Q61510 P08592,Q1XID0,P35739,B5DF02,A0A0G2K5U0,B5DF91,D3ZCM7,D4A9N5
3708 P12023,Q8C708,Q3UFB7,Q921E6,Q80V62,P70372,Q68FH0,Q61510 P08592,Q6IRH4,P35739,B5DF02,A0A0G2K5U0,B5DF91,O35274,D4A9N5
3708 P12023,Q8C708,Q3UFB7,Q921E6,Q80V62,P70372,Q68FH0,Q61510 P08592,Q5BK39,P35739,B5DF02,A0A0G2K5U0,B5DF91,F1M2K6,D4A9N5
8068 P12023,Q3UFB7,Q9DBY4,Q99MB1,P70372,Q61510,P70196,P62259 P08592,P35739,Q496Z2,F1LN63,B5DF91,D4A9N5,B5DF45,P62260
8068 P12023,Q80V62,Q9DBY4,Q99MB1,P70372,Q61510,P70196,P62259 P08592,P35739,Q496Z2,F1LN63,B5DF91,D4A9N5,B5DF45,P62260
6327 Q9JI48,Q80V62,Q61510,P12023,P05627,Q3UFB7,O35864,P70372 B5DF36,A0A0G2K5U0,D4A9N5,P08592,P17325,P35739,F7EUU4,B5DF91
9058 Q9R059,P12023,Q3UFB7,P70372,Q61510,P62259,A0A0B4J1E2,P05627 D3ZPF0,P08592,P35739,B5DF91,D4A9N5,P62260,D4A8G7,P17325
7255 P12023,Q9R059,Q80V62,Q3UFB7,P70372,A0A0B4J1E2,P62259,P05627 P08592,D3ZPF0,A0A0G2K5U0,P35739,B5DF91,D4A8G7,P62260,P17325
7255 P12023,Q91WC9,Q3UFB7,Q80V62,P70372,Q3TDN2,P62259,Q61510 P08592,P0C1S9,P35739,A0A0G2K5U0,B5DF91,Q5BK32,P62260,D4A9N5
7334 Q9DB43,Q3UFB7,P12023,Q61510,P05627,P70372,Q80V62,Q9WV55 M0RCA3,P35739,P08592,D4A9N5,P17325,B5DF91,A0A0G2K5U0,Q9Z270
8603 Q3UFB7,P12023,P20722,Q05BA5,P05627,Q61510,P70372,P62259 P35739,P08592,Q04906,F1M8E5,P17325,D4A9N5,B5DF91,P62260
8603 Q80V62,P12023,P20722,Q05BA5,P05627,Q61510,P70372,P62259 P35739,P08592,Q04906,F1M8E5,P17325,D4A9N5,B5DF91,P62260
8603 Q80V62,P12023,P20722,Q05BA5,P05627,Q61510,P70372,P62259 A0A0G2K5U0,P08592,Q04906,F1M8E5,P17325,D4A9N5,B5DF91,P62260
8603 Q80V62,P12023,P43135,A0A0B4J1E2,P05627,Q61510,P70372,P62259 A0A0G2K5U0,P08592,O09018,D4A8G7,P17325,D4A9N5,B5DF91,P62260
11451 Q80V62,Q61510,Q3U741,P12023,P05627,Q3UFB7,P62259,P70372 A0A0G2K5U0,D4A9N5,A0A096MIX2,P08592,P17325,P35739,P62260,B5DF91
11451 Q80V62,P05627,Q3UHD6,P12023,Q61510,Q3UFB7,P62259,P70372 A0A0G2K5U0,P17325,M0RBS9,P08592,D4A9N5,P35739,P62260,B5DF91
7450 P54751,Q3UFB7,P12023,P05627,Q61510,P70372,P70196,P62259 E9PSJ1,P35739,P08592,P17325,D4A9N5,B5DF91,B5DF45,P62260
7450 P54751,Q80V62,P12023,P05627,Q61510,P70372,P70196,P62259 E9PSJ1,P35739,P08592,P17325,D4A9N5,B5DF91,B5DF45,P62260
7324 Q8CHY3,Q3UFB7,P12023,Q61510,P05627,P70372,Q80V62,P70168 D3ZP27,P35739,P08592,D4A9N5,P17325,B5DF91,A0A0G2K5U0,F2Z3Q8
7324 Q8BIJ7,Q80V62,P12023,Q61510,P05627,P70372,Q3UFB7,P68369 F1LR42,A0A0G2K5U0,P08592,D4A9N5,P17325,B5DF91,P35739,P68370
7324 P41593,Q3UFB7,P12023,Q61510,P05627,P70372,Q80V62,P68510 P25961,P35739,P08592,D4A9N5,P17325,B5DF91,A0A0G2K5U0,P68511
7324 Q9ERL7,Q3UFB7,P12023,Q61510,P05627,P70372,Q80V62,P26369 F1M8F4,P35739,P08592,D4A9N5,P17325,B5DF91,A0A0G2K5U0,F2Z3T9
6817 P12023,Q8CHD8,Q80V62,P70372,Q3UFB7,Q61187,P62259,Q61510 P08592,Q66H66,A0A0G2K5U0,B5DF91,P35739,Q6IRE4,P62260,D4A9N5
6817 P12023,Q8K3K7,Q80V62,P70372,Q3UFB7,Q505D1,P62259,Q61510 P08592,D4AC45,A0A0G2K5U0,B5DF91,P35739,F1M400,P62260,D4A9N5
6817 P12023,M9MMK0,Q80V62,P70372,Q3UFB7,Q99K46,P62259,Q61510 P08592,D3ZHJ3,A0A0G2K5U0,B5DF91,P35739,Q5D006,P62260,D4A9N5
7922 Q8CHD8,Q80V62,P12023,P05627,Q3UFB7,P62259,Q61187,Q61510 Q66H66,A0A0G2K5U0,P08592,P17325,P35739,P62260,Q6IRE4,D4A9N5
7922 P12023,P97770,Q80V62,P70372,Q6P5B5,Q3UFB7,P05627,P62259 P08592,D3ZSV7,A0A0G2K5U0,B5DF91,B1H2A6,P35739,P17325,P62260
7922 M9MMK0,Q80V62,P12023,P05627,Q3UFB7,P62259,Q99K46,Q61510 D3ZHJ3,A0A0G2K5U0,P08592,P17325,P35739,P62260,Q5D006,D4A9N5
4494 Q61510,Q80T69,Q80V62,Q9JLV5,Q3UFB7,Q99JB6,P62259,P70372 D4A9N5,D4A1U7,A0A0G2K5U0,A0A0G2JSP3,P35739,D4Q8I2,P62260,B5DF91
4494 Q61510,P24788,Q80V62,Q9JLV5,Q3UFB7,Q99JB6,P70372,P62259 D4A9N5,D4A3G2,A0A0G2K5U0,A0A0G2JSP3,P35739,D4Q8I2,B5DF91,P62260
4494 Q61510,O55226,Q3UFB7,P11276,Q80V62,P28481,P70372,P62259 D4A9N5,A0A0H2UHB8,P35739,A0A096P6L8,A0A0G2K5U0,F1LRM7,B5DF91,P62260
4494 Q61510,Q3U1D0,Q80V62,Q9JLV5,Q3UFB7,P22518,P62259,P70372 D4A9N5,D3ZVQ9,A0A0G2K5U0,A0A0G2JSP3,P35739,D4ADG3,P62260,B5DF91
4494 Q61510,Q80W22,Q80V62,Q9JLV5,Q3UFB7,Q3UQ17,P70372,P62259 D4A9N5,Q5M7T9,A0A0G2K5U0,A0A0G2JSP3,P35739,Q5S3S9,B5DF91,P62260
4494 Q61510,Q922G2,Q80V62,Q9JLV5,Q3UFB7,Q99JB6,P62259,P70372 D4A9N5,D3ZEU8,A0A0G2K5U0,A0A0G2JSP3,P35739,D4Q8I2,P62260,B5DF91
4090 P12023,Q3UFB7,P35456,P48754,Q9JMI7,Q80V62,P70372,P62259 P08592,P35739,M0R3P2,G3V8S5,G3V8N9,A0A0G2K5U0,B5DF91,P62260
4090 P12023,Q3UFB7,Q8VIG3,P39429,Q8C5T4,P70372,Q80V62,P62259 P08592,P35739,A0A0G2K8M2,B5DFH7,M0R7B3,B5DF91,A0A0G2K5U0,P62260
2789 Q3UFB7,P39429,Q8VIG3,P12023,Q61510,Q8C5T4,Q80V62,P70372 P35739,B5DFH7,A0A0G2K8M2,P08592,D4A9N5,M0R7B3,A0A0G2K5U0,B5DF91
8942 Q9D2V5,Q3UFB7,P12023,Q61510,P70372,P62259,A0A0R4J0T0,Q9JLV5 B1WC03,P35739,P08592,D4A9N5,B5DF91,P62260,D3ZME7,A0A0G2JSP3
8942 Q9CXV9,Q3UFB7,P12023,Q61510,P70372,P62259,A0A0R4J0T0,Q9JLV5 Q5PPL2,P35739,P08592,D4A9N5,B5DF91,P62260,D3ZME7,A0A0G2JSP3
8942 E9Q774,Q3UFB7,P12023,Q61510,P70372,P62259,A0A0R4J0T0,Q9JLV5 D3ZS99,P35739,P08592,D4A9N5,B5DF91,P62260,D3ZME7,A0A0G2JSP3
8942 O35160,Q80V62,P12023,Q61510,P70372,P62259,P49182,P60710 P81062,A0A0G2K5U0,P08592,D4A9N5,B5DF91,P62260,Q64268,P60711
8942 P22518,Q3UFB7,P12023,Q61510,P70372,P62259,Q9CPX5,Q9JLV5 D4ADG3,P35739,P08592,D4A9N5,B5DF91,P62260,Q4KLN5,A0A0G2JSP3
8942 Q99JB6,Q3UFB7,P12023,Q61510,P70372,P62259,Q8K352,Q9JLV5 D4Q8I2,P35739,P08592,D4A9N5,B5DF91,P62260,B5DFK2,A0A0G2JSP3
4423 Q61510,Q80V62,A0A0R4J0T0,Q9JLV5,Q9D2V5,Q3UFB7,P12023,P70372 D4A9N5,A0A0G2K5U0,D3ZME7,A0A0G2JSP3,B1WC03,P35739,P08592,B5DF91
4423 Q61510,Q80V62,A0A0R4J0T0,Q9JLV5,Q9CXV9,Q3UFB7,P12023,P70372 D4A9N5,A0A0G2K5U0,D3ZME7,A0A0G2JSP3,Q5PPL2,P35739,P08592,B5DF91
4423 Q61510,Q80V62,A0A0R4J0T0,Q9JLV5,E9Q774,Q3UFB7,P12023,P70372 D4A9N5,A0A0G2K5U0,D3ZME7,A0A0G2JSP3,D3ZS99,P35739,P08592,B5DF91
4423 Q61510,Q3UFB7,P49182,P60710,O35160,Q80V62,P12023,P70372 D4A9N5,P35739,Q64268,P60711,P81062,A0A0G2K5U0,P08592,B5DF91
4423 Q61510,Q80V62,Q9CPX5,Q9JLV5,P22518,Q3UFB7,P12023,P70372 D4A9N5,A0A0G2K5U0,Q4KLN5,A0A0G2JSP3,D4ADG3,P35739,P08592,B5DF91
4423 Q61510,Q80V62,Q8K352,Q9JLV5,Q99JB6,Q3UFB7,P12023,P70372 D4A9N5,A0A0G2K5U0,B5DFK2,A0A0G2JSP3,D4Q8I2,P35739,P08592,B5DF91
9229 Q61510,Q80V62,Q99LI9,A0A0B4J1E2,Q3UFB7,P12023,P62259,P70372 D4A9N5,A0A0G2K5U0,Q5PQL4,D4A8G7,P35739,P08592,P62260,B5DF91
9229 P05627,Q80V62,Q8K288,Q61062,Q3UFB7,P12023,P62259,P70372 P17325,A0A0G2K5U0,M0R7K3,D4ADV8,P35739,P08592,P62260,B5DF91
9229 P05627,Q3UFB7,Q3TQQ9,P25118,Q80V62,P12023,P62259,P70372 P17325,P35739,Q5XI94,A0A0G2JSU9,A0A0G2K5U0,P08592,P62260,B5DF91
9229 Q61510,Q80V62,Q9CRA0,A2AT37,Q3UFB7,P12023,P62259,P70372 D4A9N5,A0A0G2K5U0,F1MA10,D3ZT03,P35739,P08592,P62260,B5DF91
4490 Q80V62,Q3U1D0,Q61510,Q9JLV5,P12023,P22518,P62259,P70372 A0A0G2K5U0,D3ZVQ9,D4A9N5,A0A0G2JSP3,P08592,D4ADG3,P62260,B5DF91
4490 Q80V62,Q922G2,Q61510,Q9JLV5,P12023,Q99JB6,P62259,P70372 A0A0G2K5U0,D3ZEU8,D4A9N5,A0A0G2JSP3,P08592,D4Q8I2,P62260,B5DF91
4490 P12023,Q8VHQ3,P70372,P54823,Q3UFB7,Q3UGS4,P62259,Q61510 P08592,D4AA72,B5DF91,D3ZD73,P35739,B0BN72,P62260,D4A9N5
4490 P12023,Q8VHQ3,P70372,P54823,Q80V62,Q3UGS4,P62259,Q61510 P08592,D4AA72,B5DF91,D3ZD73,P35739,B0BN72,P62260,D4A9N5
4490 P12023,Q8VHQ3,P70372,P54823,Q80V62,Q3UGS4,P62259,Q61510 P08592,D4AA72,B5DF91,D3ZD73,A0A0G2K5U0,B0BN72,P62260,D4A9N5
6913 Q3TVC7,P12023,Q80V62,Q3UFB7,P70372,Q61510,P05627,O35864 A0A0H2UHJ2,P08592,A0A0G2K5U0,P35739,B5DF91,D4A9N5,P17325,F7EUU4
4664 Q5F289,Q61510,P31750,Q3UFB7,Q80V62,P70372,P62259,Q61878 D3ZZ79,D4A9N5,P47196,P35739,A0A0G2K5U0,B5DF91,P62260,G3V729
1719 Q8K1A0,Q6P5B5,P12023,Q80V62,P70372,Q61510,Q3UFB7,P97770 B0BNB3,B1H2A6,P08592,A0A0G2K5U0,B5DF91,D4A9N5,P35739,D3ZSV7
6254 P12023,E9QK16,Q3UFB7,Q80V62,P70372,P59941,Q61510,P01108 P08592,M0R740,P35739,A0A0G2K5U0,B5DF91,Q4FZY2,D4A9N5,P09416
6254 P12023,E9QK16,Q3UFB7,Q80V62,P70372,P59941,Q61510,P01108 P08592,F1LMF4,P35739,A0A0G2K5U0,B5DF91,Q4FZY2,D4A9N5,P09416
6254 P12023,Q3U309,Q3UFB7,Q80V62,P70372,A2AH22,Q61510,P01108 P08592,A0A0G2JXZ4,P35739,A0A0G2K5U0,B5DF91,F1LNQ2,D4A9N5,P09416
6254 P12023,Q925H1,Q3UFB7,Q80V62,P70372,Q9QZS2,Q61510,P01108 P08592,D3Z9R9,P35739,A0A0G2K5U0,B5DF91,O88846,D4A9N5,P09416
6254 P12023,Q3U3I9,Q3UFB7,Q80V62,P70372,P59941,Q61510,P01108 P08592,M0R740,P35739,A0A0G2K5U0,B5DF91,Q4FZY2,D4A9N5,P09416
6254 P12023,Q3U3I9,Q3UFB7,Q80V62,P70372,P59941,Q61510,P01108 P08592,F1LMF4,P35739,A0A0G2K5U0,B5DF91,Q4FZY2,D4A9N5,P09416
6254 P12023,Q810A1,Q3UFB7,Q80V62,P70372,Q62447,Q61510,P01108 P08592,Q642B9,P35739,A0A0G2K5U0,B5DF91,G3V738,D4A9N5,P09416
6254 P12023,A2RTU1,Q3UFB7,Q80V62,P70372,Q9QZS2,Q61510,P01108 P08592,D3Z9R9,P35739,A0A0G2K5U0,B5DF91,O88846,D4A9N5,P09416
6254 P12023,F7BWJ7,Q3UFB7,Q80V62,P70372,A2AH22,Q61510,P01108 P08592,A0A0G2JXZ4,P35739,A0A0G2K5U0,B5DF91,F1LNQ2,D4A9N5,P09416
9053 E9PUB7,Q80V62,P12023,Q61510,P70372,P62259,B2RWS6,Q3UFB7 D3ZMW3,A0A0G2K5U0,P08592,D4A9N5,B5DF91,P62260,A0A0G2QC09,P35739
9053 E9PUB7,Q80V62,P12023,Q61510,P70372,P62259,B2RWS6,Q3UFB7 D3ZMW3,A0A0G2K5U0,P08592,P17325,B5DF91,P62260,A0A0G2QC09,P35739
9053 E9PUB7,Q80V62,P12023,P05627,P70372,P62259,B2RWS6,Q3UFB7 D3ZMW3,A0A0G2K5U0,P08592,P17325,B5DF91,P62260,A0A0G2QC09,P35739
9053 Q8C0M0,Q80V62,P12023,Q61510,P70372,P62259,B2RWS6,Q3UFB7 D3ZGZ9,A0A0G2K5U0,P08592,D4A9N5,B5DF91,P62260,A0A0G2QC09,P35739
9053 Q8C0M0,Q80V62,P12023,P05627,P70372,P62259,B2RWS6,Q3UFB7 D3ZGZ9,A0A0G2K5U0,P08592,P17325,B5DF91,P62260,A0A0G2QC09,P35739
9053 D3YX87,Q80V62,P12023,Q61510,P70372,P62259,B2RWS6,Q3UFB7 D3ZMW3,A0A0G2K5U0,P08592,D4A9N5,B5DF91,P62260,A0A0G2QC09,P35739
9053 D3YX87,Q80V62,P12023,Q61510,P70372,P62259,B2RWS6,Q3UFB7 D3ZMW3,A0A0G2K5U0,P08592,P17325,B5DF91,P62260,A0A0G2QC09,P35739
9053 D3YX87,Q80V62,P12023,P05627,P70372,P62259,B2RWS6,Q3UFB7 D3ZMW3,A0A0G2K5U0,P08592,P17325,B5DF91,P62260,A0A0G2QC09,P35739
2256 Q148W0,Q9CR60,Q3UFB7,Q61510,P12023,P62259,Q80V62,Q8BHG3 D4AA47,B0BNB0,P35739,D4A9N5,P08592,P62260,A0A0G2K5U0,D3Z9E9
2256 Q3UN58,P97477,Q61510,Q3UFB7,Q80V62,P62259,P12023,Q61080 D4AAA5,Q3MHU2,D4A9N5,P35739,A0A0G2K5U0,P62260,P08592,M0R8R8
2256 Q0VBL1,A2AKB9,P12023,Q3UFB7,Q80V62,P62259,Q61510,B2RRL2 F1LVC4,D4A8G6,P08592,P35739,A0A0G2K5U0,P62260,D4A9N5,M0R5M5
2256 A2ANX3,Q9CR60,Q3UFB7,Q61510,P12023,P62259,Q80V62,Q8BHG3 D4AA47,B0BNB0,P35739,D4A9N5,P08592,P62260,A0A0G2K5U0,D3Z9E9
9083 Q9DBF7,P12023,Q3UFB7,P70372,Q61510,P62259,Q80V62,P23804 G3V6I3,P08592,P35739,B5DF91,D4A9N5,P62260,A0A0G2K5U0,A0A0G2JVC1
9083 Q9DBF7,P12023,Q3UFB7,P70372,P05627,P62259,Q80V62,P23804 G3V6I3,P08592,P35739,B5DF91,P17325,P62260,A0A0G2K5U0,A0A0G2JVC1
9083 Q8CFE2,P12023,Q80V62,P70372,Q61510,P62259,Q3UFB7,P23804 D3ZMN2,P08592,A0A0G2K5U0,B5DF91,D4A9N5,P62260,P35739,A0A0G2JVC1
9083 Q8CFE2,P12023,Q80V62,P70372,P05627,P62259,Q3UFB7,P23804 D3ZMN2,P08592,A0A0G2K5U0,B5DF91,P17325,P62260,P35739,A0A0G2JVC1
9083 A2ATK9,P12023,Q80V62,P70372,Q61510,P62259,Q3UFB7,P23804 D4A7Y4,P08592,A0A0G2K5U0,B5DF91,D4A9N5,P62260,P35739,A0A0G2JVC1
9083 A2ATK9,P12023,Q80V62,P70372,P05627,P62259,Q3UFB7,P23804 D4A7Y4,P08592,A0A0G2K5U0,B5DF91,P17325,P62260,P35739,A0A0G2JVC1
7225 Q3UFB7,Q3ULF4,P05627,P12023,Q61510,Q61532,P70372,Q80V62 P35739,Q7TT47,P17325,P08592,D4A9N5,P27704,B5DF91,A0A0G2K5U0
7225 Q3UFB7,Q8VIG1,P05627,P12023,Q61510,Q9CQJ4,P70372,Q80V62 P35739,D4A7T2,P17325,P08592,D4A9N5,Q4KLY4,B5DF91,A0A0G2K5U0
7225 Q80V62,Q6PDS3,P05627,P12023,Q61510,Q9CQJ4,P70372,Q3UFB7 A0A0G2K5U0,O88763,P17325,P08592,D4A9N5,Q4KLY4,B5DF91,P35739
7225 Q3UFB7,Q7TMD7,Q61510,P12023,P05627,P60521,P70372,Q80V62 P35739,Q6W3B0,D4A9N5,P08592,P17325,P60522,B5DF91,A0A0G2K5U0
7225 Q3UFB7,Q99MV1,P05627,P12023,Q61510,Q9CQJ4,P70372,Q80V62 P35739,D4A3N0,P17325,P08592,D4A9N5,Q4KLY4,B5DF91,A0A0G2K5U0
7225 Q3UFB7,Q9DC29,P05627,P12023,Q61510,Q9CQJ4,P70372,Q80V62 P35739,O70595,P17325,P08592,D4A9N5,Q4KLY4,B5DF91,A0A0G2K5U0
6634 P12023,G3X9H5,Q3UFB7,P70372,Q80V62,F7C846,Q61510,Q01279 P08592,G3V9P7,P35739,B5DF91,A0A0G2K5U0,A0A0G2JU49,D4A9N5,G3V6K6
6634 Q9JMB7,P12023,Q3UFB7,Q80V62,P70372,Q61510,P61407,Q9JLV5 A0A140TA97,P08592,P35739,A0A0G2K5U0,B5DF91,D4A9N5,D3Z9I3,A0A0G2JSP3
7253 P12023,P43135,Q80V62,Q3UFB7,P70372,A0A0B4J1E2,P62259,Q61510 P08592,O09018,A0A0G2K5U0,P35739,B5DF91,D4A8G7,P62260,D4A9N5
7253 P12023,B7ZBV9,Q80V62,Q3UFB7,P70372,Q4VA93,P62259,Q61510 P08592,F1M6X3,A0A0G2K5U0,P35739,B5DF91,F1LS98,P62260,D4A9N5
7253 P12023,F6UC55,Q80V62,Q3UFB7,P70372,Q3TQ39,P62259,Q61510 P08592,F1M6X3,A0A0G2K5U0,P35739,B5DF91,F1LS98,P62260,D4A9N5
9109 P43135,P12023,Q3UFB7,P70372,P05627,P62259,A0A0B4J1E2,Q61510 O09018,P08592,P35739,B5DF91,P17325,P62260,D4A8G7,D4A9N5
2168 A0A1L1SU27,P12023,P26450,P70372,Q80V62,Q3UFB7,P62259,G3UYL9 D3ZQ60,P08592,F1LNG5,B5DF91,A0A0G2K5U0,P35739,P62260,G3V7D9
2168 P35375,P12023,P26450,P70372,Q80V62,Q3UFB7,P62259,G3UYL9 P70597,P08592,F1LNG5,B5DF91,A0A0G2K5U0,P35739,P62260,G3V7D9
2168 A0A087WSB9,Q3UFB7,Q3UNH6,Q61510,P12023,P05627,P62259,Q9D8T0 F1LVJ1,P35739,A0A0G2K331,D4A9N5,P08592,P17325,P62260,B5DFJ2
2168 A0A087WSB9,Q80V62,Q3UNH6,Q61510,P12023,P05627,P62259,Q9D8T0 F1LVJ1,P35739,A0A0G2K331,D4A9N5,P08592,P17325,P62260,B5DFJ2
1726 A0A1L1SU27,P26450,P12023,Q80V62,P70372,Q61510,Q3UFB7,G3UYL9 D3ZQ60,F1LNG5,P08592,A0A0G2K5U0,B5DF91,D4A9N5,P35739,G3V7D9
1726 P35375,P26450,P12023,Q80V62,P70372,Q61510,Q3UFB7,G3UYL9 P70597,F1LNG5,P08592,A0A0G2K5U0,B5DF91,D4A9N5,P35739,G3V7D9
1726 Q3TYX8,Q99JX7,P12023,Q3UFB7,P70372,Q61510,Q80V62,Q9D0F1 A0A0G2JUI2,F1MA52,P08592,P35739,B5DF91,D4A9N5,A0A0G2K5U0,F7F189
1726 Q80WJ6,Q99JX7,P12023,Q3UFB7,P70372,Q61510,Q80V62,A0A0R4J0M9 F1M7G9,F1MA52,P08592,P35739,B5DF91,D4A9N5,A0A0G2K5U0,Q8CF97
10012 Q99LI9,Q3UFB7,Q61510,P05627,P70372,P62259,P12023,A0A0B4J1E2 Q5PQL4,P35739,D4A9N5,P17325,B5DF91,P62260,P08592,D4A8G7
10012 Q8K288,Q3UFB7,P05627,Q61510,P70372,P62259,P12023,Q61062 M0R7K3,P35739,P17325,D4A9N5,B5DF91,P62260,P08592,D4ADV8
10012 Q3TQQ9,Q80V62,P05627,Q61510,P70372,P62259,P12023,P25118 Q5XI94,A0A0G2K5U0,P17325,D4A9N5,B5DF91,P62260,P08592,A0A0G2JSU9
10012 Q9CRA0,Q3UFB7,Q61510,P05627,P70372,P62259,P12023,A2AT37 F1MA10,P35739,D4A9N5,P17325,B5DF91,P62260,P08592,D3ZT03
10067 Q99LI9,P05627,Q80V62,Q3UFB7,P70372,P62259,P12023,A0A0B4J1E2 Q5PQL4,P17325,A0A0G2K5U0,P35739,B5DF91,P62260,P08592,D4A8G7
10067 Q8K288,Q61510,Q80V62,Q3UFB7,P70372,P62259,P12023,Q61062 M0R7K3,D4A9N5,A0A0G2K5U0,P35739,B5DF91,P62260,P08592,D4ADV8
10067 Q3TQQ9,Q61510,Q3UFB7,Q80V62,P70372,P62259,P12023,P25118 Q5XI94,D4A9N5,P35739,A0A0G2K5U0,B5DF91,P62260,P08592,A0A0G2JSU9
10067 Q9CRA0,P05627,Q80V62,Q3UFB7,P70372,P62259,P12023,A2AT37 F1MA10,P17325,A0A0G2K5U0,P35739,B5DF91,P62260,P08592,D3ZT03
8190 Q3UFB7,Q9JHQ5,Q61510,P12023,O08992,Q01279,P62259,P70372 P35739,Q562C6,D4A9N5,P08592,Q9JI92,G3V6K6,P62260,B5DF91
8190 Q80V62,Q9JHQ5,Q61510,P12023,O08992,Q01279,P62259,P70372 P35739,Q562C6,D4A9N5,P08592,Q9JI92,G3V6K6,P62260,B5DF91
11307 Q6PDS3,P12023,P70372,P05627,Q61510,P62259,Q3UFB7,Q9CQJ4 O88763,P08592,B5DF91,P17325,D4A9N5,P62260,P35739,Q4KLY4
11307 Q99MV1,P12023,P70372,P05627,Q61510,P62259,Q80V62,Q9CQJ4 D4A3N0,P08592,B5DF91,P17325,D4A9N5,P62260,A0A0G2K5U0,Q4KLY4
4325 P12023,G3X8R0,P70372,Q99JX7,Q80V62,Q9DCN7,Q61510,P62259 P08592,B2RZ37,B5DF91,F1MA52,A0A0G2K5U0,D3ZG84,D4A9N5,P62260
4325 Q3UFB7,Q9WUP0,Q61510,Q9R0K7,P12023,P70160,P70372,P62259 P35739,Q9JHJ1,D4A9N5,P11506,P08592,P01257,B5DF91,P62260
4325 Q80V62,Q9WUP0,Q61510,Q9R0K7,P12023,P70160,P70372,P62259 P35739,Q9JHJ1,D4A9N5,P11506,P08592,P01257,B5DF91,P62260
4325 Q80V62,Q9WUP0,Q61510,Q9R0K7,P12023,P70160,P70372,P62259 A0A0G2K5U0,Q9JHJ1,D4A9N5,P11506,P08592,P01257,B5DF91,P62260
4378 Q61510,G3X8R0,Q3UFB7,Q99JX7,Q80V62,Q9DCN7,P70372,P62259 D4A9N5,B2RZ37,P35739,F1MA52,A0A0G2K5U0,D3ZG84,B5DF91,P62260
10385 P12023,P70372,P97770,Q6P5B5,Q3UFB7,Q61510,P62259,P05627 P08592,B5DF91,D3ZSV7,B1H2A6,P35739,D4A9N5,P62260,P17325
6675 Q80V62,P97770,P12023,Q61510,P05627,Q6P5B5,P70372,Q3UFB7 A0A0G2K5U0,D3ZSV7,P08592,D4A9N5,P17325,B1H2A6,B5DF91,P35739
6675 Q80V62,Q3TMU8,P12023,P05627,Q61510,Q7TMB8,P70372,Q3UFB7 A0A0G2K5U0,F1LNT0,P08592,P17325,D4A9N5,D4A8H8,B5DF91,P35739
6675 Q3UFB7,Q6ZQJ5,P12023,Q61510,P05627,Q99JX7,P70372,Q80V62 P35739,A0A0H2UH92,P08592,D4A9N5,P17325,F1MA52,B5DF91,A0A0G2K5U0
6675 Q80V62,Q8CI75,P12023,Q61510,P05627,Q04207,P70372,Q3UFB7 A0A0G2K5U0,D3ZIL9,P08592,D4A9N5,P17325,Q7TQN4,B5DF91,P35739
6675 Q3UFB7,Q64131,P12023,Q61510,P05627,O09106,P70372,Q80V62 P35739,A0A0G2K9V0,P08592,D4A9N5,P17325,Q4QQW4,B5DF91,A0A0G2K5U0
1397 Q69ZS0,P02340,P12023,Q80V62,Q3UFB7,Q61510,P70372,A2AEG2 A0A0G2K4K7,P10361,P08592,A0A0G2K5U0,P35739,D4A9N5,B5DF91,D3ZUD5
1397 A0A1N9NPH8,P02340,P12023,Q80V62,Q3UFB7,Q61510,P70372,A2AEG2 A4L9P8,P10361,P08592,A0A0G2K5U0,P35739,D4A9N5,B5DF91,D3ZUD5
1397 Q3UJV1,P02340,P12023,Q80V62,Q3UFB7,Q61510,P70372,A2AEG2 A0JPP8,P10361,P08592,A0A0G2K5U0,P35739,D4A9N5,B5DF91,D3ZUD5
1397 Q3UJV1,P02340,P12023,Q80V62,Q3UFB7,Q61510,P70372,A2AEG2 D4AE81,P10361,P08592,A0A0G2K5U0,P35739,D4A9N5,B5DF91,D3ZUD5
1397 Q8R1C3,P02340,P12023,Q80V62,Q3UFB7,Q61510,P70372,A2AEG2 B5DEK8,P10361,P08592,A0A0G2K5U0,P35739,D4A9N5,B5DF91,D3ZUD5
1397 O35544,P02340,P12023,Q80V62,Q3UFB7,Q61510,P70372,Q9Z1K6 F1LR26,P10361,P08592,A0A0G2K5U0,P35739,D4A9N5,B5DF91,D3ZJB8
1397 Q3V2J9,P02340,P12023,Q80V62,Q3UFB7,Q61510,P70372,Q3U487 D3ZBW4,P10361,P08592,A0A0G2K5U0,P35739,D4A9N5,B5DF91,F1LVZ9
7267 Q3UFB7,Q91WG5,Q61510,P12023,P05627,Q91VR7,P62259,P70372 P35739,A0A140UHX4,D4A9N5,P08592,P17325,Q6XVN8,P62260,B5DF91
7267 Q80V62,Q91WG5,Q61510,P12023,P05627,Q91VR7,P62259,P70372 P35739,A0A140UHX4,D4A9N5,P08592,P17325,Q6XVN8,P62260,B5DF91
7267 Q80V62,Q91WG5,Q61510,P12023,P05627,Q91VR7,P62259,P70372 A0A0G2K5U0,A0A140UHX4,D4A9N5,P08592,P17325,Q6XVN8,P62260,B5DF91
9078 Q3UFB7,Q8BKE6,P05627,Q61510,Q61532,P12023,P62259,P70372 P35739,F1LSK6,P17325,D4A9N5,P27704,P08592,P62260,B5DF91
9078 Q80V62,Q8BKE6,P05627,Q61510,Q61532,P12023,P62259,P70372 P35739,F1LSK6,P17325,D4A9N5,P27704,P08592,P62260,B5DF91
9078 Q80V62,Q8BKE6,P05627,Q61510,Q61532,P12023,P62259,P70372 A0A0G2K5U0,F1LSK6,P17325,D4A9N5,P27704,P08592,P62260,B5DF91
7205 Q3UFB7,O35375,P05627,P12023,Q61510,Q62312,P70372,Q80V62 P35739,O35276,P17325,P08592,D4A9N5,P38438,B5DF91,A0A0G2K5U0
7205 Q3UFB7,Q61080,Q61510,P12023,P05627,P97477,P70372,Q80V62 P35739,M0R8R8,D4A9N5,P08592,P17325,Q3MHU2,B5DF91,A0A0G2K5U0
7205 Q3UFB7,A2ABU4,Q61510,P12023,P05627,Q8VHG2,P70372,Q80V62 P35739,D4A228,D4A9N5,P08592,P17325,A0A0G2JX94,B5DF91,A0A0G2K5U0
7265 Q3UFB7,Q8K4K4,Q61510,P12023,P05627,P01101,P62259,P70372 P35739,G3V6J8,D4A9N5,P08592,P17325,P12841,P62260,B5DF91
7265 Q80V62,Q8K4K4,Q61510,P12023,P05627,P01101,P62259,P70372 P35739,G3V6J8,D4A9N5,P08592,P17325,P12841,P62260,B5DF91
7265 Q80V62,Q8K4K4,Q61510,P12023,P05627,P01101,P62259,P70372 A0A0G2K5U0,G3V6J8,D4A9N5,P08592,P17325,P12841,P62260,B5DF91
10066 P01193,P05627,Q3UFB7,Q80V62,P70372,P62259,P12023,P29788 Q8K422,P17325,P35739,A0A0G2K5U0,B5DF91,P62260,P08592,Q3KR94
10066 P63056,Q61510,Q3UFB7,Q80V62,P70372,P62259,P12023,Q9WUD1 P63057,D4A9N5,P35739,A0A0G2K5U0,B5DF91,P62260,P08592,D4A4T0
10066 Q3UC65,P05627,Q80V62,Q3UFB7,P70372,P62259,P12023,Q9CZN7 Q5U2S0,P17325,A0A0G2K5U0,P35739,B5DF91,P62260,P08592,Q5U3Z7
10066 Q8R1G1,Q61510,Q80V62,Q3UFB7,P70372,P62259,P12023,Q60676 Q0VGK5,D4A9N5,A0A0G2K5U0,P35739,B5DF91,P62260,P08592,P53042
10066 Q8BHE3,Q61510,Q3UFB7,Q80V62,P70372,P62259,P12023,Q9WUD1 Q8VHX0,D4A9N5,A0A0G2K5U0,P35739,B5DF91,P62260,P08592,A0A140TAD2
10066 Q9JJV5,Q61510,Q80V62,Q3UFB7,P70372,P62259,P12023,Q07832 Q8VHX0,D4A9N5,A0A0G2K5U0,P35739,B5DF91,P62260,P08592,A0A140TAD2
10066 Q9JJV5,Q61510,Q80V62,Q3UFB7,P70372,P62259,P12023,Q07832 Q8VHX0,P17325,A0A0G2K5U0,P35739,B5DF91,P62260,P08592,A0A140TAD2
10066 Q9JJV5,P05627,Q80V62,Q3UFB7,P70372,P62259,P12023,Q07832 Q8VHX0,P17325,A0A0G2K5U0,P35739,B5DF91,P62260,P08592,A0A140TAD2
7920 P01193,Q3UFB7,Q61510,P05627,Q80V62,P70372,P29788,P12023 Q8K422,P35739,D4A9N5,P17325,A0A0G2K5U0,B5DF91,Q3KR94,P08592
7920 P63056,Q3UFB7,P05627,Q61510,Q80V62,P70372,Q9WUD1,P12023 P63057,P35739,P17325,D4A9N5,A0A0G2K5U0,B5DF91,D4A4T0,P08592
7920 Q3UC65,Q80V62,Q61510,P05627,Q3UFB7,P70372,Q9CZN7,P12023 Q5U2S0,A0A0G2K5U0,D4A9N5,P17325,P35739,B5DF91,Q5U3Z7,P08592
7920 Q8R1G1,Q80V62,P05627,Q61510,Q3UFB7,P70372,Q60676,P12023 Q0VGK5,A0A0G2K5U0,P17325,D4A9N5,P35739,B5DF91,P53042,P08592
8958 O88947,Q3UFB7,P12023,P05627,P70372,P62259,Q9R078,Q80V62 A0A0H2UHR6,P35739,P08592,P17325,B5DF91,P62260,P80386,A0A0G2K5U0
8958 Q3V1U8,Q3UFB7,P12023,Q61510,P70372,P62259,Q8C253,Q80V62 D3ZDJ3,P35739,P08592,D4A9N5,B5DF91,P62260,P08699,A0A0G2K5U0
8958 Q3V1U8,Q3UFB7,P12023,Q61510,P70372,P62259,Q8C253,Q80V62 D3ZDJ3,P35739,P08592,P17325,B5DF91,P62260,P08699,A0A0G2K5U0
8958 Q3V1U8,Q3UFB7,P12023,P05627,P70372,P62259,Q8C253,Q80V62 D3ZDJ3,P35739,P08592,D4A9N5,B5DF91,P62260,P08699,A0A0G2K5U0
8958 Q3V1U8,Q3UFB7,P12023,P05627,P70372,P62259,Q8C253,Q80V62 D3ZDJ3,P35739,P08592,P17325,B5DF91,P62260,P08699,A0A0G2K5U0
8958 A2ABU4,Q3UFB7,P12023,Q61510,P70372,P62259,Q8VHG2,Q80V62 D4A228,P35739,P08592,D4A9N5,B5DF91,P62260,A0A0G2JX94,A0A0G2K5U0
4069 Q5F289,Q3UFB7,Q61510,P31750,P12023,Q80V62,P70372,Q61878 D3ZZ79,P35739,D4A9N5,P47196,P08592,A0A0G2K5U0,B5DF91,G3V729
7451 Q8R1F9,Q3UFB7,P12023,Q61510,P05627,P70372,Q62376,P62259 Q5BK64,P35739,P08592,D4A9N5,P17325,B5DF91,B2RZ74,P62260
7451 Q8R464,Q3UFB7,P12023,Q61510,P05627,P70372,Q9CZN7,P62259 F1M7V6,P35739,P08592,D4A9N5,P17325,B5DF91,Q5U3Z7,P62260
6326 A2BGN7,Q80V62,P05627,P12023,Q61510,Q3UFB7,Q8R317,P70372 Q5BJY8,A0A0G2K5U0,P17325,P08592,D4A9N5,P35739,A0A140TAI1,B5DF91
6326 Q9DBJ6,Q3UFB7,P05627,P12023,Q61510,Q80V62,Q9WUD1,P70372 Q5BJY4,P35739,P17325,P08592,D4A9N5,A0A0G2K5U0,D4A4T0,B5DF91
6326 Q3TPJ7,Q80V62,Q61510,P12023,P05627,Q3UFB7,O35226,P70372 D4AE48,A0A0G2K5U0,D4A9N5,P08592,P17325,P35739,O88321,B5DF91
2420 P29121,P14142,Q61510,Q3UFB7,Q80V62,P70372,P62259,P09535 D3ZKU8,P19357,D4A9N5,P35739,A0A0G2K5U0,B5DF91,P62260,P01346
4366 Q3UFB7,P11680,Q61510,O70263,P12023,Q640R3,P62259,P70372 P35739,B0BNN4,D4A9N5,B6RHI6,P08592,D3ZEI4,P62260,B5DF91
4366 Q80V62,P11680,Q61510,O70263,P12023,Q640R3,P62259,P70372 P35739,B0BNN4,D4A9N5,B6RHI6,P08592,D3ZEI4,P62260,B5DF91
4366 Q3UFB7,Q8BJA2,Q61510,P97477,P12023,Q91YK8,P62259,P70372 P35739,D3ZM22,D4A9N5,Q3MHU2,P08592,O55162,P62260,B5DF91
4366 Q80V62,Q8BJA2,Q61510,P97477,P12023,Q91YK8,P62259,P70372 P35739,D3ZM22,D4A9N5,Q3MHU2,P08592,O55162,P62260,B5DF91
4366 Q80V62,Q8BJA2,Q61510,P97477,P12023,Q91YK8,P62259,P70372 A0A0G2K5U0,D3ZM22,D4A9N5,Q3MHU2,P08592,O55162,P62260,B5DF91
6965 Q8R1F9,P12023,Q80V62,Q3UFB7,P70372,P05627,Q62376,P62259 Q5BK64,P08592,A0A0G2K5U0,P35739,B5DF91,P17325,B2RZ74,P62260
6965 Q8R464,P12023,Q80V62,Q3UFB7,P70372,P05627,Q9CZN7,P62259 F1M7V6,P08592,A0A0G2K5U0,P35739,B5DF91,P17325,Q5U3Z7,P62260
6908 E9Q4F7,P12023,Q80V62,Q3UFB7,P70372,P05627,Q61510,P05480 D3ZSU6,P08592,A0A0G2K5U0,P35739,B5DF91,P17325,D4A9N5,Q9WUD9
6908 Q8VI59,P12023,Q80V62,Q3UFB7,P70372,P05627,Q61510,Q9ERG0 D3ZSQ1,P08592,A0A0G2K5U0,P35739,B5DF91,P17325,D4A9N5,F1LR10
6908 E9QJS7,P12023,Q80V62,Q3UFB7,P70372,P05627,Q61510,P05480 A0A0G2JSI4,P08592,A0A0G2K5U0,P35739,B5DF91,P17325,D4A9N5,Q9WUD9
6908 A2A891,P12023,Q3UFB7,Q80V62,P70372,P05627,Q61510,P07724 Q3KQW8,P08592,P35739,A0A0G2K5U0,B5DF91,P17325,D4A9N5,A0A0G2JSH5
6908 S4R1V8,P12023,Q80V62,Q3UFB7,P70372,P05627,Q61510,P05480 A0A0G2JSI4,P08592,A0A0G2K5U0,P35739,B5DF91,P17325,D4A9N5,Q9WUD9
2350 O35903,P59240,Q80V62,Q61510,P12023,P62259,Q01279,Q9WUT7 Q32PX4,G3V9Y6,P35739,D4A9N5,P08592,P62260,G3V6K6,Q8CH33
2707 P0C192,Q3UFB7,P11276,P12023,Q61510,Q80V62,P70372,Q7TPG5 D3ZSC1,P35739,A0A096P6L8,P08592,D4A9N5,A0A0G2K5U0,B5DF91,B1H244
2707 Q148W0,Q3UFB7,Q9CR60,P12023,Q61510,Q80V62,P70372,Q8BHG3 D4AA47,P35739,B0BNB0,P08592,D4A9N5,A0A0G2K5U0,B5DF91,D3Z9E9
2707 G3UW60,Q3UFB7,P11276,P12023,Q61510,Q80V62,P70372,Q7TPG5 D3ZSC1,P35739,A0A096P6L8,P08592,D4A9N5,A0A0G2K5U0,B5DF91,B1H244
2707 Q8VHP6,Q3UFB7,Q9CR60,P12023,Q61510,Q80V62,P70372,Q8BHG3 Q91XU7,P35739,B0BNB0,P08592,D4A9N5,A0A0G2K5U0,B5DF91,D3Z9E9
2707 A2ANX3,Q3UFB7,Q9CR60,P12023,Q61510,Q80V62,P70372,Q8BHG3 D4AA47,P35739,B0BNB0,P08592,D4A9N5,A0A0G2K5U0,B5DF91,D3Z9E9
2707 Q9WVK5,Q3UFB7,P11276,P12023,Q61510,Q80V62,P70372,Q7TPG5 A0A0G2K9S2,P35739,A0A096P6L8,P08592,D4A9N5,A0A0G2K5U0,B5DF91,B1H244
4452 P12023,Q3UFB7,O08537,Q921E6,Q8BX70,P70372,Q61510,P62259 P08592,P35739,Q59IV8,B5DF02,D4A4K4,B5DF91,D4A9N5,P62260
4166 Q3TTL0,Q80V62,Q61510,Q9JLV5,P12023,Q3UFB7,P70372,Q8CI61 Q66H33,A0A0G2K5U0,D4A9N5,A0A0G2JSP3,P08592,P35739,B5DF91,F1M3K6
4166 P51908,Q80V62,Q61510,Q9JLV5,P12023,Q3UFB7,P70372,Q8CI61 P38483,A0A0G2K5U0,D4A9N5,A0A0G2JSP3,P08592,P35739,B5DF91,F1M3K6
10008 D3Z1Q2,Q3UFB7,Q61510,P05627,P70372,P62259,P12023,P35821 D4AE95,P35739,D4A9N5,P17325,B5DF91,P62260,P08592,P20417
10008 D3Z1Q2,Q80V62,Q61510,P05627,P70372,P62259,P12023,P35821 D4AE95,P35739,D4A9N5,P17325,B5DF91,P62260,P08592,P20417
10008 D3Z1Q2,Q80V62,Q61510,P05627,P70372,P62259,P12023,P35821 D4AE95,A0A0G2K5U0,D4A9N5,P17325,B5DF91,P62260,P08592,P20417
10008 Q91W63,Q3UFB7,Q61510,P05627,P70372,P62259,P12023,Q3UKC1 Q6AY91,P35739,D4A9N5,P17325,B5DF91,P62260,P08592,Q66HA4
10008 Q9ERD8,Q80V62,P05627,Q61510,P70372,P62259,P12023,O55222 D3ZWK2,A0A0G2K5U0,P17325,D4A9N5,B5DF91,P62260,P08592,Q99J82
10008 Q9D976,Q80V62,P05627,Q61510,P70372,P62259,P12023,P61290 D3ZIG2,A0A0G2K5U0,P17325,D4A9N5,B5DF91,P62260,P08592,Q5FVM2
10008 E0CXC6,Q3UFB7,P05627,Q61510,P70372,P62259,P12023,O70435 Q5XIU7,P35739,P17325,D4A9N5,B5DF91,P62260,P08592,P18422
10008 E0CXC6,Q80V62,P05627,Q61510,P70372,P62259,P12023,O70435 Q5XIU7,P35739,P17325,D4A9N5,B5DF91,P62260,P08592,P18422
10008 E0CXC6,Q80V62,P05627,Q61510,P70372,P62259,P12023,O70435 Q5XIU7,A0A0G2K5U0,P17325,D4A9N5,B5DF91,P62260,P08592,P18422
10008 Q91WS4,Q3UFB7,P05627,Q61510,P70372,P62259,P12023,Q6P549 F1LMG2,P35739,P17325,D4A9N5,B5DF91,P62260,P08592,V9GZ88
4972 Q9CQQ0,Q3UFB7,Q61510,P60521,P12023,P70372,P62259,Q8BIV3 G3V8Z7,P35739,D4A9N5,P60522,P08592,B5DF91,P62260,D4A634
4972 A2AWP8,P12023,P70372,P54823,Q3UFB7,Q61510,P62259,Q9D6N5 M0RBM9,P08592,B5DF91,D3ZD73,P35739,D4A9N5,P62260,A0JPP1
4972 A2AWP8,P12023,P70372,P54823,Q80V62,Q61510,P62259,Q9D6N5 M0RBM9,P08592,B5DF91,D3ZD73,P35739,D4A9N5,P62260,A0JPP1
4972 A2AWP8,P12023,P70372,P54823,Q80V62,Q61510,P62259,Q9D6N5 M0RBM9,P08592,B5DF91,D3ZD73,A0A0G2K5U0,D4A9N5,P62260,A0JPP1
4972 Q8BMJ8,P12023,P70372,P62137,Q3UFB7,Q61510,P62259,Q9DBX7 D3ZQL2,P08592,B5DF91,P62138,P35739,D4A9N5,P62260,D3ZIH3
4972 E9QK82,P12023,P70372,P54823,Q3UFB7,Q61510,P62259,Q9CZX5 P06907,P08592,B5DF91,D3ZD73,P35739,D4A9N5,P62260,A4L691
4972 E9QK82,P12023,P70372,P54823,Q80V62,Q61510,P62259,Q9CZX5 P06907,P08592,B5DF91,D3ZD73,P35739,D4A9N5,P62260,A4L691
4972 E9QK82,P12023,P70372,P54823,Q80V62,Q61510,P62259,Q9CZX5 P06907,P08592,B5DF91,D3ZD73,A0A0G2K5U0,D4A9N5,P62260,A4L691
4972 Q0VFX2,P12023,P70372,P54823,Q3UFB7,Q61510,P62259,Q9D6N5 Q4V7B0,P08592,B5DF91,D3ZD73,P35739,D4A9N5,P62260,A0JPP1
4972 Q0VFX2,P12023,P70372,P54823,Q80V62,Q61510,P62259,Q9D6N5 Q4V7B0,P08592,B5DF91,D3ZD73,P35739,D4A9N5,P62260,A0JPP1
4972 Q0VFX2,P12023,P70372,P54823,Q80V62,Q61510,P62259,Q9D6N5 Q4V7B0,P08592,B5DF91,D3ZD73,A0A0G2K5U0,D4A9N5,P62260,A0JPP1
4972 Q9D979,P12023,P70372,P63085,Q3UFB7,Q61510,P62259,Q9D0T2 D4A8L7,P08592,B5DF91,P63086,P35739,D4A9N5,P62260,Q9JIM4
4972 Q9D979,P12023,P70372,P63085,Q3UFB7,Q61510,P62259,Q9D0T2 D4A8L7,P08592,B5DF91,P63086,A0A0G2K5U0,D4A9N5,P62260,Q9JIM4
4972 Q9D979,P12023,P70372,P63085,Q80V62,Q61510,P62259,Q9D0T2 D4A8L7,P08592,B5DF91,P63086,P35739,D4A9N5,P62260,Q9JIM4
4972 Q9D979,P12023,P70372,P63085,Q80V62,Q61510,P62259,Q9D0T2 D4A8L7,P08592,B5DF91,P63086,A0A0G2K5U0,D4A9N5,P62260,Q9JIM4
2739 Q9CQQ0,Q61510,P60521,Q80V62,Q3UFB7,P12023,P70372,Q8BIV3 G3V8Z7,D4A9N5,P60522,A0A0G2K5U0,P35739,P08592,B5DF91,D4A634
2224 P12023,O08537,P48754,Q3UFB7,P70372,Q80V62,Q8BJD1,Q61510 P08592,Q59IV8,G3V8S5,P35739,B5DF91,A0A0G2K5U0,M0RAR2,D4A9N5
6676 Q3UTJ7,P12023,Q80V62,Q3UFB7,P70372,P05627,Q60838,Q61510 Q6AZ60,P08592,A0A0G2K5U0,P35739,B5DF91,P17325,D3ZB71,D4A9N5
6676 B7ZBV9,P12023,Q80V62,Q3UFB7,P70372,P05627,Q4VA93,Q61510 F1M6X3,P08592,A0A0G2K5U0,P35739,B5DF91,P17325,F1LS98,D4A9N5
6676 E9Q4M7,P12023,Q80V62,Q3UFB7,P70372,P05627,Q60838,Q61510 Q6AZ60,P08592,A0A0G2K5U0,P35739,B5DF91,P17325,D3ZB71,D4A9N5
6676 F6UC55,P12023,Q80V62,Q3UFB7,P70372,P05627,Q3TQ39,Q61510 F1M6X3,P08592,A0A0G2K5U0,P35739,B5DF91,P17325,F1LS98,D4A9N5
8929 A2ARI4,Q3UFB7,P12023,Q61510,P70372,P62259,O35310,Q8VEK3 Q9Z2H4,P35739,P08592,D4A9N5,B5DF91,P62260,G3V7E2,Q6IMY8
8929 A2ARI4,Q80V62,P12023,Q61510,P70372,P62259,O35310,Q8VEK3 Q9Z2H4,P35739,P08592,D4A9N5,B5DF91,P62260,G3V7E2,Q6IMY8
1666 P12023,Q9JHG1,Q3UFB7,P39428,P02340,P70372,Q64323,P62259 P08592,B2GUT8,P35739,M0R5V5,P10361,B5DF91,D4AAY7,P62260
1666 P12023,Q5M9N4,Q3UFB7,P39428,P02340,P70372,Q64323,P62259 P08592,B2GUT8,P35739,M0R5V5,P10361,B5DF91,D4AAY7,P62260
1666 P12023,Q5M9N4,Q3UFB7,P39428,P02340,P70372,Q64323,P62259 P08592,D4A0Z0,P35739,M0R5V5,P10361,B5DF91,D4AAY7,P62260
1666 P12023,Q9D1C3,Q3UFB7,P39428,P02340,P70372,Q64323,P62259 P08592,Q5U1Z8,P35739,M0R5V5,P10361,B5DF91,D4AAY7,P62260
1666 P12023,Q8JZL2,Q3UFB7,Q62158,P02340,P70372,Q9CQG3,P62259 P08592,P97639,P35739,B5DFI5,P10361,B5DF91,Q7TSV3,P62260
7363 O08804,Q80V62,P12023,P05627,Q61510,P70372,O55222,P62259 F7F6T5,A0A0G2K5U0,P08592,P17325,D4A9N5,B5DF91,Q99J82,P62260
7363 Q8BGN2,Q3UFB7,P12023,P05627,Q61510,P70372,Q3UA06,P62259 Q5M845,P35739,P08592,P17325,D4A9N5,B5DF91,Q5XHZ9,P62260
7363 Q8BGN2,Q80V62,P12023,P05627,Q61510,P70372,Q3UA06,P62259 Q5M845,P35739,P08592,P17325,D4A9N5,B5DF91,Q5XHZ9,P62260
7363 Q8BGN2,Q80V62,P12023,P05627,Q61510,P70372,Q3UA06,P62259 Q5M845,A0A0G2K5U0,P08592,P17325,D4A9N5,B5DF91,Q5XHZ9,P62260
7363 Q9D1M4,Q3UFB7,P12023,Q61510,P05627,P70372,Q68FL6,P62259 B2RYN3,P35739,P08592,D4A9N5,P17325,B5DF91,D3Z941,P62260
7363 Q9D1M4,Q80V62,P12023,Q61510,P05627,P70372,Q68FL6,P62259 B2RYN3,P35739,P08592,D4A9N5,P17325,B5DF91,D3Z941,P62260
7363 Q9D1M4,Q80V62,P12023,Q61510,P05627,P70372,Q68FL6,P62259 B2RYN3,A0A0G2K5U0,P08592,D4A9N5,P17325,B5DF91,D3Z941,P62260
6659 P12023,O08804,Q3UFB7,P70372,Q80V62,O55222,Q61510,P62259 P08592,F7F6T5,P35739,B5DF91,A0A0G2K5U0,Q99J82,D4A9N5,P62260
6741 Q9WUC3,P12023,Q80V62,Q3UFB7,P70372,Q61510,Q61062,P62259 F1LNW6,P08592,A0A0G2K5U0,P35739,B5DF91,D4A9N5,D4ADV8,P62260
6741 Q8R1N0,P12023,Q80V62,Q3UFB7,P70372,P05627,A0A0B4J1E2,P62259 Q3MHS2,P08592,A0A0G2K5U0,P35739,B5DF91,P17325,D4A8G7,P62260
7387 Q9WUC3,Q3UFB7,P12023,P05627,Q61510,P70372,Q61062,P62259 F1LNW6,P35739,P08592,P17325,D4A9N5,B5DF91,D4ADV8,P62260
7387 Q8R1N0,Q3UFB7,P12023,Q61510,P05627,P70372,A0A0B4J1E2,P62259 Q3MHS2,P35739,P08592,D4A9N5,P17325,B5DF91,D4A8G7,P62260
6740 Q80V62,Q9WUC3,P12023,P05627,Q61510,Q61062,P70372,P62259 A0A0G2K5U0,F1LNW6,P08592,P17325,D4A9N5,D4ADV8,B5DF91,P62260
6740 Q80V62,Q8R1N0,P12023,Q61510,P05627,A0A0B4J1E2,P70372,P62259 A0A0G2K5U0,Q3MHS2,P08592,D4A9N5,P17325,D4A8G7,B5DF91,P62260
6740 Q3UFB7,Q9D0A3,P12023,P05627,Q61510,Q9CPW4,P70372,P62259 P35739,D4A1B2,P08592,P17325,D4A9N5,Q4KLF8,B5DF91,P62260
6740 Q80V62,Q9D0A3,P12023,P05627,Q61510,Q9CPW4,P70372,P62259 P35739,D4A1B2,P08592,P17325,D4A9N5,Q4KLF8,B5DF91,P62260
6740 Q80V62,Q9D0A3,P12023,P05627,Q61510,Q9CPW4,P70372,P62259 A0A0G2K5U0,D4A1B2,P08592,P17325,D4A9N5,Q4KLF8,B5DF91,P62260
6862 Q5SSH7,P12023,Q3UFB7,Q80V62,P70372,Q61510,Q80WM7,P01108 D3ZG78,P08592,P35739,A0A0G2K5U0,B5DF91,D4A9N5,D4AB49,P09416
6862 P68500,P12023,Q3UFB7,Q80V62,P70372,Q61510,A0A0R4IZZ1,P01108 F1M173,P08592,P35739,A0A0G2K5U0,B5DF91,D4A9N5,F1LRS5,P09416
7242 Q3UFB7,Q80VA0,P05627,P12023,Q61510,Q61532,P70372,P62259 P35739,Q9R0C5,P17325,P08592,D4A9N5,P27704,B5DF91,P62260
7242 Q80V62,Q80VA0,P05627,P12023,Q61510,Q61532,P70372,P62259 P35739,Q9R0C5,P17325,P08592,D4A9N5,P27704,B5DF91,P62260
7242 Q80V62,Q80VA0,P05627,P12023,Q61510,Q61532,P70372,P62259 A0A0G2K5U0,Q9R0C5,P17325,P08592,D4A9N5,P27704,B5DF91,P62260
7242 Q3UFB7,P13634,P05627,P12023,Q61510,Q61532,P70372,P62259 P35739,B0BNN3,P17325,P08592,D4A9N5,P27704,B5DF91,P62260
7242 Q80V62,P13634,P05627,P12023,Q61510,Q61532,P70372,P62259 P35739,B0BNN3,P17325,P08592,D4A9N5,P27704,B5DF91,P62260
7242 Q80V62,P13634,P05627,P12023,Q61510,Q61532,P70372,P62259 A0A0G2K5U0,B0BNN3,P17325,P08592,D4A9N5,P27704,B5DF91,P62260
7222 Q3UFB7,Q78YZ6,Q61510,P12023,P05627,Q91Y86,P70372,P62259 P35739,Q5RJZ6,D4A9N5,P08592,P17325,F1LP66,B5DF91,P62260
7222 Q80V62,Q78YZ6,Q61510,P12023,P05627,Q91Y86,P70372,P62259 P35739,Q5RJZ6,D4A9N5,P08592,P17325,F1LP66,B5DF91,P62260
7222 Q80V62,Q3TY60,Q61510,P12023,P05627,P97477,P70372,P62259 P35739,F8WFH6,D4A9N5,P08592,P17325,Q3MHU2,B5DF91,P62260
7222 Q3UFB7,Q8BG99,Q61510,P12023,P05627,P01101,P70372,P62259 P35739,A0A096MJK1,D4A9N5,P08592,P17325,P12841,B5DF91,P62260
7222 Q80V62,Q8BG99,Q61510,P12023,P05627,P01101,P70372,P62259 P35739,A0A096MJK1,D4A9N5,P08592,P17325,P12841,B5DF91,P62260
9141 E9Q156,Q3UFB7,P12023,P05627,P70372,P62259,Q61510,Q9WTM5 D4A0Q3,P35739,P08592,P17325,B5DF91,P62260,D4A9N5,G3V8T5
9141 E9Q156,Q80V62,P12023,P05627,P70372,P62259,Q61510,Q9WTM5 D4A0Q3,P35739,P08592,P17325,B5DF91,P62260,D4A9N5,G3V8T5
9141 E9Q156,Q80V62,P12023,P05627,P70372,P62259,Q61510,Q9WTM5 D4A0Q3,A0A0G2K5U0,P08592,P17325,B5DF91,P62260,D4A9N5,G3V8T5
9141 F7AC58,Q3UFB7,P12023,P05627,P70372,P62259,Q61510,Q9WV55 A0A0G2JWS3,P35739,P08592,P17325,B5DF91,P62260,D4A9N5,Q9Z270
9141 F7AC58,Q80V62,P12023,P05627,P70372,P62259,Q61510,Q9WV55 A0A0G2JWS3,P35739,P08592,P17325,B5DF91,P62260,D4A9N5,Q9Z270
9141 Q8VCR3,Q3UFB7,P12023,P05627,P70372,P62259,Q61510,O35226 D4A7K0,P35739,P08592,P17325,B5DF91,P62260,D4A9N5,O88321
9141 E9Q1H7,Q3UFB7,P12023,P05627,P70372,P62259,Q61510,Q9WTM5 D4A0Q3,P35739,P08592,P17325,B5DF91,P62260,D4A9N5,G3V8T5
9141 E9Q1H7,Q80V62,P12023,P05627,P70372,P62259,Q61510,Q9WTM5 D4A0Q3,P35739,P08592,P17325,B5DF91,P62260,D4A9N5,G3V8T5
9141 E9Q1H7,Q80V62,P12023,P05627,P70372,P62259,Q61510,Q9WTM5 D4A0Q3,A0A0G2K5U0,P08592,P17325,B5DF91,P62260,D4A9N5,G3V8T5
7562 O89013,Q80V62,P12023,P05627,Q61510,P62259,Q9DD03,P70372 Q9JLS8,A0A0G2K5U0,P08592,P17325,D4A9N5,P62260,P35286,B5DF91
7562 Q91ZD1,Q3UFB7,P12023,P05627,Q61510,P62259,O70435,P70372 Q6AY34,P35739,P08592,P17325,D4A9N5,P62260,P18422,B5DF91
7562 Q91ZD1,Q80V62,P12023,P05627,Q61510,P62259,O70435,P70372 Q6AY34,P35739,P08592,P17325,D4A9N5,P62260,P18422,B5DF91
7562 Q91ZD1,Q80V62,P12023,P05627,Q61510,P62259,O70435,P70372 Q6AY34,A0A0G2K5U0,P08592,P17325,D4A9N5,P62260,P18422,B5DF91
7925 Q9CZ69,P12023,Q80V62,Q3UFB7,Q61510,P62259,A0A0R4J187,P70372 Q7TNZ9,P08592,A0A0G2K5U0,P35739,D4A9N5,P62260,Q6AZ64,B5DF91
7925 Q9CZ69,P12023,Q80V62,Q3UFB7,Q61510,P62259,A0A0R4J187,P70372 Q7TNZ9,P08592,A0A0G2K5U0,P35739,P17325,P62260,Q6AZ64,B5DF91
7925 Q9CZ69,P12023,Q80V62,Q3UFB7,P05627,P62259,A0A0R4J187,P70372 Q7TNZ9,P08592,A0A0G2K5U0,P35739,D4A9N5,P62260,Q6AZ64,B5DF91
7925 Q9CZ69,P12023,Q80V62,Q3UFB7,P05627,P62259,A0A0R4J187,P70372 Q7TNZ9,P08592,A0A0G2K5U0,P35739,P17325,P62260,Q6AZ64,B5DF91
7925 O89013,P12023,Q3UFB7,Q80V62,Q61510,P62259,Q9DD03,P70372 Q9JLS8,P08592,P35739,A0A0G2K5U0,D4A9N5,P62260,P35286,B5DF91
1278 Q3UFB7,P97766,Q3UIL6,P12023,Q61510,Q8BVR6,P43021,P70372 P35739,F1LV65,A0A0G2K6Z8,P08592,D4A9N5,A0A0G2K1G4,D3ZGK9,B5DF91
1278 Q3UFB7,P97766,Q3UIL6,P12023,Q61510,Q8BVR6,P43021,P70372 P35739,D3ZGN3,A0A0G2K6Z8,P08592,D4A9N5,A0A0G2K1G4,D3ZGK9,B5DF91
1278 Q3UFB7,Q76LW6,Q3UIL6,P12023,Q61510,Q8BVR6,P43021,P70372 P35739,F1LV65,A0A0G2K6Z8,P08592,D4A9N5,A0A0G2K1G4,D3ZGK9,B5DF91
1278 Q3UFB7,Q76LW6,Q3UIL6,P12023,Q61510,Q8BVR6,P43021,P70372 P35739,D3ZGN3,A0A0G2K6Z8,P08592,D4A9N5,A0A0G2K1G4,D3ZGK9,B5DF91
4071 Q8VEI3,Q80V62,Q61510,P05480,P12023,Q3UFB7,P70372,P97318 A0A0G2JSP4,A0A0G2K5U0,D4A9N5,Q9WUD9,P08592,P35739,B5DF91,Q8CJH2
4071 Q9JM51,Q80V62,Q61510,P05480,P12023,Q3UFB7,P70372,Q62053 Q9JHF3,A0A0G2K5U0,D4A9N5,Q9WUD9,P08592,P35739,B5DF91,Q62928
4071 Q9JKV9,Q3UFB7,Q61510,Q06890,P12023,Q80V62,P70372,E9Q9A6 D3ZFI7,P35739,D4A9N5,G3V836,P08592,A0A0G2K5U0,B5DF91,B8K1X9
4071 Q9JKV9,Q3UFB7,Q61510,Q06890,P12023,Q80V62,P70372,E9Q9A6 D4A2T8,P35739,D4A9N5,G3V836,P08592,A0A0G2K5U0,B5DF91,B8K1X9
4071 Q8CJ70,Q3UFB7,Q61510,Q06890,P12023,Q80V62,P70372,E9Q9A6 D3ZFI7,P35739,D4A9N5,G3V836,P08592,A0A0G2K5U0,B5DF91,B8K1X9
4071 Q8CJ70,Q3UFB7,Q61510,Q06890,P12023,Q80V62,P70372,E9Q9A6 D4A2T8,P35739,D4A9N5,G3V836,P08592,A0A0G2K5U0,B5DF91,B8K1X9
2316 Q8BMJ8,P12023,P62137,Q80V62,P70372,Q3UFB7,Q61510,Q9DBX7 D3ZQL2,P08592,P62138,A0A0G2K5U0,B5DF91,P35739,D4A9N5,D3ZIH3
2316 Q920H1,D3YXF5,Q6ZPL9,Q61510,P62259,P12023,Q3UFB7,Q60754 Q71MM7,A0A0G2K7X7,D3ZX56,D4A9N5,P62260,P08592,P35739,M0R9F7
1734 D3YYZ1,Q9WVB0,P12023,Q3UFB7,P70372,Q61510,Q80V62,Q3UZZ4 D4A460,F1M9Y9,P08592,P35739,B5DF91,D4A9N5,A0A0G2K5U0,D3ZMI6
4370 Q3UFB7,P18762,P12023,Q8CG64,Q61510,Q78IQ7,P62259,Q60631 P35739,Q8VBU7,P08592,Q4KLJ4,D4A9N5,A0A0H2UHY4,P62260,P62994
4370 Q80V62,P18762,P12023,Q8CG64,Q61510,Q78IQ7,P62259,Q60631 P35739,Q8VBU7,P08592,Q4KLJ4,D4A9N5,A0A0H2UHY4,P62260,P62994
4370 Q61510,Q91YI4,Q80V62,Q5U4C1,Q3UFB7,P35377,P70372,P62259 D4A9N5,P29067,A0A0G2K5U0,M0R9R0,P35739,P35370,B5DF91,P62260
8998 A0A0R4J1E4,P12023,Q3UFB7,P70372,P05627,P62259,Q60722,Q61510 Q6IE50,P08592,P35739,B5DF91,P17325,P62260,A0A0G2JWU7,D4A9N5
8998 Q6NVG5,P12023,Q3UFB7,P70372,P05627,P62259,P35821,Q61510 D4A9U9,P08592,P35739,B5DF91,P17325,P62260,P20417,D4A9N5
8998 Q6NVG5,P12023,Q80V62,P70372,P05627,P62259,P35821,Q61510 D4A9U9,P08592,P35739,B5DF91,P17325,P62260,P20417,D4A9N5
8998 Q6NVG5,P12023,Q80V62,P70372,P05627,P62259,P35821,Q61510 D4A9U9,P08592,A0A0G2K5U0,B5DF91,P17325,P62260,P20417,D4A9N5
8998 D3Z3A3,P12023,Q3UFB7,P70372,P05627,P62259,Q60722,Q61510 Q6IE50,P08592,P35739,B5DF91,P17325,P62260,A0A0G2JWU7,D4A9N5
9045 Q6NSU3,P12023,Q3UFB7,P70372,Q61510,P62259,Q6NVF0,Q80V62 Q6AYF6,P08592,P35739,B5DF91,D4A9N5,P62260,D3ZGS3,A0A0G2K5U0
9045 Q6NSU3,P12023,Q3UFB7,P70372,P05627,P62259,Q6NVF0,Q80V62 Q6AYF6,P08592,P35739,B5DF91,P17325,P62260,D3ZGS3,A0A0G2K5U0
1722 Q921D9,Q99JX7,P12023,Q3UFB7,P70372,Q61510,Q80V62,Q8BMU0 A0A0G2JTY1,F1MA52,P08592,P35739,B5DF91,D4A9N5,A0A0G2K5U0,F1LNL6
1722 Q91WA9,Q04207,P12023,Q80V62,P70372,Q61510,Q3UFB7,Q64343 D3ZCM3,Q7TQN4,P08592,A0A0G2K5U0,B5DF91,D4A9N5,P35739,G3V642
1722 Q8JZM6,Q99JX7,P12023,Q3UFB7,P70372,Q61510,Q80V62,Q793I8 Q5BK67,F1MA52,P08592,P35739,B5DF91,D4A9N5,A0A0G2K5U0,Q5XIB9
8931 P63277,Q3UFB7,P12023,Q61510,P70372,P62259,Q91V79,P62137 P63278,P35739,P08592,D4A9N5,B5DF91,P62260,D3ZIQ3,P62138
8931 O88554,Q80V62,P12023,Q61510,P70372,P62259,Q0VDY1,P48754 G3V749,A0A0G2K5U0,P08592,D4A9N5,B5DF91,P62260,D3ZSJ1,G3V8S5
8931 O88554,Q80V62,P12023,Q61510,P70372,P62259,Q8CI52,P48754 G3V749,A0A0G2K5U0,P08592,D4A9N5,B5DF91,P62260,D4A135,G3V8S5
8931 Q9JMB7,P12023,Q80V62,P70372,Q61510,P62259,P61407,Q9JLV5 A0A140TA97,P08592,A0A0G2K5U0,B5DF91,D4A9N5,P62260,D3Z9I3,A0A0G2JSP3
3731 P12023,O08537,Q3UFB7,Q921E6,Q80V62,P70372,Q8BX70,Q61510 P08592,Q59IV8,P35739,B5DF02,A0A0G2K5U0,B5DF91,D4A4K4,D4A9N5
9139 Q9JIY0,Q3UFB7,P12023,Q61510,P70372,P62259,P05627,P70196 A0A0G2KBB3,P35739,P08592,D4A9N5,B5DF91,P62260,P17325,B5DF45
9139 Q9JIY0,Q80V62,P12023,Q61510,P70372,P62259,P05627,P70196 A0A0G2KBB3,P35739,P08592,D4A9N5,B5DF91,P62260,P17325,B5DF45
4334 P12023,Q3UFB7,Q3U4G0,P02340,Q9CQE6,P70372,Q61510,P62259 P08592,P35739,D3ZYC4,P10361,D3ZFM1,B5DF91,D4A9N5,P62260
4334 P12023,Q3UFB7,Q3U4G0,P02340,Q9CQE6,P70372,Q61510,P62259 P08592,A0A0G2K5U0,D3ZYC4,P10361,D3ZFM1,B5DF91,D4A9N5,P62260
4334 P12023,Q80V62,Q3U4G0,P02340,Q9CQE6,P70372,Q61510,P62259 P08592,P35739,D3ZYC4,P10361,D3ZFM1,B5DF91,D4A9N5,P62260
4334 P12023,Q80V62,Q3U4G0,P02340,Q9CQE6,P70372,Q61510,P62259 P08592,A0A0G2K5U0,D3ZYC4,P10361,D3ZFM1,B5DF91,D4A9N5,P62260
4334 P12023,Q3UFB7,P28700,P02340,Q64441,P70372,Q61510,P62259 P08592,P35739,Q0VJ96,P10361,Q09128,B5DF91,D4A9N5,P62260
4334 P12023,Q80V62,P28700,P02340,Q64441,P70372,Q61510,P62259 P08592,P35739,Q0VJ96,P10361,Q09128,B5DF91,D4A9N5,P62260
4334 Q3UFB7,P12023,P35456,P48754,Q9JMI7,Q61510,P70372,P62259 P35739,P08592,M0R3P2,G3V8S5,G3V8N9,D4A9N5,B5DF91,P62260
4334 P12023,Q80V62,G5E872,Q9WTX6,Q8VEJ3,P70372,Q61510,P62259 P08592,A0A0G2K5U0,M0RA44,B1WBY1,D4ADQ6,B5DF91,D4A9N5,P62260
4334 Q3UFB7,P12023,Q99LU8,A0A0R4IZW5,Q8R007,Q61510,P70372,P62259 P35739,P08592,Q7TP28,Q9R0T4,D3ZET1,D4A9N5,B5DF91,P62260
4334 Q3UFB7,P12023,Q99LU8,A0A0R4IZW5,Q8R007,Q61510,P70372,P62259 A0A0G2K5U0,P08592,Q7TP28,Q9R0T4,D3ZET1,D4A9N5,B5DF91,P62260
4334 Q80V62,P12023,Q99LU8,A0A0R4IZW5,Q8R007,Q61510,P70372,P62259 P35739,P08592,Q7TP28,Q9R0T4,D3ZET1,D4A9N5,B5DF91,P62260
4334 Q80V62,P12023,Q99LU8,A0A0R4IZW5,Q8R007,Q61510,P70372,P62259 A0A0G2K5U0,P08592,Q7TP28,Q9R0T4,D3ZET1,D4A9N5,B5DF91,P62260
8748 Q3UFB7,P05627,Q32NY8,Q61069,P12023,Q61510,P62259,P70372 P35739,P17325,A0A0G2JYQ8,O35410,P08592,D4A9N5,P62260,B5DF91
8748 Q80V62,P05627,Q32NY8,Q61069,P12023,Q61510,P62259,P70372 P35739,P17325,A0A0G2JYQ8,O35410,P08592,D4A9N5,P62260,B5DF91
8748 Q80V62,P05627,Q32NY8,Q61069,P12023,Q61510,P62259,P70372 A0A0G2K5U0,P17325,A0A0G2JYQ8,O35410,P08592,D4A9N5,P62260,B5DF91
11298 Q9DB43,P12023,P70372,Q61510,P05627,P62259,Q80V62,Q9WV55 M0RCA3,P08592,B5DF91,D4A9N5,P17325,P62260,A0A0G2K5U0,Q9Z270
11298 E9Q3H6,P12023,P70372,Q61510,P05627,P62259,Q3UFB7,O35459 D3ZX74,P08592,B5DF91,D4A9N5,P17325,P62260,P35739,Q62651
6426 P12850,Q3UFB7,B2RWS6,P12023,Q61510,P70372,P62259,P18828 G3V6C6,P35739,A0A0G2QC09,P08592,D4A9N5,B5DF91,P62260,P26260
6426 P12850,Q3UFB7,B2RWS6,P12023,Q61510,P70372,P62259,P18828 G3V6C6,A0A0G2K5U0,A0A0G2QC09,P08592,D4A9N5,B5DF91,P62260,P26260
6426 P12850,Q80V62,B2RWS6,P12023,Q61510,P70372,P62259,P18828 G3V6C6,P35739,A0A0G2QC09,P08592,D4A9N5,B5DF91,P62260,P26260
6426 P12850,Q80V62,B2RWS6,P12023,Q61510,P70372,P62259,P18828 G3V6C6,A0A0G2K5U0,A0A0G2QC09,P08592,D4A9N5,B5DF91,P62260,P26260
6426 Q562E2,Q3UFB7,Q8BUN5,P12023,Q61510,P70372,P62259,Q3ULW6 F1LYX1,P35739,P84025,P08592,D4A9N5,B5DF91,P62260,Q5XIR4
6426 Q562E2,Q3UFB7,Q8BUN5,P12023,Q61510,P70372,P62259,Q3ULW6 F1LYX1,A0A0G2K5U0,P84025,P08592,D4A9N5,B5DF91,P62260,Q5XIR4
6426 Q562E2,Q80V62,Q8BUN5,P12023,Q61510,P70372,P62259,Q3ULW6 F1LYX1,P35739,P84025,P08592,D4A9N5,B5DF91,P62260,Q5XIR4
6426 Q562E2,Q80V62,Q8BUN5,P12023,Q61510,P70372,P62259,Q3ULW6 F1LYX1,A0A0G2K5U0,P84025,P08592,D4A9N5,B5DF91,P62260,Q5XIR4
8150 Q61510,Q9Z0Y2,Q80V62,Q3UFB7,P98200,Q6PAJ1,P70372,P62259 D4A9N5,P04055,A0A0G2K5U0,P35739,D4A3X6,F1LXF1,B5DF91,P62260
2201 P12023,Q8BHA9,P48754,Q3UFB7,P70372,Q80V62,P97370,Q61510 P08592,Q66H78,G3V8S5,P35739,B5DF91,A0A0G2K5U0,Q63377,D4A9N5
2201 P12023,Q61826,P48754,Q3UFB7,P70372,Q80V62,A2A5R2,Q61510 P08592,O70540,G3V8S5,P35739,B5DF91,A0A0G2K5U0,Q7TSU1,D4A9N5
2201 P12023,B7ZCC9,P48754,Q3UFB7,P70372,Q80V62,Q9D3R3,Q61510 P08592,A0A0G2JXP6,G3V8S5,P35739,B5DF91,A0A0G2K5U0,D3ZVQ1,D4A9N5
4068 Q9DBP0,Q3UFB7,Q61510,P31750,P12023,Q80V62,P70372,P15920 A0A0H2UHZ0,P35739,D4A9N5,P47196,P08592,A0A0G2K5U0,B5DF91,Q3B7D3
4068 P12023,Q3UFB7,P35456,P48754,Q9JMI7,Q80V62,P70372,Q61510 P08592,P35739,M0R3P2,G3V8S5,G3V8N9,A0A0G2K5U0,B5DF91,D4A9N5
4834 Q3UFB7,Q61510,P02340,P70377,P49769,P12023,P70372,P62259 P35739,D4A9N5,P10361,Q9ERW3,P97887,P08592,B5DF91,P62260
4834 Q80V62,Q61510,P02340,P70377,P49769,P12023,P70372,P62259 P35739,D4A9N5,P10361,Q9ERW3,P97887,P08592,B5DF91,P62260
4834 Q80V62,Q61510,P02340,P70377,P49769,P12023,P70372,P62259 A0A0G2K5U0,D4A9N5,P10361,Q9ERW3,P97887,P08592,B5DF91,P62260
6274 P12023,O54864,Q3UFB7,Q80V62,P70372,Q9Z1D8,Q61510,P01108 P08592,G3V6S6,P35739,A0A0G2K5U0,B5DF91,A0A0G2K008,D4A9N5,P09416
6485 Q8CAB8,P12023,Q80V62,Q3UFB7,Q8VEE4,Q61510,P62259,Q8VE19 G3V665,P08592,A0A0G2K5U0,P35739,Q7TP21,D4A9N5,P62260,D3Z9C0
6485 Q9CWQ8,P12023,Q80V62,Q3UFB7,Q8VEE4,Q61510,P62259,Q8VE19 Q5BJZ0,P08592,A0A0G2K5U0,P35739,Q7TP21,D4A9N5,P62260,D3Z9C0
9057 B7ZBV9,P12023,Q3UFB7,P70372,P05627,P62259,Q4VA93,Q61510 F1M6X3,P08592,P35739,B5DF91,P17325,P62260,F1LS98,D4A9N5
9057 F6UC55,P12023,Q3UFB7,P70372,P05627,P62259,Q3TQ39,Q61510 F1M6X3,P08592,P35739,B5DF91,P17325,P62260,F1LS98,D4A9N5
6413 Q8R2G4,Q3UFB7,P12023,Q61510,P01108,Q80V62,P70372,A2ANY6 Q6AYJ9,P35739,P08592,D4A9N5,P09416,A0A0G2K5U0,B5DF91,A0A0G2K9L9
8509 P58659,P70372,P12023,P70196,Q80V62,P62259,Q61510,P36898 D4A895,B5DF91,P08592,B5DF45,P35739,P62260,D4A9N5,M0R3J4
11297 A2ABU4,P12023,P70372,Q61510,P05627,P62259,Q80V62,Q8VHG2 D4A228,P08592,B5DF91,D4A9N5,P17325,P62260,A0A0G2K5U0,A0A0G2JX94
3836 A2AQ52,A0A0R4J0T0,Q3UFB7,Q61510,P62259,P97310,P12023,Q9Z1W9 Q5PQV1,D3ZME7,P35739,D4A9N5,P62260,D3ZP96,P08592,O88506
3836 A2AQ52,A0A0R4J0T0,Q80V62,Q61510,P62259,P97310,P12023,Q9Z1W9 Q5PQV1,D3ZME7,P35739,D4A9N5,P62260,D3ZP96,P08592,O88506
3836 E9PYR6,A0A0R4J0T0,Q3UFB7,Q61510,P62259,P97310,P12023,Q9Z1W9 Q9ERC5,D3ZME7,P35739,D4A9N5,P62260,D3ZP96,P08592,O88506
3836 E9PYR6,A0A0R4J0T0,Q80V62,Q61510,P62259,P97310,P12023,Q9Z1W9 Q9ERC5,D3ZME7,P35739,D4A9N5,P62260,D3ZP96,P08592,O88506
3836 Q9D7F2,A0A0R4J0T0,Q3UFB7,Q61510,P62259,Q9CQV8,P12023,Q99LM2 D3ZUF1,D3ZME7,P35739,D4A9N5,P62260,P35213,P08592,Q642E3
3836 Q9D7F2,A0A0R4J0T0,Q80V62,Q61510,P62259,Q9CQV8,P12023,Q99LM2 D3ZUF1,D3ZME7,P35739,D4A9N5,P62260,P35213,P08592,Q642E3
3836 Q9ESF1,A0A0R4J0T0,Q3UFB7,Q61510,P62259,P97310,P12023,Q9Z1W9 Q9ERC5,D3ZME7,P35739,D4A9N5,P62260,D3ZP96,P08592,O88506
3836 Q9ESF1,A0A0R4J0T0,Q80V62,Q61510,P62259,P97310,P12023,Q9Z1W9 Q9ERC5,D3ZME7,P35739,D4A9N5,P62260,D3ZP96,P08592,O88506
3836 Q80YE4,A0A0R4J0T0,Q3UFB7,Q61510,P62259,P97310,P12023,Q9Z1W9 Q9ERC5,D3ZME7,P35739,D4A9N5,P62260,D3ZP96,P08592,O88506
3836 Q80YE4,A0A0R4J0T0,Q80V62,Q61510,P62259,P97310,P12023,Q9Z1W9 Q9ERC5,D3ZME7,P35739,D4A9N5,P62260,D3ZP96,P08592,O88506
6635 P12023,P32443,Q80V62,P70372,Q3UFB7,P20181,Q61510,P70196 P08592,G3V6T9,A0A0G2K5U0,B5DF91,P35739,P18280,D4A9N5,B5DF45
1325 Q3UFB7,P02340,O35679,Q61510,P12023,Q3TD49,P49769,P70372 P35739,P10361,E9PU35,D4A9N5,P08592,Q5PQL3,P97887,B5DF91
1325 Q3UFB7,P02340,Q8K249,Q61510,P12023,Q3TD49,P49769,P70372 P35739,P10361,E9PU35,D4A9N5,P08592,Q5PQL3,P97887,B5DF91
1325 Q3UFB7,P02340,Q8K249,Q61510,P12023,Q3TD49,P49769,P70372 P35739,P10361,D0V9T4,D4A9N5,P08592,Q5PQL3,P97887,B5DF91
6911 Q9ES74,P12023,Q80V62,Q3UFB7,P70372,P05627,Q61510,Q07832 D3ZBE5,P08592,A0A0G2K5U0,P35739,B5DF91,P17325,D4A9N5,A0A140TAD2
8193 Q3UFB7,P32443,P12023,Q61510,F8VPK8,P70372,P62259,P70196 P35739,G3V6T9,P08592,D4A9N5,F1LS01,B5DF91,P62260,B5DF45
8193 Q80V62,P32443,P12023,Q61510,F8VPK8,P70372,P62259,P70196 P35739,G3V6T9,P08592,D4A9N5,F1LS01,B5DF91,P62260,B5DF45
8193 Q80V62,P32443,P12023,Q61510,F8VPK8,P70372,P62259,P70196 A0A0G2K5U0,G3V6T9,P08592,D4A9N5,F1LS01,B5DF91,P62260,B5DF45
7083 Q14DH7,Q3UFB7,P12023,P23804,Q61510,P70372,P62259,Q8CFE2 A0A0G2K047,P35739,P08592,A0A0G2JVC1,D4A9N5,B5DF91,P62260,D3ZMN2
7083 A2RRY8,Q80V62,P12023,Q61532,Q61510,P70372,P62259,Q3ULF4 A0A0G2K8X4,A0A0G2K5U0,P08592,P27704,D4A9N5,B5DF91,P62260,Q7TT47
7083 Q9JKQ4,P12023,Q3UFB7,Q8VEE4,P70372,Q61510,P62259,Q9D842 A0A0G2K2M1,P08592,P35739,Q7TP21,B5DF91,D4A9N5,P62260,F6Q5G6
7083 Q9JKQ4,P12023,Q80V62,Q8VEE4,P70372,Q61510,P62259,Q9D842 A0A0G2K2M1,P08592,P35739,Q7TP21,B5DF91,D4A9N5,P62260,F6Q5G6
7083 Q9JKQ4,P12023,Q80V62,Q8VEE4,P70372,Q61510,P62259,Q9D842 A0A0G2K2M1,P08592,A0A0G2K5U0,Q7TP21,B5DF91,D4A9N5,P62260,F6Q5G6
6527 Q14DH7,P12023,Q80V62,Q3UFB7,P70372,P23804,P62259,Q8CFE2 A0A0G2K047,P08592,A0A0G2K5U0,P35739,B5DF91,A0A0G2JVC1,P62260,D3ZMN2
6527 A2RRY8,P12023,Q3UFB7,Q80V62,P70372,Q61532,P62259,Q3ULF4 A0A0G2K8X4,P08592,P35739,A0A0G2K5U0,B5DF91,P27704,P62260,Q7TT47
9134 A2ACG1,Q3UFB7,P12023,P05627,P70372,P62259,Q61510,Q60676 D3ZQ38,P35739,P08592,P17325,B5DF91,P62260,D4A9N5,P53042
6909 A2ACG1,P12023,Q80V62,Q3UFB7,P70372,P05627,Q61510,Q60676 D3ZQ38,P08592,A0A0G2K5U0,P35739,B5DF91,P17325,D4A9N5,P53042
2202 Q3UFB7,A2A259,Q923E4,P12023,Q61510,P05627,P13412,P70372 P35739,D3ZDT6,A0A182DWI7,P08592,D4A9N5,P17325,P27768,B5DF91
5078 Q80V62,Q61510,Q9QZ26,P05480,Q03717,P12023,P70372,P62259 A0A0G2K5U0,D4A9N5,A5HKJ1,Q9WUD9,A0A0H2UI34,P08592,B5DF91,P62260
5078 Q3UFB7,Q61510,Q8BHG3,P07724,Q9EQS9,P12023,P70372,P62259 P35739,D4A9N5,D3Z9E9,A0A0G2JSH5,F7EL93,P08592,B5DF91,P62260
4192 Q3UFB7,Q61510,Q6Y4S4,Q6PGH1,Q9R0S2,P05627,P12023,P62259 P35739,D4A9N5,Q7TSB7,O70454,A0A0G2KA10,P17325,P08592,P62260
4192 Q80V62,Q61510,Q6Y4S4,Q6PGH1,Q9R0S2,P05627,P12023,P62259 P35739,D4A9N5,Q7TSB7,O70454,A0A0G2KA10,P17325,P08592,P62260
4191 Q3UFB7,Q61510,Q6Y4S4,Q6PGH1,Q9R0S2,P05627,P12023,P70372 P35739,D4A9N5,Q7TSB7,O70454,A0A0G2KA10,P17325,P08592,B5DF91
3784 Q8VCR2,A0A0R4J0T0,Q3UFB7,Q61510,P70372,P62259,P12023,Q9WUR2 Q5M875,D3ZME7,P35739,D4A9N5,B5DF91,P62260,P08592,Q5XIC0
3784 Q8VCR2,A0A0R4J0T0,Q80V62,Q61510,P70372,P62259,P12023,Q9WUR2 Q5M875,D3ZME7,P35739,D4A9N5,B5DF91,P62260,P08592,Q5XIC0
3784 Q8K1A0,Q6P5B5,P12023,P70372,Q61510,P62259,Q3UFB7,P97770 B0BNB3,B1H2A6,P08592,B5DF91,D4A9N5,P62260,P35739,D3ZSV7
4082 Q3UFB7,Q61510,P19091,O08674,O55144,P12023,P05627,P70372 P35739,D4A9N5,A0A0G2JSI8,D4AEG0,G3V6M6,P08592,P17325,B5DF91
2905 Q3UFB7,O88876,P02340,P12023,Q61510,Q9CQ39,P62259,P70372 P35739,Q3B7V0,P10361,P08592,D4A9N5,D4AA11,P62260,B5DF91
2905 Q80V62,O88876,P02340,P12023,Q61510,Q9CQ39,P62259,P70372 P35739,Q3B7V0,P10361,P08592,D4A9N5,D4AA11,P62260,B5DF91
6910 Q8VCR3,P12023,Q80V62,Q3UFB7,P70372,P05627,Q61510,O35226 D4A7K0,P08592,A0A0G2K5U0,P35739,B5DF91,P17325,D4A9N5,O88321
3725 P12023,G5E872,Q80V62,Q9WTX6,Q3UFB7,P70372,Q8VEJ3,Q61510 P08592,M0RA44,A0A0G2K5U0,B1WBY1,P35739,B5DF91,D4ADQ6,D4A9N5
8074 P12023,Q80V62,Q3U1Z5,P32443,P70372,Q61510,P70196,P62259 P08592,P35739,Q6MG88,G3V6T9,B5DF91,D4A9N5,B5DF45,P62260
6273 P12023,P42866,Q80V62,Q3UFB7,P70372,Q9QYK5,Q61510,O35864 P08592,P33535,A0A0G2K5U0,P35739,B5DF91,D4A6E6,D4A9N5,F7EUU4
8936 Q8K3K7,P12023,Q3UFB7,P70372,P05627,P62259,Q505D1,Q61510 D4AC45,P08592,P35739,B5DF91,P17325,P62260,F1M400,D4A9N5
6883 Q61510,Q80V62,Q8R5A3,Q80TN5,A0A0B4J1E2,Q3UFB7,P62259,P70372 D4A9N5,A0A0G2K5U0,D3ZDZ1,E9PTT0,D4A8G7,P35739,P62260,B5DF91
6430 P12023,Q8R5A3,Q80V62,Q3UFB7,P70372,Q80TN5,A0A0B4J1E2,P62259 P08592,D3ZDZ1,A0A0G2K5U0,P35739,B5DF91,E9PTT0,D4A8G7,P62260
6526 P12023,Q3UHI4,Q3UFB7,P70372,Q80V62,G3UYL9,Q6P5F9,Q61510 P08592,M0RAT6,P35739,B5DF91,A0A0G2K5U0,G3V7D9,Q80U96,D4A9N5
1635 Q3UFB7,Q9ER75,P12023,Q60954,F8VPR5,Q61510,Q04744,P62259 P35739,D4A7R4,P08592,B1WC31,F1M9G7,D4A9N5,D3ZCK7,P62260
1635 Q80V62,Q9ER75,P12023,Q60954,F8VPR5,Q61510,Q04744,P62259 P35739,D4A7R4,P08592,B1WC31,F1M9G7,D4A9N5,D3ZCK7,P62260
1642 Q3UFB7,P12023,Q9JLV1,Q5S003,Q9JLI7,Q8K450,Q61510,P62259 P35739,P08592,Q5U2U8,D3ZXP4,F1LXV9,A0A0G2K9K6,D4A9N5,P62260
785 Q3UFB7,Q91VD1,P12023,O08537,Q921E6,Q61510,Q8BX70,P62259 P35739,D3ZBX1,P08592,Q59IV8,B5DF02,D4A9N5,D4A4K4,P62260
785 Q3UFB7,Q8JZS7,P12023,O08537,Q921E6,Q61510,Q8BX70,P62259 P35739,D4A5C3,P08592,Q59IV8,B5DF02,D4A9N5,D4A4K4,P62260
602 Q61510,Q64387,Q91YI4,Q80V62,Q5U4C1,Q3UFB7,P35377,P62259 P08592,Q62923,P29067,B5DF91,M0R9R0,P35739,P35370,P62260
602 P12023,Q64387,Q91YI4,Q80V62,Q5U4C1,Q3UFB7,P35377,P62259 P08592,Q62923,P29067,B5DF91,M0R9R0,P35739,P35370,P62260
6863 P70390,A0A0B4J1E2,P12023,Q61510,P62259,Q3UFB7,Q80TN5,P70372 G3V7M9,D4A8G7,P08592,D4A9N5,P62260,P35739,E9PTT0,B5DF91
4380 Q61510,P70390,Q80V62,A0A0B4J1E2,Q3UFB7,Q80TN5,P62259,P70372 D4A9N5,G3V7M9,A0A0G2K5U0,D4A8G7,P35739,E9PTT0,P62260,B5DF91
4234 P12023,P70390,Q80V62,A0A0B4J1E2,Q3UFB7,Q80TN5,P70372,P62259 P08592,G3V7M9,A0A0G2K5U0,D4A8G7,P35739,E9PTT0,B5DF91,P62260
6317 P12023,Q3UFB7,Q64385,P47873,Q00560,P70372,Q61510,P62259 P08592,P35739,Q99MF4,G3V890,F1LPK1,B5DF91,D4A9N5,P62260
6317 P12023,Q3UFB7,Q64385,P47873,Q00560,P70372,Q61510,P62259 P08592,A0A0G2K5U0,Q99MF4,G3V890,F1LPK1,B5DF91,D4A9N5,P62260
6317 P12023,Q80V62,Q64385,P47873,Q00560,P70372,Q61510,P62259 P08592,P35739,Q99MF4,G3V890,F1LPK1,B5DF91,D4A9N5,P62260
6317 P12023,Q80V62,Q64385,P47873,Q00560,P70372,Q61510,P62259 P08592,A0A0G2K5U0,Q99MF4,G3V890,F1LPK1,B5DF91,D4A9N5,P62260
6317 P12023,Q1RNF8,Q3UFB7,Q80V62,P70372,P59941,P01108,Q61510 P08592,D3ZMX5,P35739,A0A0G2K5U0,B5DF91,Q4FZY2,P09416,D4A9N5
8325 Q3UFB7,Q91Z22,P12023,Q61510,E9Q4P1,P62259,Q8R317,P70372 P35739,A0A0G2K349,P08592,D4A9N5,A0A0G2K3L8,P62260,A0A140TAI1,B5DF91
4173 P56942,Q61510,Q9CQG3,P02340,Q62158,P62259,P70372,Q8JZL2 G3V6L0,D4A9N5,Q7TSV3,P10361,B5DFI5,P62260,B5DF91,P97639
1782 A0A087WSB9,Q3UNH6,Q3UFB7,P12023,Q61510,P70372,P05627,Q9D8T0 F1LVJ1,A0A0G2K331,P35739,P08592,D4A9N5,B5DF91,P17325,B5DFJ2
2364 E9PZ54,P19785,P12023,Q3UFB7,P70372,P62259,Q61510,P61219 Q5EB94,A0A0G2K0D4,P08592,P35739,B5DF91,P62260,D4A9N5,O88828
2364 E9PZ54,P19785,P12023,Q3UFB7,P70372,P62259,Q61510,P61219 Q5EB94,A0A0G2K0D4,P08592,A0A0G2K5U0,B5DF91,P62260,D4A9N5,O88828
2364 E9PZ54,P19785,P12023,Q80V62,P70372,P62259,Q61510,P61219 Q5EB94,A0A0G2K0D4,P08592,P35739,B5DF91,P62260,D4A9N5,O88828
2364 E9PZ54,P19785,P12023,Q80V62,P70372,P62259,Q61510,P61219 Q5EB94,A0A0G2K0D4,P08592,A0A0G2K5U0,B5DF91,P62260,D4A9N5,O88828
2661 P12023,Q62158,P70372,P56942,Q8JZL2,P02340,Q9CQG3,P62259 P08592,B5DFI5,B5DF91,G3V6L0,P97639,P10361,Q7TSV3,P62260
2661 Q61510,P26450,Q80V62,P32082,Q9EQX0,Q3UFB7,G3UYL9,P70372 D4A9N5,F1LNG5,A0A0G2K5U0,Q02644,Q9QYH7,P35739,G3V7D9,B5DF91
2661 Q61510,P26450,Q80V62,Q99P50,Q9EQX0,Q3UFB7,G3UYL9,P70372 D4A9N5,F1LNG5,A0A0G2K5U0,O08725,Q9QYH7,P35739,G3V7D9,B5DF91
4358 Q80V62,D3YXF5,Q61510,Q6ZPL9,P12023,Q60754,P62259,Q3UFB7 A0A0G2K5U0,A0A0G2K7X7,D4A9N5,D3ZX56,P08592,M0R9F7,P62260,P35739
7311 D3YXF5,Q6ZPL9,P70372,Q61510,P62259,P12023,Q60754,Q3UFB7 A0A0G2K7X7,D3ZX56,B5DF91,D4A9N5,P62260,P08592,M0R9F7,P35739
4314 Q80V62,D3YXF5,Q61510,Q6ZPL9,P12023,Q60754,P70372,Q3UFB7 A0A0G2K5U0,A0A0G2K7X7,D4A9N5,D3ZX56,P08592,M0R9F7,B5DF91,P35739
1858 Q920H1,D3YXF5,Q80V62,Q6ZPL9,P12023,P62259,Q3UFB7,Q60754 Q71MM7,A0A0G2K7X7,B5DF91,D3ZX56,P08592,P62260,P35739,M0R9F7
4357 Q61510,Q9QZ26,Q80V62,P05480,Q3UFB7,Q03717,P70372,P12023 D4A9N5,A5HKJ1,A0A0G2K5U0,Q9WUD9,P35739,A0A0H2UI34,B5DF91,P08592
4357 Q61510,Q8BHG3,Q3UFB7,P07724,Q80V62,Q9EQS9,P70372,P12023 D4A9N5,D3Z9E9,P35739,A0A0G2JSH5,A0A0G2K5U0,F7EL93,B5DF91,P08592
7067 A2AQJ8,P12023,Q3UFB7,Q76MZ3,P70372,Q61510,P62259,Q9CRA9 D4A7G5,P08592,P35739,Q5XI34,B5DF91,D4A9N5,P62260,Q6TA25
7067 A2AQJ8,P12023,Q80V62,Q76MZ3,P70372,Q61510,P62259,Q9CRA9 D4A7G5,P08592,P35739,Q5XI34,B5DF91,D4A9N5,P62260,Q6TA25
7067 A2AQJ8,P12023,Q80V62,Q76MZ3,P70372,Q61510,P62259,Q9CRA9 D4A7G5,P08592,A0A0G2K5U0,Q5XI34,B5DF91,D4A9N5,P62260,Q6TA25
2244 P12023,Q6K1E7,P48754,Q3UFB7,P70372,Q80V62,Q80WJ1,Q61510 P08592,Q5J2D6,G3V8S5,P35739,B5DF91,A0A0G2K5U0,Q66HC8,D4A9N5
4109 A7L9Z8,Q3UFB7,P12023,Q3TDN2,Q61510,Q80V62,P62259,Q8BWG9 M0RAF9,P35739,P08592,Q5BK32,D4A9N5,A0A0G2K5U0,P62260,F1LNX2
