8951 27457 121 6101 3684 1409 11142 27441 763
8951 27457 121 6101 3684 1409 290 27441 763
8868 13062 121 1492 3684 763 290 11142 12930
8868 13062 121 1492 3684 1409 290 11142 12930
8868 23114 121 10076 3684 763 1409 11142 18030
8868 23114 121 10076 3684 290 1409 11142 18030
8868 40600 121 6101 3684 1409 763 11142 36539
8868 40600 121 6101 3684 1409 290 11142 36539
8868 24024 121 3402 3684 1409 763 11142 21785
8868 24024 121 3402 3684 1409 290 11142 21785
8868 34658 3684 4144 121 763 1409 11142 16751
8868 34658 3684 4144 121 290 1409 11142 16751
8868 19506 121 26935 3684 11142 290 763 13360
8868 19506 121 26935 3684 11142 1409 763 13360
8868 34660 3684 4144 121 763 1409 11142 16751
8868 34660 3684 4144 121 290 1409 11142 16751
8868 41368 121 38624 3684 290 763 11142 40821
8868 41368 121 38624 3684 1409 763 11142 40821
8868 6985 121 6101 3684 1409 11142 763 16023
8868 6985 121 6101 3684 1409 290 763 16023
8950 25129 121 3272 3684 763 11142 18237 290
8950 25129 121 3272 3684 763 1409 18237 290
8868 16058 121 6101 3684 1409 763 11142 15311
8868 16058 121 6101 3684 1409 290 11142 15311
8951 22681 121 26935 3684 11142 290 13360 763
8951 22681 121 26935 3684 11142 1409 13360 763
8868 14128 3684 7460 121 763 11142 1409 17602
8868 14128 3684 7460 121 763 290 1409 17602
8950 15704 3684 7460 121 763 11142 33392 1409
8950 15704 3684 7460 121 763 290 33392 1409
8868 39953 121 26935 3684 11142 290 763 13360
8868 39953 121 26935 3684 11142 1409 763 13360
8868 18410 121 6101 3684 1409 11142 290 1142
8868 18410 121 6101 3684 1409 763 290 1142
8868 32387 121 6101 3684 1409 763 11142 18474
8868 32387 121 6101 3684 1409 290 11142 18474
8868 43082 121 6101 3684 1409 11142 290 36688
8868 43082 121 6101 3684 1409 763 290 36688
8950 11172 121 1847 3684 763 11142 11177 290
8950 11172 121 1847 3684 763 1409 11177 290
8935 18163 121 7507 3684 763 290 18168 11142
8935 18163 121 7507 3684 1409 290 18168 11142
8950 13394 3684 13441 121 763 11142 13402 1409
8950 13394 3684 13441 121 763 290 13402 1409
8868 29876 121 38624 3684 290 763 11142 40821
8868 29876 121 38624 3684 1409 763 11142 40821
8868 12849 3684 4790 121 11142 763 1409 24781
8868 12849 3684 4790 121 11142 290 1409 24781
8868 32831 121 6101 3684 1409 11142 763 16023
8868 32831 121 6101 3684 1409 290 763 16023
8950 2642 121 6101 3684 1409 11142 26924 290
8950 2642 121 6101 3684 1409 763 26924 290
8868 22232 3684 7460 121 763 290 11142 14512
8868 22232 3684 7460 121 763 1409 11142 14512
8868 41581 121 766 3684 763 11142 1409 35702
8868 41581 121 766 3684 763 290 1409 35702
8868 30155 3684 1306 121 763 290 11142 24192
8868 30155 3684 1306 121 763 1409 11142 24192
8868 41997 121 6101 3684 1409 11142 290 36688
8868 41997 121 6101 3684 1409 763 290 36688
8950 37526 3684 2039 121 763 290 274 11142
8950 37526 3684 2039 121 763 1409 274 11142
8868 22369 3684 8103 121 290 763 11142 21494
8868 22369 3684 8103 121 1409 763 11142 21494
8868 43469 3684 4790 121 11142 290 763 29625
8868 43469 3684 4790 121 11142 1409 763 29625
8868 34094 3684 4961 121 1409 763 11142 15342
8868 34094 3684 4961 121 1409 290 11142 15342
8868 10223 3684 6651 121 11142 290 763 8294
8868 10223 3684 6651 121 1409 290 763 8294
8868 22510 121 5340 3684 763 290 11142 22501
8868 22510 121 5340 3684 763 1409 11142 22501
1790 22630 15750 15708 763 11142 21684 1409 15746
1790 22630 15750 15708 763 290 21684 1409 15746
8868 31163 3684 2874 121 11142 763 290 362
8868 31163 3684 2874 121 11142 1409 290 362
8868 26278 121 6101 3684 1409 11142 763 7646
8868 26278 121 6101 3684 1409 290 763 7646
8950 42004 121 6101 3684 1409 763 26608 11142
8950 42004 121 6101 3684 1409 290 26608 11142
8868 26152 121 14497 3684 290 11142 763 25665
8868 26152 121 14497 3684 290 1409 763 25665
8868 17992 121 6101 3684 1409 763 11142 4893
8868 17992 121 6101 3684 1409 290 11142 4893
8868 22916 121 6101 3684 1409 763 11142 22907
8868 22916 121 6101 3684 1409 290 11142 22907
