11614+bno0 10610 121 3684 763 1409 10076 290 297
11614+bno0 10610 121 3684 763 11142 10076 290 297
11614+bno0 473 121 3684 763 297 10076 290 1409
11614+bno0 473 121 3684 763 1149 10076 290 1409
11614+bno0 16143 121 3684 290 1409 14497 297 11142
11614+bno0 16143 121 3684 290 763 14497 297 11142
11330+bno0 3593 3684 121 763 4177 1409 582 11142
11330+bno0 3593 3684 121 763 4177 290 582 11142
9452+bno5 121 3593 3684 6794 8032 290 1409 11142
11614+bno0 7949 3684 121 290 1409 36814 6094 763
11614+bno0 7949 3684 121 290 11142 36814 6094 763
11614+bno0 1028 121 3684 763 1149 1898 1409 11142
11614+bno0 1028 121 3684 763 1946 1898 1409 11142
12292+bno0 11376 2841 3684 11142 13650 121 1409 763
12292+bno0 11376 2841 3684 11142 13650 121 290 763
12292+bno0 13244 290 3684 6094 13650 121 1409 763
12292+bno0 13244 290 3684 454 13650 121 1409 763
11614+bno0 11056 3684 121 763 297 3927 11142 1409
11614+bno0 11056 3684 121 763 1149 3927 11142 1409
11614+bno0 12198 121 3684 763 1409 10076 290 297
11614+bno0 12198 121 3684 763 11142 10076 290 297
11614+bno0 12198 121 3684 763 1409 10076 290 1149
11614+bno0 12198 121 3684 763 11142 10076 290 1149
11614+bno0 6342 121 3684 290 1409 3206 763 1946
11614+bno0 6342 121 3684 290 11142 3206 763 1946
11614+bno0 13707 121 3684 763 11142 10076 6101 1409
11614+bno0 13707 121 3684 290 11142 10076 6101 1409
11614+bno0 19729 121 3684 763 290 12481 1409 6094
11614+bno0 19729 121 3684 763 11142 12481 1409 6094
11614+bno0 1606 3684 121 763 297 16046 11142 290
11614+bno0 1606 3684 121 763 1409 16046 6101 290
11614+bno1 21684 3684 121 763 297 21254 1409 290
11614+bno1 21684 3684 121 763 297 21254 11142 290
11614+bno0 16659 3684 121 1409 1946 824 763 290
11614+bno0 16659 3684 121 1409 454 824 763 290
11298+bno0 4398 121 3684 11142 763 1409 6753 2874
11298+bno0 4398 121 3684 11142 290 1409 6753 2874
11614+bno0 8891 3684 121 290 763 8103 1409 1149
11614+bno0 8891 3684 121 290 11142 8103 1409 1149
8871+bno0 21146 3684 2874 121 11142 763 1409 5101
8871+bno0 21146 3684 2874 121 11142 290 1409 5101
11614+bno0 1102 3684 121 763 1409 1310 11142 297
11614+bno0 1102 3684 121 763 290 1310 11142 297
11614+bno0 5794 121 3684 763 290 1898 1409 1149
11614+bno0 5794 121 3684 763 11142 1898 1409 1149
11614+bno0 7165 3684 121 11142 1409 6651 454 763
11614+bno0 7165 3684 121 11142 290 6651 454 763
9456+bno7 3684 15388 121 5690 10779 290 1409 763
9456+bno6 3684 15388 121 5690 10779 11142 1409 763
9456+bno6 3684 15388 121 5690 10779 290 1409 763
9456+bno5 3684 15388 121 5690 10779 290 1409 763
12292+bno0 16178 2841 121 763 3402 3684 1409 290
12292+bno0 16178 2841 121 763 3402 3684 1409 11142
9452+bno5 121 17846 3684 6794 8032 290 1409 11142
9456+bno5 121 19334 3684 3948 9404 1409 290 11142
9452+bno5 121 13400 3684 1004 2642 1409 290 11142
11307+bno0 13838 11142 4177 121 1409 763 8588 3684
11307+bno0 13838 11142 4177 121 290 763 8588 3684
12292+bno0 23980 290 121 6094 13650 3684 1409 11142
12292+bno0 23980 290 121 454 13650 3684 1409 11142
9452+bno6 121 27013 3684 6794 23141 11142 763 1409
9452+bno5 121 27013 3684 6794 23141 11142 290 1409
9452+bno5 121 27013 3684 6794 23141 11142 763 1409
8871+bno0 4716 3684 2874 121 11142 763 1409 5101
8871+bno0 4716 3684 2874 121 11142 290 1409 5101
11331+bno0 695 11142 4177 1409 121 290 2024 3684
11331+bno0 695 11142 4177 763 121 290 2024 3684
11614+bno0 8435 121 3684 1409 1946 3493 763 11142
11614+bno0 8435 121 3684 1409 1946 3493 290 11142
11614+bno0 8435 121 3684 1409 6094 3493 763 11142
11614+bno0 8435 121 3684 1409 6094 3493 290 11142
12292+bno0 10350 763 3684 290 353 121 1149 1409
12292+bno0 10350 763 3684 11142 353 121 1149 1409
12292+bno0 20417 763 3684 1409 4428 121 11142 18060
12292+bno0 20417 290 3684 1409 4428 121 11142 18060
11614+bno0 22727 121 3684 1409 1149 1898 763 290
11614+bno0 22727 121 3684 1409 1149 1898 763 11142
11614+bno0 22727 121 3684 1409 1946 1898 763 290
11614+bno0 22727 121 3684 1409 1946 1898 763 11142
11331+bno0 22741 11142 4177 1409 121 290 11926 3684
11331+bno0 22741 11142 4177 763 121 290 11926 3684
9456+bno7 121 23959 3684 613 2622 1409 290 763
9456+bno6 121 23959 3684 613 2622 1409 290 763
9456+bno5 121 23959 3684 613 2622 1409 290 11142
9456+bno5 121 23959 3684 613 2622 1409 290 763
11614+bno0 27253 3684 121 290 1149 8103 1409 11142
11614+bno0 27253 3684 121 290 6094 8103 1409 11142
9456+bno7 121 8977 3684 8430 7699 1409 763 290
11614+bno0 10613 121 3684 763 1149 1898 1409 11142
11614+bno0 10613 121 3684 763 1946 1898 1409 11142
11614+bno0 17294 3684 121 1409 763 1939 1465 11142
11614+bno0 17294 3684 121 290 763 1939 1465 11142
11614+bno0 18420 3684 121 1409 1149 1335 763 11142
11614+bno0 18420 3684 121 1409 1149 1335 290 11142
11614+bno0 18420 3684 121 1409 6094 1335 763 11142
11614+bno0 18420 3684 121 1409 6094 1335 290 11142
11331+bno0 29591 11142 4177 1409 3684 290 11926 121
11331+bno0 29591 11142 4177 763 3684 290 11926 121
8871+bno0 5328 3684 2874 121 11142 763 1409 5101
8871+bno0 5328 3684 2874 121 11142 290 1409 5101
11614+bno0 6822 121 3684 763 1409 10076 290 297
11614+bno0 6822 121 3684 763 1149 10076 290 11142
9456+bno6 121 16639 3684 613 12205 11142 1409 763
9456+bno5 121 16639 3684 613 12205 11142 1409 763
9456+bno6 121 16639 3684 3948 12205 11142 1409 763
9456+bno5 121 16639 3684 3948 12205 11142 1409 763
10533+bno6 121 3684 17246 9022 8430 1409 11142 763
10533+bno5 121 3684 17246 9022 8430 1409 11142 763
9456+bno7 121 19189 3684 6794 11260 1409 763 290
9456+bno6 121 19189 3684 6794 11260 1409 763 290
9456+bno5 121 19189 3684 6794 11260 1409 11142 290
9456+bno5 121 19189 3684 6794 11260 1409 763 290
9452+bno6 121 21779 3684 3948 8887 763 11142 1409
9452+bno5 121 21779 3684 3948 8887 290 11142 1409
9452+bno5 121 21779 3684 3948 8887 763 11142 1409
11614+bno0 2586 121 3684 1409 6094 12120 290 763
11614+bno0 2586 121 3684 1409 454 12120 290 763
9576+bno6 121 1061 3684 2954 26798 763 1409 11142
9576+bno5 121 1061 3684 2954 26798 763 1409 11142
11614+bno0 3642 3684 121 1409 11142 11786 290 1149
11614+bno0 3642 3684 121 763 11142 11786 290 1149
11307+bno0 4291 11142 4177 3684 1409 763 447 121
11307+bno0 4291 11142 4177 3684 1409 290 447 121
11614+bno0 7842 3684 121 11142 1409 2273 763 1946
11614+bno0 7842 3684 121 11142 290 2273 763 1946
9801+bno0 12487 13650 1409 290 3684 121 763 8938
9802+bno0 12487 13650 1409 290 3684 121 11142 8938
11614+bno0 13279 121 3684 1409 11142 12120 6101 763
11614+bno0 13279 121 3684 290 11142 12120 6101 763
9452+bno5 121 13431 3684 6794 8032 290 1409 11142
11614+bno0 17565 121 3684 1409 297 5091 763 11142
11614+bno0 17565 121 3684 1409 1149 5091 763 11142
11614+bno1 4054 121 3684 763 1465 19071 11142 1409
11614+bno1 4054 121 3684 290 1465 19071 11142 1409
9456+bno7 121 24819 3684 6794 23141 1409 290 763
9456+bno6 121 24819 3684 6794 23141 1409 290 763
9456+bno5 121 24819 3684 6794 23141 1409 290 763
9576+bno6 121 1306 3684 6794 73942 763 1409 11142
11614+bno0 7514 3684 121 11142 297 5094 763 1409
11614+bno0 7514 3684 121 11142 1149 5094 763 1409
12292+bno1 3206 763 121 290 8140 3684 297 1409
12292+bno1 3206 763 121 290 8140 3684 1946 1409
10495+bno6 3684 121 9046 5101 2874 763 11142 1409
10495+bno5 3684 121 9046 5101 2874 290 11142 1409
10495+bno5 3684 121 9046 5101 2874 763 11142 1409
9456+bno7 121 1116 3684 6794 8032 290 763 1409
9456+bno6 121 1116 3684 6794 8032 11142 763 1409
9456+bno6 121 1116 3684 6794 8032 290 763 1409
9456+bno5 121 1116 3684 6794 8032 290 763 1409
9456+bno5 121 1116 3684 6794 8032 11142 763 1409
11614+bno0 12824 121 3684 763 6101 22971 1409 290
11614+bno0 12824 121 3684 763 4177 22971 1409 290
11614+bno0 16862 121 3684 290 763 14497 297 1409
11614+bno0 16862 121 3684 290 11142 14497 297 1409
11307+bno0 18403 3684 121 11142 763 1409 16046 4177
11307+bno0 18403 3684 121 11142 763 290 16046 4177
11307+bno1 21146 121 3684 763 1409 11142 21337 11919
11307+bno1 21146 121 3684 763 290 11142 21337 11919
11331+bno0 21428 3684 121 763 4177 1409 8419 11142
11331+bno0 21428 3684 121 763 4177 290 8419 11142
11614+bno0 25005 121 3684 1409 11142 12120 6101 763
11614+bno0 25005 121 3684 290 11142 12120 6101 763
11614+bno0 25005 3684 121 1409 290 1590 763 6101
11614+bno0 25005 3684 121 11142 290 1590 763 6101
11614+bno1 7294 121 3684 1409 1465 8789 11142 763
11614+bno1 7294 121 3684 290 1465 8789 11142 763
11614+bno0 8814 3684 121 11142 763 346 1465 1409
11614+bno0 8814 3684 121 11142 290 346 1465 1409
9452+bno7 121 9335 3684 6794 6307 1409 290 763
9452+bno6 121 9335 3684 6794 6307 1409 290 763
9452+bno5 121 9335 3684 6794 6307 1409 290 763
11614+bno0 12844 121 3684 290 1946 3206 763 11142
11614+bno0 12844 121 3684 290 6094 3206 763 11142
9576+bno6 121 1061 3684 2954 15192 763 1409 11142
9576+bno5 121 1061 3684 2954 15192 763 1409 11142
9456+bno6 121 1672 3684 613 2622 1409 763 11142
9456+bno5 121 1672 3684 613 2622 1409 290 11142
9456+bno5 121 1672 3684 613 2622 1409 763 11142
9456+bno7 121 1681 3684 6794 8032 290 763 1409
9456+bno6 121 1681 3684 6794 8032 11142 763 1409
9456+bno6 121 1681 3684 6794 8032 290 763 1409
9456+bno5 121 1681 3684 6794 8032 290 763 1409
9456+bno5 121 1681 3684 6794 8032 11142 763 1409
11614+bno1 916 3684 121 763 18060 18380 290 1409
11614+bno1 916 3684 121 11142 18060 18380 290 1409
8871+bno0 21488 3684 2874 121 11142 1409 290 15155
11614+bno0 2274 3684 121 11142 1409 6651 454 763
11614+bno0 2274 3684 121 11142 290 6651 454 763
11307+bno0 22996 11142 4177 121 1409 763 447 3684
11307+bno0 22996 11142 4177 121 1409 290 447 3684
8871+bno0 23355 3684 943 121 763 1409 290 16659
11597+bno0 24430 11142 4177 3684 763 3473 121 1409
11597+bno0 24430 11142 4177 3684 290 3473 121 1409
11614+bno0 2805 3684 121 763 1409 1648 4177 290
11330+bno0 2805 3684 121 763 11142 1409 1648 4177
11669+bno0 2805 3684 121 11142 1409 1648 4177 290
11604+bno0 2805 3684 121 763 11142 1648 4177 290
11614+bno0 3551 121 3684 1409 11142 2264 297 290
11614+bno0 3551 121 3684 1409 1149 2264 763 290
11614+bno0 3551 121 3684 11142 1409 2757 763 297
11614+bno0 3551 121 3684 11142 1149 2757 763 290
9456+bno5 121 4975 3684 613 4304 11142 1409 290
10128+bno0 5153 121 3684 6794 290 1409 5136 11142
10128+bno0 5153 121 3684 6794 290 763 5136 11142
9452+bno6 121 6985 3684 6794 23141 11142 763 1409
9452+bno5 121 6985 3684 6794 23141 11142 290 1409
9452+bno5 121 6985 3684 6794 23141 11142 763 1409
11614+bno0 7674 3684 121 763 1409 5010 6101 290
11614+bno0 7674 3684 121 11142 1409 5010 6101 290
9452+bno7 121 9542 3684 6794 1481 763 290 1409
9452+bno6 121 9542 3684 6794 1481 763 11142 1409
9452+bno6 121 9542 3684 6794 1481 763 290 1409
9452+bno5 121 9542 3684 6794 1481 763 290 1409
9452+bno5 121 9542 3684 6794 1481 763 11142 1409
11614+bno0 10537 121 3684 1409 290 1492 763 1946
11614+bno0 10537 121 3684 1409 11142 1492 763 1946
11614+bno0 10537 3684 121 11142 1409 346 1946 763
11614+bno0 10537 3684 121 11142 290 346 1946 763
9456+bno6 121 12064 3684 613 9022 1409 763 11142
10533+bno6 121 3684 12064 9022 8430 1409 763 11142
10533+bno5 121 3684 12064 9022 8430 1409 763 11142
11614+bno0 12312 121 3684 763 1409 2363 1149 290
11614+bno0 12312 121 3684 763 11142 2363 1149 290
8883+bno0 13377 3684 2874 121 11142 1409 763 3609
8883+bno0 13377 3684 2874 121 11142 1409 290 3609
9452+bno6 121 13481 3684 6794 18086 1409 11142 763
9452+bno5 121 13481 3684 6794 18086 1409 11142 763
12292+bno0 13834 11142 3684 1409 1916 121 297 763
12292+bno0 13834 11142 3684 290 1916 121 297 763
11307+bno0 14039 121 3684 763 1409 11142 11361 394
11307+bno0 14039 121 3684 763 290 11142 11361 394
11614+bno0 17255 121 3684 1409 1946 7743 11142 763
11614+bno0 17255 121 3684 290 1946 7743 11142 763
11614+bno0 17255 121 3684 1409 6094 7743 11142 763
11614+bno0 17255 121 3684 290 6094 7743 11142 763
11614+bno0 17255 121 3684 1409 1946 6503 11142 763
11614+bno0 17255 121 3684 290 1946 6503 11142 763
11604+bno0 17255 121 3684 1409 4177 6503 11142 763
11604+bno0 17255 121 3684 290 4177 6503 11142 763
9576+bno6 121 7294 3684 6794 18108 1409 763 11142
9576+bno5 121 7294 3684 6794 18108 1409 763 11142
11470+bno1 8588 3684 121 11142 1409 19294 4177 763
11470+bno1 8588 3684 121 11142 290 19294 4177 763
9452+bno7 121 19706 3684 6794 23408 763 290 1409
9576+bno6 121 19706 3684 6794 23408 763 1409 11142
9452+bno6 121 19706 3684 6794 23408 763 290 1409
9700+bno5 121 19706 3684 6794 23408 290 1409 11142
9452+bno5 121 19706 3684 6794 23408 763 290 1409
9576+bno5 121 19706 3684 6794 23408 763 1409 11142
11614+bno0 19706 121 6794 2841 290 23408 1409 11142
9456+bno7 121 20228 3684 6794 23141 1409 763 290
9452+bno6 121 20228 3684 6794 23141 1409 763 11142
9456+bno6 121 20228 3684 6794 23141 1409 763 290
9576+bno5 121 20228 3684 6794 23141 1409 11142 290
9456+bno5 121 20228 3684 6794 23141 1409 763 290
9452+bno5 121 20228 3684 6794 23141 1409 763 11142
11614+bno0 20228 121 6794 2841 763 23141 11142 290
11614+bno0 23136 121 3684 290 6094 12120 1409 763
11614+bno0 23136 121 3684 290 6094 12120 1409 11142
11614+bno0 23136 121 3684 290 454 12120 1409 763
11614+bno0 23136 121 3684 290 454 12120 1409 11142
9456+bno7 121 23297 3684 613 24541 1409 290 763
9456+bno6 121 23796 3684 8430 6494 763 1409 11142
9456+bno5 121 23796 3684 8430 6494 290 1409 11142
9456+bno5 121 23796 3684 8430 6494 763 1409 11142
10128+bno0 27701 121 3684 613 290 1409 25442 763
10128+bno0 27701 121 3684 613 11142 1409 25442 763
10128+bno0 27701 121 3684 2954 290 1409 25442 763
10128+bno0 27701 121 3684 2954 11142 1409 25442 763
9452+bno5 121 17118 3684 6794 27896 290 1409 11142
9537+bno6 3684 23291 121 2874 29334 1409 11142 763
10533+bno6 121 3684 33047 22277 6794 11142 763 1409
10533+bno5 121 3684 22277 33047 6794 11142 290 1409
11614+bno0 3903 11142 2874 2841 1409 460 763 290
11614+bno0 3903 11142 2874 297 1409 460 763 290
9456+bno7 121 4239 3684 6794 8032 290 763 1409
9456+bno6 121 4239 3684 6794 8032 11142 763 1409
9452+bno6 121 5601 3684 2954 767 11142 1409 763
9452+bno5 121 5601 3684 2954 767 11142 1409 763
11297+bno1 16622 763 5701 3684 1409 290 5965 121
11297+bno1 16622 763 5701 3684 11142 290 5965 121
11074+bno0 5965 763 14901 3684 121 1409 16622 290
11074+bno0 5965 763 14901 3684 121 11142 16622 290
11614+bno0 6858 121 3684 1409 1149 1898 763 11142
11614+bno0 6858 121 3684 1409 1946 1898 763 11142
11307+bno0 6960 11142 4177 3684 763 1409 4696 121
11307+bno0 6960 11142 4177 3684 290 1409 4696 121
11331+bno0 7060 3684 121 763 4177 1409 8419 11142
11331+bno0 7060 3684 121 763 4177 290 8419 11142
11308+bno0 7935 3684 121 11142 763 1409 6986 4177
11308+bno0 7935 3684 121 11142 763 290 6986 4177
11308+bno0 10931 11142 4177 3684 1409 290 7868 121
11308+bno0 10931 11142 4177 3684 763 290 7868 121
11614+bno0 10931 11142 4177 1409 290 7868 2841 121
11614+bno0 10931 11142 4177 763 290 7868 2841 121
11614+bno0 11647 3684 121 11142 1409 18465 290 1946
11614+bno0 11647 3684 121 11142 763 18465 290 1946
9576+bno6 121 12233 3684 2954 4661 1409 763 11142
9576+bno5 121 12233 3684 2954 4661 1409 763 11142
11308+bno0 13014 11142 4177 3684 763 1409 582 121
11308+bno0 13014 11142 4177 3684 763 290 582 121
10128+bno0 15381 121 3684 6794 763 1409 13878 290
10128+bno0 15381 121 3684 6794 763 11142 13878 290
10128+bno1 22295 3684 121 10194 763 1409 15566 11142
10128+bno1 22295 3684 121 10194 290 1409 15566 11142
9456+bno7 121 15626 3684 613 2622 1409 290 763
9456+bno6 121 15626 3684 613 2622 1409 11142 763
9456+bno6 121 15626 3684 613 2622 1409 290 763
9456+bno5 121 15626 3684 613 2622 1409 290 763
11307+bno0 15632 3684 121 11142 763 1409 362 4177
11307+bno0 15632 3684 121 11142 763 290 362 4177
9014+bno0 16762 3684 4144 121 763 290 22479 1409
9014+bno0 16762 3684 4144 121 763 11142 22479 1409
9452+bno7 3684 22479 121 3992 16762 290 1409 763
9452+bno6 3684 22479 121 3992 16762 11142 1409 763
9452+bno5 3684 22479 121 3992 16762 11142 1409 763
9456+bno6 121 26039 3684 2954 17513 1409 11142 763
9456+bno5 121 26039 3684 2954 17513 1409 11142 763
9576+bno6 121 17513 3684 12705 26039 1409 11142 763
9576+bno5 121 17513 3684 12705 26039 1409 11142 763
8950+bno1 25129 11142 15242 2874 1409 121 18237 290
8950+bno1 25129 11142 15242 2874 2841 763 18237 290
11614+bno0 18606 121 3684 763 6094 12357 1409 11142
11614+bno0 18606 121 3684 290 6094 12357 1409 11142
11614+bno0 18606 121 3684 763 2926 12357 1409 11142
11614+bno0 18606 121 3684 290 2926 12357 1409 11142
8871+bno0 18823 3684 2874 121 11142 763 1409 5101
8871+bno0 18823 3684 2874 121 11142 290 1409 5101
11614+bno0 19671 3684 121 11142 297 360 763 1409
11614+bno0 19671 3684 121 11142 1149 360 763 1409
8935+bno0 22008 121 9564 6794 1409 290 22757 11142
8883+bno0 2267 2874 3684 11142 121 1409 763 4
8883+bno0 2267 2874 3684 11142 121 290 763 4
11614+bno0 3611 11142 4177 3684 290 3154 763 1409
11614+bno0 3611 11142 4177 2841 290 3154 763 1409
11614+bno0 3779 3684 121 11142 763 2720 1409 1149
11614+bno0 3779 3684 121 11142 290 2720 1409 1149
9452+bno6 121 5282 3684 8430 5378 1409 11142 763
9452+bno5 121 5282 3684 8430 5378 1409 11142 763
11614+bno0 5419 3684 121 1409 290 2467 78 763
11614+bno0 5419 3684 121 1409 11142 2467 78 763
10128+bno0 6801 3684 121 45 763 1409 111 11142
10128+bno0 6801 3684 121 45 290 1409 111 11142
9452+bno7 3684 27465 121 2874 71 763 1409 290
9444+bno6 3684 27465 121 2874 71 763 1409 11142
9452+bno6 3684 27465 121 2874 71 763 1409 290
9660+bno5 3684 27465 121 2874 71 1409 11142 290
9452+bno5 3684 27465 121 2874 71 763 1409 290
9444+bno5 3684 27465 121 2874 71 763 1409 11142
9456+bno5 121 7834 3684 6794 4642 11142 1409 290
11614+bno0 7909 3684 121 11142 297 3927 763 1409
11614+bno0 7909 3684 121 11142 1149 3927 763 1409
9452+bno7 121 8922 3684 6794 12978 1409 290 763
9452+bno6 121 8922 3684 6794 12978 1409 290 763
9452+bno5 121 8922 3684 6794 12978 1409 290 763
11188+bno7 121 10901 3684 3609 6794 1409 290 763
11188+bno6 121 10901 3684 3609 6794 1409 11142 763
11188+bno6 121 10901 3684 3609 6794 1409 290 763
11188+bno5 121 10901 3684 3609 6794 1409 290 763
11188+bno5 121 10901 3684 3609 6794 1409 11142 763
11614+bno0 10901 3684 121 11142 1409 3156 2530 763
11614+bno0 10901 3684 121 11142 290 3156 2530 763
11602+bno0 11895 3684 121 1409 6950 7001 11142 290
11602+bno0 11895 3684 121 763 6950 7001 11142 290
11614+bno0 11901 763 4144 1409 297 21564 11142 121
11614+bno0 11901 763 4144 290 297 21564 11142 121
10652+bno0 11901 13650 1409 297 763 21564 11142 121
10652+bno0 11901 13650 290 297 763 21564 11142 121
9452+bno5 121 12103 3684 8430 2305 1409 290 11142
10227+bno7 3684 13147 4144 121 10867 1409 763 290
10227+bno6 3684 13147 4144 121 10867 1409 763 290
10227+bno5 3684 13147 4144 121 10867 1409 763 290
11307+bno0 13289 1409 3402 121 763 11142 12674 3684
11307+bno0 13289 1409 3402 121 290 11142 12674 3684
9452+bno5 121 13729 3684 6794 12978 1409 290 11142
10385+bno6 121 6794 23709 13729 8991 1409 763 11142
10385+bno5 121 6794 23709 13729 8991 1409 290 11142
10385+bno5 121 6794 23709 13729 8991 1409 763 11142
7154+bno1 23709 12978 121 1409 11142 6794 290 13729
8868+bno0 13863 11142 582 4177 763 121 290 16646
8868+bno0 13863 11142 582 4177 3684 1409 290 16646
8950+bno1 16530 121 9022 613 1409 11142 14074 763
9563+bno5 3684 14210 121 2874 15155 1409 11142 290
11614+bno1 22277 3684 121 11142 290 15133 6101 763
11777+bno7 3684 121 22277 15133 6794 290 1409 763
11777+bno6 3684 121 22277 15133 6794 290 1409 763
11548+bno1 22277 3684 121 11142 290 15133 6794 1409
11777+bno5 3684 121 22277 15133 6794 290 1409 763
11550+bno1 22277 3684 121 11142 290 15133 6794 763
11777+bno4 3684 121 22277 15133 6794 290 1409 763
11777+bno3 3684 121 22277 15133 6794 290 1409 763
8868+bno1 6958 121 9022 613 1409 763 11142 15311
9452+bno7 121 16530 3684 1266 17009 1409 290 763
9452+bno6 121 16530 3684 1266 17009 1409 290 763
9452+bno5 121 16530 3684 1266 17009 1409 290 763
8950+bno0 16530 121 9022 613 1409 11142 14074 763
9576+bno7 121 10779 3684 12705 16722 290 1409 763
9700+bno6 121 10779 3684 12705 16722 11142 1409 763
9576+bno6 121 10779 3684 12705 16722 290 1409 763
9452+bno5 121 10779 3684 12705 16722 290 11142 1409
9576+bno5 121 10779 3684 12705 16722 290 1409 763
11614+bno1 10779 121 12705 2841 11142 16722 1409 763
9456+bno7 121 16972 3684 6794 9114 763 290 1409
9456+bno6 121 16972 3684 6794 9114 763 11142 1409
9444+bno6 3684 17507 121 2874 434 1409 763 11142
9444+bno5 3684 17507 121 2874 434 1409 763 11142
9452+bno6 3684 18483 121 10194 8769 1409 11142 763
9452+bno5 3684 18483 121 10194 8769 1409 11142 763
11614+bno0 1927 121 3684 11142 1409 6579 763 1149
11614+bno0 1927 121 3684 11142 290 6579 763 1149
11614+bno1 18086 3684 121 1409 290 19844 6094 11142
11614+bno1 18086 3684 121 763 290 19844 6094 11142
11613+bno1 18086 3684 121 1409 290 19844 4177 11142
11613+bno1 18086 3684 121 763 290 19844 4177 11142
11548+bno0 20021 11142 2874 1409 290 8358 3684 763
11548+bno1 8358 121 3684 1409 763 20021 2874 290
11297+bno1 8358 121 3684 11142 1409 763 20021 2874
11297+bno0 20021 11142 2874 121 1409 290 8358 3684
11330+bno0 21230 11142 4177 763 3684 1409 11072 121
11330+bno0 21230 11142 4177 763 3684 290 11072 121
6578+bno1 24732 23549 1409 3684 763 3077 11142 22379
6578+bno1 24732 23549 1409 3684 290 3077 11142 22379
6578+bno1 25373 23549 1409 3684 763 3077 11142 22379
6578+bno1 25373 23549 1409 3684 290 3077 11142 22379
6578+bno1 24662 23549 1409 3684 763 3077 11142 22379
6578+bno1 24662 23549 1409 3684 290 3077 11142 22379
4679+bno2 19881 24433 2622 1409 763 3684 11142 22429
4679+bno2 19881 24433 2622 1409 290 3684 11142 22429
8983+bno2 22917 763 22429 3568 290 11142 24433 3684
8983+bno2 22917 763 22429 3568 1409 11142 24433 3684
8975+bno2 22917 1409 22429 2622 763 11142 24433 3684
8975+bno2 22917 1409 22429 2622 290 11142 24433 3684
8868+bno1 27382 121 9022 613 1409 763 11142 22429
9452+bno7 121 22202 3684 14830 22485 290 763 1409
9452+bno6 121 22202 3684 14830 22485 11142 763 1409
9452+bno6 121 22202 3684 14830 22485 290 763 1409
9452+bno5 121 22202 3684 14830 22485 290 763 1409
11614+bno0 24114 3684 121 763 290 18238 4231 1409
11614+bno0 24114 3684 121 11142 290 18238 4231 1409
9456+bno7 121 25248 3684 2954 16659 1409 290 763
9456+bno6 121 25248 3684 2954 16659 1409 290 763
9456+bno5 121 25248 3684 2954 16659 1409 290 763
11547+bno1 13488 763 7460 290 1409 26222 3684 121
11547+bno1 13488 763 7460 11142 1409 26222 3684 121
10388+bno7 121 6794 1281 30954 23141 1409 290 763
10388+bno6 121 6794 1281 30954 23141 1409 290 763
10388+bno5 121 6794 1281 30954 23141 1409 290 763
8883+bno0 3142 121 4953 3684 763 1409 290 3139
8883+bno0 3142 121 4953 3684 763 11142 290 3139
11614+bno0 3801 3684 121 290 1409 1688 1465 763
11614+bno0 3801 3684 121 11142 1409 1688 1465 763
11297+bno0 4503 11142 2874 121 1409 290 3777 3684
11297+bno0 4503 11142 2874 121 763 290 3777 3684
9456+bno7 121 5651 3684 2954 5000 763 1409 290
9456+bno6 121 5651 3684 2954 5000 763 1409 290
9456+bno5 121 5651 3684 2954 5000 11142 1409 290
9456+bno5 121 5651 3684 2954 5000 763 1409 290
11614+bno0 5800 3684 121 763 454 1590 1409 290
11614+bno0 5800 3684 121 11142 454 1590 1409 290
11614+bno0 5800 3684 121 763 6101 1590 1409 290
11614+bno0 5800 3684 121 11142 6101 1590 1409 290
11307+bno1 396 3684 121 11142 763 1409 6277 4177
11307+bno0 6277 11142 4177 3684 763 290 396 121
11614+bno0 6328 3684 121 763 290 1256 78 1409
11614+bno0 6328 3684 121 11142 290 1256 78 1409
11307+bno0 6527 11142 4177 3684 763 1409 10106 121
11307+bno0 6527 11142 4177 3684 763 290 10106 121
8935+bno1 16813 121 8646 613 1409 11142 673 290
8935+bno1 16813 121 8646 8430 1409 11142 673 290
11307+bno1 5735 121 3684 763 1409 11142 6817 394
11307+bno1 5735 121 3684 763 290 11142 6817 394
11307+bno0 7595 763 4556 121 1409 290 8977 3684
11307+bno0 7595 763 4556 121 11142 290 8977 3684
9456+bno6 121 9253 3684 3948 8755 1409 763 11142
9456+bno5 121 9253 3684 3948 8755 1409 763 11142
10128+bno0 9253 353 763 2841 1409 121 19379 11142
10128+bno0 9253 353 763 2841 290 121 19379 11142
10129+bno0 96 121 3684 8430 1409 11142 8938 290
10129+bno0 96 121 3684 8430 763 11142 8938 290
9452+bno7 121 1035 3684 613 6658 763 1409 290
9452+bno6 121 1035 3684 613 6658 763 1409 290
9452+bno5 121 1035 3684 613 6658 11142 1409 290
9452+bno5 121 1035 3684 613 6658 763 1409 290
9452+bno7 121 1058 3684 6794 30363 763 1409 290
9452+bno6 121 1058 3684 6794 30363 763 1409 290
9452+bno5 121 1058 3684 6794 30363 11142 1409 290
9452+bno5 121 1058 3684 6794 30363 763 1409 290
11307+bno0 10769 763 394 121 290 1409 3579 3684
11307+bno0 10769 763 394 121 11142 1409 3579 3684
9452+bno7 121 10857 3684 6794 23758 763 290 1409
9452+bno6 121 10857 3684 6794 23758 763 11142 1409
9452+bno5 121 10857 3684 6794 23758 763 11142 1409
11614+bno0 11426 121 3684 763 1409 12617 1946 290
11614+bno0 11426 121 3684 763 11142 12617 1946 290
11500+bno6 121 12145 3684 12722 613 1409 763 11142
11500+bno5 121 12145 3684 12722 613 1409 763 11142
11307+bno0 12947 121 3684 1409 763 290 8004 3402
11307+bno0 12947 121 3684 1409 11142 290 8004 3402
11307+bno0 12947 121 3684 763 1409 290 8004 2233
11307+bno0 12947 121 3684 763 11142 290 8004 2233
9576+bno7 121 13175 3684 8430 10231 763 1409 290
9576+bno6 121 13175 3684 8430 10231 763 1409 290
9576+bno5 121 13175 3684 8430 10231 11142 1409 290
9576+bno5 121 13175 3684 8430 10231 763 1409 290
10128+bno0 13211 121 3684 613 1409 763 1478 11142
10128+bno0 13211 121 3684 613 290 763 1478 11142
9456+bno5 121 13444 3684 2954 11727 1409 290 11142
10033+bno0 14352 13650 1409 290 763 11142 2841 22709
10033+bno0 14352 13650 1409 290 121 11142 2841 22709
9576+bno6 121 9022 3684 6794 14365 1409 763 11142
9576+bno5 121 9022 3684 6794 14365 1409 763 11142
9456+bno6 121 14365 3684 613 9022 1409 763 11142
5261+bno1 29944 1074 121 3948 1409 290 11142 14941
8950+bno1 25091 11142 7776 2874 121 1409 15365 290
8950+bno1 25091 11142 7776 2874 2841 1409 15365 290
9452+bno6 3684 16087 121 45 377 763 1409 11142
9452+bno5 3684 16087 121 45 377 290 1409 11142
9452+bno5 3684 16087 121 45 377 763 1409 11142
9452+bno7 121 16129 3684 6794 956 290 1409 763
9452+bno6 121 16129 3684 6794 956 11142 1409 763
9452+bno6 121 16129 3684 6794 956 290 1409 763
9452+bno5 121 16129 3684 6794 956 290 1409 763
9452+bno7 3684 16391 121 13972 16129 1409 763 290
11307+bno0 16134 763 75 11142 1409 290 27360 4177
11307+bno0 16134 121 75 11142 1409 290 27360 4177
8868+bno0 16144 121 1198 613 11142 1409 290 16813
11614+bno0 16391 121 3684 763 1409 9617 2530 290
11614+bno0 16391 121 3684 763 11142 9617 2530 290
9452+bno6 3684 16391 121 13972 16129 1409 763 290
9452+bno5 3684 16391 121 13972 16129 1409 763 290
9452+bno6 121 16872 3684 2954 16447 1409 11142 763
9452+bno5 121 16872 3684 2954 16447 1409 11142 763
8868+bno1 13863 11142 582 4177 763 121 290 16646
8868+bno1 13863 11142 582 4177 3684 1409 290 16646
10533+bno7 121 3684 17503 7895 2954 1409 290 763
10533+bno6 121 3684 17503 7895 2954 1409 290 763
10533+bno5 121 3684 17503 7895 2954 1409 290 763
9456+bno6 3684 18129 121 1131 23291 1409 763 11142
11548+bno1 10744 3684 121 763 1409 19442 14830 290
11548+bno1 10744 3684 121 763 1409 19442 14830 11142
11548+bno0 19442 763 4953 2841 290 10744 121 1409
11548+bno0 19442 763 4953 2841 11142 10744 121 1409
7155+bno1 29276 26013 11142 290 3684 4177 763 19593
7155+bno1 29276 26013 11142 1409 3684 4177 763 19593
11188+bno5 121 20550 3684 630 613 1409 290 11142
8950+bno0 21172 121 9022 613 1409 763 20507 11142
8950+bno0 21172 121 9022 8430 1409 763 20507 11142
3783+bno2 16738 2138 11142 4177 1409 290 20215 16739
3783+bno2 16738 2138 11142 4177 1409 763 20215 16739
10533+bno6 121 3684 16143 21551 14830 1409 763 11142
10533+bno5 121 3684 16143 21551 14830 1409 763 11142
7154+bno1 24231 22469 290 3684 11142 13650 763 22173
7154+bno1 24231 22469 1409 3684 11142 13650 763 22173
7154+bno1 24231 22469 290 6094 11142 13650 763 22173
7154+bno1 24231 22469 1409 6094 11142 13650 763 22173
3935+bno1 24231 22469 1409 3402 121 11142 763 22173
3935+bno1 24231 22469 1409 3402 3684 11142 763 22173
10010+bno1 4491 1898 1409 763 3684 290 121 2245
10008+bno1 4491 1898 1409 763 3684 11142 121 2245
11297+bno1 4491 1409 1898 3684 11142 290 2245 121
11324+bno1 4491 1898 763 3684 11142 290 121 2245
10128+bno1 4491 1898 1409 763 11142 290 2245 297
10337+bno2 1898 4491 1409 763 121 290 2245 297
11548+bno1 4491 1409 1898 11142 290 2245 121 297
11668+bno1 4491 1898 763 11142 290 121 2245 297
9452+bno6 121 22173 3684 2554 22469 1409 763 11142
11614+bno0 2258 3684 121 11142 1409 1851 454 763
11614+bno0 2258 3684 121 11142 290 1851 454 763
3784+bno1 30717 27530 11142 4177 290 1409 5259 23917
3784+bno1 30717 27530 11142 4177 763 1409 5259 23917
3784+bno1 30717 27530 11142 4177 290 121 5259 23917
3784+bno1 30717 27530 11142 4177 763 121 5259 23917
8877+bno0 24049 3684 2874 121 11142 1409 763 22095
9125+bno0 24049 3684 2874 121 11142 1409 22095 290
10652+bno0 24143 13650 1409 2841 121 23981 763 11142
10652+bno0 24143 13650 290 2841 121 23981 763 11142
7154+bno0 24586 12898 121 1409 763 8430 11142 15334
8935+bno1 19639 121 1568 3948 763 1409 24586 11142
8935+bno1 19639 121 1568 3948 290 1409 24586 11142
11667+bno0 25745 121 3684 4177 1409 6753 11142 763
11330+bno0 25745 121 3684 290 4177 1409 6753 11142
11602+bno0 25745 121 3684 290 4177 6753 11142 763
11614+bno0 26180 11142 4177 1409 2841 26013 121 763
11614+bno0 26180 11142 4177 290 2841 26013 121 763
4315+bno1 26111 763 22662 7206 12261 1409 26591 11142
4315+bno1 26111 763 22662 7206 12261 3684 26591 11142
4315+bno1 26111 763 22662 1061 11247 1409 26591 11142
4315+bno1 26111 763 22662 1061 11247 297 26591 11142
2356+bno2 22662 26111 763 18910 5963 3684 11142 26591
1790+bno2 22662 26111 18910 763 2841 5963 11142 26591
9456+bno5 121 27396 3684 6794 23408 1409 290 11142
9456+bno5 121 27396 3684 2954 17581 1409 290 11142
11307+bno0 27840 3684 121 763 11142 1409 8385 391
11307+bno0 27840 3684 121 763 11142 290 8385 391
8868+bno0 2903 11142 7031 4177 3684 763 1409 24133
8868+bno0 2903 11142 7031 4177 3684 290 1409 24133
3783+bno2 24773 31851 11142 2874 1409 763 2604 31112
3783+bno2 24773 31851 11142 2874 121 763 2604 31112
9452+bno7 3684 31348 121 2874 15155 1409 290 763
9014+bno0 31348 3684 2874 121 11142 1409 15155 763
9452+bno6 3684 31348 121 2874 15155 1409 290 763
8871+bno0 31348 3684 2874 121 11142 1409 290 15155
9452+bno5 3684 31348 121 2874 15155 1409 290 763
10014+bno0 3195 121 4953 3684 1409 290 7168 763
11307+bno1 7168 11142 4213 121 1409 763 3195 3684
11307+bno0 3195 121 3684 11142 1409 290 7168 4213
11613+bno1 12489 11142 4177 1409 763 3572 3684 121
11613+bno1 12489 11142 4177 290 763 3572 3684 121
10634+bno0 3572 2874 11142 3684 1409 12489 121 763
10634+bno0 3572 2874 11142 3684 290 12489 121 763
11614+bno0 3628 121 3684 290 1465 1797 763 1409
11614+bno0 3628 121 3684 11142 1465 1797 763 1409
9456+bno7 121 3899 3684 8430 5789 1409 763 290
9456+bno6 121 3899 3684 8430 5789 1409 763 290
9456+bno5 121 3899 3684 8430 5789 1409 763 290
9456+bno7 121 3899 3684 3948 5789 1409 763 290
9456+bno6 121 3899 3684 3948 5789 1409 763 290
9456+bno5 121 3899 3684 3948 5789 1409 763 290
8868+bno1 4436 121 5789 613 1409 763 290 3899
8868+bno1 4436 121 5789 8430 1409 763 290 3899
11548+bno1 2621 3684 121 1409 763 3900 2954 11142
11548+bno1 2621 3684 121 290 763 3900 2954 11142
11548+bno1 2621 3684 121 1409 763 3900 12705 11142
11548+bno1 2621 3684 121 290 763 3900 12705 11142
11308+bno1 2912 11142 4213 3684 1409 763 3900 121
11308+bno1 2912 11142 4213 3684 290 763 3900 121
11433+bno0 3900 11142 828 3684 1409 2912 121 763
11433+bno0 3900 11142 828 3684 290 2912 121 763
6814+bno3 37021 617 763 11142 6094 3920 1409 4128
6814+bno3 37021 617 290 11142 6094 3920 1409 4128
11614+bno0 4080 3684 121 763 1409 184 454 290
11614+bno0 4080 3684 121 11142 1409 184 454 290
11525+bno0 5092 11142 2874 1409 121 2665 3684 290
11525+bno0 5092 11142 2874 763 121 2665 3684 290
11550+bno0 5092 11142 2874 763 1409 2146 3684 290
11297+bno0 5092 11142 2874 121 763 1409 2146 3684
7166+bno1 426 5094 3684 11142 763 121 1409 5184
7166+bno1 426 5094 3684 11142 763 121 290 5184
6016+bno1 19682 11259 121 290 763 1409 14497 5428
6016+bno1 19682 11259 121 290 11142 1409 14497 5428
8868+bno1 5675 121 767 2954 763 1409 290 5674
8868+bno1 5675 121 767 2954 11142 1409 290 5674
8871+bno0 5762 3684 2874 121 11142 1409 290 3755
9456+bno6 121 6842 3684 8430 19368 1409 763 11142
9456+bno5 121 6842 3684 8430 19368 1409 763 11142
10008+bno1 29596 7076 1409 121 11142 290 4177 6908
10008+bno1 29596 7076 763 121 11142 290 4177 6908
11614+bno0 7401 121 3684 11142 763 1119 297 1409
11614+bno0 7401 121 3684 11142 290 1119 297 1409
9576+bno7 121 7514 3684 2554 7515 290 1409 763
9576+bno6 121 7514 3684 2554 7515 11142 1409 763
9576+bno6 121 7514 3684 2554 7515 290 1409 763
9576+bno5 121 7514 3684 2554 7515 290 1409 763
9576+bno5 121 7514 3684 2554 7515 11142 1409 763
9452+bno6 121 8341 3684 6794 24021 763 1409 11142
9452+bno5 121 8341 3684 6794 24021 763 1409 11142
11614+bno0 936 3684 121 1409 290 14171 6101 763
11614+bno0 936 3684 121 1409 11142 14171 6101 763
10120+bno0 9479 2622 1409 4177 290 763 23504 11142
10120+bno0 9479 2622 121 4177 290 763 23504 11142
11777+bno7 3684 9762 121 5753 763 613 290 1409
11777+bno5 3684 9762 121 5753 11142 613 290 1409
11777+bno4 3684 9762 121 5753 11142 613 290 1409
11777+bno3 3684 9762 121 5753 11142 613 290 1409
8935+bno0 1142 121 7378 613 1409 763 18410 290
8935+bno0 1142 121 7378 613 1409 11142 18410 290
9801+bno1 18410 12185 1409 290 763 4953 11142 1142
7118+bno1 18410 12185 121 1409 290 4953 763 1142
7156+bno1 18410 12185 121 1409 290 4953 11142 1142
9801+bno1 18410 12185 3684 290 763 4953 11142 1142
8935+bno1 11522 11142 1186 2874 290 763 11498 121
8935+bno1 11522 11142 1186 2874 1409 763 11498 121
9444+bno7 121 26097 3684 25619 11841 1409 290 763
8998+bno1 26097 121 25619 3684 11142 1409 11841 763
8871+bno1 26097 121 25619 3684 11142 1409 290 11841
10033+bno1 26097 25619 2841 11142 3684 290 763 11841
10033+bno1 26097 25619 121 11142 6101 290 763 11841
2432+bno2 26226 26097 13650 1409 290 121 763 11841
3935+bno2 26226 26097 1409 13650 121 11142 763 11841
2432+bno2 26226 26097 13650 1409 290 3684 763 11841
3935+bno2 26226 26097 1409 13650 3684 11142 763 11841
7252+bno1 26097 26226 1409 3684 290 1898 763 11841
7252+bno1 26097 26226 1409 3684 11142 1898 763 11841
7252+bno1 26097 26226 1409 297 290 1898 763 11841
7252+bno1 26097 26226 1409 297 11142 1898 763 11841
10121+bno0 12595 3684 121 2874 1409 763 3609 11142
10121+bno0 12595 3684 121 2874 1409 290 3609 11142
9292+bno6 121 12679 613 9022 12676 1409 11142 763
11548+bno0 14595 11142 2874 290 1409 8891 3684 763
11548+bno1 8891 121 3684 290 763 14595 2874 1409
11297+bno0 14595 11142 2874 121 290 1409 8891 3684
11297+bno1 8891 121 3684 11142 290 763 14595 2874
11297+bno0 14850 763 4953 3684 1409 11142 4140 121
11297+bno0 14850 763 4953 3684 290 11142 4140 121
7154+bno0 15073 11072 11142 763 121 4177 290 15227
7154+bno0 15073 11072 11142 763 121 4177 1409 15227
8883+bno0 16082 2874 3684 11142 121 1409 763 4
8883+bno0 16082 2874 3684 11142 121 290 763 4
8150+bno3 7076 16287 763 6101 16132 18678 290 11142
8150+bno3 7076 16287 1409 6101 16132 18678 290 11142
6578+bno1 17054 6084 763 11142 290 5094 121 17016
6578+bno1 17054 6084 763 11142 1409 5094 121 17016
9456+bno6 121 18148 3684 3948 4709 763 1409 11142
9456+bno5 121 18148 3684 3948 4709 290 1409 11142
9456+bno5 121 18148 3684 3948 4709 763 1409 11142
8883+bno0 182 2874 3684 11142 121 1409 763 4
8883+bno0 182 2874 3684 11142 121 290 763 4
9452+bno5 121 18730 3684 14830 8003 1409 290 11142
3783+bno1 22023 20497 763 4144 290 121 21564 19637
3783+bno1 22023 20497 763 4144 11142 121 21564 19637
3783+bno1 22023 20497 290 13650 11142 121 21564 19637
3783+bno1 22023 20497 290 13650 763 121 21564 19637
9452+bno7 121 19683 3684 6794 23758 763 290 1409
9576+bno6 121 19683 3684 6794 23758 763 1409 11142
9452+bno6 121 19683 3684 6794 23758 763 290 1409
9700+bno5 121 19683 3684 6794 23758 290 1409 11142
9452+bno5 121 19683 3684 6794 23758 763 290 1409
9576+bno5 121 19683 3684 6794 23758 763 1409 11142
11614+bno0 19683 121 6794 2841 290 23758 1409 11142
9444+bno6 3684 21019 121 6818 21007 11142 763 1409
9444+bno5 3684 21019 121 6818 21007 11142 290 1409
8868+bno1 24016 121 1715 6794 1409 290 11142 23982
7156+bno1 29271 24953 290 3684 11142 13650 763 25265
7156+bno1 29271 24953 1409 3684 11142 13650 763 25265
7156+bno1 29271 24953 290 6094 11142 13650 763 25265
7156+bno1 29271 24953 1409 6094 11142 13650 763 25265
7154+bno1 29271 24953 121 1409 11142 20302 763 25265
8935+bno1 25935 121 21907 613 1409 11142 25852 763
8935+bno1 25935 121 21907 3948 1409 11142 25852 763
11602+bno1 23911 121 3684 1409 2233 26449 763 11142
11602+bno1 23911 121 3684 290 2233 26449 763 11142
9452+bno7 3684 919 121 6666 29291 1409 763 290
9452+bno6 3684 919 121 6666 29291 1409 763 290
9452+bno5 3684 919 121 6666 29291 1409 763 290
11548+bno1 21907 3684 121 1409 763 3517 613 11142
11548+bno1 21907 3684 121 290 763 3517 613 11142
11548+bno1 21907 3684 121 1409 763 3517 3948 11142
11548+bno1 21907 3684 121 290 763 3517 3948 11142
9456+bno7 3684 3708 121 2349 3725 1409 763 290
9456+bno6 3684 3708 121 2349 3725 1409 763 290
9456+bno5 3684 3708 121 2349 3725 1409 763 290
9537+bno5 3684 960 121 2874 5254 1409 11142 290
7154+bno1 6821 8446 121 1409 763 613 290 5526
7154+bno1 6821 8446 121 1409 763 3948 290 5526
8935+bno1 11783 11142 6277 5301 763 121 6517 290
8935+bno1 11783 11142 6277 5301 2841 1409 6517 290
8868+bno1 7611 121 4020 613 763 1409 290 6588
8868+bno1 7611 121 4020 613 11142 1409 290 6588
9452+bno7 121 8426 3684 6794 1190 763 1409 290
9452+bno6 121 8426 3684 6794 1190 763 1409 290
9452+bno5 121 8426 3684 6794 1190 763 1409 290
9576+bno5 121 3755 3684 2954 8860 1409 11142 290
9456+bno5 121 8860 3684 8430 3755 1409 11142 290
9576+bno7 121 2036 3684 2954 9120 763 290 1409
9576+bno6 121 2036 3684 2954 9120 763 290 1409
9576+bno5 121 2036 3684 2954 9120 11142 290 1409
9576+bno5 121 2036 3684 2954 9120 763 290 1409
9456+bno7 121 9120 3684 8430 2036 763 290 1409
9456+bno5 121 9120 3684 8430 2036 11142 290 1409
9537+bno6 3684 4690 121 7460 9391 1409 763 11142
9537+bno5 3684 4690 121 7460 9391 1409 763 11142
