11614 21684 3684 121 763 297 18238 11142 290
11614 21684 3684 121 763 297 18238 11142 1409
12292 16046 763 3684 11142 1847 121 2841 290
12292 16046 763 3684 11142 1847 121 2841 1409
12292 16046 763 3684 11142 1847 121 297 290
12292 16046 763 3684 11142 1847 121 297 1409
11614 21684 3684 121 763 297 11786 290 11142
11614 21684 3684 121 763 297 11786 1409 11142
11614 23758 121 3684 763 1409 10076 290 297
11614 23758 121 3684 763 1409 10076 290 18060
11614 10610 121 3684 763 11142 10076 290 18060
11614 10610 121 3684 763 1409 10076 290 18060
11614 2106 3684 121 290 18060 4144 763 1409
11614 2106 3684 121 290 1946 4144 763 1409
12292 1840 763 121 11142 1847 3684 297 290
12292 1840 763 121 11142 1847 3684 297 1409
12292 3473 763 3684 11142 1847 121 2841 290
12292 3473 763 3684 11142 1847 121 2841 1409
11614 6096 121 3684 763 290 4953 18060 1409
11614 6096 121 3684 763 11142 4953 18060 1409
10114 4659 2874 3684 11142 290 1409 519 121
10114 4659 2874 3684 11142 763 1409 519 121
11614 15887 3684 121 763 290 1306 2926 1409
11614 15887 3684 121 763 11142 1306 2926 1409
11614 916 3684 121 763 18060 4144 290 1409
11614 916 3684 121 763 1946 4144 290 1409
11614 11054 121 3684 1409 763 18128 290 1946
11614 11054 121 3684 1409 763 18128 11142 1946
9456 121 17498 3684 6794 11054 763 290 11142
9456 121 17498 3684 6794 11054 1409 290 11142
11614 17498 3684 121 290 1409 13265 11142 18060
11614 17498 3684 121 763 1409 13265 11142 18060
11614 9833 3684 121 763 1409 4144 290 18060
11614 9833 3684 121 763 1409 4144 290 1946
9576 121 21684 3684 6794 1190 763 290 11142
9576 121 21684 3684 6794 1190 763 290 1409
11614 1636 3684 121 11142 763 2874 1946 290
11614 1636 3684 121 11142 763 2874 1946 1409
11614 4542 3684 121 763 290 1310 11142 297
11614 4542 3684 121 763 1409 1310 11142 297
9456 121 33841 3684 8430 3521 290 11142 1409
9456 121 33841 3684 8430 3521 763 11142 1409
11669 1060 121 3684 11142 763 6794 8676 290
11669 1060 121 3684 1409 763 6794 8676 290
11614 22131 3684 121 1409 11142 8103 290 18060
11614 22131 3684 121 1409 6101 8103 290 763
11614 30412 3684 121 763 290 18238 11142 18060
11614 30412 3684 121 763 1409 18238 11142 18060
11614 26145 121 3684 763 290 3568 1409 297
11614 26145 121 3684 763 11142 3568 1409 297
11614 20557 121 3684 763 290 1463 18060 11142
11614 20557 121 3684 763 1409 1463 18060 11142
11614 4709 3684 121 290 763 8103 1409 18060
11614 4709 3684 121 290 6101 8103 1409 11142
12292 6770 1409 121 763 13650 3684 2841 11142
12292 6770 1409 121 18060 13650 3684 290 11142
11614 10204 121 3684 763 1946 1898 1409 290
11614 10204 121 3684 763 6101 1898 1409 290
11614 18571 3684 121 290 11142 8103 1409 18060
11614 18571 3684 121 290 763 8103 1409 18060
9452 121 7949 3684 6794 9564 11142 290 763
9452 121 7949 3684 6794 9564 1409 290 763
11614 3332 121 3684 763 297 10076 290 11142
11614 3332 121 3684 763 18060 10076 290 11142
9456 121 1049 3684 613 21907 290 11142 763
9456 121 1049 3684 613 21907 1409 11142 763
10533 121 3684 19783 11054 6794 763 290 11142
10533 121 3684 19783 11054 6794 1409 290 11142
11614 288 3684 121 11142 1465 83 290 1409
11614 288 3684 121 763 1465 83 290 1409
11614 288 3684 121 11142 1149 83 290 1409
11614 288 3684 121 763 1149 83 290 1409
11614 1046 3684 121 11142 1409 3927 290 4231
11614 1046 3684 121 763 1409 3927 290 4231
9456 121 11828 3684 6794 11054 763 290 11142
9456 121 11828 3684 6794 11054 1409 290 11142
11550 14515 3684 121 290 763 21123 6794 11142
11550 14515 3684 121 290 1409 21123 6794 11142
9576 121 5101 3684 12705 22295 290 1409 11142
9576 121 5101 3684 12705 22295 763 1409 11142
11614 16659 3684 121 1409 9072 824 763 290
11614 16659 3684 121 1409 454 824 763 290
11614 11056 3684 121 290 1149 3927 11142 1409
11614 11056 3684 121 763 1149 3927 11142 1409
9456 121 11825 3684 613 9022 290 763 11142
9456 121 11825 3684 613 9022 1409 763 11142
9456 121 11825 3684 12705 9022 290 763 11142
9456 121 11825 3684 12705 9022 1409 763 11142
9456 121 13061 3684 8430 18050 290 11142 1409
9456 121 13061 3684 8430 18050 763 11142 1409
9456 121 14319 3684 6794 11054 763 290 11142
9456 121 14319 3684 6794 11054 1409 290 11142
11614 16767 3684 121 1409 18060 8103 290 11142
11614 16767 3684 121 1409 6101 8103 290 11142
11614 37338 3684 121 1409 290 6818 2926 763
11614 37338 3684 121 1409 11142 6818 2926 763
9456 121 1028 3684 8430 972 763 290 11142
9700 121 1028 3684 8430 972 290 1409 11142
9452 121 1028 3684 8430 972 763 290 1409
9576 121 1028 3684 8430 972 763 1409 11142
11614 1028 121 8430 763 6094 972 1409 11142
9456 121 1028 3684 613 972 763 290 11142
9700 121 1028 3684 613 972 290 1409 11142
9452 121 1028 3684 613 972 763 290 1409
9576 121 1028 3684 613 972 763 1409 11142
11614 1028 121 613 763 6094 972 1409 11142
9456 121 13360 3684 613 10583 290 11142 763
9456 121 13360 3684 613 10583 290 1409 763
9110 13360 3684 4144 121 290 11142 11376 763
8877 13360 3684 4144 121 290 11142 1409 11376
10015 13360 3684 4144 121 11142 1409 11376 763
11614 14105 3684 121 1409 11142 6818 4177 290
11614 14105 3684 121 1409 763 6818 4177 290
10114 2628 2874 3684 11142 290 1409 519 121
10114 2628 2874 3684 11142 763 1409 519 121
11614 31524 121 3684 763 297 10076 290 1409
11614 31524 121 3684 763 18060 10076 290 1409
9576 121 9928 3684 6794 7041 763 290 1409
9576 121 9928 3684 6794 7041 763 11142 1409
11614 10333 3684 121 290 11142 8103 1409 6101
11614 10333 3684 121 290 763 8103 1409 6101
11614 1606 121 6794 1409 6094 27 11142 290
11614 1606 121 3684 1409 454 27 11142 290
8871 16409 3684 2874 121 11142 290 1409 519
8871 16409 3684 2874 121 11142 763 1409 519
11614 18000 121 3684 763 290 9449 11142 18060
11614 18000 121 3684 763 1409 9449 11142 18060
9456 121 19874 3684 6794 11054 763 290 11142
9456 121 19874 3684 6794 11054 1409 290 11142
11614 5723 3684 121 1409 763 8103 297 11142
11614 5723 3684 121 1409 18060 8103 290 11142
10129 1261 121 3684 6794 11142 763 49 290
10129 1261 121 3684 6794 11142 1409 49 290
10129 22789 121 3684 6794 11142 290 49 763
10129 22789 121 3684 6794 11142 1409 49 763
9456 121 22789 3684 8430 2622 1409 290 763
9456 121 22789 3684 8430 2622 1409 11142 763
11614 9481 3684 121 11142 763 4910 290 1465
11614 9481 3684 121 1409 763 4910 290 1465
11614 13108 121 3684 763 18060 9449 11142 1409
11614 13108 121 3684 763 4177 9449 11142 1409
10129 13400 121 3684 8430 290 763 6862 11142
10129 13400 121 3684 8430 1409 763 6862 11142
10128 14157 121 3684 8430 290 763 3995 11142
10128 14157 121 3684 8430 1409 763 3995 11142
9456 3684 23736 121 1131 15517 763 290 11142
9456 3684 23736 121 1131 15517 1409 290 11142
12292 4433 763 121 290 1847 3684 297 11142
12292 4433 763 121 1409 1847 3684 297 11142
9452 121 11332 3684 8430 8648 11142 1409 290
9452 121 11332 3684 8430 8648 763 1409 290
9452 121 11332 3684 3948 8648 11142 1409 290
9452 121 11332 3684 3948 8648 763 1409 290
10129 13506 121 3684 6794 1409 11142 8508 290
10129 13506 121 3684 6794 1409 763 8508 290
12292 23980 290 121 18060 13650 3684 1409 11142
12292 23980 290 121 763 13650 3684 1409 6101
9456 121 26809 3684 12705 23141 11142 290 763
9456 121 26809 3684 12705 23141 1409 290 763
9576 121 519 3684 2954 5263 290 11142 1409
9576 121 519 3684 2954 5263 763 11142 1409
9456 3684 5263 121 6666 519 290 11142 1409
9456 3684 5263 121 6666 519 763 11142 1409
11614 17308 11142 2874 763 290 5730 1409 297
11614 17308 11142 2874 121 290 5730 1409 297
9452 121 8353 3684 8430 33842 763 290 11142
9452 121 8353 3684 8430 33842 1409 290 11142
11614 8769 121 3684 763 290 5701 6101 11142
11614 8769 121 3684 763 1409 5701 6101 11142
11614 8769 121 3684 763 290 5701 4177 11142
11614 8769 121 3684 763 1409 5701 4177 11142
9456 121 8769 3684 6794 16323 290 1409 11142
9456 121 8769 3684 6794 16323 763 1409 11142
10533 121 3684 15388 848 2954 290 11142 763
10533 121 3684 15388 848 2954 1409 11142 763
10128 17846 121 3684 613 290 763 17913 11142
10128 17846 121 3684 613 1409 763 17913 11142
10014 17846 3684 2874 121 290 763 17913 11142
10014 17846 3684 2874 121 1409 763 17913 11142
11614 25494 121 3684 763 4177 22971 1409 290
11677 121 25494 3684 22971 6794 11142 1409 290
11597 121 25494 3684 22971 6794 763 1409 290
11500 121 25494 3684 22971 6794 763 11142 1409
11614 25494 121 3684 763 297 801 290 1409
11614 25494 121 3684 763 4177 801 290 1409
7154 26459 3803 121 11142 763 8430 290 15411
7154 26459 3803 121 1409 763 8430 290 15411
11614 38434 121 3684 763 11142 5583 1946 290
11614 38434 121 3684 763 1409 5583 1946 290
11614 38434 121 3684 763 11142 5583 4177 290
11614 38434 121 3684 763 1409 5583 4177 290
9541 3684 5101 121 2874 3848 290 11142 1409
9541 3684 5101 121 2874 3848 763 11142 1409
11614 8435 121 3684 1409 6101 3493 290 11142
11614 8435 121 3684 1409 6101 3493 763 11142
11614 8435 121 3684 1409 2926 3493 290 11142
11614 8435 121 3684 1409 2926 3493 763 11142
10128 9342 121 3684 6794 290 763 8032 11142
10128 9342 121 3684 6794 290 1409 8032 11142
9700 121 12968 3684 613 21907 763 290 11142
9576 121 12968 3684 613 21907 1409 290 11142
9452 121 12968 3684 613 21907 1409 763 290
9456 121 12968 3684 613 21907 1409 763 11142
11614 12968 121 613 6094 763 21907 290 11142
11614 12968 3684 121 763 1946 6129 11142 290
11614 12968 3684 121 763 6101 6129 11142 290
9576 121 22131 3684 2954 17503 11142 290 763
9576 121 22131 3684 2954 17503 1409 290 763
8868 20026 121 21907 613 290 763 11142 23381
8868 20026 121 21907 613 1409 763 11142 23381
11188 121 2206 8430 10265 3684 290 763 11142
11188 121 2206 8430 10265 3684 1409 763 11142
9456 121 23981 3684 8430 3521 290 1409 11142
9456 121 23981 3684 8430 3521 763 1409 11142
10533 3684 121 26222 519 6666 290 11142 1409
10533 3684 121 26222 519 6666 763 11142 1409
9015 26222 3684 2874 121 11142 290 519 1409
9015 26222 3684 2874 121 11142 763 519 1409
11614 27013 121 3684 11142 4177 4580 1409 290
11614 27013 121 3684 11142 1149 4580 1409 290
11550 4494 3684 121 763 290 425 613 11142
11550 4494 3684 121 1409 290 425 613 11142
9452 121 5761 3684 613 11640 11142 290 1409
9452 121 5761 3684 613 11640 763 290 1409
9456 121 9927 3684 8430 972 763 11142 290
9456 121 9927 3684 8430 972 1409 11142 290
11614 10052 121 3684 763 11142 4720 290 6101
11614 10052 121 3684 1409 11142 4720 290 6101
10533 121 3684 20746 23141 12705 11142 290 763
10533 121 3684 20746 23141 12705 1409 290 763
9452 121 21061 3684 8430 6096 290 1409 763
9452 121 21061 3684 8430 6096 11142 1409 763
9576 121 20787 3684 6794 25609 290 11142 763
9576 121 20787 3684 6794 25609 290 1409 763
11614 27895 3684 121 290 11142 22989 4231 1409
11614 27895 3684 121 763 11142 22989 4231 1409
10128 350 121 3684 6794 290 763 8032 11142
10128 350 121 3684 6794 290 1409 8032 11142
11614 350 3684 121 290 763 8032 11142 2926
11614 350 3684 121 290 1409 8032 11142 2926
10128 6768 121 3684 6794 763 290 1114 11142
10128 6768 121 3684 6794 1409 290 1114 11142
9456 121 6768 3684 8430 1121 763 290 11142
9456 121 6768 3684 8430 1121 763 1409 11142
11614 7895 121 3684 1409 1946 1898 763 290
11614 7895 121 3684 1409 11142 1898 763 6101
9537 3684 5101 121 2874 8363 290 11142 1409
9537 3684 5101 121 2874 8363 763 11142 1409
11614 8894 121 3684 290 1946 7743 11142 763
11614 8894 121 3684 1409 1946 7743 11142 763
11614 8894 121 3684 290 4177 7743 11142 763
11614 8894 121 3684 1409 4177 7743 11142 763
9576 121 9022 3684 2954 17073 290 763 11142
9576 121 9022 3684 2954 17073 1409 763 11142
10533 121 3684 17073 9022 12705 290 763 11142
10533 121 3684 17073 9022 12705 1409 763 11142
12292 19078 1409 121 290 6043 3684 18060 11142
12292 19078 1409 121 763 6043 3684 18060 11142
12292 20417 290 3684 1409 4428 121 11142 18060
12292 20417 763 3684 1409 4428 121 11142 18060
11614 25954 121 3684 290 11142 12357 763 9072
11614 25954 121 3684 1409 11142 12357 763 9072
11614 25954 3684 121 1409 290 3077 9072 763
11614 25954 3684 121 1409 11142 3077 9072 763
11614 7228 121 3684 290 9072 12357 763 11142
11614 7228 121 3684 1409 9072 12357 763 11142
11614 7228 121 3684 1409 290 14493 763 6101
11614 7228 121 3684 1409 4177 14493 763 11142
9456 121 8977 3684 2294 1606 763 11142 290
9456 121 8977 3684 2294 1606 1409 11142 290
9456 121 9942 3684 2954 10779 11142 1409 290
9456 121 9942 3684 2954 10779 11142 1409 763
9576 121 12734 3684 8430 4661 290 763 11142
9576 121 12734 3684 8430 4661 1409 763 11142
11614 12734 121 8430 290 6094 4661 763 11142
11614 12734 121 8430 1409 6094 4661 763 11142
11614 17294 3684 121 290 763 17913 11142 1465
11614 17294 3684 121 1409 763 17913 11142 1465
10128 17294 121 3684 613 290 763 17913 11142
10128 17294 121 3684 613 1409 763 17913 11142
9452 3684 16002 121 1131 17294 763 11142 290
9452 3684 16002 121 1131 17294 1409 11142 290
11614 18420 121 3684 1409 4177 22971 763 290
11614 18420 121 3684 1409 4177 22971 763 11142
11614 18420 121 6794 1409 6094 22971 763 290
11614 18420 121 6794 1409 6094 22971 763 11142
11614 519 121 3684 290 763 19071 18060 1409
11614 519 121 3684 290 1465 19071 11142 1409
11614 4054 121 3684 290 763 19071 297 1409
11614 4054 121 3684 290 763 19071 18060 1409
11614 19965 3684 121 11142 4177 7952 1409 290
11614 19965 3684 121 763 4177 7952 1409 290
10652 19965 121 3684 6794 11142 7952 1409 290
10652 19965 121 3684 6794 763 7952 1409 290
9456 121 19965 3684 6794 2361 763 11142 290
9700 121 19965 3684 6794 2361 11142 1409 290
9576 121 19965 3684 6794 2361 763 1409 290
9452 121 19965 3684 6794 2361 763 11142 1409
11614 19965 121 6794 763 6094 2361 1409 290
11614 29980 3684 121 11142 290 4707 2926 763
11614 29980 3684 121 11142 1409 4707 2926 763
11614 29980 3684 121 290 11142 17988 763 2926
11614 29980 3684 121 1409 11142 17988 763 2926
11668 327 121 3684 290 763 8430 26178 11142
11668 327 121 3684 1409 763 8430 26178 11142
11614 4129 121 3684 763 2926 12357 290 11142
11614 4129 121 3684 1409 2926 12357 290 11142
11614 4129 121 3684 763 9072 12357 290 11142
11614 4129 121 3684 1409 9072 12357 290 11142
11614 5217 3684 121 763 290 824 1409 6101
11614 5217 3684 121 763 11142 824 1409 6101
11614 6749 121 8430 763 290 806 11142 6094
11614 6749 121 8430 763 1409 806 11142 6094
11614 6822 121 3684 763 18060 9449 11142 290
11614 6822 121 3684 763 4177 9449 11142 290
12292 8460 763 121 290 7934 3684 1409 18060
12292 8460 763 121 11142 7934 3684 1409 18060
11614 914 121 3684 290 1409 801 18060 11142
11614 914 121 3684 763 1409 801 18060 11142
8883 965 2874 3684 11142 121 290 1409 8680
8883 965 2874 3684 11142 121 763 1409 8680
11614 20787 3684 121 290 4177 10328 11142 1409
11614 20787 3684 121 290 4177 10328 763 1409
9456 121 11134 3684 8430 1266 290 11142 1409
9456 121 11134 3684 8430 1266 290 763 1409
11188 121 11847 8430 972 3684 763 11142 290
11188 121 11847 8430 972 3684 1409 11142 290
11188 121 11847 613 972 3684 763 11142 290
11188 121 11847 613 972 3684 1409 11142 290
9456 121 16639 3684 6794 18943 11142 290 763
9456 121 16639 3684 6794 18943 11142 1409 763
9452 121 16639 3684 613 15517 1409 290 763
9452 121 16639 3684 613 15517 1409 11142 763
9452 3684 16639 121 1131 15517 1409 290 763
9452 3684 16639 121 1131 15517 1409 11142 763
9452 121 17246 3684 613 8719 11142 290 763
9452 121 17246 3684 613 8719 1409 290 763
10129 17246 2874 11142 6094 290 1409 19276 763
10129 17246 2874 11142 6094 121 1409 19276 763
11614 19493 121 3684 290 18060 20186 11142 1409
11614 19493 121 3684 763 18060 20186 11142 1409
11614 19493 121 3684 290 6101 20186 11142 1409
11614 19493 121 3684 763 6101 20186 11142 1409
12292 18086 763 121 290 19844 3684 18060 11142
12292 18086 1409 121 290 19844 3684 18060 11142
12292 18086 763 121 290 19844 3684 1946 11142
12292 18086 1409 121 290 19844 3684 1946 11142
12292 21902 290 3684 18060 4428 121 763 1409
12292 21902 11142 3684 18060 4428 121 763 1409
12292 21902 290 3684 4231 4428 121 763 1409
12292 21902 11142 3684 4231 4428 121 763 1409
11614 17308 3684 121 290 763 21902 2530 1409
11614 17308 3684 121 11142 763 21902 2530 1409
11614 17308 3684 121 290 763 21902 2290 1409
11614 17308 3684 121 11142 763 21902 2290 1409
9448 3684 23355 121 943 16659 11142 290 763
9448 3684 23355 121 943 16659 1409 290 763
9576 121 16659 3684 15837 23355 11142 290 763
9576 121 16659 3684 15837 23355 1409 290 763
9452 3684 24423 121 11540 15887 290 1409 11142
9452 3684 24423 121 11540 15887 763 1409 11142
8877 29433 3684 2874 121 11142 290 763 23860
8877 29433 3684 2874 121 11142 1409 763 23860
8935 23540 121 12898 6794 290 11142 32507 763
8935 23540 121 12898 6794 1409 11142 32507 763
9452 121 32660 3684 8430 12898 290 11142 763
9452 121 32660 3684 8430 12898 1409 11142 763
12292 121 6794 33047 3684 1047 763 1409 290
12292 33047 11142 121 2926 1047 3684 1409 290
11614 3642 121 3684 11142 1409 36285 290 1149
11614 3642 121 3684 763 1409 36285 290 1149
11614 36469 3684 121 763 290 14379 1149 11142
11614 36469 3684 121 1409 290 14379 1149 11142
9452 3684 36469 121 11540 4649 763 290 11142
9452 3684 36469 121 11540 4649 763 1409 11142
12292 401 6794 763 11142 121 1464 3684 290
12292 401 6794 763 1409 121 1464 3684 290
9456 121 54780 3684 6794 402 1409 11142 290
9456 121 54780 3684 6794 402 1409 11142 763
12292 8779 11142 121 1946 8676 3684 1409 290
12292 8779 11142 121 763 8676 3684 6101 290
11614 92 3684 121 763 11142 2191 290 18060
11614 92 3684 121 763 1409 2191 290 18060
9456 121 9253 3684 3948 8755 290 763 11142
9456 121 9253 3684 3948 8755 1409 763 11142
10533 121 3684 9565 9022 613 290 763 11142
10533 121 3684 9565 9022 613 1409 763 11142
9456 121 9565 3684 12705 9022 290 763 11142
9456 121 9565 3684 12705 9022 1409 763 11142
10533 121 3684 9565 972 8430 763 290 11142
10533 121 3684 9565 972 8430 1409 290 11142
10533 121 3684 9565 972 613 763 290 11142
10533 121 3684 9565 972 613 1409 290 11142
9452 121 3485 3684 6794 10876 290 763 1409
9452 121 3485 3684 6794 10876 11142 763 1409
11614 12844 121 3684 290 1946 3206 763 11142
11614 12844 121 3684 290 6101 3206 763 11142
11614 13279 3684 121 11142 290 6651 9072 763
11614 13279 3684 121 11142 1409 6651 9072 763
9452 121 13279 3684 8430 4661 290 11142 763
9452 121 13279 3684 8430 4661 1409 11142 763
9452 121 13785 3684 9025 13388 290 11142 763
9452 121 13785 3684 9025 13388 1409 11142 763
11564 14155 3684 121 290 763 2060 6794 11142
11564 14155 3684 121 1409 763 2060 6794 11142
9576 121 519 3684 2954 15478 290 11142 1409
9576 121 519 3684 2954 15478 763 11142 1409
9456 3684 15478 121 6666 519 290 11142 1409
9456 3684 15478 121 6666 519 763 11142 1409
9576 121 10779 3684 8430 17050 11142 290 763
9576 121 10779 3684 8430 17050 11142 1409 763
9456 121 17050 3684 2954 10779 11142 290 763
9456 121 17050 3684 2954 10779 11142 1409 763
9452 121 8857 3684 8430 17253 763 11142 290
9452 121 8857 3684 8430 17253 1409 11142 290
9456 121 17361 3684 3948 12205 11142 290 763
9456 121 17361 3684 3948 12205 11142 1409 763
9452 3684 19186 121 11540 4649 11142 290 763
9456 3684 19186 121 11540 4649 11142 290 1409
9700 3684 19186 121 11540 4649 290 763 1409
9576 3684 19186 121 11540 4649 11142 763 1409
9444 3684 19186 121 7460 4649 11142 290 763
9456 3684 19186 121 7460 4649 11142 290 1409
9664 3684 19186 121 7460 4649 290 763 1409
9541 3684 19186 121 7460 4649 11142 763 1409
10533 3684 121 1094 19186 12166 290 763 1409
10533 3684 121 1094 19186 12166 11142 763 1409
9576 3684 19186 121 10366 1094 290 763 1409
9576 3684 19186 121 10366 1094 11142 763 1409
9456 121 19433 3684 3948 21907 290 763 11142
9456 121 19433 3684 3948 21907 1409 763 11142
9576 3684 21907 121 1131 19433 290 763 11142
9576 3684 21907 121 1131 19433 1409 763 11142
11614 20369 3684 121 763 1946 6481 11142 290
10652 20369 121 3684 6794 763 6481 11142 290
10704 20369 121 3684 6794 1409 6481 11142 290
10129 20369 121 3684 6794 763 1409 6481 290
10128 20369 121 3684 6794 763 1409 6481 11142
10129 21029 121 3684 6794 11142 290 6481 1409
10129 21029 121 3684 6794 763 290 6481 1409
9452 121 24819 3684 6794 23408 1409 290 763
9452 121 24819 3684 6794 23408 1409 11142 763
11614 24819 121 6794 1409 290 23408 763 6094
11614 24819 121 6794 1409 11142 23408 763 6094
11614 24819 121 6794 290 11142 18086 763 6094
11614 24819 121 6794 1409 11142 18086 763 6094
11614 31677 121 3684 1409 1946 1898 763 290
11614 31677 121 3684 1409 6101 1898 763 290
11614 6154 121 3684 763 297 5963 1409 11142
11614 6154 121 3684 763 1946 5963 1409 11142
9456 121 6154 3684 8430 972 763 290 11142
9700 121 6154 3684 8430 972 290 1409 11142
9452 121 6154 3684 8430 972 763 290 1409
9576 121 6154 3684 8430 972 763 1409 11142
11614 6154 121 8430 763 6094 972 1409 11142
10533 121 3684 73942 23408 6794 763 290 11142
10533 121 3684 73942 23408 6794 1409 290 11142
11614 7514 121 3684 11142 297 828 763 1409
11614 7514 121 3684 11142 18060 828 763 1409
12292 3206 763 121 290 8140 3684 297 1409
12292 3206 763 121 290 8140 3684 1946 1409
9452 121 8814 3684 613 6514 11142 290 1409
9452 121 8814 3684 613 6514 763 290 1409
9456 121 10105 3684 6794 250 763 11142 290
9456 121 10105 3684 6794 250 763 1409 290
9456 121 10893 3684 613 9871 11142 290 763
9452 121 10893 3684 613 9871 11142 290 1409
9700 121 10893 3684 613 9871 290 1409 763
9576 121 10893 3684 613 9871 11142 1409 763
11614 10893 121 613 11142 6094 9871 1409 763
11500 121 11733 8430 6756 3684 1409 290 763
11500 121 11733 8430 6756 3684 1409 11142 763
9452 121 11897 3684 6794 11318 11142 290 763
9452 121 11897 3684 6794 11318 11142 1409 763
11614 11897 121 6794 11142 290 11318 763 6094
11614 11897 121 6794 11142 1409 11318 763 6094
11614 12824 3684 121 11142 9072 26522 290 1409
11614 12824 3684 121 763 9072 26522 290 1409
11614 12824 3684 121 11142 3324 26522 290 1409
11614 12824 3684 121 763 3324 26522 290 1409
11614 12961 3684 121 763 290 3132 1409 4231
11614 12961 3684 121 763 11142 3132 1409 4231
11548 8452 3684 121 290 11142 14166 3948 763
11548 8452 3684 121 1409 11142 14166 3948 763
5792 8452 3684 21684 121 290 11142 14166 763
5792 8452 3684 21684 121 1409 11142 14166 763
10128 15197 3684 121 1131 290 11142 7378 1409
10128 15197 3684 121 1131 290 763 7378 1409
9452 121 15512 3684 613 13168 290 11142 763
9452 121 15512 3684 613 13168 290 1409 763
9452 121 15512 3684 3948 13168 290 11142 763
9452 121 15512 3684 3948 13168 290 1409 763
11614 18141 121 3684 290 1946 440 763 11142
11614 18141 121 3684 1409 1946 440 763 11142
11597 121 10265 3684 1837 8430 290 763 11142
11597 121 10265 3684 1837 8430 1409 763 11142
11614 18393 3684 121 763 290 1310 11142 297
11614 18393 3684 121 763 1409 1310 11142 297
10128 19229 519 290 121 1409 11142 18181 18060
10128 19229 519 763 121 1409 11142 18181 18060
11614 2274 3684 121 11142 290 6651 454 763
11614 2274 3684 121 11142 1409 6651 454 763
11614 23911 3684 121 290 2926 30081 11142 763
11614 23911 3684 121 290 9072 30081 11142 763
9452 121 17581 3684 8430 25005 1409 763 290
9452 121 17581 3684 8430 25005 1409 763 11142
11614 25726 3684 121 290 11142 4706 1409 1149
11614 25726 3684 121 290 763 4706 1409 1149
9452 121 25726 3684 6794 13694 290 11142 1409
9452 121 25726 3684 6794 13694 290 763 1409
10129 30149 2481 1409 11142 290 121 24757 18060
10129 30149 2481 1409 11142 763 121 24757 18060
8868 21698 121 6756 8430 763 290 11142 36061
8868 21698 121 6756 8430 1409 290 11142 36061
11870 121 3898 6794 3684 290 3635 11142 763
11668 3898 121 6794 1409 290 3684 3635 11142
11669 3898 121 6794 1409 290 3684 3635 763
11614 4606 121 3684 11142 1409 1840 78 290
11614 4606 121 3684 763 1409 1840 78 290
11188 121 4606 3684 1840 3948 11142 1409 290
11188 121 4606 3684 1840 3948 763 1409 290
9456 121 4606 3684 2954 2968 11142 763 290
9456 121 4606 3684 2954 2968 11142 1409 290
9452 121 5181 3684 9025 23736 290 11142 1409
9452 121 5181 3684 9025 23736 763 11142 1409
11614 6882 121 3684 1409 6101 27 11142 290
11614 6882 121 3684 1409 6101 27 11142 763
11614 6882 121 6794 1409 6094 27 11142 290
11614 6882 121 6794 1409 6094 27 11142 763
11307 7851 121 3684 763 11142 290 7107 6085
11307 7851 121 3684 763 1409 290 7107 6085
9057 13360 121 4661 8430 290 11142 9118 763
9057 13360 121 4661 8430 1409 11142 9118 763
10385 121 6794 2602 9335 6307 11142 290 763
10385 121 6794 2602 9335 6307 1409 290 763
11307 9621 763 1847 3684 290 11142 5360 121
11307 9621 763 1847 3684 1409 11142 5360 121
11307 9621 763 6085 3684 290 11142 5360 121
11307 9621 763 6085 3684 1409 11142 5360 121
9456 121 10461 3684 6794 2361 763 290 11142
9456 121 10461 3684 6794 2361 1409 290 11142
9452 121 10591 3684 8430 4872 763 290 11142
9452 121 10591 3684 8430 4872 1409 290 11142
7154 12044 9564 121 763 11142 6794 290 11281
7154 12044 9564 121 1409 11142 6794 290 11281
8950 11281 121 15517 8430 763 290 12044 11142
8950 11281 121 15517 8430 1409 290 12044 11142
8950 11281 121 15517 613 763 290 12044 11142
8950 11281 121 15517 613 1409 290 12044 11142
7154 12425 9564 121 763 11142 6794 290 11281
7154 12425 9564 121 1409 11142 6794 290 11281
9452 121 12586 3684 12705 22758 290 763 11142
9452 121 12586 3684 12705 22758 1409 763 11142
10495 3684 121 14181 519 2874 290 11142 1409
10495 3684 121 14181 519 2874 763 11142 1409
12292 5091 1409 121 763 14289 3684 2841 11142
12292 5091 1409 121 763 14289 3684 297 11142
9456 121 14885 3684 8430 10265 290 11142 763
9452 121 14885 3684 8430 10265 290 11142 1409
9576 121 14885 3684 8430 10265 290 1409 763
9700 121 14885 3684 8430 10265 11142 1409 763
11614 14885 121 8430 6094 11142 10265 1409 763
11614 15852 3684 121 1409 290 370 2926 763
11614 15852 3684 121 1409 11142 370 2926 763
11614 26013 3684 121 11142 290 18702 763 4177
11614 26013 3684 121 1409 290 18702 763 4177
11614 26013 3684 121 11142 290 18702 763 2926
11614 26013 3684 121 1409 290 18702 763 2926
10128 2146 21684 763 121 6094 1409 5714 290
10128 2146 21684 763 121 18060 1409 5714 290
11188 121 22146 613 12205 3684 11142 290 763
11188 121 22146 613 12205 3684 11142 1409 763
8868 19881 121 9022 8430 290 763 11142 22429
8868 19881 121 9022 8430 1409 763 11142 22429
9801 19881 1096 1409 11142 121 3684 290 22429
9801 19881 1096 1409 11142 121 3684 763 22429
11451 24433 1409 1096 121 290 22429 11142 3684
11451 24433 1409 1096 121 763 22429 11142 3684
10129 24094 2874 11142 6094 290 763 19276 1409
10129 24094 2874 11142 6094 121 763 19276 1409
9456 121 24854 3684 6794 18943 11142 290 1409
9456 121 24854 3684 6794 18943 11142 763 1409
9456 121 25791 3684 6794 15293 11142 290 763
9456 121 25791 3684 6794 15293 1409 290 763
11614 25931 3684 121 763 290 824 1409 9072
11614 25931 3684 121 763 290 824 1409 454
9452 121 30015 3684 8430 16537 11142 763 290
9452 121 30015 3684 8430 16537 1409 763 290
8935 27206 121 12978 6794 11142 290 3365 763
8935 27206 121 12978 6794 1409 290 3365 763
9452 121 36244 3684 8430 4661 290 11142 763
9452 121 36244 3684 8430 4661 1409 11142 763
11325 4275 3684 121 11142 290 1409 2874 8680
11325 4275 3684 121 11142 763 1409 2874 8680
8883 5977 3684 2874 121 11142 1409 290 3609
8883 5977 3684 2874 121 11142 1409 763 3609
7154 1663 1715 121 763 1409 6794 290 6349
7154 1663 1715 121 763 1409 6794 11142 6349
9533 121 7254 3684 1715 6349 290 763 1409
9533 121 7254 3684 1715 6349 11142 763 1409
10129 6349 2968 11142 1149 290 763 7254 1409
10129 6349 2968 121 1149 290 763 7254 1409
9576 3684 2883 121 5690 6898 11142 1409 290
9576 3684 2883 121 5690 6898 763 1409 290
9452 3684 3897 121 6666 6985 290 1409 11142
9452 3684 3897 121 6666 6985 763 1409 11142
9452 121 7739 3684 8430 812 11142 290 1409
9452 121 7739 3684 8430 812 763 290 1409
11500 121 8084 12705 12981 3684 11142 763 290
11500 121 8084 12705 12981 3684 1409 763 290
12095 8084 121 11142 1131 763 12981 3684 290
12095 8084 121 1409 1131 763 12981 3684 290
9452 121 10537 3684 12705 4137 290 11142 763
9452 121 10537 3684 12705 4137 1409 11142 763
8951 12896 121 9022 8430 290 763 11763 11142
8951 12896 121 9022 8430 1409 763 11763 11142
11614 11863 121 3684 763 297 3199 290 11142
11614 11863 121 3684 763 297 3199 290 1409
11614 11863 121 3684 763 1946 3199 290 11142
11614 11863 121 3684 763 1946 3199 290 1409
11548 11980 3684 121 763 290 582 6794 11142
11548 11980 3684 121 763 1409 582 6794 11142
11614 12419 121 3684 11142 454 385 1409 290
11614 12419 121 3684 763 454 385 1409 290
11614 12419 121 3684 11142 1149 385 1409 290
11614 12419 121 3684 763 1149 385 1409 290
8935 20522 121 5069 20302 290 1409 12952 11142
8935 20522 121 5069 20302 763 1409 12952 11142
9456 3684 13481 121 5690 14771 290 11142 763
9456 3684 13481 121 5690 14771 1409 11142 763
9537 3684 23758 121 2874 13766 763 11142 290
9537 3684 23758 121 2874 13766 1409 11142 290
11548 2029 3684 121 290 763 13834 2954 11142
11548 2029 3684 121 1409 763 13834 2954 11142
11297 15161 290 14497 3684 11142 763 14840 121
11297 15161 290 14497 3684 1409 763 14840 121
11614 15139 3684 121 11142 290 2481 1409 18060
11614 15139 3684 121 11142 763 2481 1409 18060
8935 15411 121 4661 8430 290 11142 3160 763
8935 15411 121 4661 8430 1409 11142 3160 763
10128 22295 3684 121 10400 290 1409 15566 11142
10128 22295 3684 121 10400 763 1409 15566 11142
10128 22295 3684 121 10194 290 1409 15566 11142
10128 22295 3684 121 10194 763 1409 15566 11142
11548 9481 121 3684 11142 1409 15566 6666 290
11548 9481 121 3684 763 1409 15566 6666 290
11614 15792 3684 121 11142 9072 3473 763 1409
11614 15792 3684 121 11142 78 3473 763 1409
9456 3684 7932 121 1131 15792 290 763 1409
9456 3684 7932 121 1131 15792 11142 763 1409
8868 16529 763 6710 21684 290 11142 6094 16571
8868 16529 763 6710 21684 1409 11142 6094 16571
11614 1672 121 3684 763 290 5701 1465 11142
11614 1672 121 3684 763 1409 5701 1465 11142
10129 1672 121 3684 3948 290 1409 39082 11142
10129 1672 121 3684 3948 763 1409 39082 11142
11614 17173 3684 121 290 1409 26522 763 9072
11614 17173 3684 121 11142 1409 26522 763 9072
11614 17255 121 3684 290 1149 6503 11142 763
11614 17255 121 3684 1409 1149 6503 11142 763
8871 17036 121 353 3684 763 290 11142 17255
8871 17036 121 353 3684 763 1409 11142 17255
10128 17036 353 121 763 290 11142 17255 6094
10128 17036 353 121 763 1409 11142 17255 6094
5261 18662 1266 121 6794 290 763 11142 2246
5261 18662 1266 121 6794 290 763 1409 2246
9452 3684 28172 121 5690 19355 11142 1409 290
9452 3684 28172 121 5690 19355 763 1409 290
11614 19706 121 3684 763 2926 10602 11142 1409
11188 121 19706 3684 10602 8430 763 290 1409
11188 121 10602 8430 19706 3684 763 11142 1409
11614 10602 121 8430 6094 11142 19706 290 1409
11614 20804 121 3684 763 290 25889 3324 11142
11614 20804 121 3684 1409 290 25889 3324 11142
11548 12996 763 21684 6094 11142 21701 121 290
11548 12996 763 21684 18060 11142 21701 121 290
10501 121 3684 22253 405 766 11142 763 290
10501 121 3684 22253 405 766 1409 763 290
12095 22253 121 11142 763 6094 405 766 290
12095 22253 121 1409 763 6094 405 766 290
9452 121 22253 3684 9025 405 11142 763 290
9452 121 22253 3684 9025 405 1409 763 290
11614 23136 3684 121 290 18060 3545 11142 1409
11614 23136 3684 121 290 18060 3545 763 1409
11614 23136 3684 121 290 1946 3545 11142 1409
11614 23136 3684 121 290 1946 3545 763 1409
11614 23136 3684 121 290 4177 22714 1409 11142
11614 23136 3684 121 290 4177 22714 1409 763
11614 23136 3684 121 290 2926 22714 1409 11142
11614 23136 3684 121 290 2926 22714 1409 763
9456 3684 25136 121 1131 17261 11142 763 290
9456 3684 25136 121 1131 17261 1409 763 290
9452 121 25869 3684 12705 22758 290 763 1409
9452 121 25869 3684 12705 22758 11142 763 1409
9452 121 25869 3684 20302 22758 290 763 1409
9452 121 25869 3684 20302 22758 11142 763 1409
11074 26579 1409 13650 3684 121 11142 9124 290
11074 26579 1409 13650 3684 121 763 9124 290
8148 21684 26353 763 3684 27140 3651 290 11142
8148 21684 26353 763 3684 27140 3651 1409 11142
10129 33508 2874 11142 6094 290 1409 19276 763
10129 33508 2874 11142 6094 121 1409 19276 763
11614 3806 121 3684 1409 290 3609 6976 11142
11614 3806 121 3684 1409 763 3609 6976 11142
10121 3806 3684 121 2874 1409 290 3609 11142
10121 3806 3684 121 2874 1409 763 3609 11142
10129 458 21684 763 2841 1409 11142 15155 290
10129 458 21684 121 2841 1409 11142 15155 290
8868 5407 121 23141 6794 11142 763 290 818
8868 5407 121 23141 6794 1409 763 290 818
11614 6194 121 3684 763 1409 20038 2530 290
11614 6194 121 3684 763 1409 20038 2530 11142
9267 6277 11142 460 2874 763 6517 121 1409
9267 6277 11142 460 2874 290 6517 121 1409
9576 121 6858 3684 6794 20598 290 763 11142
9576 121 6858 3684 6794 20598 1409 763 11142
11614 6858 121 6794 290 6094 20598 763 11142
11614 6858 121 6794 1409 6094 20598 763 11142
10652 6858 121 3684 613 290 3818 11142 763
10652 6858 121 3684 613 1409 3818 11142 763
11614 6858 3684 121 290 8799 3818 11142 763
11614 6858 3684 121 1409 8799 3818 11142 763
8935 6926 121 6494 8430 763 11142 5610 290
8935 6926 121 6494 8430 763 1409 5610 290
10128 11018 121 3684 8430 763 290 11947 11142
10128 11018 121 3684 8430 763 1409 11947 11142
9014 11895 121 766 3684 763 1409 2689 290
9014 11895 121 766 3684 763 1409 2689 11142
9452 121 1272 3684 613 4304 763 290 11142
9452 121 1272 3684 613 4304 763 1409 11142
7154 13062 12823 290 763 11142 8103 6094 12930
7154 13062 12823 1409 763 11142 8103 6094 12930
11614 13466 3684 121 290 2290 1021 763 1409
11614 13466 3684 121 11142 2290 1021 763 1409
9452 3684 13466 121 10400 3642 11142 290 763
9452 3684 13466 121 10400 3642 11142 290 1409
7154 13863 947 763 1409 121 1847 11142 19111
7154 13863 947 763 290 121 1847 11142 19111
8868 16320 121 2622 8430 1409 290 763 15626
8868 16320 121 2622 8430 1409 11142 763 15626
11550 17905 3684 121 763 11142 14969 6794 290
11550 17905 3684 121 1409 11142 14969 6794 290
10128 18283 121 3684 8430 11142 1409 2623 290
10128 18283 121 3684 8430 763 1409 2623 290
11548 18181 763 7666 290 2841 19088 11142 121
11548 18181 763 7666 1409 2841 19088 11142 121
11614 19671 3684 121 11142 290 360 763 18060
11614 19671 3684 121 11142 290 360 763 4177
11614 19671 3684 121 290 78 8906 1409 763
11614 19671 3684 121 11142 78 8906 1409 763
11614 19671 3684 121 290 2384 8906 1409 763
11614 19671 3684 121 11142 2384 8906 1409 763
11307 21278 3684 121 11142 290 1409 24430 66
11307 21278 3684 121 11142 763 1409 24430 66
10129 21462 13650 290 1409 3684 11142 6133 763
10129 21462 13650 290 1409 6094 11142 6133 763
10388 121 6794 13381 21462 23141 11142 290 763
10388 121 6794 13381 21462 23141 1409 290 763
9452 121 22211 3684 8430 2819 763 11142 290
9452 121 22211 3684 8430 2819 763 11142 1409
11614 27742 121 3684 290 18060 955 763 1409
11614 27742 121 3684 290 1946 955 763 1409
11614 18739 121 3684 1409 290 31466 11142 9072
11614 18739 121 3684 1409 763 31466 11142 9072
11470 27564 3684 121 763 290 33830 4556 1409
11470 27564 3684 121 763 11142 33830 4556 1409
11307 3560 3684 121 1409 290 11142 2741 4961
11307 3560 3684 121 1409 763 11142 2741 4961
11870 121 10744 3684 2954 763 3647 11142 290
11669 10744 121 3684 1409 763 2954 3647 290
11668 10744 121 3684 1409 763 2954 3647 11142
8935 24299 121 6249 6794 11142 290 4031 763
8935 24299 121 6249 6794 1409 290 4031 763
11602 14639 3684 121 11142 763 6140 394 290
11602 14639 3684 121 1409 763 6140 394 290
11500 121 7834 3684 8789 3948 11142 763 290
11500 121 7834 3684 8789 3948 1409 763 290
11614 7909 3684 121 290 1946 3545 763 1409
11614 7909 3684 121 11142 1946 3545 763 1409
11614 7909 3684 121 290 1149 3545 763 1409
11614 7909 3684 121 11142 1149 3545 763 1409
11307 12947 121 3684 763 11142 290 8004 2233
11307 12947 121 3684 763 1409 290 8004 2233
8868 30636 121 22131 6794 11142 290 763 9091
8868 30636 121 22131 6794 1409 290 763 9091
11548 10265 3684 121 1409 290 9891 8430 11142
11548 10265 3684 121 1409 290 9891 8430 763
11307 4767 3684 121 763 11142 290 9891 3272
11307 4767 3684 121 763 1409 290 9891 3272
9452 3684 10264 121 6666 5480 763 290 11142
9452 3684 10264 121 6666 5480 1409 290 11142
6578 34320 35959 290 3684 763 1266 11142 10423
6578 34320 35959 290 3684 1409 1266 11142 10423
9131 981 6129 3684 763 121 290 11142 1150
9131 981 6129 3684 763 121 1409 11142 1150
7154 23189 2305 121 763 11142 8430 290 12103
7154 23189 2305 121 1409 11142 8430 290 12103
11572 3684 12601 121 32511 4528 290 11142 1409
11572 3684 12601 121 32511 4528 763 11142 1409
11614 13641 121 3684 11142 4231 11108 763 290
11614 13641 121 3684 1409 4231 11108 763 290
11614 13641 121 3684 11142 8799 11108 763 290
11614 13641 121 3684 1409 8799 11108 763 290
7154 23843 8991 121 1409 11142 6794 290 13729
7154 23843 8991 121 1409 11142 6794 763 13729
7363 7352 12898 121 290 763 6794 13941 11142
7363 7352 12898 121 1409 763 6794 13941 11142
11614 14210 3684 121 1409 6976 23860 290 11142
10346 3684 14210 2874 121 23860 763 11142 290
10239 3684 14210 2874 121 23860 1409 11142 290
10015 14210 3684 2874 121 1409 763 23860 11142
8148 13650 707 1409 290 14352 22709 763 11142
8148 13650 707 1409 290 14352 22709 121 11142
8998 9694 3684 4144 121 290 11142 14756 763
8998 9694 3684 4144 121 290 1409 14756 763
11188 3684 6460 121 15133 6666 11142 290 763
11188 3684 6460 121 15133 6666 1409 290 763
11188 3684 6460 121 15133 5690 11142 290 763
11188 3684 6460 121 15133 5690 1409 290 763
11331 15850 121 3684 290 3272 1409 2123 763
11331 15850 121 3684 11142 3272 1409 2123 763
7154 17082 17009 1409 11142 763 1044 290 16530
7154 17082 17009 121 11142 763 1044 290 16530
7154 17082 17009 1409 3684 763 1044 290 16530
7116 17082 17009 121 11142 763 1266 290 16530
7116 17082 17009 121 1409 763 1266 290 16530
3935 19229 19254 763 4144 2841 11142 1409 18181
3935 19229 19254 290 4144 2841 11142 1409 18181
9452 121 8769 3684 20302 18483 290 763 11142
9452 121 8769 3684 20302 18483 1409 763 11142
9452 3684 18483 121 10194 8769 290 11142 763
9452 3684 18483 121 10194 8769 1409 11142 763
8868 22157 121 6756 8430 763 290 11142 21753
8868 22157 121 6756 8430 1409 290 11142 21753
9452 121 22527 3684 6794 22131 1409 290 11142
9452 121 22527 3684 6794 22131 1409 763 11142
11074 23381 763 27933 3684 121 290 29784 11142
11074 23381 763 27933 3684 121 1409 29784 11142
11548 23381 763 27933 290 121 29784 11142 297
11548 23381 763 27933 1409 121 29784 11142 297
5410 2579 21684 3684 121 763 11142 6522 290
5410 2579 21684 3684 121 763 1409 6522 290
11777 3684 2036 121 26818 11142 8430 1409 290
11777 3684 2036 121 26818 763 8430 1409 290
11614 31107 121 3684 290 1409 32332 454 11142
11614 31107 121 3684 763 1409 32332 454 11142
8868 31956 121 6494 8430 290 11142 1409 32741
8868 31956 121 6494 8430 763 11142 1409 32741
10128 6309 121 3684 613 763 11142 2467 290
10128 6309 121 3684 613 1409 11142 2467 290
8871 7477 121 353 3684 763 11142 290 7258
8871 7477 121 353 3684 763 1409 290 7258
9452 121 6194 3684 20302 7288 1409 763 290
9452 121 6194 3684 20302 7288 1409 763 11142
11422 8875 763 622 121 290 8850 3684 1409
11422 8875 763 622 121 11142 8850 3684 1409
9541 121 4129 3684 14497 889 763 290 11142
9541 121 4129 3684 14497 889 1409 290 11142
9456 121 889 3684 4312 4129 763 290 11142
9456 121 889 3684 4312 4129 1409 290 11142
10014 3698 121 4953 3684 290 1409 9003 763
10014 3698 121 4953 3684 11142 1409 9003 763
10128 9479 2622 1409 4177 290 763 23504 11142
10128 9479 2622 121 4177 290 763 23504 11142
11548 9479 1409 2622 290 763 23504 9072 11142
11548 9479 121 2622 290 763 23504 9072 11142
9014 23504 3684 13923 121 11142 290 9479 763
9014 23504 3684 13923 121 11142 1409 9479 763
