8868 7101 3684 3927 121 11142 290 1409 3822
8868 7101 3684 3927 121 763 290 1409 3822
8935 18163 121 7507 3684 763 290 18168 11142
8935 18163 121 7507 3684 1409 290 18168 11142
8868 22232 3684 7460 121 763 290 11142 14512
8868 22232 3684 7460 121 763 1409 11142 14512
8868 23114 121 10076 3684 290 1409 11142 18030
8868 23114 121 10076 3684 763 1409 11142 18030
8935 17426 3684 5094 121 763 290 2613 11142
8935 17426 3684 5094 121 763 1409 2613 11142
8868 10223 3684 6651 121 11142 290 763 8294
8868 10223 3684 6651 121 11142 1409 763 8294
8868 17497 3684 2874 121 11142 290 763 17495
8868 17497 3684 2874 121 11142 1409 763 17495
8868 21389 121 4953 3684 763 11142 290 7914
8868 21389 121 4953 3684 763 1409 290 7914
8868 22206 121 1119 3684 11142 290 1409 4342
8868 22206 121 1119 3684 11142 763 1409 4342
8868 22510 121 5340 3684 763 290 11142 22501
8868 22510 121 5340 3684 763 1409 11142 22501
1790 22630 15750 15708 763 11142 391 1409 15746
1790 22630 15750 15708 763 290 391 1409 15746
8868 26152 121 14497 3684 290 11142 763 25665
8868 26152 121 14497 3684 290 1409 763 25665
8868 6369 121 5340 3684 763 11142 1409 6343
8868 6369 121 5340 3684 763 290 1409 6343
