12292 3927 11142 3684 763 4177 121 1149 290
12292 3927 11142 3684 763 4177 121 1149 1409
12292 360 11142 3684 763 4177 121 1149 290
12292 360 11142 3684 763 4177 121 1149 1409
12292 2273 11142 3684 763 4177 121 1149 290
12292 2273 11142 3684 763 4177 121 1149 1409
12292 6129 11142 3684 763 4177 121 1149 290
12292 6129 11142 3684 763 4177 121 1149 1409
12292 2060 11142 3684 1409 4177 121 1149 763
12292 2060 11142 3684 1409 4177 121 1149 290
11614 23758 121 3684 763 1149 10076 290 11142
11614 23758 121 3684 763 1409 10076 6094 11142
9452 121 2642 3684 2954 4661 763 11142 290
9452 121 2642 3684 2954 4661 1409 11142 290
9452 121 2642 3684 8430 4661 763 11142 290
9452 121 2642 3684 8430 4661 1409 11142 290
11614 380 3684 121 11142 763 83 6094 290
11614 380 3684 121 11142 1409 83 6094 290
11791 121 21684 3684 3651 763 4177 290 11142
11791 121 21684 3684 3651 763 4177 1409 11142
11614 17498 3684 121 763 1409 13265 11142 18060
11614 17498 3684 121 290 1409 13265 11142 18060
11614 17498 3684 121 763 1409 13265 11142 2530
11614 17498 3684 121 290 1409 13265 11142 2530
11614 16002 3684 121 763 1409 13265 290 2530
11614 16002 3684 121 11142 1409 13265 290 2530
11614 2089 3684 121 763 290 1310 11142 1149
11614 2089 3684 121 763 1409 1310 11142 1149
11614 2089 3684 121 763 290 1310 11142 1946
11614 2089 3684 121 763 1409 1310 11142 1946
11614 6360 121 3684 763 1946 1898 1409 290
11614 6360 121 3684 763 454 1898 1409 290
12292 15503 290 121 763 11016 3684 6094 11142
12292 15503 290 121 1409 11016 3684 6094 11142
11614 11002 3684 121 1409 6094 8103 290 763
11614 11002 3684 121 1409 454 8103 290 763
11614 14639 3684 121 1409 763 8103 290 6094
11614 14639 3684 121 1409 11142 8103 290 6094
9576 121 1061 3684 2954 1778 763 290 11142
9576 121 1061 3684 2954 1778 763 1409 11142
11614 960 3684 121 763 1149 3927 11142 290
11614 960 3684 121 763 1946 3927 11142 290
11791 121 21684 3684 20757 763 4177 290 11142
11791 121 21684 3684 20757 763 4177 1409 11142
9452 121 7949 3684 6794 9564 11142 290 763
9452 121 7949 3684 6794 9564 1409 290 763
11614 7949 121 6794 11142 290 9564 763 2841
11614 7949 121 6794 1409 290 9564 763 2841
11614 1992 121 3684 763 11142 10076 290 1465
11614 1992 121 3684 763 1409 10076 290 1465
11614 3332 121 3684 763 1149 10076 290 11142
11614 3332 121 3684 763 1409 10076 6094 11142
9452 121 8338 3684 8430 12674 763 11142 290
9452 121 8338 3684 8430 12674 1409 11142 290
9448 3684 22295 121 2874 5101 763 1409 11142
9448 3684 22295 121 2874 5101 290 1409 11142
11308 3928 121 3684 11142 290 763 26935 4177
11308 3928 121 3684 11142 1409 763 26935 4177
11614 4054 3684 121 763 1465 732 11142 1409
11614 4054 3684 121 290 1465 732 11142 1409
11791 3684 21684 121 17787 763 4177 290 11142
11791 3684 21684 121 17787 763 4177 1409 11142
11677 18256 3684 121 11142 290 12166 4177 763
11677 18256 3684 121 11142 1409 12166 4177 763
11677 24021 3684 121 11142 763 12166 4177 290
11677 24021 3684 121 11142 763 12166 4177 1409
11791 3684 3521 121 27398 763 11142 1409 4177
11791 3684 3521 121 27398 290 11142 1409 4177
11308 986 11142 4177 3684 763 290 7666 121
11308 986 11142 4177 3684 763 1409 7666 121
9456 121 11825 3684 6794 11260 1409 763 11142
9456 121 11825 3684 6794 11260 1409 290 11142
10129 17009 121 3684 8430 763 1409 16046 290
10129 17009 121 3684 8430 11142 1409 16046 290
11614 5789 121 3684 1409 1946 1898 763 290
11614 5789 121 3684 1409 454 1898 763 290
11330 9970 3684 121 763 4177 290 582 11142
11330 9970 3684 121 763 4177 1409 582 11142
11307 11705 11142 4177 3684 763 290 9928 121
11307 11705 11142 4177 3684 763 1409 9928 121
11602 14105 3684 121 763 11142 1335 4177 290
11602 14105 3684 121 1409 11142 1335 4177 290
10533 121 3684 14515 4054 613 763 1409 11142
10533 121 3684 14515 4054 613 290 1409 11142
11614 8528 3684 121 11142 290 3927 763 1149
11614 8528 3684 121 11142 290 3927 763 1946
11614 914 3684 121 11142 763 83 1946 1409
11614 914 3684 121 11142 290 83 1946 1409
9452 121 9430 3684 6794 9564 763 290 11142
9452 121 9430 3684 6794 9564 1409 290 11142
9452 121 9430 3684 8430 9564 763 290 11142
9452 121 9430 3684 8430 9564 1409 290 11142
9576 121 1228 3684 613 13268 763 290 1409
9576 121 1228 3684 613 13268 11142 290 1409
11614 14214 11142 4177 763 121 4053 290 2841
11614 14214 11142 4177 1409 121 4053 290 2841
11614 15289 3684 121 763 290 824 1465 11142
11614 15289 3684 121 1409 290 824 1465 11142
11614 3919 121 3684 11142 763 3 6101 290
11614 3919 121 3684 11142 1409 3 6101 290
11614 4106 11142 4177 1409 290 2024 763 3684
11675 4106 11142 4177 121 290 2024 3684 763
11608 4106 11142 4177 1409 121 2024 3684 763
11331 4106 11142 4177 1409 121 290 2024 3684
11614 4106 11142 4177 1409 290 2024 763 2841
11614 4106 11142 4177 1409 121 2024 763 2841
11470 18756 3684 121 11142 763 4659 66 1409
11470 18756 3684 121 11142 290 4659 66 1409
8883 4117 2874 3684 11142 121 763 290 2481
8883 4117 2874 3684 11142 121 1409 290 2481
11580 5730 3684 121 11142 763 2874 2481 290
11580 5730 3684 121 11142 1409 2874 2481 290
11614 12983 121 3684 1409 763 12120 290 454
11614 12983 121 3684 1409 11142 12120 290 454
12090 2081 11142 3684 763 290 2874 2481 121
12090 2081 11142 3684 1409 290 2874 2481 121
11614 22202 121 3684 763 11142 5091 1409 6094
11614 22202 121 3684 763 290 5091 1409 6094
11669 26116 3684 121 11142 290 15629 4177 763
11669 26116 3684 121 11142 1409 15629 4177 763
11614 4891 121 3684 290 11142 10076 763 1149
11614 4891 121 3684 290 1409 10076 763 1149
9456 121 7352 3684 2954 11727 763 290 11142
9456 121 7352 3684 2954 11727 1409 290 11142
11550 7352 121 2954 763 290 11727 2841 11142
11550 7352 121 2954 1409 290 11727 2841 11142
11614 13108 121 3684 763 1149 9449 11142 1409
11614 13108 121 3684 763 290 9449 11142 454
11614 14157 3684 121 290 763 3995 11142 78
11614 14157 3684 121 1409 763 3995 11142 78
11610 3849 11142 4177 763 3684 2024 121 290
11610 3849 11142 4177 1409 3684 2024 121 290
9015 4863 3684 2874 121 11142 763 3521 1409
9015 4863 3684 2874 121 11142 290 3521 1409
11308 5731 11142 4177 121 763 290 9449 3684
11308 5731 11142 4177 121 763 1409 9449 3684
11307 26250 11142 4177 3684 763 290 437 121
11307 26250 11142 4177 3684 763 1409 437 121
11614 392 121 3684 763 1409 9449 1465 290
11614 392 121 3684 11142 1409 9449 1465 290
11308 4235 11142 4177 3684 1409 763 19475 121
11308 4235 11142 4177 3684 1409 290 19475 121
11614 5794 3684 121 763 11142 2039 1149 1409
11614 5794 3684 121 763 290 2039 1149 1409
11330 692 11142 4177 290 121 763 35833 3684
11330 692 11142 4177 1409 121 763 35833 3684
11614 8250 121 3684 11142 290 7079 2926 763
11614 8250 121 3684 1409 290 7079 2926 763
9452 121 11332 3684 3948 8648 763 1409 290
9452 121 11332 3684 3948 8648 11142 1409 290
9576 121 2968 3684 8430 8648 11142 763 1409
9576 121 2968 3684 8430 8648 11142 290 1409
9576 121 2968 3684 3948 8648 11142 763 1409
9576 121 2968 3684 3948 8648 11142 290 1409
11614 8769 121 3684 763 290 5701 6101 11142
11614 8769 121 3684 763 1409 5701 6101 11142
8871 12668 3684 2874 121 11142 763 1409 5101
8871 12668 3684 2874 121 11142 290 1409 5101
11330 16031 121 3684 763 11142 290 12617 4177
11330 16031 121 3684 763 11142 1409 12617 4177
11614 16557 121 3684 763 11142 1898 6094 290
11614 16557 121 3684 1409 11142 1898 6094 290
11614 9928 121 3684 763 11142 2164 1149 1409
11614 9928 121 3684 763 11142 2164 454 1409
11331 2360 11142 4177 763 121 290 2024 3684
11331 2360 11142 4177 1409 121 290 2024 3684
11330 8324 121 3684 763 11142 1409 10076 4177
11330 8324 121 3684 290 11142 1409 10076 4177
9452 121 9342 3684 6794 8032 290 763 11142
9452 121 9342 3684 6794 8032 290 1409 11142
11614 9481 3684 121 11142 763 4910 290 1465
11614 9481 3684 121 1409 763 4910 290 1465
11614 16178 121 6794 2841 763 23141 11142 290
11614 16178 121 6794 2841 763 23141 1409 290
10128 17846 121 3684 613 290 763 17913 11142
10128 17846 121 3684 613 1409 763 17913 11142
10014 17846 3684 2874 121 290 763 17913 11142
10014 17846 3684 2874 121 1409 763 17913 11142
11614 17847 121 3684 763 11142 3493 1409 6101
11614 17847 121 3684 290 11142 3493 1409 6101
9448 3684 23981 121 2874 3521 763 1409 11142
9448 3684 23981 121 2874 3521 290 1409 11142
11470 947 3684 121 763 290 25356 394 11142
11470 947 3684 121 763 1409 25356 394 11142
11610 3737 11142 4177 763 121 2024 3684 290
11610 3737 11142 4177 1409 121 2024 3684 290
9452 121 10052 3684 6794 10819 763 11142 290
9452 121 10052 3684 6794 10819 1409 11142 290
11614 13099 121 3684 290 11142 12120 6101 763
11614 13099 121 3684 1409 11142 12120 6101 763
8871 15780 3684 2874 121 11142 290 763 1162
8871 15780 3684 2874 121 11142 1409 763 1162
2300 23792 17219 13650 1409 290 11142 2642 20026
2300 23792 17219 13650 1409 290 763 2642 20026
2844 2642 11142 4790 23792 20026 763 3160 290
2844 2642 11142 4790 23792 20026 1409 3160 290
9452 121 21061 3684 8430 6096 11142 1409 763
9452 121 21061 3684 8430 6096 290 1409 763
11470 7507 11142 4177 121 763 2185 3684 290
11470 7507 11142 4177 121 1409 2185 3684 290
11791 121 21684 3684 23980 763 4177 290 11142
11802 121 21684 3684 23980 763 4177 11142 1409
12292 23980 763 4177 290 21684 11142 3684 1409
11802 121 3521 3684 23980 763 4177 11142 1409
11802 121 3521 3684 23980 290 4177 11142 1409
11308 27831 121 3684 11142 763 1409 801 4177
11308 27831 121 3684 11142 290 1409 801 4177
10129 7591 121 3684 613 1409 11142 14171 763
10129 7591 121 3684 613 1409 290 14171 763
11614 7591 3684 121 1409 11142 14171 6976 763
11614 7591 3684 121 1409 290 14171 6976 763
9444 3684 7591 121 4144 18974 290 11142 763
9444 3684 7591 121 4144 18974 1409 11142 763
9452 3684 7591 121 2349 18974 290 11142 763
9452 3684 7591 121 2349 18974 1409 11142 763
10495 3684 121 8363 5101 2874 763 11142 1409
10495 3684 121 8363 5101 2874 290 11142 1409
11677 8435 3684 121 4177 1409 12310 11142 763
11677 8435 3684 121 4177 1409 12310 11142 290
11614 8435 121 3684 1409 1149 5091 763 11142
11614 8435 121 3684 1409 1149 5091 763 290
11614 8435 121 3684 1409 6094 5091 763 11142
11614 8435 121 3684 1409 6094 5091 763 290
11614 8894 121 3684 290 6094 7743 11142 763
11614 8894 121 3684 1409 6094 7743 11142 763
11614 8894 121 3684 290 454 7743 11142 763
11614 8894 121 3684 1409 454 7743 11142 763
12292 9458 1409 121 1149 4961 3684 763 11142
12292 9458 1409 121 1946 4961 3684 763 11142
11762 11142 9944 2874 3659 290 3684 121 763
11762 11142 9944 2874 3659 1409 3684 121 763
11308 1574 121 3684 11142 763 290 1610 4177
11308 1574 121 3684 11142 763 1409 1610 4177
11330 17022 3684 121 1409 11142 763 3077 4177
11330 17022 3684 121 1409 11142 290 3077 4177
11330 17022 121 3684 763 11142 290 5701 4177
11330 17022 121 3684 763 11142 1409 5701 4177
8871 17492 3684 2874 121 11142 763 1409 5101
8871 17492 3684 2874 121 11142 290 1409 5101
11597 121 9022 3684 19899 613 290 763 11142
11597 121 9022 3684 19899 613 1409 763 11142
11597 121 9022 3684 19899 8430 290 763 11142
11597 121 9022 3684 19899 8430 1409 763 11142
11307 22503 3684 121 11142 763 290 2095 4177
11307 22503 3684 121 11142 763 1409 2095 4177
11330 22741 11142 4177 763 121 290 582 3684
11330 22741 11142 4177 763 121 1409 582 3684
11307 22741 11142 4177 121 763 290 284 3684
11307 22741 11142 4177 121 763 1409 284 3684
11610 23959 3684 121 290 4177 22714 11142 763
11610 23959 3684 121 1409 4177 22714 11142 763
11614 25954 3684 121 1409 11142 3077 2926 763
11614 25954 3684 121 1409 290 3077 2926 763
9452 121 25954 3684 6794 23408 1409 11142 763
9452 121 25954 3684 6794 23408 1409 290 763
10533 121 3684 26809 22277 6794 11142 1409 763
10533 121 3684 26809 22277 6794 290 1409 763
9452 121 13268 3684 6794 27040 763 290 1409
9452 121 13268 3684 6794 27040 11142 290 1409
9456 121 27040 3684 613 12205 11142 763 290
9456 121 27040 3684 613 12205 11142 1409 290
11325 5310 3684 121 11142 763 290 2874 2481
11325 5310 3684 121 11142 1409 290 2874 2481
11614 7228 121 3684 1409 1946 14493 763 11142
11614 7228 121 3684 1409 454 14493 763 11142
11614 7895 121 3684 1409 1946 1898 763 290
11614 7895 121 3684 1409 454 1898 763 290
9456 121 8977 3684 2294 1606 763 11142 290
9456 121 8977 3684 2294 1606 1409 11142 290
11307 7595 763 4556 121 11142 290 8977 3684
11307 7595 763 4556 121 1409 290 8977 3684
9456 121 17073 3684 8430 9022 290 763 11142
9456 121 17073 3684 8430 9022 1409 763 11142
10128 17294 121 3684 613 290 763 17913 11142
10128 17294 121 3684 613 1409 763 17913 11142
9452 3684 6032 121 1131 17294 763 11142 290
9452 3684 6032 121 1131 17294 763 11142 1409
11614 1770 3684 121 763 290 1310 11142 1149
11614 1770 3684 121 763 1409 1310 11142 1149
11614 1770 121 3684 763 290 9449 11142 1149
11614 1770 121 3684 763 1409 9449 11142 1149
11608 18420 121 3684 1409 4177 22971 11142 763
11614 18420 121 3684 1409 4177 22971 763 290
11610 18420 121 3684 1409 4177 22971 11142 290
12292 18420 1409 4177 3684 22971 11142 763 290
11614 18420 121 3684 1409 9072 22971 763 11142
11614 18420 121 3684 1409 9072 22971 763 290
11330 3027 121 3684 1409 4177 763 4580 11142
11330 3027 121 3684 1409 4177 290 4580 11142
8871 32151 3684 2874 121 11142 763 1409 5101
8871 32151 3684 2874 121 11142 290 1409 5101
11614 3333 11142 4177 290 763 30081 2841 1409
11614 3333 11142 4177 290 121 30081 2841 1409
11614 4807 121 3684 11142 1946 7743 290 763
11614 4807 121 3684 11142 1946 7743 1409 763
11614 4807 121 3684 11142 6094 7743 290 763
11614 4807 121 3684 11142 6094 7743 1409 763
9452 121 5181 3684 8430 2819 763 11142 1409
9452 121 5181 3684 8430 2819 290 11142 1409
9452 121 5181 3684 3948 2819 763 11142 1409
9452 121 5181 3684 3948 2819 290 11142 1409
8871 6949 3684 2874 121 11142 763 1409 5101
8871 6949 3684 2874 121 11142 290 1409 5101
11308 797 11142 4213 3684 763 1409 5714 121
11308 797 11142 4213 3684 290 1409 5714 121
11614 797 11142 4213 763 1409 5714 2841 121
11614 797 11142 4213 290 1409 5714 2841 121
11331 8070 11142 4177 763 3684 290 11926 121
11331 8070 11142 4177 1409 3684 290 11926 121
10129 874 121 3684 3948 290 11142 10475 763
10129 874 121 3684 3948 290 1409 10475 763
11610 11847 11142 4177 763 121 11926 3684 290
11610 11847 11142 4177 1409 121 11926 3684 290
12292 13151 290 3684 763 11016 121 1149 1409
12292 13151 290 3684 11142 11016 121 1149 1409
11677 14547 3684 121 4177 763 12166 11142 1409
11677 14547 3684 121 4177 290 12166 11142 1409
11307 158 3684 121 763 11142 290 887 4008
11307 158 3684 121 763 1409 290 887 4008
11307 158 3684 121 11142 763 290 887 6950
11307 158 3684 121 11142 1409 290 887 6950
9452 3684 16639 121 1131 15517 290 11142 763
9452 3684 16639 121 1131 15517 1409 11142 763
8871 16792 3684 2874 121 11142 763 290 15155
8871 16792 3684 2874 121 11142 1409 290 15155
11614 19493 121 3684 763 9072 6756 1409 11142
11614 19493 121 3684 763 2530 6756 1409 11142
11614 19965 3684 121 763 1946 2361 1409 290
11614 19965 3684 121 763 6094 2361 1409 290
11614 19965 3684 121 763 1946 7952 1409 290
11614 19965 3684 121 11142 1946 7952 1409 290
11614 19965 3684 121 763 1465 7952 1409 290
11614 19965 3684 121 11142 1465 7952 1409 290
12292 20595 290 3684 454 4720 121 763 11142
12292 20595 1409 3684 454 4720 121 763 11142
10533 121 3684 20782 11260 6794 1409 763 290
10533 121 3684 20782 11260 6794 1409 11142 290
12292 21902 11142 3684 18060 4428 121 763 1409
12292 21902 290 3684 18060 4428 121 763 1409
12292 21902 11142 3684 2530 4428 121 763 1409
12292 21902 290 3684 2530 4428 121 763 1409
11614 17308 3684 121 11142 763 21902 2530 1409
11614 17308 3684 121 290 763 21902 2530 1409
11614 17308 3684 121 11142 763 21902 4721 1409
11614 17308 3684 121 290 763 21902 4721 1409
11308 22094 11142 4177 3684 1409 763 19475 121
11308 22094 11142 4177 3684 1409 290 19475 121
9452 3684 24423 121 11540 15887 763 1409 11142
9452 3684 24423 121 11540 15887 290 1409 11142
12292 1320 11142 3684 290 2907 121 763 1946
12292 1320 11142 3684 290 2907 121 1409 1946
11297 2912 763 4953 3684 11142 1409 2888 121
11297 2912 763 4953 3684 290 1409 2888 121
11074 358 1409 13650 3684 121 763 359 290
11074 358 1409 13650 3684 121 11142 359 290
11330 38434 121 3684 1409 11142 763 3609 4177
11330 38434 121 3684 1409 11142 290 3609 4177
11188 121 12357 6794 4129 3684 763 290 11142
11188 121 12357 6794 4129 3684 1409 290 11142
11614 12357 121 6794 763 290 4129 2841 11142
11614 12357 121 6794 1409 290 4129 2841 11142
11614 4129 121 3684 763 2926 12357 290 11142
11614 4129 121 3684 1409 2926 12357 290 11142
11614 7257 121 3684 11142 290 1610 763 1946
11614 7257 11142 4177 121 290 1610 763 2841
11614 7257 121 3684 11142 290 429 1946 763
11614 7257 121 3684 11142 290 429 1946 1409
11472 7842 3684 121 11142 290 35833 4177 763
11472 7842 3684 121 11142 1409 35833 4177 763
8883 8080 2874 3684 11142 121 763 290 2481
8883 8080 2874 3684 11142 121 1409 290 2481
12292 8779 763 121 6094 7934 3684 1409 290
12292 8779 763 121 454 7934 3684 1409 290
12292 8779 11142 121 1946 8676 3684 1409 290
12292 8779 11142 121 6094 8676 3684 1409 290
11297 13024 121 3684 11142 290 763 10266 2874
11297 13024 121 3684 11142 290 1409 10266 2874
11307 132 763 394 3684 290 11142 947 121
11307 132 763 394 3684 1409 11142 947 121
9452 121 13279 3684 2954 4661 290 11142 763
9452 121 13279 3684 2954 4661 1409 11142 763
8871 13542 3684 2874 121 11142 763 290 3384
8871 13542 3684 2874 121 11142 763 1409 3384
12107 14114 121 763 4177 290 1492 3684 11142
12107 14114 121 1409 4177 290 1492 3684 11142
8871 15404 3684 2874 121 11142 763 290 12858
8871 15404 3684 2874 121 11142 1409 290 12858
10533 3684 121 17050 10779 5690 11142 1409 763
10533 3684 121 17050 10779 5690 290 1409 763
9452 121 8857 3684 8430 17253 763 11142 290
9452 121 8857 3684 8430 17253 1409 11142 290
11669 1735 11142 4177 3684 763 4580 121 290
11330 1735 11142 4177 1409 3684 763 4580 121
11604 1735 11142 4177 1409 3684 4580 121 290
11614 1735 11142 4177 2841 763 4580 121 290
9576 121 12205 3684 2954 17361 11142 290 763
9576 121 12205 3684 2954 17361 11142 1409 763
9456 121 17361 3684 3948 12205 11142 290 763
9456 121 17361 3684 3948 12205 11142 1409 763
11330 18191 121 3684 1409 11142 763 2386 4177
11330 18191 121 3684 1409 11142 290 2386 4177
12292 12481 763 121 1409 18589 3684 11142 1946
12292 12481 763 121 1409 18589 3684 290 1946
11188 121 19071 613 13168 3684 763 11142 1409
11188 121 19071 613 13168 3684 290 11142 1409
11614 19186 11142 66 3684 290 4649 763 1409
11614 19186 11142 66 2841 290 4649 763 1409
11550 19186 121 21684 6094 290 4649 763 1409
11550 19186 121 21684 6101 290 4649 763 1409
11614 21029 3684 121 763 290 6481 18060 1409
11614 21029 3684 121 11142 290 6481 18060 1409
8883 21933 3684 2874 121 11142 763 290 6756
8883 21933 3684 2874 121 11142 1409 290 6756
9452 121 24819 3684 6794 23408 1409 11142 763
9452 121 24819 3684 6794 23408 1409 290 763
9452 121 24819 3684 6794 18086 290 11142 763
9452 121 24819 3684 6794 18086 1409 11142 763
11614 31677 121 3684 1409 1946 1898 763 290
11614 31677 121 3684 1409 11142 1898 763 454
11791 121 75 3684 5736 763 4177 290 11142
11791 121 75 3684 5736 763 4177 1409 11142
11500 121 5736 6794 385 3684 763 290 11142
11500 121 5736 6794 385 3684 1409 290 11142
11614 6154 121 3684 763 1946 5963 1409 11142
11614 6154 121 3684 763 6094 5963 1409 11142
8871 6626 3684 2874 121 11142 763 1409 4054
8871 6626 3684 2874 121 11142 290 1409 4054
9452 121 699 3684 2954 4400 763 1409 11142
9452 121 699 3684 2954 4400 290 1409 11142
10533 121 3684 73942 23408 6794 763 290 11142
10533 121 3684 73942 23408 6794 1409 290 11142
11614 7514 3684 121 11142 290 4351 763 454
11614 7514 3684 121 11142 290 4351 1409 454
11614 7514 121 3684 11142 290 5506 454 763
11614 7514 121 3684 11142 290 5506 454 1409
8871 7614 3684 2874 121 11142 763 1409 5101
8871 7614 3684 2874 121 11142 290 1409 5101
11330 7653 121 3684 763 11142 290 9617 66
11330 7653 121 3684 763 11142 1409 9617 66
12292 440 763 121 290 8140 3684 297 1409
12292 440 763 121 290 8140 3684 1149 1409
9456 121 9714 3684 613 1198 11142 290 763
9456 121 9714 3684 613 1198 11142 1409 763
9456 3684 9714 121 6666 1198 11142 290 763
9456 3684 9714 121 6666 1198 11142 1409 763
9452 121 10776 3684 6794 6307 11142 290 763
9452 121 10776 3684 6794 6307 1409 290 763
9456 121 10893 3684 613 9871 11142 290 763
9576 121 10893 3684 613 9871 11142 1409 763
9700 121 10893 3684 613 9871 290 1409 763
9452 121 10893 3684 613 9871 11142 290 1409
11614 10893 121 613 11142 2841 9871 1409 763
11614 12394 3684 121 763 11142 824 1465 290
11614 12394 3684 121 1409 11142 824 1465 290
11614 12394 3684 121 763 11142 7410 1465 290
11614 12394 3684 121 763 1409 7410 1465 290
10014 10811 121 766 3684 11142 290 12498 763
10014 10811 121 766 3684 1409 290 12498 763
9576 121 12734 3684 2954 4661 290 763 11142
9576 121 12734 3684 2954 4661 1409 763 11142
11614 12824 3684 121 763 9072 26522 290 1409
11614 12824 3684 121 11142 9072 26522 290 1409
11614 12824 3684 121 763 2384 26522 290 1409
11614 12824 3684 121 11142 2384 26522 290 1409
11614 13946 121 3684 290 763 102 11142 6094
11614 13946 121 3684 290 1409 102 11142 6094
11614 14354 3684 121 763 1149 360 11142 1409
11614 14354 3684 121 763 1946 360 11142 1409
10128 15197 3684 121 1131 290 763 7378 1409
10128 15197 3684 121 1131 290 11142 7378 1409
11330 15197 121 3684 290 763 11142 7378 394
11667 15197 121 3684 763 11142 7378 394 1409
11602 15197 121 3684 290 763 7378 394 1409
9452 3684 15197 121 45 11002 11142 763 1409
9452 3684 15197 121 45 11002 11142 290 1409
8877 1589 3684 2874 121 11142 763 290 299
8877 1589 3684 2874 121 11142 763 1409 299
10533 121 3684 1646 15293 6794 11142 763 290
10533 121 3684 1646 15293 6794 1409 763 290
11614 17193 3684 121 1409 763 3077 6094 11142
11614 17193 3684 121 1409 290 3077 6094 11142
12292 17500 1409 121 290 2481 3684 763 1149
12292 17500 1409 121 290 2481 3684 11142 1149
11614 18141 121 3684 290 1149 440 763 11142
11614 18141 121 3684 290 1946 440 763 11142
7363 25998 2348 763 1409 121 4144 21014 290
7363 25998 2348 763 11142 121 4144 21014 290
7154 26094 2348 763 1409 121 4144 290 21014
7154 26094 2348 763 11142 121 4144 290 21014
11614 23291 3684 121 290 1409 22170 763 4231
11614 23291 3684 121 290 1409 22170 11142 4231
9452 121 25005 3684 2954 17581 1409 11142 763
9452 121 25005 3684 2954 17581 1409 290 763
11614 25342 3684 121 11142 1149 5094 763 290
11614 25342 3684 121 11142 1149 5094 763 1409
11614 25342 3684 121 11142 6094 5094 763 290
11614 25342 3684 121 11142 6094 5094 763 1409
11548 30267 3684 121 11142 290 8385 6794 763
11548 30267 3684 121 11142 1409 8385 6794 763
10034 31864 21684 121 763 290 11142 1946 7644
10034 31864 21684 121 763 1409 11142 1946 7644
7154 4031 6753 11142 290 763 4177 1409 15411
7154 4031 6753 11142 121 763 4177 1409 15411
11331 421 11142 4177 763 3684 290 11926 121
11331 421 11142 4177 1409 3684 290 11926 121
11307 7851 121 3684 763 11142 290 7107 6085
11307 7851 121 3684 763 1409 290 7107 6085
9452 121 8814 3684 613 6514 763 290 1409
9452 121 8814 3684 613 6514 11142 290 1409
12292 9586 763 3684 290 2024 121 1409 1149
12292 9586 11142 3684 290 2024 121 1409 1149
11331 9586 11142 4177 763 3684 290 2024 121
11608 9586 11142 4177 763 3684 2024 121 1409
11675 9586 11142 4177 3684 290 2024 121 1409
11614 9586 11142 4177 763 290 2024 1409 2841
11677 1019 121 2954 763 11142 3684 9310 290
11677 1019 121 2954 1409 11142 3684 9310 290
11307 7181 121 3684 763 11142 290 1019 6153
11307 7181 121 3684 763 1409 290 1019 6153
11331 10461 3684 121 763 4177 290 2361 11142
11331 10461 3684 121 1409 4177 290 2361 11142
9452 121 10461 3684 6794 8991 1409 763 11142
9452 121 10461 3684 6794 8991 1409 290 11142
9576 3684 11670 121 10400 20783 763 11142 290
9576 3684 11670 121 10400 20783 1409 11142 290
9576 3684 11670 121 13972 20783 763 11142 290
9576 3684 11670 121 13972 20783 1409 11142 290
9456 121 21907 3684 2954 12968 763 290 11142
9456 121 21907 3684 2954 12968 1409 290 11142
9576 121 12968 3684 3948 21907 763 290 11142
9576 121 12968 3684 3948 21907 1409 290 11142
11614 12968 3684 121 763 6094 6129 11142 290
11614 12968 3684 121 763 454 6129 11142 290
11614 12968 121 3684 763 2530 2627 290 11142
11614 12968 121 3684 1409 2530 2627 290 11142
11614 12968 121 3684 763 4231 2627 290 11142
11614 12968 121 3684 1409 4231 2627 290 11142
11614 13218 3684 121 763 290 1650 1149 11142
11614 13218 3684 121 763 1409 1650 1149 11142
11614 13358 3684 121 763 290 9062 454 11142
11614 13358 3684 121 763 1409 9062 454 11142
11331 14058 121 3684 290 4177 763 12120 11142
11331 14058 121 3684 1409 4177 763 12120 11142
12292 5091 1409 121 763 14289 3684 297 11142
12292 5091 1409 121 763 14289 3684 1149 11142
11614 14885 121 3684 11142 1946 2383 763 1409
11614 14885 121 3684 11142 454 2383 763 1409
9456 121 14885 3684 2954 10265 290 11142 763
9700 121 14885 3684 2954 10265 11142 1409 763
9576 121 14885 3684 2954 10265 290 1409 763
9452 121 14885 3684 2954 10265 290 11142 1409
11614 14885 121 2954 297 11142 10265 1409 763
11614 1672 121 3684 763 290 5701 1465 11142
11614 1672 121 3684 763 1409 5701 1465 11142
9452 121 179 3684 6794 1849 11142 763 1409
9452 121 179 3684 6794 1849 11142 290 1409
11470 18380 11142 66 3684 763 4659 121 1409
11470 18380 11142 66 3684 290 4659 121 1409
11614 18380 11142 66 763 2841 4659 1409 121
11614 18380 11142 66 290 2841 4659 1409 121
10652 18380 83 11142 2841 763 4659 1409 121
10652 18380 83 11142 2841 290 4659 1409 121
9456 3684 20491 121 1131 23291 290 763 11142
9456 3684 20491 121 1131 23291 1409 763 11142
9452 121 2143 3684 6794 11546 11142 763 290
9452 121 2143 3684 6794 11546 1409 763 290
11614 12205 121 3684 11142 3324 22146 290 763
11614 12205 121 3684 11142 3324 22146 1409 763
11188 121 22146 3948 12205 3684 11142 290 763
11188 121 22146 3948 12205 3684 11142 1409 763
11614 23911 3684 121 290 1465 30081 11142 763
11604 23911 3684 121 290 4177 30081 11142 763
11669 23911 3684 121 4177 1409 30081 11142 763
11330 23911 3684 121 290 4177 1409 30081 11142
11614 25931 3684 121 763 290 824 1409 454
11614 25931 3684 121 763 6101 824 1409 11142
11614 29980 3684 121 290 11142 17988 763 2926
11614 29980 3684 121 1409 11142 17988 763 2926
11614 3551 121 3684 1409 1946 1079 763 290
11614 3551 121 3684 1409 6094 1079 763 290
9576 3684 3551 121 1131 2043 11142 763 290
9576 3684 3551 121 1131 2043 1409 763 290
11614 3846 121 3684 11142 290 2784 763 1149
11614 3846 121 3684 11142 1409 2784 763 1149
11297 4553 3684 121 763 290 11142 2741 4953
11297 4553 3684 121 763 1409 11142 2741 4953
8883 4778 2874 3684 11142 121 290 763 4
8883 4778 2874 3684 11142 121 1409 763 4
9452 121 54780 3684 8430 12898 1409 11142 763
9452 121 54780 3684 8430 12898 1409 11142 290
12095 6140 3684 11142 12705 290 8385 121 763
12095 6140 3684 11142 12705 1409 8385 121 763
7154 1663 1715 121 763 1409 6794 11142 6349
7154 1663 1715 121 763 1409 6794 290 6349
7154 3346 1715 121 763 1409 6794 11142 6349
7154 3346 1715 121 763 1409 6794 290 6349
11548 2620 11142 7254 763 1409 6349 290 1149
11548 2620 11142 7254 763 1409 6349 121 1149
8868 6349 121 2968 2954 11142 290 763 7254
8983 6349 121 2968 2954 11142 763 7254 1409
9456 121 6349 2954 2968 7254 290 763 1409
8951 6349 121 2968 2954 11142 290 7254 1409
9452 121 7739 3684 8430 812 763 290 1409
9452 121 7739 3684 8430 812 11142 290 1409
10128 7739 3684 121 1131 763 11142 3651 1409
10128 7739 3684 121 1131 290 11142 3651 1409
11500 121 8084 613 3304 3684 763 1409 290
11500 121 8084 613 3304 3684 11142 1409 290
9452 121 10476 3684 8430 12898 290 11142 763
9452 121 10476 3684 8430 12898 1409 11142 763
11614 10537 3684 121 1409 11142 2361 763 1946
11614 10537 3684 121 1409 290 2361 763 1946
9452 121 10537 3684 12705 4137 290 11142 763
9452 121 10537 3684 12705 4137 1409 11142 763
11307 10670 121 3684 1409 763 290 12498 3402
11307 10670 121 3684 1409 11142 290 12498 3402
11308 11053 121 3684 11142 1409 763 4580 4177
11308 11053 121 3684 11142 1409 290 4580 4177
8951 12896 121 9022 613 290 763 11763 11142
8951 12896 121 9022 613 1409 763 11763 11142
11614 11863 121 6794 763 2841 13480 1409 11142
11614 11863 121 6794 763 2841 13480 1409 290
11614 11863 121 3684 763 2926 13480 1409 11142
11614 11863 121 3684 763 2926 13480 1409 290
9452 121 11897 3684 3948 5069 11142 1409 763
9452 121 11897 3684 3948 5069 290 1409 763
11330 11980 3684 121 763 4177 290 582 11142
11330 11980 3684 121 763 4177 1409 582 11142
11548 11980 3684 121 763 290 582 6794 11142
11548 11980 3684 121 763 1409 582 6794 11142
9452 121 12312 3684 14830 2089 763 11142 290
9452 121 12312 3684 14830 2089 1409 11142 290
9537 3684 23758 121 2874 13766 763 11142 290
9537 3684 23758 121 2874 13766 1409 11142 290
11548 2029 3684 121 290 763 13834 2954 11142
11548 2029 3684 121 1409 763 13834 2954 11142
11297 15161 290 14497 3684 11142 763 14840 121
11297 15161 290 14497 3684 1409 763 14840 121
11614 15139 3684 121 763 290 6986 18060 1409
11614 15139 3684 121 11142 290 6986 18060 1409
7154 26459 3803 11142 1409 763 2874 290 15411
7154 26459 3803 11142 121 763 2874 290 15411
7154 3160 6753 11142 290 763 4177 1409 15411
7154 3160 6753 11142 121 763 4177 1409 15411
9456 3684 7932 121 1131 15792 11142 763 1409
9456 3684 7932 121 1131 15792 290 763 1409
11178 3684 16040 2874 15735 121 1409 763 11142
11178 3684 16040 2874 15735 121 1409 290 11142
11614 17173 3684 121 11142 1409 26522 763 9072
11614 17173 3684 121 290 1409 26522 763 9072
9452 3684 17255 121 11540 15887 290 1409 763
9452 3684 17255 121 11540 15887 290 1409 11142
10533 121 3684 18108 15735 6794 1409 763 11142
10533 121 3684 18108 15735 6794 1409 290 11142
9448 3684 18108 121 2874 15735 1409 763 11142
9448 3684 18108 121 2874 15735 1409 290 11142
11614 19706 121 3684 763 8212 3193 11142 1409
11614 19706 121 3684 290 8212 3193 11142 1409
11614 19706 121 3684 763 2926 10602 11142 1409
11188 121 10602 8430 19706 3684 763 11142 1409
11188 121 19706 3684 10602 8430 763 290 1409
11614 10602 121 8430 2841 11142 19706 290 1409
10501 3684 121 10610 19770 4144 11142 763 290
10501 3684 121 10610 19770 4144 1409 763 290
11614 20228 121 3684 1409 763 21051 11142 6101
11614 20228 121 3684 1409 763 21051 290 6101
11667 20228 121 3684 4177 763 21051 11142 290
11330 20228 121 3684 1409 4177 763 21051 11142
11602 20228 121 3684 1409 4177 21051 11142 290
11308 21115 1409 6043 121 11142 763 21083 3684
11308 21115 1409 6043 121 290 763 21083 3684
9444 3684 21144 121 2874 3874 763 1409 11142
9444 3684 21144 121 2874 3874 290 1409 11142
9452 3684 22253 121 5690 6460 11142 763 290
9452 3684 22253 121 5690 6460 1409 763 290
8951 23297 121 23141 6794 11142 290 24409 763
8951 23297 121 23141 6794 1409 290 24409 763
8871 23798 3684 2874 121 11142 763 290 15155
8871 23798 3684 2874 121 11142 1409 290 15155
9456 3684 25136 121 1131 17261 11142 763 290
9456 3684 25136 121 1131 17261 1409 763 290
9456 121 25791 3684 6794 15293 11142 290 763
9456 121 25791 3684 6794 15293 1409 290 763
9452 3684 22758 121 2349 25869 11142 1409 763
9452 3684 22758 121 2349 25869 290 1409 763
11074 26579 1409 13650 3684 121 763 9124 290
11074 26579 1409 13650 3684 121 11142 9124 290
9444 3684 27701 121 4144 50973 11142 290 763
9444 3684 27701 121 4144 50973 11142 1409 763
9102 29493 121 22277 6794 11142 763 27896 1409
9102 29493 121 22277 6794 290 763 27896 1409
11308 28037 121 3684 11142 290 763 26935 4177
11308 28037 121 3684 11142 1409 763 26935 4177
11307 3394 121 3684 763 290 11142 22316 1464
11307 3394 121 3684 763 1409 11142 22316 1464
11297 3394 121 3684 763 290 11142 22316 622
11297 3394 121 3684 763 1409 11142 22316 622
11614 3804 3684 121 11142 2530 3696 763 1409
11614 3804 3684 121 290 2530 3696 763 1409
11307 4625 3684 121 11142 763 290 362 4177
11614 4625 3684 121 763 290 362 4177 1409
11587 4625 3684 121 11142 290 362 4177 1409
11614 4625 3684 121 763 290 362 78 1409
11614 4625 3684 121 11142 290 362 78 1409
9452 121 5601 3684 3948 658 11142 290 763
9452 121 5601 3684 3948 658 1409 290 763
7116 2568 16622 763 1409 290 1056 121 5965
7116 2568 16622 763 11142 290 1056 121 5965
7252 16622 2568 11142 763 290 4580 121 5965
7252 16622 2568 1409 763 290 4580 121 5965
3848 2568 16622 5701 763 1409 290 121 5965
3848 2568 16622 5701 763 11142 290 121 5965
9576 121 6858 3684 6794 20598 290 763 11142
9576 121 6858 3684 6794 20598 1409 763 11142
10128 11018 121 3684 8430 763 290 11947 11142
10128 11018 121 3684 8430 763 1409 11947 11142
9452 3684 14200 121 11081 12170 763 290 1409
9452 3684 14200 121 11081 12170 11142 290 1409
8935 9509 11142 6753 4177 290 1409 1220 121
8935 9509 11142 6753 4177 763 1409 1220 121
8868 1220 11142 7868 4177 1409 290 121 9509
8868 1220 11142 7868 4177 763 290 121 9509
11614 12233 121 3684 290 9072 12337 11142 763
11614 12233 121 3684 290 2384 12337 11142 763
9452 3684 13466 121 10400 3642 11142 290 763
9452 3684 13466 121 10400 3642 11142 290 1409
8950 14120 121 4194 613 763 290 16785 1409
8950 14120 121 4194 613 11142 290 16785 1409
7156 17497 9246 11142 1409 763 2874 121 17495
7156 17497 9246 11142 290 763 2874 121 17495
7388 26039 15388 121 290 11142 2954 17513 763
7388 26039 15388 121 1409 11142 2954 17513 763
9444 3684 17326 121 7460 17547 290 11142 763
9444 3684 17326 121 7460 17547 1409 11142 763
11330 17671 121 3684 290 4177 763 6503 11142
11330 17671 121 3684 1409 4177 763 6503 11142
11548 800 3684 121 11142 763 18289 6794 290
11548 800 3684 121 11142 763 18289 6794 1409
11667 18606 121 3684 4177 763 8733 11142 1409
11667 18606 121 3684 4177 290 8733 11142 1409
11614 19671 3684 121 11142 78 8906 1409 763
11614 19671 3684 121 290 78 8906 1409 763
11614 19671 3684 121 11142 2384 8906 1409 763
11614 19671 3684 121 290 2384 8906 1409 763
11307 21278 3684 121 11142 763 1409 24430 66
11307 21278 3684 121 11142 290 1409 24430 66
10129 21462 13650 290 1409 3684 11142 6133 763
10338 13650 21462 290 1409 297 11142 6133 763
11550 21462 290 13650 121 11142 6133 297 763
11669 21462 13650 1409 121 11142 297 6133 763
10033 21462 13650 290 1409 121 11142 297 6133
8874 2454 11142 582 4177 763 1409 121 132
8874 2454 11142 582 4177 763 290 121 132
11614 18739 121 3684 1409 763 31466 11142 9072
11614 18739 121 3684 1409 290 31466 11142 9072
8950 3410 121 8991 6794 11142 763 15671 290
8950 3410 121 8991 6794 1409 763 15671 290
9452 121 3611 3684 6794 932 11142 290 763
9452 121 3611 3684 6794 932 11142 290 1409
7154 5357 5378 121 290 763 8430 11142 5282
7154 5357 5378 121 1409 763 8430 11142 5282
11614 5787 3684 121 11142 1409 1256 763 454
10652 5787 121 3684 613 11142 1256 763 290
10128 5787 121 3684 613 11142 1409 1256 763
10704 5787 121 3684 613 1409 1256 763 290
10129 5787 121 3684 613 11142 1409 1256 290
8950 27107 121 2036 8430 763 1409 6066 290
8950 27107 121 2036 8430 11142 1409 6066 290
9452 3684 6801 121 10194 22073 290 763 11142
9452 3684 6801 121 10194 22073 1409 763 11142
11297 7346 121 3684 11142 763 1409 111 2874
11297 7346 121 3684 11142 290 1409 111 2874
11500 121 7834 3684 8789 3948 11142 763 290
11500 121 7834 3684 8789 3948 1409 763 290
11602 7834 121 3684 11142 763 8789 6153 290
11602 7834 121 3684 1409 763 8789 6153 290
11307 12947 121 3684 763 11142 290 8004 2233
11307 12947 121 3684 763 1409 290 8004 2233
9576 121 9672 3684 613 8012 763 290 1409
9576 121 9672 3684 613 8012 11142 290 1409
11297 81883 763 4144 121 290 11142 18301 3684
11297 81883 763 4144 121 1409 11142 18301 3684
8936 8602 121 6360 8430 11142 290 7736 763
8936 8602 121 6360 8430 11142 1409 7736 763
11614 10265 3684 121 1409 290 9891 763 2530
11614 10265 3684 121 1409 290 9891 11142 2530
9444 3684 10264 121 2874 5480 763 290 11142
9444 3684 10264 121 2874 5480 1409 290 11142
9452 121 10901 3684 2954 4893 290 11142 763
9452 121 10901 3684 2954 4893 290 1409 763
8868 11233 121 23141 6794 11142 290 763 30643
8868 11233 121 23141 6794 1409 290 763 30643
9014 11895 121 766 3684 763 1409 2689 11142
9014 11895 121 766 3684 763 1409 2689 290
7154 23189 2305 121 763 11142 8430 290 12103
7154 23189 2305 121 1409 11142 8430 290 12103
11432 32511 11142 4177 763 1409 30035 12601 121
11432 32511 11142 4177 290 1409 30035 12601 121
11614 13641 121 3684 11142 4231 11108 763 290
11614 13641 121 3684 1409 4231 11108 763 290
10652 13641 2954 121 2841 11142 11108 763 290
10652 13641 2954 121 2841 1409 11108 763 290
7154 23843 12978 121 763 11142 6794 290 13729
7154 23843 12978 121 1409 11142 6794 290 13729
10427 19111 6986 11142 763 1409 13863 4177 121
10427 19111 6986 11142 763 290 13863 4177 121
9452 3684 13941 121 9652 7352 290 11142 763
9452 3684 13941 121 9652 7352 1409 11142 763
11614 14210 3684 121 1409 6976 23860 290 11142
11614 14210 3684 121 1409 4721 23860 290 11142
11297 14574 763 1050 3684 11142 290 13263 121
11297 14574 763 1050 3684 1409 290 13263 121
9444 3684 9694 121 4144 14756 11142 290 763
9444 3684 9694 121 4144 14756 1409 290 763
11614 6460 3684 121 11142 290 15133 6976 763
11614 6460 3684 121 1409 290 15133 6976 763
7154 17082 17009 1409 11142 763 1044 290 16530
7154 17082 17009 121 11142 763 1044 290 16530
7154 17082 17009 1409 3684 763 1044 290 16530
3935 19229 19254 763 4144 290 11142 1409 18181
3935 19229 19254 763 4144 290 121 1409 18181
9452 121 22527 3684 6794 22131 290 763 11142
9452 121 22527 3684 6794 22131 1409 763 11142
10338 24576 13650 1409 2841 11142 290 24527 763
10338 24576 13650 1409 2841 121 290 24527 763
8935 12898 121 25248 6794 290 763 25243 11142
8935 12898 121 25248 6794 1409 763 25243 11142
8935 25248 121 12898 8430 290 11142 25243 763
8935 25248 121 12898 8430 1409 11142 25243 763
8871 24848 121 23141 6794 11142 290 763 25641
7155 24848 23141 121 1409 11142 6794 763 25641
8868 24848 121 23141 6794 1409 290 763 25641
7154 24848 23141 121 1409 11142 6794 290 25641
11157 3684 2579 121 6522 4144 11142 763 290
11157 3684 2579 121 6522 4144 1409 763 290
7154 30311 13488 763 11142 1409 391 121 26222
7154 30311 13488 763 290 1409 391 121 26222
3935 30311 13488 763 7460 11142 1409 121 26222
3935 30311 13488 763 7460 290 1409 121 26222
10652 2036 121 3684 6794 763 26818 1409 290
10652 2036 121 3684 6794 11142 26818 1409 290
11777 3684 2036 121 26818 763 8430 1409 290
11777 3684 2036 121 26818 11142 8430 1409 290
9452 121 9024 3684 3948 3801 290 763 11142
9452 121 9024 3684 3948 3801 1409 763 11142
11297 4812 11142 2874 121 290 763 1186 3684
11297 4812 11142 2874 121 1409 763 1186 3684
11308 7694 763 353 121 11142 1409 111 3684
11308 7694 763 353 121 290 1409 111 3684
9452 121 8658 3684 6794 644 290 11142 763
9452 121 8658 3684 6794 644 290 1409 763
11614 8658 121 6794 290 11142 644 763 2841
11614 8658 121 6794 290 1409 644 763 2841
9541 121 4129 3684 14497 889 763 290 11142
9541 121 4129 3684 14497 889 1409 290 11142
9456 121 889 3684 4312 4129 763 290 11142
9456 121 889 3684 4312 4129 1409 290 11142
10014 3698 121 4953 3684 11142 1409 9003 763
10014 3698 121 4953 3684 290 1409 9003 763
