9146+bno7 13650 66 18060 1946 1409 297 11142 6094
9146+bno7 13650 1587 18060 297 1409 1946 11142 6094
9146+bno7 13650 2290 1409 1946 18060 297 6094 11142
9146+bno7 13650 394 18060 297 1409 1946 11142 6094
9146+bno7 13650 1847 18060 1946 1409 297 11142 6094
9146+bno7 13650 4177 18060 297 1409 1946 11142 6094
9146+bno7 13650 10366 1409 1946 18060 297 11142 6094
9146+bno7 13650 14830 1409 297 18060 1946 11142 6094
9146+bno7 13650 943 18060 1946 1409 297 11142 6094
9146+bno7 13650 32332 18060 1946 1409 297 6094 11142
9146+bno7 13650 622 18060 1946 1409 297 6094 11142
9146+bno7 13650 3272 18060 1946 1409 297 6094 11142
11614+bno7 13650 1409 18060 1946 297 10898 6094 11142
11614+bno7 13650 1409 18060 297 1946 238 11142 6094
9146+bno7 13650 2191 1409 1946 18060 297 6094 11142
9146+bno7 13650 5810 18060 297 1409 1946 11142 6094
9146+bno7 13650 18739 1409 1946 18060 297 6094 11142
9146+bno7 13650 5309 18060 1946 1409 297 6094 11142
11614+bno7 13650 1409 18060 297 1946 16702 6094 11142
9146+bno7 13650 6506 1409 1946 18060 297 11142 6094
9146+bno7 13650 1004 18060 1946 1409 297 11142 6094
9146+bno7 13650 2356 18060 297 1409 1946 11142 6094
9146+bno7 13650 34538 1409 1946 18060 297 11142 6094
9146+bno7 13650 23758 1409 1946 18060 297 6094 11142
9146+bno7 13650 38889 1409 1946 18060 297 6094 11142
9146+bno7 13650 35575 18060 1946 1409 297 11142 6094
9146+bno7 13650 3623 18060 297 1409 1946 11142 6094
9146+bno7 13650 10368 18060 297 1409 1946 11142 6094
9146+bno7 13650 4054 1409 1946 18060 297 6094 11142
9146+bno7 13650 1648 18060 1946 1409 297 6094 11142
9146+bno7 13650 11504 1409 1946 18060 297 11142 6094
9146+bno7 13650 3709 18060 1946 1409 297 6094 11142
9146+bno7 13650 10217 1409 297 18060 1946 6094 11142
11614+bno7 13650 18060 1409 1946 297 9068 11142 6094
9146+bno7 13650 3528 18060 297 1409 1946 11142 6094
9146+bno7 13650 2234 1409 1946 18060 297 6094 11142
9146+bno7 13650 11318 18060 297 1409 1946 11142 6094
9146+bno7 13650 7458 1409 297 18060 1946 11142 6094
9146+bno7 13650 9833 1409 297 18060 1946 6094 11142
9146+bno7 13650 1079 18060 297 1409 1946 11142 6094
9146+bno7 13650 5628 18060 1946 1409 297 11142 6094
11614+bno7 13650 18060 1409 1946 297 799 6094 11142
9146+bno7 13650 16143 1409 1946 18060 297 6094 11142
9146+bno7 13650 11394 1409 297 18060 1946 6094 11142
9146+bno7 13650 8811 18060 1946 1409 297 6094 11142
11614+bno7 13650 1409 18060 1946 297 24494 6094 11142
11614+bno7 13650 1409 18060 1946 297 5534 6094 11142
9146+bno7 13650 3375 18060 297 1409 1946 11142 6094
9146+bno7 13650 14517 1409 1946 18060 297 11142 6094
9146+bno7 13650 3465 18060 1946 1409 297 6094 11142
11614+bno7 13650 1409 18060 1946 297 56553 6094 11142
9146+bno7 13650 15620 1409 1946 18060 297 6094 11142
9146+bno7 13650 6495 1409 297 18060 1946 11142 6094
3783+bno1 20521 3160 290 11054 11142 6094 4661 20665
3783+bno1 20521 3160 1946 11054 11142 6094 4661 20665
1627+bno7 290 20631 11054 20665 3160 4661 20521 6094
1276+bno3 69546 290 8369 35899 64163 13650 11142 59011
1276+bno3 69546 290 8369 35899 64163 13650 6094 59011
1276+bno2 69546 290 8369 35899 64163 13650 11142 59011
1276+bno2 69546 290 8369 35899 64163 13650 6094 59011
3783+bno2 24460 19072 1946 8799 11142 290 12205 15114
3783+bno2 24460 19072 1946 8799 6094 290 12205 15114
3783+bno0 20521 3160 290 11054 11142 6094 4661 20665
3783+bno0 20521 3160 1946 11054 11142 6094 4661 20665
3783+bno0 26397 3160 290 11054 11142 6094 4661 26400
3783+bno0 26397 3160 1946 11054 11142 6094 4661 26400
3783+bno1 26397 3160 290 11054 11142 6094 4661 26400
3783+bno1 26397 3160 1946 11054 11142 6094 4661 26400
2300+bno0 30633 12126 4661 11142 1358 6094 10227 46191
2300+bno0 30633 12126 4661 290 1358 6094 10227 46191
3783+bno1 33028 42047 290 13650 6094 11142 21907 32710
3783+bno1 33028 42047 1946 13650 6094 11142 21907 32710
3783+bno0 33028 42047 290 13650 6094 11142 21907 32710
3783+bno0 33028 42047 1946 13650 6094 11142 21907 32710
4315+bno2 39939 11142 36014 3811 34515 290 58913 1946
4315+bno2 39939 6094 36014 3811 34515 290 58913 1946
3783+bno1 41662 62130 1946 5690 11142 6094 50846 37875
3783+bno1 41662 62130 1946 5690 290 6094 50846 37875
4315+bno2 70341 290 39874 4600 9022 6094 42292 11142
4315+bno2 70341 290 39874 4600 9022 1946 42292 11142
4315+bno0 39939 11142 36014 3811 34515 290 58913 1946
4315+bno0 39939 6094 36014 3811 34515 290 58913 1946
3783+bno1 40014 48127 290 13650 6094 11142 19399 47971
3783+bno1 40014 48127 1946 13650 6094 11142 19399 47971
3783+bno2 51466 51780 1946 11260 6094 11142 39129 51757
3783+bno2 51466 51780 1946 11260 290 11142 39129 51757
3783+bno1 51466 51780 1946 11260 6094 11142 39129 51757
3783+bno1 51466 51780 1946 11260 290 11142 39129 51757
6418+bno1 57641 290 26640 8737 13650 11142 6094 54430
6418+bno1 57641 1946 26640 8737 13650 11142 6094 54430
4315+bno1 39939 6094 36014 3811 34515 290 58913 1946
3783+bno0 59115 40640 290 13650 11142 6094 42278 60602
3783+bno0 59115 40640 1946 13650 11142 6094 42278 60602
1627+bno7 290 60863 13650 60602 40640 42278 59115 6094
3783+bno1 59115 40640 290 13650 11142 6094 42278 60602
3783+bno1 59115 40640 1946 13650 11142 6094 42278 60602
3783+bno2 22591 63981 1946 11260 11142 290 62675 66721
3783+bno2 22591 63981 1946 11260 6094 290 62675 66721
3783+bno1 22591 63981 1946 11260 11142 290 62675 66721
3783+bno1 76004 62629 290 13650 6094 11142 21907 67118
3783+bno1 76004 62629 1946 13650 6094 11142 21907 67118
3783+bno1 70005 42047 290 13650 6094 11142 21907 68727
3783+bno1 70005 42047 1946 13650 6094 11142 21907 68727
4315+bno1 75496 290 75422 11919 5656 6094 71105 11142
4315+bno1 75496 290 75422 11919 5656 1946 71105 11142
3783+bno0 18322 3160 290 11054 11142 6094 4661 20665
3783+bno0 18322 3160 1946 11054 11142 6094 4661 20665
1276+bno0 18322 11142 3160 20631 20521 1044 6094 20665
1276+bno0 18322 11142 3160 20631 20521 1044 290 20665
1276+bno0 18322 11142 3160 20631 20521 4661 6094 20665
1276+bno0 18322 290 3160 20631 20521 4661 6094 20665
1276+bno0 18322 11142 3160 20631 20521 4661 11054 20665
3783+bno0 20144 3160 290 11054 11142 6094 4661 20665
3783+bno0 20144 3160 1946 11054 11142 6094 4661 20665
1276+bno0 20144 11142 3160 20631 20521 1044 6094 20665
1276+bno0 20144 11142 3160 20631 20521 4661 6094 20665
1276+bno0 20144 11142 3160 20631 20521 4661 11054 20665
3783+bno0 20470 3160 290 11054 11142 6094 4661 20665
3783+bno0 20470 3160 1946 11054 11142 6094 4661 20665
1276+bno0 20470 11142 3160 20631 20521 1044 6094 20665
1276+bno0 20470 11142 3160 20631 20521 4661 6094 20665
1276+bno0 20470 11142 3160 20631 20521 4661 11054 20665
3783+bno0 20603 3160 290 11054 11142 6094 4661 20665
3783+bno0 20603 3160 1946 11054 11142 6094 4661 20665
1276+bno0 20603 11142 3160 20631 20521 1044 6094 20665
1276+bno0 20603 11142 3160 20631 20521 4661 6094 20665
1276+bno0 20603 11142 3160 20631 20521 4661 11054 20665
3783+bno0 22591 63981 1946 11260 11142 290 62675 66721
3783+bno0 22591 63981 1946 11260 6094 290 62675 66721
3783+bno0 23247 19438 290 11054 11142 6094 9422 18228
3783+bno0 23247 19438 1946 11054 11142 6094 9422 18228
3783+bno0 23797 38600 290 25510 11142 6094 33741 48525
3783+bno0 23797 38600 1946 25510 11142 6094 33741 48525
3783+bno0 24460 19072 1946 8799 11142 290 12205 15114
3783+bno0 24460 19072 1946 8799 6094 290 12205 15114
3783+bno0 27233 48356 290 13650 6094 11142 934 27229
3783+bno0 27233 48356 1946 13650 6094 11142 934 27229
2364+bno0 31352 30924 21907 290 6094 11142 13650 25337
2364+bno0 31352 30924 21907 1946 6094 11142 13650 25337
1734+bno0 37080 4661 6476 11142 6316 4660 6094 6483
1734+bno0 37080 4661 6476 290 6316 4660 6094 6483
3783+bno0 40014 48127 290 13650 6094 11142 19399 47971
3783+bno0 40014 48127 1946 13650 6094 11142 19399 47971
3783+bno0 41662 62130 1946 5690 11142 6094 50846 37875
3783+bno0 41662 62130 1946 5690 290 6094 50846 37875
3783+bno0 50262 42047 290 13650 6094 11142 21907 47482
3783+bno0 50262 42047 1946 13650 6094 11142 21907 47482
2844+bno3 9091 290 13650 51415 50560 11142 42511 6094
2844+bno3 9091 1946 13650 51415 50560 11142 42511 6094
3783+bno0 51466 51780 1946 11260 6094 11142 39129 51757
3783+bno0 51466 51780 1946 11260 290 11142 39129 51757
2300+bno0 56421 62347 13650 1946 290 11142 26039 52842
2300+bno0 56421 62347 13650 1946 290 6094 26039 52842
2300+bno0 57067 69556 25510 290 1946 11142 13113 41593
2300+bno0 57067 69556 25510 290 1946 6094 13113 41593
6418+bno0 57641 290 26640 8737 13650 11142 6094 54430
6418+bno0 57641 1946 26640 8737 13650 11142 6094 54430
3783+bno0 58588 48127 290 13650 6094 11142 19399 36640
3783+bno0 58588 48127 1946 13650 6094 11142 19399 36640
3783+bno0 62786 66623 1946 8799 11142 290 16659 40644
3783+bno0 62786 66623 1946 8799 6094 290 16659 40644
3783+bno0 65879 7813 11142 1459 290 6094 1590 15385
3783+bno0 65879 7813 11142 1459 1946 6094 1590 15385
1276+bno0 69546 290 8369 35899 64163 13650 11142 59011
1276+bno0 69546 290 8369 35899 64163 13650 6094 59011
3783+bno0 76004 62629 290 13650 6094 11142 21907 67118
3783+bno0 76004 62629 1946 13650 6094 11142 21907 67118
3783+bno0 76134 66623 1946 8799 11142 290 16659 40644
3783+bno0 76134 66623 1946 8799 6094 290 16659 40644
