10699 90 607 951 772 159 61 120 214
10699 90 607 951 772 159 334 120 214
10645 90 607 951 772 159 91 120 214
4763 90 2 607 951 159 772 120 214
10699 90 607 951 772 159 415 120 214
10699 90 607 951 772 159 316 120 214
10699 90 607 951 772 159 629 120 214
10699 90 607 951 772 159 356 120 214
10697 90 607 951 772 159 546 120 214
10645 90 607 951 772 159 75 120 214
10699 90 607 951 772 159 530 120 214
10647 90 607 951 772 159 280 120 214
10699 90 607 951 772 159 517 120 214
10647 90 607 951 772 159 65 120 214
10693 90 607 772 951 159 168 120 214
10699 90 607 951 772 159 450 120 214
9170 90 951 607 696 772 159 120 214
10699 90 607 951 772 159 912 120 214
9693 607 90 951 772 32 159 120 214
10647 90 607 951 772 159 948 120 214
8833 90 951 528 607 159 772 120 214
10699 90 607 951 772 159 127 120 214
9703 607 90 951 772 854 159 120 214
4825 90 630 607 772 159 951 214 120
9703 607 90 951 772 765 159 120 214
9689 607 90 772 951 832 159 120 214
4731 90 532 772 607 159 700 120 214
10645 90 607 951 772 159 24 120 214
5420 90 607 752 951 772 159 214 120
10699 90 607 951 772 159 157 120 214
10699 90 607 951 772 159 248 120 214
8817 90 951 591 607 159 772 214 120
9565 607 90 951 772 863 159 120 214
10693 90 607 951 772 159 891 120 214
10699 90 607 951 772 159 920 120 214
10699 90 607 951 772 159 499 120 214
9689 607 90 772 951 638 159 120 214
9565 607 90 951 772 122 159 120 214
10693 90 607 772 951 159 428 120 214
10699 90 607 951 772 159 40 120 214
10697 90 607 951 772 159 716 120 214
8833 90 951 684 607 159 772 120 214
10645 90 607 951 772 159 191 120 214
5398 90 607 322 772 951 159 120 214
9573 607 90 951 772 862 159 214 120
9703 607 90 951 772 443 159 120 214
10641 90 607 772 951 159 771 120 214
10699 90 607 951 772 159 783 120 214
9693 607 90 772 951 0 159 120 214
10647 90 607 951 772 159 994 120 214
10693 90 607 772 951 159 142 120 214
10699 90 607 772 951 159 167 120 214
9697 607 90 951 772 200 159 214 120
4942 921 90 607 772 159 120 214 506
10699 90 607 951 772 159 160 120 214
9697 607 90 951 772 547 159 214 120
9573 607 90 772 951 338 159 214 120
9703 607 90 951 772 776 159 120 214
9703 607 90 951 772 868 159 120 214
10699 90 607 951 772 159 233 120 214
10693 90 607 772 951 159 324 120 214
8817 90 951 333 607 159 772 214 120
8793 90 951 531 607 159 772 120 214
10699 90 607 951 772 159 62 120 214
9573 607 90 951 772 980 159 214 120
8817 90 951 196 607 159 772 214 120
9565 607 90 772 951 541 159 120 214
4763 90 605 607 772 159 951 120 214
4875 90 614 607 951 159 772 120 214
10647 90 607 951 772 159 843 120 214
10645 90 607 951 772 159 136 120 214
5420 90 607 565 951 772 159 214 120
9703 607 90 951 772 900 159 120 214
10699 90 607 951 772 159 220 120 214
9697 607 90 951 772 381 159 214 120
4763 90 424 607 772 159 951 120 214
9565 607 90 951 772 789 159 120 214
4942 828 90 607 772 159 120 214 506
4825 90 364 607 951 159 772 214 120
10699 90 607 951 772 159 70 120 214
9565 607 90 951 772 281 159 120 214
9573 607 90 951 772 656 159 214 120
9703 607 90 772 951 143 159 120 214
10699 90 607 951 772 159 535 120 214
4763 90 599 607 772 159 951 120 214
4942 654 90 607 772 159 120 214 506
4763 90 849 607 772 159 951 120 214
9565 607 90 772 951 939 159 120 214
9573 607 90 951 772 573 159 214 120
9178 90 772 607 577 951 159 120 214
9565 607 90 772 951 103 159 120 214
9579 607 90 951 772 141 159 120 214
4825 90 274 607 951 159 772 214 120
4763 90 399 607 772 159 951 120 214
9565 607 90 772 951 482 159 120 214
4763 90 552 607 772 159 951 120 214
4418 90 582 607 772 159 2 120 214
9703 607 90 772 951 161 159 120 214
9565 607 90 772 951 885 159 120 214
4763 90 150 607 951 159 772 120 214
9573 607 90 951 772 223 159 214 120
9579 607 90 951 772 435 159 120 214
8833 90 951 812 607 159 772 120 214
4825 90 880 607 772 159 951 214 120
4763 90 907 607 772 159 951 120 214
4731 90 988 772 607 159 700 120 214
9579 607 90 772 951 235 159 120 214
4825 90 522 607 951 159 772 214 120
5398 90 607 369 772 951 159 120 214
10697 90 607 951 772 159 414 120 214
9693 607 90 772 951 42 159 120 214
9565 607 90 772 951 538 159 120 214
9569 607 90 772 951 170 159 120 214
9565 607 90 951 772 526 159 120 214
9703 607 90 951 772 841 159 120 214
9565 607 90 951 772 201 159 120 214
9569 607 90 951 772 628 159 120 214
4418 90 846 607 772 159 2 120 214
9565 607 90 951 772 199 159 120 214
4763 90 323 607 772 159 951 120 214
4825 90 326 607 951 159 772 214 120
4763 90 685 607 951 159 772 120 214
9565 607 90 772 951 133 159 120 214
4763 90 855 607 772 159 951 120 214
4945 971 90 607 772 159 120 214 454
9565 607 90 772 951 479 159 120 214
4763 90 543 607 772 159 951 120 214
4875 90 775 607 951 159 772 120 214
10647 90 607 951 772 159 993 120 214
4731 90 305 772 607 159 700 120 214
5420 90 607 715 772 951 159 214 120
4825 90 754 607 951 159 772 214 120
9703 607 90 951 772 865 159 120 214
4763 90 976 607 772 159 951 120 214
4731 90 444 772 607 159 700 120 214
4942 576 90 607 772 159 120 214 506
9693 607 90 772 951 695 159 120 214
9689 607 90 951 772 830 159 120 214
4945 873 90 772 607 159 120 214 193
4763 90 957 607 772 159 951 120 214
9569 607 90 951 772 292 159 120 214
4945 302 90 607 772 159 120 214 454
4945 311 90 772 607 159 120 214 193
4763 90 557 607 772 159 951 120 214
5420 90 607 566 951 772 159 214 120
4945 641 90 607 772 159 120 214 454
9565 607 90 951 772 682 159 120 214
5420 90 607 711 772 951 159 214 120
5398 90 607 407 772 951 159 120 214
4942 418 90 607 772 159 120 214 506
4418 90 575 607 772 159 2 120 214
4763 90 603 607 772 159 951 120 214
4942 643 90 607 772 159 120 214 506
4825 90 68 607 951 159 772 214 120
4731 90 680 772 607 159 700 120 214
4763 90 82 607 951 159 772 120 214
4942 929 90 607 772 159 120 214 506
5410 90 607 171 772 951 159 120 214
9565 607 90 772 951 317 159 120 214
4418 90 344 607 772 159 2 120 214
4763 90 679 607 772 159 951 120 214
4945 722 90 607 772 159 120 214 454
9689 607 90 772 951 853 159 120 214
4731 90 867 772 607 159 700 120 214
4763 90 979 607 772 159 951 120 214
4763 90 208 607 951 159 772 120 214
4763 90 353 607 772 159 951 120 214
4763 90 596 607 772 159 951 120 214
9573 607 90 951 772 8 159 214 120
4731 90 896 772 607 159 700 120 214
9565 607 90 772 951 898 159 120 214
4731 90 96 772 607 159 700 120 214
5410 90 607 230 772 951 159 120 214
4945 67 90 607 772 159 120 214 454
4942 737 90 607 772 159 120 214 506
4763 90 819 607 772 159 951 120 214
4731 90 908 772 607 159 700 120 214
5410 90 607 931 772 951 159 120 214
4731 90 966 772 607 159 700 120 214
9565 607 90 951 772 137 159 120 214
4763 90 706 607 772 159 951 120 214
5410 90 607 713 772 951 159 120 214
9697 607 90 951 772 72 159 214 120
9569 607 90 772 951 736 159 120 214
4942 745 90 607 772 159 120 214 506
4763 90 925 607 772 159 951 120 214
4945 379 90 607 772 159 120 214 454
4763 90 401 607 951 159 772 120 214
9565 607 90 951 772 613 159 120 214
4825 90 796 607 951 159 772 214 120
4875 90 834 607 951 159 772 120 214
4945 559 90 607 772 159 120 214 454
4942 836 90 607 772 159 120 214 506
4763 90 934 607 772 159 951 120 214
4763 90 169 607 772 159 951 120 214
4763 90 225 607 772 159 951 120 214
4763 90 273 607 772 159 951 120 214
4418 90 466 607 772 159 2 120 214
4731 90 750 772 607 159 700 120 214
4945 822 90 607 772 159 120 214 454
4418 90 872 607 772 159 2 120 214
5398 90 607 194 772 951 159 120 214
9693 607 90 951 772 283 159 120 214
4942 437 90 607 772 159 120 214 506
4938 626 90 607 772 159 120 214 863
4418 90 66 607 772 159 2 120 214
4418 90 76 772 607 159 410 120 214
4942 945 90 607 772 159 120 214 506
9689 607 90 772 951 315 159 120 214
9693 607 90 951 772 398 159 120 214
4418 90 45 607 772 159 2 120 214
4942 473 90 607 772 159 120 214 506
4763 90 474 607 772 159 951 120 214
4945 50 90 607 772 159 120 214 454
8817 90 951 549 607 159 772 214 120
4731 90 895 772 607 159 700 120 214
4942 899 90 607 772 159 120 214 506
4731 90 119 772 607 159 700 120 214
2300 180 362 90 159 772 214 120 990
4761 90 304 607 772 159 752 120 214
4945 429 90 607 772 159 120 214 454
4763 90 518 607 772 159 951 120 214
4731 90 748 772 607 159 700 120 214
4763 90 341 607 772 159 951 120 214
4731 90 441 772 607 159 700 120 214
4942 442 90 607 772 159 120 214 506
4763 90 681 607 772 159 951 120 214
9565 607 90 772 951 774 159 120 214
9693 607 90 951 772 116 159 120 214
4942 158 90 607 772 159 120 214 506
4942 289 90 607 772 159 120 214 506
4942 480 90 607 772 159 120 214 506
4763 90 773 607 772 159 540 120 214
4418 90 818 772 607 159 250 120 214
4942 131 90 607 772 159 120 214 506
4763 90 284 607 772 159 951 120 214
4763 90 340 607 951 159 772 120 214
4447 90 478 607 772 159 267 120 214
4763 90 584 607 772 159 951 120 214
4447 90 751 607 772 159 267 120 214
4763 90 874 607 772 159 540 120 214
4418 90 928 772 607 159 1004 120 214
4945 999 90 607 772 159 120 214 454
4785 90 255 607 772 159 951 120 214
4945 488 90 607 772 159 120 214 454
4763 90 501 607 951 159 772 120 214
4945 562 90 607 772 159 120 214 454
4763 90 640 607 951 159 772 120 214
4418 90 889 607 772 159 2 120 214
4733 90 975 607 772 159 738 120 214
4825 90 203 607 951 159 772 214 120
4418 90 215 607 772 159 2 120 214
4942 242 90 607 772 159 120 214 506
4942 508 90 607 772 159 120 214 506
4945 594 90 607 772 159 120 214 454
4825 90 637 607 951 159 772 214 120
9693 607 90 772 951 651 159 120 214
4942 747 90 607 772 159 120 214 506
4418 90 815 772 607 159 410 120 214
4942 10 90 607 772 159 120 214 506
4938 213 90 607 772 159 120 214 863
4418 120 217 214 506 159 899 90 772
4733 90 382 607 772 159 738 120 214
4945 394 90 607 772 159 120 214 854
4761 90 481 607 772 159 752 120 214
4418 90 639 772 607 159 1004 120 214
4942 653 90 607 772 159 120 214 506
4763 90 71 607 772 159 951 120 214
4945 905 90 607 772 159 120 214 454
4945 992 90 772 607 159 120 214 746
4940 262 90 772 607 159 120 214 335
4938 279 90 772 607 159 120 214 184
4418 90 376 772 607 159 410 120 214
4945 495 90 607 772 159 120 214 633
4938 615 90 772 607 159 120 214 184
4447 90 717 607 772 159 267 120 214
4763 90 727 607 772 159 951 120 214
4940 757 90 607 772 159 120 214 581
4418 90 768 607 772 159 2 120 214
4945 821 90 607 772 159 120 214 854
4944 848 90 772 607 159 120 214 4
4941 860 90 607 772 159 120 214 371
4945 88 90 772 607 159 120 214 343
4938 884 90 772 607 159 120 214 184
4938 897 90 772 607 159 120 214 101
6481 906 159 120 91 90 214 772 106
4763 90 970 607 951 159 772 120 214
4944 108 90 607 772 159 120 214 72
4939 155 90 772 607 159 120 214 771
4945 271 90 772 607 159 120 214 746
4940 385 90 772 607 159 120 214 335
4763 90 453 607 772 159 951 120 214
4418 90 54 607 772 159 82 120 214
4447 90 677 607 772 159 267 120 214
4418 90 753 772 607 159 758 120 214
4942 839 90 607 772 159 120 214 506
4418 90 911 772 607 159 1004 120 214
2300 937 362 90 159 772 214 120 585
1276 90 123 362 159 772 990 180 120
4945 128 90 607 772 159 120 214 765
4447 90 146 607 772 159 326 120 214
4943 172 90 772 607 159 120 214 324
4945 179 90 772 607 159 120 214 193
6481 183 159 120 91 90 214 772 688
4939 211 90 607 772 159 120 214 628
4940 218 90 607 772 159 120 214 862
4418 90 222 772 607 159 1004 120 214
6670 90 247 159 772 951 323 120 214
4942 252 90 607 772 159 120 214 506
4447 90 287 772 607 159 782 120 214
4938 296 90 772 607 159 120 214 184
4945 297 90 607 772 159 120 214 454
4938 328 90 772 607 159 120 214 702
4418 120 331 214 506 159 418 90 772
4943 352 90 772 607 159 120 214 712
1850 357 899 159 90 120 772 506 217
6670 90 375 159 772 586 264 120 214
4939 390 90 772 607 159 120 214 771
4418 90 43 772 607 159 232 120 214
4945 430 90 772 607 159 120 214 935
4418 90 436 772 607 159 991 120 214
4944 47 90 607 772 159 120 214 769
4447 90 475 772 607 159 782 120 214
4943 496 90 607 772 159 120 214 32
4945 51 90 607 772 159 120 214 841
4943 533 90 772 607 159 120 214 784
4944 636 90 607 772 159 120 214 200
4945 665 90 772 607 159 120 214 746
4940 726 90 772 607 159 120 214 335
6670 90 728 159 772 951 605 120 214
4943 756 90 772 607 159 120 214 168
4733 90 760 607 772 159 738 120 214
4945 79 90 772 607 159 120 214 746
4447 90 80 607 772 159 267 120 214
4763 90 805 607 951 159 772 120 214
4944 81 90 772 607 159 120 214 4
1276 90 829 362 159 772 990 180 120
4943 831 90 772 607 159 120 214 142
4942 856 90 607 772 159 120 214 506
4942 903 90 607 772 159 120 214 506
4447 90 930 607 772 159 326 120 214
4447 90 938 607 772 159 326 120 214
4418 90 94 772 607 159 232 120 214
1276 90 958 362 159 772 990 180 120
4418 90 961 607 772 159 2 120 214
4945 968 90 607 772 159 120 214 854
4942 982 90 607 772 159 120 214 506
1850 986 2 159 120 90 214 772 66
6670 90 989 159 772 951 424 120 214
4418 90 998 607 772 159 2 120 214
