11331+bno0 10701 3684 121 11142 763 1409 2874 290
11331+bno0 10701 3684 121 11142 763 1149 2874 290
11331+bno0 10701 3684 121 11142 763 297 2874 290
11308+bno0 4757 3684 121 763 11142 1409 1310 290
11308+bno0 4757 3684 121 763 11142 1149 1310 290
11308+bno0 4757 3684 121 763 11142 297 1310 290
11330+bno0 7302 763 290 11142 121 1409 3927 3684
11330+bno0 7302 763 290 11142 121 1149 3927 3684
11330+bno0 7302 763 290 11142 121 297 3927 3684
11331+bno0 11445 3684 121 11142 763 1409 2874 290
11331+bno0 11445 3684 121 11142 763 1149 2874 290
11331+bno0 11445 3684 121 11142 763 297 2874 290
11331+bno0 2165 121 3684 297 763 11142 12705 290
11331+bno0 2165 121 3684 297 763 1409 12705 290
11331+bno0 13220 3684 121 11142 763 1409 2874 290
11331+bno0 13220 3684 121 11142 763 1149 2874 290
11331+bno0 13220 3684 121 11142 763 297 2874 290
11331+bno0 5965 121 3684 1149 763 11142 20302 290
11331+bno0 5965 121 3684 1149 763 1409 20302 290
11331+bno0 1035 3684 121 1149 763 11142 5690 290
11331+bno0 1035 3684 121 1149 763 1409 5690 290
11308+bno0 13014 290 763 3684 1409 11142 8103 121
11308+bno0 13014 290 763 3684 297 11142 8103 121
11308+bno0 13014 290 763 3684 1409 1149 8103 121
11331+bno0 17495 3684 121 11142 290 1409 2874 763
11331+bno0 17495 3684 121 11142 290 1149 2874 763
11331+bno0 17495 3684 121 11142 290 297 2874 763
11308+bno0 21014 763 290 3684 297 11142 11286 121
11308+bno0 21014 763 290 3684 297 1409 11286 121
11307+bno0 21230 763 290 3684 1149 11142 21684 121
11307+bno0 21230 763 290 3684 297 11142 21684 121
11307+bno0 21230 763 290 3684 1149 1409 21684 121
11307+bno0 21230 763 290 3684 297 1409 21684 121
11331+bno0 3916 3684 121 11142 763 1409 2874 290
11331+bno0 3916 3684 121 11142 763 1149 2874 290
11331+bno0 3916 3684 121 11142 763 297 2874 290
11331+bno0 580 3684 121 11142 763 1409 83 290
11331+bno0 580 3684 121 11142 763 1149 83 290
11331+bno0 580 3684 121 11142 763 297 83 290
11331+bno0 19018 121 3684 297 290 11142 2554 763
11331+bno0 19018 121 3684 297 290 1409 2554 763
11308+bno0 4192 763 290 3684 11142 1409 3927 121
11308+bno0 4192 763 290 3684 11142 1149 3927 121
11308+bno0 4192 763 290 3684 11142 297 3927 121
11331+bno0 20697 121 3684 1149 290 11142 20302 763
11331+bno0 20697 121 3684 1149 290 1409 20302 763
11308+bno0 22722 763 290 121 1149 11142 3568 3684
11308+bno0 22722 763 290 121 1149 1409 3568 3684
11331+bno0 24875 3684 121 297 290 11142 10194 763
11331+bno0 24875 3684 121 297 290 1409 10194 763
11331+bno0 31348 3684 121 1149 290 11142 5690 763
11331+bno0 31348 3684 121 1149 290 1409 5690 763
11330+bno0 11058 3684 121 11142 290 1409 3927 763
11330+bno0 11058 3684 121 11142 290 1149 3927 763
11330+bno0 11058 3684 121 11142 290 297 3927 763
11308+bno0 12069 290 763 3684 1409 11142 8103 121
11308+bno0 12069 290 763 3684 297 11142 8103 121
11308+bno0 12069 290 763 3684 1409 1149 8103 121
11331+bno0 16877 3684 121 11142 763 1409 83 290
11331+bno0 16877 3684 121 11142 763 1149 83 290
11331+bno0 16877 3684 121 11142 763 297 83 290
11331+bno0 24301 3684 121 1149 290 11142 5690 763
11331+bno0 24301 3684 121 1149 290 1409 5690 763
11331+bno0 24661 121 3684 297 290 11142 2554 763
11331+bno0 24661 121 3684 297 290 1409 2554 763
11307+bno0 7829 763 290 3684 1409 11142 12858 121
11307+bno0 7829 763 290 3684 1149 11142 12858 121
11307+bno0 7829 763 290 3684 297 11142 12858 121
11331+bno0 8294 3684 121 11142 290 1409 6651 763
11331+bno0 8294 3684 121 11142 290 1149 6651 763
11331+bno0 8294 3684 121 297 290 1409 6651 763
11330+bno0 10312 3684 121 11142 290 1409 3927 763
11330+bno0 10312 3684 121 11142 290 1149 3927 763
11330+bno0 10312 3684 121 11142 290 297 3927 763
11308+bno0 11423 763 290 121 1149 11142 3568 3684
11308+bno0 11423 763 290 121 1149 1409 3568 3684
11331+bno0 1301 3684 121 11142 763 1409 348 290
11331+bno0 1301 3684 121 11142 763 1149 348 290
11331+bno0 1301 3684 121 11142 763 297 348 290
11331+bno0 15898 763 290 1149 121 11142 353 3684
11331+bno0 15898 763 290 297 121 11142 353 3684
11331+bno0 15898 763 290 1149 121 1409 353 3684
11331+bno0 15898 763 290 297 121 1409 353 3684
11331+bno0 19647 763 290 1409 3684 11142 7934 121
11331+bno0 19647 763 290 297 3684 11142 7934 121
11331+bno0 19647 763 290 1409 3684 1149 7934 121
11331+bno0 21231 121 3684 297 290 11142 12705 763
11331+bno0 21231 121 3684 297 290 1409 12705 763
11330+bno0 25491 763 290 1149 3684 11142 3568 121
11330+bno0 25491 763 290 1149 3684 1409 3568 121
11308+bno0 25770 763 290 121 1149 11142 9025 3684
11308+bno0 25770 763 290 121 1149 1409 9025 3684
11331+bno0 2659 3684 121 11142 763 1409 83 290
11331+bno0 2659 3684 121 11142 763 1149 83 290
11331+bno0 2659 3684 121 11142 763 297 83 290
11331+bno0 27198 290 763 1409 121 11142 13650 3684
11331+bno0 27198 290 763 1149 121 11142 13650 3684
11331+bno0 27198 290 763 297 121 11142 13650 3684
11308+bno0 2755 3684 121 763 11142 1409 577 290
11308+bno0 2755 3684 121 763 11142 1149 577 290
11308+bno0 2755 3684 121 763 11142 297 577 290
11330+bno0 9091 121 3684 1409 290 11142 5091 763
11330+bno0 9091 121 3684 1409 290 1149 5091 763
11330+bno0 9091 121 3684 1409 290 297 5091 763
11331+bno0 9232 290 763 1409 121 11142 13650 3684
11331+bno0 9232 290 763 1149 121 11142 13650 3684
11331+bno0 9232 290 763 297 121 11142 13650 3684
11308+bno0 10300 763 290 121 1409 11142 12481 3684
11308+bno0 10300 763 290 121 1149 11142 12481 3684
11308+bno0 10300 763 290 121 1409 297 12481 3684
11331+bno0 10452 763 290 11142 121 1409 6647 3684
11331+bno0 10452 763 290 11142 121 1149 6647 3684
11331+bno0 10452 763 290 11142 121 297 6647 3684
11308+bno0 11172 3684 121 763 1409 11142 3132 290
11308+bno0 11172 3684 121 763 1409 1149 3132 290
11308+bno0 11172 3684 121 763 1409 297 3132 290
11331+bno0 12530 3684 121 11142 763 1409 2874 290
11331+bno0 12530 3684 121 11142 763 1149 2874 290
11331+bno0 12530 3684 121 11142 763 297 2874 290
11330+bno0 13773 121 3684 1409 290 11142 9924 763
11330+bno0 13773 121 3684 1149 290 11142 9924 763
11330+bno0 13773 121 3684 1409 290 297 9924 763
11330+bno0 15111 290 763 1149 3684 11142 14497 121
11330+bno0 15111 290 763 297 3684 11142 14497 121
11330+bno0 15111 290 763 1149 3684 1409 14497 121
11330+bno0 15111 290 763 297 3684 1409 14497 121
11330+bno0 15227 763 290 11142 3684 1409 2383 121
11330+bno0 15227 763 290 11142 3684 1149 2383 121
11330+bno0 15227 763 290 11142 3684 297 2383 121
11308+bno0 17099 763 290 121 1409 11142 1898 3684
11308+bno0 17099 763 290 121 1409 1149 1898 3684
11308+bno0 17099 763 290 121 1409 297 1898 3684
11331+bno0 19969 3684 121 1149 763 11142 12310 290
11331+bno0 19969 3684 121 297 763 11142 12310 290
11331+bno0 19969 3684 121 1149 763 1409 12310 290
11331+bno0 19969 3684 121 297 763 1409 12310 290
11308+bno0 20225 3684 121 290 11142 1409 1688 763
11308+bno0 20225 3684 121 290 1149 1409 1688 763
11308+bno0 20225 3684 121 290 297 1409 1688 763
11330+bno0 22005 3684 121 297 290 11142 4042 763
11330+bno0 22005 3684 121 297 290 1409 4042 763
11331+bno0 22025 121 3684 297 290 11142 2554 763
11331+bno0 22025 121 3684 297 290 1409 2554 763
11331+bno0 22301 121 3684 297 763 11142 12705 290
11331+bno0 22301 121 3684 297 763 1409 12705 290
11308+bno0 22315 763 290 121 1409 11142 9924 3684
11308+bno0 22315 763 290 121 1149 11142 9924 3684
11308+bno0 22315 763 290 121 1409 297 9924 3684
11330+bno0 2474 3684 121 11142 290 1409 577 763
11330+bno0 2474 3684 121 11142 290 1149 577 763
11330+bno0 2474 3684 121 11142 290 297 577 763
11308+bno0 25146 763 290 121 1149 11142 9025 3684
11308+bno0 25146 763 290 121 1149 1409 9025 3684
11331+bno0 27437 3684 121 1149 763 11142 15629 290
11331+bno0 27437 3684 121 297 763 11142 15629 290
11331+bno0 27437 3684 121 1149 763 1409 15629 290
11331+bno0 27437 3684 121 297 763 1409 15629 290
8868+bno0 30311 763 7460 290 3684 11142 1409 26222
8868+bno0 30311 3684 7460 121 763 11142 1409 26222
11308+bno0 6866 121 3684 290 1149 11142 14497 763
11308+bno0 6866 121 3684 290 297 11142 14497 763
11308+bno0 6866 121 3684 290 1149 1409 14497 763
11308+bno0 6866 121 3684 290 297 1409 14497 763
11307+bno0 7279 121 3684 763 1149 11142 4558 290
11307+bno0 7279 121 3684 763 1149 1409 4558 290
11307+bno0 9459 763 290 3684 11142 1409 767 121
11307+bno0 9459 763 290 3684 11142 1149 767 121
11307+bno0 9459 763 290 3684 297 1409 767 121
11330+bno0 9717 763 290 297 121 11142 11286 3684
11330+bno0 9717 763 290 297 121 1409 11286 3684
11308+bno0 10144 763 290 3684 11142 1409 3927 121
11308+bno0 10144 763 290 3684 11142 1149 3927 121
11308+bno0 10144 763 290 3684 11142 297 3927 121
11308+bno0 10673 763 290 121 11142 1409 4701 3684
11308+bno0 10673 763 290 121 11142 1149 4701 3684
11308+bno0 10673 763 290 121 297 1409 4701 3684
9384+bno6 121 11046 3684 8430 12491 290 11142 763
9384+bno6 121 11046 3684 8430 12491 290 1409 763
11308+bno0 11491 763 290 121 1149 11142 3568 3684
11308+bno0 11491 763 290 121 1149 1409 3568 3684
11330+bno0 1164 121 3684 1409 290 11142 2264 763
11330+bno0 1164 121 3684 297 290 11142 2264 763
11330+bno0 1164 121 3684 1409 290 1149 2264 763
11331+bno0 12870 3684 121 1149 290 11142 11081 763
11331+bno0 12870 3684 121 297 290 11142 11081 763
11331+bno0 12870 3684 121 1149 290 1409 11081 763
11331+bno0 12870 3684 121 297 290 1409 11081 763
11331+bno0 13624 763 290 297 3684 11142 3901 121
11331+bno0 13624 763 290 297 3684 1409 3901 121
11331+bno0 13982 3684 121 11142 290 1409 13700 763
11331+bno0 13982 3684 121 1149 290 1409 13700 763
11331+bno0 13982 3684 121 297 290 1409 13700 763
11308+bno0 14067 763 290 3684 1409 11142 8410 121
11308+bno0 14067 763 290 3684 1149 11142 8410 121
11308+bno0 14067 763 290 3684 297 11142 8410 121
11331+bno0 15169 763 290 1409 3684 11142 7934 121
11331+bno0 15169 763 290 297 3684 11142 7934 121
11331+bno0 15169 763 290 1409 3684 1149 7934 121
11330+bno0 15568 121 3684 1409 290 11142 1898 763
11330+bno0 15568 121 3684 1409 290 1149 1898 763
11330+bno0 15568 121 3684 1409 290 297 1898 763
4370+bno7 763 15750 290 15708 391 15746 11142 1409
4370+bno6 763 15750 290 15708 391 15746 11142 1409
4370+bno6 763 15750 290 15708 391 15746 121 1409
11330+bno0 16142 763 290 11142 3684 1409 2383 121
11330+bno0 16142 763 290 11142 3684 1149 2383 121
11330+bno0 16142 763 290 11142 3684 297 2383 121
11308+bno0 16238 763 290 121 11142 1409 806 3684
11308+bno0 16238 763 290 121 11142 1149 806 3684
11308+bno0 16238 763 290 121 11142 297 806 3684
11330+bno0 17276 121 3684 1149 290 11142 9025 763
11330+bno0 17276 121 3684 1149 290 1409 9025 763
11331+bno0 17283 3684 121 1149 290 11142 5690 763
11331+bno0 17283 3684 121 1149 290 1409 5690 763
11331+bno0 17707 3684 121 1149 290 11142 9652 763
11331+bno0 17707 3684 121 297 290 11142 9652 763
11331+bno0 17707 3684 121 1149 290 1409 9652 763
11331+bno0 17707 3684 121 297 290 1409 9652 763
11331+bno0 17935 121 3684 297 290 11142 2554 763
11331+bno0 17935 121 3684 297 290 1409 2554 763
9399+bno6 121 23247 3684 4923 18228 290 11142 763
9399+bno6 121 23247 3684 4923 18228 290 1409 763
11308+bno0 18292 763 290 3684 11142 1149 7868 121
11308+bno0 18292 763 290 3684 11142 297 7868 121
11308+bno0 18292 763 290 3684 1409 1149 7868 121
11308+bno0 18292 763 290 3684 1409 297 7868 121
11307+bno0 18648 763 290 3684 1409 11142 12858 121
11307+bno0 18648 763 290 3684 1149 11142 12858 121
11307+bno0 18648 763 290 3684 297 11142 12858 121
11330+bno0 19464 763 290 1409 3684 11142 5963 121
11330+bno0 19464 763 290 1149 3684 11142 5963 121
11330+bno0 19464 763 290 297 3684 11142 5963 121
11331+bno0 1980 763 290 11142 121 1149 1407 3684
11331+bno0 1980 763 290 11142 121 297 1407 3684
11331+bno0 1980 763 290 1409 121 1149 1407 3684
11331+bno0 1980 763 290 1409 121 297 1407 3684
11308+bno0 20752 121 3684 763 1409 11142 1898 290
11308+bno0 20752 121 3684 763 1409 1149 1898 290
11308+bno0 20752 121 3684 763 1409 297 1898 290
11331+bno0 20795 121 3684 1149 290 11142 14830 763
11331+bno0 20795 121 3684 1149 290 1409 14830 763
11331+bno0 20961 3684 121 297 763 11142 10194 290
11331+bno0 20961 3684 121 297 763 1409 10194 290
11330+bno0 2111 121 3684 11142 290 297 1098 763
11330+bno0 2111 121 3684 1409 290 297 1098 763
11308+bno0 21346 763 290 121 1409 11142 12481 3684
11308+bno0 21346 763 290 121 1149 11142 12481 3684
11308+bno0 21346 763 290 121 1409 297 12481 3684
11308+bno0 21765 763 290 3684 297 11142 2089 121
11308+bno0 21765 763 290 3684 297 1409 2089 121
11331+bno0 22121 3684 121 297 290 11142 10194 763
11331+bno0 22121 3684 121 297 290 1409 10194 763
8868+bno0 22157 290 13650 763 1409 121 11142 21753
8868+bno0 22157 290 13650 763 1409 3684 11142 21753
11308+bno0 23267 763 290 121 1149 11142 3568 3684
11308+bno0 23267 763 290 121 1149 1409 3568 3684
11331+bno0 24349 763 290 297 3684 11142 9417 121
11331+bno0 24349 763 290 297 3684 1409 9417 121
8935+bno1 28002 763 2642 290 11142 1409 25062 3684
8931+bno1 28002 763 2642 290 121 1409 25062 3684
11308+bno0 25665 121 3684 290 1149 11142 14497 763
11308+bno0 25665 121 3684 290 297 11142 14497 763
11308+bno0 25665 121 3684 290 1149 1409 14497 763
11308+bno0 25665 121 3684 290 297 1409 14497 763
11308+bno0 25733 763 290 121 1149 11142 3568 3684
11308+bno0 25733 763 290 121 1149 1409 3568 3684
11308+bno0 27549 763 290 121 1409 11142 1898 3684
11308+bno0 27549 763 290 121 1409 1149 1898 3684
11308+bno0 27549 763 290 121 1409 297 1898 3684
11308+bno0 29784 763 290 3684 11142 297 27933 121
11308+bno0 29784 763 290 3684 1409 297 27933 121
11331+bno0 30433 121 3684 297 290 11142 2554 763
11331+bno0 30433 121 3684 297 290 1409 2554 763
11308+bno0 3078 290 763 3684 11142 1409 381 121
11308+bno0 3078 290 763 3684 1149 1409 381 121
11308+bno0 3078 290 763 3684 297 1409 381 121
11308+bno0 31105 763 290 121 1409 11142 12481 3684
11308+bno0 31105 763 290 121 1149 11142 12481 3684
11308+bno0 31105 763 290 121 1409 297 12481 3684
9384+bno6 121 3323 3684 8430 1184 763 11142 290
9384+bno6 121 3323 3684 8430 1184 763 1409 290
11331+bno0 3808 121 3684 11142 290 1409 1119 763
11331+bno0 3808 121 3684 11142 290 1149 1119 763
11331+bno0 3808 121 3684 297 290 1409 1119 763
11331+bno0 3863 3684 121 11142 290 1409 802 763
11331+bno0 3863 3684 121 11142 290 1149 802 763
11331+bno0 3863 3684 121 11142 290 297 802 763
11330+bno0 4079 121 3684 11142 290 1409 2784 763
11330+bno0 4079 121 3684 11142 290 1149 2784 763
11330+bno0 4079 121 3684 11142 290 297 2784 763
3783+bno0 6750 5198 763 290 11142 1409 3927 6863
3783+bno0 6750 5198 763 290 11142 121 3927 6863
11307+bno0 6759 763 290 121 1149 11142 1306 3684
11307+bno0 6759 763 290 121 1149 1409 1306 3684
8868+bno0 7101 763 3927 290 11142 121 1409 3822
8868+bno0 7101 3684 3927 121 11142 290 1409 3822
11331+bno0 7663 763 290 1409 121 11142 4961 3684
11331+bno0 7663 763 290 1409 121 1149 4961 3684
11331+bno0 7663 763 290 1409 121 297 4961 3684
11331+bno0 9257 121 3684 297 290 11142 2554 763
11331+bno0 9257 121 3684 297 290 1409 2554 763
11331+bno0 9934 763 290 1409 121 11142 7934 3684
11331+bno0 9934 763 290 297 121 11142 7934 3684
11331+bno0 9934 763 290 1409 121 1149 7934 3684
9384+bno6 121 10176 3684 8430 1184 763 11142 290
9384+bno6 121 10176 3684 8430 1184 763 1409 290
9384+bno7 3684 11173 121 586 17009 763 11142 290
9384+bno7 3684 11173 121 586 17009 763 1409 290
11308+bno0 11405 763 290 121 11142 1149 11108 3684
11308+bno0 11405 763 290 121 1409 1149 11108 3684
11308+bno0 12370 763 290 3684 11142 1409 788 121
11308+bno0 12370 763 290 3684 11142 1149 788 121
11308+bno0 12370 763 290 3684 11142 297 788 121
11331+bno0 12444 121 3684 297 290 11142 2554 763
11331+bno0 12444 121 3684 297 290 1409 2554 763
11331+bno0 13391 121 3684 11142 290 1409 1119 763
11331+bno0 13391 121 3684 11142 290 1149 1119 763
11331+bno0 13391 121 3684 297 290 1409 1119 763
8950+bno0 13394 763 3545 290 11142 121 13402 1409
8950+bno0 13394 763 3545 290 11142 3684 13402 1409
11308+bno0 13836 763 290 3684 1149 11142 370 121
11308+bno0 13836 763 290 3684 1149 1409 370 121
11331+bno0 14690 290 763 1149 121 11142 11016 3684
11331+bno0 14690 290 763 1149 121 1409 11016 3684
11308+bno0 15044 763 290 121 11142 1409 806 3684
11308+bno0 15044 763 290 121 11142 1149 806 3684
11308+bno0 15044 763 290 121 11142 297 806 3684
7154+bno0 15218 12858 763 1409 121 290 11142 7829
4972+bno0 15218 12858 3684 121 763 290 11142 7829
3907+bno0 15218 12858 3684 121 763 1409 290 7829
11307+bno0 1680 290 763 121 1409 11142 19368 3684
11307+bno0 1680 290 763 121 1149 11142 19368 3684
11307+bno0 1680 290 763 121 297 11142 19368 3684
9384+bno7 3684 17029 121 586 17009 763 11142 290
9384+bno7 3684 17029 121 586 17009 763 1409 290
11331+bno0 17245 121 3684 11142 290 1409 1119 763
11331+bno0 17245 121 3684 11142 290 1149 1119 763
11331+bno0 17245 121 3684 297 290 1409 1119 763
11331+bno0 17718 763 290 11142 121 1149 11926 3684
11331+bno0 17718 763 290 11142 121 297 11926 3684
11331+bno0 17718 763 290 1409 121 1149 11926 3684
11331+bno0 17718 763 290 1409 121 297 11926 3684
8935+bno0 18163 763 7507 290 1409 3684 18168 11142
8935+bno0 18163 121 7507 3684 1409 290 18168 11142
11308+bno0 18198 121 3684 290 1409 11142 7378 763
11308+bno0 18198 121 3684 290 1149 11142 7378 763
11308+bno0 18198 121 3684 290 297 11142 7378 763
8948+bno1 19265 763 422 290 11142 3684 18313 121
8948+bno1 19265 763 422 290 1409 3684 18313 121
8948+bno0 19265 763 422 290 11142 3684 18313 121
8948+bno0 19265 763 422 290 1409 3684 18313 121
10469+bno6 121 3684 19341 1184 8430 763 11142 290
10469+bno6 121 3684 19341 1184 8430 763 1409 290
11308+bno0 1936 763 290 121 1149 11142 7458 3684
11308+bno0 1936 763 290 121 297 11142 7458 3684
11308+bno0 1936 763 290 121 1149 1409 7458 3684
11308+bno0 1936 763 290 121 297 1409 7458 3684
8946+bno0 20321 290 14497 763 121 11142 7705 3684
8946+bno0 20321 290 14497 763 121 1409 7705 3684
11307+bno0 20381 763 290 121 1409 11142 11054 3684
11307+bno0 20381 763 290 121 1149 11142 11054 3684
11307+bno0 20381 763 290 121 1409 297 11054 3684
11331+bno0 20446 121 3684 11142 290 1409 429 763
11331+bno0 20446 121 3684 11142 290 1149 429 763
11331+bno0 20446 121 3684 297 290 1409 429 763
3783+bno0 20521 18322 763 290 1409 11142 11054 20665
3783+bno0 20521 18322 763 290 121 11142 11054 20665
11330+bno0 21024 121 3684 1409 290 11142 22971 763
11330+bno0 21024 121 3684 1149 290 11142 22971 763
11330+bno0 21024 121 3684 297 290 11142 22971 763
11308+bno0 2133 3684 121 763 297 11142 2089 290
11308+bno0 2133 3684 121 763 297 1409 2089 290
11331+bno0 21532 121 3684 1149 290 11142 7333 763
11331+bno0 21532 121 3684 297 290 11142 7333 763
11331+bno0 21532 121 3684 1149 290 1409 7333 763
11331+bno0 21532 121 3684 297 290 1409 7333 763
11308+bno0 21568 763 290 3684 11142 1409 582 121
11308+bno0 21568 763 290 3684 11142 297 582 121
11308+bno0 21568 763 290 3684 1149 1409 582 121
11308+bno0 22200 763 290 121 1409 11142 9924 3684
11308+bno0 22200 763 290 121 1149 11142 9924 3684
11308+bno0 22200 763 290 121 1409 297 9924 3684
11308+bno0 22945 763 290 3684 11142 1149 7868 121
11308+bno0 22945 763 290 3684 11142 297 7868 121
11308+bno0 22945 763 290 3684 1409 1149 7868 121
11308+bno0 22945 763 290 3684 1409 297 7868 121
11331+bno0 23529 121 3684 1149 290 11142 22051 763
11331+bno0 23529 121 3684 1149 290 1409 22051 763
11308+bno0 24496 3684 121 290 1409 11142 22714 763
11308+bno0 24496 3684 121 290 1149 11142 22714 763
11308+bno0 24496 3684 121 290 297 11142 22714 763
11308+bno0 24598 763 290 121 1149 11142 9025 3684
11308+bno0 24598 763 290 121 1149 1409 9025 3684
11308+bno0 25057 763 290 121 1149 11142 3568 3684
11308+bno0 25057 763 290 121 1149 1409 3568 3684
11331+bno0 2513 121 3684 297 763 11142 12705 290
11331+bno0 2513 121 3684 297 763 1409 12705 290
11307+bno0 25205 763 290 3684 1409 11142 20369 121
11307+bno0 25205 763 290 3684 1149 11142 20369 121
11307+bno0 25205 763 290 3684 297 11142 20369 121
11307+bno0 25529 763 290 121 1409 11142 7845 3684
11307+bno0 25529 763 290 121 1149 11142 7845 3684
11307+bno0 25529 763 290 121 1409 297 7845 3684
11331+bno0 26102 763 290 1149 3684 11142 21857 121
11331+bno0 26102 763 290 297 3684 11142 21857 121
11331+bno0 26102 763 290 1149 3684 1409 21857 121
11331+bno0 26102 763 290 297 3684 1409 21857 121
11331+bno0 28026 763 290 1149 121 11142 21857 3684
11331+bno0 28026 763 290 297 121 11142 21857 3684
11331+bno0 28026 763 290 1149 121 1409 21857 3684
11331+bno0 28026 763 290 297 121 1409 21857 3684
9399+bno6 121 29245 3684 2554 24179 290 11142 763
9399+bno6 121 29245 3684 2554 24179 290 1409 763
11308+bno0 29660 3684 121 290 1149 11142 10475 763
11308+bno0 29660 3684 121 290 297 11142 10475 763
11308+bno0 29660 3684 121 290 1149 1409 10475 763
11308+bno0 29660 3684 121 290 297 1409 10475 763
11308+bno0 2971 121 3684 763 1409 11142 2264 290
11308+bno0 2971 121 3684 763 297 11142 2264 290
11308+bno0 2971 121 3684 763 1409 1149 2264 290
11331+bno0 31292 763 290 1149 3684 11142 1176 121
11331+bno0 31292 763 290 1149 3684 1409 1176 121
11331+bno0 3543 121 3684 11142 290 1409 1119 763
11331+bno0 3543 121 3684 11142 290 1149 1119 763
11331+bno0 3543 121 3684 297 290 1409 1119 763
9396+bno5 763 3810 290 766 6908 3684 11142 121
9396+bno5 763 3810 290 766 6908 3684 1409 121
11331+bno0 3854 121 3684 11142 290 1409 828 763
11331+bno0 3854 121 3684 11142 290 1149 828 763
11331+bno0 3854 121 3684 11142 290 297 828 763
11308+bno0 4355 121 3684 763 11142 297 1098 290
11308+bno0 4355 121 3684 763 1409 297 1098 290
11308+bno0 4588 763 290 3684 11142 1409 18238 121
11308+bno0 4588 763 290 3684 11142 297 18238 121
11308+bno0 4588 763 290 3684 1149 1409 18238 121
11331+bno0 5187 3684 121 11142 763 1409 83 290
11331+bno0 5187 3684 121 11142 763 1149 83 290
11331+bno0 5187 3684 121 11142 763 297 83 290
3783+bno2 6750 5198 763 290 11142 1409 3927 6863
3783+bno2 6750 5198 763 290 11142 121 3927 6863
11330+bno0 5220 121 3684 1409 290 11142 5229 763
11330+bno0 5220 121 3684 1149 290 11142 5229 763
11330+bno0 5220 121 3684 1409 290 297 5229 763
11307+bno0 550 763 290 121 11142 297 158 3684
11307+bno0 550 763 290 121 1409 297 158 3684
11308+bno0 6021 3684 121 763 11142 1149 4198 290
11308+bno0 6021 3684 121 763 11142 297 4198 290
11308+bno0 6021 3684 121 763 1409 1149 4198 290
11308+bno0 6021 3684 121 763 1409 297 4198 290
3783+bno1 6750 5198 763 290 11142 1409 3927 6863
3783+bno1 6750 5198 763 290 11142 121 3927 6863
11331+bno0 8395 121 3684 1409 290 11142 1044 763
11331+bno0 8395 121 3684 1409 290 1149 1044 763
11331+bno0 8395 121 3684 1409 290 297 1044 763
11307+bno0 8478 763 290 121 11142 1149 4344 3684
11307+bno0 8478 763 290 121 11142 297 4344 3684
11307+bno0 8478 763 290 121 1409 1149 4344 3684
11307+bno0 8478 763 290 121 1409 297 4344 3684
11307+bno0 8817 763 290 3684 11142 1149 5387 121
11307+bno0 8817 763 290 3684 1409 1149 5387 121
9384+bno5 763 8846 290 1464 6084 3684 11142 121
9384+bno5 763 8846 290 1464 6084 3684 1409 121
3783+bno1 24033 8391 290 763 11142 3684 7936 8969
3783+bno1 24033 8391 290 763 1409 3684 7936 8969
11308+bno0 9137 121 3684 763 11142 297 1098 290
11308+bno0 9137 121 3684 763 1409 297 1098 290
8843+bno0 10223 3684 6651 121 11142 290 763 8294
9384+bno7 3684 10223 121 6651 8294 290 1409 763
8868+bno0 10223 3684 6651 121 11142 1409 763 8294
9384+bno6 121 11216 3684 613 9471 763 11142 290
9384+bno6 121 11216 3684 613 9471 763 1409 290
9384+bno6 121 13611 3684 8430 13608 290 11142 763
9384+bno6 121 13611 3684 8430 13608 290 1409 763
9384+bno6 121 16124 3684 6794 2714 763 11142 290
9384+bno6 121 16124 3684 6794 2714 763 1409 290
9384+bno6 121 17217 3684 8430 15280 763 11142 290
9384+bno6 121 17217 3684 8430 15280 763 1409 290
8843+bno0 17497 3684 2874 121 11142 290 763 17495
9384+bno7 3684 17497 121 2874 17495 290 1409 763
8868+bno0 17497 3684 2874 121 11142 1409 763 17495
8868+bno0 20037 763 9025 290 121 1409 11142 11124
8868+bno0 20037 121 9025 3684 763 1409 11142 11124
8868+bno0 22206 121 1119 3684 11142 290 1409 4342
8868+bno0 22206 121 1119 3684 11142 763 1409 4342
9384+bno7 3684 2238 121 451 2110 290 11142 763
9384+bno7 3684 2238 121 451 2110 290 1409 763
8868+bno0 22510 763 5340 290 121 1409 11142 22501
8868+bno0 22510 121 5340 3684 763 1409 11142 22501
3783+bno0 22630 15708 763 290 121 11142 21684 15746
3783+bno0 22630 15708 763 290 121 1409 21684 15746
602+bno7 763 22630 15750 290 15708 391 15746 1409
1790+bno0 22630 15750 15708 763 11142 391 1409 15746
9384+bno7 3684 22773 121 12310 19969 763 11142 290
9384+bno7 3684 22773 121 12310 19969 763 1409 290
8868+bno0 22969 290 13650 763 1409 121 11142 19510
8868+bno0 22969 290 13650 763 1409 3684 11142 19510
9384+bno7 3684 23323 121 12310 19969 763 11142 290
9384+bno7 3684 23323 121 12310 19969 763 1409 290
8868+bno0 23843 290 13650 763 1409 121 11142 13729
8868+bno0 23843 290 13650 763 1409 3684 11142 13729
3783+bno0 24033 8391 290 763 11142 3684 7936 8969
3783+bno0 24033 8391 290 763 1409 3684 7936 8969
9384+bno6 121 24043 3684 6794 24112 290 11142 763
9384+bno6 121 24043 3684 6794 24112 290 1409 763
7083+bno0 2509 577 3684 763 11142 121 290 2474
8545+bno0 2509 577 3684 763 121 290 1409 2474
7154+bno0 2509 577 3684 11142 763 121 1409 2474
3783+bno0 25207 16494 763 290 11142 1409 5094 25179
3783+bno0 25207 16494 763 290 11142 121 5094 25179
8541+bno0 25772 9025 763 121 290 3684 11142 25770
8541+bno0 25772 9025 763 121 290 3684 1409 25770
8541+bno0 25775 9025 763 121 290 3684 11142 25770
8541+bno0 25775 9025 763 121 290 3684 1409 25770
8541+bno0 26152 14497 121 290 3684 763 11142 25665
8541+bno0 26152 14497 121 290 3684 763 1409 25665
8868+bno0 27659 290 13650 763 1409 121 11142 22237
8868+bno0 27659 290 13650 763 1409 3684 11142 22237
7078+bno0 29797 27933 763 3684 11142 290 121 29784
7078+bno0 29797 27933 763 3684 1409 290 121 29784
3783+bno0 31352 30924 290 763 1409 11142 13650 25337
3783+bno0 31352 30924 290 763 1409 121 13650 25337
3783+bno0 4853 1656 763 290 1409 11142 4961 4806
3783+bno0 4853 1656 763 290 1409 121 4961 4806
8545+bno0 5653 4953 121 763 3684 290 11142 5646
8545+bno0 5653 4953 121 763 3684 290 1409 5646
8868+bno0 6369 763 5340 290 121 11142 1409 6343
8868+bno0 6369 121 5340 3684 763 11142 1409 6343
1627+bno7 763 6778 290 6863 5198 3927 6750 1409
4229+bno0 7129 763 3822 290 3927 11142 1409 7101
3783+bno0 7129 3822 763 290 11142 121 3927 7101
4350+bno6 763 7129 290 3822 3927 7101 121 1409
7154+bno0 8941 1223 763 121 11142 290 1409 11800
7154+bno0 8941 1223 763 3684 11142 290 1409 11800
