8868 21375 3684 4144 121 763 290 1409 1094
8868 21375 3684 4144 121 763 11142 1409 1094
10427 22429 766 121 763 290 19881 3684 11142
10427 22429 766 121 763 1409 19881 3684 11142
8950 3903 3684 2874 121 11142 1409 21940 763
8950 3903 3684 2874 121 11142 1409 21940 290
8868 20127 3684 4144 121 763 290 1409 1094
8868 20127 3684 4144 121 763 11142 1409 1094
8950 21810 121 10095 3684 11142 763 21793 1409
8950 21810 121 10095 3684 11142 290 21793 1409
8868 12750 3684 2874 121 11142 763 290 10701
8868 12750 3684 2874 121 11142 1409 290 10701
8868 13747 3684 4144 121 763 11142 290 2348
8868 13747 3684 4144 121 763 1409 290 2348
11614 18216 121 3684 1409 290 5575 763 11142
11614 18216 121 3684 1409 2841 5575 763 11142
8868 20085 121 440 3684 290 1409 11142 11978
8868 20085 121 440 3684 763 1409 11142 11978
8950 7352 121 766 3684 763 290 22865 11142
8950 7352 121 766 3684 763 1409 22865 11142
8868 24041 3684 2874 121 11142 290 763 19276
8868 24041 3684 2874 121 11142 290 1409 19276
10441 24433 3568 121 763 290 22429 3684 11142
10441 24433 3568 121 763 1409 22429 3684 11142
8868 30311 3684 7460 121 763 290 1409 26222
8868 30311 3684 7460 121 763 11142 1409 26222
11614 3795 3684 121 763 1409 622 2841 290
11614 3795 3684 121 763 11142 622 2841 290
9014 12193 3684 348 121 11142 763 12930 290
9014 12193 3684 348 121 11142 1409 12930 290
8950 1321 3684 2874 121 11142 763 13628 290
8950 1321 3684 2874 121 11142 1409 13628 290
8950 13394 3684 13441 121 763 290 13402 1409
8950 13394 3684 13441 121 763 11142 13402 1409
1790 22630 15750 15708 763 11142 391 1409 15746
1790 22630 15750 15708 763 290 391 1409 15746
1790 22630 15750 15708 763 11142 21684 1409 15746
1790 22630 15750 15708 763 290 21684 1409 15746
11307 12425 3684 121 763 11142 290 16996 2233
11307 12425 3684 121 763 1409 290 16996 2233
8951 17042 121 1044 3684 1409 290 13400 11142
8951 17042 121 1044 3684 1409 763 13400 11142
8935 17426 3684 5094 121 763 290 2613 11142
8935 17426 3684 5094 121 763 1409 2613 11142
8868 18057 121 5701 3684 763 11142 290 5965
8868 18057 121 5701 3684 763 1409 290 5965
8935 18163 121 7507 3684 763 290 18168 11142
8935 18163 121 7507 3684 1409 290 18168 11142
8868 18410 121 4953 3684 763 11142 290 1142
8868 18410 121 4953 3684 763 1409 290 1142
8868 19830 121 1898 3684 763 290 11142 19334
8868 19830 121 1898 3684 1409 290 11142 19334
8950 20522 3684 9062 121 763 290 12952 11142
8950 20522 3684 9062 121 763 1409 12952 11142
8874 20744 3684 2874 121 11142 763 290 8786
8874 20744 3684 2874 121 11142 1409 290 8786
11614 21214 3684 121 11142 290 5094 763 1409
11614 21214 3684 121 11142 2841 5094 763 1409
8868 21929 121 10076 3684 290 1409 11142 18030
8868 21929 121 10076 3684 763 1409 11142 18030
8868 22083 3684 4144 121 763 290 11142 22080
8868 22083 3684 4144 121 763 1409 11142 22080
8868 23343 3684 2874 121 11142 763 290 11445
8868 23343 3684 2874 121 11142 1409 290 11445
2301 28002 26689 13650 1409 290 11142 2642 25062
2301 28002 26689 13650 1409 290 763 2642 25062
8868 26152 121 14497 3684 290 11142 763 25665
8868 26152 121 14497 3684 290 1409 763 25665
8950 5965 121 4580 3684 11142 763 2568 290
8950 5965 121 4580 3684 1409 763 2568 290
8868 2568 121 5701 3684 763 11142 290 5965
8868 2568 121 5701 3684 763 1409 290 5965
8868 27114 3684 2874 121 11142 290 763 19276
8868 27114 3684 2874 121 11142 290 1409 19276
8868 27767 121 12120 3684 290 11142 763 9663
8868 27767 121 12120 3684 1409 11142 763 9663
7154 27767 9924 121 1409 763 3684 290 9663
7154 27767 9924 121 1409 763 3684 11142 9663
8868 30209 121 766 3684 763 11142 290 22253
8868 30209 121 766 3684 763 1409 290 22253
8868 32911 3684 4144 121 763 290 1409 5181
8868 32911 3684 4144 121 763 11142 1409 5181
8950 2348 3684 2874 121 11142 763 3629 290
8950 2348 3684 2874 121 11142 1409 3629 290
8868 22206 121 1119 3684 11142 763 1409 4342
8868 22206 121 1119 3684 11142 290 1409 4342
8950 7685 121 6579 3684 11142 1409 6674 290
8950 7685 121 6579 3684 763 1409 6674 290
8935 6783 3684 1590 121 11142 290 8675 763
8935 6783 3684 1590 121 1409 290 8675 763
8868 7101 3684 3927 121 11142 290 1409 3822
8868 7101 3684 3927 121 763 290 1409 3822
8868 10703 3684 2874 121 11142 763 1409 6670
8868 10703 3684 2874 121 11142 290 1409 6670
8868 11177 3684 3132 121 763 11142 290 11172
8868 11177 3684 3132 121 1409 11142 290 11172
9452 121 14485 3684 6794 14312 290 763 1409
9452 121 14485 3684 6794 14312 11142 763 1409
8868 1460 3684 6651 121 11142 290 763 8294
8868 1460 3684 6651 121 11142 1409 763 8294
8868 16123 3684 4144 121 763 290 1409 1094
8868 16123 3684 4144 121 763 11142 1409 1094
8868 19356 121 1898 3684 763 290 11142 19334
8868 19356 121 1898 3684 1409 290 11142 19334
8868 19875 121 1898 3684 763 290 11142 19334
8868 19875 121 1898 3684 1409 290 11142 19334
8868 20244 3684 4144 121 763 290 11142 3593
8868 20244 3684 4144 121 763 1409 11142 3593
8868 21190 121 10076 3684 290 1409 11142 18030
8868 21190 121 10076 3684 763 1409 11142 18030
8868 23114 121 10076 3684 290 1409 11142 18030
8868 23114 121 10076 3684 763 1409 11142 18030
8868 24888 3684 4144 121 763 11142 290 10941
8868 24888 3684 4144 121 763 1409 290 10941
8868 25682 3684 4144 121 763 11142 290 2348
8868 25682 3684 4144 121 763 1409 290 2348
8951 27457 121 1044 3684 1409 290 27441 763
8951 27457 121 1044 3684 1409 11142 27441 763
8868 29341 3684 4144 121 763 290 1409 25590
8868 29341 3684 4144 121 763 11142 1409 25590
8868 5675 121 4953 3684 763 11142 290 5674
8868 5675 121 4953 3684 763 1409 290 5674
8868 8962 3684 2874 121 11142 763 290 8457
8868 8962 3684 2874 121 11142 1409 290 8457
