6711+bno2 ISW1 ARP9 TRA1 EPL1 ARP4 TAF14 ACT1 RSC8
1718+bno7 TAF6 EPL1 ARP9 RVB1 ISW1 RSC8 ACT1 TRA1
1723+bno2 ISW1 TAF14 MED1 TRA1 EPL1 YAP1 ARP4 ACT1
6393+bno2 ISW1 MED1 ARP4 TRA1 EPL1 YAP1 TAF6 ACT1
4346+bno5 NUT1 ISW1 TAF6 EPL1 TRA1 ACT1 ADA2 YAP1
1723+bno2 ISW1 TAF14 NUT1 TRA1 EPL1 YAP1 ARP4 ACT1
2137+bno5 NUT1 ISW1 TAF6 ARP4 EPL1 TRA1 ACT1 YAP1
4173+bno2 ISW1 NUT1 EPL1 TAF6 TRA1 SRB2 YAP1 ACT1
6393+bno7 TAF14 MED1 YAF9 TRA1 EPL1 YAP1 ADA2 ACT1
6671+bno7 TAF14 MED1 TRA1 YAF9 EPL1 YAP1 ACT1 ARP4
6253+bno3 TRA1 MED1 TAF14 RVB1 ACT1 YAP1 EPL1 YAF9
8153+bno3 TRA1 RVB1 MED1 YAP1 ACT1 EPL1 TAF6 YAF9
6393+bno7 TAF14 NUT1 YAF9 TRA1 EPL1 YAP1 ADA2 ACT1
7322+bno5 NUT1 TAF6 ACT1 YAF9 EPL1 TRA1 ADA2 YAP1
6671+bno7 TAF14 NUT1 TRA1 YAF9 EPL1 YAP1 ACT1 ARP4
6253+bno3 TRA1 NUT1 TAF14 RVB1 ACT1 YAP1 EPL1 YAF9
3791+bno5 NUT1 TAF6 RVB1 EPL1 ACT1 YAF9 TRA1 YAP1
6711+bno2 ISW1 ARP9 TRA1 ESA1 ARP4 TAF14 ACT1 RSC8
1718+bno7 TAF6 ESA1 ARP9 RVB1 ISW1 RSC8 ACT1 TRA1
1723+bno2 ISW1 TAF14 MED1 TRA1 ESA1 YAP1 ARP4 ACT1
6393+bno2 ISW1 MED1 ARP4 TRA1 ESA1 YAP1 TAF6 ACT1
4346+bno5 NUT1 ISW1 TAF6 ESA1 TRA1 ACT1 ADA2 YAP1
1723+bno2 ISW1 TAF14 NUT1 TRA1 ESA1 YAP1 ARP4 ACT1
2137+bno5 NUT1 ISW1 TAF6 ARP4 ESA1 TRA1 ACT1 YAP1
4173+bno2 ISW1 NUT1 ESA1 TAF6 TRA1 SRB2 YAP1 ACT1
6393+bno7 TAF14 MED1 YAF9 TRA1 ESA1 YAP1 ADA2 ACT1
6671+bno7 TAF14 MED1 TRA1 YAF9 ESA1 YAP1 ACT1 ARP4
6253+bno3 TRA1 MED1 TAF14 RVB1 ACT1 YAP1 ESA1 YAF9
8153+bno3 TRA1 RVB1 MED1 YAP1 ACT1 ESA1 TAF6 YAF9
6393+bno7 TAF14 NUT1 YAF9 TRA1 ESA1 YAP1 ADA2 ACT1
7322+bno5 NUT1 TAF6 ACT1 YAF9 ESA1 TRA1 ADA2 YAP1
6671+bno7 TAF14 NUT1 TRA1 YAF9 ESA1 YAP1 ACT1 ARP4
6253+bno3 TRA1 NUT1 TAF14 RVB1 ACT1 YAP1 ESA1 YAF9
3791+bno5 NUT1 TAF6 RVB1 ESA1 ACT1 YAF9 TRA1 YAP1
6554+bno7 ACT1 MED1 GCN5 TRA1 SPT7 YAP1 TAF6 ARP4
2699+bno7 ACT1 TAF10 TRA1 NUT1 YAP1 GCN5 TAF6 ARP4
6554+bno7 ACT1 MED1 NGG1 TRA1 SPT7 YAP1 TAF6 ARP4
2699+bno7 ACT1 TAF10 TRA1 NUT1 YAP1 NGG1 TAF6 ARP4
6554+bno7 ACT1 MED1 SGF73 TRA1 SPT7 YAP1 TAF6 ARP4
2699+bno7 ACT1 TAF10 TRA1 NUT1 YAP1 SGF73 TAF6 ARP4
3773+bno5 ADA2 RPB5 EAF3 RVB2 YAF9 ARP4 TAF14 TRA1
3773+bno5 ADA2 RPO26 EAF3 RVB2 YAF9 ARP4 TAF14 TRA1
6554+bno7 RPB5 MOT1 HTL1 ARP9 RSC4 ISW1 RSC8 TAF14
6554+bno7 RPO26 MOT1 HTL1 ARP9 RSC4 ISW1 RSC8 TAF14
6554+bno7 RPB5 MOT1 HTL1 ARP9 RSC6 ISW1 RSC8 TAF14
6554+bno7 RPO26 MOT1 HTL1 ARP9 RSC6 ISW1 RSC8 TAF14
6554+bno7 RPB5 MOT1 RSC1 ARP9 RSC4 ISW1 RSC8 TAF14
6554+bno7 RPO26 MOT1 RSC1 ARP9 RSC4 ISW1 RSC8 TAF14
6554+bno7 RPB5 MOT1 RSC1 ARP9 RSC6 ISW1 RSC8 TAF14
6554+bno7 RPO26 MOT1 RSC1 ARP9 RSC6 ISW1 RSC8 TAF14
6554+bno7 RPB5 MOT1 RSC9 ARP9 RSC4 ISW1 RSC8 TAF14
6554+bno7 RPO26 MOT1 RSC9 ARP9 RSC4 ISW1 RSC8 TAF14
6554+bno7 RPB5 MOT1 RSC9 ARP9 RSC6 ISW1 RSC8 TAF14
6554+bno7 RPO26 MOT1 RSC9 ARP9 RSC6 ISW1 RSC8 TAF14
6554+bno7 RPB5 MOT1 SFH1 ARP9 RSC4 ISW1 RSC8 TAF14
6554+bno7 RPO26 MOT1 SFH1 ARP9 RSC4 ISW1 RSC8 TAF14
6554+bno7 RPB5 MOT1 SFH1 ARP9 RSC6 ISW1 RSC8 TAF14
6554+bno7 RPO26 MOT1 SFH1 ARP9 RSC6 ISW1 RSC8 TAF14
1718+bno7 RPB5 RVB1 SPT20 RSC8 MOT1 TRA1 ISW1 TAF14
1718+bno7 RPO26 RVB1 SPT20 RSC8 MOT1 TRA1 ISW1 TAF14
1718+bno7 RPB5 RVB1 SPT8 RSC8 MOT1 TRA1 ISW1 TAF14
1718+bno7 RPO26 RVB1 SPT8 RSC8 MOT1 TRA1 ISW1 TAF14
6554+bno7 RPB5 HHF1 ARP7 ARP9 NPL6 ISW1 RSC2 TAF14
6554+bno7 RPO26 HHF1 ARP7 ARP9 NPL6 ISW1 RSC2 TAF14
6554+bno7 RPB5 HHF1 ARP7 ARP9 RSC58 ISW1 RSC2 TAF14
6554+bno7 RPO26 HHF1 ARP7 ARP9 RSC58 ISW1 RSC2 TAF14
6554+bno7 RPB5 MOT1 HTL1 ARP9 RSC4 ISW1 STH1 TAF14
6554+bno7 RPO26 MOT1 HTL1 ARP9 RSC4 ISW1 STH1 TAF14
6554+bno7 RPB5 MOT1 HTL1 ARP9 RSC6 ISW1 STH1 TAF14
6554+bno7 RPO26 MOT1 HTL1 ARP9 RSC6 ISW1 STH1 TAF14
6554+bno7 RPB5 MOT1 RSC1 ARP9 RSC4 ISW1 STH1 TAF14
6554+bno7 RPO26 MOT1 RSC1 ARP9 RSC4 ISW1 STH1 TAF14
6554+bno7 RPB5 MOT1 RSC1 ARP9 RSC6 ISW1 STH1 TAF14
6554+bno7 RPO26 MOT1 RSC1 ARP9 RSC6 ISW1 STH1 TAF14
6554+bno7 RPB5 MOT1 RSC9 ARP9 RSC4 ISW1 STH1 TAF14
6554+bno7 RPO26 MOT1 RSC9 ARP9 RSC4 ISW1 STH1 TAF14
6554+bno7 RPB5 MOT1 RSC9 ARP9 RSC6 ISW1 STH1 TAF14
6554+bno7 RPO26 MOT1 RSC9 ARP9 RSC6 ISW1 STH1 TAF14
6554+bno7 RPB5 MOT1 SFH1 ARP9 RSC4 ISW1 STH1 TAF14
6554+bno7 RPO26 MOT1 SFH1 ARP9 RSC4 ISW1 STH1 TAF14
6554+bno7 RPB5 MOT1 SFH1 ARP9 RSC6 ISW1 STH1 TAF14
6554+bno7 RPO26 MOT1 SFH1 ARP9 RSC6 ISW1 STH1 TAF14
3713+bno5 ADA2 RPB5 EAF1 RVB2 SWC4 YAF9 TAF14 TRA1
3713+bno5 ADA2 RPO26 EAF1 RVB2 SWC4 YAF9 TAF14 TRA1
8868+bno7 RPB5 TRA1 RVB2 SWC4 EAF1 YAF9 ARP4 TAF14
8868+bno7 RPO26 TRA1 RVB2 SWC4 EAF1 YAF9 ARP4 TAF14
1719+bno5 ADA2 EPL1 RPB5 SWC5 RVB2 TAF14 YAF9 TRA1
1719+bno5 ADA2 EPL1 RPO26 SWC5 RVB2 TAF14 YAF9 TRA1
1719+bno5 ADA2 ESA1 RPB5 SWC5 RVB2 TAF14 YAF9 TRA1
1719+bno5 ADA2 ESA1 RPO26 SWC5 RVB2 TAF14 YAF9 TRA1
1719+bno5 ADA2 EPL1 RPB5 SWR1 RVB2 TAF14 YAF9 TRA1
1719+bno5 ADA2 EPL1 RPO26 SWR1 RVB2 TAF14 YAF9 TRA1
1719+bno5 ADA2 ESA1 RPB5 SWR1 RVB2 TAF14 YAF9 TRA1
1719+bno5 ADA2 ESA1 RPO26 SWR1 RVB2 TAF14 YAF9 TRA1
6554+bno7 RPB5 HHF1 HTL1 ARP9 RSC4 ISW1 RSC3 TAF14
6554+bno7 RPO26 HHF1 HTL1 ARP9 RSC4 ISW1 RSC3 TAF14
6554+bno7 RPB5 HHF1 HTL1 ARP9 RSC6 ISW1 RSC3 TAF14
6554+bno7 RPO26 HHF1 HTL1 ARP9 RSC6 ISW1 RSC3 TAF14
6554+bno7 RPB5 HHF1 RSC1 ARP9 RSC4 ISW1 RSC3 TAF14
6554+bno7 RPO26 HHF1 RSC1 ARP9 RSC4 ISW1 RSC3 TAF14
6554+bno7 RPB5 HHF1 RSC1 ARP9 RSC6 ISW1 RSC3 TAF14
6554+bno7 RPO26 HHF1 RSC1 ARP9 RSC6 ISW1 RSC3 TAF14
6554+bno7 RPB5 HHF1 RSC9 ARP9 RSC4 ISW1 RSC3 TAF14
6554+bno7 RPO26 HHF1 RSC9 ARP9 RSC4 ISW1 RSC3 TAF14
6554+bno7 RPB5 HHF1 RSC9 ARP9 RSC6 ISW1 RSC3 TAF14
6554+bno7 RPO26 HHF1 RSC9 ARP9 RSC6 ISW1 RSC3 TAF14
6554+bno7 RPB5 HHF1 SFH1 ARP9 RSC4 ISW1 RSC3 TAF14
6554+bno7 RPO26 HHF1 SFH1 ARP9 RSC4 ISW1 RSC3 TAF14
6554+bno7 RPB5 HHF1 SFH1 ARP9 RSC6 ISW1 RSC3 TAF14
6554+bno7 RPO26 HHF1 SFH1 ARP9 RSC6 ISW1 RSC3 TAF14
2202+bno1 PHO23 SIN4 TRA1 ACT1 SWC4 EAF5 ADA2 EAF3
1631+bno1 PHO23 RPB5 TRA1 RVB1 SWC4 EAF5 TAF14 EAF3
1631+bno1 PHO23 RPO26 TRA1 RVB1 SWC4 EAF5 TAF14 EAF3
3708+bno1 PHO23 TAF6 RVB1 EAF5 ACT1 SWC4 TRA1 EAF3
2202+bno1 RPD3 SIN4 TRA1 ACT1 SWC4 EAF5 ADA2 EAF3
1631+bno1 RPD3 RPB5 TRA1 RVB1 SWC4 EAF5 TAF14 EAF3
1631+bno1 RPD3 RPO26 TRA1 RVB1 SWC4 EAF5 TAF14 EAF3
3708+bno1 RPD3 TAF6 RVB1 EAF5 ACT1 SWC4 TRA1 EAF3
2202+bno1 RXT2 SIN4 TRA1 ACT1 SWC4 EAF5 ADA2 EAF3
1631+bno1 RXT2 RPB5 TRA1 RVB1 SWC4 EAF5 TAF14 EAF3
1631+bno1 RXT2 RPO26 TRA1 RVB1 SWC4 EAF5 TAF14 EAF3
3708+bno1 RXT2 TAF6 RVB1 EAF5 ACT1 SWC4 TRA1 EAF3
2202+bno1 SIN3 SIN4 TRA1 ACT1 SWC4 EAF5 ADA2 EAF3
1631+bno1 SIN3 RPB5 TRA1 RVB1 SWC4 EAF5 TAF14 EAF3
1631+bno1 SIN3 RPO26 TRA1 RVB1 SWC4 EAF5 TAF14 EAF3
3708+bno1 SIN3 TAF6 RVB1 EAF5 ACT1 SWC4 TRA1 EAF3
2202+bno1 UME1 SIN4 TRA1 ACT1 SWC4 EAF5 ADA2 EAF3
1631+bno1 UME1 RPB5 TRA1 RVB1 SWC4 EAF5 TAF14 EAF3
1631+bno1 UME1 RPO26 TRA1 RVB1 SWC4 EAF5 TAF14 EAF3
3708+bno1 UME1 TAF6 RVB1 EAF5 ACT1 SWC4 TRA1 EAF3
6671+bno5 RVB1 SIN4 EAF3 YNG2 EPL1 YAP1 ACT1 YAF9
6671+bno5 RVB1 TAF6 EAF3 YNG2 EPL1 YAP1 ACT1 YAF9
6671+bno5 RVB1 SIN4 EAF3 YNG2 ESA1 YAP1 ACT1 YAF9
6671+bno5 RVB1 TAF6 EAF3 YNG2 ESA1 YAP1 ACT1 YAF9
2638+bno2 SDS3 RVB1 YNG2 TAF6 TRA1 ACT1 SWC4 EAF3
6554+bno7 RPB5 MOT1 HTL1 ARP9 RSC4 ISW1 NPL6 TAF14
6554+bno7 RPO26 MOT1 HTL1 ARP9 RSC4 ISW1 NPL6 TAF14
6554+bno7 RPB5 MOT1 HTL1 ARP9 RSC6 ISW1 NPL6 TAF14
6554+bno7 RPO26 MOT1 HTL1 ARP9 RSC6 ISW1 NPL6 TAF14
6554+bno7 RPB5 MOT1 RSC1 ARP9 RSC4 ISW1 NPL6 TAF14
6554+bno7 RPO26 MOT1 RSC1 ARP9 RSC4 ISW1 NPL6 TAF14
6554+bno7 RPB5 MOT1 RSC1 ARP9 RSC6 ISW1 NPL6 TAF14
6554+bno7 RPO26 MOT1 RSC1 ARP9 RSC6 ISW1 NPL6 TAF14
6554+bno7 RPB5 MOT1 RSC9 ARP9 RSC4 ISW1 NPL6 TAF14
6554+bno7 RPO26 MOT1 RSC9 ARP9 RSC4 ISW1 NPL6 TAF14
6554+bno7 RPB5 MOT1 RSC9 ARP9 RSC6 ISW1 NPL6 TAF14
6554+bno7 RPO26 MOT1 RSC9 ARP9 RSC6 ISW1 NPL6 TAF14
6554+bno7 RPB5 MOT1 SFH1 ARP9 RSC4 ISW1 NPL6 TAF14
6554+bno7 RPO26 MOT1 SFH1 ARP9 RSC4 ISW1 NPL6 TAF14
6554+bno7 RPB5 MOT1 SFH1 ARP9 RSC6 ISW1 NPL6 TAF14
6554+bno7 RPO26 MOT1 SFH1 ARP9 RSC6 ISW1 NPL6 TAF14
6554+bno7 RPB5 MOT1 HTL1 ARP9 RSC4 ISW1 RSC58 TAF14
6554+bno7 RPO26 MOT1 HTL1 ARP9 RSC4 ISW1 RSC58 TAF14
6554+bno7 RPB5 MOT1 HTL1 ARP9 RSC6 ISW1 RSC58 TAF14
6554+bno7 RPO26 MOT1 HTL1 ARP9 RSC6 ISW1 RSC58 TAF14
6554+bno7 RPB5 MOT1 RSC1 ARP9 RSC4 ISW1 RSC58 TAF14
6554+bno7 RPO26 MOT1 RSC1 ARP9 RSC4 ISW1 RSC58 TAF14
6554+bno7 RPB5 MOT1 RSC1 ARP9 RSC6 ISW1 RSC58 TAF14
6554+bno7 RPO26 MOT1 RSC1 ARP9 RSC6 ISW1 RSC58 TAF14
6554+bno7 RPB5 MOT1 RSC9 ARP9 RSC4 ISW1 RSC58 TAF14
6554+bno7 RPO26 MOT1 RSC9 ARP9 RSC4 ISW1 RSC58 TAF14
6554+bno7 RPB5 MOT1 RSC9 ARP9 RSC6 ISW1 RSC58 TAF14
6554+bno7 RPO26 MOT1 RSC9 ARP9 RSC6 ISW1 RSC58 TAF14
6554+bno7 RPB5 MOT1 SFH1 ARP9 RSC4 ISW1 RSC58 TAF14
6554+bno7 RPO26 MOT1 SFH1 ARP9 RSC4 ISW1 RSC58 TAF14
6554+bno7 RPB5 MOT1 SFH1 ARP9 RSC6 ISW1 RSC58 TAF14
6554+bno7 RPO26 MOT1 SFH1 ARP9 RSC6 ISW1 RSC58 TAF14
8874+bno6 TAF6 RVB1 EAF3 EAF5 ACT1 SWC4 YAF9 TRA1
1718+bno5 ADA2 EPL1 RPB5 SWC5 RVB2 TAF14 SWC4 TRA1
1718+bno5 ADA2 EPL1 RPO26 SWC5 RVB2 TAF14 SWC4 TRA1
6555+bno7 RPB5 TRA1 SWC5 RVB2 SWC4 EPL1 ARP4 TAF14
6555+bno7 RPO26 TRA1 SWC5 RVB2 SWC4 EPL1 ARP4 TAF14
1718+bno5 ADA2 ESA1 RPB5 SWC5 RVB2 TAF14 SWC4 TRA1
1718+bno5 ADA2 ESA1 RPO26 SWC5 RVB2 TAF14 SWC4 TRA1
6555+bno7 RPB5 TRA1 SWC5 RVB2 SWC4 ESA1 ARP4 TAF14
6555+bno7 RPO26 TRA1 SWC5 RVB2 SWC4 ESA1 ARP4 TAF14
1718+bno5 ADA2 EPL1 RPB5 SWR1 RVB2 TAF14 SWC4 TRA1
1718+bno5 ADA2 EPL1 RPO26 SWR1 RVB2 TAF14 SWC4 TRA1
6555+bno7 RPB5 TRA1 SWR1 RVB2 SWC4 EPL1 ARP4 TAF14
6555+bno7 RPO26 TRA1 SWR1 RVB2 SWC4 EPL1 ARP4 TAF14
1718+bno5 ADA2 ESA1 RPB5 SWR1 RVB2 TAF14 SWC4 TRA1
1718+bno5 ADA2 ESA1 RPO26 SWR1 RVB2 TAF14 SWC4 TRA1
6555+bno7 RPB5 TRA1 SWR1 RVB2 SWC4 ESA1 ARP4 TAF14
6555+bno7 RPO26 TRA1 SWR1 RVB2 SWC4 ESA1 ARP4 TAF14
6229+bno4 ARP7 RPB5 HTA2 ABF2 HHF1 TAF14 RSC2 ARP9
6229+bno4 ARP7 RPO26 HTA2 ABF2 HHF1 TAF14 RSC2 ARP9
6481+bno7 RPB5 HTA2 RSC8 ARP9 RSC2 HHF1 ABF2 TAF14
6481+bno7 RPO26 HTA2 RSC8 ARP9 RSC2 HHF1 ABF2 TAF14
10533+bno3 CAP1 BSP1 SHE3 MYO4 MLC1 CRN1 ACT1 CMD1
9292+bno1 TAF1 YAP1 HFI1 GCN5 SIN4 TAF3 SPT7 ADA2
9292+bno1 TAF1 YAP1 HFI1 GCN5 SRB2 TAF3 SPT7 TAF6
7388+bno7 SIN4 TRA1 TAF1 TAF3 TAF10 HFI1 GCN5 ADA2
6418+bno7 ACT1 TAF1 TRA1 GCN5 HFI1 TAF3 TAF10 ARP4
7388+bno6 SRB2 TRA1 TAF1 TAF3 TAF10 HFI1 GCN5 TAF6
9574+bno1 TAF1 YAP1 HFI1 GCN5 SIN4 TAF7 SPT7 ADA2
9576+bno1 TAF1 YAP1 HFI1 GCN5 SRB2 TAF7 SPT7 TAF6
7413+bno7 SIN4 TRA1 TAF1 TAF7 TAF10 HFI1 GCN5 ADA2
7169+bno7 SIN4 TRA1 TAF1 TAF7 TAF10 HFI1 NGG1 ADA2
7090+bno7 SIN4 TRA1 TAF7 TAF1 TAF10 SGF73 HFI1 ADA2
9292+bno0 TAF11 YAP1 HFI1 GCN5 SIN4 TAF3 SPT7 ADA2
9292+bno0 TAF11 YAP1 HFI1 GCN5 SRB2 TAF3 SPT7 TAF6
7388+bno7 SIN4 TRA1 TAF11 TAF3 TAF10 HFI1 GCN5 ADA2
6418+bno7 ACT1 TAF11 TRA1 GCN5 HFI1 TAF3 TAF10 ARP4
7388+bno6 SRB2 TRA1 TAF11 TAF3 TAF10 HFI1 GCN5 TAF6
9574+bno0 TAF11 YAP1 HFI1 GCN5 SIN4 TAF7 SPT7 ADA2
9576+bno0 TAF11 YAP1 HFI1 GCN5 SRB2 TAF7 SPT7 TAF6
7413+bno7 SIN4 TRA1 TAF11 TAF7 TAF10 HFI1 GCN5 ADA2
7090+bno7 SIN4 TRA1 TAF7 TAF11 TAF10 SGF73 HFI1 ADA2
6290+bno4 ARP7 RPB5 ABF2 ISW1 VPS1 TAF14 RSC3 ARP9
6290+bno4 ARP7 RPO26 ABF2 ISW1 VPS1 TAF14 RSC3 ARP9
6670+bno1 HHF1 RPB5 STH1 RSC8 ARP9 TAF14 ABF2 RSC3
6670+bno1 HHF1 RPO26 STH1 RSC8 ARP9 TAF14 ABF2 RSC3
6554+bno6 SIN4 RVB1 EAF3 EAF1 EAF5 ACT1 YAF9 YAP1
6554+bno6 TAF6 RVB1 EAF3 EAF1 EAF5 ACT1 YAF9 YAP1
6418+bno6 SIN4 RVB2 TRA1 EAF1 EAF5 ACT1 SWC4 ADA2
8874+bno6 TAF6 RVB2 EAF1 EAF5 ACT1 SWC4 ARP4 TRA1
1749+bno1 ADH2 PGK1 ADH3 PGI1 YEF3 EFT2 PDC1 ADH1
4830+bno2 MYO5 INP52 CAP1 MLC1 ACT1 BSP1 CMD1 CRN1
4830+bno2 SAC6 INP52 CAP1 MLC1 CMD1 BSP1 ACT1 CRN1
11472+bno0 NOP58 RPL25 RRP12 HAS1 RPL3 NAN1 RPS13 RPS7A
9456+bno7 TAF14 RSC8 SWI1 SNF2 RTT102 SNF12 SWI3 ARP9
9456+bno7 TAF14 RSC8 SWP82 SNF2 RTT102 SNF12 SWI3 ARP9
6554+bno6 SIN4 RVB1 EAF7 EAF1 YNG2 ACT1 YAF9 YAP1
6554+bno6 TAF6 RVB1 EAF7 EAF1 YNG2 ACT1 YAF9 YAP1
6671+bno5 RVB1 TAF6 EAF7 YNG2 EAF5 TRA1 ACT1 SWC4
8180+bno7 ACT1 TAF6 EAF6 EAF7 TRA1 ARP4 YNG2 EPL1
8180+bno7 ACT1 TAF6 EAF6 EAF7 TRA1 ARP4 YNG2 ESA1
1718+bno7 UTP22 POB3 RSC8 NAP1 HTA2 MOT1 HTB2 CKA2
1774+bno7 SIN4 TRA1 DPB4 RSC3 HTB1 ITC1 MOT1 ADA2
1774+bno7 ACT1 TRA1 DPB4 RSC3 HTB1 ITC1 MOT1 ARP4
3783+bno7 RPL3 SBP1 AIR2 NAB6 NRD1 NAB3 PAB1 RPS7A
4675+bno1 SNF11 TAF14 RTT102 SWI1 ARP7 SNF12 ARP9 SNF2
2768+bno1 SNF11 TAF14 SWI1 RSC8 RTT102 SNF12 ARP9 SNF2
4675+bno1 SNF11 TAF14 RTT102 SWP82 ARP7 SNF12 ARP9 SNF2
2768+bno1 SNF11 TAF14 SWP82 RSC8 RTT102 SNF12 ARP9 SNF2
2363+bno3 GPM1 TPI1 YEF3 ENO2 PGK1 PDC1 ADH1 FBA1
4480+bno1 TPI1 GPM1 YEF3 PGK1 PDC1 TDH3 ADH1 FBA1
3936+bno7 RPL10 RPB2 CCT6 GCN1 MAE1 GCN20 GFA1 SAM1
1718+bno7 UTP22 SPT16 ACT1 HAT2 HHF2 ISW1 PSH1 CKA2
1718+bno7 UTP22 SPT16 ACT1 HIF1 HHF2 ISW1 PSH1 CKA2
6992+bno1 SHE2 MYO1 CRN1 ACT1 CMD1 MYO2 MYO4 MLC1
1720+bno4 SEC27 ILV1 RPB5 CCT6 GFA1 RPA135 MAE1 GUS1
1720+bno4 SEC27 ILV1 RPO26 CCT6 GFA1 RPA135 MAE1 GUS1
