9102+bno0 12 1 8 177 4 2 3 11
9102+bno0 12 1 7 177 4 2 3 11
11566+bno4 1 8 40 3 177 4 11 2
11566+bno5 1 8 40 3 177 4 11 2
11566+bno3 1 8 40 3 177 4 11 2
11566+bno2 1 8 40 3 177 4 11 2
11566+bno2 1 8 40 7 177 4 11 2
10533+bno0 32 7 1 4 2 8 177 11
10533+bno0 32 7 1 4 2 3 177 11
9102+bno0 125 1 8 177 4 2 3 11
9102+bno0 125 1 7 177 4 2 3 11
10533+bno0 41 8 1 4 2 7 177 11
10533+bno0 41 3 1 4 2 7 177 11
10533+bno0 49 8 1 4 2 3 177 11
10533+bno0 49 7 1 4 2 3 177 11
10533+bno0 52 3 1 4 11 8 177 2
10533+bno0 52 3 1 4 11 7 177 2
11566+bno4 1 8 88 3 177 4 2 11
11566+bno5 1 8 88 3 177 4 2 11
11566+bno3 1 8 88 3 177 4 2 11
11566+bno3 1 7 88 3 177 4 2 11
11566+bno2 1 8 88 3 177 4 2 11
12202+bno3 8 1 117 4 177 7 11 2
12202+bno3 3 1 117 4 177 7 11 2
12202+bno2 8 1 117 4 177 7 11 2
9102+bno0 78 1 3 177 4 2 8 11
9102+bno0 78 1 7 177 4 2 8 11
10338+bno4 1 106 3 177 8 11 4 2
10338+bno5 1 106 3 177 8 11 4 2
10338+bno3 1 106 3 177 8 11 4 2
10338+bno3 1 106 7 177 8 11 4 2
10338+bno2 1 106 3 177 8 11 4 2
10338+bno2 1 106 7 177 8 11 4 2
12226+bno3 8 1 4 113 3 177 11 2
12226+bno4 8 1 4 113 3 177 11 2
12226+bno5 8 1 4 113 3 177 11 2
12226+bno3 8 1 4 113 7 177 11 2
12226+bno2 8 1 4 113 3 177 11 2
11777+bno3 8 4 116 1 3 2 177 11
11777+bno4 8 4 116 1 3 2 177 11
11777+bno5 8 4 116 1 3 2 177 11
11777+bno5 7 4 116 1 3 2 177 11
11777+bno2 8 4 116 1 3 2 177 11
12226+bno3 8 1 4 156 7 177 2 11
12226+bno3 3 1 4 156 7 177 2 11
12226+bno2 8 1 4 156 7 177 2 11
9102+bno0 5342 1 3 177 4 11 8 2
9102+bno0 5342 1 3 177 4 11 7 2
12202+bno3 8 1 72 4 177 3 2 11
12202+bno4 8 1 72 4 177 3 2 11
12202+bno5 8 1 72 4 177 3 2 11
12202+bno5 7 1 72 4 177 3 2 11
12202+bno2 8 1 72 4 177 3 2 11
11566+bno4 1 8 97 3 177 4 11 2
11566+bno5 1 8 97 3 177 4 11 2
11566+bno3 1 8 97 3 177 4 11 2
11566+bno3 1 7 97 3 177 4 11 2
11566+bno2 1 8 97 3 177 4 11 2
11566+bno2 1 7 97 3 177 4 11 2
9102+bno0 105 1 7 177 4 2 8 11
9102+bno0 105 1 7 177 4 2 3 11
10533+bno0 103 8 1 4 2 3 177 11
10533+bno0 103 7 1 4 2 3 177 11
11777+bno3 8 4 179 1 7 11 177 2
11777+bno3 3 4 179 1 7 11 177 2
10533+bno0 244 8 1 4 11 3 177 2
10533+bno0 244 8 1 4 11 7 177 2
10338+bno4 1 111 8 177 3 11 4 2
10338+bno5 1 111 8 177 3 11 4 2
10338+bno3 1 111 8 177 3 11 4 2
10338+bno2 1 111 8 177 3 11 4 2
10338+bno2 1 111 8 177 7 11 4 2
9102+bno0 128 1 3 177 4 2 8 11
9102+bno0 128 1 7 177 4 2 8 11
11550+bno0 161 8 4 177 11 1 7 2
11550+bno0 161 3 4 177 11 1 7 2
10533+bno0 197 8 1 4 2 3 177 11
10533+bno0 197 8 1 4 2 7 177 11
11550+bno0 146 8 4 177 11 1 7 2
11550+bno0 146 3 4 177 11 1 7 2
9102+bno0 107 1 7 177 4 11 8 2
9102+bno0 107 1 7 177 4 11 3 2
10338+bno4 1 7552 3 177 8 11 4 2
10338+bno5 1 7552 3 177 8 11 4 2
10338+bno3 1 7552 3 177 8 11 4 2
10338+bno3 1 7552 7 177 8 11 4 2
10338+bno2 1 7552 3 177 8 11 4 2
10338+bno2 1 7552 7 177 8 11 4 2
10533+bno0 135 8 1 4 2 3 177 11
10533+bno0 135 7 1 4 2 3 177 11
10338+bno4 1 148 3 177 8 11 4 2
10338+bno5 1 148 3 177 8 11 4 2
10338+bno3 1 148 3 177 8 11 4 2
10338+bno3 1 148 7 177 8 11 4 2
10338+bno2 1 148 3 177 8 11 4 2
9102+bno0 205 1 7 177 4 2 8 11
9102+bno0 205 1 7 177 4 2 3 11
10533+bno0 203 8 1 4 2 3 177 11
10533+bno0 203 8 1 4 2 7 177 11
10533+bno0 219 8 1 4 11 3 177 2
10533+bno0 219 7 1 4 11 3 177 2
4350+bno6 1 167 8 40 3 129 11 2
4350+bno7 1 167 8 40 3 129 11 2
4350+bno5 1 167 8 40 3 129 11 2
4350+bno4 1 167 8 40 3 129 11 2
4350+bno4 1 167 8 40 7 129 11 2
4350+bno5 1 167 8 40 7 129 11 2
9102+bno0 191 1 8 177 4 2 7 11
9102+bno0 191 1 3 177 4 2 7 11
9102+bno0 360 1 3 177 4 2 8 11
9102+bno0 360 1 7 177 4 2 8 11
10533+bno0 295 7 1 4 2 8 177 11
10533+bno0 295 7 1 4 2 3 177 11
11550+bno0 304 3 4 177 2 1 8 11
11550+bno0 304 7 4 177 2 1 8 11
10533+bno0 162 8 1 4 2 3 177 11
10533+bno0 162 7 1 4 2 3 177 11
4350+bno6 1 169 8 40 3 129 11 2
4350+bno7 1 169 8 40 3 129 11 2
4350+bno5 1 169 8 40 3 129 11 2
4350+bno4 1 169 8 40 3 129 11 2
4350+bno4 1 169 8 40 7 129 11 2
4350+bno5 1 169 8 40 7 129 11 2
4350+bno6 8 169 1 23 4 129 11 2
4350+bno6 3 169 1 23 4 129 11 2
4350+bno5 8 169 1 23 4 129 11 2
9102+bno0 165 1 8 177 4 11 7 2
9102+bno0 165 1 3 177 4 11 7 2
4350+bno6 1 252 8 40 3 129 11 2
4350+bno7 1 252 8 40 3 129 11 2
4350+bno5 1 252 8 40 3 129 11 2
4350+bno4 1 252 8 40 3 129 11 2
4350+bno4 1 252 8 40 7 129 11 2
4350+bno5 1 252 8 40 7 129 11 2
4350+bno6 8 252 1 23 4 129 11 2
4350+bno6 3 252 1 23 4 129 11 2
4350+bno5 8 252 1 23 4 129 11 2
11550+bno0 309 7 4 177 2 1 8 11
11550+bno0 309 7 4 177 2 1 3 11
11550+bno0 330 8 4 177 11 1 7 2
11550+bno0 330 3 4 177 11 1 7 2
9102+bno0 170 1 8 177 4 11 3 2
9102+bno0 170 1 7 177 4 11 3 2
11550+bno0 290 8 4 177 2 1 3 11
11550+bno0 290 7 4 177 2 1 3 11
11566+bno4 1 3 1691 8 177 4 11 2
11566+bno5 1 3 1691 8 177 4 11 2
11566+bno3 1 3 1691 8 177 4 11 2
11566+bno3 1 7 1691 8 177 4 11 2
11566+bno2 1 3 1691 8 177 4 11 2
11566+bno2 1 7 1691 8 177 4 11 2
10533+bno0 228 8 1 4 2 3 177 11
10533+bno0 228 7 1 4 2 3 177 11
10338+bno4 1 237 3 177 8 11 4 2
10338+bno5 1 237 3 177 8 11 4 2
10338+bno3 1 237 3 177 8 11 4 2
10338+bno3 1 237 7 177 8 11 4 2
10338+bno2 1 237 3 177 8 11 4 2
10338+bno2 1 237 7 177 8 11 4 2
9102+bno0 209 1 3 177 4 11 8 2
9102+bno0 209 1 7 177 4 11 8 2
9102+bno0 207 1 8 177 4 2 3 11
9102+bno0 207 1 7 177 4 2 3 11
9102+bno0 253 1 8 177 4 2 7 11
9102+bno0 253 1 3 177 4 2 7 11
4350+bno6 1 50 8 16 177 406 11 2
4350+bno6 1 50 3 16 177 406 11 2
10533+bno0 487 3 1 4 2 8 177 11
10533+bno0 487 7 1 4 2 8 177 11
10533+bno0 7588 3 1 4 2 8 177 11
10533+bno0 7588 3 1 4 2 7 177 11
1627+bno7 1 448 3 571 780 8 239 2
1627+bno7 1 448 3 571 780 8 239 11
1627+bno6 1 448 3 571 780 8 239 2
3725+bno6 1 8 448 571 239 1103 780 30
3725+bno7 1 8 448 571 239 1103 780 30
6674+bno4 780 3 448 239 1103 30 571 8
3783+bno1 448 728 1 8 2 11 6 239
3783+bno1 448 728 1 3 2 11 6 239
4067+bno0 239 3 1 780 260 8 2 571
3783+bno0 239 780 3 1 2 11 260 571
9102+bno0 382 1 3 177 4 11 8 2
9102+bno0 382 1 7 177 4 11 8 2
10533+bno0 306 3 1 4 11 8 177 2
10533+bno0 306 3 1 4 11 7 177 2
12226+bno5 7 1 4 347 8 177 2 11
12226+bno5 7 1 4 347 3 177 2 11
9102+bno0 585 1 3 177 4 11 8 2
9102+bno0 585 1 7 177 4 11 8 2
9102+bno0 801 1 3 177 4 2 8 11
9102+bno0 801 1 3 177 4 2 7 11
9102+bno0 189 1 3 177 4 11 8 2
9102+bno0 189 1 7 177 4 11 8 2
8180+bno3 1 232 7 8 69 10 2 11
8180+bno3 1 232 7 3 69 10 2 11
8180+bno4 1 232 7 8 69 10 2 11
9102+bno0 262 1 8 177 4 2 3 11
9102+bno0 262 1 7 177 4 2 3 11
9102+bno0 320 1 8 177 4 2 3 11
9102+bno0 320 1 7 177 4 2 3 11
1631+bno7 1 541 8 129 40 3 167 2
1627+bno7 1 541 8 129 40 3 167 11
1631+bno6 1 541 8 129 40 3 167 2
3783+bno0 541 129 1 3 11 2 40 167
1631+bno5 1 541 8 129 40 3 167 2
4350+bno6 1 215 8 40 3 129 11 2
4350+bno7 1 215 8 40 3 129 11 2
4350+bno5 1 215 8 40 3 129 11 2
4350+bno4 1 215 8 40 3 129 11 2
4350+bno4 1 215 8 40 7 129 11 2
4350+bno5 1 215 8 40 7 129 11 2
8180+bno3 1 235 7 8 69 10 2 11
8180+bno3 1 235 7 3 69 10 2 11
8180+bno4 1 235 7 8 69 10 2 11
9102+bno0 268 1 3 177 4 11 8 2
9102+bno0 268 1 7 177 4 11 8 2
9102+bno0 345 1 8 177 4 2 3 11
9102+bno0 345 1 8 177 4 2 7 11
4350+bno6 1 50 8 16 177 442 11 2
4350+bno6 1 50 3 16 177 442 11 2
8180+bno3 1 275 7 8 7564 10 2 11
8180+bno3 1 275 7 3 7564 10 2 11
9102+bno0 593 1 3 177 4 2 8 11
9102+bno0 593 1 7 177 4 2 8 11
9102+bno0 308 1 3 177 4 2 8 11
9102+bno0 308 1 7 177 4 2 8 11
4350+bno6 1 422 8 40 3 129 11 2
4350+bno7 1 422 8 40 3 129 11 2
4350+bno5 1 422 8 40 3 129 11 2
4350+bno4 1 422 8 40 3 129 11 2
4350+bno4 1 422 8 40 7 129 11 2
4350+bno5 1 422 8 40 7 129 11 2
4350+bno6 8 422 1 23 4 129 11 2
4350+bno6 3 422 1 23 4 129 11 2
4350+bno5 8 422 1 23 4 129 11 2
6708+bno3 1 568 7 3 8 130 10 2
6708+bno3 1 568 7 3 8 130 10 11
6708+bno4 1 568 7 3 8 130 10 11
6708+bno5 1 568 7 3 8 130 10 11
9102+bno0 372 1 3 177 4 2 8 11
9102+bno0 372 1 7 177 4 2 8 11
8752+bno5 1 8 509 16 177 3 11 2
8752+bno6 1 8 509 16 177 3 11 2
8752+bno4 1 8 509 16 177 3 11 2
8752+bno4 1 7 509 16 177 3 11 2
8752+bno3 1 8 509 16 177 3 11 2
8752+bno3 1 7 509 16 177 3 11 2
4370+bno5 1 263 7 33 8 50 11 2
4370+bno5 1 263 7 33 3 50 11 2
8148+bno3 1 282 8 7 410 117 11 2
8148+bno3 1 282 3 7 410 117 11 2
8148+bno4 1 282 8 7 410 117 11 2
8148+bno4 1 282 3 7 410 117 11 2
8148+bno5 1 282 8 7 410 117 11 2
3783+bno2 273 410 8 1 11 2 117 282
3783+bno2 273 410 3 1 11 2 117 282
1631+bno7 1 410 8 273 97 3 282 2
1627+bno7 1 410 8 273 97 3 282 11
1631+bno6 1 410 8 273 97 3 282 2
3783+bno1 410 273 1 3 11 2 97 282
1631+bno5 1 410 8 273 97 3 282 2
1635+bno7 8 410 1 475 48 15 282 2
1635+bno7 3 410 1 475 48 15 282 2
1627+bno7 8 410 1 475 48 15 282 11
1627+bno7 3 410 1 475 48 15 282 11
1635+bno6 8 410 1 475 48 15 282 2
4350+bno6 1 282 8 97 3 273 11 2
4350+bno7 1 282 8 97 3 273 11 2
4350+bno5 1 282 8 97 3 273 11 2
4350+bno5 1 282 7 97 3 273 11 2
4350+bno4 1 282 8 97 3 273 11 2
4350+bno4 1 282 7 97 3 273 11 2
4350+bno6 8 282 1 236 4 273 11 2
4350+bno6 3 282 1 236 4 273 11 2
3836+bno0 282 48 8 1 11 2 15 475
3836+bno0 282 48 3 1 11 2 15 475
4350+bno6 8 359 1 140 4 7498 11 2
4350+bno6 3 359 1 140 4 7498 11 2
4350+bno5 8 359 1 140 4 7498 11 2
1631+bno7 8 2055 1 7498 140 4 359 2
1631+bno7 3 2055 1 7498 140 4 359 2
1627+bno7 8 2055 1 7498 140 4 359 11
1627+bno7 3 2055 1 7498 140 4 359 11
1631+bno6 8 2055 1 7498 140 4 359 2
1631+bno7 8 2056 1 7498 140 4 359 2
1631+bno7 3 2056 1 7498 140 4 359 2
1627+bno7 8 2056 1 7498 140 4 359 11
1627+bno7 3 2056 1 7498 140 4 359 11
1631+bno6 8 2056 1 7498 140 4 359 2
1631+bno7 8 2057 1 7498 140 4 359 2
1631+bno7 3 2057 1 7498 140 4 359 2
1627+bno7 8 2057 1 7498 140 4 359 11
1627+bno7 3 2057 1 7498 140 4 359 11
1631+bno6 8 2057 1 7498 140 4 359 2
1631+bno7 8 2058 1 7498 140 4 359 2
1631+bno7 3 2058 1 7498 140 4 359 2
1627+bno7 8 2058 1 7498 140 4 359 11
1627+bno7 3 2058 1 7498 140 4 359 11
1631+bno6 8 2058 1 7498 140 4 359 2
1631+bno7 8 2059 1 7498 140 4 359 2
1631+bno7 3 2059 1 7498 140 4 359 2
1627+bno7 8 2059 1 7498 140 4 359 11
1627+bno7 3 2059 1 7498 140 4 359 11
1631+bno6 8 2059 1 7498 140 4 359 2
1631+bno7 8 2060 1 7498 140 4 359 2
1631+bno7 3 2060 1 7498 140 4 359 2
1627+bno7 8 2060 1 7498 140 4 359 11
1627+bno7 3 2060 1 7498 140 4 359 11
1631+bno6 8 2060 1 7498 140 4 359 2
1631+bno7 8 2061 1 7498 140 4 359 2
1631+bno7 3 2061 1 7498 140 4 359 2
1627+bno7 8 2061 1 7498 140 4 359 11
1627+bno7 3 2061 1 7498 140 4 359 11
1631+bno6 8 2061 1 7498 140 4 359 2
1631+bno7 8 2062 1 7498 140 4 359 2
1631+bno7 3 2062 1 7498 140 4 359 2
1627+bno7 8 2062 1 7498 140 4 359 11
1627+bno7 3 2062 1 7498 140 4 359 11
1631+bno7 8 2616 1 7498 140 4 359 2
1631+bno7 3 2616 1 7498 140 4 359 2
1627+bno7 8 2616 1 7498 140 4 359 11
1627+bno7 3 2616 1 7498 140 4 359 11
1631+bno6 8 2616 1 7498 140 4 359 2
1631+bno7 8 2617 1 7498 140 4 359 2
1631+bno7 3 2617 1 7498 140 4 359 2
1627+bno7 8 2617 1 7498 140 4 359 11
1627+bno7 3 2617 1 7498 140 4 359 11
1631+bno6 8 2617 1 7498 140 4 359 2
1631+bno7 1 447 8 129 40 3 167 2
1627+bno7 1 447 8 129 40 3 167 11
1631+bno6 1 447 8 129 40 3 167 2
3783+bno0 447 129 1 3 11 2 40 167
1631+bno5 1 447 8 129 40 3 167 2
4350+bno6 1 514 8 16 177 226 11 2
4350+bno6 1 514 3 16 177 226 11 2
4350+bno6 1 322 8 40 3 129 11 2
4350+bno7 1 322 8 40 3 129 11 2
4350+bno5 1 322 8 40 3 129 11 2
4350+bno4 1 322 8 40 3 129 11 2
4350+bno4 1 322 8 40 7 129 11 2
4350+bno5 1 322 8 40 7 129 11 2
4350+bno6 8 322 1 23 4 129 11 2
4350+bno6 3 322 1 23 4 129 11 2
4350+bno5 8 322 1 23 4 129 11 2
1631+bno7 1 28 8 129 40 3 322 2
1627+bno7 1 28 8 129 40 3 322 11
1631+bno6 1 28 8 129 40 3 322 2
3783+bno1 28 129 1 3 11 2 40 322
1631+bno5 1 28 8 129 40 3 322 2
8180+bno3 1 368 7 8 217 10 11 2
8180+bno3 1 368 7 3 217 10 11 2
8180+bno4 1 368 7 8 217 10 11 2
3783+bno0 410 273 1 3 11 2 97 282
6708+bno3 1 540 7 3 8 130 10 2
6708+bno3 1 540 7 3 8 130 10 11
6708+bno4 1 540 7 3 8 130 10 11
6708+bno5 1 540 7 3 8 130 10 11
4378+bno6 1 564 8 40 3 129 11 2
4378+bno7 1 564 8 40 3 129 11 2
4378+bno5 1 564 8 40 3 129 11 2
4378+bno4 1 564 8 40 3 129 11 2
4378+bno4 1 564 8 40 7 129 11 2
4378+bno5 1 564 8 40 7 129 11 2
9102+bno0 687 1 8 177 4 2 7 11
9102+bno0 687 1 3 177 4 2 7 11
9102+bno0 7525 1 8 177 4 2 3 11
9102+bno0 7525 1 7 177 4 2 3 11
9102+bno0 7562 1 8 177 4 2 7 11
9102+bno0 7562 1 3 177 4 2 7 11
11550+bno0 1760 8 4 177 2 1 7 11
11550+bno0 1760 3 4 177 2 1 7 11
8180+bno3 1 240 7 8 7564 10 2 11
8180+bno3 1 240 7 3 7564 10 2 11
8180+bno4 1 240 7 8 7564 10 2 11
4350+bno6 1 129 8 16 177 537 11 2
4350+bno6 1 129 3 16 177 537 11 2
4350+bno6 1 537 8 40 3 129 11 2
4350+bno7 1 537 8 40 3 129 11 2
4350+bno5 1 537 8 40 3 129 11 2
4350+bno4 1 537 8 40 3 129 11 2
4350+bno4 1 537 8 40 7 129 11 2
4350+bno5 1 537 8 40 7 129 11 2
2348+bno0 612 84 1 8 3 2 42 324
2348+bno0 612 84 1 8 3 11 42 324
8148+bno3 1 612 8 3 324 72 2 11
8148+bno3 1 612 7 3 324 72 2 11
8148+bno4 1 612 8 3 324 72 2 11
8148+bno5 1 612 8 3 324 72 2 11
8148+bno6 1 612 8 3 324 72 2 11
8148+bno7 1 612 8 3 324 72 2 11
9080+bno5 1 720 7 8 105 3 2 11
9080+bno5 1 720 177 8 105 3 2 11
9080+bno6 1 720 7 8 105 3 2 11
9080+bno6 1 720 177 8 105 3 2 11
9080+bno7 1 720 7 8 105 3 2 11
9080+bno4 1 720 7 8 105 3 2 11
9080+bno4 1 720 177 8 105 3 2 11
9102+bno0 739 1 3 177 4 2 8 11
9102+bno0 739 1 7 177 4 2 8 11
10338+bno2 1 768 8 177 7 11 4 2
10338+bno2 1 768 3 177 7 11 4 2
10338+bno3 1 768 8 177 7 11 4 2
10338+bno4 1 768 8 177 7 11 4 2
10338+bno4 1 768 3 177 7 11 4 2
1631+bno7 1 343 8 129 40 3 252 2
1627+bno7 1 343 8 129 40 3 252 11
1631+bno6 1 343 8 129 40 3 252 2
3783+bno0 343 129 1 3 11 2 40 252
1631+bno5 1 343 8 129 40 3 252 2
1631+bno7 8 343 1 129 23 4 252 2
1631+bno7 3 343 1 129 23 4 252 2
1627+bno7 8 343 1 129 23 4 252 11
1627+bno7 3 343 1 129 23 4 252 11
8180+bno3 1 385 7 8 7564 10 2 11
8180+bno3 1 385 7 3 7564 10 2 11
4350+bno6 1 440 8 40 3 129 11 2
4350+bno7 1 440 8 40 3 129 11 2
4350+bno5 1 440 8 40 3 129 11 2
4350+bno4 1 440 8 40 3 129 11 2
4350+bno4 1 440 8 40 7 129 11 2
4350+bno5 1 440 8 40 7 129 11 2
8180+bno3 1 453 7 8 69 10 2 11
8180+bno3 1 453 7 3 69 10 2 11
8180+bno4 1 453 7 8 69 10 2 11
8180+bno3 1 480 7 8 7564 10 2 11
8180+bno3 1 480 7 3 7564 10 2 11
8180+bno4 1 480 7 8 7564 10 2 11
8435+bno6 1 500 40 3 8 129 11 2
8435+bno7 1 500 40 3 8 129 11 2
8435+bno5 1 500 40 3 8 129 11 2
8435+bno5 1 500 40 7 8 129 11 2
4378+bno6 1 504 8 40 3 129 11 2
4378+bno7 1 504 8 40 3 129 11 2
4378+bno5 1 504 8 40 3 129 11 2
4378+bno4 1 504 8 40 3 129 11 2
4378+bno4 1 504 8 40 7 129 11 2
4378+bno5 1 504 8 40 7 129 11 2
8180+bno3 1 574 7 8 7564 10 2 11
8180+bno3 1 574 7 3 7564 10 2 11
6578+bno0 611 260 3 8 2 1 11 780
6578+bno0 611 260 7 8 2 1 11 780
1309+bno7 1 611 448 3 8 239 1104 2
1309+bno7 1 611 448 3 8 239 1104 11
1309+bno6 1 611 448 3 8 239 1104 2
1668+bno3 448 3 571 1104 611 780 8 239
1668+bno3 448 2 571 1104 611 780 8 239
1325+bno3 448 571 1 1104 611 260 780 239
1321+bno5 260 611 3 448 239 8 1104 780
1668+bno7 1 448 8 915 611 1104 239 2
1668+bno6 1 448 8 915 611 1104 239 2
1309+bno7 1 611 448 3 8 239 665 2
1309+bno7 1 611 448 3 8 239 665 11
1309+bno6 1 611 448 3 8 239 665 2
1668+bno3 448 3 571 665 611 780 8 239
1668+bno3 448 2 571 665 611 780 8 239
1325+bno3 448 571 1 665 611 260 780 239
1321+bno5 260 611 3 448 239 8 665 780
1668+bno7 1 448 8 915 611 665 239 2
1668+bno6 1 448 8 915 611 665 239 2
3783+bno0 611 212 1 8 2 11 26 667
3783+bno0 611 212 1 3 2 11 26 667
1276+bno0 611 2 212 448 239 26 8 667
1276+bno0 611 2 212 448 239 26 3 667
1276+bno0 611 8 212 448 239 17 2 667
1325+bno3 448 571 3 667 611 8 780 239
1325+bno3 448 571 2 667 611 8 780 239
1325+bno3 448 571 1 667 611 260 780 239
1276+bno7 8 448 611 1 260 667 239 780
1276+bno6 8 448 611 1 260 667 239 780
1276+bno5 260 448 611 3 8 667 239 780
10533+bno0 7536 8 1 4 2 7 177 11
10533+bno0 7536 3 1 4 2 7 177 11
11550+bno0 7597 3 4 177 2 1 8 11
11550+bno0 7597 7 4 177 2 1 8 11
9102+bno0 1068 1 3 177 4 2 8 11
9102+bno0 1068 1 7 177 4 2 8 11
10533+bno0 1159 3 1 4 2 8 177 11
10533+bno0 1159 7 1 4 2 8 177 11
9102+bno0 1379 1 8 177 4 2 3 11
9102+bno0 1379 1 7 177 4 2 3 11
4350+bno6 1 575 8 97 3 273 11 2
4350+bno7 1 575 8 97 3 273 11 2
4350+bno5 1 575 8 97 3 273 11 2
4350+bno5 1 575 7 97 3 273 11 2
4350+bno4 1 575 8 97 3 273 11 2
4350+bno4 1 575 7 97 3 273 11 2
4350+bno6 8 575 1 236 4 273 11 2
4350+bno6 3 575 1 236 4 273 11 2
1627+bno7 8 575 1 324 84 4 616 2
1627+bno7 3 575 1 324 84 4 616 2
1627+bno7 8 575 1 324 84 4 616 11
1627+bno7 3 575 1 324 84 4 616 11
1627+bno6 8 575 1 324 84 4 616 2
1276+bno5 1 575 84 8 3 324 616 42
1627+bno7 8 575 1 324 84 42 616 2
1276+bno6 1 575 84 8 3 324 616 42
1276+bno7 1 575 84 8 3 324 616 42
2300+bno0 575 324 1 8 3 2 72 616
2348+bno0 575 324 1 8 3 11 72 616
3783+bno0 575 324 8 1 2 11 72 616
1631+bno7 1 616 8 273 97 3 575 2
1627+bno7 1 616 8 273 97 3 575 11
1631+bno6 1 616 8 273 97 3 575 2
3783+bno1 616 273 1 3 11 2 97 575
1631+bno5 1 616 8 273 97 3 575 2
1631+bno7 8 616 1 273 236 4 575 2
1631+bno7 3 616 1 273 236 4 575 2
1627+bno7 8 616 1 273 236 4 575 11
1627+bno7 3 616 1 273 236 4 575 11
1631+bno6 8 616 1 273 236 4 575 2
1627+bno7 1 575 8 612 536 7 616 2
1627+bno7 1 575 3 612 536 7 616 2
1627+bno7 8 575 1 612 536 4 616 2
1627+bno7 3 575 1 612 536 4 616 2
1627+bno7 8 575 1 612 536 4 616 11
1627+bno7 3 575 1 612 536 4 616 11
1627+bno6 8 575 1 612 536 4 616 2
1627+bno0 575 8 612 4 84 324 2 616
1627+bno0 575 8 612 42 84 324 3 616
1309+bno0 575 1 8 612 324 3 72 616
1627+bno0 575 8 612 1 72 324 2 616
8180+bno3 1 615 7 8 7564 10 2 11
8180+bno3 1 615 7 3 7564 10 2 11
8180+bno4 1 615 7 8 7564 10 2 11
9102+bno0 7328 1 3 177 4 2 8 11
9102+bno0 7328 1 7 177 4 2 8 11
4192+bno6 1 7 7394 33 50 8 3 2
4192+bno6 1 7 7394 33 50 8 3 11
4192+bno5 1 7 7394 33 50 8 3 2
3783+bno0 448 728 1 8 2 11 6 239
3783+bno0 448 728 1 3 2 11 6 239
4350+bno6 1 477 8 16 177 138 11 2
4350+bno6 1 477 3 16 177 138 11 2
3783+bno1 608 138 1 8 2 11 6 477
3783+bno1 608 138 1 3 2 11 6 477
1631+bno7 1 608 8 138 16 177 477 2
1631+bno7 1 608 3 138 16 177 477 2
4350+bno6 1 502 8 40 3 129 11 2
4350+bno7 1 502 8 40 3 129 11 2
4350+bno5 1 502 8 40 3 129 11 2
4350+bno4 1 502 8 40 3 129 11 2
4350+bno4 1 502 8 40 7 129 11 2
4350+bno5 1 502 8 40 7 129 11 2
4350+bno6 8 502 1 23 4 129 11 2
4350+bno6 3 502 1 23 4 129 11 2
4350+bno5 8 502 1 23 4 129 11 2
4350+bno6 1 129 8 16 177 565 11 2
4350+bno6 1 129 3 16 177 565 11 2
4350+bno6 1 565 8 40 3 129 11 2
4350+bno7 1 565 8 40 3 129 11 2
4350+bno5 1 565 8 40 3 129 11 2
4350+bno4 1 565 8 40 3 129 11 2
4350+bno4 1 565 8 40 7 129 11 2
4350+bno5 1 565 8 40 7 129 11 2
4350+bno6 1 129 8 16 177 607 11 2
4350+bno6 1 129 3 16 177 607 11 2
4350+bno6 1 607 8 40 3 129 11 2
4350+bno7 1 607 8 40 3 129 11 2
4350+bno5 1 607 8 40 3 129 11 2
4350+bno4 1 607 8 40 3 129 11 2
4350+bno4 1 607 8 40 7 129 11 2
4350+bno5 1 607 8 40 7 129 11 2
2348+bno0 616 84 1 8 3 2 42 324
2348+bno0 616 84 1 8 3 11 42 324
8148+bno3 1 616 8 3 324 72 2 11
8148+bno3 1 616 7 3 324 72 2 11
8148+bno4 1 616 8 3 324 72 2 11
8148+bno5 1 616 8 3 324 72 2 11
8148+bno6 1 616 8 3 324 72 2 11
8148+bno7 1 616 8 3 324 72 2 11
1631+bno7 1 668 8 129 40 3 169 2
1627+bno7 1 668 8 129 40 3 169 11
3783+bno0 668 129 1 3 11 2 40 169
1631+bno7 8 668 1 129 23 4 169 2
1631+bno7 3 668 1 129 23 4 169 2
1627+bno7 8 668 1 129 23 4 169 11
1627+bno7 3 668 1 129 23 4 169 11
1631+bno6 8 668 1 129 23 4 169 2
4350+bno6 1 713 8 40 3 129 11 2
4350+bno7 1 713 8 40 3 129 11 2
4350+bno5 1 713 8 40 3 129 11 2
4350+bno4 1 713 8 40 3 129 11 2
4350+bno4 1 713 8 40 7 129 11 2
4350+bno5 1 713 8 40 7 129 11 2
9102+bno0 774 1 8 177 4 11 3 2
9102+bno0 774 1 7 177 4 11 3 2
8180+bno3 1 857 7 8 69 10 2 11
8180+bno3 1 857 7 3 69 10 2 11
8180+bno4 1 857 7 8 69 10 2 11
4350+bno6 1 911 8 16 177 149 11 2
4350+bno6 1 911 3 16 177 149 11 2
8180+bno3 1 939 7 8 69 10 2 11
8180+bno3 1 939 7 3 69 10 2 11
8180+bno4 1 939 7 8 69 10 2 11
8752+bno5 1 7 983 12 3 8 2 11
8752+bno5 1 177 983 12 3 8 2 11
8752+bno6 1 177 983 12 3 8 2 11
8752+bno4 1 177 983 12 3 8 2 11
4370+bno5 1 986 7 33 8 167 11 2
4370+bno5 1 986 7 33 3 167 11 2
9102+bno0 1523 1 8 177 4 11 3 2
9102+bno0 1523 1 7 177 4 11 3 2
4350+bno6 1 84 8 40 3 1628 11 2
4350+bno7 1 84 8 40 3 1628 11 2
4350+bno5 1 84 8 40 3 1628 11 2
4350+bno4 1 84 8 40 3 1628 11 2
4350+bno4 1 84 8 40 7 1628 11 2
4350+bno5 1 84 8 40 7 1628 11 2
9080+bno4 1 429 177 8 34 7 2 11
9080+bno4 1 429 177 3 34 7 2 11
3783+bno0 465 180 1 8 11 2 2336 364
3783+bno0 465 180 1 3 11 2 2336 364
4350+bno6 1 129 8 16 177 470 11 2
4350+bno6 1 129 3 16 177 470 11 2
4350+bno6 1 470 8 40 3 129 11 2
4350+bno7 1 470 8 40 3 129 11 2
4350+bno5 1 470 8 40 3 129 11 2
4350+bno4 1 470 8 40 3 129 11 2
4350+bno4 1 470 8 40 7 129 11 2
4350+bno5 1 470 8 40 7 129 11 2
3783+bno0 495 55 1 8 2 11 26 144
3783+bno0 495 55 1 3 2 11 26 144
3783+bno0 559 180 1 8 11 2 2336 364
3783+bno0 559 180 1 3 11 2 2336 364
4067+bno1 239 3 1 780 260 8 2 571
3783+bno1 239 780 3 1 2 11 260 571
6578+bno0 571 260 3 8 2 1 11 780
6578+bno0 571 260 7 8 2 1 11 780
6708+bno3 1 579 7 3 8 130 10 2
6708+bno3 1 579 7 3 8 130 10 11
6708+bno4 1 579 7 3 8 130 10 2
6708+bno5 1 579 7 3 8 130 10 2
6708+bno6 1 579 7 3 8 130 10 2
10034+bno0 595 1 8 7 11 2 177 179
10034+bno0 595 1 3 7 11 2 177 179
4378+bno6 1 658 8 40 3 129 11 2
4378+bno7 1 658 8 40 3 129 11 2
4378+bno5 1 658 8 40 3 129 11 2
4378+bno4 1 658 8 40 3 129 11 2
4378+bno4 1 658 8 40 7 129 11 2
4378+bno5 1 658 8 40 7 129 11 2
6708+bno3 1 675 7 3 8 130 10 2
6708+bno3 1 675 7 3 8 130 10 11
6708+bno4 1 675 7 3 8 130 10 2
6708+bno5 1 675 7 3 8 130 10 2
6708+bno6 1 675 7 3 8 130 10 2
3836+bno0 7570 33 1 7 2 11 8 183
3836+bno0 7570 33 1 7 2 11 3 183
4350+bno6 1 772 8 40 3 129 11 2
4350+bno7 1 772 8 40 3 129 11 2
4350+bno5 1 772 8 40 3 129 11 2
4350+bno4 1 772 8 40 3 129 11 2
4350+bno4 1 772 8 40 7 129 11 2
4350+bno5 1 772 8 40 7 129 11 2
8180+bno3 1 800 7 8 69 10 2 11
8180+bno3 1 800 7 3 69 10 2 11
8180+bno4 1 800 7 8 69 10 2 11
4350+bno6 1 865 8 16 177 226 11 2
4350+bno6 1 865 3 16 177 226 11 2
4350+bno6 1 920 8 16 177 226 11 2
4350+bno6 1 920 3 16 177 226 11 2
1631+bno7 1 1088 8 129 40 3 252 2
1627+bno7 1 1088 8 129 40 3 252 11
1631+bno6 1 1088 8 129 40 3 252 2
3783+bno0 1088 129 1 3 11 2 40 252
1631+bno5 1 1088 8 129 40 3 252 2
8180+bno3 1 1235 7 8 217 10 11 2
8180+bno3 1 1235 7 3 217 10 11 2
8180+bno4 1 1235 7 8 217 10 11 2
10033+bno0 1343 1 7 3 2 11 8 116
10033+bno0 1343 1 7 177 2 11 8 116
8180+bno3 1 1349 7 8 187 10 2 11
8180+bno3 1 1349 7 3 187 10 2 11
6821+bno3 1 1430 7 3 8 130 2 10
6821+bno3 1 1430 7 3 8 130 11 10
8752+bno5 1 8 1553 12 3 177 2 11
8752+bno6 1 8 1553 12 3 177 2 11
8752+bno4 1 8 1553 12 3 177 2 11
8752+bno4 1 7 1553 12 3 177 2 11
8752+bno3 1 8 1553 12 3 177 2 11
3781+bno6 1 1586 7 5 8 3 163 2
3781+bno6 1 1586 7 5 8 3 163 11
3781+bno5 1 1586 7 5 8 3 163 2
6431+bno6 1 1859 7 8 3 81 5 2
6431+bno6 1 1859 7 8 3 81 5 11
9102+bno0 1883 1 3 177 4 2 8 11
9102+bno0 1883 1 7 177 4 2 8 11
4350+bno6 1 387 3 5342 8 303 11 2
4350+bno7 1 387 3 5342 8 303 11 2
4350+bno5 1 387 3 5342 8 303 11 2
4350+bno4 1 387 3 5342 8 303 11 2
4350+bno4 1 387 3 5342 7 303 11 2
6418+bno0 387 8 76 1 42 3 2 303
6418+bno0 387 8 76 1 42 3 11 303
1631+bno7 1 282 3 303 5342 8 387 2
1627+bno7 1 282 3 303 5342 8 387 11
1631+bno6 1 282 3 303 5342 8 387 2
3783+bno1 282 303 1 8 11 2 5342 387
1631+bno5 1 282 3 303 5342 8 387 2
1718+bno1 282 303 8 1 42 3 76 387
3783+bno1 282 303 3 1 2 42 76 387
3783+bno0 387 410 8 1 11 2 117 282
3783+bno0 387 410 3 1 11 2 117 282
1627+bno7 8 303 1 282 410 117 387 2
1627+bno7 3 303 1 282 410 117 387 2
1627+bno7 1 410 8 387 303 5342 282 2
8180+bno3 1 576 7 8 7564 10 2 11
8180+bno3 1 576 7 3 7564 10 2 11
3783+bno0 577 138 1 8 2 11 6 477
3783+bno0 577 138 1 3 2 11 6 477
1631+bno7 1 577 8 138 16 177 477 2
1631+bno7 1 577 3 138 16 177 477 2
8752+bno5 1 7 590 128 8 3 2 11
8752+bno5 1 177 590 128 8 3 2 11
8752+bno6 1 7 590 128 8 3 2 11
8752+bno6 1 177 590 128 8 3 2 11
8752+bno7 1 7 590 128 8 3 2 11
8752+bno4 1 7 590 128 8 3 2 11
8752+bno4 1 177 590 128 8 3 2 11
4350+bno6 1 606 8 16 177 419 11 2
4350+bno6 1 606 3 16 177 419 11 2
9102+bno0 694 1 3 177 4 2 8 11
9102+bno0 694 1 7 177 4 2 8 11
8180+bno3 1 738 7 8 69 10 2 11
8180+bno3 1 738 7 3 69 10 2 11
8180+bno4 1 738 7 8 69 10 2 11
9080+bno5 1 7419 8 3 88 177 2 11
9080+bno4 1 7419 7 3 88 177 2 11
9080+bno3 1 7419 7 3 88 177 2 11
4350+bno6 1 773 8 40 3 129 11 2
4350+bno7 1 773 8 40 3 129 11 2
4350+bno5 1 773 8 40 3 129 11 2
4350+bno4 1 773 8 40 3 129 11 2
4350+bno4 1 773 8 40 7 129 11 2
4350+bno5 1 773 8 40 7 129 11 2
4350+bno6 1 887 8 16 177 298 11 2
4350+bno6 1 887 3 16 177 298 11 2
8752+bno5 1 3 981 16 177 8 11 2
8752+bno6 1 3 981 16 177 8 11 2
8752+bno4 1 3 981 16 177 8 11 2
8752+bno4 1 7 981 16 177 8 11 2
8752+bno3 1 3 981 16 177 8 11 2
8752+bno3 1 7 981 16 177 8 11 2
4350+bno6 1 1002 8 16 177 341 11 2
4350+bno6 1 1002 3 16 177 341 11 2
4350+bno6 1 1089 8 40 3 129 11 2
4350+bno7 1 1089 8 40 3 129 11 2
4350+bno5 1 1089 8 40 3 129 11 2
4350+bno4 1 1089 8 40 3 129 11 2
4350+bno4 1 1089 8 40 7 129 11 2
4350+bno5 1 1089 8 40 7 129 11 2
4350+bno6 8 1089 1 23 4 129 11 2
4350+bno6 3 1089 1 23 4 129 11 2
4350+bno5 8 1089 1 23 4 129 11 2
4350+bno6 1 1089 8 16 177 311 11 2
4350+bno6 1 1089 3 16 177 311 11 2
4350+bno6 1 129 8 16 177 1093 11 2
4350+bno6 1 129 3 16 177 1093 11 2
4350+bno6 1 1093 8 40 3 129 11 2
4350+bno7 1 1093 8 40 3 129 11 2
4350+bno5 1 1093 8 40 3 129 11 2
4350+bno4 1 1093 8 40 3 129 11 2
4350+bno4 1 1093 8 40 7 129 11 2
4350+bno5 1 1093 8 40 7 129 11 2
4350+bno6 1 1094 8 16 177 149 11 2
4350+bno6 1 1094 3 16 177 149 11 2
4476+bno5 1 1095 7 5 8 238 11 2
4476+bno5 1 1095 7 5 3 238 11 2
2348+bno0 1102 84 1 8 3 2 42 324
2348+bno0 1102 84 1 8 3 11 42 324
8148+bno3 1 1102 8 3 324 72 2 11
8148+bno3 1 1102 7 3 324 72 2 11
8148+bno4 1 1102 8 3 324 72 2 11
8148+bno5 1 1102 8 3 324 72 2 11
8148+bno6 1 1102 8 3 324 72 2 11
8148+bno7 1 1102 8 3 324 72 2 11
1627+bno7 1 1122 8 28 50 24 254 2
1627+bno7 1 1122 3 28 50 24 254 2
4350+bno6 1 1122 8 16 177 341 11 2
4350+bno6 1 1122 3 16 177 341 11 2
8148+bno3 1 1122 8 7 541 146 11 2
8148+bno3 1 1122 3 7 541 146 11 2
8148+bno4 1 1122 8 7 541 146 11 2
8148+bno5 1 1122 8 7 541 146 11 2
1276+bno3 129 1 33 1122 541 8 2 167
1276+bno3 129 1 33 1122 541 3 2 167
1627+bno7 1 1122 3 167 129 40 541 2
1627+bno6 1 1122 3 167 129 40 541 2
8180+bno3 1 1144 7 8 69 10 2 11
8180+bno3 1 1144 7 3 69 10 2 11
8180+bno4 1 1144 7 8 69 10 2 11
8722+bno6 1 8 509 1157 6 3 2 11
8722+bno7 1 8 509 1157 6 3 2 11
8722+bno5 1 8 509 1157 6 3 2 11
8722+bno5 1 7 509 1157 6 3 2 11
4350+bno6 1 1230 8 16 177 134 11 2
4350+bno6 1 1230 3 16 177 134 11 2
4350+bno6 1 368 8 40 3 1243 11 2
4350+bno4 1 368 8 40 7 1243 11 2
4350+bno5 1 368 8 40 7 1243 11 2
4350+bno6 8 1243 1 54 4 368 11 2
4350+bno6 3 1243 1 54 4 368 11 2
4350+bno5 8 1243 1 54 4 368 11 2
4350+bno6 1 609 8 40 3 1243 11 2
4350+bno7 1 609 8 40 3 1243 11 2
4350+bno5 1 609 8 40 3 1243 11 2
4350+bno4 1 609 8 40 3 1243 11 2
4350+bno4 1 609 8 40 7 1243 11 2
4350+bno5 1 609 8 40 7 1243 11 2
4350+bno6 1 1273 8 16 177 226 11 2
4350+bno6 1 1273 3 16 177 226 11 2
8752+bno5 1 8 1325 103 3 7 2 11
8752+bno6 1 8 1325 103 3 7 2 11
8752+bno7 1 8 1325 103 3 7 2 11
8752+bno4 1 8 1325 103 3 7 2 11
8752+bno3 1 8 1325 103 3 7 2 11
8752+bno3 1 8 1325 103 177 7 2 11
4350+bno6 1 1432 8 16 177 226 11 2
4350+bno6 1 1432 3 16 177 226 11 2
6708+bno3 1 1437 7 3 8 130 10 2
6708+bno3 1 1437 7 3 8 130 10 11
6708+bno4 1 1437 7 3 8 130 10 2
6708+bno5 1 1437 7 3 8 130 10 2
6708+bno6 1 1437 7 3 8 130 10 2
4350+bno6 1 1440 8 16 177 101 11 2
4350+bno6 1 1440 3 16 177 101 11 2
8752+bno5 1 7 1518 88 3 8 2 11
8752+bno6 1 7 1518 88 3 8 2 11
8752+bno7 1 7 1518 88 3 8 2 11
8752+bno4 1 7 1518 88 3 8 2 11
8752+bno4 1 7 1518 88 177 8 2 11
7142+bno0 1561 1 26 3 8 2 11 157
7142+bno0 1561 1 26 7 8 2 11 157
3783+bno0 1561 55 1 8 2 11 26 144
3783+bno0 1561 55 1 3 2 11 26 144
3713+bno7 1 144 3 157 26 8 1561 2
3713+bno6 1 144 3 157 26 8 1561 2
6418+bno1 144 1 157 26 8 2 11 1561
3783+bno1 144 157 1 3 2 11 26 1561
3836+bno0 1561 33 1 7 11 2 8 553
3836+bno0 1561 33 1 7 11 2 3 553
8180+bno3 1 1569 7 8 69 10 2 11
8180+bno3 1 1569 7 3 69 10 2 11
8180+bno4 1 1569 7 8 69 10 2 11
6708+bno3 1 1646 7 3 8 130 10 2
6708+bno3 1 1646 7 3 8 130 10 11
6708+bno4 1 1646 7 3 8 130 10 2
6708+bno5 1 1646 7 3 8 130 10 2
6708+bno6 1 1646 7 3 8 130 10 2
4350+bno6 1 1647 8 16 177 226 11 2
4350+bno6 1 1647 3 16 177 226 11 2
8180+bno3 1 1651 7 8 217 10 11 2
8180+bno3 1 1651 7 3 217 10 11 2
8180+bno4 1 1651 7 8 217 10 11 2
6708+bno3 1 1659 7 3 8 130 10 2
6708+bno3 1 1659 7 3 8 130 10 11
6708+bno4 1 1659 7 3 8 130 10 2
6708+bno4 1 1659 7 3 8 130 10 11
6708+bno5 1 1659 7 3 8 130 10 2
6708+bno5 1 1659 7 3 8 130 10 11
6708+bno6 1 1659 7 3 8 130 10 2
2348+bno0 1660 84 1 8 3 2 42 619
2348+bno0 1660 84 1 8 3 11 42 619
1627+bno7 1 1688 8 28 50 24 275 2
1627+bno7 1 1688 3 28 50 24 275 2
4370+bno5 1 1755 7 33 8 50 2 11
4370+bno5 1 1755 7 33 3 50 2 11
8180+bno3 1 1758 7 8 69 10 2 11
8180+bno3 1 1758 7 3 69 10 2 11
8180+bno4 1 1758 7 8 69 10 2 11
3781+bno6 1 1774 7 5 8 3 163 2
3781+bno6 1 1774 7 5 8 3 163 11
3781+bno5 1 1774 7 5 8 3 163 2
8752+bno5 1 8 1784 12 3 7 2 11
8752+bno6 1 8 1784 12 3 7 2 11
8752+bno7 1 8 1784 12 3 7 2 11
8752+bno4 1 8 1784 12 3 7 2 11
8752+bno4 1 177 1784 12 3 7 2 11
8752+bno3 1 8 1784 12 3 7 2 11
9080+bno5 1 1853 8 7 203 3 2 11
9080+bno5 1 1853 8 177 203 3 2 11
9080+bno6 1 1853 8 7 203 3 2 11
9080+bno6 1 1853 8 177 203 3 2 11
9080+bno7 1 1853 8 7 203 3 2 11
9080+bno4 1 1853 8 7 203 3 2 11
9080+bno4 1 1853 8 177 203 3 2 11
9080+bno3 1 1853 8 7 203 3 2 11
9080+bno3 1 1853 8 177 203 3 2 11
3781+bno6 1 1855 7 5 8 3 435 2
3781+bno6 1 1855 7 5 8 3 435 11
1627+bno7 1 2009 8 28 50 24 254 2
1627+bno7 1 2009 3 28 50 24 254 2
2348+bno0 2009 84 1 8 3 2 42 610
2348+bno0 2009 84 1 8 3 11 42 610
3836+bno0 2231 33 1 7 11 2 8 553
3836+bno0 2231 33 1 7 11 2 3 553
4350+bno6 1 2371 8 16 177 138 11 2
4350+bno6 1 2371 3 16 177 138 11 2
8180+bno3 1 450 7 8 7564 10 2 11
8180+bno3 1 450 7 3 7564 10 2 11
8180+bno4 1 450 7 8 7564 10 2 11
1631+bno7 1 533 8 129 40 3 502 2
1627+bno7 1 533 8 129 40 3 502 11
1631+bno6 1 533 8 129 40 3 502 2
3783+bno0 533 129 1 3 11 2 40 502
1631+bno5 1 533 8 129 40 3 502 2
1627+bno7 8 560 1 364 180 15 465 2
1627+bno7 3 560 1 364 180 15 465 2
1627+bno7 8 560 1 364 180 15 465 11
1627+bno7 3 560 1 364 180 15 465 11
1627+bno6 8 560 1 364 180 15 465 2
1627+bno7 1 560 8 364 180 2336 465 2
1627+bno7 1 560 3 364 180 2336 465 2
1627+bno7 8 560 1 364 180 15 559 2
1627+bno7 3 560 1 364 180 15 559 2
1627+bno7 8 560 1 364 180 15 559 11
1627+bno7 3 560 1 364 180 15 559 11
1627+bno6 8 560 1 364 180 15 559 2
1627+bno7 1 560 8 364 180 2336 559 2
1627+bno7 1 560 3 364 180 2336 559 2
3783+bno0 573 132 1 8 2 11 26 1001
3783+bno0 573 132 1 3 2 11 26 1001
4350+bno6 1 581 8 16 177 226 11 2
4350+bno6 1 581 3 16 177 226 11 2
8180+bno3 1 631 7 8 2908 10 2 11
8180+bno3 1 631 7 3 2908 10 2 11
8180+bno4 1 631 7 8 2908 10 2 11
4350+bno6 1 659 8 40 3 129 11 2
4350+bno7 1 659 8 40 3 129 11 2
4350+bno5 1 659 8 40 3 129 11 2
4350+bno4 1 659 8 40 3 129 11 2
4350+bno4 1 659 8 40 7 129 11 2
4350+bno5 1 659 8 40 7 129 11 2
3783+bno1 239 212 1 8 2 11 26 667
3783+bno1 239 212 1 3 2 11 26 667
1276+bno2 611 2 212 448 239 26 8 667
1276+bno2 611 2 212 448 239 26 3 667
1276+bno2 611 8 212 448 239 17 2 667
4350+bno6 8 717 1 23 4 129 11 2
4350+bno6 3 717 1 23 4 129 11 2
4350+bno5 8 717 1 23 4 129 11 2
1631+bno7 1 727 8 129 40 3 252 2
1627+bno7 1 727 8 129 40 3 252 11
1631+bno6 1 727 8 129 40 3 252 2
3783+bno0 727 129 1 3 11 2 40 252
1631+bno5 1 727 8 129 40 3 252 2
9102+bno0 7377 1 8 177 4 2 3 11
9102+bno0 7377 1 7 177 4 2 3 11
4350+bno6 1 7524 8 16 177 226 11 2
4350+bno6 1 7524 3 16 177 226 11 2
6708+bno3 1 778 7 3 8 130 10 2
6708+bno3 1 778 7 3 8 130 10 11
6708+bno4 1 778 7 3 8 130 10 11
6708+bno5 1 778 7 3 8 130 10 11
4350+bno6 1 828 8 269 177 325 11 2
4350+bno6 1 828 3 269 177 325 11 2
4350+bno6 1 845 8 40 3 129 11 2
4350+bno7 1 845 8 40 3 129 11 2
4350+bno5 1 845 8 40 3 129 11 2
4350+bno4 1 845 8 40 3 129 11 2
4350+bno4 1 845 8 40 7 129 11 2
4350+bno5 1 845 8 40 7 129 11 2
4350+bno6 1 847 8 40 3 129 11 2
4350+bno7 1 847 8 40 3 129 11 2
4350+bno5 1 847 8 40 3 129 11 2
4350+bno4 1 847 8 40 3 129 11 2
4350+bno4 1 847 8 40 7 129 11 2
4350+bno5 1 847 8 40 7 129 11 2
1631+bno7 1 858 8 129 40 3 169 2
1627+bno7 1 858 8 129 40 3 169 11
1631+bno6 1 858 8 129 40 3 169 2
3783+bno0 858 129 1 3 11 2 40 169
1631+bno5 1 858 8 129 40 3 169 2
1631+bno7 8 858 1 129 23 4 169 2
1631+bno7 3 858 1 129 23 4 169 2
1627+bno7 8 858 1 129 23 4 169 11
1627+bno7 3 858 1 129 23 4 169 11
1631+bno6 8 858 1 129 23 4 169 2
1627+bno7 1 864 8 28 50 24 275 2
1627+bno7 1 864 3 28 50 24 275 2
4350+bno6 1 908 8 40 3 129 11 2
4350+bno7 1 908 8 40 3 129 11 2
4350+bno5 1 908 8 40 3 129 11 2
4350+bno4 1 908 8 40 3 129 11 2
4350+bno4 1 908 8 40 7 129 11 2
4350+bno5 1 908 8 40 7 129 11 2
4350+bno6 1 910 8 40 3 129 11 2
4350+bno7 1 910 8 40 3 129 11 2
4350+bno5 1 910 8 40 3 129 11 2
4350+bno4 1 910 8 40 3 129 11 2
4350+bno4 1 910 8 40 7 129 11 2
4350+bno5 1 910 8 40 7 129 11 2
4350+bno4 1 925 3 130 8 568 2 10
4350+bno4 1 925 3 130 8 568 11 10
4350+bno5 1 925 3 130 8 568 2 10
4350+bno5 1 925 3 130 8 568 11 10
4350+bno6 1 925 3 130 8 568 2 10
4350+bno6 1 925 3 130 8 568 11 10
4350+bno7 1 925 3 130 8 568 2 10
6708+bno3 1 934 7 3 8 130 10 2
6708+bno3 1 934 7 3 8 130 10 11
6708+bno4 1 934 7 3 8 130 10 11
6708+bno5 1 934 7 3 8 130 10 11
4378+bno6 1 987 8 40 3 129 11 2
4378+bno7 1 987 8 40 3 129 11 2
4378+bno5 1 987 8 40 3 129 11 2
4378+bno4 1 987 8 40 3 129 11 2
4378+bno4 1 987 8 40 7 129 11 2
4378+bno5 1 987 8 40 7 129 11 2
1627+bno7 1 448 8 28 50 24 1007 2
1627+bno7 1 448 3 28 50 24 1007 2
1627+bno7 1 239 8 1007 28 21 448 2
1627+bno7 1 239 3 1007 28 21 448 2
3836+bno0 1014 33 1 7 2 11 8 183
3836+bno0 1014 33 1 7 2 11 3 183
4350+bno6 8 1014 1 99 4 444 11 2
4350+bno6 3 1014 1 99 4 444 11 2
4350+bno6 8 1014 1 159 4 444 11 2
4350+bno6 3 1014 1 159 4 444 11 2
4350+bno6 1 1069 8 16 177 138 11 2
4350+bno6 1 1069 3 16 177 138 11 2
4350+bno6 1 1080 8 40 3 129 11 2
4350+bno7 1 1080 8 40 3 129 11 2
4350+bno5 1 1080 8 40 3 129 11 2
4350+bno4 1 1080 8 40 3 129 11 2
4350+bno4 1 1080 8 40 7 129 11 2
4350+bno5 1 1080 8 40 7 129 11 2
4350+bno6 1 1081 8 40 3 129 11 2
4350+bno7 1 1081 8 40 3 129 11 2
4350+bno5 1 1081 8 40 3 129 11 2
4350+bno4 1 1081 8 40 3 129 11 2
4350+bno4 1 1081 8 40 7 129 11 2
4350+bno5 1 1081 8 40 7 129 11 2
4350+bno6 8 1081 1 23 4 129 11 2
4350+bno6 3 1081 1 23 4 129 11 2
4350+bno5 8 1081 1 23 4 129 11 2
4350+bno6 1 1082 8 40 3 129 11 2
4350+bno7 1 1082 8 40 3 129 11 2
4350+bno5 1 1082 8 40 3 129 11 2
4350+bno4 1 1082 8 40 3 129 11 2
4350+bno4 1 1082 8 40 7 129 11 2
4350+bno5 1 1082 8 40 7 129 11 2
1631+bno7 1 1084 8 129 40 3 252 2
1627+bno7 1 1084 8 129 40 3 252 11
1631+bno6 1 1084 8 129 40 3 252 2
3783+bno0 1084 129 1 3 11 2 40 252
1631+bno5 1 1084 8 129 40 3 252 2
1631+bno7 8 1084 1 129 23 4 252 2
1631+bno7 3 1084 1 129 23 4 252 2
1627+bno7 8 1084 1 129 23 4 252 11
1627+bno7 3 1084 1 129 23 4 252 11
4350+bno6 1 1085 8 40 3 129 11 2
4350+bno7 1 1085 8 40 3 129 11 2
4350+bno5 1 1085 8 40 3 129 11 2
4350+bno4 1 1085 8 40 3 129 11 2
4350+bno4 1 1085 8 40 7 129 11 2
4350+bno5 1 1085 8 40 7 129 11 2
4350+bno6 1 1086 8 40 3 129 11 2
4350+bno7 1 1086 8 40 3 129 11 2
4350+bno5 1 1086 8 40 3 129 11 2
4350+bno4 1 1086 8 40 3 129 11 2
4350+bno4 1 1086 8 40 7 129 11 2
4350+bno5 1 1086 8 40 7 129 11 2
4350+bno6 1 1096 8 40 3 129 11 2
4350+bno7 1 1096 8 40 3 129 11 2
4350+bno5 1 1096 8 40 3 129 11 2
4350+bno4 1 1096 8 40 3 129 11 2
4350+bno4 1 1096 8 40 7 129 11 2
4350+bno5 1 1096 8 40 7 129 11 2
4350+bno6 8 1096 1 23 4 129 11 2
4350+bno6 3 1096 1 23 4 129 11 2
4350+bno5 8 1096 1 23 4 129 11 2
4350+bno6 1 1096 8 16 177 311 11 2
4350+bno6 1 1096 3 16 177 311 11 2
4372+bno5 1 1116 7 33 8 183 2 11
4372+bno5 1 1116 7 33 3 183 2 11
1627+bno7 1 1119 8 28 50 24 275 2
1627+bno7 1 1119 3 28 50 24 275 2
1627+bno7 1 1121 8 28 50 24 275 2
1627+bno7 1 1121 3 28 50 24 275 2
1627+bno7 1 387 8 275 28 21 1121 2
1627+bno7 1 387 3 275 28 21 1121 2
1631+bno7 1 1121 3 303 5342 8 387 2
1627+bno7 1 1121 3 303 5342 8 387 11
3783+bno0 1121 303 1 8 11 2 5342 387
1718+bno0 1121 303 8 1 42 3 76 387
3783+bno0 1121 303 3 1 2 42 76 387
4350+bno6 1 1161 8 16 177 392 11 2
4350+bno6 1 1161 3 16 177 392 11 2
8752+bno5 1 8 1174 16 177 3 11 2
8752+bno4 1 7 1174 16 177 3 11 2
8752+bno3 1 7 1174 16 177 3 11 2
3781+bno6 1 1188 7 5 3 8 599 2
3781+bno6 1 1188 7 5 3 8 599 11
3781+bno5 1 1188 7 5 3 8 599 2
3783+bno0 1193 55 1 8 2 11 26 144
3783+bno0 1193 55 1 3 2 11 26 144
3783+bno0 1207 104 1 8 2 11 6 186
3783+bno0 1207 104 1 3 2 11 6 186
4350+bno6 1 1219 8 40 3 129 11 2
4350+bno7 1 1219 8 40 3 129 11 2
4350+bno5 1 1219 8 40 3 129 11 2
4350+bno4 1 1219 8 40 3 129 11 2
4350+bno4 1 1219 8 40 7 129 11 2
4350+bno5 1 1219 8 40 7 129 11 2
4350+bno6 8 1219 1 23 4 129 11 2
4350+bno6 3 1219 1 23 4 129 11 2
4350+bno5 8 1219 1 23 4 129 11 2
4350+bno6 1 1220 8 40 3 129 11 2
4350+bno7 1 1220 8 40 3 129 11 2
4350+bno5 1 1220 8 40 3 129 11 2
4350+bno4 1 1220 8 40 3 129 11 2
4350+bno4 1 1220 8 40 7 129 11 2
4350+bno5 1 1220 8 40 7 129 11 2
4378+bno6 1 1225 8 40 3 129 11 2
4378+bno7 1 1225 8 40 3 129 11 2
4378+bno5 1 1225 8 40 3 129 11 2
4378+bno4 1 1225 8 40 3 129 11 2
4378+bno4 1 1225 8 40 7 129 11 2
4378+bno5 1 1225 8 40 7 129 11 2
4350+bno6 1 1227 8 40 3 129 11 2
4350+bno7 1 1227 8 40 3 129 11 2
4350+bno5 1 1227 8 40 3 129 11 2
4350+bno4 1 1227 8 40 3 129 11 2
4350+bno4 1 1227 8 40 7 129 11 2
4350+bno5 1 1227 8 40 7 129 11 2
4350+bno6 8 1227 1 23 4 129 11 2
4350+bno6 3 1227 1 23 4 129 11 2
4350+bno5 8 1227 1 23 4 129 11 2
4350+bno6 1 1227 8 16 177 470 11 2
4350+bno6 1 1227 3 16 177 470 11 2
6708+bno3 1 1255 7 3 8 130 10 2
6708+bno3 1 1255 7 3 8 130 10 11
6708+bno4 1 1255 7 3 8 130 10 2
6708+bno5 1 1255 7 3 8 130 10 2
6708+bno6 1 1255 7 3 8 130 10 2
8148+bno3 1 1262 8 7 541 146 11 2
8148+bno3 1 1262 3 7 541 146 11 2
8148+bno4 1 1262 8 7 541 146 11 2
8148+bno4 1 1262 3 7 541 146 11 2
8148+bno5 1 1262 8 7 541 146 11 2
1276+bno3 129 1 33 1262 541 8 2 167
1276+bno3 129 1 33 1262 541 3 2 167
1627+bno7 1 1262 3 167 129 40 541 2
1627+bno6 1 1262 3 167 129 40 541 2
1627+bno7 1 1262 8 28 50 24 275 2
1627+bno7 1 1262 3 28 50 24 275 2
3783+bno1 584 212 1 8 2 11 26 1268
3783+bno1 584 212 1 3 2 11 26 1268
9046+bno6 1 1294 3 8 547 26 2 11
9046+bno7 1 1294 3 8 547 26 2 11
9046+bno5 1 1294 3 8 547 26 2 11
9046+bno5 1 1294 7 8 547 26 2 11
4350+bno6 1 1373 8 16 177 134 11 2
4350+bno6 1 1373 3 16 177 134 11 2
3783+bno0 1377 55 1 8 2 11 26 144
3783+bno0 1377 55 1 3 2 11 26 144
3783+bno0 1377 386 1 8 2 11 26 495
3783+bno0 1377 386 1 3 2 11 26 495
4350+bno6 1 1399 8 97 3 273 11 2
4350+bno5 1 1399 7 97 3 273 11 2
4350+bno4 1 1399 7 97 3 273 11 2
1631+bno7 1 1405 8 129 40 3 215 2
1627+bno7 1 1405 8 129 40 3 215 11
1631+bno6 1 1405 8 129 40 3 215 2
3783+bno0 1405 129 1 3 11 2 40 215
1631+bno5 1 1405 8 129 40 3 215 2
4350+bno6 1 1416 8 40 3 129 11 2
4350+bno7 1 1416 8 40 3 129 11 2
4350+bno5 1 1416 8 40 3 129 11 2
4350+bno4 1 1416 8 40 3 129 11 2
4350+bno4 1 1416 8 40 7 129 11 2
4350+bno5 1 1416 8 40 7 129 11 2
1631+bno7 1 1419 8 129 40 3 422 2
1627+bno7 1 1419 8 129 40 3 422 11
1631+bno6 1 1419 8 129 40 3 422 2
3783+bno0 1419 129 1 3 11 2 40 422
1631+bno5 1 1419 8 129 40 3 422 2
1631+bno7 8 1419 1 129 23 4 422 2
1631+bno7 3 1419 1 129 23 4 422 2
1627+bno7 8 1419 1 129 23 4 422 11
1627+bno7 3 1419 1 129 23 4 422 11
3787+bno0 1419 138 1 8 2 11 6 436
3787+bno0 1419 138 1 3 2 11 6 436
4350+bno6 1 1422 8 40 3 129 11 2
4350+bno7 1 1422 8 40 3 129 11 2
4350+bno5 1 1422 8 40 3 129 11 2
4350+bno4 1 1422 8 40 3 129 11 2
4350+bno4 1 1422 8 40 7 129 11 2
4350+bno5 1 1422 8 40 7 129 11 2
6708+bno3 1 1439 7 3 8 130 10 2
6708+bno3 1 1439 7 3 8 130 10 11
6708+bno4 1 1439 7 3 8 130 10 2
6708+bno5 1 1439 7 3 8 130 10 2
6708+bno6 1 1439 7 3 8 130 10 2
1631+bno7 1 1439 8 129 40 3 169 2
1627+bno7 1 1439 8 129 40 3 169 11
1631+bno6 1 1439 8 129 40 3 169 2
3783+bno0 1439 129 1 3 11 2 40 169
1631+bno5 1 1439 8 129 40 3 169 2
1631+bno7 8 1439 1 129 23 4 169 2
1631+bno7 3 1439 1 129 23 4 169 2
1627+bno7 8 1439 1 129 23 4 169 11
1627+bno7 3 1439 1 129 23 4 169 11
1631+bno6 8 1439 1 129 23 4 169 2
4350+bno6 1 1446 3 5342 8 303 11 2
4350+bno7 1 1446 3 5342 8 303 11 2
4350+bno5 1 1446 3 5342 8 303 11 2
4350+bno4 1 1446 3 5342 8 303 11 2
4350+bno4 1 1446 3 5342 7 303 11 2
6418+bno0 1446 8 76 1 42 3 2 303
6418+bno0 1446 8 76 1 42 3 11 303
1627+bno7 8 1446 1 324 84 4 616 2
1627+bno7 3 1446 1 324 84 4 616 2
1627+bno7 8 1446 1 324 84 4 616 11
1627+bno7 3 1446 1 324 84 4 616 11
1627+bno6 8 1446 1 324 84 4 616 2
1276+bno5 1 1446 84 8 3 324 616 42
1627+bno7 8 1446 1 324 84 42 616 2
1276+bno6 1 1446 84 8 3 324 616 42
1276+bno7 1 1446 84 8 3 324 616 42
2300+bno0 1446 324 1 8 3 2 72 616
2348+bno0 1446 324 1 8 3 11 72 616
3783+bno0 1446 324 8 1 2 11 72 616
1631+bno7 1 616 3 303 5342 8 1446 2
1627+bno7 1 616 3 303 5342 8 1446 11
1631+bno6 1 616 3 303 5342 8 1446 2
3783+bno1 616 303 1 8 11 2 5342 1446
1631+bno5 1 616 3 303 5342 8 1446 2
1718+bno1 616 303 8 1 42 3 76 1446
3783+bno1 616 303 3 1 2 42 76 1446
4350+bno6 8 1454 1 119 4 283 11 2
4350+bno6 3 1454 1 119 4 283 11 2
4350+bno6 1 1460 3 5342 8 303 11 2
4350+bno7 1 1460 3 5342 8 303 11 2
4350+bno5 1 1460 3 5342 8 303 11 2
4350+bno4 1 1460 3 5342 8 303 11 2
4350+bno4 1 1460 3 5342 7 303 11 2
8180+bno3 1 1485 7 8 69 10 2 11
8180+bno3 1 1485 7 3 69 10 2 11
8180+bno4 1 1485 7 8 69 10 2 11
7142+bno0 1485 1 26 8 3 2 11 632
7142+bno0 1485 1 26 7 3 2 11 632
4476+bno5 1 1490 7 5 8 82 2 11
4476+bno5 1 1490 7 5 3 82 2 11
8752+bno5 1 8 1516 12 3 7 2 11
8752+bno6 1 8 1516 12 3 7 2 11
8752+bno7 1 8 1516 12 3 7 2 11
8752+bno4 1 8 1516 12 3 7 2 11
8752+bno4 1 177 1516 12 3 7 2 11
8752+bno3 1 8 1516 12 3 7 2 11
3781+bno6 1 1533 7 5 3 8 597 2
3781+bno6 1 1533 7 5 3 8 597 11
3781+bno5 1 1533 7 5 3 8 597 2
4350+bno6 1 1546 8 16 177 138 11 2
4350+bno6 1 1546 3 16 177 138 11 2
9080+bno5 1 1558 8 177 49 3 2 11
9080+bno4 1 1558 7 177 49 3 2 11
9080+bno3 1 1558 7 177 49 3 2 11
4350+bno6 1 232 8 16 177 1610 11 2
4350+bno6 1 232 3 16 177 1610 11 2
4350+bno6 8 441 1 23 4 1613 11 2
4350+bno6 3 441 1 23 4 1613 11 2
4350+bno5 8 441 1 23 4 1613 11 2
4350+bno6 1 1614 8 40 3 129 11 2
4350+bno7 1 1614 8 40 3 129 11 2
4350+bno5 1 1614 8 40 3 129 11 2
4350+bno4 1 1614 8 40 3 129 11 2
4350+bno4 1 1614 8 40 7 129 11 2
4350+bno5 1 1614 8 40 7 129 11 2
4350+bno6 8 1614 1 23 4 129 11 2
4350+bno6 3 1614 1 23 4 129 11 2
4350+bno5 8 1614 1 23 4 129 11 2
4350+bno6 1 1615 8 16 177 311 11 2
4350+bno6 1 1615 3 16 177 311 11 2
1632+bno7 1 1618 8 129 40 3 564 2
1627+bno7 1 1618 8 129 40 3 564 11
1632+bno6 1 1618 8 129 40 3 564 2
3785+bno0 1618 129 1 3 11 2 40 564
1632+bno5 1 1618 8 129 40 3 564 2
2348+bno0 1625 84 1 8 3 2 42 445
2348+bno0 1625 84 1 8 3 11 42 445
8148+bno3 1 1627 8 7 541 146 11 2
8148+bno3 1 1627 3 7 541 146 11 2
8148+bno4 1 1627 8 7 541 146 11 2
8148+bno5 1 1627 8 7 541 146 11 2
1276+bno3 129 1 33 1627 541 8 2 167
1276+bno3 129 1 33 1627 541 3 2 167
1627+bno7 1 1627 3 167 129 40 541 2
1627+bno6 1 1627 3 167 129 40 541 2
3836+bno0 1627 48 8 1 11 2 15 475
3836+bno0 1627 48 3 1 11 2 15 475
4350+bno6 8 1630 1 99 4 444 11 2
4350+bno6 3 1630 1 99 4 444 11 2
4350+bno5 8 1630 1 99 4 444 11 2
4350+bno6 8 1630 1 159 4 444 11 2
4350+bno6 3 1630 1 159 4 444 11 2
4350+bno6 1 1630 8 16 177 442 11 2
4350+bno6 1 1630 3 16 177 442 11 2
4350+bno4 1 1633 3 130 8 568 2 10
4350+bno4 1 1633 3 130 8 568 11 10
4350+bno5 1 1633 3 130 8 568 2 10
4350+bno5 1 1633 3 130 8 568 11 10
4350+bno6 1 1633 3 130 8 568 2 10
4350+bno6 1 1633 3 130 8 568 11 10
4350+bno7 1 1633 3 130 8 568 2 10
4350+bno6 1 477 8 16 177 1640 11 2
4350+bno6 1 477 3 16 177 1640 11 2
3783+bno0 1640 138 1 8 2 11 6 477
3783+bno0 1640 138 1 3 2 11 6 477
4350+bno6 1 1648 8 16 177 367 11 2
4350+bno6 1 1648 3 16 177 367 11 2
4350+bno6 1 1655 8 16 177 226 11 2
4350+bno6 1 1655 3 16 177 226 11 2
1631+bno7 1 1655 8 129 40 3 167 2
1627+bno7 1 1655 8 129 40 3 167 11
1631+bno6 1 1655 8 129 40 3 167 2
3783+bno0 1655 129 1 3 11 2 40 167
1631+bno5 1 1655 8 129 40 3 167 2
4350+bno6 1 1669 8 97 3 273 11 2
4350+bno7 1 1669 8 97 3 273 11 2
4350+bno5 1 1669 8 97 3 273 11 2
4350+bno5 1 1669 7 97 3 273 11 2
4350+bno4 1 1669 8 97 3 273 11 2
4350+bno4 1 1669 7 97 3 273 11 2
4350+bno6 8 1669 1 236 4 273 11 2
4350+bno6 3 1669 1 236 4 273 11 2
4350+bno5 8 1669 1 236 4 273 11 2
1627+bno7 8 1669 1 324 84 4 612 2
1627+bno7 3 1669 1 324 84 4 612 2
1627+bno7 8 1669 1 324 84 4 612 11
1627+bno7 3 1669 1 324 84 4 612 11
1627+bno6 8 1669 1 324 84 4 612 2
1276+bno5 1 1669 84 8 3 324 612 42
1627+bno7 8 1669 1 324 84 42 612 2
1276+bno6 1 1669 84 8 3 324 612 42
1276+bno7 1 1669 84 8 3 324 612 42
2300+bno0 1669 324 1 8 3 2 72 612
2348+bno0 1669 324 1 8 3 11 72 612
3783+bno0 1669 324 8 1 2 11 72 612
1627+bno7 1 1690 8 28 50 24 254 2
1627+bno7 1 1690 3 28 50 24 254 2
4350+bno6 1 1695 3 78 8 403 2 11
4350+bno7 1 1695 3 78 8 403 2 11
4350+bno5 1 1695 3 78 8 403 2 11
4350+bno5 1 1695 7 78 8 403 2 11
4350+bno4 1 1695 3 78 8 403 2 11
4350+bno4 1 1695 7 78 8 403 2 11
8180+bno3 1 1738 8 3 171 58 2 11
8180+bno3 1 1738 8 7 171 58 2 11
8180+bno4 1 1738 8 3 171 58 2 11
8180+bno5 1 1738 8 3 171 58 2 11
8180+bno6 1 1738 8 3 171 58 2 11
8180+bno7 1 1738 8 3 171 58 2 11
8200+bno3 1 1748 7 8 69 10 2 11
8200+bno3 1 1748 7 3 69 10 2 11
8200+bno4 1 1748 7 8 69 10 2 11
8180+bno3 1 1752 7 8 69 10 2 11
8180+bno3 1 1752 7 3 69 10 2 11
8180+bno4 1 1752 7 8 69 10 2 11
8180+bno3 1 1759 7 8 69 10 2 11
8180+bno3 1 1759 7 3 69 10 2 11
8180+bno4 1 1759 7 8 69 10 2 11
10033+bno0 1765 1 8 7 11 2 177 161
10033+bno0 1765 1 3 7 11 2 177 161
8180+bno3 1 1780 7 8 69 10 2 11
8180+bno3 1 1780 7 3 69 10 2 11
8180+bno4 1 1780 7 8 69 10 2 11
10034+bno0 1815 1 8 177 2 11 3 116
10034+bno0 1815 1 7 177 2 11 3 116
7142+bno0 1820 1 26 8 3 2 11 199
7142+bno0 1820 1 26 7 3 2 11 199
3781+bno6 1 1851 7 5 3 8 597 2
3781+bno6 1 1851 7 5 3 8 597 11
3781+bno5 1 1851 7 5 3 8 597 2
4200+bno6 1 7 457 5 1854 3 8 2
4200+bno6 1 7 457 5 1854 3 8 11
4200+bno5 1 7 457 5 1854 3 8 2
3783+bno0 1888 55 1 8 2 11 26 144
3783+bno0 1888 55 1 3 2 11 26 144
1631+bno7 1 1920 8 129 40 3 422 2
1627+bno7 1 1920 8 129 40 3 422 11
1631+bno6 1 1920 8 129 40 3 422 2
3783+bno0 1920 129 1 3 11 2 40 422
1631+bno5 1 1920 8 129 40 3 422 2
1631+bno7 8 1920 1 129 23 4 422 2
1631+bno7 3 1920 1 129 23 4 422 2
1627+bno7 8 1920 1 129 23 4 422 11
1627+bno7 3 1920 1 129 23 4 422 11
1631+bno6 8 1920 1 129 23 4 422 2
1631+bno7 1 1930 8 129 40 3 252 2
1627+bno7 1 1930 8 129 40 3 252 11
1631+bno6 1 1930 8 129 40 3 252 2
3783+bno0 1930 129 1 3 11 2 40 252
1631+bno5 1 1930 8 129 40 3 252 2
1631+bno7 8 1930 1 129 23 4 252 2
1631+bno7 3 1930 1 129 23 4 252 2
1627+bno7 8 1930 1 129 23 4 252 11
1627+bno7 3 1930 1 129 23 4 252 11
1631+bno6 8 1930 1 129 23 4 252 2
2348+bno0 1931 84 1 8 3 2 42 324
2348+bno0 1931 84 1 8 3 11 42 324
8148+bno3 1 1931 8 3 324 72 2 11
8148+bno3 1 1931 7 3 324 72 2 11
8148+bno4 1 1931 8 3 324 72 2 11
8148+bno5 1 1931 8 3 324 72 2 11
8148+bno6 1 1931 8 3 324 72 2 11
8148+bno7 1 1931 8 3 324 72 2 11
4350+bno6 1 1931 8 97 3 273 11 2
4350+bno5 1 1931 7 97 3 273 11 2
4350+bno4 1 1931 7 97 3 273 11 2
4350+bno6 8 1931 1 236 4 273 11 2
4350+bno6 3 1931 1 236 4 273 11 2
4350+bno5 8 1931 1 236 4 273 11 2
4350+bno6 1 1935 8 16 177 298 11 2
4350+bno6 1 1935 3 16 177 298 11 2
4350+bno6 1 1938 8 16 177 341 11 2
4350+bno6 1 1938 3 16 177 341 11 2
4350+bno6 1 1938 3 106 8 297 11 2
4350+bno7 1 1938 3 106 8 297 11 2
4350+bno5 1 1938 3 106 8 297 11 2
4350+bno5 1 1938 7 106 8 297 11 2
4350+bno4 1 1938 3 106 8 297 11 2
4350+bno4 1 1938 7 106 8 297 11 2
4315+bno4 1 8 252 40 129 3 1942 2
4315+bno3 40 8 252 1 1942 11 129 2
4315+bno5 1 8 252 40 129 3 1942 2
4315+bno6 1 8 252 40 129 3 1942 2
4315+bno7 1 8 252 40 129 3 1942 2
4350+bno6 1 1947 8 16 177 442 11 2
4350+bno6 1 1947 3 16 177 442 11 2
4350+bno6 1 1951 8 16 177 149 11 2
4350+bno6 1 1951 3 16 177 149 11 2
1633+bno4 571 1 448 915 611 1962 2 239
1633+bno4 571 8 448 915 611 1962 2 239
1633+bno4 571 1 448 915 611 1962 142 239
1633+bno4 571 8 448 915 611 1962 142 239
2699+bno1 611 571 448 1 30 239 1103 1962
2699+bno1 611 571 448 8 30 239 1103 1962
3725+bno7 2 611 571 448 1103 239 1962 915
1825+bno7 30 571 915 448 1962 611 239 1103
1276+bno7 8 239 611 1 260 1962 448 780
1276+bno6 8 239 611 1 260 1962 448 780
1276+bno5 260 239 611 3 8 1962 448 780
1718+bno5 780 1962 1 239 1103 30 448 611
4067+bno7 1 1103 1962 915 611 239 448 2
4067+bno7 8 1103 1962 915 611 239 448 2
1627+bno7 1 448 3 611 780 8 1962 2
1627+bno7 1 448 3 611 780 8 1962 11
1627+bno6 1 448 3 611 780 8 1962 2
4067+bno0 1962 3 1 780 260 8 2 611
3783+bno0 1962 780 3 1 2 11 260 611
2699+bno3 611 571 448 8 30 239 1103 1962
1633+bno3 571 1 448 915 611 1962 2 239
2699+bno4 611 571 448 8 30 239 1103 1962
1276+bno7 8 1962 571 1 260 239 448 780
1276+bno6 8 1962 571 1 260 239 448 780
1276+bno5 260 1962 571 3 8 239 448 780
2699+bno2 611 571 448 8 30 239 1103 1962
1631+bno7 1 1964 8 129 40 3 167 2
1627+bno7 1 1964 8 129 40 3 167 11
1631+bno6 1 1964 8 129 40 3 167 2
3783+bno0 1964 129 1 3 11 2 40 167
1631+bno5 1 1964 8 129 40 3 167 2
4350+bno6 1 1969 8 16 177 149 11 2
4350+bno6 1 1969 3 16 177 149 11 2
8180+bno3 1 1973 7 8 217 10 11 2
8180+bno3 1 1973 7 3 217 10 11 2
8180+bno4 1 1973 7 8 217 10 11 2
4350+bno6 1 1989 8 16 177 226 11 2
4350+bno6 1 1989 3 16 177 226 11 2
8180+bno3 1 1994 7 8 217 10 11 2
8180+bno3 1 1994 7 3 217 10 11 2
8180+bno4 1 1994 7 8 217 10 11 2
4350+bno6 1 2037 3 78 8 511 2 11
4350+bno5 1 2037 7 78 8 511 2 11
8180+bno3 1 2041 7 8 217 10 11 2
8180+bno3 1 2041 7 3 217 10 11 2
8180+bno4 1 2041 7 8 217 10 11 2
4350+bno6 1 2045 3 5342 8 303 11 2
4350+bno7 1 2045 3 5342 8 303 11 2
4350+bno5 1 2045 3 5342 8 303 11 2
4350+bno4 1 2045 3 5342 8 303 11 2
4350+bno4 1 2045 3 5342 7 303 11 2
6418+bno0 2045 8 76 1 42 3 2 303
6418+bno0 2045 8 76 1 42 3 11 303
1627+bno7 1 2045 8 28 50 24 514 2
1627+bno7 1 2045 3 28 50 24 514 2
1631+bno7 1 2045 8 226 16 177 514 2
1631+bno7 1 2045 3 226 16 177 514 2
3836+bno0 2046 33 1 7 2 11 8 183
3836+bno0 2046 33 1 7 2 11 3 183
10033+bno0 2053 1 8 177 2 11 3 258
10033+bno0 2053 1 7 177 2 11 3 258
1627+bno7 1 2069 8 28 50 24 254 2
1627+bno7 1 2069 3 28 50 24 254 2
1627+bno0 2069 1 28 8 33 50 2 195
1627+bno0 2069 1 28 3 33 50 2 195
8148+bno3 1 2071 8 7 541 146 11 2
8148+bno3 1 2071 3 7 541 146 11 2
4350+bno6 1 515 8 16 177 2077 11 2
4350+bno6 1 515 3 16 177 2077 11 2
7142+bno0 2146 1 26 3 8 2 11 547
7142+bno0 2146 1 26 7 8 2 11 547
8180+bno3 1 2153 7 8 69 10 2 11
8180+bno3 1 2153 7 3 69 10 2 11
8180+bno4 1 2153 7 8 69 10 2 11
8148+bno3 1 2157 8 7 410 117 11 2
8148+bno3 1 2157 3 7 410 117 11 2
8148+bno4 1 2157 8 7 410 117 11 2
8148+bno4 1 2157 3 7 410 117 11 2
8148+bno5 1 2157 8 7 410 117 11 2
8180+bno3 1 2169 7 8 69 10 2 11
8180+bno3 1 2169 7 3 69 10 2 11
8180+bno4 1 2169 7 8 69 10 2 11
8180+bno3 1 2171 7 8 69 10 2 11
8180+bno3 1 2171 7 3 69 10 2 11
8180+bno4 1 2171 7 8 69 10 2 11
8196+bno3 1 424 7 8 2188 10 11 2
8196+bno3 1 424 7 3 2188 10 11 2
8180+bno3 1 2196 7 8 69 10 2 11
8180+bno3 1 2196 7 3 69 10 2 11
8180+bno4 1 2196 7 8 69 10 2 11
10033+bno0 2213 1 8 7 11 2 177 161
10033+bno0 2213 1 3 7 11 2 177 161
8752+bno5 1 8 2225 125 3 177 2 11
8752+bno6 1 8 2225 125 3 177 2 11
8752+bno4 1 8 2225 125 3 177 2 11
8752+bno4 1 7 2225 125 3 177 2 11
8752+bno3 1 8 2225 125 3 177 2 11
8180+bno3 1 2241 7 8 69 10 2 11
8180+bno3 1 2241 7 3 69 10 2 11
8180+bno4 1 2241 7 8 69 10 2 11
8921+bno0 2253 1 26 3 2 11 229 8
8921+bno0 2253 1 26 7 2 11 229 8
6708+bno3 1 2266 7 3 8 130 10 2
6708+bno3 1 2266 7 3 8 130 10 11
6708+bno4 1 2266 7 3 8 130 10 11
6708+bno5 1 2266 7 3 8 130 10 11
2168+bno0 2297 1 46 3 8 177 2 457
2168+bno0 2297 1 46 3 8 177 11 457
8180+bno3 1 2309 8 3 171 58 2 11
8180+bno3 1 2309 8 7 171 58 2 11
8180+bno4 1 2309 8 3 171 58 2 11
8180+bno5 1 2309 8 3 171 58 2 11
8180+bno6 1 2309 8 3 171 58 2 11
8180+bno7 1 2309 8 3 171 58 2 11
4350+bno6 1 2317 8 16 177 134 11 2
4350+bno6 1 2317 3 16 177 134 11 2
3781+bno6 1 2362 7 5 3 8 59 2
3781+bno6 1 2362 7 5 3 8 59 11
4494+bno5 1 206 7 5 8 2363 11 2
4494+bno5 1 206 7 5 3 2363 11 2
3781+bno6 1 2364 7 5 3 8 59 2
3781+bno6 1 2364 7 5 3 8 59 11
8752+bno5 1 3 2381 128 8 7 2 11
8752+bno4 1 177 2381 128 8 7 2 11
8752+bno3 1 177 2381 128 8 7 2 11
8180+bno3 1 2561 7 8 217 10 11 2
8180+bno3 1 2561 7 3 217 10 11 2
8180+bno4 1 2561 7 8 217 10 11 2
4350+bno6 1 2580 8 16 177 101 11 2
4350+bno6 1 2580 3 16 177 101 11 2
3725+bno0 2580 50 1 8 11 2 33 263
3725+bno0 2580 50 1 3 11 2 33 263
2348+bno0 2583 84 1 8 3 2 42 324
2348+bno0 2583 84 1 8 3 11 42 324
8148+bno3 1 2583 8 3 324 72 2 11
8148+bno3 1 2583 7 3 324 72 2 11
8148+bno4 1 2583 8 3 324 72 2 11
8148+bno5 1 2583 8 3 324 72 2 11
8148+bno6 1 2583 8 3 324 72 2 11
8148+bno7 1 2583 8 3 324 72 2 11
1627+bno7 8 282 1 324 84 4 2583 2
1627+bno7 3 282 1 324 84 4 2583 2
1627+bno7 8 282 1 324 84 4 2583 11
1627+bno7 3 282 1 324 84 4 2583 11
1627+bno6 8 282 1 324 84 4 2583 2
1276+bno5 1 282 84 8 3 324 2583 42
1627+bno7 8 282 1 324 84 42 2583 2
1276+bno6 1 282 84 8 3 324 2583 42
1276+bno7 1 282 84 8 3 324 2583 42
2300+bno1 282 324 1 8 3 2 72 2583
2348+bno1 282 324 1 8 3 11 72 2583
3783+bno1 282 324 8 1 2 11 72 2583
3783+bno0 2583 410 8 1 11 2 117 282
3783+bno0 2583 410 3 1 11 2 117 282
1627+bno7 8 324 1 282 410 117 2583 2
1627+bno7 3 324 1 282 410 117 2583 2
1627+bno6 8 324 1 282 410 117 2583 2
2420+bno0 2925 69 1 3 8 2 11 317
2420+bno0 2925 69 1 7 8 2 11 317
4350+bno6 1 3112 8 16 177 138 11 2
4350+bno6 1 3112 3 16 177 138 11 2
8752+bno5 1 3 3129 269 177 8 11 2
8752+bno6 1 3 3129 269 177 8 11 2
8752+bno4 1 3 3129 269 177 8 11 2
8752+bno4 1 7 3129 269 177 8 11 2
8752+bno3 1 3 3129 269 177 8 11 2
4350+bno6 8 3172 1 99 4 444 11 2
4350+bno6 3 3172 1 99 4 444 11 2
4350+bno5 8 3172 1 99 4 444 11 2
4350+bno6 8 3172 1 159 4 444 11 2
4350+bno6 3 3172 1 159 4 444 11 2
4350+bno5 8 3172 1 159 4 444 11 2
4350+bno6 1 3229 8 16 177 138 11 2
4350+bno6 1 3229 3 16 177 138 11 2
3781+bno6 1 3331 7 5 8 3 81 2
3781+bno6 1 3331 7 5 8 3 81 11
3781+bno5 1 3331 7 5 8 3 81 2
8435+bno6 1 4017 12 3 8 627 2 11
8435+bno7 1 4017 12 3 8 627 2 11
4090+bno6 1 7 4017 12 627 3 8 11
8435+bno5 1 4017 12 3 8 627 2 11
4370+bno5 1 12 7 4017 8 627 2 11
4350+bno5 1 4017 7 12 3 627 2 11
4350+bno6 1 414 8 269 177 325 11 2
4350+bno6 1 414 3 269 177 325 11 2
3783+bno0 414 388 8 1 2 11 491 828
3783+bno0 414 388 3 1 2 11 491 828
1276+bno3 184 8 491 414 828 1 2 388
1276+bno3 184 3 491 414 828 1 2 388
1309+bno7 8 184 414 1 491 828 388 11
1309+bno7 3 184 414 1 491 828 388 11
1309+bno6 8 184 414 1 491 828 388 11
4350+bno5 1 418 7 32 8 307 2 11
4350+bno5 1 418 7 32 3 307 2 11
1627+bno7 1 618 3 252 129 40 723 2
1627+bno7 8 129 1 723 618 38 252 2
1627+bno7 3 129 1 723 618 38 252 2
3783+bno2 252 618 8 1 11 2 38 723
3783+bno2 252 618 3 1 11 2 38 723
9080+bno5 1 646 8 177 88 3 2 11
9080+bno4 1 646 7 177 88 3 2 11
9080+bno3 1 646 7 177 88 3 2 11
1627+bno7 8 652 1 364 180 15 465 2
1627+bno7 3 652 1 364 180 15 465 2
1627+bno7 8 652 1 364 180 15 465 11
1627+bno7 3 652 1 364 180 15 465 11
1627+bno6 8 652 1 364 180 15 465 2
1627+bno7 1 652 8 364 180 2336 465 2
1627+bno7 1 652 3 364 180 2336 465 2
1627+bno7 8 652 1 364 180 15 559 2
1627+bno7 3 652 1 364 180 15 559 2
1627+bno7 8 652 1 364 180 15 559 11
1627+bno7 3 652 1 364 180 15 559 11
1627+bno6 8 652 1 364 180 15 559 2
1627+bno7 1 652 8 364 180 2336 559 2
1627+bno7 1 652 3 364 180 2336 559 2
1627+bno7 8 676 1 324 84 4 612 2
1627+bno7 3 676 1 324 84 4 612 2
1627+bno7 8 676 1 324 84 4 612 11
1627+bno7 3 676 1 324 84 4 612 11
1627+bno6 8 676 1 324 84 4 612 2
1276+bno5 1 676 84 8 3 324 612 42
1627+bno7 8 676 1 324 84 42 612 2
1276+bno6 1 676 84 8 3 324 612 42
1276+bno7 1 676 84 8 3 324 612 42
2300+bno0 676 324 1 8 3 2 72 612
2348+bno0 676 324 1 8 3 11 72 612
3783+bno0 676 324 8 1 2 11 72 612
4350+bno6 1 678 3 5342 8 303 11 2
4350+bno7 1 678 3 5342 8 303 11 2
4350+bno5 1 678 3 5342 8 303 11 2
4350+bno4 1 678 3 5342 8 303 11 2
4350+bno4 1 678 3 5342 7 303 11 2
1627+bno7 1 679 8 28 50 24 275 2
1627+bno7 1 679 3 28 50 24 275 2
4350+bno6 1 714 3 78 8 403 2 11
4350+bno7 1 714 3 78 8 403 2 11
4350+bno5 1 714 3 78 8 403 2 11
4350+bno5 1 714 7 78 8 403 2 11
4350+bno4 1 714 3 78 8 403 2 11
4350+bno4 1 714 7 78 8 403 2 11
4476+bno5 1 714 7 5 8 238 11 2
4476+bno5 1 714 7 5 3 238 11 2
1631+bno7 1 723 8 129 40 3 252 2
1627+bno7 1 723 8 129 40 3 252 11
1631+bno6 1 723 8 129 40 3 252 2
3783+bno0 723 129 1 3 11 2 40 252
1631+bno5 1 723 8 129 40 3 252 2
1631+bno7 8 723 1 129 23 4 252 2
1631+bno7 3 723 1 129 23 4 252 2
1627+bno7 8 723 1 129 23 4 252 11
1627+bno7 3 723 1 129 23 4 252 11
1631+bno6 8 723 1 129 23 4 252 2
1627+bno6 1 618 3 252 129 40 723 2
1627+bno6 8 129 1 723 618 38 252 2
3783+bno0 724 410 8 1 11 2 117 282
3783+bno0 724 410 3 1 11 2 117 282
2301+bno2 410 724 48 1 2 15 475 282
1662+bno2 410 8 724 15 48 475 2 282
1631+bno7 1 724 8 273 97 3 282 2
1627+bno7 1 724 8 273 97 3 282 11
1631+bno6 1 724 8 273 97 3 282 2
3783+bno0 724 273 1 3 11 2 97 282
1631+bno5 1 724 8 273 97 3 282 2
1631+bno7 8 724 1 273 236 4 282 2
1631+bno7 3 724 1 273 236 4 282 2
1627+bno7 8 724 1 273 236 4 282 11
1627+bno7 3 724 1 273 236 4 282 11
1631+bno6 8 724 1 273 236 4 282 2
3836+bno0 724 48 8 1 11 2 15 475
3836+bno0 724 48 3 1 11 2 15 475
4350+bno6 1 7373 8 16 177 226 11 2
4350+bno6 1 7373 3 16 177 226 11 2
8180+bno3 1 7373 7 8 327 10 2 11
8180+bno3 1 7373 7 3 327 10 2 11
3781+bno6 1 7420 7 5 3 8 59 2
3781+bno6 1 7420 7 5 3 8 59 11
4350+bno6 1 7437 3 106 8 297 11 2
4350+bno7 1 7437 3 106 8 297 11 2
4350+bno5 1 7437 3 106 8 297 11 2
4350+bno5 1 7437 7 106 8 297 11 2
4350+bno4 1 7437 3 106 8 297 11 2
4350+bno4 1 7437 7 106 8 297 11 2
3787+bno0 7437 138 1 8 2 11 6 436
3787+bno0 7437 138 1 3 2 11 6 436
4350+bno6 1 7519 8 16 177 226 11 2
4350+bno6 1 7519 3 16 177 226 11 2
1631+bno7 1 541 8 226 16 177 7519 2
1631+bno7 1 541 3 226 16 177 7519 2
8148+bno3 1 7519 8 7 541 146 11 2
8148+bno3 1 7519 3 7 541 146 11 2
8148+bno4 1 7519 8 7 541 146 11 2
8148+bno5 1 7519 8 7 541 146 11 2
8752+bno5 1 7 7543 88 3 8 2 11
8752+bno6 1 7 7543 88 3 8 2 11
8752+bno7 1 7 7543 88 3 8 2 11
8752+bno4 1 7 7543 88 3 8 2 11
8752+bno4 1 7 7543 88 177 8 2 11
4350+bno6 1 7549 8 12 3 627 2 11
4350+bno5 1 7549 7 12 3 627 2 11
1627+bno7 1 619 8 28 50 24 7561 2
1627+bno7 1 619 3 28 50 24 7561 2
2348+bno0 7561 84 1 8 3 2 42 619
2348+bno0 7561 84 1 8 3 11 42 619
3783+bno0 786 410 8 1 11 2 117 282
3783+bno0 786 410 3 1 11 2 117 282
4350+bno6 1 843 8 40 3 129 11 2
4350+bno7 1 843 8 40 3 129 11 2
4350+bno5 1 843 8 40 3 129 11 2
4350+bno4 1 843 8 40 3 129 11 2
4350+bno4 1 843 8 40 7 129 11 2
4350+bno5 1 843 8 40 7 129 11 2
6708+bno3 1 849 7 3 8 130 10 2
6708+bno3 1 849 7 3 8 130 10 11
6708+bno4 1 849 7 3 8 130 10 2
6708+bno5 1 849 7 3 8 130 10 2
6708+bno6 1 849 7 3 8 130 10 2
4350+bno4 1 575 3 130 8 849 2 10
4350+bno4 1 575 3 130 8 849 11 10
4350+bno5 1 575 3 130 8 849 2 10
4350+bno5 1 575 3 130 8 849 11 10
4350+bno6 1 575 3 130 8 849 2 10
4350+bno6 1 575 3 130 8 849 11 10
4350+bno7 1 575 3 130 8 849 2 10
1627+bno7 1 273 3 849 130 8 575 2
1627+bno7 1 273 3 849 130 8 575 11
1631+bno5 1 273 3 849 130 8 575 10
3783+bno2 273 849 1 8 2 10 130 575
1631+bno7 1 849 8 273 97 3 575 2
1627+bno7 1 849 8 273 97 3 575 11
1631+bno6 1 849 8 273 97 3 575 2
3783+bno0 849 273 1 3 11 2 97 575
1631+bno5 1 849 8 273 97 3 575 2
4350+bno6 8 539 1 137 15 852 11 2
4350+bno6 3 539 1 137 15 852 11 2
1631+bno7 1 856 8 273 97 3 575 2
1627+bno7 1 856 8 273 97 3 575 11
1631+bno6 1 856 8 273 97 3 575 2
3783+bno0 856 273 1 3 11 2 97 575
1631+bno5 1 856 8 273 97 3 575 2
4350+bno6 1 282 8 97 3 919 11 2
4350+bno7 1 282 8 97 3 919 11 2
4350+bno5 1 282 8 97 3 919 11 2
4350+bno5 1 282 7 97 3 919 11 2
4350+bno4 1 282 8 97 3 919 11 2
4350+bno4 1 282 7 97 3 919 11 2
3783+bno0 919 410 8 1 11 2 117 282
3783+bno0 919 410 3 1 11 2 117 282
1631+bno7 1 410 8 919 97 3 282 2
1627+bno7 1 410 8 919 97 3 282 11
1631+bno6 1 410 8 919 97 3 282 2
3783+bno2 410 919 1 3 11 2 97 282
1631+bno5 1 410 8 919 97 3 282 2
4350+bno6 8 927 1 99 4 444 11 2
4350+bno6 3 927 1 99 4 444 11 2
4350+bno6 8 927 1 159 4 444 11 2
4350+bno6 3 927 1 159 4 444 11 2
4350+bno6 8 927 1 140 4 476 11 2
4350+bno6 3 927 1 140 4 476 11 2
4350+bno5 8 927 1 140 4 476 11 2
4350+bno6 8 989 1 23 4 129 11 2
4350+bno6 3 989 1 23 4 129 11 2
4350+bno5 8 989 1 23 4 129 11 2
4350+bno6 1 991 8 40 3 129 11 2
4350+bno7 1 991 8 40 3 129 11 2
4350+bno5 1 991 8 40 3 129 11 2
4350+bno4 1 991 8 40 3 129 11 2
4350+bno4 1 991 8 40 7 129 11 2
4350+bno5 1 991 8 40 7 129 11 2
4350+bno6 8 991 1 23 4 129 11 2
4350+bno6 3 991 1 23 4 129 11 2
4350+bno5 8 991 1 23 4 129 11 2
4350+bno6 1 998 8 40 3 129 11 2
4350+bno7 1 998 8 40 3 129 11 2
4350+bno5 1 998 8 40 3 129 11 2
4350+bno4 1 998 8 40 3 129 11 2
4350+bno4 1 998 8 40 7 129 11 2
4350+bno5 1 998 8 40 7 129 11 2
4350+bno6 8 998 1 23 4 129 11 2
4350+bno6 3 998 1 23 4 129 11 2
4350+bno5 8 998 1 23 4 129 11 2
1646+bno7 1 473 8 129 40 3 998 2
1627+bno7 1 473 8 129 40 3 998 11
1646+bno6 1 473 8 129 40 3 998 2
4319+bno1 473 1 129 3 40 11 998 2
1646+bno5 1 473 8 129 40 3 998 2
2420+bno0 1000 16 1 8 3 11 2 509
2420+bno0 1000 16 1 7 3 11 2 509
1627+bno7 8 1008 1 324 84 4 616 2
1627+bno7 3 1008 1 324 84 4 616 2
1627+bno7 8 1008 1 324 84 4 616 11
1627+bno7 3 1008 1 324 84 4 616 11
1627+bno6 8 1008 1 324 84 4 616 2
1276+bno5 1 1008 84 8 3 324 616 42
1627+bno7 8 1008 1 324 84 42 616 2
2300+bno0 1008 324 1 8 3 2 72 616
2348+bno0 1008 324 1 8 3 11 72 616
3783+bno0 1008 324 8 1 2 11 72 616
1627+bno7 1 1008 8 612 536 7 616 2
1627+bno7 1 1008 3 612 536 7 616 2
1627+bno7 8 1008 1 612 536 4 616 2
1627+bno7 3 1008 1 612 536 4 616 2
1627+bno7 8 1008 1 612 536 4 616 11
1627+bno7 3 1008 1 612 536 4 616 11
1627+bno6 8 1008 1 612 536 4 616 2
1627+bno0 1008 8 612 4 84 324 2 616
1627+bno0 1008 8 612 42 84 324 3 616
1309+bno0 1008 1 8 612 324 3 72 616
1627+bno0 1008 8 612 1 72 324 2 616
1627+bno7 1 1012 3 252 129 40 343 2
1627+bno6 1 1012 3 252 129 40 343 2
1627+bno7 8 1012 4 252 129 23 343 2
3781+bno6 1 1016 7 5 3 8 335 2
3781+bno6 1 1016 7 5 3 8 335 11
3781+bno5 1 1016 7 5 3 8 335 2
4350+bno6 1 1079 8 40 3 129 11 2
4350+bno7 1 1079 8 40 3 129 11 2
4350+bno5 1 1079 8 40 3 129 11 2
4350+bno4 1 1079 8 40 3 129 11 2
4350+bno4 1 1079 8 40 7 129 11 2
4350+bno5 1 1079 8 40 7 129 11 2
4350+bno6 8 1079 1 23 4 129 11 2
4350+bno6 3 1079 1 23 4 129 11 2
4350+bno5 8 1079 1 23 4 129 11 2
4350+bno6 1 1092 8 40 3 129 11 2
4350+bno7 1 1092 8 40 3 129 11 2
4350+bno5 1 1092 8 40 3 129 11 2
4350+bno4 1 1092 8 40 3 129 11 2
4350+bno4 1 1092 8 40 7 129 11 2
4350+bno5 1 1092 8 40 7 129 11 2
4350+bno6 8 1092 1 23 4 129 11 2
4350+bno6 3 1092 1 23 4 129 11 2
4350+bno5 8 1092 1 23 4 129 11 2
4350+bno6 1 1097 8 40 3 129 11 2
4350+bno7 1 1097 8 40 3 129 11 2
4350+bno5 1 1097 8 40 3 129 11 2
4350+bno4 1 1097 8 40 3 129 11 2
4350+bno4 1 1097 8 40 7 129 11 2
4350+bno5 1 1097 8 40 7 129 11 2
4350+bno6 8 1097 1 23 4 129 11 2
4350+bno6 3 1097 1 23 4 129 11 2
4350+bno5 8 1097 1 23 4 129 11 2
1631+bno0 1110 3 448 780 571 1103 8 239
1631+bno0 1110 2 448 780 571 1103 8 239
1322+bno0 1110 448 780 1 30 571 1103 239
1825+bno0 1110 448 30 571 780 8 1103 239
1627+bno7 1 1110 3 571 780 8 239 2
1627+bno7 1 1110 3 571 780 8 239 11
3783+bno0 1114 55 1 8 2 11 26 385
3783+bno0 1114 55 1 3 2 11 26 385
4350+bno6 1 1123 8 16 177 298 11 2
4350+bno6 1 1123 3 16 177 298 11 2
4350+bno6 1 1196 8 12 3 397 2 11
4350+bno7 1 1196 8 12 3 397 2 11
4350+bno5 1 1196 8 12 3 397 2 11
4350+bno5 1 1196 7 12 3 397 2 11
4350+bno4 1 1196 8 12 3 397 2 11
4350+bno4 1 1196 7 12 3 397 2 11
4350+bno6 1 1211 8 40 3 129 11 2
4350+bno7 1 1211 8 40 3 129 11 2
4350+bno5 1 1211 8 40 3 129 11 2
4350+bno4 1 1211 8 40 3 129 11 2
4350+bno4 1 1211 8 40 7 129 11 2
4350+bno5 1 1211 8 40 7 129 11 2
4350+bno6 8 1211 1 23 4 129 11 2
4350+bno6 3 1211 1 23 4 129 11 2
4350+bno5 8 1211 1 23 4 129 11 2
4350+bno6 1 1213 8 40 3 129 11 2
4350+bno7 1 1213 8 40 3 129 11 2
4350+bno5 1 1213 8 40 3 129 11 2
4350+bno4 1 1213 8 40 3 129 11 2
4350+bno4 1 1213 8 40 7 129 11 2
4350+bno5 1 1213 8 40 7 129 11 2
4350+bno6 8 1213 1 23 4 129 11 2
4350+bno6 3 1213 1 23 4 129 11 2
4350+bno5 8 1213 1 23 4 129 11 2
4350+bno6 1 1215 8 40 3 129 11 2
4350+bno7 1 1215 8 40 3 129 11 2
4350+bno5 1 1215 8 40 3 129 11 2
4350+bno4 1 1215 8 40 3 129 11 2
4350+bno4 1 1215 8 40 7 129 11 2
4350+bno5 1 1215 8 40 7 129 11 2
4350+bno6 8 1215 1 23 4 129 11 2
4350+bno6 3 1215 1 23 4 129 11 2
4350+bno5 8 1215 1 23 4 129 11 2
4350+bno6 1 1216 8 40 3 129 11 2
4350+bno7 1 1216 8 40 3 129 11 2
4350+bno5 1 1216 8 40 3 129 11 2
4350+bno4 1 1216 8 40 3 129 11 2
4350+bno4 1 1216 8 40 7 129 11 2
4350+bno5 1 1216 8 40 7 129 11 2
4350+bno6 8 1216 1 23 4 129 11 2
4350+bno6 3 1216 1 23 4 129 11 2
4350+bno5 8 1216 1 23 4 129 11 2
4350+bno6 1 1217 8 40 3 129 11 2
4350+bno7 1 1217 8 40 3 129 11 2
4350+bno5 1 1217 8 40 3 129 11 2
4350+bno4 1 1217 8 40 3 129 11 2
4350+bno4 1 1217 8 40 7 129 11 2
4350+bno5 1 1217 8 40 7 129 11 2
4350+bno6 8 1217 1 23 4 129 11 2
4350+bno6 3 1217 1 23 4 129 11 2
4350+bno5 8 1217 1 23 4 129 11 2
4350+bno6 1 1223 8 40 3 129 11 2
4350+bno7 1 1223 8 40 3 129 11 2
4350+bno5 1 1223 8 40 3 129 11 2
4350+bno4 1 1223 8 40 3 129 11 2
4350+bno4 1 1223 8 40 7 129 11 2
4350+bno5 1 1223 8 40 7 129 11 2
4350+bno6 8 1223 1 23 4 129 11 2
4350+bno6 3 1223 1 23 4 129 11 2
4350+bno5 8 1223 1 23 4 129 11 2
4350+bno6 1 1228 8 40 3 129 11 2
4350+bno7 1 1228 8 40 3 129 11 2
4350+bno5 1 1228 8 40 3 129 11 2
4350+bno4 1 1228 8 40 3 129 11 2
4350+bno4 1 1228 8 40 7 129 11 2
4350+bno5 1 1228 8 40 7 129 11 2
4350+bno6 8 1228 1 23 4 129 11 2
4350+bno6 3 1228 1 23 4 129 11 2
4350+bno5 8 1228 1 23 4 129 11 2
1631+bno7 1 1229 8 129 40 3 252 2
1627+bno7 1 1229 8 129 40 3 252 11
1631+bno6 1 1229 8 129 40 3 252 2
3783+bno0 1229 129 1 3 11 2 40 252
1631+bno5 1 1229 8 129 40 3 252 2
1631+bno7 8 1229 1 129 23 4 252 2
1631+bno7 3 1229 1 129 23 4 252 2
1627+bno7 8 1229 1 129 23 4 252 11
1627+bno7 3 1229 1 129 23 4 252 11
1631+bno6 8 1229 1 129 23 4 252 2
4350+bno6 1 1231 8 40 3 129 11 2
4350+bno7 1 1231 8 40 3 129 11 2
4350+bno5 1 1231 8 40 3 129 11 2
4350+bno4 1 1231 8 40 3 129 11 2
4350+bno4 1 1231 8 40 7 129 11 2
4350+bno5 1 1231 8 40 7 129 11 2
4350+bno6 8 1231 1 23 4 129 11 2
4350+bno6 3 1231 1 23 4 129 11 2
4350+bno5 8 1231 1 23 4 129 11 2
4350+bno6 8 1238 1 91 4 441 11 2
4350+bno6 3 1238 1 91 4 441 11 2
4350+bno5 8 1238 1 91 4 441 11 2
8180+bno3 1 1240 7 8 327 10 2 11
8180+bno3 1 1240 7 3 327 10 2 11
1631+bno7 1 1245 8 129 40 3 169 2
1627+bno7 1 1245 8 129 40 3 169 11
3783+bno0 1245 129 1 3 11 2 40 169
1631+bno7 8 1245 1 129 23 4 169 2
1631+bno7 3 1245 1 129 23 4 169 2
1627+bno7 8 1245 1 129 23 4 169 11
1627+bno7 3 1245 1 129 23 4 169 11
1631+bno6 8 1245 1 129 23 4 169 2
2348+bno0 1246 84 1 8 3 2 42 450
2348+bno0 1246 84 1 8 3 11 42 450
4350+bno6 1 1252 8 16 177 226 11 2
4350+bno6 1 1252 3 16 177 226 11 2
8148+bno3 1 1260 8 7 541 146 11 2
8148+bno3 1 1260 3 7 541 146 11 2
8148+bno4 1 1260 3 7 541 146 11 2
1276+bno3 129 1 33 1260 541 8 2 167
1276+bno3 129 1 33 1260 541 3 2 167
1627+bno7 1 1260 3 167 129 40 541 2
1627+bno6 1 1260 3 167 129 40 541 2
1276+bno7 8 1265 571 1 260 239 448 780
1276+bno6 8 1265 571 1 260 239 448 780
1276+bno5 260 1265 571 3 8 239 448 780
4082+bno0 1265 239 30 780 8 571 1103 448
1774+bno7 1 915 1265 571 1103 448 239 2
1774+bno7 8 915 1265 571 1103 448 239 2
1322+bno5 915 571 1265 1 30 448 1103 239
1322+bno5 915 571 1265 8 30 448 1103 239
1276+bno3 571 2 728 1265 448 6 8 239
1276+bno3 571 2 728 1265 448 6 3 239
1276+bno3 571 8 728 1265 448 17 2 239
1627+bno7 8 1265 1 239 728 17 448 2
1627+bno7 3 1265 1 239 728 17 448 2
1627+bno7 8 1265 1 239 728 17 448 11
1627+bno7 3 1265 1 239 728 17 448 11
1627+bno6 8 1265 1 239 728 17 448 2
3783+bno0 1266 410 8 1 11 2 117 282
3783+bno0 1266 410 3 1 11 2 117 282
1631+bno7 1 1266 8 273 97 3 282 2
1627+bno7 1 1266 8 273 97 3 282 11
1631+bno6 1 1266 8 273 97 3 282 2
3783+bno0 1266 273 1 3 11 2 97 282
1631+bno5 1 1266 8 273 97 3 282 2
1631+bno7 8 1266 1 273 236 4 282 2
1631+bno7 3 1266 1 273 236 4 282 2
1627+bno7 8 1266 1 273 236 4 282 11
1627+bno7 3 1266 1 273 236 4 282 11
1631+bno6 8 1266 1 273 236 4 282 2
1635+bno7 8 1266 1 475 48 15 282 2
1635+bno7 3 1266 1 475 48 15 282 2
1627+bno7 8 1266 1 475 48 15 282 11
1627+bno7 3 1266 1 475 48 15 282 11
1635+bno6 8 1266 1 475 48 15 282 2
1276+bno0 1281 1 780 448 239 8 2 571
1276+bno0 1281 2 780 448 239 260 1 571
2214+bno0 1281 780 30 448 239 1103 8 571
1774+bno7 1 915 1281 448 1103 571 239 2
1774+bno7 8 915 1281 448 1103 571 239 2
1322+bno5 915 448 1281 1 30 571 1103 239
1322+bno5 915 448 1281 8 30 571 1103 239
1276+bno3 448 2 728 1281 571 6 8 239
1276+bno3 448 2 728 1281 571 6 3 239
1276+bno3 448 8 728 1281 571 17 2 239
4067+bno0 1281 3 1 780 260 8 2 571
3783+bno0 1281 780 3 1 2 11 260 571
6708+bno3 1 1334 7 3 8 225 10 2
6708+bno3 1 1334 7 3 8 225 10 11
6708+bno4 1 1334 7 3 8 225 10 2
6708+bno4 1 1334 7 3 8 225 10 11
6708+bno5 1 1334 7 3 8 225 10 2
6708+bno5 1 1334 7 3 8 225 10 11
6708+bno6 1 1334 7 3 8 225 10 2
3781+bno6 1 1366 7 5 8 3 460 2
3781+bno6 1 1366 7 5 8 3 460 11
3781+bno5 1 1366 7 5 8 3 460 2
4350+bno6 1 1403 8 40 3 129 11 2
4350+bno7 1 1403 8 40 3 129 11 2
4350+bno5 1 1403 8 40 3 129 11 2
4350+bno4 1 1403 8 40 3 129 11 2
4350+bno4 1 1403 8 40 7 129 11 2
4350+bno5 1 1403 8 40 7 129 11 2
4350+bno6 8 1403 1 23 4 129 11 2
4350+bno6 3 1403 1 23 4 129 11 2
4350+bno5 8 1403 1 23 4 129 11 2
4350+bno6 1 1406 8 40 3 129 11 2
4350+bno7 1 1406 8 40 3 129 11 2
4350+bno5 1 1406 8 40 3 129 11 2
4350+bno4 1 1406 8 40 3 129 11 2
4350+bno4 1 1406 8 40 7 129 11 2
4350+bno5 1 1406 8 40 7 129 11 2
4350+bno6 8 1406 1 23 4 129 11 2
4350+bno6 3 1406 1 23 4 129 11 2
4350+bno5 8 1406 1 23 4 129 11 2
4350+bno6 1 1408 8 40 3 129 11 2
4350+bno7 1 1408 8 40 3 129 11 2
4350+bno5 1 1408 8 40 3 129 11 2
4350+bno4 1 1408 8 40 3 129 11 2
4350+bno4 1 1408 8 40 7 129 11 2
4350+bno5 1 1408 8 40 7 129 11 2
4350+bno6 8 1408 1 23 4 129 11 2
4350+bno6 3 1408 1 23 4 129 11 2
4350+bno5 8 1408 1 23 4 129 11 2
4350+bno6 1 1410 8 40 3 129 11 2
4350+bno7 1 1410 8 40 3 129 11 2
4350+bno5 1 1410 8 40 3 129 11 2
4350+bno4 1 1410 8 40 3 129 11 2
4350+bno4 1 1410 8 40 7 129 11 2
4350+bno5 1 1410 8 40 7 129 11 2
4350+bno6 8 1410 1 23 4 129 11 2
4350+bno6 3 1410 1 23 4 129 11 2
4350+bno5 8 1410 1 23 4 129 11 2
4350+bno6 1 1411 8 40 3 129 11 2
4350+bno7 1 1411 8 40 3 129 11 2
4350+bno5 1 1411 8 40 3 129 11 2
4350+bno4 1 1411 8 40 3 129 11 2
4350+bno4 1 1411 8 40 7 129 11 2
4350+bno5 1 1411 8 40 7 129 11 2
4350+bno6 8 1411 1 23 4 129 11 2
4350+bno6 3 1411 1 23 4 129 11 2
4350+bno5 8 1411 1 23 4 129 11 2
4350+bno6 1 1412 8 40 3 129 11 2
4350+bno7 1 1412 8 40 3 129 11 2
4350+bno5 1 1412 8 40 3 129 11 2
4350+bno4 1 1412 8 40 3 129 11 2
4350+bno4 1 1412 8 40 7 129 11 2
4350+bno5 1 1412 8 40 7 129 11 2
4350+bno6 8 1412 1 23 4 129 11 2
4350+bno6 3 1412 1 23 4 129 11 2
4350+bno5 8 1412 1 23 4 129 11 2
4350+bno6 1 1414 8 40 3 129 11 2
4350+bno7 1 1414 8 40 3 129 11 2
4350+bno5 1 1414 8 40 3 129 11 2
4350+bno4 1 1414 8 40 3 129 11 2
4350+bno4 1 1414 8 40 7 129 11 2
4350+bno5 1 1414 8 40 7 129 11 2
4350+bno6 8 1414 1 23 4 129 11 2
4350+bno6 3 1414 1 23 4 129 11 2
4350+bno5 8 1414 1 23 4 129 11 2
4350+bno6 1 1418 8 40 3 129 11 2
4350+bno7 1 1418 8 40 3 129 11 2
4350+bno5 1 1418 8 40 3 129 11 2
4350+bno4 1 1418 8 40 3 129 11 2
4350+bno4 1 1418 8 40 7 129 11 2
4350+bno5 1 1418 8 40 7 129 11 2
4350+bno6 8 1418 1 23 4 129 11 2
4350+bno6 3 1418 1 23 4 129 11 2
4350+bno5 8 1418 1 23 4 129 11 2
4350+bno6 1 1426 8 16 177 311 11 2
4350+bno6 1 1426 3 16 177 311 11 2
1631+bno7 1 1435 8 273 97 3 575 2
1627+bno7 1 1435 8 273 97 3 575 11
1631+bno6 1 1435 8 273 97 3 575 2
3783+bno0 1435 273 1 3 11 2 97 575
1631+bno5 1 1435 8 273 97 3 575 2
1631+bno7 8 1435 1 273 236 4 575 2
1631+bno7 3 1435 1 273 236 4 575 2
1627+bno7 8 1435 1 273 236 4 575 11
1627+bno7 3 1435 1 273 236 4 575 11
1631+bno6 8 1435 1 273 236 4 575 2
1276+bno5 1 1435 324 8 3 616 575 72
1718+bno7 1 84 1435 612 616 575 324 4
1718+bno7 2 84 1435 612 616 575 324 4
1718+bno7 1 84 1435 612 616 575 324 42
1718+bno7 3 84 1435 612 616 575 324 42
1718+bno7 2 72 1435 612 616 575 324 1
1718+bno7 8 72 1435 612 616 575 324 3
4350+bno6 1 1444 8 16 177 311 11 2
4350+bno6 1 1444 3 16 177 311 11 2
3836+bno0 1447 33 1 7 2 11 8 183
3836+bno0 1447 33 1 7 2 11 3 183
1631+bno0 1464 3 448 780 571 1103 8 239
1631+bno0 1464 2 448 780 571 1103 8 239
1322+bno0 1464 448 780 1 30 571 1103 239
1825+bno0 1464 448 30 571 780 8 1103 239
1627+bno7 1 1464 3 571 780 8 239 2
1627+bno7 1 1464 3 571 780 8 239 11
1627+bno6 1 1464 3 571 780 8 239 2
1276+bno0 1474 1 780 448 239 8 2 571
1276+bno0 1474 2 780 448 239 260 1 571
2214+bno0 1474 780 30 448 239 1103 8 571
1774+bno7 1 915 1474 448 1103 571 239 2
1774+bno7 8 915 1474 448 1103 571 239 2
1322+bno5 915 448 1474 1 30 571 1103 239
1322+bno5 915 448 1474 8 30 571 1103 239
1276+bno3 448 2 728 1474 571 6 8 239
1276+bno3 448 2 728 1474 571 6 3 239
1276+bno3 448 8 728 1474 571 17 2 239
4067+bno0 1474 3 1 780 260 8 2 571
3783+bno0 1474 780 3 1 2 11 260 571
3836+bno0 1543 33 1 7 11 2 8 553
3836+bno0 1543 33 1 7 11 2 3 553
7142+bno0 1587 1 26 8 3 2 11 199
7142+bno0 1587 1 26 7 3 2 11 199
4350+bno6 1 1608 8 40 3 129 11 2
4350+bno7 1 1608 8 40 3 129 11 2
4350+bno5 1 1608 8 40 3 129 11 2
4350+bno4 1 1608 8 40 3 129 11 2
4350+bno4 1 1608 8 40 7 129 11 2
4350+bno5 1 1608 8 40 7 129 11 2
4350+bno6 8 1608 1 23 4 129 11 2
4350+bno6 3 1608 1 23 4 129 11 2
4350+bno5 8 1608 1 23 4 129 11 2
4350+bno6 1 1609 8 40 3 129 11 2
4350+bno7 1 1609 8 40 3 129 11 2
4350+bno5 1 1609 8 40 3 129 11 2
4350+bno4 1 1609 8 40 3 129 11 2
4350+bno4 1 1609 8 40 7 129 11 2
4350+bno5 1 1609 8 40 7 129 11 2
4350+bno6 8 1609 1 23 4 129 11 2
4350+bno6 3 1609 1 23 4 129 11 2
4350+bno5 8 1609 1 23 4 129 11 2
4350+bno6 1 1612 8 97 3 273 11 2
4350+bno7 1 1612 8 97 3 273 11 2
4350+bno5 1 1612 8 97 3 273 11 2
4350+bno5 1 1612 7 97 3 273 11 2
4350+bno4 1 1612 8 97 3 273 11 2
4350+bno4 1 1612 7 97 3 273 11 2
4350+bno6 8 1612 1 236 4 273 11 2
4350+bno6 3 1612 1 236 4 273 11 2
4350+bno5 8 1612 1 236 4 273 11 2
4476+bno5 1 1624 7 5 8 238 11 2
4476+bno5 1 1624 7 5 3 238 11 2
2348+bno0 1626 84 1 8 3 2 42 339
2348+bno0 1626 84 1 8 3 11 42 339
6418+bno0 1626 8 76 1 42 3 2 339
6418+bno0 1626 8 76 1 42 3 11 339
4350+bno6 1 1637 8 16 177 442 11 2
4350+bno6 1 1637 3 16 177 442 11 2
1631+bno0 1645 3 448 780 571 1103 8 239
1631+bno0 1645 2 448 780 571 1103 8 239
1322+bno0 1645 448 780 1 30 571 1103 239
1825+bno0 1645 448 30 571 780 8 1103 239
1627+bno7 1 1645 3 571 780 8 239 2
1627+bno7 1 1645 3 571 780 8 239 11
1627+bno6 1 1645 3 571 780 8 239 2
4350+bno6 1 1654 8 16 177 226 11 2
4350+bno6 1 1654 3 16 177 226 11 2
1631+bno7 1 1668 8 129 40 3 169 2
1627+bno7 1 1668 8 129 40 3 169 11
3783+bno0 1668 129 1 3 11 2 40 169
1631+bno7 8 1668 1 129 23 4 169 2
1631+bno7 3 1668 1 129 23 4 169 2
1627+bno7 8 1668 1 129 23 4 169 11
1627+bno7 3 1668 1 129 23 4 169 11
1631+bno6 8 1668 1 129 23 4 169 2
1631+bno7 1 1676 8 129 40 3 252 2
1627+bno7 1 1676 8 129 40 3 252 11
1631+bno6 1 1676 8 129 40 3 252 2
3783+bno0 1676 129 1 3 11 2 40 252
1631+bno5 1 1676 8 129 40 3 252 2
1631+bno7 8 1676 1 129 23 4 252 2
1631+bno7 3 1676 1 129 23 4 252 2
1627+bno7 8 1676 1 129 23 4 252 11
1627+bno7 3 1676 1 129 23 4 252 11
1631+bno6 8 1676 1 129 23 4 252 2
2348+bno0 1680 328 1 8 3 2 90 342
2348+bno0 1680 328 1 8 3 11 90 342
1631+bno7 1 1682 8 129 40 3 169 2
1627+bno7 1 1682 8 129 40 3 169 11
3783+bno0 1682 129 1 3 11 2 40 169
1631+bno7 8 1682 1 129 23 4 169 2
1631+bno7 3 1682 1 129 23 4 169 2
1627+bno7 8 1682 1 129 23 4 169 11
1627+bno7 3 1682 1 129 23 4 169 11
1631+bno6 8 1682 1 129 23 4 169 2
8180+bno3 1 1747 8 3 634 58 2 11
8180+bno3 1 1747 8 7 634 58 2 11
8180+bno4 1 1747 8 3 634 58 2 11
8180+bno5 1 1747 8 3 634 58 2 11
8180+bno6 1 1747 8 3 634 58 2 11
8180+bno7 1 1747 8 3 634 58 2 11
4350+bno6 1 1798 8 12 3 530 2 11
4350+bno7 1 1798 8 12 3 530 2 11
4350+bno5 1 1798 8 12 3 530 2 11
4350+bno5 1 1798 7 12 3 530 2 11
4350+bno4 1 1798 8 12 3 530 2 11
3781+bno6 1 1825 7 5 8 3 435 2
3781+bno6 1 1825 7 5 8 3 435 11
3781+bno6 1 1848 7 5 3 8 597 2
3781+bno6 1 1848 7 5 3 8 597 11
3781+bno5 1 1848 7 5 3 8 597 2
4350+bno6 1 1850 8 16 177 134 11 2
4350+bno6 1 1850 3 16 177 134 11 2
4350+bno6 1 1927 8 16 177 419 11 2
4350+bno6 1 1927 3 16 177 419 11 2
2348+bno0 1934 84 1 8 3 2 42 324
2348+bno0 1934 84 1 8 3 11 42 324
8148+bno3 1 1934 8 3 324 72 2 11
8148+bno3 1 1934 7 3 324 72 2 11
8148+bno4 1 1934 7 3 324 72 2 11
2348+bno0 1940 84 1 8 3 2 42 324
2348+bno0 1940 84 1 8 3 11 42 324
8148+bno3 1 1940 8 3 324 72 2 11
8148+bno3 1 1940 7 3 324 72 2 11
8148+bno4 1 1940 8 3 324 72 2 11
8148+bno5 1 1940 8 3 324 72 2 11
8148+bno6 1 1940 8 3 324 72 2 11
8148+bno7 1 1940 8 3 324 72 2 11
2348+bno0 1953 84 1 8 3 2 42 324
2348+bno0 1953 84 1 8 3 11 42 324
8148+bno3 1 1953 8 3 324 72 2 11
8148+bno3 1 1953 7 3 324 72 2 11
8148+bno4 1 1953 8 3 324 72 2 11
8148+bno5 1 1953 8 3 324 72 2 11
8148+bno6 1 1953 8 3 324 72 2 11
8148+bno7 1 1953 8 3 324 72 2 11
1631+bno0 1958 3 448 780 571 1103 8 239
1631+bno0 1958 2 448 780 571 1103 8 239
1322+bno0 1958 448 780 1 30 571 1103 239
1825+bno0 1958 448 30 571 780 8 1103 239
1627+bno7 1 1958 3 571 780 8 239 2
1627+bno7 1 1958 3 571 780 8 239 11
4350+bno6 1 1971 3 5342 8 447 11 2
4350+bno4 1 1971 3 5342 7 447 11 2
8148+bno3 1 1971 8 3 447 72 2 11
8148+bno3 1 1971 7 3 447 72 2 11
8148+bno4 1 1971 8 3 447 72 2 11
8148+bno4 1 1971 7 3 447 72 2 11
8148+bno5 1 1971 8 3 447 72 2 11
8148+bno6 1 1971 8 3 447 72 2 11
8148+bno7 1 1971 8 3 447 72 2 11
1276+bno3 129 1 33 1971 447 8 2 167
1276+bno3 129 1 33 1971 447 3 2 167
1627+bno7 1 1971 3 167 129 40 447 2
1627+bno6 1 1971 3 167 129 40 447 2
1631+bno0 1972 3 448 780 571 1103 8 239
1631+bno0 1972 2 448 780 571 1103 8 239
1322+bno0 1972 448 780 1 30 571 1103 239
1825+bno0 1972 448 30 571 780 8 1103 239
1627+bno7 1 1972 3 571 780 8 239 2
1627+bno7 1 1972 3 571 780 8 239 11
3836+bno0 1980 48 8 1 11 2 15 475
3836+bno0 1980 48 3 1 11 2 15 475
3836+bno0 1982 33 1 7 2 11 8 183
3836+bno0 1982 33 1 7 2 11 3 183
1627+bno7 1 1991 3 252 129 40 343 2
1627+bno6 1 1991 3 252 129 40 343 2
1627+bno7 8 1991 4 252 129 23 343 2
3783+bno0 2008 55 1 8 2 11 26 385
3783+bno0 2008 55 1 3 2 11 26 385
3725+bno0 2010 50 1 8 11 2 33 263
3725+bno0 2010 50 1 3 11 2 33 263
1631+bno7 1 2013 8 129 40 3 322 2
1627+bno7 1 2013 8 129 40 3 322 11
1631+bno6 1 2013 8 129 40 3 322 2
3783+bno0 2013 129 1 3 11 2 40 322
1631+bno5 1 2013 8 129 40 3 322 2
1631+bno7 8 2013 1 129 23 4 322 2
1631+bno7 3 2013 1 129 23 4 322 2
1627+bno7 8 2013 1 129 23 4 322 11
1627+bno7 3 2013 1 129 23 4 322 11
2348+bno0 2023 84 1 8 3 2 42 324
2348+bno0 2023 84 1 8 3 11 42 324
8148+bno3 1 2023 8 3 324 72 2 11
8148+bno3 1 2023 7 3 324 72 2 11
8148+bno4 1 2023 7 3 324 72 2 11
3783+bno0 2025 55 1 8 2 11 26 283
3783+bno0 2025 55 1 3 2 11 26 283
4350+bno6 8 2025 1 119 4 283 11 2
4350+bno6 3 2025 1 119 4 283 11 2
8148+bno3 1 2026 8 7 541 146 11 2
8148+bno3 1 2026 3 7 541 146 11 2
8148+bno4 1 2026 3 7 541 146 11 2
1276+bno3 129 1 33 2026 541 8 2 167
1276+bno3 129 1 33 2026 541 3 2 167
1627+bno7 1 2026 3 167 129 40 541 2
1627+bno6 1 2026 3 167 129 40 541 2
1627+bno7 1 2030 8 28 50 24 514 2
1627+bno7 1 2030 3 28 50 24 514 2
1631+bno7 1 2030 8 226 16 177 514 2
1631+bno7 1 2030 3 226 16 177 514 2
2348+bno0 2035 84 1 8 3 2 42 324
2348+bno0 2035 84 1 8 3 11 42 324
8148+bno3 1 2035 8 3 324 72 2 11
8148+bno3 1 2035 7 3 324 72 2 11
4350+bno6 1 2036 8 16 177 406 11 2
4350+bno6 1 2036 3 16 177 406 11 2
1631+bno7 1 2039 8 273 97 3 575 2
1627+bno7 1 2039 8 273 97 3 575 11
1631+bno6 1 2039 8 273 97 3 575 2
3783+bno0 2039 273 1 3 11 2 97 575
1631+bno5 1 2039 8 273 97 3 575 2
1631+bno7 8 2039 1 273 236 4 575 2
1631+bno7 3 2039 1 273 236 4 575 2
1627+bno7 8 2039 1 273 236 4 575 11
1627+bno7 3 2039 1 273 236 4 575 11
1631+bno6 8 2039 1 273 236 4 575 2
1276+bno5 1 2039 324 8 3 616 575 72
1718+bno7 1 84 2039 612 616 575 324 4
1718+bno7 2 84 2039 612 616 575 324 4
1718+bno7 1 84 2039 612 616 575 324 42
1718+bno7 3 84 2039 612 616 575 324 42
1718+bno7 2 72 2039 612 616 575 324 1
1718+bno7 8 72 2039 612 616 575 324 3
1631+bno7 1 2040 8 273 97 3 575 2
1627+bno7 1 2040 8 273 97 3 575 11
1631+bno6 1 2040 8 273 97 3 575 2
3783+bno0 2040 273 1 3 11 2 97 575
1631+bno5 1 2040 8 273 97 3 575 2
1631+bno7 8 2040 1 273 236 4 575 2
1631+bno7 3 2040 1 273 236 4 575 2
1627+bno7 8 2040 1 273 236 4 575 11
1627+bno7 3 2040 1 273 236 4 575 11
1631+bno6 8 2040 1 273 236 4 575 2
1276+bno5 1 2040 324 8 3 616 575 72
1718+bno7 1 84 2040 612 616 575 324 4
1718+bno7 2 84 2040 612 616 575 324 4
1718+bno7 1 84 2040 612 616 575 324 42
1718+bno7 3 84 2040 612 616 575 324 42
1718+bno7 2 72 2040 612 616 575 324 1
1718+bno7 8 72 2040 612 616 575 324 3
2348+bno0 2044 328 1 8 3 2 90 342
2348+bno0 2044 328 1 8 3 11 90 342
4350+bno6 8 2048 1 99 4 444 11 2
4350+bno6 3 2048 1 99 4 444 11 2
4350+bno6 8 2048 1 159 4 444 11 2
4350+bno6 3 2048 1 159 4 444 11 2
3783+bno0 2052 55 1 8 2 11 26 283
3783+bno0 2052 55 1 3 2 11 26 283
4350+bno6 8 2052 1 119 4 283 11 2
4350+bno6 3 2052 1 119 4 283 11 2
1631+bno0 2076 3 448 780 571 1103 8 239
1631+bno0 2076 2 448 780 571 1103 8 239
1322+bno0 2076 448 780 1 30 571 1103 239
1825+bno0 2076 448 30 571 780 8 1103 239
1627+bno7 1 2076 3 571 780 8 239 2
1627+bno7 1 2076 3 571 780 8 239 11
1627+bno6 1 2076 3 571 780 8 239 2
4350+bno6 8 2082 1 140 4 476 11 2
4350+bno6 3 2082 1 140 4 476 11 2
4350+bno5 8 2082 1 140 4 476 11 2
8180+bno3 1 2121 7 8 69 10 2 11
8180+bno3 1 2121 7 3 69 10 2 11
8180+bno4 1 2121 7 8 69 10 2 11
7142+bno0 2154 1 26 8 3 2 11 589
7142+bno0 2154 1 26 7 3 2 11 589
8180+bno3 1 2183 7 8 69 10 2 11
8180+bno3 1 2183 7 3 69 10 2 11
8180+bno4 1 2183 7 8 69 10 2 11
4350+bno6 1 2202 8 16 177 311 11 2
4350+bno6 1 2202 3 16 177 311 11 2
8180+bno3 1 2207 8 3 634 58 2 11
8180+bno3 1 2207 8 7 634 58 2 11
8180+bno4 1 2207 8 3 634 58 2 11
8180+bno5 1 2207 8 3 634 58 2 11
8180+bno6 1 2207 8 3 634 58 2 11
8180+bno7 1 2207 8 3 634 58 2 11
4350+bno6 1 2294 8 16 177 149 11 2
4350+bno6 1 2294 3 16 177 149 11 2
2420+bno0 2345 16 1 8 3 11 2 509
2420+bno0 2345 16 1 7 3 11 2 509
3781+bno6 1 2357 7 5 8 3 81 2
3781+bno6 1 2357 7 5 8 3 81 11
3781+bno5 1 2357 7 5 8 3 81 2
3781+bno6 1 2370 7 5 8 3 433 2
3781+bno6 1 2370 7 5 8 3 433 11
4350+bno6 1 2451 8 16 177 149 11 2
4350+bno6 1 2451 3 16 177 149 11 2
4350+bno6 1 2461 8 16 177 341 11 2
4350+bno6 1 2461 3 16 177 341 11 2
2348+bno0 2484 84 1 8 3 2 42 339
2348+bno0 2484 84 1 8 3 11 42 339
6418+bno0 2484 8 76 1 42 3 2 339
6418+bno0 2484 8 76 1 42 3 11 339
4350+bno6 1 2500 8 16 177 442 11 2
4350+bno6 1 2500 3 16 177 442 11 2
4350+bno6 8 2501 1 91 4 441 11 2
4350+bno6 3 2501 1 91 4 441 11 2
4350+bno5 8 2501 1 91 4 441 11 2
6708+bno3 1 2503 7 3 8 225 10 2
6708+bno3 1 2503 7 3 8 225 10 11
6708+bno4 1 2503 7 3 8 225 10 2
6708+bno4 1 2503 7 3 8 225 10 11
6708+bno5 1 2503 7 3 8 225 10 2
6708+bno5 1 2503 7 3 8 225 10 11
6708+bno6 1 2503 7 3 8 225 10 2
4067+bno0 2505 3 1 780 260 8 2 611
3783+bno0 2505 780 3 1 2 11 260 611
1309+bno7 1 239 2505 3 8 611 1104 2
1309+bno7 1 239 2505 3 8 611 1104 11
1309+bno6 1 239 2505 3 8 611 1104 2
1668+bno4 448 2505 571 1104 8 780 611 239
1321+bno6 260 8 2505 448 239 611 1104 780
1309+bno7 1 239 2505 3 8 611 665 2
1309+bno7 1 239 2505 3 8 611 665 11
1309+bno6 1 239 2505 3 8 611 665 2
1668+bno4 448 2505 571 665 8 780 611 239
1321+bno6 260 8 2505 448 239 611 665 780
1627+bno7 8 2505 1 667 212 17 611 2
1627+bno7 3 2505 1 667 212 17 611 2
1627+bno7 8 2505 1 667 212 17 611 11
1627+bno7 3 2505 1 667 212 17 611 11
1627+bno6 8 2505 1 667 212 17 611 2
1276+bno3 239 2 212 2505 611 26 8 667
1276+bno3 239 2 212 2505 611 26 3 667
1276+bno3 239 8 212 2505 611 17 2 667
4067+bno0 2517 3 1 780 260 8 2 611
3783+bno0 2517 780 3 1 2 11 260 611
1309+bno7 1 239 2517 3 8 611 1104 2
1309+bno7 1 239 2517 3 8 611 1104 11
1309+bno6 1 239 2517 3 8 611 1104 2
1668+bno4 448 2517 571 1104 8 780 611 239
1321+bno6 260 8 2517 448 239 611 1104 780
1309+bno7 1 239 2517 3 8 611 665 2
1309+bno7 1 239 2517 3 8 611 665 11
1309+bno6 1 239 2517 3 8 611 665 2
1668+bno4 448 2517 571 665 8 780 611 239
1321+bno6 260 8 2517 448 239 611 665 780
1627+bno7 8 2517 1 667 212 17 611 2
1627+bno7 3 2517 1 667 212 17 611 2
1627+bno7 8 2517 1 667 212 17 611 11
1627+bno7 3 2517 1 667 212 17 611 11
1627+bno6 8 2517 1 667 212 17 611 2
1276+bno3 239 2 212 2517 611 26 8 667
1276+bno3 239 2 212 2517 611 26 3 667
1276+bno3 239 8 212 2517 611 17 2 667
8180+bno3 1 2525 7 8 217 10 11 2
8180+bno3 1 2525 7 3 217 10 11 2
8180+bno4 1 2525 7 8 217 10 11 2
1631+bno0 2535 3 448 780 571 1103 8 239
1631+bno0 2535 2 448 780 571 1103 8 239
1322+bno0 2535 448 780 1 30 571 1103 239
1825+bno0 2535 448 30 571 780 8 1103 239
1627+bno7 1 2535 3 571 780 8 239 2
1627+bno7 1 2535 3 571 780 8 239 11
4350+bno6 1 2546 8 16 177 470 11 2
4350+bno6 1 2546 3 16 177 470 11 2
1631+bno7 1 2546 8 129 40 3 470 2
1627+bno7 1 2546 8 129 40 3 470 11
3783+bno0 2546 129 1 3 11 2 40 470
2420+bno0 2548 16 1 8 3 11 2 509
2420+bno0 2548 16 1 7 3 11 2 509
6708+bno3 1 2549 7 3 8 130 10 2
6708+bno3 1 2549 7 3 8 130 10 11
6708+bno4 1 2549 7 3 8 130 10 2
6708+bno4 1 2549 7 3 8 130 10 11
6708+bno5 1 2549 7 3 8 130 10 2
6708+bno5 1 2549 7 3 8 130 10 11
6708+bno6 1 2549 7 3 8 130 10 2
3836+bno0 2550 33 1 7 2 11 8 183
3836+bno0 2550 33 1 7 2 11 3 183
6708+bno3 1 2551 7 3 8 130 10 2
6708+bno3 1 2551 7 3 8 130 10 11
6708+bno4 1 2551 7 3 8 130 10 11
6708+bno5 1 2551 7 3 8 130 10 11
4350+bno6 1 2553 8 16 177 226 11 2
4350+bno6 1 2553 3 16 177 226 11 2
1631+bno0 2562 3 448 780 571 1103 8 239
1631+bno0 2562 2 448 780 571 1103 8 239
1322+bno0 2562 448 780 1 30 571 1103 239
1825+bno0 2562 448 30 571 780 8 1103 239
1627+bno7 1 2562 3 571 780 8 239 2
1627+bno7 1 2562 3 571 780 8 239 11
4350+bno6 8 2567 1 140 4 476 11 2
4350+bno6 3 2567 1 140 4 476 11 2
4350+bno5 8 2567 1 140 4 476 11 2
4350+bno6 8 2569 1 140 4 476 11 2
4350+bno6 3 2569 1 140 4 476 11 2
4350+bno5 8 2569 1 140 4 476 11 2
6708+bno3 1 2572 7 3 8 130 10 2
6708+bno3 1 2572 7 3 8 130 10 11
6708+bno4 1 2572 7 3 8 130 10 2
6708+bno5 1 2572 7 3 8 130 10 2
6708+bno6 1 2572 7 3 8 130 10 2
6708+bno3 1 2575 7 3 8 130 10 2
6708+bno3 1 2575 7 3 8 130 10 11
6708+bno4 1 2575 7 3 8 130 10 2
6708+bno5 1 2575 7 3 8 130 10 2
6708+bno6 1 2575 7 3 8 130 10 2
3783+bno0 2589 55 1 8 2 11 26 283
3783+bno0 2589 55 1 3 2 11 26 283
4350+bno6 8 2589 1 119 4 283 11 2
4350+bno6 3 2589 1 119 4 283 11 2
4350+bno4 1 2591 3 130 8 540 2 10
4350+bno4 1 2591 3 130 8 540 11 10
4350+bno5 1 2591 3 130 8 540 11 10
4350+bno6 1 2591 3 130 8 540 11 10
1632+bno7 1 2593 8 129 40 3 504 2
1627+bno7 1 2593 8 129 40 3 504 11
1632+bno6 1 2593 8 129 40 3 504 2
3785+bno0 2593 129 1 3 11 2 40 504
1632+bno5 1 2593 8 129 40 3 504 2
1631+bno7 1 2599 3 303 5342 8 387 2
1627+bno7 1 2599 3 303 5342 8 387 11
1631+bno6 1 2599 3 303 5342 8 387 2
3783+bno0 2599 303 1 8 11 2 5342 387
1631+bno5 1 2599 3 303 5342 8 387 2
1718+bno0 2599 303 8 1 42 3 76 387
3783+bno0 2599 303 3 1 2 42 76 387
1627+bno7 8 2599 1 282 410 117 387 2
1627+bno7 3 2599 1 282 410 117 387 2
1627+bno6 8 2599 1 282 410 117 387 2
1276+bno0 2599 3 303 410 282 5342 8 387
1276+bno0 2599 1 303 410 282 5342 2 387
1627+bno0 2606 1 28 8 33 50 2 195
1627+bno0 2606 1 28 3 33 50 2 195
4350+bno6 1 2622 8 16 177 406 11 2
4350+bno6 1 2622 3 16 177 406 11 2
1631+bno0 2642 3 448 780 571 1103 8 239
1631+bno0 2642 2 448 780 571 1103 8 239
1322+bno0 2642 448 780 1 30 571 1103 239
1825+bno0 2642 448 30 571 780 8 1103 239
1627+bno7 1 2642 3 571 780 8 239 2
1627+bno7 1 2642 3 571 780 8 239 11
1627+bno7 1 2658 8 28 50 24 514 2
1627+bno7 1 2658 3 28 50 24 514 2
1631+bno7 1 2658 8 226 16 177 514 2
1631+bno7 1 2658 3 226 16 177 514 2
1631+bno7 1 2659 8 129 40 3 167 2
1627+bno7 1 2659 8 129 40 3 167 11
1631+bno6 1 2659 8 129 40 3 167 2
3783+bno0 2659 129 1 3 11 2 40 167
1631+bno5 1 2659 8 129 40 3 167 2
4350+bno6 8 2668 1 54 4 368 11 2
4350+bno6 3 2668 1 54 4 368 11 2
4350+bno5 8 2668 1 54 4 368 11 2
1627+bno7 1 2669 8 28 50 24 275 2
1627+bno7 1 2669 3 28 50 24 275 2
4350+bno6 1 2680 3 5342 8 303 11 2
4350+bno7 1 2680 3 5342 8 303 11 2
4350+bno5 1 2680 3 5342 8 303 11 2
4350+bno4 1 2680 3 5342 8 303 11 2
4350+bno4 1 2680 3 5342 7 303 11 2
6418+bno0 2680 8 76 1 42 3 2 303
6418+bno0 2680 8 76 1 42 3 11 303
4350+bno6 1 2699 3 78 8 403 2 11
4350+bno7 1 2699 3 78 8 403 2 11
4350+bno5 1 2699 3 78 8 403 2 11
4350+bno5 1 2699 7 78 8 403 2 11
4350+bno4 1 2699 3 78 8 403 2 11
4350+bno4 1 2699 7 78 8 403 2 11
1631+bno7 1 2733 8 129 40 3 252 2
1627+bno7 1 2733 8 129 40 3 252 11
1631+bno6 1 2733 8 129 40 3 252 2
3783+bno0 2733 129 1 3 11 2 40 252
1631+bno5 1 2733 8 129 40 3 252 2
1631+bno7 8 2733 1 129 23 4 252 2
1631+bno7 3 2733 1 129 23 4 252 2
1627+bno7 8 2733 1 129 23 4 252 11
1627+bno7 3 2733 1 129 23 4 252 11
1631+bno6 8 2733 1 129 23 4 252 2
7142+bno0 2815 1 26 3 8 2 11 157
7142+bno0 2815 1 26 7 8 2 11 157
8180+bno3 1 2847 7 8 69 10 2 11
8180+bno3 1 2847 7 3 69 10 2 11
8180+bno4 1 2847 7 8 69 10 2 11
8180+bno3 1 2850 7 8 69 10 2 11
8180+bno3 1 2850 7 3 69 10 2 11
8180+bno4 1 2850 7 8 69 10 2 11
8180+bno3 1 2861 7 8 69 10 2 11
8180+bno3 1 2861 7 3 69 10 2 11
8180+bno4 1 2861 7 8 69 10 2 11
8180+bno3 1 2863 7 8 69 10 2 11
8180+bno3 1 2863 7 3 69 10 2 11
8180+bno4 1 2863 7 8 69 10 2 11
8180+bno3 1 2874 7 8 69 10 2 11
8180+bno3 1 2874 7 3 69 10 2 11
8180+bno4 1 2874 7 8 69 10 2 11
3836+bno0 2910 33 1 7 2 11 8 550
3836+bno0 2910 33 1 7 2 11 3 550
8180+bno3 1 2916 8 7 257 22 11 2
8180+bno3 1 2916 3 7 257 22 11 2
8180+bno4 1 2916 8 7 257 22 11 2
8180+bno4 1 2916 3 7 257 22 11 2
8180+bno5 1 2916 8 7 257 22 11 2
8148+bno3 1 2938 8 7 410 117 11 2
8148+bno3 1 2938 3 7 410 117 11 2
8148+bno4 1 2938 8 7 410 117 11 2
8148+bno5 1 2938 8 7 410 117 11 2
1309+bno7 8 2938 273 1 117 282 410 2
1309+bno7 3 2938 273 1 117 282 410 2
1276+bno0 2938 8 117 273 282 1 11 410
1276+bno0 2938 3 117 273 282 1 11 410
1309+bno6 8 2938 273 1 117 282 410 2
1627+bno7 1 2938 3 282 273 97 410 2
2300+bno0 2938 282 48 1 2 15 475 410
1629+bno7 8 2938 15 282 475 48 410 2
4350+bno6 1 2993 8 16 177 134 11 2
4350+bno6 1 2993 3 16 177 134 11 2
3836+bno0 3090 33 1 7 11 2 8 553
3836+bno0 3090 33 1 7 11 2 3 553
7142+bno0 3151 1 26 8 3 2 11 632
7142+bno0 3151 1 26 7 3 2 11 632
3836+bno0 3153 33 1 7 11 2 8 553
3836+bno0 3153 33 1 7 11 2 3 553
6708+bno3 1 3182 7 3 8 130 10 2
6708+bno3 1 3182 7 3 8 130 10 11
6708+bno4 1 3182 7 3 8 130 10 2
6708+bno5 1 3182 7 3 8 130 10 2
6708+bno6 1 3182 7 3 8 130 10 2
4350+bno5 1 3190 7 32 8 307 2 11
4350+bno5 1 3190 7 32 3 307 2 11
2348+bno0 3205 328 1 8 3 2 90 342
2348+bno0 3205 328 1 8 3 11 90 342
4350+bno6 1 3219 3 5342 8 598 11 2
4350+bno7 1 3219 3 5342 8 598 11 2
4350+bno5 1 3219 3 5342 8 598 11 2
4350+bno4 1 3219 3 5342 8 598 11 2
4350+bno4 1 3219 3 5342 7 598 11 2
3836+bno0 3243 33 1 7 11 2 8 553
3836+bno0 3243 33 1 7 11 2 3 553
3781+bno6 1 3244 7 5 8 3 81 2
3781+bno6 1 3244 7 5 8 3 81 11
3781+bno5 1 3244 7 5 8 3 81 2
8180+bno3 1 3248 8 3 171 58 2 11
8180+bno3 1 3248 8 7 171 58 2 11
8180+bno4 1 3248 8 3 171 58 2 11
8180+bno5 1 3248 8 3 171 58 2 11
8180+bno6 1 3248 8 3 171 58 2 11
8180+bno7 1 3248 8 3 171 58 2 11
3836+bno0 3249 33 1 7 11 2 8 553
3836+bno0 3249 33 1 7 11 2 3 553
3781+bno6 1 3250 7 5 8 3 81 2
3781+bno6 1 3250 7 5 8 3 81 11
3781+bno5 1 3250 7 5 8 3 81 2
3836+bno0 3252 33 1 7 11 2 8 553
3836+bno0 3252 33 1 7 11 2 3 553
4350+bno6 1 3258 3 5342 8 598 11 2
4350+bno7 1 3258 3 5342 8 598 11 2
4350+bno5 1 3258 3 5342 8 598 11 2
4350+bno4 1 3258 3 5342 8 598 11 2
4350+bno4 1 3258 3 5342 7 598 11 2
4476+bno5 1 3261 7 5 8 238 11 2
4476+bno5 1 3261 7 5 3 238 11 2
3783+bno0 3262 55 1 8 2 11 26 144
3783+bno0 3262 55 1 3 2 11 26 144
3781+bno6 1 3270 7 5 3 8 59 2
3781+bno6 1 3270 7 5 3 8 59 11
4476+bno5 1 3273 7 5 8 248 2 11
4476+bno5 1 3273 7 5 3 248 2 11
4476+bno5 1 3280 7 5 8 248 2 11
4476+bno5 1 3280 7 5 3 248 2 11
4350+bno6 1 3320 8 12 3 496 2 11
4350+bno7 1 3320 8 12 3 496 2 11
4350+bno5 1 3320 8 12 3 496 2 11
4350+bno5 1 3320 7 12 3 496 2 11
4350+bno4 1 3320 8 12 3 496 2 11
4350+bno4 1 3320 7 12 3 496 2 11
4350+bno6 1 3340 8 12 3 496 2 11
4350+bno7 1 3340 8 12 3 496 2 11
4350+bno5 1 3340 8 12 3 496 2 11
4350+bno5 1 3340 7 12 3 496 2 11
4350+bno4 1 3340 8 12 3 496 2 11
4350+bno4 1 3340 7 12 3 496 2 11
4476+bno5 1 3343 7 5 8 82 2 11
4476+bno5 1 3343 7 5 3 82 2 11
4476+bno5 1 3360 7 5 8 82 2 11
4476+bno5 1 3360 7 5 3 82 2 11
1790+bno0 3413 1 363 8 3 173 2 377
1790+bno0 3413 1 363 8 3 173 11 377
4476+bno5 1 3416 7 5 8 82 2 11
4476+bno5 1 3416 7 5 3 82 2 11
4350+bno6 1 5660 8 12 3 627 2 11
4350+bno7 1 5660 8 12 3 627 2 11
4350+bno5 1 5660 8 12 3 627 2 11
4350+bno5 1 5660 7 12 3 627 2 11
4350+bno4 1 5660 8 12 3 627 2 11
4350+bno4 1 5660 7 12 3 627 2 11
7142+bno0 6123 1 26 8 3 2 11 199
7142+bno0 6123 1 26 7 3 2 11 199
6556+bno0 644 1 8 3 7 96 2 525
6556+bno0 644 1 8 3 7 96 11 525
3836+bno0 674 33 1 7 2 11 8 183
3836+bno0 674 33 1 7 2 11 3 183
7142+bno0 6786 1 26 8 3 2 11 199
7142+bno0 6786 1 26 7 3 2 11 199
6708+bno3 1 7413 7 3 8 225 10 2
6708+bno3 1 7413 7 3 8 225 10 11
6708+bno4 1 7413 7 3 8 225 10 2
6708+bno4 1 7413 7 3 8 225 10 11
6708+bno5 1 7413 7 3 8 225 10 2
6708+bno5 1 7413 7 3 8 225 10 11
6708+bno6 1 7413 7 3 8 225 10 2
3781+bno6 1 7541 7 5 8 3 433 2
3781+bno6 1 7541 7 5 8 3 433 11
1627+bno7 1 776 3 502 129 40 533 2
1627+bno6 1 776 3 502 129 40 533 2
1627+bno7 1 789 3 481 284 8 628 2
1627+bno7 1 789 3 481 284 8 628 11
1627+bno7 1 789 3 481 284 177 628 2
2661+bno7 8 57 4 789 628 1 583 2
2661+bno7 3 57 4 789 628 1 583 2
2661+bno7 8 57 4 789 628 1 583 11
2661+bno7 3 57 4 789 628 1 583 11
2661+bno6 8 57 4 789 628 1 583 2
4664+bno0 794 8 23 1 4 11 2 501
4664+bno0 794 3 23 1 4 11 2 501
6556+bno0 819 1 8 3 7 96 2 525
6556+bno0 819 1 8 3 7 96 11 525
4664+bno0 834 8 375 1 15 11 2 604
4664+bno0 834 3 375 1 15 11 2 604
1627+bno7 1 855 3 252 129 40 343 2
1627+bno6 1 855 3 252 129 40 343 2
1627+bno7 8 855 4 252 129 23 343 2
3783+bno0 867 138 1 8 2 11 6 477
3783+bno0 867 138 1 3 2 11 6 477
1631+bno7 1 867 8 138 16 177 477 2
1631+bno7 1 867 3 138 16 177 477 2
3783+bno0 867 608 8 1 11 2 44 477
3783+bno0 867 608 3 1 11 2 44 477
8148+bno3 1 880 8 7 595 179 11 2
8148+bno3 1 880 3 7 595 179 11 2
8148+bno4 1 880 8 7 595 179 11 2
8148+bno4 1 880 3 7 595 179 11 2
8148+bno5 1 880 8 7 595 179 11 2
1276+bno7 8 923 571 1 260 239 448 780
1276+bno6 8 923 571 1 260 239 448 780
1276+bno5 260 923 571 3 8 239 448 780
4082+bno0 923 239 30 780 8 571 1103 448
1774+bno7 1 915 923 571 1103 448 239 2
1774+bno7 8 915 923 571 1103 448 239 2
1322+bno5 915 571 923 1 30 448 1103 239
1322+bno5 915 571 923 8 30 448 1103 239
1276+bno3 571 2 728 923 448 6 8 239
1276+bno3 571 2 728 923 448 6 3 239
1276+bno3 571 8 728 923 448 17 2 239
1627+bno7 8 923 1 239 728 17 448 2
1627+bno7 3 923 1 239 728 17 448 2
1627+bno7 8 923 1 239 728 17 448 11
1627+bno7 3 923 1 239 728 17 448 11
1627+bno6 8 923 1 239 728 17 448 2
4350+bno6 1 997 8 40 3 129 11 2
4350+bno7 1 997 8 40 3 129 11 2
4350+bno5 1 997 8 40 3 129 11 2
4350+bno4 1 997 8 40 3 129 11 2
4350+bno4 1 997 8 40 7 129 11 2
4350+bno5 1 997 8 40 7 129 11 2
4350+bno6 8 997 1 23 4 129 11 2
4350+bno6 3 997 1 23 4 129 11 2
4350+bno5 8 997 1 23 4 129 11 2
