8868+bno0 17219 11142 6794 1409 297 6094 290 9564
8868+bno0 17219 11142 6794 1409 297 1946 290 9564
7154+bno0 48365 13650 1409 290 1946 11142 6094 24309
7154+bno0 48365 13650 1409 297 1946 11142 6094 24309
10388+bno4 11142 1409 13059 11145 6794 297 290 1946
10388+bno4 11142 1409 13059 11145 6794 297 6094 1946
8868+bno0 20033 11142 6794 1409 297 290 1946 11145
8868+bno0 20033 11142 6794 1409 297 6094 1946 11145
8868+bno0 26002 11142 6794 1409 297 290 1946 1682
8868+bno0 26002 11142 6794 1409 297 6094 1946 1682
8950+bno1 4137 11142 6794 1409 297 290 20696 6094
8950+bno1 4137 11142 6794 1409 297 1946 20696 6094
7154+bno0 64194 13650 1409 290 1946 11142 6094 12978
7154+bno0 64194 13650 1409 297 1946 11142 6094 12978
8868+bno0 68958 11142 6794 1409 297 290 1946 10708
8868+bno0 68958 11142 6794 1409 297 6094 1946 10708
7154+bno0 21704 13650 1409 290 1946 11142 6094 12978
7154+bno0 21704 13650 1409 297 1946 11142 6094 12978
8868+bno0 23978 11142 184 1409 6094 290 297 27816
8868+bno0 23978 11142 184 1409 1946 290 297 27816
8935+bno1 40352 1409 2906 11142 290 6094 25563 297
8935+bno1 40352 1409 2906 11142 1946 6094 25563 297
7154+bno0 25997 13650 1409 290 1946 11142 6094 12978
7154+bno0 25997 13650 1409 297 1946 11142 6094 12978
7154+bno0 30352 13650 1409 290 1946 11142 6094 12978
7154+bno0 30352 13650 1409 297 1946 11142 6094 12978
8950+bno1 8991 11142 6794 1409 297 290 37159 1946
8950+bno1 8991 11142 6794 1409 297 6094 37159 1946
8950+bno0 45707 11142 4177 1409 297 290 36103 1946
8950+bno0 45707 11142 4177 1409 297 6094 36103 1946
8868+bno0 48362 11142 1353 1409 6094 297 290 3548
8868+bno0 48362 11142 1353 1409 6094 1946 290 3548
8868+bno0 50767 11142 2926 1409 297 290 1946 43263
8868+bno0 50767 11142 2926 1409 297 6094 1946 43263
10388+bno4 11142 1409 5328 10610 7460 1946 290 297
10388+bno4 11142 1409 5328 10610 7460 1946 6094 297
3783+bno1 15465 13168 11142 1409 290 297 4428 11850
3783+bno1 15465 13168 11142 1409 6094 297 4428 11850
3783+bno1 16352 13168 11142 1409 290 297 4428 11850
3783+bno1 16352 13168 11142 1409 6094 297 4428 11850
8868+bno0 13785 1409 12481 11142 6094 290 297 17600
8868+bno0 13785 1409 12481 11142 6094 1946 297 17600
8868+bno0 14967 1409 10898 11142 6094 297 290 12107
8868+bno0 14967 1409 10898 11142 1946 297 290 12107
8950+bno1 21163 11142 6794 1409 297 290 15427 1946
8950+bno1 21163 11142 6794 1409 297 6094 15427 1946
8868+bno0 15689 11142 66 1409 1946 6094 290 100
8868+bno0 15689 11142 66 1409 1946 297 290 100
8868+bno0 16371 11142 6794 1409 297 290 1946 11145
8868+bno0 16371 11142 6794 1409 297 6094 1946 11145
8868+bno0 16813 11142 1847 1409 297 6094 290 1198
8868+bno0 16813 11142 1847 1409 297 1946 290 1198
3783+bno2 17384 18327 6094 763 11142 290 1540 17388
3783+bno2 17384 18327 6094 763 297 290 1540 17388
3783+bno2 17445 18327 6094 763 11142 290 1540 17388
3783+bno2 17445 18327 6094 763 297 290 1540 17388
3783+bno1 17384 18327 6094 763 11142 290 1540 17388
3783+bno1 17384 18327 6094 763 297 290 1540 17388
3783+bno1 17445 18327 6094 763 11142 290 1540 17388
3783+bno1 17445 18327 6094 763 297 290 1540 17388
8950+bno0 18093 11142 1353 1409 6094 290 4366 297
8950+bno0 18093 11142 1353 1409 6094 1946 4366 297
8868+bno0 18578 11142 6794 1409 297 290 1946 15735
8868+bno0 18578 11142 6794 1409 297 6094 1946 15735
8868+bno0 2218 11142 1353 1409 6094 290 1946 1378
8868+bno0 2218 11142 1353 1409 6094 297 1946 1378
8935+bno1 12205 1409 13650 11142 297 6094 24641 290
8935+bno1 12205 1409 13650 11142 1946 6094 24641 290
7154+bno0 25807 402 11142 297 6094 1409 290 6999
7154+bno0 25807 402 11142 297 6094 1409 1946 6999
3784+bno0 26361 5710 6094 763 290 11142 35840 18653
3784+bno0 26361 5710 6094 763 297 11142 35840 18653
8868+bno0 26689 1409 1898 11142 1946 290 6094 38825
8868+bno0 26689 1409 1898 11142 1946 297 6094 38825
8935+bno1 27816 1409 25510 11142 290 6094 26832 297
8935+bno1 27816 1409 25510 11142 1946 6094 26832 297
8868+bno0 27110 1409 10898 11142 6094 297 290 12107
8868+bno0 27110 1409 10898 11142 1946 297 290 12107
8868+bno0 27178 1409 10446 11142 1946 290 297 6278
8868+bno0 27178 1409 10446 11142 1946 6094 297 6278
7154+bno0 27967 402 11142 297 6094 1409 290 6999
7154+bno0 27967 402 11142 297 6094 1409 1946 6999
10385+bno7 1409 11142 30924 24309 13650 290 6094 1946
10385+bno7 1409 11142 30924 24309 13650 297 6094 1946
7154+bno0 33450 10503 11142 6094 290 1409 297 33047
7154+bno0 33450 10503 11142 1946 290 1409 297 33047
8868+bno0 35245 11142 1353 1409 6094 290 297 373
8868+bno0 35245 11142 1353 1409 6094 1946 297 373
8951+bno0 35968 11142 6794 1409 297 290 11145 1946
8951+bno0 35968 11142 6794 1409 297 6094 11145 1946
8935+bno1 14340 1409 25510 11142 290 6094 39654 1946
8935+bno1 14340 1409 25510 11142 297 6094 39654 1946
8868+bno0 43928 11142 66 1409 1946 290 297 25229
8868+bno0 43928 11142 66 1409 1946 6094 297 25229
3783+bno2 57782 46575 11142 1409 6094 290 2330 49066
3783+bno2 57782 46575 11142 1409 297 290 2330 49066
8868+bno0 46900 11142 6794 1409 297 6094 290 9564
8868+bno0 46900 11142 6794 1409 297 1946 290 9564
1276+bno3 69546 290 8369 35899 64163 13650 11142 59011
1276+bno3 69546 290 8369 35899 64163 13650 6094 59011
1276+bno2 69546 290 8369 35899 64163 13650 11142 59011
1276+bno2 69546 290 8369 35899 64163 13650 6094 59011
7154+bno0 62735 13650 1409 290 1946 11142 6094 24309
7154+bno0 62735 13650 1409 297 1946 11142 6094 24309
8868+bno0 64308 11142 6794 1409 297 290 1946 1682
8868+bno0 64308 11142 6794 1409 297 6094 1946 1682
3783+bno0 75246 40206 6094 763 290 11142 21907 88134
3783+bno0 75246 40206 6094 763 297 11142 21907 88134
8950+bno1 27816 11142 344 1409 6094 290 79949 297
8950+bno1 27816 11142 344 1409 6094 1946 79949 297
8868+bno0 81143 11142 1847 1409 297 290 6094 8794
8868+bno0 81143 11142 1847 1409 297 1946 6094 8794
8868+bno0 84179 11142 66 1409 1946 290 297 58688
8868+bno0 84179 11142 66 1409 1946 6094 297 58688
7154+bno0 84526 13650 1409 290 1946 11142 6094 12978
7154+bno0 84526 13650 1409 297 1946 11142 6094 12978
3783+bno1 75246 40206 6094 763 290 11142 21907 88134
3783+bno1 75246 40206 6094 763 297 11142 21907 88134
8935+bno0 9522 1409 35520 11142 290 6094 12064 297
8935+bno0 9522 1409 35520 11142 1946 6094 12064 297
7154+bno0 10810 13650 1409 297 290 11142 6094 14105
7154+bno0 10810 13650 1409 1946 290 11142 6094 14105
8950+bno1 4137 11142 2273 1409 297 290 11249 6094
8950+bno1 4137 11142 2273 1409 297 1946 11249 6094
3783+bno1 22525 8019 11142 1409 290 6094 7655 12088
3783+bno1 22525 8019 11142 1409 297 6094 7655 12088
3783+bno2 24460 19072 297 3948 11142 290 12205 15114
3783+bno2 24460 19072 297 3948 6094 290 12205 15114
3783+bno1 24460 19072 297 3948 6094 290 12205 15114
8868+bno0 16181 11142 2024 1409 6094 297 290 7685
8868+bno0 16181 11142 2024 1409 1946 297 290 7685
3783+bno1 16511 16571 11142 1409 290 6094 3568 16529
3783+bno1 16511 16571 11142 1409 297 6094 3568 16529
3783+bno1 46002 86258 6094 763 11142 290 23141 16710
3783+bno1 46002 86258 6094 763 297 290 23141 16710
3783+bno2 46002 86258 6094 763 11142 290 23141 16710
8868+bno0 17789 11142 1353 1409 6094 290 1946 7281
8868+bno0 17789 11142 1353 1409 6094 297 1946 7281
8868+bno0 1857 11142 1847 1409 297 6094 290 1198
8868+bno0 20158 11142 6794 1409 297 290 1946 3092
8868+bno0 20158 11142 6794 1409 297 6094 1946 3092
8868+bno0 20349 11142 6794 1409 297 290 1946 34674
8868+bno0 20349 11142 6794 1409 297 6094 1946 34674
3783+bno0 20497 13168 11142 1409 290 297 4428 19637
3783+bno0 20497 13168 11142 1409 6094 297 4428 19637
1276+bno0 20631 290 85578 3160 20665 13650 11142 20521
1276+bno0 20631 290 85578 3160 20665 13650 6094 20521
8951+bno0 20850 1409 22971 11142 297 290 19534 6094
8951+bno0 20850 1409 22971 11142 1946 290 19534 6094
7154+bno0 23014 25510 1409 290 297 11142 6094 30259
7154+bno0 23014 25510 1409 1946 297 11142 6094 30259
8950+bno1 23796 1409 3402 11142 290 1946 23789 6094
8950+bno1 23796 1409 3402 11142 297 1946 23789 6094
8950+bno0 23796 1409 3402 11142 290 1946 23789 6094
8950+bno0 23796 1409 3402 11142 297 1946 23789 6094
8868+bno0 23931 11142 184 1409 6094 290 297 27816
8868+bno0 23931 11142 184 1409 1946 290 297 27816
8868+bno0 24290 11142 7460 1409 1946 290 297 10610
8868+bno0 24290 11142 7460 1409 1946 6094 297 10610
7154+bno0 24482 25510 1409 290 297 11142 6094 24060
7154+bno0 24482 25510 1409 1946 297 11142 6094 24060
3783+bno2 8049 24843 11142 1409 290 297 10503 24844
3783+bno2 8049 24843 11142 1409 6094 297 10503 24844
8868+bno0 26823 11142 6794 1409 297 290 1946 26809
8868+bno0 26823 11142 6794 1409 297 6094 1946 26809
8868+bno0 28188 11142 7460 1409 1946 290 297 10610
8868+bno0 28188 11142 7460 1409 1946 6094 297 10610
8868+bno0 30261 11142 7460 1409 1946 290 297 10610
8868+bno0 30261 11142 7460 1409 1946 6094 297 10610
8868+bno0 30328 11142 184 1409 6094 290 297 27816
8868+bno0 30328 11142 184 1409 1946 290 297 27816
3783+bno0 30633 12126 11142 78 290 297 7709 46191
3783+bno0 30633 12126 11142 78 6094 297 7709 46191
8868+bno0 30703 11142 184 1409 6094 290 297 27816
8868+bno0 30703 11142 184 1409 1946 290 297 27816
8868+bno0 31020 1409 9072 11142 1946 290 6094 30997
8868+bno0 31020 1409 9072 11142 1946 297 6094 30997
8868+bno0 31420 11142 6794 1409 297 290 1946 26809
8868+bno0 31420 11142 6794 1409 297 6094 1946 26809
7154+bno0 31753 13650 1409 290 1946 11142 6094 24309
7154+bno0 31753 13650 1409 297 1946 11142 6094 24309
3783+bno0 31818 13168 11142 1409 290 297 4428 41604
3783+bno0 31818 13168 11142 1409 6094 297 4428 41604
7154+bno0 33295 25510 1409 290 297 11142 6094 30259
7154+bno0 33295 25510 1409 1946 297 11142 6094 30259
8951+bno0 33903 11142 6794 1409 297 290 17968 1946
8951+bno0 33903 11142 6794 1409 297 6094 17968 1946
8950+bno1 19534 11142 6794 1409 297 290 33908 6094
8950+bno1 19534 11142 6794 1409 297 1946 33908 6094
7154+bno0 36164 25510 1409 297 290 11142 6094 53059
7154+bno0 36164 25510 1409 1946 290 11142 6094 53059
8868+bno0 38814 11142 6794 1409 297 290 1946 11145
8868+bno0 38814 11142 6794 1409 297 6094 1946 11145
4315+bno2 70341 290 39874 4600 9022 6094 42292 11142
4315+bno2 70341 297 39874 4600 9022 6094 42292 11142
3783+bno0 40592 40120 6094 763 290 11142 21907 39756
3783+bno0 40592 40120 6094 763 297 11142 21907 39756
8868+bno0 40768 1409 5229 11142 6094 290 297 40352
8868+bno0 40768 1409 5229 11142 1946 290 297 40352
10385+bno7 1409 11142 41220 24309 13650 290 6094 1946
10385+bno7 1409 11142 41220 24309 13650 297 6094 1946
3783+bno1 31818 13168 11142 1409 290 297 4428 41604
3783+bno1 31818 13168 11142 1409 6094 297 4428 41604
3783+bno0 41916 30611 11142 1409 6094 290 5340 14246
3783+bno0 41916 30611 11142 1409 297 290 5340 14246
8950+bno0 42154 1409 10446 11142 1946 290 23917 297
8950+bno0 42154 1409 10446 11142 1946 6094 23917 297
8868+bno0 42355 1409 5229 11142 6094 290 297 40352
8950+bno1 16042 1409 1898 11142 1946 290 43066 6094
8950+bno1 16042 1409 1898 11142 1946 297 43066 6094
8868+bno0 43322 11142 6794 1409 297 290 1946 43354
8868+bno0 43322 11142 6794 1409 297 6094 1946 43354
3783+bno0 46002 86258 6094 763 11142 290 23141 16710
3783+bno0 46002 86258 6094 763 297 290 23141 16710
3783+bno1 40014 48127 290 13650 6094 11142 19399 47971
3783+bno1 40014 48127 297 13650 6094 11142 19399 47971
8950+bno0 4822 11142 344 1409 6094 290 781 297
8950+bno0 4822 11142 344 1409 6094 1946 781 297
8950+bno1 5984 11142 6794 1409 297 290 48661 1946
8950+bno1 5984 11142 6794 1409 297 6094 48661 1946
3783+bno1 57782 46575 11142 1409 6094 290 2330 49066
3783+bno1 57782 46575 11142 1409 297 290 2330 49066
4229+bno1 27469 11142 10219 1409 10503 290 297 50099
4229+bno1 27469 11142 10219 1409 10503 6094 297 50099
8950+bno1 27816 11142 49 1409 6094 290 51041 297
8950+bno1 27816 11142 49 1409 6094 1946 51041 297
8950+bno0 52954 11142 2926 1409 297 290 55892 6094
8950+bno0 52954 11142 2926 1409 297 1946 55892 6094
7154+bno0 54378 25510 1409 297 290 11142 6094 53059
7154+bno0 54378 25510 1409 1946 290 11142 6094 53059
6418+bno1 57641 290 26640 8737 13650 11142 6094 54430
6418+bno1 57641 297 26640 8737 13650 11142 6094 54430
7154+bno0 54613 25510 1409 297 290 11142 6094 53059
7154+bno0 54613 25510 1409 1946 290 11142 6094 53059
7154+bno0 55866 12120 1409 6094 290 11142 297 61506
7154+bno0 55866 12120 1409 1946 290 11142 297 61506
7154+bno0 56478 25510 1409 297 290 11142 6094 53059
7154+bno0 56478 25510 1409 1946 290 11142 6094 53059
8951+bno0 57291 1409 11100 11142 1946 290 69709 6094
8951+bno0 57291 1409 11100 11142 1946 297 69709 6094
3783+bno0 57782 46575 11142 1409 6094 290 2330 49066
3783+bno0 57782 46575 11142 1409 297 290 2330 49066
7154+bno0 59279 11919 1409 290 297 11142 6094 41666
7154+bno0 59279 11919 1409 290 297 11142 1946 41666
8868+bno0 59302 11142 2926 1409 297 290 1946 60985
8868+bno0 59302 11142 2926 1409 297 6094 1946 60985
7154+bno0 60515 22051 1409 1946 290 11142 6094 50551
7154+bno0 60515 22051 1409 1946 290 11142 297 50551
8868+bno0 60848 1409 28104 11142 290 6094 297 44812
8868+bno0 60848 1409 28104 11142 1946 6094 297 44812
3783+bno2 82111 61894 11142 1409 290 297 10503 63957
3783+bno2 82111 61894 11142 1409 6094 297 10503 63957
3783+bno0 61894 82111 290 4600 11142 6094 39754 63957
3783+bno0 61894 82111 297 4600 11142 6094 39754 63957
7154+bno0 62064 11919 1409 290 297 11142 6094 26591
7154+bno0 62064 11919 1409 290 297 11142 1946 26591
8868+bno0 62830 11142 6794 1409 297 6094 290 9564
8868+bno0 62830 11142 6794 1409 297 1946 290 9564
3783+bno1 61894 82111 290 4600 11142 6094 39754 63957
3783+bno1 61894 82111 297 4600 11142 6094 39754 63957
3783+bno2 22591 63981 297 11260 11142 290 62675 66721
3783+bno2 22591 63981 297 11260 6094 290 62675 66721
8868+bno0 64387 11142 66 1409 1946 290 297 25229
3783+bno1 22591 63981 297 11260 11142 290 62675 66721
8868+bno0 6674 11142 2024 1409 1946 297 290 7685
8868+bno0 66920 11142 2926 1409 297 290 1946 37059
8868+bno0 66920 11142 2926 1409 297 6094 1946 37059
3783+bno1 76004 62629 6094 763 290 11142 21907 67118
3783+bno1 76004 62629 6094 763 297 11142 21907 67118
8951+bno0 69236 11142 6794 1409 297 290 17968 1946
8951+bno0 69236 11142 6794 1409 297 6094 17968 1946
3783+bno1 71040 37822 6094 763 11142 290 23141 70079
3783+bno1 71040 37822 6094 763 297 290 23141 70079
8868+bno0 70150 11142 66 1409 1946 6094 290 53127
8868+bno0 70150 11142 66 1409 1946 297 290 53127
3783+bno0 71218 23355 6094 763 290 11142 21907 82176
3783+bno0 71218 23355 6094 763 297 11142 21907 82176
3783+bno0 71218 23355 6094 763 11142 290 23141 82176
3783+bno0 71218 23355 6094 763 297 290 23141 82176
7154+bno0 73756 402 11142 297 6094 1409 290 6999
7154+bno0 73756 402 11142 297 6094 1409 1946 6999
3783+bno1 75096 12674 11142 1409 290 297 10503 75053
3783+bno1 75096 12674 11142 1409 6094 297 10503 75053
8868+bno0 75449 11142 66 1409 1946 6094 290 73467
8868+bno0 75449 11142 66 1409 1946 297 290 73467
3783+bno2 75422 76412 6094 763 11142 290 23141 81632
3783+bno2 75422 76412 6094 763 297 290 23141 81632
8868+bno0 8013 11142 1847 1409 297 6094 290 2883
8868+bno0 8013 11142 1847 1409 297 1946 290 2883
3783+bno0 82111 61894 11142 1409 290 297 10503 63957
3783+bno0 82111 61894 11142 1409 6094 297 10503 63957
3783+bno2 61894 82111 290 4600 11142 6094 39754 63957
3783+bno2 61894 82111 297 4600 11142 6094 39754 63957
3783+bno1 71218 23355 6094 763 290 11142 21907 82176
3783+bno1 71218 23355 6094 763 297 11142 21907 82176
3783+bno1 71218 23355 6094 763 11142 290 23141 82176
3783+bno1 71218 23355 6094 763 297 290 23141 82176
8950+bno1 8991 11142 6794 1409 297 290 83579 1946
8950+bno1 8991 11142 6794 1409 297 6094 83579 1946
3783+bno2 46002 86258 6094 763 297 290 23141 16710
8868+bno0 8809 1409 11100 11142 1946 290 6094 8846
8868+bno0 8809 1409 11100 11142 1946 297 6094 8846
8868+bno0 88427 11142 184 1409 6094 290 297 27816
8868+bno0 88427 11142 184 1409 1946 290 297 27816
8951+bno0 9377 11142 6794 1409 297 290 1682 1946
8951+bno0 9377 11142 6794 1409 297 6094 1682 1946
8868+bno0 12695 11142 1 1409 6094 297 290 5973
8868+bno0 12695 11142 1 1409 6094 1946 290 5973
8868+bno0 1307 11142 1353 1409 6094 290 1946 1378
8868+bno0 1307 11142 1353 1409 6094 297 1946 1378
3783+bno0 15465 13168 11142 1409 290 297 4428 11850
3783+bno0 15465 13168 11142 1409 6094 297 4428 11850
8868+bno0 16124 11142 66 1409 1946 6094 290 2714
8868+bno0 16124 11142 66 1409 1946 297 290 2714
3783+bno0 16352 13168 11142 1409 290 297 4428 11850
3783+bno0 16352 13168 11142 1409 6094 297 4428 11850
3783+bno0 16511 16571 11142 1409 290 6094 3568 16529
3783+bno0 16511 16571 11142 1409 297 6094 3568 16529
8868+bno0 16549 11142 6794 1409 297 290 1946 16343
8868+bno0 16549 11142 6794 1409 297 6094 1946 16343
8868+bno0 16704 11142 6794 1409 297 6094 290 13475
8868+bno0 16704 11142 6794 1409 297 1946 290 13475
3783+bno0 17384 18327 6094 763 11142 290 1540 17388
3783+bno0 17384 18327 6094 763 297 290 1540 17388
3783+bno0 17445 18327 6094 763 11142 290 1540 17388
3783+bno0 17445 18327 6094 763 297 290 1540 17388
1736+bno0 17986 9522 42619 290 11142 35520 297 12064
1736+bno0 17986 9522 42619 290 6094 35520 297 12064
8868+bno0 18127 11142 1107 1409 6094 290 297 13302
8868+bno0 18127 11142 1107 1409 6094 1946 297 13302
8868+bno0 1823 11142 66 1409 1946 6094 290 100
8868+bno0 1823 11142 66 1409 1946 297 290 100
1276+bno0 18322 11142 3160 85578 20521 1044 290 20665
8868+bno0 18736 11142 1353 1409 6094 297 290 3569
8868+bno0 18736 11142 1353 1409 6094 1946 290 3569
8868+bno0 19022 1409 9317 11142 1946 290 6094 11928
8868+bno0 19022 1409 9317 11142 1946 297 6094 11928
1276+bno0 20144 11142 3160 85578 20521 1044 290 20665
1276+bno0 20470 11142 3160 85578 20521 1044 290 20665
1276+bno0 20603 11142 3160 85578 20521 1044 290 20665
3783+bno0 20869 13108 290 25510 11142 6094 22714 20870
3783+bno0 20869 13108 297 25510 11142 6094 22714 20870
7154+bno0 21680 13809 1409 290 297 11142 6094 21576
7154+bno0 21680 13809 1409 290 297 11142 1946 21576
3783+bno0 22023 13168 11142 1409 6094 297 4428 19637
3783+bno0 22525 8019 11142 1409 290 6094 7655 12088
3783+bno0 22525 8019 11142 1409 297 6094 7655 12088
3783+bno0 22591 63981 297 11260 11142 290 62675 66721
3783+bno0 22591 63981 297 11260 6094 290 62675 66721
8868+bno0 2392 11142 1847 1409 297 6094 290 1198
8868+bno0 24027 1409 10446 11142 1946 290 297 10930
8868+bno0 24027 1409 10446 11142 1946 6094 297 10930
3783+bno0 24460 19072 297 3948 11142 290 12205 15114
3783+bno0 24460 19072 297 3948 6094 290 12205 15114
8868+bno0 25086 11142 6794 1409 297 6094 290 9564
8868+bno0 25086 11142 6794 1409 297 1946 290 9564
7154+bno0 26243 25510 1409 290 297 11142 6094 22481
7154+bno0 26243 25510 1409 1946 297 11142 6094 22481
8868+bno0 26668 1409 10446 11142 1946 6094 290 17780
8868+bno0 26668 1409 10446 11142 1946 297 290 17780
8868+bno0 26874 11142 7460 1409 1946 290 297 10610
8868+bno0 26874 11142 7460 1409 1946 6094 297 10610
7154+bno0 27052 13650 1409 290 1946 11142 6094 20793
7154+bno0 27052 13650 1409 297 1946 11142 6094 20793
8868+bno0 27201 11142 6794 1409 297 290 1946 5697
8868+bno0 27201 11142 6794 1409 297 6094 1946 5697
4229+bno0 27469 11142 10219 1409 10503 290 297 50099
4229+bno0 27469 11142 10219 1409 10503 6094 297 50099
8868+bno0 27529 1409 10446 11142 1946 290 297 10930
7154+bno0 27882 13650 1409 290 1946 11142 6094 24309
7154+bno0 27882 13650 1409 297 1946 11142 6094 24309
8868+bno0 29364 11142 1353 1409 6094 290 1946 3554
8868+bno0 29364 11142 1353 1409 6094 297 1946 3554
7154+bno0 29944 12120 1409 290 6094 11142 297 14941
7154+bno0 29944 12120 1409 1946 6094 11142 297 14941
7154+bno0 30182 11919 1409 290 297 11142 6094 41666
8868+bno0 30768 11142 184 1409 6094 290 297 27816
8868+bno0 30768 11142 184 1409 1946 290 297 27816
8868+bno0 31474 1409 10446 11142 1946 290 6094 30800
8868+bno0 31474 1409 10446 11142 1946 297 6094 30800
8868+bno0 32055 11142 6794 1409 297 6094 290 9836
8868+bno0 32055 11142 6794 1409 297 1946 290 9836
8868+bno0 32577 11142 66 1409 1946 290 6094 10847
8868+bno0 32577 11142 66 1409 1946 297 6094 10847
7154+bno0 33505 13650 1409 290 1946 11142 6094 12978
7154+bno0 33505 13650 1409 297 1946 11142 6094 12978
7154+bno0 33549 2011 11142 290 6094 1409 297 39117
7154+bno0 33549 2011 11142 290 6094 1409 1946 39117
7154+bno0 33709 13650 1409 290 1946 11142 6094 12978
7154+bno0 33709 13650 1409 297 1946 11142 6094 12978
7154+bno0 34470 13650 1409 290 1946 11142 6094 24309
7154+bno0 34470 13650 1409 297 1946 11142 6094 24309
8868+bno0 34658 11142 7460 1409 1946 290 297 10610
8868+bno0 34658 11142 7460 1409 1946 6094 297 10610
8868+bno0 3492 11142 2938 1409 6094 297 290 3508
8868+bno0 3492 11142 2938 1409 6094 1946 290 3508
8868+bno0 35073 11142 7460 1409 1946 290 297 10610
8868+bno0 35073 11142 7460 1409 1946 6094 297 10610
3783+bno0 35256 26012 6094 763 290 297 21291 35587
3783+bno0 35256 26012 6094 763 11142 297 21291 35587
8868+bno0 36782 1409 5229 11142 6094 290 297 40352
8868+bno0 37910 11142 7460 1409 1946 290 297 10610
8868+bno0 37910 11142 7460 1409 1946 6094 297 10610
7154+bno0 38721 13650 1409 290 1946 11142 6094 24309
7154+bno0 38721 13650 1409 297 1946 11142 6094 24309
3783+bno0 40014 48127 290 13650 6094 11142 19399 47971
3783+bno0 40014 48127 297 13650 6094 11142 19399 47971
8868+bno0 43047 11142 6794 1409 297 290 1946 20746
8868+bno0 43047 11142 6794 1409 297 6094 1946 20746
7154+bno0 43112 11919 1409 297 290 11142 6094 32746
7154+bno0 43112 11919 1409 297 290 11142 1946 32746
8868+bno0 44326 1409 38448 11142 297 290 6094 39758
8868+bno0 44326 1409 38448 11142 1946 290 6094 39758
8868+bno0 45235 11142 6794 1409 297 290 1946 17968
8868+bno0 45235 11142 6794 1409 297 6094 1946 17968
8868+bno0 45416 11142 6794 1409 297 290 1946 11145
8868+bno0 45416 11142 6794 1409 297 6094 1946 11145
7154+bno0 45581 25510 1409 297 290 11142 6094 53059
7154+bno0 45581 25510 1409 1946 290 11142 6094 53059
8868+bno0 45655 1409 5229 11142 6094 290 297 40352
7154+bno0 45781 13650 1409 297 290 11142 6094 27040
7154+bno0 45781 13650 1409 1946 290 11142 6094 27040
8868+bno0 48031 11142 6794 1409 297 290 1946 16343
8868+bno0 48031 11142 6794 1409 297 6094 1946 16343
8868+bno0 48586 11142 6794 1409 297 290 1946 11145
8868+bno0 48586 11142 6794 1409 297 6094 1946 11145
8868+bno0 48871 11142 6794 1409 297 290 1946 1682
8868+bno0 48871 11142 6794 1409 297 6094 1946 1682
3783+bno0 49136 40206 6094 763 297 11142 21907 88134
1309+bno7 11142 49434 57782 1409 2330 49066 46575 290
1276+bno0 49434 11142 2330 57782 49066 1409 6094 46575
3783+bno0 49793 48831 11142 78 290 297 7709 28199
3783+bno0 49793 48831 11142 78 6094 297 7709 28199
7154+bno0 50511 22051 1409 1946 290 11142 6094 50551
7154+bno0 50511 22051 1409 1946 290 11142 297 50551
3783+bno0 50586 40120 6094 763 290 11142 21907 44079
3783+bno0 50586 40120 6094 763 297 11142 21907 44079
7154+bno0 50666 31310 1409 297 290 11142 6094 39725
7154+bno0 50666 31310 1409 1946 290 11142 6094 39725
3784+bno0 50997 70593 11142 1409 290 297 4428 54269
3784+bno0 50997 70593 11142 1409 6094 297 4428 54269
3783+bno0 51466 51780 297 11260 290 11142 39129 51757
3783+bno0 51466 51780 297 11260 6094 11142 39129 51757
3783+bno0 52903 41619 6094 763 11142 290 23141 85406
3783+bno0 52903 41619 6094 763 297 290 23141 85406
1276+bno0 53094 290 31371 66682 47027 1573 11142 32057
1276+bno0 53094 290 31371 66682 47027 1573 6094 32057
3783+bno0 56150 40120 6094 763 290 11142 21907 39756
3783+bno0 56150 40120 6094 763 297 11142 21907 39756
7154+bno0 56299 11919 1409 290 297 11142 6094 41666
8868+bno0 57286 11142 6794 1409 297 290 1946 43354
8868+bno0 57286 11142 6794 1409 297 6094 1946 43354
6418+bno0 57641 290 26640 8737 13650 11142 6094 54430
6418+bno0 57641 297 26640 8737 13650 11142 6094 54430
8868+bno0 5851 11142 1353 1409 6094 290 1946 1378
8868+bno0 5851 11142 1353 1409 6094 297 1946 1378
7154+bno0 58552 22051 1409 1946 290 11142 6094 50551
7154+bno0 58552 22051 1409 1946 290 11142 297 50551
8868+bno0 60589 11142 2530 1409 6094 297 290 62562
8868+bno0 60589 11142 2530 1409 6094 1946 290 62562
8868+bno0 60925 11142 7460 1409 1946 290 297 10610
8868+bno0 60925 11142 7460 1409 1946 6094 297 10610
8868+bno0 61138 11142 2926 1409 297 6094 1946 60985
3783+bno0 62488 30611 11142 1409 6094 290 5340 14246
3783+bno0 62488 30611 11142 1409 297 290 5340 14246
8868+bno0 62555 11142 66 1409 1946 6094 290 100
8868+bno0 62555 11142 66 1409 1946 297 290 100
3783+bno0 66033 41619 6094 763 297 290 23141 85406
7154+bno0 66316 13650 1409 290 1946 11142 6094 12978
7154+bno0 66316 13650 1409 297 1946 11142 6094 12978
8868+bno0 69335 1409 11100 11142 1946 297 6094 69709
1276+bno0 69546 290 8369 35899 64163 13650 11142 59011
1276+bno0 69546 290 8369 35899 64163 13650 6094 59011
3783+bno0 69909 27564 11142 78 6094 290 3400 31751
3783+bno0 69909 27564 11142 78 297 290 3400 31751
1627+bno7 6094 74045 763 88134 40206 21907 75246 11142
8868+bno0 74682 11142 1847 1409 297 6094 290 1198
3783+bno0 75096 12674 11142 1409 290 297 10503 75053
3783+bno0 75096 12674 11142 1409 6094 297 10503 75053
3783+bno0 76004 62629 6094 763 290 11142 21907 67118
3783+bno0 76004 62629 6094 763 297 11142 21907 67118
8868+bno0 7740 11142 1847 1409 297 6094 290 2883
8868+bno0 7740 11142 1847 1409 297 1946 290 2883
8868+bno0 78301 1409 9072 11142 1946 290 297 78294
8868+bno0 78301 1409 9072 11142 1946 6094 297 78294
8868+bno0 78789 1409 12481 11142 6094 290 297 17600
8868+bno0 78789 1409 12481 11142 6094 1946 297 17600
8868+bno0 81000 11142 184 1409 6094 290 297 27816
8868+bno0 81000 11142 184 1409 1946 290 297 27816
8868+bno0 81127 11142 184 1409 6094 290 297 27816
8868+bno0 81127 11142 184 1409 1946 290 297 27816
7154+bno0 82116 13650 1409 290 1946 11142 6094 12978
7154+bno0 82116 13650 1409 297 1946 11142 6094 12978
8868+bno0 82664 11142 66 1409 1946 290 6094 11705
8868+bno0 82664 11142 66 1409 1946 297 6094 11705
8868+bno0 8329 11142 6794 1409 297 290 1946 43701
8868+bno0 8329 11142 6794 1409 297 6094 1946 43701
8868+bno0 83518 1409 10446 11142 1946 290 297 10930
3783+bno0 84243 37822 6094 763 11142 290 23141 73784
3783+bno0 84243 37822 6094 763 297 290 23141 73784
8868+bno0 86131 11142 6794 1409 297 290 1946 11145
8868+bno0 86131 11142 6794 1409 297 6094 1946 11145
8868+bno0 88188 1409 3402 11142 290 1946 6094 60732
8868+bno0 88188 1409 3402 11142 297 1946 6094 60732
