9080+bno0 33 1 7 2 4 11 3 177
9080+bno0 5342 1 3 177 4 11 7 2
10129+bno2 1 145 3 177 7 2 4 11
9080+bno0 7604 1 3 2 4 11 7 177
9456+bno0 41 1 3 2 4 7 177 11
6558+bno0 50 1 7 3 177 4 11 33
10129+bno2 1 65 3 177 7 2 4 11
6583+bno0 48 1 7 3 177 4 11 10
9456+bno0 70 1 3 177 4 7 2 11
12095+bno1 1 3 177 7 2 117 4 11
6583+bno0 130 1 7 3 177 4 11 10
9080+bno0 7565 1 3 2 4 11 7 177
9080+bno0 32 1 7 2 4 11 3 177
10129+bno2 1 150 3 177 7 2 4 11
9080+bno0 92 1 7 2 4 11 3 177
6581+bno0 61 1 3 7 177 4 11 22
10129+bno2 1 47 3 177 7 2 4 11
6581+bno0 80 1 3 7 177 4 11 22
9080+bno0 161 1 3 177 4 11 7 2
6583+bno0 226 1 7 3 177 4 11 10
9080+bno0 49 1 7 2 4 11 3 177
9080+bno0 56 1 7 2 4 11 3 177
6583+bno0 102 1 7 3 177 4 11 10
9080+bno0 107 1 7 177 4 11 3 2
9456+bno0 135 1 7 2 4 3 177 11
9080+bno0 146 1 3 177 4 11 7 2
9080+bno0 103 1 7 2 4 11 3 177
6558+bno0 167 1 7 3 177 4 11 33
6581+bno0 101 1 3 7 177 4 11 22
9456+bno0 162 1 7 2 4 3 177 11
9080+bno0 7598 1 3 2 4 11 7 177
9080+bno0 7602 1 3 2 4 11 7 177
9080+bno0 170 1 7 177 4 11 3 2
6554+bno0 328 1 3 7 177 4 11 5342
6418+bno0 403 1 33 3 177 4 11 50
9456+bno0 7588 1 3 2 4 7 177 11
9080+bno0 7599 1 3 2 4 11 7 177
9456+bno0 228 1 7 2 4 3 177 11
9456+bno0 295 1 7 2 4 3 177 11
9080+bno0 7601 1 3 2 4 11 7 177
6558+bno0 184 1 3 7 177 4 11 7604
11548+bno0 214 3 4 2 11 1 7 177
11548+bno0 259 7 4 2 11 1 3 177
9080+bno0 287 1 7 2 4 11 3 177
9456+bno0 216 1 3 177 4 7 2 11
9080+bno0 204 1 3 2 4 11 7 177
6583+bno0 225 1 7 3 177 4 11 10
6671+bno6 1 239 3 177 2 915 4 11
9080+bno0 371 1 3 2 4 11 7 177
6671+bno6 1 444 3 177 2 99 4 11
9080+bno0 937 1 7 2 4 11 3 177
6583+bno0 315 1 7 3 177 4 11 10
10034+bno4 1 227 7 2 3 177 11 4
11548+bno0 331 7 4 2 11 1 3 177
6583+bno0 478 1 7 3 177 4 11 10
6581+bno0 64 1 3 7 177 4 11 22
6581+bno0 1638 1 3 7 177 4 11 22
6583+bno0 201 1 7 3 177 4 11 10
9456+bno0 318 1 3 177 4 7 2 11
6554+bno0 541 1 3 7 177 4 11 146
6671+bno6 1 340 3 177 2 44 4 11
6583+bno0 383 1 7 3 177 4 11 10
6581+bno0 384 1 3 7 177 4 11 22
6583+bno0 7334 1 7 3 177 4 11 10
6581+bno0 7580 1 3 7 177 4 11 22
6583+bno0 941 1 7 3 177 4 11 10
9080+bno0 165 1 3 177 4 11 7 2
11548+bno0 333 7 4 2 11 1 3 177
6554+bno0 303 1 3 7 177 4 11 5342
6583+bno0 413 1 7 3 177 4 11 10
6667+bno6 1 422 3 177 40 129 4 11
8044+bno4 3 1 568 48 4 177 11 10
9080+bno0 7517 1 3 2 4 11 7 177
9080+bno0 815 1 7 2 4 11 3 177
6581+bno0 210 1 3 7 177 4 11 22
11548+bno0 596 3 4 2 11 1 7 177
9456+bno0 7536 1 3 2 4 7 177 11
9080+bno0 1162 1 3 2 4 11 7 177
6583+bno0 118 1 7 3 177 4 11 10
6558+bno0 147 1 3 7 177 4 11 7604
6418+bno0 195 1 33 3 177 4 11 50
6418+bno0 282 3 117 1 4 177 11 410
6581+bno0 369 1 3 7 177 4 11 22
6554+bno0 447 1 3 7 177 4 11 5342
6583+bno0 456 1 7 3 177 4 11 10
11548+bno0 483 3 4 2 11 1 7 177
4419+bno6 1 514 177 21 3 28 4 11
11548+bno0 523 3 4 2 11 1 7 177
6558+bno0 218 1 3 7 177 4 11 7604
6580+bno0 410 1 3 7 177 4 11 117
6671+bno6 1 476 3 177 2 44 4 11
6558+bno0 540 1 7 3 177 4 11 33
6554+bno0 598 1 3 7 177 4 11 5342
6558+bno0 629 1 7 3 177 4 11 33
9080+bno0 703 1 7 2 4 11 3 177
6554+bno0 705 3 1 22 4 177 11 61
6554+bno0 1235 1 3 7 177 4 11 5342
6560+bno0 273 1 7 3 177 4 11 97
6667+bno6 1 322 3 177 40 129 4 11
6555+bno0 335 1 7 3 177 4 11 5
9080+bno0 506 1 3 2 4 11 7 177
6556+bno0 612 1 3 7 177 4 11 536
6558+bno0 635 1 7 3 177 4 11 33
8044+bno4 3 1 720 226 4 177 11 10
6558+bno0 7372 1 7 3 177 4 11 33
6554+bno0 7373 1 3 7 177 4 11 5342
6581+bno0 851 1 3 7 177 4 11 22
9080+bno0 882 1 3 2 4 11 7 177
6583+bno0 967 1 7 3 177 4 11 10
6555+bno0 979 1 7 3 177 4 11 5
6583+bno0 334 1 7 3 177 4 11 10
1718+bno0 342 5342 1 3 177 4 7 328
6667+bno6 1 440 3 177 40 129 4 11
6671+bno6 1 611 3 177 2 915 4 11
4419+bno6 1 671 177 21 3 28 4 11
4419+bno6 1 677 177 21 3 28 4 11
9080+bno0 7590 1 3 2 4 11 7 177
6554+bno0 911 1 3 6 177 4 11 149
6558+bno0 960 1 7 3 177 4 11 33
6418+bno0 1241 1 33 3 177 4 11 50
6558+bno0 1349 1 7 3 177 4 11 33
6667+bno6 1 575 3 177 97 273 4 11
6583+bno0 695 1 7 3 177 4 11 10
8044+bno4 3 1 7371 48 4 177 11 10
9080+bno0 774 1 7 177 4 11 3 2
6581+bno0 940 1 3 7 177 4 11 22
9080+bno0 969 1 7 2 4 11 3 177
6554+bno0 1008 1 3 7 177 4 11 7600
3783+bno0 1012 121 3 4 177 11 1 343
6555+bno0 1065 1 7 3 177 4 11 5
6583+bno0 1078 1 7 3 177 4 11 10
6583+bno0 1137 1 7 3 177 4 11 10
2348+bno0 1176 46 3 1 4 11 177 3133
9080+bno0 1456 1 7 2 4 11 3 177
6583+bno0 1762 1 7 3 177 4 11 10
6559+bno0 1918 1 3 7 177 4 11 272
6554+bno0 294 1 3 7 177 4 11 5342
6559+bno0 426 1 3 7 177 4 11 272
6554+bno0 436 1 3 6 177 4 11 138
1774+bno0 448 915 1 3 177 4 2 239
6554+bno0 477 1 3 6 177 4 11 138
8044+bno4 3 1 481 102 4 177 11 10
6667+bno6 1 502 3 177 40 129 4 11
6554+bno0 555 3 1 22 4 177 11 80
6671+bno6 1 608 3 177 2 44 4 11
2348+bno0 616 84 1 3 177 11 4 324
9080+bno0 640 1 3 2 4 11 7 177
6667+bno6 1 713 3 177 40 129 4 11
6418+bno0 721 1 33 3 177 4 11 50
6583+bno0 741 1 7 3 177 4 11 10
9080+bno0 7554 1 3 2 4 11 7 177
6554+bno0 7556 1 3 7 177 4 11 5342
6418+bno0 778 1 33 3 177 4 11 50
6671+bno6 1 803 3 177 2 44 4 11
11548+bno0 810 3 4 2 11 1 7 177
6555+bno0 825 1 7 3 177 4 11 5
6583+bno0 975 1 7 3 177 4 11 10
6583+bno0 1011 1 7 3 177 4 11 90
6583+bno0 1018 1 7 3 177 4 11 10
6583+bno0 1031 1 7 3 177 4 11 10
9080+bno0 1033 1 3 2 4 11 7 177
6583+bno0 1040 1 7 3 177 4 11 10
6561+bno0 1095 1 7 3 177 4 11 63
6557+bno0 1099 1 3 7 177 4 11 145
1718+bno0 1101 5342 1 3 177 4 7 328
6583+bno0 1111 1 7 3 177 4 11 10
6558+bno0 1130 1 7 3 177 4 11 33
6581+bno0 1132 1 3 7 177 4 11 22
6558+bno0 1144 1 7 3 177 4 11 33
6583+bno0 1150 1 7 3 177 4 11 10
6558+bno0 1166 1 7 3 177 4 11 33
2348+bno0 1257 7604 3 1 4 11 177 218
6558+bno0 1314 1 7 3 177 4 11 33
6583+bno0 1327 1 7 3 177 4 11 10
6555+bno0 1376 1 7 3 177 4 11 5
9080+bno0 1523 1 7 177 4 11 3 2
6555+bno0 1868 1 7 3 177 4 11 5
9080+bno0 2280 1 7 2 4 11 3 177
6558+bno0 307 1 7 3 177 4 11 32
6581+bno0 539 1 3 7 177 4 11 22
6583+bno0 569 1 7 3 177 4 11 10
1774+bno0 571 915 1 3 177 4 2 239
6554+bno0 617 3 1 22 4 177 11 1638
6558+bno0 648 1 7 3 177 4 11 92
8044+bno4 3 1 7402 48 4 177 11 10
6558+bno0 7411 1 7 3 177 4 11 32
9080+bno0 750 1 3 2 4 11 7 177
6557+bno0 786 1 3 7 177 4 11 65
6581+bno0 869 1 3 7 177 4 11 22
9080+bno0 878 1 3 2 4 11 7 177
6583+bno0 914 1 7 3 177 4 11 10
4419+bno6 1 931 177 21 3 28 4 11
1718+bno0 1016 61 3 1 4 177 22 705
10034+bno4 1 1054 7 2 3 177 11 4
6671+bno6 1 1062 3 177 2 206 4 11
6559+bno0 1077 1 3 7 177 4 11 51
6667+bno6 1 1089 3 177 40 129 4 11
8044+bno4 3 1 1094 48 4 177 11 10
6583+bno0 1146 1 7 3 177 4 11 10
6554+bno0 1161 1 7 3 177 4 11 656
9080+bno0 1171 1 3 2 4 11 7 177
6555+bno0 1192 1 7 3 177 4 11 5
6555+bno0 1194 1 7 3 177 4 11 5
6667+bno6 1 1227 3 177 40 129 4 11
6418+bno0 1236 1 33 3 177 4 11 50
8044+bno4 3 1 1252 226 4 177 11 10
6581+bno0 1258 1 3 7 177 4 11 22
6558+bno0 1280 1 7 3 177 4 11 33
6583+bno0 1307 1 7 3 177 4 11 10
6555+bno0 1372 1 7 3 177 4 11 5
6418+bno0 1417 1 33 3 177 4 11 50
6418+bno0 1428 1 33 3 177 4 11 50
6583+bno0 1430 1 7 3 177 4 11 10
6580+bno0 1488 1 3 7 177 4 11 117
9080+bno0 1524 1 7 2 4 11 3 177
6554+bno0 1559 1 3 13 177 4 11 127
6671+bno6 1 1559 3 177 2 206 4 11
1850+bno0 1629 48 3 1 4 177 10 7371
1850+bno0 1633 48 3 1 4 177 10 568
8044+bno4 3 1 1646 130 4 177 11 10
6555+bno0 1859 1 7 3 177 4 11 5
2348+bno0 1931 84 1 3 177 11 4 324
6671+bno6 1 1935 3 177 2 209 4 11
6558+bno0 2231 1 3 7 177 4 11 7565
6585+bno0 246 1 7 3 177 4 11 95
1718+bno0 387 5342 1 3 177 4 7 303
6558+bno0 421 1 7 3 177 4 11 56
6559+bno0 551 1 7 3 177 4 11 135
6554+bno0 577 1 3 7 177 4 11 614
6418+bno0 633 1 33 3 177 4 11 50
6581+bno0 685 1 3 7 177 4 11 22
6583+bno0 719 1 7 3 177 4 11 10
8044+bno4 3 1 7413 225 4 177 11 10
6583+bno0 7438 1 7 3 177 4 11 10
8044+bno4 3 1 7511 48 4 177 11 10
4419+bno6 1 7561 177 21 3 28 4 11
6555+bno0 826 1 7 3 177 4 11 5
6667+bno6 1 845 3 177 40 129 4 11
6418+bno0 875 1 33 3 177 4 11 50
6555+bno0 893 1 7 3 177 4 11 5
6554+bno0 894 1 7 3 177 4 11 34
6560+bno0 925 1 7 3 177 4 11 97
6583+bno0 935 1 7 3 177 4 11 10
6560+bno0 996 1 7 3 177 4 11 97
6671+bno6 1 1002 3 177 2 382 4 11
4419+bno6 1 1007 177 21 3 28 4 11
8044+bno4 3 1 1013 102 4 177 11 10
6554+bno0 1058 1 7 3 177 4 11 107
6667+bno6 1 1096 3 177 40 129 4 11
4419+bno6 1 1122 177 21 3 254 4 11
8044+bno4 3 1 1124 863 4 177 11 42
6558+bno0 1181 1 7 3 177 4 11 244
6667+bno6 1 1220 3 177 40 129 4 11
4419+bno6 1 1255 177 21 3 28 4 11
6671+bno6 1 1259 3 177 2 99 4 11
6585+bno0 1277 1 3 7 177 4 11 156
9080+bno0 1310 1 3 2 4 11 7 177
9080+bno0 1347 1 7 2 4 11 3 177
6554+bno0 1366 1 7 3 177 4 11 460
1774+bno0 1419 129 1 3 177 4 40 422
8044+bno4 3 1 1420 48 4 177 11 10
6583+bno0 1424 1 7 3 177 4 11 10
6558+bno0 1425 1 7 3 177 4 11 92
8044+bno4 3 1 1432 226 4 177 11 10
6558+bno0 1506 1 7 3 177 4 11 32
6554+bno0 1549 1 3 6 177 4 11 431
6554+bno0 1577 1 7 3 177 4 11 12
6667+bno6 1 1614 3 177 40 129 4 11
6671+bno6 1 1624 3 177 2 238 4 11
1774+bno0 1630 99 1 3 177 4 2 444
6557+bno0 1647 1 3 7 177 4 11 150
6557+bno0 1651 1 3 7 177 4 11 65
8044+bno4 3 1 1654 226 4 177 11 10
8044+bno4 3 1 1655 226 4 177 11 10
4229+bno0 1656 3 18 4 1 177 11 729
8044+bno4 3 1 1659 130 4 177 11 10
6557+bno0 1662 1 3 7 177 4 11 65
6583+bno0 1673 1 7 3 177 4 11 10
3783+bno0 1686 76 3 4 177 11 1 678
6554+bno0 1688 3 1 22 4 177 11 384
1718+bno0 1695 50 1 3 177 4 33 403
4229+bno0 1701 3 15 4 1 177 11 682
4229+bno0 1710 3 18 4 1 177 11 630
6581+bno0 1744 1 3 7 177 4 11 22
9080+bno0 1757 1 3 2 4 11 7 177
6558+bno0 1766 1 7 3 177 4 11 33
6558+bno0 1774 1 7 3 177 4 11 32
6583+bno0 1797 1 7 3 177 4 11 10
6558+bno0 1821 1 7 3 177 4 11 92
6558+bno0 1833 1 7 3 177 4 11 33
11548+bno0 1835 7 4 2 11 1 3 177
6554+bno0 1851 3 1 22 4 177 11 61
6671+bno6 1 1855 3 177 2 206 4 11
6578+bno0 1864 1 7 3 177 4 11 247
6671+bno5 3 1978 1 4 9 513 177 11
4419+bno6 1 2009 177 21 3 254 4 11
1718+bno0 2045 5342 1 3 177 4 7 303
2348+bno0 2067 7552 1 3 177 11 4 1625
4419+bno6 1 2069 177 21 3 254 4 11
2348+bno0 213 7604 3 1 4 11 177 218
6558+bno0 2318 1 7 3 177 4 11 244
6558+bno0 245 1 7 3 177 4 11 244
6557+bno0 2857 1 3 7 177 4 11 145
6557+bno0 581 1 3 7 177 4 11 150
6578+bno0 582 1 3 7 177 4 11 179
1850+bno0 628 102 3 1 4 177 10 481
6578+bno0 644 1 7 3 177 4 11 7341
6671+bno6 1 662 3 177 2 44 4 11
8044+bno4 3 1 679 863 4 177 11 42
6555+bno0 692 1 7 3 177 4 11 5
6557+bno0 737 1 3 7 177 4 11 145
6554+bno0 7418 1 3 7 177 4 11 5342
6558+bno0 7428 1 7 3 177 4 11 33
6554+bno0 7430 1 3 7 177 4 11 5342
6560+bno0 7451 1 7 3 177 4 11 97
6559+bno0 7526 1 3 7 177 4 11 51
6578+bno0 7527 1 3 7 177 4 11 179
6582+bno0 7529 1 7 3 177 4 11 331
6554+bno0 7529 1 7 3 177 4 11 656
6581+bno0 7555 1 3 7 177 4 11 22
6555+bno0 756 1 3 7 177 4 11 216
6557+bno0 7572 1 3 7 177 4 11 65
3783+bno0 828 121 3 4 177 11 1 325
6667+bno6 1 847 3 177 40 129 4 11
6671+bno6 1 852 3 177 2 137 4 11
8044+bno4 3 1 856 102 4 177 11 10
6667+bno6 1 908 3 177 40 129 4 11
6560+bno0 919 1 7 3 177 4 11 97
1774+bno0 921 44 1 3 177 4 2 340
6667+bno6 1 991 3 177 40 129 4 11
6667+bno6 1 998 3 177 40 129 4 11
6554+bno0 1000 1 7 3 177 4 11 509
6583+bno0 1044 1 7 3 177 4 11 10
6585+bno0 1045 1 7 3 177 4 11 95
6667+bno6 1 1079 3 177 40 129 4 11
6667+bno6 1 1080 3 177 40 129 4 11
6667+bno6 1 1081 3 177 40 129 4 11
6667+bno6 1 1082 3 177 40 129 4 11
1774+bno0 1110 915 1 3 177 4 2 239
6581+bno0 1113 1 3 7 177 4 11 22
2827+bno4 1 1115 153 3 177 1692 4 11
6667+bno6 1 1219 3 177 40 129 4 11
8044+bno4 3 1 1244 102 4 177 11 10
8044+bno4 3 1 1247 102 4 177 11 10
1718+bno0 1262 146 1 3 177 4 7 541
6581+bno0 1278 1 3 7 177 4 11 22
6671+bno5 3 1299 1 4 9 176 177 11
6581+bno0 1301 1 3 7 177 4 11 22
6582+bno0 1341 1 3 7 177 4 11 523
6555+bno0 1373 1 7 3 177 4 11 5
6667+bno6 1 1416 3 177 40 129 4 11
6667+bno6 1 1422 3 177 40 129 4 11
1774+bno0 1435 273 1 3 177 4 97 575
8044+bno4 3 1 1439 130 4 177 11 10
2348+bno0 1443 7604 3 1 4 11 177 218
1718+bno0 1446 5342 1 3 177 4 7 303
6557+bno0 1460 1 3 7 177 4 11 65
6557+bno0 1463 1 3 7 177 4 11 150
1774+bno0 1464 915 1 3 177 4 2 239
4229+bno0 1467 3 18 4 1 177 11 866
6554+bno0 1504 3 1 22 4 177 11 80
6554+bno0 1507 1 3 7 177 4 11 146
6554+bno0 1527 1 7 3 177 4 11 170
6558+bno0 1539 1 7 3 177 4 11 56
6671+bno6 1 1543 3 177 2 553 4 11
9080+bno0 1548 1 7 2 4 11 3 177
6583+bno0 1573 1 7 3 177 4 11 10
6578+bno0 1575 1 7 3 177 4 11 247
6667+bno6 1 1612 3 177 97 273 4 11
6558+bno0 1620 1 7 3 177 4 11 92
2348+bno0 1622 237 1 3 177 11 4 913
2348+bno0 1626 84 1 3 177 11 4 339
1718+bno0 1627 146 1 3 177 4 7 541
6554+bno0 1639 3 1 22 4 177 11 539
6418+bno0 1667 1 33 3 177 4 11 50
6667+bno6 1 1669 3 177 97 273 4 11
2348+bno0 1669 536 1 3 177 11 4 612
4419+bno6 1 1674 177 21 3 28 4 11
8044+bno4 3 1 1675 478 4 177 11 10
1627+bno7 4 1680 3 328 5342 7 342 177
6557+bno0 1685 1 3 7 177 4 11 150
6418+bno0 1751 1 33 3 177 4 11 50
6557+bno0 1761 1 3 7 177 4 11 145
6554+bno0 1789 1 3 7 177 4 11 5342
4419+bno6 1 1798 177 21 3 530 4 11
6582+bno0 1802 1 7 3 177 4 11 259
6554+bno0 1814 3 1 22 4 177 11 61
6554+bno0 1825 1 7 3 177 4 11 435
6554+bno0 1825 1 7 3 177 4 11 885
6554+bno0 1838 1 3 7 177 4 11 645
6555+bno0 1854 1 7 3 177 4 11 5
8044+bno4 3 1 1857 413 4 177 11 10
6554+bno0 1861 1 7 3 177 4 11 12
4229+bno0 1869 1 5 177 3 4 11 1868
6585+bno0 1874 1 7 3 177 4 11 95
6557+bno0 1915 1 3 7 177 4 11 145
8044+bno4 3 1 1920 48 4 177 11 10
6418+bno0 1932 1 33 3 177 4 11 50
1850+bno0 1949 225 3 1 4 177 10 7413
1850+bno0 1950 225 3 1 4 177 10 7413
6671+bno6 1 1951 3 177 2 108 4 11
2348+bno0 1954 46 3 1 4 11 177 3133
6554+bno0 1959 1 7 3 177 4 11 53
1774+bno0 1962 915 1 3 177 4 2 611
6418+bno0 1964 1 33 3 177 4 11 167
6583+bno0 1967 1 7 3 177 4 11 10
6554+bno0 1969 1 3 6 177 4 11 149
1718+bno0 1971 5342 1 3 177 4 7 447
6671+bno6 1 1973 3 177 2 217 4 11
6418+bno0 1974 1 33 3 177 4 11 50
6418+bno0 1975 1 33 3 177 4 11 50
6671+bno6 1 1976 3 177 2 1929 4 11
6583+bno0 1981 1 7 3 177 4 11 10
6557+bno0 1984 1 3 7 177 4 11 65
1276+bno5 1 1987 84 3 177 324 1931 4
6583+bno0 1988 1 7 3 177 4 11 10
6583+bno0 1992 1 7 3 177 4 11 10
6671+bno6 1 1993 3 177 2 99 4 11
6671+bno6 1 1994 3 177 2 217 4 11
6557+bno0 1999 1 3 7 177 4 11 150
6671+bno6 1 2005 3 177 2 108 4 11
6558+bno0 2007 1 7 3 177 4 11 33
6671+bno6 1 2010 3 177 2 263 4 11
1718+bno0 2011 50 1 3 177 4 33 778
1718+bno0 2013 5342 1 3 177 4 7 1235
1774+bno0 2013 129 1 3 177 4 40 322
6671+bno6 1 2019 3 177 2 99 4 11
4419+bno6 1 2029 177 21 3 28 4 11
4419+bno6 1 2031 177 21 3 28 4 11
1276+bno5 3 2032 7604 1 4 218 1257 177
6583+bno0 2038 1 7 3 177 4 11 90
1774+bno0 2048 99 1 3 177 4 2 444
3783+bno0 2050 76 3 4 177 11 1 678
6578+bno0 2054 1 3 7 177 4 11 330
4419+bno6 1 2064 177 21 3 28 4 11
6557+bno0 2071 1 3 7 177 4 11 65
6555+bno0 2074 1 3 7 177 4 11 216
6581+bno0 2079 1 3 7 177 4 11 22
1774+bno0 2082 44 1 3 177 4 2 476
2348+bno0 2084 7550 1 3 177 11 4 1462
6418+bno0 2088 1 33 3 177 4 11 629
6671+bno6 1 2094 3 177 2 137 4 11
6671+bno6 1 2123 3 177 2 389 4 11
6558+bno0 2132 1 3 7 177 4 11 7565
6558+bno0 2150 1 7 3 177 4 11 33
6559+bno0 2151 1 3 7 177 4 11 51
6581+bno0 2159 1 3 7 177 4 11 22
6581+bno0 2171 1 3 7 177 4 11 22
6555+bno0 2175 1 3 7 177 4 11 70
6418+bno0 2182 1 33 3 177 4 11 50
6583+bno0 2188 1 7 3 177 4 11 10
6671+bno5 3 2191 1 4 9 176 177 11
6580+bno0 2193 1 3 7 177 4 11 117
6554+bno0 2197 1 3 7 177 4 11 146
6583+bno0 2204 1 7 3 177 4 11 10
6583+bno0 2215 1 7 3 177 4 11 10
6554+bno0 2218 1 3 7 177 4 11 7600
6554+bno0 2219 1 3 7 177 4 11 146
6554+bno0 2224 1 7 3 177 4 11 170
6555+bno0 2230 1 3 7 177 4 11 801
6671+bno6 1 2245 3 177 2 137 4 11
6583+bno0 2250 1 7 3 177 4 11 10
6557+bno0 2251 1 3 7 177 4 11 145
6581+bno0 2255 1 3 7 177 4 11 22
6554+bno0 2274 1 3 7 177 4 11 110
6554+bno0 2309 1 3 7 177 4 11 110
6581+bno0 2310 1 3 7 177 4 11 22
9080+bno0 2311 1 7 2 4 11 3 177
6581+bno0 2317 1 3 7 177 4 11 22
6555+bno0 2335 1 7 3 177 4 11 5
6554+bno0 2350 1 7 3 177 4 11 34
6555+bno0 2354 1 7 3 177 4 11 5
6554+bno0 2357 1 7 3 177 4 11 81
6555+bno0 2360 1 7 3 177 4 11 5
6583+bno0 2362 1 7 3 177 4 11 116
6555+bno0 2363 1 7 3 177 4 11 5
6554+bno0 2370 1 7 3 177 4 11 433
6671+bno6 1 2527 3 177 2 137 4 11
2827+bno4 3 2555 272 1 4 426 177 11
6554+bno0 2580 3 1 22 4 177 11 101
2348+bno0 2583 84 1 3 177 11 4 324
2827+bno4 1 2599 65 3 177 786 4 11
4419+bno6 1 2620 177 21 3 28 4 11
6671+bno5 3 2634 1 4 9 176 177 11
6554+bno0 2655 3 1 22 4 177 11 1638
4229+bno0 2722 3 15 4 1 177 11 682
6583+bno0 2787 1 7 3 177 4 11 10
6554+bno0 2816 3 1 22 4 177 11 64
6554+bno0 2925 3 1 22 4 177 11 80
6558+bno0 2932 1 7 3 177 4 11 33
6559+bno0 2979 1 3 7 177 4 11 41
6671+bno6 1 3097 3 177 2 915 4 11
6583+bno0 310 1 7 3 177 4 11 116
1774+bno0 3172 99 1 3 177 4 2 444
6554+bno0 3186 3 1 22 4 177 11 61
6559+bno0 3267 1 7 3 177 4 11 135
3783+bno0 414 121 3 4 177 11 1 325
4229+bno0 4311 3 18 4 1 177 11 729
6554+bno0 556 1 3 7 177 4 11 221
6667+bno6 1 659 3 177 40 129 4 11
1718+bno0 714 50 1 3 177 4 33 403
1718+bno0 724 410 3 1 4 177 117 282
2827+bno4 1 7396 45 3 177 7520 4 11
2827+bno4 1 7409 45 3 177 7571 4 11
2827+bno4 1 7414 45 3 177 7520 4 11
6554+bno0 7433 3 1 22 4 177 11 61
2348+bno0 7437 106 1 3 177 11 4 297
6557+bno0 7440 1 3 7 177 4 11 145
6667+bno6 1 7452 3 177 97 7451 4 11
6554+bno0 7531 1 3 13 177 4 11 127
6556+bno0 7539 1 7 3 177 4 11 111
6554+bno0 7541 1 7 3 177 4 11 433
4229+bno0 824 3 18 4 1 177 11 220
6667+bno6 1 843 3 177 40 129 4 11
1718+bno0 867 138 1 3 177 4 6 477
3783+bno0 930 76 3 4 177 11 1 678
2348+bno0 936 562 1 3 177 11 4 1466
4229+bno0 959 3 18 4 1 177 11 220
4229+bno0 972 1 5 177 3 4 11 1194
6554+bno0 974 1 3 6 177 4 11 149
6555+bno0 982 1 7 3 177 4 11 5
6667+bno6 1 997 3 177 40 129 4 11
8044+bno4 3 1 1005 102 4 177 11 10
6585+bno0 104 1 7 3 177 4 11 95
6671+bno6 1 105 3 177 2 241 4 11
6667+bno6 1 1092 3 177 40 129 4 11
6667+bno6 1 1097 3 177 40 129 4 11
6667+bno6 1 1211 3 177 40 129 4 11
6667+bno6 1 1213 3 177 40 129 4 11
6667+bno6 1 1215 3 177 40 129 4 11
6667+bno6 1 1216 3 177 40 129 4 11
6667+bno6 1 1217 3 177 40 129 4 11
6667+bno6 1 1223 3 177 40 129 4 11
6667+bno6 1 1228 3 177 40 129 4 11
6667+bno6 1 1231 3 177 40 129 4 11
6554+bno0 1238 1 3 154 177 4 11 441
1718+bno0 1253 50 1 3 177 4 33 778
1718+bno0 1266 410 3 1 4 177 117 282
1276+bno5 1 1275 562 3 177 1466 936 4
6554+bno0 1291 3 1 17 4 177 11 516
6671+bno6 1 1330 3 177 2 189 4 11
8044+bno4 3 1 1334 225 4 177 11 10
6554+bno0 1344 1 3 7 177 4 11 221
6554+bno0 1345 1 3 13 177 4 11 3041
6554+bno0 1374 1 7 3 177 4 11 12
6667+bno6 1 1403 3 177 40 129 4 11
6667+bno6 1 1406 3 177 40 129 4 11
6667+bno6 1 1408 3 177 40 129 4 11
6667+bno6 1 1410 3 177 40 129 4 11
6667+bno6 1 1411 3 177 40 129 4 11
6667+bno6 1 1412 3 177 40 129 4 11
6667+bno6 1 1414 3 177 40 129 4 11
6667+bno6 1 1418 3 177 40 129 4 11
6671+bno6 1 1429 3 177 2 44 4 11
8044+bno4 3 1 1434 102 4 177 11 10
6561+bno0 1551 1 7 3 177 4 11 63
6671+bno6 1 1561 3 177 2 553 4 11
8044+bno4 3 1 1563 975 4 177 11 10
6558+bno0 1567 1 7 3 177 4 11 56
6554+bno0 1572 1 3 7 177 4 11 6369
3783+bno0 1581 34 1 177 4 11 3 894
6578+bno0 1604 1 3 7 177 4 11 179
6667+bno6 1 1608 3 177 40 129 4 11
6667+bno6 1 1609 3 177 40 129 4 11
2827+bno4 3 1631 798 1 4 1486 177 11
1774+bno0 1645 915 1 3 177 4 2 239
2348+bno0 1677 380 1 3 177 11 4 676
6560+bno0 1706 1 7 3 177 4 11 97
6554+bno0 1707 1 3 7 177 4 11 348
6671+bno6 1 1729 3 177 2 44 4 11
6418+bno0 1756 1 33 3 177 4 11 50
6583+bno0 1772 1 7 3 177 4 11 10
6671+bno6 1 1773 3 177 2 60 4 11
6554+bno0 1799 1 3 13 177 4 11 952
6554+bno0 1823 1 7 3 177 4 11 754
6585+bno0 1829 1 7 3 177 4 11 95
6554+bno0 1848 1 3 13 177 4 11 597
6554+bno0 1852 1 3 7 177 4 11 146
6554+bno0 1862 1 3 13 177 4 11 597
6558+bno0 1865 1 7 3 177 4 11 93
6555+bno0 1872 1 7 3 177 4 11 5
3783+bno0 1880 462 3 4 177 11 1 1878
6418+bno0 1924 3 37 1 4 177 11 657
2348+bno0 1934 84 1 3 177 11 4 324
1774+bno0 1937 44 1 3 177 4 2 340
6557+bno0 1939 1 3 7 177 4 11 65
2348+bno0 1940 84 1 3 177 11 4 324
1774+bno0 1944 44 1 3 177 4 2 340
1774+bno0 1945 44 1 3 177 4 2 340
6418+bno0 1948 1 33 3 177 4 11 50
2348+bno0 1953 84 1 3 177 11 4 324
1774+bno0 1958 915 1 3 177 4 2 239
6554+bno0 1961 1 7 3 177 4 11 170
1774+bno0 1972 915 1 3 177 4 2 239
6671+bno6 1 1980 3 177 2 475 4 11
8044+bno4 3 1 1990 102 4 177 11 10
3783+bno0 1991 121 3 4 177 11 1 343
6554+bno0 2015 1 7 3 177 4 11 358
6557+bno0 2018 1 3 7 177 4 11 65
1276+bno5 1 2020 153 3 177 1692 1115 4
4419+bno6 1 2022 177 21 3 28 4 11
2348+bno0 2023 84 1 3 177 11 4 324
1718+bno0 2026 146 1 3 177 4 7 541
4419+bno6 1 2028 177 21 3 28 4 11
1629+bno7 1 2030 177 28 21 3 514 4
6554+bno0 2034 3 1 22 4 177 11 369
2348+bno0 2035 84 1 3 177 11 4 324
1774+bno0 2039 273 1 3 177 4 97 575
1774+bno0 2040 273 1 3 177 4 97 575
6554+bno0 2042 3 1 22 4 177 11 369
1627+bno7 4 2044 3 328 5342 7 342 177
6554+bno0 2073 1 3 6 177 4 11 1461
8044+bno4 3 1 2075 932 4 177 11 42
1774+bno0 2076 915 1 3 177 4 2 239
8044+bno4 3 1 2081 1103 4 177 11 30
8044+bno4 3 1 2085 1269 4 177 11 42
8044+bno4 3 1 2114 48 4 177 11 10
8044+bno4 3 1 2116 48 4 177 11 10
6554+bno0 2131 3 1 7603 4 177 11 1479
6559+bno0 2133 1 3 7 177 4 11 51
6554+bno0 2154 1 7 3 177 4 11 589
6585+bno0 2156 1 3 7 177 4 11 156
2348+bno0 2158 143 3 1 4 11 177 1026
6418+bno0 2161 3 38 1 4 177 11 947
6671+bno6 1 2184 3 177 2 60 4 11
6583+bno0 2190 1 7 3 177 4 11 10
6558+bno0 2195 1 3 7 177 4 11 52
2827+bno4 3 2203 798 1 4 1769 177 11
6558+bno0 2205 1 3 7 177 4 11 7565
6558+bno0 2214 1 7 3 177 4 11 969
6559+bno0 2222 1 3 7 177 4 11 7588
6554+bno0 2226 1 3 7 177 4 11 146
6581+bno0 2239 1 3 7 177 4 11 22
6556+bno0 2242 1 7 3 177 4 11 136
6558+bno0 2259 1 3 7 177 4 11 7590
6554+bno0 2264 1 7 3 177 4 11 170
6554+bno0 2294 1 3 6 177 4 11 149
6558+bno0 2329 1 7 3 177 4 11 244
6558+bno0 2337 1 7 3 177 4 11 56
6554+bno0 2341 1 7 3 177 4 11 641
6554+bno0 2343 1 3 7 177 4 11 645
6554+bno0 2345 1 7 3 177 4 11 509
6554+bno0 2347 1 7 3 177 4 11 288
6557+bno0 2348 1 3 7 177 4 11 145
6554+bno0 2349 1 7 3 177 4 11 1367
4229+bno0 2359 1 5 177 3 4 11 979
6554+bno0 2366 3 1 22 4 177 11 61
6554+bno0 2373 1 7 3 177 4 11 173
6554+bno0 2382 1 7 3 177 4 11 7380
6583+bno0 2387 1 7 3 177 4 11 116
6671+bno6 1 2450 3 177 2 200 4 11
6554+bno0 2451 1 3 6 177 4 11 149
6418+bno0 2452 3 37 1 4 177 11 657
6561+bno0 2453 1 7 3 177 4 11 63
6671+bno6 1 2455 3 177 2 99 4 11
6557+bno0 2456 1 3 7 177 4 11 145
6418+bno0 2457 3 37 1 4 177 11 990
6418+bno0 2458 3 37 1 4 177 11 990
1774+bno0 2463 44 1 3 177 4 2 340
6671+bno6 1 2466 3 177 2 209 4 11
6557+bno0 2469 1 3 7 177 4 11 145
6671+bno6 1 2470 3 177 2 1090 4 11
6554+bno0 2475 1 7 3 177 4 11 774
6559+bno0 2476 1 3 7 177 4 11 272
6667+bno6 1 2477 3 177 40 1226 4 11
1775+bno0 2478 129 1 3 177 4 40 717
6561+bno0 2483 1 7 3 177 4 11 63
2348+bno0 2484 84 1 3 177 11 4 339
6671+bno5 3 2491 1 4 9 443 177 11
6418+bno0 2493 1 33 3 177 4 11 7372
6671+bno5 3 2496 1 4 9 443 177 11
6554+bno0 2501 1 3 154 177 4 11 441
8044+bno4 3 1 2503 225 4 177 11 10
1774+bno0 2505 915 1 3 177 4 2 611
6671+bno6 1 2512 3 177 2 355 4 11
1774+bno0 2517 915 1 3 177 4 2 611
6583+bno0 2519 1 7 3 177 4 11 10
6671+bno6 1 2525 3 177 2 217 4 11
6671+bno6 1 2526 3 177 2 137 4 11
1718+bno0 2528 50 1 3 177 4 33 1428
4419+bno6 1 2534 177 21 3 669 4 11
1774+bno0 2535 915 1 3 177 4 2 239
1718+bno0 2536 5342 1 3 177 4 7 7373
6671+bno5 3 2537 1 4 9 467 177 11
6671+bno5 3 2538 1 4 9 467 177 11
6671+bno5 3 2539 1 4 9 513 177 11
1276+bno5 1 2540 237 3 177 913 1622 4
2827+bno4 1 2542 45 3 177 920 4 11
1850+bno0 2543 102 3 1 4 177 10 856
6557+bno0 2544 1 3 7 177 4 11 65
6557+bno0 2545 1 3 7 177 4 11 150
8044+bno4 3 1 2547 383 4 177 11 10
6554+bno0 2548 1 7 3 177 4 11 509
8044+bno4 3 1 2549 130 4 177 11 10
8044+bno4 3 1 2551 130 4 177 11 10
8044+bno4 3 1 2553 226 4 177 11 10
6583+bno0 2558 1 7 3 177 4 11 10
8044+bno4 3 1 2560 478 4 177 11 10
1774+bno0 2562 915 1 3 177 4 2 239
1718+bno0 2563 50 1 3 177 4 33 1241
6557+bno0 2564 1 3 7 177 4 11 150
1774+bno0 2567 44 1 3 177 4 2 476
1774+bno0 2569 44 1 3 177 4 2 476
8044+bno4 3 1 2572 130 4 177 11 10
8044+bno4 3 1 2575 130 4 177 11 10
1774+bno0 2578 1929 1 3 177 4 2 1976
6583+bno0 2582 1 7 3 177 4 11 10
4419+bno6 1 2585 177 21 3 28 4 11
1276+bno5 3 2587 7604 1 4 218 1257 177
1718+bno0 2588 5342 1 3 177 4 7 1235
6418+bno0 2591 1 33 3 177 4 11 540
2348+bno0 2592 380 1 3 177 11 4 676
6671+bno6 1 2593 3 177 2 504 4 11
6558+bno0 2596 1 7 3 177 4 11 33
6671+bno6 1 2597 3 177 2 1409 4 11
1718+bno0 2601 5342 1 3 177 4 7 328
4419+bno6 1 2602 177 21 3 28 4 11
8044+bno4 3 1 2603 478 4 177 11 10
4419+bno6 1 2604 177 21 3 28 4 11
1718+bno0 2606 50 1 3 177 4 33 195
6671+bno6 1 2610 3 177 2 108 4 11
3783+bno0 2612 76 3 4 177 11 1 678
6554+bno0 2613 3 1 17 4 177 11 1989
6556+bno0 2614 1 3 7 177 4 11 536
6554+bno0 2615 1 3 6 177 4 11 728
6671+bno6 1 2624 3 177 2 99 4 11
2348+bno0 2627 224 1 3 177 11 4 1653
8044+bno4 3 1 2629 863 4 177 11 42
2348+bno0 2635 23 1 3 177 11 4 1402
6581+bno0 2638 1 3 7 177 4 11 22
6671+bno5 3 2640 1 4 9 622 177 11
6667+bno6 1 2641 3 177 40 792 4 11
1774+bno0 2642 915 1 3 177 4 2 239
6556+bno0 2643 1 3 7 177 4 11 536
6671+bno5 3 2645 1 4 9 622 177 11
6559+bno0 2647 1 3 7 177 4 11 272
4229+bno0 2652 3 255 4 1 177 11 7375
6671+bno5 3 2653 1 4 9 132 177 11
6671+bno6 1 2657 3 177 2 206 4 11
1629+bno7 1 2658 177 28 21 3 514 4
6418+bno0 2659 1 33 3 177 4 11 167
1718+bno0 2661 5342 1 3 177 4 7 328
6671+bno6 1 2663 3 177 2 108 4 11
8044+bno4 3 1 2664 314 4 177 11 30
6671+bno6 1 2665 3 177 2 532 4 11
2348+bno0 2668 54 1 3 177 11 4 368
8044+bno4 3 1 2674 1269 4 177 11 42
8044+bno4 3 1 2677 48 4 177 11 10
1718+bno0 2680 5342 1 3 177 4 7 303
6554+bno0 2681 3 1 17 4 177 11 580
6557+bno0 2682 1 3 7 177 4 11 65
1718+bno0 2691 5342 1 3 177 4 7 1235
6554+bno0 2697 3 1 17 4 177 11 1989
1718+bno0 2699 50 1 3 177 4 33 403
6671+bno5 3 2701 1 4 9 132 177 11
6580+bno0 2702 1 3 7 177 4 11 117
6554+bno0 2705 3 1 17 4 177 11 580
2348+bno0 2711 23 1 3 177 11 4 844
4229+bno0 2715 3 15 4 1 177 11 682
6671+bno6 1 2717 3 177 2 137 4 11
4229+bno0 2721 3 15 4 1 177 11 682
6667+bno6 1 2724 3 177 40 792 4 11
6554+bno0 2726 3 1 22 4 177 11 940
6667+bno6 1 2728 3 177 40 792 4 11
6555+bno0 2729 1 3 7 177 4 11 253
6554+bno0 2732 3 1 22 4 177 11 210
8044+bno4 3 1 2734 48 4 177 11 10
6555+bno0 2736 1 3 7 177 4 11 253
8044+bno4 3 1 2741 48 4 177 11 10
6581+bno0 2745 1 3 7 177 4 11 22
2827+bno4 3 2751 272 1 4 1918 177 11
6554+bno0 2755 3 1 17 4 177 11 542
4229+bno0 2757 3 18 4 1 177 11 1477
6671+bno5 3 2769 1 4 9 1726 177 11
6581+bno0 2773 1 3 7 177 4 11 22
6583+bno0 2778 1 7 3 177 4 11 10
3783+bno0 2788 256 3 4 177 11 1 2790
6559+bno0 2798 1 3 7 177 4 11 51
6580+bno0 2805 1 3 7 177 4 11 117
6558+bno0 2809 1 7 3 177 4 11 33
6671+bno5 3 2811 1 4 9 4934 177 11
6581+bno0 2817 1 3 7 177 4 11 22
6557+bno0 2822 1 3 7 177 4 11 150
6585+bno0 2824 1 3 7 177 4 11 156
1718+bno0 2827 5342 1 3 177 4 7 294
1718+bno0 2829 5342 1 3 177 4 7 294
6558+bno0 2831 1 3 7 177 4 11 640
6418+bno0 2836 3 38 1 4 177 11 793
6671+bno6 1 2842 3 177 2 108 4 11
6554+bno0 2852 1 3 7 177 4 11 362
4419+bno6 1 2860 177 21 3 738 4 11
6558+bno0 2878 1 7 3 177 4 11 33
6559+bno0 2879 1 3 7 177 4 11 51
6418+bno0 2880 1 33 3 177 4 11 50
6418+bno0 2882 1 33 3 177 4 11 635
6418+bno0 2883 1 33 3 177 4 11 50
6558+bno0 2886 1 3 7 177 4 11 52
6559+bno0 2887 1 3 7 177 4 11 51
6418+bno0 2888 1 33 3 177 4 11 1314
6558+bno0 2893 1 3 7 177 4 11 52
6554+bno0 2894 1 3 7 177 4 11 146
6559+bno0 2895 1 7 3 177 4 11 135
6558+bno0 2896 1 3 7 177 4 11 52
2827+bno4 1 2897 145 3 177 1761 4 11
6418+bno0 2900 1 32 3 177 4 11 7411
6558+bno0 2902 1 3 7 177 4 11 52
6580+bno0 2911 1 3 7 177 4 11 117
8044+bno4 3 1 2912 741 4 177 11 10
6671+bno6 1 2916 3 177 2 257 4 11
6580+bno0 2931 1 3 7 177 4 11 117
6580+bno0 2933 1 3 7 177 4 11 117
6554+bno0 2934 1 3 7 177 4 11 146
6418+bno0 2938 3 117 1 4 177 11 410
6554+bno0 2939 1 3 7 177 4 11 146
8044+bno4 3 1 2948 941 4 177 11 10
6583+bno0 2957 1 7 3 177 4 11 10
6559+bno0 2960 1 3 7 177 4 11 83
6554+bno0 2964 1 3 7 177 4 11 1649
8044+bno4 3 1 2973 520 4 177 11 124
3783+bno0 2975 151 3 4 177 11 1 2971
6555+bno0 2976 1 7 3 177 4 11 205
8044+bno4 3 1 2982 1040 4 177 11 10
8044+bno4 3 1 2984 285 4 177 11 30
6558+bno0 2985 1 7 3 177 4 11 92
6583+bno0 2986 1 7 3 177 4 11 10
6559+bno0 2990 1 7 3 177 4 11 162
6554+bno0 2991 3 1 22 4 177 11 80
6582+bno0 2994 1 3 7 177 4 11 483
6671+bno6 1 2998 3 177 2 389 4 11
6554+bno0 3005 3 1 7603 4 177 11 740
2827+bno4 3 3008 166 1 4 1154 177 11
6583+bno0 3014 1 7 3 177 4 11 10
6578+bno0 3017 1 3 7 177 4 11 179
4419+bno5 3 3021 4 491 1 839 177 11
6559+bno0 3025 1 7 3 177 4 11 162
4346+bno5 3 3030 4 68 1 1804 11 177
2348+bno0 3034 7604 3 1 4 11 177 184
6554+bno0 3077 3 1 22 4 177 11 61
6554+bno0 3081 3 1 22 4 177 11 61
6554+bno0 3085 3 1 22 4 177 11 61
6671+bno6 1 3090 3 177 2 553 4 11
6554+bno0 3093 3 1 22 4 177 11 61
6554+bno0 3095 1 3 6 177 4 11 7551
6554+bno0 3098 3 1 22 4 177 11 61
6554+bno0 3104 3 1 22 4 177 11 61
6558+bno0 3107 1 7 3 177 4 11 56
6554+bno0 3109 1 3 7 177 4 11 221
8044+bno4 3 1 3110 643 4 177 11 30
2348+bno0 3115 7604 3 1 4 11 177 147
6583+bno0 3122 1 7 3 177 4 11 10
6554+bno0 3123 3 1 22 4 177 11 61
6554+bno0 3126 3 1 22 4 177 11 61
6554+bno0 3129 1 3 6 177 4 11 7444
6554+bno0 3130 3 1 22 4 177 11 61
6583+bno0 3135 1 7 3 177 4 11 10
6583+bno0 3137 1 7 3 177 4 11 116
6554+bno0 3140 1 3 13 177 4 11 1831
6554+bno0 3150 3 1 22 4 177 11 61
6554+bno0 3151 1 7 3 177 4 11 632
6557+bno0 3152 1 3 7 177 4 11 145
6671+bno6 1 3153 3 177 2 553 4 11
6554+bno0 3160 1 3 7 177 4 11 645
6554+bno0 3161 3 1 22 4 177 11 61
6554+bno0 3165 1 3 7 177 4 11 645
6554+bno0 3168 1 7 3 177 4 11 1175
6418+bno0 3170 1 92 3 177 4 11 648
6558+bno0 3171 1 7 3 177 4 11 93
6671+bno6 1 3175 3 177 2 206 4 11
6585+bno0 3179 1 7 3 177 4 11 95
8044+bno4 3 1 3182 130 4 177 11 10
3783+bno0 3184 57 3 4 177 11 1 1135
4229+bno0 3188 1 5 177 3 4 11 825
6418+bno0 3190 1 32 3 177 4 11 307
4229+bno0 3195 1 5 177 3 4 11 1868
6554+bno0 3197 1 7 3 177 4 11 7390
6418+bno0 3199 1 27 3 177 4 11 1187
6554+bno0 3201 1 3 6 177 4 11 431
1718+bno0 3204 61 3 1 4 177 22 705
1627+bno7 4 3205 3 328 5342 7 342 177
6558+bno0 3208 1 7 3 177 4 11 92
1718+bno0 3209 645 1 3 177 4 7 1838
1718+bno0 3217 61 3 1 4 177 22 3186
6554+bno0 3218 1 3 197 177 4 11 58
1718+bno0 3219 5342 1 3 177 4 7 598
6554+bno0 3226 1 3 197 177 4 11 58
6554+bno0 3227 1 3 6 177 4 11 7444
6578+bno0 3230 1 7 3 177 4 11 247
6555+bno0 3231 1 7 3 177 4 11 5
6554+bno0 3232 1 7 3 177 4 11 12
6554+bno0 3234 1 7 3 177 4 11 12
6555+bno0 3236 1 7 3 177 4 11 5
6558+bno0 3238 1 7 3 177 4 11 815
2348+bno0 3239 7604 3 1 4 11 177 184
1850+bno0 3242 413 3 1 4 177 10 1857
6671+bno6 1 3243 3 177 2 553 4 11
6554+bno0 3244 1 7 3 177 4 11 81
6585+bno0 3246 1 7 3 177 4 11 95
6671+bno6 1 3249 3 177 2 553 4 11
6554+bno0 3250 1 7 3 177 4 11 81
6671+bno6 1 3252 3 177 2 553 4 11
1718+bno0 3258 5342 1 3 177 4 7 598
1718+bno0 3266 431 1 3 177 4 6 1549
4229+bno0 3268 1 5 177 3 4 11 825
6554+bno0 3270 1 3 8 177 4 11 59
4229+bno0 3272 1 5 177 3 4 11 1868
6554+bno0 3278 3 1 17 4 177 11 1490
6554+bno0 3281 1 7 3 177 4 11 12
6558+bno0 3284 1 7 3 177 4 11 93
6583+bno0 3285 1 7 3 177 4 11 116
6558+bno0 3289 1 7 3 177 4 11 49
4229+bno0 3291 1 5 177 3 4 11 982
6554+bno0 3293 1 7 3 177 4 11 12
6554+bno0 3297 1 7 3 177 4 11 12
8044+bno4 3 1 4017 627 4 177 11 30
6559+bno0 5415 1 3 7 177 4 11 41
8044+bno4 3 1 5660 627 4 177 11 30
6554+bno0 6123 1 7 3 177 4 11 199
6554+bno0 6157 1 3 43 177 4 11 2078
1276+bno5 3 6166 46 1 4 3133 1176 177
6558+bno0 6644 1 7 3 177 4 11 103
8044+bno4 3 1 7329 102 4 177 11 10
6585+bno0 7339 1 7 3 177 4 11 95
6558+bno0 7342 1 7 3 177 4 11 93
6554+bno0 7376 1 3 13 177 4 11 7397
6554+bno0 7405 1 3 7 177 4 11 5342
6554+bno0 7407 1 3 7 177 4 11 5342
1774+bno0 7423 915 1 3 177 4 2 239
1276+bno5 1 7450 7552 3 177 1625 2067 4
6667+bno6 1 7453 3 177 40 792 4 11
6671+bno6 1 7462 3 177 2 2244 4 11
6554+bno0 7463 1 7 3 177 4 11 53
6558+bno0 7468 1 7 3 177 4 11 93
6558+bno0 7469 1 7 3 177 4 11 93
2827+bno4 1 776 45 3 177 533 4 11
6554+bno0 788 3 1 17 4 177 11 344
3783+bno0 795 529 3 4 177 11 1 2529
8044+bno4 3 1 806 285 4 177 11 30
6554+bno0 819 1 7 3 177 4 11 525
6671+bno6 1 823 3 177 2 206 4 11
3783+bno0 855 121 3 4 177 11 1 343
6554+bno0 861 1 3 6 177 4 11 431
2827+bno4 3 873 14 1 4 1256 177 11
6554+bno0 948 3 1 22 4 177 11 685
2348+bno0 963 7604 3 1 4 11 177 147
6667+bno6 1 989 3 177 40 129 4 11
