11614 15155 3684 121 6094 1409 2874 11142 290
11614 15155 3684 121 6094 763 2874 11142 290
11614 19276 3684 121 11142 290 2874 6094 763
11614 19276 3684 121 11142 290 2874 6094 1409
11614 8338 3684 121 11142 763 2874 6094 290
11614 8338 3684 121 11142 1409 2874 6094 290
11614 2162 3684 121 11142 1409 2874 6094 290
11614 2162 3684 121 11142 1409 2874 6094 763
11614 4690 121 3684 290 1409 10076 763 11142
11614 4690 121 3684 6094 1409 10076 763 11142
11614 4690 121 3684 290 1409 10076 763 2841
11614 3897 3684 121 290 1409 4144 6094 11142
11614 3897 3684 121 763 1409 4144 6094 11142
11614 380 3684 121 1409 763 8103 290 6094
11614 380 3684 121 1409 11142 8103 290 6094
11614 12466 3684 121 6094 1409 2874 11142 290
11614 12466 3684 121 6094 763 2874 11142 290
11614 1028 121 3684 763 290 1898 1409 11142
11614 1028 121 3684 6094 290 1898 1409 11142
11614 1028 121 3684 763 297 1898 1409 11142
11614 12660 121 3684 1409 11142 12120 290 763
11614 12660 121 3684 1409 6094 12120 290 763
11614 1261 121 3684 763 11142 1898 2841 290
11614 1261 121 3684 1409 11142 1898 2841 290
11614 4437 3684 121 290 11142 4144 763 2841
11614 4437 3684 121 290 1409 4144 763 2841
11614 7352 3684 121 290 763 36814 2841 11142
11614 7352 3684 121 290 1409 36814 2841 11142
11614 22337 3684 121 763 11142 4144 290 2841
11614 22337 3684 121 763 1409 4144 290 2841
11614 22337 121 3684 763 11142 10076 290 2841
11614 22337 121 3684 763 1409 10076 290 2841
9456 121 35324 3684 6794 23141 11142 290 763
9456 121 35324 3684 6794 23141 1409 290 763
11614 12968 121 3684 1409 763 12120 290 11142
11614 12968 121 3684 1409 6094 12120 290 11142
11614 15028 121 3684 763 290 1898 2841 11142
11614 15028 121 3684 1409 290 1898 2841 11142
11614 27013 121 3684 763 11142 12481 1409 290
11614 27013 121 3684 763 6094 12481 1409 290
11614 6137 121 3684 763 11142 10076 290 1409
11614 6137 121 3684 6094 11142 10076 290 1409
11614 6137 121 3684 763 2841 10076 290 1409
11614 17073 121 3684 763 290 1898 6094 11142
11614 17073 121 3684 1409 290 1898 6094 11142
11614 18301 3684 121 290 1409 4144 6094 11142
11614 18301 3684 121 763 1409 4144 6094 11142
11614 1921 3684 121 763 297 83 290 1409
11614 1921 3684 121 11142 297 83 290 1409
11614 1921 3684 121 763 4177 83 290 1409
11614 1921 3684 121 11142 4177 83 290 1409
11614 6822 3684 121 763 1409 4144 290 11142
11614 6822 3684 121 6094 1409 4144 290 11142
11614 6822 3684 121 763 2841 4144 290 11142
9456 121 818 3684 6794 23141 11142 763 290
9456 121 818 3684 6794 23141 1409 763 290
9456 121 23355 3684 613 21907 290 11142 763
9456 121 23355 3684 613 21907 1409 11142 763
11614 24417 3684 121 1409 763 8103 290 11142
11614 24417 3684 121 1409 763 8103 290 6094
11614 8135 121 3684 763 290 1898 2841 11142
11614 8135 121 3684 1409 290 1898 2841 11142
11614 4807 3684 121 1409 11142 8103 290 763
11614 4807 3684 121 1409 6094 8103 290 763
11614 17193 121 3684 290 763 7743 11142 6094
11614 17193 121 3684 1409 763 7743 11142 6094
11614 4354 3684 121 290 1409 7738 11142 6094
11614 4354 3684 121 763 1409 7738 11142 6094
8868 21992 3684 2874 121 11142 763 1409 460
8868 21992 3684 2874 121 11142 290 1409 460
11614 2592 121 3684 11142 763 7743 290 2841
11614 2592 121 3684 1409 763 7743 290 2841
11614 2592 3684 121 763 1409 381 290 2841
11614 2592 3684 121 11142 1409 381 290 2841
9452 121 358 3684 3948 1400 763 1409 290
9452 121 358 3684 3948 1400 11142 1409 290
9456 121 11763 3684 8430 9022 290 763 11142
9456 121 11763 3684 8430 9022 1409 763 11142
8868 12952 121 1463 3684 763 11142 1409 5069
8868 12952 121 1463 3684 763 290 1409 5069
11614 13481 121 3684 290 11142 18086 763 18060
11614 13481 121 3684 1409 11142 18086 763 18060
8868 25701 3684 4144 121 763 11142 1409 30379
8868 25701 3684 4144 121 290 11142 1409 30379
5261 27140 21684 121 3684 763 1409 11142 3651
5261 27140 21684 121 3684 763 290 11142 3651
11614 6858 121 3684 1409 290 1898 763 11142
11614 6858 121 3684 6094 290 1898 763 11142
11614 6858 121 3684 1409 297 1898 763 11142
11614 9885 121 3684 1409 290 3568 763 11142
11614 9885 121 3684 1409 6094 3568 763 11142
11614 14432 121 3684 1409 290 630 763 11142
11614 14432 121 3684 6094 290 630 763 11142
11614 14432 121 3684 1409 290 630 18060 11142
8950 16762 3684 2874 121 11142 763 13302 1409
8950 16762 3684 2874 121 11142 290 13302 1409
7154 16785 8103 3684 290 1409 121 763 1094
7154 16785 8103 3684 290 1409 121 11142 1094
11614 18606 121 3684 290 6094 440 1409 11142
11614 18606 121 3684 763 6094 440 1409 11142
11614 18606 121 3684 290 2841 440 1409 11142
11614 18606 121 3684 763 2841 440 1409 11142
8868 24221 3684 4144 121 763 11142 1409 3377
8868 24221 3684 4144 121 290 11142 1409 3377
11614 27048 3684 121 290 763 8103 1409 11142
11614 27048 3684 121 290 6094 8103 1409 11142
8868 3923 3684 2874 121 11142 763 1409 29973
8868 3923 3684 2874 121 11142 290 1409 29973
8935 380 3684 4144 121 763 1409 10749 290
8935 380 3684 4144 121 763 11142 10749 290
11614 11500 3684 121 763 11142 622 1409 290
11614 11500 3684 121 763 11142 622 1409 6094
11614 12601 3684 121 6094 290 4528 11142 1409
11614 12601 3684 121 6094 763 4528 11142 1409
9452 121 13729 3684 6794 12978 763 290 11142
9452 121 13729 3684 6794 12978 1409 290 11142
9452 121 13941 3684 6794 12898 290 11142 763
9452 121 13941 3684 6794 12898 1409 11142 763
9456 121 13941 3684 613 8755 290 11142 763
9456 121 13941 3684 613 8755 1409 11142 763
8868 14757 121 1463 3684 763 11142 1409 5069
8868 14757 121 1463 3684 763 290 1409 5069
9452 121 17596 3684 3948 9471 763 290 11142
9452 121 17596 3684 3948 9471 1409 290 11142
9452 121 17596 3684 8430 6360 763 290 11142
9452 121 17596 3684 8430 6360 763 1409 11142
9452 121 6360 3684 613 17596 763 11142 290
9452 121 6360 3684 613 17596 763 11142 1409
9456 121 21172 3684 8430 9022 290 763 11142
9456 121 21172 3684 8430 9022 1409 763 11142
11297 22379 1409 3077 121 290 11142 23549 3684
11297 22379 1409 3077 121 763 11142 23549 3684
8868 22757 121 12120 3684 290 763 11142 22008
8868 22757 121 12120 3684 1409 763 11142 22008
9456 121 23657 3684 6794 23141 11142 290 763
9456 121 23657 3684 6794 23141 1409 290 763
11614 25641 121 6794 1409 290 23141 11142 763
9700 121 25641 3684 6794 23141 290 11142 763
9456 121 25641 3684 6794 23141 1409 290 763
9452 121 25641 3684 6794 23141 1409 290 11142
9576 121 25641 3684 6794 23141 1409 11142 763
11614 30418 3684 121 290 2841 13265 11142 1409
11614 30418 3684 121 763 2841 13265 11142 1409
11614 30418 3684 121 290 297 13265 11142 1409
11614 30418 3684 121 763 297 13265 11142 1409
11614 30418 121 3684 290 2841 5229 1409 11142
11614 30418 121 3684 763 2841 5229 1409 11142
11614 30418 121 3684 290 297 5229 1409 11142
11614 30418 121 3684 763 297 5229 1409 11142
9456 121 32741 3684 8430 6494 290 11142 1409
9456 121 32741 3684 8430 6494 763 11142 1409
9576 121 33724 3684 6794 22052 11142 290 763
9576 121 33724 3684 6794 22052 1409 290 763
11614 19642 121 3684 290 763 34919 6094 11142
11614 19642 121 3684 1409 763 34919 6094 11142
11614 19642 121 3684 290 763 34919 6101 11142
11614 19642 121 3684 1409 763 34919 6101 11142
11614 7258 121 3684 1409 11142 5963 763 290
11614 7258 121 3684 1409 6094 5963 763 290
11614 1058 3684 121 763 1409 3927 290 2841
11614 1058 3684 121 11142 1409 3927 290 2841
11614 11841 121 3684 763 1409 25619 11142 290
11614 11841 121 3684 6094 1409 25619 11142 290
11614 11841 121 3684 763 6101 25619 11142 290
9452 121 16129 3684 6794 396 11142 290 763
9452 121 16129 3684 6794 396 1409 290 763
7154 16678 8103 3684 290 1409 121 763 27895
7154 16678 8103 3684 290 1409 121 11142 27895
8868 16678 121 7206 3684 763 11142 1409 16972
8868 16678 121 7206 3684 763 290 1409 16972
9456 121 21665 3684 8430 17660 290 11142 763
9456 121 21665 3684 8430 17660 1409 11142 763
11614 24143 121 3684 290 6094 3493 763 11142
11614 24143 121 3684 1409 6094 3493 763 11142
11614 24143 121 3684 290 1946 3493 763 11142
11614 24143 121 3684 1409 1946 3493 763 11142
11614 24340 121 3684 763 11142 32332 290 1409
11614 24340 121 3684 763 6094 32332 290 1409
9456 121 24409 3684 6794 23141 11142 290 763
9456 121 24409 3684 6794 23141 1409 290 763
11614 27396 3684 121 763 290 1310 11142 6094
11614 27396 3684 121 763 1409 1310 11142 6094
9452 121 30983 3684 613 15155 1409 290 763
9452 121 30983 3684 613 15155 1409 11142 763
9456 121 31512 3684 6794 23141 11142 290 763
9456 121 31512 3684 6794 23141 1409 290 763
9576 121 2622 3684 6794 32395 1409 290 763
9576 121 2622 3684 6794 32395 1409 11142 763
9452 121 13268 3684 6794 32395 290 763 1409
9452 121 13268 3684 6794 32395 11142 763 1409
9576 121 32470 3684 8430 6460 290 1409 763
9576 121 32470 3684 8430 6460 11142 1409 763
9292 121 32470 3684 26935 13360 11142 1409 763
9576 121 32470 3684 26935 13360 290 1409 763
8950 32470 121 26935 3684 11142 290 13360 1409
8951 32470 121 26935 3684 11142 290 13360 763
8868 3484 3684 2874 121 11142 1409 290 3701
8868 3484 3684 2874 121 11142 763 290 3701
8950 34951 121 26935 3684 11142 763 36154 1409
8950 34951 121 26935 3684 11142 290 36154 1409
8950 37026 121 3996 3684 763 11142 14514 1409
8950 37026 121 3996 3684 763 290 14514 1409
8868 4710 3684 2874 121 11142 1409 290 12198
8868 4710 3684 2874 121 11142 763 290 12198
8950 25881 121 12481 3684 763 290 6363 11142
8950 25881 121 12481 3684 1409 290 6363 11142
8868 7608 3684 2874 121 11142 763 1409 1400
8868 7608 3684 2874 121 11142 290 1409 1400
11614 2823 121 3684 290 763 8121 1409 6101
11614 2823 121 3684 11142 763 8121 1409 6101
8950 1073 3684 2874 121 11142 763 10189 1409
8950 1073 3684 2874 121 11142 290 10189 1409
8874 10541 3684 2874 121 11142 1409 290 1992
8874 10541 3684 2874 121 11142 763 290 1992
9576 121 10583 3684 6794 11368 290 11142 763
9576 121 10583 3684 6794 11368 290 1409 763
12095 1142 121 1409 763 11142 12185 4953 290
10597 121 3684 1142 12185 4953 763 11142 290
10501 121 3684 1142 12185 4953 1409 763 290
10495 121 3684 1142 12185 4953 1409 763 11142
8868 11498 3684 2874 121 11142 1409 763 1186
8868 11498 3684 2874 121 11142 290 763 1186
11614 11530 121 3684 763 1409 4701 2841 290
11614 11530 121 3684 11142 1409 4701 2841 290
8950 12674 3684 8103 121 290 763 11674 11142
8950 12674 3684 8103 121 1409 763 11674 11142
9452 121 1400 3684 613 12083 290 11142 1409
9452 121 1400 3684 613 12083 763 11142 1409
9452 121 12083 3684 3948 1400 290 1409 11142
9452 121 12083 3684 3948 1400 763 1409 11142
9452 121 12126 3684 8430 2763 1409 763 290
9452 121 12126 3684 8430 2763 1409 11142 290
11614 12135 3684 121 11142 1409 6481 763 290
11614 12135 3684 121 6094 1409 6481 763 290
11614 12135 3684 121 11142 2841 6481 763 290
9452 3684 12782 121 6666 13119 290 1409 11142
9452 3684 12782 121 6666 13119 763 1409 11142
9456 3684 13718 121 5690 4807 11142 290 763
9456 3684 13718 121 5690 4807 1409 290 763
9015 13718 3684 8103 121 290 11142 4807 763
7364 13718 8103 3684 1409 290 121 4807 763
7154 13718 8103 3684 1409 290 121 11142 4807
8951 13718 3684 8103 121 1409 11142 4807 763
11297 6084 763 1898 3684 290 11142 17016 121
11297 6084 1409 1898 3684 290 11142 17016 121
9452 121 18148 3684 6794 8991 1409 290 11142
9452 121 18148 3684 6794 8991 1409 763 11142
8868 18965 121 353 3684 763 290 1409 2502
8868 18965 121 353 3684 763 290 11142 2502
11614 19133 3684 121 11142 290 6651 6094 763
11614 19133 3684 121 11142 1409 6651 6094 763
11614 20561 121 3684 1409 290 3568 763 11142
11614 20561 121 3684 1409 6094 3568 763 11142
8868 21468 3684 2874 121 11142 763 1409 6670
8868 21468 3684 2874 121 11142 290 1409 6670
9452 121 21810 3684 6794 22052 290 763 1409
9452 121 21810 3684 6794 22052 11142 763 1409
8950 21810 3684 9947 121 763 290 21793 1409
8950 21810 3684 9947 121 11142 290 21793 1409
8868 22748 121 3402 3684 1409 290 11142 12674
8868 22748 121 3402 3684 1409 763 11142 12674
8950 22173 121 12120 3684 290 763 22782 11142
8950 22173 121 12120 3684 1409 763 22782 11142
8950 22173 121 3041 3684 763 1409 22782 11142
8950 22173 121 3041 3684 763 290 22782 11142
8868 22833 121 766 3684 763 1409 11142 22008
8868 22833 121 766 3684 763 290 11142 22008
8868 23008 121 766 3684 763 11142 1409 22202
8868 23008 121 766 3684 763 290 1409 22202
11614 23678 121 3684 1409 290 3568 763 11142
11614 23678 121 3684 1409 6094 3568 763 11142
8868 24119 121 23141 6794 11142 290 763 23355
8868 24119 121 23141 6794 1409 290 763 23355
9452 121 25265 3684 20302 24953 290 763 11142
9452 121 25265 3684 20302 24953 1409 763 11142
8868 25613 121 1056 3684 763 1409 11142 25265
8868 25613 121 1056 3684 763 290 11142 25265
11614 25565 3684 121 763 6094 1335 290 11142
11614 25565 3684 121 1409 6094 1335 290 11142
11614 25565 3684 121 763 297 1335 290 11142
11614 25565 3684 121 1409 297 1335 290 11142
11614 26336 3684 121 11142 290 4528 6094 1409
11614 26336 3684 121 11142 763 4528 6094 1409
8868 13887 121 26935 3684 11142 1409 763 26778
8868 13887 121 26935 3684 11142 290 763 26778
8868 27084 121 26935 3684 11142 1409 763 26778
8868 27084 121 26935 3684 11142 290 763 26778
11614 27203 121 3684 290 1409 20186 763 6094
11614 27203 121 3684 11142 1409 20186 763 6094
11614 27203 3684 121 290 11142 19029 763 6094
11614 27203 3684 121 1409 11142 19029 763 6094
11614 27203 3684 121 290 11142 19029 763 18060
11614 27203 3684 121 1409 11142 19029 763 18060
8868 27486 3684 4144 121 763 11142 1409 3377
8868 27486 3684 4144 121 290 11142 1409 3377
2300 19243 29277 13650 1409 290 11142 2642 30889
2300 19243 29277 13650 1409 290 763 2642 30889
11435 35810 763 7460 121 1409 9304 3684 11142
11435 35810 763 7460 121 290 9304 3684 11142
5261 27456 11054 121 3684 763 290 11142 35810
5261 27456 11054 121 3684 1409 290 11142 35810
9537 121 5428 3684 3402 11259 763 1409 290
9537 121 5428 3684 3402 11259 11142 1409 290
11470 6715 11142 2938 121 763 618 3684 290
11470 6715 1409 2938 121 763 618 3684 290
10070 618 7079 121 11142 763 290 6715 3684
10070 618 7079 121 1409 763 290 6715 3684
8868 6334 3684 7460 121 763 11142 1409 8012
8868 6334 3684 7460 121 763 290 1409 8012
11614 6588 121 3684 763 11142 955 290 6094
11614 6588 121 3684 763 1409 955 290 6094
9074 6588 121 3402 3684 1409 763 4020 290
9074 6588 121 3402 3684 1409 11142 4020 290
8868 8445 3684 2874 121 11142 1409 290 8338
8868 8445 3684 2874 121 11142 763 290 8338
7154 7152 7936 121 11142 1409 3684 763 1000
7154 7152 7936 121 290 1409 3684 763 1000
8950 732 3684 2874 121 11142 763 10019 1409
8950 732 3684 2874 121 11142 290 10019 1409
11614 10028 121 3684 1409 290 3568 763 11142
11614 10028 121 3684 1409 6094 3568 763 11142
8950 31561 3684 22989 121 763 11142 1041 1409
8950 31561 3684 22989 121 290 11142 1041 1409
8950 31561 121 5323 613 763 11142 1041 1409
8950 31561 121 5323 613 290 11142 1041 1409
8950 11176 3684 2874 121 11142 763 11538 1409
8950 11176 3684 2874 121 11142 290 11538 1409
9452 121 11555 3684 8430 3723 290 1409 763
9452 121 11555 3684 8430 3723 11142 1409 763
8868 11778 121 4558 3684 763 1409 11142 11598
8868 11778 121 4558 3684 290 1409 11142 11598
10388 121 3684 39146 11598 4558 763 1409 11142
10388 121 3684 39146 11598 4558 290 1409 11142
8935 11978 121 20186 3684 763 1409 20085 11142
8935 11978 121 20186 3684 290 1409 20085 11142
9456 3684 13670 121 10400 12660 11142 290 763
9456 3684 13670 121 10400 12660 1409 290 763
9015 13670 121 12120 3684 290 11142 12660 763
7364 13670 12120 121 1409 290 3684 12660 763
7154 13670 12120 121 1409 290 3684 11142 12660
8951 13670 121 12120 3684 1409 11142 12660 763
9456 3684 13670 121 5690 14771 290 11142 763
9456 3684 13670 121 5690 14771 1409 11142 763
8868 13673 3684 3992 121 763 1409 290 14009
8868 13673 3684 3992 121 763 11142 290 14009
8935 14159 3684 2356 121 290 763 8594 1409
8935 14159 3684 2356 121 290 11142 8594 1409
9452 121 13061 3684 613 14359 290 11142 1409
9452 121 13061 3684 613 14359 763 11142 1409
9452 3684 14359 121 6666 13061 290 1409 11142
9452 3684 14359 121 6666 13061 763 1409 11142
10624 15118 121 3684 14497 11142 15111 290 763
10624 15118 121 3684 14497 1409 15111 290 763
9452 3684 15280 121 6666 6460 11142 763 290
9452 3684 15280 121 6666 6460 1409 763 290
7156 17217 6460 121 11142 290 8430 763 15280
7156 17217 6460 121 1409 290 8430 763 15280
8868 15324 121 12120 3684 290 763 11142 15486
8868 15324 121 12120 3684 1409 763 11142 15486
8874 13562 121 1898 3684 763 290 11142 15520
8874 13562 121 1898 3684 1409 290 11142 15520
8874 13562 121 353 3684 763 1409 11142 15520
8874 13562 121 353 3684 763 290 11142 15520
8936 32988 3684 13992 121 763 11142 15689 1409
8936 32988 3684 13992 121 290 11142 15689 1409
9452 3684 16023 121 6666 6985 290 1409 763
9452 3684 16023 121 6666 6985 11142 1409 763
8950 16345 3684 2874 121 11142 1409 13024 763
8950 16345 3684 2874 121 11142 290 13024 763
11614 16872 3684 121 11142 290 11376 4177 763
11614 16872 3684 121 11142 1409 11376 4177 763
8868 17029 121 1044 3684 1409 763 290 17009
8868 17029 121 1044 3684 1409 11142 290 17009
8868 17029 121 3402 3684 1409 763 290 10052
8868 17029 121 3402 3684 1409 11142 290 10052
8868 12427 121 1176 3684 763 1409 290 17106
8868 12427 121 1176 3684 763 11142 290 17106
11074 17203 763 4213 3684 121 1409 7001 11142
11074 17203 763 4213 3684 121 290 7001 11142
8950 17506 121 766 3684 763 1409 19881 11142
8950 17506 121 766 3684 763 290 19881 11142
8950 17506 121 3568 3684 763 290 19881 11142
8950 17506 121 3568 3684 1409 290 19881 11142
8868 20931 121 2264 3684 763 290 11142 17599
8868 20931 121 2264 3684 1409 290 11142 17599
11614 17950 121 3684 290 763 7378 4177 11142
11614 17950 121 3684 1409 763 7378 4177 11142
8868 18595 121 10076 3684 763 1409 11142 18030
8868 18595 121 10076 3684 290 1409 11142 18030
8868 18755 121 12481 3684 763 290 11142 18729
8868 18755 121 12481 3684 1409 290 11142 18729
11614 18827 121 3684 1409 763 7378 290 6101
11614 18827 121 3684 1409 11142 7378 290 6101
10439 20417 4144 3684 763 1409 18942 121 11142
10439 20417 4144 3684 290 1409 18942 121 11142
9452 121 18950 3684 2954 22202 290 1409 763
9452 121 18950 3684 2954 22202 11142 1409 763
9444 121 18950 3684 766 22202 290 1409 763
9444 121 18950 3684 766 22202 11142 1409 763
11614 19426 121 3684 290 6094 5712 763 11142
11614 19426 121 3684 1409 6094 5712 763 11142
8950 20101 121 10076 3684 763 1409 19691 11142
8950 20101 121 10076 3684 290 1409 19691 11142
8982 19848 3684 3992 121 763 1409 16762 11142
8868 19848 3684 3992 121 763 290 1409 16762
9452 3684 19848 121 3992 16762 290 1409 11142
8950 19848 3684 3992 121 763 290 16762 11142
8170 21684 19848 763 121 881 14166 290 11142
8170 21684 19848 763 121 881 14166 1409 11142
9267 14166 290 19848 13650 763 881 121 11142
9267 14166 1409 19848 13650 763 881 121 11142
8935 23857 121 22429 3684 290 11142 19881 763
8935 23857 121 22429 3684 1409 11142 19881 763
4815 22429 23857 766 121 290 763 11142 19881
4815 22429 23857 766 121 1409 763 11142 19881
8950 12103 121 1176 3684 763 1409 20103 11142
8950 12103 121 1176 3684 763 290 20103 11142
9452 121 2642 3684 2954 20111 11142 763 290
9452 121 2642 3684 2954 20111 1409 763 290
3935 20114 2642 121 2954 11142 763 290 20111
3935 20114 2642 121 2954 1409 763 290 20111
7154 27279 806 121 763 11142 3684 1409 21201
7154 27279 806 121 763 11142 3684 290 21201
7154 21909 4144 3684 763 290 121 1409 10941
7154 21909 4144 3684 763 290 121 11142 10941
8868 21929 121 10076 3684 763 1409 11142 18030
8868 21929 121 10076 3684 290 1409 11142 18030
8951 3977 121 1463 3684 763 1409 24173 11142
8951 3977 121 1463 3684 763 290 24173 11142
10069 24272 4953 121 763 1409 11142 9479 3684
10069 24272 4953 121 763 290 11142 9479 3684
9267 9022 3684 24550 121 290 22345 763 11142
9267 9022 3684 24550 121 1409 22345 763 11142
6016 24555 22345 290 121 763 11142 9022 24550
6016 24555 22345 1409 121 763 11142 9022 24550
9456 121 25056 3684 613 21907 290 11142 763
9456 121 25056 3684 613 21907 1409 11142 763
8868 15365 3684 3077 121 1409 763 290 25091
8868 15365 3684 3077 121 1409 11142 290 25091
10533 121 3684 25634 21907 613 290 763 11142
10533 121 3684 25634 21907 613 1409 763 11142
11614 26252 3684 121 290 11142 4760 1409 2926
11614 26252 3684 121 763 11142 4760 1409 2926
7154 26459 17118 121 290 763 613 11142 26726
7154 26459 17118 121 1409 763 613 11142 26726
8935 26726 121 5963 3684 1409 290 12383 763
8935 26726 121 5963 3684 1409 11142 12383 763
8868 26845 121 3402 3684 1409 290 11142 20804
8868 26845 121 3402 3684 1409 763 11142 20804
9494 21684 3684 27004 121 763 25437 11142 1409
9494 21684 3684 27004 121 763 25437 290 1409
8935 27107 121 7936 3684 11142 763 6066 290
8935 27107 121 7936 3684 1409 763 6066 290
11614 27430 121 3684 763 290 44797 3324 11142
11614 27430 121 3684 1409 290 44797 3324 11142
11614 27430 121 3684 763 290 44797 3503 11142
11614 27430 121 3684 1409 290 44797 3503 11142
8868 27732 3684 2874 121 11142 1409 290 10547
8868 27732 3684 2874 121 11142 763 290 10547
8951 29625 121 1044 3684 1409 290 13360 763
8951 29625 121 1044 3684 1409 11142 13360 763
8950 29625 121 14497 3684 290 1409 13381 763
8950 29625 121 14497 3684 290 11142 13381 763
11614 30608 121 3684 6094 290 23388 1409 763
11614 30608 121 3684 6094 11142 23388 1409 763
8868 30626 121 10076 3684 763 11142 1409 473
8868 30626 121 10076 3684 290 11142 1409 473
8950 30643 121 14497 3684 290 1409 11233 763
8950 30643 121 14497 3684 290 11142 11233 763
8950 3102 121 353 3684 763 11142 6334 1409
8950 3102 121 353 3684 763 290 6334 1409
8950 32741 121 1463 3684 763 11142 31268 1409
8950 32741 121 1463 3684 763 290 31268 1409
8950 31771 3684 7460 121 763 11142 29720 1409
8950 31771 3684 7460 121 763 290 29720 1409
10415 3684 121 31771 3521 25792 763 11142 1409
10415 3684 121 31771 3521 25792 290 11142 1409
8868 32284 3684 4144 121 763 1409 11142 3593
8868 32284 3684 4144 121 290 1409 11142 3593
8868 35673 121 5743 3684 763 1409 11142 32866
8868 35673 121 5743 3684 290 1409 11142 32866
8868 35101 3684 4144 121 763 11142 1409 3377
8868 35101 3684 4144 121 290 11142 1409 3377
7154 35245 32332 121 290 763 3684 1409 35186
7154 35245 32332 121 290 763 3684 11142 35186
8950 35615 121 1176 3684 763 11142 36922 1409
8950 35615 121 1176 3684 763 290 36922 1409
8868 30505 3684 2906 121 290 763 11142 3627
8868 30505 3684 2906 121 1409 763 11142 3627
9452 3684 35361 121 5690 36475 290 763 1409
9452 3684 35361 121 5690 36475 11142 763 1409
9452 3684 36475 121 10400 35361 290 1409 763
9452 3684 36475 121 10400 35361 11142 1409 763
8868 37698 3684 4144 121 763 11142 1409 3377
8868 37698 3684 4144 121 290 11142 1409 3377
8874 4197 121 3402 3684 1409 763 290 4020
8874 4197 121 3402 3684 1409 11142 290 4020
8868 6958 121 1044 3684 1409 290 11142 15311
8868 6958 121 1044 3684 1409 763 11142 15311
9576 121 12968 3684 8430 6961 763 290 11142
9576 121 12968 3684 8430 6961 1409 290 11142
9456 121 6961 3684 2954 12968 763 290 11142
9456 121 6961 3684 2954 12968 1409 290 11142
9267 21684 3684 737 121 763 12019 1409 11142
9267 21684 3684 737 121 763 12019 290 11142
8868 8019 121 14497 3684 290 1409 763 14840
8868 8019 121 14497 3684 290 11142 763 14840
10069 8214 2874 3684 11142 1409 763 8234 121
10069 8214 2874 3684 11142 290 763 8234 121
8868 1460 3684 1229 121 11142 290 763 8294
8868 1460 3684 1229 121 1409 290 763 8294
8868 10223 3684 1229 121 11142 290 763 8294
8868 10223 3684 1229 121 1409 290 763 8294
11614 8634 3684 121 11142 290 344 763 2841
11614 8634 3684 121 11142 1409 344 763 2841
7154 8712 35575 121 11142 763 3684 1409 8694
7154 8712 35575 121 11142 763 3684 290 8694
7155 8981 1898 121 763 1409 3684 11142 1028
7154 8981 1898 121 763 1409 3684 290 1028
8871 8981 121 1898 3684 1409 290 11142 1028
8868 8981 121 1898 3684 763 290 11142 1028
9452 121 9836 3684 613 17118 763 11142 290
9452 121 9836 3684 613 17118 1409 11142 290
3935 32055 17118 121 6794 763 290 11142 9836
3935 32055 17118 121 6794 1409 290 11142 9836
8868 10221 3684 4042 121 763 11142 1409 7494
8868 10221 3684 4042 121 763 290 1409 7494
7154 11273 5091 121 1409 763 3684 290 9091
7154 11273 5091 121 1409 763 3684 11142 9091
8950 20646 121 9514 3684 11142 763 11791 1409
8950 20646 121 9514 3684 11142 290 11791 1409
8951 11821 121 3996 3684 763 11142 11838 1409
8951 11821 121 3996 3684 763 290 11838 1409
11614 12360 121 3684 6094 1409 3041 763 11142
11614 12360 121 3684 6094 290 3041 763 11142
9456 121 13056 3684 8430 2763 290 11142 763
9456 121 13056 3684 8430 2763 1409 11142 763
8950 13978 121 4246 3684 1409 290 13000 11142
8950 13978 121 4246 3684 1409 763 13000 11142
8874 10304 121 3402 3684 1409 763 290 13984
9102 10304 121 3402 3684 1409 290 13984 11142
9074 10304 121 3402 3684 1409 763 13984 11142
8950 14120 3684 360 121 763 290 16785 1409
8950 14120 3684 360 121 11142 290 16785 1409
9452 121 14647 3684 6794 12898 763 11142 290
9452 121 14647 3684 6794 12898 1409 11142 290
11307 14939 290 13650 121 763 11142 14865 3684
11307 14939 1409 13650 121 763 11142 14865 3684
9073 14865 121 1898 3684 763 290 14939 11142
9073 14865 121 1898 3684 1409 290 14939 11142
9456 121 14905 3684 6794 9114 763 290 1409
9456 121 14905 3684 6794 9114 763 11142 1409
7154 14945 4144 3684 290 763 121 1409 4437
7154 14945 4144 3684 290 763 121 11142 4437
11307 15794 11142 6950 121 1409 290 15031 3684
11307 15794 11142 6950 121 763 290 15031 3684
11307 15749 763 3272 121 1409 290 4544 3684
11307 15749 763 3272 121 11142 290 4544 3684
9452 121 17416 3684 8430 6360 763 290 11142
9452 121 17416 3684 8430 6360 763 1409 11142
7154 32847 4720 121 763 1409 3684 11142 17508
7154 32847 4720 121 290 1409 3684 11142 17508
8935 17602 3684 622 121 763 11142 14128 1409
8935 17602 3684 622 121 763 290 14128 1409
8868 19897 121 766 3684 763 11142 1409 3065
8868 19897 121 766 3684 763 290 1409 3065
8868 20086 3684 4653 121 763 1409 11142 20063
8868 20086 3684 4653 121 290 1409 11142 20063
8868 20750 3684 360 121 763 290 1409 21779
8868 20750 3684 360 121 11142 290 1409 21779
8950 21428 3684 4144 121 763 1409 21030 11142
8950 21428 3684 4144 121 290 1409 21030 11142
8950 21183 121 3568 3684 763 11142 21182 290
8950 21183 121 3568 3684 1409 11142 21182 290
8868 21182 3684 1306 121 763 1409 290 21183
8868 21182 3684 1306 121 763 11142 290 21183
8868 21743 121 12481 3684 763 290 11142 18184
8868 21743 121 12481 3684 1409 290 11142 18184
8935 18184 121 4872 6794 763 290 21743 11142
8935 18184 121 4872 6794 1409 290 21743 11142
8868 22199 121 10076 3684 763 11142 1409 22191
8868 22199 121 10076 3684 290 11142 1409 22191
8868 22510 3684 14171 121 1409 290 11142 22501
8868 22510 3684 14171 121 1409 763 11142 22501
11614 22562 3684 121 11142 290 5094 763 1409
11614 22562 3684 121 11142 6094 5094 763 1409
9456 121 22864 3684 6794 8991 11142 290 763
9456 121 22864 3684 6794 8991 1409 290 763
9494 19493 121 24433 3684 763 22917 1409 11142
9494 19493 121 24433 3684 290 22917 1409 11142
8935 24112 121 7089 3684 11142 290 24043 763
8935 24112 121 7089 3684 1409 290 24043 763
8951 23736 121 1898 3684 763 290 24536 11142
8951 23736 121 1898 3684 1409 290 24536 11142
10427 24554 12481 121 763 290 28043 3684 11142
10427 24554 12481 121 1409 290 28043 3684 11142
9576 121 12858 3684 6794 24936 763 290 11142
9576 121 12858 3684 6794 24936 1409 290 11142
8935 21779 3684 8103 121 290 763 25138 1409
8935 21779 3684 8103 121 290 11142 25138 1409
8868 25138 3684 360 121 763 290 1409 21779
8868 25138 3684 360 121 11142 290 1409 21779
9452 121 25950 3684 613 17118 290 11142 763
9452 121 25950 3684 613 17118 1409 11142 763
9452 3684 26966 121 11540 3075 763 290 11142
9452 3684 26966 121 11540 3075 1409 290 11142
9452 3684 3075 121 10194 26966 763 11142 290
9452 3684 3075 121 10194 26966 1409 11142 290
8868 29293 3684 7460 121 763 1409 11142 15289
8868 29293 3684 7460 121 763 290 11142 15289
9456 121 29493 3684 6794 27896 290 763 1409
9456 121 29493 3684 6794 27896 11142 763 1409
8868 29630 121 766 3684 763 1409 290 14214
8868 29630 121 766 3684 763 11142 290 14214
9452 121 30072 3684 6794 26077 11142 290 1409
9452 121 30072 3684 6794 26077 11142 763 1409
9452 121 31420 3684 6794 26809 290 763 1409
9452 121 31420 3684 6794 26809 11142 763 1409
8950 7591 121 14497 3684 290 1409 31424 763
8950 7591 121 14497 3684 290 11142 31424 763
8935 10901 3684 83 121 11142 1409 3156 763
8935 10901 3684 83 121 290 1409 3156 763
8935 31994 3684 9947 121 11142 1409 29491 763
8935 31994 3684 9947 121 11142 290 29491 763
11297 38062 763 1463 3684 1409 290 6339 121
11297 38062 763 1463 3684 11142 290 6339 121
8935 13451 121 3803 3684 11142 290 49924 763
8935 13451 121 3803 3684 1409 290 49924 763
8868 5232 121 14497 3684 290 1409 11142 914
8868 5232 121 14497 3684 290 763 11142 914
11614 5413 3684 121 290 1409 18496 1465 11142
11614 5413 3684 121 763 1409 18496 1465 11142
11614 7100 121 3684 11142 6094 3 290 763
11614 7100 121 3684 1409 6094 3 290 763
11614 7100 121 3684 11142 1946 3 290 763
11614 7100 121 3684 1409 1946 3 290 763
11548 8579 11142 4213 290 1409 8585 763 3684
11540 8579 11142 4213 121 1409 8585 763 3684
11602 8585 121 3684 290 763 8579 4213 1409
11307 8579 11142 4213 121 290 1409 8585 3684
11305 8585 121 3684 11142 290 763 8579 4213
10385 121 3684 2003 8585 8579 11142 763 1409
10385 121 3684 2003 8585 8579 290 763 1409
8868 27767 121 12120 3684 290 11142 763 9663
8868 27767 121 12120 3684 1409 11142 763 9663
