4830+bno7 15 12 4 8 177 3 2 11
4830+bno7 15 12 4 7 177 3 2 11
10704+bno7 15 4 8 3 177 40 11 2
10704+bno7 15 4 8 7 177 40 11 2
5423+bno7 15 4 32 7 8 177 2 11
5423+bno7 15 4 32 7 3 177 2 11
4830+bno7 15 125 4 8 177 3 2 11
4830+bno7 15 125 4 7 177 3 2 11
5423+bno7 15 4 41 8 7 177 2 11
5423+bno7 15 4 41 3 7 177 2 11
5423+bno7 15 4 49 8 3 177 2 11
5423+bno7 15 4 49 7 3 177 2 11
5423+bno7 15 4 52 3 8 177 11 2
5423+bno7 15 4 52 3 7 177 11 2
10704+bno7 15 4 8 3 177 88 2 11
10704+bno7 15 4 7 3 177 88 2 11
8822+bno7 15 8 117 4 177 7 11 2
8822+bno7 15 3 117 4 177 7 11 2
9576+bno6 4 15 3 8 5342 177 11 2
9576+bno6 4 15 3 7 5342 177 11 2
4830+bno7 15 78 4 3 177 8 2 11
4830+bno7 15 78 4 7 177 8 2 11
8822+bno7 15 3 106 4 177 8 11 2
8822+bno7 15 7 106 4 177 8 11 2
10704+bno7 15 4 8 3 177 113 11 2
10704+bno7 15 4 8 7 177 113 11 2
5423+bno7 15 4 116 8 3 177 2 11
5423+bno7 15 4 116 7 3 177 2 11
9187+bno7 15 8 4 156 7 177 2 11
9187+bno7 15 3 4 156 7 177 2 11
8822+bno7 15 8 72 4 177 3 2 11
8822+bno7 15 7 72 4 177 3 2 11
9187+bno7 15 8 4 97 3 177 11 2
9187+bno7 15 7 4 97 3 177 11 2
4830+bno7 15 105 4 7 177 8 2 11
4830+bno7 15 105 4 7 177 3 2 11
5423+bno7 15 4 103 8 3 177 2 11
5423+bno7 15 4 103 7 3 177 2 11
9456+bno7 4 82 7 8 5 177 2 11
9456+bno7 4 82 7 3 5 177 2 11
9080+bno7 4 81 7 8 5 3 177 2
9080+bno7 4 81 7 8 5 3 177 11
5423+bno7 15 4 244 8 3 177 11 2
5423+bno7 15 4 244 8 7 177 11 2
9700+bno6 4 15 8 7 179 177 11 2
9700+bno6 4 15 3 7 179 177 11 2
9080+bno7 4 118 7 3 5 8 177 2
9080+bno7 4 118 7 3 5 8 177 11
9080+bno7 4 59 7 3 5 8 177 2
9080+bno7 4 59 7 3 5 8 177 11
8822+bno7 15 8 111 4 177 3 11 2
8822+bno7 15 8 111 4 177 7 11 2
4830+bno7 15 128 4 3 177 8 2 11
4830+bno7 15 128 4 7 177 8 2 11
4830+bno7 15 161 4 8 177 7 11 2
4830+bno7 15 161 4 3 177 7 11 2
5423+bno7 15 4 197 8 3 177 2 11
5423+bno7 15 4 197 8 7 177 2 11
9456+bno7 4 255 7 8 5 177 2 11
9456+bno7 4 255 7 3 5 177 2 11
10652+bno7 15 4 3 8 177 7552 11 2
10652+bno7 15 4 7 8 177 7552 11 2
4830+bno7 15 107 4 7 177 8 11 2
4830+bno7 15 107 4 7 177 3 11 2
4830+bno7 15 146 4 8 177 7 11 2
4830+bno7 15 146 4 3 177 7 11 2
9080+bno7 4 163 7 8 5 3 177 2
9080+bno7 4 163 7 8 5 3 177 11
5423+bno7 15 4 135 8 3 177 2 11
5423+bno7 15 4 135 7 3 177 2 11
8822+bno7 15 3 148 4 177 8 11 2
8822+bno7 15 7 148 4 177 8 11 2
4830+bno7 15 205 4 7 177 8 2 11
4830+bno7 15 205 4 7 177 3 2 11
9456+bno7 4 222 7 8 5 177 11 2
9456+bno7 4 222 7 3 5 177 11 2
5423+bno7 15 4 203 8 3 177 2 11
5423+bno7 15 4 203 8 7 177 2 11
5423+bno7 15 4 219 8 3 177 11 2
5423+bno7 15 4 219 7 3 177 11 2
4830+bno7 15 191 4 8 177 7 2 11
4830+bno7 15 191 4 3 177 7 2 11
4830+bno7 15 360 4 3 177 8 2 11
4830+bno7 15 360 4 7 177 8 2 11
5423+bno7 15 4 295 7 8 177 2 11
5423+bno7 15 4 295 7 3 177 2 11
9576+bno6 4 15 3 8 304 177 2 11
9576+bno6 4 15 7 8 304 177 2 11
5423+bno7 15 4 162 8 3 177 2 11
5423+bno7 15 4 162 7 3 177 2 11
9452+bno7 4 183 7 8 33 2 177 11
9452+bno7 4 183 7 3 33 2 177 11
9576+bno6 4 15 8 7 165 177 11 2
9576+bno6 4 15 3 7 165 177 11 2
9452+bno7 4 241 8 3 12 177 11 2
9452+bno7 4 241 7 3 12 177 11 2
4830+bno7 15 170 4 8 177 3 11 2
4830+bno7 15 170 4 7 177 3 11 2
9456+bno7 4 292 7 8 5 177 2 11
9456+bno7 4 292 7 3 5 177 2 11
4830+bno7 15 309 4 7 177 8 2 11
4830+bno7 15 309 4 7 177 3 2 11
4830+bno7 15 330 4 8 177 7 11 2
4830+bno7 15 330 4 3 177 7 11 2
9576+bno6 4 15 3 8 801 177 2 11
9576+bno6 4 15 3 7 801 177 2 11
9080+bno7 4 158 7 8 5 3 177 2
9080+bno7 4 158 7 8 5 3 177 11
9187+bno7 15 3 4 1691 8 177 11 2
9187+bno7 15 7 4 1691 8 177 11 2
5423+bno7 15 4 228 8 3 177 2 11
5423+bno7 15 4 228 7 3 177 2 11
8822+bno7 15 3 237 4 177 8 11 2
8822+bno7 15 7 237 4 177 8 11 2
9456+bno7 4 280 7 8 5 177 2 11
9456+bno7 4 280 7 3 5 177 2 11
4830+bno7 15 290 4 8 177 3 2 11
4830+bno7 15 290 4 7 177 3 2 11
4830+bno7 15 209 4 3 177 8 11 2
4830+bno7 15 209 4 7 177 8 11 2
9452+bno7 4 553 7 8 33 11 177 2
9452+bno7 4 553 7 3 33 11 177 2
5423+bno7 15 4 7588 3 8 177 2 11
5423+bno7 15 4 7588 3 7 177 2 11
4830+bno7 15 207 4 8 177 3 2 11
4830+bno7 15 207 4 7 177 3 2 11
4830+bno7 15 253 4 8 177 7 2 11
4830+bno7 15 253 4 3 177 7 2 11
5423+bno7 15 4 487 3 8 177 2 11
5423+bno7 15 4 487 7 8 177 2 11
9456+bno7 4 759 7 8 5 177 2 11
9456+bno7 4 759 7 3 5 177 2 11
1321+bno5 260 611 3 448 239 8 665 780
1321+bno5 260 611 2 448 239 8 665 780
2842+bno2 611 260 8 448 239 11 665 780
2304+bno0 239 611 260 3 8 11 780 665
2304+bno0 239 611 260 2 8 11 780 665
2842+bno3 611 260 8 448 239 11 665 780
1668+bno1 448 3 571 665 611 780 8 239
1668+bno1 448 2 571 665 611 780 8 239
1325+bno1 448 571 11 665 611 260 780 239
2300+bno1 448 571 260 3 8 11 780 239
2300+bno1 448 571 260 2 8 11 780 239
1276+bno3 611 2 212 448 239 26 8 667
1276+bno3 611 2 212 448 239 26 3 667
1276+bno3 611 8 212 448 239 17 2 667
1276+bno3 611 3 212 448 239 17 2 667
1276+bno3 611 8 212 448 239 17 11 667
1276+bno3 611 3 212 448 239 17 11 667
1321+bno5 212 611 448 3 8 239 665 667
1321+bno5 212 611 448 2 8 239 665 667
1629+bno1 448 3 665 212 667 611 26 239
4830+bno7 15 382 4 3 177 8 11 2
4830+bno7 15 382 4 7 177 8 11 2
9456+bno7 4 171 8 3 58 177 2 11
9456+bno7 4 171 8 7 58 177 2 11
5423+bno7 15 4 306 3 8 177 11 2
5423+bno7 15 4 306 3 7 177 11 2
9187+bno7 15 7 4 347 8 177 2 11
9187+bno7 15 7 4 347 3 177 2 11
10129+bno0 424 4 8 7 177 11 22 2
10129+bno0 424 4 3 7 177 11 22 2
4830+bno7 15 585 4 3 177 8 11 2
4830+bno7 15 585 4 7 177 8 11 2
9456+bno7 4 238 7 8 5 177 11 2
9456+bno7 4 238 7 3 5 177 11 2
9080+bno7 4 435 7 8 5 3 177 2
9080+bno7 4 435 7 8 5 3 177 11
4830+bno7 15 189 4 3 177 8 11 2
4830+bno7 15 189 4 7 177 8 11 2
4830+bno7 15 262 4 8 177 3 2 11
4830+bno7 15 262 4 7 177 3 2 11
9452+bno7 4 299 8 3 125 177 11 2
9452+bno7 4 299 7 3 125 177 11 2
4830+bno7 15 320 4 8 177 3 2 11
4830+bno7 15 320 4 7 177 3 2 11
8752+bno7 4 8 321 12 3 7 2 11
8752+bno7 4 8 321 12 3 7 177 11
9080+bno7 4 321 8 3 58 7 177 2
9080+bno7 4 321 8 3 58 7 177 11
9080+bno7 4 351 8 7 58 3 177 2
9080+bno7 4 351 8 7 58 3 177 11
9456+bno7 4 248 7 8 5 177 2 11
9456+bno7 4 248 7 3 5 177 2 11
10129+bno0 257 4 8 7 177 11 22 2
10129+bno0 257 4 3 7 177 11 22 2
4830+bno7 15 268 4 3 177 8 11 2
4830+bno7 15 268 4 7 177 8 11 2
4830+bno7 15 345 4 8 177 3 2 11
4830+bno7 15 345 4 8 177 7 2 11
4830+bno7 15 739 4 3 177 8 2 11
4830+bno7 15 739 4 7 177 8 2 11
9080+bno7 4 460 7 8 5 3 177 2
9080+bno7 4 460 7 8 5 3 177 11
4830+bno7 15 593 4 3 177 8 2 11
4830+bno7 15 593 4 7 177 8 2 11
9080+bno7 4 599 7 3 5 8 177 2
9080+bno7 4 599 7 3 5 8 177 11
4830+bno7 15 308 4 3 177 8 2 11
4830+bno7 15 308 4 7 177 8 2 11
9080+bno7 4 433 7 8 5 3 177 2
9080+bno7 4 433 7 8 5 3 177 11
9080+bno7 4 649 7 3 33 8 2 177
9080+bno7 4 649 7 3 33 8 11 177
4830+bno7 15 687 4 8 177 7 2 11
4830+bno7 15 687 4 3 177 7 2 11
9080+bno7 4 291 7 8 5 3 177 2
9080+bno7 4 291 7 8 5 3 177 11
9456+bno7 4 310 7 8 5 177 2 11
9456+bno7 4 310 7 3 5 177 2 11
4830+bno7 15 372 4 3 177 8 2 11
4830+bno7 15 372 4 7 177 8 2 11
9080+bno7 4 597 7 3 5 8 177 2
9080+bno7 4 597 7 3 5 8 177 11
9080+bno7 4 720 7 8 105 3 2 11
9080+bno7 4 720 7 8 105 3 177 11
4173+bno1 410 8 475 15 48 11 2 282
4173+bno1 410 3 475 15 48 11 2 282
3783+bno1 2055 7498 8 4 11 2 140 359
3783+bno1 2055 7498 3 4 11 2 140 359
3783+bno1 2056 7498 8 4 11 2 140 359
3783+bno1 2056 7498 3 4 11 2 140 359
3783+bno1 2057 7498 8 4 11 2 140 359
3783+bno1 2057 7498 3 4 11 2 140 359
3783+bno1 2058 7498 8 4 11 2 140 359
3783+bno1 2058 7498 3 4 11 2 140 359
3783+bno1 2059 7498 8 4 11 2 140 359
3783+bno1 2059 7498 3 4 11 2 140 359
3783+bno1 2060 7498 8 4 11 2 140 359
3783+bno1 2060 7498 3 4 11 2 140 359
3783+bno1 2061 7498 8 4 11 2 140 359
3783+bno1 2061 7498 3 4 11 2 140 359
3783+bno1 2062 7498 8 4 11 2 140 359
3783+bno1 2062 7498 3 4 11 2 140 359
3783+bno1 2616 7498 8 4 11 2 140 359
3783+bno1 2616 7498 3 4 11 2 140 359
3783+bno1 2617 7498 8 4 11 2 140 359
3783+bno1 2617 7498 3 4 11 2 140 359
10129+bno0 473 4 8 7 177 11 150 2
10129+bno0 473 4 3 7 177 11 150 2
9452+bno7 4 550 7 8 33 2 177 11
9452+bno7 4 550 7 3 33 2 177 11
9456+bno7 4 762 8 3 58 177 2 11
9456+bno7 4 762 8 7 58 177 2 11
8822+bno7 15 8 768 4 177 7 11 2
8822+bno7 15 3 768 4 177 7 11 2
9080+bno7 4 335 7 3 5 8 177 2
9080+bno7 4 335 7 3 5 8 177 11
4173+bno0 410 8 475 15 48 11 2 282
4173+bno0 410 3 475 15 48 11 2 282
9080+bno7 4 602 7 3 5 8 177 2
9080+bno7 4 602 7 3 5 8 177 11
4830+bno7 15 7525 4 8 177 3 2 11
4830+bno7 15 7525 4 7 177 3 2 11
9576+bno6 4 15 8 7 7562 177 2 11
9576+bno6 4 15 3 7 7562 177 2 11
5423+bno7 15 4 1159 3 8 177 2 11
5423+bno7 15 4 1159 7 8 177 2 11
4830+bno7 15 1760 4 8 177 7 2 11
4830+bno7 15 1760 4 3 177 7 2 11
9080+bno7 4 3254 7 8 5 3 177 2
9080+bno7 4 3254 7 8 5 3 177 11
9080+bno7 4 528 7 3 5 8 177 2
9080+bno7 4 528 7 3 5 8 177 11
9080+bno7 4 557 7 8 5 3 177 2
9080+bno7 4 557 7 8 5 3 177 11
9456+bno7 4 634 8 3 58 177 2 11
9456+bno7 4 634 8 7 58 177 2 11
4830+bno7 15 7328 4 3 177 8 2 11
4830+bno7 15 7328 4 7 177 8 2 11
10129+bno0 735 4 8 7 177 2 22 11
10129+bno0 735 4 3 7 177 2 22 11
9456+bno7 4 7514 7 8 5 177 2 11
9456+bno7 4 7514 7 3 5 177 2 11
3783+bno0 343 129 8 4 11 2 23 252
3783+bno0 343 129 3 4 11 2 23 252
9080+bno7 4 3516 7 3 5 8 177 2
9080+bno7 4 3516 7 3 5 8 177 11
2842+bno0 611 260 8 448 239 11 665 780
2304+bno2 239 611 260 3 8 11 780 665
2304+bno2 239 611 260 2 8 11 780 665
3783+bno0 668 129 8 4 11 2 23 169
3783+bno0 668 129 3 4 11 2 23 169
4830+bno7 15 694 4 3 177 8 2 11
4830+bno7 15 694 4 7 177 8 2 11
9080+bno7 4 7341 7 8 5 3 177 2
9080+bno7 4 7341 7 8 5 3 177 11
5423+bno7 15 4 7536 8 7 177 2 11
5423+bno7 15 4 7536 3 7 177 2 11
4830+bno7 15 7597 4 3 177 8 2 11
4830+bno7 15 7597 4 7 177 8 2 11
10129+bno0 769 4 8 3 11 177 113 2
10129+bno0 769 4 8 7 11 177 113 2
4830+bno7 15 774 4 8 177 3 11 2
4830+bno7 15 774 4 7 177 3 11 2
4830+bno7 15 1068 4 3 177 8 2 11
4830+bno7 15 1068 4 7 177 8 2 11
4830+bno7 15 1379 4 8 177 3 2 11
4830+bno7 15 1379 4 7 177 3 2 11
3783+bno1 616 273 8 4 11 2 236 575
3783+bno1 616 273 3 4 11 2 236 575
1627+bno0 575 8 612 4 84 324 2 616
1627+bno0 575 3 612 4 84 324 2 616
1627+bno0 575 8 612 4 84 324 11 616
1627+bno0 575 3 612 4 84 324 11 616
1627+bno0 575 8 612 42 84 324 3 616
1627+bno0 575 8 612 42 84 324 2 616
2304+bno1 239 611 260 3 8 11 780 665
2304+bno1 239 611 260 2 8 11 780 665
9080+bno7 4 7578 7 3 5 8 177 2
9080+bno7 4 7578 7 3 5 8 177 11
10129+bno0 7593 4 8 7 177 2 22 11
10129+bno0 7593 4 3 7 177 2 22 11
9080+bno7 4 890 7 8 5 3 177 2
9080+bno7 4 890 7 8 5 3 177 11
9080+bno7 4 988 7 8 5 3 177 2
9080+bno7 4 988 7 8 5 3 177 11
9452+bno7 4 1127 8 3 12 177 11 2
9452+bno7 4 1127 7 3 12 177 11 2
1668+bno0 448 3 571 665 611 780 8 239
1668+bno0 448 2 571 665 611 780 8 239
1325+bno0 448 571 11 665 611 260 780 239
2300+bno0 448 571 260 3 8 11 780 239
2300+bno0 448 571 260 2 8 11 780 239
1629+bno0 448 3 665 212 667 611 26 239
8752+bno7 4 8 525 96 7 3 177 2
8752+bno7 4 8 525 96 7 3 177 11
9080+bno7 4 637 8 3 58 7 177 2
9080+bno7 4 637 8 3 58 7 177 11
9456+bno7 4 7563 7 8 5 177 2 11
9456+bno7 4 7563 7 3 5 177 2 11
9452+bno7 4 870 7 8 33 2 177 11
9452+bno7 4 870 7 3 33 2 177 11
8752+bno7 4 7 983 12 3 8 2 11
8752+bno7 4 7 983 12 3 8 177 11
9080+bno7 4 1060 8 7 244 3 11 2
9080+bno7 4 1060 8 7 244 3 11 177
9456+bno7 4 1190 8 3 58 177 2 11
9456+bno7 4 1190 8 7 58 177 2 11
9452+bno7 4 1513 7 8 33 2 177 11
9452+bno7 4 1513 7 3 33 2 177 11
4830+bno7 15 1523 4 8 177 3 11 2
4830+bno7 15 1523 4 7 177 3 11 2
1668+bno4 448 3 571 665 611 780 8 239
1668+bno4 448 2 571 665 611 780 8 239
1325+bno4 448 571 11 665 611 260 780 239
1327+bno5 260 611 3 571 239 8 665 780
1327+bno5 260 611 2 571 239 8 665 780
2850+bno3 611 260 8 571 239 11 665 780
1668+bno2 448 2 571 665 611 780 8 239
2300+bno2 448 571 260 3 8 11 780 239
2300+bno2 448 571 260 2 8 11 780 239
9456+bno7 4 595 8 7 179 11 2 177
9456+bno7 4 595 3 7 179 11 2 177
10129+bno0 7419 4 8 3 2 11 88 177
10129+bno0 7419 4 7 3 2 11 88 177
9452+bno7 4 7499 7 8 33 2 177 11
9452+bno7 4 7499 7 3 33 2 177 11
9080+bno7 4 7575 7 3 5 8 177 2
9080+bno7 4 7575 7 3 5 8 177 11
9080+bno7 4 818 7 8 5 3 177 2
9080+bno7 4 818 7 8 5 3 177 11
9080+bno7 4 974 7 8 33 3 2 177
9080+bno7 4 974 7 8 33 3 11 177
8752+bno7 4 7 1343 116 3 8 2 11
8752+bno7 4 7 1343 116 3 8 2 177
9080+bno7 4 1502 7 3 33 8 2 177
9080+bno7 4 1502 7 3 33 8 11 177
9452+bno7 4 1553 8 3 12 2 11 177
9452+bno7 4 1553 7 3 12 2 11 177
9452+bno7 4 1754 7 8 33 2 177 11
9452+bno7 4 1754 7 3 33 2 177 11
4830+bno7 15 1883 4 3 177 8 2 11
4830+bno7 15 1883 4 7 177 8 2 11
9080+bno7 4 2354 7 3 5 8 177 2
9080+bno7 4 2354 7 3 5 8 177 11
9080+bno7 4 2395 7 3 5 8 177 2
9080+bno7 4 2395 7 3 5 8 177 11
6418+bno0 387 8 76 1 42 3 2 303
6418+bno0 387 8 76 1 42 11 2 303
1718+bno1 282 303 8 1 42 3 76 387
3783+bno1 282 303 3 1 2 42 76 387
8752+bno7 4 7 590 128 8 3 2 11
8752+bno7 4 7 590 128 8 3 177 11
9080+bno7 4 7406 7 8 5 3 177 2
9080+bno7 4 7406 7 8 5 3 177 11
10129+bno0 862 4 8 7 177 11 65 2
10129+bno0 862 4 3 7 177 11 65 2
10033+bno0 869 4 3 7 177 2 8 22
10033+bno0 869 4 3 7 177 11 8 22
1627+bno0 1008 2 254 33 50 28 8 677
1627+bno0 1008 2 254 33 50 28 3 677
8752+bno7 4 8 1325 103 3 7 2 11
8752+bno7 4 8 1325 103 3 7 2 177
9080+bno7 4 1339 8 7 203 3 2 11
9080+bno7 4 1339 8 7 203 3 2 177
9080+bno7 4 1359 7 8 5 3 177 2
9080+bno7 4 1359 7 8 5 3 177 11
9080+bno7 4 1375 7 8 5 3 177 2
9080+bno7 4 1375 7 8 5 3 177 11
9456+bno7 4 1508 8 3 103 2 177 11
9456+bno7 4 1508 7 3 103 2 177 11
10033+bno0 1518 4 7 3 2 11 8 88
10033+bno0 1518 4 7 3 2 177 8 88
8752+bno7 4 8 1522 53 3 7 2 177
8752+bno7 4 8 1522 53 3 7 11 177
8752+bno7 4 8 1784 12 3 7 2 11
8752+bno7 4 8 1784 12 3 7 177 11
9080+bno7 4 1788 7 3 33 8 2 177
9080+bno7 4 1788 7 3 33 8 11 177
9080+bno7 4 1853 8 7 203 3 2 11
9080+bno7 4 1853 8 7 203 3 2 177
9456+bno7 4 1871 8 3 116 2 177 11
9456+bno7 4 1871 7 3 116 2 177 11
9452+bno7 4 2225 8 3 125 2 11 177
9452+bno7 4 2225 7 3 125 2 11 177
8752+bno7 4 7 554 1523 3 8 11 2
8752+bno7 4 7 554 1523 3 8 177 2
4830+bno7 15 7377 4 8 177 3 2 11
4830+bno7 15 7377 4 7 177 3 2 11
9080+bno7 4 7423 7 3 5 8 177 2
9080+bno7 4 7423 7 3 5 8 177 11
9080+bno7 4 7431 8 7 27 3 2 177
9080+bno7 4 7431 8 7 27 3 11 177
9456+bno7 4 7434 8 3 58 177 2 11
9456+bno7 4 7434 8 7 58 177 2 11
2300+bno2 1183 1543 33 11 2 8 553 756
2300+bno2 1183 1543 33 11 2 3 553 756
3783+bno0 858 129 8 4 11 2 23 169
3783+bno0 858 129 3 4 11 2 23 169
3783+bno0 888 151 8 4 11 2 38 213
3783+bno0 888 151 3 4 11 2 38 213
9080+bno7 4 971 7 8 33 3 2 177
9080+bno7 4 971 7 8 33 3 11 177
9080+bno7 4 973 8 7 27 3 2 177
9080+bno7 4 973 8 7 27 3 11 177
3783+bno0 1084 129 8 4 11 2 23 252
3783+bno0 1084 129 3 4 11 2 23 252
1718+bno0 1121 303 8 1 42 3 76 387
3783+bno0 1121 303 3 1 2 42 76 387
9080+bno7 4 1356 8 7 244 3 11 2
9080+bno7 4 1356 8 7 244 3 11 177
9080+bno7 4 1362 8 7 27 3 2 177
9080+bno7 4 1362 8 7 27 3 11 177
3783+bno0 1419 129 8 4 11 2 23 422
3783+bno0 1419 129 3 4 11 2 23 422
3783+bno0 1439 129 8 4 11 2 23 169
3783+bno0 1439 129 3 4 11 2 23 169
6418+bno0 1446 8 76 1 42 3 2 303
6418+bno0 1446 8 76 1 42 11 2 303
1718+bno1 616 303 8 1 42 3 76 1446
3783+bno1 616 303 3 1 2 42 76 1446
1277+bno0 1474 3 611 448 239 780 8 665
1277+bno0 1474 2 611 448 239 780 8 665
1276+bno0 1474 11 611 448 239 780 260 665
1277+bno4 611 448 1474 3 8 571 239 665
1277+bno4 611 448 1474 2 8 571 239 665
1668+bno7 260 448 611 571 1474 665 239 780
1277+bno5 611 448 1474 3 8 571 239 665
1277+bno5 611 448 1474 2 8 571 239 665
1276+bno0 1474 3 780 448 239 260 11 571
8752+bno7 4 8 1516 12 3 7 2 11
8752+bno7 4 8 1516 12 3 7 177 11
3783+bno0 1612 129 8 4 11 2 23 717
3783+bno0 1612 129 3 4 11 2 23 717
3783+bno0 1676 129 8 4 11 2 23 252
3783+bno0 1676 129 3 4 11 2 23 252
1627+bno7 8 712 4 252 129 23 1676 2
1627+bno7 3 712 4 252 129 23 1676 2
9452+bno7 4 1765 8 7 161 11 2 177
9452+bno7 4 1765 3 7 161 11 2 177
9080+bno7 4 1832 7 8 5 3 177 2
9080+bno7 4 1832 7 8 5 3 177 11
3783+bno0 1920 129 8 4 11 2 23 422
3783+bno0 1920 129 3 4 11 2 23 422
4315+bno3 1 8 712 58 194 3 1923 2
4315+bno3 1 8 712 58 194 11 1923 2
3783+bno0 1930 129 8 4 11 2 23 252
3783+bno0 1930 129 3 4 11 2 23 252
4315+bno2 1 8 252 40 129 3 1942 2
4315+bno2 1 11 252 40 129 3 1942 2
4315+bno3 1 11 252 40 129 3 1942 2
1824+bno7 3 780 1962 665 239 448 611 8
1824+bno7 2 780 1962 665 239 448 611 8
1824+bno6 260 8 239 611 1962 448 665 780
1276+bno0 1962 3 780 239 665 260 11 611
1276+bno5 260 239 611 3 8 1962 448 780
1276+bno5 260 239 611 2 8 1962 448 780
10129+bno0 1998 4 8 7 177 11 145 2
10129+bno0 1998 4 3 7 177 11 145 2
6418+bno0 2045 8 76 1 42 3 2 303
6418+bno0 2045 8 76 1 42 11 2 303
9452+bno7 4 2168 8 7 146 177 2 11
9452+bno7 4 2168 3 7 146 177 2 11
9452+bno7 4 2213 8 7 161 11 2 177
9452+bno7 4 2213 3 7 161 11 2 177
9080+bno7 4 2333 7 3 5 8 177 2
9080+bno7 4 2333 7 3 5 8 177 11
8752+bno7 4 3 2381 128 8 7 2 11
8752+bno7 4 3 2381 128 8 7 177 11
3783+bno1 795 529 8 4 11 2 236 2529
3783+bno1 795 529 3 4 11 2 236 2529
1718+bno0 2599 303 8 1 42 3 76 387
3783+bno0 2599 303 3 1 2 42 76 387
1276+bno0 2599 3 303 410 282 5342 8 387
1276+bno0 2599 3 303 410 282 5342 2 387
9080+bno7 4 3145 8 3 27 7 2 177
9080+bno7 4 3145 8 3 27 7 11 177
10128+bno0 3269 4 8 3 177 2 111 11
10128+bno0 3269 4 8 7 177 2 111 11
1627+bno7 8 129 4 723 618 38 252 2
1627+bno7 3 129 4 723 618 38 252 2
3783+bno2 252 618 8 4 11 2 38 723
3783+bno2 252 618 3 4 11 2 38 723
3783+bno0 723 129 8 4 11 2 23 252
3783+bno0 723 129 3 4 11 2 23 252
1662+bno2 410 8 724 15 48 475 2 282
1662+bno2 410 3 724 15 48 475 2 282
1627+bno2 410 8 724 15 48 475 11 282
1627+bno2 410 3 724 15 48 475 11 282
3783+bno0 724 273 8 4 11 2 236 282
3783+bno0 724 273 3 4 11 2 236 282
9080+bno7 4 7485 7 3 5 8 177 2
9080+bno7 4 7485 7 3 5 8 177 11
10033+bno0 7543 4 7 3 2 11 8 88
10033+bno0 7543 4 7 3 2 177 8 88
6878+bno0 923 239 3 8 30 1103 448 665
6878+bno0 923 239 2 8 30 1103 448 665
1277+bno5 611 571 923 3 8 448 239 665
1277+bno5 611 571 923 2 8 448 239 665
1276+bno5 260 923 571 3 8 239 448 780
1276+bno5 260 923 571 2 8 239 448 780
604+bno7 8 212 611 923 239 448 667 665
2842+bno4 611 923 239 26 212 448 667 665
2300+bno0 923 239 142 11 2 8 915 448
2300+bno0 923 239 142 11 2 3 915 448
1627+bno0 929 2 254 33 50 28 8 677
1627+bno0 929 2 254 33 50 28 3 677
1627+bno7 8 1012 4 252 129 23 343 2
1627+bno7 3 1012 4 252 129 23 343 2
1321+bno5 260 611 3 1110 239 8 665 780
1321+bno5 260 611 2 1110 239 8 665 780
2842+bno3 611 260 8 1110 239 11 665 780
2317+bno0 1110 448 665 3 30 8 1103 239
2317+bno0 1110 448 665 2 30 8 1103 239
2300+bno0 1183 1543 33 11 2 8 553 756
2300+bno0 1183 1543 33 11 2 3 553 756
3783+bno0 1229 129 8 4 11 2 23 252
3783+bno0 1229 129 3 4 11 2 23 252
3783+bno0 1245 129 8 4 11 2 23 169
3783+bno0 1245 129 3 4 11 2 23 169
1629+bno7 3 1265 780 239 665 611 448 8
1629+bno7 2 1265 780 239 665 611 448 8
6393+bno0 1265 3 239 665 1103 30 8 448
6393+bno0 1265 2 239 665 1103 30 8 448
1325+bno7 260 571 1265 611 665 448 239 780
1276+bno5 260 1265 571 3 8 239 448 780
1276+bno5 260 1265 571 2 8 239 448 780
2300+bno0 1265 239 142 11 2 8 915 448
2300+bno0 1265 239 142 11 2 3 915 448
3783+bno0 1266 273 8 4 11 2 236 282
3783+bno0 1266 273 3 4 11 2 236 282
4173+bno0 1266 8 475 15 48 11 2 282
4173+bno0 1266 3 475 15 48 11 2 282
1668+bno0 1281 3 239 780 611 665 8 571
1668+bno0 1281 2 239 780 611 665 8 571
1633+bno0 1281 11 239 780 611 665 260 571
1276+bno0 1281 3 780 448 239 260 11 571
3783+bno0 1315 57 8 4 11 2 35 793
3783+bno0 1315 57 3 4 11 2 35 793
3783+bno0 1435 273 8 4 11 2 236 575
3783+bno0 1435 273 3 4 11 2 236 575
1718+bno7 2 84 1435 612 616 575 324 4
1718+bno7 11 84 1435 612 616 575 324 4
1718+bno7 3 84 1435 612 616 575 324 42
1718+bno7 2 84 1435 612 616 575 324 42
1718+bno7 8 72 1435 612 616 575 324 3
1718+bno7 2 72 1435 612 616 575 324 3
1718+bno7 8 72 1435 612 616 575 324 11
1321+bno5 260 611 3 1464 239 8 665 780
1321+bno5 260 611 2 1464 239 8 665 780
2842+bno3 611 260 8 1464 239 11 665 780
2317+bno0 1464 448 665 3 30 8 1103 239
2317+bno0 1464 448 665 2 30 8 1103 239
6418+bno0 1626 8 76 1 42 3 2 339
6418+bno0 1626 8 76 1 42 11 2 339
1321+bno5 260 611 3 1645 239 8 665 780
1321+bno5 260 611 2 1645 239 8 665 780
2842+bno3 611 260 8 1645 239 11 665 780
2317+bno0 1645 448 665 3 30 8 1103 239
2317+bno0 1645 448 665 2 30 8 1103 239
3783+bno0 1668 129 8 4 11 2 23 169
3783+bno0 1668 129 3 4 11 2 23 169
3783+bno0 1682 129 8 4 11 2 23 169
3783+bno0 1682 129 3 4 11 2 23 169
6418+bno0 1686 8 76 1 42 3 2 678
6418+bno0 1686 8 76 1 42 11 2 678
1719+bno0 1686 303 8 1 42 3 76 678
3784+bno0 1686 303 3 1 2 42 76 678
3783+bno0 1710 57 8 4 11 2 35 630
3783+bno0 1710 57 3 4 11 2 35 630
3783+bno0 1845 57 8 4 11 2 35 160
3783+bno0 1845 57 3 4 11 2 35 160
1321+bno5 260 611 3 1958 239 8 665 780
1321+bno5 260 611 2 1958 239 8 665 780
2842+bno3 611 260 8 1958 239 11 665 780
2317+bno0 1958 448 665 3 30 8 1103 239
2317+bno0 1958 448 665 2 30 8 1103 239
1321+bno5 260 611 3 1972 239 8 665 780
1321+bno5 260 611 2 1972 239 8 665 780
2842+bno3 611 260 8 1972 239 11 665 780
2317+bno0 1972 448 665 3 30 8 1103 239
2317+bno0 1972 448 665 2 30 8 1103 239
1627+bno7 8 1991 4 252 129 23 343 2
1627+bno7 3 1991 4 252 129 23 343 2
3783+bno0 2013 129 8 4 11 2 23 322
3783+bno0 2013 129 3 4 11 2 23 322
3783+bno0 2039 273 8 4 11 2 236 575
3783+bno0 2039 273 3 4 11 2 236 575
1718+bno7 2 84 2039 612 616 575 324 4
1718+bno7 11 84 2039 612 616 575 324 4
1718+bno7 3 84 2039 612 616 575 324 42
1718+bno7 2 84 2039 612 616 575 324 42
1718+bno7 8 72 2039 612 616 575 324 3
1718+bno7 2 72 2039 612 616 575 324 3
1718+bno7 8 72 2039 612 616 575 324 11
3783+bno0 2040 273 8 4 11 2 236 575
3783+bno0 2040 273 3 4 11 2 236 575
1718+bno7 2 84 2040 612 616 575 324 4
1718+bno7 11 84 2040 612 616 575 324 4
1718+bno7 3 84 2040 612 616 575 324 42
1718+bno7 2 84 2040 612 616 575 324 42
1718+bno7 8 72 2040 612 616 575 324 3
1718+bno7 2 72 2040 612 616 575 324 3
1718+bno7 8 72 2040 612 616 575 324 11
6418+bno0 2050 8 76 1 42 3 2 678
6418+bno0 2050 8 76 1 42 11 2 678
1719+bno0 2050 303 8 1 42 3 76 678
3784+bno0 2050 303 3 1 2 42 76 678
3783+bno0 2055 7498 8 4 11 2 140 359
3783+bno0 2055 7498 3 4 11 2 140 359
3783+bno0 2056 7498 8 4 11 2 140 359
3783+bno0 2056 7498 3 4 11 2 140 359
3783+bno0 2057 7498 8 4 11 2 140 359
3783+bno0 2057 7498 3 4 11 2 140 359
3783+bno0 2058 7498 8 4 11 2 140 359
3783+bno0 2058 7498 3 4 11 2 140 359
3783+bno0 2059 7498 8 4 11 2 140 359
3783+bno0 2059 7498 3 4 11 2 140 359
3783+bno0 2060 7498 8 4 11 2 140 359
3783+bno0 2060 7498 3 4 11 2 140 359
3783+bno0 2061 7498 8 4 11 2 140 359
3783+bno0 2061 7498 3 4 11 2 140 359
3783+bno0 2062 7498 8 4 11 2 140 359
3783+bno0 2062 7498 3 4 11 2 140 359
1321+bno5 260 611 3 2076 239 8 665 780
1321+bno5 260 611 2 2076 239 8 665 780
2842+bno3 611 260 8 2076 239 11 665 780
2317+bno0 2076 448 665 3 30 8 1103 239
2317+bno0 2076 448 665 2 30 8 1103 239
3783+bno0 2478 129 8 4 11 2 23 717
3783+bno0 2478 129 3 4 11 2 23 717
6418+bno0 2484 8 76 1 42 3 2 339
6418+bno0 2484 8 76 1 42 11 2 339
1321+bno6 260 8 2505 448 239 611 665 780
1276+bno0 2505 3 780 239 665 260 11 611
1321+bno6 260 8 2517 448 239 611 665 780
1276+bno0 2517 3 780 239 665 260 11 611
1321+bno5 260 611 3 2535 239 8 665 780
1321+bno5 260 611 2 2535 239 8 665 780
2842+bno3 611 260 8 2535 239 11 665 780
2317+bno0 2535 448 665 3 30 8 1103 239
2317+bno0 2535 448 665 2 30 8 1103 239
1321+bno5 260 611 3 2562 239 8 665 780
1321+bno5 260 611 2 2562 239 8 665 780
2842+bno3 611 260 8 2562 239 11 665 780
2317+bno0 2562 448 665 3 30 8 1103 239
2317+bno0 2562 448 665 2 30 8 1103 239
6418+bno0 2612 8 76 1 42 3 2 678
6418+bno0 2612 8 76 1 42 11 2 678
1719+bno0 2612 303 8 1 42 3 76 678
3784+bno0 2612 303 3 1 2 42 76 678
3783+bno0 2616 7498 8 4 11 2 140 359
3783+bno0 2616 7498 3 4 11 2 140 359
3783+bno0 2617 7498 8 4 11 2 140 359
3783+bno0 2617 7498 3 4 11 2 140 359
1321+bno5 260 611 3 2642 239 8 665 780
1321+bno5 260 611 2 2642 239 8 665 780
2842+bno3 611 260 8 2642 239 11 665 780
2317+bno0 2642 448 665 3 30 8 1103 239
2317+bno0 2642 448 665 2 30 8 1103 239
6418+bno0 2680 8 76 1 42 3 2 303
6418+bno0 2680 8 76 1 42 11 2 303
3783+bno0 2733 129 8 4 11 2 23 252
3783+bno0 2733 129 3 4 11 2 23 252
3783+bno0 2827 57 8 4 11 2 35 294
3783+bno0 2827 57 3 4 11 2 35 294
3783+bno0 2829 57 8 4 11 2 35 294
3783+bno0 2829 57 3 4 11 2 35 294
3783+bno0 2836 57 8 4 11 2 35 793
3783+bno0 2836 57 3 4 11 2 35 793
1629+bno7 8 2938 15 282 475 48 410 2
1629+bno7 3 2938 15 282 475 48 410 2
3783+bno0 3480 744 8 4 11 2 38 712
3783+bno0 3480 744 3 4 11 2 38 712
3783+bno0 795 529 8 4 11 2 236 2529
3783+bno0 795 529 3 4 11 2 236 2529
1627+bno7 8 855 4 252 129 23 343 2
1627+bno7 3 855 4 252 129 23 343 2
6418+bno0 930 8 76 1 42 3 2 678
6418+bno0 930 8 76 1 42 11 2 678
1719+bno0 930 303 8 1 42 3 76 678
3784+bno0 930 303 3 1 2 42 76 678
