1774 iama texas uofcmm orangered chromalore newcerulean periwinkle askreddit
1774 iama texas uofcmm orangered chromalore newcerulean periwinkle subredditdrama
6883 newaugusta civcraftexchange iama askreddit outoftheloop mtaugusta civcraft_orion civcraft
6883 newaugusta civcraftexchange iama subredditdrama outoftheloop mtaugusta civcraft_orion civcraft
2789 clashofclansrecruit redditbandits clashofclansmu askreddit subredditdrama cocredditpi redditclansystem clashofclans
2789 clashofclansrecruit redditbandits clashofclansmu iama subredditdrama cocredditpi redditclansystem clashofclans
2789 clashofclansrecruit redditbandits clashofclansmu askreddit outoftheloop cocredditpi redditclansystem clashofclans
2789 clashofclansrecruit redditbandits clashofclansmu iama outoftheloop cocredditpi redditclansystem clashofclans
1749 andtheherois fateswolf gaunt596 ppse sarraminovskynotes buildfightuniverse karenlittner buildfightsystem
1749 andtheherois fateswolf gunplatestprofiles ppse sarraminovskynotes buildfightuniverse karenlittner buildfightsystem
1749 andtheherois fateswolf houdinifiles ppse sarraminovskynotes buildfightuniverse karenlittner buildfightsystem
1749 gunpla fateswolf gaunt596 ppse sarraminovskynotes buildfightuniverse karenlittner buildfightsystem
2889 teamnemesis fateswolf ppse gaunt596 buildfightuniverse karenlittner sarraminovskynotes buildfightsystem
1749 buildfighthq fateswolf gaunt596 ppse sarraminovskynotes buildfightuniverse karenlittner buildfightsystem
1749 bfsherosrules fateswolf gaunt596 ppse sarraminovskynotes buildfightuniverse karenlittner buildfightsystem
1749 gunplatestbay fateswolf gaunt596 ppse sarraminovskynotes buildfightuniverse karenlittner buildfightsystem
2889 venco fateswolf ppse gaunt596 buildfightuniverse karenlittner sarraminovskynotes buildfightsystem
1749 gunpla fateswolf gunplatestprofiles ppse sarraminovskynotes buildfightuniverse karenlittner buildfightsystem
2889 teamnemesis fateswolf ppse gunplatestprofiles buildfightuniverse karenlittner sarraminovskynotes buildfightsystem
1749 buildfighthq fateswolf gunplatestprofiles ppse sarraminovskynotes buildfightuniverse karenlittner buildfightsystem
1749 bfsherosrules fateswolf gunplatestprofiles ppse sarraminovskynotes buildfightuniverse karenlittner buildfightsystem
1749 gunplatestbay fateswolf gunplatestprofiles ppse sarraminovskynotes buildfightuniverse karenlittner buildfightsystem
2889 venco fateswolf ppse gunplatestprofiles buildfightuniverse karenlittner sarraminovskynotes buildfightsystem
2889 teamnemesis fateswolf ppse houdinifiles buildfightuniverse karenlittner sarraminovskynotes buildfightsystem
1749 gunpla fateswolf houdinifiles ppse sarraminovskynotes buildfightuniverse karenlittner buildfightsystem
1749 buildfighthq fateswolf houdinifiles ppse sarraminovskynotes buildfightuniverse karenlittner buildfightsystem
1749 bfsherosrules fateswolf houdinifiles ppse sarraminovskynotes buildfightuniverse karenlittner buildfightsystem
1749 gunplatestbay fateswolf houdinifiles ppse sarraminovskynotes buildfightuniverse karenlittner buildfightsystem
2889 venco fateswolf ppse houdinifiles buildfightuniverse karenlittner sarraminovskynotes buildfightsystem
1276 totaldrama iama roleplay letsbuildaworld totaldramaroleplay2 nosleep askreddit totaldramaroleplay
1276 totaldrama iama roleplay letsbuildaworld totaldramaroleplay2 nosleep subredditdrama totaldramaroleplay
1276 roleplay askreddit totaldrama letsbuildaworld totaldramaroleplay2 totaldramathegameshow worldnews totaldramaroleplay
1276 roleplay iama totaldrama letsbuildaworld totaldramaroleplay2 totaldramathegameshow worldnews totaldramaroleplay
1276 totaldramaroleplay2 iama roleplay tdbigbrother totaldrama nosleep askreddit totaldramaroleplay
1276 totaldramaroleplay2 iama roleplay tdbigbrother totaldrama nosleep subredditdrama totaldramaroleplay
1276 totaldrama iama roleplay tdrdiscussion totaldramaroleplay2 nosleep askreddit totaldramaroleplay
1276 totaldrama iama roleplay tdrdiscussion totaldramaroleplay2 nosleep subredditdrama totaldramaroleplay
1276 roleplay askreddit totaldrama tdrdiscussion totaldramaroleplay2 totaldramathegameshow worldnews totaldramaroleplay
1276 roleplay iama totaldrama tdrdiscussion totaldramaroleplay2 totaldramathegameshow worldnews totaldramaroleplay
1718 askreddit fantasy besttestiv woiafpowers mcclanemacleod swgalacticpowers ironthronepowers iama
1718 subredditdrama fantasy besttestiv woiafpowers mcclanemacleod swgalacticpowers ironthronepowers iama
1718 askreddit fantasy besttestiv woiafpowers mcclanemacleod swgalacticpowers ironthronepowers writingprompts
1718 askreddit gameofthrones besttestiv woiafpowers mcclanemacleod swgalacticpowers ironthronepowers iama
1718 askreddit gameofthrones besttestiv woiafpowers mcclanemacleod swgalacticpowers ironthronepowers subredditdrama
1749 ragtagbattlers fateswolf gaunt596 ppse sarraminovskynotes buildfightuniverse karenlittner buildfightsystem
1749 ragtagbattlers fateswolf gunplatestprofiles ppse sarraminovskynotes buildfightuniverse karenlittner buildfightsystem
1749 ragtagbattlers fateswolf houdinifiles ppse sarraminovskynotes buildfightuniverse karenlittner buildfightsystem
1332 iama plazapodemosbadalona plazabaiona plazaandalucia plazaaragon plazagalicia plazacatalunya podemos
1332 videos plazapodemosbadalona plazabaiona plazaandalucia plazaaragon plazagalicia plazacatalunya podemos
2821 plazapodemosbadalona plazacamas plazaaragon plazabaiona plazagalicia plazaandalucia plazacatalunya podemos
2821 plazapodemosbadalona podemoslalinea plazaaragon plazabaiona plazagalicia plazaandalucia plazacatalunya podemos
3783 freeclams tappedout outoftheloop dailydot iama askreddit thriftstorehauls freedonuts
3783 freeclams tappedout outoftheloop dailydot subredditdrama askreddit thriftstorehauls freedonuts
1627 pokemafia2 askreddit dmglounge pokemonzetaomicron mlplounge2 ploungestoryboard pokemon ploungemafia
1627 pokemafia2 subredditdrama dmglounge pokemonzetaomicron mlplounge2 ploungestoryboard pokemon ploungemafia
1278 pokemafia2 pokemonzetaomicron dmglounge askreddit mlplounge ploungestoryboard mlplounge2 ploungemafia
1278 pokemafia2 pokemonzetaomicron dmglounge iama mlplounge ploungestoryboard mlplounge2 ploungemafia
1718 redditacecoc clashofclansmu askreddit clashofclansrecruit clashofclans subredditdrama redditclansystem cocredditpi
1718 redditacecoc clashofclansmu iama clashofclansrecruit clashofclans subredditdrama redditclansystem cocredditpi
1718 redditacecoc clashofclansmu askreddit clashofclansrecruit clashofclans outoftheloop redditclansystem cocredditpi
1718 redditacecoc clashofclansmu iama clashofclansrecruit clashofclans outoftheloop redditclansystem cocredditpi
2213 subredditdrama clashofclansrecruit clashofclansmu redditacecoc redditbandits cocredditpi redditclansystem clashofclans
2213 outoftheloop clashofclansrecruit clashofclansmu redditacecoc redditbandits cocredditpi redditclansystem clashofclans
1718 clashofclansrecruit clashofclansmu iama redditacecoc redditbandits automoderator cocredditpi redditclansystem
1718 clashofclansrecruit clashofclansmu subredditdrama redditacecoc redditbandits automoderator cocredditpi redditclansystem
3784 earthsophagus letsreadabook iama poetry askreddit books readinggroup nonfictionbookclub
3784 earthsophagus letsreadabook subredditdrama poetry askreddit books readinggroup nonfictionbookclub
1722 redditangels clashofclansmu askreddit clashofclansrecruit clashofclans subredditdrama redditclansystem redditiota
1722 redditangels clashofclansmu iama clashofclansrecruit clashofclans subredditdrama redditclansystem redditiota
1722 redditangels clashofclansmu askreddit clashofclansrecruit clashofclans outoftheloop redditclansystem redditiota
1722 redditangels clashofclansmu iama clashofclansrecruit clashofclans outoftheloop redditclansystem redditiota
1276 clashofclansrecruit askreddit redditbandits redditangels redditiota automoderator iama redditeclipse
1276 clashofclansrecruit askreddit redditbandits redditangels redditiota automoderator subredditdrama redditeclipse
3783 sharks_stuff rwbyrp iama pokemon askreddit outoftheloop rwby supersrp
3783 sharks_stuff rwbyrp iama pokemon subredditdrama outoftheloop rwby supersrp
1629 whowouldwinverse iama supersrp iguanadonseverywhere randomsuperpowers rwbyrp askreddit sharks_stuff
1629 whowouldwinverse subredditdrama supersrp iguanadonseverywhere randomsuperpowers rwbyrp askreddit sharks_stuff
1629 whowouldwinverse iama supersrp iguanadonseverywhere randomsuperpowers rwbyrp writingprompts sharks_stuff
1718 tarnation ftbros askreddit testpackpleaseignore feedthebeast subredditdrama feedthebeastservers crackpackservers
1718 tarnation ftbros iama testpackpleaseignore feedthebeast subredditdrama feedthebeastservers crackpackservers
1718 tarnation ftbros askreddit testpackpleaseignore feedthebeast videos feedthebeastservers crackpackservers
1718 tarnation ftbros iama testpackpleaseignore feedthebeast videos feedthebeastservers crackpackservers
1276 pixelsub askreddit feedthebeastservers tarnation crackpackservers feedthebeast subredditdrama ftbros
1276 pixelsub iama feedthebeastservers tarnation crackpackservers feedthebeast subredditdrama ftbros
1276 pixelsub askreddit feedthebeastservers tarnation crackpackservers feedthebeast videos ftbros
1276 pixelsub iama feedthebeastservers tarnation crackpackservers feedthebeast videos ftbros
1276 pixelsub askreddit feedthebeastservers tarnation crackpackservers stargate explainlikeimfive ftbros
1276 pixelsub iama feedthebeastservers tarnation crackpackservers stargate explainlikeimfive ftbros
1276 pixelsub askreddit feedthebeastservers tarnation crackpackservers stargate askhistorians ftbros
1276 pixelsub iama feedthebeastservers tarnation crackpackservers stargate askhistorians ftbros
1309 subredditdrama pixelsub tarnation testpackpleaseignore feedthebeastservers crackpackservers ftbros feedthebeast
1309 videos pixelsub tarnation testpackpleaseignore feedthebeastservers crackpackservers ftbros feedthebeast
1718 siloportem newaugusta askreddit civcraftexchange mtaugusta outoftheloop civcraft_orion themetropolis
1718 siloportem newaugusta iama civcraftexchange mtaugusta outoftheloop civcraft_orion themetropolis
1718 siloportem senntisten askreddit civcraftexchange mtaugusta outoftheloop civcraft_orion themetropolis
1718 siloportem senntisten iama civcraftexchange mtaugusta outoftheloop civcraft_orion themetropolis
1627 murderkillragewolves askreddit dmglounge pokemonzetaomicron mlplounge2 ploungestoryboard pokemon ploungemafia
1627 murderkillragewolves subredditdrama dmglounge pokemonzetaomicron mlplounge2 ploungestoryboard pokemon ploungemafia
1278 murderkillragewolves pokemonzetaomicron dmglounge askreddit mlplounge ploungestoryboard mlplounge2 ploungemafia
1278 murderkillragewolves pokemonzetaomicron dmglounge iama mlplounge ploungestoryboard mlplounge2 ploungemafia
3783 jellysub rwbyrp iama pokemon askreddit outoftheloop rwby randomsuperpowers
3783 jellysub rwbyrp iama pokemon subredditdrama outoftheloop rwby randomsuperpowers
3783 jellysub rwbyrp iama pokemon askreddit outoftheloop rwby supersrp
3783 jellysub rwbyrp iama pokemon subredditdrama outoftheloop rwby supersrp
1276 jellysub askreddit rwbyrp whowouldwinverse sharks_stuff rwby outoftheloop supersrp
1276 jellysub iama rwbyrp whowouldwinverse sharks_stuff rwby outoftheloop supersrp
1276 jellysub askreddit rwbyrp whowouldwinverse sharks_stuff rwby pokemon supersrp
1276 jellysub subredditdrama rwbyrp whowouldwinverse sharks_stuff rwby pokemon supersrp
3783 roflmoo rwbyrp iama pokemon askreddit outoftheloop rwby randomsuperpowers
3783 roflmoo rwbyrp iama pokemon subredditdrama outoftheloop rwby randomsuperpowers
6422 dpnccr iama civcraftexchange mtaugusta civcraft askreddit outoftheloop danzilona
6422 dpnccr iama civcraftexchange mtaugusta civcraft subredditdrama outoftheloop danzilona
1627 loversarcana askreddit dmglounge pokemonzetaomicron mlplounge2 ploungestoryboard pokemon ploungemafia
1627 loversarcana subredditdrama dmglounge pokemonzetaomicron mlplounge2 ploungestoryboard pokemon ploungemafia
1278 loversarcana pokemonzetaomicron dmglounge askreddit mlplounge ploungestoryboard mlplounge2 ploungemafia
1278 loversarcana pokemonzetaomicron dmglounge iama mlplounge ploungestoryboard mlplounge2 ploungemafia
2301 modelwestaus modelaushr mhoc askreddit iama badhistory modelparliament modelaussenate
2301 modelwestaus modelaushr mhoc subredditdrama iama badhistory modelparliament modelaussenate
2700 testmostlyharmless elitelavigny eliteoutfitters askreddit outoftheloop elitetraders elitedangerous elitepirates
2700 testmostlyharmless elitelavigny eliteoutfitters iama outoftheloop elitetraders elitedangerous elitepirates
2700 testmostlyharmless elitelavigny eliteoutfitters askreddit pics elitetraders elitedangerous elitepirates
2700 testmostlyharmless elitelavigny eliteoutfitters iama pics elitetraders elitedangerous elitepirates
1276 clashofclansrecruit askreddit redditbandits castleclash castleclashalpha automoderator iama redditeclipse
1276 clashofclansrecruit askreddit redditbandits castleclash castleclashalpha automoderator subredditdrama redditeclipse
1718 thewise castleclashalpha askreddit clashofclansrecruit clashofclans subredditdrama redditeclipse castleclash
1718 thewise castleclashalpha iama clashofclansrecruit clashofclans subredditdrama redditeclipse castleclash
1718 thewise castleclashalpha askreddit clashofclansrecruit clashofclans outoftheloop redditeclipse castleclash
1718 thewise castleclashalpha iama clashofclansrecruit clashofclans outoftheloop redditeclipse castleclash
1718 dadsguild castleclashalpha askreddit clashofclansrecruit clashofclans subredditdrama redditeclipse castleclash
1718 dadsguild castleclashalpha iama clashofclansrecruit clashofclans subredditdrama redditeclipse castleclash
1718 dadsguild castleclashalpha askreddit clashofclansrecruit clashofclans outoftheloop redditeclipse castleclash
1718 dadsguild castleclashalpha iama clashofclansrecruit clashofclans outoftheloop redditeclipse castleclash
1718 pdu castleclashalpha askreddit clashofclansrecruit clashofclans subredditdrama redditeclipse castleclash
1718 pdu castleclashalpha iama clashofclansrecruit clashofclans subredditdrama redditeclipse castleclash
1718 pdu castleclashalpha askreddit clashofclansrecruit clashofclans outoftheloop redditeclipse castleclash
1718 pdu castleclashalpha iama clashofclansrecruit clashofclans outoftheloop redditeclipse castleclash
1718 braveknights castleclashalpha askreddit clashofclansrecruit clashofclans subredditdrama redditeclipse castleclash
1718 braveknights castleclashalpha iama clashofclansrecruit clashofclans subredditdrama redditeclipse castleclash
1718 braveknights castleclashalpha askreddit clashofclansrecruit clashofclans outoftheloop redditeclipse castleclash
1718 braveknights castleclashalpha iama clashofclansrecruit clashofclans outoftheloop redditeclipse castleclash
1718 grafterscc castleclashalpha askreddit clashofclansrecruit clashofclans subredditdrama redditeclipse castleclash
1718 grafterscc castleclashalpha iama clashofclansrecruit clashofclans subredditdrama redditeclipse castleclash
1718 grafterscc castleclashalpha askreddit clashofclansrecruit clashofclans outoftheloop redditeclipse castleclash
1718 grafterscc castleclashalpha iama clashofclansrecruit clashofclans outoftheloop redditeclipse castleclash
1718 redditcastleclash castleclashalpha askreddit clashofclansrecruit clashofclans subredditdrama redditeclipse castleclash
1718 redditcastleclash castleclashalpha iama clashofclansrecruit clashofclans subredditdrama redditeclipse castleclash
1718 redditcastleclash castleclashalpha askreddit clashofclansrecruit clashofclans outoftheloop redditeclipse castleclash
1718 redditcastleclash castleclashalpha iama clashofclansrecruit clashofclans outoftheloop redditeclipse castleclash
1627 secrettoeveryone askreddit dmglounge pokemonzetaomicron mlplounge2 ploungestoryboard pokemon ploungemafia
1627 secrettoeveryone subredditdrama dmglounge pokemonzetaomicron mlplounge2 ploungestoryboard pokemon ploungemafia
1278 secrettoeveryone pokemonzetaomicron dmglounge askreddit mlplounge ploungestoryboard mlplounge2 ploungemafia
1278 secrettoeveryone pokemonzetaomicron dmglounge iama mlplounge ploungestoryboard mlplounge2 ploungemafia
3783 awisefucker rwbyrp iama pokemon askreddit outoftheloop rwby randomsuperpowers
3783 awisefucker rwbyrp iama pokemon subredditdrama outoftheloop rwby randomsuperpowers
6422 farleywar iama civcraftexchange mtaugusta civcraft askreddit outoftheloop danzilona
6422 farleywar iama civcraftexchange mtaugusta civcraft subredditdrama outoftheloop danzilona
2212 productionlounge needvocals linux iama askreddit subredditdrama dnb musicinthemaking
2212 productionlounge needvocals linux outoftheloop askreddit subredditdrama dnb musicinthemaking
9465 45thworldproblems thesilentforest fifthworldpolitics galacticpeacekeepers thedarkmountain fifthworldproblems thebeach seventhworldproblems
4352 45thworldproblems teamitup thesilentforest galacticpeacekeepers thedarkmountain fifthworldpolitics thebeach seventhworldproblems
9231 54thworldproblems thesilentforest fifthworldproblems galacticpeacekeepers thedarkmountain 45thworldproblems thebeach seventhworldproblems
2844 45thworldproblems thesilentforest galacticpeacekeepers iama askreddit thedarkmountain fifthworldproblems seventhworldproblems
2844 45thworldproblems thesilentforest galacticpeacekeepers subredditdrama askreddit thedarkmountain fifthworldproblems seventhworldproblems
2844 45thworldproblems thesilentforest galacticpeacekeepers iama outoftheloop thedarkmountain fifthworldproblems seventhworldproblems
1276 clashofclansrecruit askreddit redditbandits redditvikings redditiota automoderator iama redditeclipse
1276 clashofclansrecruit askreddit redditbandits redditvikings redditiota automoderator subredditdrama redditeclipse
1627 thetvworld askreddit dmglounge pokemonzetaomicron mlplounge2 ploungestoryboard pokemon ploungemafia
1627 thetvworld subredditdrama dmglounge pokemonzetaomicron mlplounge2 ploungestoryboard pokemon ploungemafia
1278 thetvworld pokemonzetaomicron dmglounge askreddit mlplounge ploungestoryboard mlplounge2 ploungemafia
1278 thetvworld pokemonzetaomicron dmglounge iama mlplounge ploungestoryboard mlplounge2 ploungemafia
6863 themetropolis civcraft_orion iama askreddit outoftheloop mtaugusta newaugusta civcraft
6863 themetropolis civcraft_orion iama subredditdrama outoftheloop mtaugusta newaugusta civcraft
6863 themetropolis civcraft_orion iama askreddit outoftheloop mtaugusta senntisten civcraft
6863 themetropolis civcraft_orion iama subredditdrama outoftheloop mtaugusta senntisten civcraft
562 modelcentraldistrict modelnorthdistrict modelwestdistrict subredditdrama singapore askreddit mpospress mpos
562 modelcentraldistrict modelnorthdistrict modelwestdistrict subredditdrama singapore iama mpospress mpos
562 modelcentraldistrict modeleastdistrict modelwestdistrict subredditdrama singapore askreddit mpospress mpos
562 modelcentraldistrict modeleastdistrict modelwestdistrict subredditdrama singapore iama mpospress mpos
1635 clintisnumberfour iama thedarkmountain fifthworldproblems 45thworldproblems seventhworldproblems askreddit galacticpeacekeepers
1635 clintisnumberfour subredditdrama thedarkmountain fifthworldproblems 45thworldproblems seventhworldproblems askreddit galacticpeacekeepers
1635 clintisnumberfour iama thedarkmountain fifthworldproblems 45thworldproblems seventhworldproblems outoftheloop galacticpeacekeepers
3714 clintisnumberfour askreddit thedarkmountain 45thworldproblems thebeach seventhworldproblems fifthworldproblems galacticpeacekeepers
3714 clintisnumberfour outoftheloop thedarkmountain 45thworldproblems thebeach seventhworldproblems fifthworldproblems galacticpeacekeepers
6016 clintisnumberfour fifthworldproblems thesilentforest thedarkmountain thebeach seventhworldproblems 45thworldproblems galacticpeacekeepers
2421 clintisnumberfour fifthworldpolitics 45thworldproblems thesilentforest thedarkmountain thebeach seventhworldproblems galacticpeacekeepers
1776 askreddit 45thworldproblems clintisnumberfour thesilentforest thedarkmountain galacticpeacekeepers seventhworldproblems fifthworldproblems
1776 outoftheloop 45thworldproblems clintisnumberfour thesilentforest thedarkmountain galacticpeacekeepers seventhworldproblems fifthworldproblems
3783 lookatthistrash rwbyrp iama pokemon askreddit outoftheloop rwby randomsuperpowers
3783 lookatthistrash rwbyrp iama pokemon subredditdrama outoftheloop rwby randomsuperpowers
3783 lookatthistrash rwbyrp iama pokemon askreddit outoftheloop rwby supersrp
3783 lookatthistrash rwbyrp iama pokemon subredditdrama outoftheloop rwby supersrp
1276 lookatthistrash askreddit rwbyrp whowouldwinverse sharks_stuff rwby outoftheloop supersrp
1276 lookatthistrash iama rwbyrp whowouldwinverse sharks_stuff rwby outoftheloop supersrp
1276 lookatthistrash askreddit rwbyrp whowouldwinverse sharks_stuff rwby pokemon supersrp
1276 lookatthistrash subredditdrama rwbyrp whowouldwinverse sharks_stuff rwby pokemon supersrp
1635 so_once_upon_a_time iama thedarkmountain fifthworldproblems 45thworldproblems seventhworldproblems askreddit galacticpeacekeepers
1635 so_once_upon_a_time subredditdrama thedarkmountain fifthworldproblems 45thworldproblems seventhworldproblems askreddit galacticpeacekeepers
1635 so_once_upon_a_time iama thedarkmountain fifthworldproblems 45thworldproblems seventhworldproblems outoftheloop galacticpeacekeepers
4385 so_once_upon_a_time askreddit thedarkmountain 45thworldproblems seventhworldproblems fifthworldproblems galacticpeacekeepers thebeach
4385 so_once_upon_a_time outoftheloop thedarkmountain 45thworldproblems seventhworldproblems fifthworldproblems galacticpeacekeepers thebeach
9449 so_once_upon_a_time fifthworldproblems thedarkmountain seventhworldproblems 45thworldproblems thesilentforest thebeach galacticpeacekeepers
5040 45thworldproblems fifthworldpolitics so_once_upon_a_time thedarkmountain thesilentforest galacticpeacekeepers thebeach seventhworldproblems
3566 askreddit 45thworldproblems so_once_upon_a_time thedarkmountain thesilentforest galacticpeacekeepers seventhworldproblems fifthworldproblems
3566 outoftheloop 45thworldproblems so_once_upon_a_time thedarkmountain thesilentforest galacticpeacekeepers seventhworldproblems fifthworldproblems
4345 so_once_upon_a_time iama seventhworldproblems fifthworldproblems 45thworldproblems askreddit thebeach galacticpeacekeepers
4345 so_once_upon_a_time subredditdrama seventhworldproblems fifthworldproblems 45thworldproblems askreddit thebeach galacticpeacekeepers
4345 so_once_upon_a_time iama seventhworldproblems fifthworldproblems 45thworldproblems outoftheloop thebeach galacticpeacekeepers
1631 so_once_upon_a_time iama thedarkmountain fifthworldproblems 45thworldproblems seventhworldproblems askreddit thebeach
1631 so_once_upon_a_time subredditdrama thedarkmountain fifthworldproblems 45thworldproblems seventhworldproblems askreddit thebeach
1631 so_once_upon_a_time iama thedarkmountain fifthworldproblems 45thworldproblems seventhworldproblems outoftheloop thebeach
2842 45thworldproblems thesilentforest galacticpeacekeepers iama askreddit so_once_upon_a_time fifthworldproblems seventhworldproblems
2842 45thworldproblems thesilentforest galacticpeacekeepers subredditdrama askreddit so_once_upon_a_time fifthworldproblems seventhworldproblems
2842 45thworldproblems thesilentforest galacticpeacekeepers iama outoftheloop so_once_upon_a_time fifthworldproblems seventhworldproblems
1627 so_once_upon_a_time iama thedarkmountain fifthworldproblems 45thworldproblems seventhworldproblems askreddit thesilentforest
1627 so_once_upon_a_time subredditdrama thedarkmountain fifthworldproblems 45thworldproblems seventhworldproblems askreddit thesilentforest
1627 so_once_upon_a_time iama thedarkmountain fifthworldproblems 45thworldproblems seventhworldproblems outoftheloop thesilentforest
3783 superrp rwbyrp iama pokemon askreddit outoftheloop rwby randomsuperpowers
3783 superrp rwbyrp iama pokemon subredditdrama outoftheloop rwby randomsuperpowers
2300 askreddit rwby supersrp superrp randomsuperpowers the_ovenman rwbyrp outoftheloop
2300 iama rwby supersrp superrp randomsuperpowers the_ovenman rwbyrp outoftheloop
2300 askreddit rwby supersrp superrp randomsuperpowers the_ovenman rwbyrp pokemon
2300 subredditdrama rwby supersrp superrp randomsuperpowers the_ovenman rwbyrp pokemon
1850 iama iguanadonseverywhere superrp rwbyrp supersrp the_ovenman randomsuperpowers askreddit
1850 subredditdrama iguanadonseverywhere superrp rwbyrp supersrp the_ovenman randomsuperpowers askreddit
1850 iama iguanadonseverywhere superrp rwbyrp supersrp the_ovenman randomsuperpowers writingprompts
1276 sharks_stuff askreddit rwbyrp superrp the_ovenman rwby outoftheloop supersrp
1276 sharks_stuff iama rwbyrp superrp the_ovenman rwby outoftheloop supersrp
1276 sharks_stuff askreddit rwbyrp superrp the_ovenman rwby pokemon supersrp
1276 sharks_stuff subredditdrama rwbyrp superrp the_ovenman rwby pokemon supersrp
2826 sharks_stuff outoftheloop rwbyrp superrp the_ovenman rwby supersrp randomsuperpowers
2826 sharks_stuff pokemon rwbyrp superrp the_ovenman rwby supersrp randomsuperpowers
1331 iguanadonseverywhere rwbyrp whowouldwinverse superrp the_ovenman sharks_stuff supersrp randomsuperpowers
1276 rwbyrp whowouldwin sharks_stuff superrp the_ovenman whowouldwinverse whowouldwinworkshop supersrp
1276 rwbyrp respectthreads sharks_stuff superrp the_ovenman whowouldwinverse whowouldwinworkshop supersrp
3783 the_ovenman rwbyrp iama pokemon askreddit outoftheloop rwby randomsuperpowers
3783 the_ovenman rwbyrp iama pokemon subredditdrama outoftheloop rwby randomsuperpowers
3783 the_ovenman rwbyrp iama pokemon askreddit outoftheloop rwby supersrp
3783 the_ovenman rwbyrp iama pokemon subredditdrama outoftheloop rwby supersrp
1276 the_ovenman askreddit rwbyrp whowouldwinverse sharks_stuff rwby outoftheloop supersrp
1276 the_ovenman iama rwbyrp whowouldwinverse sharks_stuff rwby outoftheloop supersrp
1276 the_ovenman askreddit rwbyrp whowouldwinverse sharks_stuff rwby pokemon supersrp
1276 the_ovenman subredditdrama rwbyrp whowouldwinverse sharks_stuff rwby pokemon supersrp
6883 senntisten civcraftexchange iama askreddit outoftheloop mtaugusta civcraft_orion civcraft
6883 senntisten civcraftexchange iama subredditdrama outoftheloop mtaugusta civcraft_orion civcraft
3783 bladex454 rwbyrp iama pokemon askreddit outoftheloop rwby randomsuperpowers
3783 bladex454 rwbyrp iama pokemon subredditdrama outoftheloop rwby randomsuperpowers
1629 whowouldwinverse iama impossibledream iguanadonseverywhere randomsuperpowers bladex454 askreddit sharks_stuff
1629 whowouldwinverse subredditdrama impossibledream iguanadonseverywhere randomsuperpowers bladex454 askreddit sharks_stuff
1629 whowouldwinverse iama impossibledream iguanadonseverywhere randomsuperpowers bladex454 writingprompts sharks_stuff
1629 whowouldwinverse outoftheloop impossibledream rwbyrp randomsuperpowers bladex454 rwby sharks_stuff
1629 whowouldwinverse pokemon impossibledream rwbyrp randomsuperpowers bladex454 rwby sharks_stuff
1277 rwbyrp whowouldwinverse bladex454 askreddit iguanadonseverywhere impossibledream sharks_stuff randomsuperpowers
1277 rwbyrp whowouldwinverse bladex454 writingprompts iguanadonseverywhere impossibledream sharks_stuff randomsuperpowers
1629 impossibledream iama supersrp iguanadonseverywhere randomsuperpowers rwbyrp askreddit lookatthistrash
1629 impossibledream subredditdrama supersrp iguanadonseverywhere randomsuperpowers rwbyrp askreddit lookatthistrash
1629 impossibledream iama supersrp iguanadonseverywhere randomsuperpowers rwbyrp writingprompts lookatthistrash
1629 whowouldwinverse outoftheloop impossibledream rwbyrp supersrp lookatthistrash rwby sharks_stuff
1629 whowouldwinverse pokemon impossibledream rwbyrp supersrp lookatthistrash rwby sharks_stuff
1629 rwbyrp whowouldwin lookatthistrash whowouldwinverse sharks_stuff impossibledream whowouldwinworkshop supersrp
1629 rwbyrp respectthreads lookatthistrash whowouldwinverse sharks_stuff impossibledream whowouldwinworkshop supersrp
1276 fargo iama nationalpark collegehockey fightingsioux nosleep askreddit northdakota
1276 fargo iama nationalpark collegehockey fightingsioux nosleep subredditdrama northdakota
6578 askreddit galacticpeacekeepers 54thworldproblems 45thworldproblems thebeach thedarkmountain seventhworldproblems fifthworldproblems
6578 outoftheloop galacticpeacekeepers 54thworldproblems 45thworldproblems thebeach thedarkmountain seventhworldproblems fifthworldproblems
2765 askreddit thesilentforest galacticpeacekeepers 54thworldproblems 45thworldproblems thedarkmountain seventhworldproblems fifthworldproblems
2765 outoftheloop thesilentforest galacticpeacekeepers 54thworldproblems 45thworldproblems thedarkmountain seventhworldproblems fifthworldproblems
1276 clashofclansrecruit askreddit redditbandits redditdemons redditiota automoderator iama redditeclipse
1276 clashofclansrecruit askreddit redditbandits redditdemons redditiota automoderator subredditdrama redditeclipse
4177 sexting iama shamelesslyunshaven needamod sexsells funny askreddit ladychronica
4177 sexting subredditdrama shamelesslyunshaven needamod sexsells funny askreddit ladychronica
1866 iama needamod shamelesslyunshaven skypeshows sexting ladychronica sexsells askreddit
1866 subredditdrama needamod shamelesslyunshaven skypeshows sexting ladychronica sexsells askreddit
6860 skypeshows ladychronica funny needamod askreddit shamelesslyunshaven sexting sexsells
1850 iama needamod shamelesslyunshaven skypeshows sexting ladychronica sexsells funny
6422 iceniagov iama civcraftexchange mtaugusta civcraft askreddit outoftheloop icenia
6422 iceniagov iama civcraftexchange mtaugusta civcraft subredditdrama outoftheloop icenia
1397 bitcoinbombers clashofclansrecruit askreddit redditbandits redditstrike subredditdrama clashofclans reddithotel
1397 bitcoinbombers clashofclansrecruit iama redditbandits redditstrike subredditdrama clashofclans reddithotel
1397 bitcoinbombers clashofclansrecruit askreddit redditbandits redditstrike outoftheloop clashofclans reddithotel
1397 bitcoinbombers clashofclansrecruit iama redditbandits redditstrike outoftheloop clashofclans reddithotel
1398 joescsstests uhcmatches iama itsallmarconow uhcweeklyrecaps askreddit ultrahardcore uhccourtroom
1398 joescsstests uhcmatches iama itsallmarconow uhcweeklyrecaps subredditdrama ultrahardcore uhccourtroom
607 askreddit joescsstests uhcmatches eurekanetwork uhcweeklyrecaps itsallmarconow uhccourtroom ultrahardcore
607 subredditdrama joescsstests uhcmatches eurekanetwork uhcweeklyrecaps itsallmarconow uhccourtroom ultrahardcore
1276 wardrobepurge iama pkmntcg miniswapkarma boardgameexchange pokemon askreddit pkmntcgtrades
1276 wardrobepurge iama pkmntcg miniswapkarma boardgameexchange pokemon subredditdrama pkmntcgtrades
1276 pkmntcg iama wardrobepurge miniswapkarma boardgameexchange femalefashionadvice askreddit pkmntcgtrades
1276 pkmntcg subredditdrama wardrobepurge miniswapkarma boardgameexchange femalefashionadvice askreddit pkmntcgtrades
1276 pkmntcg iama wardrobepurge miniswapkarma boardgameexchange femalefashionadvice explainlikeimfive pkmntcgtrades
6863 civcraftroma civtransportmap iama askreddit outoftheloop mtaugusta civgna civcraft
6863 civcraftroma civtransportmap iama subredditdrama outoftheloop mtaugusta civgna civcraft
2700 paragonadvertising mtaugusta civgna iama askreddit civtransportmap civcraft civcraftroma
2700 paragonadvertising mtaugusta civgna iama subredditdrama civtransportmap civcraft civcraftroma
1276 totaldramaroleplay2 iama roleplay totaldramaparty totaldrama nosleep askreddit totaldramaroleplay
1276 totaldramaroleplay2 iama roleplay totaldramaparty totaldrama nosleep subredditdrama totaldramaroleplay
1276 totaldramaparty askreddit tdbigbrother totaldramaroleplay2 totaldramaroleplay projectcss needamod totaldrama
1276 totaldramaparty funny tdbigbrother totaldramaroleplay2 totaldramaroleplay projectcss needamod totaldrama
1276 totaldramaparty askreddit totaldramaroleplay projectcss tdbigbrother roleplay karmacourt totaldrama
1276 totaldramaparty iama totaldramaroleplay projectcss tdbigbrother roleplay karmacourt totaldrama
1276 totaldramaparty askreddit totaldramaroleplay projectcss tdbigbrother roleplay nosleep totaldrama
1276 totaldramaparty subredditdrama totaldramaroleplay projectcss tdbigbrother roleplay nosleep totaldrama
1627 uguuuuu askreddit dmglounge pokemonzetaomicron mlplounge2 ploungestoryboard pokemon ploungemafia
1627 uguuuuu subredditdrama dmglounge pokemonzetaomicron mlplounge2 ploungestoryboard pokemon ploungemafia
1278 uguuuuu pokemonzetaomicron dmglounge askreddit mlplounge ploungestoryboard mlplounge2 ploungemafia
1278 uguuuuu pokemonzetaomicron dmglounge iama mlplounge ploungestoryboard mlplounge2 ploungemafia
1276 smutbuddy iama shingekinokyojin groupanime animedeals thebutton askreddit yaoi
1276 smutbuddy iama shingekinokyojin groupanime animedeals thebutton subredditdrama yaoi
2300 animenews groupanime evangelion iama anime askreddit haruhi animedeals
2300 animenews groupanime evangelion subredditdrama anime askreddit haruhi animedeals
1276 smutbuddy iama shingekinokyojin animenews animedeals thebutton askreddit yaoi
1276 smutbuddy iama shingekinokyojin animenews animedeals thebutton subredditdrama yaoi
2300 cfbstreams catteambrotherhood csshelp askreddit iama videos cfl sunbelt
2300 cfbstreams catteambrotherhood csshelp subredditdrama iama videos cfl sunbelt
1627 bastardmafiamodarea askreddit dmglounge pokemonzetaomicron mlplounge2 ploungestoryboard pokemon ploungemafia
1627 bastardmafiamodarea subredditdrama dmglounge pokemonzetaomicron mlplounge2 ploungestoryboard pokemon ploungemafia
1278 bastardmafiamodarea pokemonzetaomicron dmglounge askreddit mlplounge ploungestoryboard mlplounge2 ploungemafia
1278 bastardmafiamodarea pokemonzetaomicron dmglounge iama mlplounge ploungestoryboard mlplounge2 ploungemafia
3783 rspworkshop rwbyrp iama pokemon askreddit outoftheloop rwby randomsuperpowers
3783 rspworkshop rwbyrp iama pokemon subredditdrama outoftheloop rwby randomsuperpowers
2300 kansasforsanders grassrootsselect mhoc askreddit iama badhistory illinois4sanders kansas4sanders
2300 kansasforsanders grassrootsselect mhoc subredditdrama iama badhistory illinois4sanders kansas4sanders
1276 clashofclansrecruit askreddit redditbandits redditfreeze redditillusion automoderator iama redditeclipse
1276 clashofclansrecruit askreddit redditbandits redditfreeze redditillusion automoderator subredditdrama redditeclipse
1734 toads animals antipoaching iama askreddit animalrights videos wildlife
1734 toads animals antipoaching subredditdrama askreddit animalrights videos wildlife
1627 powerbrikdoesstuff iama buildfightuniverse apple gunpla buildfightsystem askreddit sarraminovskynotes
1627 powerbrikdoesstuff iama buildfightuniverse apple gunpla buildfightsystem subredditdrama sarraminovskynotes
639 gunpla powerbrikdoesstuff buildfightuniverse fateswolf ppse karenlittner sarraminovskynotes buildfightsystem
2768 powerbrikdoesstuff fateswolf ppse gaunt596 buildfightuniverse karenlittner buildfightsystem sarraminovskynotes
2768 powerbrikdoesstuff fateswolf ppse gunplatestprofiles buildfightuniverse karenlittner buildfightsystem sarraminovskynotes
2768 powerbrikdoesstuff fateswolf ppse houdinifiles buildfightuniverse karenlittner buildfightsystem sarraminovskynotes
639 buildfighthq powerbrikdoesstuff buildfightuniverse fateswolf ppse karenlittner sarraminovskynotes buildfightsystem
639 bfsherosrules powerbrikdoesstuff buildfightuniverse fateswolf ppse karenlittner sarraminovskynotes buildfightsystem
639 gunplatestbay powerbrikdoesstuff buildfightuniverse fateswolf ppse karenlittner sarraminovskynotes buildfightsystem
6422 civcraftsparta iama civcraftexchange mtaugusta civcraft askreddit outoftheloop civaeon
6422 civcraftsparta iama civcraftexchange mtaugusta civcraft subredditdrama outoftheloop civaeon
6422 isenburg iama civcraftexchange mtaugusta civcraft askreddit outoftheloop civcommonwealth
6422 isenburg iama civcraftexchange mtaugusta civcraft subredditdrama outoftheloop civcommonwealth
1276 mhoc moorhead nationalpark askreddit showerthoughts northdakota fargo subredditads
1276 mhoc moorhead nationalpark iama showerthoughts northdakota fargo subredditads
1276 mhoc moorhead nationalpark askreddit books northdakota fargo subredditads
1276 mhoc moorhead nationalpark iama books northdakota fargo subredditads
1276 fightingsioux iama nationalpark moorhead fargo nosleep askreddit northdakota
1276 fightingsioux iama nationalpark moorhead fargo nosleep subredditdrama northdakota
1276 fightingsioux askreddit nationalpark moorhead fargo subredditads showerthoughts northdakota
1276 fightingsioux iama nationalpark moorhead fargo subredditads showerthoughts northdakota
1276 nationalpark iama fightingsioux moorhead fargo collegehockey hockey northdakota
1276 nationalpark subredditdrama fightingsioux moorhead fargo collegehockey hockey northdakota
6422 housedarsk iama civcraftexchange mtaugusta civcraft askreddit outoftheloop civcommonwealth
6422 housedarsk iama civcraftexchange mtaugusta civcraft subredditdrama outoftheloop civcommonwealth
1398 uhccourt uhcmatches iama itsallmarconow uhcweeklyrecaps askreddit ultrahardcore uhccourtroom
1398 uhccourt uhcmatches iama itsallmarconow uhcweeklyrecaps subredditdrama ultrahardcore uhccourtroom
607 askreddit uhccourt uhcmatches eurekanetwork uhcweeklyrecaps itsallmarconow uhccourtroom ultrahardcore
607 subredditdrama uhccourt uhcmatches eurekanetwork uhcweeklyrecaps itsallmarconow uhccourtroom ultrahardcore
1276 doubleicefutadicks iama rwby sharks_stuff supersrp pokemon askreddit rwbyrp
1276 doubleicefutadicks iama rwby sharks_stuff supersrp pokemon subredditdrama rwbyrp
1629 doubleicefutadicks iama supersrp iguanadonseverywhere randomsuperpowers sharks_stuff askreddit rwbyrp
1629 doubleicefutadicks subredditdrama supersrp iguanadonseverywhere randomsuperpowers sharks_stuff askreddit rwbyrp
1629 doubleicefutadicks iama supersrp iguanadonseverywhere randomsuperpowers sharks_stuff writingprompts rwbyrp
1276 clashofclansrecruit askreddit redditbandits redditwhiskey redditiota automoderator iama redditeclipse
1276 clashofclansrecruit askreddit redditbandits redditwhiskey redditiota automoderator subredditdrama redditeclipse
3783 sharks_stuff rwbyrp iama pokemon askreddit outoftheloop rwby randomsuperpowers
3783 sharks_stuff rwbyrp iama pokemon subredditdrama outoftheloop rwby randomsuperpowers
1627 redpoecuddlecloset askreddit dmglounge pokemonzetaomicron mlplounge2 ploungestoryboard pokemon ploungemafia
1627 redpoecuddlecloset subredditdrama dmglounge pokemonzetaomicron mlplounge2 ploungestoryboard pokemon ploungemafia
1278 redpoecuddlecloset pokemonzetaomicron dmglounge askreddit mlplounge ploungestoryboard mlplounge2 ploungemafia
1278 redpoecuddlecloset pokemonzetaomicron dmglounge iama mlplounge ploungestoryboard mlplounge2 ploungemafia
1276 cuntycat2 iama rwby sharks_stuff supersrp pokemon askreddit rwbyrp
1276 cuntycat2 iama rwby sharks_stuff supersrp pokemon subredditdrama rwbyrp
1629 cuntycat2 iama supersrp iguanadonseverywhere randomsuperpowers sharks_stuff askreddit rwbyrp
1629 cuntycat2 subredditdrama supersrp iguanadonseverywhere randomsuperpowers sharks_stuff askreddit rwbyrp
1629 cuntycat2 iama supersrp iguanadonseverywhere randomsuperpowers sharks_stuff writingprompts rwbyrp
1718 askreddit playmindcrack pmcantiwillyloyalists cepc dwarvendistrict pmcmagicquarter lordsofminecraft subredditdrama
1718 iama playmindcrack pmcantiwillyloyalists cepc dwarvendistrict pmcmagicquarter lordsofminecraft subredditdrama
1718 askreddit playmindcrack pmcantiwillyloyalists cepc dwarvendistrict pmcmagicquarter lordsofminecraft games
1718 iama playmindcrack pmcantiwillyloyalists cepc dwarvendistrict pmcmagicquarter lordsofminecraft games
1718 askreddit playmindcrack pmcantiwillyloyalists cepc magicquarter pmcmagicquarter lordsofminecraft subredditdrama
1718 iama playmindcrack pmcantiwillyloyalists cepc magicquarter pmcmagicquarter lordsofminecraft subredditdrama
1718 askreddit playmindcrack pmcantiwillyloyalists cepc magicquarter pmcmagicquarter lordsofminecraft games
1718 iama playmindcrack pmcantiwillyloyalists cepc magicquarter pmcmagicquarter lordsofminecraft games
6863 fingdom ndzhl iama askreddit outoftheloop mtaugusta civcraft_olympia civcraft
6863 fingdom ndzhl iama subredditdrama outoftheloop mtaugusta civcraft_olympia civcraft
1278 50fpsporn subredditdrama nsfw_html5 gaypornhunters gayporn tipofmypenis askreddit 60fpsporn
1278 50fpsporn subredditdrama nsfw_html5 gaypornhunters gayporn tipofmypenis iama 60fpsporn
1623 fapdeciders askreddit valdosta sissyhypno sissy sissypersonals asktransgender sissies
1623 fapdeciders iama valdosta sissyhypno sissy sissypersonals asktransgender sissies
1718 askreddit fapdeciders valdosta sissyhypno sissy sissypersonals sissies dirtypenpals
1718 iama fapdeciders valdosta sissyhypno sissy sissypersonals sissies dirtypenpals
1276 mhoc lansing washington askreddit shitliberalssay wwu msu modelusgov
1276 mhoc lansing washington iama shitliberalssay wwu msu modelusgov
1276 udub badhistory washington lansing msu modelusgov mhoc wwu
1276 udub askreddit washington lansing msu modelusgov shitliberalssay wwu
1276 udub iama washington lansing msu modelusgov shitliberalssay wwu
6883 civcraft_orion_court civcraftexchange iama askreddit outoftheloop mtaugusta civcraft_orion civcraft
6883 civcraft_orion_court civcraftexchange iama subredditdrama outoftheloop mtaugusta civcraft_orion civcraft
6422 civaytosjm iama civcraftexchange mtaugusta civcraft askreddit outoftheloop civcraftaytos
6422 civaytosjm iama civcraftexchange mtaugusta civcraft subredditdrama outoftheloop civcraftaytos
2300 spcommunity movingday volunteer askreddit todayilearned iama fortworth smashingpumpkins
2300 spcommunity movingday volunteer subredditdrama todayilearned iama fortworth smashingpumpkins
1635 127thworldproblems iama thedarkmountain fifthworldproblems 45thworldproblems seventhworldproblems askreddit galacticpeacekeepers
1635 127thworldproblems subredditdrama thedarkmountain fifthworldproblems 45thworldproblems seventhworldproblems askreddit galacticpeacekeepers
1635 127thworldproblems iama thedarkmountain fifthworldproblems 45thworldproblems seventhworldproblems outoftheloop galacticpeacekeepers
3714 127thworldproblems askreddit thedarkmountain 45thworldproblems thebeach seventhworldproblems fifthworldproblems galacticpeacekeepers
3714 127thworldproblems outoftheloop thedarkmountain 45thworldproblems thebeach seventhworldproblems fifthworldproblems galacticpeacekeepers
6016 127thworldproblems fifthworldproblems thesilentforest thedarkmountain thebeach seventhworldproblems 45thworldproblems galacticpeacekeepers
2421 127thworldproblems fifthworldpolitics 45thworldproblems thesilentforest thedarkmountain thebeach seventhworldproblems galacticpeacekeepers
1776 askreddit 45thworldproblems 127thworldproblems thesilentforest thedarkmountain galacticpeacekeepers seventhworldproblems fifthworldproblems
1776 outoftheloop 45thworldproblems 127thworldproblems thesilentforest thedarkmountain galacticpeacekeepers seventhworldproblems fifthworldproblems
3783 constablefat rwbyrp iama pokemon askreddit outoftheloop rwby randomsuperpowers
3783 constablefat rwbyrp iama pokemon subredditdrama outoftheloop rwby randomsuperpowers
1722 redditchi clashofclansmu askreddit clashofclansrecruit clashofclans subredditdrama redditclansystem redditiota
1722 redditchi clashofclansmu iama clashofclansrecruit clashofclans subredditdrama redditclansystem redditiota
1722 redditchi clashofclansmu askreddit clashofclansrecruit clashofclans outoftheloop redditclansystem redditiota
1722 redditchi clashofclansmu iama clashofclansrecruit clashofclans outoftheloop redditclansystem redditiota
1276 clashofclansrecruit askreddit redditbandits redditchi redditiota automoderator iama redditeclipse
1276 clashofclansrecruit askreddit redditbandits redditchi redditiota automoderator subredditdrama redditeclipse
1627 tomdevito askreddit dmglounge pokemonzetaomicron mlplounge2 ploungestoryboard pokemon ploungemafia
1627 tomdevito subredditdrama dmglounge pokemonzetaomicron mlplounge2 ploungestoryboard pokemon ploungemafia
1278 tomdevito pokemonzetaomicron dmglounge askreddit mlplounge ploungestoryboard mlplounge2 ploungemafia
1278 tomdevito pokemonzetaomicron dmglounge iama mlplounge ploungestoryboard mlplounge2 ploungemafia
3783 warriorman300 rwbyrp iama pokemon askreddit outoftheloop rwby randomsuperpowers
3783 warriorman300 rwbyrp iama pokemon subredditdrama outoftheloop rwby randomsuperpowers
2798 redditillusion redditclansystem redditiota askreddit subredditdrama clashofclansmu reddittau clashofclans
2798 redditillusion redditclansystem redditiota iama subredditdrama clashofclansmu reddittau clashofclans
2798 redditillusion redditclansystem redditiota askreddit outoftheloop clashofclansmu reddittau clashofclans
2798 redditillusion redditclansystem redditiota iama outoftheloop clashofclansmu reddittau clashofclans
1647 subredditdrama clashofclansrecruit redditillusion clashofclansmu redditiota reddittau redditclansystem clashofclans
1647 outoftheloop clashofclansrecruit redditillusion clashofclansmu redditiota reddittau redditclansystem clashofclans
1627 bloodnotes askreddit dmglounge pokemonzetaomicron mlplounge2 ploungestoryboard pokemon ploungemafia
1627 bloodnotes subredditdrama dmglounge pokemonzetaomicron mlplounge2 ploungestoryboard pokemon ploungemafia
1278 bloodnotes pokemonzetaomicron dmglounge askreddit mlplounge ploungestoryboard mlplounge2 ploungemafia
1278 bloodnotes pokemonzetaomicron dmglounge iama mlplounge ploungestoryboard mlplounge2 ploungemafia
1627 buttfacebrigade askreddit dmglounge pokemonzetaomicron mlplounge2 ploungestoryboard pokemon ploungemafia
1627 buttfacebrigade subredditdrama dmglounge pokemonzetaomicron mlplounge2 ploungestoryboard pokemon ploungemafia
1278 buttfacebrigade pokemonzetaomicron dmglounge askreddit mlplounge ploungestoryboard mlplounge2 ploungemafia
1278 buttfacebrigade pokemonzetaomicron dmglounge iama mlplounge ploungestoryboard mlplounge2 ploungemafia
6422 civthule iama civcraftexchange mtaugusta civcraft askreddit outoftheloop civaeon
6422 civthule iama civcraftexchange mtaugusta civcraft subredditdrama outoftheloop civaeon
1278 watersports subredditdrama nsfw_html5 gaypornhunters gayporn tipofmypenis askreddit 60fpsporn
1278 watersports subredditdrama nsfw_html5 gaypornhunters gayporn tipofmypenis iama 60fpsporn
1278 gayporn subredditdrama nsfw_html5 pee watersports tipofmypenis askreddit 60fpsporn
1278 gayporn subredditdrama nsfw_html5 pee watersports tipofmypenis iama 60fpsporn
1276 nsfw_html5 askreddit gayporn pee watersports gaypornhunters wtf 60fpsporn
1276 nsfw_html5 iama gayporn pee watersports gaypornhunters wtf 60fpsporn
4229 askreddit theborklands civ rememberthealamo cbrmodelworldcongress civrapbattleroyale civbattleroyale subredditdrama
4229 iama theborklands civ rememberthealamo cbrmodelworldcongress civrapbattleroyale civbattleroyale subredditdrama
4229 askreddit theborklands civ rememberthealamo cbrmodelworldcongress civrapbattleroyale civbattleroyale outoftheloop
4229 iama theborklands civ rememberthealamo cbrmodelworldcongress civrapbattleroyale civbattleroyale outoftheloop
1629 sburbrp iama supersrp iguanadonseverywhere randomsuperpowers rwbyrp askreddit lookatthistrash
1629 sburbrp subredditdrama supersrp iguanadonseverywhere randomsuperpowers rwbyrp askreddit lookatthistrash
1629 sburbrp iama supersrp iguanadonseverywhere randomsuperpowers rwbyrp writingprompts lookatthistrash
1276 sharks_stuff askreddit rwbyrp sburbrp lookatthistrash rwby outoftheloop supersrp
1276 sharks_stuff iama rwbyrp sburbrp lookatthistrash rwby outoftheloop supersrp
1276 sharks_stuff askreddit rwbyrp sburbrp lookatthistrash rwby pokemon supersrp
1276 sharks_stuff subredditdrama rwbyrp sburbrp lookatthistrash rwby pokemon supersrp
1276 rwbyrp whowouldwin sharks_stuff sburbrp lookatthistrash whowouldwinverse whowouldwinworkshop supersrp
1276 rwbyrp respectthreads sharks_stuff sburbrp lookatthistrash whowouldwinverse whowouldwinworkshop supersrp
1718 iama texas greatpyramid orangered chromalore cinereousruins periwinkle askreddit
1718 iama texas greatpyramid orangered chromalore cinereousruins periwinkle subredditdrama
1718 iama texas cinereousruins orangered oraistedearg greatpyramid periwinkle askreddit
1718 iama texas cinereousruins orangered oraistedearg greatpyramid periwinkle subredditdrama
6229 theunboundshrine iama thedarkmountain galacticpeacekeepers seventhworldproblems askreddit 45thworldproblems fifthworldproblems
6229 theunboundshrine subredditdrama thedarkmountain galacticpeacekeepers seventhworldproblems askreddit 45thworldproblems fifthworldproblems
6229 theunboundshrine iama thedarkmountain galacticpeacekeepers seventhworldproblems outoftheloop 45thworldproblems fifthworldproblems
3800 askreddit theunboundshrine galacticpeacekeepers thebeach thedarkmountain seventhworldproblems 45thworldproblems fifthworldproblems
3800 outoftheloop theunboundshrine galacticpeacekeepers thebeach thedarkmountain seventhworldproblems 45thworldproblems fifthworldproblems
9433 galacticpeacekeepers theunboundshrine thesilentforest thebeach 45thworldproblems thedarkmountain seventhworldproblems fifthworldproblems
6555 theunboundshrine fifthworldpolitics thesilentforest thebeach thedarkmountain galacticpeacekeepers seventhworldproblems 45thworldproblems
2711 askreddit thesilentforest galacticpeacekeepers theunboundshrine 45thworldproblems thedarkmountain seventhworldproblems fifthworldproblems
2711 outoftheloop thesilentforest galacticpeacekeepers theunboundshrine 45thworldproblems thedarkmountain seventhworldproblems fifthworldproblems
1276 pjrp_community iama roleplay pprpconspiracy potterplayrp nosleep askreddit cherub_rp
1276 pjrp_community iama roleplay pprpconspiracy potterplayrp nosleep subredditdrama cherub_rp
1774 askreddit playmindcrack dvzcirclejerk cepc dwarvendistrict dvz lordsofminecraft subredditdrama
1774 iama playmindcrack dvzcirclejerk cepc dwarvendistrict dvz lordsofminecraft subredditdrama
1774 askreddit playmindcrack dvzcirclejerk cepc dwarvendistrict dvz lordsofminecraft games
1774 iama playmindcrack dvzcirclejerk cepc dwarvendistrict dvz lordsofminecraft games
1718 easyroleplay cmhoc askreddit modelusgov mhoc badhistory mwnn politicalpartypowers
1718 easyroleplay cmhoc iama modelusgov mhoc badhistory mwnn politicalpartypowers
1718 easyroleplay cmhoc askreddit mhoc modelusgov shitliberalssay mwnn politicalpartypowers
1718 easyroleplay cmhoc iama mhoc modelusgov shitliberalssay mwnn politicalpartypowers
1309 easyroleplay mhoc askreddit roleplayingforreddit cmhoc europe mhocpress politicalpartypowers
1309 easyroleplay mhoc iama roleplayingforreddit cmhoc europe mhocpress politicalpartypowers
1627 easyroleplay askreddit roleplayingforreddit mhoc mhocpress cmhoc badhistory politicalpartypowers
1627 easyroleplay iama roleplayingforreddit mhoc mhocpress cmhoc badhistory politicalpartypowers
1627 easyroleplay askreddit cmhoc spam ironthronerp roleplayingforreddit iama politicalpartypowers
1627 easyroleplay askreddit cmhoc spam ironthronerp roleplayingforreddit subredditdrama politicalpartypowers
1627 easyroleplay subredditdrama cmhoc worldbuilding ironthronerp roleplayingforreddit askreddit politicalpartypowers
1627 easyroleplay subredditdrama cmhoc worldbuilding ironthronerp roleplayingforreddit iama politicalpartypowers
1627 beeswater askreddit dmglounge pokemonzetaomicron mlplounge2 ploungestoryboard pokemon ploungemafia
1627 beeswater subredditdrama dmglounge pokemonzetaomicron mlplounge2 ploungestoryboard pokemon ploungemafia
1278 beeswater pokemonzetaomicron dmglounge askreddit mlplounge ploungestoryboard mlplounge2 ploungemafia
1278 beeswater pokemonzetaomicron dmglounge iama mlplounge ploungestoryboard mlplounge2 ploungemafia
6422 senntistenunityparty iama civcraft_orion mtaugusta civcraft askreddit outoftheloop senntisten
6422 senntistenunityparty iama civcraft_orion mtaugusta civcraft subredditdrama outoftheloop senntisten
6422 u3pexchange iama civcraftexchange mtaugusta civcraft askreddit outoftheloop danzilona
6422 u3pexchange iama civcraftexchange mtaugusta civcraft subredditdrama outoftheloop danzilona
1276 dustyturd iama rwby sharks_stuff supersrp pokemon askreddit rwbyrp
1276 dustyturd iama rwby sharks_stuff supersrp pokemon subredditdrama rwbyrp
1629 dustyturd iama supersrp iguanadonseverywhere randomsuperpowers sharks_stuff askreddit rwbyrp
1629 dustyturd subredditdrama supersrp iguanadonseverywhere randomsuperpowers sharks_stuff askreddit rwbyrp
1629 dustyturd iama supersrp iguanadonseverywhere randomsuperpowers sharks_stuff writingprompts rwbyrp
2700 plazabaiona plazaandalucia plazacatalunya askreddit iama plazaaragon podemos plazagalicia
2700 plazabaiona plazaandalucia plazacatalunya subredditdrama iama plazaaragon podemos plazagalicia
2700 plazabaiona plazaandalucia plazacatalunya askreddit videos plazaaragon podemos plazagalicia
1276 clashofclansrecruit askreddit redditbandits clashdark redditiota automoderator iama redditeclipse
1276 clashofclansrecruit askreddit redditbandits clashdark redditiota automoderator subredditdrama redditeclipse
2301 modelauscommittees modelaussenate mhoc askreddit iama badhistory modelparliament modelaushr
2301 modelauscommittees modelaussenate mhoc subredditdrama iama badhistory modelparliament modelaushr
1276 modelusgovdebate askreddit modelusgov modelcentralstate natesgate mhoc badhistory modelnortheaststate
1276 modelusgovdebate iama modelusgov modelcentralstate natesgate mhoc badhistory modelnortheaststate
1627 tulplaza askreddit dmglounge pokemonzetaomicron mlplounge2 ploungestoryboard pokemon ploungemafia
1627 tulplaza subredditdrama dmglounge pokemonzetaomicron mlplounge2 ploungestoryboard pokemon ploungemafia
1278 tulplaza pokemonzetaomicron dmglounge askreddit mlplounge ploungestoryboard mlplounge2 ploungemafia
1278 tulplaza pokemonzetaomicron dmglounge iama mlplounge ploungestoryboard mlplounge2 ploungemafia
6422 ccparty iama civcraftexchange mtaugusta civcraft askreddit outoftheloop civcraftaytos
6422 ccparty iama civcraftexchange mtaugusta civcraft subredditdrama outoftheloop civcraftaytos
6422 aytoscourts iama civcraftexchange mtaugusta civcraft askreddit outoftheloop civcraftaytos
6422 aytoscourts iama civcraftexchange mtaugusta civcraft subredditdrama outoftheloop civcraftaytos
2699 firstamendment mhoc thebeacon askreddit shitliberalssay modelusgovpress modelusgov modelusgovdebate
2699 firstamendment mhoc thebeacon iama shitliberalssay modelusgovpress modelusgov modelusgovdebate
1627 threefillies askreddit dmglounge pokemonzetaomicron mlplounge2 ploungestoryboard pokemon ploungemafia
1627 threefillies subredditdrama dmglounge pokemonzetaomicron mlplounge2 ploungestoryboard pokemon ploungemafia
1278 threefillies pokemonzetaomicron dmglounge askreddit mlplounge ploungestoryboard mlplounge2 ploungemafia
1278 threefillies pokemonzetaomicron dmglounge iama mlplounge ploungestoryboard mlplounge2 ploungemafia
2300 indianaforsanders grassrootsselect mhoc askreddit iama badhistory illinois4sanders colorado4sanders
2300 indianaforsanders grassrootsselect mhoc subredditdrama iama badhistory illinois4sanders colorado4sanders
6422 shopside iama civcraftexchange mtaugusta civcraft askreddit outoftheloop civcommonwealth
6422 shopside iama civcraftexchange mtaugusta civcraft subredditdrama outoftheloop civcommonwealth
2699 secondamendment mhoc thebeacon askreddit shitliberalssay modelusgovpress modelusgov modelusgovdebate
2699 secondamendment mhoc thebeacon iama shitliberalssay modelusgovpress modelusgov modelusgovdebate
3783 galihan rwbyrp iama pokemon askreddit outoftheloop rwby randomsuperpowers
3783 galihan rwbyrp iama pokemon subredditdrama outoftheloop rwby randomsuperpowers
1774 iama iguanadonseverywhere supersrp galihan superrp the_ovenman randomsuperpowers askreddit
1774 subredditdrama iguanadonseverywhere supersrp galihan superrp the_ovenman randomsuperpowers askreddit
1774 iama iguanadonseverywhere supersrp galihan superrp the_ovenman randomsuperpowers writingprompts
4173 outoftheloop galihan rwbyrp the_ovenman supersrp superrp randomsuperpowers rwby
4173 pokemon galihan rwbyrp the_ovenman supersrp superrp randomsuperpowers rwby
2798 galihan rwbyrp the_ovenman askreddit iguanadonseverywhere supersrp superrp randomsuperpowers
2798 galihan rwbyrp the_ovenman writingprompts iguanadonseverywhere supersrp superrp randomsuperpowers
2848 sharks_stuff galihan the_ovenman rwby rwbyrp superrp supersrp randomsuperpowers
2848 rwbyrp galihan the_ovenman whowouldwinverse sharks_stuff superrp supersrp randomsuperpowers
3783 vague_man rwbyrp iama pokemon askreddit outoftheloop rwby randomsuperpowers
3783 vague_man rwbyrp iama pokemon subredditdrama outoftheloop rwby randomsuperpowers
2700 supersrp vague_man superrp askreddit iguanadonseverywhere galihan randomsuperpowers the_ovenman
2700 supersrp vague_man superrp writingprompts iguanadonseverywhere galihan randomsuperpowers the_ovenman
3785 rwby supersrp vague_man superrp galihan randomsuperpowers the_ovenman rwbyrp
1649 iguanadonseverywhere vague_man rwbyrp superrp the_ovenman supersrp galihan randomsuperpowers
1276 sharks_stuff vague_man the_ovenman rwby rwbyrp superrp galihan supersrp
1276 rwbyrp vague_man the_ovenman whowouldwinverse sharks_stuff superrp galihan supersrp
6422 civ_cw_government iama civcraftexchange mtaugusta civcraft askreddit outoftheloop civcommonwealth
6422 civ_cw_government iama civcraftexchange mtaugusta civcraft subredditdrama outoftheloop civcommonwealth
2699 endybuymesuperjimmy cepc dvz subredditdrama playmindcrack dwarvendistrict lordsofminecraft dvzcirclejerk
2699 endybuymesuperjimmy cepc dvz games playmindcrack dwarvendistrict lordsofminecraft dvzcirclejerk
1627 thesilvercage askreddit dmglounge pokemonzetaomicron mlplounge2 ploungestoryboard pokemon ploungemafia
1627 thesilvercage subredditdrama dmglounge pokemonzetaomicron mlplounge2 ploungestoryboard pokemon ploungemafia
1278 thesilvercage pokemonzetaomicron dmglounge askreddit mlplounge ploungestoryboard mlplounge2 ploungemafia
1278 thesilvercage pokemonzetaomicron dmglounge iama mlplounge ploungestoryboard mlplounge2 ploungemafia
2700 fadehosting itsallmarconow uhccourtroom iama askreddit uhcweeklyrecaps ultrahardcore uhcmatches
2700 fadehosting itsallmarconow uhccourtroom iama subredditdrama uhcweeklyrecaps ultrahardcore uhcmatches
1640 askreddit fadehosting eurekanetwork uhccourtroom uhcweeklyrecaps itsallmarconow uhcmatches ultrahardcore
1640 subredditdrama fadehosting eurekanetwork uhccourtroom uhcweeklyrecaps itsallmarconow uhcmatches ultrahardcore
1722 askreddit 45thworldproblems bluefoot55 thedarkmountain galacticpeacekeepers libraryofbabel seventhworldproblems fifthworldproblems
1722 outoftheloop 45thworldproblems bluefoot55 thedarkmountain galacticpeacekeepers libraryofbabel seventhworldproblems fifthworldproblems
6289 fifthworldproblems bluefoot55 thedarkmountain thebeach seventhworldproblems libraryofbabel 45thworldproblems galacticpeacekeepers
4350 45thworldproblems bluefoot55 thesilentforest galacticpeacekeepers thedarkmountain libraryofbabel thebeach seventhworldproblems
4165 bluefoot55 thesilentforest 45thworldproblems galacticpeacekeepers fifthworldproblems thedarkmountain seventhworldproblems libraryofbabel
1635 libraryofbabel iama thedarkmountain fifthworldproblems 45thworldproblems seventhworldproblems askreddit galacticpeacekeepers
1635 libraryofbabel subredditdrama thedarkmountain fifthworldproblems 45thworldproblems seventhworldproblems askreddit galacticpeacekeepers
1635 libraryofbabel iama thedarkmountain fifthworldproblems 45thworldproblems seventhworldproblems outoftheloop galacticpeacekeepers
3714 libraryofbabel askreddit thedarkmountain 45thworldproblems thebeach seventhworldproblems fifthworldproblems galacticpeacekeepers
3714 libraryofbabel outoftheloop thedarkmountain 45thworldproblems thebeach seventhworldproblems fifthworldproblems galacticpeacekeepers
6016 libraryofbabel fifthworldproblems thesilentforest thedarkmountain thebeach seventhworldproblems 45thworldproblems galacticpeacekeepers
2421 libraryofbabel fifthworldpolitics 45thworldproblems thesilentforest thedarkmountain thebeach seventhworldproblems galacticpeacekeepers
1776 askreddit 45thworldproblems libraryofbabel thesilentforest thedarkmountain galacticpeacekeepers seventhworldproblems fifthworldproblems
1776 outoftheloop 45thworldproblems libraryofbabel thesilentforest thedarkmountain galacticpeacekeepers seventhworldproblems fifthworldproblems
1722 askreddit 45thworldproblems textualstatic thedarkmountain galacticpeacekeepers libraryofbabel seventhworldproblems fifthworldproblems
1722 outoftheloop 45thworldproblems textualstatic thedarkmountain galacticpeacekeepers libraryofbabel seventhworldproblems fifthworldproblems
6289 fifthworldproblems textualstatic thedarkmountain thebeach seventhworldproblems libraryofbabel 45thworldproblems galacticpeacekeepers
4350 45thworldproblems textualstatic thesilentforest galacticpeacekeepers thedarkmountain libraryofbabel thebeach seventhworldproblems
4165 textualstatic thesilentforest 45thworldproblems galacticpeacekeepers fifthworldproblems thedarkmountain seventhworldproblems libraryofbabel
1276 rwbyrp greylakehigh sharks_stuff askreddit iguanadonseverywhere whowouldwinverse ifaustus randomsuperpowers
1276 rwbyrp greylakehigh sharks_stuff writingprompts iguanadonseverywhere whowouldwinverse ifaustus randomsuperpowers
1276 sharks_stuff iama whowouldwinworkshop greylakehigh ifaustus whowouldwin askreddit whowouldwinverse
1276 sharks_stuff iama whowouldwinworkshop greylakehigh ifaustus whowouldwin subredditdrama whowouldwinverse
1276 sharks_stuff iama whowouldwinworkshop greylakehigh ifaustus respectthreads askreddit whowouldwinverse
1276 sharks_stuff subredditdrama whowouldwinworkshop greylakehigh ifaustus respectthreads askreddit whowouldwinverse
1276 sharks_stuff iama whowouldwinworkshop greylakehigh ifaustus respectthreads writingprompts whowouldwinverse
2700 saltyuhc itsallmarconow uhccourtroom iama askreddit uhcweeklyrecaps ultrahardcore uhcmatches
2700 saltyuhc itsallmarconow uhccourtroom iama subredditdrama uhcweeklyrecaps ultrahardcore uhcmatches
1640 askreddit saltyuhc eurekanetwork uhccourtroom uhcweeklyrecaps itsallmarconow uhcmatches ultrahardcore
1640 subredditdrama saltyuhc eurekanetwork uhccourtroom uhcweeklyrecaps itsallmarconow uhcmatches ultrahardcore
6863 civhjaltland civcraftexchange iama askreddit outoftheloop mtaugusta danzilona civcraft
6863 civhjaltland civcraftexchange iama subredditdrama outoftheloop mtaugusta danzilona civcraft
1629 veronica1993 iama sexting needamod sexsells ladychronica askreddit skypeshows
1629 veronica1993 subredditdrama sexting needamod sexsells ladychronica askreddit skypeshows
1629 veronica1993 iama sexting needamod sexsells ladychronica funny skypeshows
1629 veronica1993 askreddit sexting slavelabour sexsells ladychronica bitcoin skypeshows
1629 veronica1993 iama sexting slavelabour sexsells ladychronica bitcoin skypeshows
1629 veronica1993 askreddit sexting slavelabour sexsells ladychronica pcmasterrace skypeshows
1629 veronica1993 iama sexting slavelabour sexsells ladychronica pcmasterrace skypeshows
1726 veronica1993 sexting iama sexsells shamelesslyunshaven askreddit ladychronica skypeshows
1726 veronica1993 sexting subredditdrama sexsells shamelesslyunshaven askreddit ladychronica skypeshows
3530 veronica1993 sexting needamod shamelesslyunshaven askreddit sexsells ladychronica skypeshows
1722 veronica1993 sexting funny shamelesslyunshaven sexsells needamod ladychronica skypeshows
6883 civaegina civcraftexchange iama askreddit outoftheloop mtaugusta civcraft_orion civcraft
6883 civaegina civcraftexchange iama subredditdrama outoftheloop mtaugusta civcraft_orion civcraft
3783 marvelvsdc00 rwbyrp iama pokemon askreddit outoftheloop rwby supersrp
3783 marvelvsdc00 rwbyrp iama pokemon subredditdrama outoftheloop rwby supersrp
1276 randomsuperpowers iama rwby marvelvsdc00 supersrp pokemon askreddit rwbyrp
1276 randomsuperpowers iama rwby marvelvsdc00 supersrp pokemon subredditdrama rwbyrp
1629 marvelvsdc00 askreddit sharks_stuff rwby rwbyrp randomsuperpowers outoftheloop supersrp
1629 marvelvsdc00 iama sharks_stuff rwby rwbyrp randomsuperpowers outoftheloop supersrp
1629 marvelvsdc00 askreddit sharks_stuff rwby rwbyrp randomsuperpowers pokemon supersrp
1629 marvelvsdc00 subredditdrama sharks_stuff rwby rwbyrp randomsuperpowers pokemon supersrp
1276 marvelvsdc00 askreddit rwbyrp whowouldwinverse sharks_stuff rwby outoftheloop supersrp
1276 marvelvsdc00 iama rwbyrp whowouldwinverse sharks_stuff rwby outoftheloop supersrp
1276 marvelvsdc00 askreddit rwbyrp whowouldwinverse sharks_stuff rwby pokemon supersrp
1276 marvelvsdc00 subredditdrama rwbyrp whowouldwinverse sharks_stuff rwby pokemon supersrp
1321 whowouldwinverse randomsuperpowers marvelvsdc00 outoftheloop rwby supersrp rwbyrp sharks_stuff
1321 whowouldwinverse randomsuperpowers marvelvsdc00 pokemon rwby supersrp rwbyrp sharks_stuff
1321 marvelvsdc00 rwbyrp whowouldwinverse askreddit iguanadonseverywhere sharks_stuff randomsuperpowers supersrp
1321 marvelvsdc00 rwbyrp whowouldwinverse writingprompts iguanadonseverywhere sharks_stuff randomsuperpowers supersrp
1276 whowouldwinverse iama randomsuperpowers marvelvsdc00 supersrp iguanadonseverywhere askreddit sharks_stuff
1276 whowouldwinverse subredditdrama randomsuperpowers marvelvsdc00 supersrp iguanadonseverywhere askreddit sharks_stuff
1276 whowouldwinverse iama randomsuperpowers marvelvsdc00 supersrp iguanadonseverywhere writingprompts sharks_stuff
1774 iama texas periwinklenewschannel orangered goodmorningperiwinkle republicofbezold periwinkle askreddit
1774 iama texas periwinklenewschannel orangered goodmorningperiwinkle republicofbezold periwinkle subredditdrama
2699 fortiris orangered republicofbezold askreddit texas goodmorningperiwinkle periwinkle periwinklenewschannel
2699 fortiris orangered republicofbezold subredditdrama texas goodmorningperiwinkle periwinkle periwinklenewschannel
1718 iama texas fortiris goodmorningperiwinkle republicofbezold periwinklenewschannel periwinkle askreddit
1718 iama texas fortiris goodmorningperiwinkle republicofbezold periwinklenewschannel periwinkle subredditdrama
1325 fortiris viperspeak askreddit republicofbezold periwinkle tifu orangered periwinklenewschannel
1325 fortiris viperspeak iama republicofbezold periwinkle tifu orangered periwinklenewschannel
1325 fortiris republicofbezold askreddit viperspeak orangered texas periwinkle periwinklenewschannel
1325 fortiris republicofbezold subredditdrama viperspeak orangered texas periwinkle periwinklenewschannel
4082 tifu goodmorningperiwinkle kyanitecove periwinklenewschannel fortiris republicofbezold periwinkle orangered
1646 texas kyanitecove orangered periwinklenewschannel republicofbezold goodmorningperiwinkle fortiris periwinkle
2789 goodmorningperiwinkle kyanitecove periwinklenewschannel askreddit texas fortiris republicofbezold periwinkle
2789 goodmorningperiwinkle kyanitecove periwinklenewschannel subredditdrama texas fortiris republicofbezold periwinkle
1329 mawofchaos 45thworldproblems iama thedarkmountain galacticpeacekeepers askreddit fifthworldproblems seventhworldproblems
1329 mawofchaos 45thworldproblems subredditdrama thedarkmountain galacticpeacekeepers askreddit fifthworldproblems seventhworldproblems
1329 mawofchaos 45thworldproblems iama thedarkmountain galacticpeacekeepers outoftheloop fifthworldproblems seventhworldproblems
8594 galacticpeacekeepers 45thworldproblems mawofchaos thesilentforest thebeach 54thworldproblems thedarkmountain seventhworldproblems
1892 askreddit 45thworldproblems mawofchaos galacticpeacekeepers thedarkmountain thesilentforest seventhworldproblems fifthworldproblems
1892 outoftheloop 45thworldproblems mawofchaos galacticpeacekeepers thedarkmountain thesilentforest seventhworldproblems fifthworldproblems
3783 iama fifthworldproblems mawofchaos thedarkmountain thesilentforest seventhworldproblems galacticpeacekeepers askreddit
3783 subredditdrama fifthworldproblems mawofchaos thedarkmountain thesilentforest seventhworldproblems galacticpeacekeepers askreddit
3783 iama fifthworldproblems mawofchaos thedarkmountain thesilentforest seventhworldproblems galacticpeacekeepers outoftheloop
3783 magicalgirlsrp rwbyrp iama pokemon askreddit outoftheloop rwby randomsuperpowers
3783 magicalgirlsrp rwbyrp iama pokemon subredditdrama outoftheloop rwby randomsuperpowers
1627 mylilgenericbuilder askreddit dmglounge pokemonzetaomicron mlplounge2 ploungestoryboard pokemon ploungemafia
1627 mylilgenericbuilder subredditdrama dmglounge pokemonzetaomicron mlplounge2 ploungestoryboard pokemon ploungemafia
1278 mylilgenericbuilder pokemonzetaomicron dmglounge askreddit mlplounge ploungestoryboard mlplounge2 ploungemafia
1278 mylilgenericbuilder pokemonzetaomicron dmglounge iama mlplounge ploungestoryboard mlplounge2 ploungemafia
6862 civaegina unitedprovinces iama askreddit outoftheloop mtaugusta aegina civcraft
6862 civaegina unitedprovinces iama subredditdrama outoftheloop mtaugusta aegina civcraft
3783 rin_shinobu rwbyrp iama pokemon askreddit outoftheloop rwby randomsuperpowers
3783 rin_shinobu rwbyrp iama pokemon subredditdrama outoftheloop rwby randomsuperpowers
6422 newaugustasenate iama civcraft_orion mtaugusta civcraft askreddit outoftheloop newaugusta
6422 newaugustasenate iama civcraft_orion mtaugusta civcraft subredditdrama outoftheloop newaugusta
3783 braveonion rwbyrp iama pokemon askreddit outoftheloop rwby randomsuperpowers
3783 braveonion rwbyrp iama pokemon subredditdrama outoftheloop rwby randomsuperpowers
2372 askreddit boundedlands galacticpeacekeepers 45thworldproblems thebeach seventhworldproblems thedarkmountain fifthworldproblems
2372 outoftheloop boundedlands galacticpeacekeepers 45thworldproblems thebeach seventhworldproblems thedarkmountain fifthworldproblems
5366 boundedlands galacticpeacekeepers thesilentforest 45thworldproblems thebeach seventhworldproblems fifthworldproblems thedarkmountain
2768 boundedlands 45thworldproblems thesilentforest fifthworldpolitics galacticpeacekeepers thebeach seventhworldproblems thedarkmountain
6422 civaytosfp iama civcraftexchange mtaugusta civcraft askreddit outoftheloop civcraftaytos
6422 civaytosfp iama civcraftexchange mtaugusta civcraft subredditdrama outoftheloop civcraftaytos
1276 whowouldwinverse iama randomsuperpowers mikailgirl verdantfantasyrp iguanadonseverywhere askreddit sharks_stuff
1276 whowouldwinverse subredditdrama randomsuperpowers mikailgirl verdantfantasyrp iguanadonseverywhere askreddit sharks_stuff
1276 whowouldwinverse iama randomsuperpowers mikailgirl verdantfantasyrp iguanadonseverywhere writingprompts sharks_stuff
1276 whowouldwinverse outoftheloop randomsuperpowers mikailgirl verdantfantasyrp rwbyrp rwby sharks_stuff
1276 whowouldwinverse pokemon randomsuperpowers mikailgirl verdantfantasyrp rwbyrp rwby sharks_stuff
1276 communistkitten iama rwby sharks_stuff supersrp pokemon askreddit rwbyrp
1276 communistkitten iama rwby sharks_stuff supersrp pokemon subredditdrama rwbyrp
1629 communistkitten iama supersrp iguanadonseverywhere randomsuperpowers sharks_stuff askreddit rwbyrp
1629 communistkitten subredditdrama supersrp iguanadonseverywhere randomsuperpowers sharks_stuff askreddit rwbyrp
1629 communistkitten iama supersrp iguanadonseverywhere randomsuperpowers sharks_stuff writingprompts rwbyrp
1627 pizzaparties askreddit dmglounge pokemonzetaomicron mlplounge2 ploungestoryboard pokemon ploungemafia
1627 pizzaparties subredditdrama dmglounge pokemonzetaomicron mlplounge2 ploungestoryboard pokemon ploungemafia
1278 pizzaparties pokemonzetaomicron dmglounge askreddit mlplounge ploungestoryboard mlplounge2 ploungemafia
1278 pizzaparties pokemonzetaomicron dmglounge iama mlplounge ploungestoryboard mlplounge2 ploungemafia
1635 747thworldpirates iama thedarkmountain fifthworldproblems 45thworldproblems seventhworldproblems askreddit galacticpeacekeepers
1635 747thworldpirates subredditdrama thedarkmountain fifthworldproblems 45thworldproblems seventhworldproblems askreddit galacticpeacekeepers
1635 747thworldpirates iama thedarkmountain fifthworldproblems 45thworldproblems seventhworldproblems outoftheloop galacticpeacekeepers
3714 747thworldpirates askreddit thedarkmountain 45thworldproblems thebeach seventhworldproblems fifthworldproblems galacticpeacekeepers
3714 747thworldpirates outoftheloop thedarkmountain 45thworldproblems thebeach seventhworldproblems fifthworldproblems galacticpeacekeepers
6016 747thworldpirates fifthworldproblems thesilentforest thedarkmountain thebeach seventhworldproblems 45thworldproblems galacticpeacekeepers
2421 747thworldpirates fifthworldpolitics 45thworldproblems thesilentforest thedarkmountain thebeach seventhworldproblems galacticpeacekeepers
1776 askreddit 45thworldproblems 747thworldpirates thesilentforest thedarkmountain galacticpeacekeepers seventhworldproblems fifthworldproblems
1776 outoftheloop 45thworldproblems 747thworldpirates thesilentforest thedarkmountain galacticpeacekeepers seventhworldproblems fifthworldproblems
1627 msu subredditdrama wsu entrepreneur realestatetechnology udub askreddit wwu
1627 msu subredditdrama wsu entrepreneur realestatetechnology udub iama wwu
1397 redditroyals redditbandits askreddit clashofclansrecruit redditstealthcoc subredditdrama clashofclans redditkings
1397 redditroyals redditbandits iama clashofclansrecruit redditstealthcoc subredditdrama clashofclans redditkings
1397 redditroyals redditbandits askreddit clashofclansrecruit redditstealthcoc outoftheloop clashofclans redditkings
1397 redditroyals redditbandits iama clashofclansrecruit redditstealthcoc outoftheloop clashofclans redditkings
1276 redditroyals askreddit redditbandits clashofclansrecruit redditstealthcoc automoderator iama redditkings
1276 redditroyals askreddit redditbandits clashofclansrecruit redditstealthcoc automoderator subredditdrama redditkings
1850 askreddit playmindcrack cepc lombanditsguild podd dwarvendistrict lordsofminecraft subredditdrama
1850 iama playmindcrack cepc lombanditsguild podd dwarvendistrict lordsofminecraft subredditdrama
1850 askreddit playmindcrack cepc lombanditsguild podd dwarvendistrict lordsofminecraft games
1850 iama playmindcrack cepc lombanditsguild podd dwarvendistrict lordsofminecraft games
2700 plazacamas plazagalicia plazaaragon askreddit iama plazacatalunya podemos plazaandalucia
2700 plazacamas plazagalicia plazaaragon subredditdrama iama plazacatalunya podemos plazaandalucia
2700 plazacamas plazagalicia plazaaragon askreddit videos plazacatalunya podemos plazaandalucia
1722 sbok clashofclansmu askreddit clashofclansrecruit clashofclans subredditdrama redditclansystem redditiota
1722 sbok clashofclansmu iama clashofclansrecruit clashofclans subredditdrama redditclansystem redditiota
1722 sbok clashofclansmu askreddit clashofclansrecruit clashofclans outoftheloop redditclansystem redditiota
1722 sbok clashofclansmu iama clashofclansrecruit clashofclans outoftheloop redditclansystem redditiota
1276 clashofclansrecruit askreddit redditbandits sbok redditiota automoderator iama redditeclipse
1276 clashofclansrecruit askreddit redditbandits sbok redditiota automoderator subredditdrama redditeclipse
6422 danzmarket iama civcraftexchange mtaugusta civcraft askreddit outoftheloop danzilona
6422 danzmarket iama civcraftexchange mtaugusta civcraft subredditdrama outoftheloop danzilona
1627 wedamafiaboyzzz askreddit dmglounge pokemonzetaomicron mlplounge2 ploungestoryboard pokemon ploungemafia
1627 wedamafiaboyzzz subredditdrama dmglounge pokemonzetaomicron mlplounge2 ploungestoryboard pokemon ploungemafia
1278 wedamafiaboyzzz pokemonzetaomicron dmglounge askreddit mlplounge ploungestoryboard mlplounge2 ploungemafia
1278 wedamafiaboyzzz pokemonzetaomicron dmglounge iama mlplounge ploungestoryboard mlplounge2 ploungemafia
1276 pjrp_community iama roleplay xmenrp potterplayrp nosleep askreddit cherub_rp
1276 pjrp_community iama roleplay xmenrp potterplayrp nosleep subredditdrama cherub_rp
6422 minasminas iama civcraft_orion mtaugusta civcraft askreddit outoftheloop newaugusta
6422 minasminas iama civcraft_orion mtaugusta civcraft subredditdrama outoftheloop newaugusta
6863 balkania civtransportmap iama askreddit outoftheloop mtaugusta civgna civcraft
6863 balkania civtransportmap iama subredditdrama outoftheloop mtaugusta civgna civcraft
1627 townofsalemgame askreddit dmglounge pokemonzetaomicron mlplounge2 ploungestoryboard pokemon ploungemafia
1627 townofsalemgame subredditdrama dmglounge pokemonzetaomicron mlplounge2 ploungestoryboard pokemon ploungemafia
1278 townofsalemgame pokemonzetaomicron dmglounge askreddit mlplounge ploungestoryboard mlplounge2 ploungemafia
1278 townofsalemgame pokemonzetaomicron dmglounge iama mlplounge ploungestoryboard mlplounge2 ploungemafia
1635 nothinghere iama thedarkmountain fifthworldproblems 45thworldproblems seventhworldproblems askreddit galacticpeacekeepers
1635 nothinghere subredditdrama thedarkmountain fifthworldproblems 45thworldproblems seventhworldproblems askreddit galacticpeacekeepers
1635 nothinghere iama thedarkmountain fifthworldproblems 45thworldproblems seventhworldproblems outoftheloop galacticpeacekeepers
3714 nothinghere askreddit thedarkmountain 45thworldproblems thebeach seventhworldproblems fifthworldproblems galacticpeacekeepers
3714 nothinghere outoftheloop thedarkmountain 45thworldproblems thebeach seventhworldproblems fifthworldproblems galacticpeacekeepers
6016 nothinghere fifthworldproblems thesilentforest thedarkmountain thebeach seventhworldproblems 45thworldproblems galacticpeacekeepers
2421 nothinghere fifthworldpolitics 45thworldproblems thesilentforest thedarkmountain thebeach seventhworldproblems galacticpeacekeepers
1776 askreddit 45thworldproblems nothinghere thesilentforest thedarkmountain galacticpeacekeepers seventhworldproblems fifthworldproblems
1776 outoftheloop 45thworldproblems nothinghere thesilentforest thedarkmountain galacticpeacekeepers seventhworldproblems fifthworldproblems
3783 eroticroleplay rwbyrp iama pokemon askreddit outoftheloop rwby randomsuperpowers
3783 eroticroleplay rwbyrp iama pokemon subredditdrama outoftheloop rwby randomsuperpowers
6430 civufo iama civcraftexchange mtaugusta civcraft askreddit outoftheloop civcraft_orion
6430 civufo iama civcraftexchange mtaugusta civcraft subredditdrama outoftheloop civcraft_orion
1276 thebaz11 iama rwby sharks_stuff supersrp pokemon askreddit rwbyrp
1276 thebaz11 iama rwby sharks_stuff supersrp pokemon subredditdrama rwbyrp
1629 thebaz11 iama supersrp iguanadonseverywhere randomsuperpowers sharks_stuff askreddit rwbyrp
1629 thebaz11 subredditdrama supersrp iguanadonseverywhere randomsuperpowers sharks_stuff askreddit rwbyrp
1629 thebaz11 iama supersrp iguanadonseverywhere randomsuperpowers sharks_stuff writingprompts rwbyrp
1749 albretchsarchives fateswolf gaunt596 ppse sarraminovskynotes buildfightuniverse karenlittner buildfightsystem
1749 albretchsarchives fateswolf gunplatestprofiles ppse sarraminovskynotes buildfightuniverse karenlittner buildfightsystem
1749 albretchsarchives fateswolf houdinifiles ppse sarraminovskynotes buildfightuniverse karenlittner buildfightsystem
2200 enlightenedclockmen iama fifthworldproblems seventhworldproblems thedarkmountain galacticpeacekeepers askreddit boundedlands
2200 enlightenedclockmen subredditdrama fifthworldproblems seventhworldproblems thedarkmountain galacticpeacekeepers askreddit boundedlands
2200 enlightenedclockmen iama fifthworldproblems seventhworldproblems thedarkmountain galacticpeacekeepers outoftheloop boundedlands
1728 askreddit 45thworldproblems enlightenedclockmen galacticpeacekeepers thedarkmountain boundedlands seventhworldproblems fifthworldproblems
1728 outoftheloop 45thworldproblems enlightenedclockmen galacticpeacekeepers thedarkmountain boundedlands seventhworldproblems fifthworldproblems
7049 enlightenedclockmen fifthworldproblems thebeach thedarkmountain seventhworldproblems galacticpeacekeepers 45thworldproblems boundedlands
2877 galacticpeacekeepers 45thworldproblems thesilentforest enlightenedclockmen boundedlands thebeach thedarkmountain seventhworldproblems
3141 thesilentforest 45thworldproblems galacticpeacekeepers enlightenedclockmen boundedlands fifthworldproblems thedarkmountain seventhworldproblems
1627 waiforest askreddit dmglounge pokemonzetaomicron mlplounge2 ploungestoryboard pokemon ploungemafia
1627 waiforest subredditdrama dmglounge pokemonzetaomicron mlplounge2 ploungestoryboard pokemon ploungemafia
1278 waiforest pokemonzetaomicron dmglounge askreddit mlplounge ploungestoryboard mlplounge2 ploungemafia
1278 waiforest pokemonzetaomicron dmglounge iama mlplounge ploungestoryboard mlplounge2 ploungemafia
1749 veronikasgunpla fateswolf gaunt596 ppse sarraminovskynotes buildfightuniverse karenlittner buildfightsystem
1749 veronikasgunpla fateswolf gunplatestprofiles ppse sarraminovskynotes buildfightuniverse karenlittner buildfightsystem
1749 veronikasgunpla fateswolf houdinifiles ppse sarraminovskynotes buildfightuniverse karenlittner buildfightsystem
2661 thesilo 45thworldproblems galacticpeacekeepers iama askreddit seventhworldproblems fifthworldproblems thedarkmountain
2661 thesilo 45thworldproblems galacticpeacekeepers subredditdrama askreddit seventhworldproblems fifthworldproblems thedarkmountain
2661 thesilo 45thworldproblems galacticpeacekeepers iama outoftheloop seventhworldproblems fifthworldproblems thedarkmountain
2294 thesilo askreddit galacticpeacekeepers thebeach 45thworldproblems seventhworldproblems fifthworldproblems thedarkmountain
2294 thesilo outoftheloop galacticpeacekeepers thebeach 45thworldproblems seventhworldproblems fifthworldproblems thedarkmountain
4208 thesilo thesilentforest galacticpeacekeepers 45thworldproblems fifthworldproblems thebeach seventhworldproblems thedarkmountain
2768 thesilo 45thworldproblems thesilentforest fifthworldpolitics galacticpeacekeepers thebeach seventhworldproblems thedarkmountain
785 thesilo askreddit thesilentforest 45thworldproblems galacticpeacekeepers seventhworldproblems fifthworldproblems thedarkmountain
785 thesilo outoftheloop thesilentforest 45thworldproblems galacticpeacekeepers seventhworldproblems fifthworldproblems thedarkmountain
3783 sirwillisworkshop rwbyrp iama pokemon askreddit outoftheloop rwby randomsuperpowers
3783 sirwillisworkshop rwbyrp iama pokemon subredditdrama outoftheloop rwby randomsuperpowers
1329 partcontrolproblems 45thworldproblems iama thedarkmountain galacticpeacekeepers askreddit fifthworldproblems seventhworldproblems
1329 partcontrolproblems 45thworldproblems subredditdrama thedarkmountain galacticpeacekeepers askreddit fifthworldproblems seventhworldproblems
1329 partcontrolproblems 45thworldproblems iama thedarkmountain galacticpeacekeepers outoftheloop fifthworldproblems seventhworldproblems
1749 partcontrolproblems 45thworldproblems fifthworldpolitics thesilentforest thedarkmountain galacticpeacekeepers thebeach seventhworldproblems
606 partcontrolproblems askreddit 45thworldproblems thesilentforest galacticpeacekeepers thedarkmountain fifthworldproblems seventhworldproblems
606 partcontrolproblems outoftheloop 45thworldproblems thesilentforest galacticpeacekeepers thedarkmountain fifthworldproblems seventhworldproblems
1276 mhoc publiclands nationalpark askreddit showerthoughts parkrangers thesca subredditads
1276 mhoc publiclands nationalpark iama showerthoughts parkrangers thesca subredditads
1276 mhoc publiclands nationalpark askreddit books parkrangers thesca subredditads
1276 mhoc publiclands nationalpark iama books parkrangers thesca subredditads
7323 civcraftgoodsprings civcraftexchange iama askreddit outoftheloop civcraft danzilona mtaugusta
7323 civcraftgoodsprings civcraftexchange iama subredditdrama outoftheloop civcraft danzilona mtaugusta
2200 thecityofindustry iama fifthworldproblems thedarkmountain seventhworldproblems galacticpeacekeepers askreddit 45thworldproblems
2200 thecityofindustry subredditdrama fifthworldproblems thedarkmountain seventhworldproblems galacticpeacekeepers askreddit 45thworldproblems
2200 thecityofindustry iama fifthworldproblems thedarkmountain seventhworldproblems galacticpeacekeepers outoftheloop 45thworldproblems
3714 thecityofindustry askreddit thebeach galacticpeacekeepers thedarkmountain seventhworldproblems fifthworldproblems 45thworldproblems
3714 thecityofindustry outoftheloop thebeach galacticpeacekeepers thedarkmountain seventhworldproblems fifthworldproblems 45thworldproblems
6016 thecityofindustry fifthworldproblems thesilentforest thebeach thedarkmountain seventhworldproblems galacticpeacekeepers 45thworldproblems
6555 thecityofindustry fifthworldpolitics thesilentforest thebeach thedarkmountain galacticpeacekeepers seventhworldproblems 45thworldproblems
4665 thecityofindustry galacticpeacekeepers 54thworldproblems thesilentforest thebeach thedarkmountain seventhworldproblems 45thworldproblems
2703 askreddit thesilentforest galacticpeacekeepers thecityofindustry 45thworldproblems thedarkmountain seventhworldproblems fifthworldproblems
2703 outoftheloop thesilentforest galacticpeacekeepers thecityofindustry 45thworldproblems thedarkmountain seventhworldproblems fifthworldproblems
1276 goldbenefits askreddit minimaluminiumalism promptedfilms stcky csshelp videos reddit_themes
1276 goldbenefits iama minimaluminiumalism promptedfilms stcky csshelp videos reddit_themes
1276 goldbenefits askreddit minimaluminiumalism promptedfilms stcky csshelp leagueoflegends reddit_themes
1276 goldbenefits iama minimaluminiumalism promptedfilms stcky csshelp leagueoflegends reddit_themes
3713 promptedfilms askreddit reddit_themes csshelp minimaluminiumalism themes videos stcky
3713 promptedfilms iama reddit_themes csshelp minimaluminiumalism themes videos stcky
3713 promptedfilms askreddit reddit_themes csshelp minimaluminiumalism themes leagueoflegends stcky
3713 promptedfilms iama reddit_themes csshelp minimaluminiumalism themes leagueoflegends stcky
1774 askreddit changelog promptedfilms minimaluminiumalism reddit_themes stcky themes subredditdrama
1774 iama changelog promptedfilms minimaluminiumalism reddit_themes stcky themes subredditdrama
1774 askreddit changelog promptedfilms minimaluminiumalism reddit_themes stcky themes outoftheloop
1774 iama changelog promptedfilms minimaluminiumalism reddit_themes stcky themes outoftheloop
1276 totaldramaroleplay2 iama roleplay ilovemoneytdstyle totaldrama nosleep askreddit totaldramaroleplay
1276 totaldramaroleplay2 iama roleplay ilovemoneytdstyle totaldrama nosleep subredditdrama totaldramaroleplay
1276 ilovemoneytdstyle askreddit tdbigbrother totaldramaroleplay2 totaldramaroleplay projectcss needamod totaldrama
1276 ilovemoneytdstyle funny tdbigbrother totaldramaroleplay2 totaldramaroleplay projectcss needamod totaldrama
1276 ilovemoneytdstyle askreddit totaldramaroleplay projectcss tdbigbrother roleplay karmacourt totaldrama
1276 ilovemoneytdstyle iama totaldramaroleplay projectcss tdbigbrother roleplay karmacourt totaldrama
1276 ilovemoneytdstyle askreddit totaldramaroleplay projectcss tdbigbrother roleplay nosleep totaldrama
1276 ilovemoneytdstyle subredditdrama totaldramaroleplay projectcss tdbigbrother roleplay nosleep totaldrama
1627 coipke_investigations askreddit dmglounge pokemonzetaomicron mlplounge2 ploungestoryboard pokemon ploungemafia
1627 coipke_investigations subredditdrama dmglounge pokemonzetaomicron mlplounge2 ploungestoryboard pokemon ploungemafia
1278 coipke_investigations pokemonzetaomicron dmglounge askreddit mlplounge ploungestoryboard mlplounge2 ploungemafia
1278 coipke_investigations pokemonzetaomicron dmglounge iama mlplounge ploungestoryboard mlplounge2 ploungemafia
1627 horrakatakeover askreddit dmglounge pokemonzetaomicron mlplounge2 ploungestoryboard pokemon ploungemafia
1627 horrakatakeover subredditdrama dmglounge pokemonzetaomicron mlplounge2 ploungestoryboard pokemon ploungemafia
1278 horrakatakeover pokemonzetaomicron dmglounge askreddit mlplounge ploungestoryboard mlplounge2 ploungemafia
1278 horrakatakeover pokemonzetaomicron dmglounge iama mlplounge ploungestoryboard mlplounge2 ploungemafia
1627 ponymafia askreddit dmglounge pokemonzetaomicron mlplounge2 ploungestoryboard pokemon ploungemafia
1627 ponymafia subredditdrama dmglounge pokemonzetaomicron mlplounge2 ploungestoryboard pokemon ploungemafia
1278 ponymafia pokemonzetaomicron dmglounge askreddit mlplounge ploungestoryboard mlplounge2 ploungemafia
1278 ponymafia pokemonzetaomicron dmglounge iama mlplounge ploungestoryboard mlplounge2 ploungemafia
1629 randomsuperstories iama supersrp iguanadonseverywhere randomsuperpowers rwbyrp askreddit the_ovenman
1629 randomsuperstories subredditdrama supersrp iguanadonseverywhere randomsuperpowers rwbyrp askreddit the_ovenman
1629 randomsuperstories iama supersrp iguanadonseverywhere randomsuperpowers rwbyrp writingprompts the_ovenman
1276 sharks_stuff askreddit rwbyrp randomsuperstories the_ovenman rwby outoftheloop supersrp
1276 sharks_stuff iama rwbyrp randomsuperstories the_ovenman rwby outoftheloop supersrp
1276 sharks_stuff askreddit rwbyrp randomsuperstories the_ovenman rwby pokemon supersrp
1276 sharks_stuff subredditdrama rwbyrp randomsuperstories the_ovenman rwby pokemon supersrp
1276 rwbyrp whowouldwin sharks_stuff randomsuperstories the_ovenman whowouldwinverse whowouldwinworkshop supersrp
1276 rwbyrp respectthreads sharks_stuff randomsuperstories the_ovenman whowouldwinverse whowouldwinworkshop supersrp
1627 mafia_40kimperials askreddit dmglounge pokemonzetaomicron mlplounge2 ploungestoryboard pokemon ploungemafia
1627 mafia_40kimperials subredditdrama dmglounge pokemonzetaomicron mlplounge2 ploungestoryboard pokemon ploungemafia
1278 mafia_40kimperials pokemonzetaomicron dmglounge askreddit mlplounge ploungestoryboard mlplounge2 ploungemafia
1278 mafia_40kimperials pokemonzetaomicron dmglounge iama mlplounge ploungestoryboard mlplounge2 ploungemafia
2700 podemoslalinea plazagalicia plazaaragon askreddit iama plazacatalunya podemos plazaandalucia
2700 podemoslalinea plazagalicia plazaaragon subredditdrama iama plazacatalunya podemos plazaandalucia
2700 podemoslalinea plazagalicia plazaaragon askreddit videos plazacatalunya podemos plazaandalucia
1276 cocrecruit askreddit clashofclansrecruit themes redditallianceclans clashofclans subredditdrama dragonrejects
1276 cocrecruit iama clashofclansrecruit themes redditallianceclans clashofclans subredditdrama dragonrejects
1276 cocrecruit askreddit clashofclansrecruit themes redditallianceclans clashofclans outoftheloop dragonrejects
1276 cocrecruit iama clashofclansrecruit themes redditallianceclans clashofclans outoftheloop dragonrejects
3783 ryuusrpcharacters rwbyrp iama pokemon askreddit outoftheloop rwby randomsuperpowers
3783 ryuusrpcharacters rwbyrp iama pokemon subredditdrama outoftheloop rwby randomsuperpowers
6430 civcraft_map iama civcraftexchange mtaugusta civcraft askreddit outoftheloop civcraft_orion
6430 civcraft_map iama civcraftexchange mtaugusta civcraft subredditdrama outoftheloop civcraft_orion
6422 danzilonancourt iama civcraftexchange mtaugusta civcraft askreddit outoftheloop danzilona
6422 danzilonancourt iama civcraftexchange mtaugusta civcraft subredditdrama outoftheloop danzilona
