11614+bno0 4690 121 3684 290 1409 10076 763 11142
11614+bno0 4690 121 3684 290 1409 10076 763 2841
12292+bno0 8938 1409 3684 763 13650 121 290 11142
12292+bno0 8938 2841 3684 763 13650 121 290 11142
11614+bno0 12660 121 3684 1409 11142 12120 290 763
11614+bno0 12660 121 3684 2841 11142 12120 290 763
11614+bno0 12660 121 3684 1409 297 12120 290 763
11614+bno0 7352 3684 121 290 763 36814 2841 11142
11614+bno0 7352 3684 121 290 1409 36814 2841 11142
11614+bno0 4863 3684 121 11142 763 83 2841 1409
11614+bno0 4863 3684 121 11142 290 83 2841 1409
9452+bno6 121 19334 3684 6794 18943 290 763 11142
9452+bno6 121 19334 3684 6794 18943 1409 763 11142
11614+bno0 6137 121 3684 763 11142 10076 290 1409
11614+bno0 6137 121 3684 763 2841 10076 290 1409
11614+bno0 13400 121 3684 290 763 16702 6094 11142
11614+bno0 13400 121 3684 1409 763 16702 6094 11142
11614+bno0 22337 121 3684 763 11142 10076 290 2841
11614+bno0 22337 121 3684 763 1409 10076 290 2841
9456+bno6 121 7591 3684 6794 23141 11142 290 763
9456+bno6 121 7591 3684 6794 23141 1409 290 763
11614+bno0 8435 121 3684 2841 1409 3206 763 11142
11614+bno0 8435 121 3684 2841 1409 3206 290 11142
12292+bno0 20947 290 3684 11142 13650 121 1409 763
12292+bno0 20947 290 3684 11142 13650 121 2841 763
11614+bno0 35428 121 3684 290 11142 10076 763 1409
11614+bno0 35428 121 3684 290 2841 10076 763 1409
11614+bno0 19186 3684 121 11142 290 360 763 1409
11614+bno0 19186 3684 121 11142 2841 360 763 1409
8874+bno0 19229 3684 2874 121 11142 1409 290 3602
8874+bno0 19229 3684 2874 121 11142 763 290 3602
11614+bno0 25726 121 3684 290 763 7743 1409 1149
11614+bno0 25726 121 3684 11142 763 7743 1409 1149
11614+bno0 11670 3684 121 2841 1409 10475 290 11142
11614+bno0 11670 3684 121 2841 763 10475 290 11142
11614+bno0 12968 121 3684 1409 763 12120 290 11142
11614+bno0 12968 121 3684 2841 763 12120 290 11142
11614+bno0 12968 121 3684 1409 297 12120 290 11142
8868+bno0 1656 3684 2874 121 11142 1409 290 5566
8868+bno0 1656 3684 2874 121 11142 1409 763 5566
11614+bno0 2592 121 3684 11142 763 7743 290 2841
11614+bno0 2592 121 3684 1409 763 7743 290 2841
9456+bno6 121 11763 3684 613 9022 290 763 11142
9456+bno6 121 11763 3684 613 9022 1409 763 11142
8950+bno1 31696 121 3005 3684 11142 290 14246 1409
8950+bno1 31696 121 3005 3684 11142 763 14246 1409
8868+bno0 15411 3684 2874 121 11142 1409 290 3803
9452+bno7 3684 15411 121 2874 3803 1409 290 763
8950+bno0 15411 3684 2874 121 11142 1409 3803 763
8982+bno0 15411 3684 2874 121 11142 290 3803 763
8950+bno1 4757 121 461 3684 11142 1409 1866 290
8950+bno1 4757 121 461 3684 11142 763 1866 290
8868+bno0 25701 3684 4144 121 763 290 1409 30379
8868+bno0 25701 3684 4144 121 763 11142 1409 30379
11614+bno0 3903 3684 121 11142 1409 360 763 290
11614+bno0 3903 3684 121 11142 2841 360 763 290
11308+bno0 7935 3684 121 11142 1409 290 7868 4177
11308+bno0 7935 3684 121 11142 763 290 7868 4177
8868+bno0 12044 121 1044 3684 1409 763 11142 11281
8868+bno0 12044 121 1044 3684 1409 290 11142 11281
8950+bno0 16762 3684 2874 121 11142 290 13302 1409
8950+bno0 16762 3684 2874 121 11142 763 13302 1409
7154+bno0 16785 8103 3684 290 1409 121 11142 1094
7154+bno0 16785 8103 3684 290 1409 121 763 1094
8868+bno0 21375 3684 2874 121 11142 290 1409 29973
8868+bno0 21375 3684 2874 121 11142 763 1409 29973
8868+bno0 21375 3684 4144 121 763 1409 290 22337
8868+bno0 21375 3684 4144 121 763 11142 290 22337
7154+bno0 21375 10076 121 763 290 3684 1409 22337
7154+bno0 21375 10076 121 763 290 3684 11142 22337
8868+bno0 2267 121 4953 3684 763 1409 290 10744
8868+bno0 2267 121 4953 3684 763 1409 11142 10744
11614+bno0 3611 121 3684 11142 290 1610 763 1409
11614+bno0 3611 121 3684 11142 2841 1610 763 1409
8868+bno0 8415 3684 2874 121 11142 1409 290 380
8868+bno0 8415 3684 2874 121 11142 763 290 380
11614+bno0 8509 3684 121 2841 290 622 763 1409
11614+bno0 8509 3684 121 2841 11142 622 763 1409
8868+bno0 940 3684 2874 121 11142 1409 290 380
8868+bno0 940 3684 2874 121 11142 763 290 380
8868+bno0 10749 3684 2874 121 11142 1409 290 380
8868+bno0 10749 3684 2874 121 11142 763 290 380
9452+bno6 121 13941 3684 8430 12898 290 11142 763
9452+bno6 121 13941 3684 8430 12898 1409 11142 763
9456+bno6 121 13941 3684 613 8755 290 11142 763
9456+bno6 121 13941 3684 613 8755 1409 11142 763
9452+bno6 121 15311 3684 6794 658 763 290 11142
9452+bno6 121 15311 3684 6794 658 1409 290 11142
11614+bno0 16530 3684 121 290 11142 6862 454 763
11614+bno0 16530 3684 121 1409 11142 6862 454 763
9452+bno6 121 17596 3684 3948 9471 763 290 11142
9452+bno6 121 17596 3684 3948 9471 1409 290 11142
9452+bno6 121 6360 3684 613 17596 763 11142 290
9452+bno6 121 6360 3684 613 17596 763 11142 1409
9452+bno6 121 17596 3684 8430 6360 763 290 11142
9452+bno6 121 17596 3684 8430 6360 763 1409 11142
11297+bno0 22379 1409 3077 121 763 11142 23549 3684
11297+bno0 22379 1409 3077 121 290 11142 23549 3684
11291+bno1 19881 121 3684 763 1409 11142 22429 3568
11291+bno1 19881 121 3684 763 290 11142 22429 3568
5261+bno1 19881 2622 121 3684 1409 763 11142 22429
5261+bno1 19881 2622 121 3684 1409 290 11142 22429
8868+bno0 22757 121 12120 3684 290 763 11142 22008
8868+bno0 22757 121 12120 3684 1409 763 11142 22008
8868+bno0 22846 3684 2874 121 11142 1409 290 919
8868+bno0 22846 3684 2874 121 11142 763 290 919
11614+bno0 30418 3684 121 763 2841 13265 11142 1409
11614+bno0 30418 3684 121 290 2841 13265 11142 1409
11614+bno0 30418 3684 121 763 297 13265 11142 1409
11614+bno0 30418 3684 121 290 297 13265 11142 1409
11614+bno0 30418 121 3684 763 290 5229 1409 11142
11614+bno0 30418 121 3684 763 2841 5229 1409 11142
9456+bno6 121 30954 3684 6794 22277 290 1409 763
9456+bno6 121 30954 3684 6794 22277 11142 1409 763
11614+bno0 7258 121 3684 1409 11142 5963 763 290
11614+bno0 7258 121 3684 1409 2841 5963 763 290
8868+bno0 7725 3684 1310 121 11142 1409 290 4757
8868+bno0 7725 3684 1310 121 763 1409 290 4757
11614+bno0 8658 3684 121 11142 290 360 763 2841
11614+bno0 8658 3684 121 11142 1409 360 763 2841
11614+bno0 1058 3684 121 1409 763 4423 2841 290
11614+bno0 1058 3684 121 1409 11142 4423 2841 290
8950+bno1 8977 121 1044 3684 1409 763 1185 290
8950+bno1 8977 121 1044 3684 1409 11142 1185 290
11331+bno0 12145 3684 121 763 4177 1409 10675 11142
11331+bno0 12145 3684 121 290 4177 1409 10675 11142
8868+bno0 12425 121 1044 3684 1409 763 11142 11281
8868+bno0 12425 121 1044 3684 1409 290 11142 11281
8868+bno0 15600 3684 2874 121 11142 1409 290 380
8868+bno0 15600 3684 2874 121 11142 763 290 380
11614+bno0 2245 121 3684 1409 11142 1898 763 290
11614+bno0 2245 121 3684 2841 11142 1898 763 290
11614+bno0 2245 121 3684 1409 297 1898 763 290
8868+bno0 22733 3684 2874 121 11142 1409 290 1992
8868+bno0 22733 3684 2874 121 11142 763 290 1992
11614+bno0 24143 121 3684 290 1149 3493 763 11142
11614+bno0 24143 121 3684 1409 1149 3493 763 11142
11614+bno0 24143 121 3684 290 1946 3493 763 11142
11614+bno0 24143 121 3684 1409 1946 3493 763 11142
9456+bno6 121 24409 3684 6794 23141 11142 290 763
9456+bno6 121 24409 3684 6794 23141 1409 290 763
8868+bno0 2903 3684 83 121 11142 1409 763 874
8868+bno0 2903 3684 83 121 11142 290 763 874
9452+bno6 121 30983 3684 613 15155 1409 290 763
9452+bno6 121 30983 3684 613 15155 1409 11142 763
9456+bno6 121 31512 3684 6794 23141 11142 290 763
9456+bno6 121 31512 3684 6794 23141 1409 290 763
8868+bno0 4097 3684 2874 121 11142 763 1409 2146
8868+bno0 4097 3684 2874 121 11142 763 290 2146
8877+bno0 4555 3684 2874 121 11142 290 763 22095
8877+bno0 4555 3684 2874 121 11142 1409 763 22095
8951+bno0 7515 3684 2874 121 11142 1409 5498 763
8951+bno0 7515 3684 2874 121 11142 290 5498 763
9452+bno7 3684 7515 121 6666 2318 11142 290 763
9452+bno7 3684 7515 121 6666 2318 1409 290 763
8868+bno0 10541 3684 2874 121 11142 1409 290 1992
8868+bno0 10541 3684 2874 121 11142 763 290 1992
12095+bno0 1142 121 1409 763 11142 12185 4953 290
10597+bno6 121 3684 1142 12185 4953 763 11142 290
10501+bno6 121 3684 1142 12185 4953 1409 763 290
10495+bno6 121 3684 1142 12185 4953 1409 763 11142
8868+bno0 11498 3684 2874 121 11142 1409 763 1186
8868+bno0 11498 3684 2874 121 11142 290 763 1186
8874+bno0 11498 3684 2874 121 11142 763 1409 6013
8874+bno0 11498 3684 2874 121 11142 763 290 6013
11614+bno0 11530 121 3684 763 1409 4701 2841 290
11614+bno0 11530 121 3684 11142 1409 4701 2841 290
11614+bno0 11841 121 3684 763 1409 25619 11142 290
11614+bno0 11841 121 3684 2841 1409 25619 11142 290
11614+bno0 11841 121 3684 763 6101 25619 11142 290
9452+bno6 121 12126 3684 8430 2763 1409 763 290
9452+bno6 121 12126 3684 8430 2763 1409 11142 290
11614+bno0 12135 3684 121 11142 1409 6481 763 290
11614+bno0 12135 3684 121 11142 2841 6481 763 290
11614+bno0 12306 3684 121 290 763 10475 1465 1409
11614+bno0 12306 3684 121 290 11142 10475 1465 1409
8868+bno0 12424 121 4953 3684 763 1409 11142 4140
8868+bno0 12424 121 4953 3684 763 290 11142 4140
9456+bno7 3684 13718 121 5690 4807 11142 290 763
9456+bno7 3684 13718 121 5690 4807 11142 1409 763
11297+bno1 6084 763 1898 3684 290 11142 17016 121
11297+bno1 6084 1409 1898 3684 290 11142 17016 121
11307+bno0 18944 11142 4177 3684 1409 763 18943 121
11307+bno0 18944 11142 4177 3684 290 763 18943 121
8950+bno0 21810 3684 9947 121 11142 290 21793 1409
8950+bno0 21810 3684 9947 121 763 290 21793 1409
11614+bno0 22279 121 3684 763 290 12481 1409 297
11614+bno0 22279 121 3684 763 11142 12481 1409 297
8868+bno0 22294 3684 4144 121 763 1409 11142 17047
8868+bno0 22294 3684 4144 121 763 290 11142 17047
8950+bno1 22173 121 12120 3684 290 763 22782 11142
8950+bno1 22173 121 12120 3684 1409 763 22782 11142
8868+bno0 22833 121 766 3684 763 1409 11142 22008
8868+bno0 22833 121 766 3684 763 290 11142 22008
11308+bno0 23122 3684 121 11142 290 1409 25442 4177
11308+bno0 23122 3684 121 11142 763 1409 25442 4177
9456+bno6 121 24875 3684 6794 22277 290 1409 763
9456+bno6 121 24875 3684 6794 22277 11142 1409 763
9452+bno6 121 25265 3684 20302 24953 290 763 11142
9452+bno6 121 25265 3684 20302 24953 1409 763 11142
8868+bno1 25613 121 1056 3684 763 1409 11142 25265
8868+bno1 25613 121 1056 3684 763 290 11142 25265
11614+bno0 25565 3684 121 763 297 1335 290 11142
11614+bno0 25565 3684 121 1409 297 1335 290 11142
11614+bno0 25565 3684 121 763 1149 1335 290 11142
11614+bno0 25565 3684 121 1409 1149 1335 290 11142
11614+bno0 27203 3684 121 290 11142 19029 763 6094
11614+bno0 27203 3684 121 1409 11142 19029 763 6094
8950+bno1 16002 3684 4144 121 763 1409 27301 290
8950+bno1 16002 3684 4144 121 763 11142 27301 290
9456+bno6 121 2989 3684 8430 5210 11142 290 763
9456+bno6 121 2989 3684 8430 5210 1409 290 763
8868+bno0 3210 121 1044 3684 1409 290 763 24953
8868+bno0 3210 121 1044 3684 1409 11142 763 24953
8868+bno0 32274 121 1044 3684 1409 290 763 24953
8868+bno0 32274 121 1044 3684 1409 11142 763 24953
8935+bno0 3627 121 1610 3684 763 1409 7247 11142
8935+bno0 3627 121 1610 3684 763 290 7247 11142
9452+bno6 121 5526 3684 613 8446 11142 290 763
9452+bno6 121 5526 3684 613 8446 1409 290 763
8868+bno0 5633 3684 83 121 11142 763 1409 5486
8868+bno0 5633 3684 83 121 11142 763 290 5486
11308+bno0 5937 3684 121 11142 1409 763 3995 4177
11308+bno0 5937 3684 121 11142 290 763 3995 4177
11470+bno1 6715 11142 2938 121 1409 618 3684 290
11470+bno1 6715 11142 2938 121 763 618 3684 290
10070+bno0 618 7079 121 11142 763 290 6715 3684
10070+bno0 618 7079 121 1409 763 290 6715 3684
8874+bno0 6398 3684 2874 121 11142 763 1409 6013
8874+bno0 6398 3684 2874 121 11142 763 290 6013
8868+bno0 6517 3684 344 121 11142 1409 290 2805
8868+bno0 6517 3684 344 121 11142 763 290 2805
8874+bno0 6517 3684 5301 121 11142 290 1409 6277
8874+bno0 6517 3684 5301 121 11142 763 1409 6277
11614+bno0 6588 121 3684 763 1409 4020 6094 290
11614+bno0 6588 121 3684 11142 1409 4020 6094 290
8868+bno0 8445 3684 2874 121 11142 1409 290 8338
8868+bno0 8445 3684 2874 121 11142 763 290 8338
7154+bno1 7152 7936 121 290 1409 3684 763 1000
7154+bno1 7152 7936 121 11142 1409 3684 763 1000
10427+bno1 732 2874 3684 11142 290 10019 121 1409
10427+bno1 732 2874 3684 11142 763 10019 121 1409
9456+bno6 121 10277 3684 6794 23141 11142 763 290
9456+bno6 121 10277 3684 6794 23141 1409 763 290
9073+bno0 10398 3684 2874 121 11142 1409 4275 763
9073+bno0 10398 3684 2874 121 11142 290 4275 763
9576+bno6 121 10583 3684 6794 11368 290 11142 763
9576+bno6 121 10583 3684 6794 11368 290 1409 763
8950+bno1 11176 3684 2874 121 11142 290 11538 1409
8950+bno1 11176 3684 2874 121 11142 763 11538 1409
7154+bno1 9031 3723 121 11142 763 3684 1409 11555
7154+bno1 9031 3723 121 11142 763 3684 290 11555
8868+bno1 11778 121 4558 3684 290 1409 11142 11598
8868+bno1 11778 121 4558 3684 763 1409 11142 11598
10388+bno7 121 3684 39146 11598 4558 290 1409 11142
10388+bno7 121 3684 39146 11598 4558 763 1409 11142
9452+bno6 121 1400 3684 613 12083 763 11142 1409
9452+bno6 121 1400 3684 613 12083 290 11142 1409
9444+bno7 3684 12083 121 2874 1400 763 1409 11142
9444+bno7 3684 12083 121 2874 1400 290 1409 11142
12095+bno1 1142 121 1409 763 11142 12185 4953 290
8950+bno1 5973 3684 9062 121 763 1409 12695 290
8950+bno1 5973 3684 9062 121 763 11142 12695 290
8868+bno0 12878 121 4953 3684 763 1409 290 10744
8868+bno0 12878 121 4953 3684 763 1409 11142 10744
11614+bno0 12888 121 3684 763 290 6756 454 11142
11614+bno0 12888 121 3684 1409 290 6756 454 11142
11470+bno1 37021 121 3684 11142 290 12939 4177 1409
11470+bno1 37021 121 3684 11142 763 12939 4177 1409
8868+bno0 13087 121 14497 3684 290 1409 763 16639
8868+bno0 13087 121 14497 3684 290 11142 763 16639
9456+bno7 3684 13670 121 10400 12660 11142 290 763
9456+bno7 3684 13670 121 10400 12660 1409 290 763
9456+bno6 121 13670 3684 6794 14771 290 11142 763
9456+bno6 121 13670 3684 6794 14771 1409 11142 763
8868+bno0 13790 3684 2874 121 11142 763 1409 4794
8868+bno0 13790 3684 2874 121 11142 763 290 4794
9452+bno6 121 13061 3684 613 14359 763 11142 1409
9452+bno6 121 13061 3684 613 14359 290 11142 1409
8868+bno0 14601 3684 1310 121 11142 1409 290 4757
8868+bno0 14601 3684 1310 121 763 1409 290 4757
10624+bno0 15118 121 3684 14497 11142 15111 290 763
10624+bno0 15118 121 3684 14497 1409 15111 290 763
7156+bno1 17217 6460 121 11142 290 8430 763 15280
7156+bno1 17217 6460 121 1409 290 8430 763 15280
8950+bno0 15484 3684 4707 121 11142 1409 9332 763
8950+bno0 15484 3684 4707 121 11142 290 9332 763
8868+bno1 15324 121 12120 3684 290 763 11142 15486
8868+bno1 15324 121 12120 3684 1409 763 11142 15486
8874+bno1 13562 121 1898 3684 763 290 11142 15520
8874+bno1 13562 121 1898 3684 1409 290 11142 15520
8936+bno1 32988 11142 100 4177 763 121 15689 1409
8936+bno1 32988 11142 100 4177 290 121 15689 1409
8936+bno1 32988 11142 100 2874 763 121 15689 1409
8936+bno1 32988 11142 100 2874 290 121 15689 1409
8936+bno1 32988 3684 13992 121 290 11142 15689 1409
8936+bno1 32988 3684 13992 121 763 11142 15689 1409
9452+bno7 3684 16023 121 6666 6985 290 1409 763
9452+bno7 3684 16023 121 6666 6985 11142 1409 763
8868+bno0 16289 3684 2874 121 11142 1409 290 380
8868+bno0 16289 3684 2874 121 11142 763 290 380
8950+bno0 16345 3684 2874 121 11142 1409 13024 763
8950+bno0 16345 3684 2874 121 11142 290 13024 763
11331+bno0 16548 121 3684 290 11142 763 16007 4177
11331+bno0 16548 121 3684 1409 11142 763 16007 4177
11587+bno0 16872 3684 121 11142 1409 11376 4177 763
11587+bno0 16872 3684 121 11142 290 11376 4177 763
12105+bno0 17007 121 763 11142 290 16178 3684 4177
12105+bno0 17007 121 763 11142 1409 16178 3684 4177
11613+bno0 17950 121 3684 290 763 7378 4177 11142
11613+bno0 17950 121 3684 1409 763 7378 4177 11142
8868+bno0 18595 121 10076 3684 290 1409 11142 18030
8868+bno0 18595 121 10076 3684 763 1409 11142 18030
8868+bno1 18755 121 12481 3684 763 290 11142 18729
8868+bno1 18755 121 12481 3684 1409 290 11142 18729
8868+bno0 18755 121 12481 3684 763 290 11142 18729
8868+bno0 18755 121 12481 3684 1409 290 11142 18729
11614+bno0 18827 121 3684 1409 763 7378 290 6101
11614+bno0 18827 121 3684 1409 11142 7378 290 6101
10439+bno1 20417 4144 3684 763 1409 18942 121 11142
10439+bno1 20417 4144 3684 763 290 18942 121 11142
9452+bno6 121 18950 3684 2954 22202 290 1409 763
9452+bno6 121 18950 3684 2954 22202 11142 1409 763
9014+bno1 22202 121 4953 3684 763 290 18950 1409
9014+bno1 22202 121 4953 3684 763 11142 18950 1409
10069+bno0 19111 4144 3684 763 1409 290 10941 121
10069+bno0 19111 4144 3684 763 11142 290 10941 121
11614+bno0 19426 121 3684 1409 290 5712 763 11142
11614+bno0 19426 121 3684 2841 290 5712 763 11142
11614+bno0 19426 121 3684 1409 290 5712 297 11142
8950+bno1 20101 121 10076 3684 290 1409 19691 11142
8950+bno1 20101 121 10076 3684 763 1409 19691 11142
8935+bno1 23857 121 22429 3684 290 11142 19881 763
8935+bno1 23857 121 22429 3684 1409 11142 19881 763
4815+bno2 22429 23857 766 121 290 763 11142 19881
4815+bno2 22429 23857 766 121 1409 763 11142 19881
9452+bno6 121 2642 3684 2954 20111 11142 763 290
9452+bno6 121 2642 3684 2954 20111 1409 763 290
3935+bno1 20114 2642 11142 4177 1409 763 290 20111
3935+bno1 20114 2642 11142 4177 121 763 290 20111
3935+bno1 20114 2642 121 2954 11142 763 290 20111
3935+bno1 20114 2642 121 2954 1409 763 290 20111
7154+bno1 27279 806 121 763 11142 3684 1409 21201
7154+bno1 27279 806 121 763 11142 3684 290 21201
8868+bno0 21909 3684 4144 121 763 1409 290 10941
8868+bno0 21909 3684 4144 121 763 11142 290 10941
8950+bno1 30180 3684 2874 121 11142 1409 22998 290
8950+bno1 30180 3684 2874 121 11142 763 22998 290
9452+bno6 121 23657 3684 613 17118 290 11142 763
9452+bno6 121 23657 3684 613 17118 1409 11142 763
10069+bno0 24272 4953 121 763 1409 11142 9479 3684
10069+bno0 24272 4953 121 763 290 11142 9479 3684
9267+bno2 9022 3684 24550 121 290 22345 763 11142
9267+bno2 9022 3684 24550 121 1409 22345 763 11142
6016+bno1 24555 22345 290 121 763 11142 9022 24550
6016+bno1 24555 22345 1409 121 763 11142 9022 24550
9074+bno0 24661 11142 3995 4177 290 121 24711 763
9074+bno0 24661 11142 3995 4177 1409 121 24711 763
9074+bno1 24661 11142 3995 4177 290 121 24711 763
9074+bno1 24661 11142 3995 4177 1409 121 24711 763
9452+bno6 121 25056 3684 613 21907 290 11142 763
9452+bno6 121 25056 3684 613 21907 1409 11142 763
8868+bno1 15365 3684 3077 121 1409 763 290 25091
8868+bno1 15365 3684 3077 121 1409 11142 290 25091
8950+bno1 24953 3684 8103 121 290 11142 25542 763
8950+bno1 24953 3684 8103 121 1409 11142 25542 763
8868+bno0 25542 121 1044 3684 1409 290 763 24953
8868+bno0 25542 121 1044 3684 1409 11142 763 24953
10069+bno0 25887 2874 3684 11142 290 1409 26145 121
10069+bno0 25887 2874 3684 11142 763 1409 26145 121
11614+bno0 26252 3684 121 763 11142 4760 1409 2926
11614+bno0 26252 3684 121 290 11142 4760 1409 2926
7154+bno1 26459 17118 121 290 763 613 11142 26726
7154+bno1 26459 17118 121 1409 763 613 11142 26726
8868+bno0 26845 121 3568 3684 763 1409 11142 20804
8868+bno0 26845 121 3568 3684 763 290 11142 20804
8935+bno0 27107 121 7936 3684 11142 763 6066 290
8935+bno0 27107 121 7936 3684 1409 763 6066 290
8868+bno1 3536 121 1044 3684 1409 11142 763 2737
8868+bno1 3536 121 1044 3684 1409 11142 290 2737
11614+bno0 27430 121 3684 763 290 44797 3324 11142
11614+bno0 27430 121 3684 1409 290 44797 3324 11142
11614+bno0 27430 121 3684 763 290 44797 3503 11142
11614+bno0 27430 121 3684 1409 290 44797 3503 11142
8868+bno0 27732 3684 2874 121 11142 1409 290 10547
8868+bno0 27732 3684 2874 121 11142 763 290 10547
8868+bno0 27807 3684 2874 121 11142 1409 763 5498
8868+bno0 27807 3684 2874 121 11142 290 763 5498
8874+bno0 2876 3684 2874 121 11142 1409 290 2344
8874+bno0 2876 3684 2874 121 11142 763 290 2344
8868+bno0 32284 3684 4144 121 763 1409 11142 3593
8868+bno0 32284 3684 4144 121 763 290 11142 3593
8935+bno1 11647 121 7743 3684 11142 763 32574 290
8935+bno1 11647 121 7743 3684 1409 763 32574 290
8868+bno0 32925 3684 2874 121 11142 290 1409 19276
8868+bno0 32925 3684 2874 121 11142 290 763 19276
8868+bno0 3536 121 1044 3684 1409 11142 763 2737
8868+bno0 3536 121 1044 3684 1409 11142 290 2737
8868+bno1 3671 121 9924 3684 763 290 11142 3645
8868+bno1 3671 121 9924 3684 1409 290 11142 3645
8950+bno1 22495 121 630 3684 763 290 3669 11142
8950+bno1 22495 121 630 3684 1409 290 3669 11142
9452+bno6 121 3700 3684 613 9024 290 11142 763
9452+bno6 121 3700 3684 613 9024 1409 11142 763
8950+bno1 6926 3684 802 121 11142 1409 4218 290
8950+bno1 6926 3684 802 121 11142 763 4218 290
8868+bno1 1710 121 2383 3684 11142 290 1409 4371
8868+bno1 1710 121 2383 3684 763 290 1409 4371
9452+bno6 121 6154 3684 2954 4640 763 290 11142
9452+bno6 121 6154 3684 2954 4640 763 290 1409
8868+bno1 6363 3684 6129 121 11142 1409 290 498
8868+bno1 6363 3684 6129 121 763 1409 290 498
11470+bno1 6089 763 394 121 1409 5548 3684 290
11470+bno1 6089 763 394 121 11142 5548 3684 290
11470+bno1 5736 763 394 121 1409 5548 3684 11142
11470+bno1 5736 763 394 121 290 5548 3684 11142
8951+bno1 4608 3684 5010 121 11142 290 6550 1409
8951+bno1 4608 3684 5010 121 763 290 6550 1409
8868+bno1 10096 3684 5010 121 11142 290 1409 6550
8868+bno1 10096 3684 5010 121 763 290 1409 6550
8868+bno0 6958 121 1898 3684 763 290 11142 15311
8868+bno0 6958 121 1898 3684 1409 290 11142 15311
8868+bno0 6958 121 1044 3684 1409 763 11142 15311
8868+bno0 6958 121 1044 3684 1409 290 11142 15311
9456+bno6 121 6961 3684 2954 12968 763 290 11142
9456+bno6 121 6961 3684 2954 12968 1409 290 11142
9576+bno6 121 12968 3684 8430 6961 763 290 11142
9576+bno6 121 12968 3684 8430 6961 1409 290 11142
8868+bno0 8019 121 14497 3684 290 1409 763 14840
8868+bno0 8019 121 14497 3684 290 11142 763 14840
10069+bno0 8214 2874 3684 11142 1409 763 8234 121
10069+bno0 8214 2874 3684 11142 290 763 8234 121
8868+bno1 1460 3684 1229 121 11142 290 763 8294
8868+bno1 1460 3684 1229 121 1409 290 763 8294
8868+bno1 10223 3684 1229 121 11142 290 763 8294
8868+bno1 10223 3684 1229 121 1409 290 763 8294
10388+bno7 3684 121 8688 5480 2874 11142 1409 290
10388+bno7 3684 121 8688 5480 2874 11142 763 290
8874+bno0 9880 3684 2874 121 11142 763 1409 6013
8874+bno0 9880 3684 2874 121 11142 763 290 6013
9073+bno0 10312 3684 2874 121 11142 1409 2665 763
9073+bno0 10312 3684 2874 121 11142 290 2665 763
8935+bno1 3281 121 1737 3684 763 11142 11581 290
8935+bno1 3281 121 1737 3684 1409 11142 11581 290
8950+bno1 3281 121 5712 3684 763 11142 11581 290
8950+bno1 3281 121 5712 3684 1409 11142 11581 290
8950+bno1 20646 121 9514 3684 11142 290 11791 1409
8950+bno1 20646 121 9514 3684 11142 763 11791 1409
8951+bno1 11821 121 3996 3684 763 290 11838 1409
8951+bno1 11821 121 3996 3684 763 11142 11838 1409
8950+bno0 11839 3684 2874 121 11142 1409 8479 290
8950+bno0 11839 3684 2874 121 11142 763 8479 290
9452+bno6 121 11930 3684 6794 239 11142 290 763
9452+bno6 121 11930 3684 6794 239 1409 290 763
9452+bno6 121 12146 3684 2954 1888 11142 290 763
9452+bno6 121 12146 3684 2954 1888 1409 290 763
10388+bno7 3684 121 12420 1161 2874 11142 1409 763
10388+bno7 3684 121 12420 1161 2874 11142 290 763
9456+bno6 121 13056 3684 8430 2763 290 11142 763
9456+bno6 121 13056 3684 8430 2763 1409 11142 763
10385+bno7 121 3684 13520 12674 7743 290 763 11142
10385+bno7 121 3684 13520 12674 7743 1409 763 11142
8950+bno0 13978 121 4246 3684 1409 763 13000 11142
8950+bno0 13978 121 4246 3684 1409 290 13000 11142
8950+bno0 14120 3684 360 121 11142 290 16785 1409
8950+bno0 14120 3684 360 121 763 290 16785 1409
11307+bno1 14939 290 13650 121 763 11142 14865 3684
11307+bno1 14939 1409 13650 121 763 11142 14865 3684
9073+bno0 14865 121 1898 3684 763 290 14939 11142
9073+bno0 14865 121 1898 3684 1409 290 14939 11142
11307+bno1 15794 763 6153 121 1409 290 15031 3684
11307+bno1 15794 763 6153 121 11142 290 15031 3684
11307+bno1 15794 11142 6950 121 1409 290 15031 3684
11307+bno1 15794 11142 6950 121 763 290 15031 3684
9456+bno6 121 15102 3684 6794 14771 290 11142 763
9456+bno6 121 15102 3684 6794 14771 1409 11142 763
8871+bno0 15370 3684 2874 121 11142 763 290 15155
8871+bno0 15370 3684 2874 121 11142 1409 290 15155
9452+bno7 3684 19848 121 3992 16762 763 1409 11142
9452+bno7 3684 19848 121 3992 16762 290 1409 11142
8868+bno1 20086 3684 4653 121 290 1409 11142 20063
8868+bno1 20086 3684 4653 121 763 1409 11142 20063
11614+bno0 20443 3684 121 763 290 4096 1465 11142
11614+bno0 20443 3684 121 1409 290 4096 1465 11142
11614+bno0 20504 121 3684 290 763 11716 11142 6094
11614+bno0 20504 121 3684 1409 763 11716 11142 6094
8868+bno0 20750 3684 360 121 11142 290 1409 21779
8868+bno0 20750 3684 360 121 763 290 1409 21779
8868+bno0 21030 121 1050 3684 763 1409 11142 21428
8868+bno0 21030 121 1050 3684 763 290 11142 21428
8950+bno0 21183 121 3568 3684 763 1409 21182 290
8950+bno0 21183 121 3568 3684 763 11142 21182 290
8951+bno1 21759 121 16702 3684 290 11142 21619 763
8951+bno1 21759 121 16702 3684 1409 11142 21619 763
9456+bno6 121 21688 3684 14830 10744 763 11142 290
9456+bno6 121 21688 3684 14830 10744 1409 11142 290
8868+bno0 21743 121 12481 3684 763 290 11142 18184
8868+bno0 21743 121 12481 3684 1409 290 11142 18184
8935+bno1 18184 3684 4872 121 763 1409 21743 11142
8935+bno1 18184 3684 4872 121 763 290 21743 11142
8868+bno1 27865 121 14497 3684 290 1409 763 22064
8868+bno1 27865 121 14497 3684 290 11142 763 22064
8868+bno0 22199 121 10076 3684 290 11142 1409 22191
8868+bno0 22199 121 10076 3684 763 11142 1409 22191
8868+bno1 22510 3684 14171 121 1409 763 11142 22501
8868+bno1 22510 3684 14171 121 1409 290 11142 22501
9456+bno6 121 22864 3684 6794 8991 11142 290 763
9456+bno6 121 22864 3684 6794 8991 1409 290 763
9494+bno2 19493 121 24433 3684 290 22917 1409 11142
9494+bno2 19493 121 24433 3684 763 22917 1409 11142
8874+bno0 23786 3684 2874 121 11142 1409 290 3602
8874+bno0 23786 3684 2874 121 11142 763 290 3602
8935+bno0 24112 121 7089 3684 11142 290 24043 763
8935+bno0 24112 121 7089 3684 1409 290 24043 763
8951+bno1 23736 121 1898 3684 763 290 24536 11142
8951+bno1 23736 121 1898 3684 1409 290 24536 11142
9452+bno6 121 24953 3684 14830 25264 290 11142 763
9452+bno6 121 24953 3684 14830 25264 1409 11142 763
9452+bno6 121 17118 3684 6794 25950 290 763 11142
9452+bno6 121 17118 3684 6794 25950 1409 763 11142
9452+bno6 121 25950 3684 613 17118 290 11142 763
9452+bno6 121 25950 3684 613 17118 1409 11142 763
8950+bno0 26052 3684 5301 121 11142 1409 25390 763
8950+bno0 26052 3684 5301 121 11142 290 25390 763
9452+bno7 3684 26966 121 11540 3075 763 290 11142
9452+bno7 3684 26966 121 11540 3075 1409 290 11142
9452+bno7 3684 3075 121 10194 26966 763 11142 290
9452+bno7 3684 3075 121 10194 26966 1409 11142 290
8868+bno0 29293 3684 7460 121 763 1409 11142 15289
8868+bno0 29293 3684 7460 121 763 290 11142 15289
9456+bno6 121 29493 3684 6794 27896 290 763 1409
9456+bno6 121 29493 3684 6794 27896 11142 763 1409
8950+bno0 29599 3684 7460 121 763 1409 23501 290
8950+bno0 29599 3684 7460 121 763 11142 23501 290
8868+bno0 29827 3684 4144 121 763 290 1409 1094
8868+bno0 29827 3684 4144 121 763 11142 1409 1094
9101+bno0 39723 121 4953 3684 763 290 3029 1409
9073+bno0 39723 121 4953 3684 763 11142 3029 1409
8874+bno0 39723 121 4953 3684 763 11142 290 3029
10388+bno7 3684 121 4016 2604 2874 11142 1409 763
10388+bno7 3684 121 4016 2604 2874 11142 290 763
9452+bno6 121 4089 3684 613 1161 11142 763 290
9452+bno6 121 4089 3684 613 1161 1409 763 290
8950+bno0 4089 3684 2874 121 11142 1409 1161 290
9452+bno7 3684 4089 121 2874 1161 1409 763 290
8868+bno0 4089 3684 2874 121 11142 1409 763 1161
8982+bno0 4089 3684 2874 121 11142 763 1161 290
8874+bno1 1018 3684 2874 121 11142 1409 763 4504
8874+bno1 1018 3684 2874 121 11142 290 763 4504
9452+bno6 121 4645 3684 613 1179 763 290 1409
9452+bno6 121 4645 3684 613 1179 763 11142 1409
8935+bno1 5980 3684 1335 121 763 11142 4682 290
8935+bno1 5980 3684 1335 121 1409 11142 4682 290
8868+bno0 5090 121 7206 3684 763 1409 290 11647
8868+bno0 5090 121 7206 3684 763 11142 290 11647
11614+bno0 5413 3684 121 763 1409 18496 1465 11142
11614+bno0 5413 3684 121 290 1409 18496 1465 11142
8950+bno0 6100 121 3996 3684 763 1409 2300 290
8950+bno0 6100 121 3996 3684 763 11142 2300 290
11470+bno0 6715 11142 2938 121 1409 618 3684 290
11470+bno0 6715 11142 2938 121 763 618 3684 290
10070+bno1 618 7079 121 11142 763 290 6715 3684
10070+bno1 618 7079 121 1409 763 290 6715 3684
8868+bno0 8055 3684 2874 121 11142 1409 290 5480
8868+bno0 8055 3684 2874 121 11142 763 290 5480
11307+bno0 8579 11142 4213 121 290 1409 8585 3684
11307+bno1 8585 121 3684 11142 290 763 8579 4213
10385+bno7 121 3684 2003 8585 8579 290 763 1409
10385+bno7 121 3684 2003 8585 8579 11142 763 1409
11614+bno0 9420 121 3684 763 1409 3723 1149 290
11614+bno0 9420 121 3684 11142 1409 3723 1149 290
8950+bno0 9663 121 1049 8430 290 1409 27767 763
8950+bno0 9663 121 1049 8430 11142 1409 27767 763
3935+bno1 32055 17118 121 6794 763 290 11142 9836
3935+bno1 32055 17118 121 6794 1409 290 11142 9836
