6671+bno0 TAF5 ACT1 NUT1 SIN4 YAP1 ARP4 TAF6 ADA2
6671+bno0 SOH1 ACT1 TAF6 ADA2 YAP1 ARP4 NUT1 SIN4
6671+bno0 SRB4 ACT1 TAF6 ADA2 YAP1 ARP4 NUT1 SIN4
6671+bno0 SRB5 ACT1 TAF6 ADA2 YAP1 ARP4 NUT1 SIN4
6671+bno0 SRB7 ACT1 TAF6 ADA2 YAP1 ARP4 NUT1 SIN4
6671+bno0 TAF12 ACT1 NUT1 SIN4 YAP1 ARP4 TAF6 ADA2
6671+bno0 MED2 ACT1 TAF6 ADA2 YAP1 ARP4 NUT1 SIN4
6671+bno0 ROX3 ACT1 TAF6 ADA2 YAP1 ARP4 NUT1 SIN4
6671+bno0 TAF9 ACT1 NUT1 SIN4 YAP1 ARP4 TAF6 ADA2
6671+bno0 NGG1 ACT1 NUT1 SIN4 YAP1 ARP4 TAF6 ADA2
6671+bno0 SGF73 ACT1 NUT1 SIN4 YAP1 ARP4 TAF6 ADA2
6671+bno0 TAF10 ACT1 NUT1 SIN4 YAP1 ARP4 TAF6 ADA2
6671+bno0 SPT8 ACT1 NUT1 SIN4 YAP1 ARP4 TAF6 ADA2
6671+bno0 HFI1 ACT1 NUT1 SIN4 YAP1 ARP4 TAF6 ADA2
6671+bno0 TAF1 ACT1 NUT1 SIN4 YAP1 ARP4 TAF6 ADA2
6671+bno0 SPT20 ACT1 NUT1 SIN4 YAP1 ARP4 TAF6 ADA2
6671+bno0 SGF29 ACT1 NUT1 SIN4 YAP1 ARP4 TAF6 ADA2
6671+bno0 SPT3 ACT1 NUT1 SIN4 YAP1 ARP4 TAF6 ADA2
6671+bno0 TAF11 ACT1 NUT1 SIN4 YAP1 ARP4 TAF6 ADA2
6671+bno0 TAF3 ACT1 NUT1 SIN4 YAP1 ARP4 TAF6 ADA2
6671+bno0 TAF7 ACT1 NUT1 SIN4 YAP1 ARP4 TAF6 ADA2
6671+bno0 UBP8 ACT1 NUT1 SIN4 YAP1 ARP4 TAF6 ADA2
6671+bno0 TAF4 ACT1 NUT1 SIN4 YAP1 ARP4 TAF6 ADA2
1627+bno0 MSH2 RPL3 RFA2 STO1 KAP95 RFA3 RPS22A RFA1
6671+bno0 SSN8 ACT1 TAF6 ADA2 YAP1 ARP4 NUT1 SIN4
1627+bno7 RPB5 GYL1 ARP4 RVS167 RVS161 ACT1 GYP5 TAF14
1627+bno7 RPB5 GYL1 RVB1 RVS167 RVS161 ACT1 GYP5 TAF14
1718+bno7 RPS22A KAP95 MSH3 RFA2 RFA1 MSH2 RFA3 STO1
1718+bno7 RPS22A KAP95 MSH6 RFA2 RFA1 MSH2 RFA3 STO1
1627+bno7 RPB5 PCL7 ARP4 PHO81 CYR1 ACT1 PHO85 TAF14
1627+bno7 RPB5 PCL7 RVB1 PHO81 CYR1 ACT1 PHO85 TAF14
1627+bno7 RPB5 PCL7 ARP4 PHO81 SRV2 ACT1 PHO85 TAF14
1627+bno7 RPB5 PCL7 RVB1 PHO81 SRV2 ACT1 PHO85 TAF14
1627+bno7 RPB5 PCL8 ARP4 PHO81 CYR1 ACT1 PHO85 TAF14
1627+bno7 RPB5 PCL8 RVB1 PHO81 CYR1 ACT1 PHO85 TAF14
1627+bno7 RPB5 PCL8 ARP4 PHO81 SRV2 ACT1 PHO85 TAF14
1627+bno7 RPB5 PCL8 RVB1 PHO81 SRV2 ACT1 PHO85 TAF14
