4315 72138 14356 72114 48864 46718 449 72136 22949
4315 72138 235 72114 48864 46718 449 72136 22949
4173 65929 14356 103868 34576 99440 22949 235 108780
4173 65929 14356 103868 34576 99440 15811 235 108780
2300 77698 108780 99440 22949 235 34576 103868 65929
1629 14356 77698 34576 108780 103868 99440 65929 235
1276 71825 22949 28077 67840 68235 5 14356 72967
1276 71825 22949 28077 67840 68235 5 235 72967
1276 56151 22949 42179 115602 86938 53498 14356 136468
1276 56151 22949 42179 115602 86938 53498 235 136468
1276 26956 14356 29699 70029 69160 77901 22949 12445
1276 26956 14356 29699 70029 69160 77901 235 12445
2300 104282 89620 2331 14356 22949 235 78223 104101
2300 104282 89620 2331 15811 22949 235 78223 104101
3783 150261 108068 14356 40581 22949 4203 101644 104195
3783 150261 108068 235 40581 22949 4203 101644 104195
3783 81576 23923 14356 13398 22949 235 170366 79451
3783 81576 23923 14356 13398 15811 235 170366 79451
1276 54296 5684 108441 14356 235 81758 80096 112722
3783 139364 134756 14356 63253 15811 22949 142071 139240
3783 139364 134756 235 63253 15811 22949 142071 139240
1276 139364 14356 139464 142088 134756 3715 22949 139240
1276 139364 14356 139464 142088 134756 3715 235 139240
1276 139364 22949 139464 142088 134756 718 6969 139240
1276 139364 14356 139464 142088 134756 718 6969 139240
1276 139364 22949 139464 142088 134756 718 41 139240
1276 139364 14356 139464 142088 134756 718 41 139240
1276 142088 22949 10765 139364 139240 132 235 134756
1276 142088 14356 10765 139364 139240 132 235 134756
1276 142088 22949 10765 139364 139240 132 15811 134756
1276 142088 14356 10765 139364 139240 132 15811 134756
4067 29941 22949 74307 36594 97464 14356 15811 36855
4067 29941 235 74307 36594 97464 14356 15811 36855
1276 136821 22949 106657 116856 103454 49542 5768 56192
1276 136821 14356 106657 116856 103454 49542 5768 56192
1276 136821 22949 106657 116856 103454 49542 88802 56192
1276 136821 235 106657 116856 103454 49542 88802 56192
1276 136821 14356 106657 116856 103454 11316 22949 56192
1276 136821 14356 106657 116856 103454 11316 235 56192
1276 136821 22949 106657 151724 103454 49542 5768 56192
1276 136821 14356 106657 151724 103454 49542 5768 56192
1276 136821 22949 106657 151724 103454 49542 88802 56192
1276 136821 235 106657 151724 103454 49542 88802 56192
1276 136821 14356 106657 151724 103454 11316 22949 56192
1276 136821 14356 106657 151724 103454 11316 235 56192
1276 136821 22949 106657 113317 103454 49542 5768 56192
1276 136821 14356 106657 113317 103454 49542 5768 56192
1276 136821 22949 106657 113317 103454 49542 88802 56192
1276 136821 235 106657 113317 103454 49542 88802 56192
1276 136821 14356 106657 113317 103454 11316 22949 56192
1276 136821 14356 106657 113317 103454 11316 235 56192
3783 28028 119204 14356 45926 15811 22949 25485 113380
3783 28028 119204 235 45926 15811 22949 25485 113380
3783 109303 93954 14356 88802 22949 15811 19421 100931
3783 109303 93954 14356 88802 235 15811 19421 100931
1276 127522 14356 100931 116297 109280 61821 22949 109303
1276 127522 235 100931 116297 109280 61821 22949 109303
1276 127522 14356 100931 116297 109280 61821 15811 109303
2300 107686 1613 14274 22949 211 14356 16286 61549
2300 107686 1613 14274 235 211 14356 16286 61549
1276 74589 14356 99238 103956 99137 27968 22949 85209
1276 74589 235 99238 103956 99137 27968 22949 85209
1276 74589 14356 99238 103956 99137 27968 15811 85209
1276 99238 14356 74589 103956 99137 98085 22949 85209
1276 99238 235 74589 103956 99137 98085 22949 85209
1276 99238 14356 74589 103956 99137 98085 35795 85209
3783 116736 143625 14356 88802 235 22949 126058 143637
3783 116736 143625 14356 88802 15811 22949 126058 143637
1718 99756 100286 14356 81974 29569 22949 16423 99076
1718 99756 100286 235 81974 29569 22949 16423 99076
1718 99756 100286 14356 81974 29569 449 16423 99076
2844 134479 15811 3550 123635 110467 14356 103210 22949
2844 134479 15811 3550 123635 110467 235 103210 22949
1790 114342 63458 113032 22949 235 53498 14356 114955
1790 114342 63458 113032 15811 235 53498 14356 114955
1325 22949 63458 114966 53498 113032 114342 114955 14356
1276 63458 22949 113032 114966 114342 53498 235 114955
1627 14356 42852 45926 113380 119204 25485 28028 22949
1627 235 42852 45926 113380 119204 25485 28028 22949
1276 33666 22949 35094 21880 33381 14748 14356 32091
1276 33666 22949 35094 21880 33381 14748 235 32091
3783 137265 136108 14356 88802 22949 235 51325 136460
3783 137265 136108 14356 88802 15811 235 51325 136460
2300 80096 108441 54296 14356 235 22949 112722 81758
2300 80096 108441 54296 14356 235 15811 112722 81758
2300 80540 108441 54296 14356 235 22949 112722 81758
2300 80540 108441 54296 14356 235 15811 112722 81758
1276 82620 22949 108441 5684 80096 112722 235 81758
1276 82620 14356 108441 5684 80096 112722 235 81758
1276 82620 22949 108441 5684 80096 112722 54296 81758
2300 82620 108441 54296 14356 235 22949 112722 81758
2300 82620 108441 54296 14356 235 15811 112722 81758
1276 82620 22949 80540 5684 80096 76482 235 81758
1276 82620 14356 80540 5684 80096 76482 235 81758
1276 82620 22949 80540 5684 80096 76482 35775 81758
1276 82620 14356 80540 5684 80096 76482 35775 81758
1627 97605 14356 8965 106495 146694 25041 22949 25077
1627 97605 235 8965 106495 146694 25041 22949 25077
1627 97605 14356 8965 106495 146694 25041 15811 25077
1627 92232 22949 8965 64720 97605 25077 15811 25041
1627 92232 14356 8965 64720 97605 25077 15811 25041
1627 92232 22949 8965 64720 97605 25077 4203 25041
1627 92232 14356 8965 64720 97605 25077 4203 25041
1627 92232 22949 8965 3037 39866 25077 235 25041
2300 8965 92232 861 22949 15811 235 7054 25041
2300 8965 92232 861 14356 15811 235 7054 25041
3783 92232 25077 22949 3037 235 14356 39866 25041
3783 92232 25077 22949 3037 15811 14356 39866 25041
3783 31997 37809 14356 27968 15811 22949 94417 30387
3783 31997 37809 235 27968 15811 22949 94417 30387
3783 114692 37809 14356 27968 15811 22949 94417 30387
3783 114692 37809 235 27968 15811 22949 94417 30387
3783 92704 37809 14356 27968 15811 22949 94417 30387
3783 92704 37809 235 27968 15811 22949 94417 30387
3783 26694 25077 22949 3037 235 14356 39866 24715
3783 26694 25077 22949 3037 15811 14356 39866 24715
1627 22949 17265 3037 24715 25077 39866 26694 14356
6711 117538 109149 14356 22949 15811 19421 88802 123654
6711 117538 109149 14356 235 15811 19421 88802 123654
3783 139328 139362 14356 88802 22949 15811 19421 139365
3783 139328 139362 14356 88802 235 15811 19421 139365
4315 54892 22949 57045 53498 77668 14356 54980 235
4315 54892 15811 57045 53498 77668 14356 54980 235
3783 54980 77668 15811 8844 22949 235 84471 57045
3783 54980 77668 15811 8844 14356 235 84471 57045
1276 59429 22949 45762 71520 57973 44779 449 57849
1276 59429 14356 45762 71520 57973 44779 449 57849
1276 59429 22949 45762 71520 57973 44779 54298 57849
1276 59429 14356 45762 71520 57973 44779 54298 57849
1276 133234 235 132816 133258 133241 132708 14916 121611
1276 133234 449 132816 133258 133241 132708 14916 121611
1276 133234 22949 132816 133258 133241 132708 115155 121611
1276 133234 15811 132816 133258 133241 132708 115155 121611
1276 133234 14356 135076 133258 133241 47437 22949 121611
1276 133234 14356 135076 133258 133241 47437 235 121611
1276 133241 235 132816 138518 133234 132708 14916 121611
1276 133241 449 132816 138518 133234 132708 14916 121611
1276 133241 22949 132816 138518 133234 132708 115155 121611
1276 133241 15811 132816 138518 133234 132708 115155 121611
1276 132816 5691 133241 138518 133234 133258 107450 121611
1276 132816 1543 133241 138518 133234 133258 107450 121611
1276 132816 14356 135076 138518 133234 47437 22949 121611
1276 132816 14356 135076 138518 133234 47437 235 121611
1276 135076 235 132816 138518 133234 132708 14916 121611
1276 135076 449 132816 138518 133234 132708 14916 121611
1276 135076 22949 132816 138518 133234 132708 115155 121611
1276 135076 15811 132816 138518 133234 132708 115155 121611
1276 28824 138518 133241 5691 107450 121611 133234 133258
1276 107450 138518 133241 1059 28824 121611 133234 133258
1276 133241 14356 135076 138518 133234 47437 22949 121611
1276 133241 14356 135076 138518 133234 47437 235 121611
1276 135076 5691 133241 138518 133234 133258 107450 121611
1276 135076 1543 133241 138518 133234 133258 107450 121611
1276 133740 235 132816 138518 133234 132708 14916 121611
1276 133740 449 132816 138518 133234 132708 14916 121611
1276 133740 22949 132816 138518 133234 132708 115155 121611
1276 133740 15811 132816 138518 133234 132708 115155 121611
1276 133740 5691 133241 138518 133234 133258 107450 121611
1276 133740 1543 133241 138518 133234 133258 107450 121611
1276 133740 1059 133241 138518 133234 133258 28824 121611
1276 133740 14356 135076 138518 133234 47437 22949 121611
1276 133740 14356 135076 138518 133234 47437 235 121611
3783 119150 53009 14356 59676 22949 15811 58150 119521
3783 119150 53009 14356 59676 235 15811 58150 119521
1276 129197 22949 129276 127698 129271 5938 14356 129273
1276 129197 22949 129276 127698 129271 5938 235 129273
1276 129197 14356 129276 127698 129271 87199 22949 129273
1276 129197 235 129276 127698 129271 87199 22949 129273
1276 129197 14356 129276 127698 129271 87199 449 129273
1276 127698 14356 129847 129276 129273 38610 22949 129271
1276 127698 14356 129847 129276 129273 38610 235 129271
1276 60513 22949 29688 44543 29156 8515 449 36648
1276 60513 14356 29688 44543 29156 8515 449 36648
1276 60513 22949 29688 44543 29156 8515 4203 36648
1276 60513 14356 29688 44543 29156 8515 4203 36648
1276 107450 14356 28824 121611 133241 1059 22949 133258
1276 107450 14356 28824 121611 133241 1059 235 133258
1276 133740 235 132816 133258 133241 132708 14916 121611
1276 133740 449 132816 133258 133241 132708 14916 121611
1276 133740 22949 132816 133258 133241 132708 115155 121611
1276 133740 15811 132816 133258 133241 132708 115155 121611
1276 133740 14356 135076 133258 133241 47437 22949 121611
1276 133740 14356 135076 133258 133241 47437 235 121611
1276 32547 22949 35094 21880 33381 14748 14356 32091
1276 32547 22949 35094 21880 33381 14748 235 32091
3783 31971 91057 14356 88802 22949 235 62364 31870
3783 31971 91057 14356 88802 15811 235 62364 31870
1734 85261 53498 61492 15811 22949 62181 14356 67594
1734 85261 53498 61492 15811 22949 62181 235 67594
4067 11919 22949 65926 126561 138787 4203 235 137268
4067 11919 14356 65926 126561 138787 4203 235 137268
3783 38444 33914 14356 88802 22949 235 24001 24405
3783 38444 33914 14356 88802 15811 235 24001 24405
1734 145746 98085 145471 14356 15811 16827 22949 128124
1734 145746 98085 145471 235 15811 16827 22949 128124
1276 135087 22949 136222 132994 135043 19421 15811 135051
1276 135087 14356 136222 132994 135043 19421 15811 135051
1276 136222 14356 117629 132994 135043 88802 22949 135051
1276 136222 14356 117629 132994 135043 88802 235 135051
1276 135665 14356 117629 132994 135043 88802 22949 135051
1276 135665 14356 117629 132994 135043 88802 235 135051
1276 129662 235 51852 135051 135043 2647 22949 132994
1276 129662 235 51852 135051 135043 2647 14356 132994
1858 72240 77652 15811 75526 53498 14356 22949 57270
1858 72240 77652 15811 75526 53498 235 22949 57270
3783 101187 53009 14356 59676 22949 15811 58150 119521
3783 101187 53009 14356 59676 235 15811 58150 119521
4315 117703 14356 88490 59618 59612 61218 107350 22949
4315 117703 235 88490 59618 59612 61218 107350 22949
3783 72028 72269 14356 59676 235 22949 48859 73474
3783 72028 72269 14356 59676 15811 22949 48859 73474
1276 67576 22949 109739 68198 118079 5318 449 65279
1276 67576 14356 109739 68198 118079 5318 449 65279
1276 67576 22949 109739 68198 118079 5318 1992 65279
1276 67576 14356 109739 68198 118079 5318 1992 65279
2300 52208 32830 74307 22949 14356 15811 12117 32447
2300 52208 32830 74307 235 14356 15811 12117 32447
3783 119522 53009 14356 59676 22949 15811 58150 119521
3783 119522 53009 14356 59676 235 15811 58150 119521
1276 110499 14356 109462 117760 130331 68484 22949 106213
1276 110499 235 109462 117760 130331 68484 22949 106213
1276 110499 14356 109462 117760 130331 68484 15811 106213
1276 126444 22949 101652 128088 125916 38094 449 126277
1276 126444 14356 101652 128088 125916 38094 449 126277
1276 126444 22949 101652 128088 125916 38094 4203 126277
1276 126444 14356 101652 128088 125916 38094 4203 126277
1276 126444 22949 101652 128088 125916 109543 4203 126277
1276 126444 14356 101652 128088 125916 109543 4203 126277
1276 126444 22949 101652 128088 125916 109543 88802 126277
1276 126444 235 101652 128088 125916 109543 88802 126277
3783 112853 115738 14356 88802 235 22949 128212 112898
3783 112853 115738 14356 88802 15811 22949 128212 112898
1627 14356 113064 88802 112898 115738 128212 112853 22949
3783 18693 119204 14356 45926 15811 22949 25485 113380
3783 18693 119204 235 45926 15811 22949 25485 113380
3783 28984 112790 14356 59676 235 22949 74749 24768
3783 28984 112790 14356 59676 15811 22949 74749 24768
1627 14356 30373 59676 24768 112790 74749 28984 22949
1276 103716 14356 112722 80096 81758 54296 22949 108441
3783 108288 21581 14356 1059 22949 15811 83681 73956
3783 108288 21581 14356 1059 235 15811 83681 73956
3783 135043 136222 14356 88802 22949 15811 19421 135051
3783 135043 136222 14356 88802 235 15811 19421 135051
3783 107012 12929 22949 813 14356 235 32476 104023
3783 107012 12929 22949 813 15811 235 32476 104023
3783 106016 12929 22949 813 14356 235 32476 104023
3783 106016 12929 22949 813 15811 235 32476 104023
1276 102000 22949 118896 101308 26479 37171 1992 100607
1276 102000 14356 118896 101308 26479 37171 1992 100607
1276 102000 22949 118896 101308 26479 37171 58612 100607
1276 102000 14356 118896 101308 26479 37171 58612 100607
1276 118896 22949 102000 101308 26479 45459 7035 100607
1276 118896 14356 102000 101308 26479 45459 7035 100607
1276 118896 22949 102000 101308 26479 45459 14564 100607
1276 118896 14356 102000 101308 26479 45459 14564 100607
1276 39529 22949 102000 101308 26479 45459 7035 100607
1276 39529 14356 102000 101308 26479 45459 7035 100607
1276 39529 22949 102000 101308 26479 45459 14564 100607
1276 39529 14356 102000 101308 26479 45459 14564 100607
1276 102000 22949 39529 101308 26479 106728 44179 100607
1276 102000 235 39529 101308 26479 106728 44179 100607
1276 102000 22949 39529 101308 26479 106728 47206 100607
1276 102000 14356 39529 101308 26479 106728 47206 100607
3783 111342 72044 15811 8844 22949 235 84471 67986
3783 111342 72044 15811 8844 14356 235 84471 67986
1276 42807 22949 97464 29941 36855 74307 15811 36594
1276 42807 31237 36855 22949 14356 29941 31693 36594
3783 58356 52341 22949 17789 14356 15811 57415 103261
3783 58356 52341 22949 17789 235 15811 57415 103261
4311 14356 69084 14916 127979 62619 49855 235 22949
4311 15811 69084 14916 127979 62619 49855 235 22949
1790 62155 20342 64028 15811 14356 8844 22949 60692
1790 62155 20342 64028 15811 235 8844 22949 60692
1276 142936 22949 101652 128088 125916 38094 449 126277
1276 142936 14356 101652 128088 125916 38094 449 126277
1276 142936 22949 101652 128088 125916 38094 4203 126277
1276 142936 14356 101652 128088 125916 38094 4203 126277
1276 142936 22949 101652 128088 125916 109543 4203 126277
1276 142936 14356 101652 128088 125916 109543 4203 126277
1276 142936 22949 101652 128088 125916 109543 88802 126277
1276 142936 235 101652 128088 125916 109543 88802 126277
2300 99561 98537 54228 22949 4203 14356 98388 98543
2300 99561 98537 54228 235 4203 14356 98388 98543
1276 36689 235 57656 80548 77428 53649 22949 42379
1276 36689 235 57656 80548 77428 53649 14356 42379
3783 14915 14921 22949 935 14356 235 1724 14914
3783 14915 14921 22949 935 15811 235 1724 14914
3783 53365 52937 22949 17789 14356 235 6418 53256
3783 53365 52937 22949 17789 15811 235 6418 53256
3783 61393 129343 14356 33871 235 22949 134479 148411
3783 61393 129343 14356 33871 15811 22949 134479 148411
3785 106434 92944 14356 88802 235 22949 93050 127959
3785 106434 92944 14356 88802 15811 22949 93050 127959
1276 100671 14356 94635 62435 63136 39753 22949 98292
1276 100671 14356 94635 62435 63136 39753 235 98292
1276 128756 14356 100931 116297 109280 61821 22949 109303
1276 128756 235 100931 116297 109280 61821 22949 109303
1276 128756 14356 100931 116297 109280 61821 15811 109303
1276 42657 22949 35094 21880 33381 14748 14356 32091
1276 42657 22949 35094 21880 33381 14748 235 32091
1276 84894 22949 5684 108441 81758 79964 9302 80096
1276 84894 14356 5684 108441 81758 79964 9302 80096
1276 84894 14356 5684 108441 81758 79964 4733 80096
1276 84894 235 5684 108441 81758 79964 4733 80096
1276 54296 84894 108441 14356 235 81758 80096 112722
3783 107537 103788 14356 34576 22949 15811 16573 104663
3783 107537 103788 14356 34576 235 15811 16573 104663
4067 57685 22949 45837 56556 57903 235 14356 57626
4067 57685 15811 45837 56556 57903 235 14356 57626
3783 142461 129343 14356 33871 235 22949 134479 138076
3783 142461 129343 14356 33871 15811 22949 134479 138076
1790 132614 132615 129663 14356 22949 44179 15811 88831
1790 132614 132615 129663 14356 235 44179 15811 88831
3783 151519 112790 14356 59676 235 22949 74749 24768
3783 151519 112790 14356 59676 15811 22949 74749 24768
2300 92956 43462 15045 14356 22949 235 39123 60739
2300 92956 43462 15045 15811 22949 235 39123 60739
4320 97973 14356 92944 88802 93050 235 127959 22949
4320 97973 14356 92944 88802 93050 15811 127959 22949
2844 84767 14356 59676 77924 78635 22949 86928 15811
2844 84767 14356 59676 77924 78635 235 86928 15811
1790 66681 20342 64028 15811 14356 8844 22949 60692
1790 66681 20342 64028 15811 235 8844 22949 60692
1276 133966 22949 20912 100585 100247 458 235 89479
1276 133966 14356 20912 100585 100247 458 235 89479
1276 133966 22949 20912 100585 100247 458 15811 89479
1276 133966 14356 20912 100585 100247 458 15811 89479
1276 133966 22949 20912 100585 100247 52 14356 89479
1276 133966 22949 20912 100585 100247 52 235 89479
3791 130650 143548 14356 88802 235 22949 93050 117666
3791 130650 143548 14356 88802 15811 22949 93050 117666
2300 266834 69626 5538 22949 14356 3940 303 37624
2300 266834 69626 5538 235 14356 3940 303 37624
4067 49618 235 39123 48904 39105 14356 22949 48424
4067 49618 15811 39123 48904 39105 14356 22949 48424
1276 109460 14356 100931 116297 109280 61821 22949 109303
1276 109460 235 100931 116297 109280 61821 22949 109303
1276 109460 14356 100931 116297 109280 61821 15811 109303
3783 81853 79265 14356 88802 235 22949 32111 64783
3783 81853 79265 14356 88802 15811 22949 32111 64783
1627 14356 31030 88802 64783 79265 32111 81853 22949
3725 66867 114955 22949 53498 235 14356 113032 63458
3725 66867 114955 15811 53498 235 14356 113032 63458
1720 114342 113032 66867 235 14356 63458 53498 114955
1276 114342 22949 113032 66867 63458 53498 235 114955
3783 107679 21581 14356 1059 22949 15811 83681 73956
3783 107679 21581 14356 1059 235 15811 83681 73956
2300 84496 43462 15045 14356 22949 235 39123 60739
2300 84496 43462 15045 15811 22949 235 39123 60739
1276 84496 22949 62664 38938 43462 93977 88802 60739
1276 84496 235 62664 38938 43462 93977 88802 60739
1276 84496 22949 62664 38938 43462 93977 8500 60739
1276 84496 14356 62664 38938 43462 93977 8500 60739
2707 148554 14356 59676 14365 13418 22949 235 147903
2707 148554 14356 59676 14365 13418 15811 235 147903
1276 109288 14356 116297 100931 109303 4918 22949 109280
1276 109288 14356 116297 100931 109303 4918 235 109280
3785 108331 92944 14356 88802 235 22949 93050 127959
3785 108331 92944 14356 88802 15811 22949 93050 127959
3783 48988 112276 14356 88802 22949 235 62364 126883
3783 48988 112276 14356 88802 15811 235 62364 126883
1627 14356 46880 88802 126883 112276 62364 48988 235
1276 82419 14356 78107 28981 86472 77111 22949 77883
1276 82419 235 78107 28981 86472 77111 22949 77883
1276 82419 14356 78107 28981 86472 77111 15811 77883
1858 43705 77652 15811 75526 53498 14356 22949 57270
1858 43705 77652 15811 75526 53498 235 22949 57270
1276 15175 14356 93977 43462 60739 88802 22949 62664
1276 15175 14356 93977 43462 60739 88802 235 62664
1627 65872 22949 134346 14916 128750 134292 235 64535
1627 65872 14356 134346 14916 128750 134292 235 64535
1627 65872 22949 134346 14916 128750 134292 449 64535
1627 65872 14356 134346 14916 128750 134292 449 64535
562 128750 65872 134346 22949 2732 235 64535 134292
562 128750 65872 134346 14356 2732 235 64535 134292
562 128750 65872 134346 22949 2732 449 64535 134292
562 128750 65872 134346 14356 2732 449 64535 134292
1627 134538 22949 134346 14916 128750 134292 235 64535
1627 134538 14356 134346 14916 128750 134292 235 64535
1627 134538 22949 134346 14916 128750 134292 449 64535
1627 134538 14356 134346 14916 128750 134292 449 64535
562 128750 134538 134346 22949 2732 235 64535 134292
562 128750 134538 134346 14356 2732 235 64535 134292
562 128750 134538 134346 22949 2732 449 64535 134292
562 128750 134538 134346 14356 2732 449 64535 134292
3783 135050 136222 14356 88802 22949 15811 19421 135051
3783 135050 136222 14356 88802 235 15811 19421 135051
1276 135050 14356 117629 132994 135043 88802 22949 135051
1276 135050 14356 117629 132994 135043 88802 235 135051
1276 135050 22949 136222 132994 135043 19421 15811 135051
1276 135050 14356 136222 132994 135043 19421 15811 135051
1276 135050 22949 136222 132994 135043 19421 88802 135051
1276 135050 235 136222 132994 135043 19421 88802 135051
1276 33609 22949 35094 21880 33381 14748 14356 32091
1276 33609 22949 35094 21880 33381 14748 235 32091
2300 132174 132358 54228 22949 4203 14356 98388 132468
2300 132174 132358 54228 235 4203 14356 98388 132468
4067 132766 14356 12434 130583 129752 22949 235 53017
4067 132766 15811 12434 130583 129752 22949 235 53017
2300 117852 25244 115 22949 61218 235 41678 66471
2300 117852 25244 115 14356 61218 235 41678 66471
4067 103994 22949 95393 131969 99455 1992 235 101548
4067 103994 14356 95393 131969 99455 1992 235 101548
1734 73696 88959 88759 22949 14356 87590 1992 88958
1734 73696 88959 88759 235 14356 87590 1992 88958
1858 122085 77652 15811 75526 53498 14356 22949 57270
1858 122085 77652 15811 75526 53498 235 22949 57270
3783 21145 140066 14356 58950 1992 22949 142393 21201
3783 21145 140066 235 58950 1992 22949 142393 21201
4173 67113 14356 68371 59676 13833 235 22949 65600
4173 67113 14356 68371 59676 13833 15811 22949 65600
4173 148230 14356 63872 59676 64019 235 22949 134034
4173 148230 14356 63872 59676 64019 15811 22949 134034
4173 53654 14356 62019 44844 57493 4203 22949 62089
4173 53654 235 62019 44844 57493 4203 22949 62089
1276 33337 22949 79041 142067 79036 68186 25863 77830
1276 33337 14356 79041 142067 79036 68186 25863 77830
1276 33337 22949 79041 142067 79036 68186 59676 77830
1276 33337 235 79041 142067 79036 68186 59676 77830
4173 103834 14356 103868 34576 99440 22949 235 108780
4173 103834 14356 103868 34576 99440 15811 235 108780
3783 103834 65929 14356 53455 449 22949 65931 108780
3783 103834 65929 235 53455 449 22949 65931 108780
1276 127887 14356 94635 62435 63136 39753 22949 98292
1276 127887 14356 94635 62435 63136 39753 235 98292
3783 71997 87611 14356 88802 235 22949 93050 76302
3783 71997 87611 14356 88802 15811 22949 93050 76302
3783 129614 107102 14356 103730 235 22949 66034 107215
3783 129614 107102 15811 103730 235 22949 66034 107215
1309 14356 107327 129614 103730 66034 107215 107102 22949
1276 107327 14356 66034 129614 107215 103730 235 107102
1276 129197 22949 129276 142116 129271 5938 14356 129273
1276 129197 22949 129276 142116 129271 5938 235 129273
1276 129197 14356 129276 142116 129271 87199 22949 129273
1276 129197 235 129276 142116 129271 87199 22949 129273
1276 129197 14356 129276 142116 129271 87199 449 129273
1276 142116 14356 129847 129276 129273 38610 22949 129271
1276 142116 14356 129847 129276 129273 38610 235 129271
3783 100702 99320 14356 59676 235 22949 74243 100704
3783 100702 99320 14356 59676 15811 22949 74243 100704
1276 66914 22949 32272 98292 63136 5717 14356 62435
1276 66914 22949 32272 98292 63136 5717 235 62435
1276 66914 22949 134686 98292 63136 15152 61218 62435
1276 66914 14356 134686 98292 63136 15152 61218 62435
1276 66914 22949 134686 98292 63136 15152 5691 62435
1276 66914 14356 134686 98292 63136 15152 5691 62435
1276 26479 22949 118896 133172 102000 37171 1992 100607
1276 26479 14356 118896 133172 102000 37171 1992 100607
1276 26479 22949 118896 133172 102000 37171 58612 100607
1276 26479 14356 118896 133172 102000 37171 58612 100607
1276 133172 22949 113860 26479 100607 68186 25863 102000
1276 133172 14356 113860 26479 100607 68186 25863 102000
1276 133172 22949 113860 26479 100607 68186 59676 102000
1276 133172 235 113860 26479 100607 68186 59676 102000
1276 26479 22949 39529 133172 102000 106728 44179 100607
1276 26479 235 39529 133172 102000 106728 44179 100607
1276 26479 22949 39529 133172 102000 106728 47206 100607
1276 26479 14356 39529 133172 102000 106728 47206 100607
1276 133172 14356 113283 26479 100607 84117 22949 102000
1276 133172 235 113283 26479 100607 84117 22949 102000
1276 133172 14356 113283 26479 100607 84117 25863 102000
1790 65331 40689 62353 15811 14356 8844 22949 61553
1790 65331 40689 62353 15811 235 8844 22949 61553
3783 98106 91057 14356 88802 22949 235 62364 31870
3783 98106 91057 14356 88802 15811 235 62364 31870
3783 61951 129343 14356 33871 235 22949 134479 112954
3783 61951 129343 14356 33871 15811 22949 134479 112954
3783 93634 61122 22949 9598 235 15811 60735 62883
3783 93634 61122 14356 9598 235 15811 60735 62883
3783 129542 91057 14356 88802 22949 235 62364 31870
3783 129542 91057 14356 88802 15811 235 62364 31870
1276 95402 22949 108441 5684 80096 112722 235 81758
1276 95402 14356 108441 5684 80096 112722 235 81758
1276 95402 22949 108441 5684 80096 112722 54296 81758
2300 95402 108441 54296 14356 235 22949 112722 81758
2300 95402 108441 54296 14356 235 15811 112722 81758
1276 95402 22949 80540 5684 80096 76482 235 81758
1276 95402 14356 80540 5684 80096 76482 235 81758
1276 95402 22949 80540 5684 80096 76482 35775 81758
1276 95402 14356 80540 5684 80096 76482 35775 81758
1276 109097 14356 116297 100931 109303 4918 22949 109280
1276 109097 14356 116297 100931 109303 4918 235 109280
1276 59745 38938 92956 14356 60335 60739 43462 59587
1276 59745 38938 92956 10616 60335 60739 43462 59587
2707 151040 14356 59676 14365 13418 22949 235 147903
2707 151040 14356 59676 14365 13418 15811 235 147903
