10129+bno0 7762 3684 11142 121 1149 1409 4177 290
10129+bno0 7762 3684 11142 121 1149 763 4177 290
10129+bno0 8239 3684 11142 121 1149 290 4177 1409
10129+bno0 8239 3684 11142 121 1149 763 4177 1409
10129+bno0 14105 3684 11142 121 1149 1409 4177 290
10129+bno0 14105 3684 11142 121 1149 763 4177 290
10129+bno0 10046 3684 11142 121 1149 290 4177 763
10129+bno0 10046 3684 11142 121 1149 1409 4177 763
9456+bno7 3684 4757 11142 121 1310 763 1409 290
9456+bno6 3684 4757 11142 121 1310 763 1409 290
9456+bno6 3684 4757 11142 121 1310 763 1149 290
9456+bno6 3684 4757 11142 121 1310 763 297 290
10129+bno0 14854 3684 11142 121 1149 290 4177 1409
10129+bno0 14854 3684 11142 121 1149 763 4177 1409
9456+bno7 3684 3822 11142 121 3927 763 290 1409
9456+bno6 3684 3822 11142 121 3927 763 290 1409
9456+bno6 3684 3822 11142 121 3927 763 1149 1409
9456+bno6 3684 3822 11142 121 3927 763 297 1409
10129+bno0 2165 3684 121 11142 297 1409 12705 290
10129+bno0 2165 3684 121 11142 297 763 12705 290
10129+bno0 1116 3684 11142 121 1149 290 4177 1409
10129+bno0 1116 3684 11142 121 1149 763 4177 1409
10129+bno0 6349 3684 11142 121 297 290 3546 1409
10129+bno0 6349 3684 11142 121 297 763 3546 1409
9452+bno6 3684 27701 121 11142 21684 1149 290 763
9452+bno6 3684 27701 121 11142 21684 297 290 763
9452+bno6 3684 27701 121 11142 21684 1149 1409 763
9452+bno6 3684 27701 121 11142 21684 297 1409 763
10129+bno0 5965 3684 121 11142 1149 1409 20302 290
10129+bno0 5965 3684 121 11142 1149 763 20302 290
10129+bno0 17905 3684 11142 121 1149 1409 4177 290
10129+bno0 17905 3684 11142 121 1149 763 4177 290
10129+bno0 21491 3684 121 11142 290 1409 10076 297
10129+bno0 21491 3684 121 11142 763 1409 10076 297
10129+bno0 24094 3684 11142 121 1149 290 4177 1409
10129+bno0 24094 3684 11142 121 1149 763 4177 1409
9452+bno6 3684 10273 121 11142 21684 763 290 297
9452+bno6 3684 10273 121 11142 21684 763 1409 297
10129+bno0 11568 3684 11142 121 1149 290 4177 763
10129+bno0 11568 3684 11142 121 1149 1409 4177 763
9456+bno6 3684 16129 121 11142 13972 1149 290 763
9456+bno6 3684 16129 121 11142 13972 1149 1409 763
10129+bno0 19018 3684 121 11142 297 290 2554 763
10129+bno0 19018 3684 121 11142 297 1409 2554 763
9456+bno6 3684 25414 121 11142 11054 1409 297 290
9456+bno6 3684 25414 121 11142 11054 763 297 290
10129+bno0 7685 3684 11142 121 763 1409 2024 290
10129+bno0 7685 3684 11142 121 763 1149 2024 290
10129+bno0 7685 3684 11142 121 763 297 2024 290
10129+bno0 12676 3684 11142 121 1149 290 4177 763
10129+bno0 12676 3684 11142 121 1149 1409 4177 763
10129+bno0 14202 3684 11142 121 1409 290 2481 1149
10129+bno0 14202 3684 11142 121 763 290 2481 1149
10129+bno0 20697 3684 121 11142 1149 290 20302 763
10129+bno0 20697 3684 121 11142 1149 1409 20302 763
10129+bno0 21810 3684 11142 121 1149 290 4177 1409
10129+bno0 21810 3684 11142 121 1149 763 4177 1409
10129+bno0 15128 3684 11142 121 1149 290 4177 1409
10129+bno0 15128 3684 11142 121 1149 763 4177 1409
10129+bno0 16872 3684 11142 121 1149 290 4177 763
10129+bno0 16872 3684 11142 121 1149 1409 4177 763
8180+bno7 3684 19603 11142 121 14105 4177 1409 290
8180+bno7 3684 19603 11142 121 14105 4177 763 290
10129+bno0 20111 3684 11142 121 1149 290 4177 763
10129+bno0 20111 3684 11142 121 1149 1409 4177 763
4350+bno7 3684 20665 121 11054 11142 18322 1409 290
4350+bno7 3684 20665 121 11054 11142 18322 763 290
10129+bno0 24661 3684 121 11142 297 290 2554 763
10129+bno0 24661 3684 121 11142 297 1409 2554 763
10128+bno0 39723 3684 11142 121 763 290 5442 1409
10128+bno0 39723 3684 11142 121 763 1149 5442 1409
10128+bno0 39723 3684 11142 121 763 297 5442 1409
10129+bno0 4417 3684 11142 121 297 290 3811 1409
10129+bno0 4417 3684 11142 121 297 763 3811 1409
9456+bno6 3684 8294 11142 121 6651 297 290 763
9456+bno6 3684 8294 11142 121 6651 297 1409 763
10129+bno0 13634 3684 121 11142 290 1149 10076 1409
10129+bno0 13634 3684 121 11142 290 297 10076 1409
10129+bno0 13634 3684 121 11142 763 1149 10076 1409
10129+bno0 13634 3684 121 11142 763 297 10076 1409
10129+bno0 13684 3684 121 11142 763 290 3996 1149
10129+bno0 13684 3684 121 11142 763 1409 3996 1149
9456+bno6 3684 14549 121 11142 4054 290 1409 297
9456+bno6 3684 14549 121 11142 4054 763 1409 297
10129+bno0 21231 3684 121 11142 297 290 12705 763
10129+bno0 21231 3684 121 11142 297 1409 12705 763
10129+bno0 22253 3684 121 11142 763 1409 766 290
10129+bno0 22253 3684 121 11142 763 1149 766 290
10129+bno0 22253 3684 121 11142 763 297 766 290
9456+bno6 3684 22268 121 11142 23408 1409 290 297
9456+bno6 3684 22268 121 11142 23408 763 290 297
9456+bno7 3684 2755 11142 121 577 763 1409 290
9456+bno6 3684 2755 11142 121 577 763 1409 290
9456+bno6 3684 2755 11142 121 577 763 1149 290
9456+bno6 3684 2755 11142 121 577 763 297 290
9452+bno6 3684 28151 11142 121 13265 290 1409 1149
9452+bno6 3684 28151 11142 121 13265 763 1409 1149
9452+bno6 3684 29546 121 11142 21684 763 290 297
9452+bno6 3684 29546 121 11142 21684 763 1409 297
4350+bno7 3684 13547 121 2621 11142 3268 1409 290
4350+bno7 3684 13547 121 2621 11142 3268 763 290
4350+bno7 3684 5546 121 2621 11142 3268 1409 290
4350+bno7 3684 5546 121 2621 11142 3268 763 290
10128+bno0 9091 3684 121 11142 1409 290 5091 763
10128+bno0 9091 3684 121 11142 1409 1149 5091 763
10128+bno0 9091 3684 121 11142 1409 297 5091 763
9456+bno6 3684 10376 121 11142 11054 1409 290 297
9456+bno6 3684 10376 121 11142 11054 763 290 297
10129+bno0 11684 3684 11142 121 1149 290 4177 763
10129+bno0 11684 3684 11142 121 1149 1409 4177 763
10129+bno0 13494 3684 11142 121 1409 290 7392 763
10129+bno0 13494 3684 11142 121 297 290 7392 763
10129+bno0 13494 3684 11142 121 1409 1149 7392 763
10128+bno0 13773 3684 121 11142 1409 290 9924 763
10128+bno0 13773 3684 121 11142 1149 290 9924 763
10128+bno0 13773 3684 121 11142 1409 297 9924 763
10129+bno0 14993 3684 121 11142 290 1149 10076 1409
10129+bno0 14993 3684 121 11142 290 297 10076 1409
10129+bno0 14993 3684 121 11142 763 1149 10076 1409
10129+bno0 14993 3684 121 11142 763 297 10076 1409
10129+bno0 173 3684 11142 121 297 1409 3546 290
10129+bno0 173 3684 11142 121 297 763 3546 290
10129+bno0 18014 3684 11142 121 1149 290 4177 1409
10129+bno0 18014 3684 11142 121 1149 763 4177 1409
10129+bno0 18736 3684 11142 121 1149 290 4177 763
10129+bno0 18736 3684 11142 121 1149 1409 4177 763
9456+bno7 3684 20225 11142 121 1688 290 1409 763
9456+bno6 3684 20225 11142 121 1688 290 1409 763
9456+bno6 3684 20225 11142 121 1688 1149 1409 763
9456+bno6 3684 20225 11142 121 1688 297 1409 763
10129+bno0 22025 3684 121 11142 297 290 2554 763
10129+bno0 22025 3684 121 11142 297 1409 2554 763
10129+bno0 22301 3684 121 11142 297 1409 12705 290
10129+bno0 22301 3684 121 11142 297 763 12705 290
10129+bno0 23504 3684 11142 121 1149 290 4177 763
10129+bno0 23504 3684 11142 121 1149 1409 4177 763
4350+bno7 3684 25179 11142 5094 121 16494 763 290
4350+bno7 3684 25179 11142 5094 121 16494 763 1409
10128+bno0 26889 3684 11142 121 763 1409 4428 290
10128+bno0 26889 3684 11142 121 1149 1409 4428 290
10128+bno0 26889 3684 11142 121 763 297 4428 290
9456+bno7 3684 27360 121 11142 75 763 1409 290
9456+bno6 3684 27360 121 11142 75 763 1409 290
9456+bno6 3684 27360 121 11142 75 1149 1409 290
9456+bno6 3684 27360 121 11142 75 297 1409 290
8868+bno0 30311 3684 7460 11142 763 290 1409 26222
8868+bno0 30311 3684 7460 121 763 290 1409 26222
9456+bno6 3684 30492 121 11142 3521 290 1409 297
9456+bno6 3684 30492 121 11142 3521 763 1409 297
10129+bno0 4697 3684 11142 121 297 290 3546 1409
10129+bno0 4697 3684 11142 121 297 763 3546 1409
10129+bno0 6343 3684 121 11142 763 290 5340 1409
10129+bno0 6343 3684 121 11142 763 1149 5340 1409
10129+bno0 6343 3684 121 11142 763 297 5340 1409
10129+bno0 6866 3684 121 11142 290 1409 14497 763
10129+bno0 6866 3684 121 11142 1149 1409 14497 763
10129+bno0 6866 3684 121 11142 297 1409 14497 763
10128+bno0 7279 3684 121 11142 763 1409 4558 290
10128+bno0 7279 3684 121 11142 1149 1409 4558 290
10128+bno0 7279 3684 121 11142 763 297 4558 290
9456+bno6 3684 7625 121 11142 7076 1409 290 297
9456+bno6 3684 7625 121 11142 7076 763 290 297
8180+bno7 3684 11046 121 11142 12491 8430 290 763
8180+bno7 3684 11046 121 11142 12491 8430 1409 763
10129+bno0 11630 3684 11142 121 1409 290 8676 763
10129+bno0 11630 3684 11142 121 297 290 8676 763
10129+bno0 11630 3684 11142 121 1409 1149 8676 763
10128+bno0 1164 3684 121 11142 1409 290 2264 763
10128+bno0 1164 3684 121 11142 297 290 2264 763
10128+bno0 1164 3684 121 11142 1409 1149 2264 763
10129+bno0 11785 3684 121 11142 290 1409 10076 1149
10129+bno0 11785 3684 121 11142 763 1409 10076 1149
10129+bno0 12193 3684 11142 121 1409 763 7521 290
10129+bno0 12193 3684 11142 121 1409 1149 7521 290
10129+bno0 12193 3684 11142 121 1409 297 7521 290
4350+bno7 3684 27431 121 8379 11142 12565 290 763
4350+bno7 3684 27431 121 8379 11142 12565 1409 763
8148+bno7 3684 1304 121 11142 11259 14497 290 1409
8148+bno7 3684 1304 121 11142 11259 14497 290 763
10129+bno0 1321 3684 11142 121 297 1409 3546 290
10129+bno0 1321 3684 11142 121 297 763 3546 290
10129+bno0 13814 3684 121 11142 290 1409 10076 297
10129+bno0 13814 3684 121 11142 763 1409 10076 297
9456+bno6 3684 13982 11142 121 13700 1149 290 763
9456+bno6 3684 13982 11142 121 13700 297 290 763
9456+bno6 3684 13982 11142 121 13700 1149 1409 763
9456+bno6 3684 13982 11142 121 13700 297 1409 763
9452+bno7 3684 14624 121 11142 13462 1409 290 763
9452+bno6 3684 14624 121 11142 13462 297 290 763
9452+bno6 3684 14624 121 11142 13462 1409 1149 763
10128+bno0 15568 3684 121 11142 1409 290 1898 763
10128+bno0 15568 3684 121 11142 1409 1149 1898 763
10128+bno0 15568 3684 121 11142 1409 297 1898 763
4350+bno7 3684 15746 121 21684 11142 15708 763 290
4350+bno7 3684 15746 121 21684 11142 15708 763 1409
4350+bno7 3684 16845 121 9022 11142 14922 290 763
4350+bno7 3684 16845 121 9022 11142 14922 1409 763
8148+bno7 3684 16845 121 11142 17452 12481 1409 290
8148+bno7 3684 16845 121 11142 17452 12481 763 290
10128+bno0 17276 3684 121 11142 1149 290 9025 763
10128+bno0 17276 3684 121 11142 1149 1409 9025 763
10129+bno0 17935 3684 121 11142 297 290 2554 763
10129+bno0 17935 3684 121 11142 297 1409 2554 763
8196+bno7 3684 23247 121 11142 18228 4923 290 763
8196+bno7 3684 23247 121 11142 18228 4923 1409 763
10129+bno0 18524 3684 121 11142 763 290 3996 1409
10129+bno0 18524 3684 121 11142 763 1149 3996 1409
10129+bno0 18524 3684 121 11142 763 297 3996 1409
9456+bno6 3684 20589 121 11142 13972 1149 290 1409
9456+bno6 3684 20589 121 11142 13972 1149 763 1409
10129+bno0 20752 3684 121 11142 1409 1149 1898 290
10129+bno0 20752 3684 121 11142 1409 297 1898 290
10129+bno0 20752 3684 121 11142 763 1149 1898 290
10129+bno0 20752 3684 121 11142 763 297 1898 290
10129+bno0 20795 3684 121 11142 1149 290 14830 763
10129+bno0 20795 3684 121 11142 1149 1409 14830 763
4350+bno7 3684 21641 11142 7666 121 23773 763 290
4350+bno7 3684 21641 11142 7666 121 23773 763 1409
9384+bno7 3684 22157 121 11142 21753 290 763 13650
9384+bno7 3684 22157 121 11142 21753 1409 763 13650
8148+bno7 3684 22662 121 11142 11247 9025 763 290
8148+bno7 3684 22662 121 11142 11247 9025 763 1409
8148+bno7 3684 24844 121 11142 24848 1898 1409 290
8148+bno7 3684 24844 121 11142 24848 1898 763 290
10129+bno0 25665 3684 121 11142 290 1409 14497 763
10129+bno0 25665 3684 121 11142 1149 1409 14497 763
10129+bno0 25665 3684 121 11142 297 1409 14497 763
8148+bno7 3684 25807 121 11142 6999 1898 1409 290
8148+bno7 3684 25807 121 11142 6999 1898 763 290
8148+bno7 3684 26520 121 11142 26375 5583 763 290
8148+bno7 3684 26520 121 11142 26375 5583 763 1409
8148+bno7 3684 26722 121 11142 26375 5583 763 290
8148+bno7 3684 26722 121 11142 26375 5583 763 1409
9456+bno6 3684 2822 11142 121 362 763 290 1149
9456+bno6 3684 2822 11142 121 362 763 1409 1149
10129+bno0 30433 3684 121 11142 297 290 2554 763
10129+bno0 30433 3684 121 11142 297 1409 2554 763
8180+bno7 3684 31034 121 11142 21779 613 290 1409
8180+bno7 3684 31034 121 11142 21779 613 763 1409
8180+bno7 3684 31278 11142 121 7762 4177 1409 290
8180+bno7 3684 31278 11142 121 7762 4177 763 290
8180+bno7 3684 3323 121 11142 1184 8430 1409 290
8180+bno7 3684 3323 121 11142 1184 8430 763 290
10129+bno0 3792 3684 11142 121 297 1409 3811 290
10129+bno0 3792 3684 11142 121 297 763 3811 290
10129+bno0 4019 3684 11142 121 1409 763 8676 290
10129+bno0 4019 3684 11142 121 1409 1149 8676 290
10129+bno0 4019 3684 11142 121 297 763 8676 290
8148+bno7 3684 4261 11142 121 5363 1096 1409 290
8148+bno7 3684 4261 11142 121 5363 1096 1409 763
10129+bno0 4990 3684 121 11142 763 290 4953 1149
10129+bno0 4990 3684 121 11142 763 1409 4953 1149
9456+bno6 3684 5012 11142 121 7 290 1409 297
9456+bno6 3684 5012 11142 121 7 763 1409 297
9456+bno6 3684 5641 11142 121 3927 763 290 1149
9456+bno6 3684 5641 11142 121 3927 763 1409 1149
4476+bno7 3684 7101 11142 3927 121 3822 290 1409
4350+bno7 3684 7101 11142 3927 121 3822 763 290
8868+bno0 7101 3684 3927 121 763 290 1409 3822
4352+bno7 3684 7101 11142 3927 121 3822 763 1409
8148+bno7 3684 7238 121 11142 7248 4953 763 290
8148+bno7 3684 7238 121 11142 7248 4953 763 1409
10129+bno0 9257 3684 121 11142 297 290 2554 763
10129+bno0 9257 3684 121 11142 297 1409 2554 763
8180+bno7 3684 10176 121 11142 1184 8430 1409 290
8180+bno7 3684 10176 121 11142 1184 8430 763 290
4350+bno7 3684 10247 121 11054 11142 10203 1409 290
4350+bno7 3684 10247 121 11054 11142 10203 763 290
8148+bno7 3684 10402 121 11142 10453 1044 1409 290
8148+bno7 3684 10402 121 11142 10453 1044 1409 763
9452+bno7 3684 10963 121 11142 3521 290 1409 763
9452+bno6 3684 10963 121 11142 3521 290 1409 763
9452+bno6 3684 10963 121 11142 3521 290 297 763
9452+bno6 3684 10963 121 11142 3521 1149 1409 763
4350+bno7 3684 1535 11142 1229 121 1120 1409 290
4350+bno7 3684 1535 11142 1229 121 1120 1409 763
8148+bno7 3684 11322 121 11142 10945 5712 1409 290
8148+bno7 3684 11322 121 11142 10945 5712 763 290
8148+bno7 3684 1158 121 11142 5112 766 763 290
8148+bno7 3684 1158 121 11142 5112 766 763 1409
8950+bno0 11783 11142 3545 3684 763 1409 6517 290
8196+bno7 3684 11783 11142 121 6517 3545 1409 290
8170+bno7 3684 11783 11142 121 6517 3545 763 290
8148+bno7 3684 11783 11142 121 6517 3545 763 1409
8148+bno7 3684 11938 121 11142 18334 5701 763 290
8148+bno7 3684 11938 121 11142 18334 5701 763 1409
4350+bno7 3684 12037 121 8755 11142 8855 290 763
4350+bno7 3684 12037 121 8755 11142 8855 1409 763
8148+bno7 3684 1020 121 11142 12059 7206 763 290
8148+bno7 3684 1020 121 11142 12059 7206 763 1409
10129+bno0 12444 3684 121 11142 297 290 2554 763
10129+bno0 12444 3684 121 11142 297 1409 2554 763
10128+bno0 12786 3684 11142 121 763 290 175 1409
10128+bno0 12786 3684 11142 121 297 290 175 1409
10128+bno0 12786 3684 11142 121 763 1149 175 1409
8148+bno7 3684 13025 11142 121 5107 3545 763 290
8148+bno7 3684 13025 11142 121 5107 3545 763 1409
9456+bno7 3684 13247 121 11142 13249 763 1409 290
9456+bno6 3684 13247 121 11142 13249 763 1409 290
9456+bno6 3684 13247 121 11142 13249 1149 1409 290
9456+bno6 3684 13247 121 11142 13249 297 1409 290
8148+bno7 3684 16846 121 11142 13393 4246 1409 290
8148+bno7 3684 16846 121 11142 13393 4246 1409 763
8950+bno0 13394 11142 3545 3684 763 290 13402 1409
8196+bno7 3684 13394 11142 121 13402 3545 290 1409
8148+bno7 3684 13394 11142 121 13402 3545 763 290
8170+bno7 3684 13394 11142 121 13402 3545 763 1409
4350+bno7 3684 13755 11142 4366 121 13751 763 290
4350+bno7 3684 13755 11142 4366 121 13751 763 1409
10129+bno0 13888 3684 11142 121 763 290 3545 297
10129+bno0 13888 3684 11142 121 763 1409 3545 297
4350+bno7 3684 14712 121 2192 11142 14417 1409 290
4350+bno7 3684 14712 121 2192 11142 14417 1409 763
8148+bno7 3684 17923 121 11142 14499 9025 763 290
8148+bno7 3684 17923 121 11142 14499 9025 763 1409
4350+bno7 3684 14753 121 24417 11142 6325 1409 290
4350+bno7 3684 14753 121 24417 11142 6325 763 290
4668+bno0 15218 3684 12858 121 11142 1409 290 7829
4668+bno0 15218 3684 12858 121 11142 763 290 7829
8148+bno7 3684 15295 121 11142 14788 1715 1409 290
8148+bno7 3684 15295 121 11142 14788 1715 763 290
4350+bno7 3684 7012 11142 362 121 1530 763 290
4350+bno7 3684 7012 11142 362 121 1530 763 1409
8148+bno7 3684 15896 121 11142 6363 12481 1409 290
8148+bno7 3684 15896 121 11142 6363 12481 763 290
4350+bno7 3684 16066 121 9022 11142 16064 290 763
4350+bno7 3684 16066 121 9022 11142 16064 1409 763
8148+bno7 3684 1667 121 11142 8193 5583 763 290
8148+bno7 3684 1667 121 11142 8193 5583 763 1409
8148+bno7 3684 17160 121 11142 11071 10076 290 1409
8148+bno7 3684 17160 121 11142 11071 10076 763 1409
9456+bno6 3684 17482 121 11142 13972 1149 290 1409
9456+bno6 3684 17482 121 11142 13972 1149 763 1409
4350+bno7 3684 17880 121 2035 11142 17878 763 290
4350+bno7 3684 17880 121 2035 11142 17878 763 1409
4350+bno7 3684 18025 121 11260 11142 18012 1409 290
4350+bno7 3684 18025 121 11260 11142 18012 1409 763
8927+bno0 18163 121 7507 3684 1409 290 18168 11142
8927+bno0 18163 121 7507 3684 763 290 18168 11142
8942+bno1 19265 11142 422 3684 1409 290 18313 121
8942+bno1 19265 11142 422 3684 763 290 18313 121
8148+bno7 3684 18435 121 11142 29374 766 763 290
8148+bno7 3684 18435 121 11142 29374 766 763 1409
9452+bno6 3684 18725 121 11142 430 1149 290 763
9452+bno6 3684 18725 121 11142 430 1149 1409 763
8942+bno0 19265 11142 422 3684 1409 290 18313 121
8942+bno0 19265 11142 422 3684 763 290 18313 121
4350+bno7 3684 19282 11142 9947 121 14895 763 290
4350+bno7 3684 19282 11142 9947 121 14895 763 1409
8326+bno7 3684 19341 121 11142 1184 1409 290 8430
8326+bno7 3684 19341 121 11142 1184 763 290 8430
4350+bno7 3684 19506 121 10265 11142 13360 290 763
4350+bno7 3684 19506 121 10265 11142 13360 1409 763
4350+bno7 3684 19927 121 9022 11142 20507 290 763
4350+bno7 3684 19927 121 9022 11142 20507 1409 763
9452+bno7 3684 20015 121 11142 19493 290 1409 763
9452+bno6 3684 20015 121 11142 19493 290 297 763
9452+bno6 3684 20015 121 11142 19493 1149 1409 763
4350+bno7 3684 17528 121 972 11142 20073 1409 290
4350+bno7 3684 17528 121 972 11142 20073 763 290
10128+bno0 21024 3684 121 11142 1409 290 22971 763
10128+bno0 21024 3684 121 11142 1149 290 22971 763
10128+bno0 21024 3684 121 11142 297 290 22971 763
10129+bno0 21532 3684 121 11142 1149 290 7333 763
10129+bno0 21532 3684 121 11142 297 290 7333 763
10129+bno0 21532 3684 121 11142 1149 1409 7333 763
10129+bno0 21532 3684 121 11142 297 1409 7333 763
8148+bno7 3684 20099 121 11142 22024 7378 290 763
8148+bno7 3684 20099 121 11142 22024 7378 1409 763
8148+bno7 3684 22150 121 11142 21399 3568 763 290
8148+bno7 3684 22150 121 11142 21399 3568 763 1409
5092+bno7 3684 121 22572 9022 23812 11142 290 763
5092+bno7 3684 121 22572 9022 23812 11142 1409 763
10129+bno0 22608 3684 121 11142 290 1409 4558 297
10129+bno0 22608 3684 121 11142 763 1409 4558 297
8148+bno7 3684 23021 121 11142 23018 9924 1409 290
8148+bno7 3684 23021 121 11142 23018 9924 763 290
9384+bno7 3684 23114 121 11142 18030 763 290 6153
9384+bno7 3684 23114 121 11142 18030 763 1409 6153
10129+bno0 23529 3684 121 11142 1149 290 22051 763
10129+bno0 23529 3684 121 11142 1149 1409 22051 763
8148+bno7 3684 20507 121 11142 24938 3568 763 290
8148+bno7 3684 20507 121 11142 24938 3568 763 1409
4350+bno7 3684 24980 11142 1310 121 24978 763 290
4350+bno7 3684 24980 11142 1310 121 24978 763 1409
4350+bno7 3684 24980 11142 18238 121 24978 763 290
4350+bno7 3684 24980 11142 18238 121 24978 763 1409
8148+bno7 3684 25050 121 11142 24848 1898 1409 290
8148+bno7 3684 25050 121 11142 24848 1898 763 290
9452+bno6 3684 2512 121 11142 960 1409 290 1149
9452+bno6 3684 2512 121 11142 960 1409 763 1149
10129+bno0 2513 3684 121 11142 297 1409 12705 290
10129+bno0 2513 3684 121 11142 297 763 12705 290
4350+bno7 3684 25244 11142 13265 121 25101 290 1409
4350+bno7 3684 25244 11142 13265 121 25101 763 1409
8148+bno7 3684 25387 121 11142 6999 1898 1409 290
8148+bno7 3684 25387 121 11142 6999 1898 763 290
8196+bno7 3684 5831 11142 121 25983 4177 290 763
8196+bno7 3684 5831 11142 121 25983 4177 1409 763
9452+bno7 3684 26097 121 11142 11841 1409 290 763
9452+bno6 3684 26097 121 11142 11841 1409 290 763
9452+bno6 3684 26097 121 11142 11841 1149 290 763
9452+bno6 3684 26097 121 11142 11841 297 290 763
9456+bno6 3684 26336 11142 121 4528 297 290 1409
9456+bno6 3684 26336 11142 121 4528 297 763 1409
9456+bno6 3684 26595 121 11142 14447 297 1409 290
9456+bno6 3684 26595 121 11142 14447 297 763 290
4350+bno7 3684 26644 11142 1688 121 26600 290 1409
4350+bno7 3684 26644 11142 1688 121 26600 290 763
4350+bno7 3684 26694 121 9022 11142 20507 290 763
4350+bno7 3684 26694 121 9022 11142 20507 1409 763
4350+bno7 3684 26776 121 44243 11142 2293 290 763
4350+bno7 3684 26776 121 44243 11142 2293 1409 763
8148+bno7 3684 27297 121 11142 25184 3568 763 290
8148+bno7 3684 27297 121 11142 25184 3568 763 1409
9452+bno7 3684 27571 121 11142 23408 763 290 1409
9452+bno6 3684 27571 121 11142 23408 1149 290 1409
9452+bno6 3684 27571 121 11142 23408 763 297 1409
8148+bno7 3684 27576 121 11142 22468 9025 763 290
8148+bno7 3684 27576 121 11142 22468 9025 763 1409
4350+bno7 3684 27704 121 11100 11142 30530 763 290
4350+bno7 3684 27704 121 11100 11142 30530 763 1409
4350+bno7 3684 28192 11142 14672 121 27564 1409 290
4350+bno7 3684 28192 11142 14672 121 27564 763 290
8196+bno7 3684 29245 121 11142 24179 2554 290 763
8196+bno7 3684 29245 121 11142 24179 2554 1409 763
8180+bno7 3684 29341 121 11142 25590 613 290 1409
8180+bno7 3684 29341 121 11142 25590 613 763 1409
4350+bno7 3684 29353 121 6494 11142 29340 290 1409
4350+bno7 3684 29353 121 6494 11142 29340 763 1409
10129+bno0 2971 3684 121 11142 1409 1149 2264 290
10129+bno0 2971 3684 121 11142 763 1149 2264 290
8148+bno7 3684 2988 11142 121 56 913 763 290
8148+bno7 3684 2988 11142 121 56 913 763 1409
4350+bno7 3684 30926 121 1061 11142 29968 763 290
4350+bno7 3684 30926 121 1061 11142 29968 763 1409
8148+bno7 3684 30016 121 11142 26892 10076 290 1409
8148+bno7 3684 30016 121 11142 26892 10076 763 1409
4350+bno7 3684 30090 121 11054 11142 30060 1409 290
4350+bno7 3684 30090 121 11054 11142 30060 763 290
4350+bno7 3684 30717 11142 5259 121 23917 290 1409
4350+bno7 3684 30717 11142 5259 121 23917 763 1409
9456+bno7 3684 31092 11142 121 1688 290 763 1409
9456+bno6 3684 31092 11142 121 1688 1149 763 1409
9456+bno6 3684 31092 11142 121 1688 297 763 1409
10467+bno7 3684 11142 3810 6908 121 763 290 766
10467+bno7 3684 11142 3810 6908 121 763 1409 766
8148+bno7 3684 3843 11142 121 3649 3545 763 290
8148+bno7 3684 3843 11142 121 3649 3545 763 1409
4350+bno7 3684 5090 121 1233 11142 5144 763 290
4350+bno7 3684 5090 121 1233 11142 5144 763 1409
9456+bno6 3684 5113 11142 121 7 290 1409 297
9456+bno6 3684 5113 11142 121 7 763 1409 297
4350+bno7 3684 6863 11142 3927 121 5198 763 290
4350+bno7 3684 6863 11142 3927 121 5198 763 1409
10128+bno0 5220 3684 121 11142 1409 290 5229 763
10128+bno0 5220 3684 121 11142 1149 290 5229 763
10128+bno0 5220 3684 121 11142 1409 297 5229 763
9456+bno6 3684 5396 11142 121 3927 763 290 1149
9456+bno6 3684 5396 11142 121 3927 763 1409 1149
4350+bno7 3684 7518 11142 3995 121 5715 290 763
4350+bno7 3684 7518 11142 3995 121 5715 1409 763
10129+bno0 5718 3684 11142 121 1409 290 2620 1149
10129+bno0 5718 3684 11142 121 763 290 2620 1149
9456+bno6 3684 6021 11142 121 4198 1409 1149 290
9456+bno6 3684 6021 11142 121 4198 1409 297 290
9456+bno6 3684 6021 11142 121 4198 763 1149 290
9456+bno6 3684 6021 11142 121 4198 763 297 290
9456+bno6 3684 6135 11142 121 3927 763 290 1149
9456+bno6 3684 6135 11142 121 3927 763 1409 1149
8148+bno7 3684 6300 121 11142 7641 766 763 290
8148+bno7 3684 6300 121 11142 7641 766 763 1409
4350+bno7 3684 6327 121 1061 11142 6326 763 290
4350+bno7 3684 6327 121 1061 11142 6326 763 1409
9456+bno7 3684 6353 11142 121 321 763 290 1409
9456+bno6 3684 6353 11142 121 321 763 290 1409
9456+bno6 3684 6353 11142 121 321 763 1149 1409
9456+bno6 3684 6353 11142 121 321 763 297 1409
8148+bno7 3684 6459 121 11142 6398 4953 763 290
8148+bno7 3684 6459 121 11142 6398 4953 763 1409
4350+bno7 3684 6483 11142 6522 121 6476 290 763
4350+bno7 3684 6483 11142 6522 121 6476 1409 763
8180+bno7 3684 6831 11142 121 6349 3546 290 1409
8180+bno7 3684 6831 11142 121 6349 3546 763 1409
10129+bno0 8395 3684 121 11142 1409 290 1044 763
10129+bno0 8395 3684 121 11142 1409 1149 1044 763
10129+bno0 8395 3684 121 11142 1409 297 1044 763
10129+bno0 8549 3684 121 11142 763 1409 3041 290
10129+bno0 8549 3684 121 11142 763 1149 3041 290
10129+bno0 8549 3684 121 11142 763 297 3041 290
9384+bno7 3684 8846 11142 121 6084 763 290 1464
9384+bno7 3684 8846 11142 121 6084 763 1409 1464
3783+bno1 24033 8391 11142 3684 290 763 7936 8969
3783+bno1 24033 8391 11142 3684 1409 763 7936 8969
10129+bno0 9066 3684 11142 121 297 290 1587 763
10129+bno0 9066 3684 11142 121 297 1409 1587 763
4350+bno7 3684 10977 121 972 11142 9094 1409 290
4350+bno7 3684 10977 121 972 11142 9094 763 290
4350+bno7 3684 9156 121 23408 11142 24542 1409 290
4350+bno7 3684 9156 121 23408 11142 24542 763 290
4350+bno7 3684 9172 11142 5094 121 9202 763 290
4350+bno7 3684 9172 11142 5094 121 9202 763 1409
10129+bno0 938 3684 11142 121 1409 1149 1407 290
10129+bno0 938 3684 11142 121 1409 297 1407 290
10129+bno0 938 3684 11142 121 763 1149 1407 290
10129+bno0 938 3684 11142 121 763 297 1407 290
8148+bno7 3684 97 11142 121 9582 8676 1409 290
8148+bno7 3684 97 11142 121 9582 8676 1409 763
10388+bno4 11142 3684 9732 4019 8676 1409 763 290
8324+bno7 3684 9732 11142 121 4019 1409 290 8676
8326+bno7 3684 9732 11142 121 4019 763 290 8676
10388+bno5 11142 3684 9732 4019 8676 1409 763 290
10388+bno6 11142 3684 9732 4019 8676 1409 763 290
4350+bno7 3684 9952 121 2029 11142 9913 290 763
4350+bno7 3684 9952 121 2029 11142 9913 1409 763
4476+bno7 3684 10223 11142 6651 121 8294 290 763
4476+bno7 3684 10223 11142 6651 121 8294 1409 763
8148+bno7 3684 10711 11142 121 5611 8676 1409 290
8148+bno7 3684 10711 11142 121 5611 8676 1409 763
4350+bno7 3684 10711 121 972 11142 5611 1409 290
4350+bno7 3684 10711 121 972 11142 5611 763 290
8180+bno7 3684 10724 121 11142 22669 6794 290 1409
8180+bno7 3684 10724 121 11142 22669 6794 763 1409
4350+bno7 3684 10761 11142 3927 121 2023 763 290
4350+bno7 3684 10761 11142 3927 121 2023 763 1409
8180+bno7 3684 11216 121 11142 9471 613 1409 290
8180+bno7 3684 11216 121 11142 9471 613 763 290
8148+bno7 3684 11527 121 11142 9271 10076 290 1409
8148+bno7 3684 11527 121 11142 9271 10076 763 1409
4350+bno7 3684 11528 121 4054 11142 18450 290 1409
4350+bno7 3684 11528 121 4054 11142 18450 763 1409
4350+bno7 3684 12041 121 972 11142 12699 1409 290
4350+bno7 3684 12041 121 972 11142 12699 763 290
8148+bno7 3684 12292 121 11142 1937 10076 290 1409
8148+bno7 3684 12292 121 11142 1937 10076 763 1409
8148+bno7 3684 12840 121 11142 12761 3996 763 290
8148+bno7 3684 12840 121 11142 12761 3996 763 1409
8180+bno7 3684 13611 121 11142 13608 8430 290 763
8180+bno7 3684 13611 121 11142 13608 8430 1409 763
4350+bno7 3684 13627 121 6451 11142 13607 763 290
4350+bno7 3684 13627 121 6451 11142 13607 763 1409
8148+bno7 3684 13663 121 11142 13413 1898 1409 290
8148+bno7 3684 13663 121 11142 13413 1898 763 290
8148+bno7 3684 14056 121 11142 14053 10076 290 1409
8148+bno7 3684 14056 121 11142 14053 10076 763 1409
8148+bno7 3684 14492 121 11142 16155 1898 1409 290
8148+bno7 3684 14492 121 11142 16155 1898 763 290
8148+bno7 3684 14546 121 11142 14541 10076 290 1409
8148+bno7 3684 14546 121 11142 14541 10076 763 1409
8148+bno7 3684 14664 121 11142 14663 1898 1409 290
8148+bno7 3684 14664 121 11142 14663 1898 763 290
4350+bno7 3684 14711 121 6494 11142 14593 290 1409
4350+bno7 3684 14711 121 6494 11142 14593 763 1409
4350+bno7 3684 15239 121 2621 11142 3045 1409 290
4350+bno7 3684 15239 121 2621 11142 3045 763 290
4350+bno7 3684 15254 11142 7666 121 14916 763 290
4350+bno7 3684 15254 11142 7666 121 14916 763 1409
4350+bno7 3684 15422 121 6451 11142 13607 763 290
4350+bno7 3684 15422 121 6451 11142 13607 763 1409
4350+bno7 3684 15573 11142 582 121 11745 763 290
4350+bno7 3684 15573 11142 582 121 11745 763 1409
4350+bno7 3684 15688 121 1061 11142 15555 763 290
4350+bno7 3684 15688 121 1061 11142 15555 763 1409
8180+bno7 3684 16124 121 11142 2714 6794 1409 290
8180+bno7 3684 16124 121 11142 2714 6794 763 290
4350+bno7 3684 16180 121 972 11142 4718 1409 290
4350+bno7 3684 16180 121 972 11142 4718 763 290
4350+bno7 3684 16591 121 15155 11142 19447 1409 290
4350+bno7 3684 16591 121 15155 11142 19447 763 290
8148+bno7 3684 16689 11142 121 16673 2481 1409 290
8148+bno7 3684 16689 11142 121 16673 2481 763 290
4350+bno7 3684 16717 121 8755 11142 8855 290 763
4350+bno7 3684 16717 121 8755 11142 8855 1409 763
8148+bno7 3684 17104 121 11142 17069 6871 763 290
8148+bno7 3684 17104 121 11142 17069 6871 763 1409
8148+bno7 3684 17104 11142 121 17069 7392 1409 290
8148+bno7 3684 17104 11142 121 17069 7392 1409 763
8180+bno7 3684 17217 121 11142 15280 8430 1409 290
8180+bno7 3684 17217 121 11142 15280 8430 763 290
4350+bno7 3684 17358 121 1233 11142 5144 763 290
4350+bno7 3684 17358 121 1233 11142 5144 763 1409
8148+bno7 3684 17458 121 11142 1055 10076 290 1409
8148+bno7 3684 17458 121 11142 1055 10076 763 1409
4476+bno7 3684 17497 11142 2874 121 17495 290 763
4476+bno7 3684 17497 11142 2874 121 17495 1409 763
8148+bno7 3684 17502 121 11142 17452 12481 1409 290
8148+bno7 3684 17502 121 11142 17452 12481 763 290
8148+bno7 3684 17721 121 11142 10646 10076 290 1409
8148+bno7 3684 17721 121 11142 10646 10076 763 1409
4350+bno7 3684 18082 11142 3927 121 6074 763 290
4350+bno7 3684 18082 11142 3927 121 6074 763 1409
8148+bno7 3684 18332 121 11142 19011 1898 1409 290
8148+bno7 3684 18332 121 11142 19011 1898 763 290
4350+bno7 3684 18579 11142 1310 121 18534 763 290
4350+bno7 3684 18579 11142 1310 121 18534 763 1409
4350+bno7 3684 18596 11142 404 121 660 763 290
4350+bno7 3684 18596 11142 404 121 660 763 1409
8148+bno7 3684 18996 121 11142 18995 7206 763 290
8148+bno7 3684 18996 121 11142 18995 7206 763 1409
8148+bno7 3684 19191 121 11142 10331 9716 1409 290
8148+bno7 3684 19191 121 11142 10331 9716 763 290
4350+bno7 3684 19199 121 9022 11142 14961 290 763
4350+bno7 3684 19199 121 9022 11142 14961 1409 763
8148+bno7 3684 19338 121 11142 1763 1044 1409 290
8148+bno7 3684 19338 121 11142 1763 1044 1409 763
4350+bno7 3684 19909 121 2621 11142 2074 1409 290
4350+bno7 3684 19909 121 2621 11142 2074 763 290
8529+bno0 20037 121 3684 9025 11142 763 290 11124
8529+bno0 20037 121 3684 9025 11142 763 1409 11124
4350+bno7 3684 20070 11142 35833 121 19076 290 763
4350+bno7 3684 20070 11142 35833 121 19076 1409 763
8868+bno0 2019 11142 8676 3684 1409 290 763 11630
8148+bno7 3684 2019 11142 121 11630 8676 1409 290
8180+bno7 3684 2019 11142 121 11630 8676 290 763
8150+bno7 3684 2019 11142 121 11630 8676 1409 763
8148+bno7 3684 2026 121 11142 13874 10076 290 1409
8148+bno7 3684 2026 121 11142 13874 10076 763 1409
4350+bno7 3684 20726 121 8755 11142 8855 290 763
4350+bno7 3684 20726 121 8755 11142 8855 1409 763
8148+bno7 3684 20931 121 11142 17599 9025 763 290
8148+bno7 3684 20931 121 11142 17599 9025 763 1409
8148+bno7 3684 2112 11142 121 1369 8676 1409 290
8148+bno7 3684 2112 11142 121 1369 8676 1409 763
4350+bno7 3684 22023 121 10696 11142 19637 763 290
4350+bno7 3684 22023 121 10696 11142 19637 763 1409
8148+bno7 3684 22098 121 11142 13038 3401 290 1409
8148+bno7 3684 22098 121 11142 13038 3401 763 1409
8148+bno7 3684 22451 121 11142 20325 5091 1409 290
8148+bno7 3684 22451 121 11142 20325 5091 763 290
4350+bno7 3684 22490 121 7294 11142 11046 290 763
4350+bno7 3684 22490 121 7294 11142 11046 1409 763
8529+bno0 22510 121 3684 5340 11142 763 290 22501
8529+bno0 22510 121 3684 5340 11142 763 1409 22501
1790+bno0 22630 15750 15708 763 290 391 1409 15746
1790+bno0 22630 15750 15708 763 11142 391 1409 15746
9384+bno7 3684 22969 121 11142 19510 290 763 13650
9384+bno7 3684 22969 121 11142 19510 1409 763 13650
4350+bno7 3684 2322 11142 1590 121 1761 1409 290
4350+bno7 3684 2322 11142 1590 121 1761 1409 763
8180+bno7 3684 23272 121 11142 19516 613 290 1409
8180+bno7 3684 23272 121 11142 19516 613 763 1409
4350+bno7 3684 23797 121 8755 11142 8855 290 763
4350+bno7 3684 23797 121 8755 11142 8855 1409 763
9384+bno7 3684 23843 121 11142 13729 290 763 13650
9384+bno7 3684 23843 121 11142 13729 1409 763 13650
9384+bno7 3684 24024 121 11142 21785 1409 290 3402
9384+bno7 3684 24024 121 11142 21785 1409 763 3402
3783+bno0 24033 8391 11142 3684 290 763 7936 8969
3783+bno0 24033 8391 11142 3684 1409 763 7936 8969
8180+bno7 3684 24043 121 11142 24112 6794 290 763
8180+bno7 3684 24043 121 11142 24112 6794 1409 763
4350+bno7 3684 24139 121 23408 11142 22268 1409 290
4350+bno7 3684 24139 121 23408 11142 22268 763 290
4350+bno7 3684 24429 121 2621 11142 3045 1409 290
4350+bno7 3684 24429 121 2621 11142 3045 763 290
8148+bno7 3684 24618 11142 121 8515 8676 1409 290
8148+bno7 3684 24618 11142 121 8515 8676 1409 763
4350+bno7 3684 24618 121 972 11142 8515 1409 290
4350+bno7 3684 24618 121 972 11142 8515 763 290
8148+bno7 3684 24912 121 11142 21491 10076 290 1409
8148+bno7 3684 24912 121 11142 21491 10076 763 1409
4350+bno7 3684 24984 121 8755 11142 8855 290 763
4350+bno7 3684 24984 121 8755 11142 8855 1409 763
4350+bno7 3684 25004 121 11054 11142 24999 1409 290
4350+bno7 3684 25004 121 11054 11142 24999 763 290
4386+bno7 3684 2509 11142 577 121 2474 763 290
4386+bno7 3684 2509 11142 577 121 2474 763 1409
8148+bno7 3684 25258 121 11142 12774 12617 763 290
8148+bno7 3684 25258 121 11142 12774 12617 763 1409
4350+bno7 3684 25325 121 11054 11142 24999 1409 290
4350+bno7 3684 25325 121 11054 11142 24999 763 290
8148+bno7 3684 25552 11142 121 25484 4428 290 1409
8148+bno7 3684 25552 11142 121 25484 4428 763 1409
4350+bno7 3684 26137 121 6494 11142 23016 290 1409
4350+bno7 3684 26137 121 6494 11142 23016 763 1409
8148+bno7 3684 26152 121 11142 25665 14497 290 1409
8150+bno7 3684 26152 121 11142 25665 14497 290 763
8180+bno7 3684 26152 121 11142 25665 14497 1409 763
8868+bno0 26152 121 14497 3684 290 1409 763 25665
4350+bno7 3684 26380 121 23408 11142 26812 1409 290
4350+bno7 3684 26380 121 23408 11142 26812 763 290
8148+bno7 3684 27049 121 11142 27042 9025 763 290
8148+bno7 3684 27049 121 11142 27042 9025 763 1409
4350+bno7 3684 27144 121 2621 11142 3268 1409 290
4350+bno7 3684 27144 121 2621 11142 3268 763 290
9384+bno7 3684 27659 121 11142 22237 290 763 13650
9384+bno7 3684 27659 121 11142 22237 1409 763 13650
4350+bno7 3684 27716 121 8379 11142 12565 290 763
4350+bno7 3684 27716 121 8379 11142 12565 1409 763
4350+bno7 3684 27740 121 11100 11142 27729 763 290
4350+bno7 3684 27740 121 11100 11142 27729 763 1409
4350+bno7 3684 27957 121 11054 11142 24119 1409 290
4350+bno7 3684 27957 121 11054 11142 24119 763 290
4350+bno7 3684 28049 121 2621 11142 3268 1409 290
4350+bno7 3684 28049 121 2621 11142 3268 763 290
4350+bno7 3684 28069 121 3521 11142 28068 290 1409
4350+bno7 3684 28069 121 3521 11142 28068 763 1409
4350+bno7 3684 28200 11142 13265 121 28151 290 1409
4350+bno7 3684 28200 11142 13265 121 28151 763 1409
8148+bno7 3684 29315 11142 121 29309 4428 290 1409
8148+bno7 3684 29315 11142 121 29309 4428 763 1409
8148+bno7 3684 29600 121 11142 29587 9025 763 290
8148+bno7 3684 29600 121 11142 29587 9025 763 1409
4664+bno0 29797 3684 27933 11142 121 1409 290 29784
4664+bno0 29797 3684 27933 11142 121 763 290 29784
8148+bno7 3684 29828 121 11142 7035 3996 763 290
8148+bno7 3684 29828 121 11142 7035 3996 763 1409
4350+bno7 3684 30119 121 11054 11142 30060 1409 290
4350+bno7 3684 30119 121 11054 11142 30060 763 290
8148+bno7 3684 30334 121 11142 15970 14497 290 1409
8148+bno7 3684 30334 121 11142 15970 14497 290 763
8148+bno7 3684 30380 121 11142 10646 10076 290 1409
8148+bno7 3684 30380 121 11142 10646 10076 763 1409
8180+bno7 3684 30750 11142 121 10046 4177 290 763
8180+bno7 3684 30750 11142 121 10046 4177 1409 763
4350+bno7 3684 31009 11142 1310 121 27140 763 290
4350+bno7 3684 31009 11142 1310 121 27140 763 1409
8148+bno7 3684 3842 11142 121 1369 8676 1409 290
8148+bno7 3684 3842 11142 121 1369 8676 1409 763
8148+bno7 3684 4300 121 11142 4268 955 290 1409
8148+bno7 3684 4300 121 11142 4268 955 290 763
8148+bno7 3684 5461 121 11142 1627 3996 763 290
8148+bno7 3684 5461 121 11142 1627 3996 763 1409
8178+bno7 3684 5653 121 11142 5646 4953 290 763
8178+bno7 3684 5653 121 11142 5646 4953 1409 763
8148+bno7 3684 5683 121 11142 4990 4953 763 290
8148+bno7 3684 5683 121 11142 4990 4953 763 1409
8180+bno7 3684 6369 121 11142 6343 5340 290 1409
8148+bno7 3684 6369 121 11142 6343 5340 763 290
8868+bno0 6369 121 5340 3684 763 290 1409 6343
8150+bno7 3684 6369 121 11142 6343 5340 763 1409
8148+bno7 3684 6418 121 11142 6398 4953 763 290
8148+bno7 3684 6418 121 11142 6398 4953 763 1409
4350+bno7 3684 6475 121 3521 11142 6433 290 1409
4350+bno7 3684 6475 121 3521 11142 6433 763 1409
4350+bno7 3684 6935 11142 184 121 1938 763 290
4350+bno7 3684 6935 11142 184 121 1938 763 1409
4350+bno7 3684 6975 11142 3329 121 6966 1409 290
4350+bno7 3684 6975 11142 3329 121 6966 763 290
4350+bno7 3684 7071 121 3521 11142 7049 290 1409
4350+bno7 3684 7071 121 3521 11142 7049 763 1409
4350+bno7 3684 7129 121 3521 11142 7101 290 1409
4350+bno7 3684 7129 121 3521 11142 7101 763 1409
8148+bno7 3684 7993 121 11142 7428 1898 1409 290
8148+bno7 3684 7993 121 11142 7428 1898 763 290
4350+bno7 3684 8030 121 3521 11142 7049 290 1409
4350+bno7 3684 8030 121 3521 11142 7049 763 1409
8148+bno7 3684 8592 11142 121 5363 1096 1409 290
8148+bno7 3684 8592 11142 121 5363 1096 1409 763
4350+bno7 3684 8618 11142 7442 121 1075 1409 290
4350+bno7 3684 8618 11142 7442 121 1075 763 290
2420+bno0 8941 1223 3684 121 11142 763 290 11800
2420+bno0 8941 1223 3684 121 11142 763 1409 11800
8148+bno7 3684 9006 121 11142 8275 1715 1409 290
8148+bno7 3684 9006 121 11142 8275 1715 763 290
