10699+bno7 90 607 951 772 159 334 120 214
9841+bno1 700 90 951 772 120 214 159 334
10583+bno7 90 772 700 607 159 120 214 890
8822+bno0 2 159 90 120 951 214 772 502
10338+bno1 362 90 159 772 214 586 120 61
11870+bno7 90 772 607 159 746 120 214 334
9676+bno7 90 267 607 159 772 214 120 316
9281+bno4 159 2 90 120 75 214 772 334
11870+bno7 90 772 607 159 193 120 214 334
10605+bno1 362 90 159 772 214 120 280 61
9698+bno1 2 120 159 214 90 32 772 334
12292+bno7 90 159 951 772 120 61 214 633
8550+bno0 744 159 120 90 214 772 61 428
10338+bno0 782 90 159 772 214 586 120 61
10409+bno6 120 214 696 700 159 90 890 772
11817+bno2 607 90 951 832 159 746 120 214
12275+bno7 90 159 772 951 120 168 334 214
9281+bno4 159 2 90 120 231 214 772 334
10704+bno7 90 630 159 772 951 120 214 718
10694+bno7 90 607 752 772 159 214 120 316
9698+bno1 2 120 159 214 90 891 772 61
9676+bno7 90 362 772 159 724 214 120 61
10490+bno6 120 214 700 638 159 772 90 334
10652+bno0 122 120 159 214 951 90 772 502
8542+bno0 410 159 120 90 214 772 334 696
8532+bno0 585 159 90 120 772 214 334 528
9608+bno6 120 184 214 159 506 772 334 90
8216+bno6 120 790 159 214 863 90 772 586
11791+bno7 90 607 772 159 245 120 890 214
10704+bno7 90 684 159 951 772 120 214 718
12291+bno7 90 159 951 772 120 415 214 769
12202+bno4 159 862 90 120 951 214 772 915
11159+bno1 700 120 214 772 90 112 159 334
8822+bno0 229 159 90 120 772 214 586 61
8552+bno0 249 159 120 90 214 772 61 32
7352+bno6 120 214 2 322 638 159 90 61
11870+bno7 90 607 772 159 443 120 214 334
7068+bno1 2 159 120 90 890 214 951 789
4247+bno0 1004 120 700 214 159 90 61 977
8785+bno1 2 159 90 120 607 214 772 142
8821+bno0 332 159 90 120 772 214 951 316
9380+bno2 362 159 24 90 214 207 120 61
9268+bno1 700 362 214 90 120 159 335 61
11870+bno7 90 772 607 159 425 120 214 334
11870+bno7 90 772 607 159 671 120 214 334
11668+bno7 90 772 607 159 586 472 120 214
6913+bno6 120 214 532 14 506 159 334 90
8170+bno6 120 790 159 214 516 90 772 502
9767+bno1 2 159 120 90 214 772 662 61
12202+bno4 159 338 90 120 772 214 951 609
10647+bno1 383 90 159 772 214 120 547 334
12291+bno7 90 159 951 772 120 334 214 693
10605+bno1 362 90 159 772 214 120 857 61
3781+bno7 90 990 607 772 159 586 267 214
9700+bno0 367 90 159 772 120 951 214 178
8734+bno0 510 159 90 120 951 214 329 692
8532+bno0 921 159 90 120 772 214 334 528
12275+bno7 90 159 772 951 120 324 334 214
12202+bno4 159 980 90 120 951 214 772 718
9047+bno1 267 159 90 890 951 214 294 120
9762+bno7 90 614 607 159 772 120 193 214
10704+bno7 90 614 159 951 772 120 214 53
10304+bno6 120 881 159 214 738 772 90 890
11676+bno7 90 772 607 159 586 940 120 214
12049+bno4 159 30 91 120 90 214 772 61
10338+bno0 333 90 159 951 214 772 120 178
10613+bno1 383 90 772 159 214 469 120 334
10066+bno0 541 120 159 214 772 718 977 90
12291+bno7 90 159 951 772 120 334 214 663
12202+bno4 159 136 90 120 951 214 772 915
9438+bno7 90 196 159 772 75 214 334 120
9280+bno1 700 362 214 90 120 159 4 61
8822+bno0 605 159 90 120 772 214 951 178
8530+bno0 840 159 90 120 772 214 334 231
8530+bno0 849 159 90 120 772 214 334 231
8699+bno0 849 159 90 120 772 214 890 752
2330+bno0 153 362 90 159 772 214 120 891
1894+bno0 424 2 159 120 90 214 61 630
6955+bno6 120 214 509 2 638 159 61 90
8794+bno0 762 159 90 120 772 214 607 629
10115+bno0 256 120 159 214 772 61 90 948
10571+bno1 383 90 159 772 214 996 120 334
10640+bno0 281 120 159 214 607 90 772 586
11776+bno4 159 31 120 90 772 214 951 316
10338+bno0 364 90 159 951 214 772 120 189
8794+bno0 483 159 90 120 772 214 607 316
10066+bno0 644 120 159 214 772 718 977 90
9110+bno0 422 159 120 890 214 772 90 32
9668+bno6 120 5 214 159 506 772 90 890
11558+bno0 844 90 772 120 61 159 193 214
8170+bno6 120 744 159 214 939 90 772 356
8822+bno0 150 159 90 120 951 214 772 178
8794+bno0 150 159 90 120 607 214 772 415
12226+bno4 159 90 161 120 772 951 214 135
11668+bno7 90 772 607 159 586 712 120 214
8267+bno0 936 120 214 159 91 832 90 951
11607+bno7 90 577 772 159 951 120 546 214
12292+bno7 90 159 951 772 120 334 214 807
10582+bno7 90 772 700 607 159 120 214 870
10605+bno1 362 90 159 772 214 120 141 61
8168+bno6 120 337 159 214 164 90 772 586
6948+bno6 120 214 654 1001 506 159 607 90
12292+bno7 90 159 772 951 120 703 214 135
10651+bno0 885 120 159 214 772 90 951 356
10115+bno0 482 120 159 214 772 334 90 245
8668+bno0 599 159 120 90 214 772 91 29
10337+bno0 880 90 159 772 214 951 120 692
8822+bno0 969 159 90 120 951 214 772 178
7363+bno2 362 90 369 159 951 214 120 168
6272+bno6 120 159 402 744 509 214 90 356
12202+bno4 159 573 90 120 951 214 772 416
7090+bno0 582 159 90 120 890 772 214 540
6510+bno0 582 159 120 91 90 214 951 832
8822+bno0 78 159 90 120 772 214 951 731
9442+bno6 120 103 214 159 322 772 534 90
4247+bno0 149 120 700 214 159 90 61 977
8170+bno6 120 790 159 214 260 90 772 502
7090+bno0 264 159 90 120 890 772 214 540
8822+bno0 399 159 90 120 772 214 951 612
7904+bno0 650 120 159 214 91 607 184 90
6659+bno0 956 362 159 214 951 120 90 168
8924+bno0 988 159 120 90 214 334 782 700
4382+bno6 120 447 214 506 159 790 61 90
11841+bno6 120 493 214 159 772 90 280 951
8174+bno6 120 907 159 214 184 90 772 718
10640+bno0 101 120 159 214 951 90 607 724
10605+bno1 362 90 159 772 214 120 371 61
11777+bno4 159 518 120 90 772 214 951 53
10636+bno0 522 90 159 772 214 120 746 61
10652+bno0 538 120 159 214 772 90 951 239
6691+bno4 159 710 120 90 280 249 214 607
8170+bno6 120 277 159 214 73 90 772 53
8550+bno0 795 159 120 90 214 772 61 428
4413+bno1 2 159 362 90 120 214 812 61
1680+bno0 950 700 362 214 90 120 607 423
8821+bno0 552 159 90 120 772 214 951 160
10121+bno0 592 90 159 772 214 61 120 746
8150+bno6 120 532 159 214 657 90 772 178
10636+bno1 362 90 159 772 214 120 802 61
3175+bno5 214 2 120 207 847 267 90 61
4381+bno6 120 175 214 506 159 1004 607 90
11430+bno6 120 214 832 42 159 91 772 90
2330+bno0 111 362 90 159 951 214 120 168
11802+bno7 90 772 607 159 413 120 214 415
11777+bno4 159 628 120 90 951 214 772 502
12292+bno7 90 159 951 772 120 841 214 923
8822+bno0 855 159 90 120 772 214 951 720
8983+bno0 918 159 120 90 214 61 362 854
3566+bno2 790 634 214 120 951 90 91 509
2295+bno7 90 971 951 607 700 159 630 214
10419+bno0 114 120 159 214 772 977 90 718
8542+bno0 181 159 120 90 214 772 334 696
8378+bno6 120 1001 159 214 199 772 923 90
8075+bno4 159 90 318 458 120 772 214 135
7433+bno0 458 159 90 120 91 772 214 704
9138+bno0 685 159 120 90 214 61 280 772
8170+bno6 120 249 159 214 767 90 772 189
8530+bno0 873 159 90 120 772 214 334 231
9262+bno6 120 214 228 506 159 362 951 90
8556+bno0 314 159 120 90 214 772 61 693
10652+bno0 479 120 159 214 772 90 951 718
1888+bno0 514 744 120 159 214 90 915 509
8174+bno6 120 622 159 214 939 90 772 534
2330+bno0 846 362 90 159 772 214 120 891
9482+bno2 700 214 952 120 90 267 61 159
8150+bno6 120 410 159 214 976 90 772 178
1888+bno1 510 744 120 159 214 90 356 125
8834+bno0 176 159 120 90 214 772 546 61
1680+bno0 275 700 362 214 90 120 607 423
8550+bno0 302 159 120 90 214 772 61 428
8809+bno1 744 159 120 90 214 772 321 356
8550+bno0 349 159 120 90 214 772 61 142
8834+bno0 349 159 120 90 214 772 200 316
8686+bno0 351 159 120 90 214 772 136 316
11187+bno0 407 90 772 120 214 159 951 127
7067+bno0 46 159 90 120 948 607 214 310
8740+bno6 120 214 790 700 159 551 90 61
11669+bno7 90 715 772 159 951 214 120 53
8172+bno7 90 759 159 951 362 120 214 166
2322+bno2 2 779 120 159 214 951 90 630
8686+bno0 806 159 120 90 214 772 136 316
8550+bno0 92 159 120 90 214 772 61 428
12226+bno4 159 90 993 120 951 772 214 135
11563+bno0 25 159 120 772 61 90 214 565
10337+bno0 326 90 159 951 214 772 120 692
8686+bno0 470 159 120 90 214 772 862 502
8556+bno0 571 159 90 120 772 214 61 935
8168+bno7 90 580 159 772 362 120 214 32
7068+bno0 641 159 120 90 890 214 951 789
8550+bno0 729 159 90 120 772 214 61 293
10338+bno0 754 90 159 951 214 772 120 742
1894+bno0 957 2 159 120 90 214 61 630
8810+bno0 99 159 120 90 214 772 0 178
8170+bno6 120 318 159 214 216 90 772 135
4381+bno6 120 55 214 506 159 249 607 90
11669+bno7 90 566 951 159 772 214 120 687
8150+bno6 120 686 159 214 184 90 772 718
8556+bno0 686 159 90 120 772 214 61 935
2330+bno0 740 362 90 159 772 214 120 891
9767+bno7 90 775 607 159 772 120 214 356
9762+bno7 90 775 607 159 772 120 746 214
6431+bno7 90 82 607 159 586 267 772 214
8686+bno0 929 159 120 90 214 772 862 502
8168+bno7 90 118 159 772 362 120 214 32
6913+bno6 120 214 532 270 506 159 334 90
9039+bno0 404 120 159 214 90 334 506 772
2330+bno0 477 362 90 159 951 214 120 324
4243+bno0 758 120 700 214 159 90 61 704
8724+bno6 120 214 867 700 159 29 90 61
9438+bno6 120 949 159 214 648 772 454 90
8184+bno6 120 159 132 1001 214 90 91 607
6635+bno4 159 337 120 90 91 132 214 607
1888+bno0 206 744 120 159 214 90 356 509
6948+bno6 120 214 418 1001 506 159 607 90
7068+bno0 432 159 120 90 890 214 951 789
8532+bno0 444 159 90 120 772 214 334 528
4412+bno0 557 362 159 90 214 120 951 168
8532+bno0 679 159 90 120 772 214 334 684
10642+bno0 682 120 159 214 607 90 772 783
7879+bno1 670 120 159 214 91 607 688 90
11568+bno7 90 711 772 696 159 214 120 61
8532+bno0 722 159 90 120 772 214 334 528
8550+bno0 723 159 120 90 214 772 239 558
6820+bno6 120 1001 159 214 692 733 951 90
9187+bno0 835 159 90 120 772 61 214 450
8659+bno0 933 159 120 90 214 772 91 577
8556+bno0 943 159 120 90 214 772 61 663
8172+bno6 120 337 159 214 113 90 772 586
6987+bno0 208 159 120 91 90 214 29 772
2330+bno0 64 362 90 159 951 214 120 324
8174+bno6 120 788 159 214 939 90 772 534
10121+bno0 808 120 159 214 772 61 90 693
2330+bno0 96 362 90 159 951 214 120 324
8594+bno0 98 159 120 90 214 772 134 454
11614+bno7 90 171 772 159 951 120 214 147
10488+bno0 268 90 159 772 214 946 120 454
11777+bno4 159 292 120 90 951 214 772 135
10652+bno0 317 120 159 214 772 90 951 306
3227+bno2 2 468 120 159 214 90 61 335
8091+bno4 159 120 603 323 90 214 343 951
8530+bno0 819 159 90 120 772 214 334 231
7070+bno0 374 159 120 90 890 214 951 771
4972+bno0 527 383 772 90 214 120 890 422
6913+bno6 120 214 643 541 506 159 334 90
8324+bno6 120 664 159 214 702 772 316 90
2330+bno0 750 362 90 159 772 214 120 891
9110+bno0 791 159 120 890 214 772 90 32
12226+bno4 159 90 8 120 951 772 214 633
8642+bno0 925 159 90 120 772 214 764 540
2330+bno0 995 362 90 159 772 214 120 891
9483+bno6 120 214 372 700 159 977 607 90
2331+bno0 376 362 90 159 951 214 120 143
4412+bno0 474 362 159 90 214 120 951 324
10642+bno0 649 120 159 214 607 90 951 343
8174+bno6 120 676 159 214 939 90 772 534
8550+bno0 697 159 120 90 214 772 415 784
4643+bno7 90 607 796 951 772 159 724 214
11558+bno0 910 159 120 772 61 90 214 193
8556+bno0 966 159 90 120 772 214 61 935
6692+bno6 120 979 159 214 32 921 90 951
8169+bno7 90 152 159 951 362 120 214 769
2315+bno2 2 186 120 159 214 607 90 112
10125+bno0 205 120 159 214 772 61 90 193
8222+bno6 120 368 159 214 103 90 951 343
4625+bno0 41 159 90 528 120 607 214 48
8530+bno0 41 159 120 90 214 772 765 48
10115+bno0 440 120 159 214 772 61 90 843
2295+bno7 90 631 951 607 700 159 630 214
2327+bno2 2 86 120 159 214 951 90 769
9453+bno0 898 159 120 890 214 335 90 951
10439+bno7 90 772 931 577 159 120 178 214
6694+bno6 120 934 159 214 32 410 90 951
4381+bno6 120 169 214 506 159 78 607 90
6909+bno6 120 214 225 184 700 159 61 90
11614+bno7 90 230 772 159 951 120 214 239
8536+bno0 285 159 120 90 214 772 61 926
9412+bno7 90 291 159 607 196 214 546 120
8324+bno7 90 291 159 772 196 214 629 120
8536+bno0 391 159 120 90 214 772 316 656
8793+bno0 401 159 90 120 607 214 772 940
8975+bno0 515 159 90 120 772 454 648 214
10652+bno0 613 120 159 214 951 90 772 502
4972+bno0 618 383 772 90 214 120 890 644
4325+bno6 120 402 214 322 159 69 90 534
11614+bno7 90 713 772 159 951 120 214 107
11472+bno2 362 159 90 763 214 120 61 854
7068+bno0 872 159 120 90 890 214 951 789
7067+bno0 1 159 90 120 948 607 214 310
4625+bno0 1000 159 90 528 120 607 214 48
8530+bno0 1000 159 120 90 214 772 765 48
9523+bno6 120 422 214 159 15 772 90 178
5161+bno6 120 214 15 506 837 159 334 90
8174+bno6 120 309 159 214 939 90 772 534
6696+bno6 120 355 159 214 168 347 90 607
8536+bno0 379 159 120 90 214 772 609 996
4212+bno2 2 194 120 214 90 159 951 769
6482+bno0 273 159 120 91 90 214 607 229
8556+bno0 626 159 90 120 772 214 61 703
8550+bno0 800 159 120 90 214 772 334 472
8174+bno7 90 828 159 772 804 120 214 850
9605+bno6 120 904 214 159 696 772 334 90
8150+bno6 120 224 159 214 976 90 772 178
11187+bno1 700 120 214 90 772 159 283 61
8150+bno6 120 304 159 214 317 90 772 517
5166+bno6 120 214 315 700 863 159 607 90
10084+bno0 320 120 159 214 772 334 980 90
4349+bno5 214 735 120 832 91 378 772 90
2874+bno3 700 214 120 735 378 90 977 607
8158+bno6 120 408 159 214 207 90 607 280
8150+bno7 90 429 159 772 196 120 214 416
6673+bno6 120 480 159 214 32 840 90 61
8185+bno6 120 523 159 214 104 948 607 90
8548+bno0 690 159 90 120 772 214 61 724
1854+bno0 699 790 159 120 90 214 586 313
8530+bno0 76 159 120 90 214 772 416 74
7088+bno0 836 159 90 120 890 772 214 963
8972+bno0 895 120 159 214 90 61 700 485
6708+bno6 120 899 159 214 0 808 90 502
3783+bno2 744 913 214 120 90 890 383 722
10115+bno0 361 120 159 214 772 334 90 994
8686+bno0 373 159 120 90 214 772 656 316
8082+bno6 120 397 159 214 229 91 90 607
8536+bno0 420 159 120 90 214 772 415 223
3781+bno7 90 426 772 607 159 586 462 214
8150+bno6 120 548 159 214 164 90 951 343
6670+bno6 120 66 159 214 168 575 90 607
6554+bno0 945 159 120 977 90 214 718 921
8775+bno0 972 159 90 120 772 214 715 178
3141+bno5 214 2 120 109 256 267 90 61
8532+bno0 119 159 90 120 772 214 334 812
8323+bno4 951 362 124 90 383 214 518 120
8174+bno6 120 289 159 214 192 90 772 107
4713+bno3 700 120 289 214 29 90 664 607
4229+bno1 794 159 383 90 120 214 334 341
1892+bno0 395 337 159 120 90 214 718 505
6670+bno6 120 45 159 214 168 575 90 607
9527+bno6 120 460 214 159 322 772 90 534
10083+bno0 701 120 159 214 772 687 549 90
8968+bno0 748 120 159 214 90 61 700 715
4230+bno0 770 120 700 214 159 90 334 250
4148+bno3 700 214 164 120 893 951 90 832
3781+bno7 90 11 772 607 159 586 462 214
8556+bno0 254 159 90 120 772 214 61 802
3141+bno5 214 2 120 37 256 267 90 61
8150+bno6 120 442 159 214 670 90 772 718
7041+bno7 90 681 159 607 724 729 951 214
8548+bno0 708 159 120 90 214 772 61 866
7089+bno0 799 159 120 90 948 214 772 551
8546+bno0 906 159 120 90 214 772 920 853
7075+bno0 922 159 120 90 890 214 951 338
12275+bno6 120 159 116 214 90 951 769 772
6554+bno0 12 159 120 581 90 214 61 405
11563+bno0 203 159 90 214 61 120 772 784
6670+bno6 120 303 159 214 324 1 90 607
6481+bno0 406 159 120 870 90 214 607 12
8150+bno6 120 457 159 214 246 90 772 127
2330+bno0 60 362 90 159 951 214 120 695
11086+bno0 741 90 772 120 214 316 159 544
10064+bno0 774 120 159 214 772 586 947 90
8035+bno4 159 120 330 818 90 214 586 58
4113+bno1 438 772 478 90 313 120 267 818
2827+bno6 120 874 789 159 214 925 90 334
1708+bno7 90 158 159 362 528 607 922 214
8075+bno4 159 120 295 681 90 214 951 569
8083+bno4 159 120 652 208 90 214 772 107
6554+bno1 999 159 120 716 90 214 61 876
6709+bno6 120 975 159 214 891 397 90 607
6554+bno0 999 159 120 716 90 214 61 876
