10129+bno0 4685 121 3684 1409 11142 290 2874 1149
10129+bno0 4685 121 3684 1409 11142 763 2874 1149
10129+bno0 16751 121 3684 1409 763 290 4144 11142
10129+bno0 16751 121 3684 1409 763 1149 4144 11142
10129+bno0 16751 121 3684 1409 763 297 4144 11142
10129+bno0 8932 121 3684 1409 763 290 4144 1149
10129+bno0 8932 121 3684 1409 763 11142 4144 1149
10129+bno0 13947 121 3684 1409 11142 290 2874 297
10129+bno0 13947 121 3684 1409 11142 763 2874 297
10129+bno0 24953 121 1409 3684 290 11142 13650 763
10129+bno0 24953 121 1409 3684 1149 11142 13650 763
10129+bno0 24953 121 1409 3684 297 11142 13650 763
10129+bno0 10701 121 3684 1409 11142 763 2874 290
10129+bno0 10701 121 3684 1409 11142 1149 2874 290
10129+bno0 10701 121 3684 1409 11142 297 2874 290
10129+bno0 4757 121 3684 1409 11142 1149 1310 290
10129+bno0 4757 121 3684 1409 11142 297 1310 290
10129+bno0 4757 121 3684 1409 763 1149 1310 290
10129+bno0 4757 121 3684 1409 763 297 1310 290
10129+bno0 3314 121 3684 1409 11142 290 2874 297
10129+bno0 3314 121 3684 1409 11142 763 2874 297
10129+bno0 4399 121 3684 1409 11142 290 2874 297
10129+bno0 4399 121 3684 1409 11142 763 2874 297
10128+bno0 13263 121 1409 3684 1149 11142 13650 290
10128+bno0 13263 121 1409 3684 297 11142 13650 290
10128+bno0 13263 121 1409 3684 1149 763 13650 290
10128+bno0 13263 121 1409 3684 297 763 13650 290
10129+bno0 13628 121 3684 1409 11142 290 2874 1149
10129+bno0 13628 121 3684 1409 11142 763 2874 1149
10129+bno0 5310 121 3684 1409 11142 290 2874 1149
10129+bno0 5310 121 3684 1409 11142 290 2874 297
10129+bno0 5310 121 3684 1409 11142 763 2874 1149
10129+bno0 5310 121 3684 1409 11142 763 2874 297
10129+bno0 11445 121 3684 1409 11142 763 2874 290
10129+bno0 11445 121 3684 1409 11142 1149 2874 290
10129+bno0 11445 121 3684 1409 11142 297 2874 290
10129+bno0 2259 121 3684 1409 11142 290 83 1149
10129+bno0 2259 121 3684 1409 11142 763 83 1149
10129+bno0 13220 121 3684 1409 11142 763 2874 290
10129+bno0 13220 121 3684 1409 11142 1149 2874 290
10129+bno0 13220 121 3684 1409 11142 297 2874 290
10129+bno0 22237 121 1409 3684 290 763 13650 11142
10129+bno0 22237 121 1409 3684 1149 763 13650 11142
10129+bno0 22237 121 1409 3684 297 763 13650 11142
9456+bno6 121 26059 3684 1409 21684 763 290 11142
9456+bno7 121 26059 3684 1409 21684 763 290 11142
9456+bno5 121 26059 3684 1409 21684 763 290 11142
9456+bno5 121 26059 3684 1409 21684 1149 290 11142
9456+bno5 121 26059 3684 1409 21684 297 290 11142
9452+bno5 121 27701 3684 1409 21684 1149 290 763
9452+bno5 121 27701 3684 1409 21684 297 290 763
9452+bno5 121 27701 3684 1409 21684 1149 11142 763
9452+bno5 121 27701 3684 1409 21684 297 11142 763
10129+bno0 1035 121 3684 1409 1149 11142 5690 290
10129+bno0 1035 121 3684 1409 1149 763 5690 290
10129+bno0 17495 121 3684 1409 11142 290 2874 763
10129+bno0 17495 121 3684 1409 11142 1149 2874 763
10129+bno0 17495 121 3684 1409 11142 297 2874 763
10129+bno0 6099 121 3684 1409 763 290 4144 1149
10129+bno0 6099 121 3684 1409 763 290 4144 297
10129+bno0 6099 121 3684 1409 763 11142 4144 1149
10129+bno0 6099 121 3684 1409 763 11142 4144 297
10129+bno0 1104 121 3684 1409 11142 290 83 1149
10129+bno0 1104 121 3684 1409 11142 763 83 1149
10129+bno0 13729 121 1409 3684 290 763 13650 11142
10129+bno0 13729 121 1409 3684 1149 763 13650 11142
10129+bno0 13729 121 1409 3684 297 763 13650 11142
9456+bno6 121 16728 1409 3684 1898 763 290 11142
9456+bno7 121 16728 1409 3684 1898 763 290 11142
9456+bno5 121 16728 1409 3684 1898 763 290 11142
9456+bno5 121 16728 1409 3684 1898 763 1149 11142
9456+bno5 121 16728 1409 3684 1898 763 297 11142
10129+bno0 23297 121 1409 3684 290 11142 13650 763
10129+bno0 23297 121 1409 3684 1149 11142 13650 763
10129+bno0 23297 121 1409 3684 297 11142 13650 763
10129+bno0 3916 121 3684 1409 11142 763 2874 290
10129+bno0 3916 121 3684 1409 11142 1149 2874 290
10129+bno0 3916 121 3684 1409 11142 297 2874 290
10129+bno0 580 121 3684 1409 11142 763 83 290
10129+bno0 580 121 3684 1409 11142 1149 83 290
10129+bno0 580 121 3684 1409 11142 297 83 290
9452+bno5 121 10273 3684 1409 21684 763 290 297
9452+bno5 121 10273 3684 1409 21684 763 11142 297
10129+bno0 14252 121 3684 1409 763 290 4144 297
10129+bno0 14252 121 3684 1409 763 11142 4144 297
9456+bno5 121 16129 3684 1409 13972 1149 290 763
9456+bno5 121 16129 3684 1409 13972 1149 11142 763
10129+bno0 21753 121 1409 3684 290 763 13650 11142
10129+bno0 21753 121 1409 3684 1149 763 13650 11142
10129+bno0 21753 121 1409 3684 297 763 13650 11142
9456+bno5 121 889 3684 1409 13972 1149 290 11142
9456+bno5 121 889 3684 1409 13972 1149 763 11142
10129+bno0 14202 121 1409 3684 11142 290 2481 1149
10129+bno0 14202 121 1409 3684 763 290 2481 1149
10129+bno0 24875 121 3684 1409 297 290 10194 763
10129+bno0 24875 121 3684 1409 297 11142 10194 763
10129+bno0 31348 121 3684 1409 1149 290 5690 763
10129+bno0 31348 121 3684 1409 1149 11142 5690 763
10129+bno0 10398 121 1409 3684 1149 290 6269 763
10129+bno0 10398 121 1409 3684 1149 11142 6269 763
10128+bno0 11058 121 3684 1409 11142 290 3927 763
10128+bno0 11058 121 3684 1409 11142 1149 3927 763
10128+bno0 11058 121 3684 1409 11142 297 3927 763
10129+bno0 13670 121 1409 3684 1149 290 6269 763
10129+bno0 13670 121 1409 3684 1149 11142 6269 763
10129+bno0 14720 121 3684 1409 763 290 2039 11142
10129+bno0 14720 121 3684 1409 1149 290 2039 11142
10129+bno0 14720 121 3684 1409 763 297 2039 11142
10129+bno0 16877 121 3684 1409 11142 763 83 290
10129+bno0 16877 121 3684 1409 11142 1149 83 290
10129+bno0 16877 121 3684 1409 11142 297 83 290
9456+bno6 121 18729 1409 3684 1898 763 290 11142
9456+bno7 121 18729 1409 3684 1898 763 290 11142
9456+bno5 121 18729 1409 3684 1898 763 290 11142
9456+bno5 121 18729 1409 3684 1898 763 1149 11142
9456+bno5 121 18729 1409 3684 1898 763 297 11142
10129+bno0 24301 121 3684 1409 1149 290 5690 763
10129+bno0 24301 121 3684 1409 1149 11142 5690 763
9456+bno5 121 27990 3684 1409 1223 11142 297 290
9456+bno5 121 27990 3684 1409 1223 763 297 290
10128+bno0 3875 121 1409 3684 297 290 7934 763
10128+bno0 3875 121 1409 3684 297 11142 7934 763
10129+bno0 5944 121 3684 1409 11142 290 83 1149
10129+bno0 5944 121 3684 1409 11142 763 83 1149
10129+bno0 8294 121 3684 1409 11142 290 6651 763
10129+bno0 8294 121 3684 1409 297 290 6651 763
10129+bno0 8294 121 3684 1409 11142 1149 6651 763
10128+bno0 10312 121 3684 1409 11142 290 3927 763
10128+bno0 10312 121 3684 1409 11142 1149 3927 763
10128+bno0 10312 121 3684 1409 11142 297 3927 763
10129+bno0 1301 121 3684 1409 11142 763 348 290
10129+bno0 1301 121 3684 1409 11142 1149 348 290
10129+bno0 1301 121 3684 1409 11142 297 348 290
10128+bno0 14156 121 3684 1409 763 290 9062 1149
10128+bno0 14156 121 3684 1409 763 11142 9062 1149
9456+bno5 121 14549 3684 1409 4054 290 11142 297
9456+bno5 121 14549 3684 1409 4054 763 11142 297
10129+bno0 14865 121 1409 3684 290 763 13650 11142
10129+bno0 14865 121 1409 3684 1149 763 13650 11142
10129+bno0 14865 121 1409 3684 297 763 13650 11142
10129+bno0 15283 121 3684 1409 763 11142 7460 290
10129+bno0 15283 121 3684 1409 763 1149 7460 290
10129+bno0 15283 121 3684 1409 763 297 7460 290
10129+bno0 15919 121 3684 1409 763 290 4144 11142
10129+bno0 15919 121 3684 1409 763 1149 4144 11142
10129+bno0 15919 121 3684 1409 763 297 4144 11142
10128+bno0 20063 121 1409 3684 290 1149 6506 11142
10128+bno0 20063 121 1409 3684 290 297 6506 11142
10128+bno0 20063 121 1409 3684 763 1149 6506 11142
10128+bno0 20063 121 1409 3684 763 297 6506 11142
10129+bno0 21030 121 3684 1409 763 290 4144 297
10129+bno0 21030 121 3684 1409 763 11142 4144 297
8148+bno6 121 21979 3684 1409 4398 2874 11142 290
8148+bno6 121 21979 3684 1409 4398 2874 11142 763
9456+bno6 121 24536 1409 3684 1898 763 290 11142
9456+bno7 121 24536 1409 3684 1898 763 290 11142
9456+bno5 121 24536 1409 3684 1898 763 290 11142
9456+bno5 121 24536 1409 3684 1898 763 1149 11142
9456+bno5 121 24536 1409 3684 1898 763 297 11142
10129+bno0 25153 121 3684 1409 763 11142 11540 290
10129+bno0 25153 121 3684 1409 763 1149 11540 290
10129+bno0 25153 121 3684 1409 763 297 11540 290
10128+bno0 25157 121 1409 3684 290 11142 13650 297
10128+bno0 25157 121 1409 3684 290 763 13650 297
10129+bno0 25361 121 1409 3684 1149 290 6269 763
10129+bno0 25361 121 1409 3684 1149 11142 6269 763
10129+bno0 2659 121 3684 1409 11142 763 83 290
10129+bno0 2659 121 3684 1409 11142 1149 83 290
10129+bno0 2659 121 3684 1409 11142 297 83 290
10129+bno0 26966 121 3684 1409 297 290 10194 11142
10129+bno0 26966 121 3684 1409 297 763 10194 11142
10129+bno0 2755 121 3684 1409 11142 1149 577 290
10129+bno0 2755 121 3684 1409 11142 297 577 290
10129+bno0 2755 121 3684 1409 763 1149 577 290
10129+bno0 2755 121 3684 1409 763 297 577 290
10129+bno0 28028 121 1409 3684 1149 290 25510 763
10129+bno0 28028 121 1409 3684 1149 11142 25510 763
9452+bno5 121 29546 3684 1409 21684 763 290 297
9452+bno5 121 29546 3684 1409 21684 763 11142 297
10128+bno0 29599 121 1409 3684 1149 11142 13650 290
10128+bno0 29599 121 1409 3684 297 11142 13650 290
10128+bno0 29599 121 1409 3684 1149 763 13650 290
10128+bno0 29599 121 1409 3684 297 763 13650 290
10129+bno0 30558 121 1409 3684 1149 290 25510 763
10129+bno0 30558 121 1409 3684 1149 11142 25510 763
10129+bno0 4327 121 3684 1409 11142 290 2874 297
10129+bno0 4327 121 3684 1409 11142 763 2874 297
10128+bno0 7736 121 1409 3684 297 290 7934 763
10128+bno0 7736 121 1409 3684 297 11142 7934 763
10129+bno0 8673 121 3684 1409 11142 290 2874 1149
10129+bno0 8673 121 3684 1409 11142 763 2874 1149
9452+bno6 121 10332 3684 1409 460 763 290 11142
9452+bno7 121 10332 3684 1409 460 763 290 11142
9452+bno5 121 10332 3684 1409 460 763 290 11142
9452+bno5 121 10332 3684 1409 460 297 290 11142
9452+bno5 121 10332 3684 1409 460 763 1149 11142
10129+bno0 12530 121 3684 1409 11142 763 2874 290
10129+bno0 12530 121 3684 1409 11142 1149 2874 290
10129+bno0 12530 121 3684 1409 11142 297 2874 290
10129+bno0 13494 121 1409 3684 11142 290 7392 763
10129+bno0 13494 121 1409 3684 297 290 7392 763
10129+bno0 13494 121 1409 3684 11142 1149 7392 763
9452+bno5 121 13773 1409 3684 9924 1149 290 763
9452+bno5 121 13773 1409 3684 9924 1149 11142 763
10129+bno0 13826 121 1409 3684 290 11142 13650 763
10129+bno0 13826 121 1409 3684 1149 11142 13650 763
10129+bno0 13826 121 1409 3684 297 11142 13650 763
10128+bno0 15013 121 1409 3684 290 11142 13650 297
10128+bno0 15013 121 1409 3684 290 763 13650 297
10129+bno0 15058 121 3684 1409 1149 290 5690 11142
10129+bno0 15058 121 3684 1409 1149 763 5690 11142
10129+bno0 15232 121 1409 3684 1149 290 18263 11142
10129+bno0 15232 121 1409 3684 297 290 18263 11142
10129+bno0 15232 121 1409 3684 1149 763 18263 11142
10129+bno0 15232 121 1409 3684 297 763 18263 11142
9456+bno6 121 16813 3684 1409 1198 11142 763 290
9456+bno7 121 16813 3684 1409 1198 11142 763 290
9456+bno5 121 16813 3684 1409 1198 11142 763 290
9456+bno5 121 16813 3684 1409 1198 1149 763 290
9456+bno5 121 16813 3684 1409 1198 297 763 290
10129+bno0 19510 121 1409 3684 290 763 13650 11142
10129+bno0 19510 121 1409 3684 1149 763 13650 11142
10129+bno0 19510 121 1409 3684 297 763 13650 11142
9456+bno5 121 19848 3684 1409 4054 290 297 11142
9456+bno5 121 19848 3684 1409 4054 763 297 11142
10129+bno0 19969 121 3684 1409 1149 11142 12310 290
10129+bno0 19969 121 3684 1409 297 11142 12310 290
10129+bno0 19969 121 3684 1409 1149 763 12310 290
10129+bno0 19969 121 3684 1409 297 763 12310 290
10129+bno0 20004 121 1409 3684 290 763 13650 11142
10129+bno0 20004 121 1409 3684 1149 763 13650 11142
10129+bno0 20004 121 1409 3684 297 763 13650 11142
10128+bno0 20491 121 1409 3684 290 1149 6506 11142
10128+bno0 20491 121 1409 3684 290 297 6506 11142
10128+bno0 20491 121 1409 3684 763 1149 6506 11142
10128+bno0 20491 121 1409 3684 763 297 6506 11142
10128+bno0 22005 121 3684 1409 297 290 4042 763
10128+bno0 22005 121 3684 1409 297 11142 4042 763
9456+bno6 121 23313 1409 3684 1898 763 290 11142
9456+bno7 121 23313 1409 3684 1898 763 290 11142
9456+bno5 121 23313 1409 3684 1898 763 290 11142
9456+bno5 121 23313 1409 3684 1898 763 1149 11142
9456+bno5 121 23313 1409 3684 1898 763 297 11142
9452+bno6 121 24299 3684 1409 2642 11142 290 763
9452+bno7 121 24299 3684 1409 2642 11142 290 763
9452+bno5 121 24299 3684 1409 2642 11142 290 763
9452+bno5 121 24299 3684 1409 2642 297 290 763
9452+bno5 121 24299 3684 1409 2642 11142 1149 763
10128+bno0 2474 121 3684 1409 11142 290 577 763
10128+bno0 2474 121 3684 1409 11142 1149 577 763
10128+bno0 2474 121 3684 1409 11142 297 577 763
8148+bno6 121 25179 3684 1409 16494 5094 11142 290
8148+bno6 121 25179 3684 1409 16494 5094 763 290
9456+bno5 121 25460 3684 1409 703 1149 290 11142
9456+bno5 121 25460 3684 1409 703 1149 763 11142
10129+bno0 26778 121 1409 3684 1149 290 25510 763
10129+bno0 26778 121 1409 3684 1149 11142 25510 763
9456+bno6 121 27360 3684 1409 75 763 11142 290
9456+bno7 121 27360 3684 1409 75 763 11142 290
9456+bno5 121 27360 3684 1409 75 763 11142 290
9456+bno5 121 27360 3684 1409 75 1149 11142 290
9456+bno5 121 27360 3684 1409 75 297 11142 290
10129+bno0 27437 121 3684 1409 1149 11142 15629 290
10129+bno0 27437 121 3684 1409 297 11142 15629 290
10129+bno0 27437 121 3684 1409 1149 763 15629 290
10129+bno0 27437 121 3684 1409 297 763 15629 290
10128+bno0 27586 121 1409 3684 290 11142 35840 763
10128+bno0 27586 121 1409 3684 1149 11142 35840 763
10128+bno0 27586 121 1409 3684 297 11142 35840 763
10129+bno0 27872 121 3684 1409 11142 290 2874 1149
10129+bno0 27872 121 3684 1409 11142 763 2874 1149
10129+bno0 29717 121 1409 3684 290 763 13650 11142
10129+bno0 29717 121 1409 3684 1149 763 13650 11142
10129+bno0 29717 121 1409 3684 297 763 13650 11142
8529+bno0 30311 3684 121 7460 1409 763 290 26222
8529+bno0 30311 3684 121 7460 1409 763 11142 26222
9456+bno5 121 30492 3684 1409 3521 290 11142 297
9456+bno5 121 30492 3684 1409 3521 763 11142 297
10129+bno0 3289 121 3684 1409 11142 290 2874 1149
10129+bno0 3289 121 3684 1409 11142 763 2874 1149
10129+bno0 3566 121 3684 1409 763 290 7460 297
10129+bno0 3566 121 3684 1409 763 11142 7460 297
10129+bno0 4527 121 3684 1409 11142 290 2874 1149
10129+bno0 4527 121 3684 1409 11142 763 2874 1149
10129+bno0 5567 121 3684 1409 763 290 4144 297
10129+bno0 5567 121 3684 1409 763 11142 4144 297
10129+bno0 7531 121 3684 1409 763 290 943 1149
10129+bno0 7531 121 3684 1409 763 11142 943 1149
9456+bno6 121 8589 1409 3684 1898 763 290 11142
9456+bno5 121 8589 1409 3684 1898 763 1149 11142
9456+bno5 121 8589 1409 3684 1898 763 297 11142
10129+bno0 10276 121 1409 3684 763 11142 7934 290
10129+bno0 10276 121 1409 3684 297 11142 7934 290
10129+bno0 10276 121 1409 3684 763 1149 7934 290
10129+bno0 11630 121 1409 3684 11142 290 8676 763
10129+bno0 11630 121 1409 3684 297 290 8676 763
10129+bno0 11630 121 1409 3684 11142 1149 8676 763
9452+bno5 121 1164 1409 3684 2264 297 290 763
9452+bno5 121 1164 1409 3684 2264 297 11142 763
9452+bno6 121 11800 3684 1409 1223 763 290 11142
9452+bno5 121 11800 3684 1409 1223 1149 290 11142
9452+bno5 121 11800 3684 1409 1223 763 297 11142
9456+bno5 121 11910 3684 1409 11318 11142 290 297
9456+bno5 121 11910 3684 1409 11318 763 290 297
10129+bno0 12193 121 1409 3684 11142 763 7521 290
10129+bno0 12193 121 1409 3684 11142 1149 7521 290
10129+bno0 12193 121 1409 3684 11142 297 7521 290
10129+bno0 12870 121 3684 1409 1149 290 11081 763
10129+bno0 12870 121 3684 1409 297 290 11081 763
10129+bno0 12870 121 3684 1409 1149 11142 11081 763
10129+bno0 12870 121 3684 1409 297 11142 11081 763
8178+bno6 121 13062 3684 1409 12930 348 290 11142
8178+bno6 121 13062 3684 1409 12930 348 763 11142
10129+bno0 13270 121 3684 1409 11142 290 19475 1149
10129+bno0 13270 121 3684 1409 11142 763 19475 1149
10129+bno0 13982 121 3684 1409 11142 290 13700 763
10129+bno0 13982 121 3684 1409 1149 290 13700 763
10129+bno0 13982 121 3684 1409 297 290 13700 763
10129+bno0 14204 121 3684 1409 11142 290 2874 297
10129+bno0 14204 121 3684 1409 11142 763 2874 297
4350+bno6 121 15746 3684 21684 1409 15708 763 290
4350+bno6 121 15746 3684 21684 1409 15708 763 11142
10128+bno0 16814 121 3684 1409 297 290 3509 11142
10128+bno0 16814 121 3684 1409 297 763 3509 11142
4350+bno6 121 16845 1409 12481 3684 17452 763 290
4350+bno6 121 16845 1409 12481 3684 17452 763 11142
10129+bno0 17042 121 1409 3684 763 290 7934 11142
10129+bno0 17042 121 1409 3684 297 290 7934 11142
10129+bno0 17042 121 1409 3684 763 1149 7934 11142
10129+bno0 17283 121 3684 1409 1149 290 5690 763
10129+bno0 17283 121 3684 1409 1149 11142 5690 763
10129+bno0 17707 121 3684 1409 1149 290 9652 763
10129+bno0 17707 121 3684 1409 297 290 9652 763
10129+bno0 17707 121 3684 1409 1149 11142 9652 763
10129+bno0 17707 121 3684 1409 297 11142 9652 763
9452+bno6 121 18091 1409 3684 7743 290 763 11142
9452+bno7 121 18091 1409 3684 7743 290 763 11142
9452+bno5 121 18091 1409 3684 7743 290 763 11142
9452+bno5 121 18091 1409 3684 7743 290 1149 11142
9452+bno5 121 18091 1409 3684 7743 297 763 11142
10129+bno0 18098 121 1409 3684 290 763 13650 11142
10129+bno0 18098 121 1409 3684 1149 763 13650 11142
10129+bno0 18098 121 1409 3684 297 763 13650 11142
10129+bno0 18105 121 3684 1409 763 290 1650 11142
10129+bno0 18105 121 3684 1409 1149 290 1650 11142
10129+bno0 18105 121 3684 1409 763 297 1650 11142
10129+bno0 18137 121 1409 3684 290 763 13650 11142
10129+bno0 18137 121 1409 3684 1149 763 13650 11142
10129+bno0 18137 121 1409 3684 297 763 13650 11142
9456+bno6 121 18184 1409 3684 12481 763 290 11142
9456+bno7 121 18184 1409 3684 12481 763 290 11142
9456+bno5 121 18184 1409 3684 12481 763 290 11142
9456+bno5 121 18184 1409 3684 12481 1149 290 11142
9456+bno5 121 18184 1409 3684 12481 763 297 11142
10129+bno0 18236 121 3684 1409 1149 290 5690 11142
10129+bno0 18236 121 3684 1409 1149 763 5690 11142
9456+bno5 121 18284 3684 1409 13972 1149 290 11142
9456+bno5 121 18284 3684 1409 13972 1149 763 11142
10129+bno0 19921 121 3684 1409 297 290 10194 11142
10129+bno0 19921 121 3684 1409 297 763 10194 11142
9452+bno5 121 20247 3684 1409 18814 1149 290 11142
9452+bno5 121 20247 3684 1409 18814 297 290 11142
9452+bno5 121 20247 3684 1409 18814 1149 763 11142
9452+bno5 121 20247 3684 1409 18814 297 763 11142
9456+bno6 121 20752 1409 3684 1898 763 11142 290
9456+bno7 121 20752 1409 3684 1898 763 11142 290
9456+bno5 121 20752 1409 3684 1898 763 11142 290
9456+bno5 121 20752 1409 3684 1898 763 1149 290
9456+bno5 121 20752 1409 3684 1898 763 297 290
10129+bno0 20961 121 3684 1409 297 11142 10194 290
10129+bno0 20961 121 3684 1409 297 763 10194 290
9452+bno6 121 2111 1409 3684 1098 11142 290 763
9452+bno5 121 2111 1409 3684 1098 1149 290 763
9452+bno5 121 2111 1409 3684 1098 11142 297 763
8148+bno6 121 21641 3684 1409 23773 7666 11142 290
8148+bno6 121 21641 3684 1409 23773 7666 763 290
10129+bno0 22080 121 3684 1409 763 290 4144 11142
10129+bno0 22080 121 3684 1409 763 1149 4144 11142
10129+bno0 22080 121 3684 1409 763 297 4144 11142
10129+bno0 22121 121 3684 1409 297 290 10194 763
10129+bno0 22121 121 3684 1409 297 11142 10194 763
8868+bno0 22157 1409 13650 121 290 763 11142 21753
8150+bno6 121 22157 1409 3684 21753 13650 290 11142
8180+bno6 121 22157 1409 3684 21753 13650 763 11142
8148+bno6 121 22157 1409 3684 21753 13650 290 763
9456+bno6 121 22344 3684 1409 21684 763 290 11142
9456+bno7 121 22344 3684 1409 21684 763 290 11142
9456+bno5 121 22344 3684 1409 21684 763 290 11142
9456+bno5 121 22344 3684 1409 21684 1149 290 11142
9456+bno5 121 22344 3684 1409 21684 297 290 11142
10129+bno0 24191 121 3684 1409 1149 290 11081 11142
10129+bno0 24191 121 3684 1409 297 290 11081 11142
10129+bno0 24191 121 3684 1409 1149 763 11081 11142
10129+bno0 24191 121 3684 1409 297 763 11081 11142
9456+bno5 121 24491 1409 3684 3493 290 1149 11142
9456+bno5 121 24491 1409 3684 3493 763 1149 11142
9456+bno6 121 24491 1409 3684 3493 290 1149 11142
4350+bno6 121 24844 1409 1898 3684 24848 763 290
4350+bno6 121 24844 1409 1898 3684 24848 763 11142
8435+bno6 121 28002 2642 1409 3684 25062 11142 290
8435+bno6 121 28002 2642 1409 3684 25062 763 290
8148+bno6 121 25337 1409 3684 30924 13650 290 11142
8148+bno6 121 25337 1409 3684 30924 13650 290 763
10129+bno0 25548 121 1409 3684 763 290 7934 11142
10129+bno0 25548 121 1409 3684 297 290 7934 11142
10129+bno0 25548 121 1409 3684 763 1149 7934 11142
8148+bno6 121 25580 3684 1409 25309 2874 11142 290
8148+bno6 121 25580 3684 1409 25309 2874 11142 763
4350+bno6 121 25807 1409 1898 3684 6999 763 290
4350+bno6 121 25807 1409 1898 3684 6999 763 11142
10129+bno0 25935 121 1409 3684 290 11142 13650 763
10129+bno0 25935 121 1409 3684 1149 11142 13650 763
10129+bno0 25935 121 1409 3684 297 11142 13650 763
9456+bno6 121 26369 3684 1409 21684 763 290 11142
9456+bno7 121 26369 3684 1409 21684 763 290 11142
9456+bno5 121 26369 3684 1409 21684 763 290 11142
9456+bno5 121 26369 3684 1409 21684 1149 290 11142
9456+bno5 121 26369 3684 1409 21684 297 290 11142
10128+bno0 27588 121 1409 3684 290 11142 35840 763
10128+bno0 27588 121 1409 3684 1149 11142 35840 763
10128+bno0 27588 121 1409 3684 297 11142 35840 763
8148+bno6 121 27770 3684 1409 10707 11540 763 290
8148+bno6 121 27770 3684 1409 10707 11540 763 11142
10129+bno0 2822 121 3684 1409 11142 290 362 1149
10129+bno0 2822 121 3684 1409 763 290 362 1149
9456+bno6 121 29495 1409 3684 9716 763 290 11142
9456+bno5 121 29495 1409 3684 9716 1149 290 11142
9456+bno5 121 29495 1409 3684 9716 763 297 11142
9456+bno6 121 30022 3684 1409 21684 763 290 11142
9456+bno7 121 30022 3684 1409 21684 763 290 11142
9456+bno5 121 30022 3684 1409 21684 763 290 11142
9456+bno5 121 30022 3684 1409 21684 1149 290 11142
9456+bno5 121 30022 3684 1409 21684 297 290 11142
9456+bno5 121 3286 3684 1409 1073 11142 290 1149
9456+bno5 121 3286 3684 1409 1073 763 290 1149
10129+bno0 3863 121 3684 1409 11142 290 802 763
10129+bno0 3863 121 3684 1409 11142 1149 802 763
10129+bno0 3863 121 3684 1409 11142 297 802 763
10129+bno0 4019 121 1409 3684 11142 763 8676 290
10129+bno0 4019 121 1409 3684 11142 1149 8676 290
10129+bno0 4019 121 1409 3684 297 763 8676 290
9452+bno5 121 42 3684 1409 4794 11142 290 297
9452+bno5 121 42 3684 1409 4794 763 290 297
8148+bno6 121 4261 1409 3684 5363 1096 11142 290
8148+bno6 121 4261 1409 3684 5363 1096 11142 763
10129+bno0 4294 121 3684 1409 11142 290 802 1149
10129+bno0 4294 121 3684 1409 11142 763 802 1149
10129+bno0 4615 121 3684 1409 11142 290 802 1149
10129+bno0 4615 121 3684 1409 11142 763 802 1149
8148+bno6 121 4806 1409 3684 1656 4961 763 290
8148+bno6 121 4806 1409 3684 1656 4961 763 11142
10128+bno0 5230 121 1409 3684 297 290 8676 11142
10128+bno0 5230 121 1409 3684 297 763 8676 11142
10129+bno0 5641 121 3684 1409 11142 290 3927 1149
10129+bno0 5641 121 3684 1409 763 290 3927 1149
8529+bno0 7101 3684 121 3927 1409 11142 290 3822
8529+bno0 7101 3684 121 3927 1409 763 290 3822
10128+bno0 8417 121 1409 3684 297 290 7934 763
10128+bno0 8417 121 1409 3684 297 11142 7934 763
9456+bno6 121 10304 1409 3684 13984 763 290 11142
9456+bno7 121 10304 1409 3684 13984 763 290 11142
9456+bno5 121 10304 1409 3684 13984 763 290 11142
9456+bno5 121 10304 1409 3684 13984 1149 290 11142
9456+bno5 121 10304 1409 3684 13984 297 290 11142
8148+bno6 121 10948 3684 1409 4164 83 11142 290
8148+bno6 121 10948 3684 1409 4164 83 11142 763
8148+bno6 121 10948 3684 1409 4164 7460 763 290
8148+bno6 121 10948 3684 1409 4164 7460 763 11142
9452+bno6 121 10963 3684 1409 3521 290 11142 763
9452+bno7 121 10963 3684 1409 3521 290 11142 763
9452+bno5 121 10963 3684 1409 3521 290 11142 763
9452+bno5 121 10963 3684 1409 3521 1149 11142 763
9452+bno5 121 10963 3684 1409 3521 290 297 763
8180+bno6 121 11173 3684 1409 17009 586 11142 290
8180+bno6 121 11173 3684 1409 17009 586 763 290
8148+bno6 121 11186 3684 1409 8168 83 11142 290
8148+bno6 121 11186 3684 1409 8168 83 11142 763
4350+bno6 121 11322 1409 5712 3684 10945 763 290
4350+bno6 121 11322 1409 5712 3684 10945 763 11142
8148+bno6 121 10061 1409 3684 11796 4720 290 11142
8148+bno6 121 10061 1409 3684 11796 4720 763 11142
8148+bno3 121 10061 1409 3684 11796 4720 290 11142
8148+bno3 121 10061 1409 3684 11796 4720 763 11142
8148+bno6 121 18334 1409 3684 11938 4961 763 290
8148+bno6 121 18334 1409 3684 11938 4961 763 11142
8148+bno6 121 12227 3684 1409 1462 83 11142 290
8148+bno6 121 12227 3684 1409 1462 83 11142 763
10129+bno0 12325 121 3684 1409 763 290 4144 297
10129+bno0 12325 121 3684 1409 763 11142 4144 297
8148+bno6 121 12438 3684 1409 1222 622 763 290
8148+bno6 121 12438 3684 1409 1222 622 763 11142
8545+bno0 12596 3684 121 2874 1409 11142 290 5731
8545+bno0 12596 3684 121 2874 1409 11142 763 5731
10129+bno0 12799 121 3684 1409 290 11142 6761 1149
10129+bno0 12799 121 3684 1409 763 11142 6761 1149
4350+bno6 121 13025 3684 4794 1409 5107 11142 290
4350+bno6 121 13025 3684 4794 1409 5107 763 290
10467+bno6 121 1409 13199 13121 3684 11142 290 2874
10467+bno6 121 1409 13199 13121 3684 11142 763 2874
9456+bno6 121 13247 3684 1409 13249 763 11142 290
9456+bno7 121 13247 3684 1409 13249 763 11142 290
9456+bno5 121 13247 3684 1409 13249 763 11142 290
9456+bno5 121 13247 3684 1409 13249 1149 11142 290
9456+bno5 121 13247 3684 1409 13249 297 11142 290
9399+bno6 121 13402 3684 1409 13394 11142 290 3545
9399+bno6 121 13402 3684 1409 13394 763 290 3545
8148+bno6 121 13755 3684 1409 13751 4366 11142 290
8148+bno6 121 13755 3684 1409 13751 4366 763 290
8148+bno6 121 13935 1409 3684 18931 13650 290 11142
8148+bno6 121 13935 1409 3684 18931 13650 290 763
8148+bno6 121 18931 3684 1409 13935 11206 11142 290
8148+bno6 121 18931 3684 1409 13935 11206 11142 763
9452+bno5 121 14030 3684 1409 12205 11142 290 1149
9452+bno5 121 14030 3684 1409 12205 11142 763 1149
8148+bno6 121 14378 3684 1409 8870 7460 763 290
8148+bno6 121 14378 3684 1409 8870 7460 763 11142
8194+bno6 121 8294 1409 3684 1460 7934 290 763
8194+bno6 121 8294 1409 3684 1460 7934 11142 763
10129+bno0 14602 121 1409 3684 290 763 13650 11142
10129+bno0 14602 121 1409 3684 1149 763 13650 11142
10129+bno0 14602 121 1409 3684 297 763 13650 11142
4350+bno6 121 15295 1409 1715 3684 14788 763 290
4350+bno6 121 15295 1409 1715 3684 14788 763 11142
8148+bno6 121 7012 3684 1409 1530 362 11142 290
8148+bno6 121 7012 3684 1409 1530 362 763 290
6883+bno6 121 3684 15798 15785 6032 1409 11142 290
6883+bno6 121 3684 15798 15785 6032 1409 763 290
4350+bno6 121 15896 1409 12481 3684 6363 763 290
4350+bno6 121 15896 1409 12481 3684 6363 763 11142
10129+bno0 15918 121 3684 1409 1149 290 5690 11142
10129+bno0 15918 121 3684 1409 1149 763 5690 11142
8148+bno6 121 15928 3684 1409 15931 11540 763 290
8148+bno6 121 15928 3684 1409 15931 11540 763 11142
8148+bno6 121 16117 3684 1409 27365 2874 11142 290
8148+bno6 121 16117 3684 1409 27365 2874 11142 763
9384+bno6 121 16678 3684 1409 16972 763 290 2233
9384+bno6 121 16678 3684 1409 16972 763 11142 2233
10129+bno0 16726 121 3684 1409 1149 290 15629 11142
10129+bno0 16726 121 3684 1409 297 290 15629 11142
10129+bno0 16726 121 3684 1409 1149 763 15629 11142
10129+bno0 16726 121 3684 1409 297 763 15629 11142
8180+bno6 121 17029 3684 1409 17009 586 11142 290
8180+bno6 121 17029 3684 1409 17009 586 763 290
8148+bno6 121 17160 3684 1409 11071 4144 763 290
8148+bno6 121 17160 3684 1409 11071 4144 763 11142
8148+bno6 121 17536 3684 1409 17539 519 290 11142
8148+bno6 121 17536 3684 1409 17539 519 763 11142
4350+bno6 121 17880 3684 2035 1409 17878 763 290
4350+bno6 121 17880 3684 2035 1409 17878 763 11142
4486+bno6 121 18163 1409 7507 3684 18168 290 11142
8935+bno0 18163 121 7507 3684 763 290 18168 11142
4350+bno6 121 18163 1409 7507 3684 18168 763 290
4370+bno6 121 18163 1409 7507 3684 18168 763 11142
9456+bno6 121 18198 1409 3684 7378 290 11142 763
9456+bno7 121 18198 1409 3684 7378 290 11142 763
9456+bno5 121 18198 1409 3684 7378 290 11142 763
9456+bno5 121 18198 1409 3684 7378 1149 11142 763
9456+bno5 121 18198 1409 3684 7378 297 11142 763
9452+bno5 121 18725 3684 1409 430 1149 290 763
9452+bno5 121 18725 3684 1409 430 1149 11142 763
10129+bno0 18750 121 1409 3684 1149 290 6269 763
10129+bno0 18750 121 1409 3684 1149 11142 6269 763
8148+bno6 121 18777 3684 1409 389 2874 11142 290
8148+bno6 121 18777 3684 1409 389 2874 11142 763
8148+bno6 121 18783 3684 1409 1455 83 11142 290
8148+bno6 121 18783 3684 1409 1455 83 11142 763
4350+bno6 121 19152 3684 6360 1409 19132 11142 290
4350+bno6 121 19152 3684 6360 1409 19132 763 290
8148+bno6 121 19282 3684 1409 14895 9947 11142 290
8148+bno6 121 19282 3684 1409 14895 9947 763 290
9456+bno5 121 19789 3684 1409 13972 1149 290 11142
9456+bno5 121 19789 3684 1409 13972 1149 763 11142
10129+bno0 19898 121 3684 1409 290 11142 519 297
10129+bno0 19898 121 3684 1409 763 11142 519 297
9452+bno6 121 20015 3684 1409 19493 290 11142 763
9452+bno5 121 20015 3684 1409 19493 1149 11142 763
9452+bno5 121 20015 3684 1409 19493 290 297 763
8180+bno6 121 20244 3684 1409 3593 6666 290 11142
8180+bno6 121 20244 3684 1409 3593 6666 763 11142
9456+bno6 121 20263 1409 3684 5963 763 290 11142
9456+bno7 121 20263 1409 3684 5963 763 290 11142
9456+bno5 121 20263 1409 3684 5963 763 290 11142
9456+bno5 121 20263 1409 3684 5963 1149 290 11142
9456+bno5 121 20263 1409 3684 5963 297 290 11142
9456+bno6 121 20273 1409 3684 9924 763 290 11142
9456+bno5 121 20273 1409 3684 9924 1149 290 11142
9456+bno5 121 20273 1409 3684 9924 763 297 11142
8722+bno6 121 1409 20321 7705 14497 3684 290 11142
8722+bno6 121 1409 20321 7705 14497 3684 290 763
9452+bno5 121 21024 1409 3684 22971 1149 290 763
9452+bno5 121 21024 1409 3684 22971 297 290 763
9452+bno5 121 21024 1409 3684 22971 1149 11142 763
9452+bno5 121 21024 1409 3684 22971 297 11142 763
8148+bno6 121 21027 3684 1409 6574 344 11142 290
8148+bno6 121 21027 3684 1409 6574 344 11142 763
10129+bno0 2133 121 3684 1409 763 11142 2089 290
10129+bno0 2133 121 3684 1409 297 11142 2089 290
10129+bno0 2133 121 3684 1409 763 1149 2089 290
8148+bno6 121 21545 3684 1409 21538 21123 290 11142
8148+bno6 121 21545 3684 1409 21538 21123 290 763
8180+bno6 121 21636 3684 1409 19318 6666 290 11142
8180+bno6 121 21636 3684 1409 19318 6666 763 11142
8148+bno6 121 30342 3684 1409 21663 4144 763 290
8148+bno6 121 30342 3684 1409 21663 4144 763 11142
4350+bno6 121 20099 1409 7378 3684 22024 290 11142
4350+bno6 121 20099 1409 7378 3684 22024 290 763
8148+bno6 121 22694 1409 3684 16215 13650 290 11142
8148+bno6 121 22694 1409 3684 16215 13650 290 763
4350+bno6 121 22812 1409 12120 3684 22782 290 11142
4350+bno6 121 22812 1409 12120 3684 22782 763 11142
4350+bno7 121 22812 1409 12120 3684 22782 290 11142
4350+bno6 121 23021 1409 9924 3684 23018 763 290
4350+bno6 121 23021 1409 9924 3684 23018 763 11142
10129+bno0 23535 121 1409 3684 1149 290 6269 763
10129+bno0 23535 121 1409 3684 1149 11142 6269 763
9456+bno5 121 23601 3684 1409 2622 1149 290 11142
9456+bno5 121 23601 3684 1409 2622 297 290 11142
9456+bno5 121 23601 3684 1409 2622 1149 763 11142
9456+bno5 121 23601 3684 1409 2622 297 763 11142
10128+bno0 24134 121 3684 1409 11142 290 13351 297
10128+bno0 24134 121 3684 1409 11142 763 13351 297
8148+bno6 121 24945 3684 1409 24525 7460 763 290
8148+bno6 121 24945 3684 1409 24525 7460 763 11142
8148+bno6 121 24980 3684 1409 24978 1310 11142 290
8148+bno6 121 24980 3684 1409 24978 1310 763 290
8148+bno6 121 24980 3684 1409 24978 18238 11142 290
8148+bno6 121 24980 3684 1409 24978 18238 763 290
4350+bno6 121 25050 1409 1898 3684 24848 763 290
4350+bno6 121 25050 1409 1898 3684 24848 763 11142
4350+bno6 121 25387 1409 1898 3684 6999 763 290
4350+bno6 121 25387 1409 1898 3684 6999 763 11142
9456+bno6 121 25452 3684 1409 21684 763 290 11142
9456+bno7 121 25452 3684 1409 21684 763 290 11142
9456+bno5 121 25452 3684 1409 21684 763 290 11142
9456+bno5 121 25452 3684 1409 21684 1149 290 11142
9456+bno5 121 25452 3684 1409 21684 297 290 11142
4476+bno6 121 25476 3684 703 1409 25460 290 11142
4476+bno6 121 25476 3684 703 1409 25460 763 11142
10129+bno0 25492 121 1409 3684 290 763 13650 11142
10129+bno0 25492 121 1409 3684 1149 763 13650 11142
10129+bno0 25492 121 1409 3684 297 763 13650 11142
9456+bno5 121 26595 3684 1409 14447 297 11142 290
9456+bno5 121 26595 3684 1409 14447 297 763 290
8148+bno6 121 26644 3684 1409 26600 1688 290 763
8148+bno6 121 26644 3684 1409 26600 1688 11142 763
8148+bno6 121 26671 3684 1409 20233 11540 763 290
8148+bno6 121 26671 3684 1409 20233 11540 763 11142
8148+bno6 121 26776 3684 1409 2293 36814 290 11142
8148+bno6 121 26776 3684 1409 2293 36814 290 763
10129+bno0 27415 121 1409 3684 290 763 13650 11142
10129+bno0 27415 121 1409 3684 1149 763 13650 11142
10129+bno0 27415 121 1409 3684 297 763 13650 11142
10129+bno0 27495 121 1409 3684 290 763 13650 11142
10129+bno0 27495 121 1409 3684 1149 763 13650 11142
10129+bno0 27495 121 1409 3684 297 763 13650 11142
4350+bno6 121 27704 1409 3493 3684 30530 290 11142
4350+bno6 121 27704 1409 3493 3684 30530 763 11142
4350+bno7 121 27704 1409 3493 3684 30530 290 11142
4350+bno7 121 27704 1409 3493 3684 30530 763 11142
4350+bno6 121 27704 3684 11100 1409 30530 763 290
4350+bno6 121 27704 3684 11100 1409 30530 763 11142
4350+bno6 121 29353 3684 6494 1409 29340 290 11142
4350+bno6 121 29353 3684 6494 1409 29340 763 11142
10129+bno0 29660 121 3684 1409 290 11142 10475 763
10129+bno0 29660 121 3684 1409 1149 11142 10475 763
10129+bno0 29660 121 3684 1409 297 11142 10475 763
9456+bno6 121 2971 1409 3684 2264 763 11142 290
9456+bno7 121 2971 1409 3684 2264 763 11142 290
9456+bno5 121 2971 1409 3684 2264 763 11142 290
9456+bno5 121 2971 1409 3684 2264 297 11142 290
9456+bno5 121 2971 1409 3684 2264 763 1149 290
4350+bno6 121 30926 3684 1061 1409 29968 763 290
4350+bno6 121 30926 3684 1061 1409 29968 763 11142
10129+bno0 29974 121 1409 3684 290 11142 13650 763
10129+bno0 29974 121 1409 3684 1149 11142 13650 763
10129+bno0 29974 121 1409 3684 297 11142 13650 763
8148+bno6 121 30322 1409 3684 6628 7934 763 290
8148+bno6 121 30322 1409 3684 6628 7934 763 11142
8148+bno6 121 30837 3684 1409 20233 11540 763 290
8148+bno6 121 30837 3684 1409 20233 11540 763 11142
8148+bno6 121 3598 3684 1409 3314 2874 11142 290
8148+bno6 121 3598 3684 1409 3314 2874 11142 763
8148+bno6 121 3843 3684 1409 3649 1851 11142 290
8148+bno6 121 3843 3684 1409 3649 1851 11142 763
8148+bno6 121 4257 3684 1409 4097 802 11142 290
8148+bno6 121 4257 3684 1409 4097 802 11142 763
8148+bno6 121 4287 3684 1409 4288 802 11142 290
8148+bno6 121 4287 3684 1409 4288 802 11142 763
9456+bno5 121 4355 1409 3684 1098 11142 297 290
9456+bno5 121 4355 1409 3684 1098 763 297 290
9456+bno6 121 4355 1409 3684 1098 11142 297 290
9456+bno6 121 4355 1409 3684 1098 763 297 290
10129+bno0 4620 121 3684 1409 763 290 11540 1149
10129+bno0 4620 121 3684 1409 763 11142 11540 1149
4350+bno6 121 5090 3684 1233 1409 5144 763 290
4350+bno6 121 5090 3684 1233 1409 5144 763 11142
10129+bno0 5187 121 3684 1409 11142 763 83 290
10129+bno0 5187 121 3684 1409 11142 1149 83 290
10129+bno0 5187 121 3684 1409 11142 297 83 290
8148+bno6 121 6863 3684 1409 5198 3927 11142 290
8148+bno6 121 6863 3684 1409 5198 3927 763 290
9452+bno5 121 5220 1409 3684 5229 1149 290 763
9452+bno5 121 5220 1409 3684 5229 1149 11142 763
10129+bno0 5396 121 3684 1409 11142 290 3927 1149
10129+bno0 5396 121 3684 1409 763 290 3927 1149
9456+bno5 121 5403 3684 1409 750 1149 290 11142
9456+bno5 121 5403 3684 1409 750 1149 763 11142
8148+bno6 121 5715 3684 1409 7518 36814 290 11142
8148+bno6 121 5715 3684 1409 7518 36814 290 763
10129+bno0 5718 121 1409 3684 11142 290 2620 1149
10129+bno0 5718 121 1409 3684 763 290 2620 1149
10129+bno0 6135 121 3684 1409 11142 290 3927 1149
10129+bno0 6135 121 3684 1409 763 290 3927 1149
4350+bno6 121 6327 3684 1061 1409 6326 763 290
4350+bno6 121 6327 3684 1061 1409 6326 763 11142
8148+bno6 121 1710 3684 1409 6359 622 763 290
8148+bno6 121 1710 3684 1409 6359 622 763 11142
9384+bno6 121 6831 3684 1409 6349 11142 290 3546
9384+bno6 121 6831 3684 1409 6349 11142 763 3546
9456+bno6 121 7537 3684 1409 7269 11142 290 763
9456+bno7 121 7537 3684 1409 7269 11142 290 763
9456+bno5 121 7537 3684 1409 7269 11142 290 763
9456+bno5 121 7537 3684 1409 7269 11142 1149 763
9456+bno5 121 7537 3684 1409 7269 11142 297 763
8148+bno6 121 7890 1409 3684 7891 4658 290 11142
8148+bno6 121 7890 1409 3684 7891 4658 763 11142
8148+bno3 121 7890 1409 3684 7891 4658 763 11142
8148+bno6 121 8069 3684 1409 4164 83 11142 290
8148+bno6 121 8069 3684 1409 4164 83 11142 763
8148+bno6 121 8069 3684 1409 4164 7460 763 290
8148+bno6 121 8069 3684 1409 4164 7460 763 11142
9452+bno6 121 8254 1409 3684 7507 11142 290 763
9452+bno7 121 8254 1409 3684 7507 11142 290 763
9452+bno5 121 8254 1409 3684 7507 11142 290 763
9452+bno5 121 8254 1409 3684 7507 1149 290 763
9452+bno5 121 8254 1409 3684 7507 297 290 763
8148+bno6 121 8788 1409 3684 8744 7934 763 290
8148+bno6 121 8788 1409 3684 8744 7934 763 11142
4350+bno6 121 8969 1409 7936 3684 8391 290 763
4350+bno6 121 8969 1409 7936 3684 8391 11142 763
4350+bno7 121 8969 1409 7936 3684 8391 290 763
4350+bno7 121 8969 1409 7936 3684 8391 11142 763
9456+bno5 121 9137 1409 3684 1098 11142 297 290
9456+bno5 121 9137 1409 3684 1098 763 297 290
9456+bno6 121 9137 1409 3684 1098 11142 297 290
9456+bno6 121 9137 1409 3684 1098 763 297 290
8148+bno6 121 9172 3684 1409 9202 5094 11142 290
8148+bno6 121 9172 3684 1409 9202 5094 763 290
10129+bno0 938 121 1409 3684 11142 1149 1407 290
10129+bno0 938 121 1409 3684 11142 297 1407 290
10129+bno0 938 121 1409 3684 763 1149 1407 290
10129+bno0 938 121 1409 3684 763 297 1407 290
4350+bno6 121 9518 1409 4106 3684 9535 290 763
4350+bno6 121 9518 1409 4106 3684 9535 11142 763
4350+bno7 121 9518 1409 4106 3684 9535 11142 763
10129+bno0 9539 121 3684 1409 11142 290 2874 1149
10129+bno0 9539 121 3684 1409 11142 763 2874 1149
8148+bno6 121 97 1409 3684 9582 8676 11142 290
8148+bno6 121 97 1409 3684 9582 8676 11142 763
4370+bno7 121 9646 1409 8075 6794 9518 290 763
4370+bno7 121 9646 1409 8075 6794 9518 11142 763
10388+bno5 1409 121 9732 4019 8676 11142 763 290
8324+bno6 121 9732 1409 3684 4019 11142 290 8676
10388+bno6 1409 121 9732 4019 8676 11142 763 290
10388+bno7 1409 121 9732 4019 8676 11142 763 290
10388+bno4 1409 121 9732 4019 8676 11142 763 290
8326+bno6 121 9732 1409 3684 4019 763 290 8676
8148+bno6 121 10112 3684 1409 10104 943 763 290
8148+bno6 121 10112 3684 1409 10104 943 763 11142
8148+bno6 121 10223 3684 1409 8294 6651 11142 290
8868+bno0 10223 3684 6651 121 11142 290 763 8294
8180+bno6 121 10223 3684 1409 8294 6651 290 763
8150+bno6 121 10223 3684 1409 8294 6651 11142 763
8178+bno6 121 10709 1409 3684 3875 7934 290 763
8178+bno6 121 10709 1409 3684 3875 7934 11142 763
8148+bno6 121 10711 1409 3684 5611 8676 11142 290
8148+bno6 121 10711 1409 3684 5611 8676 11142 763
8148+bno6 121 10761 3684 1409 2023 3927 11142 290
8148+bno6 121 10761 3684 1409 2023 3927 763 290
4350+bno6 121 11191 1409 1098 3684 10792 11142 290
4350+bno6 121 11191 1409 1098 3684 10792 763 290
4350+bno7 121 11191 1409 1098 3684 10792 11142 290
4350+bno7 121 11191 1409 1098 3684 10792 763 290
4350+bno6 121 11528 3684 4054 1409 18450 290 11142
4350+bno6 121 11528 3684 4054 1409 18450 763 11142
4664+bno0 12047 121 605 3684 1409 290 763 9899
4664+bno0 12047 121 605 3684 1409 11142 763 9899
8148+bno6 121 12932 3684 1409 12931 4042 763 290
8148+bno6 121 12932 3684 1409 12931 4042 763 11142
4350+bno6 121 12932 3684 8032 1409 12931 290 763
4350+bno6 121 12932 3684 8032 1409 12931 11142 763
8148+bno6 121 13627 1409 3684 13607 4961 763 290
8148+bno6 121 13627 1409 3684 13607 4961 763 11142
4350+bno6 121 13627 3684 6451 1409 13607 763 290
4350+bno6 121 13627 3684 6451 1409 13607 763 11142
4350+bno6 121 13663 1409 1898 3684 13413 763 290
4350+bno6 121 13663 1409 1898 3684 13413 763 11142
8148+bno6 121 14056 3684 1409 14053 7460 763 290
8148+bno6 121 14056 3684 1409 14053 7460 763 11142
4350+bno6 121 14492 1409 1898 3684 16155 763 290
4350+bno6 121 14492 1409 1898 3684 16155 763 11142
8148+bno6 121 14546 3684 1409 14541 4144 763 290
8148+bno6 121 14546 3684 1409 14541 4144 763 11142
4350+bno6 121 14664 1409 1898 3684 14663 763 290
4350+bno6 121 14664 1409 1898 3684 14663 763 11142
8148+bno6 121 14711 1409 3684 14593 13650 290 11142
8148+bno6 121 14711 1409 3684 14593 13650 290 763
4350+bno6 121 14711 3684 6494 1409 14593 290 11142
4350+bno6 121 14711 3684 6494 1409 14593 763 11142
8148+bno6 121 15122 3684 1409 2802 622 763 290
8148+bno6 121 15122 3684 1409 2802 622 763 11142
8148+bno6 121 15254 3684 1409 14916 7666 11142 290
8148+bno6 121 15254 3684 1409 14916 7666 763 290
8148+bno6 121 15422 1409 3684 13607 4961 763 290
8148+bno6 121 15422 1409 3684 13607 4961 763 11142
4350+bno6 121 15422 3684 6451 1409 13607 763 290
4350+bno6 121 15422 3684 6451 1409 13607 763 11142
4350+bno6 121 15479 1409 12120 3684 15463 290 11142
4350+bno6 121 15479 1409 12120 3684 15463 763 11142
4350+bno7 121 15479 1409 12120 3684 15463 763 11142
8148+bno6 121 15573 3684 1409 11745 582 11142 290
8148+bno6 121 15573 3684 1409 11745 582 763 290
7142+bno0 15589 121 35575 1409 3684 11142 290 5924
7142+bno0 15589 121 35575 1409 3684 11142 763 5924
8148+bno6 121 15625 3684 1409 15600 943 763 290
8148+bno6 121 15625 3684 1409 15600 943 763 11142
4350+bno6 121 15688 3684 1061 1409 15555 763 290
4350+bno6 121 15688 3684 1061 1409 15555 763 11142
4350+bno6 121 16080 1409 12120 3684 9014 290 11142
4350+bno6 121 16080 1409 12120 3684 9014 763 11142
4350+bno7 121 16080 1409 12120 3684 9014 290 11142
8148+bno6 121 1640 3684 1409 17539 519 290 11142
8148+bno6 121 1640 3684 1409 17539 519 763 11142
8148+bno6 121 16689 1409 3684 16673 2481 11142 290
8148+bno6 121 16689 1409 3684 16673 2481 763 290
8148+bno3 121 16689 1409 3684 16673 2481 11142 290
8148+bno3 121 16689 1409 3684 16673 2481 763 290
8148+bno6 121 17104 1409 3684 17069 7392 11142 290
8148+bno6 121 17104 1409 3684 17069 7392 11142 763
4350+bno6 121 17358 3684 1233 1409 5144 763 290
4350+bno6 121 17358 3684 1233 1409 5144 763 11142
8148+bno6 121 17497 3684 1409 17495 2874 11142 290
8868+bno0 17497 3684 2874 121 11142 290 763 17495
8180+bno6 121 17497 3684 1409 17495 2874 290 763
8150+bno6 121 17497 3684 1409 17495 2874 11142 763
4350+bno6 121 17502 1409 12481 3684 17452 763 290
4350+bno6 121 17502 1409 12481 3684 17452 763 11142
8148+bno6 121 18072 3684 1409 13947 2874 11142 290
8148+bno6 121 18072 3684 1409 13947 2874 11142 763
8148+bno6 121 18082 3684 1409 6074 3927 11142 290
8148+bno6 121 18082 3684 1409 6074 3927 763 290
8180+bno6 121 18308 3684 1409 23810 10400 290 11142
8180+bno6 121 18308 3684 1409 23810 10400 763 11142
4350+bno6 121 18332 1409 1898 3684 19011 763 290
4350+bno6 121 18332 1409 1898 3684 19011 763 11142
4350+bno6 121 18431 3684 733 1409 17098 11142 290
4350+bno6 121 18431 3684 733 1409 17098 11142 763
8148+bno6 121 18579 3684 1409 18534 1310 11142 290
8148+bno6 121 18579 3684 1409 18534 1310 763 290
8148+bno6 121 18596 3684 1409 660 404 11142 290
8148+bno6 121 18596 3684 1409 660 404 763 290
4350+bno6 121 19191 1409 9716 3684 10331 763 290
4350+bno6 121 19191 1409 9716 3684 10331 763 11142
4350+bno6 121 19199 1409 12120 3684 14961 290 11142
4350+bno6 121 19199 1409 12120 3684 14961 763 11142
4350+bno7 121 19199 1409 12120 3684 14961 290 11142
4350+bno7 121 19199 1409 12120 3684 14961 763 11142
8148+bno6 121 19201 3684 1409 5473 2874 11142 290
8148+bno6 121 19201 3684 1409 5473 2874 11142 763
8148+bno6 121 19338 3684 1409 1763 11540 763 290
8148+bno6 121 19338 3684 1409 1763 11540 763 11142
4350+bno6 121 19391 3684 733 1409 17098 11142 290
4350+bno6 121 19391 3684 733 1409 17098 11142 763
4350+bno6 121 19753 3684 6262 1409 19643 290 763
4350+bno6 121 19753 3684 6262 1409 19643 11142 763
3785+bno0 19772 18079 1409 121 290 11142 4760 18077
3785+bno0 19772 18079 1409 121 763 11142 4760 18077
8868+bno0 20037 121 9025 1409 763 290 11142 11124
8868+bno0 20037 121 9025 3684 763 290 11142 11124
7116+bno0 20086 6506 1409 290 11142 121 3684 20063
7116+bno0 20086 6506 1409 763 11142 121 3684 20063
8868+bno0 2019 1409 8676 121 11142 290 763 11630
8148+bno6 121 2019 1409 3684 11630 8676 11142 290
8180+bno6 121 2019 1409 3684 11630 8676 290 763
8150+bno6 121 2019 1409 3684 11630 8676 11142 763
8148+bno6 121 20212 1409 3684 20208 13650 290 11142
8148+bno6 121 20212 1409 3684 20208 13650 290 763
4350+bno6 121 20430 1409 12357 3684 5986 290 11142
4350+bno6 121 20430 1409 12357 3684 5986 763 11142
4350+bno7 121 20430 1409 12357 3684 5986 290 11142
4350+bno6 121 20629 1409 14915 3684 20626 290 11142
4350+bno6 121 20629 1409 14915 3684 20626 763 11142
4350+bno7 121 20629 1409 14915 3684 20626 290 11142
8148+bno6 121 20867 1409 3684 20506 13650 290 11142
8148+bno6 121 20867 1409 3684 20506 13650 290 763
4350+bno6 121 20896 1409 3493 3684 20748 290 11142
4350+bno6 121 20896 1409 3493 3684 20748 763 11142
4350+bno7 121 20896 1409 3493 3684 20748 290 11142
4350+bno7 121 20896 1409 3493 3684 20748 763 11142
4350+bno6 121 20931 1409 3493 3684 17599 290 11142
4350+bno6 121 20931 1409 3493 3684 17599 763 11142
4350+bno7 121 20931 1409 3493 3684 17599 290 11142
4350+bno7 121 20931 1409 3493 3684 17599 763 11142
8148+bno6 121 2112 1409 3684 1369 8676 11142 290
8148+bno6 121 2112 1409 3684 1369 8676 11142 763
4350+bno6 121 2112 3684 3154 1409 1369 11142 290
4350+bno6 121 2112 3684 3154 1409 1369 763 290
4350+bno7 121 21687 1409 7482 14830 21692 290 11142
4350+bno7 121 21687 1409 7482 14830 21692 763 11142
4350+bno6 121 22023 3684 10696 1409 19637 763 290
4350+bno6 121 22023 3684 10696 1409 19637 763 11142
7142+bno0 22206 121 1119 3684 1409 11142 290 4342
7142+bno0 22206 121 1119 3684 1409 11142 763 4342
8180+bno6 121 2238 3684 1409 2110 451 290 763
8180+bno6 121 2238 3684 1409 2110 451 11142 763
4350+bno6 121 22451 1409 5091 3684 20325 763 290
4350+bno6 121 22451 1409 5091 3684 20325 763 11142
4350+bno7 121 22490 1409 12491 8430 11046 290 763
4350+bno7 121 22490 1409 12491 8430 11046 11142 763
8868+bno0 22510 121 5340 1409 763 290 11142 22501
8868+bno0 22510 121 5340 3684 763 290 11142 22501
3783+bno0 22630 15708 121 1409 763 290 21684 15746
3783+bno0 22630 15708 121 1409 763 11142 21684 15746
1790+bno0 22630 15750 15708 763 290 391 1409 15746
1790+bno0 22630 15750 15708 763 11142 391 1409 15746
8180+bno6 121 22773 3684 1409 19969 12310 11142 290
8180+bno6 121 22773 3684 1409 19969 12310 763 290
8868+bno0 22969 1409 13650 121 290 763 11142 19510
8150+bno6 121 22969 1409 3684 19510 13650 290 11142
8180+bno6 121 22969 1409 3684 19510 13650 763 11142
8148+bno6 121 22969 1409 3684 19510 13650 290 763
4664+bno0 23150 121 6032 3684 1409 11142 290 22984
4664+bno0 23150 121 6032 3684 1409 763 290 22984
4350+bno6 121 23238 3684 8032 1409 23229 290 763
4350+bno6 121 23238 3684 8032 1409 23229 11142 763
8180+bno6 121 23323 3684 1409 19969 12310 11142 290
8180+bno6 121 23323 3684 1409 19969 12310 763 290
8868+bno0 23843 1409 13650 121 290 763 11142 13729
8150+bno6 121 23843 1409 3684 13729 13650 290 11142
8180+bno6 121 23843 1409 3684 13729 13650 763 11142
8148+bno6 121 23843 1409 3684 13729 13650 290 763
8180+bno6 121 24024 1409 3684 21785 3402 290 11142
8180+bno6 121 24024 1409 3684 21785 3402 763 11142
8148+bno6 121 24618 1409 3684 8515 8676 11142 290
8148+bno6 121 24618 1409 3684 8515 8676 11142 763
4350+bno6 121 24633 1409 7936 3684 8391 290 763
4350+bno6 121 24633 1409 7936 3684 8391 11142 763
4350+bno7 121 24633 1409 7936 3684 8391 290 763
4350+bno7 121 24633 1409 7936 3684 8391 11142 763
8148+bno6 121 2509 3684 1409 2474 577 11142 290
7154+bno0 2509 577 3684 11142 763 121 290 2474
8178+bno6 121 2509 3684 1409 2474 577 290 763
7116+bno0 2509 577 3684 11142 763 121 1409 2474
8148+bno6 121 25299 3684 1409 8932 4144 763 290
8148+bno6 121 25299 3684 1409 8932 4144 763 11142
4350+bno6 121 25312 1409 5223 3684 25097 290 11142
4350+bno6 121 25312 1409 5223 3684 25097 763 11142
4350+bno7 121 25312 1409 5223 3684 25097 290 11142
8148+bno6 121 25552 3684 1409 25484 7460 763 290
8148+bno6 121 25552 3684 1409 25484 7460 763 11142
8148+bno6 121 25560 1409 3684 25530 13650 290 11142
8148+bno6 121 25560 1409 3684 25530 13650 290 763
7142+bno0 25772 121 9025 1409 3684 763 290 25770
7142+bno0 25772 121 9025 1409 3684 763 11142 25770
7142+bno0 25775 121 9025 1409 3684 763 290 25770
7142+bno0 25775 121 9025 1409 3684 763 11142 25770
4350+bno6 121 26137 3684 6494 1409 23016 290 11142
4350+bno6 121 26137 3684 6494 1409 23016 763 11142
8868+bno0 26152 121 14497 1409 290 11142 763 25665
8868+bno0 26152 121 14497 3684 290 11142 763 25665
8180+bno6 121 27084 1409 3684 26778 25510 290 763
8180+bno6 121 27084 1409 3684 26778 25510 11142 763
8148+bno6 121 27380 3684 1409 27375 3502 11142 290
8148+bno6 121 27380 3684 1409 27375 3502 11142 763
8868+bno0 27659 1409 13650 121 290 763 11142 22237
8150+bno6 121 27659 1409 3684 22237 13650 290 11142
8180+bno6 121 27659 1409 3684 22237 13650 763 11142
8148+bno6 121 27659 1409 3684 22237 13650 290 763
4350+bno6 121 27740 3684 11100 1409 27729 763 290
4350+bno6 121 27740 3684 11100 1409 27729 763 11142
8148+bno6 121 27983 3684 1409 25309 2874 11142 290
8148+bno6 121 27983 3684 1409 25309 2874 11142 763
4350+bno6 121 28069 3684 3521 1409 28068 290 11142
4350+bno6 121 28069 3684 3521 1409 28068 763 11142
8148+bno6 121 29379 3684 1409 21075 2874 11142 290
8148+bno6 121 29379 3684 1409 21075 2874 11142 763
8148+bno6 121 29549 1409 3684 29413 13650 290 11142
8148+bno6 121 29549 1409 3684 29413 13650 290 763
4350+bno6 121 29549 1409 12120 3684 29413 290 11142
4350+bno6 121 29549 1409 12120 3684 29413 763 11142
4350+bno7 121 29549 1409 12120 3684 29413 290 11142
8148+bno6 121 29828 3684 1409 7035 943 763 290
8148+bno6 121 29828 3684 1409 7035 943 763 11142
4350+bno6 121 30906 3684 1508 1409 17085 11142 290
4350+bno6 121 30906 3684 1508 1409 17085 763 290
8148+bno6 121 30906 3684 1409 17085 299 763 290
8148+bno6 121 30906 3684 1409 17085 299 763 11142
4350+bno6 121 30943 1409 3493 3684 30933 290 11142
4350+bno6 121 30943 1409 3493 3684 30933 763 11142
4350+bno7 121 30943 1409 3493 3684 30933 763 11142
8148+bno6 121 31009 3684 1409 27140 1310 11142 290
8148+bno6 121 31009 3684 1409 27140 1310 763 290
8148+bno6 121 31070 3684 1409 13647 11540 763 290
8148+bno6 121 31070 3684 1409 13647 11540 763 11142
8148+bno6 121 31192 3684 1409 20233 11540 763 290
8148+bno6 121 31192 3684 1409 20233 11540 763 11142
8148+bno6 121 31214 3684 1409 40 2874 11142 290
8148+bno6 121 31214 3684 1409 40 2874 11142 763
3783+bno0 31352 30924 1409 121 290 11142 13650 25337
3783+bno0 31352 30924 1409 121 290 763 13650 25337
8148+bno6 121 31361 3684 1409 4643 4144 763 290
8148+bno6 121 31361 3684 1409 4643 4144 763 11142
8148+bno6 121 3213 3684 1409 5988 802 11142 290
8148+bno6 121 3213 3684 1409 5988 802 11142 763
8148+bno6 121 3287 3684 1409 3244 302 763 290
8148+bno6 121 3287 3684 1409 3244 302 763 11142
8148+bno6 121 3842 1409 3684 1369 8676 11142 290
8148+bno6 121 3842 1409 3684 1369 8676 11142 763
4350+bno6 121 3842 3684 3154 1409 1369 11142 290
4350+bno6 121 3842 3684 3154 1409 1369 763 290
8178+bno6 121 4070 1409 3684 3875 7934 290 763
8178+bno6 121 4070 1409 3684 3875 7934 11142 763
3783+bno0 4853 1656 1409 121 763 290 4961 4806
3783+bno0 4853 1656 1409 121 763 11142 4961 4806
8148+bno6 121 5116 3684 1409 3857 2874 11142 290
8148+bno6 121 5116 3684 1409 3857 2874 11142 763
8148+bno6 121 5116 3684 1409 3857 4528 11142 290
8148+bno6 121 5116 3684 1409 3857 4528 11142 763
8148+bno6 121 5319 3684 1409 5313 2874 11142 290
8148+bno6 121 5319 3684 1409 5313 2874 11142 763
7142+bno0 6369 121 5340 3684 1409 763 290 6343
7142+bno0 6369 121 5340 3684 1409 763 11142 6343
8148+bno6 121 6475 3684 1409 6433 943 763 290
8148+bno6 121 6475 3684 1409 6433 943 763 11142
4350+bno6 121 6475 3684 3521 1409 6433 290 11142
4350+bno6 121 6475 3684 3521 1409 6433 763 11142
8148+bno6 121 6935 3684 1409 1938 83 11142 290
8148+bno6 121 6935 3684 1409 1938 83 11142 763
8148+bno6 121 6935 3684 1409 1938 184 11142 290
8148+bno6 121 6935 3684 1409 1938 184 763 290
4350+bno6 121 7071 3684 3521 1409 7049 290 11142
4350+bno6 121 7071 3684 3521 1409 7049 763 11142
4350+bno6 121 7129 3684 3521 1409 7101 290 11142
4350+bno6 121 7129 3684 3521 1409 7101 763 11142
8148+bno6 121 7266 3684 1409 7218 19475 11142 290
8148+bno6 121 7266 3684 1409 7218 19475 11142 763
8148+bno6 121 7377 3684 1409 7218 19475 11142 290
8148+bno6 121 7377 3684 1409 7218 19475 11142 763
8148+bno6 121 7790 3684 1409 8736 2874 11142 290
8148+bno6 121 7790 3684 1409 8736 2874 11142 763
4350+bno6 121 7993 1409 1898 3684 7428 763 290
4350+bno6 121 7993 1409 1898 3684 7428 763 11142
4350+bno6 121 8030 3684 3521 1409 7049 290 11142
4350+bno6 121 8030 3684 3521 1409 7049 763 11142
8148+bno6 121 8333 3684 1409 7276 7460 763 290
8148+bno6 121 8333 3684 1409 7276 7460 763 11142
8148+bno6 121 8592 1409 3684 5363 1096 11142 290
8148+bno6 121 8592 1409 3684 5363 1096 11142 763
8148+bno6 121 8638 3684 1409 7057 4144 763 290
8148+bno6 121 8638 3684 1409 7057 4144 763 11142
7154+bno0 8941 1223 121 763 11142 1409 290 11800
4386+bno6 121 8941 3684 1223 1409 11800 11142 290
4350+bno6 121 8941 3684 1223 1409 11800 763 290
3836+bno0 8941 1223 121 3684 763 11142 1409 11800
4350+bno6 121 9006 1409 1715 3684 8275 763 290
4350+bno6 121 9006 1409 1715 3684 8275 763 11142
4350+bno6 121 9798 1409 4580 3684 9792 11142 290
4350+bno6 121 9798 1409 4580 3684 9792 11142 763
