11614 10610 3684 121 763 1409 4144 290 297
11614 10610 3684 121 763 11142 4144 290 297
11614 10610 3684 121 763 1409 4144 290 18060
11614 10610 3684 121 763 11142 4144 290 18060
9452 121 2642 3684 8430 4661 1409 11142 290
11614 3701 121 3684 763 1409 10076 290 297
11614 3701 121 3684 763 11142 10076 290 297
11614 50973 3684 121 763 297 4144 290 1409
11614 50973 3684 121 763 11142 4144 290 18060
11614 8050 3684 121 1409 2841 8103 290 763
11614 8050 3684 121 1409 18060 8103 290 763
11614 16002 3684 121 763 1409 13265 290 4231
11614 16002 3684 121 11142 1409 13265 290 4231
11614 2 121 3684 763 1409 10076 290 18060
11614 2 121 3684 763 11142 10076 290 18060
10128 3593 121 3684 6794 290 1409 8032 11142
10128 3593 121 3684 6794 290 763 8032 11142
11614 4971 3684 121 763 297 4144 290 1409
11614 4971 3684 121 763 11142 4144 290 18060
11614 6360 121 3684 763 18060 1898 1409 290
11614 6360 121 3684 763 1946 1898 1409 290
11614 13059 121 3684 290 763 7743 1409 1946
11614 13059 121 3684 11142 763 7743 1409 1946
11614 16143 121 3684 290 1409 14497 297 11142
11614 16143 121 3684 290 763 14497 297 11142
11614 21522 3684 121 763 1409 4144 290 18060
11614 21522 3684 121 763 11142 4144 290 18060
11614 2562 3684 121 290 1409 4144 763 18060
11614 2562 3684 121 290 11142 4144 763 18060
11614 30412 121 3684 290 1409 32332 18060 11142
11614 30412 121 3684 763 1409 32332 18060 11142
11614 11002 3684 121 1409 11142 8103 290 2841
11614 11002 3684 121 1409 18060 8103 290 763
11614 717 3684 121 763 297 4144 290 1409
11614 717 3684 121 763 18060 4144 290 1409
12292 23542 1409 121 763 13650 3684 297 11142
12292 23542 290 121 763 13650 3684 297 11142
11614 7949 3684 121 290 1409 36814 2841 763
11614 7949 3684 121 290 11142 36814 2841 763
12292 8938 1409 3684 6094 13650 121 290 11142
12292 8938 1409 3684 18060 13650 121 290 11142
11614 732 3684 121 763 290 1650 2841 1409
11614 732 3684 121 763 11142 1650 2841 1409
12292 13244 290 3684 6094 13650 121 1409 763
12292 13244 290 3684 18060 13650 121 1409 763
11614 11054 3684 121 763 1409 5373 297 290
11614 11054 3684 121 763 1409 5373 297 11142
11614 11054 3684 121 763 1409 5373 18060 290
11614 11054 3684 121 763 1409 5373 18060 11142
11614 11056 121 3684 290 763 14497 1946 1409
11614 11056 121 3684 290 763 14497 1946 11142
10129 17009 121 3684 8430 763 1409 16046 290
10129 17009 121 3684 8430 11142 1409 16046 290
11614 310 3684 121 290 1465 83 763 1409
11614 310 3684 121 11142 1465 83 763 1409
11614 310 3684 121 290 1149 83 763 1409
11614 310 3684 121 11142 1149 83 763 1409
11614 5002 121 3684 763 290 1898 1409 297
11614 5002 121 3684 763 11142 1898 1409 297
11614 12198 3684 121 763 1409 4144 290 297
11614 12198 3684 121 763 11142 4144 290 297
9456 121 12660 3684 6794 402 1409 11142 290
9456 121 12660 3684 6794 402 1409 11142 763
11614 18013 3684 121 290 297 4144 763 11142
11614 18013 3684 121 290 1409 4144 763 18060
11614 6342 121 3684 290 1409 3206 763 1946
11614 6342 121 3684 290 11142 3206 763 1946
11614 13707 121 3684 290 11142 10076 6101 1409
11614 13707 121 3684 763 11142 10076 6101 1409
11614 1606 3684 121 763 297 16046 11142 290
11614 1606 3684 121 763 1409 16046 6101 290
9452 121 10701 3684 8430 4661 1409 11142 290
11614 15551 3684 121 763 290 1306 2926 1409
11614 15551 3684 121 763 11142 1306 2926 1409
11614 3465 3684 121 1409 763 8103 297 11142
11614 3465 3684 121 290 763 8103 297 11142
10129 5069 121 3684 6794 290 763 8032 1409
10129 5069 121 3684 6794 11142 763 8032 1409
11614 9481 121 3684 763 1409 3041 297 290
11614 9481 121 3684 763 11142 3041 297 290
8871 12668 3684 2874 121 11142 290 1409 519
8871 12668 3684 2874 121 11142 763 1409 519
9452 121 13400 3684 4832 2642 1409 290 11142
9576 121 1266 3684 6794 2246 290 763 1409
11614 24611 3684 121 763 1409 4144 290 18060
11614 24611 3684 121 763 11142 4144 290 18060
11614 5789 121 3684 1409 11142 1898 763 18060
11614 5789 121 3684 1409 1946 1898 763 290
11614 27253 3684 121 290 2841 8103 1409 11142
11614 27253 3684 121 290 18060 8103 1409 11142
10533 121 3684 15388 10779 2954 11142 1409 763
10128 17846 121 3684 6794 290 1409 8032 11142
10128 17846 121 3684 6794 290 763 8032 11142
11614 27040 3684 121 1409 763 8103 290 18060
11614 27040 3684 121 1409 11142 8103 290 18060
11614 16178 121 6794 6094 763 23141 1409 290
11614 16178 121 6794 6094 763 23141 11142 290
11564 16801 3684 121 763 1409 184 6794 290
11564 16801 3684 121 11142 1409 184 6794 290
9452 121 7076 3684 6794 17503 1409 763 290
9452 121 7076 3684 6794 17503 1409 763 11142
9014 19334 121 10076 3684 290 1409 8050 11142
9014 19334 121 10076 3684 763 1409 8050 11142
10128 23297 121 3684 8430 11142 1409 16046 763
10128 23297 121 3684 8430 11142 290 16046 763
11307 25356 763 1847 3684 1409 11142 947 121
11307 25356 763 1847 3684 290 11142 947 121
9700 121 27013 3684 6794 402 763 1409 290
9700 121 27013 3684 6794 402 11142 1409 290
11614 27013 121 6794 6094 763 402 1409 290
11614 27013 121 6794 6094 11142 402 1409 290
11307 14672 763 1847 3684 290 1409 27564 121
11307 14672 763 1847 3684 11142 1409 27564 121
11614 14672 763 1847 290 1409 27564 121 6094
11614 14672 763 1847 11142 1409 27564 121 6094
11614 4863 121 3684 763 290 353 2841 1409
11614 4863 121 3684 763 11142 353 2841 1409
8871 14143 3684 2874 121 11142 290 1409 519
8871 14143 3684 2874 121 11142 763 1409 519
11614 20674 3684 121 11142 290 23317 1409 18060
11614 20674 3684 121 11142 763 23317 1409 18060
11614 6768 3684 121 763 1409 3992 297 11142
11614 6768 3684 121 763 290 3992 297 11142
12202 3684 6651 9211 121 11142 6794 1409 763
12202 3684 6651 9211 121 11142 6794 290 763
12292 17456 290 3684 2841 6506 121 11142 1409
12292 17456 763 3684 2841 6506 121 11142 1409
12292 17456 290 3684 297 6506 121 11142 1409
12292 17456 763 3684 297 6506 121 11142 1409
11614 22727 121 3684 1409 1946 1898 763 290
11614 22727 121 3684 1409 1946 1898 763 11142
9456 121 23959 3684 8430 2622 1409 290 763
9456 121 23959 3684 8430 2622 1409 290 11142
9456 121 23959 3684 613 2622 1409 290 763
9456 121 23959 3684 613 2622 1409 290 11142
8871 25812 3684 2874 121 11142 290 1409 519
8871 25812 3684 2874 121 11142 763 1409 519
11614 27962 121 3684 290 2841 801 763 11142
11614 27962 121 3684 290 297 801 763 11142
10533 121 3684 3027 972 8430 1409 290 11142
9456 121 3027 3684 613 972 1409 290 11142
9456 121 8977 3684 613 7699 1409 763 290
11614 10613 121 3684 763 18060 1898 1409 11142
11614 10613 121 3684 763 1946 1898 1409 11142
11614 17294 3684 121 1409 290 425 18060 11142
11614 17294 3684 121 763 290 425 18060 11142
11614 17294 3684 121 1409 290 425 1465 11142
11614 17294 3684 121 763 290 425 1465 11142
11614 18420 3684 121 1409 297 1335 290 11142
11614 18420 3684 121 1409 297 1335 763 11142
9576 121 9928 3684 6794 18938 763 290 1409
11614 1921 3684 121 763 297 2191 290 1409
11614 1921 3684 121 763 18060 2191 290 1409
12292 20947 290 3684 11142 13650 121 1409 6094
12292 20947 290 3684 11142 13650 121 2841 763
9452 121 21779 3684 3948 8887 290 11142 1409
9452 121 21779 3684 3948 8887 763 11142 1409
8871 22975 3684 2874 121 11142 290 1409 519
8871 22975 3684 2874 121 11142 763 1409 519
11614 2757 3684 121 763 290 1650 2841 1409
11614 2757 3684 121 763 11142 1650 2841 1409
8871 3775 3684 2874 121 11142 1409 290 15155
11614 4129 121 3684 1409 18060 4720 290 11142
11614 4129 121 3684 763 18060 4720 290 11142
11614 4129 121 3684 1409 1946 4720 290 11142
11614 4129 121 3684 763 1946 4720 290 11142
11614 6822 121 3684 763 1409 10076 290 297
11614 6822 121 3684 763 18060 10076 290 11142
11614 914 121 3684 763 1409 3041 18060 11142
11614 914 121 3684 763 290 3041 18060 11142
9456 121 16639 3684 613 12205 11142 1409 763
9456 121 17246 3684 613 9022 1409 11142 763
11614 19493 121 3684 763 9072 6756 1409 11142
11614 19493 121 3684 763 290 6756 454 11142
11614 21202 3684 121 290 1409 21123 297 763
11614 21202 3684 121 290 11142 21123 297 763
11614 2586 121 3684 1409 297 12120 290 763
11614 2586 121 3684 1409 4177 12120 290 763
9456 3684 35361 121 11540 16049 290 11142 1409
9456 3684 35361 121 11540 16049 763 11142 1409
11614 54780 121 3684 1409 18060 7743 290 763
11614 54780 121 3684 11142 18060 7743 290 763
11614 54780 121 3684 1409 1946 7743 290 763
11614 54780 121 3684 11142 1946 7743 290 763
9452 121 4661 3684 6794 7842 1409 763 11142
11614 7842 3684 121 11142 1409 2273 763 1946
11614 7842 3684 121 11142 290 2273 763 1946
12292 8779 763 121 6094 7934 3684 1409 290
12292 8779 763 121 18060 7934 3684 1409 290
11614 13279 121 3684 1409 11142 12120 6101 763
11614 13279 121 3684 290 11142 12120 6101 763
10128 13431 121 3684 6794 290 1409 8032 11142
10128 13431 121 3684 6794 290 763 8032 11142
8871 14514 3684 2874 121 11142 290 1409 519
8871 14514 3684 2874 121 11142 763 1409 519
11614 17565 121 3684 1409 2841 5091 763 11142
11614 17565 121 3684 1409 297 5091 763 11142
11614 19186 3684 121 11142 297 360 763 1409
11614 19186 3684 121 11142 18060 360 763 1409
9452 121 2502 3684 6794 17457 290 763 1409
11614 3318 121 3684 763 1409 3041 297 290
11614 3318 121 3684 763 11142 3041 297 290
11614 4807 121 3684 1409 18060 7743 290 763
11614 4807 121 3684 11142 18060 7743 290 763
11614 4807 121 3684 1409 1946 7743 290 763
11614 4807 121 3684 11142 1946 7743 290 763
11614 73942 3684 121 763 1409 1306 6101 11142
11614 73942 3684 121 763 290 1306 6101 11142
11614 7514 3684 121 11142 290 5094 763 2841
11614 7514 3684 121 11142 297 5094 763 1409
9537 3684 5101 121 2874 9046 290 11142 1409
9537 3684 5101 121 2874 9046 763 11142 1409
10129 1116 121 3684 6794 290 763 8032 1409
10129 1116 121 3684 6794 11142 763 8032 1409
11614 12824 121 3684 763 6101 22971 1409 290
11614 12824 121 3684 763 4177 22971 1409 290
11614 12961 121 3684 763 290 3710 1409 4231
11614 12961 121 3684 763 11142 3710 1409 4231
9452 121 13388 3684 8430 6096 290 1409 11142
9452 121 13388 3684 8430 6096 763 1409 11142
11614 16862 121 3684 290 763 14497 297 1409
11614 16862 121 3684 290 11142 14497 297 1409
9452 3684 17326 121 6666 519 290 1409 763
8883 2267 2874 3684 11142 121 1409 763 4
8883 2267 2874 3684 11142 121 290 763 4
9456 121 23796 3684 8430 6494 290 1409 11142
9456 121 23796 3684 8430 6494 763 1409 11142
11614 23796 121 8430 290 1409 6494 6094 11142
11614 23796 121 8430 763 1409 6494 6094 11142
11614 25005 121 3684 1409 11142 12120 18060 763
11614 25005 121 3684 290 11142 12120 18060 763
11614 25005 121 3684 1409 11142 12120 6101 763
11614 25005 121 3684 290 11142 12120 6101 763
9452 3684 36061 121 10400 35361 290 1409 11142
9452 3684 36061 121 10400 35361 763 1409 11142
8951 36735 121 6756 8430 1409 290 36061 11142
9576 121 7538 3684 613 3975 290 763 1409
9576 121 7538 3684 613 3975 11142 763 1409
9452 121 9335 3684 6794 6307 1409 290 763
11614 10461 121 3684 1409 290 7507 11142 1946
11614 10461 121 3684 763 290 7507 11142 1946
11614 10591 3684 121 1409 290 3132 9072 11142
11614 10591 3684 121 763 290 3132 9072 11142
9576 121 7294 3684 6794 12586 1409 763 11142
11614 14744 3684 121 1409 290 425 763 4231
11614 14744 3684 121 1409 11142 425 763 4231
11614 2146 3684 121 1409 763 35833 290 4177
11614 2146 3684 121 11142 763 35833 290 4177
8871 21488 3684 2874 121 11142 1409 290 15155
11307 17113 121 3684 763 1409 11142 22429 1847
11307 17113 121 3684 763 290 11142 22429 1847
11614 23064 121 3684 1409 763 12120 18060 11142
11614 23064 121 3684 290 763 12120 18060 11142
11550 25590 3684 121 290 11142 798 613 1409
11550 25590 3684 121 763 11142 798 613 1409
11614 2592 3684 121 763 1409 4183 6101 290
11614 2592 3684 121 11142 1409 4183 6101 290
11614 30015 3684 121 1409 11142 644 290 2926
11614 30015 3684 121 763 11142 644 290 2926
10033 32022 21684 763 121 290 1409 2841 21523
10033 32022 21684 763 121 11142 1409 2841 21523
11074 358 1409 13650 3684 121 763 359 290
11074 358 1409 13650 3684 121 11142 359 290
11307 359 763 394 3684 1409 290 358 121
11307 359 763 394 3684 11142 290 358 121
9452 121 6985 3684 6794 23141 11142 290 1409
9452 121 6985 3684 6794 23141 11142 763 1409
9456 121 7060 3684 6794 23758 1409 290 11142
11614 7667 121 3684 11142 1409 461 290 2841
11614 7667 121 3684 11142 763 461 290 2841
11614 20787 3684 121 290 18060 7894 1409 11142
11614 20787 3684 121 290 18060 7894 763 11142
9452 121 9542 3684 6794 1481 763 290 1409
9452 121 9542 3684 6794 1481 763 11142 1409
7154 12044 9564 121 1409 11142 6794 290 11281
10427 10609 15517 121 1409 290 12044 8430 11142
8950 10609 121 15517 613 1409 290 12044 11142
10533 121 3684 12064 9022 8430 1409 763 11142
9456 121 12064 3684 613 9022 1409 763 11142
11614 12312 121 3684 1409 11142 2363 1149 290
11614 12312 121 3684 763 11142 2363 1149 290
11307 14039 121 3684 763 1409 11142 11361 394
11307 14039 121 3684 763 290 11142 11361 394
9452 121 14840 3684 3948 14694 1409 11142 763
10533 121 3684 1646 15293 6794 1409 763 290
9456 121 1672 3684 8430 2622 1409 290 11142
9456 121 1672 3684 8430 2622 1409 763 11142
9456 121 1672 3684 613 2622 1409 290 11142
9456 121 1672 3684 613 2622 1409 763 11142
10129 1681 121 3684 6794 290 763 8032 1409
10129 1681 121 3684 6794 11142 763 8032 1409
9456 121 17173 3684 8430 2622 1409 290 763
9456 121 17173 3684 8430 2622 1409 11142 763
11614 17255 121 3684 1409 18060 7743 11142 763
11614 17255 121 3684 290 18060 7743 11142 763
11614 17255 121 3684 1409 1946 7743 11142 763
11614 17255 121 3684 290 1946 7743 11142 763
8950 18372 121 972 8430 1409 290 20175 11142
9452 121 19706 3684 6794 23408 763 290 1409
9700 121 19706 3684 6794 23408 290 1409 11142
9576 121 19706 3684 6794 23408 763 1409 11142
11614 19706 121 6794 763 6094 23408 1409 11142
9456 121 20228 3684 6794 23141 1409 763 290
9576 121 20228 3684 6794 23141 1409 11142 290
9452 121 20228 3684 6794 23141 1409 763 11142
11614 20228 121 6794 6094 763 23141 11142 290
9452 3684 22253 121 5690 6460 1409 763 290
11307 22620 121 3684 763 1409 290 1074 1847
11307 22620 121 3684 763 1409 11142 1074 1847
11614 23136 121 3684 290 297 12120 1409 763
11614 23136 121 3684 290 297 12120 1409 11142
11614 23136 121 3684 290 4177 12120 1409 763
11614 23136 121 3684 290 4177 12120 1409 11142
9444 3684 26059 121 2874 26145 290 1409 11142
9444 3684 26059 121 2874 26145 763 1409 11142
11548 26145 763 21684 290 11142 26059 297 1409
11548 26145 121 21684 290 11142 26059 297 1409
10128 27701 121 3684 613 290 1409 25442 763
10128 27701 121 3684 613 11142 1409 25442 763
10128 27701 121 3684 2954 290 1409 25442 763
10128 27701 121 3684 2954 11142 1409 25442 763
9452 121 17118 3684 4832 31306 1409 763 11142
9452 121 32660 3684 12705 35959 1409 11142 763
11297 4553 3684 121 763 1409 11142 2741 4953
11297 4553 3684 121 763 290 11142 2741 4953
11548 2741 763 4953 1409 6094 4553 121 11142
11548 2741 763 4953 290 6094 4553 121 11142
11614 12170 3684 121 763 1409 798 290 4231
11614 12170 3684 121 763 11142 798 290 4231
9576 121 12233 3684 8430 4661 1409 763 11142
11614 12233 121 8430 1409 6094 4661 763 11142
11614 12233 121 8430 290 6094 4661 763 11142
9456 121 12289 3684 6794 437 763 1409 290
9456 121 12289 3684 6794 437 11142 1409 290
9456 121 12289 3684 6794 2361 1409 11142 290
11614 1272 3684 121 290 1409 21123 1946 11142
11614 1272 3684 121 290 763 21123 1946 11142
10128 15381 121 3684 6794 763 1409 13878 290
10128 15381 121 3684 6794 763 11142 13878 290
9456 121 15626 3684 8430 2622 1409 290 763
9456 121 15626 3684 8430 2622 1409 11142 763
9456 121 15626 3684 613 2622 1409 290 763
9456 121 15626 3684 613 2622 1409 11142 763
10128 16762 4144 290 763 11142 297 22479 1409
10128 16762 4144 290 763 121 297 22479 1409
9444 3684 22479 121 3992 16762 290 1409 763
9444 3684 22479 121 3992 16762 11142 1409 763
9444 3684 17326 121 7460 17547 1409 11142 763
8871 17673 3684 2874 121 11142 290 1409 519
8871 17673 3684 2874 121 11142 763 1409 519
11614 18606 121 3684 290 2926 12357 1409 11142
11614 18606 121 3684 763 2926 12357 1409 11142
11614 18606 121 3684 290 9072 12357 1409 11142
11614 18606 121 3684 763 9072 12357 1409 11142
8935 22008 121 9564 6794 1409 290 22757 11142
9576 121 22211 3684 8430 8719 763 1409 290
9576 121 22211 3684 8430 8719 11142 1409 290
11614 22211 121 8430 763 6094 8719 1409 290
11614 22211 121 8430 11142 6094 8719 1409 290
9452 3684 28172 121 10400 24114 763 1409 290
9452 3684 28172 121 10400 24114 11142 1409 290
9700 121 27742 3684 6794 402 290 1409 763
9700 121 27742 3684 6794 402 11142 1409 763
11614 27742 121 6794 6094 290 402 1409 763
11614 27742 121 6794 6094 11142 402 1409 763
11307 3028 121 3684 763 1409 290 2618 1847
11307 3028 121 3684 763 11142 290 2618 1847
10533 121 3684 33902 10744 2954 1409 11142 290
8868 31978 121 23408 6794 1409 11142 290 39184
9456 121 7834 3684 6794 4642 11142 1409 290
11614 7909 3684 121 290 4177 3927 763 1409
11614 7909 3684 121 11142 4177 3927 763 1409
11614 7909 3684 121 290 1149 3927 763 1409
11614 7909 3684 121 11142 1149 3927 763 1409
8936 8602 121 6360 8430 11142 1409 7736 763
11546 8121 1409 3969 290 121 8842 763 3684
11546 8121 1409 3969 11142 121 8842 763 3684
9456 121 9091 3684 6794 22131 1409 290 763
11614 10264 3684 121 290 1409 3927 11142 1149
11614 10264 3684 121 763 1409 3927 11142 1149
8928 34704 290 35959 1266 763 11142 10423 3684
8928 34704 290 35959 1266 1409 11142 10423 3684
11188 121 10901 3684 3609 6794 1409 290 763
11188 121 10901 3684 3609 6794 1409 11142 763
9452 121 10901 3684 12705 4893 1409 11142 763
11614 11426 121 3684 763 1409 12617 2841 290
11614 11426 121 3684 763 11142 12617 2841 290
11614 11426 121 3684 763 1409 12617 1946 290
11614 11426 121 3684 763 11142 12617 1946 290
12292 11583 11142 3684 6094 4213 121 763 1409
12292 11583 11142 3684 2841 4213 121 763 1409
11614 11901 290 4144 1409 297 21564 11142 121
11614 11901 763 4144 1409 297 21564 11142 121
9452 3684 12103 121 6666 2305 1409 290 11142
11614 13641 121 3684 1409 4231 3710 763 290
11614 13641 121 3684 1409 2530 3710 763 290
7154 23709 12978 121 1409 11142 6794 290 13729
10385 121 6794 23709 13729 8991 1409 290 11142
10385 121 6794 23709 13729 8991 1409 763 11142
8950 16530 121 9022 8430 1409 11142 14074 763
9563 3684 14210 121 2874 15155 1409 11142 290
8868 6958 121 9022 8430 1409 763 11142 15311
9452 3684 16530 121 238 17009 1409 290 763
9452 121 17507 3684 3948 11143 290 1409 11142
10128 19229 519 290 121 1409 11142 18181 18060
10128 19229 519 763 121 1409 11142 18181 18060
11614 1927 121 3684 11142 1409 6579 763 6101
11614 1927 121 3684 11142 290 6579 763 6101
11548 20021 11142 2874 1409 290 8358 3684 763
11548 8358 121 3684 1409 763 20021 2874 290
11297 20021 11142 2874 121 1409 290 8358 3684
11297 8358 121 3684 11142 1409 763 20021 2874
8868 15575 121 6756 8430 1409 290 11142 21753
6840 23549 24732 290 3684 763 1266 11142 22379
6840 23549 24732 290 3684 1409 1266 11142 22379
6840 23549 24732 290 6094 763 1266 11142 22379
6840 23549 24732 290 6094 1409 1266 11142 22379
6578 24732 23549 1409 3684 290 3077 11142 22379
6578 24732 23549 1409 3684 763 3077 11142 22379
6578 25373 23549 1409 3684 290 3077 11142 22379
6578 25373 23549 1409 3684 763 3077 11142 22379
6578 24662 23549 1409 3684 290 3077 11142 22379
6578 24662 23549 1409 3684 763 3077 11142 22379
11548 22202 290 13650 11142 763 22485 1409 6094
11548 22202 290 13650 121 763 22485 1409 6094
11614 22527 3684 121 763 1409 1306 6101 11142
11614 22527 3684 121 763 290 1306 6101 11142
8868 20026 121 21907 613 1409 763 11142 23381
9456 121 23540 3684 2954 2968 11142 1409 763
9456 121 23657 3684 613 21907 1409 11142 763
10533 121 3684 24078 402 6794 1409 290 763
10533 121 3684 24078 402 6794 1409 11142 763
9452 3684 2579 121 6666 3485 763 1409 290
9452 3684 2579 121 6666 3485 11142 1409 290
12202 3684 824 26818 121 1409 6794 11142 290
12202 3684 824 26818 121 763 6794 11142 290
11614 28085 121 3684 290 1409 20186 763 6101
11614 28085 121 3684 11142 1409 20186 763 6101
8868 1281 121 2622 8430 1409 290 763 30954
8868 1281 121 2622 8430 1409 11142 763 30954
11614 31107 3684 121 1409 763 8103 297 11142
11614 31107 3684 121 290 763 8103 297 11142
9452 3684 31348 121 2874 15155 1409 290 763
8871 31348 3684 2874 121 11142 1409 290 15155
9014 31348 3684 2874 121 11142 1409 15155 763
10128 31348 2874 6094 11142 121 290 15155 763
11548 22709 763 4144 2841 1409 31696 290 11142
11548 22709 763 4144 297 1409 31696 290 11142
9452 121 34247 3684 12705 2733 763 290 1409
9452 121 34247 3684 12705 2733 11142 290 1409
11614 35324 121 3684 1409 11142 34919 4362 763
11614 35324 121 3684 290 11142 34919 4362 763
7278 1028 9402 121 763 290 2954 1409 5965
3935 2568 1028 121 20302 763 290 1409 5965
7116 2568 16622 763 11142 290 1056 121 5965
7116 2568 16622 763 1409 290 1056 121 5965
3848 2568 16622 5701 763 11142 290 121 5965
3848 2568 16622 5701 763 1409 290 121 5965
11548 396 3684 121 763 1409 6277 6794 290
11548 396 3684 121 11142 1409 6277 6794 290
11548 2362 3684 121 11142 763 6699 6794 1409
11548 2362 3684 121 11142 763 6699 6794 290
8935 16813 121 8646 8430 1409 11142 673 290
8935 16813 121 8646 613 1409 11142 673 290
8935 7685 763 111 6085 11142 3684 6674 290
8935 7685 763 111 6085 1409 3684 6674 290
11307 7694 763 1847 121 11142 1409 2883 3684
11307 7694 763 1847 121 11142 290 2883 3684
9452 121 8684 3684 8430 812 1409 290 11142
8868 5016 121 402 6794 1409 290 11142 8684
8868 5016 121 402 6794 1409 763 11142 8684
7154 5144 812 121 1409 11142 8430 290 8684
10128 889 3684 121 6666 1409 290 11028 11142
10128 889 3684 121 6666 763 290 11028 11142
8871 9516 3684 2874 121 11142 290 1409 519
8871 9516 3684 2874 121 11142 763 1409 519
1365 15661 6262 11259 11142 6094 1304 763 10075
1365 15661 6262 11259 290 6094 1304 763 10075
9537 3684 19186 121 2039 10201 290 763 1409
9537 3684 19186 121 2039 10201 11142 763 1409
11307 10323 3684 121 763 1409 11142 2741 3272
11307 10323 3684 121 763 290 11142 2741 3272
9456 121 1058 3684 6794 30363 763 1409 290
9456 121 1058 3684 6794 30363 11142 1409 290
9452 121 10857 3684 6794 23758 763 290 1409
9452 121 10857 3684 6794 23758 763 11142 1409
5374 21907 11841 121 8430 1409 290 26226 11142
5374 11841 21907 121 8430 1409 763 26226 11142
9444 121 26097 3684 25619 11841 1409 290 763
8871 26097 121 25619 3684 11142 1409 290 11841
8998 26097 121 25619 3684 11142 1409 11841 763
10033 26097 25619 6094 11142 3684 290 763 11841
10033 26097 25619 121 11142 6101 290 763 11841
11500 121 12145 3684 12722 613 1409 763 11142
9452 121 13054 3684 613 4572 290 11142 1409
9452 121 13054 3684 613 4572 763 11142 1409
9576 121 13175 3684 8430 10231 763 1409 290
9576 121 13175 3684 8430 10231 11142 1409 290
11614 13175 121 8430 763 6094 10231 1409 290
11614 13175 121 8430 11142 6094 10231 1409 290
8148 21684 14202 763 2841 21979 6849 290 1409
8148 21684 14202 763 2841 21979 6849 11142 1409
9456 121 14365 3684 8430 9022 1409 763 11142
9452 121 14479 3684 8430 2508 1409 763 290
5261 29944 1074 121 3948 1409 290 11142 14941
8868 29944 763 1074 3272 121 290 11142 14941
8868 29944 763 1074 3272 1409 3684 11142 14941
9452 3684 16391 121 13972 16129 1409 763 290
8868 16144 121 1198 613 11142 1409 290 16813
8927 16813 763 11705 4144 11142 121 16144 290
8927 16813 763 11705 4144 1409 121 16144 290
6814 10076 16144 763 121 290 16813 11142 11705
6814 10076 16144 763 121 290 16813 1409 11705
11614 16391 121 3684 763 1409 9617 297 290
11614 16391 121 3684 763 11142 9617 297 290
9452 121 16872 3684 2954 16447 1409 11142 763
11307 16937 121 3684 763 1409 11142 5679 1847
11307 16937 121 3684 763 290 11142 5679 1847
10128 18535 121 3684 6794 11142 290 3635 1409
10128 18535 121 3684 6794 11142 763 3635 1409
11548 10744 3684 121 763 1409 19442 2954 290
11548 10744 3684 121 763 1409 19442 2954 11142
9456 121 19555 3684 613 1190 290 1409 11142
9456 121 19555 3684 613 1190 763 1409 11142
11188 121 20550 3684 630 8430 1409 290 11142
11188 121 20550 3684 630 613 1409 290 11142
10129 21405 8103 1409 290 11142 763 11002 2841
10129 21405 8103 1409 290 121 763 11002 2841
8148 12120 2171 1409 290 16800 12660 3684 763
8148 12120 2171 1409 290 16800 12660 6094 763
8871 27865 121 14497 3684 290 1409 763 22064
7154 24231 22469 290 3684 11142 13650 763 22173
7154 24231 22469 1409 3684 11142 13650 763 22173
7154 24231 22469 290 6094 11142 13650 763 22173
7154 24231 22469 1409 6094 11142 13650 763 22173
3935 24231 22469 1409 3402 3684 11142 763 22173
3935 24231 22469 1409 3402 6094 11142 763 22173
9452 121 22173 3684 2554 22469 1409 763 11142
10015 23627 3684 2874 121 1409 763 23860 11142
8148 2874 24035 11142 6094 23976 8338 763 290
8148 2874 24035 11142 6094 23976 8338 1409 290
9125 24049 3684 2874 121 11142 1409 22095 290
8877 24049 3684 2874 121 11142 1409 763 22095
10128 24049 2874 6094 11142 1409 121 22095 290
10652 24143 13650 1409 2841 121 23981 763 11142
10652 24143 13650 290 2841 121 23981 763 11142
9452 121 24340 3684 613 20557 763 11142 1409
8999 10729 121 12120 3684 290 763 24340 1409
8999 10729 121 12120 3684 290 11142 24340 1409
7154 24586 12898 121 1409 763 6794 11142 15334
8935 19639 121 1568 3948 290 1409 24586 11142
8935 19639 121 1568 3948 763 1409 24586 11142
9456 121 27396 3684 6794 23408 1409 290 11142
11330 3195 121 3684 1409 6085 290 7168 763
11330 3195 121 3684 11142 6085 290 7168 763
10014 3195 121 4953 3684 1409 290 7168 763
11676 33746 121 6794 1409 290 3684 3032 11142
11676 33746 121 6794 763 290 3684 3032 11142
11307 3394 121 3684 763 1409 11142 22316 1450
11307 3394 121 3684 763 290 11142 22316 1450
8148 12120 32768 1409 290 34109 12968 3684 11142
8148 12120 32768 1409 290 34109 12968 6094 11142
3783 34715 32768 763 1847 11142 1409 27564 34109
3783 34715 32768 763 1847 290 1409 27564 34109
3783 34715 32768 763 4556 11142 1409 27564 34109
3783 34715 32768 763 4556 290 1409 27564 34109
11614 34436 121 3684 1409 11142 22971 297 290
11614 34436 121 3684 1409 6101 22971 763 290
11550 3478 3684 121 290 1409 10475 613 11142
11550 3478 3684 121 290 763 10475 613 11142
10634 3572 2874 11142 3684 1409 12489 121 763
10634 3572 2874 11142 3684 290 12489 121 763
11297 3615 121 3684 11142 1409 290 7361 2874
11297 3615 121 3684 11142 1409 763 7361 2874
3935 36972 34951 290 32332 6094 11142 1409 36887
3935 36972 34951 763 32332 6094 11142 1409 36887
3935 36972 34951 290 32332 297 11142 1409 36887
3935 36972 34951 763 32332 297 11142 1409 36887
11307 15749 11142 6950 121 1409 290 4544 3684
11307 15749 11142 6950 121 763 290 4544 3684
9456 121 6842 3684 8430 19368 1409 763 11142
11614 848 3684 121 1409 1149 7188 11142 763
11614 848 3684 121 290 1149 7188 11142 763
8148 13268 7247 763 290 5700 1228 4177 1409
8148 13268 7247 11142 290 5700 1228 4177 1409
8148 13268 7247 763 290 5700 1228 454 1409
8148 13268 7247 11142 290 5700 1228 454 1409
9576 121 7514 3684 2554 7515 290 1409 763
9576 121 7514 3684 2554 7515 11142 1409 763
9452 121 8341 3684 6794 24021 763 1409 11142
11614 936 3684 121 1409 290 14171 6101 763
11614 936 3684 121 1409 11142 14171 6101 763
9456 121 9588 3684 2954 7895 1409 290 763
11777 3684 9762 121 5753 763 613 290 1409
11777 3684 9762 121 5753 11142 613 290 1409
8148 4144 12690 763 290 10541 1992 11142 121
8148 4144 12690 763 290 10541 1992 1409 121
8871 11060 3684 2874 121 11142 290 1409 519
8871 11060 3684 2874 121 11142 763 1409 519
8935 1142 121 7378 613 1409 763 18410 290
8935 1142 121 7378 613 1409 11142 18410 290
9801 18410 12185 1409 290 763 4953 11142 1142
7118 18410 12185 121 1409 290 4953 763 1142
7156 18410 12185 121 1409 290 4953 11142 1142
9801 18410 12185 3684 290 763 4953 11142 1142
8935 11522 11142 1186 2874 290 763 11498 121
8935 11522 11142 1186 2874 1409 763 11498 121
8950 11522 11142 6013 2874 763 290 11498 121
8950 11522 11142 6013 2874 763 1409 11498 121
7154 30490 1400 121 290 11142 3948 1409 12083
7154 30490 1400 121 763 11142 3948 1409 12083
10121 12595 3684 121 2874 1409 290 3609 11142
10121 12595 3684 121 2874 1409 763 3609 11142
9292 121 12679 8430 9022 12676 1409 11142 763
8150 8103 19835 1409 290 13718 4807 121 763
8150 8103 19835 1409 290 13718 4807 6094 763
11307 14850 763 3272 3684 1409 11142 4140 121
11307 14850 763 3272 3684 290 11142 4140 121
8883 16082 2874 3684 11142 121 1409 763 4
8883 16082 2874 3684 11142 121 290 763 4
8150 7076 16287 763 6101 16132 18678 290 11142
8150 7076 16287 1409 6101 16132 18678 290 11142
6578 17054 6084 763 11142 290 5094 121 17016
6578 17054 6084 763 11142 1409 5094 121 17016
11614 17951 3684 121 1409 290 3077 9072 11142
11614 17951 3684 121 1409 763 3077 9072 11142
3935 22877 1184 290 9022 763 11142 8430 180
3935 22877 1184 1409 9022 763 11142 8430 180
9456 3684 18148 121 5690 4709 290 1409 11142
9456 3684 18148 121 5690 4709 763 1409 11142
3783 22023 20497 290 13650 763 121 21564 19637
3783 22023 20497 290 13650 11142 121 21564 19637
3783 22023 20497 763 4144 11142 121 21564 19637
3783 22023 20497 290 4144 11142 121 21564 19637
9452 121 19683 3684 6794 23758 763 290 1409
9700 121 19683 3684 6794 23758 290 1409 11142
9576 121 19683 3684 6794 23758 763 1409 11142
11614 19683 121 6794 763 6094 23758 1409 11142
8950 22639 763 6710 21684 290 11142 22748 18060
8950 22639 763 6710 21684 1409 11142 22748 18060
8868 24016 121 1715 6794 1409 290 11142 23982
7156 29271 24953 290 3684 11142 13650 763 25265
7156 29271 24953 1409 3684 11142 13650 763 25265
7156 29271 24953 290 6094 11142 13650 763 25265
7156 29271 24953 1409 6094 11142 13650 763 25265
7154 29271 24953 121 1409 11142 20302 763 25265
9576 121 25565 3684 6794 38434 1409 11142 290
9576 121 25565 3684 12705 38434 1409 11142 290
11564 25674 290 4144 1409 297 22479 763 121
11564 25674 290 4144 11142 297 22479 763 121
8950 25935 121 21907 613 1409 11142 25852 763
8998 919 3684 4144 121 763 1409 29291 290
11307 28090 3684 121 1409 290 763 29381 4961
11307 28090 3684 121 1409 11142 763 29381 4961
11614 35120 121 3684 1409 4177 21051 290 763
11614 35120 121 3684 11142 4177 21051 290 763
11614 35249 121 3684 290 763 7743 1409 1946
11614 35249 121 3684 11142 763 7743 1409 1946
11297 36090 1409 10206 3684 290 763 35482 121
11297 36090 1409 10206 3684 11142 763 35482 121
11297 36090 1409 10206 6794 290 763 35482 121
11297 36090 1409 10206 6794 11142 763 35482 121
8935 17426 121 6998 8430 1409 763 4373 11142
6016 15753 11259 121 1409 763 290 3402 5428
6016 15753 11259 121 1409 11142 290 3402 5428
7154 10827 8457 11142 121 763 2874 290 5601
7154 10827 8457 11142 2841 763 2874 290 5601
8148 4144 2878 290 6094 6322 3897 1409 11142
8148 4144 2878 763 6094 6322 3897 1409 11142
5297 3329 6388 763 1847 11142 121 290 6366
5297 3329 6388 763 1847 1409 121 290 6366
8868 7611 1409 4020 3402 763 3684 290 6588
8868 7611 1409 4020 3402 11142 3684 290 6588
7155 7611 4020 1409 763 6094 3402 290 6588
7155 7611 4020 1409 11142 6094 3402 290 6588
8868 7611 763 4020 2233 11142 3684 290 6588
8868 7611 763 4020 2233 1409 3684 290 6588
5261 7611 4020 763 353 11142 3684 290 6588
5261 7611 4020 763 353 1409 3684 290 6588
3936 7611 4020 763 353 11142 6094 290 6588
3936 7611 4020 763 353 1409 6094 290 6588
9456 121 9120 3684 8430 2036 763 290 1409
9456 121 9120 3684 8430 2036 11142 290 1409
9537 3684 4690 121 7460 9391 1409 763 11142
9937 9542 4213 11142 763 3684 121 9855 1409
9801 9542 4213 11142 763 3684 121 290 9855
10128 9542 4213 11142 763 6094 121 9855 1409
