/home/wangph1/plant/data/slurm_logs/blantindex/jl1morn/blantindex-jl1morn-human.log
/home/wangph1/plant/data/slurm_logs/blantindex/jl1morn/blantindex-jl1morn-mouse.log
/home/wangph1/plant/data/slurm_logs/blantindex/jl1morn/blantindex-jl1morn-rat.log
/home/wangph1/plant/data/slurm_logs/blantindex/jl1morn/blantindex-jl1morn-college_s5.log
/home/wangph1/plant/data/slurm_logs/blantindex/jl1morn/blantindex-jl1morn-college_s3.log
/home/wangph1/plant/data/slurm_logs/blantindex/jl1morn/blantindex-jl1morn-email_s3.log
/home/wangph1/plant/data/slurm_logs/blantindex/jl1morn/blantindex-jl1morn-email_s5.log
/home/wangph1/plant/data/slurm_logs/blantindex/jl1morn/blantindex-jl1morn-email_s0.log
/home/wangph1/plant/data/slurm_logs/blantindex/jl1morn/blantindex-jl1morn-email_s1.log
/home/wangph1/plant/data/slurm_logs/blantindex/jl1morn/blantindex-jl1morn-college_s0.log
/home/wangph1/plant/data/slurm_logs/blantindex/jl1morn/blantindex-jl1morn-alpha_s3.log
/home/wangph1/plant/data/slurm_logs/blantindex/jl1morn/blantindex-jl1morn-alpha_s0.log
/home/wangph1/plant/data/slurm_logs/blantindex/jl1morn/blantindex-jl1morn-alpha_s5.log
/home/wangph1/plant/data/slurm_logs/blantindex/jl1morn/blantindex-jl1morn-wiki_s0.log
/home/wangph1/plant/data/slurm_logs/blantindex/jl1morn/blantindex-jl1morn-math_s5.log
/home/wangph1/plant/data/slurm_logs/blantindex/jl1morn/blantindex-jl1morn-wiki_s3.log
/home/wangph1/plant/data/slurm_logs/blantindex/jl1morn/blantindex-jl1morn-wiki_s5.log
/home/wangph1/plant/data/slurm_logs/blantindex/jl1morn/blantindex-jl1morn-math_s3.log
/home/wangph1/plant/data/slurm_logs/blantindex/jl1morn/blantindex-jl1morn-math_s0.log
/home/wangph1/plant/data/slurm_logs/blantindex/jl1morn/blantindex-jl1morn-sheep.log
/home/wangph1/plant/data/slurm_logs/blantindex/jl1morn/blantindex-jl1morn-horse.log
/home/wangph1/plant/data/slurm_logs/blantindex/jl1morn/blantindex-jl1morn-dog.log
/home/wangph1/plant/data/slurm_logs/blantindex/jl1morn/blantindex-jl1morn-cat.log
/home/wangph1/plant/data/slurm_logs/blantindex/jl1morn/blantindex-jl1morn-pig.log
/home/wangph1/plant/data/slurm_logs/blantindex/jl1morn/blantindex-jl1morn-guineapig.log
/home/wangph1/plant/data/slurm_logs/blantindex/jl1morn/blantindex-jl1morn-cow.log
/home/wangph1/plant/data/slurm_logs/blantindex/jl1morn/blantindex-jl1morn-rabbit.log
